[1;34m[pthread wrapper] 
[0m[1;34m[pthread wrapper] MAIN -> 0
[0m[1;34m[pthread wrapper] PIN_MASK: [0m[1;34m0->1  [0m[1;34m1->2  [0m[1;34m2->3  [0m[1;34m3->4  [0m[1;34m4->5  [0m[1;34m5->6  [0m[1;34m6->7  [0m[1;34m7->8  [0m[1;34m8->9  [0m[1;34m9->10  [0m[1;34m10->11  [0m[1;34m11->12  [0m[1;34m12->13  [0m[1;34m13->14  [0m[1;34m14->15  [0m[1;34m
[pthread wrapper] SKIP MASK: 0x0
[0m[1;34m	threadid 140068920764160 -> core 1 - OK[0m[1;34m
[0m[1;34m	threadid 140068912371456 -> core 2 - OK[0m[1;34m
[0m[1;34m	threadid 140068903978752 -> core 3 - OK[0m[1;34m
[0m[1;34m	threadid 140068895586048 -> core 4 - OK[0m[1;34m
[0m[1;34m	threadid 140068887193344 -> core 5 - OK[0m[1;34m
[0m[1;34m	threadid 140068878800640 -> core 6 - OK[0m[1;34m
[0m[1;34m	threadid 140068870407936 -> core 7 - OK[0m[1;34m
[0m[1;34m	threadid 140068862015232 -> core 8 - OK[0m[1;34m
[0m[1;34m	threadid 140068853622528 -> core 9 - OK[0m[1;34m
[0m[1;34m	threadid 140068845229824 -> core 10 - OK[0m[1;34m
[0m[1;34m	threadid 140068836837120 -> core 11 - OK[0m[1;34m
[0m[1;34m	threadid 140068828444416 -> core 12 - OK[0m[1;34m
[0m[1;34m	threadid 140068820051712 -> core 13 - OK[0m[1;34m
[0m[1;34m	threadid 140068811659008 -> core 14 - OK[0m[1;34m
[0m[1;34m	threadid 140068803266304 -> core 15 - OK[0m[1;34m
[0miterations: 200
Total iterations: 1797600800 LUP
FLOP: 11
Total work: 19773608800 FLOP
performance: 2.566934 GLUP/s
Performance in GFLOP/s: 28.236278
size: 9000000
time: 0.700291
[1;34m[pthread wrapper] 
[0m[1;34m[pthread wrapper] MAIN -> 0
[0m[1;34m[pthread wrapper] PIN_MASK: [0m[1;34m0->1  [0m[1;34m1->2  [0m[1;34m2->3  [0m[1;34m3->4  [0m[1;34m4->5  [0m[1;34m5->6  [0m[1;34m6->7  [0m[1;34m7->8  [0m[1;34m8->9  [0m[1;34m9->10  [0m[1;34m10->11  [0m[1;34m11->12  [0m[1;34m12->13  [0m[1;34m13->14  [0m[1;34m14->15  [0m[1;34m
[pthread wrapper] SKIP MASK: 0x0
[0m[1;34m	threadid 140620912092928 -> core 1 - OK[0m[1;34m
[0m[1;34m	threadid 140620903700224 -> core 2 - OK[0m[1;34m
[0m[1;34m	threadid 140620895307520 -> core 3 - OK[0m[1;34m
[0m[1;34m	threadid 140620886914816 -> core 4 - OK[0m[1;34m
[0m[1;34m	threadid 140620878522112 -> core 5 - OK[0m[1;34m
[0m[1;34m	threadid 140620870129408 -> core 6 - OK[0m[1;34m
[0m[1;34m	threadid 140620861736704 -> core 7 - OK[0m[1;34m
[0m[1;34m	threadid 140620853344000 -> core 8 - OK[0m[1;34m
[0m[1;34m	threadid 140620844951296 -> core 9 - OK[0m[1;34m
[0m[1;34m	threadid 140620836558592 -> core 10 - OK[0m[1;34m
[0m[1;34m	threadid 140620828165888 -> core 11 - OK[0m[1;34m
[0m[1;34m	threadid 140620819773184 -> core 12 - OK[0m[1;34m
[0m[1;34m	threadid 140620811380480 -> core 13 - OK[0m[1;34m
[0m[1;34m	threadid 140620802987776 -> core 14 - OK[0m[1;34m
[0m[1;34m	threadid 140620794595072 -> core 15 - OK[0m[1;34m
[0miterations: 200
Total iterations: 1797600800 LUP
FLOP: 11
Total work: 19773608800 FLOP
performance: 2.576455 GLUP/s
Performance in GFLOP/s: 28.341007
size: 9000000
time: 0.697703
[1;34m[pthread wrapper] 
[0m[1;34m[pthread wrapper] MAIN -> 0
[0m[1;34m[pthread wrapper] PIN_MASK: [0m[1;34m0->1  [0m[1;34m1->2  [0m[1;34m2->3  [0m[1;34m3->4  [0m[1;34m4->5  [0m[1;34m5->6  [0m[1;34m6->7  [0m[1;34m7->8  [0m[1;34m8->9  [0m[1;34m9->10  [0m[1;34m10->11  [0m[1;34m11->12  [0m[1;34m12->13  [0m[1;34m13->14  [0m[1;34m14->15  [0m[1;34m
[pthread wrapper] SKIP MASK: 0x0
[0m[1;34m	threadid 139987275585280 -> core 1 - OK[0m[1;34m
[0m[1;34m	threadid 139987267192576 -> core 2 - OK[0m[1;34m
[0m[1;34m	threadid 139987258799872 -> core 3 - OK[0m[1;34m
[0m[1;34m	threadid 139987250407168 -> core 4 - OK[0m[1;34m
[0m[1;34m	threadid 139987242014464 -> core 5 - OK[0m[1;34m
[0m[1;34m	threadid 139987233621760 -> core 6 - OK[0m[1;34m
[0m[1;34m	threadid 139987225229056 -> core 7 - OK[0m[1;34m
[0m[1;34m	threadid 139987216836352 -> core 8 - OK[0m[1;34m
[0m[1;34m	threadid 139987208443648 -> core 9 - OK[0m[1;34m
[0m[1;34m	threadid 139987200050944 -> core 10 - OK[0m[1;34m
[0m[1;34m	threadid 139987191658240 -> core 11 - OK[0m[1;34m
[0m[1;34m	threadid 139987183265536 -> core 12 - OK[0m[1;34m
[0m[1;34m	threadid 139987174872832 -> core 13 - OK[0m[1;34m
[0m[1;34m	threadid 139987166480128 -> core 14 - OK[0m[1;34m
[0m[1;34m	threadid 139987158087424 -> core 15 - OK[0m[1;34m
[0miterations: 200
Total iterations: 1797600800 LUP
FLOP: 11
Total work: 19773608800 FLOP
performance: 2.593499 GLUP/s
Performance in GFLOP/s: 28.528494
size: 9000000
time: 0.693118
[1;34m[pthread wrapper] 
[0m[1;34m[pthread wrapper] MAIN -> 0
[0m[1;34m[pthread wrapper] PIN_MASK: [0m[1;34m0->1  [0m[1;34m1->2  [0m[1;34m2->3  [0m[1;34m3->4  [0m[1;34m4->5  [0m[1;34m5->6  [0m[1;34m6->7  [0m[1;34m7->8  [0m[1;34m8->9  [0m[1;34m9->10  [0m[1;34m10->11  [0m[1;34m11->12  [0m[1;34m12->13  [0m[1;34m13->14  [0m[1;34m14->15  [0m[1;34m
[pthread wrapper] SKIP MASK: 0x0
[0m[1;34m	threadid 139745434666752 -> core 1 - OK[0m[1;34m
[0m[1;34m	threadid 139745426274048 -> core 2 - OK[0m[1;34m
[0m[1;34m	threadid 139745417881344 -> core 3 - OK[0m[1;34m
[0m[1;34m	threadid 139745409488640 -> core 4 - OK[0m[1;34m
[0m[1;34m	threadid 139745401095936 -> core 5 - OK[0m[1;34m
[0m[1;34m	threadid 139745392703232 -> core 6 - OK[0m[1;34m
[0m[1;34m	threadid 139745384310528 -> core 7 - OK[0m[1;34m
[0m[1;34m	threadid 139745375917824 -> core 8 - OK[0m[1;34m
[0m[1;34m	threadid 139745367525120 -> core 9 - OK[0m[1;34m
[0m[1;34m	threadid 139745359132416 -> core 10 - OK[0m[1;34m
[0m[1;34m	threadid 139745350739712 -> core 11 - OK[0m[1;34m
[0m[1;34m	threadid 139745342347008 -> core 12 - OK[0m[1;34m
[0m[1;34m	threadid 139745333954304 -> core 13 - OK[0m[1;34m
[0m[1;34m	threadid 139745325561600 -> core 14 - OK[0m[1;34m
[0m[1;34m	threadid 139745317168896 -> core 15 - OK[0m[1;34m
[0miterations: 200
Total iterations: 1797600800 LUP
FLOP: 11
Total work: 19773608800 FLOP
performance: 2.448046 GLUP/s
Performance in GFLOP/s: 26.928510
size: 9000000
time: 0.734300
[1;34m[pthread wrapper] 
[0m[1;34m[pthread wrapper] MAIN -> 0
[0m[1;34m[pthread wrapper] PIN_MASK: [0m[1;34m0->1  [0m[1;34m1->2  [0m[1;34m2->3  [0m[1;34m3->4  [0m[1;34m4->5  [0m[1;34m5->6  [0m[1;34m6->7  [0m[1;34m7->8  [0m[1;34m8->9  [0m[1;34m9->10  [0m[1;34m10->11  [0m[1;34m11->12  [0m[1;34m12->13  [0m[1;34m13->14  [0m[1;34m14->15  [0m[1;34m
[pthread wrapper] SKIP MASK: 0x0
[0m[1;34m	threadid 140427201226496 -> core 1 - OK[0m[1;34m
[0m[1;34m	threadid 140427192833792 -> core 2 - OK[0m[1;34m
[0m[1;34m	threadid 140427184441088 -> core 3 - OK[0m[1;34m
[0m[1;34m	threadid 140427176048384 -> core 4 - OK[0m[1;34m
[0m[1;34m	threadid 140427167655680 -> core 5 - OK[0m[1;34m
[0m[1;34m	threadid 140427159262976 -> core 6 - OK[0m[1;34m
[0m[1;34m	threadid 140427150870272 -> core 7 - OK[0m[1;34m
[0m[1;34m	threadid 140427142477568 -> core 8 - OK[0m[1;34m
[0m[1;34m	threadid 140427134084864 -> core 9 - OK[0m[1;34m
[0m[1;34m	threadid 140427125692160 -> core 10 - OK[0m[1;34m
[0m[1;34m	threadid 140427117299456 -> core 11 - OK[0m[1;34m
[0m[1;34m	threadid 140427108906752 -> core 12 - OK[0m[1;34m
[0m[1;34m	threadid 140427100514048 -> core 13 - OK[0m[1;34m
[0m[1;34m	threadid 140427092121344 -> core 14 - OK[0m[1;34m
[0m[1;34m	threadid 140427083728640 -> core 15 - OK[0m[1;34m
[0miterations: 200
Total iterations: 1797600800 LUP
FLOP: 11
Total work: 19773608800 FLOP
performance: 2.596766 GLUP/s
Performance in GFLOP/s: 28.564426
size: 9000000
time: 0.692246
[1;34m[pthread wrapper] 
[0m[1;34m[pthread wrapper] MAIN -> 0
[0m[1;34m[pthread wrapper] PIN_MASK: [0m[1;34m0->1  [0m[1;34m1->2  [0m[1;34m2->3  [0m[1;34m3->4  [0m[1;34m4->5  [0m[1;34m5->6  [0m[1;34m6->7  [0m[1;34m7->8  [0m[1;34m8->9  [0m[1;34m9->10  [0m[1;34m10->11  [0m[1;34m11->12  [0m[1;34m12->13  [0m[1;34m13->14  [0m[1;34m14->15  [0m[1;34m
[pthread wrapper] SKIP MASK: 0x0
[0m[1;34m	threadid 140011138520832 -> core 1 - OK[0m[1;34m
[0m[1;34m	threadid 140011130128128 -> core 2 - OK[0m[1;34m
[0m[1;34m	threadid 140011121735424 -> core 3 - OK[0m[1;34m
[0m[1;34m	threadid 140011113342720 -> core 4 - OK[0m[1;34m
[0m[1;34m	threadid 140011104950016 -> core 5 - OK[0m[1;34m
[0m[1;34m	threadid 140011096557312 -> core 6 - OK[0m[1;34m
[0m[1;34m	threadid 140011088164608 -> core 7 - OK[0m[1;34m
[0m[1;34m	threadid 140011079771904 -> core 8 - OK[0m[1;34m
[0m[1;34m	threadid 140011071379200 -> core 9 - OK[0m[1;34m
[0m[1;34m	threadid 140011062986496 -> core 10 - OK[0m[1;34m
[0m[1;34m	threadid 140011054593792 -> core 11 - OK[0m[1;34m
[0m[1;34m	threadid 140011046201088 -> core 12 - OK[0m[1;34m
[0m[1;34m	threadid 140011037808384 -> core 13 - OK[0m[1;34m
[0m[1;34m	threadid 140011029415680 -> core 14 - OK[0m[1;34m
[0m[1;34m	threadid 140011021022976 -> core 15 - OK[0m[1;34m
[0miterations: 200
Total iterations: 1797600800 LUP
FLOP: 11
Total work: 19773608800 FLOP
performance: 2.573247 GLUP/s
Performance in GFLOP/s: 28.305721
size: 9000000
time: 0.698573
[1;34m[pthread wrapper] 
[0m[1;34m[pthread wrapper] MAIN -> 0
[0m[1;34m[pthread wrapper] PIN_MASK: [0m[1;34m0->1  [0m[1;34m1->2  [0m[1;34m2->3  [0m[1;34m3->4  [0m[1;34m4->5  [0m[1;34m5->6  [0m[1;34m6->7  [0m[1;34m7->8  [0m[1;34m8->9  [0m[1;34m9->10  [0m[1;34m10->11  [0m[1;34m11->12  [0m[1;34m12->13  [0m[1;34m13->14  [0m[1;34m14->15  [0m[1;34m
[pthread wrapper] SKIP MASK: 0x0
[0m[1;34m	threadid 139915898783488 -> core 1 - OK[0m[1;34m
[0m[1;34m	threadid 139915890390784 -> core 2 - OK[0m[1;34m
[0m[1;34m	threadid 139915881998080 -> core 3 - OK[0m[1;34m
[0m[1;34m	threadid 139915873605376 -> core 4 - OK[0m[1;34m
[0m[1;34m	threadid 139915865212672 -> core 5 - OK[0m[1;34m
[0m[1;34m	threadid 139915856819968 -> core 6 - OK[0m[1;34m
[0m[1;34m	threadid 139915848427264 -> core 7 - OK[0m[1;34m
[0m[1;34m	threadid 139915840034560 -> core 8 - OK[0m[1;34m
[0m[1;34m	threadid 139915831641856 -> core 9 - OK[0m[1;34m
[0m[1;34m	threadid 139915823249152 -> core 10 - OK[0m[1;34m
[0m[1;34m	threadid 139915814856448 -> core 11 - OK[0m[1;34m
[0m[1;34m	threadid 139915806463744 -> core 12 - OK[0m[1;34m
[0m[1;34m	threadid 139915798071040 -> core 13 - OK[0m[1;34m
[0m[1;34m	threadid 139915789678336 -> core 14 - OK[0m[1;34m
[0m[1;34m	threadid 139915781285632 -> core 15 - OK[0m[1;34m
[0miterations: 200
Total iterations: 1797600800 LUP
FLOP: 11
Total work: 19773608800 FLOP
performance: 2.468012 GLUP/s
Performance in GFLOP/s: 27.148128
size: 9000000
time: 0.728360
[1;34m[pthread wrapper] 
[0m[1;34m[pthread wrapper] MAIN -> 0
[0m[1;34m[pthread wrapper] PIN_MASK: [0m[1;34m0->1  [0m[1;34m1->2  [0m[1;34m2->3  [0m[1;34m3->4  [0m[1;34m4->5  [0m[1;34m5->6  [0m[1;34m6->7  [0m[1;34m7->8  [0m[1;34m8->9  [0m[1;34m9->10  [0m[1;34m10->11  [0m[1;34m11->12  [0m[1;34m12->13  [0m[1;34m13->14  [0m[1;34m14->15  [0m[1;34m
[pthread wrapper] SKIP MASK: 0x0
[0m[1;34m	threadid 140415443269376 -> core 1 - OK[0m[1;34m
[0m[1;34m	threadid 140415434876672 -> core 2 - OK[0m[1;34m
[0m[1;34m	threadid 140415426483968 -> core 3 - OK[0m[1;34m
[0m[1;34m	threadid 140415418091264 -> core 4 - OK[0m[1;34m
[0m[1;34m	threadid 140415409698560 -> core 5 - OK[0m[1;34m
[0m[1;34m	threadid 140415401305856 -> core 6 - OK[0m[1;34m
[0m[1;34m	threadid 140415392913152 -> core 7 - OK[0m[1;34m
[0m[1;34m	threadid 140415384520448 -> core 8 - OK[0m[1;34m
[0m[1;34m	threadid 140415376127744 -> core 9 - OK[0m[1;34m
[0m[1;34m	threadid 140415367735040 -> core 10 - OK[0m[1;34m
[0m[1;34m	threadid 140415359342336 -> core 11 - OK[0m[1;34m
[0m[1;34m	threadid 140415350949632 -> core 12 - OK[0m[1;34m
[0m[1;34m	threadid 140415342556928 -> core 13 - OK[0m[1;34m
[0m[1;34m	threadid 140415334164224 -> core 14 - OK[0m[1;34m
[0m[1;34m	threadid 140415325771520 -> core 15 - OK[0m[1;34m
[0miterations: 200
Total iterations: 1797600800 LUP
FLOP: 11
Total work: 19773608800 FLOP
performance: 2.593263 GLUP/s
Performance in GFLOP/s: 28.525894
size: 9000000
time: 0.693181
[1;34m[pthread wrapper] 
[0m[1;34m[pthread wrapper] MAIN -> 0
[0m[1;34m[pthread wrapper] PIN_MASK: [0m[1;34m0->1  [0m[1;34m1->2  [0m[1;34m2->3  [0m[1;34m3->4  [0m[1;34m4->5  [0m[1;34m5->6  [0m[1;34m6->7  [0m[1;34m7->8  [0m[1;34m8->9  [0m[1;34m9->10  [0m[1;34m10->11  [0m[1;34m11->12  [0m[1;34m12->13  [0m[1;34m13->14  [0m[1;34m14->15  [0m[1;34m
[pthread wrapper] SKIP MASK: 0x0
[0m[1;34m	threadid 140480392779520 -> core 1 - OK[0m[1;34m
[0m[1;34m	threadid 140480384386816 -> core 2 - OK[0m[1;34m
[0m[1;34m	threadid 140480375994112 -> core 3 - OK[0m[1;34m
[0m[1;34m	threadid 140480367601408 -> core 4 - OK[0m[1;34m
[0m[1;34m	threadid 140480359208704 -> core 5 - OK[0m[1;34m
[0m[1;34m	threadid 140480350816000 -> core 6 - OK[0m[1;34m
[0m[1;34m	threadid 140480342423296 -> core 7 - OK[0m[1;34m
[0m[1;34m	threadid 140480334030592 -> core 8 - OK[0m[1;34m
[0m[1;34m	threadid 140480325637888 -> core 9 - OK[0m[1;34m
[0m[1;34m	threadid 140480317245184 -> core 10 - OK[0m[1;34m
[0m[1;34m	threadid 140480308852480 -> core 11 - OK[0m[1;34m
[0m[1;34m	threadid 140480300459776 -> core 12 - OK[0m[1;34m
[0m[1;34m	threadid 140480292067072 -> core 13 - OK[0m[1;34m
[0m[1;34m	threadid 140480283674368 -> core 14 - OK[0m[1;34m
[0m[1;34m	threadid 140480275281664 -> core 15 - OK[0m[1;34m
[0miterations: 200
Total iterations: 1797600800 LUP
FLOP: 11
Total work: 19773608800 FLOP
performance: 2.579457 GLUP/s
Performance in GFLOP/s: 28.374031
size: 9000000
time: 0.696891
[1;34m[pthread wrapper] 
[0m[1;34m[pthread wrapper] MAIN -> 0
[0m[1;34m[pthread wrapper] PIN_MASK: [0m[1;34m0->1  [0m[1;34m1->2  [0m[1;34m2->3  [0m[1;34m3->4  [0m[1;34m4->5  [0m[1;34m5->6  [0m[1;34m6->7  [0m[1;34m7->8  [0m[1;34m8->9  [0m[1;34m9->10  [0m[1;34m10->11  [0m[1;34m11->12  [0m[1;34m12->13  [0m[1;34m13->14  [0m[1;34m14->15  [0m[1;34m
[pthread wrapper] SKIP MASK: 0x0
[0m[1;34m	threadid 139775419655936 -> core 1 - OK[0m[1;34m
[0m[1;34m	threadid 139775411263232 -> core 2 - OK[0m[1;34m
[0m[1;34m	threadid 139775402870528 -> core 3 - OK[0m[1;34m
[0m[1;34m	threadid 139775394477824 -> core 4 - OK[0m[1;34m
[0m[1;34m	threadid 139775386085120 -> core 5 - OK[0m[1;34m
[0m[1;34m	threadid 139775377692416 -> core 6 - OK[0m[1;34m
[0m[1;34m	threadid 139775369299712 -> core 7 - OK[0m[1;34m
[0m[1;34m	threadid 139775360907008 -> core 8 - OK[0m[1;34m
[0m[1;34m	threadid 139775352514304 -> core 9 - OK[0m[1;34m
[0m[1;34m	threadid 139775344121600 -> core 10 - OK[0m[1;34m
[0m[1;34m	threadid 139775335728896 -> core 11 - OK[0m[1;34m
[0m[1;34m	threadid 139775327336192 -> core 12 - OK[0m[1;34m
[0m[1;34m	threadid 139775318943488 -> core 13 - OK[0m[1;34m
[0m[1;34m	threadid 139775310550784 -> core 14 - OK[0m[1;34m
[0m[1;34m	threadid 139775302158080 -> core 15 - OK[0m[1;34m
[0miterations: 200
Total iterations: 1797600800 LUP
FLOP: 11
Total work: 19773608800 FLOP
performance: 2.396727 GLUP/s
Performance in GFLOP/s: 26.363999
size: 9000000
time: 0.750023
