iterations: 200
Total iterations: 49600800 LUP
FLOP: 11
Total work: 545608800 FLOP
performance: 0.216161 GLUP/s
Performance in GFLOP/s: 2.377773
size: 250000
time: 0.229462
[1;34m[likwid-pin] Main PID -> core 0 - OK[0m
iterations: 200
Total iterations: 49600800 LUP
FLOP: 11
Total work: 545608800 FLOP
performance: 0.217972 GLUP/s
Performance in GFLOP/s: 2.397690
size: 250000
time: 0.227556
[1;34m[likwid-pin] Main PID -> core 0 - OK[0m
iterations: 200
Total iterations: 49600800 LUP
FLOP: 11
Total work: 545608800 FLOP
performance: 0.217738 GLUP/s
Performance in GFLOP/s: 2.395121
size: 250000
time: 0.227800
[1;34m[likwid-pin] Main PID -> core 0 - OK[0m
iterations: 200
Total iterations: 49600800 LUP
FLOP: 11
Total work: 545608800 FLOP
performance: 0.217441 GLUP/s
Performance in GFLOP/s: 2.391856
size: 250000
time: 0.228111
[1;34m[likwid-pin] Main PID -> core 0 - OK[0m
iterations: 200
Total iterations: 49600800 LUP
FLOP: 11
Total work: 545608800 FLOP
performance: 0.212411 GLUP/s
Performance in GFLOP/s: 2.336526
size: 250000
time: 0.233513
[1;34m[likwid-pin] Main PID -> core 0 - OK[0m
iterations: 200
Total iterations: 49600800 LUP
FLOP: 11
Total work: 545608800 FLOP
performance: 0.217857 GLUP/s
Performance in GFLOP/s: 2.396425
size: 250000
time: 0.227676
[1;34m[likwid-pin] Main PID -> core 0 - OK[0m
iterations: 200
Total iterations: 49600800 LUP
FLOP: 11
Total work: 545608800 FLOP
performance: 0.217503 GLUP/s
Performance in GFLOP/s: 2.392529
size: 250000
time: 0.228047
[1;34m[likwid-pin] Main PID -> core 0 - OK[0m
iterations: 200
Total iterations: 49600800 LUP
FLOP: 11
Total work: 545608800 FLOP
performance: 0.217401 GLUP/s
Performance in GFLOP/s: 2.391406
size: 250000
time: 0.228154
[1;34m[likwid-pin] Main PID -> core 0 - OK[0m
iterations: 200
Total iterations: 49600800 LUP
FLOP: 11
Total work: 545608800 FLOP
performance: 0.217586 GLUP/s
Performance in GFLOP/s: 2.393442
size: 250000
time: 0.227960
[1;34m[likwid-pin] Main PID -> core 0 - OK[0m
iterations: 200
Total iterations: 49600800 LUP
FLOP: 11
Total work: 545608800 FLOP
performance: 0.217517 GLUP/s
Performance in GFLOP/s: 2.392687
size: 250000
time: 0.228032
[1;34m[likwid-pin] Main PID -> core 0 - OK[0m
