iterations: 200
Total iterations: 1797600800 LUP
FLOP: 11
Total work: 19773608800 FLOP
performance: 0.173596 GLUP/s
Performance in GFLOP/s: 1.909557
size: 9000000
time: 10.355076
[1;34m[likwid-pin] Main PID -> core 0 - OK[0m
iterations: 200
Total iterations: 1797600800 LUP
FLOP: 11
Total work: 19773608800 FLOP
performance: 0.173335 GLUP/s
Performance in GFLOP/s: 1.906683
size: 9000000
time: 10.370685
[1;34m[likwid-pin] Main PID -> core 0 - OK[0m
iterations: 200
Total iterations: 1797600800 LUP
FLOP: 11
Total work: 19773608800 FLOP
performance: 0.173483 GLUP/s
Performance in GFLOP/s: 1.908313
size: 9000000
time: 10.361826
[1;34m[likwid-pin] Main PID -> core 0 - OK[0m
iterations: 200
Total iterations: 1797600800 LUP
FLOP: 11
Total work: 19773608800 FLOP
performance: 0.173756 GLUP/s
Performance in GFLOP/s: 1.911317
size: 9000000
time: 10.345541
[1;34m[likwid-pin] Main PID -> core 0 - OK[0m
iterations: 200
Total iterations: 1797600800 LUP
FLOP: 11
Total work: 19773608800 FLOP
performance: 0.174064 GLUP/s
Performance in GFLOP/s: 1.914708
size: 9000000
time: 10.327220
[1;34m[likwid-pin] Main PID -> core 0 - OK[0m
iterations: 200
Total iterations: 1797600800 LUP
FLOP: 11
Total work: 19773608800 FLOP
performance: 0.173456 GLUP/s
Performance in GFLOP/s: 1.908016
size: 9000000
time: 10.363438
[1;34m[likwid-pin] Main PID -> core 0 - OK[0m
iterations: 200
Total iterations: 1797600800 LUP
FLOP: 11
Total work: 19773608800 FLOP
performance: 0.173258 GLUP/s
Performance in GFLOP/s: 1.905837
size: 9000000
time: 10.375291
[1;34m[likwid-pin] Main PID -> core 0 - OK[0m
iterations: 200
Total iterations: 1797600800 LUP
FLOP: 11
Total work: 19773608800 FLOP
performance: 0.173452 GLUP/s
Performance in GFLOP/s: 1.907973
size: 9000000
time: 10.363674
[1;34m[likwid-pin] Main PID -> core 0 - OK[0m
iterations: 200
Total iterations: 1797600800 LUP
FLOP: 11
Total work: 19773608800 FLOP
performance: 0.173736 GLUP/s
Performance in GFLOP/s: 1.911092
size: 9000000
time: 10.346759
[1;34m[likwid-pin] Main PID -> core 0 - OK[0m
iterations: 200
Total iterations: 1797600800 LUP
FLOP: 11
Total work: 19773608800 FLOP
performance: 0.174252 GLUP/s
Performance in GFLOP/s: 1.916775
size: 9000000
time: 10.316084
[1;34m[likwid-pin] Main PID -> core 0 - OK[0m
