iterations: 200
Total iterations: 49600800 LUP
FLOP: 11
Total work: 545608800 FLOP
performance: 3.266409 GLUP/s
Performance in GFLOP/s: 35.930495
size: 250000
time: 0.015185
iterations: 200
Total iterations: 49600800 LUP
FLOP: 11
Total work: 545608800 FLOP
performance: 3.278764 GLUP/s
Performance in GFLOP/s: 36.066400
size: 250000
time: 0.015128
iterations: 200
Total iterations: 49600800 LUP
FLOP: 11
Total work: 545608800 FLOP
performance: 3.281764 GLUP/s
Performance in GFLOP/s: 36.099399
size: 250000
time: 0.015114
iterations: 200
Total iterations: 49600800 LUP
FLOP: 11
Total work: 545608800 FLOP
performance: 3.254859 GLUP/s
Performance in GFLOP/s: 35.803451
size: 250000
time: 0.015239
iterations: 200
Total iterations: 49600800 LUP
FLOP: 11
Total work: 545608800 FLOP
performance: 3.263642 GLUP/s
Performance in GFLOP/s: 35.900058
size: 250000
time: 0.015198
iterations: 200
Total iterations: 49600800 LUP
FLOP: 11
Total work: 545608800 FLOP
performance: 3.273141 GLUP/s
Performance in GFLOP/s: 36.004550
size: 250000
time: 0.015154
iterations: 200
Total iterations: 49600800 LUP
FLOP: 11
Total work: 545608800 FLOP
performance: 3.277885 GLUP/s
Performance in GFLOP/s: 36.056740
size: 250000
time: 0.015132
iterations: 200
Total iterations: 49600800 LUP
FLOP: 11
Total work: 545608800 FLOP
performance: 3.281971 GLUP/s
Performance in GFLOP/s: 36.101677
size: 250000
time: 0.015113
iterations: 200
Total iterations: 49600800 LUP
FLOP: 11
Total work: 545608800 FLOP
performance: 3.274635 GLUP/s
Performance in GFLOP/s: 36.020985
size: 250000
time: 0.015147
iterations: 200
Total iterations: 49600800 LUP
FLOP: 11
Total work: 545608800 FLOP
performance: 3.267486 GLUP/s
Performance in GFLOP/s: 35.942346
size: 250000
time: 0.015180
