iterations: 200
Total iterations: 1797600800 LUP
FLOP: 11
Total work: 19773608800 FLOP
performance: 1.322087 GLUP/s
Performance in GFLOP/s: 14.542958
size: 9000000
time: 1.359669
iterations: 200
Total iterations: 1797600800 LUP
FLOP: 11
Total work: 19773608800 FLOP
performance: 1.339751 GLUP/s
Performance in GFLOP/s: 14.737266
size: 9000000
time: 1.341742
iterations: 200
Total iterations: 1797600800 LUP
FLOP: 11
Total work: 19773608800 FLOP
performance: 1.347556 GLUP/s
Performance in GFLOP/s: 14.823117
size: 9000000
time: 1.333971
iterations: 200
Total iterations: 1797600800 LUP
FLOP: 11
Total work: 19773608800 FLOP
performance: 1.339795 GLUP/s
Performance in GFLOP/s: 14.737740
size: 9000000
time: 1.341699
iterations: 200
Total iterations: 1797600800 LUP
FLOP: 11
Total work: 19773608800 FLOP
performance: 1.341488 GLUP/s
Performance in GFLOP/s: 14.756368
size: 9000000
time: 1.340005
iterations: 200
Total iterations: 1797600800 LUP
FLOP: 11
Total work: 19773608800 FLOP
performance: 1.346158 GLUP/s
Performance in GFLOP/s: 14.807733
size: 9000000
time: 1.335357
iterations: 200
Total iterations: 1797600800 LUP
FLOP: 11
Total work: 19773608800 FLOP
performance: 1.336667 GLUP/s
Performance in GFLOP/s: 14.703337
size: 9000000
time: 1.344838
iterations: 200
Total iterations: 1797600800 LUP
FLOP: 11
Total work: 19773608800 FLOP
performance: 1.345548 GLUP/s
Performance in GFLOP/s: 14.801026
size: 9000000
time: 1.335962
iterations: 200
Total iterations: 1797600800 LUP
FLOP: 11
Total work: 19773608800 FLOP
performance: 1.346676 GLUP/s
Performance in GFLOP/s: 14.813435
size: 9000000
time: 1.334843
iterations: 200
Total iterations: 1797600800 LUP
FLOP: 11
Total work: 19773608800 FLOP
performance: 1.339078 GLUP/s
Performance in GFLOP/s: 14.729856
size: 9000000
time: 1.342417
