iterations: 100
Total iterations: 898800400 LUP
FLOP: 11
Total work: 9886804400 FLOP
performance: 0.497251 GLUP/s
Performance in GFLOP/s: 5.469766
size: 9000000
time: 1.807537
iterations: 100
Total iterations: 898800400 LUP
FLOP: 11
Total work: 9886804400 FLOP
performance: 0.497725 GLUP/s
Performance in GFLOP/s: 5.474976
size: 9000000
time: 1.805817
iterations: 100
Total iterations: 898800400 LUP
FLOP: 11
Total work: 9886804400 FLOP
performance: 0.494912 GLUP/s
Performance in GFLOP/s: 5.444033
size: 9000000
time: 1.816081
iterations: 100
Total iterations: 898800400 LUP
FLOP: 11
Total work: 9886804400 FLOP
performance: 0.496011 GLUP/s
Performance in GFLOP/s: 5.456122
size: 9000000
time: 1.812057
iterations: 100
Total iterations: 898800400 LUP
FLOP: 11
Total work: 9886804400 FLOP
performance: 0.496401 GLUP/s
Performance in GFLOP/s: 5.460411
size: 9000000
time: 1.810634
