[1;34m[pthread wrapper] 
[0m[1;34m[pthread wrapper] MAIN -> 0
[0m[1;34m[pthread wrapper] PIN_MASK: [0m[1;34m0->1  [0m[1;34m1->2  [0m[1;34m2->3  [0m[1;34m3->4  [0m[1;34m4->5  [0m[1;34m5->6  [0m[1;34m6->7  [0m[1;34m
[pthread wrapper] SKIP MASK: 0x0
[0m[1;34m	threadid 140311742097152 -> core 1 - OK[0m[1;34m
[0m[1;34m	threadid 140311733704448 -> core 2 - OK[0m[1;34m
[0m[1;34m	threadid 140311725311744 -> core 3 - OK[0m[1;34m
[0m[1;34m	threadid 140311716919040 -> core 4 - OK[0m[1;34m
[0m[1;34m	threadid 140311708526336 -> core 5 - OK[0m[1;34m
[0m[1;34m	threadid 140311700133632 -> core 6 - OK[0m[1;34m
[0m[1;34m	threadid 140311691740928 -> core 7 - OK[0m[1;34m
[0miterations: 200
Total iterations: 1797600800 LUP
FLOP: 11
Total work: 19773608800 FLOP
performance: 1.353401 GLUP/s
Performance in GFLOP/s: 14.887410
size: 9000000
time: 1.328210
[1;34m[pthread wrapper] 
[0m[1;34m[pthread wrapper] MAIN -> 0
[0m[1;34m[pthread wrapper] PIN_MASK: [0m[1;34m0->1  [0m[1;34m1->2  [0m[1;34m2->3  [0m[1;34m3->4  [0m[1;34m4->5  [0m[1;34m5->6  [0m[1;34m6->7  [0m[1;34m
[pthread wrapper] SKIP MASK: 0x0
[0m[1;34m	threadid 140395829171968 -> core 1 - OK[0m[1;34m
[0m[1;34m	threadid 140395820779264 -> core 2 - OK[0m[1;34m
[0m[1;34m	threadid 140395812386560 -> core 3 - OK[0m[1;34m
[0m[1;34m	threadid 140395803993856 -> core 4 - OK[0m[1;34m
[0m[1;34m	threadid 140395795601152 -> core 5 - OK[0m[1;34m
[0m[1;34m	threadid 140395787208448 -> core 6 - OK[0m[1;34m
[0m[1;34m	threadid 140395778815744 -> core 7 - OK[0m[1;34m
[0miterations: 200
Total iterations: 1797600800 LUP
FLOP: 11
Total work: 19773608800 FLOP
performance: 1.382597 GLUP/s
Performance in GFLOP/s: 15.208572
size: 9000000
time: 1.300162
[1;34m[pthread wrapper] 
[0m[1;34m[pthread wrapper] MAIN -> 0
[0m[1;34m[pthread wrapper] PIN_MASK: [0m[1;34m0->1  [0m[1;34m1->2  [0m[1;34m2->3  [0m[1;34m3->4  [0m[1;34m4->5  [0m[1;34m5->6  [0m[1;34m6->7  [0m[1;34m
[pthread wrapper] SKIP MASK: 0x0
[0m[1;34m	threadid 139802224592640 -> core 1 - OK[0m[1;34m
[0m[1;34m	threadid 139802216199936 -> core 2 - OK[0m[1;34m
[0m[1;34m	threadid 139802207807232 -> core 3 - OK[0m[1;34m
[0m[1;34m	threadid 139802199414528 -> core 4 - OK[0m[1;34m
[0m[1;34m	threadid 139802191021824 -> core 5 - OK[0m[1;34m
[0m[1;34m	threadid 139802182629120 -> core 6 - OK[0m[1;34m
[0m[1;34m	threadid 139802174236416 -> core 7 - OK[0m[1;34m
[0miterations: 200
Total iterations: 1797600800 LUP
FLOP: 11
Total work: 19773608800 FLOP
performance: 1.381756 GLUP/s
Performance in GFLOP/s: 15.199313
size: 9000000
time: 1.300954
[1;34m[pthread wrapper] 
[0m[1;34m[pthread wrapper] MAIN -> 0
[0m[1;34m[pthread wrapper] PIN_MASK: [0m[1;34m0->1  [0m[1;34m1->2  [0m[1;34m2->3  [0m[1;34m3->4  [0m[1;34m4->5  [0m[1;34m5->6  [0m[1;34m6->7  [0m[1;34m
[pthread wrapper] SKIP MASK: 0x0
[0m[1;34m	threadid 140446697350912 -> core 1 - OK[0m[1;34m
[0m[1;34m	threadid 140446688958208 -> core 2 - OK[0m[1;34m
[0m[1;34m	threadid 140446680565504 -> core 3 - OK[0m[1;34m
[0m[1;34m	threadid 140446672172800 -> core 4 - OK[0m[1;34m
[0m[1;34m	threadid 140446663780096 -> core 5 - OK[0m[1;34m
[0m[1;34m	threadid 140446655387392 -> core 6 - OK[0m[1;34m
[0m[1;34m	threadid 140446646994688 -> core 7 - OK[0m[1;34m
[0miterations: 200
Total iterations: 1797600800 LUP
FLOP: 11
Total work: 19773608800 FLOP
performance: 1.349262 GLUP/s
Performance in GFLOP/s: 14.841887
size: 9000000
time: 1.332284
[1;34m[pthread wrapper] 
[0m[1;34m[pthread wrapper] MAIN -> 0
[0m[1;34m[pthread wrapper] PIN_MASK: [0m[1;34m0->1  [0m[1;34m1->2  [0m[1;34m2->3  [0m[1;34m3->4  [0m[1;34m4->5  [0m[1;34m5->6  [0m[1;34m6->7  [0m[1;34m
[pthread wrapper] SKIP MASK: 0x0
[0m[1;34m	threadid 140549155276544 -> core 1 - OK[0m[1;34m
[0m[1;34m	threadid 140549146883840 -> core 2 - OK[0m[1;34m
[0m[1;34m	threadid 140549138491136 -> core 3 - OK[0m[1;34m
[0m[1;34m	threadid 140549130098432 -> core 4 - OK[0m[1;34m
[0m[1;34m	threadid 140549121705728 -> core 5 - OK[0m[1;34m
[0m[1;34m	threadid 140549113313024 -> core 6 - OK[0m[1;34m
[0m[1;34m	threadid 140549104920320 -> core 7 - OK[0m[1;34m
[0miterations: 200
Total iterations: 1797600800 LUP
FLOP: 11
Total work: 19773608800 FLOP
performance: 1.383907 GLUP/s
Performance in GFLOP/s: 15.222976
size: 9000000
time: 1.298932
[1;34m[pthread wrapper] 
[0m[1;34m[pthread wrapper] MAIN -> 0
[0m[1;34m[pthread wrapper] PIN_MASK: [0m[1;34m0->1  [0m[1;34m1->2  [0m[1;34m2->3  [0m[1;34m3->4  [0m[1;34m4->5  [0m[1;34m5->6  [0m[1;34m6->7  [0m[1;34m
[pthread wrapper] SKIP MASK: 0x0
[0m[1;34m	threadid 140267968718592 -> core 1 - OK[0m[1;34m
[0m[1;34m	threadid 140267960325888 -> core 2 - OK[0m[1;34m
[0m[1;34m	threadid 140267951933184 -> core 3 - OK[0m[1;34m
[0m[1;34m	threadid 140267943540480 -> core 4 - OK[0m[1;34m
[0m[1;34m	threadid 140267935147776 -> core 5 - OK[0m[1;34m
[0m[1;34m	threadid 140267926755072 -> core 6 - OK[0m[1;34m
[0m[1;34m	threadid 140267918362368 -> core 7 - OK[0m[1;34m
[0miterations: 200
Total iterations: 1797600800 LUP
FLOP: 11
Total work: 19773608800 FLOP
performance: 1.382070 GLUP/s
Performance in GFLOP/s: 15.202774
size: 9000000
time: 1.300658
[1;34m[pthread wrapper] 
[0m[1;34m[pthread wrapper] MAIN -> 0
[0m[1;34m[pthread wrapper] PIN_MASK: [0m[1;34m0->1  [0m[1;34m1->2  [0m[1;34m2->3  [0m[1;34m3->4  [0m[1;34m4->5  [0m[1;34m5->6  [0m[1;34m6->7  [0m[1;34m
[pthread wrapper] SKIP MASK: 0x0
[0m[1;34m	threadid 140387164911360 -> core 1 - OK[0m[1;34m
[0m[1;34m	threadid 140387156518656 -> core 2 - OK[0m[1;34m
[0m[1;34m	threadid 140387148125952 -> core 3 - OK[0m[1;34m
[0m[1;34m	threadid 140387139733248 -> core 4 - OK[0m[1;34m
[0m[1;34m	threadid 140387131340544 -> core 5 - OK[0m[1;34m
[0m[1;34m	threadid 140387122947840 -> core 6 - OK[0m[1;34m
[0m[1;34m	threadid 140387114555136 -> core 7 - OK[0m[1;34m
[0miterations: 200
Total iterations: 1797600800 LUP
FLOP: 11
Total work: 19773608800 FLOP
performance: 1.360741 GLUP/s
Performance in GFLOP/s: 14.968155
size: 9000000
time: 1.321045
[1;34m[pthread wrapper] 
[0m[1;34m[pthread wrapper] MAIN -> 0
[0m[1;34m[pthread wrapper] PIN_MASK: [0m[1;34m0->1  [0m[1;34m1->2  [0m[1;34m2->3  [0m[1;34m3->4  [0m[1;34m4->5  [0m[1;34m5->6  [0m[1;34m6->7  [0m[1;34m
[pthread wrapper] SKIP MASK: 0x0
[0m[1;34m	threadid 139760449640192 -> core 1 - OK[0m[1;34m
[0m[1;34m	threadid 139760441247488 -> core 2 - OK[0m[1;34m
[0m[1;34m	threadid 139760432854784 -> core 3 - OK[0m[1;34m
[0m[1;34m	threadid 139760424462080 -> core 4 - OK[0m[1;34m
[0m[1;34m	threadid 139760416069376 -> core 5 - OK[0m[1;34m
[0m[1;34m	threadid 139760407676672 -> core 6 - OK[0m[1;34m
[0m[1;34m	threadid 139760399283968 -> core 7 - OK[0m[1;34m
[0miterations: 200
Total iterations: 1797600800 LUP
FLOP: 11
Total work: 19773608800 FLOP
performance: 1.383525 GLUP/s
Performance in GFLOP/s: 15.218770
size: 9000000
time: 1.299291
[1;34m[pthread wrapper] 
[0m[1;34m[pthread wrapper] MAIN -> 0
[0m[1;34m[pthread wrapper] PIN_MASK: [0m[1;34m0->1  [0m[1;34m1->2  [0m[1;34m2->3  [0m[1;34m3->4  [0m[1;34m4->5  [0m[1;34m5->6  [0m[1;34m6->7  [0m[1;34m
[pthread wrapper] SKIP MASK: 0x0
[0m[1;34m	threadid 140406473246464 -> core 1 - OK[0m[1;34m
[0m[1;34m	threadid 140406464853760 -> core 2 - OK[0m[1;34m
[0m[1;34m	threadid 140406456461056 -> core 3 - OK[0m[1;34m
[0m[1;34m	threadid 140406448068352 -> core 4 - OK[0m[1;34m
[0m[1;34m	threadid 140406439675648 -> core 5 - OK[0m[1;34m
[0m[1;34m	threadid 140406431282944 -> core 6 - OK[0m[1;34m
[0m[1;34m	threadid 140406422890240 -> core 7 - OK[0m[1;34m
[0miterations: 200
Total iterations: 1797600800 LUP
FLOP: 11
Total work: 19773608800 FLOP
performance: 1.380118 GLUP/s
Performance in GFLOP/s: 15.181296
size: 9000000
time: 1.302498
[1;34m[pthread wrapper] 
[0m[1;34m[pthread wrapper] MAIN -> 0
[0m[1;34m[pthread wrapper] PIN_MASK: [0m[1;34m0->1  [0m[1;34m1->2  [0m[1;34m2->3  [0m[1;34m3->4  [0m[1;34m4->5  [0m[1;34m5->6  [0m[1;34m6->7  [0m[1;34m
[pthread wrapper] SKIP MASK: 0x0
[0m[1;34m	threadid 139791079872256 -> core 1 - OK[0m[1;34m
[0m[1;34m	threadid 139791071479552 -> core 2 - OK[0m[1;34m
[0m[1;34m	threadid 139791063086848 -> core 3 - OK[0m[1;34m
[0m[1;34m	threadid 139791054694144 -> core 4 - OK[0m[1;34m
[0m[1;34m	threadid 139791046301440 -> core 5 - OK[0m[1;34m
[0m[1;34m	threadid 139791037908736 -> core 6 - OK[0m[1;34m
[0m[1;34m	threadid 139791029516032 -> core 7 - OK[0m[1;34m
[0miterations: 200
Total iterations: 1797600800 LUP
FLOP: 11
Total work: 19773608800 FLOP
performance: 1.379579 GLUP/s
Performance in GFLOP/s: 15.175368
size: 9000000
time: 1.303007
