iterations: 200
Total iterations: 1797600800 LUP
FLOP: 11
Total work: 19773608800 FLOP
performance: 0.173879 GLUP/s
Performance in GFLOP/s: 1.912674
size: 9000000
time: 10.338201
iterations: 200
Total iterations: 1797600800 LUP
FLOP: 11
Total work: 19773608800 FLOP
performance: 0.173634 GLUP/s
Performance in GFLOP/s: 1.909973
size: 9000000
time: 10.352823
iterations: 200
Total iterations: 1797600800 LUP
FLOP: 11
Total work: 19773608800 FLOP
performance: 0.173951 GLUP/s
Performance in GFLOP/s: 1.913465
size: 9000000
time: 10.333929
iterations: 200
Total iterations: 1797600800 LUP
FLOP: 11
Total work: 19773608800 FLOP
performance: 0.173620 GLUP/s
Performance in GFLOP/s: 1.909816
size: 9000000
time: 10.353670
iterations: 200
Total iterations: 1797600800 LUP
FLOP: 11
Total work: 19773608800 FLOP
performance: 0.173038 GLUP/s
Performance in GFLOP/s: 1.903418
size: 9000000
time: 10.388474
iterations: 200
Total iterations: 1797600800 LUP
FLOP: 11
Total work: 19773608800 FLOP
performance: 0.174015 GLUP/s
Performance in GFLOP/s: 1.914169
size: 9000000
time: 10.330128
iterations: 200
Total iterations: 1797600800 LUP
FLOP: 11
Total work: 19773608800 FLOP
performance: 0.173058 GLUP/s
Performance in GFLOP/s: 1.903641
size: 9000000
time: 10.387258
iterations: 200
Total iterations: 1797600800 LUP
FLOP: 11
Total work: 19773608800 FLOP
performance: 0.174067 GLUP/s
Performance in GFLOP/s: 1.914735
size: 9000000
time: 10.327073
iterations: 200
Total iterations: 1797600800 LUP
FLOP: 11
Total work: 19773608800 FLOP
performance: 0.173646 GLUP/s
Performance in GFLOP/s: 1.910103
size: 9000000
time: 10.352115
iterations: 200
Total iterations: 1797600800 LUP
FLOP: 11
Total work: 19773608800 FLOP
performance: 0.173731 GLUP/s
Performance in GFLOP/s: 1.911037
size: 9000000
time: 10.347059
