iterations: 200
Total iterations: 49600800 LUP
FLOP: 11
Total work: 545608800 FLOP
performance: 3.269643 GLUP/s
Performance in GFLOP/s: 35.966071
size: 250000
time: 0.015170
iterations: 200
Total iterations: 49600800 LUP
FLOP: 11
Total work: 545608800 FLOP
performance: 3.281764 GLUP/s
Performance in GFLOP/s: 36.099399
size: 250000
time: 0.015114
iterations: 200
Total iterations: 49600800 LUP
FLOP: 11
Total work: 545608800 FLOP
performance: 3.279849 GLUP/s
Performance in GFLOP/s: 36.078341
size: 250000
time: 0.015123
iterations: 200
Total iterations: 49600800 LUP
FLOP: 11
Total work: 545608800 FLOP
performance: 3.265588 GLUP/s
Performance in GFLOP/s: 35.921471
size: 250000
time: 0.015189
iterations: 200
Total iterations: 49600800 LUP
FLOP: 11
Total work: 545608800 FLOP
performance: 3.259959 GLUP/s
Performance in GFLOP/s: 35.859554
size: 250000
time: 0.015215
iterations: 200
Total iterations: 49600800 LUP
FLOP: 11
Total work: 545608800 FLOP
performance: 3.283110 GLUP/s
Performance in GFLOP/s: 36.114210
size: 250000
time: 0.015108
iterations: 200
Total iterations: 49600800 LUP
FLOP: 11
Total work: 545608800 FLOP
performance: 3.266665 GLUP/s
Performance in GFLOP/s: 35.933316
size: 250000
time: 0.015184
iterations: 200
Total iterations: 49600800 LUP
FLOP: 11
Total work: 545608800 FLOP
performance: 3.273965 GLUP/s
Performance in GFLOP/s: 36.013615
size: 250000
time: 0.015150
iterations: 200
Total iterations: 49600800 LUP
FLOP: 11
Total work: 545608800 FLOP
performance: 3.262362 GLUP/s
Performance in GFLOP/s: 35.885984
size: 250000
time: 0.015204
iterations: 200
Total iterations: 49600800 LUP
FLOP: 11
Total work: 545608800 FLOP
performance: 3.278505 GLUP/s
Performance in GFLOP/s: 36.063559
size: 250000
time: 0.015129
