[1;34m[pthread wrapper] 
[0m[1;34m[pthread wrapper] MAIN -> 0
[0m[1;34m[pthread wrapper] PIN_MASK: [0m[1;34m0->1  [0m[1;34m1->2  [0m[1;34m2->3  [0m[1;34m3->4  [0m[1;34m4->5  [0m[1;34m5->6  [0m[1;34m6->7  [0m[1;34m7->8  [0m[1;34m8->9  [0m[1;34m9->10  [0m[1;34m10->11  [0m[1;34m11->12  [0m[1;34m12->13  [0m[1;34m13->14  [0m[1;34m14->15  [0m[1;34m15->16  [0m[1;34m16->17  [0m[1;34m17->18  [0m[1;34m18->19  [0m[1;34m
[pthread wrapper] SKIP MASK: 0x0
[0m[1;34m	threadid 140611071350528 -> core 1 - OK[0m[1;34m
[0m[1;34m	threadid 140611062957824 -> core 2 - OK[0m[1;34m
[0m[1;34m	threadid 140611054565120 -> core 3 - OK[0m[1;34m
[0m[1;34m	threadid 140611046172416 -> core 4 - OK[0m[1;34m
[0m[1;34m	threadid 140611037779712 -> core 5 - OK[0m[1;34m
[0m[1;34m	threadid 140611029387008 -> core 6 - OK[0m[1;34m
[0m[1;34m	threadid 140611020994304 -> core 7 - OK[0m[1;34m
[0m[1;34m	threadid 140611012601600 -> core 8 - OK[0m[1;34m
[0m[1;34m	threadid 140611004208896 -> core 9 - OK[0m[1;34m
[0m[1;34m	threadid 140610995816192 -> core 10 - OK[0m[1;34m
[0m[1;34m	threadid 140610987423488 -> core 11 - OK[0m[1;34m
[0m[1;34m	threadid 140610979030784 -> core 12 - OK[0m[1;34m
[0m[1;34m	threadid 140610970638080 -> core 13 - OK[0m[1;34m
[0m[1;34m	threadid 140610962245376 -> core 14 - OK[0m[1;34m
[0m[1;34m	threadid 140610953852672 -> core 15 - OK[0m[1;34m
[0m[1;34m	threadid 140610945459968 -> core 16 - OK[0m[1;34m
[0m[1;34m	threadid 140610937067264 -> core 17 - OK[0m[1;34m
[0m[1;34m	threadid 140610928674560 -> core 18 - OK[0m[1;34m
[0m[1;34m	threadid 140610920281856 -> core 19 - OK[0m[1;34m
[0miterations: 200
Total iterations: 1797600800 LUP
FLOP: 11
Total work: 19773608800 FLOP
performance: 2.923275 GLUP/s
Performance in GFLOP/s: 32.156024
size: 9000000
time: 0.614927
[1;34m[pthread wrapper] 
[0m[1;34m[pthread wrapper] MAIN -> 0
[0m[1;34m[pthread wrapper] PIN_MASK: [0m[1;34m0->1  [0m[1;34m1->2  [0m[1;34m2->3  [0m[1;34m3->4  [0m[1;34m4->5  [0m[1;34m5->6  [0m[1;34m6->7  [0m[1;34m7->8  [0m[1;34m8->9  [0m[1;34m9->10  [0m[1;34m10->11  [0m[1;34m11->12  [0m[1;34m12->13  [0m[1;34m13->14  [0m[1;34m14->15  [0m[1;34m15->16  [0m[1;34m16->17  [0m[1;34m17->18  [0m[1;34m18->19  [0m[1;34m
[pthread wrapper] SKIP MASK: 0x0
[0m[1;34m	threadid 140378542733056 -> core 1 - OK[0m[1;34m
[0m[1;34m	threadid 140378534340352 -> core 2 - OK[0m[1;34m
[0m[1;34m	threadid 140378525947648 -> core 3 - OK[0m[1;34m
[0m[1;34m	threadid 140378517554944 -> core 4 - OK[0m[1;34m
[0m[1;34m	threadid 140378509162240 -> core 5 - OK[0m[1;34m
[0m[1;34m	threadid 140378500769536 -> core 6 - OK[0m[1;34m
[0m[1;34m	threadid 140378492376832 -> core 7 - OK[0m[1;34m
[0m[1;34m	threadid 140378483984128 -> core 8 - OK[0m[1;34m
[0m[1;34m	threadid 140378475591424 -> core 9 - OK[0m[1;34m
[0m[1;34m	threadid 140378467198720 -> core 10 - OK[0m[1;34m
[0m[1;34m	threadid 140378458806016 -> core 11 - OK[0m[1;34m
[0m[1;34m	threadid 140378450413312 -> core 12 - OK[0m[1;34m
[0m[1;34m	threadid 140378442020608 -> core 13 - OK[0m[1;34m
[0m[1;34m	threadid 140378433627904 -> core 14 - OK[0m[1;34m
[0m[1;34m	threadid 140378425235200 -> core 15 - OK[0m[1;34m
[0m[1;34m	threadid 140378416842496 -> core 16 - OK[0m[1;34m
[0m[1;34m	threadid 140378408449792 -> core 17 - OK[0m[1;34m
[0m[1;34m	threadid 140378400057088 -> core 18 - OK[0m[1;34m
[0m[1;34m	threadid 140378391664384 -> core 19 - OK[0m[1;34m
[0miterations: 200
Total iterations: 1797600800 LUP
FLOP: 11
Total work: 19773608800 FLOP
performance: 3.122884 GLUP/s
Performance in GFLOP/s: 34.351720
size: 9000000
time: 0.575622
[1;34m[pthread wrapper] 
[0m[1;34m[pthread wrapper] MAIN -> 0
[0m[1;34m[pthread wrapper] PIN_MASK: [0m[1;34m0->1  [0m[1;34m1->2  [0m[1;34m2->3  [0m[1;34m3->4  [0m[1;34m4->5  [0m[1;34m5->6  [0m[1;34m6->7  [0m[1;34m7->8  [0m[1;34m8->9  [0m[1;34m9->10  [0m[1;34m10->11  [0m[1;34m11->12  [0m[1;34m12->13  [0m[1;34m13->14  [0m[1;34m14->15  [0m[1;34m15->16  [0m[1;34m16->17  [0m[1;34m17->18  [0m[1;34m18->19  [0m[1;34m
[pthread wrapper] SKIP MASK: 0x0
[0m[1;34m	threadid 139817868195584 -> core 1 - OK[0m[1;34m
[0m[1;34m	threadid 139817859802880 -> core 2 - OK[0m[1;34m
[0m[1;34m	threadid 139817851410176 -> core 3 - OK[0m[1;34m
[0m[1;34m	threadid 139817843017472 -> core 4 - OK[0m[1;34m
[0m[1;34m	threadid 139817834624768 -> core 5 - OK[0m[1;34m
[0m[1;34m	threadid 139817826232064 -> core 6 - OK[0m[1;34m
[0m[1;34m	threadid 139817817839360 -> core 7 - OK[0m[1;34m
[0m[1;34m	threadid 139817809446656 -> core 8 - OK[0m[1;34m
[0m[1;34m	threadid 139817801053952 -> core 9 - OK[0m[1;34m
[0m[1;34m	threadid 139817792661248 -> core 10 - OK[0m[1;34m
[0m[1;34m	threadid 139817784268544 -> core 11 - OK[0m[1;34m
[0m[1;34m	threadid 139817775875840 -> core 12 - OK[0m[1;34m
[0m[1;34m	threadid 139817767483136 -> core 13 - OK[0m[1;34m
[0m[1;34m	threadid 139817759090432 -> core 14 - OK[0m[1;34m
[0m[1;34m	threadid 139817750697728 -> core 15 - OK[0m[1;34m
[0m[1;34m	threadid 139817742305024 -> core 16 - OK[0m[1;34m
[0m[1;34m	threadid 139817733912320 -> core 17 - OK[0m[1;34m
[0m[1;34m	threadid 139817725519616 -> core 18 - OK[0m[1;34m
[0m[1;34m	threadid 139817717126912 -> core 19 - OK[0m[1;34m
[0miterations: 200
Total iterations: 1797600800 LUP
FLOP: 11
Total work: 19773608800 FLOP
performance: 3.148212 GLUP/s
Performance in GFLOP/s: 34.630331
size: 9000000
time: 0.570991
[1;34m[pthread wrapper] 
[0m[1;34m[pthread wrapper] MAIN -> 0
[0m[1;34m[pthread wrapper] PIN_MASK: [0m[1;34m0->1  [0m[1;34m1->2  [0m[1;34m2->3  [0m[1;34m3->4  [0m[1;34m4->5  [0m[1;34m5->6  [0m[1;34m6->7  [0m[1;34m7->8  [0m[1;34m8->9  [0m[1;34m9->10  [0m[1;34m10->11  [0m[1;34m11->12  [0m[1;34m12->13  [0m[1;34m13->14  [0m[1;34m14->15  [0m[1;34m15->16  [0m[1;34m16->17  [0m[1;34m17->18  [0m[1;34m18->19  [0m[1;34m
[pthread wrapper] SKIP MASK: 0x0
[0m[1;34m	threadid 140240114943744 -> core 1 - OK[0m[1;34m
[0m[1;34m	threadid 140240106551040 -> core 2 - OK[0m[1;34m
[0m[1;34m	threadid 140240098158336 -> core 3 - OK[0m[1;34m
[0m[1;34m	threadid 140240089765632 -> core 4 - OK[0m[1;34m
[0m[1;34m	threadid 140240081372928 -> core 5 - OK[0m[1;34m
[0m[1;34m	threadid 140240072980224 -> core 6 - OK[0m[1;34m
[0m[1;34m	threadid 140240064587520 -> core 7 - OK[0m[1;34m
[0m[1;34m	threadid 140240056194816 -> core 8 - OK[0m[1;34m
[0m[1;34m	threadid 140240047802112 -> core 9 - OK[0m[1;34m
[0m[1;34m	threadid 140240039409408 -> core 10 - OK[0m[1;34m
[0m[1;34m	threadid 140240031016704 -> core 11 - OK[0m[1;34m
[0m[1;34m	threadid 140240022624000 -> core 12 - OK[0m[1;34m
[0m[1;34m	threadid 140240014231296 -> core 13 - OK[0m[1;34m
[0m[1;34m	threadid 140240005838592 -> core 14 - OK[0m[1;34m
[0m[1;34m	threadid 140239997445888 -> core 15 - OK[0m[1;34m
[0m[1;34m	threadid 140239989053184 -> core 16 - OK[0m[1;34m
[0m[1;34m	threadid 140239980660480 -> core 17 - OK[0m[1;34m
[0m[1;34m	threadid 140239972267776 -> core 18 - OK[0m[1;34m
[0m[1;34m	threadid 140239963875072 -> core 19 - OK[0m[1;34m
[0miterations: 200
Total iterations: 1797600800 LUP
FLOP: 11
Total work: 19773608800 FLOP
performance: 2.952278 GLUP/s
Performance in GFLOP/s: 32.475059
size: 9000000
time: 0.608886
[1;34m[pthread wrapper] 
[0m[1;34m[pthread wrapper] MAIN -> 0
[0m[1;34m[pthread wrapper] PIN_MASK: [0m[1;34m0->1  [0m[1;34m1->2  [0m[1;34m2->3  [0m[1;34m3->4  [0m[1;34m4->5  [0m[1;34m5->6  [0m[1;34m6->7  [0m[1;34m7->8  [0m[1;34m8->9  [0m[1;34m9->10  [0m[1;34m10->11  [0m[1;34m11->12  [0m[1;34m12->13  [0m[1;34m13->14  [0m[1;34m14->15  [0m[1;34m15->16  [0m[1;34m16->17  [0m[1;34m17->18  [0m[1;34m18->19  [0m[1;34m
[pthread wrapper] SKIP MASK: 0x0
[0m[1;34m	threadid 140122001450752 -> core 1 - OK[0m[1;34m
[0m[1;34m	threadid 140121993058048 -> core 2 - OK[0m[1;34m
[0m[1;34m	threadid 140121984665344 -> core 3 - OK[0m[1;34m
[0m[1;34m	threadid 140121976272640 -> core 4 - OK[0m[1;34m
[0m[1;34m	threadid 140121967879936 -> core 5 - OK[0m[1;34m
[0m[1;34m	threadid 140121959487232 -> core 6 - OK[0m[1;34m
[0m[1;34m	threadid 140121951094528 -> core 7 - OK[0m[1;34m
[0m[1;34m	threadid 140121942701824 -> core 8 - OK[0m[1;34m
[0m[1;34m	threadid 140121934309120 -> core 9 - OK[0m[1;34m
[0m[1;34m	threadid 140121925916416 -> core 10 - OK[0m[1;34m
[0m[1;34m	threadid 140121917523712 -> core 11 - OK[0m[1;34m
[0m[1;34m	threadid 140121909131008 -> core 12 - OK[0m[1;34m
[0m[1;34m	threadid 140121900738304 -> core 13 - OK[0m[1;34m
[0m[1;34m	threadid 140121892345600 -> core 14 - OK[0m[1;34m
[0m[1;34m	threadid 140121883952896 -> core 15 - OK[0m[1;34m
[0m[1;34m	threadid 140121875560192 -> core 16 - OK[0m[1;34m
[0m[1;34m	threadid 140121867167488 -> core 17 - OK[0m[1;34m
[0m[1;34m	threadid 140121858774784 -> core 18 - OK[0m[1;34m
[0m[1;34m	threadid 140121850382080 -> core 19 - OK[0m[1;34m
[0miterations: 200
Total iterations: 1797600800 LUP
FLOP: 11
Total work: 19773608800 FLOP
performance: 3.132926 GLUP/s
Performance in GFLOP/s: 34.462187
size: 9000000
time: 0.573777
[1;34m[pthread wrapper] 
[0m[1;34m[pthread wrapper] MAIN -> 0
[0m[1;34m[pthread wrapper] PIN_MASK: [0m[1;34m0->1  [0m[1;34m1->2  [0m[1;34m2->3  [0m[1;34m3->4  [0m[1;34m4->5  [0m[1;34m5->6  [0m[1;34m6->7  [0m[1;34m7->8  [0m[1;34m8->9  [0m[1;34m9->10  [0m[1;34m10->11  [0m[1;34m11->12  [0m[1;34m12->13  [0m[1;34m13->14  [0m[1;34m14->15  [0m[1;34m15->16  [0m[1;34m16->17  [0m[1;34m17->18  [0m[1;34m18->19  [0m[1;34m
[pthread wrapper] SKIP MASK: 0x0
[0m[1;34m	threadid 140066995128064 -> core 1 - OK[0m[1;34m
[0m[1;34m	threadid 140066986735360 -> core 2 - OK[0m[1;34m
[0m[1;34m	threadid 140066978342656 -> core 3 - OK[0m[1;34m
[0m[1;34m	threadid 140066969949952 -> core 4 - OK[0m[1;34m
[0m[1;34m	threadid 140066961557248 -> core 5 - OK[0m[1;34m
[0m[1;34m	threadid 140066953164544 -> core 6 - OK[0m[1;34m
[0m[1;34m	threadid 140066944771840 -> core 7 - OK[0m[1;34m
[0m[1;34m	threadid 140066936379136 -> core 8 - OK[0m[1;34m
[0m[1;34m	threadid 140066927986432 -> core 9 - OK[0m[1;34m
[0m[1;34m	threadid 140066919593728 -> core 10 - OK[0m[1;34m
[0m[1;34m	threadid 140066911201024 -> core 11 - OK[0m[1;34m
[0m[1;34m	threadid 140066902808320 -> core 12 - OK[0m[1;34m
[0m[1;34m	threadid 140066894415616 -> core 13 - OK[0m[1;34m
[0m[1;34m	threadid 140066886022912 -> core 14 - OK[0m[1;34m
[0m[1;34m	threadid 140066877630208 -> core 15 - OK[0m[1;34m
[0m[1;34m	threadid 140066869237504 -> core 16 - OK[0m[1;34m
[0m[1;34m	threadid 140066860844800 -> core 17 - OK[0m[1;34m
[0m[1;34m	threadid 140066852452096 -> core 18 - OK[0m[1;34m
[0m[1;34m	threadid 140066844059392 -> core 19 - OK[0m[1;34m
[0miterations: 200
Total iterations: 1797600800 LUP
FLOP: 11
Total work: 19773608800 FLOP
performance: 3.213158 GLUP/s
Performance in GFLOP/s: 35.344735
size: 9000000
time: 0.559450
[1;34m[pthread wrapper] 
[0m[1;34m[pthread wrapper] MAIN -> 0
[0m[1;34m[pthread wrapper] PIN_MASK: [0m[1;34m0->1  [0m[1;34m1->2  [0m[1;34m2->3  [0m[1;34m3->4  [0m[1;34m4->5  [0m[1;34m5->6  [0m[1;34m6->7  [0m[1;34m7->8  [0m[1;34m8->9  [0m[1;34m9->10  [0m[1;34m10->11  [0m[1;34m11->12  [0m[1;34m12->13  [0m[1;34m13->14  [0m[1;34m14->15  [0m[1;34m15->16  [0m[1;34m16->17  [0m[1;34m17->18  [0m[1;34m18->19  [0m[1;34m
[pthread wrapper] SKIP MASK: 0x0
[0m[1;34m	threadid 140294674781952 -> core 1 - OK[0m[1;34m
[0m[1;34m	threadid 140294666389248 -> core 2 - OK[0m[1;34m
[0m[1;34m	threadid 140294657996544 -> core 3 - OK[0m[1;34m
[0m[1;34m	threadid 140294649603840 -> core 4 - OK[0m[1;34m
[0m[1;34m	threadid 140294641211136 -> core 5 - OK[0m[1;34m
[0m[1;34m	threadid 140294632818432 -> core 6 - OK[0m[1;34m
[0m[1;34m	threadid 140294624425728 -> core 7 - OK[0m[1;34m
[0m[1;34m	threadid 140294616033024 -> core 8 - OK[0m[1;34m
[0m[1;34m	threadid 140294607640320 -> core 9 - OK[0m[1;34m
[0m[1;34m	threadid 140294599247616 -> core 10 - OK[0m[1;34m
[0m[1;34m	threadid 140294590854912 -> core 11 - OK[0m[1;34m
[0m[1;34m	threadid 140294582462208 -> core 12 - OK[0m[1;34m
[0m[1;34m	threadid 140294574069504 -> core 13 - OK[0m[1;34m
[0m[1;34m	threadid 140294565676800 -> core 14 - OK[0m[1;34m
[0m[1;34m	threadid 140294557284096 -> core 15 - OK[0m[1;34m
[0m[1;34m	threadid 140294548891392 -> core 16 - OK[0m[1;34m
[0m[1;34m	threadid 140294540498688 -> core 17 - OK[0m[1;34m
[0m[1;34m	threadid 140294532105984 -> core 18 - OK[0m[1;34m
[0m[1;34m	threadid 140294523713280 -> core 19 - OK[0m[1;34m
[0miterations: 200
Total iterations: 1797600800 LUP
FLOP: 11
Total work: 19773608800 FLOP
performance: 2.962300 GLUP/s
Performance in GFLOP/s: 32.585299
size: 9000000
time: 0.606826
[1;34m[pthread wrapper] 
[0m[1;34m[pthread wrapper] MAIN -> 0
[0m[1;34m[pthread wrapper] PIN_MASK: [0m[1;34m0->1  [0m[1;34m1->2  [0m[1;34m2->3  [0m[1;34m3->4  [0m[1;34m4->5  [0m[1;34m5->6  [0m[1;34m6->7  [0m[1;34m7->8  [0m[1;34m8->9  [0m[1;34m9->10  [0m[1;34m10->11  [0m[1;34m11->12  [0m[1;34m12->13  [0m[1;34m13->14  [0m[1;34m14->15  [0m[1;34m15->16  [0m[1;34m16->17  [0m[1;34m17->18  [0m[1;34m18->19  [0m[1;34m
[pthread wrapper] SKIP MASK: 0x0
[0m[1;34m	threadid 140367143892736 -> core 1 - OK[0m[1;34m
[0m[1;34m	threadid 140367135500032 -> core 2 - OK[0m[1;34m
[0m[1;34m	threadid 140367127107328 -> core 3 - OK[0m[1;34m
[0m[1;34m	threadid 140367118714624 -> core 4 - OK[0m[1;34m
[0m[1;34m	threadid 140367110321920 -> core 5 - OK[0m[1;34m
[0m[1;34m	threadid 140367101929216 -> core 6 - OK[0m[1;34m
[0m[1;34m	threadid 140367093536512 -> core 7 - OK[0m[1;34m
[0m[1;34m	threadid 140367085143808 -> core 8 - OK[0m[1;34m
[0m[1;34m	threadid 140367076751104 -> core 9 - OK[0m[1;34m
[0m[1;34m	threadid 140367068358400 -> core 10 - OK[0m[1;34m
[0m[1;34m	threadid 140367059965696 -> core 11 - OK[0m[1;34m
[0m[1;34m	threadid 140367051572992 -> core 12 - OK[0m[1;34m
[0m[1;34m	threadid 140367043180288 -> core 13 - OK[0m[1;34m
[0m[1;34m	threadid 140367034787584 -> core 14 - OK[0m[1;34m
[0m[1;34m	threadid 140367026394880 -> core 15 - OK[0m[1;34m
[0m[1;34m	threadid 140367018002176 -> core 16 - OK[0m[1;34m
[0m[1;34m	threadid 140367009609472 -> core 17 - OK[0m[1;34m
[0m[1;34m	threadid 140367001216768 -> core 18 - OK[0m[1;34m
[0m[1;34m	threadid 140366992824064 -> core 19 - OK[0m[1;34m
[0miterations: 200
Total iterations: 1797600800 LUP
FLOP: 11
Total work: 19773608800 FLOP
performance: 3.157703 GLUP/s
Performance in GFLOP/s: 34.734728
size: 9000000
time: 0.569275
[1;34m[pthread wrapper] 
[0m[1;34m[pthread wrapper] MAIN -> 0
[0m[1;34m[pthread wrapper] PIN_MASK: [0m[1;34m0->1  [0m[1;34m1->2  [0m[1;34m2->3  [0m[1;34m3->4  [0m[1;34m4->5  [0m[1;34m5->6  [0m[1;34m6->7  [0m[1;34m7->8  [0m[1;34m8->9  [0m[1;34m9->10  [0m[1;34m10->11  [0m[1;34m11->12  [0m[1;34m12->13  [0m[1;34m13->14  [0m[1;34m14->15  [0m[1;34m15->16  [0m[1;34m16->17  [0m[1;34m17->18  [0m[1;34m18->19  [0m[1;34m
[pthread wrapper] SKIP MASK: 0x0
[0m[1;34m	threadid 139966674990848 -> core 1 - OK[0m[1;34m
[0m[1;34m	threadid 139966666598144 -> core 2 - OK[0m[1;34m
[0m[1;34m	threadid 139966658205440 -> core 3 - OK[0m[1;34m
[0m[1;34m	threadid 139966649812736 -> core 4 - OK[0m[1;34m
[0m[1;34m	threadid 139966641420032 -> core 5 - OK[0m[1;34m
[0m[1;34m	threadid 139966633027328 -> core 6 - OK[0m[1;34m
[0m[1;34m	threadid 139966624634624 -> core 7 - OK[0m[1;34m
[0m[1;34m	threadid 139966616241920 -> core 8 - OK[0m[1;34m
[0m[1;34m	threadid 139966607849216 -> core 9 - OK[0m[1;34m
[0m[1;34m	threadid 139966599456512 -> core 10 - OK[0m[1;34m
[0m[1;34m	threadid 139966591063808 -> core 11 - OK[0m[1;34m
[0m[1;34m	threadid 139966582671104 -> core 12 - OK[0m[1;34m
[0m[1;34m	threadid 139966574278400 -> core 13 - OK[0m[1;34m
[0m[1;34m	threadid 139966565885696 -> core 14 - OK[0m[1;34m
[0m[1;34m	threadid 139966557492992 -> core 15 - OK[0m[1;34m
[0m[1;34m	threadid 139966549100288 -> core 16 - OK[0m[1;34m
[0m[1;34m	threadid 139966540707584 -> core 17 - OK[0m[1;34m
[0m[1;34m	threadid 139966532314880 -> core 18 - OK[0m[1;34m
[0m[1;34m	threadid 139966523922176 -> core 19 - OK[0m[1;34m
[0miterations: 200
Total iterations: 1797600800 LUP
FLOP: 11
Total work: 19773608800 FLOP
performance: 3.149949 GLUP/s
Performance in GFLOP/s: 34.649443
size: 9000000
time: 0.570676
[1;34m[pthread wrapper] 
[0m[1;34m[pthread wrapper] MAIN -> 0
[0m[1;34m[pthread wrapper] PIN_MASK: [0m[1;34m0->1  [0m[1;34m1->2  [0m[1;34m2->3  [0m[1;34m3->4  [0m[1;34m4->5  [0m[1;34m5->6  [0m[1;34m6->7  [0m[1;34m7->8  [0m[1;34m8->9  [0m[1;34m9->10  [0m[1;34m10->11  [0m[1;34m11->12  [0m[1;34m12->13  [0m[1;34m13->14  [0m[1;34m14->15  [0m[1;34m15->16  [0m[1;34m16->17  [0m[1;34m17->18  [0m[1;34m18->19  [0m[1;34m
[pthread wrapper] SKIP MASK: 0x0
[0m[1;34m	threadid 140346893432576 -> core 1 - OK[0m[1;34m
[0m[1;34m	threadid 140346885039872 -> core 2 - OK[0m[1;34m
[0m[1;34m	threadid 140346876647168 -> core 3 - OK[0m[1;34m
[0m[1;34m	threadid 140346868254464 -> core 4 - OK[0m[1;34m
[0m[1;34m	threadid 140346859861760 -> core 5 - OK[0m[1;34m
[0m[1;34m	threadid 140346851469056 -> core 6 - OK[0m[1;34m
[0m[1;34m	threadid 140346843076352 -> core 7 - OK[0m[1;34m
[0m[1;34m	threadid 140346834683648 -> core 8 - OK[0m[1;34m
[0m[1;34m	threadid 140346826290944 -> core 9 - OK[0m[1;34m
[0m[1;34m	threadid 140346817898240 -> core 10 - OK[0m[1;34m
[0m[1;34m	threadid 140346809505536 -> core 11 - OK[0m[1;34m
[0m[1;34m	threadid 140346801112832 -> core 12 - OK[0m[1;34m
[0m[1;34m	threadid 140346792720128 -> core 13 - OK[0m[1;34m
[0m[1;34m	threadid 140346784327424 -> core 14 - OK[0m[1;34m
[0m[1;34m	threadid 140346775934720 -> core 15 - OK[0m[1;34m
[0m[1;34m	threadid 140346767542016 -> core 16 - OK[0m[1;34m
[0m[1;34m	threadid 140346759149312 -> core 17 - OK[0m[1;34m
[0m[1;34m	threadid 140346750756608 -> core 18 - OK[0m[1;34m
[0m[1;34m	threadid 140346742363904 -> core 19 - OK[0m[1;34m
[0miterations: 200
Total iterations: 1797600800 LUP
FLOP: 11
Total work: 19773608800 FLOP
performance: 2.919557 GLUP/s
Performance in GFLOP/s: 32.115132
size: 9000000
time: 0.615710
