iterations: 200
Total iterations: 1797600800 LUP
FLOP: 11
Total work: 19773608800 FLOP
performance: 0.340035 GLUP/s
Performance in GFLOP/s: 3.740388
size: 9000000
time: 5.286513
iterations: 200
Total iterations: 1797600800 LUP
FLOP: 11
Total work: 19773608800 FLOP
performance: 0.342027 GLUP/s
Performance in GFLOP/s: 3.762293
size: 9000000
time: 5.255734
iterations: 200
Total iterations: 1797600800 LUP
FLOP: 11
Total work: 19773608800 FLOP
performance: 0.341094 GLUP/s
Performance in GFLOP/s: 3.752030
size: 9000000
time: 5.270109
iterations: 200
Total iterations: 1797600800 LUP
FLOP: 11
Total work: 19773608800 FLOP
performance: 0.342579 GLUP/s
Performance in GFLOP/s: 3.768373
size: 9000000
time: 5.247253
iterations: 200
Total iterations: 1797600800 LUP
FLOP: 11
Total work: 19773608800 FLOP
performance: 0.338360 GLUP/s
Performance in GFLOP/s: 3.721961
size: 9000000
time: 5.312685
iterations: 200
Total iterations: 1797600800 LUP
FLOP: 11
Total work: 19773608800 FLOP
performance: 0.341824 GLUP/s
Performance in GFLOP/s: 3.760065
size: 9000000
time: 5.258847
iterations: 200
Total iterations: 1797600800 LUP
FLOP: 11
Total work: 19773608800 FLOP
performance: 0.338869 GLUP/s
Performance in GFLOP/s: 3.727561
size: 9000000
time: 5.304705
iterations: 200
Total iterations: 1797600800 LUP
FLOP: 11
Total work: 19773608800 FLOP
performance: 0.338801 GLUP/s
Performance in GFLOP/s: 3.726806
size: 9000000
time: 5.305779
iterations: 200
Total iterations: 1797600800 LUP
FLOP: 11
Total work: 19773608800 FLOP
performance: 0.340602 GLUP/s
Performance in GFLOP/s: 3.746624
size: 9000000
time: 5.277714
iterations: 200
Total iterations: 1797600800 LUP
FLOP: 11
Total work: 19773608800 FLOP
performance: 0.337163 GLUP/s
Performance in GFLOP/s: 3.708794
size: 9000000
time: 5.331547
