[1;34m[pthread wrapper] 
[0m[1;34m[pthread wrapper] MAIN -> 0
[0m[1;34m[pthread wrapper] PIN_MASK: [0m[1;34m0->1  [0m[1;34m1->2  [0m[1;34m2->3  [0m[1;34m3->4  [0m[1;34m4->5  [0m[1;34m
[pthread wrapper] SKIP MASK: 0x0
[0m[1;34m	threadid 140007613097728 -> core 1 - OK[0m[1;34m
[0m[1;34m	threadid 140007604705024 -> core 2 - OK[0m[1;34m
[0m[1;34m	threadid 140007596312320 -> core 3 - OK[0m[1;34m
[0m[1;34m	threadid 140007587919616 -> core 4 - OK[0m[1;34m
[0m[1;34m	threadid 140007579526912 -> core 5 - OK[0m[1;34m
[0miterations: 200
Total iterations: 49600800 LUP
FLOP: 11
Total work: 545608800 FLOP
performance: 1.126780 GLUP/s
Performance in GFLOP/s: 12.394584
size: 250000
time: 0.044020
[1;34m[pthread wrapper] 
[0m[1;34m[pthread wrapper] MAIN -> 0
[0m[1;34m[pthread wrapper] PIN_MASK: [0m[1;34m0->1  [0m[1;34m1->2  [0m[1;34m2->3  [0m[1;34m3->4  [0m[1;34m4->5  [0m[1;34m
[pthread wrapper] SKIP MASK: 0x0
[0m[1;34m	threadid 139636280551168 -> core 1 - OK[0m[1;34m
[0m[1;34m	threadid 139636272158464 -> core 2 - OK[0m[1;34m
[0m[1;34m	threadid 139636263765760 -> core 3 - OK[0m[1;34m
[0m[1;34m	threadid 139636255373056 -> core 4 - OK[0m[1;34m
[0m[1;34m	threadid 139636246980352 -> core 5 - OK[0m[1;34m
[0miterations: 200
Total iterations: 49600800 LUP
FLOP: 11
Total work: 545608800 FLOP
performance: 1.125476 GLUP/s
Performance in GFLOP/s: 12.380234
size: 250000
time: 0.044071
[1;34m[pthread wrapper] 
[0m[1;34m[pthread wrapper] MAIN -> 0
[0m[1;34m[pthread wrapper] PIN_MASK: [0m[1;34m0->1  [0m[1;34m1->2  [0m[1;34m2->3  [0m[1;34m3->4  [0m[1;34m4->5  [0m[1;34m
[pthread wrapper] SKIP MASK: 0x0
[0m[1;34m	threadid 140716557874944 -> core 1 - OK[0m[1;34m
[0m[1;34m	threadid 140716549482240 -> core 2 - OK[0m[1;34m
[0m[1;34m	threadid 140716541089536 -> core 3 - OK[0m[1;34m
[0m[1;34m	threadid 140716532696832 -> core 4 - OK[0m[1;34m
[0m[1;34m	threadid 140716524304128 -> core 5 - OK[0m[1;34m
[0miterations: 200
Total iterations: 49600800 LUP
FLOP: 11
Total work: 545608800 FLOP
performance: 1.129503 GLUP/s
Performance in GFLOP/s: 12.424529
size: 250000
time: 0.043914
[1;34m[pthread wrapper] 
[0m[1;34m[pthread wrapper] MAIN -> 0
[0m[1;34m[pthread wrapper] PIN_MASK: [0m[1;34m0->1  [0m[1;34m1->2  [0m[1;34m2->3  [0m[1;34m3->4  [0m[1;34m4->5  [0m[1;34m
[pthread wrapper] SKIP MASK: 0x0
[0m[1;34m	threadid 139646670911232 -> core 1 - OK[0m[1;34m
[0m[1;34m	threadid 139646662518528 -> core 2 - OK[0m[1;34m
[0m[1;34m	threadid 139646654125824 -> core 3 - OK[0m[1;34m
[0m[1;34m	threadid 139646645733120 -> core 4 - OK[0m[1;34m
[0m[1;34m	threadid 139646637340416 -> core 5 - OK[0m[1;34m
[0miterations: 200
Total iterations: 49600800 LUP
FLOP: 11
Total work: 545608800 FLOP
performance: 1.128449 GLUP/s
Performance in GFLOP/s: 12.412938
size: 250000
time: 0.043955
[1;34m[pthread wrapper] 
[0m[1;34m[pthread wrapper] MAIN -> 0
[0m[1;34m[pthread wrapper] PIN_MASK: [0m[1;34m0->1  [0m[1;34m1->2  [0m[1;34m2->3  [0m[1;34m3->4  [0m[1;34m4->5  [0m[1;34m
[pthread wrapper] SKIP MASK: 0x0
[0m[1;34m	threadid 140012082824960 -> core 1 - OK[0m[1;34m
[0m[1;34m	threadid 140012074432256 -> core 2 - OK[0m[1;34m
[0m[1;34m	threadid 140012066039552 -> core 3 - OK[0m[1;34m
[0m[1;34m	threadid 140012057646848 -> core 4 - OK[0m[1;34m
[0m[1;34m	threadid 140012049254144 -> core 5 - OK[0m[1;34m
[0miterations: 200
Total iterations: 49600800 LUP
FLOP: 11
Total work: 545608800 FLOP
performance: 1.129681 GLUP/s
Performance in GFLOP/s: 12.426486
size: 250000
time: 0.043907
[1;34m[pthread wrapper] 
[0m[1;34m[pthread wrapper] MAIN -> 0
[0m[1;34m[pthread wrapper] PIN_MASK: [0m[1;34m0->1  [0m[1;34m1->2  [0m[1;34m2->3  [0m[1;34m3->4  [0m[1;34m4->5  [0m[1;34m
[pthread wrapper] SKIP MASK: 0x0
[0m[1;34m	threadid 139651583645440 -> core 1 - OK[0m[1;34m
[0m[1;34m	threadid 139651575252736 -> core 2 - OK[0m[1;34m
[0m[1;34m	threadid 139651566860032 -> core 3 - OK[0m[1;34m
[0m[1;34m	threadid 139651558467328 -> core 4 - OK[0m[1;34m
[0m[1;34m	threadid 139651550074624 -> core 5 - OK[0m[1;34m
[0miterations: 200
Total iterations: 49600800 LUP
FLOP: 11
Total work: 545608800 FLOP
performance: 1.126140 GLUP/s
Performance in GFLOP/s: 12.387539
size: 250000
time: 0.044045
[1;34m[pthread wrapper] 
[0m[1;34m[pthread wrapper] MAIN -> 0
[0m[1;34m[pthread wrapper] PIN_MASK: [0m[1;34m0->1  [0m[1;34m1->2  [0m[1;34m2->3  [0m[1;34m3->4  [0m[1;34m4->5  [0m[1;34m
[pthread wrapper] SKIP MASK: 0x0
[0m[1;34m	threadid 139859137787648 -> core 1 - OK[0m[1;34m
[0m[1;34m	threadid 139859129394944 -> core 2 - OK[0m[1;34m
[0m[1;34m	threadid 139859121002240 -> core 3 - OK[0m[1;34m
[0m[1;34m	threadid 139859112609536 -> core 4 - OK[0m[1;34m
[0m[1;34m	threadid 139859104216832 -> core 5 - OK[0m[1;34m
[0miterations: 200
Total iterations: 49600800 LUP
FLOP: 11
Total work: 545608800 FLOP
performance: 1.129067 GLUP/s
Performance in GFLOP/s: 12.419742
size: 250000
time: 0.043931
[1;34m[pthread wrapper] 
[0m[1;34m[pthread wrapper] MAIN -> 0
[0m[1;34m[pthread wrapper] PIN_MASK: [0m[1;34m0->1  [0m[1;34m1->2  [0m[1;34m2->3  [0m[1;34m3->4  [0m[1;34m4->5  [0m[1;34m
[pthread wrapper] SKIP MASK: 0x0
[0m[1;34m	threadid 139787795896064 -> core 1 - OK[0m[1;34m
[0m[1;34m	threadid 139787787503360 -> core 2 - OK[0m[1;34m
[0m[1;34m	threadid 139787779110656 -> core 3 - OK[0m[1;34m
[0m[1;34m	threadid 139787770717952 -> core 4 - OK[0m[1;34m
[0m[1;34m	threadid 139787762325248 -> core 5 - OK[0m[1;34m
[0miterations: 200
Total iterations: 49600800 LUP
FLOP: 11
Total work: 545608800 FLOP
performance: 1.128749 GLUP/s
Performance in GFLOP/s: 12.416238
size: 250000
time: 0.043943
[1;34m[pthread wrapper] 
[0m[1;34m[pthread wrapper] MAIN -> 0
[0m[1;34m[pthread wrapper] PIN_MASK: [0m[1;34m0->1  [0m[1;34m1->2  [0m[1;34m2->3  [0m[1;34m3->4  [0m[1;34m4->5  [0m[1;34m
[pthread wrapper] SKIP MASK: 0x0
[0m[1;34m	threadid 139797201733376 -> core 1 - OK[0m[1;34m
[0m[1;34m	threadid 139797193340672 -> core 2 - OK[0m[1;34m
[0m[1;34m	threadid 139797184947968 -> core 3 - OK[0m[1;34m
[0m[1;34m	threadid 139797176555264 -> core 4 - OK[0m[1;34m
[0m[1;34m	threadid 139797168162560 -> core 5 - OK[0m[1;34m
[0miterations: 200
Total iterations: 49600800 LUP
FLOP: 11
Total work: 545608800 FLOP
performance: 1.125318 GLUP/s
Performance in GFLOP/s: 12.378493
size: 250000
time: 0.044077
[1;34m[pthread wrapper] 
[0m[1;34m[pthread wrapper] MAIN -> 0
[0m[1;34m[pthread wrapper] PIN_MASK: [0m[1;34m0->1  [0m[1;34m1->2  [0m[1;34m2->3  [0m[1;34m3->4  [0m[1;34m4->5  [0m[1;34m
[pthread wrapper] SKIP MASK: 0x0
[0m[1;34m	threadid 140293803009792 -> core 1 - OK[0m[1;34m
[0m[1;34m	threadid 140293794617088 -> core 2 - OK[0m[1;34m
[0m[1;34m	threadid 140293786224384 -> core 3 - OK[0m[1;34m
[0m[1;34m	threadid 140293777831680 -> core 4 - OK[0m[1;34m
[0m[1;34m	threadid 140293769438976 -> core 5 - OK[0m[1;34m
[0miterations: 200
Total iterations: 49600800 LUP
FLOP: 11
Total work: 545608800 FLOP
performance: 1.125220 GLUP/s
Performance in GFLOP/s: 12.377422
size: 250000
time: 0.044081
