[1;34m[pthread wrapper] 
[0m[1;34m[pthread wrapper] MAIN -> 0
[0m[1;34m[pthread wrapper] PIN_MASK: [0m[1;34m0->1  [0m[1;34m1->2  [0m[1;34m2->3  [0m[1;34m3->4  [0m[1;34m4->5  [0m[1;34m5->6  [0m[1;34m6->7  [0m[1;34m7->8  [0m[1;34m8->9  [0m[1;34m9->10  [0m[1;34m10->11  [0m[1;34m11->12  [0m[1;34m12->13  [0m[1;34m13->14  [0m[1;34m14->15  [0m[1;34m15->16  [0m[1;34m16->17  [0m[1;34m17->18  [0m[1;34m18->19  [0m[1;34m
[pthread wrapper] SKIP MASK: 0x0
[0m[1;34m	threadid 140537910122240 -> core 1 - OK[0m[1;34m
[0m[1;34m	threadid 140537901729536 -> core 2 - OK[0m[1;34m
[0m[1;34m	threadid 140537893336832 -> core 3 - OK[0m[1;34m
[0m[1;34m	threadid 140537884944128 -> core 4 - OK[0m[1;34m
[0m[1;34m	threadid 140537876551424 -> core 5 - OK[0m[1;34m
[0m[1;34m	threadid 140537868158720 -> core 6 - OK[0m[1;34m
[0m[1;34m	threadid 140537859766016 -> core 7 - OK[0m[1;34m
[0m[1;34m	threadid 140537851373312 -> core 8 - OK[0m[1;34m
[0m[1;34m	threadid 140537842980608 -> core 9 - OK[0m[1;34m
[0m[1;34m	threadid 140537834587904 -> core 10 - OK[0m[1;34m
[0m[1;34m	threadid 140537826195200 -> core 11 - OK[0m[1;34m
[0m[1;34m	threadid 140537817802496 -> core 12 - OK[0m[1;34m
[0m[1;34m	threadid 140537809409792 -> core 13 - OK[0m[1;34m
[0m[1;34m	threadid 140537801017088 -> core 14 - OK[0m[1;34m
[0m[1;34m	threadid 140537792624384 -> core 15 - OK[0m[1;34m
[0m[1;34m	threadid 140537784231680 -> core 16 - OK[0m[1;34m
[0m[1;34m	threadid 140537775838976 -> core 17 - OK[0m[1;34m
[0m[1;34m	threadid 140537767446272 -> core 18 - OK[0m[1;34m
[0m[1;34m	threadid 140537759053568 -> core 19 - OK[0m[1;34m
[0miterations: 200
Total iterations: 49600800 LUP
FLOP: 11
Total work: 545608800 FLOP
performance: 3.283110 GLUP/s
Performance in GFLOP/s: 36.114210
size: 250000
time: 0.015108
[1;34m[pthread wrapper] 
[0m[1;34m[pthread wrapper] MAIN -> 0
[0m[1;34m[pthread wrapper] PIN_MASK: [0m[1;34m0->1  [0m[1;34m1->2  [0m[1;34m2->3  [0m[1;34m3->4  [0m[1;34m4->5  [0m[1;34m5->6  [0m[1;34m6->7  [0m[1;34m7->8  [0m[1;34m8->9  [0m[1;34m9->10  [0m[1;34m10->11  [0m[1;34m11->12  [0m[1;34m12->13  [0m[1;34m13->14  [0m[1;34m14->15  [0m[1;34m15->16  [0m[1;34m16->17  [0m[1;34m17->18  [0m[1;34m18->19  [0m[1;34m
[pthread wrapper] SKIP MASK: 0x0
[0m[1;34m	threadid 140492186937088 -> core 1 - OK[0m[1;34m
[0m[1;34m	threadid 140492178544384 -> core 2 - OK[0m[1;34m
[0m[1;34m	threadid 140492170151680 -> core 3 - OK[0m[1;34m
[0m[1;34m	threadid 140492161758976 -> core 4 - OK[0m[1;34m
[0m[1;34m	threadid 140492153366272 -> core 5 - OK[0m[1;34m
[0m[1;34m	threadid 140492144973568 -> core 6 - OK[0m[1;34m
[0m[1;34m	threadid 140492136580864 -> core 7 - OK[0m[1;34m
[0m[1;34m	threadid 140492128188160 -> core 8 - OK[0m[1;34m
[0m[1;34m	threadid 140492119795456 -> core 9 - OK[0m[1;34m
[0m[1;34m	threadid 140492111402752 -> core 10 - OK[0m[1;34m
[0m[1;34m	threadid 140492103010048 -> core 11 - OK[0m[1;34m
[0m[1;34m	threadid 140492094617344 -> core 12 - OK[0m[1;34m
[0m[1;34m	threadid 140492086224640 -> core 13 - OK[0m[1;34m
[0m[1;34m	threadid 140492077831936 -> core 14 - OK[0m[1;34m
[0m[1;34m	threadid 140492069439232 -> core 15 - OK[0m[1;34m
[0m[1;34m	threadid 140492061046528 -> core 16 - OK[0m[1;34m
[0m[1;34m	threadid 140492052653824 -> core 17 - OK[0m[1;34m
[0m[1;34m	threadid 140492044261120 -> core 18 - OK[0m[1;34m
[0m[1;34m	threadid 140492035868416 -> core 19 - OK[0m[1;34m
[0miterations: 200
Total iterations: 49600800 LUP
FLOP: 11
Total work: 545608800 FLOP
performance: 3.303389 GLUP/s
Performance in GFLOP/s: 36.337279
size: 250000
time: 0.015015
[1;34m[pthread wrapper] 
[0m[1;34m[pthread wrapper] MAIN -> 0
[0m[1;34m[pthread wrapper] PIN_MASK: [0m[1;34m0->1  [0m[1;34m1->2  [0m[1;34m2->3  [0m[1;34m3->4  [0m[1;34m4->5  [0m[1;34m5->6  [0m[1;34m6->7  [0m[1;34m7->8  [0m[1;34m8->9  [0m[1;34m9->10  [0m[1;34m10->11  [0m[1;34m11->12  [0m[1;34m12->13  [0m[1;34m13->14  [0m[1;34m14->15  [0m[1;34m15->16  [0m[1;34m16->17  [0m[1;34m17->18  [0m[1;34m18->19  [0m[1;34m
[pthread wrapper] SKIP MASK: 0x0
[0m[1;34m	threadid 140592017696512 -> core 1 - OK[0m[1;34m
[0m[1;34m	threadid 140592009303808 -> core 2 - OK[0m[1;34m
[0m[1;34m	threadid 140592000911104 -> core 3 - OK[0m[1;34m
[0m[1;34m	threadid 140591992518400 -> core 4 - OK[0m[1;34m
[0m[1;34m	threadid 140591984125696 -> core 5 - OK[0m[1;34m
[0m[1;34m	threadid 140591975732992 -> core 6 - OK[0m[1;34m
[0m[1;34m	threadid 140591967340288 -> core 7 - OK[0m[1;34m
[0m[1;34m	threadid 140591958947584 -> core 8 - OK[0m[1;34m
[0m[1;34m	threadid 140591950554880 -> core 9 - OK[0m[1;34m
[0m[1;34m	threadid 140591942162176 -> core 10 - OK[0m[1;34m
[0m[1;34m	threadid 140591933769472 -> core 11 - OK[0m[1;34m
[0m[1;34m	threadid 140591925376768 -> core 12 - OK[0m[1;34m
[0m[1;34m	threadid 140591916984064 -> core 13 - OK[0m[1;34m
[0m[1;34m	threadid 140591908591360 -> core 14 - OK[0m[1;34m
[0m[1;34m	threadid 140591900198656 -> core 15 - OK[0m[1;34m
[0m[1;34m	threadid 140591891805952 -> core 16 - OK[0m[1;34m
[0m[1;34m	threadid 140591883413248 -> core 17 - OK[0m[1;34m
[0m[1;34m	threadid 140591875020544 -> core 18 - OK[0m[1;34m
[0m[1;34m	threadid 140591866627840 -> core 19 - OK[0m[1;34m
[0miterations: 200
Total iterations: 49600800 LUP
FLOP: 11
Total work: 545608800 FLOP
performance: 3.294809 GLUP/s
Performance in GFLOP/s: 36.242900
size: 250000
time: 0.015054
[1;34m[pthread wrapper] 
[0m[1;34m[pthread wrapper] MAIN -> 0
[0m[1;34m[pthread wrapper] PIN_MASK: [0m[1;34m0->1  [0m[1;34m1->2  [0m[1;34m2->3  [0m[1;34m3->4  [0m[1;34m4->5  [0m[1;34m5->6  [0m[1;34m6->7  [0m[1;34m7->8  [0m[1;34m8->9  [0m[1;34m9->10  [0m[1;34m10->11  [0m[1;34m11->12  [0m[1;34m12->13  [0m[1;34m13->14  [0m[1;34m14->15  [0m[1;34m15->16  [0m[1;34m16->17  [0m[1;34m17->18  [0m[1;34m18->19  [0m[1;34m
[pthread wrapper] SKIP MASK: 0x0
[0m[1;34m	threadid 140206427985664 -> core 1 - OK[0m[1;34m
[0m[1;34m	threadid 140206419592960 -> core 2 - OK[0m[1;34m
[0m[1;34m	threadid 140206411200256 -> core 3 - OK[0m[1;34m
[0m[1;34m	threadid 140206402807552 -> core 4 - OK[0m[1;34m
[0m[1;34m	threadid 140206394414848 -> core 5 - OK[0m[1;34m
[0m[1;34m	threadid 140206386022144 -> core 6 - OK[0m[1;34m
[0m[1;34m	threadid 140206377629440 -> core 7 - OK[0m[1;34m
[0m[1;34m	threadid 140206369236736 -> core 8 - OK[0m[1;34m
[0m[1;34m	threadid 140206360844032 -> core 9 - OK[0m[1;34m
[0m[1;34m	threadid 140206352451328 -> core 10 - OK[0m[1;34m
[0m[1;34m	threadid 140206344058624 -> core 11 - OK[0m[1;34m
[0m[1;34m	threadid 140206335665920 -> core 12 - OK[0m[1;34m
[0m[1;34m	threadid 140206327273216 -> core 13 - OK[0m[1;34m
[0m[1;34m	threadid 140206318880512 -> core 14 - OK[0m[1;34m
[0m[1;34m	threadid 140206310487808 -> core 15 - OK[0m[1;34m
[0m[1;34m	threadid 140206302095104 -> core 16 - OK[0m[1;34m
[0m[1;34m	threadid 140206293702400 -> core 17 - OK[0m[1;34m
[0m[1;34m	threadid 140206285309696 -> core 18 - OK[0m[1;34m
[0m[1;34m	threadid 140206276916992 -> core 19 - OK[0m[1;34m
[0miterations: 200
Total iterations: 49600800 LUP
FLOP: 11
Total work: 545608800 FLOP
performance: 3.299041 GLUP/s
Performance in GFLOP/s: 36.289453
size: 250000
time: 0.015035
[1;34m[pthread wrapper] 
[0m[1;34m[pthread wrapper] MAIN -> 0
[0m[1;34m[pthread wrapper] PIN_MASK: [0m[1;34m0->1  [0m[1;34m1->2  [0m[1;34m2->3  [0m[1;34m3->4  [0m[1;34m4->5  [0m[1;34m5->6  [0m[1;34m6->7  [0m[1;34m7->8  [0m[1;34m8->9  [0m[1;34m9->10  [0m[1;34m10->11  [0m[1;34m11->12  [0m[1;34m12->13  [0m[1;34m13->14  [0m[1;34m14->15  [0m[1;34m15->16  [0m[1;34m16->17  [0m[1;34m17->18  [0m[1;34m18->19  [0m[1;34m
[pthread wrapper] SKIP MASK: 0x0
[0m[1;34m	threadid 140161386837760 -> core 1 - OK[0m[1;34m
[0m[1;34m	threadid 140161378445056 -> core 2 - OK[0m[1;34m
[0m[1;34m	threadid 140161370052352 -> core 3 - OK[0m[1;34m
[0m[1;34m	threadid 140161361659648 -> core 4 - OK[0m[1;34m
[0m[1;34m	threadid 140161353266944 -> core 5 - OK[0m[1;34m
[0m[1;34m	threadid 140161344874240 -> core 6 - OK[0m[1;34m
[0m[1;34m	threadid 140161336481536 -> core 7 - OK[0m[1;34m
[0m[1;34m	threadid 140161328088832 -> core 8 - OK[0m[1;34m
[0m[1;34m	threadid 140161319696128 -> core 9 - OK[0m[1;34m
[0m[1;34m	threadid 140161311303424 -> core 10 - OK[0m[1;34m
[0m[1;34m	threadid 140161302910720 -> core 11 - OK[0m[1;34m
[0m[1;34m	threadid 140161294518016 -> core 12 - OK[0m[1;34m
[0m[1;34m	threadid 140161286125312 -> core 13 - OK[0m[1;34m
[0m[1;34m	threadid 140161277732608 -> core 14 - OK[0m[1;34m
[0m[1;34m	threadid 140161269339904 -> core 15 - OK[0m[1;34m
[0m[1;34m	threadid 140161260947200 -> core 16 - OK[0m[1;34m
[0m[1;34m	threadid 140161252554496 -> core 17 - OK[0m[1;34m
[0m[1;34m	threadid 140161244161792 -> core 18 - OK[0m[1;34m
[0m[1;34m	threadid 140161235769088 -> core 19 - OK[0m[1;34m
[0miterations: 200
Total iterations: 49600800 LUP
FLOP: 11
Total work: 545608800 FLOP
performance: 3.285703 GLUP/s
Performance in GFLOP/s: 36.142729
size: 250000
time: 0.015096
[1;34m[pthread wrapper] 
[0m[1;34m[pthread wrapper] MAIN -> 0
[0m[1;34m[pthread wrapper] PIN_MASK: [0m[1;34m0->1  [0m[1;34m1->2  [0m[1;34m2->3  [0m[1;34m3->4  [0m[1;34m4->5  [0m[1;34m5->6  [0m[1;34m6->7  [0m[1;34m7->8  [0m[1;34m8->9  [0m[1;34m9->10  [0m[1;34m10->11  [0m[1;34m11->12  [0m[1;34m12->13  [0m[1;34m13->14  [0m[1;34m14->15  [0m[1;34m15->16  [0m[1;34m16->17  [0m[1;34m17->18  [0m[1;34m18->19  [0m[1;34m
[pthread wrapper] SKIP MASK: 0x0
[0m[1;34m	threadid 140037028386560 -> core 1 - OK[0m[1;34m
[0m[1;34m	threadid 140037019993856 -> core 2 - OK[0m[1;34m
[0m[1;34m	threadid 140037011601152 -> core 3 - OK[0m[1;34m
[0m[1;34m	threadid 140037003208448 -> core 4 - OK[0m[1;34m
[0m[1;34m	threadid 140036994815744 -> core 5 - OK[0m[1;34m
[0m[1;34m	threadid 140036986423040 -> core 6 - OK[0m[1;34m
[0m[1;34m	threadid 140036978030336 -> core 7 - OK[0m[1;34m
[0m[1;34m	threadid 140036969637632 -> core 8 - OK[0m[1;34m
[0m[1;34m	threadid 140036961244928 -> core 9 - OK[0m[1;34m
[0m[1;34m	threadid 140036952852224 -> core 10 - OK[0m[1;34m
[0m[1;34m	threadid 140036944459520 -> core 11 - OK[0m[1;34m
[0m[1;34m	threadid 140036936066816 -> core 12 - OK[0m[1;34m
[0m[1;34m	threadid 140036927674112 -> core 13 - OK[0m[1;34m
[0m[1;34m	threadid 140036919281408 -> core 14 - OK[0m[1;34m
[0m[1;34m	threadid 140036910888704 -> core 15 - OK[0m[1;34m
[0m[1;34m	threadid 140036902496000 -> core 16 - OK[0m[1;34m
[0m[1;34m	threadid 140036894103296 -> core 17 - OK[0m[1;34m
[0m[1;34m	threadid 140036885710592 -> core 18 - OK[0m[1;34m
[0m[1;34m	threadid 140036877317888 -> core 19 - OK[0m[1;34m
[0miterations: 200
Total iterations: 49600800 LUP
FLOP: 11
Total work: 545608800 FLOP
performance: 3.293140 GLUP/s
Performance in GFLOP/s: 36.224541
size: 250000
time: 0.015062
[1;34m[pthread wrapper] 
[0m[1;34m[pthread wrapper] MAIN -> 0
[0m[1;34m[pthread wrapper] PIN_MASK: [0m[1;34m0->1  [0m[1;34m1->2  [0m[1;34m2->3  [0m[1;34m3->4  [0m[1;34m4->5  [0m[1;34m5->6  [0m[1;34m6->7  [0m[1;34m7->8  [0m[1;34m8->9  [0m[1;34m9->10  [0m[1;34m10->11  [0m[1;34m11->12  [0m[1;34m12->13  [0m[1;34m13->14  [0m[1;34m14->15  [0m[1;34m15->16  [0m[1;34m16->17  [0m[1;34m17->18  [0m[1;34m18->19  [0m[1;34m
[pthread wrapper] SKIP MASK: 0x0
[0m[1;34m	threadid 139777019909888 -> core 1 - OK[0m[1;34m
[0m[1;34m	threadid 139777011517184 -> core 2 - OK[0m[1;34m
[0m[1;34m	threadid 139777003124480 -> core 3 - OK[0m[1;34m
[0m[1;34m	threadid 139776994731776 -> core 4 - OK[0m[1;34m
[0m[1;34m	threadid 139776986339072 -> core 5 - OK[0m[1;34m
[0m[1;34m	threadid 139776977946368 -> core 6 - OK[0m[1;34m
[0m[1;34m	threadid 139776969553664 -> core 7 - OK[0m[1;34m
[0m[1;34m	threadid 139776961160960 -> core 8 - OK[0m[1;34m
[0m[1;34m	threadid 139776952768256 -> core 9 - OK[0m[1;34m
[0m[1;34m	threadid 139776944375552 -> core 10 - OK[0m[1;34m
[0m[1;34m	threadid 139776935982848 -> core 11 - OK[0m[1;34m
[0m[1;34m	threadid 139776927590144 -> core 12 - OK[0m[1;34m
[0m[1;34m	threadid 139776919197440 -> core 13 - OK[0m[1;34m
[0m[1;34m	threadid 139776910804736 -> core 14 - OK[0m[1;34m
[0m[1;34m	threadid 139776902412032 -> core 15 - OK[0m[1;34m
[0m[1;34m	threadid 139776894019328 -> core 16 - OK[0m[1;34m
[0m[1;34m	threadid 139776885626624 -> core 17 - OK[0m[1;34m
[0m[1;34m	threadid 139776877233920 -> core 18 - OK[0m[1;34m
[0m[1;34m	threadid 139776868841216 -> core 19 - OK[0m[1;34m
[0miterations: 200
Total iterations: 49600800 LUP
FLOP: 11
Total work: 545608800 FLOP
performance: 3.304543 GLUP/s
Performance in GFLOP/s: 36.349977
size: 250000
time: 0.015010
[1;34m[pthread wrapper] 
[0m[1;34m[pthread wrapper] MAIN -> 0
[0m[1;34m[pthread wrapper] PIN_MASK: [0m[1;34m0->1  [0m[1;34m1->2  [0m[1;34m2->3  [0m[1;34m3->4  [0m[1;34m4->5  [0m[1;34m5->6  [0m[1;34m6->7  [0m[1;34m7->8  [0m[1;34m8->9  [0m[1;34m9->10  [0m[1;34m10->11  [0m[1;34m11->12  [0m[1;34m12->13  [0m[1;34m13->14  [0m[1;34m14->15  [0m[1;34m15->16  [0m[1;34m16->17  [0m[1;34m17->18  [0m[1;34m18->19  [0m[1;34m
[pthread wrapper] SKIP MASK: 0x0
[0m[1;34m	threadid 139887122638592 -> core 1 - OK[0m[1;34m
[0m[1;34m	threadid 139887114245888 -> core 2 - OK[0m[1;34m
[0m[1;34m	threadid 139887105853184 -> core 3 - OK[0m[1;34m
[0m[1;34m	threadid 139887097460480 -> core 4 - OK[0m[1;34m
[0m[1;34m	threadid 139887089067776 -> core 5 - OK[0m[1;34m
[0m[1;34m	threadid 139887080675072 -> core 6 - OK[0m[1;34m
[0m[1;34m	threadid 139887072282368 -> core 7 - OK[0m[1;34m
[0m[1;34m	threadid 139887063889664 -> core 8 - OK[0m[1;34m
[0m[1;34m	threadid 139887055496960 -> core 9 - OK[0m[1;34m
[0m[1;34m	threadid 139887047104256 -> core 10 - OK[0m[1;34m
[0m[1;34m	threadid 139887038711552 -> core 11 - OK[0m[1;34m
[0m[1;34m	threadid 139887030318848 -> core 12 - OK[0m[1;34m
[0m[1;34m	threadid 139887021926144 -> core 13 - OK[0m[1;34m
[0m[1;34m	threadid 139887013533440 -> core 14 - OK[0m[1;34m
[0m[1;34m	threadid 139887005140736 -> core 15 - OK[0m[1;34m
[0m[1;34m	threadid 139886996748032 -> core 16 - OK[0m[1;34m
[0m[1;34m	threadid 139886988355328 -> core 17 - OK[0m[1;34m
[0m[1;34m	threadid 139886979962624 -> core 18 - OK[0m[1;34m
[0m[1;34m	threadid 139886971569920 -> core 19 - OK[0m[1;34m
[0miterations: 200
Total iterations: 49600800 LUP
FLOP: 11
Total work: 545608800 FLOP
performance: 3.273089 GLUP/s
Performance in GFLOP/s: 36.003983
size: 250000
time: 0.015154
[1;34m[pthread wrapper] 
[0m[1;34m[pthread wrapper] MAIN -> 0
[0m[1;34m[pthread wrapper] PIN_MASK: [0m[1;34m0->1  [0m[1;34m1->2  [0m[1;34m2->3  [0m[1;34m3->4  [0m[1;34m4->5  [0m[1;34m5->6  [0m[1;34m6->7  [0m[1;34m7->8  [0m[1;34m8->9  [0m[1;34m9->10  [0m[1;34m10->11  [0m[1;34m11->12  [0m[1;34m12->13  [0m[1;34m13->14  [0m[1;34m14->15  [0m[1;34m15->16  [0m[1;34m16->17  [0m[1;34m17->18  [0m[1;34m18->19  [0m[1;34m
[pthread wrapper] SKIP MASK: 0x0
[0m[1;34m	threadid 140602618971904 -> core 1 - OK[0m[1;34m
[0m[1;34m	threadid 140602610579200 -> core 2 - OK[0m[1;34m
[0m[1;34m	threadid 140602602186496 -> core 3 - OK[0m[1;34m
[0m[1;34m	threadid 140602593793792 -> core 4 - OK[0m[1;34m
[0m[1;34m	threadid 140602585401088 -> core 5 - OK[0m[1;34m
[0m[1;34m	threadid 140602577008384 -> core 6 - OK[0m[1;34m
[0m[1;34m	threadid 140602568615680 -> core 7 - OK[0m[1;34m
[0m[1;34m	threadid 140602560222976 -> core 8 - OK[0m[1;34m
[0m[1;34m	threadid 140602551830272 -> core 9 - OK[0m[1;34m
[0m[1;34m	threadid 140602543437568 -> core 10 - OK[0m[1;34m
[0m[1;34m	threadid 140602535044864 -> core 11 - OK[0m[1;34m
[0m[1;34m	threadid 140602526652160 -> core 12 - OK[0m[1;34m
[0m[1;34m	threadid 140602518259456 -> core 13 - OK[0m[1;34m
[0m[1;34m	threadid 140602509866752 -> core 14 - OK[0m[1;34m
[0m[1;34m	threadid 140602501474048 -> core 15 - OK[0m[1;34m
[0m[1;34m	threadid 140602493081344 -> core 16 - OK[0m[1;34m
[0m[1;34m	threadid 140602484688640 -> core 17 - OK[0m[1;34m
[0m[1;34m	threadid 140602476295936 -> core 18 - OK[0m[1;34m
[0m[1;34m	threadid 140602467903232 -> core 19 - OK[0m[1;34m
[0miterations: 200
Total iterations: 49600800 LUP
FLOP: 11
Total work: 545608800 FLOP
performance: 3.277885 GLUP/s
Performance in GFLOP/s: 36.056740
size: 250000
time: 0.015132
[1;34m[pthread wrapper] 
[0m[1;34m[pthread wrapper] MAIN -> 0
[0m[1;34m[pthread wrapper] PIN_MASK: [0m[1;34m0->1  [0m[1;34m1->2  [0m[1;34m2->3  [0m[1;34m3->4  [0m[1;34m4->5  [0m[1;34m5->6  [0m[1;34m6->7  [0m[1;34m7->8  [0m[1;34m8->9  [0m[1;34m9->10  [0m[1;34m10->11  [0m[1;34m11->12  [0m[1;34m12->13  [0m[1;34m13->14  [0m[1;34m14->15  [0m[1;34m15->16  [0m[1;34m16->17  [0m[1;34m17->18  [0m[1;34m18->19  [0m[1;34m
[pthread wrapper] SKIP MASK: 0x0
[0m[1;34m	threadid 139801742702336 -> core 1 - OK[0m[1;34m
[0m[1;34m	threadid 139801734309632 -> core 2 - OK[0m[1;34m
[0m[1;34m	threadid 139801725916928 -> core 3 - OK[0m[1;34m
[0m[1;34m	threadid 139801717524224 -> core 4 - OK[0m[1;34m
[0m[1;34m	threadid 139801709131520 -> core 5 - OK[0m[1;34m
[0m[1;34m	threadid 139801700738816 -> core 6 - OK[0m[1;34m
[0m[1;34m	threadid 139801692346112 -> core 7 - OK[0m[1;34m
[0m[1;34m	threadid 139801683953408 -> core 8 - OK[0m[1;34m
[0m[1;34m	threadid 139801675560704 -> core 9 - OK[0m[1;34m
[0m[1;34m	threadid 139801667168000 -> core 10 - OK[0m[1;34m
[0m[1;34m	threadid 139801658775296 -> core 11 - OK[0m[1;34m
[0m[1;34m	threadid 139801650382592 -> core 12 - OK[0m[1;34m
[0m[1;34m	threadid 139801641989888 -> core 13 - OK[0m[1;34m
[0m[1;34m	threadid 139801633597184 -> core 14 - OK[0m[1;34m
[0m[1;34m	threadid 139801625204480 -> core 15 - OK[0m[1;34m
[0m[1;34m	threadid 139801616811776 -> core 16 - OK[0m[1;34m
[0m[1;34m	threadid 139801608419072 -> core 17 - OK[0m[1;34m
[0m[1;34m	threadid 139801600026368 -> core 18 - OK[0m[1;34m
[0m[1;34m	threadid 139801591633664 -> core 19 - OK[0m[1;34m
[0miterations: 200
Total iterations: 49600800 LUP
FLOP: 11
Total work: 545608800 FLOP
performance: 3.305856 GLUP/s
Performance in GFLOP/s: 36.364418
size: 250000
time: 0.015004
