iterations: 200
Total iterations: 49600800 LUP
FLOP: 11
Total work: 545608800 FLOP
performance: 0.217019 GLUP/s
Performance in GFLOP/s: 2.387210
size: 250000
time: 0.228555
[1;34m[likwid-pin] Main PID -> core 0 - OK[0m
iterations: 200
Total iterations: 49600800 LUP
FLOP: 11
Total work: 545608800 FLOP
performance: 0.217309 GLUP/s
Performance in GFLOP/s: 2.390400
size: 250000
time: 0.228250
[1;34m[likwid-pin] Main PID -> core 0 - OK[0m
iterations: 200
Total iterations: 49600800 LUP
FLOP: 11
Total work: 545608800 FLOP
performance: 0.216345 GLUP/s
Performance in GFLOP/s: 2.379795
size: 250000
time: 0.229267
[1;34m[likwid-pin] Main PID -> core 0 - OK[0m
iterations: 200
Total iterations: 49600800 LUP
FLOP: 11
Total work: 545608800 FLOP
performance: 0.217537 GLUP/s
Performance in GFLOP/s: 2.392904
size: 250000
time: 0.228011
[1;34m[likwid-pin] Main PID -> core 0 - OK[0m
iterations: 200
Total iterations: 49600800 LUP
FLOP: 11
Total work: 545608800 FLOP
performance: 0.217991 GLUP/s
Performance in GFLOP/s: 2.397901
size: 250000
time: 0.227536
[1;34m[likwid-pin] Main PID -> core 0 - OK[0m
iterations: 200
Total iterations: 49600800 LUP
FLOP: 11
Total work: 545608800 FLOP
performance: 0.187196 GLUP/s
Performance in GFLOP/s: 2.059158
size: 250000
time: 0.264967
[1;34m[likwid-pin] Main PID -> core 0 - OK[0m
iterations: 200
Total iterations: 49600800 LUP
FLOP: 11
Total work: 545608800 FLOP
performance: 0.217551 GLUP/s
Performance in GFLOP/s: 2.393064
size: 250000
time: 0.227996
[1;34m[likwid-pin] Main PID -> core 0 - OK[0m
iterations: 200
Total iterations: 49600800 LUP
FLOP: 11
Total work: 545608800 FLOP
performance: 0.218026 GLUP/s
Performance in GFLOP/s: 2.398281
size: 250000
time: 0.227500
[1;34m[likwid-pin] Main PID -> core 0 - OK[0m
iterations: 200
Total iterations: 49600800 LUP
FLOP: 11
Total work: 545608800 FLOP
performance: 0.217672 GLUP/s
Performance in GFLOP/s: 2.394396
size: 250000
time: 0.227869
[1;34m[likwid-pin] Main PID -> core 0 - OK[0m
iterations: 200
Total iterations: 49600800 LUP
FLOP: 11
Total work: 545608800 FLOP
performance: 0.217549 GLUP/s
Performance in GFLOP/s: 2.393042
size: 250000
time: 0.227998
[1;34m[likwid-pin] Main PID -> core 0 - OK[0m
