[1;34m[pthread wrapper] 
[0m[1;34m[pthread wrapper] MAIN -> 0
[0m[1;34m[pthread wrapper] PIN_MASK: [0m[1;34m0->1  [0m[1;34m1->2  [0m[1;34m2->3  [0m[1;34m3->4  [0m[1;34m4->5  [0m[1;34m5->6  [0m[1;34m6->7  [0m[1;34m7->10  [0m[1;34m8->11  [0m[1;34m9->12  [0m[1;34m10->13  [0m[1;34m11->14  [0m[1;34m12->15  [0m[1;34m13->16  [0m[1;34m14->17  [0m[1;34m
[pthread wrapper] SKIP MASK: 0x0
[0m[1;34m	threadid 140036828931840 -> core 1 - OK[0m[1;34m
[0m[1;34m	threadid 140036820539136 -> core 2 - OK[0m[1;34m
[0m[1;34m	threadid 140036812146432 -> core 3 - OK[0m[1;34m
[0m[1;34m	threadid 140036803753728 -> core 4 - OK[0m[1;34m
[0m[1;34m	threadid 140036795361024 -> core 5 - OK[0m[1;34m
[0m[1;34m	threadid 140036786968320 -> core 6 - OK[0m[1;34m
[0m[1;34m	threadid 140036778575616 -> core 7 - OK[0m[1;34m
[0m[1;34m	threadid 140036770182912 -> core 10 - OK[0m[1;34m
[0m[1;34m	threadid 140036761790208 -> core 11 - OK[0m[1;34m
[0m[1;34m	threadid 140036753397504 -> core 12 - OK[0m[1;34m
[0m[1;34m	threadid 140036745004800 -> core 13 - OK[0m[1;34m
[0m[1;34m	threadid 140036736612096 -> core 14 - OK[0m[1;34m
[0m[1;34m	threadid 140036728219392 -> core 15 - OK[0m[1;34m
[0m[1;34m	threadid 140036719826688 -> core 16 - OK[0m[1;34m
[0m[1;34m	threadid 140036711433984 -> core 17 - OK[0m[1;34m
[0miterations: 200
Total iterations: 1797600800 LUP
FLOP: 11
Total work: 19773608800 FLOP
performance: 2.597509 GLUP/s
Performance in GFLOP/s: 28.572604
size: 9000000
time: 0.692048
[1;34m[pthread wrapper] 
[0m[1;34m[pthread wrapper] MAIN -> 0
[0m[1;34m[pthread wrapper] PIN_MASK: [0m[1;34m0->1  [0m[1;34m1->2  [0m[1;34m2->3  [0m[1;34m3->4  [0m[1;34m4->5  [0m[1;34m5->6  [0m[1;34m6->7  [0m[1;34m7->10  [0m[1;34m8->11  [0m[1;34m9->12  [0m[1;34m10->13  [0m[1;34m11->14  [0m[1;34m12->15  [0m[1;34m13->16  [0m[1;34m14->17  [0m[1;34m
[pthread wrapper] SKIP MASK: 0x0
[0m[1;34m	threadid 139653615650560 -> core 1 - OK[0m[1;34m
[0m[1;34m	threadid 139653607257856 -> core 2 - OK[0m[1;34m
[0m[1;34m	threadid 139653598865152 -> core 3 - OK[0m[1;34m
[0m[1;34m	threadid 139653590472448 -> core 4 - OK[0m[1;34m
[0m[1;34m	threadid 139653582079744 -> core 5 - OK[0m[1;34m
[0m[1;34m	threadid 139653573687040 -> core 6 - OK[0m[1;34m
[0m[1;34m	threadid 139653565294336 -> core 7 - OK[0m[1;34m
[0m[1;34m	threadid 139653556901632 -> core 10 - OK[0m[1;34m
[0m[1;34m	threadid 139653548508928 -> core 11 - OK[0m[1;34m
[0m[1;34m	threadid 139653540116224 -> core 12 - OK[0m[1;34m
[0m[1;34m	threadid 139653531723520 -> core 13 - OK[0m[1;34m
[0m[1;34m	threadid 139653523330816 -> core 14 - OK[0m[1;34m
[0m[1;34m	threadid 139653514938112 -> core 15 - OK[0m[1;34m
[0m[1;34m	threadid 139653506545408 -> core 16 - OK[0m[1;34m
[0m[1;34m	threadid 139653498152704 -> core 17 - OK[0m[1;34m
[0miterations: 200
Total iterations: 1797600800 LUP
FLOP: 11
Total work: 19773608800 FLOP
performance: 2.450242 GLUP/s
Performance in GFLOP/s: 26.952664
size: 9000000
time: 0.733642
[1;34m[pthread wrapper] 
[0m[1;34m[pthread wrapper] MAIN -> 0
[0m[1;34m[pthread wrapper] PIN_MASK: [0m[1;34m0->1  [0m[1;34m1->2  [0m[1;34m2->3  [0m[1;34m3->4  [0m[1;34m4->5  [0m[1;34m5->6  [0m[1;34m6->7  [0m[1;34m7->10  [0m[1;34m8->11  [0m[1;34m9->12  [0m[1;34m10->13  [0m[1;34m11->14  [0m[1;34m12->15  [0m[1;34m13->16  [0m[1;34m14->17  [0m[1;34m
[pthread wrapper] SKIP MASK: 0x0
[0m[1;34m	threadid 140221941950208 -> core 1 - OK[0m[1;34m
[0m[1;34m	threadid 140221933557504 -> core 2 - OK[0m[1;34m
[0m[1;34m	threadid 140221925164800 -> core 3 - OK[0m[1;34m
[0m[1;34m	threadid 140221916772096 -> core 4 - OK[0m[1;34m
[0m[1;34m	threadid 140221908379392 -> core 5 - OK[0m[1;34m
[0m[1;34m	threadid 140221899986688 -> core 6 - OK[0m[1;34m
[0m[1;34m	threadid 140221891593984 -> core 7 - OK[0m[1;34m
[0m[1;34m	threadid 140221883201280 -> core 10 - OK[0m[1;34m
[0m[1;34m	threadid 140221874808576 -> core 11 - OK[0m[1;34m
[0m[1;34m	threadid 140221866415872 -> core 12 - OK[0m[1;34m
[0m[1;34m	threadid 140221858023168 -> core 13 - OK[0m[1;34m
[0m[1;34m	threadid 140221849630464 -> core 14 - OK[0m[1;34m
[0m[1;34m	threadid 140221841237760 -> core 15 - OK[0m[1;34m
[0m[1;34m	threadid 140221832845056 -> core 16 - OK[0m[1;34m
[0m[1;34m	threadid 140221824452352 -> core 17 - OK[0m[1;34m
[0miterations: 200
Total iterations: 1797600800 LUP
FLOP: 11
Total work: 19773608800 FLOP
performance: 2.559916 GLUP/s
Performance in GFLOP/s: 28.159074
size: 9000000
time: 0.702211
[1;34m[pthread wrapper] 
[0m[1;34m[pthread wrapper] MAIN -> 0
[0m[1;34m[pthread wrapper] PIN_MASK: [0m[1;34m0->1  [0m[1;34m1->2  [0m[1;34m2->3  [0m[1;34m3->4  [0m[1;34m4->5  [0m[1;34m5->6  [0m[1;34m6->7  [0m[1;34m7->10  [0m[1;34m8->11  [0m[1;34m9->12  [0m[1;34m10->13  [0m[1;34m11->14  [0m[1;34m12->15  [0m[1;34m13->16  [0m[1;34m14->17  [0m[1;34m
[pthread wrapper] SKIP MASK: 0x0
[0m[1;34m	threadid 140707431798528 -> core 1 - OK[0m[1;34m
[0m[1;34m	threadid 140707423405824 -> core 2 - OK[0m[1;34m
[0m[1;34m	threadid 140707415013120 -> core 3 - OK[0m[1;34m
[0m[1;34m	threadid 140707406620416 -> core 4 - OK[0m[1;34m
[0m[1;34m	threadid 140707398227712 -> core 5 - OK[0m[1;34m
[0m[1;34m	threadid 140707389835008 -> core 6 - OK[0m[1;34m
[0m[1;34m	threadid 140707381442304 -> core 7 - OK[0m[1;34m
[0m[1;34m	threadid 140707373049600 -> core 10 - OK[0m[1;34m
[0m[1;34m	threadid 140707364656896 -> core 11 - OK[0m[1;34m
[0m[1;34m	threadid 140707356264192 -> core 12 - OK[0m[1;34m
[0m[1;34m	threadid 140707347871488 -> core 13 - OK[0m[1;34m
[0m[1;34m	threadid 140707339478784 -> core 14 - OK[0m[1;34m
[0m[1;34m	threadid 140707331086080 -> core 15 - OK[0m[1;34m
[0m[1;34m	threadid 140707322693376 -> core 16 - OK[0m[1;34m
[0m[1;34m	threadid 140707314300672 -> core 17 - OK[0m[1;34m
[0miterations: 200
Total iterations: 1797600800 LUP
FLOP: 11
Total work: 19773608800 FLOP
performance: 2.597138 GLUP/s
Performance in GFLOP/s: 28.568520
size: 9000000
time: 0.692147
[1;34m[pthread wrapper] 
[0m[1;34m[pthread wrapper] MAIN -> 0
[0m[1;34m[pthread wrapper] PIN_MASK: [0m[1;34m0->1  [0m[1;34m1->2  [0m[1;34m2->3  [0m[1;34m3->4  [0m[1;34m4->5  [0m[1;34m5->6  [0m[1;34m6->7  [0m[1;34m7->10  [0m[1;34m8->11  [0m[1;34m9->12  [0m[1;34m10->13  [0m[1;34m11->14  [0m[1;34m12->15  [0m[1;34m13->16  [0m[1;34m14->17  [0m[1;34m
[pthread wrapper] SKIP MASK: 0x0
[0m[1;34m	threadid 139949056993024 -> core 1 - OK[0m[1;34m
[0m[1;34m	threadid 139949048600320 -> core 2 - OK[0m[1;34m
[0m[1;34m	threadid 139949040207616 -> core 3 - OK[0m[1;34m
[0m[1;34m	threadid 139949031814912 -> core 4 - OK[0m[1;34m
[0m[1;34m	threadid 139949023422208 -> core 5 - OK[0m[1;34m
[0m[1;34m	threadid 139949015029504 -> core 6 - OK[0m[1;34m
[0m[1;34m	threadid 139949006636800 -> core 7 - OK[0m[1;34m
[0m[1;34m	threadid 139948998244096 -> core 10 - OK[0m[1;34m
[0m[1;34m	threadid 139948989851392 -> core 11 - OK[0m[1;34m
[0m[1;34m	threadid 139948981458688 -> core 12 - OK[0m[1;34m
[0m[1;34m	threadid 139948973065984 -> core 13 - OK[0m[1;34m
[0m[1;34m	threadid 139948964673280 -> core 14 - OK[0m[1;34m
[0m[1;34m	threadid 139948956280576 -> core 15 - OK[0m[1;34m
[0m[1;34m	threadid 139948947887872 -> core 16 - OK[0m[1;34m
[0m[1;34m	threadid 139948939495168 -> core 17 - OK[0m[1;34m
[0miterations: 200
Total iterations: 1797600800 LUP
FLOP: 11
Total work: 19773608800 FLOP
performance: 2.481458 GLUP/s
Performance in GFLOP/s: 27.296038
size: 9000000
time: 0.724413
[1;34m[pthread wrapper] 
[0m[1;34m[pthread wrapper] MAIN -> 0
[0m[1;34m[pthread wrapper] PIN_MASK: [0m[1;34m0->1  [0m[1;34m1->2  [0m[1;34m2->3  [0m[1;34m3->4  [0m[1;34m4->5  [0m[1;34m5->6  [0m[1;34m6->7  [0m[1;34m7->10  [0m[1;34m8->11  [0m[1;34m9->12  [0m[1;34m10->13  [0m[1;34m11->14  [0m[1;34m12->15  [0m[1;34m13->16  [0m[1;34m14->17  [0m[1;34m
[pthread wrapper] SKIP MASK: 0x0
[0m[1;34m	threadid 140033230726912 -> core 1 - OK[0m[1;34m
[0m[1;34m	threadid 140033222334208 -> core 2 - OK[0m[1;34m
[0m[1;34m	threadid 140033213941504 -> core 3 - OK[0m[1;34m
[0m[1;34m	threadid 140033205548800 -> core 4 - OK[0m[1;34m
[0m[1;34m	threadid 140033197156096 -> core 5 - OK[0m[1;34m
[0m[1;34m	threadid 140033188763392 -> core 6 - OK[0m[1;34m
[0m[1;34m	threadid 140033180370688 -> core 7 - OK[0m[1;34m
[0m[1;34m	threadid 140033171977984 -> core 10 - OK[0m[1;34m
[0m[1;34m	threadid 140033163585280 -> core 11 - OK[0m[1;34m
[0m[1;34m	threadid 140033155192576 -> core 12 - OK[0m[1;34m
[0m[1;34m	threadid 140033146799872 -> core 13 - OK[0m[1;34m
[0m[1;34m	threadid 140033138407168 -> core 14 - OK[0m[1;34m
[0m[1;34m	threadid 140033130014464 -> core 15 - OK[0m[1;34m
[0m[1;34m	threadid 140033121621760 -> core 16 - OK[0m[1;34m
[0m[1;34m	threadid 140033113229056 -> core 17 - OK[0m[1;34m
[0miterations: 200
Total iterations: 1797600800 LUP
FLOP: 11
Total work: 19773608800 FLOP
performance: 2.597269 GLUP/s
Performance in GFLOP/s: 28.569956
size: 9000000
time: 0.692112
[1;34m[pthread wrapper] 
[0m[1;34m[pthread wrapper] MAIN -> 0
[0m[1;34m[pthread wrapper] PIN_MASK: [0m[1;34m0->1  [0m[1;34m1->2  [0m[1;34m2->3  [0m[1;34m3->4  [0m[1;34m4->5  [0m[1;34m5->6  [0m[1;34m6->7  [0m[1;34m7->10  [0m[1;34m8->11  [0m[1;34m9->12  [0m[1;34m10->13  [0m[1;34m11->14  [0m[1;34m12->15  [0m[1;34m13->16  [0m[1;34m14->17  [0m[1;34m
[pthread wrapper] SKIP MASK: 0x0
[0m[1;34m	threadid 140181532014336 -> core 1 - OK[0m[1;34m
[0m[1;34m	threadid 140181523621632 -> core 2 - OK[0m[1;34m
[0m[1;34m	threadid 140181515228928 -> core 3 - OK[0m[1;34m
[0m[1;34m	threadid 140181506836224 -> core 4 - OK[0m[1;34m
[0m[1;34m	threadid 140181498443520 -> core 5 - OK[0m[1;34m
[0m[1;34m	threadid 140181490050816 -> core 6 - OK[0m[1;34m
[0m[1;34m	threadid 140181481658112 -> core 7 - OK[0m[1;34m
[0m[1;34m	threadid 140181473265408 -> core 10 - OK[0m[1;34m
[0m[1;34m	threadid 140181464872704 -> core 11 - OK[0m[1;34m
[0m[1;34m	threadid 140181456480000 -> core 12 - OK[0m[1;34m
[0m[1;34m	threadid 140181448087296 -> core 13 - OK[0m[1;34m
[0m[1;34m	threadid 140181439694592 -> core 14 - OK[0m[1;34m
[0m[1;34m	threadid 140181431301888 -> core 15 - OK[0m[1;34m
[0m[1;34m	threadid 140181422909184 -> core 16 - OK[0m[1;34m
[0m[1;34m	threadid 140181414516480 -> core 17 - OK[0m[1;34m
[0miterations: 200
Total iterations: 1797600800 LUP
FLOP: 11
Total work: 19773608800 FLOP
performance: 2.566201 GLUP/s
Performance in GFLOP/s: 28.228214
size: 9000000
time: 0.700491
[1;34m[pthread wrapper] 
[0m[1;34m[pthread wrapper] MAIN -> 0
[0m[1;34m[pthread wrapper] PIN_MASK: [0m[1;34m0->1  [0m[1;34m1->2  [0m[1;34m2->3  [0m[1;34m3->4  [0m[1;34m4->5  [0m[1;34m5->6  [0m[1;34m6->7  [0m[1;34m7->10  [0m[1;34m8->11  [0m[1;34m9->12  [0m[1;34m10->13  [0m[1;34m11->14  [0m[1;34m12->15  [0m[1;34m13->16  [0m[1;34m14->17  [0m[1;34m
[pthread wrapper] SKIP MASK: 0x0
[0m[1;34m	threadid 140489409984256 -> core 1 - OK[0m[1;34m
[0m[1;34m	threadid 140489401591552 -> core 2 - OK[0m[1;34m
[0m[1;34m	threadid 140489393198848 -> core 3 - OK[0m[1;34m
[0m[1;34m	threadid 140489384806144 -> core 4 - OK[0m[1;34m
[0m[1;34m	threadid 140489376413440 -> core 5 - OK[0m[1;34m
[0m[1;34m	threadid 140489368020736 -> core 6 - OK[0m[1;34m
[0m[1;34m	threadid 140489359628032 -> core 7 - OK[0m[1;34m
[0m[1;34m	threadid 140489351235328 -> core 10 - OK[0m[1;34m
[0m[1;34m	threadid 140489342842624 -> core 11 - OK[0m[1;34m
[0m[1;34m	threadid 140489334449920 -> core 12 - OK[0m[1;34m
[0m[1;34m	threadid 140489326057216 -> core 13 - OK[0m[1;34m
[0m[1;34m	threadid 140489317664512 -> core 14 - OK[0m[1;34m
[0m[1;34m	threadid 140489309271808 -> core 15 - OK[0m[1;34m
[0m[1;34m	threadid 140489300879104 -> core 16 - OK[0m[1;34m
[0m[1;34m	threadid 140489292486400 -> core 17 - OK[0m[1;34m
[0miterations: 200
Total iterations: 1797600800 LUP
FLOP: 11
Total work: 19773608800 FLOP
performance: 2.456074 GLUP/s
Performance in GFLOP/s: 27.016810
size: 9000000
time: 0.731900
[1;34m[pthread wrapper] 
[0m[1;34m[pthread wrapper] MAIN -> 0
[0m[1;34m[pthread wrapper] PIN_MASK: [0m[1;34m0->1  [0m[1;34m1->2  [0m[1;34m2->3  [0m[1;34m3->4  [0m[1;34m4->5  [0m[1;34m5->6  [0m[1;34m6->7  [0m[1;34m7->10  [0m[1;34m8->11  [0m[1;34m9->12  [0m[1;34m10->13  [0m[1;34m11->14  [0m[1;34m12->15  [0m[1;34m13->16  [0m[1;34m14->17  [0m[1;34m
[pthread wrapper] SKIP MASK: 0x0
[0m[1;34m	threadid 140593574827776 -> core 1 - OK[0m[1;34m
[0m[1;34m	threadid 140593566435072 -> core 2 - OK[0m[1;34m
[0m[1;34m	threadid 140593558042368 -> core 3 - OK[0m[1;34m
[0m[1;34m	threadid 140593549649664 -> core 4 - OK[0m[1;34m
[0m[1;34m	threadid 140593541256960 -> core 5 - OK[0m[1;34m
[0m[1;34m	threadid 140593532864256 -> core 6 - OK[0m[1;34m
[0m[1;34m	threadid 140593524471552 -> core 7 - OK[0m[1;34m
[0m[1;34m	threadid 140593516078848 -> core 10 - OK[0m[1;34m
[0m[1;34m	threadid 140593507686144 -> core 11 - OK[0m[1;34m
[0m[1;34m	threadid 140593499293440 -> core 12 - OK[0m[1;34m
[0m[1;34m	threadid 140593490900736 -> core 13 - OK[0m[1;34m
[0m[1;34m	threadid 140593482508032 -> core 14 - OK[0m[1;34m
[0m[1;34m	threadid 140593474115328 -> core 15 - OK[0m[1;34m
[0m[1;34m	threadid 140593465722624 -> core 16 - OK[0m[1;34m
[0m[1;34m	threadid 140593457329920 -> core 17 - OK[0m[1;34m
[0miterations: 200
Total iterations: 1797600800 LUP
FLOP: 11
Total work: 19773608800 FLOP
performance: 2.598692 GLUP/s
Performance in GFLOP/s: 28.585613
size: 9000000
time: 0.691733
[1;34m[pthread wrapper] 
[0m[1;34m[pthread wrapper] MAIN -> 0
[0m[1;34m[pthread wrapper] PIN_MASK: [0m[1;34m0->1  [0m[1;34m1->2  [0m[1;34m2->3  [0m[1;34m3->4  [0m[1;34m4->5  [0m[1;34m5->6  [0m[1;34m6->7  [0m[1;34m7->10  [0m[1;34m8->11  [0m[1;34m9->12  [0m[1;34m10->13  [0m[1;34m11->14  [0m[1;34m12->15  [0m[1;34m13->16  [0m[1;34m14->17  [0m[1;34m
[pthread wrapper] SKIP MASK: 0x0
[0m[1;34m	threadid 139926962394880 -> core 1 - OK[0m[1;34m
[0m[1;34m	threadid 139926954002176 -> core 2 - OK[0m[1;34m
[0m[1;34m	threadid 139926945609472 -> core 3 - OK[0m[1;34m
[0m[1;34m	threadid 139926937216768 -> core 4 - OK[0m[1;34m
[0m[1;34m	threadid 139926928824064 -> core 5 - OK[0m[1;34m
[0m[1;34m	threadid 139926920431360 -> core 6 - OK[0m[1;34m
[0m[1;34m	threadid 139926912038656 -> core 7 - OK[0m[1;34m
[0m[1;34m	threadid 139926903645952 -> core 10 - OK[0m[1;34m
[0m[1;34m	threadid 139926895253248 -> core 11 - OK[0m[1;34m
[0m[1;34m	threadid 139926886860544 -> core 12 - OK[0m[1;34m
[0m[1;34m	threadid 139926878467840 -> core 13 - OK[0m[1;34m
[0m[1;34m	threadid 139926870075136 -> core 14 - OK[0m[1;34m
[0m[1;34m	threadid 139926861682432 -> core 15 - OK[0m[1;34m
[0m[1;34m	threadid 139926853289728 -> core 16 - OK[0m[1;34m
[0m[1;34m	threadid 139926844897024 -> core 17 - OK[0m[1;34m
[0miterations: 200
Total iterations: 1797600800 LUP
FLOP: 11
Total work: 19773608800 FLOP
performance: 2.595911 GLUP/s
Performance in GFLOP/s: 28.555024
size: 9000000
time: 0.692474
