iterations: 100
Total iterations: 898800400 LUP
FLOP: 11
Total work: 9886804400 FLOP
performance: 0.258413 GLUP/s
Performance in GFLOP/s: 2.842541
size: 9000000
time: 3.478157
[1;34m[likwid-pin] Main PID -> core 0 - OK[0m
iterations: 100
Total iterations: 898800400 LUP
FLOP: 11
Total work: 9886804400 FLOP
performance: 0.258298 GLUP/s
Performance in GFLOP/s: 2.841278
size: 9000000
time: 3.479703
[1;34m[likwid-pin] Main PID -> core 0 - OK[0m
iterations: 100
Total iterations: 898800400 LUP
FLOP: 11
Total work: 9886804400 FLOP
performance: 0.258304 GLUP/s
Performance in GFLOP/s: 2.841340
size: 9000000
time: 3.479627
[1;34m[likwid-pin] Main PID -> core 0 - OK[0m
iterations: 100
Total iterations: 898800400 LUP
FLOP: 11
Total work: 9886804400 FLOP
performance: 0.258268 GLUP/s
Performance in GFLOP/s: 2.840943
size: 9000000
time: 3.480113
[1;34m[likwid-pin] Main PID -> core 0 - OK[0m
iterations: 100
Total iterations: 898800400 LUP
FLOP: 11
Total work: 9886804400 FLOP
performance: 0.258305 GLUP/s
Performance in GFLOP/s: 2.841353
size: 9000000
time: 3.479611
[1;34m[likwid-pin] Main PID -> core 0 - OK[0m
