[1;34m[pthread wrapper] 
[0m[1;34m[pthread wrapper] MAIN -> 0
[0m[1;34m[pthread wrapper] PIN_MASK: [0m[1;34m0->1  [0m[1;34m1->2  [0m[1;34m2->3  [0m[1;34m3->4  [0m[1;34m4->5  [0m[1;34m5->6  [0m[1;34m6->7  [0m[1;34m
[pthread wrapper] SKIP MASK: 0x0
[0m[1;34m	threadid 140540902233856 -> core 1 - OK[0m[1;34m
[0m[1;34m	threadid 140540893841152 -> core 2 - OK[0m[1;34m
[0m[1;34m	threadid 140540885448448 -> core 3 - OK[0m[1;34m
[0m[1;34m	threadid 140540877055744 -> core 4 - OK[0m[1;34m
[0m[1;34m	threadid 140540868663040 -> core 5 - OK[0m[1;34m
[0m[1;34m	threadid 140540860270336 -> core 6 - OK[0m[1;34m
[0m[1;34m	threadid 140540851877632 -> core 7 - OK[0m[1;34m
[0miterations: 200
Total iterations: 49600800 LUP
FLOP: 11
Total work: 545608800 FLOP
performance: 1.684814 GLUP/s
Performance in GFLOP/s: 18.532954
size: 250000
time: 0.029440
[1;34m[pthread wrapper] 
[0m[1;34m[pthread wrapper] MAIN -> 0
[0m[1;34m[pthread wrapper] PIN_MASK: [0m[1;34m0->1  [0m[1;34m1->2  [0m[1;34m2->3  [0m[1;34m3->4  [0m[1;34m4->5  [0m[1;34m5->6  [0m[1;34m6->7  [0m[1;34m
[pthread wrapper] SKIP MASK: 0x0
[0m[1;34m	threadid 139801480582912 -> core 1 - OK[0m[1;34m
[0m[1;34m	threadid 139801472190208 -> core 2 - OK[0m[1;34m
[0m[1;34m	threadid 139801463797504 -> core 3 - OK[0m[1;34m
[0m[1;34m	threadid 139801455404800 -> core 4 - OK[0m[1;34m
[0m[1;34m	threadid 139801447012096 -> core 5 - OK[0m[1;34m
[0m[1;34m	threadid 139801438619392 -> core 6 - OK[0m[1;34m
[0m[1;34m	threadid 139801430226688 -> core 7 - OK[0m[1;34m
[0miterations: 200
Total iterations: 49600800 LUP
FLOP: 11
Total work: 545608800 FLOP
performance: 1.686767 GLUP/s
Performance in GFLOP/s: 18.554442
size: 250000
time: 0.029406
[1;34m[pthread wrapper] 
[0m[1;34m[pthread wrapper] MAIN -> 0
[0m[1;34m[pthread wrapper] PIN_MASK: [0m[1;34m0->1  [0m[1;34m1->2  [0m[1;34m2->3  [0m[1;34m3->4  [0m[1;34m4->5  [0m[1;34m5->6  [0m[1;34m6->7  [0m[1;34m
[pthread wrapper] SKIP MASK: 0x0
[0m[1;34m	threadid 139709913835264 -> core 1 - OK[0m[1;34m
[0m[1;34m	threadid 139709905442560 -> core 2 - OK[0m[1;34m
[0m[1;34m	threadid 139709897049856 -> core 3 - OK[0m[1;34m
[0m[1;34m	threadid 139709888657152 -> core 4 - OK[0m[1;34m
[0m[1;34m	threadid 139709880264448 -> core 5 - OK[0m[1;34m
[0m[1;34m	threadid 139709871871744 -> core 6 - OK[0m[1;34m
[0m[1;34m	threadid 139709863479040 -> core 7 - OK[0m[1;34m
[0miterations: 200
Total iterations: 49600800 LUP
FLOP: 11
Total work: 545608800 FLOP
performance: 1.684691 GLUP/s
Performance in GFLOP/s: 18.531603
size: 250000
time: 0.029442
[1;34m[pthread wrapper] 
[0m[1;34m[pthread wrapper] MAIN -> 0
[0m[1;34m[pthread wrapper] PIN_MASK: [0m[1;34m0->1  [0m[1;34m1->2  [0m[1;34m2->3  [0m[1;34m3->4  [0m[1;34m4->5  [0m[1;34m5->6  [0m[1;34m6->7  [0m[1;34m
[pthread wrapper] SKIP MASK: 0x0
[0m[1;34m	threadid 140620237780736 -> core 1 - OK[0m[1;34m
[0m[1;34m	threadid 140620229388032 -> core 2 - OK[0m[1;34m
[0m[1;34m	threadid 140620220995328 -> core 3 - OK[0m[1;34m
[0m[1;34m	threadid 140620212602624 -> core 4 - OK[0m[1;34m
[0m[1;34m	threadid 140620204209920 -> core 5 - OK[0m[1;34m
[0m[1;34m	threadid 140620195817216 -> core 6 - OK[0m[1;34m
[0m[1;34m	threadid 140620187424512 -> core 7 - OK[0m[1;34m
[0miterations: 200
Total iterations: 49600800 LUP
FLOP: 11
Total work: 545608800 FLOP
performance: 1.684078 GLUP/s
Performance in GFLOP/s: 18.524853
size: 250000
time: 0.029453
[1;34m[pthread wrapper] 
[0m[1;34m[pthread wrapper] MAIN -> 0
[0m[1;34m[pthread wrapper] PIN_MASK: [0m[1;34m0->1  [0m[1;34m1->2  [0m[1;34m2->3  [0m[1;34m3->4  [0m[1;34m4->5  [0m[1;34m5->6  [0m[1;34m6->7  [0m[1;34m
[pthread wrapper] SKIP MASK: 0x0
[0m[1;34m	threadid 140140371359488 -> core 1 - OK[0m[1;34m
[0m[1;34m	threadid 140140362966784 -> core 2 - OK[0m[1;34m
[0m[1;34m	threadid 140140354574080 -> core 3 - OK[0m[1;34m
[0m[1;34m	threadid 140140346181376 -> core 4 - OK[0m[1;34m
[0m[1;34m	threadid 140140337788672 -> core 5 - OK[0m[1;34m
[0m[1;34m	threadid 140140329395968 -> core 6 - OK[0m[1;34m
[0m[1;34m	threadid 140140321003264 -> core 7 - OK[0m[1;34m
[0miterations: 200
Total iterations: 49600800 LUP
FLOP: 11
Total work: 545608800 FLOP
performance: 1.688712 GLUP/s
Performance in GFLOP/s: 18.575828
size: 250000
time: 0.029372
[1;34m[pthread wrapper] 
[0m[1;34m[pthread wrapper] MAIN -> 0
[0m[1;34m[pthread wrapper] PIN_MASK: [0m[1;34m0->1  [0m[1;34m1->2  [0m[1;34m2->3  [0m[1;34m3->4  [0m[1;34m4->5  [0m[1;34m5->6  [0m[1;34m6->7  [0m[1;34m
[pthread wrapper] SKIP MASK: 0x0
[0m[1;34m	threadid 140420477810432 -> core 1 - OK[0m[1;34m
[0m[1;34m	threadid 140420469417728 -> core 2 - OK[0m[1;34m
[0m[1;34m	threadid 140420461025024 -> core 3 - OK[0m[1;34m
[0m[1;34m	threadid 140420452632320 -> core 4 - OK[0m[1;34m
[0m[1;34m	threadid 140420444239616 -> core 5 - OK[0m[1;34m
[0m[1;34m	threadid 140420435846912 -> core 6 - OK[0m[1;34m
[0m[1;34m	threadid 140420427454208 -> core 7 - OK[0m[1;34m
[0miterations: 200
Total iterations: 49600800 LUP
FLOP: 11
Total work: 545608800 FLOP
performance: 1.688081 GLUP/s
Performance in GFLOP/s: 18.568895
size: 250000
time: 0.029383
[1;34m[pthread wrapper] 
[0m[1;34m[pthread wrapper] MAIN -> 0
[0m[1;34m[pthread wrapper] PIN_MASK: [0m[1;34m0->1  [0m[1;34m1->2  [0m[1;34m2->3  [0m[1;34m3->4  [0m[1;34m4->5  [0m[1;34m5->6  [0m[1;34m6->7  [0m[1;34m
[pthread wrapper] SKIP MASK: 0x0
[0m[1;34m	threadid 140267367204608 -> core 1 - OK[0m[1;34m
[0m[1;34m	threadid 140267358811904 -> core 2 - OK[0m[1;34m
[0m[1;34m	threadid 140267350419200 -> core 3 - OK[0m[1;34m
[0m[1;34m	threadid 140267342026496 -> core 4 - OK[0m[1;34m
[0m[1;34m	threadid 140267333633792 -> core 5 - OK[0m[1;34m
[0m[1;34m	threadid 140267325241088 -> core 6 - OK[0m[1;34m
[0m[1;34m	threadid 140267316848384 -> core 7 - OK[0m[1;34m
[0miterations: 200
Total iterations: 49600800 LUP
FLOP: 11
Total work: 545608800 FLOP
performance: 0.869104 GLUP/s
Performance in GFLOP/s: 9.560141
size: 250000
time: 0.057071
[1;34m[pthread wrapper] 
[0m[1;34m[pthread wrapper] MAIN -> 0
[0m[1;34m[pthread wrapper] PIN_MASK: [0m[1;34m0->1  [0m[1;34m1->2  [0m[1;34m2->3  [0m[1;34m3->4  [0m[1;34m4->5  [0m[1;34m5->6  [0m[1;34m6->7  [0m[1;34m
[pthread wrapper] SKIP MASK: 0x0
[0m[1;34m	threadid 140677580744448 -> core 1 - OK[0m[1;34m
[0m[1;34m	threadid 140677572351744 -> core 2 - OK[0m[1;34m
[0m[1;34m	threadid 140677563959040 -> core 3 - OK[0m[1;34m
[0m[1;34m	threadid 140677555566336 -> core 4 - OK[0m[1;34m
[0m[1;34m	threadid 140677547173632 -> core 5 - OK[0m[1;34m
[0m[1;34m	threadid 140677538780928 -> core 6 - OK[0m[1;34m
[0m[1;34m	threadid 140677530388224 -> core 7 - OK[0m[1;34m
[0miterations: 200
Total iterations: 49600800 LUP
FLOP: 11
Total work: 545608800 FLOP
performance: 1.686180 GLUP/s
Performance in GFLOP/s: 18.547975
size: 250000
time: 0.029416
[1;34m[pthread wrapper] 
[0m[1;34m[pthread wrapper] MAIN -> 0
[0m[1;34m[pthread wrapper] PIN_MASK: [0m[1;34m0->1  [0m[1;34m1->2  [0m[1;34m2->3  [0m[1;34m3->4  [0m[1;34m4->5  [0m[1;34m5->6  [0m[1;34m6->7  [0m[1;34m
[pthread wrapper] SKIP MASK: 0x0
[0m[1;34m	threadid 139627159967488 -> core 1 - OK[0m[1;34m
[0m[1;34m	threadid 139627151574784 -> core 2 - OK[0m[1;34m
[0m[1;34m	threadid 139627143182080 -> core 3 - OK[0m[1;34m
[0m[1;34m	threadid 139627134789376 -> core 4 - OK[0m[1;34m
[0m[1;34m	threadid 139627126396672 -> core 5 - OK[0m[1;34m
[0m[1;34m	threadid 139627118003968 -> core 6 - OK[0m[1;34m
[0m[1;34m	threadid 139627109611264 -> core 7 - OK[0m[1;34m
[0miterations: 200
Total iterations: 49600800 LUP
FLOP: 11
Total work: 545608800 FLOP
performance: 1.678656 GLUP/s
Performance in GFLOP/s: 18.465212
size: 250000
time: 0.029548
[1;34m[pthread wrapper] 
[0m[1;34m[pthread wrapper] MAIN -> 0
[0m[1;34m[pthread wrapper] PIN_MASK: [0m[1;34m0->1  [0m[1;34m1->2  [0m[1;34m2->3  [0m[1;34m3->4  [0m[1;34m4->5  [0m[1;34m5->6  [0m[1;34m6->7  [0m[1;34m
[pthread wrapper] SKIP MASK: 0x0
[0m[1;34m	threadid 139753495975680 -> core 1 - OK[0m[1;34m
[0m[1;34m	threadid 139753487582976 -> core 2 - OK[0m[1;34m
[0m[1;34m	threadid 139753479190272 -> core 3 - OK[0m[1;34m
[0m[1;34m	threadid 139753470797568 -> core 4 - OK[0m[1;34m
[0m[1;34m	threadid 139753462404864 -> core 5 - OK[0m[1;34m
[0m[1;34m	threadid 139753454012160 -> core 6 - OK[0m[1;34m
[0m[1;34m	threadid 139753445619456 -> core 7 - OK[0m[1;34m
[0miterations: 200
Total iterations: 49600800 LUP
FLOP: 11
Total work: 545608800 FLOP
performance: 1.682525 GLUP/s
Performance in GFLOP/s: 18.507773
size: 250000
time: 0.029480
