[1;34m[pthread wrapper] 
[0m[1;34m[pthread wrapper] MAIN -> 0
[0m[1;34m[pthread wrapper] PIN_MASK: [0m[1;34m0->1  [0m[1;34m1->2  [0m[1;34m2->3  [0m[1;34m
[pthread wrapper] SKIP MASK: 0x0
[0m[1;34m	threadid 140715281483520 -> core 1 - OK[0m[1;34m
[0m[1;34m	threadid 140715273090816 -> core 2 - OK[0m[1;34m
[0m[1;34m	threadid 140715264698112 -> core 3 - OK[0m[1;34m
[0miterations: 200
Total iterations: 49600800 LUP
FLOP: 11
Total work: 545608800 FLOP
performance: 0.846183 GLUP/s
Performance in GFLOP/s: 9.308012
size: 250000
time: 0.058617
[1;34m[pthread wrapper] 
[0m[1;34m[pthread wrapper] MAIN -> 0
[0m[1;34m[pthread wrapper] PIN_MASK: [0m[1;34m0->1  [0m[1;34m1->2  [0m[1;34m2->3  [0m[1;34m
[pthread wrapper] SKIP MASK: 0x0
[0m[1;34m	threadid 140584168584960 -> core 1 - OK[0m[1;34m
[0m[1;34m	threadid 140584160192256 -> core 2 - OK[0m[1;34m
[0m[1;34m	threadid 140584151799552 -> core 3 - OK[0m[1;34m
[0miterations: 200
Total iterations: 49600800 LUP
FLOP: 11
Total work: 545608800 FLOP
performance: 0.844328 GLUP/s
Performance in GFLOP/s: 9.287613
size: 250000
time: 0.058746
[1;34m[pthread wrapper] 
[0m[1;34m[pthread wrapper] MAIN -> 0
[0m[1;34m[pthread wrapper] PIN_MASK: [0m[1;34m0->1  [0m[1;34m1->2  [0m[1;34m2->3  [0m[1;34m
[pthread wrapper] SKIP MASK: 0x0
[0m[1;34m	threadid 140199882901248 -> core 1 - OK[0m[1;34m
[0m[1;34m	threadid 140199874508544 -> core 2 - OK[0m[1;34m
[0m[1;34m	threadid 140199866115840 -> core 3 - OK[0m[1;34m
[0miterations: 200
Total iterations: 49600800 LUP
FLOP: 11
Total work: 545608800 FLOP
performance: 0.845925 GLUP/s
Performance in GFLOP/s: 9.305173
size: 250000
time: 0.058635
[1;34m[pthread wrapper] 
[0m[1;34m[pthread wrapper] MAIN -> 0
[0m[1;34m[pthread wrapper] PIN_MASK: [0m[1;34m0->1  [0m[1;34m1->2  [0m[1;34m2->3  [0m[1;34m
[pthread wrapper] SKIP MASK: 0x0
[0m[1;34m	threadid 140635076044544 -> core 1 - OK[0m[1;34m
[0m[1;34m	threadid 140635067651840 -> core 2 - OK[0m[1;34m
[0m[1;34m	threadid 140635059259136 -> core 3 - OK[0m[1;34m
[0miterations: 200
Total iterations: 49600800 LUP
FLOP: 11
Total work: 545608800 FLOP
performance: 0.845866 GLUP/s
Performance in GFLOP/s: 9.304530
size: 250000
time: 0.058639
[1;34m[pthread wrapper] 
[0m[1;34m[pthread wrapper] MAIN -> 0
[0m[1;34m[pthread wrapper] PIN_MASK: [0m[1;34m0->1  [0m[1;34m1->2  [0m[1;34m2->3  [0m[1;34m
[pthread wrapper] SKIP MASK: 0x0
[0m[1;34m	threadid 140032675088128 -> core 1 - OK[0m[1;34m
[0m[1;34m	threadid 140032666695424 -> core 2 - OK[0m[1;34m
[0m[1;34m	threadid 140032658302720 -> core 3 - OK[0m[1;34m
[0miterations: 200
Total iterations: 49600800 LUP
FLOP: 11
Total work: 545608800 FLOP
performance: 0.845884 GLUP/s
Performance in GFLOP/s: 9.304719
size: 250000
time: 0.058638
[1;34m[pthread wrapper] 
[0m[1;34m[pthread wrapper] MAIN -> 0
[0m[1;34m[pthread wrapper] PIN_MASK: [0m[1;34m0->1  [0m[1;34m1->2  [0m[1;34m2->3  [0m[1;34m
[pthread wrapper] SKIP MASK: 0x0
[0m[1;34m	threadid 140031910979328 -> core 1 - OK[0m[1;34m
[0m[1;34m	threadid 140031902586624 -> core 2 - OK[0m[1;34m
[0m[1;34m	threadid 140031894193920 -> core 3 - OK[0m[1;34m
[0miterations: 200
Total iterations: 49600800 LUP
FLOP: 11
Total work: 545608800 FLOP
performance: 0.848398 GLUP/s
Performance in GFLOP/s: 9.332381
size: 250000
time: 0.058464
[1;34m[pthread wrapper] 
[0m[1;34m[pthread wrapper] MAIN -> 0
[0m[1;34m[pthread wrapper] PIN_MASK: [0m[1;34m0->1  [0m[1;34m1->2  [0m[1;34m2->3  [0m[1;34m
[pthread wrapper] SKIP MASK: 0x0
[0m[1;34m	threadid 140301346969344 -> core 1 - OK[0m[1;34m
[0m[1;34m	threadid 140301338576640 -> core 2 - OK[0m[1;34m
[0m[1;34m	threadid 140301330183936 -> core 3 - OK[0m[1;34m
[0miterations: 200
Total iterations: 49600800 LUP
FLOP: 11
Total work: 545608800 FLOP
performance: 0.847458 GLUP/s
Performance in GFLOP/s: 9.322041
size: 250000
time: 0.058529
[1;34m[pthread wrapper] 
[0m[1;34m[pthread wrapper] MAIN -> 0
[0m[1;34m[pthread wrapper] PIN_MASK: [0m[1;34m0->1  [0m[1;34m1->2  [0m[1;34m2->3  [0m[1;34m
[pthread wrapper] SKIP MASK: 0x0
[0m[1;34m	threadid 140410080483072 -> core 1 - OK[0m[1;34m
[0m[1;34m	threadid 140410072090368 -> core 2 - OK[0m[1;34m
[0m[1;34m	threadid 140410063697664 -> core 3 - OK[0m[1;34m
[0miterations: 200
Total iterations: 49600800 LUP
FLOP: 11
Total work: 545608800 FLOP
performance: 0.845966 GLUP/s
Performance in GFLOP/s: 9.305627
size: 250000
time: 0.058632
[1;34m[pthread wrapper] 
[0m[1;34m[pthread wrapper] MAIN -> 0
[0m[1;34m[pthread wrapper] PIN_MASK: [0m[1;34m0->1  [0m[1;34m1->2  [0m[1;34m2->3  [0m[1;34m
[pthread wrapper] SKIP MASK: 0x0
[0m[1;34m	threadid 140387083044608 -> core 1 - OK[0m[1;34m
[0m[1;34m	threadid 140387074651904 -> core 2 - OK[0m[1;34m
[0m[1;34m	threadid 140387066259200 -> core 3 - OK[0m[1;34m
[0miterations: 200
Total iterations: 49600800 LUP
FLOP: 11
Total work: 545608800 FLOP
performance: 0.845045 GLUP/s
Performance in GFLOP/s: 9.295497
size: 250000
time: 0.058696
[1;34m[pthread wrapper] 
[0m[1;34m[pthread wrapper] MAIN -> 0
[0m[1;34m[pthread wrapper] PIN_MASK: [0m[1;34m0->1  [0m[1;34m1->2  [0m[1;34m2->3  [0m[1;34m
[pthread wrapper] SKIP MASK: 0x0
[0m[1;34m	threadid 140058533398272 -> core 1 - OK[0m[1;34m
[0m[1;34m	threadid 140058525005568 -> core 2 - OK[0m[1;34m
[0m[1;34m	threadid 140058516612864 -> core 3 - OK[0m[1;34m
[0miterations: 200
Total iterations: 49600800 LUP
FLOP: 11
Total work: 545608800 FLOP
performance: 0.842520 GLUP/s
Performance in GFLOP/s: 9.267715
size: 250000
time: 0.058872
