[1;34m[pthread wrapper] 
[0m[1;34m[pthread wrapper] MAIN -> 0
[0m[1;34m[pthread wrapper] PIN_MASK: [0m[1;34m0->1  [0m[1;34m1->10  [0m[1;34m2->11  [0m[1;34m
[pthread wrapper] SKIP MASK: 0x0
[0m[1;34m	threadid 140416487319296 -> core 1 - OK[0m[1;34m
[0m[1;34m	threadid 140416478926592 -> core 10 - OK[0m[1;34m
[0m[1;34m	threadid 140416470533888 -> core 11 - OK[0m[1;34m
[0miterations: 200
Total iterations: 1797600800 LUP
FLOP: 11
Total work: 19773608800 FLOP
performance: 0.670058 GLUP/s
Performance in GFLOP/s: 7.370633
size: 9000000
time: 2.682756
[1;34m[pthread wrapper] 
[0m[1;34m[pthread wrapper] MAIN -> 0
[0m[1;34m[pthread wrapper] PIN_MASK: [0m[1;34m0->1  [0m[1;34m1->10  [0m[1;34m2->11  [0m[1;34m
[pthread wrapper] SKIP MASK: 0x0
[0m[1;34m	threadid 140405959227136 -> core 1 - OK[0m[1;34m
[0m[1;34m	threadid 140405950834432 -> core 10 - OK[0m[1;34m
[0m[1;34m	threadid 140405942441728 -> core 11 - OK[0m[1;34m
[0miterations: 200
Total iterations: 1797600800 LUP
FLOP: 11
Total work: 19773608800 FLOP
performance: 0.682776 GLUP/s
Performance in GFLOP/s: 7.510535
size: 9000000
time: 2.632783
[1;34m[pthread wrapper] 
[0m[1;34m[pthread wrapper] MAIN -> 0
[0m[1;34m[pthread wrapper] PIN_MASK: [0m[1;34m0->1  [0m[1;34m1->10  [0m[1;34m2->11  [0m[1;34m
[pthread wrapper] SKIP MASK: 0x0
[0m[1;34m	threadid 140003384567552 -> core 1 - OK[0m[1;34m
[0m[1;34m	threadid 140003376174848 -> core 10 - OK[0m[1;34m
[0m[1;34m	threadid 140003367782144 -> core 11 - OK[0m[1;34m
[0miterations: 200
Total iterations: 1797600800 LUP
FLOP: 11
Total work: 19773608800 FLOP
performance: 0.683208 GLUP/s
Performance in GFLOP/s: 7.515285
size: 9000000
time: 2.631119
[1;34m[pthread wrapper] 
[0m[1;34m[pthread wrapper] MAIN -> 0
[0m[1;34m[pthread wrapper] PIN_MASK: [0m[1;34m0->1  [0m[1;34m1->10  [0m[1;34m2->11  [0m[1;34m
[pthread wrapper] SKIP MASK: 0x0
[0m[1;34m	threadid 140511041181440 -> core 1 - OK[0m[1;34m
[0m[1;34m	threadid 140511032788736 -> core 10 - OK[0m[1;34m
[0m[1;34m	threadid 140511024396032 -> core 11 - OK[0m[1;34m
[0miterations: 200
Total iterations: 1797600800 LUP
FLOP: 11
Total work: 19773608800 FLOP
performance: 0.666718 GLUP/s
Performance in GFLOP/s: 7.333897
size: 9000000
time: 2.696194
[1;34m[pthread wrapper] 
[0m[1;34m[pthread wrapper] MAIN -> 0
[0m[1;34m[pthread wrapper] PIN_MASK: [0m[1;34m0->1  [0m[1;34m1->10  [0m[1;34m2->11  [0m[1;34m
[pthread wrapper] SKIP MASK: 0x0
[0m[1;34m	threadid 140315054802688 -> core 1 - OK[0m[1;34m
[0m[1;34m	threadid 140315046409984 -> core 10 - OK[0m[1;34m
[0m[1;34m	threadid 140315038017280 -> core 11 - OK[0m[1;34m
[0miterations: 200
Total iterations: 1797600800 LUP
FLOP: 11
Total work: 19773608800 FLOP
performance: 0.678361 GLUP/s
Performance in GFLOP/s: 7.461971
size: 9000000
time: 2.649918
[1;34m[pthread wrapper] 
[0m[1;34m[pthread wrapper] MAIN -> 0
[0m[1;34m[pthread wrapper] PIN_MASK: [0m[1;34m0->1  [0m[1;34m1->10  [0m[1;34m2->11  [0m[1;34m
[pthread wrapper] SKIP MASK: 0x0
[0m[1;34m	threadid 140296397920000 -> core 1 - OK[0m[1;34m
[0m[1;34m	threadid 140296389527296 -> core 10 - OK[0m[1;34m
[0m[1;34m	threadid 140296381134592 -> core 11 - OK[0m[1;34m
[0miterations: 200
Total iterations: 1797600800 LUP
FLOP: 11
Total work: 19773608800 FLOP
performance: 0.685096 GLUP/s
Performance in GFLOP/s: 7.536061
size: 9000000
time: 2.623865
[1;34m[pthread wrapper] 
[0m[1;34m[pthread wrapper] MAIN -> 0
[0m[1;34m[pthread wrapper] PIN_MASK: [0m[1;34m0->1  [0m[1;34m1->10  [0m[1;34m2->11  [0m[1;34m
[pthread wrapper] SKIP MASK: 0x0
[0m[1;34m	threadid 140201249126144 -> core 1 - OK[0m[1;34m
[0m[1;34m	threadid 140201240733440 -> core 10 - OK[0m[1;34m
[0m[1;34m	threadid 140201232340736 -> core 11 - OK[0m[1;34m
[0miterations: 200
Total iterations: 1797600800 LUP
FLOP: 11
Total work: 19773608800 FLOP
performance: 0.682699 GLUP/s
Performance in GFLOP/s: 7.509685
size: 9000000
time: 2.633081
[1;34m[pthread wrapper] 
[0m[1;34m[pthread wrapper] MAIN -> 0
[0m[1;34m[pthread wrapper] PIN_MASK: [0m[1;34m0->1  [0m[1;34m1->10  [0m[1;34m2->11  [0m[1;34m
[pthread wrapper] SKIP MASK: 0x0
[0m[1;34m	threadid 140117011396352 -> core 1 - OK[0m[1;34m
[0m[1;34m	threadid 140117003003648 -> core 10 - OK[0m[1;34m
[0m[1;34m	threadid 140116994610944 -> core 11 - OK[0m[1;34m
[0miterations: 200
Total iterations: 1797600800 LUP
FLOP: 11
Total work: 19773608800 FLOP
performance: 0.684971 GLUP/s
Performance in GFLOP/s: 7.534678
size: 9000000
time: 2.624347
[1;34m[pthread wrapper] 
[0m[1;34m[pthread wrapper] MAIN -> 0
[0m[1;34m[pthread wrapper] PIN_MASK: [0m[1;34m0->1  [0m[1;34m1->10  [0m[1;34m2->11  [0m[1;34m
[pthread wrapper] SKIP MASK: 0x0
[0m[1;34m	threadid 139853849536256 -> core 1 - OK[0m[1;34m
[0m[1;34m	threadid 139853841143552 -> core 10 - OK[0m[1;34m
[0m[1;34m	threadid 139853832750848 -> core 11 - OK[0m[1;34m
[0miterations: 200
Total iterations: 1797600800 LUP
FLOP: 11
Total work: 19773608800 FLOP
performance: 0.681289 GLUP/s
Performance in GFLOP/s: 7.494176
size: 9000000
time: 2.638530
[1;34m[pthread wrapper] 
[0m[1;34m[pthread wrapper] MAIN -> 0
[0m[1;34m[pthread wrapper] PIN_MASK: [0m[1;34m0->1  [0m[1;34m1->10  [0m[1;34m2->11  [0m[1;34m
[pthread wrapper] SKIP MASK: 0x0
[0m[1;34m	threadid 140155238401792 -> core 1 - OK[0m[1;34m
[0m[1;34m	threadid 140155230009088 -> core 10 - OK[0m[1;34m
[0m[1;34m	threadid 140155221616384 -> core 11 - OK[0m[1;34m
[0miterations: 200
Total iterations: 1797600800 LUP
FLOP: 11
Total work: 19773608800 FLOP
performance: 0.673086 GLUP/s
Performance in GFLOP/s: 7.403944
size: 9000000
time: 2.670686
