iterations: 200
Total iterations: 1797600800 LUP
FLOP: 11
Total work: 19773608800 FLOP
performance: 1.657323 GLUP/s
Performance in GFLOP/s: 18.230557
size: 9000000
time: 1.084641
iterations: 200
Total iterations: 1797600800 LUP
FLOP: 11
Total work: 19773608800 FLOP
performance: 1.663797 GLUP/s
Performance in GFLOP/s: 18.301763
size: 9000000
time: 1.080421
iterations: 200
Total iterations: 1797600800 LUP
FLOP: 11
Total work: 19773608800 FLOP
performance: 1.652740 GLUP/s
Performance in GFLOP/s: 18.180136
size: 9000000
time: 1.087649
iterations: 200
Total iterations: 1797600800 LUP
FLOP: 11
Total work: 19773608800 FLOP
performance: 1.664325 GLUP/s
Performance in GFLOP/s: 18.307577
size: 9000000
time: 1.080078
iterations: 200
Total iterations: 1797600800 LUP
FLOP: 11
Total work: 19773608800 FLOP
performance: 1.650989 GLUP/s
Performance in GFLOP/s: 18.160884
size: 9000000
time: 1.088802
iterations: 200
Total iterations: 1797600800 LUP
FLOP: 11
Total work: 19773608800 FLOP
performance: 1.652053 GLUP/s
Performance in GFLOP/s: 18.172583
size: 9000000
time: 1.088101
iterations: 200
Total iterations: 1797600800 LUP
FLOP: 11
Total work: 19773608800 FLOP
performance: 1.653264 GLUP/s
Performance in GFLOP/s: 18.185904
size: 9000000
time: 1.087304
iterations: 200
Total iterations: 1797600800 LUP
FLOP: 11
Total work: 19773608800 FLOP
performance: 1.659153 GLUP/s
Performance in GFLOP/s: 18.250680
size: 9000000
time: 1.083445
iterations: 200
Total iterations: 1797600800 LUP
FLOP: 11
Total work: 19773608800 FLOP
performance: 1.666131 GLUP/s
Performance in GFLOP/s: 18.327445
size: 9000000
time: 1.078907
iterations: 200
Total iterations: 1797600800 LUP
FLOP: 11
Total work: 19773608800 FLOP
performance: 1.662818 GLUP/s
Performance in GFLOP/s: 18.290994
size: 9000000
time: 1.081057
