iterations: 200
Total iterations: 49600800 LUP
FLOP: 11
Total work: 545608800 FLOP
performance: 1.117592 GLUP/s
Performance in GFLOP/s: 12.293510
size: 250000
time: 0.044382
iterations: 200
Total iterations: 49600800 LUP
FLOP: 11
Total work: 545608800 FLOP
performance: 1.120011 GLUP/s
Performance in GFLOP/s: 12.320116
size: 250000
time: 0.044286
iterations: 200
Total iterations: 49600800 LUP
FLOP: 11
Total work: 545608800 FLOP
performance: 1.119703 GLUP/s
Performance in GFLOP/s: 12.316734
size: 250000
time: 0.044298
iterations: 200
Total iterations: 49600800 LUP
FLOP: 11
Total work: 545608800 FLOP
performance: 1.116884 GLUP/s
Performance in GFLOP/s: 12.285722
size: 250000
time: 0.044410
iterations: 200
Total iterations: 49600800 LUP
FLOP: 11
Total work: 545608800 FLOP
performance: 1.117886 GLUP/s
Performance in GFLOP/s: 12.296747
size: 250000
time: 0.044370
iterations: 200
Total iterations: 49600800 LUP
FLOP: 11
Total work: 545608800 FLOP
performance: 1.120698 GLUP/s
Performance in GFLOP/s: 12.327682
size: 250000
time: 0.044259
iterations: 200
Total iterations: 49600800 LUP
FLOP: 11
Total work: 545608800 FLOP
performance: 1.116932 GLUP/s
Performance in GFLOP/s: 12.286250
size: 250000
time: 0.044408
iterations: 200
Total iterations: 49600800 LUP
FLOP: 11
Total work: 545608800 FLOP
performance: 1.119378 GLUP/s
Performance in GFLOP/s: 12.313155
size: 250000
time: 0.044311
iterations: 200
Total iterations: 49600800 LUP
FLOP: 11
Total work: 545608800 FLOP
performance: 1.117442 GLUP/s
Performance in GFLOP/s: 12.291859
size: 250000
time: 0.044388
iterations: 200
Total iterations: 49600800 LUP
FLOP: 11
Total work: 545608800 FLOP
performance: 1.117988 GLUP/s
Performance in GFLOP/s: 12.297870
size: 250000
time: 0.044366
