[1;34m[pthread wrapper] 
[0m[1;34m[pthread wrapper] MAIN -> 0
[0m[1;34m[pthread wrapper] PIN_MASK: [0m[1;34m0->1  [0m[1;34m1->10  [0m[1;34m2->11  [0m[1;34m
[pthread wrapper] SKIP MASK: 0x0
[0m[1;34m	threadid 140288653096704 -> core 1 - OK[0m[1;34m
[0m[1;34m	threadid 140288644704000 -> core 10 - OK[0m[1;34m
[0m[1;34m	threadid 140288636311296 -> core 11 - OK[0m[1;34m
[0miterations: 200
Total iterations: 49600800 LUP
FLOP: 11
Total work: 545608800 FLOP
performance: 0.844171 GLUP/s
Performance in GFLOP/s: 9.285879
size: 250000
time: 0.058757
[1;34m[pthread wrapper] 
[0m[1;34m[pthread wrapper] MAIN -> 0
[0m[1;34m[pthread wrapper] PIN_MASK: [0m[1;34m0->1  [0m[1;34m1->10  [0m[1;34m2->11  [0m[1;34m
[pthread wrapper] SKIP MASK: 0x0
[0m[1;34m	threadid 139832831874816 -> core 1 - OK[0m[1;34m
[0m[1;34m	threadid 139832823482112 -> core 10 - OK[0m[1;34m
[0m[1;34m	threadid 139832815089408 -> core 11 - OK[0m[1;34m
[0miterations: 200
Total iterations: 49600800 LUP
FLOP: 11
Total work: 545608800 FLOP
performance: 0.842919 GLUP/s
Performance in GFLOP/s: 9.272109
size: 250000
time: 0.058844
[1;34m[pthread wrapper] 
[0m[1;34m[pthread wrapper] MAIN -> 0
[0m[1;34m[pthread wrapper] PIN_MASK: [0m[1;34m0->1  [0m[1;34m1->10  [0m[1;34m2->11  [0m[1;34m
[pthread wrapper] SKIP MASK: 0x0
[0m[1;34m	threadid 140193980225280 -> core 1 - OK[0m[1;34m
[0m[1;34m	threadid 140193971832576 -> core 10 - OK[0m[1;34m
[0m[1;34m	threadid 140193963439872 -> core 11 - OK[0m[1;34m
[0miterations: 200
Total iterations: 49600800 LUP
FLOP: 11
Total work: 545608800 FLOP
performance: 0.840477 GLUP/s
Performance in GFLOP/s: 9.245251
size: 250000
time: 0.059015
[1;34m[pthread wrapper] 
[0m[1;34m[pthread wrapper] MAIN -> 0
[0m[1;34m[pthread wrapper] PIN_MASK: [0m[1;34m0->1  [0m[1;34m1->10  [0m[1;34m2->11  [0m[1;34m
[pthread wrapper] SKIP MASK: 0x0
[0m[1;34m	threadid 139687687067392 -> core 1 - OK[0m[1;34m
[0m[1;34m	threadid 139687678674688 -> core 10 - OK[0m[1;34m
[0m[1;34m	threadid 139687670281984 -> core 11 - OK[0m[1;34m
[0miterations: 200
Total iterations: 49600800 LUP
FLOP: 11
Total work: 545608800 FLOP
performance: 0.843969 GLUP/s
Performance in GFLOP/s: 9.283656
size: 250000
time: 0.058771
[1;34m[pthread wrapper] 
[0m[1;34m[pthread wrapper] MAIN -> 0
[0m[1;34m[pthread wrapper] PIN_MASK: [0m[1;34m0->1  [0m[1;34m1->10  [0m[1;34m2->11  [0m[1;34m
[pthread wrapper] SKIP MASK: 0x0
[0m[1;34m	threadid 140440480601856 -> core 1 - OK[0m[1;34m
[0m[1;34m	threadid 140440472209152 -> core 10 - OK[0m[1;34m
[0m[1;34m	threadid 140440463816448 -> core 11 - OK[0m[1;34m
[0miterations: 200
Total iterations: 49600800 LUP
FLOP: 11
Total work: 545608800 FLOP
performance: 0.842950 GLUP/s
Performance in GFLOP/s: 9.272447
size: 250000
time: 0.058842
[1;34m[pthread wrapper] 
[0m[1;34m[pthread wrapper] MAIN -> 0
[0m[1;34m[pthread wrapper] PIN_MASK: [0m[1;34m0->1  [0m[1;34m1->10  [0m[1;34m2->11  [0m[1;34m
[pthread wrapper] SKIP MASK: 0x0
[0m[1;34m	threadid 139875812275968 -> core 1 - OK[0m[1;34m
[0m[1;34m	threadid 139875803883264 -> core 10 - OK[0m[1;34m
[0m[1;34m	threadid 139875795490560 -> core 11 - OK[0m[1;34m
[0miterations: 200
Total iterations: 49600800 LUP
FLOP: 11
Total work: 545608800 FLOP
performance: 0.843264 GLUP/s
Performance in GFLOP/s: 9.275905
size: 250000
time: 0.058820
[1;34m[pthread wrapper] 
[0m[1;34m[pthread wrapper] MAIN -> 0
[0m[1;34m[pthread wrapper] PIN_MASK: [0m[1;34m0->1  [0m[1;34m1->10  [0m[1;34m2->11  [0m[1;34m
[pthread wrapper] SKIP MASK: 0x0
[0m[1;34m	threadid 139644559931136 -> core 1 - OK[0m[1;34m
[0m[1;34m	threadid 139644551538432 -> core 10 - OK[0m[1;34m
[0m[1;34m	threadid 139644543145728 -> core 11 - OK[0m[1;34m
[0miterations: 200
Total iterations: 49600800 LUP
FLOP: 11
Total work: 545608800 FLOP
performance: 0.840196 GLUP/s
Performance in GFLOP/s: 9.242152
size: 250000
time: 0.059035
[1;34m[pthread wrapper] 
[0m[1;34m[pthread wrapper] MAIN -> 0
[0m[1;34m[pthread wrapper] PIN_MASK: [0m[1;34m0->1  [0m[1;34m1->10  [0m[1;34m2->11  [0m[1;34m
[pthread wrapper] SKIP MASK: 0x0
[0m[1;34m	threadid 140451142985472 -> core 1 - OK[0m[1;34m
[0m[1;34m	threadid 140451134592768 -> core 10 - OK[0m[1;34m
[0m[1;34m	threadid 140451126200064 -> core 11 - OK[0m[1;34m
[0miterations: 200
Total iterations: 49600800 LUP
FLOP: 11
Total work: 545608800 FLOP
performance: 0.843049 GLUP/s
Performance in GFLOP/s: 9.273537
size: 250000
time: 0.058835
[1;34m[pthread wrapper] 
[0m[1;34m[pthread wrapper] MAIN -> 0
[0m[1;34m[pthread wrapper] PIN_MASK: [0m[1;34m0->1  [0m[1;34m1->10  [0m[1;34m2->11  [0m[1;34m
[pthread wrapper] SKIP MASK: 0x0
[0m[1;34m	threadid 140575160325888 -> core 1 - OK[0m[1;34m
[0m[1;34m	threadid 140575151933184 -> core 10 - OK[0m[1;34m
[0m[1;34m	threadid 140575143540480 -> core 11 - OK[0m[1;34m
[0miterations: 200
Total iterations: 49600800 LUP
FLOP: 11
Total work: 545608800 FLOP
performance: 0.840321 GLUP/s
Performance in GFLOP/s: 9.243533
size: 250000
time: 0.059026
[1;34m[pthread wrapper] 
[0m[1;34m[pthread wrapper] MAIN -> 0
[0m[1;34m[pthread wrapper] PIN_MASK: [0m[1;34m0->1  [0m[1;34m1->10  [0m[1;34m2->11  [0m[1;34m
[pthread wrapper] SKIP MASK: 0x0
[0m[1;34m	threadid 140058308609792 -> core 1 - OK[0m[1;34m
[0m[1;34m	threadid 140058300217088 -> core 10 - OK[0m[1;34m
[0m[1;34m	threadid 140058291824384 -> core 11 - OK[0m[1;34m
[0miterations: 200
Total iterations: 49600800 LUP
FLOP: 11
Total work: 545608800 FLOP
performance: 0.839355 GLUP/s
Performance in GFLOP/s: 9.232904
size: 250000
time: 0.059094
