iterations: 200
Total iterations: 1797600800 LUP
FLOP: 11
Total work: 19773608800 FLOP
performance: 1.323751 GLUP/s
Performance in GFLOP/s: 14.561260
size: 9000000
time: 1.357960
iterations: 200
Total iterations: 1797600800 LUP
FLOP: 11
Total work: 19773608800 FLOP
performance: 1.338298 GLUP/s
Performance in GFLOP/s: 14.721280
size: 9000000
time: 1.343199
iterations: 200
Total iterations: 1797600800 LUP
FLOP: 11
Total work: 19773608800 FLOP
performance: 1.332546 GLUP/s
Performance in GFLOP/s: 14.658007
size: 9000000
time: 1.348997
iterations: 200
Total iterations: 1797600800 LUP
FLOP: 11
Total work: 19773608800 FLOP
performance: 1.337711 GLUP/s
Performance in GFLOP/s: 14.714816
size: 9000000
time: 1.343789
iterations: 200
Total iterations: 1797600800 LUP
FLOP: 11
Total work: 19773608800 FLOP
performance: 1.342639 GLUP/s
Performance in GFLOP/s: 14.769033
size: 9000000
time: 1.338856
iterations: 200
Total iterations: 1797600800 LUP
FLOP: 11
Total work: 19773608800 FLOP
performance: 1.346981 GLUP/s
Performance in GFLOP/s: 14.816796
size: 9000000
time: 1.334540
iterations: 200
Total iterations: 1797600800 LUP
FLOP: 11
Total work: 19773608800 FLOP
performance: 1.330206 GLUP/s
Performance in GFLOP/s: 14.632268
size: 9000000
time: 1.351370
iterations: 200
Total iterations: 1797600800 LUP
FLOP: 11
Total work: 19773608800 FLOP
performance: 1.332453 GLUP/s
Performance in GFLOP/s: 14.656986
size: 9000000
time: 1.349091
iterations: 200
Total iterations: 1797600800 LUP
FLOP: 11
Total work: 19773608800 FLOP
performance: 1.336944 GLUP/s
Performance in GFLOP/s: 14.706380
size: 9000000
time: 1.344560
iterations: 200
Total iterations: 1797600800 LUP
FLOP: 11
Total work: 19773608800 FLOP
performance: 1.329727 GLUP/s
Performance in GFLOP/s: 14.626998
size: 9000000
time: 1.351857
