[1;34m[pthread wrapper] 
[0m[1;34m[pthread wrapper] MAIN -> 0
[0m[1;34m[pthread wrapper] PIN_MASK: [0m[1;34m0->1  [0m[1;34m1->2  [0m[1;34m2->3  [0m[1;34m3->4  [0m[1;34m4->5  [0m[1;34m
[pthread wrapper] SKIP MASK: 0x0
[0m[1;34m	threadid 139852956993280 -> core 1 - OK[0m[1;34m
[0m[1;34m	threadid 139852948600576 -> core 2 - OK[0m[1;34m
[0m[1;34m	threadid 139852940207872 -> core 3 - OK[0m[1;34m
[0m[1;34m	threadid 139852931815168 -> core 4 - OK[0m[1;34m
[0m[1;34m	threadid 139852923422464 -> core 5 - OK[0m[1;34m
[0miterations: 120
Total iterations: 1078560480 LUP
FLOP: 11
Total work: 11864165280 FLOP
performance: 1.215658 GLUP/s
Performance in GFLOP/s: 13.372233
size: 9000000
time: 0.887224
[1;34m[pthread wrapper] 
[0m[1;34m[pthread wrapper] MAIN -> 0
[0m[1;34m[pthread wrapper] PIN_MASK: [0m[1;34m0->1  [0m[1;34m1->2  [0m[1;34m2->3  [0m[1;34m3->4  [0m[1;34m4->5  [0m[1;34m
[pthread wrapper] SKIP MASK: 0x0
[0m[1;34m	threadid 140372573107968 -> core 1 - OK[0m[1;34m
[0m[1;34m	threadid 140372564715264 -> core 2 - OK[0m[1;34m
[0m[1;34m	threadid 140372556322560 -> core 3 - OK[0m[1;34m
[0m[1;34m	threadid 140372547929856 -> core 4 - OK[0m[1;34m
[0m[1;34m	threadid 140372539537152 -> core 5 - OK[0m[1;34m
[0miterations: 120
Total iterations: 1078560480 LUP
FLOP: 11
Total work: 11864165280 FLOP
performance: 1.210018 GLUP/s
Performance in GFLOP/s: 13.310197
size: 9000000
time: 0.891359
[1;34m[pthread wrapper] 
[0m[1;34m[pthread wrapper] MAIN -> 0
[0m[1;34m[pthread wrapper] PIN_MASK: [0m[1;34m0->1  [0m[1;34m1->2  [0m[1;34m2->3  [0m[1;34m3->4  [0m[1;34m4->5  [0m[1;34m
[pthread wrapper] SKIP MASK: 0x0
[0m[1;34m	threadid 140513373226752 -> core 1 - OK[0m[1;34m
[0m[1;34m	threadid 140513364834048 -> core 2 - OK[0m[1;34m
[0m[1;34m	threadid 140513356441344 -> core 3 - OK[0m[1;34m
[0m[1;34m	threadid 140513348048640 -> core 4 - OK[0m[1;34m
[0m[1;34m	threadid 140513339655936 -> core 5 - OK[0m[1;34m
[0miterations: 120
Total iterations: 1078560480 LUP
FLOP: 11
Total work: 11864165280 FLOP
performance: 1.215626 GLUP/s
Performance in GFLOP/s: 13.371884
size: 9000000
time: 0.887247
[1;34m[pthread wrapper] 
[0m[1;34m[pthread wrapper] MAIN -> 0
[0m[1;34m[pthread wrapper] PIN_MASK: [0m[1;34m0->1  [0m[1;34m1->2  [0m[1;34m2->3  [0m[1;34m3->4  [0m[1;34m4->5  [0m[1;34m
[pthread wrapper] SKIP MASK: 0x0
[0m[1;34m	threadid 140109473367808 -> core 1 - OK[0m[1;34m
[0m[1;34m	threadid 140109464975104 -> core 2 - OK[0m[1;34m
[0m[1;34m	threadid 140109456582400 -> core 3 - OK[0m[1;34m
[0m[1;34m	threadid 140109448189696 -> core 4 - OK[0m[1;34m
[0m[1;34m	threadid 140109439796992 -> core 5 - OK[0m[1;34m
[0miterations: 120
Total iterations: 1078560480 LUP
FLOP: 11
Total work: 11864165280 FLOP
performance: 1.215816 GLUP/s
Performance in GFLOP/s: 13.373979
size: 9000000
time: 0.887108
[1;34m[pthread wrapper] 
[0m[1;34m[pthread wrapper] MAIN -> 0
[0m[1;34m[pthread wrapper] PIN_MASK: [0m[1;34m0->1  [0m[1;34m1->2  [0m[1;34m2->3  [0m[1;34m3->4  [0m[1;34m4->5  [0m[1;34m
[pthread wrapper] SKIP MASK: 0x0
[0m[1;34m	threadid 140351067137792 -> core 1 - OK[0m[1;34m
[0m[1;34m	threadid 140351058745088 -> core 2 - OK[0m[1;34m
[0m[1;34m	threadid 140351050352384 -> core 3 - OK[0m[1;34m
[0m[1;34m	threadid 140351041959680 -> core 4 - OK[0m[1;34m
[0m[1;34m	threadid 140351033566976 -> core 5 - OK[0m[1;34m
[0miterations: 120
Total iterations: 1078560480 LUP
FLOP: 11
Total work: 11864165280 FLOP
performance: 1.182881 GLUP/s
Performance in GFLOP/s: 13.011692
size: 9000000
time: 0.911808
