[1;34m[pthread wrapper] 
[0m[1;34m[pthread wrapper] MAIN -> 0
[0m[1;34m[pthread wrapper] PIN_MASK: [0m[1;34m0->1  [0m[1;34m1->2  [0m[1;34m2->3  [0m[1;34m3->4  [0m[1;34m4->5  [0m[1;34m
[pthread wrapper] SKIP MASK: 0x0
[0m[1;34m	threadid 47178197747456 -> core 1 - OK[0m[1;34m
[0m[1;34m	threadid 47178199848704 -> core 2 - OK[0m[1;34m
[0m[1;34m	threadid 47178201949952 -> core 3 - OK[0m[1;34m
[0m[1;34m	threadid 47178204051200 -> core 4 - OK[0m[1;34m
[0m[1;34m	threadid 47178206152448 -> core 5 - OK[0m[1;34m
[0miterations: 120
Total iterations: 1078560480 LUP
FLOP: 11
Total work: 11864165280 FLOP
performance: 2.114182 GLUP/s
Performance in GFLOP/s: 23.256003
size: 9000000
time: 0.510155
[1;34m[pthread wrapper] 
[0m[1;34m[pthread wrapper] MAIN -> 0
[0m[1;34m[pthread wrapper] PIN_MASK: [0m[1;34m0->1  [0m[1;34m1->2  [0m[1;34m2->3  [0m[1;34m3->4  [0m[1;34m4->5  [0m[1;34m
[pthread wrapper] SKIP MASK: 0x0
[0m[1;34m	threadid 47407139555072 -> core 1 - OK[0m[1;34m
[0m[1;34m	threadid 47407141656320 -> core 2 - OK[0m[1;34m
[0m[1;34m	threadid 47407143757568 -> core 3 - OK[0m[1;34m
[0m[1;34m	threadid 47407145858816 -> core 4 - OK[0m[1;34m
[0m[1;34m	threadid 47407147960064 -> core 5 - OK[0m[1;34m
[0miterations: 120
Total iterations: 1078560480 LUP
FLOP: 11
Total work: 11864165280 FLOP
performance: 2.119933 GLUP/s
Performance in GFLOP/s: 23.319267
size: 9000000
time: 0.508771
[1;34m[pthread wrapper] 
[0m[1;34m[pthread wrapper] MAIN -> 0
[0m[1;34m[pthread wrapper] PIN_MASK: [0m[1;34m0->1  [0m[1;34m1->2  [0m[1;34m2->3  [0m[1;34m3->4  [0m[1;34m4->5  [0m[1;34m
[pthread wrapper] SKIP MASK: 0x0
[0m[1;34m	threadid 47741272856320 -> core 1 - OK[0m[1;34m
[0m[1;34m	threadid 47741274957568 -> core 2 - OK[0m[1;34m
[0m[1;34m	threadid 47741277058816 -> core 3 - OK[0m[1;34m
[0m[1;34m	threadid 47741279160064 -> core 4 - OK[0m[1;34m
[0m[1;34m	threadid 47741281261312 -> core 5 - OK[0m[1;34m
[0miterations: 120
Total iterations: 1078560480 LUP
FLOP: 11
Total work: 11864165280 FLOP
performance: 2.117851 GLUP/s
Performance in GFLOP/s: 23.296363
size: 9000000
time: 0.509271
[1;34m[pthread wrapper] 
[0m[1;34m[pthread wrapper] MAIN -> 0
[0m[1;34m[pthread wrapper] PIN_MASK: [0m[1;34m0->1  [0m[1;34m1->2  [0m[1;34m2->3  [0m[1;34m3->4  [0m[1;34m4->5  [0m[1;34m
[pthread wrapper] SKIP MASK: 0x0
[0m[1;34m	threadid 47159572662016 -> core 1 - OK[0m[1;34m
[0m[1;34m	threadid 47159574763264 -> core 2 - OK[0m[1;34m
[0m[1;34m	threadid 47159576864512 -> core 3 - OK[0m[1;34m
[0m[1;34m	threadid 47159578965760 -> core 4 - OK[0m[1;34m
[0m[1;34m	threadid 47159581067008 -> core 5 - OK[0m[1;34m
[0miterations: 120
Total iterations: 1078560480 LUP
FLOP: 11
Total work: 11864165280 FLOP
performance: 2.120183 GLUP/s
Performance in GFLOP/s: 23.322010
size: 9000000
time: 0.508711
[1;34m[pthread wrapper] 
[0m[1;34m[pthread wrapper] MAIN -> 0
[0m[1;34m[pthread wrapper] PIN_MASK: [0m[1;34m0->1  [0m[1;34m1->2  [0m[1;34m2->3  [0m[1;34m3->4  [0m[1;34m4->5  [0m[1;34m
[pthread wrapper] SKIP MASK: 0x0
[0m[1;34m	threadid 47869633894144 -> core 1 - OK[0m[1;34m
[0m[1;34m	threadid 47869635995392 -> core 2 - OK[0m[1;34m
[0m[1;34m	threadid 47869638096640 -> core 3 - OK[0m[1;34m
[0m[1;34m	threadid 47869640197888 -> core 4 - OK[0m[1;34m
[0m[1;34m	threadid 47869642299136 -> core 5 - OK[0m[1;34m
[0miterations: 120
Total iterations: 1078560480 LUP
FLOP: 11
Total work: 11864165280 FLOP
performance: 2.119791 GLUP/s
Performance in GFLOP/s: 23.317704
size: 9000000
time: 0.508805
[1;34m[pthread wrapper] 
[0m[1;34m[pthread wrapper] MAIN -> 0
[0m[1;34m[pthread wrapper] PIN_MASK: [0m[1;34m0->1  [0m[1;34m1->2  [0m[1;34m2->3  [0m[1;34m3->4  [0m[1;34m4->5  [0m[1;34m
[pthread wrapper] SKIP MASK: 0x0
[0m[1;34m	threadid 47877773342464 -> core 1 - OK[0m[1;34m
[0m[1;34m	threadid 47877775443712 -> core 2 - OK[0m[1;34m
[0m[1;34m	threadid 47877777544960 -> core 3 - OK[0m[1;34m
[0m[1;34m	threadid 47877779646208 -> core 4 - OK[0m[1;34m
[0m[1;34m	threadid 47877781747456 -> core 5 - OK[0m[1;34m
[0miterations: 120
Total iterations: 1078560480 LUP
FLOP: 11
Total work: 11864165280 FLOP
performance: 2.120625 GLUP/s
Performance in GFLOP/s: 23.326875
size: 9000000
time: 0.508605
[1;34m[pthread wrapper] 
[0m[1;34m[pthread wrapper] MAIN -> 0
[0m[1;34m[pthread wrapper] PIN_MASK: [0m[1;34m0->1  [0m[1;34m1->2  [0m[1;34m2->3  [0m[1;34m3->4  [0m[1;34m4->5  [0m[1;34m
[pthread wrapper] SKIP MASK: 0x0
[0m[1;34m	threadid 47294992918272 -> core 1 - OK[0m[1;34m
[0m[1;34m	threadid 47294995019520 -> core 2 - OK[0m[1;34m
[0m[1;34m	threadid 47294997120768 -> core 3 - OK[0m[1;34m
[0m[1;34m	threadid 47294999222016 -> core 4 - OK[0m[1;34m
[0m[1;34m	threadid 47295001323264 -> core 5 - OK[0m[1;34m
[0miterations: 120
Total iterations: 1078560480 LUP
FLOP: 11
Total work: 11864165280 FLOP
performance: 2.132862 GLUP/s
Performance in GFLOP/s: 23.461480
size: 9000000
time: 0.505687
[1;34m[pthread wrapper] 
[0m[1;34m[pthread wrapper] MAIN -> 0
[0m[1;34m[pthread wrapper] PIN_MASK: [0m[1;34m0->1  [0m[1;34m1->2  [0m[1;34m2->3  [0m[1;34m3->4  [0m[1;34m4->5  [0m[1;34m
[pthread wrapper] SKIP MASK: 0x0
[0m[1;34m	threadid 47153417402112 -> core 1 - OK[0m[1;34m
[0m[1;34m	threadid 47153419503360 -> core 2 - OK[0m[1;34m
[0m[1;34m	threadid 47153421604608 -> core 3 - OK[0m[1;34m
[0m[1;34m	threadid 47153423705856 -> core 4 - OK[0m[1;34m
[0m[1;34m	threadid 47153425807104 -> core 5 - OK[0m[1;34m
[0miterations: 120
Total iterations: 1078560480 LUP
FLOP: 11
Total work: 11864165280 FLOP
performance: 2.128400 GLUP/s
Performance in GFLOP/s: 23.412403
size: 9000000
time: 0.506747
[1;34m[pthread wrapper] 
[0m[1;34m[pthread wrapper] MAIN -> 0
[0m[1;34m[pthread wrapper] PIN_MASK: [0m[1;34m0->1  [0m[1;34m1->2  [0m[1;34m2->3  [0m[1;34m3->4  [0m[1;34m4->5  [0m[1;34m
[pthread wrapper] SKIP MASK: 0x0
[0m[1;34m	threadid 47149826062080 -> core 1 - OK[0m[1;34m
[0m[1;34m	threadid 47149828163328 -> core 2 - OK[0m[1;34m
[0m[1;34m	threadid 47149830264576 -> core 3 - OK[0m[1;34m
[0m[1;34m	threadid 47149832365824 -> core 4 - OK[0m[1;34m
[0m[1;34m	threadid 47149834467072 -> core 5 - OK[0m[1;34m
[0miterations: 120
Total iterations: 1078560480 LUP
FLOP: 11
Total work: 11864165280 FLOP
performance: 2.111214 GLUP/s
Performance in GFLOP/s: 23.223356
size: 9000000
time: 0.510872
[1;34m[pthread wrapper] 
[0m[1;34m[pthread wrapper] MAIN -> 0
[0m[1;34m[pthread wrapper] PIN_MASK: [0m[1;34m0->1  [0m[1;34m1->2  [0m[1;34m2->3  [0m[1;34m3->4  [0m[1;34m4->5  [0m[1;34m
[pthread wrapper] SKIP MASK: 0x0
[0m[1;34m	threadid 47172354598656 -> core 1 - OK[0m[1;34m
[0m[1;34m	threadid 47172356699904 -> core 2 - OK[0m[1;34m
[0m[1;34m	threadid 47172358801152 -> core 3 - OK[0m[1;34m
[0m[1;34m	threadid 47172360902400 -> core 4 - OK[0m[1;34m
[0m[1;34m	threadid 47172363003648 -> core 5 - OK[0m[1;34m
[0miterations: 120
Total iterations: 1078560480 LUP
FLOP: 11
Total work: 11864165280 FLOP
performance: 2.096996 GLUP/s
Performance in GFLOP/s: 23.066961
size: 9000000
time: 0.514336
