iterations: 200
Total iterations: 1797600800 LUP
FLOP: 11
Total work: 19773608800 FLOP
performance: 2.883646 GLUP/s
Performance in GFLOP/s: 31.720104
size: 9000000
time: 0.623378
iterations: 200
Total iterations: 1797600800 LUP
FLOP: 11
Total work: 19773608800 FLOP
performance: 2.888533 GLUP/s
Performance in GFLOP/s: 31.773866
size: 9000000
time: 0.622323
iterations: 200
Total iterations: 1797600800 LUP
FLOP: 11
Total work: 19773608800 FLOP
performance: 2.927798 GLUP/s
Performance in GFLOP/s: 32.205783
size: 9000000
time: 0.613977
iterations: 200
Total iterations: 1797600800 LUP
FLOP: 11
Total work: 19773608800 FLOP
performance: 2.717425 GLUP/s
Performance in GFLOP/s: 29.891679
size: 9000000
time: 0.661509
iterations: 200
Total iterations: 1797600800 LUP
FLOP: 11
Total work: 19773608800 FLOP
performance: 2.895966 GLUP/s
Performance in GFLOP/s: 31.855622
size: 9000000
time: 0.620726
iterations: 200
Total iterations: 1797600800 LUP
FLOP: 11
Total work: 19773608800 FLOP
performance: 2.879272 GLUP/s
Performance in GFLOP/s: 31.671990
size: 9000000
time: 0.624325
iterations: 200
Total iterations: 1797600800 LUP
FLOP: 11
Total work: 19773608800 FLOP
performance: 2.818466 GLUP/s
Performance in GFLOP/s: 31.003127
size: 9000000
time: 0.637794
iterations: 200
Total iterations: 1797600800 LUP
FLOP: 11
Total work: 19773608800 FLOP
performance: 2.909516 GLUP/s
Performance in GFLOP/s: 32.004673
size: 9000000
time: 0.617835
iterations: 200
Total iterations: 1797600800 LUP
FLOP: 11
Total work: 19773608800 FLOP
performance: 2.674376 GLUP/s
Performance in GFLOP/s: 29.418138
size: 9000000
time: 0.672157
iterations: 200
Total iterations: 1797600800 LUP
FLOP: 11
Total work: 19773608800 FLOP
performance: 2.913510 GLUP/s
Performance in GFLOP/s: 32.048615
size: 9000000
time: 0.616988
