iterations: 200
Total iterations: 49600800 LUP
FLOP: 11
Total work: 545608800 FLOP
performance: 6.980065 GLUP/s
Performance in GFLOP/s: 76.780714
size: 250000
time: 0.007106
iterations: 200
Total iterations: 49600800 LUP
FLOP: 11
Total work: 545608800 FLOP
performance: 7.011825 GLUP/s
Performance in GFLOP/s: 77.130070
size: 250000
time: 0.007074
iterations: 200
Total iterations: 49600800 LUP
FLOP: 11
Total work: 545608800 FLOP
performance: 7.065644 GLUP/s
Performance in GFLOP/s: 77.722088
size: 250000
time: 0.007020
iterations: 200
Total iterations: 49600800 LUP
FLOP: 11
Total work: 545608800 FLOP
performance: 6.994850 GLUP/s
Performance in GFLOP/s: 76.943352
size: 250000
time: 0.007091
iterations: 200
Total iterations: 49600800 LUP
FLOP: 11
Total work: 545608800 FLOP
performance: 6.978192 GLUP/s
Performance in GFLOP/s: 76.760110
size: 250000
time: 0.007108
iterations: 200
Total iterations: 49600800 LUP
FLOP: 11
Total work: 545608800 FLOP
performance: 6.933308 GLUP/s
Performance in GFLOP/s: 76.266386
size: 250000
time: 0.007154
iterations: 200
Total iterations: 49600800 LUP
FLOP: 11
Total work: 545608800 FLOP
performance: 6.872839 GLUP/s
Performance in GFLOP/s: 75.601228
size: 250000
time: 0.007217
iterations: 200
Total iterations: 49600800 LUP
FLOP: 11
Total work: 545608800 FLOP
performance: 6.934232 GLUP/s
Performance in GFLOP/s: 76.276554
size: 250000
time: 0.007153
iterations: 200
Total iterations: 49600800 LUP
FLOP: 11
Total work: 545608800 FLOP
performance: 6.970476 GLUP/s
Performance in GFLOP/s: 76.675239
size: 250000
time: 0.007116
iterations: 200
Total iterations: 49600800 LUP
FLOP: 11
Total work: 545608800 FLOP
performance: 6.833109 GLUP/s
Performance in GFLOP/s: 75.164198
size: 250000
time: 0.007259
