[1;34m[pthread wrapper] 
[0m[1;34m[pthread wrapper] MAIN -> 0
[0m[1;34m[pthread wrapper] PIN_MASK: [0m[1;34m0->1  [0m[1;34m1->2  [0m[1;34m2->3  [0m[1;34m3->4  [0m[1;34m4->10  [0m[1;34m5->11  [0m[1;34m6->12  [0m[1;34m7->13  [0m[1;34m8->14  [0m[1;34m
[pthread wrapper] SKIP MASK: 0x0
[0m[1;34m	threadid 47230985623296 -> core 1 - OK[0m[1;34m
[0m[1;34m	threadid 47230987724544 -> core 2 - OK[0m[1;34m
[0m[1;34m	threadid 47230989825792 -> core 3 - OK[0m[1;34m
[0m[1;34m	threadid 47230991927040 -> core 4 - OK[0m[1;34m
[0m[1;34m	threadid 47230994028288 -> core 10 - OK[0m[1;34m
[0m[1;34m	threadid 47230996129536 -> core 11 - OK[0m[1;34m
[0m[1;34m	threadid 47230998230784 -> core 12 - OK[0m[1;34m
[0m[1;34m	threadid 47231000332032 -> core 13 - OK[0m[1;34m
[0m[1;34m	threadid 47231002433280 -> core 14 - OK[0m[1;34m
[0miterations: 200
Total iterations: 49600800 LUP
FLOP: 11
Total work: 545608800 FLOP
performance: 6.457687 GLUP/s
Performance in GFLOP/s: 71.034553
size: 250000
time: 0.007681
[1;34m[pthread wrapper] 
[0m[1;34m[pthread wrapper] MAIN -> 0
[0m[1;34m[pthread wrapper] PIN_MASK: [0m[1;34m0->1  [0m[1;34m1->2  [0m[1;34m2->3  [0m[1;34m3->4  [0m[1;34m4->10  [0m[1;34m5->11  [0m[1;34m6->12  [0m[1;34m7->13  [0m[1;34m8->14  [0m[1;34m
[pthread wrapper] SKIP MASK: 0x0
[0m[1;34m	threadid 47653519275776 -> core 1 - OK[0m[1;34m
[0m[1;34m	threadid 47653521377024 -> core 2 - OK[0m[1;34m
[0m[1;34m	threadid 47653523478272 -> core 3 - OK[0m[1;34m
[0m[1;34m	threadid 47653525579520 -> core 4 - OK[0m[1;34m
[0m[1;34m	threadid 47653527680768 -> core 10 - OK[0m[1;34m
[0m[1;34m	threadid 47653529782016 -> core 11 - OK[0m[1;34m
[0m[1;34m	threadid 47653531883264 -> core 12 - OK[0m[1;34m
[0m[1;34m	threadid 47653533984512 -> core 13 - OK[0m[1;34m
[0m[1;34m	threadid 47653536085760 -> core 14 - OK[0m[1;34m
[0miterations: 200
Total iterations: 49600800 LUP
FLOP: 11
Total work: 545608800 FLOP
performance: 6.433324 GLUP/s
Performance in GFLOP/s: 70.766565
size: 250000
time: 0.007710
[1;34m[pthread wrapper] 
[0m[1;34m[pthread wrapper] MAIN -> 0
[0m[1;34m[pthread wrapper] PIN_MASK: [0m[1;34m0->1  [0m[1;34m1->2  [0m[1;34m2->3  [0m[1;34m3->4  [0m[1;34m4->10  [0m[1;34m5->11  [0m[1;34m6->12  [0m[1;34m7->13  [0m[1;34m8->14  [0m[1;34m
[pthread wrapper] SKIP MASK: 0x0
[0m[1;34m	threadid 47771065739008 -> core 1 - OK[0m[1;34m
[0m[1;34m	threadid 47771067840256 -> core 2 - OK[0m[1;34m
[0m[1;34m	threadid 47771069941504 -> core 3 - OK[0m[1;34m
[0m[1;34m	threadid 47771072042752 -> core 4 - OK[0m[1;34m
[0m[1;34m	threadid 47771074144000 -> core 10 - OK[0m[1;34m
[0m[1;34m	threadid 47771076245248 -> core 11 - OK[0m[1;34m
[0m[1;34m	threadid 47771078346496 -> core 12 - OK[0m[1;34m
[0m[1;34m	threadid 47771080447744 -> core 13 - OK[0m[1;34m
[0m[1;34m	threadid 47771082548992 -> core 14 - OK[0m[1;34m
[0miterations: 200
Total iterations: 49600800 LUP
FLOP: 11
Total work: 545608800 FLOP
performance: 6.386126 GLUP/s
Performance in GFLOP/s: 70.247388
size: 250000
time: 0.007767
[1;34m[pthread wrapper] 
[0m[1;34m[pthread wrapper] MAIN -> 0
[0m[1;34m[pthread wrapper] PIN_MASK: [0m[1;34m0->1  [0m[1;34m1->2  [0m[1;34m2->3  [0m[1;34m3->4  [0m[1;34m4->10  [0m[1;34m5->11  [0m[1;34m6->12  [0m[1;34m7->13  [0m[1;34m8->14  [0m[1;34m
[pthread wrapper] SKIP MASK: 0x0
[0m[1;34m	threadid 47568296830720 -> core 1 - OK[0m[1;34m
[0m[1;34m	threadid 47568298931968 -> core 2 - OK[0m[1;34m
[0m[1;34m	threadid 47568301033216 -> core 3 - OK[0m[1;34m
[0m[1;34m	threadid 47568303134464 -> core 4 - OK[0m[1;34m
[0m[1;34m	threadid 47568305235712 -> core 10 - OK[0m[1;34m
[0m[1;34m	threadid 47568307336960 -> core 11 - OK[0m[1;34m
[0m[1;34m	threadid 47568309438208 -> core 12 - OK[0m[1;34m
[0m[1;34m	threadid 47568311539456 -> core 13 - OK[0m[1;34m
[0m[1;34m	threadid 47568313640704 -> core 14 - OK[0m[1;34m
[0miterations: 200
Total iterations: 49600800 LUP
FLOP: 11
Total work: 545608800 FLOP
performance: 6.201658 GLUP/s
Performance in GFLOP/s: 68.218243
size: 250000
time: 0.007998
[1;34m[pthread wrapper] 
[0m[1;34m[pthread wrapper] MAIN -> 0
[0m[1;34m[pthread wrapper] PIN_MASK: [0m[1;34m0->1  [0m[1;34m1->2  [0m[1;34m2->3  [0m[1;34m3->4  [0m[1;34m4->10  [0m[1;34m5->11  [0m[1;34m6->12  [0m[1;34m7->13  [0m[1;34m8->14  [0m[1;34m
[pthread wrapper] SKIP MASK: 0x0
[0m[1;34m	threadid 47168624183040 -> core 1 - OK[0m[1;34m
[0m[1;34m	threadid 47168626284288 -> core 2 - OK[0m[1;34m
[0m[1;34m	threadid 47168628385536 -> core 3 - OK[0m[1;34m
[0m[1;34m	threadid 47168630486784 -> core 4 - OK[0m[1;34m
[0m[1;34m	threadid 47168632588032 -> core 10 - OK[0m[1;34m
[0m[1;34m	threadid 47168634689280 -> core 11 - OK[0m[1;34m
[0m[1;34m	threadid 47168636790528 -> core 12 - OK[0m[1;34m
[0m[1;34m	threadid 47168638891776 -> core 13 - OK[0m[1;34m
[0m[1;34m	threadid 47168640993024 -> core 14 - OK[0m[1;34m
[0miterations: 200
Total iterations: 49600800 LUP
FLOP: 11
Total work: 545608800 FLOP
performance: 5.944533 GLUP/s
Performance in GFLOP/s: 65.389867
size: 250000
time: 0.008344
[1;34m[pthread wrapper] 
[0m[1;34m[pthread wrapper] MAIN -> 0
[0m[1;34m[pthread wrapper] PIN_MASK: [0m[1;34m0->1  [0m[1;34m1->2  [0m[1;34m2->3  [0m[1;34m3->4  [0m[1;34m4->10  [0m[1;34m5->11  [0m[1;34m6->12  [0m[1;34m7->13  [0m[1;34m8->14  [0m[1;34m
[pthread wrapper] SKIP MASK: 0x0
[0m[1;34m	threadid 47983045580544 -> core 1 - OK[0m[1;34m
[0m[1;34m	threadid 47983047681792 -> core 2 - OK[0m[1;34m
[0m[1;34m	threadid 47983049783040 -> core 3 - OK[0m[1;34m
[0m[1;34m	threadid 47983051884288 -> core 4 - OK[0m[1;34m
[0m[1;34m	threadid 47983053985536 -> core 10 - OK[0m[1;34m
[0m[1;34m	threadid 47983056086784 -> core 11 - OK[0m[1;34m
[0m[1;34m	threadid 47983058188032 -> core 12 - OK[0m[1;34m
[0m[1;34m	threadid 47983060289280 -> core 13 - OK[0m[1;34m
[0m[1;34m	threadid 47983062390528 -> core 14 - OK[0m[1;34m
[0miterations: 200
Total iterations: 49600800 LUP
FLOP: 11
Total work: 545608800 FLOP
performance: 6.139433 GLUP/s
Performance in GFLOP/s: 67.533765
size: 250000
time: 0.008079
[1;34m[pthread wrapper] 
[0m[1;34m[pthread wrapper] MAIN -> 0
[0m[1;34m[pthread wrapper] PIN_MASK: [0m[1;34m0->1  [0m[1;34m1->2  [0m[1;34m2->3  [0m[1;34m3->4  [0m[1;34m4->10  [0m[1;34m5->11  [0m[1;34m6->12  [0m[1;34m7->13  [0m[1;34m8->14  [0m[1;34m
[pthread wrapper] SKIP MASK: 0x0
[0m[1;34m	threadid 46967145821952 -> core 1 - OK[0m[1;34m
[0m[1;34m	threadid 46967147923200 -> core 2 - OK[0m[1;34m
[0m[1;34m	threadid 46967150024448 -> core 3 - OK[0m[1;34m
[0m[1;34m	threadid 46967152125696 -> core 4 - OK[0m[1;34m
[0m[1;34m	threadid 46967154226944 -> core 10 - OK[0m[1;34m
[0m[1;34m	threadid 46967156328192 -> core 11 - OK[0m[1;34m
[0m[1;34m	threadid 46967158429440 -> core 12 - OK[0m[1;34m
[0m[1;34m	threadid 46967160530688 -> core 13 - OK[0m[1;34m
[0m[1;34m	threadid 46967162631936 -> core 14 - OK[0m[1;34m
[0miterations: 200
Total iterations: 49600800 LUP
FLOP: 11
Total work: 545608800 FLOP
performance: 6.445083 GLUP/s
Performance in GFLOP/s: 70.895913
size: 250000
time: 0.007696
[1;34m[pthread wrapper] 
[0m[1;34m[pthread wrapper] MAIN -> 0
[0m[1;34m[pthread wrapper] PIN_MASK: [0m[1;34m0->1  [0m[1;34m1->2  [0m[1;34m2->3  [0m[1;34m3->4  [0m[1;34m4->10  [0m[1;34m5->11  [0m[1;34m6->12  [0m[1;34m7->13  [0m[1;34m8->14  [0m[1;34m
[pthread wrapper] SKIP MASK: 0x0
[0m[1;34m	threadid 47427747727104 -> core 1 - OK[0m[1;34m
[0m[1;34m	threadid 47427749828352 -> core 2 - OK[0m[1;34m
[0m[1;34m	threadid 47427751929600 -> core 3 - OK[0m[1;34m
[0m[1;34m	threadid 47427754030848 -> core 4 - OK[0m[1;34m
[0m[1;34m	threadid 47427756132096 -> core 10 - OK[0m[1;34m
[0m[1;34m	threadid 47427758233344 -> core 11 - OK[0m[1;34m
[0m[1;34m	threadid 47427760334592 -> core 12 - OK[0m[1;34m
[0m[1;34m	threadid 47427762435840 -> core 13 - OK[0m[1;34m
[0m[1;34m	threadid 47427764537088 -> core 14 - OK[0m[1;34m
[0miterations: 200
Total iterations: 49600800 LUP
FLOP: 11
Total work: 545608800 FLOP
performance: 6.365609 GLUP/s
Performance in GFLOP/s: 70.021699
size: 250000
time: 0.007792
[1;34m[pthread wrapper] 
[0m[1;34m[pthread wrapper] MAIN -> 0
[0m[1;34m[pthread wrapper] PIN_MASK: [0m[1;34m0->1  [0m[1;34m1->2  [0m[1;34m2->3  [0m[1;34m3->4  [0m[1;34m4->10  [0m[1;34m5->11  [0m[1;34m6->12  [0m[1;34m7->13  [0m[1;34m8->14  [0m[1;34m
[pthread wrapper] SKIP MASK: 0x0
[0m[1;34m	threadid 47148331710208 -> core 1 - OK[0m[1;34m
[0m[1;34m	threadid 47148333811456 -> core 2 - OK[0m[1;34m
[0m[1;34m	threadid 47148335912704 -> core 3 - OK[0m[1;34m
[0m[1;34m	threadid 47148338013952 -> core 4 - OK[0m[1;34m
[0m[1;34m	threadid 47148340115200 -> core 10 - OK[0m[1;34m
[0m[1;34m	threadid 47148342216448 -> core 11 - OK[0m[1;34m
[0m[1;34m	threadid 47148344317696 -> core 12 - OK[0m[1;34m
[0m[1;34m	threadid 47148346418944 -> core 13 - OK[0m[1;34m
[0m[1;34m	threadid 47148348520192 -> core 14 - OK[0m[1;34m
[0miterations: 200
Total iterations: 49600800 LUP
FLOP: 11
Total work: 545608800 FLOP
performance: 6.399287 GLUP/s
Performance in GFLOP/s: 70.392162
size: 250000
time: 0.007751
[1;34m[pthread wrapper] 
[0m[1;34m[pthread wrapper] MAIN -> 0
[0m[1;34m[pthread wrapper] PIN_MASK: [0m[1;34m0->1  [0m[1;34m1->2  [0m[1;34m2->3  [0m[1;34m3->4  [0m[1;34m4->10  [0m[1;34m5->11  [0m[1;34m6->12  [0m[1;34m7->13  [0m[1;34m8->14  [0m[1;34m
[pthread wrapper] SKIP MASK: 0x0
[0m[1;34m	threadid 47679210206976 -> core 1 - OK[0m[1;34m
[0m[1;34m	threadid 47679212308224 -> core 2 - OK[0m[1;34m
[0m[1;34m	threadid 47679214409472 -> core 3 - OK[0m[1;34m
[0m[1;34m	threadid 47679216510720 -> core 4 - OK[0m[1;34m
[0m[1;34m	threadid 47679218611968 -> core 10 - OK[0m[1;34m
[0m[1;34m	threadid 47679220713216 -> core 11 - OK[0m[1;34m
[0m[1;34m	threadid 47679222814464 -> core 12 - OK[0m[1;34m
[0m[1;34m	threadid 47679224915712 -> core 13 - OK[0m[1;34m
[0m[1;34m	threadid 47679227016960 -> core 14 - OK[0m[1;34m
[0miterations: 200
Total iterations: 49600800 LUP
FLOP: 11
Total work: 545608800 FLOP
performance: 5.969437 GLUP/s
Performance in GFLOP/s: 65.663802
size: 250000
time: 0.008309
