[1;34m[pthread wrapper] 
[0m[1;34m[pthread wrapper] MAIN -> 0
[0m[1;34m[pthread wrapper] PIN_MASK: [0m[1;34m0->1  [0m[1;34m1->2  [0m[1;34m2->3  [0m[1;34m3->4  [0m[1;34m4->5  [0m[1;34m
[pthread wrapper] SKIP MASK: 0x0
[0m[1;34m	threadid 47948204582656 -> core 1 - OK[0m[1;34m
[0m[1;34m	threadid 47948206683904 -> core 2 - OK[0m[1;34m
[0m[1;34m	threadid 47948208785152 -> core 3 - OK[0m[1;34m
[0m[1;34m	threadid 47948210886400 -> core 4 - OK[0m[1;34m
[0m[1;34m	threadid 47948212987648 -> core 5 - OK[0m[1;34m
[0miterations: 200
Total iterations: 49600800 LUP
FLOP: 11
Total work: 545608800 FLOP
performance: 2.766979 GLUP/s
Performance in GFLOP/s: 30.436767
size: 250000
time: 0.017926
[1;34m[pthread wrapper] 
[0m[1;34m[pthread wrapper] MAIN -> 0
[0m[1;34m[pthread wrapper] PIN_MASK: [0m[1;34m0->1  [0m[1;34m1->2  [0m[1;34m2->3  [0m[1;34m3->4  [0m[1;34m4->5  [0m[1;34m
[pthread wrapper] SKIP MASK: 0x0
[0m[1;34m	threadid 47082665326336 -> core 1 - OK[0m[1;34m
[0m[1;34m	threadid 47082667427584 -> core 2 - OK[0m[1;34m
[0m[1;34m	threadid 47082669528832 -> core 3 - OK[0m[1;34m
[0m[1;34m	threadid 47082671630080 -> core 4 - OK[0m[1;34m
[0m[1;34m	threadid 47082673731328 -> core 5 - OK[0m[1;34m
[0miterations: 200
Total iterations: 49600800 LUP
FLOP: 11
Total work: 545608800 FLOP
performance: 2.756822 GLUP/s
Performance in GFLOP/s: 30.325045
size: 250000
time: 0.017992
[1;34m[pthread wrapper] 
[0m[1;34m[pthread wrapper] MAIN -> 0
[0m[1;34m[pthread wrapper] PIN_MASK: [0m[1;34m0->1  [0m[1;34m1->2  [0m[1;34m2->3  [0m[1;34m3->4  [0m[1;34m4->5  [0m[1;34m
[pthread wrapper] SKIP MASK: 0x0
[0m[1;34m	threadid 47093205030656 -> core 1 - OK[0m[1;34m
[0m[1;34m	threadid 47093207131904 -> core 2 - OK[0m[1;34m
[0m[1;34m	threadid 47093209233152 -> core 3 - OK[0m[1;34m
[0m[1;34m	threadid 47093211334400 -> core 4 - OK[0m[1;34m
[0m[1;34m	threadid 47093213435648 -> core 5 - OK[0m[1;34m
[0miterations: 200
Total iterations: 49600800 LUP
FLOP: 11
Total work: 545608800 FLOP
performance: 2.757115 GLUP/s
Performance in GFLOP/s: 30.328260
size: 250000
time: 0.017990
[1;34m[pthread wrapper] 
[0m[1;34m[pthread wrapper] MAIN -> 0
[0m[1;34m[pthread wrapper] PIN_MASK: [0m[1;34m0->1  [0m[1;34m1->2  [0m[1;34m2->3  [0m[1;34m3->4  [0m[1;34m4->5  [0m[1;34m
[pthread wrapper] SKIP MASK: 0x0
[0m[1;34m	threadid 47361351804672 -> core 1 - OK[0m[1;34m
[0m[1;34m	threadid 47361353905920 -> core 2 - OK[0m[1;34m
[0m[1;34m	threadid 47361356007168 -> core 3 - OK[0m[1;34m
[0m[1;34m	threadid 47361358108416 -> core 4 - OK[0m[1;34m
[0m[1;34m	threadid 47361360209664 -> core 5 - OK[0m[1;34m
[0miterations: 200
Total iterations: 49600800 LUP
FLOP: 11
Total work: 545608800 FLOP
performance: 2.757736 GLUP/s
Performance in GFLOP/s: 30.335094
size: 250000
time: 0.017986
[1;34m[pthread wrapper] 
[0m[1;34m[pthread wrapper] MAIN -> 0
[0m[1;34m[pthread wrapper] PIN_MASK: [0m[1;34m0->1  [0m[1;34m1->2  [0m[1;34m2->3  [0m[1;34m3->4  [0m[1;34m4->5  [0m[1;34m
[pthread wrapper] SKIP MASK: 0x0
[0m[1;34m	threadid 47262068762368 -> core 1 - OK[0m[1;34m
[0m[1;34m	threadid 47262070863616 -> core 2 - OK[0m[1;34m
[0m[1;34m	threadid 47262072964864 -> core 3 - OK[0m[1;34m
[0m[1;34m	threadid 47262075066112 -> core 4 - OK[0m[1;34m
[0m[1;34m	threadid 47262077167360 -> core 5 - OK[0m[1;34m
[0miterations: 200
Total iterations: 49600800 LUP
FLOP: 11
Total work: 545608800 FLOP
performance: 2.782634 GLUP/s
Performance in GFLOP/s: 30.608972
size: 250000
time: 0.017825
[1;34m[pthread wrapper] 
[0m[1;34m[pthread wrapper] MAIN -> 0
[0m[1;34m[pthread wrapper] PIN_MASK: [0m[1;34m0->1  [0m[1;34m1->2  [0m[1;34m2->3  [0m[1;34m3->4  [0m[1;34m4->5  [0m[1;34m
[pthread wrapper] SKIP MASK: 0x0
[0m[1;34m	threadid 47249148749568 -> core 1 - OK[0m[1;34m
[0m[1;34m	threadid 47249150850816 -> core 2 - OK[0m[1;34m
[0m[1;34m	threadid 47249152952064 -> core 3 - OK[0m[1;34m
[0m[1;34m	threadid 47249155053312 -> core 4 - OK[0m[1;34m
[0m[1;34m	threadid 47249157154560 -> core 5 - OK[0m[1;34m
[0miterations: 200
Total iterations: 49600800 LUP
FLOP: 11
Total work: 545608800 FLOP
performance: 2.779400 GLUP/s
Performance in GFLOP/s: 30.573395
size: 250000
time: 0.017846
[1;34m[pthread wrapper] 
[0m[1;34m[pthread wrapper] MAIN -> 0
[0m[1;34m[pthread wrapper] PIN_MASK: [0m[1;34m0->1  [0m[1;34m1->2  [0m[1;34m2->3  [0m[1;34m3->4  [0m[1;34m4->5  [0m[1;34m
[pthread wrapper] SKIP MASK: 0x0
[0m[1;34m	threadid 47006371309312 -> core 1 - OK[0m[1;34m
[0m[1;34m	threadid 47006373410560 -> core 2 - OK[0m[1;34m
[0m[1;34m	threadid 47006375511808 -> core 3 - OK[0m[1;34m
[0m[1;34m	threadid 47006377613056 -> core 4 - OK[0m[1;34m
[0m[1;34m	threadid 47006379714304 -> core 5 - OK[0m[1;34m
[0miterations: 200
Total iterations: 49600800 LUP
FLOP: 11
Total work: 545608800 FLOP
performance: 2.755435 GLUP/s
Performance in GFLOP/s: 30.309782
size: 250000
time: 0.018001
[1;34m[pthread wrapper] 
[0m[1;34m[pthread wrapper] MAIN -> 0
[0m[1;34m[pthread wrapper] PIN_MASK: [0m[1;34m0->1  [0m[1;34m1->2  [0m[1;34m2->3  [0m[1;34m3->4  [0m[1;34m4->5  [0m[1;34m
[pthread wrapper] SKIP MASK: 0x0
[0m[1;34m	threadid 47779999893248 -> core 1 - OK[0m[1;34m
[0m[1;34m	threadid 47780001994496 -> core 2 - OK[0m[1;34m
[0m[1;34m	threadid 47780004095744 -> core 3 - OK[0m[1;34m
[0m[1;34m	threadid 47780006196992 -> core 4 - OK[0m[1;34m
[0m[1;34m	threadid 47780008298240 -> core 5 - OK[0m[1;34m
[0miterations: 200
Total iterations: 49600800 LUP
FLOP: 11
Total work: 545608800 FLOP
performance: 2.747357 GLUP/s
Performance in GFLOP/s: 30.220923
size: 250000
time: 0.018054
[1;34m[pthread wrapper] 
[0m[1;34m[pthread wrapper] MAIN -> 0
[0m[1;34m[pthread wrapper] PIN_MASK: [0m[1;34m0->1  [0m[1;34m1->2  [0m[1;34m2->3  [0m[1;34m3->4  [0m[1;34m4->5  [0m[1;34m
[pthread wrapper] SKIP MASK: 0x0
[0m[1;34m	threadid 47539246843648 -> core 1 - OK[0m[1;34m
[0m[1;34m	threadid 47539248944896 -> core 2 - OK[0m[1;34m
[0m[1;34m	threadid 47539251046144 -> core 3 - OK[0m[1;34m
[0m[1;34m	threadid 47539253147392 -> core 4 - OK[0m[1;34m
[0m[1;34m	threadid 47539255248640 -> core 5 - OK[0m[1;34m
[0miterations: 200
Total iterations: 49600800 LUP
FLOP: 11
Total work: 545608800 FLOP
performance: 2.780625 GLUP/s
Performance in GFLOP/s: 30.586880
size: 250000
time: 0.017838
[1;34m[pthread wrapper] 
[0m[1;34m[pthread wrapper] MAIN -> 0
[0m[1;34m[pthread wrapper] PIN_MASK: [0m[1;34m0->1  [0m[1;34m1->2  [0m[1;34m2->3  [0m[1;34m3->4  [0m[1;34m4->5  [0m[1;34m
[pthread wrapper] SKIP MASK: 0x0
[0m[1;34m	threadid 47201763944192 -> core 1 - OK[0m[1;34m
[0m[1;34m	threadid 47201766045440 -> core 2 - OK[0m[1;34m
[0m[1;34m	threadid 47201768146688 -> core 3 - OK[0m[1;34m
[0m[1;34m	threadid 47201770247936 -> core 4 - OK[0m[1;34m
[0m[1;34m	threadid 47201772349184 -> core 5 - OK[0m[1;34m
[0miterations: 200
Total iterations: 49600800 LUP
FLOP: 11
Total work: 545608800 FLOP
performance: 2.758357 GLUP/s
Performance in GFLOP/s: 30.341932
size: 250000
time: 0.017982
