iterations: 120
Total iterations: 1078560480 LUP
FLOP: 11
Total work: 11864165280 FLOP
performance: 0.665439 GLUP/s
Performance in GFLOP/s: 7.319827
size: 9000000
time: 1.620826
iterations: 120
Total iterations: 1078560480 LUP
FLOP: 11
Total work: 11864165280 FLOP
performance: 0.666880 GLUP/s
Performance in GFLOP/s: 7.335681
size: 9000000
time: 1.617323
iterations: 120
Total iterations: 1078560480 LUP
FLOP: 11
Total work: 11864165280 FLOP
performance: 0.663102 GLUP/s
Performance in GFLOP/s: 7.294117
size: 9000000
time: 1.626539
iterations: 120
Total iterations: 1078560480 LUP
FLOP: 11
Total work: 11864165280 FLOP
performance: 0.664942 GLUP/s
Performance in GFLOP/s: 7.314358
size: 9000000
time: 1.622038
iterations: 120
Total iterations: 1078560480 LUP
FLOP: 11
Total work: 11864165280 FLOP
performance: 0.668238 GLUP/s
Performance in GFLOP/s: 7.350615
size: 9000000
time: 1.614037
iterations: 120
Total iterations: 1078560480 LUP
FLOP: 11
Total work: 11864165280 FLOP
performance: 0.665786 GLUP/s
Performance in GFLOP/s: 7.323650
size: 9000000
time: 1.619980
iterations: 120
Total iterations: 1078560480 LUP
FLOP: 11
Total work: 11864165280 FLOP
performance: 0.667531 GLUP/s
Performance in GFLOP/s: 7.342845
size: 9000000
time: 1.615745
iterations: 120
Total iterations: 1078560480 LUP
FLOP: 11
Total work: 11864165280 FLOP
performance: 0.663715 GLUP/s
Performance in GFLOP/s: 7.300867
size: 9000000
time: 1.625035
iterations: 120
Total iterations: 1078560480 LUP
FLOP: 11
Total work: 11864165280 FLOP
performance: 0.664949 GLUP/s
Performance in GFLOP/s: 7.314434
size: 9000000
time: 1.622021
iterations: 120
Total iterations: 1078560480 LUP
FLOP: 11
Total work: 11864165280 FLOP
performance: 0.667253 GLUP/s
Performance in GFLOP/s: 7.339779
size: 9000000
time: 1.616420
