[1;34m[pthread wrapper] 
[0m[1;34m[pthread wrapper] MAIN -> 0
[0m[1;34m[pthread wrapper] PIN_MASK: [0m[1;34m0->1  [0m[1;34m1->2  [0m[1;34m2->3  [0m[1;34m3->4  [0m[1;34m4->10  [0m[1;34m5->11  [0m[1;34m6->12  [0m[1;34m7->13  [0m[1;34m8->14  [0m[1;34m
[pthread wrapper] SKIP MASK: 0x0
[0m[1;34m	threadid 47068348790528 -> core 1 - OK[0m[1;34m
[0m[1;34m	threadid 47068350891776 -> core 2 - OK[0m[1;34m
[0m[1;34m	threadid 47068352993024 -> core 3 - OK[0m[1;34m
[0m[1;34m	threadid 47068355094272 -> core 4 - OK[0m[1;34m
[0m[1;34m	threadid 47068357195520 -> core 10 - OK[0m[1;34m
[0m[1;34m	threadid 47068359296768 -> core 11 - OK[0m[1;34m
[0m[1;34m	threadid 47068361398016 -> core 12 - OK[0m[1;34m
[0m[1;34m	threadid 47068363499264 -> core 13 - OK[0m[1;34m
[0m[1;34m	threadid 47068365600512 -> core 14 - OK[0m[1;34m
[0miterations: 200
Total iterations: 1797600800 LUP
FLOP: 11
Total work: 19773608800 FLOP
performance: 3.804286 GLUP/s
Performance in GFLOP/s: 41.847147
size: 9000000
time: 0.472520
[1;34m[pthread wrapper] 
[0m[1;34m[pthread wrapper] MAIN -> 0
[0m[1;34m[pthread wrapper] PIN_MASK: [0m[1;34m0->1  [0m[1;34m1->2  [0m[1;34m2->3  [0m[1;34m3->4  [0m[1;34m4->10  [0m[1;34m5->11  [0m[1;34m6->12  [0m[1;34m7->13  [0m[1;34m8->14  [0m[1;34m
[pthread wrapper] SKIP MASK: 0x0
[0m[1;34m	threadid 46957035329280 -> core 1 - OK[0m[1;34m
[0m[1;34m	threadid 46957037430528 -> core 2 - OK[0m[1;34m
[0m[1;34m	threadid 46957039531776 -> core 3 - OK[0m[1;34m
[0m[1;34m	threadid 46957041633024 -> core 4 - OK[0m[1;34m
[0m[1;34m	threadid 46957043734272 -> core 10 - OK[0m[1;34m
[0m[1;34m	threadid 46957045835520 -> core 11 - OK[0m[1;34m
[0m[1;34m	threadid 46957047936768 -> core 12 - OK[0m[1;34m
[0m[1;34m	threadid 46957050038016 -> core 13 - OK[0m[1;34m
[0m[1;34m	threadid 46957052139264 -> core 14 - OK[0m[1;34m
[0miterations: 200
Total iterations: 1797600800 LUP
FLOP: 11
Total work: 19773608800 FLOP
performance: 3.902160 GLUP/s
Performance in GFLOP/s: 42.923765
size: 9000000
time: 0.460668
[1;34m[pthread wrapper] 
[0m[1;34m[pthread wrapper] MAIN -> 0
[0m[1;34m[pthread wrapper] PIN_MASK: [0m[1;34m0->1  [0m[1;34m1->2  [0m[1;34m2->3  [0m[1;34m3->4  [0m[1;34m4->10  [0m[1;34m5->11  [0m[1;34m6->12  [0m[1;34m7->13  [0m[1;34m8->14  [0m[1;34m
[pthread wrapper] SKIP MASK: 0x0
[0m[1;34m	threadid 47027519641344 -> core 1 - OK[0m[1;34m
[0m[1;34m	threadid 47027521742592 -> core 2 - OK[0m[1;34m
[0m[1;34m	threadid 47027523843840 -> core 3 - OK[0m[1;34m
[0m[1;34m	threadid 47027525945088 -> core 4 - OK[0m[1;34m
[0m[1;34m	threadid 47027528046336 -> core 10 - OK[0m[1;34m
[0m[1;34m	threadid 47027530147584 -> core 11 - OK[0m[1;34m
[0m[1;34m	threadid 47027532248832 -> core 12 - OK[0m[1;34m
[0m[1;34m	threadid 47027534350080 -> core 13 - OK[0m[1;34m
[0m[1;34m	threadid 47027536451328 -> core 14 - OK[0m[1;34m
[0miterations: 200
Total iterations: 1797600800 LUP
FLOP: 11
Total work: 19773608800 FLOP
performance: 3.838404 GLUP/s
Performance in GFLOP/s: 42.222440
size: 9000000
time: 0.468320
[1;34m[pthread wrapper] 
[0m[1;34m[pthread wrapper] MAIN -> 0
[0m[1;34m[pthread wrapper] PIN_MASK: [0m[1;34m0->1  [0m[1;34m1->2  [0m[1;34m2->3  [0m[1;34m3->4  [0m[1;34m4->10  [0m[1;34m5->11  [0m[1;34m6->12  [0m[1;34m7->13  [0m[1;34m8->14  [0m[1;34m
[pthread wrapper] SKIP MASK: 0x0
[0m[1;34m	threadid 47849598596864 -> core 1 - OK[0m[1;34m
[0m[1;34m	threadid 47849600698112 -> core 2 - OK[0m[1;34m
[0m[1;34m	threadid 47849602799360 -> core 3 - OK[0m[1;34m
[0m[1;34m	threadid 47849604900608 -> core 4 - OK[0m[1;34m
[0m[1;34m	threadid 47849607001856 -> core 10 - OK[0m[1;34m
[0m[1;34m	threadid 47849609103104 -> core 11 - OK[0m[1;34m
[0m[1;34m	threadid 47849611204352 -> core 12 - OK[0m[1;34m
[0m[1;34m	threadid 47849613305600 -> core 13 - OK[0m[1;34m
[0m[1;34m	threadid 47849615406848 -> core 14 - OK[0m[1;34m
[0miterations: 200
Total iterations: 1797600800 LUP
FLOP: 11
Total work: 19773608800 FLOP
performance: 3.852651 GLUP/s
Performance in GFLOP/s: 42.379161
size: 9000000
time: 0.466588
[1;34m[pthread wrapper] 
[0m[1;34m[pthread wrapper] MAIN -> 0
[0m[1;34m[pthread wrapper] PIN_MASK: [0m[1;34m0->1  [0m[1;34m1->2  [0m[1;34m2->3  [0m[1;34m3->4  [0m[1;34m4->10  [0m[1;34m5->11  [0m[1;34m6->12  [0m[1;34m7->13  [0m[1;34m8->14  [0m[1;34m
[pthread wrapper] SKIP MASK: 0x0
[0m[1;34m	threadid 47863811495680 -> core 1 - OK[0m[1;34m
[0m[1;34m	threadid 47863813596928 -> core 2 - OK[0m[1;34m
[0m[1;34m	threadid 47863815698176 -> core 3 - OK[0m[1;34m
[0m[1;34m	threadid 47863817799424 -> core 4 - OK[0m[1;34m
[0m[1;34m	threadid 47863819900672 -> core 10 - OK[0m[1;34m
[0m[1;34m	threadid 47863822001920 -> core 11 - OK[0m[1;34m
[0m[1;34m	threadid 47863824103168 -> core 12 - OK[0m[1;34m
[0m[1;34m	threadid 47863826204416 -> core 13 - OK[0m[1;34m
[0m[1;34m	threadid 47863828305664 -> core 14 - OK[0m[1;34m
[0miterations: 200
Total iterations: 1797600800 LUP
FLOP: 11
Total work: 19773608800 FLOP
performance: 3.935049 GLUP/s
Performance in GFLOP/s: 43.285542
size: 9000000
time: 0.456818
[1;34m[pthread wrapper] 
[0m[1;34m[pthread wrapper] MAIN -> 0
[0m[1;34m[pthread wrapper] PIN_MASK: [0m[1;34m0->1  [0m[1;34m1->2  [0m[1;34m2->3  [0m[1;34m3->4  [0m[1;34m4->10  [0m[1;34m5->11  [0m[1;34m6->12  [0m[1;34m7->13  [0m[1;34m8->14  [0m[1;34m
[pthread wrapper] SKIP MASK: 0x0
[0m[1;34m	threadid 47425622464256 -> core 1 - OK[0m[1;34m
[0m[1;34m	threadid 47425624565504 -> core 2 - OK[0m[1;34m
[0m[1;34m	threadid 47425626666752 -> core 3 - OK[0m[1;34m
[0m[1;34m	threadid 47425628768000 -> core 4 - OK[0m[1;34m
[0m[1;34m	threadid 47425630869248 -> core 10 - OK[0m[1;34m
[0m[1;34m	threadid 47425632970496 -> core 11 - OK[0m[1;34m
[0m[1;34m	threadid 47425635071744 -> core 12 - OK[0m[1;34m
[0m[1;34m	threadid 47425637172992 -> core 13 - OK[0m[1;34m
[0m[1;34m	threadid 47425639274240 -> core 14 - OK[0m[1;34m
[0miterations: 200
Total iterations: 1797600800 LUP
FLOP: 11
Total work: 19773608800 FLOP
performance: 3.843062 GLUP/s
Performance in GFLOP/s: 42.273683
size: 9000000
time: 0.467752
[1;34m[pthread wrapper] 
[0m[1;34m[pthread wrapper] MAIN -> 0
[0m[1;34m[pthread wrapper] PIN_MASK: [0m[1;34m0->1  [0m[1;34m1->2  [0m[1;34m2->3  [0m[1;34m3->4  [0m[1;34m4->10  [0m[1;34m5->11  [0m[1;34m6->12  [0m[1;34m7->13  [0m[1;34m8->14  [0m[1;34m
[pthread wrapper] SKIP MASK: 0x0
[0m[1;34m	threadid 47218141992704 -> core 1 - OK[0m[1;34m
[0m[1;34m	threadid 47218144093952 -> core 2 - OK[0m[1;34m
[0m[1;34m	threadid 47218146195200 -> core 3 - OK[0m[1;34m
[0m[1;34m	threadid 47218148296448 -> core 4 - OK[0m[1;34m
[0m[1;34m	threadid 47218150397696 -> core 10 - OK[0m[1;34m
[0m[1;34m	threadid 47218152498944 -> core 11 - OK[0m[1;34m
[0m[1;34m	threadid 47218154600192 -> core 12 - OK[0m[1;34m
[0m[1;34m	threadid 47218156701440 -> core 13 - OK[0m[1;34m
[0m[1;34m	threadid 47218158802688 -> core 14 - OK[0m[1;34m
[0miterations: 200
Total iterations: 1797600800 LUP
FLOP: 11
Total work: 19773608800 FLOP
performance: 3.770572 GLUP/s
Performance in GFLOP/s: 41.476289
size: 9000000
time: 0.476745
[1;34m[pthread wrapper] 
[0m[1;34m[pthread wrapper] MAIN -> 0
[0m[1;34m[pthread wrapper] PIN_MASK: [0m[1;34m0->1  [0m[1;34m1->2  [0m[1;34m2->3  [0m[1;34m3->4  [0m[1;34m4->10  [0m[1;34m5->11  [0m[1;34m6->12  [0m[1;34m7->13  [0m[1;34m8->14  [0m[1;34m
[pthread wrapper] SKIP MASK: 0x0
[0m[1;34m	threadid 47238238459648 -> core 1 - OK[0m[1;34m
[0m[1;34m	threadid 47238240560896 -> core 2 - OK[0m[1;34m
[0m[1;34m	threadid 47238242662144 -> core 3 - OK[0m[1;34m
[0m[1;34m	threadid 47238244763392 -> core 4 - OK[0m[1;34m
[0m[1;34m	threadid 47238246864640 -> core 10 - OK[0m[1;34m
[0m[1;34m	threadid 47238248965888 -> core 11 - OK[0m[1;34m
[0m[1;34m	threadid 47238251067136 -> core 12 - OK[0m[1;34m
[0m[1;34m	threadid 47238253168384 -> core 13 - OK[0m[1;34m
[0m[1;34m	threadid 47238255269632 -> core 14 - OK[0m[1;34m
[0miterations: 200
Total iterations: 1797600800 LUP
FLOP: 11
Total work: 19773608800 FLOP
performance: 3.913879 GLUP/s
Performance in GFLOP/s: 43.052666
size: 9000000
time: 0.459289
[1;34m[pthread wrapper] 
[0m[1;34m[pthread wrapper] MAIN -> 0
[0m[1;34m[pthread wrapper] PIN_MASK: [0m[1;34m0->1  [0m[1;34m1->2  [0m[1;34m2->3  [0m[1;34m3->4  [0m[1;34m4->10  [0m[1;34m5->11  [0m[1;34m6->12  [0m[1;34m7->13  [0m[1;34m8->14  [0m[1;34m
[pthread wrapper] SKIP MASK: 0x0
[0m[1;34m	threadid 47586332583680 -> core 1 - OK[0m[1;34m
[0m[1;34m	threadid 47586334684928 -> core 2 - OK[0m[1;34m
[0m[1;34m	threadid 47586336786176 -> core 3 - OK[0m[1;34m
[0m[1;34m	threadid 47586338887424 -> core 4 - OK[0m[1;34m
[0m[1;34m	threadid 47586340988672 -> core 10 - OK[0m[1;34m
[0m[1;34m	threadid 47586343089920 -> core 11 - OK[0m[1;34m
[0m[1;34m	threadid 47586345191168 -> core 12 - OK[0m[1;34m
[0m[1;34m	threadid 47586347292416 -> core 13 - OK[0m[1;34m
[0m[1;34m	threadid 47586349393664 -> core 14 - OK[0m[1;34m
[0miterations: 200
Total iterations: 1797600800 LUP
FLOP: 11
Total work: 19773608800 FLOP
performance: 3.841167 GLUP/s
Performance in GFLOP/s: 42.252835
size: 9000000
time: 0.467983
[1;34m[pthread wrapper] 
[0m[1;34m[pthread wrapper] MAIN -> 0
[0m[1;34m[pthread wrapper] PIN_MASK: [0m[1;34m0->1  [0m[1;34m1->2  [0m[1;34m2->3  [0m[1;34m3->4  [0m[1;34m4->10  [0m[1;34m5->11  [0m[1;34m6->12  [0m[1;34m7->13  [0m[1;34m8->14  [0m[1;34m
[pthread wrapper] SKIP MASK: 0x0
[0m[1;34m	threadid 47143891109632 -> core 1 - OK[0m[1;34m
[0m[1;34m	threadid 47143893210880 -> core 2 - OK[0m[1;34m
[0m[1;34m	threadid 47143895312128 -> core 3 - OK[0m[1;34m
[0m[1;34m	threadid 47143897413376 -> core 4 - OK[0m[1;34m
[0m[1;34m	threadid 47143899514624 -> core 10 - OK[0m[1;34m
[0m[1;34m	threadid 47143901615872 -> core 11 - OK[0m[1;34m
[0m[1;34m	threadid 47143903717120 -> core 12 - OK[0m[1;34m
[0m[1;34m	threadid 47143905818368 -> core 13 - OK[0m[1;34m
[0m[1;34m	threadid 47143907919616 -> core 14 - OK[0m[1;34m
[0miterations: 200
Total iterations: 1797600800 LUP
FLOP: 11
Total work: 19773608800 FLOP
performance: 3.834121 GLUP/s
Performance in GFLOP/s: 42.175333
size: 9000000
time: 0.468843
