[1;34m[pthread wrapper] 
[0m[1;34m[pthread wrapper] MAIN -> 0
[0m[1;34m[pthread wrapper] PIN_MASK: [0m[1;34m0->1  [0m[1;34m1->2  [0m[1;34m2->3  [0m[1;34m3->4  [0m[1;34m4->5  [0m[1;34m
[pthread wrapper] SKIP MASK: 0x0
[0m[1;34m	threadid 47282464179968 -> core 1 - OK[0m[1;34m
[0m[1;34m	threadid 47282466281216 -> core 2 - OK[0m[1;34m
[0m[1;34m	threadid 47282468382464 -> core 3 - OK[0m[1;34m
[0m[1;34m	threadid 47282470483712 -> core 4 - OK[0m[1;34m
[0m[1;34m	threadid 47282472584960 -> core 5 - OK[0m[1;34m
[0miterations: 120
Total iterations: 1078560480 LUP
FLOP: 11
Total work: 11864165280 FLOP
performance: 2.104491 GLUP/s
Performance in GFLOP/s: 23.149406
size: 9000000
time: 0.512504
[1;34m[pthread wrapper] 
[0m[1;34m[pthread wrapper] MAIN -> 0
[0m[1;34m[pthread wrapper] PIN_MASK: [0m[1;34m0->1  [0m[1;34m1->2  [0m[1;34m2->3  [0m[1;34m3->4  [0m[1;34m4->5  [0m[1;34m
[pthread wrapper] SKIP MASK: 0x0
[0m[1;34m	threadid 47319888549632 -> core 1 - OK[0m[1;34m
[0m[1;34m	threadid 47319890650880 -> core 2 - OK[0m[1;34m
[0m[1;34m	threadid 47319892752128 -> core 3 - OK[0m[1;34m
[0m[1;34m	threadid 47319894853376 -> core 4 - OK[0m[1;34m
[0m[1;34m	threadid 47319896954624 -> core 5 - OK[0m[1;34m
[0miterations: 120
Total iterations: 1078560480 LUP
FLOP: 11
Total work: 11864165280 FLOP
performance: 2.114161 GLUP/s
Performance in GFLOP/s: 23.255775
size: 9000000
time: 0.510160
[1;34m[pthread wrapper] 
[0m[1;34m[pthread wrapper] MAIN -> 0
[0m[1;34m[pthread wrapper] PIN_MASK: [0m[1;34m0->1  [0m[1;34m1->2  [0m[1;34m2->3  [0m[1;34m3->4  [0m[1;34m4->5  [0m[1;34m
[pthread wrapper] SKIP MASK: 0x0
[0m[1;34m	threadid 47055524300544 -> core 1 - OK[0m[1;34m
[0m[1;34m	threadid 47055526401792 -> core 2 - OK[0m[1;34m
[0m[1;34m	threadid 47055528503040 -> core 3 - OK[0m[1;34m
[0m[1;34m	threadid 47055530604288 -> core 4 - OK[0m[1;34m
[0m[1;34m	threadid 47055532705536 -> core 5 - OK[0m[1;34m
[0miterations: 120
Total iterations: 1078560480 LUP
FLOP: 11
Total work: 11864165280 FLOP
performance: 2.127993 GLUP/s
Performance in GFLOP/s: 23.407921
size: 9000000
time: 0.506844
[1;34m[pthread wrapper] 
[0m[1;34m[pthread wrapper] MAIN -> 0
[0m[1;34m[pthread wrapper] PIN_MASK: [0m[1;34m0->1  [0m[1;34m1->2  [0m[1;34m2->3  [0m[1;34m3->4  [0m[1;34m4->5  [0m[1;34m
[pthread wrapper] SKIP MASK: 0x0
[0m[1;34m	threadid 47217348212480 -> core 1 - OK[0m[1;34m
[0m[1;34m	threadid 47217350313728 -> core 2 - OK[0m[1;34m
[0m[1;34m	threadid 47217352414976 -> core 3 - OK[0m[1;34m
[0m[1;34m	threadid 47217354516224 -> core 4 - OK[0m[1;34m
[0m[1;34m	threadid 47217356617472 -> core 5 - OK[0m[1;34m
[0miterations: 120
Total iterations: 1078560480 LUP
FLOP: 11
Total work: 11864165280 FLOP
performance: 2.119983 GLUP/s
Performance in GFLOP/s: 23.319813
size: 9000000
time: 0.508759
[1;34m[pthread wrapper] 
[0m[1;34m[pthread wrapper] MAIN -> 0
[0m[1;34m[pthread wrapper] PIN_MASK: [0m[1;34m0->1  [0m[1;34m1->2  [0m[1;34m2->3  [0m[1;34m3->4  [0m[1;34m4->5  [0m[1;34m
[pthread wrapper] SKIP MASK: 0x0
[0m[1;34m	threadid 47010156201728 -> core 1 - OK[0m[1;34m
[0m[1;34m	threadid 47010158302976 -> core 2 - OK[0m[1;34m
[0m[1;34m	threadid 47010160404224 -> core 3 - OK[0m[1;34m
[0m[1;34m	threadid 47010162505472 -> core 4 - OK[0m[1;34m
[0m[1;34m	threadid 47010164606720 -> core 5 - OK[0m[1;34m
[0miterations: 120
Total iterations: 1078560480 LUP
FLOP: 11
Total work: 11864165280 FLOP
performance: 2.140098 GLUP/s
Performance in GFLOP/s: 23.541082
size: 9000000
time: 0.503977
[1;34m[pthread wrapper] 
[0m[1;34m[pthread wrapper] MAIN -> 0
[0m[1;34m[pthread wrapper] PIN_MASK: [0m[1;34m0->1  [0m[1;34m1->2  [0m[1;34m2->3  [0m[1;34m3->4  [0m[1;34m4->5  [0m[1;34m
[pthread wrapper] SKIP MASK: 0x0
[0m[1;34m	threadid 47540841199360 -> core 1 - OK[0m[1;34m
[0m[1;34m	threadid 47540843300608 -> core 2 - OK[0m[1;34m
[0m[1;34m	threadid 47540845401856 -> core 3 - OK[0m[1;34m
[0m[1;34m	threadid 47540847503104 -> core 4 - OK[0m[1;34m
[0m[1;34m	threadid 47540849604352 -> core 5 - OK[0m[1;34m
[0miterations: 120
Total iterations: 1078560480 LUP
FLOP: 11
Total work: 11864165280 FLOP
performance: 2.129119 GLUP/s
Performance in GFLOP/s: 23.420304
size: 9000000
time: 0.506576
[1;34m[pthread wrapper] 
[0m[1;34m[pthread wrapper] MAIN -> 0
[0m[1;34m[pthread wrapper] PIN_MASK: [0m[1;34m0->1  [0m[1;34m1->2  [0m[1;34m2->3  [0m[1;34m3->4  [0m[1;34m4->5  [0m[1;34m
[pthread wrapper] SKIP MASK: 0x0
[0m[1;34m	threadid 47740252149504 -> core 1 - OK[0m[1;34m
[0m[1;34m	threadid 47740254250752 -> core 2 - OK[0m[1;34m
[0m[1;34m	threadid 47740256352000 -> core 3 - OK[0m[1;34m
[0m[1;34m	threadid 47740258453248 -> core 4 - OK[0m[1;34m
[0m[1;34m	threadid 47740260554496 -> core 5 - OK[0m[1;34m
[0miterations: 120
Total iterations: 1078560480 LUP
FLOP: 11
Total work: 11864165280 FLOP
performance: 2.139445 GLUP/s
Performance in GFLOP/s: 23.533890
size: 9000000
time: 0.504131
[1;34m[pthread wrapper] 
[0m[1;34m[pthread wrapper] MAIN -> 0
[0m[1;34m[pthread wrapper] PIN_MASK: [0m[1;34m0->1  [0m[1;34m1->2  [0m[1;34m2->3  [0m[1;34m3->4  [0m[1;34m4->5  [0m[1;34m
[pthread wrapper] SKIP MASK: 0x0
[0m[1;34m	threadid 47599104702208 -> core 1 - OK[0m[1;34m
[0m[1;34m	threadid 47599106803456 -> core 2 - OK[0m[1;34m
[0m[1;34m	threadid 47599108904704 -> core 3 - OK[0m[1;34m
[0m[1;34m	threadid 47599111005952 -> core 4 - OK[0m[1;34m
[0m[1;34m	threadid 47599113107200 -> core 5 - OK[0m[1;34m
[0miterations: 120
Total iterations: 1078560480 LUP
FLOP: 11
Total work: 11864165280 FLOP
performance: 2.122791 GLUP/s
Performance in GFLOP/s: 23.350705
size: 9000000
time: 0.508086
[1;34m[pthread wrapper] 
[0m[1;34m[pthread wrapper] MAIN -> 0
[0m[1;34m[pthread wrapper] PIN_MASK: [0m[1;34m0->1  [0m[1;34m1->2  [0m[1;34m2->3  [0m[1;34m3->4  [0m[1;34m4->5  [0m[1;34m
[pthread wrapper] SKIP MASK: 0x0
[0m[1;34m	threadid 47503971866368 -> core 1 - OK[0m[1;34m
[0m[1;34m	threadid 47503973967616 -> core 2 - OK[0m[1;34m
[0m[1;34m	threadid 47503976068864 -> core 3 - OK[0m[1;34m
[0m[1;34m	threadid 47503978170112 -> core 4 - OK[0m[1;34m
[0m[1;34m	threadid 47503980271360 -> core 5 - OK[0m[1;34m
[0miterations: 120
Total iterations: 1078560480 LUP
FLOP: 11
Total work: 11864165280 FLOP
performance: 2.108338 GLUP/s
Performance in GFLOP/s: 23.191719
size: 9000000
time: 0.511569
[1;34m[pthread wrapper] 
[0m[1;34m[pthread wrapper] MAIN -> 0
[0m[1;34m[pthread wrapper] PIN_MASK: [0m[1;34m0->1  [0m[1;34m1->2  [0m[1;34m2->3  [0m[1;34m3->4  [0m[1;34m4->5  [0m[1;34m
[pthread wrapper] SKIP MASK: 0x0
[0m[1;34m	threadid 47935156643584 -> core 1 - OK[0m[1;34m
[0m[1;34m	threadid 47935158744832 -> core 2 - OK[0m[1;34m
[0m[1;34m	threadid 47935160846080 -> core 3 - OK[0m[1;34m
[0m[1;34m	threadid 47935162947328 -> core 4 - OK[0m[1;34m
[0m[1;34m	threadid 47935165048576 -> core 5 - OK[0m[1;34m
[0miterations: 120
Total iterations: 1078560480 LUP
FLOP: 11
Total work: 11864165280 FLOP
performance: 2.121873 GLUP/s
Performance in GFLOP/s: 23.340606
size: 9000000
time: 0.508306
