[1;34m[pthread wrapper] 
[0m[1;34m[pthread wrapper] MAIN -> 0
[0m[1;34m[pthread wrapper] PIN_MASK: [0m[1;34m0->1  [0m[1;34m1->2  [0m[1;34m2->3  [0m[1;34m3->4  [0m[1;34m4->5  [0m[1;34m5->6  [0m[1;34m6->7  [0m[1;34m7->8  [0m[1;34m8->9  [0m[1;34m9->10  [0m[1;34m10->11  [0m[1;34m11->12  [0m[1;34m12->13  [0m[1;34m13->14  [0m[1;34m14->15  [0m[1;34m
[pthread wrapper] SKIP MASK: 0x0
[0m[1;34m	threadid 47354187892480 -> core 1 - OK[0m[1;34m
[0m[1;34m	threadid 47354189993728 -> core 2 - OK[0m[1;34m
[0m[1;34m	threadid 47354192094976 -> core 3 - OK[0m[1;34m
[0m[1;34m	threadid 47354194196224 -> core 4 - OK[0m[1;34m
[0m[1;34m	threadid 47354196297472 -> core 5 - OK[0m[1;34m
[0m[1;34m	threadid 47354198398720 -> core 6 - OK[0m[1;34m
[0m[1;34m	threadid 47354200499968 -> core 7 - OK[0m[1;34m
[0m[1;34m	threadid 47354202601216 -> core 8 - OK[0m[1;34m
[0m[1;34m	threadid 47354204702464 -> core 9 - OK[0m[1;34m
[0m[1;34m	threadid 47354206803712 -> core 10 - OK[0m[1;34m
[0m[1;34m	threadid 47354208904960 -> core 11 - OK[0m[1;34m
[0m[1;34m	threadid 47354211006208 -> core 12 - OK[0m[1;34m
[0m[1;34m	threadid 47354213107456 -> core 13 - OK[0m[1;34m
[0m[1;34m	threadid 47354215208704 -> core 14 - OK[0m[1;34m
[0m[1;34m	threadid 47354217309952 -> core 15 - OK[0m[1;34m
[0miterations: 200
Total iterations: 1797600800 LUP
FLOP: 11
Total work: 19773608800 FLOP
performance: 3.654603 GLUP/s
Performance in GFLOP/s: 40.200637
size: 9000000
time: 0.491873
[1;34m[pthread wrapper] 
[0m[1;34m[pthread wrapper] MAIN -> 0
[0m[1;34m[pthread wrapper] PIN_MASK: [0m[1;34m0->1  [0m[1;34m1->2  [0m[1;34m2->3  [0m[1;34m3->4  [0m[1;34m4->5  [0m[1;34m5->6  [0m[1;34m6->7  [0m[1;34m7->8  [0m[1;34m8->9  [0m[1;34m9->10  [0m[1;34m10->11  [0m[1;34m11->12  [0m[1;34m12->13  [0m[1;34m13->14  [0m[1;34m14->15  [0m[1;34m
[pthread wrapper] SKIP MASK: 0x0
[0m[1;34m	threadid 47851139192576 -> core 1 - OK[0m[1;34m
[0m[1;34m	threadid 47851141293824 -> core 2 - OK[0m[1;34m
[0m[1;34m	threadid 47851143395072 -> core 3 - OK[0m[1;34m
[0m[1;34m	threadid 47851145496320 -> core 4 - OK[0m[1;34m
[0m[1;34m	threadid 47851147597568 -> core 5 - OK[0m[1;34m
[0m[1;34m	threadid 47851149698816 -> core 6 - OK[0m[1;34m
[0m[1;34m	threadid 47851151800064 -> core 7 - OK[0m[1;34m
[0m[1;34m	threadid 47851153901312 -> core 8 - OK[0m[1;34m
[0m[1;34m	threadid 47851156002560 -> core 9 - OK[0m[1;34m
[0m[1;34m	threadid 47851158103808 -> core 10 - OK[0m[1;34m
[0m[1;34m	threadid 47851160205056 -> core 11 - OK[0m[1;34m
[0m[1;34m	threadid 47851162306304 -> core 12 - OK[0m[1;34m
[0m[1;34m	threadid 47851164407552 -> core 13 - OK[0m[1;34m
[0m[1;34m	threadid 47851166508800 -> core 14 - OK[0m[1;34m
[0m[1;34m	threadid 47851168610048 -> core 15 - OK[0m[1;34m
[0miterations: 200
Total iterations: 1797600800 LUP
FLOP: 11
Total work: 19773608800 FLOP
performance: 3.486608 GLUP/s
Performance in GFLOP/s: 38.352683
size: 9000000
time: 0.515573
[1;34m[pthread wrapper] 
[0m[1;34m[pthread wrapper] MAIN -> 0
[0m[1;34m[pthread wrapper] PIN_MASK: [0m[1;34m0->1  [0m[1;34m1->2  [0m[1;34m2->3  [0m[1;34m3->4  [0m[1;34m4->5  [0m[1;34m5->6  [0m[1;34m6->7  [0m[1;34m7->8  [0m[1;34m8->9  [0m[1;34m9->10  [0m[1;34m10->11  [0m[1;34m11->12  [0m[1;34m12->13  [0m[1;34m13->14  [0m[1;34m14->15  [0m[1;34m
[pthread wrapper] SKIP MASK: 0x0
[0m[1;34m	threadid 47650307303168 -> core 1 - OK[0m[1;34m
[0m[1;34m	threadid 47650309404416 -> core 2 - OK[0m[1;34m
[0m[1;34m	threadid 47650311505664 -> core 3 - OK[0m[1;34m
[0m[1;34m	threadid 47650313606912 -> core 4 - OK[0m[1;34m
[0m[1;34m	threadid 47650315708160 -> core 5 - OK[0m[1;34m
[0m[1;34m	threadid 47650317809408 -> core 6 - OK[0m[1;34m
[0m[1;34m	threadid 47650319910656 -> core 7 - OK[0m[1;34m
[0m[1;34m	threadid 47650322011904 -> core 8 - OK[0m[1;34m
[0m[1;34m	threadid 47650324113152 -> core 9 - OK[0m[1;34m
[0m[1;34m	threadid 47650326214400 -> core 10 - OK[0m[1;34m
[0m[1;34m	threadid 47650328315648 -> core 11 - OK[0m[1;34m
[0m[1;34m	threadid 47650330416896 -> core 12 - OK[0m[1;34m
[0m[1;34m	threadid 47650332518144 -> core 13 - OK[0m[1;34m
[0m[1;34m	threadid 47650334619392 -> core 14 - OK[0m[1;34m
[0m[1;34m	threadid 47650336720640 -> core 15 - OK[0m[1;34m
[0miterations: 200
Total iterations: 1797600800 LUP
FLOP: 11
Total work: 19773608800 FLOP
performance: 3.616270 GLUP/s
Performance in GFLOP/s: 39.778970
size: 9000000
time: 0.497087
[1;34m[pthread wrapper] 
[0m[1;34m[pthread wrapper] MAIN -> 0
[0m[1;34m[pthread wrapper] PIN_MASK: [0m[1;34m0->1  [0m[1;34m1->2  [0m[1;34m2->3  [0m[1;34m3->4  [0m[1;34m4->5  [0m[1;34m5->6  [0m[1;34m6->7  [0m[1;34m7->8  [0m[1;34m8->9  [0m[1;34m9->10  [0m[1;34m10->11  [0m[1;34m11->12  [0m[1;34m12->13  [0m[1;34m13->14  [0m[1;34m14->15  [0m[1;34m
[pthread wrapper] SKIP MASK: 0x0
[0m[1;34m	threadid 47991309743872 -> core 1 - OK[0m[1;34m
[0m[1;34m	threadid 47991311845120 -> core 2 - OK[0m[1;34m
[0m[1;34m	threadid 47991313946368 -> core 3 - OK[0m[1;34m
[0m[1;34m	threadid 47991316047616 -> core 4 - OK[0m[1;34m
[0m[1;34m	threadid 47991318148864 -> core 5 - OK[0m[1;34m
[0m[1;34m	threadid 47991320250112 -> core 6 - OK[0m[1;34m
[0m[1;34m	threadid 47991322351360 -> core 7 - OK[0m[1;34m
[0m[1;34m	threadid 47991324452608 -> core 8 - OK[0m[1;34m
[0m[1;34m	threadid 47991326553856 -> core 9 - OK[0m[1;34m
[0m[1;34m	threadid 47991328655104 -> core 10 - OK[0m[1;34m
[0m[1;34m	threadid 47991330756352 -> core 11 - OK[0m[1;34m
[0m[1;34m	threadid 47991332857600 -> core 12 - OK[0m[1;34m
[0m[1;34m	threadid 47991334958848 -> core 13 - OK[0m[1;34m
[0m[1;34m	threadid 47991337060096 -> core 14 - OK[0m[1;34m
[0m[1;34m	threadid 47991339161344 -> core 15 - OK[0m[1;34m
[0miterations: 200
Total iterations: 1797600800 LUP
FLOP: 11
Total work: 19773608800 FLOP
performance: 3.618023 GLUP/s
Performance in GFLOP/s: 39.798249
size: 9000000
time: 0.496846
[1;34m[pthread wrapper] 
[0m[1;34m[pthread wrapper] MAIN -> 0
[0m[1;34m[pthread wrapper] PIN_MASK: [0m[1;34m0->1  [0m[1;34m1->2  [0m[1;34m2->3  [0m[1;34m3->4  [0m[1;34m4->5  [0m[1;34m5->6  [0m[1;34m6->7  [0m[1;34m7->8  [0m[1;34m8->9  [0m[1;34m9->10  [0m[1;34m10->11  [0m[1;34m11->12  [0m[1;34m12->13  [0m[1;34m13->14  [0m[1;34m14->15  [0m[1;34m
[pthread wrapper] SKIP MASK: 0x0
[0m[1;34m	threadid 47953939576576 -> core 1 - OK[0m[1;34m
[0m[1;34m	threadid 47953941677824 -> core 2 - OK[0m[1;34m
[0m[1;34m	threadid 47953943779072 -> core 3 - OK[0m[1;34m
[0m[1;34m	threadid 47953945880320 -> core 4 - OK[0m[1;34m
[0m[1;34m	threadid 47953947981568 -> core 5 - OK[0m[1;34m
[0m[1;34m	threadid 47953950082816 -> core 6 - OK[0m[1;34m
[0m[1;34m	threadid 47953952184064 -> core 7 - OK[0m[1;34m
[0m[1;34m	threadid 47953954285312 -> core 8 - OK[0m[1;34m
[0m[1;34m	threadid 47953956386560 -> core 9 - OK[0m[1;34m
[0m[1;34m	threadid 47953958487808 -> core 10 - OK[0m[1;34m
[0m[1;34m	threadid 47953960589056 -> core 11 - OK[0m[1;34m
[0m[1;34m	threadid 47953962690304 -> core 12 - OK[0m[1;34m
[0m[1;34m	threadid 47953964791552 -> core 13 - OK[0m[1;34m
[0m[1;34m	threadid 47953966892800 -> core 14 - OK[0m[1;34m
[0m[1;34m	threadid 47953968994048 -> core 15 - OK[0m[1;34m
[0miterations: 200
Total iterations: 1797600800 LUP
FLOP: 11
Total work: 19773608800 FLOP
performance: 3.678302 GLUP/s
Performance in GFLOP/s: 40.461323
size: 9000000
time: 0.488704
[1;34m[pthread wrapper] 
[0m[1;34m[pthread wrapper] MAIN -> 0
[0m[1;34m[pthread wrapper] PIN_MASK: [0m[1;34m0->1  [0m[1;34m1->2  [0m[1;34m2->3  [0m[1;34m3->4  [0m[1;34m4->5  [0m[1;34m5->6  [0m[1;34m6->7  [0m[1;34m7->8  [0m[1;34m8->9  [0m[1;34m9->10  [0m[1;34m10->11  [0m[1;34m11->12  [0m[1;34m12->13  [0m[1;34m13->14  [0m[1;34m14->15  [0m[1;34m
[pthread wrapper] SKIP MASK: 0x0
[0m[1;34m	threadid 47064111376128 -> core 1 - OK[0m[1;34m
[0m[1;34m	threadid 47064113477376 -> core 2 - OK[0m[1;34m
[0m[1;34m	threadid 47064115578624 -> core 3 - OK[0m[1;34m
[0m[1;34m	threadid 47064117679872 -> core 4 - OK[0m[1;34m
[0m[1;34m	threadid 47064119781120 -> core 5 - OK[0m[1;34m
[0m[1;34m	threadid 47064121882368 -> core 6 - OK[0m[1;34m
[0m[1;34m	threadid 47064123983616 -> core 7 - OK[0m[1;34m
[0m[1;34m	threadid 47064126084864 -> core 8 - OK[0m[1;34m
[0m[1;34m	threadid 47064128186112 -> core 9 - OK[0m[1;34m
[0m[1;34m	threadid 47064130287360 -> core 10 - OK[0m[1;34m
[0m[1;34m	threadid 47064132388608 -> core 11 - OK[0m[1;34m
[0m[1;34m	threadid 47064134489856 -> core 12 - OK[0m[1;34m
[0m[1;34m	threadid 47064136591104 -> core 13 - OK[0m[1;34m
[0m[1;34m	threadid 47064138692352 -> core 14 - OK[0m[1;34m
[0m[1;34m	threadid 47064140793600 -> core 15 - OK[0m[1;34m
[0miterations: 200
Total iterations: 1797600800 LUP
FLOP: 11
Total work: 19773608800 FLOP
performance: 3.648795 GLUP/s
Performance in GFLOP/s: 40.136747
size: 9000000
time: 0.492656
[1;34m[pthread wrapper] 
[0m[1;34m[pthread wrapper] MAIN -> 0
[0m[1;34m[pthread wrapper] PIN_MASK: [0m[1;34m0->1  [0m[1;34m1->2  [0m[1;34m2->3  [0m[1;34m3->4  [0m[1;34m4->5  [0m[1;34m5->6  [0m[1;34m6->7  [0m[1;34m7->8  [0m[1;34m8->9  [0m[1;34m9->10  [0m[1;34m10->11  [0m[1;34m11->12  [0m[1;34m12->13  [0m[1;34m13->14  [0m[1;34m14->15  [0m[1;34m
[pthread wrapper] SKIP MASK: 0x0
[0m[1;34m	threadid 47318548616960 -> core 1 - OK[0m[1;34m
[0m[1;34m	threadid 47318550718208 -> core 2 - OK[0m[1;34m
[0m[1;34m	threadid 47318552819456 -> core 3 - OK[0m[1;34m
[0m[1;34m	threadid 47318554920704 -> core 4 - OK[0m[1;34m
[0m[1;34m	threadid 47318557021952 -> core 5 - OK[0m[1;34m
[0m[1;34m	threadid 47318559123200 -> core 6 - OK[0m[1;34m
[0m[1;34m	threadid 47318561224448 -> core 7 - OK[0m[1;34m
[0m[1;34m	threadid 47318563325696 -> core 8 - OK[0m[1;34m
[0m[1;34m	threadid 47318565426944 -> core 9 - OK[0m[1;34m
[0m[1;34m	threadid 47318567528192 -> core 10 - OK[0m[1;34m
[0m[1;34m	threadid 47318569629440 -> core 11 - OK[0m[1;34m
[0m[1;34m	threadid 47318571730688 -> core 12 - OK[0m[1;34m
[0m[1;34m	threadid 47318573831936 -> core 13 - OK[0m[1;34m
[0m[1;34m	threadid 47318575933184 -> core 14 - OK[0m[1;34m
[0m[1;34m	threadid 47318578034432 -> core 15 - OK[0m[1;34m
[0miterations: 200
Total iterations: 1797600800 LUP
FLOP: 11
Total work: 19773608800 FLOP
performance: 3.575615 GLUP/s
Performance in GFLOP/s: 39.331762
size: 9000000
time: 0.502739
[1;34m[pthread wrapper] 
[0m[1;34m[pthread wrapper] MAIN -> 0
[0m[1;34m[pthread wrapper] PIN_MASK: [0m[1;34m0->1  [0m[1;34m1->2  [0m[1;34m2->3  [0m[1;34m3->4  [0m[1;34m4->5  [0m[1;34m5->6  [0m[1;34m6->7  [0m[1;34m7->8  [0m[1;34m8->9  [0m[1;34m9->10  [0m[1;34m10->11  [0m[1;34m11->12  [0m[1;34m12->13  [0m[1;34m13->14  [0m[1;34m14->15  [0m[1;34m
[pthread wrapper] SKIP MASK: 0x0
[0m[1;34m	threadid 47322804320000 -> core 1 - OK[0m[1;34m
[0m[1;34m	threadid 47322806421248 -> core 2 - OK[0m[1;34m
[0m[1;34m	threadid 47322808522496 -> core 3 - OK[0m[1;34m
[0m[1;34m	threadid 47322810623744 -> core 4 - OK[0m[1;34m
[0m[1;34m	threadid 47322812724992 -> core 5 - OK[0m[1;34m
[0m[1;34m	threadid 47322814826240 -> core 6 - OK[0m[1;34m
[0m[1;34m	threadid 47322816927488 -> core 7 - OK[0m[1;34m
[0m[1;34m	threadid 47322819028736 -> core 8 - OK[0m[1;34m
[0m[1;34m	threadid 47322821129984 -> core 9 - OK[0m[1;34m
[0m[1;34m	threadid 47322823231232 -> core 10 - OK[0m[1;34m
[0m[1;34m	threadid 47322825332480 -> core 11 - OK[0m[1;34m
[0m[1;34m	threadid 47322827433728 -> core 12 - OK[0m[1;34m
[0m[1;34m	threadid 47322829534976 -> core 13 - OK[0m[1;34m
[0m[1;34m	threadid 47322831636224 -> core 14 - OK[0m[1;34m
[0m[1;34m	threadid 47322833737472 -> core 15 - OK[0m[1;34m
[0miterations: 200
Total iterations: 1797600800 LUP
FLOP: 11
Total work: 19773608800 FLOP
performance: 3.607308 GLUP/s
Performance in GFLOP/s: 39.680384
size: 9000000
time: 0.498322
[1;34m[pthread wrapper] 
[0m[1;34m[pthread wrapper] MAIN -> 0
[0m[1;34m[pthread wrapper] PIN_MASK: [0m[1;34m0->1  [0m[1;34m1->2  [0m[1;34m2->3  [0m[1;34m3->4  [0m[1;34m4->5  [0m[1;34m5->6  [0m[1;34m6->7  [0m[1;34m7->8  [0m[1;34m8->9  [0m[1;34m9->10  [0m[1;34m10->11  [0m[1;34m11->12  [0m[1;34m12->13  [0m[1;34m13->14  [0m[1;34m14->15  [0m[1;34m
[pthread wrapper] SKIP MASK: 0x0
[0m[1;34m	threadid 47566332991232 -> core 1 - OK[0m[1;34m
[0m[1;34m	threadid 47566335092480 -> core 2 - OK[0m[1;34m
[0m[1;34m	threadid 47566337193728 -> core 3 - OK[0m[1;34m
[0m[1;34m	threadid 47566339294976 -> core 4 - OK[0m[1;34m
[0m[1;34m	threadid 47566341396224 -> core 5 - OK[0m[1;34m
[0m[1;34m	threadid 47566343497472 -> core 6 - OK[0m[1;34m
[0m[1;34m	threadid 47566345598720 -> core 7 - OK[0m[1;34m
[0m[1;34m	threadid 47566347699968 -> core 8 - OK[0m[1;34m
[0m[1;34m	threadid 47566349801216 -> core 9 - OK[0m[1;34m
[0m[1;34m	threadid 47566351902464 -> core 10 - OK[0m[1;34m
[0m[1;34m	threadid 47566354003712 -> core 11 - OK[0m[1;34m
[0m[1;34m	threadid 47566356104960 -> core 12 - OK[0m[1;34m
[0m[1;34m	threadid 47566358206208 -> core 13 - OK[0m[1;34m
[0m[1;34m	threadid 47566360307456 -> core 14 - OK[0m[1;34m
[0m[1;34m	threadid 47566362408704 -> core 15 - OK[0m[1;34m
[0miterations: 200
Total iterations: 1797600800 LUP
FLOP: 11
Total work: 19773608800 FLOP
performance: 3.596596 GLUP/s
Performance in GFLOP/s: 39.562555
size: 9000000
time: 0.499806
[1;34m[pthread wrapper] 
[0m[1;34m[pthread wrapper] MAIN -> 0
[0m[1;34m[pthread wrapper] PIN_MASK: [0m[1;34m0->1  [0m[1;34m1->2  [0m[1;34m2->3  [0m[1;34m3->4  [0m[1;34m4->5  [0m[1;34m5->6  [0m[1;34m6->7  [0m[1;34m7->8  [0m[1;34m8->9  [0m[1;34m9->10  [0m[1;34m10->11  [0m[1;34m11->12  [0m[1;34m12->13  [0m[1;34m13->14  [0m[1;34m14->15  [0m[1;34m
[pthread wrapper] SKIP MASK: 0x0
[0m[1;34m	threadid 47542978578176 -> core 1 - OK[0m[1;34m
[0m[1;34m	threadid 47542980679424 -> core 2 - OK[0m[1;34m
[0m[1;34m	threadid 47542982780672 -> core 3 - OK[0m[1;34m
[0m[1;34m	threadid 47542984881920 -> core 4 - OK[0m[1;34m
[0m[1;34m	threadid 47542986983168 -> core 5 - OK[0m[1;34m
[0m[1;34m	threadid 47542989084416 -> core 6 - OK[0m[1;34m
[0m[1;34m	threadid 47542991185664 -> core 7 - OK[0m[1;34m
[0m[1;34m	threadid 47542993286912 -> core 8 - OK[0m[1;34m
[0m[1;34m	threadid 47542995388160 -> core 9 - OK[0m[1;34m
[0m[1;34m	threadid 47542997489408 -> core 10 - OK[0m[1;34m
[0m[1;34m	threadid 47542999590656 -> core 11 - OK[0m[1;34m
[0m[1;34m	threadid 47543001691904 -> core 12 - OK[0m[1;34m
[0m[1;34m	threadid 47543003793152 -> core 13 - OK[0m[1;34m
[0m[1;34m	threadid 47543005894400 -> core 14 - OK[0m[1;34m
[0m[1;34m	threadid 47543007995648 -> core 15 - OK[0m[1;34m
[0miterations: 200
Total iterations: 1797600800 LUP
FLOP: 11
Total work: 19773608800 FLOP
performance: 3.607069 GLUP/s
Performance in GFLOP/s: 39.677764
size: 9000000
time: 0.498355
