[1;34m[pthread wrapper] 
[0m[1;34m[pthread wrapper] MAIN -> 0
[0m[1;34m[pthread wrapper] PIN_MASK: [0m[1;34m0->1  [0m[1;34m1->2  [0m[1;34m2->3  [0m[1;34m3->4  [0m[1;34m4->5  [0m[1;34m5->6  [0m[1;34m6->7  [0m[1;34m
[pthread wrapper] SKIP MASK: 0x0
[0m[1;34m	threadid 47644448098048 -> core 1 - OK[0m[1;34m
[0m[1;34m	threadid 47644450199296 -> core 2 - OK[0m[1;34m
[0m[1;34m	threadid 47644452300544 -> core 3 - OK[0m[1;34m
[0m[1;34m	threadid 47644454401792 -> core 4 - OK[0m[1;34m
[0m[1;34m	threadid 47644456503040 -> core 5 - OK[0m[1;34m
[0m[1;34m	threadid 47644458604288 -> core 6 - OK[0m[1;34m
[0m[1;34m	threadid 47644460705536 -> core 7 - OK[0m[1;34m
[0miterations: 200
Total iterations: 49600800 LUP
FLOP: 11
Total work: 545608800 FLOP
performance: 5.420836 GLUP/s
Performance in GFLOP/s: 59.629193
size: 250000
time: 0.009150
[1;34m[pthread wrapper] 
[0m[1;34m[pthread wrapper] MAIN -> 0
[0m[1;34m[pthread wrapper] PIN_MASK: [0m[1;34m0->1  [0m[1;34m1->2  [0m[1;34m2->3  [0m[1;34m3->4  [0m[1;34m4->5  [0m[1;34m5->6  [0m[1;34m6->7  [0m[1;34m
[pthread wrapper] SKIP MASK: 0x0
[0m[1;34m	threadid 47090352068352 -> core 1 - OK[0m[1;34m
[0m[1;34m	threadid 47090354169600 -> core 2 - OK[0m[1;34m
[0m[1;34m	threadid 47090356270848 -> core 3 - OK[0m[1;34m
[0m[1;34m	threadid 47090358372096 -> core 4 - OK[0m[1;34m
[0m[1;34m	threadid 47090360473344 -> core 5 - OK[0m[1;34m
[0m[1;34m	threadid 47090362574592 -> core 6 - OK[0m[1;34m
[0m[1;34m	threadid 47090364675840 -> core 7 - OK[0m[1;34m
[0miterations: 200
Total iterations: 49600800 LUP
FLOP: 11
Total work: 545608800 FLOP
performance: 5.416179 GLUP/s
Performance in GFLOP/s: 59.577964
size: 250000
time: 0.009158
[1;34m[pthread wrapper] 
[0m[1;34m[pthread wrapper] MAIN -> 0
[0m[1;34m[pthread wrapper] PIN_MASK: [0m[1;34m0->1  [0m[1;34m1->2  [0m[1;34m2->3  [0m[1;34m3->4  [0m[1;34m4->5  [0m[1;34m5->6  [0m[1;34m6->7  [0m[1;34m
[pthread wrapper] SKIP MASK: 0x0
[0m[1;34m	threadid 46944874710784 -> core 1 - OK[0m[1;34m
[0m[1;34m	threadid 46944876812032 -> core 2 - OK[0m[1;34m
[0m[1;34m	threadid 46944878913280 -> core 3 - OK[0m[1;34m
[0m[1;34m	threadid 46944881014528 -> core 4 - OK[0m[1;34m
[0m[1;34m	threadid 46944883115776 -> core 5 - OK[0m[1;34m
[0m[1;34m	threadid 46944885217024 -> core 6 - OK[0m[1;34m
[0m[1;34m	threadid 46944887318272 -> core 7 - OK[0m[1;34m
[0miterations: 200
Total iterations: 49600800 LUP
FLOP: 11
Total work: 545608800 FLOP
performance: 5.466272 GLUP/s
Performance in GFLOP/s: 60.128988
size: 250000
time: 0.009074
[1;34m[pthread wrapper] 
[0m[1;34m[pthread wrapper] MAIN -> 0
[0m[1;34m[pthread wrapper] PIN_MASK: [0m[1;34m0->1  [0m[1;34m1->2  [0m[1;34m2->3  [0m[1;34m3->4  [0m[1;34m4->5  [0m[1;34m5->6  [0m[1;34m6->7  [0m[1;34m
[pthread wrapper] SKIP MASK: 0x0
[0m[1;34m	threadid 47718078064384 -> core 1 - OK[0m[1;34m
[0m[1;34m	threadid 47718080165632 -> core 2 - OK[0m[1;34m
[0m[1;34m	threadid 47718082266880 -> core 3 - OK[0m[1;34m
[0m[1;34m	threadid 47718084368128 -> core 4 - OK[0m[1;34m
[0m[1;34m	threadid 47718086469376 -> core 5 - OK[0m[1;34m
[0m[1;34m	threadid 47718088570624 -> core 6 - OK[0m[1;34m
[0m[1;34m	threadid 47718090671872 -> core 7 - OK[0m[1;34m
[0miterations: 200
Total iterations: 49600800 LUP
FLOP: 11
Total work: 545608800 FLOP
performance: 5.409559 GLUP/s
Performance in GFLOP/s: 59.505153
size: 250000
time: 0.009169
[1;34m[pthread wrapper] 
[0m[1;34m[pthread wrapper] MAIN -> 0
[0m[1;34m[pthread wrapper] PIN_MASK: [0m[1;34m0->1  [0m[1;34m1->2  [0m[1;34m2->3  [0m[1;34m3->4  [0m[1;34m4->5  [0m[1;34m5->6  [0m[1;34m6->7  [0m[1;34m
[pthread wrapper] SKIP MASK: 0x0
[0m[1;34m	threadid 47123682158336 -> core 1 - OK[0m[1;34m
[0m[1;34m	threadid 47123684259584 -> core 2 - OK[0m[1;34m
[0m[1;34m	threadid 47123686360832 -> core 3 - OK[0m[1;34m
[0m[1;34m	threadid 47123688462080 -> core 4 - OK[0m[1;34m
[0m[1;34m	threadid 47123690563328 -> core 5 - OK[0m[1;34m
[0m[1;34m	threadid 47123692664576 -> core 6 - OK[0m[1;34m
[0m[1;34m	threadid 47123694765824 -> core 7 - OK[0m[1;34m
[0miterations: 200
Total iterations: 49600800 LUP
FLOP: 11
Total work: 545608800 FLOP
performance: 5.411389 GLUP/s
Performance in GFLOP/s: 59.525274
size: 250000
time: 0.009166
[1;34m[pthread wrapper] 
[0m[1;34m[pthread wrapper] MAIN -> 0
[0m[1;34m[pthread wrapper] PIN_MASK: [0m[1;34m0->1  [0m[1;34m1->2  [0m[1;34m2->3  [0m[1;34m3->4  [0m[1;34m4->5  [0m[1;34m5->6  [0m[1;34m6->7  [0m[1;34m
[pthread wrapper] SKIP MASK: 0x0
[0m[1;34m	threadid 47548343371520 -> core 1 - OK[0m[1;34m
[0m[1;34m	threadid 47548345472768 -> core 2 - OK[0m[1;34m
[0m[1;34m	threadid 47548347574016 -> core 3 - OK[0m[1;34m
[0m[1;34m	threadid 47548349675264 -> core 4 - OK[0m[1;34m
[0m[1;34m	threadid 47548351776512 -> core 5 - OK[0m[1;34m
[0m[1;34m	threadid 47548353877760 -> core 6 - OK[0m[1;34m
[0m[1;34m	threadid 47548355979008 -> core 7 - OK[0m[1;34m
[0miterations: 200
Total iterations: 49600800 LUP
FLOP: 11
Total work: 545608800 FLOP
performance: 5.548199 GLUP/s
Performance in GFLOP/s: 61.030194
size: 250000
time: 0.008940
[1;34m[pthread wrapper] 
[0m[1;34m[pthread wrapper] MAIN -> 0
[0m[1;34m[pthread wrapper] PIN_MASK: [0m[1;34m0->1  [0m[1;34m1->2  [0m[1;34m2->3  [0m[1;34m3->4  [0m[1;34m4->5  [0m[1;34m5->6  [0m[1;34m6->7  [0m[1;34m
[pthread wrapper] SKIP MASK: 0x0
[0m[1;34m	threadid 47703067318016 -> core 1 - OK[0m[1;34m
[0m[1;34m	threadid 47703069419264 -> core 2 - OK[0m[1;34m
[0m[1;34m	threadid 47703071520512 -> core 3 - OK[0m[1;34m
[0m[1;34m	threadid 47703073621760 -> core 4 - OK[0m[1;34m
[0m[1;34m	threadid 47703075723008 -> core 5 - OK[0m[1;34m
[0m[1;34m	threadid 47703077824256 -> core 6 - OK[0m[1;34m
[0m[1;34m	threadid 47703079925504 -> core 7 - OK[0m[1;34m
[0miterations: 200
Total iterations: 49600800 LUP
FLOP: 11
Total work: 545608800 FLOP
performance: 5.506785 GLUP/s
Performance in GFLOP/s: 60.574636
size: 250000
time: 0.009007
[1;34m[pthread wrapper] 
[0m[1;34m[pthread wrapper] MAIN -> 0
[0m[1;34m[pthread wrapper] PIN_MASK: [0m[1;34m0->1  [0m[1;34m1->2  [0m[1;34m2->3  [0m[1;34m3->4  [0m[1;34m4->5  [0m[1;34m5->6  [0m[1;34m6->7  [0m[1;34m
[pthread wrapper] SKIP MASK: 0x0
[0m[1;34m	threadid 47508749268736 -> core 1 - OK[0m[1;34m
[0m[1;34m	threadid 47508751369984 -> core 2 - OK[0m[1;34m
[0m[1;34m	threadid 47508753471232 -> core 3 - OK[0m[1;34m
[0m[1;34m	threadid 47508755572480 -> core 4 - OK[0m[1;34m
[0m[1;34m	threadid 47508757673728 -> core 5 - OK[0m[1;34m
[0m[1;34m	threadid 47508759774976 -> core 6 - OK[0m[1;34m
[0m[1;34m	threadid 47508761876224 -> core 7 - OK[0m[1;34m
[0miterations: 200
Total iterations: 49600800 LUP
FLOP: 11
Total work: 545608800 FLOP
performance: 5.440541 GLUP/s
Performance in GFLOP/s: 59.845947
size: 250000
time: 0.009117
[1;34m[pthread wrapper] 
[0m[1;34m[pthread wrapper] MAIN -> 0
[0m[1;34m[pthread wrapper] PIN_MASK: [0m[1;34m0->1  [0m[1;34m1->2  [0m[1;34m2->3  [0m[1;34m3->4  [0m[1;34m4->5  [0m[1;34m5->6  [0m[1;34m6->7  [0m[1;34m
[pthread wrapper] SKIP MASK: 0x0
[0m[1;34m	threadid 47462209345280 -> core 1 - OK[0m[1;34m
[0m[1;34m	threadid 47462211446528 -> core 2 - OK[0m[1;34m
[0m[1;34m	threadid 47462213547776 -> core 3 - OK[0m[1;34m
[0m[1;34m	threadid 47462215649024 -> core 4 - OK[0m[1;34m
[0m[1;34m	threadid 47462217750272 -> core 5 - OK[0m[1;34m
[0m[1;34m	threadid 47462219851520 -> core 6 - OK[0m[1;34m
[0m[1;34m	threadid 47462221952768 -> core 7 - OK[0m[1;34m
[0miterations: 200
Total iterations: 49600800 LUP
FLOP: 11
Total work: 545608800 FLOP
performance: 5.550716 GLUP/s
Performance in GFLOP/s: 61.057875
size: 250000
time: 0.008936
[1;34m[pthread wrapper] 
[0m[1;34m[pthread wrapper] MAIN -> 0
[0m[1;34m[pthread wrapper] PIN_MASK: [0m[1;34m0->1  [0m[1;34m1->2  [0m[1;34m2->3  [0m[1;34m3->4  [0m[1;34m4->5  [0m[1;34m5->6  [0m[1;34m6->7  [0m[1;34m
[pthread wrapper] SKIP MASK: 0x0
[0m[1;34m	threadid 46985225934592 -> core 1 - OK[0m[1;34m
[0m[1;34m	threadid 46985228035840 -> core 2 - OK[0m[1;34m
[0m[1;34m	threadid 46985230137088 -> core 3 - OK[0m[1;34m
[0m[1;34m	threadid 46985232238336 -> core 4 - OK[0m[1;34m
[0m[1;34m	threadid 46985234339584 -> core 5 - OK[0m[1;34m
[0m[1;34m	threadid 46985236440832 -> core 6 - OK[0m[1;34m
[0m[1;34m	threadid 46985238542080 -> core 7 - OK[0m[1;34m
[0miterations: 200
Total iterations: 49600800 LUP
FLOP: 11
Total work: 545608800 FLOP
performance: 5.457238 GLUP/s
Performance in GFLOP/s: 60.029620
size: 250000
time: 0.009089
