[1;34m[pthread wrapper] 
[0m[1;34m[pthread wrapper] MAIN -> 0
[0m[1;34m[pthread wrapper] PIN_MASK: [0m[1;34m0->1  [0m[1;34m1->2  [0m[1;34m2->3  [0m[1;34m3->10  [0m[1;34m4->11  [0m[1;34m5->12  [0m[1;34m6->13  [0m[1;34m
[pthread wrapper] SKIP MASK: 0x0
[0m[1;34m	threadid 47846218467072 -> core 1 - OK[0m[1;34m
[0m[1;34m	threadid 47846220568320 -> core 2 - OK[0m[1;34m
[0m[1;34m	threadid 47846222669568 -> core 3 - OK[0m[1;34m
[0m[1;34m	threadid 47846224770816 -> core 10 - OK[0m[1;34m
[0m[1;34m	threadid 47846226872064 -> core 11 - OK[0m[1;34m
[0m[1;34m	threadid 47846228973312 -> core 12 - OK[0m[1;34m
[0m[1;34m	threadid 47846231074560 -> core 13 - OK[0m[1;34m
[0miterations: 200
Total iterations: 49600800 LUP
FLOP: 11
Total work: 545608800 FLOP
performance: 1.533297 GLUP/s
Performance in GFLOP/s: 16.866269
size: 250000
time: 0.032349
[1;34m[pthread wrapper] 
[0m[1;34m[pthread wrapper] MAIN -> 0
[0m[1;34m[pthread wrapper] PIN_MASK: [0m[1;34m0->1  [0m[1;34m1->2  [0m[1;34m2->3  [0m[1;34m3->10  [0m[1;34m4->11  [0m[1;34m5->12  [0m[1;34m6->13  [0m[1;34m
[pthread wrapper] SKIP MASK: 0x0
[0m[1;34m	threadid 47634872325888 -> core 1 - OK[0m[1;34m
[0m[1;34m	threadid 47634874427136 -> core 2 - OK[0m[1;34m
[0m[1;34m	threadid 47634876528384 -> core 3 - OK[0m[1;34m
[0m[1;34m	threadid 47634878629632 -> core 10 - OK[0m[1;34m
[0m[1;34m	threadid 47634880730880 -> core 11 - OK[0m[1;34m
[0m[1;34m	threadid 47634882832128 -> core 12 - OK[0m[1;34m
[0m[1;34m	threadid 47634884933376 -> core 13 - OK[0m[1;34m
[0miterations: 200
Total iterations: 49600800 LUP
FLOP: 11
Total work: 545608800 FLOP
performance: 1.546634 GLUP/s
Performance in GFLOP/s: 17.012974
size: 250000
time: 0.032070
[1;34m[pthread wrapper] 
[0m[1;34m[pthread wrapper] MAIN -> 0
[0m[1;34m[pthread wrapper] PIN_MASK: [0m[1;34m0->1  [0m[1;34m1->2  [0m[1;34m2->3  [0m[1;34m3->10  [0m[1;34m4->11  [0m[1;34m5->12  [0m[1;34m6->13  [0m[1;34m
[pthread wrapper] SKIP MASK: 0x0
[0m[1;34m	threadid 47227544192768 -> core 1 - OK[0m[1;34m
[0m[1;34m	threadid 47227546294016 -> core 2 - OK[0m[1;34m
[0m[1;34m	threadid 47227548395264 -> core 3 - OK[0m[1;34m
[0m[1;34m	threadid 47227550496512 -> core 10 - OK[0m[1;34m
[0m[1;34m	threadid 47227552597760 -> core 11 - OK[0m[1;34m
[0m[1;34m	threadid 47227554699008 -> core 12 - OK[0m[1;34m
[0m[1;34m	threadid 47227556800256 -> core 13 - OK[0m[1;34m
[0miterations: 200
Total iterations: 49600800 LUP
FLOP: 11
Total work: 545608800 FLOP
performance: 1.530466 GLUP/s
Performance in GFLOP/s: 16.835126
size: 250000
time: 0.032409
[1;34m[pthread wrapper] 
[0m[1;34m[pthread wrapper] MAIN -> 0
[0m[1;34m[pthread wrapper] PIN_MASK: [0m[1;34m0->1  [0m[1;34m1->2  [0m[1;34m2->3  [0m[1;34m3->10  [0m[1;34m4->11  [0m[1;34m5->12  [0m[1;34m6->13  [0m[1;34m
[pthread wrapper] SKIP MASK: 0x0
[0m[1;34m	threadid 47257648297728 -> core 1 - OK[0m[1;34m
[0m[1;34m	threadid 47257650398976 -> core 2 - OK[0m[1;34m
[0m[1;34m	threadid 47257652500224 -> core 3 - OK[0m[1;34m
[0m[1;34m	threadid 47257654601472 -> core 10 - OK[0m[1;34m
[0m[1;34m	threadid 47257656702720 -> core 11 - OK[0m[1;34m
[0m[1;34m	threadid 47257658803968 -> core 12 - OK[0m[1;34m
[0m[1;34m	threadid 47257660905216 -> core 13 - OK[0m[1;34m
[0miterations: 200
Total iterations: 49600800 LUP
FLOP: 11
Total work: 545608800 FLOP
performance: 1.527354 GLUP/s
Performance in GFLOP/s: 16.800890
size: 250000
time: 0.032475
[1;34m[pthread wrapper] 
[0m[1;34m[pthread wrapper] MAIN -> 0
[0m[1;34m[pthread wrapper] PIN_MASK: [0m[1;34m0->1  [0m[1;34m1->2  [0m[1;34m2->3  [0m[1;34m3->10  [0m[1;34m4->11  [0m[1;34m5->12  [0m[1;34m6->13  [0m[1;34m
[pthread wrapper] SKIP MASK: 0x0
[0m[1;34m	threadid 47064374052608 -> core 1 - OK[0m[1;34m
[0m[1;34m	threadid 47064376153856 -> core 2 - OK[0m[1;34m
[0m[1;34m	threadid 47064378255104 -> core 3 - OK[0m[1;34m
[0m[1;34m	threadid 47064380356352 -> core 10 - OK[0m[1;34m
[0m[1;34m	threadid 47064382457600 -> core 11 - OK[0m[1;34m
[0m[1;34m	threadid 47064384558848 -> core 12 - OK[0m[1;34m
[0m[1;34m	threadid 47064386660096 -> core 13 - OK[0m[1;34m
[0miterations: 200
Total iterations: 49600800 LUP
FLOP: 11
Total work: 545608800 FLOP
performance: 1.528577 GLUP/s
Performance in GFLOP/s: 16.814345
size: 250000
time: 0.032449
[1;34m[pthread wrapper] 
[0m[1;34m[pthread wrapper] MAIN -> 0
[0m[1;34m[pthread wrapper] PIN_MASK: [0m[1;34m0->1  [0m[1;34m1->2  [0m[1;34m2->3  [0m[1;34m3->10  [0m[1;34m4->11  [0m[1;34m5->12  [0m[1;34m6->13  [0m[1;34m
[pthread wrapper] SKIP MASK: 0x0
[0m[1;34m	threadid 47307166033664 -> core 1 - OK[0m[1;34m
[0m[1;34m	threadid 47307168134912 -> core 2 - OK[0m[1;34m
[0m[1;34m	threadid 47307170236160 -> core 3 - OK[0m[1;34m
[0m[1;34m	threadid 47307172337408 -> core 10 - OK[0m[1;34m
[0m[1;34m	threadid 47307174438656 -> core 11 - OK[0m[1;34m
[0m[1;34m	threadid 47307176539904 -> core 12 - OK[0m[1;34m
[0m[1;34m	threadid 47307178641152 -> core 13 - OK[0m[1;34m
[0miterations: 200
Total iterations: 49600800 LUP
FLOP: 11
Total work: 545608800 FLOP
performance: 1.530230 GLUP/s
Performance in GFLOP/s: 16.832526
size: 250000
time: 0.032414
[1;34m[pthread wrapper] 
[0m[1;34m[pthread wrapper] MAIN -> 0
[0m[1;34m[pthread wrapper] PIN_MASK: [0m[1;34m0->1  [0m[1;34m1->2  [0m[1;34m2->3  [0m[1;34m3->10  [0m[1;34m4->11  [0m[1;34m5->12  [0m[1;34m6->13  [0m[1;34m
[pthread wrapper] SKIP MASK: 0x0
[0m[1;34m	threadid 47192532465408 -> core 1 - OK[0m[1;34m
[0m[1;34m	threadid 47192534566656 -> core 2 - OK[0m[1;34m
[0m[1;34m	threadid 47192536667904 -> core 3 - OK[0m[1;34m
[0m[1;34m	threadid 47192538769152 -> core 10 - OK[0m[1;34m
[0m[1;34m	threadid 47192540870400 -> core 11 - OK[0m[1;34m
[0m[1;34m	threadid 47192542971648 -> core 12 - OK[0m[1;34m
[0m[1;34m	threadid 47192545072896 -> core 13 - OK[0m[1;34m
[0miterations: 200
Total iterations: 49600800 LUP
FLOP: 11
Total work: 545608800 FLOP
performance: 1.512914 GLUP/s
Performance in GFLOP/s: 16.642056
size: 250000
time: 0.032785
[1;34m[pthread wrapper] 
[0m[1;34m[pthread wrapper] MAIN -> 0
[0m[1;34m[pthread wrapper] PIN_MASK: [0m[1;34m0->1  [0m[1;34m1->2  [0m[1;34m2->3  [0m[1;34m3->10  [0m[1;34m4->11  [0m[1;34m5->12  [0m[1;34m6->13  [0m[1;34m
[pthread wrapper] SKIP MASK: 0x0
[0m[1;34m	threadid 47108507944704 -> core 1 - OK[0m[1;34m
[0m[1;34m	threadid 47108510045952 -> core 2 - OK[0m[1;34m
[0m[1;34m	threadid 47108512147200 -> core 3 - OK[0m[1;34m
[0m[1;34m	threadid 47108514248448 -> core 10 - OK[0m[1;34m
[0m[1;34m	threadid 47108516349696 -> core 11 - OK[0m[1;34m
[0m[1;34m	threadid 47108518450944 -> core 12 - OK[0m[1;34m
[0m[1;34m	threadid 47108520552192 -> core 13 - OK[0m[1;34m
[0miterations: 200
Total iterations: 49600800 LUP
FLOP: 11
Total work: 545608800 FLOP
performance: 1.532924 GLUP/s
Performance in GFLOP/s: 16.862168
size: 250000
time: 0.032357
[1;34m[pthread wrapper] 
[0m[1;34m[pthread wrapper] MAIN -> 0
[0m[1;34m[pthread wrapper] PIN_MASK: [0m[1;34m0->1  [0m[1;34m1->2  [0m[1;34m2->3  [0m[1;34m3->10  [0m[1;34m4->11  [0m[1;34m5->12  [0m[1;34m6->13  [0m[1;34m
[pthread wrapper] SKIP MASK: 0x0
[0m[1;34m	threadid 47477180937984 -> core 1 - OK[0m[1;34m
[0m[1;34m	threadid 47477183039232 -> core 2 - OK[0m[1;34m
[0m[1;34m	threadid 47477185140480 -> core 3 - OK[0m[1;34m
[0m[1;34m	threadid 47477187241728 -> core 10 - OK[0m[1;34m
[0m[1;34m	threadid 47477189342976 -> core 11 - OK[0m[1;34m
[0m[1;34m	threadid 47477191444224 -> core 12 - OK[0m[1;34m
[0m[1;34m	threadid 47477193545472 -> core 13 - OK[0m[1;34m
[0miterations: 200
Total iterations: 49600800 LUP
FLOP: 11
Total work: 545608800 FLOP
performance: 1.534677 GLUP/s
Performance in GFLOP/s: 16.881449
size: 250000
time: 0.032320
[1;34m[pthread wrapper] 
[0m[1;34m[pthread wrapper] MAIN -> 0
[0m[1;34m[pthread wrapper] PIN_MASK: [0m[1;34m0->1  [0m[1;34m1->2  [0m[1;34m2->3  [0m[1;34m3->10  [0m[1;34m4->11  [0m[1;34m5->12  [0m[1;34m6->13  [0m[1;34m
[pthread wrapper] SKIP MASK: 0x0
[0m[1;34m	threadid 47870534162176 -> core 1 - OK[0m[1;34m
[0m[1;34m	threadid 47870536263424 -> core 2 - OK[0m[1;34m
[0m[1;34m	threadid 47870538364672 -> core 3 - OK[0m[1;34m
[0m[1;34m	threadid 47870540465920 -> core 10 - OK[0m[1;34m
[0m[1;34m	threadid 47870542567168 -> core 11 - OK[0m[1;34m
[0m[1;34m	threadid 47870544668416 -> core 12 - OK[0m[1;34m
[0m[1;34m	threadid 47870546769664 -> core 13 - OK[0m[1;34m
[0miterations: 200
Total iterations: 49600800 LUP
FLOP: 11
Total work: 545608800 FLOP
performance: 1.523785 GLUP/s
Performance in GFLOP/s: 16.761634
size: 250000
time: 0.032551
