iterations: 200
Total iterations: 49600800 LUP
FLOP: 11
Total work: 545608800 FLOP
performance: 1.541066 GLUP/s
Performance in GFLOP/s: 16.951726
size: 250000
time: 0.032186
iterations: 200
Total iterations: 49600800 LUP
FLOP: 11
Total work: 545608800 FLOP
performance: 1.542895 GLUP/s
Performance in GFLOP/s: 16.971842
size: 250000
time: 0.032148
iterations: 200
Total iterations: 49600800 LUP
FLOP: 11
Total work: 545608800 FLOP
performance: 1.541500 GLUP/s
Performance in GFLOP/s: 16.956499
size: 250000
time: 0.032177
iterations: 200
Total iterations: 49600800 LUP
FLOP: 11
Total work: 545608800 FLOP
performance: 1.534722 GLUP/s
Performance in GFLOP/s: 16.881947
size: 250000
time: 0.032319
iterations: 200
Total iterations: 49600800 LUP
FLOP: 11
Total work: 545608800 FLOP
performance: 1.538434 GLUP/s
Performance in GFLOP/s: 16.922769
size: 250000
time: 0.032241
iterations: 200
Total iterations: 49600800 LUP
FLOP: 11
Total work: 545608800 FLOP
performance: 1.534439 GLUP/s
Performance in GFLOP/s: 16.878834
size: 250000
time: 0.032325
iterations: 200
Total iterations: 49600800 LUP
FLOP: 11
Total work: 545608800 FLOP
performance: 1.546542 GLUP/s
Performance in GFLOP/s: 17.011962
size: 250000
time: 0.032072
iterations: 200
Total iterations: 49600800 LUP
FLOP: 11
Total work: 545608800 FLOP
performance: 1.541397 GLUP/s
Performance in GFLOP/s: 16.955369
size: 250000
time: 0.032179
iterations: 200
Total iterations: 49600800 LUP
FLOP: 11
Total work: 545608800 FLOP
performance: 1.540883 GLUP/s
Performance in GFLOP/s: 16.949718
size: 250000
time: 0.032190
iterations: 200
Total iterations: 49600800 LUP
FLOP: 11
Total work: 545608800 FLOP
performance: 1.535300 GLUP/s
Performance in GFLOP/s: 16.888301
size: 250000
time: 0.032307
