[1;34m[pthread wrapper] 
[0m[1;34m[pthread wrapper] MAIN -> 0
[0m[1;34m[pthread wrapper] PIN_MASK: [0m[1;34m0->1  [0m[1;34m1->2  [0m[1;34m2->3  [0m[1;34m3->4  [0m[1;34m4->5  [0m[1;34m5->6  [0m[1;34m6->7  [0m[1;34m7->8  [0m[1;34m8->9  [0m[1;34m
[pthread wrapper] SKIP MASK: 0x0
[0m[1;34m	threadid 47646126114560 -> core 1 - OK[0m[1;34m
[0m[1;34m	threadid 47646128215808 -> core 2 - OK[0m[1;34m
[0m[1;34m	threadid 47646130317056 -> core 3 - OK[0m[1;34m
[0m[1;34m	threadid 47646132418304 -> core 4 - OK[0m[1;34m
[0m[1;34m	threadid 47646134519552 -> core 5 - OK[0m[1;34m
[0m[1;34m	threadid 47646136620800 -> core 6 - OK[0m[1;34m
[0m[1;34m	threadid 47646138722048 -> core 7 - OK[0m[1;34m
[0m[1;34m	threadid 47646140823296 -> core 8 - OK[0m[1;34m
[0m[1;34m	threadid 47646142924544 -> core 9 - OK[0m[1;34m
[0miterations: 120
Total iterations: 1078560480 LUP
FLOP: 11
Total work: 11864165280 FLOP
performance: 2.220138 GLUP/s
Performance in GFLOP/s: 24.421516
size: 9000000
time: 0.485808
[1;34m[pthread wrapper] 
[0m[1;34m[pthread wrapper] MAIN -> 0
[0m[1;34m[pthread wrapper] PIN_MASK: [0m[1;34m0->1  [0m[1;34m1->2  [0m[1;34m2->3  [0m[1;34m3->4  [0m[1;34m4->5  [0m[1;34m5->6  [0m[1;34m6->7  [0m[1;34m7->8  [0m[1;34m8->9  [0m[1;34m
[pthread wrapper] SKIP MASK: 0x0
[0m[1;34m	threadid 47576037545728 -> core 1 - OK[0m[1;34m
[0m[1;34m	threadid 47576039646976 -> core 2 - OK[0m[1;34m
[0m[1;34m	threadid 47576041748224 -> core 3 - OK[0m[1;34m
[0m[1;34m	threadid 47576043849472 -> core 4 - OK[0m[1;34m
[0m[1;34m	threadid 47576045950720 -> core 5 - OK[0m[1;34m
[0m[1;34m	threadid 47576048051968 -> core 6 - OK[0m[1;34m
[0m[1;34m	threadid 47576050153216 -> core 7 - OK[0m[1;34m
[0m[1;34m	threadid 47576052254464 -> core 8 - OK[0m[1;34m
[0m[1;34m	threadid 47576054355712 -> core 9 - OK[0m[1;34m
[0miterations: 120
Total iterations: 1078560480 LUP
FLOP: 11
Total work: 11864165280 FLOP
performance: 2.229453 GLUP/s
Performance in GFLOP/s: 24.523987
size: 9000000
time: 0.483778
[1;34m[pthread wrapper] 
[0m[1;34m[pthread wrapper] MAIN -> 0
[0m[1;34m[pthread wrapper] PIN_MASK: [0m[1;34m0->1  [0m[1;34m1->2  [0m[1;34m2->3  [0m[1;34m3->4  [0m[1;34m4->5  [0m[1;34m5->6  [0m[1;34m6->7  [0m[1;34m7->8  [0m[1;34m8->9  [0m[1;34m
[pthread wrapper] SKIP MASK: 0x0
[0m[1;34m	threadid 47564692231936 -> core 1 - OK[0m[1;34m
[0m[1;34m	threadid 47564694333184 -> core 2 - OK[0m[1;34m
[0m[1;34m	threadid 47564696434432 -> core 3 - OK[0m[1;34m
[0m[1;34m	threadid 47564698535680 -> core 4 - OK[0m[1;34m
[0m[1;34m	threadid 47564700636928 -> core 5 - OK[0m[1;34m
[0m[1;34m	threadid 47564702738176 -> core 6 - OK[0m[1;34m
[0m[1;34m	threadid 47564704839424 -> core 7 - OK[0m[1;34m
[0m[1;34m	threadid 47564706940672 -> core 8 - OK[0m[1;34m
[0m[1;34m	threadid 47564709041920 -> core 9 - OK[0m[1;34m
[0miterations: 120
Total iterations: 1078560480 LUP
FLOP: 11
Total work: 11864165280 FLOP
performance: 2.226554 GLUP/s
Performance in GFLOP/s: 24.492097
size: 9000000
time: 0.484408
[1;34m[pthread wrapper] 
[0m[1;34m[pthread wrapper] MAIN -> 0
[0m[1;34m[pthread wrapper] PIN_MASK: [0m[1;34m0->1  [0m[1;34m1->2  [0m[1;34m2->3  [0m[1;34m3->4  [0m[1;34m4->5  [0m[1;34m5->6  [0m[1;34m6->7  [0m[1;34m7->8  [0m[1;34m8->9  [0m[1;34m
[pthread wrapper] SKIP MASK: 0x0
[0m[1;34m	threadid 47122438432512 -> core 1 - OK[0m[1;34m
[0m[1;34m	threadid 47122440533760 -> core 2 - OK[0m[1;34m
[0m[1;34m	threadid 47122442635008 -> core 3 - OK[0m[1;34m
[0m[1;34m	threadid 47122444736256 -> core 4 - OK[0m[1;34m
[0m[1;34m	threadid 47122446837504 -> core 5 - OK[0m[1;34m
[0m[1;34m	threadid 47122448938752 -> core 6 - OK[0m[1;34m
[0m[1;34m	threadid 47122451040000 -> core 7 - OK[0m[1;34m
[0m[1;34m	threadid 47122453141248 -> core 8 - OK[0m[1;34m
[0m[1;34m	threadid 47122455242496 -> core 9 - OK[0m[1;34m
[0miterations: 120
Total iterations: 1078560480 LUP
FLOP: 11
Total work: 11864165280 FLOP
performance: 2.237492 GLUP/s
Performance in GFLOP/s: 24.612412
size: 9000000
time: 0.482040
[1;34m[pthread wrapper] 
[0m[1;34m[pthread wrapper] MAIN -> 0
[0m[1;34m[pthread wrapper] PIN_MASK: [0m[1;34m0->1  [0m[1;34m1->2  [0m[1;34m2->3  [0m[1;34m3->4  [0m[1;34m4->5  [0m[1;34m5->6  [0m[1;34m6->7  [0m[1;34m7->8  [0m[1;34m8->9  [0m[1;34m
[pthread wrapper] SKIP MASK: 0x0
[0m[1;34m	threadid 47223260722944 -> core 1 - OK[0m[1;34m
[0m[1;34m	threadid 47223262824192 -> core 2 - OK[0m[1;34m
[0m[1;34m	threadid 47223264925440 -> core 3 - OK[0m[1;34m
[0m[1;34m	threadid 47223267026688 -> core 4 - OK[0m[1;34m
[0m[1;34m	threadid 47223269127936 -> core 5 - OK[0m[1;34m
[0m[1;34m	threadid 47223271229184 -> core 6 - OK[0m[1;34m
[0m[1;34m	threadid 47223273330432 -> core 7 - OK[0m[1;34m
[0m[1;34m	threadid 47223275431680 -> core 8 - OK[0m[1;34m
[0m[1;34m	threadid 47223277532928 -> core 9 - OK[0m[1;34m
[0miterations: 120
Total iterations: 1078560480 LUP
FLOP: 11
Total work: 11864165280 FLOP
performance: 2.243463 GLUP/s
Performance in GFLOP/s: 24.678092
size: 9000000
time: 0.480757
[1;34m[pthread wrapper] 
[0m[1;34m[pthread wrapper] MAIN -> 0
[0m[1;34m[pthread wrapper] PIN_MASK: [0m[1;34m0->1  [0m[1;34m1->2  [0m[1;34m2->3  [0m[1;34m3->4  [0m[1;34m4->5  [0m[1;34m5->6  [0m[1;34m6->7  [0m[1;34m7->8  [0m[1;34m8->9  [0m[1;34m
[pthread wrapper] SKIP MASK: 0x0
[0m[1;34m	threadid 47003405051648 -> core 1 - OK[0m[1;34m
[0m[1;34m	threadid 47003407152896 -> core 2 - OK[0m[1;34m
[0m[1;34m	threadid 47003409254144 -> core 3 - OK[0m[1;34m
[0m[1;34m	threadid 47003411355392 -> core 4 - OK[0m[1;34m
[0m[1;34m	threadid 47003413456640 -> core 5 - OK[0m[1;34m
[0m[1;34m	threadid 47003415557888 -> core 6 - OK[0m[1;34m
[0m[1;34m	threadid 47003417659136 -> core 7 - OK[0m[1;34m
[0m[1;34m	threadid 47003419760384 -> core 8 - OK[0m[1;34m
[0m[1;34m	threadid 47003421861632 -> core 9 - OK[0m[1;34m
[0miterations: 120
Total iterations: 1078560480 LUP
FLOP: 11
Total work: 11864165280 FLOP
performance: 2.206837 GLUP/s
Performance in GFLOP/s: 24.275207
size: 9000000
time: 0.488736
[1;34m[pthread wrapper] 
[0m[1;34m[pthread wrapper] MAIN -> 0
[0m[1;34m[pthread wrapper] PIN_MASK: [0m[1;34m0->1  [0m[1;34m1->2  [0m[1;34m2->3  [0m[1;34m3->4  [0m[1;34m4->5  [0m[1;34m5->6  [0m[1;34m6->7  [0m[1;34m7->8  [0m[1;34m8->9  [0m[1;34m
[pthread wrapper] SKIP MASK: 0x0
[0m[1;34m	threadid 47085890930432 -> core 1 - OK[0m[1;34m
[0m[1;34m	threadid 47085893031680 -> core 2 - OK[0m[1;34m
[0m[1;34m	threadid 47085895132928 -> core 3 - OK[0m[1;34m
[0m[1;34m	threadid 47085897234176 -> core 4 - OK[0m[1;34m
[0m[1;34m	threadid 47085899335424 -> core 5 - OK[0m[1;34m
[0m[1;34m	threadid 47085901436672 -> core 6 - OK[0m[1;34m
[0m[1;34m	threadid 47085903537920 -> core 7 - OK[0m[1;34m
[0m[1;34m	threadid 47085905639168 -> core 8 - OK[0m[1;34m
[0m[1;34m	threadid 47085907740416 -> core 9 - OK[0m[1;34m
[0miterations: 120
Total iterations: 1078560480 LUP
FLOP: 11
Total work: 11864165280 FLOP
performance: 2.220842 GLUP/s
Performance in GFLOP/s: 24.429261
size: 9000000
time: 0.485654
[1;34m[pthread wrapper] 
[0m[1;34m[pthread wrapper] MAIN -> 0
[0m[1;34m[pthread wrapper] PIN_MASK: [0m[1;34m0->1  [0m[1;34m1->2  [0m[1;34m2->3  [0m[1;34m3->4  [0m[1;34m4->5  [0m[1;34m5->6  [0m[1;34m6->7  [0m[1;34m7->8  [0m[1;34m8->9  [0m[1;34m
[pthread wrapper] SKIP MASK: 0x0
[0m[1;34m	threadid 47277331650304 -> core 1 - OK[0m[1;34m
[0m[1;34m	threadid 47277333751552 -> core 2 - OK[0m[1;34m
[0m[1;34m	threadid 47277335852800 -> core 3 - OK[0m[1;34m
[0m[1;34m	threadid 47277337954048 -> core 4 - OK[0m[1;34m
[0m[1;34m	threadid 47277340055296 -> core 5 - OK[0m[1;34m
[0m[1;34m	threadid 47277342156544 -> core 6 - OK[0m[1;34m
[0m[1;34m	threadid 47277344257792 -> core 7 - OK[0m[1;34m
[0m[1;34m	threadid 47277346359040 -> core 8 - OK[0m[1;34m
[0m[1;34m	threadid 47277348460288 -> core 9 - OK[0m[1;34m
[0miterations: 120
Total iterations: 1078560480 LUP
FLOP: 11
Total work: 11864165280 FLOP
performance: 2.216100 GLUP/s
Performance in GFLOP/s: 24.377096
size: 9000000
time: 0.486693
[1;34m[pthread wrapper] 
[0m[1;34m[pthread wrapper] MAIN -> 0
[0m[1;34m[pthread wrapper] PIN_MASK: [0m[1;34m0->1  [0m[1;34m1->2  [0m[1;34m2->3  [0m[1;34m3->4  [0m[1;34m4->5  [0m[1;34m5->6  [0m[1;34m6->7  [0m[1;34m7->8  [0m[1;34m8->9  [0m[1;34m
[pthread wrapper] SKIP MASK: 0x0
[0m[1;34m	threadid 47813601273600 -> core 1 - OK[0m[1;34m
[0m[1;34m	threadid 47813603374848 -> core 2 - OK[0m[1;34m
[0m[1;34m	threadid 47813605476096 -> core 3 - OK[0m[1;34m
[0m[1;34m	threadid 47813607577344 -> core 4 - OK[0m[1;34m
[0m[1;34m	threadid 47813609678592 -> core 5 - OK[0m[1;34m
[0m[1;34m	threadid 47813611779840 -> core 6 - OK[0m[1;34m
[0m[1;34m	threadid 47813613881088 -> core 7 - OK[0m[1;34m
[0m[1;34m	threadid 47813615982336 -> core 8 - OK[0m[1;34m
[0m[1;34m	threadid 47813618083584 -> core 9 - OK[0m[1;34m
[0miterations: 120
Total iterations: 1078560480 LUP
FLOP: 11
Total work: 11864165280 FLOP
performance: 2.226475 GLUP/s
Performance in GFLOP/s: 24.491229
size: 9000000
time: 0.484425
[1;34m[pthread wrapper] 
[0m[1;34m[pthread wrapper] MAIN -> 0
[0m[1;34m[pthread wrapper] PIN_MASK: [0m[1;34m0->1  [0m[1;34m1->2  [0m[1;34m2->3  [0m[1;34m3->4  [0m[1;34m4->5  [0m[1;34m5->6  [0m[1;34m6->7  [0m[1;34m7->8  [0m[1;34m8->9  [0m[1;34m
[pthread wrapper] SKIP MASK: 0x0
[0m[1;34m	threadid 47073861613312 -> core 1 - OK[0m[1;34m
[0m[1;34m	threadid 47073863714560 -> core 2 - OK[0m[1;34m
[0m[1;34m	threadid 47073865815808 -> core 3 - OK[0m[1;34m
[0m[1;34m	threadid 47073867917056 -> core 4 - OK[0m[1;34m
[0m[1;34m	threadid 47073870018304 -> core 5 - OK[0m[1;34m
[0m[1;34m	threadid 47073872119552 -> core 6 - OK[0m[1;34m
[0m[1;34m	threadid 47073874220800 -> core 7 - OK[0m[1;34m
[0m[1;34m	threadid 47073876322048 -> core 8 - OK[0m[1;34m
[0m[1;34m	threadid 47073878423296 -> core 9 - OK[0m[1;34m
[0miterations: 120
Total iterations: 1078560480 LUP
FLOP: 11
Total work: 11864165280 FLOP
performance: 2.220632 GLUP/s
Performance in GFLOP/s: 24.426947
size: 9000000
time: 0.485700
