iterations: 120
Total iterations: 1078560480 LUP
FLOP: 11
Total work: 11864165280 FLOP
performance: 0.571726 GLUP/s
Performance in GFLOP/s: 6.288986
size: 9000000
time: 1.886499
iterations: 120
Total iterations: 1078560480 LUP
FLOP: 11
Total work: 11864165280 FLOP
performance: 0.573348 GLUP/s
Performance in GFLOP/s: 6.306828
size: 9000000
time: 1.881162
iterations: 120
Total iterations: 1078560480 LUP
FLOP: 11
Total work: 11864165280 FLOP
performance: 0.573828 GLUP/s
Performance in GFLOP/s: 6.312107
size: 9000000
time: 1.879589
iterations: 120
Total iterations: 1078560480 LUP
FLOP: 11
Total work: 11864165280 FLOP
performance: 0.572159 GLUP/s
Performance in GFLOP/s: 6.293747
size: 9000000
time: 1.885072
iterations: 120
Total iterations: 1078560480 LUP
FLOP: 11
Total work: 11864165280 FLOP
performance: 0.571944 GLUP/s
Performance in GFLOP/s: 6.291381
size: 9000000
time: 1.885781
iterations: 120
Total iterations: 1078560480 LUP
FLOP: 11
Total work: 11864165280 FLOP
performance: 0.572558 GLUP/s
Performance in GFLOP/s: 6.298140
size: 9000000
time: 1.883757
iterations: 120
Total iterations: 1078560480 LUP
FLOP: 11
Total work: 11864165280 FLOP
performance: 0.574873 GLUP/s
Performance in GFLOP/s: 6.323599
size: 9000000
time: 1.876173
iterations: 120
Total iterations: 1078560480 LUP
FLOP: 11
Total work: 11864165280 FLOP
performance: 0.572604 GLUP/s
Performance in GFLOP/s: 6.298639
size: 9000000
time: 1.883608
iterations: 120
Total iterations: 1078560480 LUP
FLOP: 11
Total work: 11864165280 FLOP
performance: 0.573918 GLUP/s
Performance in GFLOP/s: 6.313097
size: 9000000
time: 1.879294
iterations: 120
Total iterations: 1078560480 LUP
FLOP: 11
Total work: 11864165280 FLOP
performance: 0.571907 GLUP/s
Performance in GFLOP/s: 6.290980
size: 9000000
time: 1.885901
