iterations: 100
Total iterations: 898800400 LUP
FLOP: 11
Total work: 9886804400 FLOP
performance: 1.490338 GLUP/s
Performance in GFLOP/s: 16.393715
size: 9000000
time: 0.603085
iterations: 100
Total iterations: 898800400 LUP
FLOP: 11
Total work: 9886804400 FLOP
performance: 1.453749 GLUP/s
Performance in GFLOP/s: 15.991235
size: 9000000
time: 0.618264
iterations: 100
Total iterations: 898800400 LUP
FLOP: 11
Total work: 9886804400 FLOP
performance: 1.541418 GLUP/s
Performance in GFLOP/s: 16.955594
size: 9000000
time: 0.583100
iterations: 100
Total iterations: 898800400 LUP
FLOP: 11
Total work: 9886804400 FLOP
performance: 1.463863 GLUP/s
Performance in GFLOP/s: 16.102498
size: 9000000
time: 0.613992
iterations: 100
Total iterations: 898800400 LUP
FLOP: 11
Total work: 9886804400 FLOP
performance: 1.469344 GLUP/s
Performance in GFLOP/s: 16.162780
size: 9000000
time: 0.611702
