[1;34m[pthread wrapper] 
[0m[1;34m[pthread wrapper] MAIN -> 0
[0m[1;34m[pthread wrapper] PIN_MASK: [0m[1;34m0->1  [0m[1;34m1->2  [0m[1;34m2->3  [0m[1;34m
[pthread wrapper] SKIP MASK: 0x0
[0m[1;34m	threadid 47934970726144 -> core 1 - OK[0m[1;34m
[0m[1;34m	threadid 47934972827392 -> core 2 - OK[0m[1;34m
[0m[1;34m	threadid 47934974928640 -> core 3 - OK[0m[1;34m
[0miterations: 200
Total iterations: 49600800 LUP
FLOP: 11
Total work: 545608800 FLOP
performance: 2.879378 GLUP/s
Performance in GFLOP/s: 31.673160
size: 250000
time: 0.017226
[1;34m[pthread wrapper] 
[0m[1;34m[pthread wrapper] MAIN -> 0
[0m[1;34m[pthread wrapper] PIN_MASK: [0m[1;34m0->1  [0m[1;34m1->2  [0m[1;34m2->3  [0m[1;34m
[pthread wrapper] SKIP MASK: 0x0
[0m[1;34m	threadid 47194186827520 -> core 1 - OK[0m[1;34m
[0m[1;34m	threadid 47194188928768 -> core 2 - OK[0m[1;34m
[0m[1;34m	threadid 47194191030016 -> core 3 - OK[0m[1;34m
[0miterations: 200
Total iterations: 49600800 LUP
FLOP: 11
Total work: 545608800 FLOP
performance: 2.880096 GLUP/s
Performance in GFLOP/s: 31.681053
size: 250000
time: 0.017222
[1;34m[pthread wrapper] 
[0m[1;34m[pthread wrapper] MAIN -> 0
[0m[1;34m[pthread wrapper] PIN_MASK: [0m[1;34m0->1  [0m[1;34m1->2  [0m[1;34m2->3  [0m[1;34m
[pthread wrapper] SKIP MASK: 0x0
[0m[1;34m	threadid 47799281870592 -> core 1 - OK[0m[1;34m
[0m[1;34m	threadid 47799283971840 -> core 2 - OK[0m[1;34m
[0m[1;34m	threadid 47799286073088 -> core 3 - OK[0m[1;34m
[0miterations: 200
Total iterations: 49600800 LUP
FLOP: 11
Total work: 545608800 FLOP
performance: 2.838211 GLUP/s
Performance in GFLOP/s: 31.220316
size: 250000
time: 0.017476
[1;34m[pthread wrapper] 
[0m[1;34m[pthread wrapper] MAIN -> 0
[0m[1;34m[pthread wrapper] PIN_MASK: [0m[1;34m0->1  [0m[1;34m1->2  [0m[1;34m2->3  [0m[1;34m
[pthread wrapper] SKIP MASK: 0x0
[0m[1;34m	threadid 47165931366144 -> core 1 - OK[0m[1;34m
[0m[1;34m	threadid 47165933467392 -> core 2 - OK[0m[1;34m
[0m[1;34m	threadid 47165935568640 -> core 3 - OK[0m[1;34m
[0miterations: 200
Total iterations: 49600800 LUP
FLOP: 11
Total work: 545608800 FLOP
performance: 2.874922 GLUP/s
Performance in GFLOP/s: 31.624139
size: 250000
time: 0.017253
[1;34m[pthread wrapper] 
[0m[1;34m[pthread wrapper] MAIN -> 0
[0m[1;34m[pthread wrapper] PIN_MASK: [0m[1;34m0->1  [0m[1;34m1->2  [0m[1;34m2->3  [0m[1;34m
[pthread wrapper] SKIP MASK: 0x0
[0m[1;34m	threadid 47667200186112 -> core 1 - OK[0m[1;34m
[0m[1;34m	threadid 47667202287360 -> core 2 - OK[0m[1;34m
[0m[1;34m	threadid 47667204388608 -> core 3 - OK[0m[1;34m
[0miterations: 200
Total iterations: 49600800 LUP
FLOP: 11
Total work: 545608800 FLOP
performance: 2.842127 GLUP/s
Performance in GFLOP/s: 31.263394
size: 250000
time: 0.017452
[1;34m[pthread wrapper] 
[0m[1;34m[pthread wrapper] MAIN -> 0
[0m[1;34m[pthread wrapper] PIN_MASK: [0m[1;34m0->1  [0m[1;34m1->2  [0m[1;34m2->3  [0m[1;34m
[pthread wrapper] SKIP MASK: 0x0
[0m[1;34m	threadid 47060015052544 -> core 1 - OK[0m[1;34m
[0m[1;34m	threadid 47060017153792 -> core 2 - OK[0m[1;34m
[0m[1;34m	threadid 47060019255040 -> core 3 - OK[0m[1;34m
[0miterations: 200
Total iterations: 49600800 LUP
FLOP: 11
Total work: 545608800 FLOP
performance: 2.853431 GLUP/s
Performance in GFLOP/s: 31.387746
size: 250000
time: 0.017383
[1;34m[pthread wrapper] 
[0m[1;34m[pthread wrapper] MAIN -> 0
[0m[1;34m[pthread wrapper] PIN_MASK: [0m[1;34m0->1  [0m[1;34m1->2  [0m[1;34m2->3  [0m[1;34m
[pthread wrapper] SKIP MASK: 0x0
[0m[1;34m	threadid 47209194637056 -> core 1 - OK[0m[1;34m
[0m[1;34m	threadid 47209196738304 -> core 2 - OK[0m[1;34m
[0m[1;34m	threadid 47209198839552 -> core 3 - OK[0m[1;34m
[0miterations: 200
Total iterations: 49600800 LUP
FLOP: 11
Total work: 545608800 FLOP
performance: 2.886089 GLUP/s
Performance in GFLOP/s: 31.746978
size: 250000
time: 0.017186
[1;34m[pthread wrapper] 
[0m[1;34m[pthread wrapper] MAIN -> 0
[0m[1;34m[pthread wrapper] PIN_MASK: [0m[1;34m0->1  [0m[1;34m1->2  [0m[1;34m2->3  [0m[1;34m
[pthread wrapper] SKIP MASK: 0x0
[0m[1;34m	threadid 47636805117696 -> core 1 - OK[0m[1;34m
[0m[1;34m	threadid 47636807218944 -> core 2 - OK[0m[1;34m
[0m[1;34m	threadid 47636809320192 -> core 3 - OK[0m[1;34m
[0miterations: 200
Total iterations: 49600800 LUP
FLOP: 11
Total work: 545608800 FLOP
performance: 2.877904 GLUP/s
Performance in GFLOP/s: 31.656949
size: 250000
time: 0.017235
[1;34m[pthread wrapper] 
[0m[1;34m[pthread wrapper] MAIN -> 0
[0m[1;34m[pthread wrapper] PIN_MASK: [0m[1;34m0->1  [0m[1;34m1->2  [0m[1;34m2->3  [0m[1;34m
[pthread wrapper] SKIP MASK: 0x0
[0m[1;34m	threadid 47694606501632 -> core 1 - OK[0m[1;34m
[0m[1;34m	threadid 47694608602880 -> core 2 - OK[0m[1;34m
[0m[1;34m	threadid 47694610704128 -> core 3 - OK[0m[1;34m
[0miterations: 200
Total iterations: 49600800 LUP
FLOP: 11
Total work: 545608800 FLOP
performance: 2.878263 GLUP/s
Performance in GFLOP/s: 31.660891
size: 250000
time: 0.017233
[1;34m[pthread wrapper] 
[0m[1;34m[pthread wrapper] MAIN -> 0
[0m[1;34m[pthread wrapper] PIN_MASK: [0m[1;34m0->1  [0m[1;34m1->2  [0m[1;34m2->3  [0m[1;34m
[pthread wrapper] SKIP MASK: 0x0
[0m[1;34m	threadid 47755956430592 -> core 1 - OK[0m[1;34m
[0m[1;34m	threadid 47755958531840 -> core 2 - OK[0m[1;34m
[0m[1;34m	threadid 47755960633088 -> core 3 - OK[0m[1;34m
[0miterations: 200
Total iterations: 49600800 LUP
FLOP: 11
Total work: 545608800 FLOP
performance: 2.879099 GLUP/s
Performance in GFLOP/s: 31.670092
size: 250000
time: 0.017228
