[1;34m[pthread wrapper] 
[0m[1;34m[pthread wrapper] MAIN -> 0
[0m[1;34m[pthread wrapper] PIN_MASK: [0m[1;34m0->1  [0m[1;34m1->2  [0m[1;34m2->3  [0m[1;34m3->4  [0m[1;34m4->5  [0m[1;34m5->6  [0m[1;34m6->7  [0m[1;34m7->8  [0m[1;34m8->9  [0m[1;34m
[pthread wrapper] SKIP MASK: 0x0
[0m[1;34m	threadid 47214678456064 -> core 1 - OK[0m[1;34m
[0m[1;34m	threadid 47214680557312 -> core 2 - OK[0m[1;34m
[0m[1;34m	threadid 47214682658560 -> core 3 - OK[0m[1;34m
[0m[1;34m	threadid 47214684759808 -> core 4 - OK[0m[1;34m
[0m[1;34m	threadid 47214686861056 -> core 5 - OK[0m[1;34m
[0m[1;34m	threadid 47214688962304 -> core 6 - OK[0m[1;34m
[0m[1;34m	threadid 47214691063552 -> core 7 - OK[0m[1;34m
[0m[1;34m	threadid 47214693164800 -> core 8 - OK[0m[1;34m
[0m[1;34m	threadid 47214695266048 -> core 9 - OK[0m[1;34m
[0miterations: 120
Total iterations: 1078560480 LUP
FLOP: 11
Total work: 11864165280 FLOP
performance: 2.228873 GLUP/s
Performance in GFLOP/s: 24.517607
size: 9000000
time: 0.483904
[1;34m[pthread wrapper] 
[0m[1;34m[pthread wrapper] MAIN -> 0
[0m[1;34m[pthread wrapper] PIN_MASK: [0m[1;34m0->1  [0m[1;34m1->2  [0m[1;34m2->3  [0m[1;34m3->4  [0m[1;34m4->5  [0m[1;34m5->6  [0m[1;34m6->7  [0m[1;34m7->8  [0m[1;34m8->9  [0m[1;34m
[pthread wrapper] SKIP MASK: 0x0
[0m[1;34m	threadid 47760050988800 -> core 1 - OK[0m[1;34m
[0m[1;34m	threadid 47760053090048 -> core 2 - OK[0m[1;34m
[0m[1;34m	threadid 47760055191296 -> core 3 - OK[0m[1;34m
[0m[1;34m	threadid 47760057292544 -> core 4 - OK[0m[1;34m
[0m[1;34m	threadid 47760059393792 -> core 5 - OK[0m[1;34m
[0m[1;34m	threadid 47760061495040 -> core 6 - OK[0m[1;34m
[0m[1;34m	threadid 47760063596288 -> core 7 - OK[0m[1;34m
[0m[1;34m	threadid 47760065697536 -> core 8 - OK[0m[1;34m
[0m[1;34m	threadid 47760067798784 -> core 9 - OK[0m[1;34m
[0miterations: 120
Total iterations: 1078560480 LUP
FLOP: 11
Total work: 11864165280 FLOP
performance: 2.217727 GLUP/s
Performance in GFLOP/s: 24.394997
size: 9000000
time: 0.486336
[1;34m[pthread wrapper] 
[0m[1;34m[pthread wrapper] MAIN -> 0
[0m[1;34m[pthread wrapper] PIN_MASK: [0m[1;34m0->1  [0m[1;34m1->2  [0m[1;34m2->3  [0m[1;34m3->4  [0m[1;34m4->5  [0m[1;34m5->6  [0m[1;34m6->7  [0m[1;34m7->8  [0m[1;34m8->9  [0m[1;34m
[pthread wrapper] SKIP MASK: 0x0
[0m[1;34m	threadid 47550878897920 -> core 1 - OK[0m[1;34m
[0m[1;34m	threadid 47550880999168 -> core 2 - OK[0m[1;34m
[0m[1;34m	threadid 47550883100416 -> core 3 - OK[0m[1;34m
[0m[1;34m	threadid 47550885201664 -> core 4 - OK[0m[1;34m
[0m[1;34m	threadid 47550887302912 -> core 5 - OK[0m[1;34m
[0m[1;34m	threadid 47550889404160 -> core 6 - OK[0m[1;34m
[0m[1;34m	threadid 47550891505408 -> core 7 - OK[0m[1;34m
[0m[1;34m	threadid 47550893606656 -> core 8 - OK[0m[1;34m
[0m[1;34m	threadid 47550895707904 -> core 9 - OK[0m[1;34m
[0miterations: 120
Total iterations: 1078560480 LUP
FLOP: 11
Total work: 11864165280 FLOP
performance: 2.207459 GLUP/s
Performance in GFLOP/s: 24.282053
size: 9000000
time: 0.488598
[1;34m[pthread wrapper] 
[0m[1;34m[pthread wrapper] MAIN -> 0
[0m[1;34m[pthread wrapper] PIN_MASK: [0m[1;34m0->1  [0m[1;34m1->2  [0m[1;34m2->3  [0m[1;34m3->4  [0m[1;34m4->5  [0m[1;34m5->6  [0m[1;34m6->7  [0m[1;34m7->8  [0m[1;34m8->9  [0m[1;34m
[pthread wrapper] SKIP MASK: 0x0
[0m[1;34m	threadid 47592543348480 -> core 1 - OK[0m[1;34m
[0m[1;34m	threadid 47592545449728 -> core 2 - OK[0m[1;34m
[0m[1;34m	threadid 47592547550976 -> core 3 - OK[0m[1;34m
[0m[1;34m	threadid 47592549652224 -> core 4 - OK[0m[1;34m
[0m[1;34m	threadid 47592551753472 -> core 5 - OK[0m[1;34m
[0m[1;34m	threadid 47592553854720 -> core 6 - OK[0m[1;34m
[0m[1;34m	threadid 47592555955968 -> core 7 - OK[0m[1;34m
[0m[1;34m	threadid 47592558057216 -> core 8 - OK[0m[1;34m
[0m[1;34m	threadid 47592560158464 -> core 9 - OK[0m[1;34m
[0miterations: 120
Total iterations: 1078560480 LUP
FLOP: 11
Total work: 11864165280 FLOP
performance: 2.231718 GLUP/s
Performance in GFLOP/s: 24.548897
size: 9000000
time: 0.483287
[1;34m[pthread wrapper] 
[0m[1;34m[pthread wrapper] MAIN -> 0
[0m[1;34m[pthread wrapper] PIN_MASK: [0m[1;34m0->1  [0m[1;34m1->2  [0m[1;34m2->3  [0m[1;34m3->4  [0m[1;34m4->5  [0m[1;34m5->6  [0m[1;34m6->7  [0m[1;34m7->8  [0m[1;34m8->9  [0m[1;34m
[pthread wrapper] SKIP MASK: 0x0
[0m[1;34m	threadid 47382049105664 -> core 1 - OK[0m[1;34m
[0m[1;34m	threadid 47382051206912 -> core 2 - OK[0m[1;34m
[0m[1;34m	threadid 47382053308160 -> core 3 - OK[0m[1;34m
[0m[1;34m	threadid 47382055409408 -> core 4 - OK[0m[1;34m
[0m[1;34m	threadid 47382057510656 -> core 5 - OK[0m[1;34m
[0m[1;34m	threadid 47382059611904 -> core 6 - OK[0m[1;34m
[0m[1;34m	threadid 47382061713152 -> core 7 - OK[0m[1;34m
[0m[1;34m	threadid 47382063814400 -> core 8 - OK[0m[1;34m
[0m[1;34m	threadid 47382065915648 -> core 9 - OK[0m[1;34m
[0miterations: 120
Total iterations: 1078560480 LUP
FLOP: 11
Total work: 11864165280 FLOP
performance: 2.222896 GLUP/s
Performance in GFLOP/s: 24.451852
size: 9000000
time: 0.485205
[1;34m[pthread wrapper] 
[0m[1;34m[pthread wrapper] MAIN -> 0
[0m[1;34m[pthread wrapper] PIN_MASK: [0m[1;34m0->1  [0m[1;34m1->2  [0m[1;34m2->3  [0m[1;34m3->4  [0m[1;34m4->5  [0m[1;34m5->6  [0m[1;34m6->7  [0m[1;34m7->8  [0m[1;34m8->9  [0m[1;34m
[pthread wrapper] SKIP MASK: 0x0
[0m[1;34m	threadid 47993614755584 -> core 1 - OK[0m[1;34m
[0m[1;34m	threadid 47993616856832 -> core 2 - OK[0m[1;34m
[0m[1;34m	threadid 47993618958080 -> core 3 - OK[0m[1;34m
[0m[1;34m	threadid 47993621059328 -> core 4 - OK[0m[1;34m
[0m[1;34m	threadid 47993623160576 -> core 5 - OK[0m[1;34m
[0m[1;34m	threadid 47993625261824 -> core 6 - OK[0m[1;34m
[0m[1;34m	threadid 47993627363072 -> core 7 - OK[0m[1;34m
[0m[1;34m	threadid 47993629464320 -> core 8 - OK[0m[1;34m
[0m[1;34m	threadid 47993631565568 -> core 9 - OK[0m[1;34m
[0miterations: 120
Total iterations: 1078560480 LUP
FLOP: 11
Total work: 11864165280 FLOP
performance: 2.230122 GLUP/s
Performance in GFLOP/s: 24.531337
size: 9000000
time: 0.483633
[1;34m[pthread wrapper] 
[0m[1;34m[pthread wrapper] MAIN -> 0
[0m[1;34m[pthread wrapper] PIN_MASK: [0m[1;34m0->1  [0m[1;34m1->2  [0m[1;34m2->3  [0m[1;34m3->4  [0m[1;34m4->5  [0m[1;34m5->6  [0m[1;34m6->7  [0m[1;34m7->8  [0m[1;34m8->9  [0m[1;34m
[pthread wrapper] SKIP MASK: 0x0
[0m[1;34m	threadid 47543087417088 -> core 1 - OK[0m[1;34m
[0m[1;34m	threadid 47543089518336 -> core 2 - OK[0m[1;34m
[0m[1;34m	threadid 47543091619584 -> core 3 - OK[0m[1;34m
[0m[1;34m	threadid 47543093720832 -> core 4 - OK[0m[1;34m
[0m[1;34m	threadid 47543095822080 -> core 5 - OK[0m[1;34m
[0m[1;34m	threadid 47543097923328 -> core 6 - OK[0m[1;34m
[0m[1;34m	threadid 47543100024576 -> core 7 - OK[0m[1;34m
[0m[1;34m	threadid 47543102125824 -> core 8 - OK[0m[1;34m
[0m[1;34m	threadid 47543104227072 -> core 9 - OK[0m[1;34m
[0miterations: 120
Total iterations: 1078560480 LUP
FLOP: 11
Total work: 11864165280 FLOP
performance: 2.214726 GLUP/s
Performance in GFLOP/s: 24.361987
size: 9000000
time: 0.486995
[1;34m[pthread wrapper] 
[0m[1;34m[pthread wrapper] MAIN -> 0
[0m[1;34m[pthread wrapper] PIN_MASK: [0m[1;34m0->1  [0m[1;34m1->2  [0m[1;34m2->3  [0m[1;34m3->4  [0m[1;34m4->5  [0m[1;34m5->6  [0m[1;34m6->7  [0m[1;34m7->8  [0m[1;34m8->9  [0m[1;34m
[pthread wrapper] SKIP MASK: 0x0
[0m[1;34m	threadid 47163056572160 -> core 1 - OK[0m[1;34m
[0m[1;34m	threadid 47163058673408 -> core 2 - OK[0m[1;34m
[0m[1;34m	threadid 47163060774656 -> core 3 - OK[0m[1;34m
[0m[1;34m	threadid 47163062875904 -> core 4 - OK[0m[1;34m
[0m[1;34m	threadid 47163064977152 -> core 5 - OK[0m[1;34m
[0m[1;34m	threadid 47163067078400 -> core 6 - OK[0m[1;34m
[0m[1;34m	threadid 47163069179648 -> core 7 - OK[0m[1;34m
[0m[1;34m	threadid 47163071280896 -> core 8 - OK[0m[1;34m
[0m[1;34m	threadid 47163073382144 -> core 9 - OK[0m[1;34m
[0miterations: 120
Total iterations: 1078560480 LUP
FLOP: 11
Total work: 11864165280 FLOP
performance: 2.222622 GLUP/s
Performance in GFLOP/s: 24.448837
size: 9000000
time: 0.485265
[1;34m[pthread wrapper] 
[0m[1;34m[pthread wrapper] MAIN -> 0
[0m[1;34m[pthread wrapper] PIN_MASK: [0m[1;34m0->1  [0m[1;34m1->2  [0m[1;34m2->3  [0m[1;34m3->4  [0m[1;34m4->5  [0m[1;34m5->6  [0m[1;34m6->7  [0m[1;34m7->8  [0m[1;34m8->9  [0m[1;34m
[pthread wrapper] SKIP MASK: 0x0
[0m[1;34m	threadid 47613419865856 -> core 1 - OK[0m[1;34m
[0m[1;34m	threadid 47613421967104 -> core 2 - OK[0m[1;34m
[0m[1;34m	threadid 47613424068352 -> core 3 - OK[0m[1;34m
[0m[1;34m	threadid 47613426169600 -> core 4 - OK[0m[1;34m
[0m[1;34m	threadid 47613428270848 -> core 5 - OK[0m[1;34m
[0m[1;34m	threadid 47613430372096 -> core 6 - OK[0m[1;34m
[0m[1;34m	threadid 47613432473344 -> core 7 - OK[0m[1;34m
[0m[1;34m	threadid 47613434574592 -> core 8 - OK[0m[1;34m
[0m[1;34m	threadid 47613436675840 -> core 9 - OK[0m[1;34m
[0miterations: 120
Total iterations: 1078560480 LUP
FLOP: 11
Total work: 11864165280 FLOP
performance: 2.214793 GLUP/s
Performance in GFLOP/s: 24.362726
size: 9000000
time: 0.486980
[1;34m[pthread wrapper] 
[0m[1;34m[pthread wrapper] MAIN -> 0
[0m[1;34m[pthread wrapper] PIN_MASK: [0m[1;34m0->1  [0m[1;34m1->2  [0m[1;34m2->3  [0m[1;34m3->4  [0m[1;34m4->5  [0m[1;34m5->6  [0m[1;34m6->7  [0m[1;34m7->8  [0m[1;34m8->9  [0m[1;34m
[pthread wrapper] SKIP MASK: 0x0
[0m[1;34m	threadid 47577458091776 -> core 1 - OK[0m[1;34m
[0m[1;34m	threadid 47577460193024 -> core 2 - OK[0m[1;34m
[0m[1;34m	threadid 47577462294272 -> core 3 - OK[0m[1;34m
[0m[1;34m	threadid 47577464395520 -> core 4 - OK[0m[1;34m
[0m[1;34m	threadid 47577466496768 -> core 5 - OK[0m[1;34m
[0m[1;34m	threadid 47577468598016 -> core 6 - OK[0m[1;34m
[0m[1;34m	threadid 47577470699264 -> core 7 - OK[0m[1;34m
[0m[1;34m	threadid 47577472800512 -> core 8 - OK[0m[1;34m
[0m[1;34m	threadid 47577474901760 -> core 9 - OK[0m[1;34m
[0miterations: 120
Total iterations: 1078560480 LUP
FLOP: 11
Total work: 11864165280 FLOP
performance: 2.193762 GLUP/s
Performance in GFLOP/s: 24.131377
size: 9000000
time: 0.491649
