[1;34m[pthread wrapper] 
[0m[1;34m[pthread wrapper] MAIN -> 0
[0m[1;34m[pthread wrapper] PIN_MASK: [0m[1;34m0->1  [0m[1;34m1->10  [0m[1;34m2->11  [0m[1;34m
[pthread wrapper] SKIP MASK: 0x0
[0m[1;34m	threadid 47108410455808 -> core 1 - OK[0m[1;34m
[0m[1;34m	threadid 47108412557056 -> core 10 - OK[0m[1;34m
[0m[1;34m	threadid 47108414658304 -> core 11 - OK[0m[1;34m
[0miterations: 120
Total iterations: 1078560480 LUP
FLOP: 11
Total work: 11864165280 FLOP
performance: 2.141556 GLUP/s
Performance in GFLOP/s: 23.557119
size: 9000000
time: 0.503634
[1;34m[pthread wrapper] 
[0m[1;34m[pthread wrapper] MAIN -> 0
[0m[1;34m[pthread wrapper] PIN_MASK: [0m[1;34m0->1  [0m[1;34m1->10  [0m[1;34m2->11  [0m[1;34m
[pthread wrapper] SKIP MASK: 0x0
[0m[1;34m	threadid 47232820000512 -> core 1 - OK[0m[1;34m
[0m[1;34m	threadid 47232822101760 -> core 10 - OK[0m[1;34m
[0m[1;34m	threadid 47232824203008 -> core 11 - OK[0m[1;34m
[0miterations: 120
Total iterations: 1078560480 LUP
FLOP: 11
Total work: 11864165280 FLOP
performance: 2.123247 GLUP/s
Performance in GFLOP/s: 23.355713
size: 9000000
time: 0.507977
[1;34m[pthread wrapper] 
[0m[1;34m[pthread wrapper] MAIN -> 0
[0m[1;34m[pthread wrapper] PIN_MASK: [0m[1;34m0->1  [0m[1;34m1->10  [0m[1;34m2->11  [0m[1;34m
[pthread wrapper] SKIP MASK: 0x0
[0m[1;34m	threadid 47104389203712 -> core 1 - OK[0m[1;34m
[0m[1;34m	threadid 47104391304960 -> core 10 - OK[0m[1;34m
[0m[1;34m	threadid 47104393406208 -> core 11 - OK[0m[1;34m
[0miterations: 120
Total iterations: 1078560480 LUP
FLOP: 11
Total work: 11864165280 FLOP
performance: 2.156388 GLUP/s
Performance in GFLOP/s: 23.720266
size: 9000000
time: 0.500170
[1;34m[pthread wrapper] 
[0m[1;34m[pthread wrapper] MAIN -> 0
[0m[1;34m[pthread wrapper] PIN_MASK: [0m[1;34m0->1  [0m[1;34m1->10  [0m[1;34m2->11  [0m[1;34m
[pthread wrapper] SKIP MASK: 0x0
[0m[1;34m	threadid 47398533383936 -> core 1 - OK[0m[1;34m
[0m[1;34m	threadid 47398535485184 -> core 10 - OK[0m[1;34m
[0m[1;34m	threadid 47398537586432 -> core 11 - OK[0m[1;34m
[0miterations: 120
Total iterations: 1078560480 LUP
FLOP: 11
Total work: 11864165280 FLOP
performance: 2.132664 GLUP/s
Performance in GFLOP/s: 23.459301
size: 9000000
time: 0.505734
[1;34m[pthread wrapper] 
[0m[1;34m[pthread wrapper] MAIN -> 0
[0m[1;34m[pthread wrapper] PIN_MASK: [0m[1;34m0->1  [0m[1;34m1->10  [0m[1;34m2->11  [0m[1;34m
[pthread wrapper] SKIP MASK: 0x0
[0m[1;34m	threadid 47151455188736 -> core 1 - OK[0m[1;34m
[0m[1;34m	threadid 47151457289984 -> core 10 - OK[0m[1;34m
[0m[1;34m	threadid 47151459391232 -> core 11 - OK[0m[1;34m
[0miterations: 120
Total iterations: 1078560480 LUP
FLOP: 11
Total work: 11864165280 FLOP
performance: 2.153825 GLUP/s
Performance in GFLOP/s: 23.692078
size: 9000000
time: 0.500765
[1;34m[pthread wrapper] 
[0m[1;34m[pthread wrapper] MAIN -> 0
[0m[1;34m[pthread wrapper] PIN_MASK: [0m[1;34m0->1  [0m[1;34m1->10  [0m[1;34m2->11  [0m[1;34m
[pthread wrapper] SKIP MASK: 0x0
[0m[1;34m	threadid 47894605678336 -> core 1 - OK[0m[1;34m
[0m[1;34m	threadid 47894607779584 -> core 10 - OK[0m[1;34m
[0m[1;34m	threadid 47894609880832 -> core 11 - OK[0m[1;34m
[0miterations: 120
Total iterations: 1078560480 LUP
FLOP: 11
Total work: 11864165280 FLOP
performance: 2.139759 GLUP/s
Performance in GFLOP/s: 23.537352
size: 9000000
time: 0.504057
[1;34m[pthread wrapper] 
[0m[1;34m[pthread wrapper] MAIN -> 0
[0m[1;34m[pthread wrapper] PIN_MASK: [0m[1;34m0->1  [0m[1;34m1->10  [0m[1;34m2->11  [0m[1;34m
[pthread wrapper] SKIP MASK: 0x0
[0m[1;34m	threadid 47186212988672 -> core 1 - OK[0m[1;34m
[0m[1;34m	threadid 47186215089920 -> core 10 - OK[0m[1;34m
[0m[1;34m	threadid 47186217191168 -> core 11 - OK[0m[1;34m
[0miterations: 120
Total iterations: 1078560480 LUP
FLOP: 11
Total work: 11864165280 FLOP
performance: 2.119541 GLUP/s
Performance in GFLOP/s: 23.314951
size: 9000000
time: 0.508865
[1;34m[pthread wrapper] 
[0m[1;34m[pthread wrapper] MAIN -> 0
[0m[1;34m[pthread wrapper] PIN_MASK: [0m[1;34m0->1  [0m[1;34m1->10  [0m[1;34m2->11  [0m[1;34m
[pthread wrapper] SKIP MASK: 0x0
[0m[1;34m	threadid 47989981816576 -> core 1 - OK[0m[1;34m
[0m[1;34m	threadid 47989983917824 -> core 10 - OK[0m[1;34m
[0m[1;34m	threadid 47989986019072 -> core 11 - OK[0m[1;34m
[0miterations: 120
Total iterations: 1078560480 LUP
FLOP: 11
Total work: 11864165280 FLOP
performance: 2.137380 GLUP/s
Performance in GFLOP/s: 23.511185
size: 9000000
time: 0.504618
[1;34m[pthread wrapper] 
[0m[1;34m[pthread wrapper] MAIN -> 0
[0m[1;34m[pthread wrapper] PIN_MASK: [0m[1;34m0->1  [0m[1;34m1->10  [0m[1;34m2->11  [0m[1;34m
[pthread wrapper] SKIP MASK: 0x0
[0m[1;34m	threadid 47305085007616 -> core 1 - OK[0m[1;34m
[0m[1;34m	threadid 47305087108864 -> core 10 - OK[0m[1;34m
[0m[1;34m	threadid 47305089210112 -> core 11 - OK[0m[1;34m
[0miterations: 120
Total iterations: 1078560480 LUP
FLOP: 11
Total work: 11864165280 FLOP
performance: 2.145668 GLUP/s
Performance in GFLOP/s: 23.602348
size: 9000000
time: 0.502669
[1;34m[pthread wrapper] 
[0m[1;34m[pthread wrapper] MAIN -> 0
[0m[1;34m[pthread wrapper] PIN_MASK: [0m[1;34m0->1  [0m[1;34m1->10  [0m[1;34m2->11  [0m[1;34m
[pthread wrapper] SKIP MASK: 0x0
[0m[1;34m	threadid 46922602333952 -> core 1 - OK[0m[1;34m
[0m[1;34m	threadid 46922604435200 -> core 10 - OK[0m[1;34m
[0m[1;34m	threadid 46922606536448 -> core 11 - OK[0m[1;34m
[0miterations: 120
Total iterations: 1078560480 LUP
FLOP: 11
Total work: 11864165280 FLOP
performance: 2.145151 GLUP/s
Performance in GFLOP/s: 23.596662
size: 9000000
time: 0.502790
