iterations: 120
Total iterations: 1078560480 LUP
FLOP: 11
Total work: 11864165280 FLOP
performance: 0.663954 GLUP/s
Performance in GFLOP/s: 7.303492
size: 9000000
time: 1.624451
iterations: 120
Total iterations: 1078560480 LUP
FLOP: 11
Total work: 11864165280 FLOP
performance: 0.662951 GLUP/s
Performance in GFLOP/s: 7.292466
size: 9000000
time: 1.626907
iterations: 120
Total iterations: 1078560480 LUP
FLOP: 11
Total work: 11864165280 FLOP
performance: 0.924452 GLUP/s
Performance in GFLOP/s: 10.168976
size: 9000000
time: 1.166702
iterations: 120
Total iterations: 1078560480 LUP
FLOP: 11
Total work: 11864165280 FLOP
performance: 0.946717 GLUP/s
Performance in GFLOP/s: 10.413885
size: 9000000
time: 1.139264
iterations: 120
Total iterations: 1078560480 LUP
FLOP: 11
Total work: 11864165280 FLOP
performance: 0.662979 GLUP/s
Performance in GFLOP/s: 7.292768
size: 9000000
time: 1.626840
iterations: 120
Total iterations: 1078560480 LUP
FLOP: 11
Total work: 11864165280 FLOP
performance: 0.665692 GLUP/s
Performance in GFLOP/s: 7.322609
size: 9000000
time: 1.620210
iterations: 120
Total iterations: 1078560480 LUP
FLOP: 11
Total work: 11864165280 FLOP
performance: 0.667227 GLUP/s
Performance in GFLOP/s: 7.339493
size: 9000000
time: 1.616483
iterations: 120
Total iterations: 1078560480 LUP
FLOP: 11
Total work: 11864165280 FLOP
performance: 0.667140 GLUP/s
Performance in GFLOP/s: 7.338535
size: 9000000
time: 1.616694
iterations: 120
Total iterations: 1078560480 LUP
FLOP: 11
Total work: 11864165280 FLOP
performance: 0.664660 GLUP/s
Performance in GFLOP/s: 7.311256
size: 9000000
time: 1.622726
iterations: 120
Total iterations: 1078560480 LUP
FLOP: 11
Total work: 11864165280 FLOP
performance: 0.665521 GLUP/s
Performance in GFLOP/s: 7.320726
size: 9000000
time: 1.620627
