[1;34m[pthread wrapper] 
[0m[1;34m[pthread wrapper] MAIN -> 0
[0m[1;34m[pthread wrapper] PIN_MASK: [0m[1;34m0->1  [0m[1;34m1->2  [0m[1;34m2->3  [0m[1;34m3->4  [0m[1;34m4->5  [0m[1;34m
[pthread wrapper] SKIP MASK: 0x0
[0m[1;34m	threadid 47738454079232 -> core 1 - OK[0m[1;34m
[0m[1;34m	threadid 47738456180480 -> core 2 - OK[0m[1;34m
[0m[1;34m	threadid 47738458281728 -> core 3 - OK[0m[1;34m
[0m[1;34m	threadid 47738460382976 -> core 4 - OK[0m[1;34m
[0m[1;34m	threadid 47738462484224 -> core 5 - OK[0m[1;34m
[0miterations: 200
Total iterations: 49600800 LUP
FLOP: 11
Total work: 545608800 FLOP
performance: 4.257984 GLUP/s
Performance in GFLOP/s: 46.837823
size: 250000
time: 0.011649
[1;34m[pthread wrapper] 
[0m[1;34m[pthread wrapper] MAIN -> 0
[0m[1;34m[pthread wrapper] PIN_MASK: [0m[1;34m0->1  [0m[1;34m1->2  [0m[1;34m2->3  [0m[1;34m3->4  [0m[1;34m4->5  [0m[1;34m
[pthread wrapper] SKIP MASK: 0x0
[0m[1;34m	threadid 46914928465664 -> core 1 - OK[0m[1;34m
[0m[1;34m	threadid 46914930566912 -> core 2 - OK[0m[1;34m
[0m[1;34m	threadid 46914932668160 -> core 3 - OK[0m[1;34m
[0m[1;34m	threadid 46914934769408 -> core 4 - OK[0m[1;34m
[0m[1;34m	threadid 46914936870656 -> core 5 - OK[0m[1;34m
[0miterations: 200
Total iterations: 49600800 LUP
FLOP: 11
Total work: 545608800 FLOP
performance: 4.205224 GLUP/s
Performance in GFLOP/s: 46.257462
size: 250000
time: 0.011795
[1;34m[pthread wrapper] 
[0m[1;34m[pthread wrapper] MAIN -> 0
[0m[1;34m[pthread wrapper] PIN_MASK: [0m[1;34m0->1  [0m[1;34m1->2  [0m[1;34m2->3  [0m[1;34m3->4  [0m[1;34m4->5  [0m[1;34m
[pthread wrapper] SKIP MASK: 0x0
[0m[1;34m	threadid 47137955505920 -> core 1 - OK[0m[1;34m
[0m[1;34m	threadid 47137957607168 -> core 2 - OK[0m[1;34m
[0m[1;34m	threadid 47137959708416 -> core 3 - OK[0m[1;34m
[0m[1;34m	threadid 47137961809664 -> core 4 - OK[0m[1;34m
[0m[1;34m	threadid 47137963910912 -> core 5 - OK[0m[1;34m
[0miterations: 200
Total iterations: 49600800 LUP
FLOP: 11
Total work: 545608800 FLOP
performance: 4.175850 GLUP/s
Performance in GFLOP/s: 45.934347
size: 250000
time: 0.011878
[1;34m[pthread wrapper] 
[0m[1;34m[pthread wrapper] MAIN -> 0
[0m[1;34m[pthread wrapper] PIN_MASK: [0m[1;34m0->1  [0m[1;34m1->2  [0m[1;34m2->3  [0m[1;34m3->4  [0m[1;34m4->5  [0m[1;34m
[pthread wrapper] SKIP MASK: 0x0
[0m[1;34m	threadid 47469197199104 -> core 1 - OK[0m[1;34m
[0m[1;34m	threadid 47469199300352 -> core 2 - OK[0m[1;34m
[0m[1;34m	threadid 47469201401600 -> core 3 - OK[0m[1;34m
[0m[1;34m	threadid 47469203502848 -> core 4 - OK[0m[1;34m
[0m[1;34m	threadid 47469205604096 -> core 5 - OK[0m[1;34m
[0miterations: 200
Total iterations: 49600800 LUP
FLOP: 11
Total work: 545608800 FLOP
performance: 4.246685 GLUP/s
Performance in GFLOP/s: 46.713531
size: 250000
time: 0.011680
[1;34m[pthread wrapper] 
[0m[1;34m[pthread wrapper] MAIN -> 0
[0m[1;34m[pthread wrapper] PIN_MASK: [0m[1;34m0->1  [0m[1;34m1->2  [0m[1;34m2->3  [0m[1;34m3->4  [0m[1;34m4->5  [0m[1;34m
[pthread wrapper] SKIP MASK: 0x0
[0m[1;34m	threadid 48009836390144 -> core 1 - OK[0m[1;34m
[0m[1;34m	threadid 48009838491392 -> core 2 - OK[0m[1;34m
[0m[1;34m	threadid 48009840592640 -> core 3 - OK[0m[1;34m
[0m[1;34m	threadid 48009842693888 -> core 4 - OK[0m[1;34m
[0m[1;34m	threadid 48009844795136 -> core 5 - OK[0m[1;34m
[0miterations: 200
Total iterations: 49600800 LUP
FLOP: 11
Total work: 545608800 FLOP
performance: 4.308959 GLUP/s
Performance in GFLOP/s: 47.398545
size: 250000
time: 0.011511
[1;34m[pthread wrapper] 
[0m[1;34m[pthread wrapper] MAIN -> 0
[0m[1;34m[pthread wrapper] PIN_MASK: [0m[1;34m0->1  [0m[1;34m1->2  [0m[1;34m2->3  [0m[1;34m3->4  [0m[1;34m4->5  [0m[1;34m
[pthread wrapper] SKIP MASK: 0x0
[0m[1;34m	threadid 47757960853248 -> core 1 - OK[0m[1;34m
[0m[1;34m	threadid 47757962954496 -> core 2 - OK[0m[1;34m
[0m[1;34m	threadid 47757965055744 -> core 3 - OK[0m[1;34m
[0m[1;34m	threadid 47757967156992 -> core 4 - OK[0m[1;34m
[0m[1;34m	threadid 47757969258240 -> core 5 - OK[0m[1;34m
[0miterations: 200
Total iterations: 49600800 LUP
FLOP: 11
Total work: 545608800 FLOP
performance: 4.256851 GLUP/s
Performance in GFLOP/s: 46.825364
size: 250000
time: 0.011652
[1;34m[pthread wrapper] 
[0m[1;34m[pthread wrapper] MAIN -> 0
[0m[1;34m[pthread wrapper] PIN_MASK: [0m[1;34m0->1  [0m[1;34m1->2  [0m[1;34m2->3  [0m[1;34m3->4  [0m[1;34m4->5  [0m[1;34m
[pthread wrapper] SKIP MASK: 0x0
[0m[1;34m	threadid 47534666393344 -> core 1 - OK[0m[1;34m
[0m[1;34m	threadid 47534668494592 -> core 2 - OK[0m[1;34m
[0m[1;34m	threadid 47534670595840 -> core 3 - OK[0m[1;34m
[0m[1;34m	threadid 47534672697088 -> core 4 - OK[0m[1;34m
[0m[1;34m	threadid 47534674798336 -> core 5 - OK[0m[1;34m
[0miterations: 200
Total iterations: 49600800 LUP
FLOP: 11
Total work: 545608800 FLOP
performance: 4.003326 GLUP/s
Performance in GFLOP/s: 44.036584
size: 250000
time: 0.012390
[1;34m[pthread wrapper] 
[0m[1;34m[pthread wrapper] MAIN -> 0
[0m[1;34m[pthread wrapper] PIN_MASK: [0m[1;34m0->1  [0m[1;34m1->2  [0m[1;34m2->3  [0m[1;34m3->4  [0m[1;34m4->5  [0m[1;34m
[pthread wrapper] SKIP MASK: 0x0
[0m[1;34m	threadid 47900951041792 -> core 1 - OK[0m[1;34m
[0m[1;34m	threadid 47900953143040 -> core 2 - OK[0m[1;34m
[0m[1;34m	threadid 47900955244288 -> core 3 - OK[0m[1;34m
[0m[1;34m	threadid 47900957345536 -> core 4 - OK[0m[1;34m
[0m[1;34m	threadid 47900959446784 -> core 5 - OK[0m[1;34m
[0miterations: 200
Total iterations: 49600800 LUP
FLOP: 11
Total work: 545608800 FLOP
performance: 4.279619 GLUP/s
Performance in GFLOP/s: 47.075808
size: 250000
time: 0.011590
[1;34m[pthread wrapper] 
[0m[1;34m[pthread wrapper] MAIN -> 0
[0m[1;34m[pthread wrapper] PIN_MASK: [0m[1;34m0->1  [0m[1;34m1->2  [0m[1;34m2->3  [0m[1;34m3->4  [0m[1;34m4->5  [0m[1;34m
[pthread wrapper] SKIP MASK: 0x0
[0m[1;34m	threadid 47570202023680 -> core 1 - OK[0m[1;34m
[0m[1;34m	threadid 47570204124928 -> core 2 - OK[0m[1;34m
[0m[1;34m	threadid 47570206226176 -> core 3 - OK[0m[1;34m
[0m[1;34m	threadid 47570208327424 -> core 4 - OK[0m[1;34m
[0m[1;34m	threadid 47570210428672 -> core 5 - OK[0m[1;34m
[0miterations: 200
Total iterations: 49600800 LUP
FLOP: 11
Total work: 545608800 FLOP
performance: 4.232860 GLUP/s
Performance in GFLOP/s: 46.561459
size: 250000
time: 0.011718
[1;34m[pthread wrapper] 
[0m[1;34m[pthread wrapper] MAIN -> 0
[0m[1;34m[pthread wrapper] PIN_MASK: [0m[1;34m0->1  [0m[1;34m1->2  [0m[1;34m2->3  [0m[1;34m3->4  [0m[1;34m4->5  [0m[1;34m
[pthread wrapper] SKIP MASK: 0x0
[0m[1;34m	threadid 47721936307968 -> core 1 - OK[0m[1;34m
[0m[1;34m	threadid 47721938409216 -> core 2 - OK[0m[1;34m
[0m[1;34m	threadid 47721940510464 -> core 3 - OK[0m[1;34m
[0m[1;34m	threadid 47721942611712 -> core 4 - OK[0m[1;34m
[0m[1;34m	threadid 47721944712960 -> core 5 - OK[0m[1;34m
[0miterations: 200
Total iterations: 49600800 LUP
FLOP: 11
Total work: 545608800 FLOP
performance: 4.248072 GLUP/s
Performance in GFLOP/s: 46.728793
size: 250000
time: 0.011676
