iterations: 120
Total iterations: 1078560480 LUP
FLOP: 11
Total work: 11864165280 FLOP
performance: 2.086082 GLUP/s
Performance in GFLOP/s: 22.946901
size: 9000000
time: 0.517027
iterations: 120
Total iterations: 1078560480 LUP
FLOP: 11
Total work: 11864165280 FLOP
performance: 2.128471 GLUP/s
Performance in GFLOP/s: 23.413185
size: 9000000
time: 0.506730
iterations: 120
Total iterations: 1078560480 LUP
FLOP: 11
Total work: 11864165280 FLOP
performance: 2.134445 GLUP/s
Performance in GFLOP/s: 23.478892
size: 9000000
time: 0.505312
iterations: 120
Total iterations: 1078560480 LUP
FLOP: 11
Total work: 11864165280 FLOP
performance: 1.991251 GLUP/s
Performance in GFLOP/s: 21.903756
size: 9000000
time: 0.541650
iterations: 120
Total iterations: 1078560480 LUP
FLOP: 11
Total work: 11864165280 FLOP
performance: 2.107045 GLUP/s
Performance in GFLOP/s: 23.177493
size: 9000000
time: 0.511883
iterations: 120
Total iterations: 1078560480 LUP
FLOP: 11
Total work: 11864165280 FLOP
performance: 2.013046 GLUP/s
Performance in GFLOP/s: 22.143511
size: 9000000
time: 0.535785
iterations: 120
Total iterations: 1078560480 LUP
FLOP: 11
Total work: 11864165280 FLOP
performance: 1.962432 GLUP/s
Performance in GFLOP/s: 21.586754
size: 9000000
time: 0.549604
iterations: 120
Total iterations: 1078560480 LUP
FLOP: 11
Total work: 11864165280 FLOP
performance: 1.999708 GLUP/s
Performance in GFLOP/s: 21.996784
size: 9000000
time: 0.539359
iterations: 120
Total iterations: 1078560480 LUP
FLOP: 11
Total work: 11864165280 FLOP
performance: 2.092163 GLUP/s
Performance in GFLOP/s: 23.013792
size: 9000000
time: 0.515524
iterations: 120
Total iterations: 1078560480 LUP
FLOP: 11
Total work: 11864165280 FLOP
performance: 2.100430 GLUP/s
Performance in GFLOP/s: 23.104735
size: 9000000
time: 0.513495
