iterations: 120
Total iterations: 1078560480 LUP
FLOP: 11
Total work: 11864165280 FLOP
performance: 1.645617 GLUP/s
Performance in GFLOP/s: 18.101792
size: 9000000
time: 0.655414
iterations: 120
Total iterations: 1078560480 LUP
FLOP: 11
Total work: 11864165280 FLOP
performance: 1.655526 GLUP/s
Performance in GFLOP/s: 18.210791
size: 9000000
time: 0.651491
iterations: 120
Total iterations: 1078560480 LUP
FLOP: 11
Total work: 11864165280 FLOP
performance: 1.612448 GLUP/s
Performance in GFLOP/s: 17.736930
size: 9000000
time: 0.668896
iterations: 120
Total iterations: 1078560480 LUP
FLOP: 11
Total work: 11864165280 FLOP
performance: 1.569187 GLUP/s
Performance in GFLOP/s: 17.261056
size: 9000000
time: 0.687337
iterations: 120
Total iterations: 1078560480 LUP
FLOP: 11
Total work: 11864165280 FLOP
performance: 1.652115 GLUP/s
Performance in GFLOP/s: 18.173268
size: 9000000
time: 0.652836
iterations: 120
Total iterations: 1078560480 LUP
FLOP: 11
Total work: 11864165280 FLOP
performance: 1.567705 GLUP/s
Performance in GFLOP/s: 17.244756
size: 9000000
time: 0.687987
iterations: 120
Total iterations: 1078560480 LUP
FLOP: 11
Total work: 11864165280 FLOP
performance: 1.650222 GLUP/s
Performance in GFLOP/s: 18.152445
size: 9000000
time: 0.653585
iterations: 120
Total iterations: 1078560480 LUP
FLOP: 11
Total work: 11864165280 FLOP
performance: 1.699037 GLUP/s
Performance in GFLOP/s: 18.689402
size: 9000000
time: 0.634807
iterations: 120
Total iterations: 1078560480 LUP
FLOP: 11
Total work: 11864165280 FLOP
performance: 1.679433 GLUP/s
Performance in GFLOP/s: 18.473766
size: 9000000
time: 0.642217
iterations: 120
Total iterations: 1078560480 LUP
FLOP: 11
Total work: 11864165280 FLOP
performance: 1.678678 GLUP/s
Performance in GFLOP/s: 18.465458
size: 9000000
time: 0.642506
