[1;34m[pthread wrapper] 
[0m[1;34m[pthread wrapper] MAIN -> 0
[0m[1;34m[pthread wrapper] PIN_MASK: [0m[1;34m0->1  [0m[1;34m1->2  [0m[1;34m2->3  [0m[1;34m3->4  [0m[1;34m4->5  [0m[1;34m5->6  [0m[1;34m6->7  [0m[1;34m
[pthread wrapper] SKIP MASK: 0x0
[0m[1;34m	threadid 47907287209728 -> core 1 - OK[0m[1;34m
[0m[1;34m	threadid 47907289310976 -> core 2 - OK[0m[1;34m
[0m[1;34m	threadid 47907291412224 -> core 3 - OK[0m[1;34m
[0m[1;34m	threadid 47907293513472 -> core 4 - OK[0m[1;34m
[0m[1;34m	threadid 47907295614720 -> core 5 - OK[0m[1;34m
[0m[1;34m	threadid 47907297715968 -> core 6 - OK[0m[1;34m
[0m[1;34m	threadid 47907299817216 -> core 7 - OK[0m[1;34m
[0miterations: 120
Total iterations: 1078560480 LUP
FLOP: 11
Total work: 11864165280 FLOP
performance: 2.131773 GLUP/s
Performance in GFLOP/s: 23.449506
size: 9000000
time: 0.505945
[1;34m[pthread wrapper] 
[0m[1;34m[pthread wrapper] MAIN -> 0
[0m[1;34m[pthread wrapper] PIN_MASK: [0m[1;34m0->1  [0m[1;34m1->2  [0m[1;34m2->3  [0m[1;34m3->4  [0m[1;34m4->5  [0m[1;34m5->6  [0m[1;34m6->7  [0m[1;34m
[pthread wrapper] SKIP MASK: 0x0
[0m[1;34m	threadid 47440647505664 -> core 1 - OK[0m[1;34m
[0m[1;34m	threadid 47440649606912 -> core 2 - OK[0m[1;34m
[0m[1;34m	threadid 47440651708160 -> core 3 - OK[0m[1;34m
[0m[1;34m	threadid 47440653809408 -> core 4 - OK[0m[1;34m
[0m[1;34m	threadid 47440655910656 -> core 5 - OK[0m[1;34m
[0m[1;34m	threadid 47440658011904 -> core 6 - OK[0m[1;34m
[0m[1;34m	threadid 47440660113152 -> core 7 - OK[0m[1;34m
[0miterations: 120
Total iterations: 1078560480 LUP
FLOP: 11
Total work: 11864165280 FLOP
performance: 2.156897 GLUP/s
Performance in GFLOP/s: 23.725864
size: 9000000
time: 0.500052
[1;34m[pthread wrapper] 
[0m[1;34m[pthread wrapper] MAIN -> 0
[0m[1;34m[pthread wrapper] PIN_MASK: [0m[1;34m0->1  [0m[1;34m1->2  [0m[1;34m2->3  [0m[1;34m3->4  [0m[1;34m4->5  [0m[1;34m5->6  [0m[1;34m6->7  [0m[1;34m
[pthread wrapper] SKIP MASK: 0x0
[0m[1;34m	threadid 47953085339392 -> core 1 - OK[0m[1;34m
[0m[1;34m	threadid 47953087440640 -> core 2 - OK[0m[1;34m
[0m[1;34m	threadid 47953089541888 -> core 3 - OK[0m[1;34m
[0m[1;34m	threadid 47953091643136 -> core 4 - OK[0m[1;34m
[0m[1;34m	threadid 47953093744384 -> core 5 - OK[0m[1;34m
[0m[1;34m	threadid 47953095845632 -> core 6 - OK[0m[1;34m
[0m[1;34m	threadid 47953097946880 -> core 7 - OK[0m[1;34m
[0miterations: 120
Total iterations: 1078560480 LUP
FLOP: 11
Total work: 11864165280 FLOP
performance: 2.130393 GLUP/s
Performance in GFLOP/s: 23.434322
size: 9000000
time: 0.506273
[1;34m[pthread wrapper] 
[0m[1;34m[pthread wrapper] MAIN -> 0
[0m[1;34m[pthread wrapper] PIN_MASK: [0m[1;34m0->1  [0m[1;34m1->2  [0m[1;34m2->3  [0m[1;34m3->4  [0m[1;34m4->5  [0m[1;34m5->6  [0m[1;34m6->7  [0m[1;34m
[pthread wrapper] SKIP MASK: 0x0
[0m[1;34m	threadid 47751069042432 -> core 1 - OK[0m[1;34m
[0m[1;34m	threadid 47751071143680 -> core 2 - OK[0m[1;34m
[0m[1;34m	threadid 47751073244928 -> core 3 - OK[0m[1;34m
[0m[1;34m	threadid 47751075346176 -> core 4 - OK[0m[1;34m
[0m[1;34m	threadid 47751077447424 -> core 5 - OK[0m[1;34m
[0m[1;34m	threadid 47751079548672 -> core 6 - OK[0m[1;34m
[0m[1;34m	threadid 47751081649920 -> core 7 - OK[0m[1;34m
[0miterations: 120
Total iterations: 1078560480 LUP
FLOP: 11
Total work: 11864165280 FLOP
performance: 2.159363 GLUP/s
Performance in GFLOP/s: 23.752988
size: 9000000
time: 0.499481
[1;34m[pthread wrapper] 
[0m[1;34m[pthread wrapper] MAIN -> 0
[0m[1;34m[pthread wrapper] PIN_MASK: [0m[1;34m0->1  [0m[1;34m1->2  [0m[1;34m2->3  [0m[1;34m3->4  [0m[1;34m4->5  [0m[1;34m5->6  [0m[1;34m6->7  [0m[1;34m
[pthread wrapper] SKIP MASK: 0x0
[0m[1;34m	threadid 47014041491200 -> core 1 - OK[0m[1;34m
[0m[1;34m	threadid 47014043592448 -> core 2 - OK[0m[1;34m
[0m[1;34m	threadid 47014045693696 -> core 3 - OK[0m[1;34m
[0m[1;34m	threadid 47014047794944 -> core 4 - OK[0m[1;34m
[0m[1;34m	threadid 47014049896192 -> core 5 - OK[0m[1;34m
[0m[1;34m	threadid 47014051997440 -> core 6 - OK[0m[1;34m
[0m[1;34m	threadid 47014054098688 -> core 7 - OK[0m[1;34m
[0miterations: 120
Total iterations: 1078560480 LUP
FLOP: 11
Total work: 11864165280 FLOP
performance: 2.143293 GLUP/s
Performance in GFLOP/s: 23.576226
size: 9000000
time: 0.503226
[1;34m[pthread wrapper] 
[0m[1;34m[pthread wrapper] MAIN -> 0
[0m[1;34m[pthread wrapper] PIN_MASK: [0m[1;34m0->1  [0m[1;34m1->2  [0m[1;34m2->3  [0m[1;34m3->4  [0m[1;34m4->5  [0m[1;34m5->6  [0m[1;34m6->7  [0m[1;34m
[pthread wrapper] SKIP MASK: 0x0
[0m[1;34m	threadid 47272727783168 -> core 1 - OK[0m[1;34m
[0m[1;34m	threadid 47272729884416 -> core 2 - OK[0m[1;34m
[0m[1;34m	threadid 47272731985664 -> core 3 - OK[0m[1;34m
[0m[1;34m	threadid 47272734086912 -> core 4 - OK[0m[1;34m
[0m[1;34m	threadid 47272736188160 -> core 5 - OK[0m[1;34m
[0m[1;34m	threadid 47272738289408 -> core 6 - OK[0m[1;34m
[0m[1;34m	threadid 47272740390656 -> core 7 - OK[0m[1;34m
[0miterations: 120
Total iterations: 1078560480 LUP
FLOP: 11
Total work: 11864165280 FLOP
performance: 2.148240 GLUP/s
Performance in GFLOP/s: 23.630637
size: 9000000
time: 0.502067
[1;34m[pthread wrapper] 
[0m[1;34m[pthread wrapper] MAIN -> 0
[0m[1;34m[pthread wrapper] PIN_MASK: [0m[1;34m0->1  [0m[1;34m1->2  [0m[1;34m2->3  [0m[1;34m3->4  [0m[1;34m4->5  [0m[1;34m5->6  [0m[1;34m6->7  [0m[1;34m
[pthread wrapper] SKIP MASK: 0x0
[0m[1;34m	threadid 47133669717760 -> core 1 - OK[0m[1;34m
[0m[1;34m	threadid 47133671819008 -> core 2 - OK[0m[1;34m
[0m[1;34m	threadid 47133673920256 -> core 3 - OK[0m[1;34m
[0m[1;34m	threadid 47133676021504 -> core 4 - OK[0m[1;34m
[0m[1;34m	threadid 47133678122752 -> core 5 - OK[0m[1;34m
[0m[1;34m	threadid 47133680224000 -> core 6 - OK[0m[1;34m
[0m[1;34m	threadid 47133682325248 -> core 7 - OK[0m[1;34m
[0miterations: 120
Total iterations: 1078560480 LUP
FLOP: 11
Total work: 11864165280 FLOP
performance: 2.147547 GLUP/s
Performance in GFLOP/s: 23.623020
size: 9000000
time: 0.502229
[1;34m[pthread wrapper] 
[0m[1;34m[pthread wrapper] MAIN -> 0
[0m[1;34m[pthread wrapper] PIN_MASK: [0m[1;34m0->1  [0m[1;34m1->2  [0m[1;34m2->3  [0m[1;34m3->4  [0m[1;34m4->5  [0m[1;34m5->6  [0m[1;34m6->7  [0m[1;34m
[pthread wrapper] SKIP MASK: 0x0
[0m[1;34m	threadid 47998472816384 -> core 1 - OK[0m[1;34m
[0m[1;34m	threadid 47998474917632 -> core 2 - OK[0m[1;34m
[0m[1;34m	threadid 47998477018880 -> core 3 - OK[0m[1;34m
[0m[1;34m	threadid 47998479120128 -> core 4 - OK[0m[1;34m
[0m[1;34m	threadid 47998481221376 -> core 5 - OK[0m[1;34m
[0m[1;34m	threadid 47998483322624 -> core 6 - OK[0m[1;34m
[0m[1;34m	threadid 47998485423872 -> core 7 - OK[0m[1;34m
[0miterations: 120
Total iterations: 1078560480 LUP
FLOP: 11
Total work: 11864165280 FLOP
performance: 2.145066 GLUP/s
Performance in GFLOP/s: 23.595723
size: 9000000
time: 0.502810
[1;34m[pthread wrapper] 
[0m[1;34m[pthread wrapper] MAIN -> 0
[0m[1;34m[pthread wrapper] PIN_MASK: [0m[1;34m0->1  [0m[1;34m1->2  [0m[1;34m2->3  [0m[1;34m3->4  [0m[1;34m4->5  [0m[1;34m5->6  [0m[1;34m6->7  [0m[1;34m
[pthread wrapper] SKIP MASK: 0x0
[0m[1;34m	threadid 47197932283648 -> core 1 - OK[0m[1;34m
[0m[1;34m	threadid 47197934384896 -> core 2 - OK[0m[1;34m
[0m[1;34m	threadid 47197936486144 -> core 3 - OK[0m[1;34m
[0m[1;34m	threadid 47197938587392 -> core 4 - OK[0m[1;34m
[0m[1;34m	threadid 47197940688640 -> core 5 - OK[0m[1;34m
[0m[1;34m	threadid 47197942789888 -> core 6 - OK[0m[1;34m
[0m[1;34m	threadid 47197944891136 -> core 7 - OK[0m[1;34m
[0miterations: 120
Total iterations: 1078560480 LUP
FLOP: 11
Total work: 11864165280 FLOP
performance: 2.135223 GLUP/s
Performance in GFLOP/s: 23.487448
size: 9000000
time: 0.505128
[1;34m[pthread wrapper] 
[0m[1;34m[pthread wrapper] MAIN -> 0
[0m[1;34m[pthread wrapper] PIN_MASK: [0m[1;34m0->1  [0m[1;34m1->2  [0m[1;34m2->3  [0m[1;34m3->4  [0m[1;34m4->5  [0m[1;34m5->6  [0m[1;34m6->7  [0m[1;34m
[pthread wrapper] SKIP MASK: 0x0
[0m[1;34m	threadid 47681526007552 -> core 1 - OK[0m[1;34m
[0m[1;34m	threadid 47681528108800 -> core 2 - OK[0m[1;34m
[0m[1;34m	threadid 47681530210048 -> core 3 - OK[0m[1;34m
[0m[1;34m	threadid 47681532311296 -> core 4 - OK[0m[1;34m
[0m[1;34m	threadid 47681534412544 -> core 5 - OK[0m[1;34m
[0m[1;34m	threadid 47681536513792 -> core 6 - OK[0m[1;34m
[0m[1;34m	threadid 47681538615040 -> core 7 - OK[0m[1;34m
[0miterations: 120
Total iterations: 1078560480 LUP
FLOP: 11
Total work: 11864165280 FLOP
performance: 2.151141 GLUP/s
Performance in GFLOP/s: 23.662550
size: 9000000
time: 0.501390
