iterations: 200
Total iterations: 49600800 LUP
FLOP: 11
Total work: 545608800 FLOP
performance: 1.760507 GLUP/s
Performance in GFLOP/s: 19.365573
size: 250000
time: 0.028174
iterations: 200
Total iterations: 49600800 LUP
FLOP: 11
Total work: 545608800 FLOP
performance: 1.759583 GLUP/s
Performance in GFLOP/s: 19.355418
size: 250000
time: 0.028189
iterations: 200
Total iterations: 49600800 LUP
FLOP: 11
Total work: 545608800 FLOP
performance: 1.777033 GLUP/s
Performance in GFLOP/s: 19.547365
size: 250000
time: 0.027912
iterations: 200
Total iterations: 49600800 LUP
FLOP: 11
Total work: 545608800 FLOP
performance: 1.764015 GLUP/s
Performance in GFLOP/s: 19.404161
size: 250000
time: 0.028118
iterations: 200
Total iterations: 49600800 LUP
FLOP: 11
Total work: 545608800 FLOP
performance: 1.760581 GLUP/s
Performance in GFLOP/s: 19.366393
size: 250000
time: 0.028173
iterations: 200
Total iterations: 49600800 LUP
FLOP: 11
Total work: 545608800 FLOP
performance: 1.753680 GLUP/s
Performance in GFLOP/s: 19.290482
size: 250000
time: 0.028284
iterations: 200
Total iterations: 49600800 LUP
FLOP: 11
Total work: 545608800 FLOP
performance: 1.781126 GLUP/s
Performance in GFLOP/s: 19.592384
size: 250000
time: 0.027848
iterations: 200
Total iterations: 49600800 LUP
FLOP: 11
Total work: 545608800 FLOP
performance: 1.757146 GLUP/s
Performance in GFLOP/s: 19.328608
size: 250000
time: 0.028228
iterations: 200
Total iterations: 49600800 LUP
FLOP: 11
Total work: 545608800 FLOP
performance: 1.760328 GLUP/s
Performance in GFLOP/s: 19.363607
size: 250000
time: 0.028177
iterations: 200
Total iterations: 49600800 LUP
FLOP: 11
Total work: 545608800 FLOP
performance: 1.749463 GLUP/s
Performance in GFLOP/s: 19.244088
size: 250000
time: 0.028352
