iterations: 120
Total iterations: 1078560480 LUP
FLOP: 11
Total work: 11864165280 FLOP
performance: 2.917970 GLUP/s
Performance in GFLOP/s: 32.097670
size: 9000000
time: 0.369627
iterations: 120
Total iterations: 1078560480 LUP
FLOP: 11
Total work: 11864165280 FLOP
performance: 2.887356 GLUP/s
Performance in GFLOP/s: 31.760911
size: 9000000
time: 0.373546
iterations: 120
Total iterations: 1078560480 LUP
FLOP: 11
Total work: 11864165280 FLOP
performance: 2.879424 GLUP/s
Performance in GFLOP/s: 31.673659
size: 9000000
time: 0.374575
iterations: 120
Total iterations: 1078560480 LUP
FLOP: 11
Total work: 11864165280 FLOP
performance: 2.906074 GLUP/s
Performance in GFLOP/s: 31.966819
size: 9000000
time: 0.371140
iterations: 120
Total iterations: 1078560480 LUP
FLOP: 11
Total work: 11864165280 FLOP
performance: 2.935328 GLUP/s
Performance in GFLOP/s: 32.288611
size: 9000000
time: 0.367441
iterations: 120
Total iterations: 1078560480 LUP
FLOP: 11
Total work: 11864165280 FLOP
performance: 2.951434 GLUP/s
Performance in GFLOP/s: 32.465775
size: 9000000
time: 0.365436
iterations: 120
Total iterations: 1078560480 LUP
FLOP: 11
Total work: 11864165280 FLOP
performance: 2.894290 GLUP/s
Performance in GFLOP/s: 31.837194
size: 9000000
time: 0.372651
iterations: 120
Total iterations: 1078560480 LUP
FLOP: 11
Total work: 11864165280 FLOP
performance: 2.910466 GLUP/s
Performance in GFLOP/s: 32.015129
size: 9000000
time: 0.370580
iterations: 120
Total iterations: 1078560480 LUP
FLOP: 11
Total work: 11864165280 FLOP
performance: 2.804639 GLUP/s
Performance in GFLOP/s: 30.851034
size: 9000000
time: 0.384563
iterations: 120
Total iterations: 1078560480 LUP
FLOP: 11
Total work: 11864165280 FLOP
performance: 2.901813 GLUP/s
Performance in GFLOP/s: 31.919944
size: 9000000
time: 0.371685
