[1;34m[pthread wrapper] 
[0m[1;34m[pthread wrapper] MAIN -> 0
[0m[1;34m[pthread wrapper] PIN_MASK: [0m[1;34m0->1  [0m[1;34m1->2  [0m[1;34m2->3  [0m[1;34m3->4  [0m[1;34m4->5  [0m[1;34m5->6  [0m[1;34m6->7  [0m[1;34m7->8  [0m[1;34m8->9  [0m[1;34m9->10  [0m[1;34m10->11  [0m[1;34m11->12  [0m[1;34m12->13  [0m[1;34m13->14  [0m[1;34m14->15  [0m[1;34m15->16  [0m[1;34m16->17  [0m[1;34m17->18  [0m[1;34m18->19  [0m[1;34m
[pthread wrapper] SKIP MASK: 0x0
[0m[1;34m	threadid 47118462596864 -> core 1 - OK[0m[1;34m
[0m[1;34m	threadid 47118464698112 -> core 2 - OK[0m[1;34m
[0m[1;34m	threadid 47118466799360 -> core 3 - OK[0m[1;34m
[0m[1;34m	threadid 47118468900608 -> core 4 - OK[0m[1;34m
[0m[1;34m	threadid 47118471001856 -> core 5 - OK[0m[1;34m
[0m[1;34m	threadid 47118473103104 -> core 6 - OK[0m[1;34m
[0m[1;34m	threadid 47118475204352 -> core 7 - OK[0m[1;34m
[0m[1;34m	threadid 47118477305600 -> core 8 - OK[0m[1;34m
[0m[1;34m	threadid 47118479406848 -> core 9 - OK[0m[1;34m
[0m[1;34m	threadid 47118481508096 -> core 10 - OK[0m[1;34m
[0m[1;34m	threadid 47118483609344 -> core 11 - OK[0m[1;34m
[0m[1;34m	threadid 47118485710592 -> core 12 - OK[0m[1;34m
[0m[1;34m	threadid 47118487811840 -> core 13 - OK[0m[1;34m
[0m[1;34m	threadid 47118489913088 -> core 14 - OK[0m[1;34m
[0m[1;34m	threadid 47118492014336 -> core 15 - OK[0m[1;34m
[0m[1;34m	threadid 47118494115584 -> core 16 - OK[0m[1;34m
[0m[1;34m	threadid 47118496216832 -> core 17 - OK[0m[1;34m
[0m[1;34m	threadid 47118498318080 -> core 18 - OK[0m[1;34m
[0m[1;34m	threadid 47118500419328 -> core 19 - OK[0m[1;34m
[0miterations: 100
Total iterations: 898800400 LUP
FLOP: 11
Total work: 9886804400 FLOP
performance: 1.679116 GLUP/s
Performance in GFLOP/s: 18.470276
size: 9000000
time: 0.535282
[1;34m[pthread wrapper] 
[0m[1;34m[pthread wrapper] MAIN -> 0
[0m[1;34m[pthread wrapper] PIN_MASK: [0m[1;34m0->1  [0m[1;34m1->2  [0m[1;34m2->3  [0m[1;34m3->4  [0m[1;34m4->5  [0m[1;34m5->6  [0m[1;34m6->7  [0m[1;34m7->8  [0m[1;34m8->9  [0m[1;34m9->10  [0m[1;34m10->11  [0m[1;34m11->12  [0m[1;34m12->13  [0m[1;34m13->14  [0m[1;34m14->15  [0m[1;34m15->16  [0m[1;34m16->17  [0m[1;34m17->18  [0m[1;34m18->19  [0m[1;34m
[pthread wrapper] SKIP MASK: 0x0
[0m[1;34m	threadid 47106873198336 -> core 1 - OK[0m[1;34m
[0m[1;34m	threadid 47106875299584 -> core 2 - OK[0m[1;34m
[0m[1;34m	threadid 47106877400832 -> core 3 - OK[0m[1;34m
[0m[1;34m	threadid 47106879502080 -> core 4 - OK[0m[1;34m
[0m[1;34m	threadid 47106881603328 -> core 5 - OK[0m[1;34m
[0m[1;34m	threadid 47106883704576 -> core 6 - OK[0m[1;34m
[0m[1;34m	threadid 47106885805824 -> core 7 - OK[0m[1;34m
[0m[1;34m	threadid 47106887907072 -> core 8 - OK[0m[1;34m
[0m[1;34m	threadid 47106890008320 -> core 9 - OK[0m[1;34m
[0m[1;34m	threadid 47106892109568 -> core 10 - OK[0m[1;34m
[0m[1;34m	threadid 47106894210816 -> core 11 - OK[0m[1;34m
[0m[1;34m	threadid 47106896312064 -> core 12 - OK[0m[1;34m
[0m[1;34m	threadid 47106898413312 -> core 13 - OK[0m[1;34m
[0m[1;34m	threadid 47106900514560 -> core 14 - OK[0m[1;34m
[0m[1;34m	threadid 47106902615808 -> core 15 - OK[0m[1;34m
[0m[1;34m	threadid 47106904717056 -> core 16 - OK[0m[1;34m
[0m[1;34m	threadid 47106906818304 -> core 17 - OK[0m[1;34m
[0m[1;34m	threadid 47106908919552 -> core 18 - OK[0m[1;34m
[0m[1;34m	threadid 47106911020800 -> core 19 - OK[0m[1;34m
[0miterations: 100
Total iterations: 898800400 LUP
FLOP: 11
Total work: 9886804400 FLOP
performance: 1.586325 GLUP/s
Performance in GFLOP/s: 17.449572
size: 9000000
time: 0.566593
[1;34m[pthread wrapper] 
[0m[1;34m[pthread wrapper] MAIN -> 0
[0m[1;34m[pthread wrapper] PIN_MASK: [0m[1;34m0->1  [0m[1;34m1->2  [0m[1;34m2->3  [0m[1;34m3->4  [0m[1;34m4->5  [0m[1;34m5->6  [0m[1;34m6->7  [0m[1;34m7->8  [0m[1;34m8->9  [0m[1;34m9->10  [0m[1;34m10->11  [0m[1;34m11->12  [0m[1;34m12->13  [0m[1;34m13->14  [0m[1;34m14->15  [0m[1;34m15->16  [0m[1;34m16->17  [0m[1;34m17->18  [0m[1;34m18->19  [0m[1;34m
[pthread wrapper] SKIP MASK: 0x0
[0m[1;34m	threadid 46943372949248 -> core 1 - OK[0m[1;34m
[0m[1;34m	threadid 46943375050496 -> core 2 - OK[0m[1;34m
[0m[1;34m	threadid 46943377151744 -> core 3 - OK[0m[1;34m
[0m[1;34m	threadid 46943379252992 -> core 4 - OK[0m[1;34m
[0m[1;34m	threadid 46943381354240 -> core 5 - OK[0m[1;34m
[0m[1;34m	threadid 46943383455488 -> core 6 - OK[0m[1;34m
[0m[1;34m	threadid 46943385556736 -> core 7 - OK[0m[1;34m
[0m[1;34m	threadid 46943387657984 -> core 8 - OK[0m[1;34m
[0m[1;34m	threadid 46943389759232 -> core 9 - OK[0m[1;34m
[0m[1;34m	threadid 46943391860480 -> core 10 - OK[0m[1;34m
[0m[1;34m	threadid 46943393961728 -> core 11 - OK[0m[1;34m
[0m[1;34m	threadid 46943396062976 -> core 12 - OK[0m[1;34m
[0m[1;34m	threadid 46943398164224 -> core 13 - OK[0m[1;34m
[0m[1;34m	threadid 46943400265472 -> core 14 - OK[0m[1;34m
[0m[1;34m	threadid 46943402366720 -> core 15 - OK[0m[1;34m
[0m[1;34m	threadid 46943404467968 -> core 16 - OK[0m[1;34m
[0m[1;34m	threadid 46943406569216 -> core 17 - OK[0m[1;34m
[0m[1;34m	threadid 46943408670464 -> core 18 - OK[0m[1;34m
[0m[1;34m	threadid 46943410771712 -> core 19 - OK[0m[1;34m
[0miterations: 100
Total iterations: 898800400 LUP
FLOP: 11
Total work: 9886804400 FLOP
performance: 1.734245 GLUP/s
Performance in GFLOP/s: 19.076700
size: 9000000
time: 0.518266
[1;34m[pthread wrapper] 
[0m[1;34m[pthread wrapper] MAIN -> 0
[0m[1;34m[pthread wrapper] PIN_MASK: [0m[1;34m0->1  [0m[1;34m1->2  [0m[1;34m2->3  [0m[1;34m3->4  [0m[1;34m4->5  [0m[1;34m5->6  [0m[1;34m6->7  [0m[1;34m7->8  [0m[1;34m8->9  [0m[1;34m9->10  [0m[1;34m10->11  [0m[1;34m11->12  [0m[1;34m12->13  [0m[1;34m13->14  [0m[1;34m14->15  [0m[1;34m15->16  [0m[1;34m16->17  [0m[1;34m17->18  [0m[1;34m18->19  [0m[1;34m
[pthread wrapper] SKIP MASK: 0x0
[0m[1;34m	threadid 47887710693120 -> core 1 - OK[0m[1;34m
[0m[1;34m	threadid 47887712794368 -> core 2 - OK[0m[1;34m
[0m[1;34m	threadid 47887714895616 -> core 3 - OK[0m[1;34m
[0m[1;34m	threadid 47887716996864 -> core 4 - OK[0m[1;34m
[0m[1;34m	threadid 47887719098112 -> core 5 - OK[0m[1;34m
[0m[1;34m	threadid 47887721199360 -> core 6 - OK[0m[1;34m
[0m[1;34m	threadid 47887723300608 -> core 7 - OK[0m[1;34m
[0m[1;34m	threadid 47887725401856 -> core 8 - OK[0m[1;34m
[0m[1;34m	threadid 47887727503104 -> core 9 - OK[0m[1;34m
[0m[1;34m	threadid 47887729604352 -> core 10 - OK[0m[1;34m
[0m[1;34m	threadid 47887731705600 -> core 11 - OK[0m[1;34m
[0m[1;34m	threadid 47887733806848 -> core 12 - OK[0m[1;34m
[0m[1;34m	threadid 47887735908096 -> core 13 - OK[0m[1;34m
[0m[1;34m	threadid 47887738009344 -> core 14 - OK[0m[1;34m
[0m[1;34m	threadid 47887740110592 -> core 15 - OK[0m[1;34m
[0m[1;34m	threadid 47887742211840 -> core 16 - OK[0m[1;34m
[0m[1;34m	threadid 47887744313088 -> core 17 - OK[0m[1;34m
[0m[1;34m	threadid 47887746414336 -> core 18 - OK[0m[1;34m
[0m[1;34m	threadid 47887748515584 -> core 19 - OK[0m[1;34m
[0miterations: 100
Total iterations: 898800400 LUP
FLOP: 11
Total work: 9886804400 FLOP
performance: 1.640198 GLUP/s
Performance in GFLOP/s: 18.042176
size: 9000000
time: 0.547983
[1;34m[pthread wrapper] 
[0m[1;34m[pthread wrapper] MAIN -> 0
[0m[1;34m[pthread wrapper] PIN_MASK: [0m[1;34m0->1  [0m[1;34m1->2  [0m[1;34m2->3  [0m[1;34m3->4  [0m[1;34m4->5  [0m[1;34m5->6  [0m[1;34m6->7  [0m[1;34m7->8  [0m[1;34m8->9  [0m[1;34m9->10  [0m[1;34m10->11  [0m[1;34m11->12  [0m[1;34m12->13  [0m[1;34m13->14  [0m[1;34m14->15  [0m[1;34m15->16  [0m[1;34m16->17  [0m[1;34m17->18  [0m[1;34m18->19  [0m[1;34m
[pthread wrapper] SKIP MASK: 0x0
[0m[1;34m	threadid 47966553343744 -> core 1 - OK[0m[1;34m
[0m[1;34m	threadid 47966555444992 -> core 2 - OK[0m[1;34m
[0m[1;34m	threadid 47966557546240 -> core 3 - OK[0m[1;34m
[0m[1;34m	threadid 47966559647488 -> core 4 - OK[0m[1;34m
[0m[1;34m	threadid 47966561748736 -> core 5 - OK[0m[1;34m
[0m[1;34m	threadid 47966563849984 -> core 6 - OK[0m[1;34m
[0m[1;34m	threadid 47966565951232 -> core 7 - OK[0m[1;34m
[0m[1;34m	threadid 47966568052480 -> core 8 - OK[0m[1;34m
[0m[1;34m	threadid 47966570153728 -> core 9 - OK[0m[1;34m
[0m[1;34m	threadid 47966572254976 -> core 10 - OK[0m[1;34m
[0m[1;34m	threadid 47966574356224 -> core 11 - OK[0m[1;34m
[0m[1;34m	threadid 47966576457472 -> core 12 - OK[0m[1;34m
[0m[1;34m	threadid 47966578558720 -> core 13 - OK[0m[1;34m
[0m[1;34m	threadid 47966580659968 -> core 14 - OK[0m[1;34m
[0m[1;34m	threadid 47966582761216 -> core 15 - OK[0m[1;34m
[0m[1;34m	threadid 47966584862464 -> core 16 - OK[0m[1;34m
[0m[1;34m	threadid 47966586963712 -> core 17 - OK[0m[1;34m
[0m[1;34m	threadid 47966589064960 -> core 18 - OK[0m[1;34m
[0m[1;34m	threadid 47966591166208 -> core 19 - OK[0m[1;34m
[0miterations: 100
Total iterations: 898800400 LUP
FLOP: 11
Total work: 9886804400 FLOP
performance: 1.729933 GLUP/s
Performance in GFLOP/s: 19.029262
size: 9000000
time: 0.519558
