[1;34m[pthread wrapper] 
[0m[1;34m[pthread wrapper] MAIN -> 0
[0m[1;34m[pthread wrapper] PIN_MASK: [0m[1;34m0->1  [0m[1;34m1->2  [0m[1;34m2->3  [0m[1;34m3->4  [0m[1;34m4->10  [0m[1;34m5->11  [0m[1;34m6->12  [0m[1;34m7->13  [0m[1;34m8->14  [0m[1;34m
[pthread wrapper] SKIP MASK: 0x0
[0m[1;34m	threadid 47993446426368 -> core 1 - OK[0m[1;34m
[0m[1;34m	threadid 47993448527616 -> core 2 - OK[0m[1;34m
[0m[1;34m	threadid 47993450628864 -> core 3 - OK[0m[1;34m
[0m[1;34m	threadid 47993452730112 -> core 4 - OK[0m[1;34m
[0m[1;34m	threadid 47993454831360 -> core 10 - OK[0m[1;34m
[0m[1;34m	threadid 47993456932608 -> core 11 - OK[0m[1;34m
[0m[1;34m	threadid 47993459033856 -> core 12 - OK[0m[1;34m
[0m[1;34m	threadid 47993461135104 -> core 13 - OK[0m[1;34m
[0m[1;34m	threadid 47993463236352 -> core 14 - OK[0m[1;34m
[0miterations: 120
Total iterations: 1078560480 LUP
FLOP: 11
Total work: 11864165280 FLOP
performance: 3.830998 GLUP/s
Performance in GFLOP/s: 42.140974
size: 9000000
time: 0.281535
[1;34m[pthread wrapper] 
[0m[1;34m[pthread wrapper] MAIN -> 0
[0m[1;34m[pthread wrapper] PIN_MASK: [0m[1;34m0->1  [0m[1;34m1->2  [0m[1;34m2->3  [0m[1;34m3->4  [0m[1;34m4->10  [0m[1;34m5->11  [0m[1;34m6->12  [0m[1;34m7->13  [0m[1;34m8->14  [0m[1;34m
[pthread wrapper] SKIP MASK: 0x0
[0m[1;34m	threadid 47928328263424 -> core 1 - OK[0m[1;34m
[0m[1;34m	threadid 47928330364672 -> core 2 - OK[0m[1;34m
[0m[1;34m	threadid 47928332465920 -> core 3 - OK[0m[1;34m
[0m[1;34m	threadid 47928334567168 -> core 4 - OK[0m[1;34m
[0m[1;34m	threadid 47928336668416 -> core 10 - OK[0m[1;34m
[0m[1;34m	threadid 47928338769664 -> core 11 - OK[0m[1;34m
[0m[1;34m	threadid 47928340870912 -> core 12 - OK[0m[1;34m
[0m[1;34m	threadid 47928342972160 -> core 13 - OK[0m[1;34m
[0m[1;34m	threadid 47928345073408 -> core 14 - OK[0m[1;34m
[0miterations: 120
Total iterations: 1078560480 LUP
FLOP: 11
Total work: 11864165280 FLOP
performance: 3.929498 GLUP/s
Performance in GFLOP/s: 43.224474
size: 9000000
time: 0.274478
[1;34m[pthread wrapper] 
[0m[1;34m[pthread wrapper] MAIN -> 0
[0m[1;34m[pthread wrapper] PIN_MASK: [0m[1;34m0->1  [0m[1;34m1->2  [0m[1;34m2->3  [0m[1;34m3->4  [0m[1;34m4->10  [0m[1;34m5->11  [0m[1;34m6->12  [0m[1;34m7->13  [0m[1;34m8->14  [0m[1;34m
[pthread wrapper] SKIP MASK: 0x0
[0m[1;34m	threadid 47735283349248 -> core 1 - OK[0m[1;34m
[0m[1;34m	threadid 47735285450496 -> core 2 - OK[0m[1;34m
[0m[1;34m	threadid 47735287551744 -> core 3 - OK[0m[1;34m
[0m[1;34m	threadid 47735289652992 -> core 4 - OK[0m[1;34m
[0m[1;34m	threadid 47735291754240 -> core 10 - OK[0m[1;34m
[0m[1;34m	threadid 47735293855488 -> core 11 - OK[0m[1;34m
[0m[1;34m	threadid 47735295956736 -> core 12 - OK[0m[1;34m
[0m[1;34m	threadid 47735298057984 -> core 13 - OK[0m[1;34m
[0m[1;34m	threadid 47735300159232 -> core 14 - OK[0m[1;34m
[0miterations: 120
Total iterations: 1078560480 LUP
FLOP: 11
Total work: 11864165280 FLOP
performance: 3.882213 GLUP/s
Performance in GFLOP/s: 42.704340
size: 9000000
time: 0.277821
[1;34m[pthread wrapper] 
[0m[1;34m[pthread wrapper] MAIN -> 0
[0m[1;34m[pthread wrapper] PIN_MASK: [0m[1;34m0->1  [0m[1;34m1->2  [0m[1;34m2->3  [0m[1;34m3->4  [0m[1;34m4->10  [0m[1;34m5->11  [0m[1;34m6->12  [0m[1;34m7->13  [0m[1;34m8->14  [0m[1;34m
[pthread wrapper] SKIP MASK: 0x0
[0m[1;34m	threadid 47443658573568 -> core 1 - OK[0m[1;34m
[0m[1;34m	threadid 47443660674816 -> core 2 - OK[0m[1;34m
[0m[1;34m	threadid 47443662776064 -> core 3 - OK[0m[1;34m
[0m[1;34m	threadid 47443664877312 -> core 4 - OK[0m[1;34m
[0m[1;34m	threadid 47443666978560 -> core 10 - OK[0m[1;34m
[0m[1;34m	threadid 47443669079808 -> core 11 - OK[0m[1;34m
[0m[1;34m	threadid 47443671181056 -> core 12 - OK[0m[1;34m
[0m[1;34m	threadid 47443673282304 -> core 13 - OK[0m[1;34m
[0m[1;34m	threadid 47443675383552 -> core 14 - OK[0m[1;34m
[0miterations: 120
Total iterations: 1078560480 LUP
FLOP: 11
Total work: 11864165280 FLOP
performance: 3.917608 GLUP/s
Performance in GFLOP/s: 43.093685
size: 9000000
time: 0.275311
[1;34m[pthread wrapper] 
[0m[1;34m[pthread wrapper] MAIN -> 0
[0m[1;34m[pthread wrapper] PIN_MASK: [0m[1;34m0->1  [0m[1;34m1->2  [0m[1;34m2->3  [0m[1;34m3->4  [0m[1;34m4->10  [0m[1;34m5->11  [0m[1;34m6->12  [0m[1;34m7->13  [0m[1;34m8->14  [0m[1;34m
[pthread wrapper] SKIP MASK: 0x0
[0m[1;34m	threadid 47959780800256 -> core 1 - OK[0m[1;34m
[0m[1;34m	threadid 47959782901504 -> core 2 - OK[0m[1;34m
[0m[1;34m	threadid 47959785002752 -> core 3 - OK[0m[1;34m
[0m[1;34m	threadid 47959787104000 -> core 4 - OK[0m[1;34m
[0m[1;34m	threadid 47959789205248 -> core 10 - OK[0m[1;34m
[0m[1;34m	threadid 47959791306496 -> core 11 - OK[0m[1;34m
[0m[1;34m	threadid 47959793407744 -> core 12 - OK[0m[1;34m
[0m[1;34m	threadid 47959795508992 -> core 13 - OK[0m[1;34m
[0m[1;34m	threadid 47959797610240 -> core 14 - OK[0m[1;34m
[0miterations: 120
Total iterations: 1078560480 LUP
FLOP: 11
Total work: 11864165280 FLOP
performance: 3.819602 GLUP/s
Performance in GFLOP/s: 42.015622
size: 9000000
time: 0.282375
[1;34m[pthread wrapper] 
[0m[1;34m[pthread wrapper] MAIN -> 0
[0m[1;34m[pthread wrapper] PIN_MASK: [0m[1;34m0->1  [0m[1;34m1->2  [0m[1;34m2->3  [0m[1;34m3->4  [0m[1;34m4->10  [0m[1;34m5->11  [0m[1;34m6->12  [0m[1;34m7->13  [0m[1;34m8->14  [0m[1;34m
[pthread wrapper] SKIP MASK: 0x0
[0m[1;34m	threadid 47795915802368 -> core 1 - OK[0m[1;34m
[0m[1;34m	threadid 47795917903616 -> core 2 - OK[0m[1;34m
[0m[1;34m	threadid 47795920004864 -> core 3 - OK[0m[1;34m
[0m[1;34m	threadid 47795922106112 -> core 4 - OK[0m[1;34m
[0m[1;34m	threadid 47795924207360 -> core 10 - OK[0m[1;34m
[0m[1;34m	threadid 47795926308608 -> core 11 - OK[0m[1;34m
[0m[1;34m	threadid 47795928409856 -> core 12 - OK[0m[1;34m
[0m[1;34m	threadid 47795930511104 -> core 13 - OK[0m[1;34m
[0m[1;34m	threadid 47795932612352 -> core 14 - OK[0m[1;34m
[0miterations: 120
Total iterations: 1078560480 LUP
FLOP: 11
Total work: 11864165280 FLOP
performance: 3.814336 GLUP/s
Performance in GFLOP/s: 41.957700
size: 9000000
time: 0.282765
[1;34m[pthread wrapper] 
[0m[1;34m[pthread wrapper] MAIN -> 0
[0m[1;34m[pthread wrapper] PIN_MASK: [0m[1;34m0->1  [0m[1;34m1->2  [0m[1;34m2->3  [0m[1;34m3->4  [0m[1;34m4->10  [0m[1;34m5->11  [0m[1;34m6->12  [0m[1;34m7->13  [0m[1;34m8->14  [0m[1;34m
[pthread wrapper] SKIP MASK: 0x0
[0m[1;34m	threadid 47900200359680 -> core 1 - OK[0m[1;34m
[0m[1;34m	threadid 47900202460928 -> core 2 - OK[0m[1;34m
[0m[1;34m	threadid 47900204562176 -> core 3 - OK[0m[1;34m
[0m[1;34m	threadid 47900206663424 -> core 4 - OK[0m[1;34m
[0m[1;34m	threadid 47900208764672 -> core 10 - OK[0m[1;34m
[0m[1;34m	threadid 47900210865920 -> core 11 - OK[0m[1;34m
[0m[1;34m	threadid 47900212967168 -> core 12 - OK[0m[1;34m
[0m[1;34m	threadid 47900215068416 -> core 13 - OK[0m[1;34m
[0m[1;34m	threadid 47900217169664 -> core 14 - OK[0m[1;34m
[0miterations: 120
Total iterations: 1078560480 LUP
FLOP: 11
Total work: 11864165280 FLOP
performance: 3.916512 GLUP/s
Performance in GFLOP/s: 43.081635
size: 9000000
time: 0.275388
[1;34m[pthread wrapper] 
[0m[1;34m[pthread wrapper] MAIN -> 0
[0m[1;34m[pthread wrapper] PIN_MASK: [0m[1;34m0->1  [0m[1;34m1->2  [0m[1;34m2->3  [0m[1;34m3->4  [0m[1;34m4->10  [0m[1;34m5->11  [0m[1;34m6->12  [0m[1;34m7->13  [0m[1;34m8->14  [0m[1;34m
[pthread wrapper] SKIP MASK: 0x0
[0m[1;34m	threadid 47890159687424 -> core 1 - OK[0m[1;34m
[0m[1;34m	threadid 47890161788672 -> core 2 - OK[0m[1;34m
[0m[1;34m	threadid 47890163889920 -> core 3 - OK[0m[1;34m
[0m[1;34m	threadid 47890165991168 -> core 4 - OK[0m[1;34m
[0m[1;34m	threadid 47890168092416 -> core 10 - OK[0m[1;34m
[0m[1;34m	threadid 47890170193664 -> core 11 - OK[0m[1;34m
[0m[1;34m	threadid 47890172294912 -> core 12 - OK[0m[1;34m
[0m[1;34m	threadid 47890174396160 -> core 13 - OK[0m[1;34m
[0m[1;34m	threadid 47890176497408 -> core 14 - OK[0m[1;34m
[0miterations: 120
Total iterations: 1078560480 LUP
FLOP: 11
Total work: 11864165280 FLOP
performance: 3.824982 GLUP/s
Performance in GFLOP/s: 42.074807
size: 9000000
time: 0.281978
[1;34m[pthread wrapper] 
[0m[1;34m[pthread wrapper] MAIN -> 0
[0m[1;34m[pthread wrapper] PIN_MASK: [0m[1;34m0->1  [0m[1;34m1->2  [0m[1;34m2->3  [0m[1;34m3->4  [0m[1;34m4->10  [0m[1;34m5->11  [0m[1;34m6->12  [0m[1;34m7->13  [0m[1;34m8->14  [0m[1;34m
[pthread wrapper] SKIP MASK: 0x0
[0m[1;34m	threadid 47628962842368 -> core 1 - OK[0m[1;34m
[0m[1;34m	threadid 47628964943616 -> core 2 - OK[0m[1;34m
[0m[1;34m	threadid 47628967044864 -> core 3 - OK[0m[1;34m
[0m[1;34m	threadid 47628969146112 -> core 4 - OK[0m[1;34m
[0m[1;34m	threadid 47628971247360 -> core 10 - OK[0m[1;34m
[0m[1;34m	threadid 47628973348608 -> core 11 - OK[0m[1;34m
[0m[1;34m	threadid 47628975449856 -> core 12 - OK[0m[1;34m
[0m[1;34m	threadid 47628977551104 -> core 13 - OK[0m[1;34m
[0m[1;34m	threadid 47628979652352 -> core 14 - OK[0m[1;34m
[0miterations: 120
Total iterations: 1078560480 LUP
FLOP: 11
Total work: 11864165280 FLOP
performance: 3.928494 GLUP/s
Performance in GFLOP/s: 43.213438
size: 9000000
time: 0.274548
[1;34m[pthread wrapper] 
[0m[1;34m[pthread wrapper] MAIN -> 0
[0m[1;34m[pthread wrapper] PIN_MASK: [0m[1;34m0->1  [0m[1;34m1->2  [0m[1;34m2->3  [0m[1;34m3->4  [0m[1;34m4->10  [0m[1;34m5->11  [0m[1;34m6->12  [0m[1;34m7->13  [0m[1;34m8->14  [0m[1;34m
[pthread wrapper] SKIP MASK: 0x0
[0m[1;34m	threadid 46962155718400 -> core 1 - OK[0m[1;34m
[0m[1;34m	threadid 46962157819648 -> core 2 - OK[0m[1;34m
[0m[1;34m	threadid 46962159920896 -> core 3 - OK[0m[1;34m
[0m[1;34m	threadid 46962162022144 -> core 4 - OK[0m[1;34m
[0m[1;34m	threadid 46962164123392 -> core 10 - OK[0m[1;34m
[0m[1;34m	threadid 46962166224640 -> core 11 - OK[0m[1;34m
[0m[1;34m	threadid 46962168325888 -> core 12 - OK[0m[1;34m
[0m[1;34m	threadid 46962170427136 -> core 13 - OK[0m[1;34m
[0m[1;34m	threadid 46962172528384 -> core 14 - OK[0m[1;34m
[0miterations: 120
Total iterations: 1078560480 LUP
FLOP: 11
Total work: 11864165280 FLOP
performance: 3.893553 GLUP/s
Performance in GFLOP/s: 42.829086
size: 9000000
time: 0.277012
