[1;34m[pthread wrapper] 
[0m[1;34m[pthread wrapper] MAIN -> 0
[0m[1;34m[pthread wrapper] PIN_MASK: [0m[1;34m0->1  [0m[1;34m1->2  [0m[1;34m2->3  [0m[1;34m3->4  [0m[1;34m4->5  [0m[1;34m5->6  [0m[1;34m6->7  [0m[1;34m7->10  [0m[1;34m8->11  [0m[1;34m9->12  [0m[1;34m10->13  [0m[1;34m11->14  [0m[1;34m12->15  [0m[1;34m13->16  [0m[1;34m14->17  [0m[1;34m
[pthread wrapper] SKIP MASK: 0x0
[0m[1;34m	threadid 47956453672704 -> core 1 - OK[0m[1;34m
[0m[1;34m	threadid 47956455773952 -> core 2 - OK[0m[1;34m
[0m[1;34m	threadid 47956457875200 -> core 3 - OK[0m[1;34m
[0m[1;34m	threadid 47956459976448 -> core 4 - OK[0m[1;34m
[0m[1;34m	threadid 47956462077696 -> core 5 - OK[0m[1;34m
[0m[1;34m	threadid 47956464178944 -> core 6 - OK[0m[1;34m
[0m[1;34m	threadid 47956466280192 -> core 7 - OK[0m[1;34m
[0m[1;34m	threadid 47956468381440 -> core 10 - OK[0m[1;34m
[0m[1;34m	threadid 47956470482688 -> core 11 - OK[0m[1;34m
[0m[1;34m	threadid 47956472583936 -> core 12 - OK[0m[1;34m
[0m[1;34m	threadid 47956474685184 -> core 13 - OK[0m[1;34m
[0m[1;34m	threadid 47956476786432 -> core 14 - OK[0m[1;34m
[0m[1;34m	threadid 47956478887680 -> core 15 - OK[0m[1;34m
[0m[1;34m	threadid 47956480988928 -> core 16 - OK[0m[1;34m
[0m[1;34m	threadid 47956483090176 -> core 17 - OK[0m[1;34m
[0miterations: 200
Total iterations: 1797600800 LUP
FLOP: 11
Total work: 19773608800 FLOP
performance: 4.166504 GLUP/s
Performance in GFLOP/s: 45.831540
size: 9000000
time: 0.431441
[1;34m[pthread wrapper] 
[0m[1;34m[pthread wrapper] MAIN -> 0
[0m[1;34m[pthread wrapper] PIN_MASK: [0m[1;34m0->1  [0m[1;34m1->2  [0m[1;34m2->3  [0m[1;34m3->4  [0m[1;34m4->5  [0m[1;34m5->6  [0m[1;34m6->7  [0m[1;34m7->10  [0m[1;34m8->11  [0m[1;34m9->12  [0m[1;34m10->13  [0m[1;34m11->14  [0m[1;34m12->15  [0m[1;34m13->16  [0m[1;34m14->17  [0m[1;34m
[pthread wrapper] SKIP MASK: 0x0
[0m[1;34m	threadid 47631033952000 -> core 1 - OK[0m[1;34m
[0m[1;34m	threadid 47631036053248 -> core 2 - OK[0m[1;34m
[0m[1;34m	threadid 47631038154496 -> core 3 - OK[0m[1;34m
[0m[1;34m	threadid 47631040255744 -> core 4 - OK[0m[1;34m
[0m[1;34m	threadid 47631042356992 -> core 5 - OK[0m[1;34m
[0m[1;34m	threadid 47631044458240 -> core 6 - OK[0m[1;34m
[0m[1;34m	threadid 47631046559488 -> core 7 - OK[0m[1;34m
[0m[1;34m	threadid 47631048660736 -> core 10 - OK[0m[1;34m
[0m[1;34m	threadid 47631050761984 -> core 11 - OK[0m[1;34m
[0m[1;34m	threadid 47631052863232 -> core 12 - OK[0m[1;34m
[0m[1;34m	threadid 47631054964480 -> core 13 - OK[0m[1;34m
[0m[1;34m	threadid 47631057065728 -> core 14 - OK[0m[1;34m
[0m[1;34m	threadid 47631059166976 -> core 15 - OK[0m[1;34m
[0m[1;34m	threadid 47631061268224 -> core 16 - OK[0m[1;34m
[0m[1;34m	threadid 47631063369472 -> core 17 - OK[0m[1;34m
[0miterations: 200
Total iterations: 1797600800 LUP
FLOP: 11
Total work: 19773608800 FLOP
performance: 4.220593 GLUP/s
Performance in GFLOP/s: 46.426523
size: 9000000
time: 0.425912
[1;34m[pthread wrapper] 
[0m[1;34m[pthread wrapper] MAIN -> 0
[0m[1;34m[pthread wrapper] PIN_MASK: [0m[1;34m0->1  [0m[1;34m1->2  [0m[1;34m2->3  [0m[1;34m3->4  [0m[1;34m4->5  [0m[1;34m5->6  [0m[1;34m6->7  [0m[1;34m7->10  [0m[1;34m8->11  [0m[1;34m9->12  [0m[1;34m10->13  [0m[1;34m11->14  [0m[1;34m12->15  [0m[1;34m13->16  [0m[1;34m14->17  [0m[1;34m
[pthread wrapper] SKIP MASK: 0x0
[0m[1;34m	threadid 46999927617280 -> core 1 - OK[0m[1;34m
[0m[1;34m	threadid 46999929718528 -> core 2 - OK[0m[1;34m
[0m[1;34m	threadid 46999931819776 -> core 3 - OK[0m[1;34m
[0m[1;34m	threadid 46999933921024 -> core 4 - OK[0m[1;34m
[0m[1;34m	threadid 46999936022272 -> core 5 - OK[0m[1;34m
[0m[1;34m	threadid 46999938123520 -> core 6 - OK[0m[1;34m
[0m[1;34m	threadid 46999940224768 -> core 7 - OK[0m[1;34m
[0m[1;34m	threadid 46999942326016 -> core 10 - OK[0m[1;34m
[0m[1;34m	threadid 46999944427264 -> core 11 - OK[0m[1;34m
[0m[1;34m	threadid 46999946528512 -> core 12 - OK[0m[1;34m
[0m[1;34m	threadid 46999948629760 -> core 13 - OK[0m[1;34m
[0m[1;34m	threadid 46999950731008 -> core 14 - OK[0m[1;34m
[0m[1;34m	threadid 46999952832256 -> core 15 - OK[0m[1;34m
[0m[1;34m	threadid 46999954933504 -> core 16 - OK[0m[1;34m
[0m[1;34m	threadid 46999957034752 -> core 17 - OK[0m[1;34m
[0miterations: 200
Total iterations: 1797600800 LUP
FLOP: 11
Total work: 19773608800 FLOP
performance: 4.197423 GLUP/s
Performance in GFLOP/s: 46.171654
size: 9000000
time: 0.428263
[1;34m[pthread wrapper] 
[0m[1;34m[pthread wrapper] MAIN -> 0
[0m[1;34m[pthread wrapper] PIN_MASK: [0m[1;34m0->1  [0m[1;34m1->2  [0m[1;34m2->3  [0m[1;34m3->4  [0m[1;34m4->5  [0m[1;34m5->6  [0m[1;34m6->7  [0m[1;34m7->10  [0m[1;34m8->11  [0m[1;34m9->12  [0m[1;34m10->13  [0m[1;34m11->14  [0m[1;34m12->15  [0m[1;34m13->16  [0m[1;34m14->17  [0m[1;34m
[pthread wrapper] SKIP MASK: 0x0
[0m[1;34m	threadid 47461448394496 -> core 1 - OK[0m[1;34m
[0m[1;34m	threadid 47461450495744 -> core 2 - OK[0m[1;34m
[0m[1;34m	threadid 47461452596992 -> core 3 - OK[0m[1;34m
[0m[1;34m	threadid 47461454698240 -> core 4 - OK[0m[1;34m
[0m[1;34m	threadid 47461456799488 -> core 5 - OK[0m[1;34m
[0m[1;34m	threadid 47461458900736 -> core 6 - OK[0m[1;34m
[0m[1;34m	threadid 47461461001984 -> core 7 - OK[0m[1;34m
[0m[1;34m	threadid 47461463103232 -> core 10 - OK[0m[1;34m
[0m[1;34m	threadid 47461465204480 -> core 11 - OK[0m[1;34m
[0m[1;34m	threadid 47461467305728 -> core 12 - OK[0m[1;34m
[0m[1;34m	threadid 47461469406976 -> core 13 - OK[0m[1;34m
[0m[1;34m	threadid 47461471508224 -> core 14 - OK[0m[1;34m
[0m[1;34m	threadid 47461473609472 -> core 15 - OK[0m[1;34m
[0m[1;34m	threadid 47461475710720 -> core 16 - OK[0m[1;34m
[0m[1;34m	threadid 47461477811968 -> core 17 - OK[0m[1;34m
[0miterations: 200
Total iterations: 1797600800 LUP
FLOP: 11
Total work: 19773608800 FLOP
performance: 4.270058 GLUP/s
Performance in GFLOP/s: 46.970639
size: 9000000
time: 0.420978
[1;34m[pthread wrapper] 
[0m[1;34m[pthread wrapper] MAIN -> 0
[0m[1;34m[pthread wrapper] PIN_MASK: [0m[1;34m0->1  [0m[1;34m1->2  [0m[1;34m2->3  [0m[1;34m3->4  [0m[1;34m4->5  [0m[1;34m5->6  [0m[1;34m6->7  [0m[1;34m7->10  [0m[1;34m8->11  [0m[1;34m9->12  [0m[1;34m10->13  [0m[1;34m11->14  [0m[1;34m12->15  [0m[1;34m13->16  [0m[1;34m14->17  [0m[1;34m
[pthread wrapper] SKIP MASK: 0x0
[0m[1;34m	threadid 47187219035904 -> core 1 - OK[0m[1;34m
[0m[1;34m	threadid 47187221137152 -> core 2 - OK[0m[1;34m
[0m[1;34m	threadid 47187223238400 -> core 3 - OK[0m[1;34m
[0m[1;34m	threadid 47187225339648 -> core 4 - OK[0m[1;34m
[0m[1;34m	threadid 47187227440896 -> core 5 - OK[0m[1;34m
[0m[1;34m	threadid 47187229542144 -> core 6 - OK[0m[1;34m
[0m[1;34m	threadid 47187231643392 -> core 7 - OK[0m[1;34m
[0m[1;34m	threadid 47187233744640 -> core 10 - OK[0m[1;34m
[0m[1;34m	threadid 47187235845888 -> core 11 - OK[0m[1;34m
[0m[1;34m	threadid 47187237947136 -> core 12 - OK[0m[1;34m
[0m[1;34m	threadid 47187240048384 -> core 13 - OK[0m[1;34m
[0m[1;34m	threadid 47187242149632 -> core 14 - OK[0m[1;34m
[0m[1;34m	threadid 47187244250880 -> core 15 - OK[0m[1;34m
[0m[1;34m	threadid 47187246352128 -> core 16 - OK[0m[1;34m
[0m[1;34m	threadid 47187248453376 -> core 17 - OK[0m[1;34m
[0miterations: 200
Total iterations: 1797600800 LUP
FLOP: 11
Total work: 19773608800 FLOP
performance: 4.145059 GLUP/s
Performance in GFLOP/s: 45.595650
size: 9000000
time: 0.433673
[1;34m[pthread wrapper] 
[0m[1;34m[pthread wrapper] MAIN -> 0
[0m[1;34m[pthread wrapper] PIN_MASK: [0m[1;34m0->1  [0m[1;34m1->2  [0m[1;34m2->3  [0m[1;34m3->4  [0m[1;34m4->5  [0m[1;34m5->6  [0m[1;34m6->7  [0m[1;34m7->10  [0m[1;34m8->11  [0m[1;34m9->12  [0m[1;34m10->13  [0m[1;34m11->14  [0m[1;34m12->15  [0m[1;34m13->16  [0m[1;34m14->17  [0m[1;34m
[pthread wrapper] SKIP MASK: 0x0
[0m[1;34m	threadid 47013352924928 -> core 1 - OK[0m[1;34m
[0m[1;34m	threadid 47013355026176 -> core 2 - OK[0m[1;34m
[0m[1;34m	threadid 47013357127424 -> core 3 - OK[0m[1;34m
[0m[1;34m	threadid 47013359228672 -> core 4 - OK[0m[1;34m
[0m[1;34m	threadid 47013361329920 -> core 5 - OK[0m[1;34m
[0m[1;34m	threadid 47013363431168 -> core 6 - OK[0m[1;34m
[0m[1;34m	threadid 47013365532416 -> core 7 - OK[0m[1;34m
[0m[1;34m	threadid 47013367633664 -> core 10 - OK[0m[1;34m
[0m[1;34m	threadid 47013369734912 -> core 11 - OK[0m[1;34m
[0m[1;34m	threadid 47013371836160 -> core 12 - OK[0m[1;34m
[0m[1;34m	threadid 47013373937408 -> core 13 - OK[0m[1;34m
[0m[1;34m	threadid 47013376038656 -> core 14 - OK[0m[1;34m
[0m[1;34m	threadid 47013378139904 -> core 15 - OK[0m[1;34m
[0m[1;34m	threadid 47013380241152 -> core 16 - OK[0m[1;34m
[0m[1;34m	threadid 47013382342400 -> core 17 - OK[0m[1;34m
[0miterations: 200
Total iterations: 1797600800 LUP
FLOP: 11
Total work: 19773608800 FLOP
performance: 4.121170 GLUP/s
Performance in GFLOP/s: 45.332868
size: 9000000
time: 0.436187
[1;34m[pthread wrapper] 
[0m[1;34m[pthread wrapper] MAIN -> 0
[0m[1;34m[pthread wrapper] PIN_MASK: [0m[1;34m0->1  [0m[1;34m1->2  [0m[1;34m2->3  [0m[1;34m3->4  [0m[1;34m4->5  [0m[1;34m5->6  [0m[1;34m6->7  [0m[1;34m7->10  [0m[1;34m8->11  [0m[1;34m9->12  [0m[1;34m10->13  [0m[1;34m11->14  [0m[1;34m12->15  [0m[1;34m13->16  [0m[1;34m14->17  [0m[1;34m
[pthread wrapper] SKIP MASK: 0x0
[0m[1;34m	threadid 47885898843904 -> core 1 - OK[0m[1;34m
[0m[1;34m	threadid 47885900945152 -> core 2 - OK[0m[1;34m
[0m[1;34m	threadid 47885903046400 -> core 3 - OK[0m[1;34m
[0m[1;34m	threadid 47885905147648 -> core 4 - OK[0m[1;34m
[0m[1;34m	threadid 47885907248896 -> core 5 - OK[0m[1;34m
[0m[1;34m	threadid 47885909350144 -> core 6 - OK[0m[1;34m
[0m[1;34m	threadid 47885911451392 -> core 7 - OK[0m[1;34m
[0m[1;34m	threadid 47885913552640 -> core 10 - OK[0m[1;34m
[0m[1;34m	threadid 47885915653888 -> core 11 - OK[0m[1;34m
[0m[1;34m	threadid 47885917755136 -> core 12 - OK[0m[1;34m
[0m[1;34m	threadid 47885919856384 -> core 13 - OK[0m[1;34m
[0m[1;34m	threadid 47885921957632 -> core 14 - OK[0m[1;34m
[0m[1;34m	threadid 47885924058880 -> core 15 - OK[0m[1;34m
[0m[1;34m	threadid 47885926160128 -> core 16 - OK[0m[1;34m
[0m[1;34m	threadid 47885928261376 -> core 17 - OK[0m[1;34m
[0miterations: 200
Total iterations: 1797600800 LUP
FLOP: 11
Total work: 19773608800 FLOP
performance: 4.226844 GLUP/s
Performance in GFLOP/s: 46.495287
size: 9000000
time: 0.425282
[1;34m[pthread wrapper] 
[0m[1;34m[pthread wrapper] MAIN -> 0
[0m[1;34m[pthread wrapper] PIN_MASK: [0m[1;34m0->1  [0m[1;34m1->2  [0m[1;34m2->3  [0m[1;34m3->4  [0m[1;34m4->5  [0m[1;34m5->6  [0m[1;34m6->7  [0m[1;34m7->10  [0m[1;34m8->11  [0m[1;34m9->12  [0m[1;34m10->13  [0m[1;34m11->14  [0m[1;34m12->15  [0m[1;34m13->16  [0m[1;34m14->17  [0m[1;34m
[pthread wrapper] SKIP MASK: 0x0
[0m[1;34m	threadid 47620357752576 -> core 1 - OK[0m[1;34m
[0m[1;34m	threadid 47620359853824 -> core 2 - OK[0m[1;34m
[0m[1;34m	threadid 47620361955072 -> core 3 - OK[0m[1;34m
[0m[1;34m	threadid 47620364056320 -> core 4 - OK[0m[1;34m
[0m[1;34m	threadid 47620366157568 -> core 5 - OK[0m[1;34m
[0m[1;34m	threadid 47620368258816 -> core 6 - OK[0m[1;34m
[0m[1;34m	threadid 47620370360064 -> core 7 - OK[0m[1;34m
[0m[1;34m	threadid 47620372461312 -> core 10 - OK[0m[1;34m
[0m[1;34m	threadid 47620374562560 -> core 11 - OK[0m[1;34m
[0m[1;34m	threadid 47620376663808 -> core 12 - OK[0m[1;34m
[0m[1;34m	threadid 47620378765056 -> core 13 - OK[0m[1;34m
[0m[1;34m	threadid 47620380866304 -> core 14 - OK[0m[1;34m
[0m[1;34m	threadid 47620382967552 -> core 15 - OK[0m[1;34m
[0m[1;34m	threadid 47620385068800 -> core 16 - OK[0m[1;34m
[0m[1;34m	threadid 47620387170048 -> core 17 - OK[0m[1;34m
[0miterations: 200
Total iterations: 1797600800 LUP
FLOP: 11
Total work: 19773608800 FLOP
performance: 4.148476 GLUP/s
Performance in GFLOP/s: 45.633231
size: 9000000
time: 0.433316
[1;34m[pthread wrapper] 
[0m[1;34m[pthread wrapper] MAIN -> 0
[0m[1;34m[pthread wrapper] PIN_MASK: [0m[1;34m0->1  [0m[1;34m1->2  [0m[1;34m2->3  [0m[1;34m3->4  [0m[1;34m4->5  [0m[1;34m5->6  [0m[1;34m6->7  [0m[1;34m7->10  [0m[1;34m8->11  [0m[1;34m9->12  [0m[1;34m10->13  [0m[1;34m11->14  [0m[1;34m12->15  [0m[1;34m13->16  [0m[1;34m14->17  [0m[1;34m
[pthread wrapper] SKIP MASK: 0x0
[0m[1;34m	threadid 47153043232512 -> core 1 - OK[0m[1;34m
[0m[1;34m	threadid 47153045333760 -> core 2 - OK[0m[1;34m
[0m[1;34m	threadid 47153047435008 -> core 3 - OK[0m[1;34m
[0m[1;34m	threadid 47153049536256 -> core 4 - OK[0m[1;34m
[0m[1;34m	threadid 47153051637504 -> core 5 - OK[0m[1;34m
[0m[1;34m	threadid 47153053738752 -> core 6 - OK[0m[1;34m
[0m[1;34m	threadid 47153055840000 -> core 7 - OK[0m[1;34m
[0m[1;34m	threadid 47153057941248 -> core 10 - OK[0m[1;34m
[0m[1;34m	threadid 47153060042496 -> core 11 - OK[0m[1;34m
[0m[1;34m	threadid 47153062143744 -> core 12 - OK[0m[1;34m
[0m[1;34m	threadid 47153064244992 -> core 13 - OK[0m[1;34m
[0m[1;34m	threadid 47153066346240 -> core 14 - OK[0m[1;34m
[0m[1;34m	threadid 47153068447488 -> core 15 - OK[0m[1;34m
[0m[1;34m	threadid 47153070548736 -> core 16 - OK[0m[1;34m
[0m[1;34m	threadid 47153072649984 -> core 17 - OK[0m[1;34m
[0miterations: 200
Total iterations: 1797600800 LUP
FLOP: 11
Total work: 19773608800 FLOP
performance: 4.119875 GLUP/s
Performance in GFLOP/s: 45.318624
size: 9000000
time: 0.436324
[1;34m[pthread wrapper] 
[0m[1;34m[pthread wrapper] MAIN -> 0
[0m[1;34m[pthread wrapper] PIN_MASK: [0m[1;34m0->1  [0m[1;34m1->2  [0m[1;34m2->3  [0m[1;34m3->4  [0m[1;34m4->5  [0m[1;34m5->6  [0m[1;34m6->7  [0m[1;34m7->10  [0m[1;34m8->11  [0m[1;34m9->12  [0m[1;34m10->13  [0m[1;34m11->14  [0m[1;34m12->15  [0m[1;34m13->16  [0m[1;34m14->17  [0m[1;34m
[pthread wrapper] SKIP MASK: 0x0
[0m[1;34m	threadid 47938737850112 -> core 1 - OK[0m[1;34m
[0m[1;34m	threadid 47938739951360 -> core 2 - OK[0m[1;34m
[0m[1;34m	threadid 47938742052608 -> core 3 - OK[0m[1;34m
[0m[1;34m	threadid 47938744153856 -> core 4 - OK[0m[1;34m
[0m[1;34m	threadid 47938746255104 -> core 5 - OK[0m[1;34m
[0m[1;34m	threadid 47938748356352 -> core 6 - OK[0m[1;34m
[0m[1;34m	threadid 47938750457600 -> core 7 - OK[0m[1;34m
[0m[1;34m	threadid 47938752558848 -> core 10 - OK[0m[1;34m
[0m[1;34m	threadid 47938754660096 -> core 11 - OK[0m[1;34m
[0m[1;34m	threadid 47938756761344 -> core 12 - OK[0m[1;34m
[0m[1;34m	threadid 47938758862592 -> core 13 - OK[0m[1;34m
[0m[1;34m	threadid 47938760963840 -> core 14 - OK[0m[1;34m
[0m[1;34m	threadid 47938763065088 -> core 15 - OK[0m[1;34m
[0m[1;34m	threadid 47938765166336 -> core 16 - OK[0m[1;34m
[0m[1;34m	threadid 47938767267584 -> core 17 - OK[0m[1;34m
[0miterations: 200
Total iterations: 1797600800 LUP
FLOP: 11
Total work: 19773608800 FLOP
performance: 4.185677 GLUP/s
Performance in GFLOP/s: 46.042442
size: 9000000
time: 0.429465
