[1;34m[pthread wrapper] 
[0m[1;34m[pthread wrapper] MAIN -> 0
[0m[1;34m[pthread wrapper] PIN_MASK: [0m[1;34m0->1  [0m[1;34m1->2  [0m[1;34m2->3  [0m[1;34m3->10  [0m[1;34m4->11  [0m[1;34m5->12  [0m[1;34m6->13  [0m[1;34m
[pthread wrapper] SKIP MASK: 0x0
[0m[1;34m	threadid 47709014439680 -> core 1 - OK[0m[1;34m
[0m[1;34m	threadid 47709016540928 -> core 2 - OK[0m[1;34m
[0m[1;34m	threadid 47709018642176 -> core 3 - OK[0m[1;34m
[0m[1;34m	threadid 47709020743424 -> core 10 - OK[0m[1;34m
[0m[1;34m	threadid 47709022844672 -> core 11 - OK[0m[1;34m
[0m[1;34m	threadid 47709024945920 -> core 12 - OK[0m[1;34m
[0m[1;34m	threadid 47709027047168 -> core 13 - OK[0m[1;34m
[0miterations: 120
Total iterations: 1078560480 LUP
FLOP: 11
Total work: 11864165280 FLOP
performance: 3.555756 GLUP/s
Performance in GFLOP/s: 39.113316
size: 9000000
time: 0.303328
[1;34m[pthread wrapper] 
[0m[1;34m[pthread wrapper] MAIN -> 0
[0m[1;34m[pthread wrapper] PIN_MASK: [0m[1;34m0->1  [0m[1;34m1->2  [0m[1;34m2->3  [0m[1;34m3->10  [0m[1;34m4->11  [0m[1;34m5->12  [0m[1;34m6->13  [0m[1;34m
[pthread wrapper] SKIP MASK: 0x0
[0m[1;34m	threadid 47555194517248 -> core 1 - OK[0m[1;34m
[0m[1;34m	threadid 47555196618496 -> core 2 - OK[0m[1;34m
[0m[1;34m	threadid 47555198719744 -> core 3 - OK[0m[1;34m
[0m[1;34m	threadid 47555200820992 -> core 10 - OK[0m[1;34m
[0m[1;34m	threadid 47555202922240 -> core 11 - OK[0m[1;34m
[0m[1;34m	threadid 47555205023488 -> core 12 - OK[0m[1;34m
[0m[1;34m	threadid 47555207124736 -> core 13 - OK[0m[1;34m
[0miterations: 120
Total iterations: 1078560480 LUP
FLOP: 11
Total work: 11864165280 FLOP
performance: 3.489356 GLUP/s
Performance in GFLOP/s: 38.382916
size: 9000000
time: 0.309100
[1;34m[pthread wrapper] 
[0m[1;34m[pthread wrapper] MAIN -> 0
[0m[1;34m[pthread wrapper] PIN_MASK: [0m[1;34m0->1  [0m[1;34m1->2  [0m[1;34m2->3  [0m[1;34m3->10  [0m[1;34m4->11  [0m[1;34m5->12  [0m[1;34m6->13  [0m[1;34m
[pthread wrapper] SKIP MASK: 0x0
[0m[1;34m	threadid 47574053553920 -> core 1 - OK[0m[1;34m
[0m[1;34m	threadid 47574055655168 -> core 2 - OK[0m[1;34m
[0m[1;34m	threadid 47574057756416 -> core 3 - OK[0m[1;34m
[0m[1;34m	threadid 47574059857664 -> core 10 - OK[0m[1;34m
[0m[1;34m	threadid 47574061958912 -> core 11 - OK[0m[1;34m
[0m[1;34m	threadid 47574064060160 -> core 12 - OK[0m[1;34m
[0m[1;34m	threadid 47574066161408 -> core 13 - OK[0m[1;34m
[0miterations: 120
Total iterations: 1078560480 LUP
FLOP: 11
Total work: 11864165280 FLOP
performance: 3.508859 GLUP/s
Performance in GFLOP/s: 38.597449
size: 9000000
time: 0.307382
[1;34m[pthread wrapper] 
[0m[1;34m[pthread wrapper] MAIN -> 0
[0m[1;34m[pthread wrapper] PIN_MASK: [0m[1;34m0->1  [0m[1;34m1->2  [0m[1;34m2->3  [0m[1;34m3->10  [0m[1;34m4->11  [0m[1;34m5->12  [0m[1;34m6->13  [0m[1;34m
[pthread wrapper] SKIP MASK: 0x0
[0m[1;34m	threadid 47365332072192 -> core 1 - OK[0m[1;34m
[0m[1;34m	threadid 47365334173440 -> core 2 - OK[0m[1;34m
[0m[1;34m	threadid 47365336274688 -> core 3 - OK[0m[1;34m
[0m[1;34m	threadid 47365338375936 -> core 10 - OK[0m[1;34m
[0m[1;34m	threadid 47365340477184 -> core 11 - OK[0m[1;34m
[0m[1;34m	threadid 47365342578432 -> core 12 - OK[0m[1;34m
[0m[1;34m	threadid 47365344679680 -> core 13 - OK[0m[1;34m
[0miterations: 120
Total iterations: 1078560480 LUP
FLOP: 11
Total work: 11864165280 FLOP
performance: 3.540522 GLUP/s
Performance in GFLOP/s: 38.945747
size: 9000000
time: 0.304633
[1;34m[pthread wrapper] 
[0m[1;34m[pthread wrapper] MAIN -> 0
[0m[1;34m[pthread wrapper] PIN_MASK: [0m[1;34m0->1  [0m[1;34m1->2  [0m[1;34m2->3  [0m[1;34m3->10  [0m[1;34m4->11  [0m[1;34m5->12  [0m[1;34m6->13  [0m[1;34m
[pthread wrapper] SKIP MASK: 0x0
[0m[1;34m	threadid 48007452604160 -> core 1 - OK[0m[1;34m
[0m[1;34m	threadid 48007454705408 -> core 2 - OK[0m[1;34m
[0m[1;34m	threadid 48007456806656 -> core 3 - OK[0m[1;34m
[0m[1;34m	threadid 48007458907904 -> core 10 - OK[0m[1;34m
[0m[1;34m	threadid 48007461009152 -> core 11 - OK[0m[1;34m
[0m[1;34m	threadid 48007463110400 -> core 12 - OK[0m[1;34m
[0m[1;34m	threadid 48007465211648 -> core 13 - OK[0m[1;34m
[0miterations: 120
Total iterations: 1078560480 LUP
FLOP: 11
Total work: 11864165280 FLOP
performance: 3.546682 GLUP/s
Performance in GFLOP/s: 39.013501
size: 9000000
time: 0.304104
[1;34m[pthread wrapper] 
[0m[1;34m[pthread wrapper] MAIN -> 0
[0m[1;34m[pthread wrapper] PIN_MASK: [0m[1;34m0->1  [0m[1;34m1->2  [0m[1;34m2->3  [0m[1;34m3->10  [0m[1;34m4->11  [0m[1;34m5->12  [0m[1;34m6->13  [0m[1;34m
[pthread wrapper] SKIP MASK: 0x0
[0m[1;34m	threadid 46956471355136 -> core 1 - OK[0m[1;34m
[0m[1;34m	threadid 46956473456384 -> core 2 - OK[0m[1;34m
[0m[1;34m	threadid 46956475557632 -> core 3 - OK[0m[1;34m
[0m[1;34m	threadid 46956477658880 -> core 10 - OK[0m[1;34m
[0m[1;34m	threadid 46956479760128 -> core 11 - OK[0m[1;34m
[0m[1;34m	threadid 46956481861376 -> core 12 - OK[0m[1;34m
[0m[1;34m	threadid 46956483962624 -> core 13 - OK[0m[1;34m
[0miterations: 120
Total iterations: 1078560480 LUP
FLOP: 11
Total work: 11864165280 FLOP
performance: 3.522888 GLUP/s
Performance in GFLOP/s: 38.751765
size: 9000000
time: 0.306158
[1;34m[pthread wrapper] 
[0m[1;34m[pthread wrapper] MAIN -> 0
[0m[1;34m[pthread wrapper] PIN_MASK: [0m[1;34m0->1  [0m[1;34m1->2  [0m[1;34m2->3  [0m[1;34m3->10  [0m[1;34m4->11  [0m[1;34m5->12  [0m[1;34m6->13  [0m[1;34m
[pthread wrapper] SKIP MASK: 0x0
[0m[1;34m	threadid 47460445292288 -> core 1 - OK[0m[1;34m
[0m[1;34m	threadid 47460447393536 -> core 2 - OK[0m[1;34m
[0m[1;34m	threadid 47460449494784 -> core 3 - OK[0m[1;34m
[0m[1;34m	threadid 47460451596032 -> core 10 - OK[0m[1;34m
[0m[1;34m	threadid 47460453697280 -> core 11 - OK[0m[1;34m
[0m[1;34m	threadid 47460455798528 -> core 12 - OK[0m[1;34m
[0m[1;34m	threadid 47460457899776 -> core 13 - OK[0m[1;34m
[0miterations: 120
Total iterations: 1078560480 LUP
FLOP: 11
Total work: 11864165280 FLOP
performance: 3.542153 GLUP/s
Performance in GFLOP/s: 38.963678
size: 9000000
time: 0.304493
[1;34m[pthread wrapper] 
[0m[1;34m[pthread wrapper] MAIN -> 0
[0m[1;34m[pthread wrapper] PIN_MASK: [0m[1;34m0->1  [0m[1;34m1->2  [0m[1;34m2->3  [0m[1;34m3->10  [0m[1;34m4->11  [0m[1;34m5->12  [0m[1;34m6->13  [0m[1;34m
[pthread wrapper] SKIP MASK: 0x0
[0m[1;34m	threadid 47186466838272 -> core 1 - OK[0m[1;34m
[0m[1;34m	threadid 47186468939520 -> core 2 - OK[0m[1;34m
[0m[1;34m	threadid 47186471040768 -> core 3 - OK[0m[1;34m
[0m[1;34m	threadid 47186473142016 -> core 10 - OK[0m[1;34m
[0m[1;34m	threadid 47186475243264 -> core 11 - OK[0m[1;34m
[0m[1;34m	threadid 47186477344512 -> core 12 - OK[0m[1;34m
[0m[1;34m	threadid 47186479445760 -> core 13 - OK[0m[1;34m
[0miterations: 120
Total iterations: 1078560480 LUP
FLOP: 11
Total work: 11864165280 FLOP
performance: 3.517062 GLUP/s
Performance in GFLOP/s: 38.687683
size: 9000000
time: 0.306665
[1;34m[pthread wrapper] 
[0m[1;34m[pthread wrapper] MAIN -> 0
[0m[1;34m[pthread wrapper] PIN_MASK: [0m[1;34m0->1  [0m[1;34m1->2  [0m[1;34m2->3  [0m[1;34m3->10  [0m[1;34m4->11  [0m[1;34m5->12  [0m[1;34m6->13  [0m[1;34m
[pthread wrapper] SKIP MASK: 0x0
[0m[1;34m	threadid 47163443607296 -> core 1 - OK[0m[1;34m
[0m[1;34m	threadid 47163445708544 -> core 2 - OK[0m[1;34m
[0m[1;34m	threadid 47163447809792 -> core 3 - OK[0m[1;34m
[0m[1;34m	threadid 47163449911040 -> core 10 - OK[0m[1;34m
[0m[1;34m	threadid 47163452012288 -> core 11 - OK[0m[1;34m
[0m[1;34m	threadid 47163454113536 -> core 12 - OK[0m[1;34m
[0m[1;34m	threadid 47163456214784 -> core 13 - OK[0m[1;34m
[0miterations: 120
Total iterations: 1078560480 LUP
FLOP: 11
Total work: 11864165280 FLOP
performance: 3.498526 GLUP/s
Performance in GFLOP/s: 38.483782
size: 9000000
time: 0.308290
[1;34m[pthread wrapper] 
[0m[1;34m[pthread wrapper] MAIN -> 0
[0m[1;34m[pthread wrapper] PIN_MASK: [0m[1;34m0->1  [0m[1;34m1->2  [0m[1;34m2->3  [0m[1;34m3->10  [0m[1;34m4->11  [0m[1;34m5->12  [0m[1;34m6->13  [0m[1;34m
[pthread wrapper] SKIP MASK: 0x0
[0m[1;34m	threadid 47903829501696 -> core 1 - OK[0m[1;34m
[0m[1;34m	threadid 47903831602944 -> core 2 - OK[0m[1;34m
[0m[1;34m	threadid 47903833704192 -> core 3 - OK[0m[1;34m
[0m[1;34m	threadid 47903835805440 -> core 10 - OK[0m[1;34m
[0m[1;34m	threadid 47903837906688 -> core 11 - OK[0m[1;34m
[0m[1;34m	threadid 47903840007936 -> core 12 - OK[0m[1;34m
[0m[1;34m	threadid 47903842109184 -> core 13 - OK[0m[1;34m
[0miterations: 120
Total iterations: 1078560480 LUP
FLOP: 11
Total work: 11864165280 FLOP
performance: 3.565219 GLUP/s
Performance in GFLOP/s: 39.217413
size: 9000000
time: 0.302523
