[1;34m[pthread wrapper] 
[0m[1;34m[pthread wrapper] MAIN -> 0
[0m[1;34m[pthread wrapper] PIN_MASK: [0m[1;34m0->1  [0m[1;34m1->2  [0m[1;34m2->3  [0m[1;34m3->4  [0m[1;34m4->5  [0m[1;34m5->6  [0m[1;34m6->7  [0m[1;34m7->8  [0m[1;34m8->9  [0m[1;34m9->10  [0m[1;34m10->11  [0m[1;34m11->12  [0m[1;34m12->13  [0m[1;34m13->14  [0m[1;34m14->15  [0m[1;34m
[pthread wrapper] SKIP MASK: 0x0
[0m[1;34m	threadid 47724439828224 -> core 1 - OK[0m[1;34m
[0m[1;34m	threadid 47724441929472 -> core 2 - OK[0m[1;34m
[0m[1;34m	threadid 47724444030720 -> core 3 - OK[0m[1;34m
[0m[1;34m	threadid 47724446131968 -> core 4 - OK[0m[1;34m
[0m[1;34m	threadid 47724448233216 -> core 5 - OK[0m[1;34m
[0m[1;34m	threadid 47724450334464 -> core 6 - OK[0m[1;34m
[0m[1;34m	threadid 47724452435712 -> core 7 - OK[0m[1;34m
[0m[1;34m	threadid 47724454536960 -> core 8 - OK[0m[1;34m
[0m[1;34m	threadid 47724456638208 -> core 9 - OK[0m[1;34m
[0m[1;34m	threadid 47724458739456 -> core 10 - OK[0m[1;34m
[0m[1;34m	threadid 47724460840704 -> core 11 - OK[0m[1;34m
[0m[1;34m	threadid 47724462941952 -> core 12 - OK[0m[1;34m
[0m[1;34m	threadid 47724465043200 -> core 13 - OK[0m[1;34m
[0m[1;34m	threadid 47724467144448 -> core 14 - OK[0m[1;34m
[0m[1;34m	threadid 47724469245696 -> core 15 - OK[0m[1;34m
[0miterations: 120
Total iterations: 1078560480 LUP
FLOP: 11
Total work: 11864165280 FLOP
performance: 1.579713 GLUP/s
Performance in GFLOP/s: 17.376845
size: 9000000
time: 0.682757
[1;34m[pthread wrapper] 
[0m[1;34m[pthread wrapper] MAIN -> 0
[0m[1;34m[pthread wrapper] PIN_MASK: [0m[1;34m0->1  [0m[1;34m1->2  [0m[1;34m2->3  [0m[1;34m3->4  [0m[1;34m4->5  [0m[1;34m5->6  [0m[1;34m6->7  [0m[1;34m7->8  [0m[1;34m8->9  [0m[1;34m9->10  [0m[1;34m10->11  [0m[1;34m11->12  [0m[1;34m12->13  [0m[1;34m13->14  [0m[1;34m14->15  [0m[1;34m
[pthread wrapper] SKIP MASK: 0x0
[0m[1;34m	threadid 47957141784320 -> core 1 - OK[0m[1;34m
[0m[1;34m	threadid 47957143885568 -> core 2 - OK[0m[1;34m
[0m[1;34m	threadid 47957145986816 -> core 3 - OK[0m[1;34m
[0m[1;34m	threadid 47957148088064 -> core 4 - OK[0m[1;34m
[0m[1;34m	threadid 47957150189312 -> core 5 - OK[0m[1;34m
[0m[1;34m	threadid 47957152290560 -> core 6 - OK[0m[1;34m
[0m[1;34m	threadid 47957154391808 -> core 7 - OK[0m[1;34m
[0m[1;34m	threadid 47957156493056 -> core 8 - OK[0m[1;34m
[0m[1;34m	threadid 47957158594304 -> core 9 - OK[0m[1;34m
[0m[1;34m	threadid 47957160695552 -> core 10 - OK[0m[1;34m
[0m[1;34m	threadid 47957162796800 -> core 11 - OK[0m[1;34m
[0m[1;34m	threadid 47957164898048 -> core 12 - OK[0m[1;34m
[0m[1;34m	threadid 47957166999296 -> core 13 - OK[0m[1;34m
[0m[1;34m	threadid 47957169100544 -> core 14 - OK[0m[1;34m
[0m[1;34m	threadid 47957171201792 -> core 15 - OK[0m[1;34m
[0miterations: 120
Total iterations: 1078560480 LUP
FLOP: 11
Total work: 11864165280 FLOP
performance: 1.491954 GLUP/s
Performance in GFLOP/s: 16.411494
size: 9000000
time: 0.722918
[1;34m[pthread wrapper] 
[0m[1;34m[pthread wrapper] MAIN -> 0
[0m[1;34m[pthread wrapper] PIN_MASK: [0m[1;34m0->1  [0m[1;34m1->2  [0m[1;34m2->3  [0m[1;34m3->4  [0m[1;34m4->5  [0m[1;34m5->6  [0m[1;34m6->7  [0m[1;34m7->8  [0m[1;34m8->9  [0m[1;34m9->10  [0m[1;34m10->11  [0m[1;34m11->12  [0m[1;34m12->13  [0m[1;34m13->14  [0m[1;34m14->15  [0m[1;34m
[pthread wrapper] SKIP MASK: 0x0
[0m[1;34m	threadid 47961956972288 -> core 1 - OK[0m[1;34m
[0m[1;34m	threadid 47961959073536 -> core 2 - OK[0m[1;34m
[0m[1;34m	threadid 47961961174784 -> core 3 - OK[0m[1;34m
[0m[1;34m	threadid 47961963276032 -> core 4 - OK[0m[1;34m
[0m[1;34m	threadid 47961965377280 -> core 5 - OK[0m[1;34m
[0m[1;34m	threadid 47961967478528 -> core 6 - OK[0m[1;34m
[0m[1;34m	threadid 47961969579776 -> core 7 - OK[0m[1;34m
[0m[1;34m	threadid 47961971681024 -> core 8 - OK[0m[1;34m
[0m[1;34m	threadid 47961973782272 -> core 9 - OK[0m[1;34m
[0m[1;34m	threadid 47961975883520 -> core 10 - OK[0m[1;34m
[0m[1;34m	threadid 47961977984768 -> core 11 - OK[0m[1;34m
[0m[1;34m	threadid 47961980086016 -> core 12 - OK[0m[1;34m
[0m[1;34m	threadid 47961982187264 -> core 13 - OK[0m[1;34m
[0m[1;34m	threadid 47961984288512 -> core 14 - OK[0m[1;34m
[0m[1;34m	threadid 47961986389760 -> core 15 - OK[0m[1;34m
[0miterations: 120
Total iterations: 1078560480 LUP
FLOP: 11
Total work: 11864165280 FLOP
performance: 1.566999 GLUP/s
Performance in GFLOP/s: 17.236990
size: 9000000
time: 0.688297
[1;34m[pthread wrapper] 
[0m[1;34m[pthread wrapper] MAIN -> 0
[0m[1;34m[pthread wrapper] PIN_MASK: [0m[1;34m0->1  [0m[1;34m1->2  [0m[1;34m2->3  [0m[1;34m3->4  [0m[1;34m4->5  [0m[1;34m5->6  [0m[1;34m6->7  [0m[1;34m7->8  [0m[1;34m8->9  [0m[1;34m9->10  [0m[1;34m10->11  [0m[1;34m11->12  [0m[1;34m12->13  [0m[1;34m13->14  [0m[1;34m14->15  [0m[1;34m
[pthread wrapper] SKIP MASK: 0x0
[0m[1;34m	threadid 47167183267584 -> core 1 - OK[0m[1;34m
[0m[1;34m	threadid 47167185368832 -> core 2 - OK[0m[1;34m
[0m[1;34m	threadid 47167187470080 -> core 3 - OK[0m[1;34m
[0m[1;34m	threadid 47167189571328 -> core 4 - OK[0m[1;34m
[0m[1;34m	threadid 47167191672576 -> core 5 - OK[0m[1;34m
[0m[1;34m	threadid 47167193773824 -> core 6 - OK[0m[1;34m
[0m[1;34m	threadid 47167195875072 -> core 7 - OK[0m[1;34m
[0m[1;34m	threadid 47167197976320 -> core 8 - OK[0m[1;34m
[0m[1;34m	threadid 47167200077568 -> core 9 - OK[0m[1;34m
[0m[1;34m	threadid 47167202178816 -> core 10 - OK[0m[1;34m
[0m[1;34m	threadid 47167204280064 -> core 11 - OK[0m[1;34m
[0m[1;34m	threadid 47167206381312 -> core 12 - OK[0m[1;34m
[0m[1;34m	threadid 47167208482560 -> core 13 - OK[0m[1;34m
[0m[1;34m	threadid 47167210583808 -> core 14 - OK[0m[1;34m
[0m[1;34m	threadid 47167212685056 -> core 15 - OK[0m[1;34m
[0miterations: 120
Total iterations: 1078560480 LUP
FLOP: 11
Total work: 11864165280 FLOP
performance: 1.686466 GLUP/s
Performance in GFLOP/s: 18.551121
size: 9000000
time: 0.639539
[1;34m[pthread wrapper] 
[0m[1;34m[pthread wrapper] MAIN -> 0
[0m[1;34m[pthread wrapper] PIN_MASK: [0m[1;34m0->1  [0m[1;34m1->2  [0m[1;34m2->3  [0m[1;34m3->4  [0m[1;34m4->5  [0m[1;34m5->6  [0m[1;34m6->7  [0m[1;34m7->8  [0m[1;34m8->9  [0m[1;34m9->10  [0m[1;34m10->11  [0m[1;34m11->12  [0m[1;34m12->13  [0m[1;34m13->14  [0m[1;34m14->15  [0m[1;34m
[pthread wrapper] SKIP MASK: 0x0
[0m[1;34m	threadid 47075232368384 -> core 1 - OK[0m[1;34m
[0m[1;34m	threadid 47075234469632 -> core 2 - OK[0m[1;34m
[0m[1;34m	threadid 47075236570880 -> core 3 - OK[0m[1;34m
[0m[1;34m	threadid 47075238672128 -> core 4 - OK[0m[1;34m
[0m[1;34m	threadid 47075240773376 -> core 5 - OK[0m[1;34m
[0m[1;34m	threadid 47075242874624 -> core 6 - OK[0m[1;34m
[0m[1;34m	threadid 47075244975872 -> core 7 - OK[0m[1;34m
[0m[1;34m	threadid 47075247077120 -> core 8 - OK[0m[1;34m
[0m[1;34m	threadid 47075249178368 -> core 9 - OK[0m[1;34m
[0m[1;34m	threadid 47075251279616 -> core 10 - OK[0m[1;34m
[0m[1;34m	threadid 47075253380864 -> core 11 - OK[0m[1;34m
[0m[1;34m	threadid 47075255482112 -> core 12 - OK[0m[1;34m
[0m[1;34m	threadid 47075257583360 -> core 13 - OK[0m[1;34m
[0m[1;34m	threadid 47075259684608 -> core 14 - OK[0m[1;34m
[0m[1;34m	threadid 47075261785856 -> core 15 - OK[0m[1;34m
[0miterations: 120
Total iterations: 1078560480 LUP
FLOP: 11
Total work: 11864165280 FLOP
performance: 1.597120 GLUP/s
Performance in GFLOP/s: 17.568320
size: 9000000
time: 0.675316
[1;34m[pthread wrapper] 
[0m[1;34m[pthread wrapper] MAIN -> 0
[0m[1;34m[pthread wrapper] PIN_MASK: [0m[1;34m0->1  [0m[1;34m1->2  [0m[1;34m2->3  [0m[1;34m3->4  [0m[1;34m4->5  [0m[1;34m5->6  [0m[1;34m6->7  [0m[1;34m7->8  [0m[1;34m8->9  [0m[1;34m9->10  [0m[1;34m10->11  [0m[1;34m11->12  [0m[1;34m12->13  [0m[1;34m13->14  [0m[1;34m14->15  [0m[1;34m
[pthread wrapper] SKIP MASK: 0x0
[0m[1;34m	threadid 47097545139968 -> core 1 - OK[0m[1;34m
[0m[1;34m	threadid 47097547241216 -> core 2 - OK[0m[1;34m
[0m[1;34m	threadid 47097549342464 -> core 3 - OK[0m[1;34m
[0m[1;34m	threadid 47097551443712 -> core 4 - OK[0m[1;34m
[0m[1;34m	threadid 47097553544960 -> core 5 - OK[0m[1;34m
[0m[1;34m	threadid 47097555646208 -> core 6 - OK[0m[1;34m
[0m[1;34m	threadid 47097557747456 -> core 7 - OK[0m[1;34m
[0m[1;34m	threadid 47097559848704 -> core 8 - OK[0m[1;34m
[0m[1;34m	threadid 47097561949952 -> core 9 - OK[0m[1;34m
[0m[1;34m	threadid 47097564051200 -> core 10 - OK[0m[1;34m
[0m[1;34m	threadid 47097566152448 -> core 11 - OK[0m[1;34m
[0m[1;34m	threadid 47097568253696 -> core 12 - OK[0m[1;34m
[0m[1;34m	threadid 47097570354944 -> core 13 - OK[0m[1;34m
[0m[1;34m	threadid 47097572456192 -> core 14 - OK[0m[1;34m
[0m[1;34m	threadid 47097574557440 -> core 15 - OK[0m[1;34m
[0miterations: 120
Total iterations: 1078560480 LUP
FLOP: 11
Total work: 11864165280 FLOP
performance: 1.611283 GLUP/s
Performance in GFLOP/s: 17.724112
size: 9000000
time: 0.669380
[1;34m[pthread wrapper] 
[0m[1;34m[pthread wrapper] MAIN -> 0
[0m[1;34m[pthread wrapper] PIN_MASK: [0m[1;34m0->1  [0m[1;34m1->2  [0m[1;34m2->3  [0m[1;34m3->4  [0m[1;34m4->5  [0m[1;34m5->6  [0m[1;34m6->7  [0m[1;34m7->8  [0m[1;34m8->9  [0m[1;34m9->10  [0m[1;34m10->11  [0m[1;34m11->12  [0m[1;34m12->13  [0m[1;34m13->14  [0m[1;34m14->15  [0m[1;34m
[pthread wrapper] SKIP MASK: 0x0
[0m[1;34m	threadid 47048724236032 -> core 1 - OK[0m[1;34m
[0m[1;34m	threadid 47048726337280 -> core 2 - OK[0m[1;34m
[0m[1;34m	threadid 47048728438528 -> core 3 - OK[0m[1;34m
[0m[1;34m	threadid 47048730539776 -> core 4 - OK[0m[1;34m
[0m[1;34m	threadid 47048732641024 -> core 5 - OK[0m[1;34m
[0m[1;34m	threadid 47048734742272 -> core 6 - OK[0m[1;34m
[0m[1;34m	threadid 47048736843520 -> core 7 - OK[0m[1;34m
[0m[1;34m	threadid 47048738944768 -> core 8 - OK[0m[1;34m
[0m[1;34m	threadid 47048741046016 -> core 9 - OK[0m[1;34m
[0m[1;34m	threadid 47048743147264 -> core 10 - OK[0m[1;34m
[0m[1;34m	threadid 47048745248512 -> core 11 - OK[0m[1;34m
[0m[1;34m	threadid 47048747349760 -> core 12 - OK[0m[1;34m
[0m[1;34m	threadid 47048749451008 -> core 13 - OK[0m[1;34m
[0m[1;34m	threadid 47048751552256 -> core 14 - OK[0m[1;34m
[0m[1;34m	threadid 47048753653504 -> core 15 - OK[0m[1;34m
[0miterations: 120
Total iterations: 1078560480 LUP
FLOP: 11
Total work: 11864165280 FLOP
performance: 1.536310 GLUP/s
Performance in GFLOP/s: 16.899415
size: 9000000
time: 0.702046
[1;34m[pthread wrapper] 
[0m[1;34m[pthread wrapper] MAIN -> 0
[0m[1;34m[pthread wrapper] PIN_MASK: [0m[1;34m0->1  [0m[1;34m1->2  [0m[1;34m2->3  [0m[1;34m3->4  [0m[1;34m4->5  [0m[1;34m5->6  [0m[1;34m6->7  [0m[1;34m7->8  [0m[1;34m8->9  [0m[1;34m9->10  [0m[1;34m10->11  [0m[1;34m11->12  [0m[1;34m12->13  [0m[1;34m13->14  [0m[1;34m14->15  [0m[1;34m
[pthread wrapper] SKIP MASK: 0x0
[0m[1;34m	threadid 47890066048768 -> core 1 - OK[0m[1;34m
[0m[1;34m	threadid 47890068150016 -> core 2 - OK[0m[1;34m
[0m[1;34m	threadid 47890070251264 -> core 3 - OK[0m[1;34m
[0m[1;34m	threadid 47890072352512 -> core 4 - OK[0m[1;34m
[0m[1;34m	threadid 47890074453760 -> core 5 - OK[0m[1;34m
[0m[1;34m	threadid 47890076555008 -> core 6 - OK[0m[1;34m
[0m[1;34m	threadid 47890078656256 -> core 7 - OK[0m[1;34m
[0m[1;34m	threadid 47890080757504 -> core 8 - OK[0m[1;34m
[0m[1;34m	threadid 47890082858752 -> core 9 - OK[0m[1;34m
[0m[1;34m	threadid 47890084960000 -> core 10 - OK[0m[1;34m
[0m[1;34m	threadid 47890087061248 -> core 11 - OK[0m[1;34m
[0m[1;34m	threadid 47890089162496 -> core 12 - OK[0m[1;34m
[0m[1;34m	threadid 47890091263744 -> core 13 - OK[0m[1;34m
[0m[1;34m	threadid 47890093364992 -> core 14 - OK[0m[1;34m
[0m[1;34m	threadid 47890095466240 -> core 15 - OK[0m[1;34m
[0miterations: 120
Total iterations: 1078560480 LUP
FLOP: 11
Total work: 11864165280 FLOP
performance: 1.615160 GLUP/s
Performance in GFLOP/s: 17.766764
size: 9000000
time: 0.667773
[1;34m[pthread wrapper] 
[0m[1;34m[pthread wrapper] MAIN -> 0
[0m[1;34m[pthread wrapper] PIN_MASK: [0m[1;34m0->1  [0m[1;34m1->2  [0m[1;34m2->3  [0m[1;34m3->4  [0m[1;34m4->5  [0m[1;34m5->6  [0m[1;34m6->7  [0m[1;34m7->8  [0m[1;34m8->9  [0m[1;34m9->10  [0m[1;34m10->11  [0m[1;34m11->12  [0m[1;34m12->13  [0m[1;34m13->14  [0m[1;34m14->15  [0m[1;34m
[pthread wrapper] SKIP MASK: 0x0
[0m[1;34m	threadid 47781684422400 -> core 1 - OK[0m[1;34m
[0m[1;34m	threadid 47781686523648 -> core 2 - OK[0m[1;34m
[0m[1;34m	threadid 47781688624896 -> core 3 - OK[0m[1;34m
[0m[1;34m	threadid 47781690726144 -> core 4 - OK[0m[1;34m
[0m[1;34m	threadid 47781692827392 -> core 5 - OK[0m[1;34m
[0m[1;34m	threadid 47781694928640 -> core 6 - OK[0m[1;34m
[0m[1;34m	threadid 47781697029888 -> core 7 - OK[0m[1;34m
[0m[1;34m	threadid 47781699131136 -> core 8 - OK[0m[1;34m
[0m[1;34m	threadid 47781701232384 -> core 9 - OK[0m[1;34m
[0m[1;34m	threadid 47781703333632 -> core 10 - OK[0m[1;34m
[0m[1;34m	threadid 47781705434880 -> core 11 - OK[0m[1;34m
[0m[1;34m	threadid 47781707536128 -> core 12 - OK[0m[1;34m
[0m[1;34m	threadid 47781709637376 -> core 13 - OK[0m[1;34m
[0m[1;34m	threadid 47781711738624 -> core 14 - OK[0m[1;34m
[0m[1;34m	threadid 47781713839872 -> core 15 - OK[0m[1;34m
[0miterations: 120
Total iterations: 1078560480 LUP
FLOP: 11
Total work: 11864165280 FLOP
performance: 1.637721 GLUP/s
Performance in GFLOP/s: 18.014928
size: 9000000
time: 0.658574
[1;34m[pthread wrapper] 
[0m[1;34m[pthread wrapper] MAIN -> 0
[0m[1;34m[pthread wrapper] PIN_MASK: [0m[1;34m0->1  [0m[1;34m1->2  [0m[1;34m2->3  [0m[1;34m3->4  [0m[1;34m4->5  [0m[1;34m5->6  [0m[1;34m6->7  [0m[1;34m7->8  [0m[1;34m8->9  [0m[1;34m9->10  [0m[1;34m10->11  [0m[1;34m11->12  [0m[1;34m12->13  [0m[1;34m13->14  [0m[1;34m14->15  [0m[1;34m
[pthread wrapper] SKIP MASK: 0x0
[0m[1;34m	threadid 47119531833088 -> core 1 - OK[0m[1;34m
[0m[1;34m	threadid 47119533934336 -> core 2 - OK[0m[1;34m
[0m[1;34m	threadid 47119536035584 -> core 3 - OK[0m[1;34m
[0m[1;34m	threadid 47119538136832 -> core 4 - OK[0m[1;34m
[0m[1;34m	threadid 47119540238080 -> core 5 - OK[0m[1;34m
[0m[1;34m	threadid 47119542339328 -> core 6 - OK[0m[1;34m
[0m[1;34m	threadid 47119544440576 -> core 7 - OK[0m[1;34m
[0m[1;34m	threadid 47119546541824 -> core 8 - OK[0m[1;34m
[0m[1;34m	threadid 47119548643072 -> core 9 - OK[0m[1;34m
[0m[1;34m	threadid 47119550744320 -> core 10 - OK[0m[1;34m
[0m[1;34m	threadid 47119552845568 -> core 11 - OK[0m[1;34m
[0m[1;34m	threadid 47119554946816 -> core 12 - OK[0m[1;34m
[0m[1;34m	threadid 47119557048064 -> core 13 - OK[0m[1;34m
[0m[1;34m	threadid 47119559149312 -> core 14 - OK[0m[1;34m
[0m[1;34m	threadid 47119561250560 -> core 15 - OK[0m[1;34m
[0miterations: 120
Total iterations: 1078560480 LUP
FLOP: 11
Total work: 11864165280 FLOP
performance: 1.559429 GLUP/s
Performance in GFLOP/s: 17.153721
size: 9000000
time: 0.691638
