[1;34m[pthread wrapper] 
[0m[1;34m[pthread wrapper] MAIN -> 0
[0m[1;34m[pthread wrapper] PIN_MASK: [0m[1;34m0->1  [0m[1;34m1->2  [0m[1;34m2->3  [0m[1;34m3->4  [0m[1;34m4->5  [0m[1;34m5->6  [0m[1;34m6->7  [0m[1;34m7->8  [0m[1;34m8->9  [0m[1;34m
[pthread wrapper] SKIP MASK: 0x0
[0m[1;34m	threadid 47450908796672 -> core 1 - OK[0m[1;34m
[0m[1;34m	threadid 47450910897920 -> core 2 - OK[0m[1;34m
[0m[1;34m	threadid 47450912999168 -> core 3 - OK[0m[1;34m
[0m[1;34m	threadid 47450915100416 -> core 4 - OK[0m[1;34m
[0m[1;34m	threadid 47450917201664 -> core 5 - OK[0m[1;34m
[0m[1;34m	threadid 47450919302912 -> core 6 - OK[0m[1;34m
[0m[1;34m	threadid 47450921404160 -> core 7 - OK[0m[1;34m
[0m[1;34m	threadid 47450923505408 -> core 8 - OK[0m[1;34m
[0m[1;34m	threadid 47450925606656 -> core 9 - OK[0m[1;34m
[0miterations: 200
Total iterations: 1797600800 LUP
FLOP: 11
Total work: 19773608800 FLOP
performance: 2.248353 GLUP/s
Performance in GFLOP/s: 24.731879
size: 9000000
time: 0.799519
[1;34m[pthread wrapper] 
[0m[1;34m[pthread wrapper] MAIN -> 0
[0m[1;34m[pthread wrapper] PIN_MASK: [0m[1;34m0->1  [0m[1;34m1->2  [0m[1;34m2->3  [0m[1;34m3->4  [0m[1;34m4->5  [0m[1;34m5->6  [0m[1;34m6->7  [0m[1;34m7->8  [0m[1;34m8->9  [0m[1;34m
[pthread wrapper] SKIP MASK: 0x0
[0m[1;34m	threadid 47322522470144 -> core 1 - OK[0m[1;34m
[0m[1;34m	threadid 47322524571392 -> core 2 - OK[0m[1;34m
[0m[1;34m	threadid 47322526672640 -> core 3 - OK[0m[1;34m
[0m[1;34m	threadid 47322528773888 -> core 4 - OK[0m[1;34m
[0m[1;34m	threadid 47322530875136 -> core 5 - OK[0m[1;34m
[0m[1;34m	threadid 47322532976384 -> core 6 - OK[0m[1;34m
[0m[1;34m	threadid 47322535077632 -> core 7 - OK[0m[1;34m
[0m[1;34m	threadid 47322537178880 -> core 8 - OK[0m[1;34m
[0m[1;34m	threadid 47322539280128 -> core 9 - OK[0m[1;34m
[0miterations: 200
Total iterations: 1797600800 LUP
FLOP: 11
Total work: 19773608800 FLOP
performance: 2.237531 GLUP/s
Performance in GFLOP/s: 24.612838
size: 9000000
time: 0.803386
[1;34m[pthread wrapper] 
[0m[1;34m[pthread wrapper] MAIN -> 0
[0m[1;34m[pthread wrapper] PIN_MASK: [0m[1;34m0->1  [0m[1;34m1->2  [0m[1;34m2->3  [0m[1;34m3->4  [0m[1;34m4->5  [0m[1;34m5->6  [0m[1;34m6->7  [0m[1;34m7->8  [0m[1;34m8->9  [0m[1;34m
[pthread wrapper] SKIP MASK: 0x0
[0m[1;34m	threadid 47614440195840 -> core 1 - OK[0m[1;34m
[0m[1;34m	threadid 47614442297088 -> core 2 - OK[0m[1;34m
[0m[1;34m	threadid 47614444398336 -> core 3 - OK[0m[1;34m
[0m[1;34m	threadid 47614446499584 -> core 4 - OK[0m[1;34m
[0m[1;34m	threadid 47614448600832 -> core 5 - OK[0m[1;34m
[0m[1;34m	threadid 47614450702080 -> core 6 - OK[0m[1;34m
[0m[1;34m	threadid 47614452803328 -> core 7 - OK[0m[1;34m
[0m[1;34m	threadid 47614454904576 -> core 8 - OK[0m[1;34m
[0m[1;34m	threadid 47614457005824 -> core 9 - OK[0m[1;34m
[0miterations: 200
Total iterations: 1797600800 LUP
FLOP: 11
Total work: 19773608800 FLOP
performance: 2.209902 GLUP/s
Performance in GFLOP/s: 24.308923
size: 9000000
time: 0.813430
[1;34m[pthread wrapper] 
[0m[1;34m[pthread wrapper] MAIN -> 0
[0m[1;34m[pthread wrapper] PIN_MASK: [0m[1;34m0->1  [0m[1;34m1->2  [0m[1;34m2->3  [0m[1;34m3->4  [0m[1;34m4->5  [0m[1;34m5->6  [0m[1;34m6->7  [0m[1;34m7->8  [0m[1;34m8->9  [0m[1;34m
[pthread wrapper] SKIP MASK: 0x0
[0m[1;34m	threadid 47297925269248 -> core 1 - OK[0m[1;34m
[0m[1;34m	threadid 47297927370496 -> core 2 - OK[0m[1;34m
[0m[1;34m	threadid 47297929471744 -> core 3 - OK[0m[1;34m
[0m[1;34m	threadid 47297931572992 -> core 4 - OK[0m[1;34m
[0m[1;34m	threadid 47297933674240 -> core 5 - OK[0m[1;34m
[0m[1;34m	threadid 47297935775488 -> core 6 - OK[0m[1;34m
[0m[1;34m	threadid 47297937876736 -> core 7 - OK[0m[1;34m
[0m[1;34m	threadid 47297939977984 -> core 8 - OK[0m[1;34m
[0m[1;34m	threadid 47297942079232 -> core 9 - OK[0m[1;34m
[0miterations: 200
Total iterations: 1797600800 LUP
FLOP: 11
Total work: 19773608800 FLOP
performance: 2.210854 GLUP/s
Performance in GFLOP/s: 24.319394
size: 9000000
time: 0.813080
[1;34m[pthread wrapper] 
[0m[1;34m[pthread wrapper] MAIN -> 0
[0m[1;34m[pthread wrapper] PIN_MASK: [0m[1;34m0->1  [0m[1;34m1->2  [0m[1;34m2->3  [0m[1;34m3->4  [0m[1;34m4->5  [0m[1;34m5->6  [0m[1;34m6->7  [0m[1;34m7->8  [0m[1;34m8->9  [0m[1;34m
[pthread wrapper] SKIP MASK: 0x0
[0m[1;34m	threadid 47457679931136 -> core 1 - OK[0m[1;34m
[0m[1;34m	threadid 47457682032384 -> core 2 - OK[0m[1;34m
[0m[1;34m	threadid 47457684133632 -> core 3 - OK[0m[1;34m
[0m[1;34m	threadid 47457686234880 -> core 4 - OK[0m[1;34m
[0m[1;34m	threadid 47457688336128 -> core 5 - OK[0m[1;34m
[0m[1;34m	threadid 47457690437376 -> core 6 - OK[0m[1;34m
[0m[1;34m	threadid 47457692538624 -> core 7 - OK[0m[1;34m
[0m[1;34m	threadid 47457694639872 -> core 8 - OK[0m[1;34m
[0m[1;34m	threadid 47457696741120 -> core 9 - OK[0m[1;34m
[0miterations: 200
Total iterations: 1797600800 LUP
FLOP: 11
Total work: 19773608800 FLOP
performance: 2.221020 GLUP/s
Performance in GFLOP/s: 24.431223
size: 9000000
time: 0.809358
[1;34m[pthread wrapper] 
[0m[1;34m[pthread wrapper] MAIN -> 0
[0m[1;34m[pthread wrapper] PIN_MASK: [0m[1;34m0->1  [0m[1;34m1->2  [0m[1;34m2->3  [0m[1;34m3->4  [0m[1;34m4->5  [0m[1;34m5->6  [0m[1;34m6->7  [0m[1;34m7->8  [0m[1;34m8->9  [0m[1;34m
[pthread wrapper] SKIP MASK: 0x0
[0m[1;34m	threadid 47259858228992 -> core 1 - OK[0m[1;34m
[0m[1;34m	threadid 47259860330240 -> core 2 - OK[0m[1;34m
[0m[1;34m	threadid 47259862431488 -> core 3 - OK[0m[1;34m
[0m[1;34m	threadid 47259864532736 -> core 4 - OK[0m[1;34m
[0m[1;34m	threadid 47259866633984 -> core 5 - OK[0m[1;34m
[0m[1;34m	threadid 47259868735232 -> core 6 - OK[0m[1;34m
[0m[1;34m	threadid 47259870836480 -> core 7 - OK[0m[1;34m
[0m[1;34m	threadid 47259872937728 -> core 8 - OK[0m[1;34m
[0m[1;34m	threadid 47259875038976 -> core 9 - OK[0m[1;34m
[0miterations: 200
Total iterations: 1797600800 LUP
FLOP: 11
Total work: 19773608800 FLOP
performance: 2.237035 GLUP/s
Performance in GFLOP/s: 24.607383
size: 9000000
time: 0.803564
[1;34m[pthread wrapper] 
[0m[1;34m[pthread wrapper] MAIN -> 0
[0m[1;34m[pthread wrapper] PIN_MASK: [0m[1;34m0->1  [0m[1;34m1->2  [0m[1;34m2->3  [0m[1;34m3->4  [0m[1;34m4->5  [0m[1;34m5->6  [0m[1;34m6->7  [0m[1;34m7->8  [0m[1;34m8->9  [0m[1;34m
[pthread wrapper] SKIP MASK: 0x0
[0m[1;34m	threadid 47319447197440 -> core 1 - OK[0m[1;34m
[0m[1;34m	threadid 47319449298688 -> core 2 - OK[0m[1;34m
[0m[1;34m	threadid 47319451399936 -> core 3 - OK[0m[1;34m
[0m[1;34m	threadid 47319453501184 -> core 4 - OK[0m[1;34m
[0m[1;34m	threadid 47319455602432 -> core 5 - OK[0m[1;34m
[0m[1;34m	threadid 47319457703680 -> core 6 - OK[0m[1;34m
[0m[1;34m	threadid 47319459804928 -> core 7 - OK[0m[1;34m
[0m[1;34m	threadid 47319461906176 -> core 8 - OK[0m[1;34m
[0m[1;34m	threadid 47319464007424 -> core 9 - OK[0m[1;34m
[0miterations: 200
Total iterations: 1797600800 LUP
FLOP: 11
Total work: 19773608800 FLOP
performance: 2.221781 GLUP/s
Performance in GFLOP/s: 24.439596
size: 9000000
time: 0.809081
[1;34m[pthread wrapper] 
[0m[1;34m[pthread wrapper] MAIN -> 0
[0m[1;34m[pthread wrapper] PIN_MASK: [0m[1;34m0->1  [0m[1;34m1->2  [0m[1;34m2->3  [0m[1;34m3->4  [0m[1;34m4->5  [0m[1;34m5->6  [0m[1;34m6->7  [0m[1;34m7->8  [0m[1;34m8->9  [0m[1;34m
[pthread wrapper] SKIP MASK: 0x0
[0m[1;34m	threadid 47792444446464 -> core 1 - OK[0m[1;34m
[0m[1;34m	threadid 47792446547712 -> core 2 - OK[0m[1;34m
[0m[1;34m	threadid 47792448648960 -> core 3 - OK[0m[1;34m
[0m[1;34m	threadid 47792450750208 -> core 4 - OK[0m[1;34m
[0m[1;34m	threadid 47792452851456 -> core 5 - OK[0m[1;34m
[0m[1;34m	threadid 47792454952704 -> core 6 - OK[0m[1;34m
[0m[1;34m	threadid 47792457053952 -> core 7 - OK[0m[1;34m
[0m[1;34m	threadid 47792459155200 -> core 8 - OK[0m[1;34m
[0m[1;34m	threadid 47792461256448 -> core 9 - OK[0m[1;34m
[0miterations: 200
Total iterations: 1797600800 LUP
FLOP: 11
Total work: 19773608800 FLOP
performance: 2.231475 GLUP/s
Performance in GFLOP/s: 24.546228
size: 9000000
time: 0.805566
[1;34m[pthread wrapper] 
[0m[1;34m[pthread wrapper] MAIN -> 0
[0m[1;34m[pthread wrapper] PIN_MASK: [0m[1;34m0->1  [0m[1;34m1->2  [0m[1;34m2->3  [0m[1;34m3->4  [0m[1;34m4->5  [0m[1;34m5->6  [0m[1;34m6->7  [0m[1;34m7->8  [0m[1;34m8->9  [0m[1;34m
[pthread wrapper] SKIP MASK: 0x0
[0m[1;34m	threadid 47243375380224 -> core 1 - OK[0m[1;34m
[0m[1;34m	threadid 47243377481472 -> core 2 - OK[0m[1;34m
[0m[1;34m	threadid 47243379582720 -> core 3 - OK[0m[1;34m
[0m[1;34m	threadid 47243381683968 -> core 4 - OK[0m[1;34m
[0m[1;34m	threadid 47243383785216 -> core 5 - OK[0m[1;34m
[0m[1;34m	threadid 47243385886464 -> core 6 - OK[0m[1;34m
[0m[1;34m	threadid 47243387987712 -> core 7 - OK[0m[1;34m
[0m[1;34m	threadid 47243390088960 -> core 8 - OK[0m[1;34m
[0m[1;34m	threadid 47243392190208 -> core 9 - OK[0m[1;34m
[0miterations: 200
Total iterations: 1797600800 LUP
FLOP: 11
Total work: 19773608800 FLOP
performance: 2.201706 GLUP/s
Performance in GFLOP/s: 24.218771
size: 9000000
time: 0.816458
[1;34m[pthread wrapper] 
[0m[1;34m[pthread wrapper] MAIN -> 0
[0m[1;34m[pthread wrapper] PIN_MASK: [0m[1;34m0->1  [0m[1;34m1->2  [0m[1;34m2->3  [0m[1;34m3->4  [0m[1;34m4->5  [0m[1;34m5->6  [0m[1;34m6->7  [0m[1;34m7->8  [0m[1;34m8->9  [0m[1;34m
[pthread wrapper] SKIP MASK: 0x0
[0m[1;34m	threadid 47354181539584 -> core 1 - OK[0m[1;34m
[0m[1;34m	threadid 47354183640832 -> core 2 - OK[0m[1;34m
[0m[1;34m	threadid 47354185742080 -> core 3 - OK[0m[1;34m
[0m[1;34m	threadid 47354187843328 -> core 4 - OK[0m[1;34m
[0m[1;34m	threadid 47354189944576 -> core 5 - OK[0m[1;34m
[0m[1;34m	threadid 47354192045824 -> core 6 - OK[0m[1;34m
[0m[1;34m	threadid 47354194147072 -> core 7 - OK[0m[1;34m
[0m[1;34m	threadid 47354196248320 -> core 8 - OK[0m[1;34m
[0m[1;34m	threadid 47354198349568 -> core 9 - OK[0m[1;34m
[0miterations: 200
Total iterations: 1797600800 LUP
FLOP: 11
Total work: 19773608800 FLOP
performance: 2.222715 GLUP/s
Performance in GFLOP/s: 24.449870
size: 9000000
time: 0.808741
