[1;34m[pthread wrapper] 
[0m[1;34m[pthread wrapper] MAIN -> 0
[0m[1;34m[pthread wrapper] PIN_MASK: [0m[1;34m0->1  [0m[1;34m1->2  [0m[1;34m2->3  [0m[1;34m3->4  [0m[1;34m4->5  [0m[1;34m5->6  [0m[1;34m6->7  [0m[1;34m
[pthread wrapper] SKIP MASK: 0x0
[0m[1;34m	threadid 47341421799168 -> core 1 - OK[0m[1;34m
[0m[1;34m	threadid 47341423900416 -> core 2 - OK[0m[1;34m
[0m[1;34m	threadid 47341426001664 -> core 3 - OK[0m[1;34m
[0m[1;34m	threadid 47341428102912 -> core 4 - OK[0m[1;34m
[0m[1;34m	threadid 47341430204160 -> core 5 - OK[0m[1;34m
[0m[1;34m	threadid 47341432305408 -> core 6 - OK[0m[1;34m
[0m[1;34m	threadid 47341434406656 -> core 7 - OK[0m[1;34m
[0miterations: 100
Total iterations: 898800400 LUP
FLOP: 11
Total work: 9886804400 FLOP
performance: 2.157782 GLUP/s
Performance in GFLOP/s: 23.735606
size: 9000000
time: 0.416539
[1;34m[pthread wrapper] 
[0m[1;34m[pthread wrapper] MAIN -> 0
[0m[1;34m[pthread wrapper] PIN_MASK: [0m[1;34m0->1  [0m[1;34m1->2  [0m[1;34m2->3  [0m[1;34m3->4  [0m[1;34m4->5  [0m[1;34m5->6  [0m[1;34m6->7  [0m[1;34m
[pthread wrapper] SKIP MASK: 0x0
[0m[1;34m	threadid 46934193280768 -> core 1 - OK[0m[1;34m
[0m[1;34m	threadid 46934195382016 -> core 2 - OK[0m[1;34m
[0m[1;34m	threadid 46934197483264 -> core 3 - OK[0m[1;34m
[0m[1;34m	threadid 46934199584512 -> core 4 - OK[0m[1;34m
[0m[1;34m	threadid 46934201685760 -> core 5 - OK[0m[1;34m
[0m[1;34m	threadid 46934203787008 -> core 6 - OK[0m[1;34m
[0m[1;34m	threadid 46934205888256 -> core 7 - OK[0m[1;34m
[0miterations: 100
Total iterations: 898800400 LUP
FLOP: 11
Total work: 9886804400 FLOP
performance: 2.144566 GLUP/s
Performance in GFLOP/s: 23.590224
size: 9000000
time: 0.419106
[1;34m[pthread wrapper] 
[0m[1;34m[pthread wrapper] MAIN -> 0
[0m[1;34m[pthread wrapper] PIN_MASK: [0m[1;34m0->1  [0m[1;34m1->2  [0m[1;34m2->3  [0m[1;34m3->4  [0m[1;34m4->5  [0m[1;34m5->6  [0m[1;34m6->7  [0m[1;34m
[pthread wrapper] SKIP MASK: 0x0
[0m[1;34m	threadid 47297760610048 -> core 1 - OK[0m[1;34m
[0m[1;34m	threadid 47297762711296 -> core 2 - OK[0m[1;34m
[0m[1;34m	threadid 47297764812544 -> core 3 - OK[0m[1;34m
[0m[1;34m	threadid 47297766913792 -> core 4 - OK[0m[1;34m
[0m[1;34m	threadid 47297769015040 -> core 5 - OK[0m[1;34m
[0m[1;34m	threadid 47297771116288 -> core 6 - OK[0m[1;34m
[0m[1;34m	threadid 47297773217536 -> core 7 - OK[0m[1;34m
[0miterations: 100
Total iterations: 898800400 LUP
FLOP: 11
Total work: 9886804400 FLOP
performance: 2.134624 GLUP/s
Performance in GFLOP/s: 23.480864
size: 9000000
time: 0.421058
[1;34m[pthread wrapper] 
[0m[1;34m[pthread wrapper] MAIN -> 0
[0m[1;34m[pthread wrapper] PIN_MASK: [0m[1;34m0->1  [0m[1;34m1->2  [0m[1;34m2->3  [0m[1;34m3->4  [0m[1;34m4->5  [0m[1;34m5->6  [0m[1;34m6->7  [0m[1;34m
[pthread wrapper] SKIP MASK: 0x0
[0m[1;34m	threadid 47367506605824 -> core 1 - OK[0m[1;34m
[0m[1;34m	threadid 47367508707072 -> core 2 - OK[0m[1;34m
[0m[1;34m	threadid 47367510808320 -> core 3 - OK[0m[1;34m
[0m[1;34m	threadid 47367512909568 -> core 4 - OK[0m[1;34m
[0m[1;34m	threadid 47367515010816 -> core 5 - OK[0m[1;34m
[0m[1;34m	threadid 47367517112064 -> core 6 - OK[0m[1;34m
[0m[1;34m	threadid 47367519213312 -> core 7 - OK[0m[1;34m
[0miterations: 100
Total iterations: 898800400 LUP
FLOP: 11
Total work: 9886804400 FLOP
performance: 2.155851 GLUP/s
Performance in GFLOP/s: 23.714363
size: 9000000
time: 0.416912
[1;34m[pthread wrapper] 
[0m[1;34m[pthread wrapper] MAIN -> 0
[0m[1;34m[pthread wrapper] PIN_MASK: [0m[1;34m0->1  [0m[1;34m1->2  [0m[1;34m2->3  [0m[1;34m3->4  [0m[1;34m4->5  [0m[1;34m5->6  [0m[1;34m6->7  [0m[1;34m
[pthread wrapper] SKIP MASK: 0x0
[0m[1;34m	threadid 47878785963776 -> core 1 - OK[0m[1;34m
[0m[1;34m	threadid 47878788065024 -> core 2 - OK[0m[1;34m
[0m[1;34m	threadid 47878790166272 -> core 3 - OK[0m[1;34m
[0m[1;34m	threadid 47878792267520 -> core 4 - OK[0m[1;34m
[0m[1;34m	threadid 47878794368768 -> core 5 - OK[0m[1;34m
[0m[1;34m	threadid 47878796470016 -> core 6 - OK[0m[1;34m
[0m[1;34m	threadid 47878798571264 -> core 7 - OK[0m[1;34m
[0miterations: 100
Total iterations: 898800400 LUP
FLOP: 11
Total work: 9886804400 FLOP
performance: 2.144049 GLUP/s
Performance in GFLOP/s: 23.584535
size: 9000000
time: 0.419207
