[1;34m[pthread wrapper] 
[0m[1;34m[pthread wrapper] MAIN -> 0
[0m[1;34m[pthread wrapper] PIN_MASK: [0m[1;34m0->1  [0m[1;34m1->2  [0m[1;34m2->3  [0m[1;34m3->10  [0m[1;34m4->11  [0m[1;34m5->12  [0m[1;34m6->13  [0m[1;34m
[pthread wrapper] SKIP MASK: 0x0
[0m[1;34m	threadid 47833875797760 -> core 1 - OK[0m[1;34m
[0m[1;34m	threadid 47833877899008 -> core 2 - OK[0m[1;34m
[0m[1;34m	threadid 47833880000256 -> core 3 - OK[0m[1;34m
[0m[1;34m	threadid 47833882101504 -> core 10 - OK[0m[1;34m
[0m[1;34m	threadid 47833884202752 -> core 11 - OK[0m[1;34m
[0m[1;34m	threadid 47833886304000 -> core 12 - OK[0m[1;34m
[0m[1;34m	threadid 47833888405248 -> core 13 - OK[0m[1;34m
[0miterations: 120
Total iterations: 1078560480 LUP
FLOP: 11
Total work: 11864165280 FLOP
performance: 3.536808 GLUP/s
Performance in GFLOP/s: 38.904885
size: 9000000
time: 0.304953
[1;34m[pthread wrapper] 
[0m[1;34m[pthread wrapper] MAIN -> 0
[0m[1;34m[pthread wrapper] PIN_MASK: [0m[1;34m0->1  [0m[1;34m1->2  [0m[1;34m2->3  [0m[1;34m3->10  [0m[1;34m4->11  [0m[1;34m5->12  [0m[1;34m6->13  [0m[1;34m
[pthread wrapper] SKIP MASK: 0x0
[0m[1;34m	threadid 47431469963008 -> core 1 - OK[0m[1;34m
[0m[1;34m	threadid 47431472064256 -> core 2 - OK[0m[1;34m
[0m[1;34m	threadid 47431474165504 -> core 3 - OK[0m[1;34m
[0m[1;34m	threadid 47431476266752 -> core 10 - OK[0m[1;34m
[0m[1;34m	threadid 47431478368000 -> core 11 - OK[0m[1;34m
[0m[1;34m	threadid 47431480469248 -> core 12 - OK[0m[1;34m
[0m[1;34m	threadid 47431482570496 -> core 13 - OK[0m[1;34m
[0miterations: 120
Total iterations: 1078560480 LUP
FLOP: 11
Total work: 11864165280 FLOP
performance: 3.515277 GLUP/s
Performance in GFLOP/s: 38.668052
size: 9000000
time: 0.306821
[1;34m[pthread wrapper] 
[0m[1;34m[pthread wrapper] MAIN -> 0
[0m[1;34m[pthread wrapper] PIN_MASK: [0m[1;34m0->1  [0m[1;34m1->2  [0m[1;34m2->3  [0m[1;34m3->10  [0m[1;34m4->11  [0m[1;34m5->12  [0m[1;34m6->13  [0m[1;34m
[pthread wrapper] SKIP MASK: 0x0
[0m[1;34m	threadid 47850565302016 -> core 1 - OK[0m[1;34m
[0m[1;34m	threadid 47850567403264 -> core 2 - OK[0m[1;34m
[0m[1;34m	threadid 47850569504512 -> core 3 - OK[0m[1;34m
[0m[1;34m	threadid 47850571605760 -> core 10 - OK[0m[1;34m
[0m[1;34m	threadid 47850573707008 -> core 11 - OK[0m[1;34m
[0m[1;34m	threadid 47850575808256 -> core 12 - OK[0m[1;34m
[0m[1;34m	threadid 47850577909504 -> core 13 - OK[0m[1;34m
[0miterations: 120
Total iterations: 1078560480 LUP
FLOP: 11
Total work: 11864165280 FLOP
performance: 3.515996 GLUP/s
Performance in GFLOP/s: 38.675956
size: 9000000
time: 0.306758
[1;34m[pthread wrapper] 
[0m[1;34m[pthread wrapper] MAIN -> 0
[0m[1;34m[pthread wrapper] PIN_MASK: [0m[1;34m0->1  [0m[1;34m1->2  [0m[1;34m2->3  [0m[1;34m3->10  [0m[1;34m4->11  [0m[1;34m5->12  [0m[1;34m6->13  [0m[1;34m
[pthread wrapper] SKIP MASK: 0x0
[0m[1;34m	threadid 47524722972416 -> core 1 - OK[0m[1;34m
[0m[1;34m	threadid 47524725073664 -> core 2 - OK[0m[1;34m
[0m[1;34m	threadid 47524727174912 -> core 3 - OK[0m[1;34m
[0m[1;34m	threadid 47524729276160 -> core 10 - OK[0m[1;34m
[0m[1;34m	threadid 47524731377408 -> core 11 - OK[0m[1;34m
[0m[1;34m	threadid 47524733478656 -> core 12 - OK[0m[1;34m
[0m[1;34m	threadid 47524735579904 -> core 13 - OK[0m[1;34m
[0miterations: 120
Total iterations: 1078560480 LUP
FLOP: 11
Total work: 11864165280 FLOP
performance: 3.571806 GLUP/s
Performance in GFLOP/s: 39.289869
size: 9000000
time: 0.301965
[1;34m[pthread wrapper] 
[0m[1;34m[pthread wrapper] MAIN -> 0
[0m[1;34m[pthread wrapper] PIN_MASK: [0m[1;34m0->1  [0m[1;34m1->2  [0m[1;34m2->3  [0m[1;34m3->10  [0m[1;34m4->11  [0m[1;34m5->12  [0m[1;34m6->13  [0m[1;34m
[pthread wrapper] SKIP MASK: 0x0
[0m[1;34m	threadid 47851800008448 -> core 1 - OK[0m[1;34m
[0m[1;34m	threadid 47851802109696 -> core 2 - OK[0m[1;34m
[0m[1;34m	threadid 47851804210944 -> core 3 - OK[0m[1;34m
[0m[1;34m	threadid 47851806312192 -> core 10 - OK[0m[1;34m
[0m[1;34m	threadid 47851808413440 -> core 11 - OK[0m[1;34m
[0m[1;34m	threadid 47851810514688 -> core 12 - OK[0m[1;34m
[0m[1;34m	threadid 47851812615936 -> core 13 - OK[0m[1;34m
[0miterations: 120
Total iterations: 1078560480 LUP
FLOP: 11
Total work: 11864165280 FLOP
performance: 3.560783 GLUP/s
Performance in GFLOP/s: 39.168609
size: 9000000
time: 0.302900
[1;34m[pthread wrapper] 
[0m[1;34m[pthread wrapper] MAIN -> 0
[0m[1;34m[pthread wrapper] PIN_MASK: [0m[1;34m0->1  [0m[1;34m1->2  [0m[1;34m2->3  [0m[1;34m3->10  [0m[1;34m4->11  [0m[1;34m5->12  [0m[1;34m6->13  [0m[1;34m
[pthread wrapper] SKIP MASK: 0x0
[0m[1;34m	threadid 47129242175232 -> core 1 - OK[0m[1;34m
[0m[1;34m	threadid 47129244276480 -> core 2 - OK[0m[1;34m
[0m[1;34m	threadid 47129246377728 -> core 3 - OK[0m[1;34m
[0m[1;34m	threadid 47129248478976 -> core 10 - OK[0m[1;34m
[0m[1;34m	threadid 47129250580224 -> core 11 - OK[0m[1;34m
[0m[1;34m	threadid 47129252681472 -> core 12 - OK[0m[1;34m
[0m[1;34m	threadid 47129254782720 -> core 13 - OK[0m[1;34m
[0miterations: 120
Total iterations: 1078560480 LUP
FLOP: 11
Total work: 11864165280 FLOP
performance: 3.543001 GLUP/s
Performance in GFLOP/s: 38.973016
size: 9000000
time: 0.304420
[1;34m[pthread wrapper] 
[0m[1;34m[pthread wrapper] MAIN -> 0
[0m[1;34m[pthread wrapper] PIN_MASK: [0m[1;34m0->1  [0m[1;34m1->2  [0m[1;34m2->3  [0m[1;34m3->10  [0m[1;34m4->11  [0m[1;34m5->12  [0m[1;34m6->13  [0m[1;34m
[pthread wrapper] SKIP MASK: 0x0
[0m[1;34m	threadid 47112187877120 -> core 1 - OK[0m[1;34m
[0m[1;34m	threadid 47112189978368 -> core 2 - OK[0m[1;34m
[0m[1;34m	threadid 47112192079616 -> core 3 - OK[0m[1;34m
[0m[1;34m	threadid 47112194180864 -> core 10 - OK[0m[1;34m
[0m[1;34m	threadid 47112196282112 -> core 11 - OK[0m[1;34m
[0m[1;34m	threadid 47112198383360 -> core 12 - OK[0m[1;34m
[0m[1;34m	threadid 47112200484608 -> core 13 - OK[0m[1;34m
[0miterations: 120
Total iterations: 1078560480 LUP
FLOP: 11
Total work: 11864165280 FLOP
performance: 3.443952 GLUP/s
Performance in GFLOP/s: 37.883476
size: 9000000
time: 0.313175
[1;34m[pthread wrapper] 
[0m[1;34m[pthread wrapper] MAIN -> 0
[0m[1;34m[pthread wrapper] PIN_MASK: [0m[1;34m0->1  [0m[1;34m1->2  [0m[1;34m2->3  [0m[1;34m3->10  [0m[1;34m4->11  [0m[1;34m5->12  [0m[1;34m6->13  [0m[1;34m
[pthread wrapper] SKIP MASK: 0x0
[0m[1;34m	threadid 46961653208832 -> core 1 - OK[0m[1;34m
[0m[1;34m	threadid 46961655310080 -> core 2 - OK[0m[1;34m
[0m[1;34m	threadid 46961657411328 -> core 3 - OK[0m[1;34m
[0m[1;34m	threadid 46961659512576 -> core 10 - OK[0m[1;34m
[0m[1;34m	threadid 46961661613824 -> core 11 - OK[0m[1;34m
[0m[1;34m	threadid 46961663715072 -> core 12 - OK[0m[1;34m
[0m[1;34m	threadid 46961665816320 -> core 13 - OK[0m[1;34m
[0miterations: 120
Total iterations: 1078560480 LUP
FLOP: 11
Total work: 11864165280 FLOP
performance: 3.536103 GLUP/s
Performance in GFLOP/s: 38.897131
size: 9000000
time: 0.305014
[1;34m[pthread wrapper] 
[0m[1;34m[pthread wrapper] MAIN -> 0
[0m[1;34m[pthread wrapper] PIN_MASK: [0m[1;34m0->1  [0m[1;34m1->2  [0m[1;34m2->3  [0m[1;34m3->10  [0m[1;34m4->11  [0m[1;34m5->12  [0m[1;34m6->13  [0m[1;34m
[pthread wrapper] SKIP MASK: 0x0
[0m[1;34m	threadid 47025478571776 -> core 1 - OK[0m[1;34m
[0m[1;34m	threadid 47025480673024 -> core 2 - OK[0m[1;34m
[0m[1;34m	threadid 47025482774272 -> core 3 - OK[0m[1;34m
[0m[1;34m	threadid 47025484875520 -> core 10 - OK[0m[1;34m
[0m[1;34m	threadid 47025486976768 -> core 11 - OK[0m[1;34m
[0m[1;34m	threadid 47025489078016 -> core 12 - OK[0m[1;34m
[0m[1;34m	threadid 47025491179264 -> core 13 - OK[0m[1;34m
[0miterations: 120
Total iterations: 1078560480 LUP
FLOP: 11
Total work: 11864165280 FLOP
performance: 3.503297 GLUP/s
Performance in GFLOP/s: 38.536264
size: 9000000
time: 0.307870
[1;34m[pthread wrapper] 
[0m[1;34m[pthread wrapper] MAIN -> 0
[0m[1;34m[pthread wrapper] PIN_MASK: [0m[1;34m0->1  [0m[1;34m1->2  [0m[1;34m2->3  [0m[1;34m3->10  [0m[1;34m4->11  [0m[1;34m5->12  [0m[1;34m6->13  [0m[1;34m
[pthread wrapper] SKIP MASK: 0x0
[0m[1;34m	threadid 47584348280576 -> core 1 - OK[0m[1;34m
[0m[1;34m	threadid 47584350381824 -> core 2 - OK[0m[1;34m
[0m[1;34m	threadid 47584352483072 -> core 3 - OK[0m[1;34m
[0m[1;34m	threadid 47584354584320 -> core 10 - OK[0m[1;34m
[0m[1;34m	threadid 47584356685568 -> core 11 - OK[0m[1;34m
[0m[1;34m	threadid 47584358786816 -> core 12 - OK[0m[1;34m
[0m[1;34m	threadid 47584360888064 -> core 13 - OK[0m[1;34m
[0miterations: 120
Total iterations: 1078560480 LUP
FLOP: 11
Total work: 11864165280 FLOP
performance: 3.536034 GLUP/s
Performance in GFLOP/s: 38.896370
size: 9000000
time: 0.305020
