iterations: 120
Total iterations: 1078560480 LUP
FLOP: 11
Total work: 11864165280 FLOP
performance: 3.410218 GLUP/s
Performance in GFLOP/s: 37.512394
size: 9000000
time: 0.316273
iterations: 120
Total iterations: 1078560480 LUP
FLOP: 11
Total work: 11864165280 FLOP
performance: 3.390377 GLUP/s
Performance in GFLOP/s: 37.294147
size: 9000000
time: 0.318124
iterations: 120
Total iterations: 1078560480 LUP
FLOP: 11
Total work: 11864165280 FLOP
performance: 3.027274 GLUP/s
Performance in GFLOP/s: 33.300018
size: 9000000
time: 0.356281
iterations: 120
Total iterations: 1078560480 LUP
FLOP: 11
Total work: 11864165280 FLOP
performance: 3.398081 GLUP/s
Performance in GFLOP/s: 37.378888
size: 9000000
time: 0.317403
iterations: 120
Total iterations: 1078560480 LUP
FLOP: 11
Total work: 11864165280 FLOP
performance: 3.009620 GLUP/s
Performance in GFLOP/s: 33.105817
size: 9000000
time: 0.358371
iterations: 120
Total iterations: 1078560480 LUP
FLOP: 11
Total work: 11864165280 FLOP
performance: 3.418544 GLUP/s
Performance in GFLOP/s: 37.603984
size: 9000000
time: 0.315503
iterations: 120
Total iterations: 1078560480 LUP
FLOP: 11
Total work: 11864165280 FLOP
performance: 2.680885 GLUP/s
Performance in GFLOP/s: 29.489731
size: 9000000
time: 0.402315
iterations: 120
Total iterations: 1078560480 LUP
FLOP: 11
Total work: 11864165280 FLOP
performance: 2.965898 GLUP/s
Performance in GFLOP/s: 32.624881
size: 9000000
time: 0.363654
iterations: 120
Total iterations: 1078560480 LUP
FLOP: 11
Total work: 11864165280 FLOP
performance: 3.326026 GLUP/s
Performance in GFLOP/s: 36.586281
size: 9000000
time: 0.324279
iterations: 120
Total iterations: 1078560480 LUP
FLOP: 11
Total work: 11864165280 FLOP
performance: 3.002656 GLUP/s
Performance in GFLOP/s: 33.029216
size: 9000000
time: 0.359202
