[1;34m[pthread wrapper] 
[0m[1;34m[pthread wrapper] MAIN -> 0
[0m[1;34m[pthread wrapper] PIN_MASK: [0m[1;34m0->1  [0m[1;34m1->2  [0m[1;34m2->3  [0m[1;34m
[pthread wrapper] SKIP MASK: 0x0
[0m[1;34m	threadid 47728331687680 -> core 1 - OK[0m[1;34m
[0m[1;34m	threadid 47728333788928 -> core 2 - OK[0m[1;34m
[0m[1;34m	threadid 47728335890176 -> core 3 - OK[0m[1;34m
[0miterations: 100
Total iterations: 898800400 LUP
FLOP: 11
Total work: 9886804400 FLOP
performance: 1.614805 GLUP/s
Performance in GFLOP/s: 17.762851
size: 9000000
time: 0.556600
[1;34m[pthread wrapper] 
[0m[1;34m[pthread wrapper] MAIN -> 0
[0m[1;34m[pthread wrapper] PIN_MASK: [0m[1;34m0->1  [0m[1;34m1->2  [0m[1;34m2->3  [0m[1;34m
[pthread wrapper] SKIP MASK: 0x0
[0m[1;34m	threadid 47089901569792 -> core 1 - OK[0m[1;34m
[0m[1;34m	threadid 47089903671040 -> core 2 - OK[0m[1;34m
[0m[1;34m	threadid 47089905772288 -> core 3 - OK[0m[1;34m
[0miterations: 100
Total iterations: 898800400 LUP
FLOP: 11
Total work: 9886804400 FLOP
performance: 1.609378 GLUP/s
Performance in GFLOP/s: 17.703156
size: 9000000
time: 0.558477
[1;34m[pthread wrapper] 
[0m[1;34m[pthread wrapper] MAIN -> 0
[0m[1;34m[pthread wrapper] PIN_MASK: [0m[1;34m0->1  [0m[1;34m1->2  [0m[1;34m2->3  [0m[1;34m
[pthread wrapper] SKIP MASK: 0x0
[0m[1;34m	threadid 47097734375168 -> core 1 - OK[0m[1;34m
[0m[1;34m	threadid 47097736476416 -> core 2 - OK[0m[1;34m
[0m[1;34m	threadid 47097738577664 -> core 3 - OK[0m[1;34m
[0miterations: 100
Total iterations: 898800400 LUP
FLOP: 11
Total work: 9886804400 FLOP
performance: 1.611603 GLUP/s
Performance in GFLOP/s: 17.727632
size: 9000000
time: 0.557706
[1;34m[pthread wrapper] 
[0m[1;34m[pthread wrapper] MAIN -> 0
[0m[1;34m[pthread wrapper] PIN_MASK: [0m[1;34m0->1  [0m[1;34m1->2  [0m[1;34m2->3  [0m[1;34m
[pthread wrapper] SKIP MASK: 0x0
[0m[1;34m	threadid 47878616569600 -> core 1 - OK[0m[1;34m
[0m[1;34m	threadid 47878618670848 -> core 2 - OK[0m[1;34m
[0m[1;34m	threadid 47878620772096 -> core 3 - OK[0m[1;34m
[0miterations: 100
Total iterations: 898800400 LUP
FLOP: 11
Total work: 9886804400 FLOP
performance: 1.609303 GLUP/s
Performance in GFLOP/s: 17.702333
size: 9000000
time: 0.558503
[1;34m[pthread wrapper] 
[0m[1;34m[pthread wrapper] MAIN -> 0
[0m[1;34m[pthread wrapper] PIN_MASK: [0m[1;34m0->1  [0m[1;34m1->2  [0m[1;34m2->3  [0m[1;34m
[pthread wrapper] SKIP MASK: 0x0
[0m[1;34m	threadid 47885765293824 -> core 1 - OK[0m[1;34m
[0m[1;34m	threadid 47885767395072 -> core 2 - OK[0m[1;34m
[0m[1;34m	threadid 47885769496320 -> core 3 - OK[0m[1;34m
[0miterations: 100
Total iterations: 898800400 LUP
FLOP: 11
Total work: 9886804400 FLOP
performance: 1.606120 GLUP/s
Performance in GFLOP/s: 17.667315
size: 9000000
time: 0.559610
