[1;34m[pthread wrapper] 
[0m[1;34m[pthread wrapper] MAIN -> 0
[0m[1;34m[pthread wrapper] PIN_MASK: [0m[1;34m0->1  [0m[1;34m1->2  [0m[1;34m2->3  [0m[1;34m3->4  [0m[1;34m4->5  [0m[1;34m5->6  [0m[1;34m6->7  [0m[1;34m
[pthread wrapper] SKIP MASK: 0x0
[0m[1;34m	threadid 47275387774720 -> core 1 - OK[0m[1;34m
[0m[1;34m	threadid 47275389875968 -> core 2 - OK[0m[1;34m
[0m[1;34m	threadid 47275391977216 -> core 3 - OK[0m[1;34m
[0m[1;34m	threadid 47275394078464 -> core 4 - OK[0m[1;34m
[0m[1;34m	threadid 47275396179712 -> core 5 - OK[0m[1;34m
[0m[1;34m	threadid 47275398280960 -> core 6 - OK[0m[1;34m
[0m[1;34m	threadid 47275400382208 -> core 7 - OK[0m[1;34m
[0miterations: 120
Total iterations: 1078560480 LUP
FLOP: 11
Total work: 11864165280 FLOP
performance: 2.211570 GLUP/s
Performance in GFLOP/s: 24.327269
size: 9000000
time: 0.487690
[1;34m[pthread wrapper] 
[0m[1;34m[pthread wrapper] MAIN -> 0
[0m[1;34m[pthread wrapper] PIN_MASK: [0m[1;34m0->1  [0m[1;34m1->2  [0m[1;34m2->3  [0m[1;34m3->4  [0m[1;34m4->5  [0m[1;34m5->6  [0m[1;34m6->7  [0m[1;34m
[pthread wrapper] SKIP MASK: 0x0
[0m[1;34m	threadid 47863991432960 -> core 1 - OK[0m[1;34m
[0m[1;34m	threadid 47863993534208 -> core 2 - OK[0m[1;34m
[0m[1;34m	threadid 47863995635456 -> core 3 - OK[0m[1;34m
[0m[1;34m	threadid 47863997736704 -> core 4 - OK[0m[1;34m
[0m[1;34m	threadid 47863999837952 -> core 5 - OK[0m[1;34m
[0m[1;34m	threadid 47864001939200 -> core 6 - OK[0m[1;34m
[0m[1;34m	threadid 47864004040448 -> core 7 - OK[0m[1;34m
[0miterations: 120
Total iterations: 1078560480 LUP
FLOP: 11
Total work: 11864165280 FLOP
performance: 2.227202 GLUP/s
Performance in GFLOP/s: 24.499223
size: 9000000
time: 0.484267
[1;34m[pthread wrapper] 
[0m[1;34m[pthread wrapper] MAIN -> 0
[0m[1;34m[pthread wrapper] PIN_MASK: [0m[1;34m0->1  [0m[1;34m1->2  [0m[1;34m2->3  [0m[1;34m3->4  [0m[1;34m4->5  [0m[1;34m5->6  [0m[1;34m6->7  [0m[1;34m
[pthread wrapper] SKIP MASK: 0x0
[0m[1;34m	threadid 47865671812864 -> core 1 - OK[0m[1;34m
[0m[1;34m	threadid 47865673914112 -> core 2 - OK[0m[1;34m
[0m[1;34m	threadid 47865676015360 -> core 3 - OK[0m[1;34m
[0m[1;34m	threadid 47865678116608 -> core 4 - OK[0m[1;34m
[0m[1;34m	threadid 47865680217856 -> core 5 - OK[0m[1;34m
[0m[1;34m	threadid 47865682319104 -> core 6 - OK[0m[1;34m
[0m[1;34m	threadid 47865684420352 -> core 7 - OK[0m[1;34m
[0miterations: 120
Total iterations: 1078560480 LUP
FLOP: 11
Total work: 11864165280 FLOP
performance: 2.198416 GLUP/s
Performance in GFLOP/s: 24.182577
size: 9000000
time: 0.490608
[1;34m[pthread wrapper] 
[0m[1;34m[pthread wrapper] MAIN -> 0
[0m[1;34m[pthread wrapper] PIN_MASK: [0m[1;34m0->1  [0m[1;34m1->2  [0m[1;34m2->3  [0m[1;34m3->4  [0m[1;34m4->5  [0m[1;34m5->6  [0m[1;34m6->7  [0m[1;34m
[pthread wrapper] SKIP MASK: 0x0
[0m[1;34m	threadid 47588989720320 -> core 1 - OK[0m[1;34m
[0m[1;34m	threadid 47588991821568 -> core 2 - OK[0m[1;34m
[0m[1;34m	threadid 47588993922816 -> core 3 - OK[0m[1;34m
[0m[1;34m	threadid 47588996024064 -> core 4 - OK[0m[1;34m
[0m[1;34m	threadid 47588998125312 -> core 5 - OK[0m[1;34m
[0m[1;34m	threadid 47589000226560 -> core 6 - OK[0m[1;34m
[0m[1;34m	threadid 47589002327808 -> core 7 - OK[0m[1;34m
[0miterations: 120
Total iterations: 1078560480 LUP
FLOP: 11
Total work: 11864165280 FLOP
performance: 2.229707 GLUP/s
Performance in GFLOP/s: 24.526779
size: 9000000
time: 0.483723
[1;34m[pthread wrapper] 
[0m[1;34m[pthread wrapper] MAIN -> 0
[0m[1;34m[pthread wrapper] PIN_MASK: [0m[1;34m0->1  [0m[1;34m1->2  [0m[1;34m2->3  [0m[1;34m3->4  [0m[1;34m4->5  [0m[1;34m5->6  [0m[1;34m6->7  [0m[1;34m
[pthread wrapper] SKIP MASK: 0x0
[0m[1;34m	threadid 46947662526208 -> core 1 - OK[0m[1;34m
[0m[1;34m	threadid 46947664627456 -> core 2 - OK[0m[1;34m
[0m[1;34m	threadid 46947666728704 -> core 3 - OK[0m[1;34m
[0m[1;34m	threadid 46947668829952 -> core 4 - OK[0m[1;34m
[0m[1;34m	threadid 46947670931200 -> core 5 - OK[0m[1;34m
[0m[1;34m	threadid 46947673032448 -> core 6 - OK[0m[1;34m
[0m[1;34m	threadid 46947675133696 -> core 7 - OK[0m[1;34m
[0miterations: 120
Total iterations: 1078560480 LUP
FLOP: 11
Total work: 11864165280 FLOP
performance: 2.226471 GLUP/s
Performance in GFLOP/s: 24.491181
size: 9000000
time: 0.484426
[1;34m[pthread wrapper] 
[0m[1;34m[pthread wrapper] MAIN -> 0
[0m[1;34m[pthread wrapper] PIN_MASK: [0m[1;34m0->1  [0m[1;34m1->2  [0m[1;34m2->3  [0m[1;34m3->4  [0m[1;34m4->5  [0m[1;34m5->6  [0m[1;34m6->7  [0m[1;34m
[pthread wrapper] SKIP MASK: 0x0
[0m[1;34m	threadid 47889870059264 -> core 1 - OK[0m[1;34m
[0m[1;34m	threadid 47889872160512 -> core 2 - OK[0m[1;34m
[0m[1;34m	threadid 47889874261760 -> core 3 - OK[0m[1;34m
[0m[1;34m	threadid 47889876363008 -> core 4 - OK[0m[1;34m
[0m[1;34m	threadid 47889878464256 -> core 5 - OK[0m[1;34m
[0m[1;34m	threadid 47889880565504 -> core 6 - OK[0m[1;34m
[0m[1;34m	threadid 47889882666752 -> core 7 - OK[0m[1;34m
[0miterations: 120
Total iterations: 1078560480 LUP
FLOP: 11
Total work: 11864165280 FLOP
performance: 2.205087 GLUP/s
Performance in GFLOP/s: 24.255955
size: 9000000
time: 0.489124
[1;34m[pthread wrapper] 
[0m[1;34m[pthread wrapper] MAIN -> 0
[0m[1;34m[pthread wrapper] PIN_MASK: [0m[1;34m0->1  [0m[1;34m1->2  [0m[1;34m2->3  [0m[1;34m3->4  [0m[1;34m4->5  [0m[1;34m5->6  [0m[1;34m6->7  [0m[1;34m
[pthread wrapper] SKIP MASK: 0x0
[0m[1;34m	threadid 47959199864576 -> core 1 - OK[0m[1;34m
[0m[1;34m	threadid 47959201965824 -> core 2 - OK[0m[1;34m
[0m[1;34m	threadid 47959204067072 -> core 3 - OK[0m[1;34m
[0m[1;34m	threadid 47959206168320 -> core 4 - OK[0m[1;34m
[0m[1;34m	threadid 47959208269568 -> core 5 - OK[0m[1;34m
[0m[1;34m	threadid 47959210370816 -> core 6 - OK[0m[1;34m
[0m[1;34m	threadid 47959212472064 -> core 7 - OK[0m[1;34m
[0miterations: 120
Total iterations: 1078560480 LUP
FLOP: 11
Total work: 11864165280 FLOP
performance: 2.209287 GLUP/s
Performance in GFLOP/s: 24.302154
size: 9000000
time: 0.488194
[1;34m[pthread wrapper] 
[0m[1;34m[pthread wrapper] MAIN -> 0
[0m[1;34m[pthread wrapper] PIN_MASK: [0m[1;34m0->1  [0m[1;34m1->2  [0m[1;34m2->3  [0m[1;34m3->4  [0m[1;34m4->5  [0m[1;34m5->6  [0m[1;34m6->7  [0m[1;34m
[pthread wrapper] SKIP MASK: 0x0
[0m[1;34m	threadid 47102916601600 -> core 1 - OK[0m[1;34m
[0m[1;34m	threadid 47102918702848 -> core 2 - OK[0m[1;34m
[0m[1;34m	threadid 47102920804096 -> core 3 - OK[0m[1;34m
[0m[1;34m	threadid 47102922905344 -> core 4 - OK[0m[1;34m
[0m[1;34m	threadid 47102925006592 -> core 5 - OK[0m[1;34m
[0m[1;34m	threadid 47102927107840 -> core 6 - OK[0m[1;34m
[0m[1;34m	threadid 47102929209088 -> core 7 - OK[0m[1;34m
[0miterations: 120
Total iterations: 1078560480 LUP
FLOP: 11
Total work: 11864165280 FLOP
performance: 2.224207 GLUP/s
Performance in GFLOP/s: 24.466279
size: 9000000
time: 0.484919
[1;34m[pthread wrapper] 
[0m[1;34m[pthread wrapper] MAIN -> 0
[0m[1;34m[pthread wrapper] PIN_MASK: [0m[1;34m0->1  [0m[1;34m1->2  [0m[1;34m2->3  [0m[1;34m3->4  [0m[1;34m4->5  [0m[1;34m5->6  [0m[1;34m6->7  [0m[1;34m
[pthread wrapper] SKIP MASK: 0x0
[0m[1;34m	threadid 47665070376704 -> core 1 - OK[0m[1;34m
[0m[1;34m	threadid 47665072477952 -> core 2 - OK[0m[1;34m
[0m[1;34m	threadid 47665074579200 -> core 3 - OK[0m[1;34m
[0m[1;34m	threadid 47665076680448 -> core 4 - OK[0m[1;34m
[0m[1;34m	threadid 47665078781696 -> core 5 - OK[0m[1;34m
[0m[1;34m	threadid 47665080882944 -> core 6 - OK[0m[1;34m
[0m[1;34m	threadid 47665082984192 -> core 7 - OK[0m[1;34m
[0miterations: 120
Total iterations: 1078560480 LUP
FLOP: 11
Total work: 11864165280 FLOP
performance: 2.230288 GLUP/s
Performance in GFLOP/s: 24.533164
size: 9000000
time: 0.483597
[1;34m[pthread wrapper] 
[0m[1;34m[pthread wrapper] MAIN -> 0
[0m[1;34m[pthread wrapper] PIN_MASK: [0m[1;34m0->1  [0m[1;34m1->2  [0m[1;34m2->3  [0m[1;34m3->4  [0m[1;34m4->5  [0m[1;34m5->6  [0m[1;34m6->7  [0m[1;34m
[pthread wrapper] SKIP MASK: 0x0
[0m[1;34m	threadid 47742925801216 -> core 1 - OK[0m[1;34m
[0m[1;34m	threadid 47742927902464 -> core 2 - OK[0m[1;34m
[0m[1;34m	threadid 47742930003712 -> core 3 - OK[0m[1;34m
[0m[1;34m	threadid 47742932104960 -> core 4 - OK[0m[1;34m
[0m[1;34m	threadid 47742934206208 -> core 5 - OK[0m[1;34m
[0m[1;34m	threadid 47742936307456 -> core 6 - OK[0m[1;34m
[0m[1;34m	threadid 47742938408704 -> core 7 - OK[0m[1;34m
[0miterations: 120
Total iterations: 1078560480 LUP
FLOP: 11
Total work: 11864165280 FLOP
performance: 2.221436 GLUP/s
Performance in GFLOP/s: 24.435799
size: 9000000
time: 0.485524
