iterations: 120
Total iterations: 1078560480 LUP
FLOP: 11
Total work: 11864165280 FLOP
performance: 3.404556 GLUP/s
Performance in GFLOP/s: 37.450116
size: 9000000
time: 0.316799
iterations: 120
Total iterations: 1078560480 LUP
FLOP: 11
Total work: 11864165280 FLOP
performance: 3.653561 GLUP/s
Performance in GFLOP/s: 40.189176
size: 9000000
time: 0.295208
iterations: 120
Total iterations: 1078560480 LUP
FLOP: 11
Total work: 11864165280 FLOP
performance: 2.965301 GLUP/s
Performance in GFLOP/s: 32.618316
size: 9000000
time: 0.363727
iterations: 120
Total iterations: 1078560480 LUP
FLOP: 11
Total work: 11864165280 FLOP
performance: 3.270199 GLUP/s
Performance in GFLOP/s: 35.972192
size: 9000000
time: 0.329815
iterations: 120
Total iterations: 1078560480 LUP
FLOP: 11
Total work: 11864165280 FLOP
performance: 2.857462 GLUP/s
Performance in GFLOP/s: 31.432079
size: 9000000
time: 0.377454
iterations: 120
Total iterations: 1078560480 LUP
FLOP: 11
Total work: 11864165280 FLOP
performance: 3.362443 GLUP/s
Performance in GFLOP/s: 36.986872
size: 9000000
time: 0.320767
iterations: 120
Total iterations: 1078560480 LUP
FLOP: 11
Total work: 11864165280 FLOP
performance: 3.241325 GLUP/s
Performance in GFLOP/s: 35.654577
size: 9000000
time: 0.332753
iterations: 120
Total iterations: 1078560480 LUP
FLOP: 11
Total work: 11864165280 FLOP
performance: 2.676049 GLUP/s
Performance in GFLOP/s: 29.436543
size: 9000000
time: 0.403042
iterations: 120
Total iterations: 1078560480 LUP
FLOP: 11
Total work: 11864165280 FLOP
performance: 3.352108 GLUP/s
Performance in GFLOP/s: 36.873188
size: 9000000
time: 0.321756
iterations: 120
Total iterations: 1078560480 LUP
FLOP: 11
Total work: 11864165280 FLOP
performance: 2.640630 GLUP/s
Performance in GFLOP/s: 29.046926
size: 9000000
time: 0.408448
