[1;34m[pthread wrapper] 
[0m[1;34m[pthread wrapper] MAIN -> 0
[0m[1;34m[pthread wrapper] PIN_MASK: [0m[1;34m0->1  [0m[1;34m1->2  [0m[1;34m2->3  [0m[1;34m3->4  [0m[1;34m4->5  [0m[1;34m5->6  [0m[1;34m6->7  [0m[1;34m7->8  [0m[1;34m8->9  [0m[1;34m9->10  [0m[1;34m10->11  [0m[1;34m11->12  [0m[1;34m12->13  [0m[1;34m13->14  [0m[1;34m14->15  [0m[1;34m15->16  [0m[1;34m16->17  [0m[1;34m17->18  [0m[1;34m18->19  [0m[1;34m
[pthread wrapper] SKIP MASK: 0x0
[0m[1;34m	threadid 47676150769408 -> core 1 - OK[0m[1;34m
[0m[1;34m	threadid 47676152870656 -> core 2 - OK[0m[1;34m
[0m[1;34m	threadid 47676154971904 -> core 3 - OK[0m[1;34m
[0m[1;34m	threadid 47676157073152 -> core 4 - OK[0m[1;34m
[0m[1;34m	threadid 47676159174400 -> core 5 - OK[0m[1;34m
[0m[1;34m	threadid 47676161275648 -> core 6 - OK[0m[1;34m
[0m[1;34m	threadid 47676163376896 -> core 7 - OK[0m[1;34m
[0m[1;34m	threadid 47676165478144 -> core 8 - OK[0m[1;34m
[0m[1;34m	threadid 47676167579392 -> core 9 - OK[0m[1;34m
[0m[1;34m	threadid 47676169680640 -> core 10 - OK[0m[1;34m
[0m[1;34m	threadid 47676171781888 -> core 11 - OK[0m[1;34m
[0m[1;34m	threadid 47676173883136 -> core 12 - OK[0m[1;34m
[0m[1;34m	threadid 47676175984384 -> core 13 - OK[0m[1;34m
[0m[1;34m	threadid 47676178085632 -> core 14 - OK[0m[1;34m
[0m[1;34m	threadid 47676180186880 -> core 15 - OK[0m[1;34m
[0m[1;34m	threadid 47676182288128 -> core 16 - OK[0m[1;34m
[0m[1;34m	threadid 47676184389376 -> core 17 - OK[0m[1;34m
[0m[1;34m	threadid 47676186490624 -> core 18 - OK[0m[1;34m
[0m[1;34m	threadid 47676188591872 -> core 19 - OK[0m[1;34m
[0miterations: 120
Total iterations: 1078560480 LUP
FLOP: 11
Total work: 11864165280 FLOP
performance: 4.305512 GLUP/s
Performance in GFLOP/s: 47.360637
size: 9000000
time: 0.250507
[1;34m[pthread wrapper] 
[0m[1;34m[pthread wrapper] MAIN -> 0
[0m[1;34m[pthread wrapper] PIN_MASK: [0m[1;34m0->1  [0m[1;34m1->2  [0m[1;34m2->3  [0m[1;34m3->4  [0m[1;34m4->5  [0m[1;34m5->6  [0m[1;34m6->7  [0m[1;34m7->8  [0m[1;34m8->9  [0m[1;34m9->10  [0m[1;34m10->11  [0m[1;34m11->12  [0m[1;34m12->13  [0m[1;34m13->14  [0m[1;34m14->15  [0m[1;34m15->16  [0m[1;34m16->17  [0m[1;34m17->18  [0m[1;34m18->19  [0m[1;34m
[pthread wrapper] SKIP MASK: 0x0
[0m[1;34m	threadid 47737169217280 -> core 1 - OK[0m[1;34m
[0m[1;34m	threadid 47737171318528 -> core 2 - OK[0m[1;34m
[0m[1;34m	threadid 47737173419776 -> core 3 - OK[0m[1;34m
[0m[1;34m	threadid 47737175521024 -> core 4 - OK[0m[1;34m
[0m[1;34m	threadid 47737177622272 -> core 5 - OK[0m[1;34m
[0m[1;34m	threadid 47737179723520 -> core 6 - OK[0m[1;34m
[0m[1;34m	threadid 47737181824768 -> core 7 - OK[0m[1;34m
[0m[1;34m	threadid 47737183926016 -> core 8 - OK[0m[1;34m
[0m[1;34m	threadid 47737186027264 -> core 9 - OK[0m[1;34m
[0m[1;34m	threadid 47737188128512 -> core 10 - OK[0m[1;34m
[0m[1;34m	threadid 47737190229760 -> core 11 - OK[0m[1;34m
[0m[1;34m	threadid 47737192331008 -> core 12 - OK[0m[1;34m
[0m[1;34m	threadid 47737194432256 -> core 13 - OK[0m[1;34m
[0m[1;34m	threadid 47737196533504 -> core 14 - OK[0m[1;34m
[0m[1;34m	threadid 47737198634752 -> core 15 - OK[0m[1;34m
[0m[1;34m	threadid 47737200736000 -> core 16 - OK[0m[1;34m
[0m[1;34m	threadid 47737202837248 -> core 17 - OK[0m[1;34m
[0m[1;34m	threadid 47737204938496 -> core 18 - OK[0m[1;34m
[0m[1;34m	threadid 47737207039744 -> core 19 - OK[0m[1;34m
[0miterations: 120
Total iterations: 1078560480 LUP
FLOP: 11
Total work: 11864165280 FLOP
performance: 4.220232 GLUP/s
Performance in GFLOP/s: 46.422556
size: 9000000
time: 0.255569
[1;34m[pthread wrapper] 
[0m[1;34m[pthread wrapper] MAIN -> 0
[0m[1;34m[pthread wrapper] PIN_MASK: [0m[1;34m0->1  [0m[1;34m1->2  [0m[1;34m2->3  [0m[1;34m3->4  [0m[1;34m4->5  [0m[1;34m5->6  [0m[1;34m6->7  [0m[1;34m7->8  [0m[1;34m8->9  [0m[1;34m9->10  [0m[1;34m10->11  [0m[1;34m11->12  [0m[1;34m12->13  [0m[1;34m13->14  [0m[1;34m14->15  [0m[1;34m15->16  [0m[1;34m16->17  [0m[1;34m17->18  [0m[1;34m18->19  [0m[1;34m
[pthread wrapper] SKIP MASK: 0x0
[0m[1;34m	threadid 47304693257984 -> core 1 - OK[0m[1;34m
[0m[1;34m	threadid 47304695359232 -> core 2 - OK[0m[1;34m
[0m[1;34m	threadid 47304697460480 -> core 3 - OK[0m[1;34m
[0m[1;34m	threadid 47304699561728 -> core 4 - OK[0m[1;34m
[0m[1;34m	threadid 47304701662976 -> core 5 - OK[0m[1;34m
[0m[1;34m	threadid 47304703764224 -> core 6 - OK[0m[1;34m
[0m[1;34m	threadid 47304705865472 -> core 7 - OK[0m[1;34m
[0m[1;34m	threadid 47304707966720 -> core 8 - OK[0m[1;34m
[0m[1;34m	threadid 47304710067968 -> core 9 - OK[0m[1;34m
[0m[1;34m	threadid 47304712169216 -> core 10 - OK[0m[1;34m
[0m[1;34m	threadid 47304714270464 -> core 11 - OK[0m[1;34m
[0m[1;34m	threadid 47304716371712 -> core 12 - OK[0m[1;34m
[0m[1;34m	threadid 47304718472960 -> core 13 - OK[0m[1;34m
[0m[1;34m	threadid 47304720574208 -> core 14 - OK[0m[1;34m
[0m[1;34m	threadid 47304722675456 -> core 15 - OK[0m[1;34m
[0m[1;34m	threadid 47304724776704 -> core 16 - OK[0m[1;34m
[0m[1;34m	threadid 47304726877952 -> core 17 - OK[0m[1;34m
[0m[1;34m	threadid 47304728979200 -> core 18 - OK[0m[1;34m
[0m[1;34m	threadid 47304731080448 -> core 19 - OK[0m[1;34m
[0miterations: 120
Total iterations: 1078560480 LUP
FLOP: 11
Total work: 11864165280 FLOP
performance: 4.295908 GLUP/s
Performance in GFLOP/s: 47.254991
size: 9000000
time: 0.251067
[1;34m[pthread wrapper] 
[0m[1;34m[pthread wrapper] MAIN -> 0
[0m[1;34m[pthread wrapper] PIN_MASK: [0m[1;34m0->1  [0m[1;34m1->2  [0m[1;34m2->3  [0m[1;34m3->4  [0m[1;34m4->5  [0m[1;34m5->6  [0m[1;34m6->7  [0m[1;34m7->8  [0m[1;34m8->9  [0m[1;34m9->10  [0m[1;34m10->11  [0m[1;34m11->12  [0m[1;34m12->13  [0m[1;34m13->14  [0m[1;34m14->15  [0m[1;34m15->16  [0m[1;34m16->17  [0m[1;34m17->18  [0m[1;34m18->19  [0m[1;34m
[pthread wrapper] SKIP MASK: 0x0
[0m[1;34m	threadid 47858924041984 -> core 1 - OK[0m[1;34m
[0m[1;34m	threadid 47858926143232 -> core 2 - OK[0m[1;34m
[0m[1;34m	threadid 47858928244480 -> core 3 - OK[0m[1;34m
[0m[1;34m	threadid 47858930345728 -> core 4 - OK[0m[1;34m
[0m[1;34m	threadid 47858932446976 -> core 5 - OK[0m[1;34m
[0m[1;34m	threadid 47858934548224 -> core 6 - OK[0m[1;34m
[0m[1;34m	threadid 47858936649472 -> core 7 - OK[0m[1;34m
[0m[1;34m	threadid 47858938750720 -> core 8 - OK[0m[1;34m
[0m[1;34m	threadid 47858940851968 -> core 9 - OK[0m[1;34m
[0m[1;34m	threadid 47858942953216 -> core 10 - OK[0m[1;34m
[0m[1;34m	threadid 47858945054464 -> core 11 - OK[0m[1;34m
[0m[1;34m	threadid 47858947155712 -> core 12 - OK[0m[1;34m
[0m[1;34m	threadid 47858949256960 -> core 13 - OK[0m[1;34m
[0m[1;34m	threadid 47858951358208 -> core 14 - OK[0m[1;34m
[0m[1;34m	threadid 47858953459456 -> core 15 - OK[0m[1;34m
[0m[1;34m	threadid 47858955560704 -> core 16 - OK[0m[1;34m
[0m[1;34m	threadid 47858957661952 -> core 17 - OK[0m[1;34m
[0m[1;34m	threadid 47858959763200 -> core 18 - OK[0m[1;34m
[0m[1;34m	threadid 47858961864448 -> core 19 - OK[0m[1;34m
[0miterations: 120
Total iterations: 1078560480 LUP
FLOP: 11
Total work: 11864165280 FLOP
performance: 4.221422 GLUP/s
Performance in GFLOP/s: 46.435638
size: 9000000
time: 0.255497
[1;34m[pthread wrapper] 
[0m[1;34m[pthread wrapper] MAIN -> 0
[0m[1;34m[pthread wrapper] PIN_MASK: [0m[1;34m0->1  [0m[1;34m1->2  [0m[1;34m2->3  [0m[1;34m3->4  [0m[1;34m4->5  [0m[1;34m5->6  [0m[1;34m6->7  [0m[1;34m7->8  [0m[1;34m8->9  [0m[1;34m9->10  [0m[1;34m10->11  [0m[1;34m11->12  [0m[1;34m12->13  [0m[1;34m13->14  [0m[1;34m14->15  [0m[1;34m15->16  [0m[1;34m16->17  [0m[1;34m17->18  [0m[1;34m18->19  [0m[1;34m
[pthread wrapper] SKIP MASK: 0x0
[0m[1;34m	threadid 47029581588224 -> core 1 - OK[0m[1;34m
[0m[1;34m	threadid 47029583689472 -> core 2 - OK[0m[1;34m
[0m[1;34m	threadid 47029585790720 -> core 3 - OK[0m[1;34m
[0m[1;34m	threadid 47029587891968 -> core 4 - OK[0m[1;34m
[0m[1;34m	threadid 47029589993216 -> core 5 - OK[0m[1;34m
[0m[1;34m	threadid 47029592094464 -> core 6 - OK[0m[1;34m
[0m[1;34m	threadid 47029594195712 -> core 7 - OK[0m[1;34m
[0m[1;34m	threadid 47029596296960 -> core 8 - OK[0m[1;34m
[0m[1;34m	threadid 47029598398208 -> core 9 - OK[0m[1;34m
[0m[1;34m	threadid 47029600499456 -> core 10 - OK[0m[1;34m
[0m[1;34m	threadid 47029602600704 -> core 11 - OK[0m[1;34m
[0m[1;34m	threadid 47029604701952 -> core 12 - OK[0m[1;34m
[0m[1;34m	threadid 47029606803200 -> core 13 - OK[0m[1;34m
[0m[1;34m	threadid 47029608904448 -> core 14 - OK[0m[1;34m
[0m[1;34m	threadid 47029611005696 -> core 15 - OK[0m[1;34m
[0m[1;34m	threadid 47029613106944 -> core 16 - OK[0m[1;34m
[0m[1;34m	threadid 47029615208192 -> core 17 - OK[0m[1;34m
[0m[1;34m	threadid 47029617309440 -> core 18 - OK[0m[1;34m
[0m[1;34m	threadid 47029619410688 -> core 19 - OK[0m[1;34m
[0miterations: 120
Total iterations: 1078560480 LUP
FLOP: 11
Total work: 11864165280 FLOP
performance: 4.268720 GLUP/s
Performance in GFLOP/s: 46.955924
size: 9000000
time: 0.252666
[1;34m[pthread wrapper] 
[0m[1;34m[pthread wrapper] MAIN -> 0
[0m[1;34m[pthread wrapper] PIN_MASK: [0m[1;34m0->1  [0m[1;34m1->2  [0m[1;34m2->3  [0m[1;34m3->4  [0m[1;34m4->5  [0m[1;34m5->6  [0m[1;34m6->7  [0m[1;34m7->8  [0m[1;34m8->9  [0m[1;34m9->10  [0m[1;34m10->11  [0m[1;34m11->12  [0m[1;34m12->13  [0m[1;34m13->14  [0m[1;34m14->15  [0m[1;34m15->16  [0m[1;34m16->17  [0m[1;34m17->18  [0m[1;34m18->19  [0m[1;34m
[pthread wrapper] SKIP MASK: 0x0
[0m[1;34m	threadid 47750027056896 -> core 1 - OK[0m[1;34m
[0m[1;34m	threadid 47750029158144 -> core 2 - OK[0m[1;34m
[0m[1;34m	threadid 47750031259392 -> core 3 - OK[0m[1;34m
[0m[1;34m	threadid 47750033360640 -> core 4 - OK[0m[1;34m
[0m[1;34m	threadid 47750035461888 -> core 5 - OK[0m[1;34m
[0m[1;34m	threadid 47750037563136 -> core 6 - OK[0m[1;34m
[0m[1;34m	threadid 47750039664384 -> core 7 - OK[0m[1;34m
[0m[1;34m	threadid 47750041765632 -> core 8 - OK[0m[1;34m
[0m[1;34m	threadid 47750043866880 -> core 9 - OK[0m[1;34m
[0m[1;34m	threadid 47750045968128 -> core 10 - OK[0m[1;34m
[0m[1;34m	threadid 47750048069376 -> core 11 - OK[0m[1;34m
[0m[1;34m	threadid 47750050170624 -> core 12 - OK[0m[1;34m
[0m[1;34m	threadid 47750052271872 -> core 13 - OK[0m[1;34m
[0m[1;34m	threadid 47750054373120 -> core 14 - OK[0m[1;34m
[0m[1;34m	threadid 47750056474368 -> core 15 - OK[0m[1;34m
[0m[1;34m	threadid 47750058575616 -> core 16 - OK[0m[1;34m
[0m[1;34m	threadid 47750060676864 -> core 17 - OK[0m[1;34m
[0m[1;34m	threadid 47750062778112 -> core 18 - OK[0m[1;34m
[0m[1;34m	threadid 47750064879360 -> core 19 - OK[0m[1;34m
[0miterations: 120
Total iterations: 1078560480 LUP
FLOP: 11
Total work: 11864165280 FLOP
performance: 4.295668 GLUP/s
Performance in GFLOP/s: 47.252344
size: 9000000
time: 0.251081
[1;34m[pthread wrapper] 
[0m[1;34m[pthread wrapper] MAIN -> 0
[0m[1;34m[pthread wrapper] PIN_MASK: [0m[1;34m0->1  [0m[1;34m1->2  [0m[1;34m2->3  [0m[1;34m3->4  [0m[1;34m4->5  [0m[1;34m5->6  [0m[1;34m6->7  [0m[1;34m7->8  [0m[1;34m8->9  [0m[1;34m9->10  [0m[1;34m10->11  [0m[1;34m11->12  [0m[1;34m12->13  [0m[1;34m13->14  [0m[1;34m14->15  [0m[1;34m15->16  [0m[1;34m16->17  [0m[1;34m17->18  [0m[1;34m18->19  [0m[1;34m
[pthread wrapper] SKIP MASK: 0x0
[0m[1;34m	threadid 47584211277568 -> core 1 - OK[0m[1;34m
[0m[1;34m	threadid 47584213378816 -> core 2 - OK[0m[1;34m
[0m[1;34m	threadid 47584215480064 -> core 3 - OK[0m[1;34m
[0m[1;34m	threadid 47584217581312 -> core 4 - OK[0m[1;34m
[0m[1;34m	threadid 47584219682560 -> core 5 - OK[0m[1;34m
[0m[1;34m	threadid 47584221783808 -> core 6 - OK[0m[1;34m
[0m[1;34m	threadid 47584223885056 -> core 7 - OK[0m[1;34m
[0m[1;34m	threadid 47584225986304 -> core 8 - OK[0m[1;34m
[0m[1;34m	threadid 47584228087552 -> core 9 - OK[0m[1;34m
[0m[1;34m	threadid 47584230188800 -> core 10 - OK[0m[1;34m
[0m[1;34m	threadid 47584232290048 -> core 11 - OK[0m[1;34m
[0m[1;34m	threadid 47584234391296 -> core 12 - OK[0m[1;34m
[0m[1;34m	threadid 47584236492544 -> core 13 - OK[0m[1;34m
[0m[1;34m	threadid 47584238593792 -> core 14 - OK[0m[1;34m
[0m[1;34m	threadid 47584240695040 -> core 15 - OK[0m[1;34m
[0m[1;34m	threadid 47584242796288 -> core 16 - OK[0m[1;34m
[0m[1;34m	threadid 47584244897536 -> core 17 - OK[0m[1;34m
[0m[1;34m	threadid 47584246998784 -> core 18 - OK[0m[1;34m
[0m[1;34m	threadid 47584249100032 -> core 19 - OK[0m[1;34m
[0miterations: 120
Total iterations: 1078560480 LUP
FLOP: 11
Total work: 11864165280 FLOP
performance: 4.289741 GLUP/s
Performance in GFLOP/s: 47.187149
size: 9000000
time: 0.251428
[1;34m[pthread wrapper] 
[0m[1;34m[pthread wrapper] MAIN -> 0
[0m[1;34m[pthread wrapper] PIN_MASK: [0m[1;34m0->1  [0m[1;34m1->2  [0m[1;34m2->3  [0m[1;34m3->4  [0m[1;34m4->5  [0m[1;34m5->6  [0m[1;34m6->7  [0m[1;34m7->8  [0m[1;34m8->9  [0m[1;34m9->10  [0m[1;34m10->11  [0m[1;34m11->12  [0m[1;34m12->13  [0m[1;34m13->14  [0m[1;34m14->15  [0m[1;34m15->16  [0m[1;34m16->17  [0m[1;34m17->18  [0m[1;34m18->19  [0m[1;34m
[pthread wrapper] SKIP MASK: 0x0
[0m[1;34m	threadid 47483140908800 -> core 1 - OK[0m[1;34m
[0m[1;34m	threadid 47483143010048 -> core 2 - OK[0m[1;34m
[0m[1;34m	threadid 47483145111296 -> core 3 - OK[0m[1;34m
[0m[1;34m	threadid 47483147212544 -> core 4 - OK[0m[1;34m
[0m[1;34m	threadid 47483149313792 -> core 5 - OK[0m[1;34m
[0m[1;34m	threadid 47483151415040 -> core 6 - OK[0m[1;34m
[0m[1;34m	threadid 47483153516288 -> core 7 - OK[0m[1;34m
[0m[1;34m	threadid 47483155617536 -> core 8 - OK[0m[1;34m
[0m[1;34m	threadid 47483157718784 -> core 9 - OK[0m[1;34m
[0m[1;34m	threadid 47483159820032 -> core 10 - OK[0m[1;34m
[0m[1;34m	threadid 47483161921280 -> core 11 - OK[0m[1;34m
[0m[1;34m	threadid 47483164022528 -> core 12 - OK[0m[1;34m
[0m[1;34m	threadid 47483166123776 -> core 13 - OK[0m[1;34m
[0m[1;34m	threadid 47483168225024 -> core 14 - OK[0m[1;34m
[0m[1;34m	threadid 47483170326272 -> core 15 - OK[0m[1;34m
[0m[1;34m	threadid 47483172427520 -> core 16 - OK[0m[1;34m
[0m[1;34m	threadid 47483174528768 -> core 17 - OK[0m[1;34m
[0m[1;34m	threadid 47483176630016 -> core 18 - OK[0m[1;34m
[0m[1;34m	threadid 47483178731264 -> core 19 - OK[0m[1;34m
[0miterations: 120
Total iterations: 1078560480 LUP
FLOP: 11
Total work: 11864165280 FLOP
performance: 4.265042 GLUP/s
Performance in GFLOP/s: 46.915461
size: 9000000
time: 0.252884
[1;34m[pthread wrapper] 
[0m[1;34m[pthread wrapper] MAIN -> 0
[0m[1;34m[pthread wrapper] PIN_MASK: [0m[1;34m0->1  [0m[1;34m1->2  [0m[1;34m2->3  [0m[1;34m3->4  [0m[1;34m4->5  [0m[1;34m5->6  [0m[1;34m6->7  [0m[1;34m7->8  [0m[1;34m8->9  [0m[1;34m9->10  [0m[1;34m10->11  [0m[1;34m11->12  [0m[1;34m12->13  [0m[1;34m13->14  [0m[1;34m14->15  [0m[1;34m15->16  [0m[1;34m16->17  [0m[1;34m17->18  [0m[1;34m18->19  [0m[1;34m
[pthread wrapper] SKIP MASK: 0x0
[0m[1;34m	threadid 47140232320768 -> core 1 - OK[0m[1;34m
[0m[1;34m	threadid 47140234422016 -> core 2 - OK[0m[1;34m
[0m[1;34m	threadid 47140236523264 -> core 3 - OK[0m[1;34m
[0m[1;34m	threadid 47140238624512 -> core 4 - OK[0m[1;34m
[0m[1;34m	threadid 47140240725760 -> core 5 - OK[0m[1;34m
[0m[1;34m	threadid 47140242827008 -> core 6 - OK[0m[1;34m
[0m[1;34m	threadid 47140244928256 -> core 7 - OK[0m[1;34m
[0m[1;34m	threadid 47140247029504 -> core 8 - OK[0m[1;34m
[0m[1;34m	threadid 47140249130752 -> core 9 - OK[0m[1;34m
[0m[1;34m	threadid 47140251232000 -> core 10 - OK[0m[1;34m
[0m[1;34m	threadid 47140253333248 -> core 11 - OK[0m[1;34m
[0m[1;34m	threadid 47140255434496 -> core 12 - OK[0m[1;34m
[0m[1;34m	threadid 47140257535744 -> core 13 - OK[0m[1;34m
[0m[1;34m	threadid 47140259636992 -> core 14 - OK[0m[1;34m
[0m[1;34m	threadid 47140261738240 -> core 15 - OK[0m[1;34m
[0m[1;34m	threadid 47140263839488 -> core 16 - OK[0m[1;34m
[0m[1;34m	threadid 47140265940736 -> core 17 - OK[0m[1;34m
[0m[1;34m	threadid 47140268041984 -> core 18 - OK[0m[1;34m
[0m[1;34m	threadid 47140270143232 -> core 19 - OK[0m[1;34m
[0miterations: 120
Total iterations: 1078560480 LUP
FLOP: 11
Total work: 11864165280 FLOP
performance: 4.346792 GLUP/s
Performance in GFLOP/s: 47.814710
size: 9000000
time: 0.248128
[1;34m[pthread wrapper] 
[0m[1;34m[pthread wrapper] MAIN -> 0
[0m[1;34m[pthread wrapper] PIN_MASK: [0m[1;34m0->1  [0m[1;34m1->2  [0m[1;34m2->3  [0m[1;34m3->4  [0m[1;34m4->5  [0m[1;34m5->6  [0m[1;34m6->7  [0m[1;34m7->8  [0m[1;34m8->9  [0m[1;34m9->10  [0m[1;34m10->11  [0m[1;34m11->12  [0m[1;34m12->13  [0m[1;34m13->14  [0m[1;34m14->15  [0m[1;34m15->16  [0m[1;34m16->17  [0m[1;34m17->18  [0m[1;34m18->19  [0m[1;34m
[pthread wrapper] SKIP MASK: 0x0
[0m[1;34m	threadid 47645395154688 -> core 1 - OK[0m[1;34m
[0m[1;34m	threadid 47645397255936 -> core 2 - OK[0m[1;34m
[0m[1;34m	threadid 47645399357184 -> core 3 - OK[0m[1;34m
[0m[1;34m	threadid 47645401458432 -> core 4 - OK[0m[1;34m
[0m[1;34m	threadid 47645403559680 -> core 5 - OK[0m[1;34m
[0m[1;34m	threadid 47645405660928 -> core 6 - OK[0m[1;34m
[0m[1;34m	threadid 47645407762176 -> core 7 - OK[0m[1;34m
[0m[1;34m	threadid 47645409863424 -> core 8 - OK[0m[1;34m
[0m[1;34m	threadid 47645411964672 -> core 9 - OK[0m[1;34m
[0m[1;34m	threadid 47645414065920 -> core 10 - OK[0m[1;34m
[0m[1;34m	threadid 47645416167168 -> core 11 - OK[0m[1;34m
[0m[1;34m	threadid 47645418268416 -> core 12 - OK[0m[1;34m
[0m[1;34m	threadid 47645420369664 -> core 13 - OK[0m[1;34m
[0m[1;34m	threadid 47645422470912 -> core 14 - OK[0m[1;34m
[0m[1;34m	threadid 47645424572160 -> core 15 - OK[0m[1;34m
[0m[1;34m	threadid 47645426673408 -> core 16 - OK[0m[1;34m
[0m[1;34m	threadid 47645428774656 -> core 17 - OK[0m[1;34m
[0m[1;34m	threadid 47645430875904 -> core 18 - OK[0m[1;34m
[0m[1;34m	threadid 47645432977152 -> core 19 - OK[0m[1;34m
[0miterations: 120
Total iterations: 1078560480 LUP
FLOP: 11
Total work: 11864165280 FLOP
performance: 4.289741 GLUP/s
Performance in GFLOP/s: 47.187149
size: 9000000
time: 0.251428
