[1;34m[pthread wrapper] 
[0m[1;34m[pthread wrapper] MAIN -> 0
[0m[1;34m[pthread wrapper] PIN_MASK: [0m[1;34m0->1  [0m[1;34m1->2  [0m[1;34m2->3  [0m[1;34m3->10  [0m[1;34m4->11  [0m[1;34m5->12  [0m[1;34m6->13  [0m[1;34m
[pthread wrapper] SKIP MASK: 0x0
[0m[1;34m	threadid 47048169404160 -> core 1 - OK[0m[1;34m
[0m[1;34m	threadid 47048171505408 -> core 2 - OK[0m[1;34m
[0m[1;34m	threadid 47048173606656 -> core 3 - OK[0m[1;34m
[0m[1;34m	threadid 47048175707904 -> core 10 - OK[0m[1;34m
[0m[1;34m	threadid 47048177809152 -> core 11 - OK[0m[1;34m
[0m[1;34m	threadid 47048179910400 -> core 12 - OK[0m[1;34m
[0m[1;34m	threadid 47048182011648 -> core 13 - OK[0m[1;34m
[0miterations: 200
Total iterations: 49600800 LUP
FLOP: 11
Total work: 545608800 FLOP
performance: 5.001102 GLUP/s
Performance in GFLOP/s: 55.012120
size: 250000
time: 0.009918
[1;34m[pthread wrapper] 
[0m[1;34m[pthread wrapper] MAIN -> 0
[0m[1;34m[pthread wrapper] PIN_MASK: [0m[1;34m0->1  [0m[1;34m1->2  [0m[1;34m2->3  [0m[1;34m3->10  [0m[1;34m4->11  [0m[1;34m5->12  [0m[1;34m6->13  [0m[1;34m
[pthread wrapper] SKIP MASK: 0x0
[0m[1;34m	threadid 46913123256064 -> core 1 - OK[0m[1;34m
[0m[1;34m	threadid 46913125357312 -> core 2 - OK[0m[1;34m
[0m[1;34m	threadid 46913127458560 -> core 3 - OK[0m[1;34m
[0m[1;34m	threadid 46913129559808 -> core 10 - OK[0m[1;34m
[0m[1;34m	threadid 46913131661056 -> core 11 - OK[0m[1;34m
[0m[1;34m	threadid 46913133762304 -> core 12 - OK[0m[1;34m
[0m[1;34m	threadid 46913135863552 -> core 13 - OK[0m[1;34m
[0miterations: 200
Total iterations: 49600800 LUP
FLOP: 11
Total work: 545608800 FLOP
performance: 5.295277 GLUP/s
Performance in GFLOP/s: 58.248044
size: 250000
time: 0.009367
[1;34m[pthread wrapper] 
[0m[1;34m[pthread wrapper] MAIN -> 0
[0m[1;34m[pthread wrapper] PIN_MASK: [0m[1;34m0->1  [0m[1;34m1->2  [0m[1;34m2->3  [0m[1;34m3->10  [0m[1;34m4->11  [0m[1;34m5->12  [0m[1;34m6->13  [0m[1;34m
[pthread wrapper] SKIP MASK: 0x0
[0m[1;34m	threadid 47272205219584 -> core 1 - OK[0m[1;34m
[0m[1;34m	threadid 47272207320832 -> core 2 - OK[0m[1;34m
[0m[1;34m	threadid 47272209422080 -> core 3 - OK[0m[1;34m
[0m[1;34m	threadid 47272211523328 -> core 10 - OK[0m[1;34m
[0m[1;34m	threadid 47272213624576 -> core 11 - OK[0m[1;34m
[0m[1;34m	threadid 47272215725824 -> core 12 - OK[0m[1;34m
[0m[1;34m	threadid 47272217827072 -> core 13 - OK[0m[1;34m
[0miterations: 200
Total iterations: 49600800 LUP
FLOP: 11
Total work: 545608800 FLOP
performance: 5.194917 GLUP/s
Performance in GFLOP/s: 57.144085
size: 250000
time: 0.009548
[1;34m[pthread wrapper] 
[0m[1;34m[pthread wrapper] MAIN -> 0
[0m[1;34m[pthread wrapper] PIN_MASK: [0m[1;34m0->1  [0m[1;34m1->2  [0m[1;34m2->3  [0m[1;34m3->10  [0m[1;34m4->11  [0m[1;34m5->12  [0m[1;34m6->13  [0m[1;34m
[pthread wrapper] SKIP MASK: 0x0
[0m[1;34m	threadid 47638931457792 -> core 1 - OK[0m[1;34m
[0m[1;34m	threadid 47638933559040 -> core 2 - OK[0m[1;34m
[0m[1;34m	threadid 47638935660288 -> core 3 - OK[0m[1;34m
[0m[1;34m	threadid 47638937761536 -> core 10 - OK[0m[1;34m
[0m[1;34m	threadid 47638939862784 -> core 11 - OK[0m[1;34m
[0m[1;34m	threadid 47638941964032 -> core 12 - OK[0m[1;34m
[0m[1;34m	threadid 47638944065280 -> core 13 - OK[0m[1;34m
[0miterations: 200
Total iterations: 49600800 LUP
FLOP: 11
Total work: 545608800 FLOP
performance: 5.304864 GLUP/s
Performance in GFLOP/s: 58.353499
size: 250000
time: 0.009350
[1;34m[pthread wrapper] 
[0m[1;34m[pthread wrapper] MAIN -> 0
[0m[1;34m[pthread wrapper] PIN_MASK: [0m[1;34m0->1  [0m[1;34m1->2  [0m[1;34m2->3  [0m[1;34m3->10  [0m[1;34m4->11  [0m[1;34m5->12  [0m[1;34m6->13  [0m[1;34m
[pthread wrapper] SKIP MASK: 0x0
[0m[1;34m	threadid 47747787605760 -> core 1 - OK[0m[1;34m
[0m[1;34m	threadid 47747789707008 -> core 2 - OK[0m[1;34m
[0m[1;34m	threadid 47747791808256 -> core 3 - OK[0m[1;34m
[0m[1;34m	threadid 47747793909504 -> core 10 - OK[0m[1;34m
[0m[1;34m	threadid 47747796010752 -> core 11 - OK[0m[1;34m
[0m[1;34m	threadid 47747798112000 -> core 12 - OK[0m[1;34m
[0m[1;34m	threadid 47747800213248 -> core 13 - OK[0m[1;34m
[0miterations: 200
Total iterations: 49600800 LUP
FLOP: 11
Total work: 545608800 FLOP
performance: 4.921714 GLUP/s
Performance in GFLOP/s: 54.138850
size: 250000
time: 0.010078
[1;34m[pthread wrapper] 
[0m[1;34m[pthread wrapper] MAIN -> 0
[0m[1;34m[pthread wrapper] PIN_MASK: [0m[1;34m0->1  [0m[1;34m1->2  [0m[1;34m2->3  [0m[1;34m3->10  [0m[1;34m4->11  [0m[1;34m5->12  [0m[1;34m6->13  [0m[1;34m
[pthread wrapper] SKIP MASK: 0x0
[0m[1;34m	threadid 47270240802560 -> core 1 - OK[0m[1;34m
[0m[1;34m	threadid 47270242903808 -> core 2 - OK[0m[1;34m
[0m[1;34m	threadid 47270245005056 -> core 3 - OK[0m[1;34m
[0m[1;34m	threadid 47270247106304 -> core 10 - OK[0m[1;34m
[0m[1;34m	threadid 47270249207552 -> core 11 - OK[0m[1;34m
[0m[1;34m	threadid 47270251308800 -> core 12 - OK[0m[1;34m
[0m[1;34m	threadid 47270253410048 -> core 13 - OK[0m[1;34m
[0miterations: 200
Total iterations: 49600800 LUP
FLOP: 11
Total work: 545608800 FLOP
performance: 5.276742 GLUP/s
Performance in GFLOP/s: 58.044163
size: 250000
time: 0.009400
[1;34m[pthread wrapper] 
[0m[1;34m[pthread wrapper] MAIN -> 0
[0m[1;34m[pthread wrapper] PIN_MASK: [0m[1;34m0->1  [0m[1;34m1->2  [0m[1;34m2->3  [0m[1;34m3->10  [0m[1;34m4->11  [0m[1;34m5->12  [0m[1;34m6->13  [0m[1;34m
[pthread wrapper] SKIP MASK: 0x0
[0m[1;34m	threadid 47589965035264 -> core 1 - OK[0m[1;34m
[0m[1;34m	threadid 47589967136512 -> core 2 - OK[0m[1;34m
[0m[1;34m	threadid 47589969237760 -> core 3 - OK[0m[1;34m
[0m[1;34m	threadid 47589971339008 -> core 10 - OK[0m[1;34m
[0m[1;34m	threadid 47589973440256 -> core 11 - OK[0m[1;34m
[0m[1;34m	threadid 47589975541504 -> core 12 - OK[0m[1;34m
[0m[1;34m	threadid 47589977642752 -> core 13 - OK[0m[1;34m
[0miterations: 200
Total iterations: 49600800 LUP
FLOP: 11
Total work: 545608800 FLOP
performance: 5.263792 GLUP/s
Performance in GFLOP/s: 57.901707
size: 250000
time: 0.009423
[1;34m[pthread wrapper] 
[0m[1;34m[pthread wrapper] MAIN -> 0
[0m[1;34m[pthread wrapper] PIN_MASK: [0m[1;34m0->1  [0m[1;34m1->2  [0m[1;34m2->3  [0m[1;34m3->10  [0m[1;34m4->11  [0m[1;34m5->12  [0m[1;34m6->13  [0m[1;34m
[pthread wrapper] SKIP MASK: 0x0
[0m[1;34m	threadid 46990047102720 -> core 1 - OK[0m[1;34m
[0m[1;34m	threadid 46990049203968 -> core 2 - OK[0m[1;34m
[0m[1;34m	threadid 46990051305216 -> core 3 - OK[0m[1;34m
[0m[1;34m	threadid 46990053406464 -> core 10 - OK[0m[1;34m
[0m[1;34m	threadid 46990055507712 -> core 11 - OK[0m[1;34m
[0m[1;34m	threadid 46990057608960 -> core 12 - OK[0m[1;34m
[0m[1;34m	threadid 46990059710208 -> core 13 - OK[0m[1;34m
[0miterations: 200
Total iterations: 49600800 LUP
FLOP: 11
Total work: 545608800 FLOP
performance: 5.246005 GLUP/s
Performance in GFLOP/s: 57.706059
size: 250000
time: 0.009455
[1;34m[pthread wrapper] 
[0m[1;34m[pthread wrapper] MAIN -> 0
[0m[1;34m[pthread wrapper] PIN_MASK: [0m[1;34m0->1  [0m[1;34m1->2  [0m[1;34m2->3  [0m[1;34m3->10  [0m[1;34m4->11  [0m[1;34m5->12  [0m[1;34m6->13  [0m[1;34m
[pthread wrapper] SKIP MASK: 0x0
[0m[1;34m	threadid 47400510756608 -> core 1 - OK[0m[1;34m
[0m[1;34m	threadid 47400512857856 -> core 2 - OK[0m[1;34m
[0m[1;34m	threadid 47400514959104 -> core 3 - OK[0m[1;34m
[0m[1;34m	threadid 47400517060352 -> core 10 - OK[0m[1;34m
[0m[1;34m	threadid 47400519161600 -> core 11 - OK[0m[1;34m
[0m[1;34m	threadid 47400521262848 -> core 12 - OK[0m[1;34m
[0m[1;34m	threadid 47400523364096 -> core 13 - OK[0m[1;34m
[0miterations: 200
Total iterations: 49600800 LUP
FLOP: 11
Total work: 545608800 FLOP
performance: 5.297569 GLUP/s
Performance in GFLOP/s: 58.273259
size: 250000
time: 0.009363
[1;34m[pthread wrapper] 
[0m[1;34m[pthread wrapper] MAIN -> 0
[0m[1;34m[pthread wrapper] PIN_MASK: [0m[1;34m0->1  [0m[1;34m1->2  [0m[1;34m2->3  [0m[1;34m3->10  [0m[1;34m4->11  [0m[1;34m5->12  [0m[1;34m6->13  [0m[1;34m
[pthread wrapper] SKIP MASK: 0x0
[0m[1;34m	threadid 47774211942144 -> core 1 - OK[0m[1;34m
[0m[1;34m	threadid 47774214043392 -> core 2 - OK[0m[1;34m
[0m[1;34m	threadid 47774216144640 -> core 3 - OK[0m[1;34m
[0m[1;34m	threadid 47774218245888 -> core 10 - OK[0m[1;34m
[0m[1;34m	threadid 47774220347136 -> core 11 - OK[0m[1;34m
[0m[1;34m	threadid 47774222448384 -> core 12 - OK[0m[1;34m
[0m[1;34m	threadid 47774224549632 -> core 13 - OK[0m[1;34m
[0miterations: 200
Total iterations: 49600800 LUP
FLOP: 11
Total work: 545608800 FLOP
performance: 5.277813 GLUP/s
Performance in GFLOP/s: 58.055943
size: 250000
time: 0.009398
