iterations: 120
Total iterations: 1078560480 LUP
FLOP: 11
Total work: 11864165280 FLOP
performance: 0.581576 GLUP/s
Performance in GFLOP/s: 6.397339
size: 9000000
time: 1.854547
iterations: 120
Total iterations: 1078560480 LUP
FLOP: 11
Total work: 11864165280 FLOP
performance: 0.580228 GLUP/s
Performance in GFLOP/s: 6.382508
size: 9000000
time: 1.858856
iterations: 120
Total iterations: 1078560480 LUP
FLOP: 11
Total work: 11864165280 FLOP
performance: 0.581066 GLUP/s
Performance in GFLOP/s: 6.391727
size: 9000000
time: 1.856175
iterations: 120
Total iterations: 1078560480 LUP
FLOP: 11
Total work: 11864165280 FLOP
performance: 0.580063 GLUP/s
Performance in GFLOP/s: 6.380696
size: 9000000
time: 1.859384
iterations: 120
Total iterations: 1078560480 LUP
FLOP: 11
Total work: 11864165280 FLOP
performance: 0.580167 GLUP/s
Performance in GFLOP/s: 6.381840
size: 9000000
time: 1.859051
iterations: 120
Total iterations: 1078560480 LUP
FLOP: 11
Total work: 11864165280 FLOP
performance: 0.581040 GLUP/s
Performance in GFLOP/s: 6.391435
size: 9000000
time: 1.856260
iterations: 120
Total iterations: 1078560480 LUP
FLOP: 11
Total work: 11864165280 FLOP
performance: 0.581810 GLUP/s
Performance in GFLOP/s: 6.399910
size: 9000000
time: 1.853802
iterations: 120
Total iterations: 1078560480 LUP
FLOP: 11
Total work: 11864165280 FLOP
performance: 0.581596 GLUP/s
Performance in GFLOP/s: 6.397556
size: 9000000
time: 1.854484
iterations: 120
Total iterations: 1078560480 LUP
FLOP: 11
Total work: 11864165280 FLOP
performance: 0.581622 GLUP/s
Performance in GFLOP/s: 6.397846
size: 9000000
time: 1.854400
iterations: 120
Total iterations: 1078560480 LUP
FLOP: 11
Total work: 11864165280 FLOP
performance: 0.581926 GLUP/s
Performance in GFLOP/s: 6.401191
size: 9000000
time: 1.853431
