[1;34m[pthread wrapper] 
[0m[1;34m[pthread wrapper] MAIN -> 0
[0m[1;34m[pthread wrapper] PIN_MASK: [0m[1;34m0->1  [0m[1;34m1->2  [0m[1;34m2->3  [0m[1;34m3->4  [0m[1;34m4->5  [0m[1;34m5->6  [0m[1;34m6->7  [0m[1;34m
[pthread wrapper] SKIP MASK: 0x0
[0m[1;34m	threadid 47834372896512 -> core 1 - OK[0m[1;34m
[0m[1;34m	threadid 47834374997760 -> core 2 - OK[0m[1;34m
[0m[1;34m	threadid 47834377099008 -> core 3 - OK[0m[1;34m
[0m[1;34m	threadid 47834379200256 -> core 4 - OK[0m[1;34m
[0m[1;34m	threadid 47834381301504 -> core 5 - OK[0m[1;34m
[0m[1;34m	threadid 47834383402752 -> core 6 - OK[0m[1;34m
[0m[1;34m	threadid 47834385504000 -> core 7 - OK[0m[1;34m
[0miterations: 100
Total iterations: 898800400 LUP
FLOP: 11
Total work: 9886804400 FLOP
performance: 2.143517 GLUP/s
Performance in GFLOP/s: 23.578688
size: 9000000
time: 0.419311
[1;34m[pthread wrapper] 
[0m[1;34m[pthread wrapper] MAIN -> 0
[0m[1;34m[pthread wrapper] PIN_MASK: [0m[1;34m0->1  [0m[1;34m1->2  [0m[1;34m2->3  [0m[1;34m3->4  [0m[1;34m4->5  [0m[1;34m5->6  [0m[1;34m6->7  [0m[1;34m
[pthread wrapper] SKIP MASK: 0x0
[0m[1;34m	threadid 47106235291392 -> core 1 - OK[0m[1;34m
[0m[1;34m	threadid 47106237392640 -> core 2 - OK[0m[1;34m
[0m[1;34m	threadid 47106239493888 -> core 3 - OK[0m[1;34m
[0m[1;34m	threadid 47106241595136 -> core 4 - OK[0m[1;34m
[0m[1;34m	threadid 47106243696384 -> core 5 - OK[0m[1;34m
[0m[1;34m	threadid 47106245797632 -> core 6 - OK[0m[1;34m
[0m[1;34m	threadid 47106247898880 -> core 7 - OK[0m[1;34m
[0miterations: 100
Total iterations: 898800400 LUP
FLOP: 11
Total work: 9886804400 FLOP
performance: 2.118384 GLUP/s
Performance in GFLOP/s: 23.302223
size: 9000000
time: 0.424286
[1;34m[pthread wrapper] 
[0m[1;34m[pthread wrapper] MAIN -> 0
[0m[1;34m[pthread wrapper] PIN_MASK: [0m[1;34m0->1  [0m[1;34m1->2  [0m[1;34m2->3  [0m[1;34m3->4  [0m[1;34m4->5  [0m[1;34m5->6  [0m[1;34m6->7  [0m[1;34m
[pthread wrapper] SKIP MASK: 0x0
[0m[1;34m	threadid 47755571648256 -> core 1 - OK[0m[1;34m
[0m[1;34m	threadid 47755573749504 -> core 2 - OK[0m[1;34m
[0m[1;34m	threadid 47755575850752 -> core 3 - OK[0m[1;34m
[0m[1;34m	threadid 47755577952000 -> core 4 - OK[0m[1;34m
[0m[1;34m	threadid 47755580053248 -> core 5 - OK[0m[1;34m
[0m[1;34m	threadid 47755582154496 -> core 6 - OK[0m[1;34m
[0m[1;34m	threadid 47755584255744 -> core 7 - OK[0m[1;34m
[0miterations: 100
Total iterations: 898800400 LUP
FLOP: 11
Total work: 9886804400 FLOP
performance: 2.139726 GLUP/s
Performance in GFLOP/s: 23.536987
size: 9000000
time: 0.420054
[1;34m[pthread wrapper] 
[0m[1;34m[pthread wrapper] MAIN -> 0
[0m[1;34m[pthread wrapper] PIN_MASK: [0m[1;34m0->1  [0m[1;34m1->2  [0m[1;34m2->3  [0m[1;34m3->4  [0m[1;34m4->5  [0m[1;34m5->6  [0m[1;34m6->7  [0m[1;34m
[pthread wrapper] SKIP MASK: 0x0
[0m[1;34m	threadid 47607910897408 -> core 1 - OK[0m[1;34m
[0m[1;34m	threadid 47607912998656 -> core 2 - OK[0m[1;34m
[0m[1;34m	threadid 47607915099904 -> core 3 - OK[0m[1;34m
[0m[1;34m	threadid 47607917201152 -> core 4 - OK[0m[1;34m
[0m[1;34m	threadid 47607919302400 -> core 5 - OK[0m[1;34m
[0m[1;34m	threadid 47607921403648 -> core 6 - OK[0m[1;34m
[0m[1;34m	threadid 47607923504896 -> core 7 - OK[0m[1;34m
[0miterations: 100
Total iterations: 898800400 LUP
FLOP: 11
Total work: 9886804400 FLOP
performance: 2.128301 GLUP/s
Performance in GFLOP/s: 23.411308
size: 9000000
time: 0.422309
[1;34m[pthread wrapper] 
[0m[1;34m[pthread wrapper] MAIN -> 0
[0m[1;34m[pthread wrapper] PIN_MASK: [0m[1;34m0->1  [0m[1;34m1->2  [0m[1;34m2->3  [0m[1;34m3->4  [0m[1;34m4->5  [0m[1;34m5->6  [0m[1;34m6->7  [0m[1;34m
[pthread wrapper] SKIP MASK: 0x0
[0m[1;34m	threadid 47649657640704 -> core 1 - OK[0m[1;34m
[0m[1;34m	threadid 47649659741952 -> core 2 - OK[0m[1;34m
[0m[1;34m	threadid 47649661843200 -> core 3 - OK[0m[1;34m
[0m[1;34m	threadid 47649663944448 -> core 4 - OK[0m[1;34m
[0m[1;34m	threadid 47649666045696 -> core 5 - OK[0m[1;34m
[0m[1;34m	threadid 47649668146944 -> core 6 - OK[0m[1;34m
[0m[1;34m	threadid 47649670248192 -> core 7 - OK[0m[1;34m
[0miterations: 100
Total iterations: 898800400 LUP
FLOP: 11
Total work: 9886804400 FLOP
performance: 2.141004 GLUP/s
Performance in GFLOP/s: 23.551049
size: 9000000
time: 0.419803
