[1;34m[pthread wrapper] 
[0m[1;34m[pthread wrapper] MAIN -> 0
[0m[1;34m[pthread wrapper] PIN_MASK: [0m[1;34m0->1  [0m[1;34m1->2  [0m[1;34m2->3  [0m[1;34m3->4  [0m[1;34m4->5  [0m[1;34m5->6  [0m[1;34m6->7  [0m[1;34m7->8  [0m[1;34m8->9  [0m[1;34m9->10  [0m[1;34m10->11  [0m[1;34m11->12  [0m[1;34m12->13  [0m[1;34m13->14  [0m[1;34m14->15  [0m[1;34m15->16  [0m[1;34m16->17  [0m[1;34m17->18  [0m[1;34m18->19  [0m[1;34m
[pthread wrapper] SKIP MASK: 0x0
[0m[1;34m	threadid 47964196898560 -> core 1 - OK[0m[1;34m
[0m[1;34m	threadid 47964198999808 -> core 2 - OK[0m[1;34m
[0m[1;34m	threadid 47964201101056 -> core 3 - OK[0m[1;34m
[0m[1;34m	threadid 47964203202304 -> core 4 - OK[0m[1;34m
[0m[1;34m	threadid 47964205303552 -> core 5 - OK[0m[1;34m
[0m[1;34m	threadid 47964207404800 -> core 6 - OK[0m[1;34m
[0m[1;34m	threadid 47964209506048 -> core 7 - OK[0m[1;34m
[0m[1;34m	threadid 47964211607296 -> core 8 - OK[0m[1;34m
[0m[1;34m	threadid 47964213708544 -> core 9 - OK[0m[1;34m
[0m[1;34m	threadid 47964215809792 -> core 10 - OK[0m[1;34m
[0m[1;34m	threadid 47964217911040 -> core 11 - OK[0m[1;34m
[0m[1;34m	threadid 47964220012288 -> core 12 - OK[0m[1;34m
[0m[1;34m	threadid 47964222113536 -> core 13 - OK[0m[1;34m
[0m[1;34m	threadid 47964224214784 -> core 14 - OK[0m[1;34m
[0m[1;34m	threadid 47964226316032 -> core 15 - OK[0m[1;34m
[0m[1;34m	threadid 47964228417280 -> core 16 - OK[0m[1;34m
[0m[1;34m	threadid 47964230518528 -> core 17 - OK[0m[1;34m
[0m[1;34m	threadid 47964232619776 -> core 18 - OK[0m[1;34m
[0m[1;34m	threadid 47964234721024 -> core 19 - OK[0m[1;34m
[0miterations: 120
Total iterations: 1078560480 LUP
FLOP: 11
Total work: 11864165280 FLOP
performance: 4.350052 GLUP/s
Performance in GFLOP/s: 47.850573
size: 9000000
time: 0.247942
[1;34m[pthread wrapper] 
[0m[1;34m[pthread wrapper] MAIN -> 0
[0m[1;34m[pthread wrapper] PIN_MASK: [0m[1;34m0->1  [0m[1;34m1->2  [0m[1;34m2->3  [0m[1;34m3->4  [0m[1;34m4->5  [0m[1;34m5->6  [0m[1;34m6->7  [0m[1;34m7->8  [0m[1;34m8->9  [0m[1;34m9->10  [0m[1;34m10->11  [0m[1;34m11->12  [0m[1;34m12->13  [0m[1;34m13->14  [0m[1;34m14->15  [0m[1;34m15->16  [0m[1;34m16->17  [0m[1;34m17->18  [0m[1;34m18->19  [0m[1;34m
[pthread wrapper] SKIP MASK: 0x0
[0m[1;34m	threadid 47912934094592 -> core 1 - OK[0m[1;34m
[0m[1;34m	threadid 47912936195840 -> core 2 - OK[0m[1;34m
[0m[1;34m	threadid 47912938297088 -> core 3 - OK[0m[1;34m
[0m[1;34m	threadid 47912940398336 -> core 4 - OK[0m[1;34m
[0m[1;34m	threadid 47912942499584 -> core 5 - OK[0m[1;34m
[0m[1;34m	threadid 47912944600832 -> core 6 - OK[0m[1;34m
[0m[1;34m	threadid 47912946702080 -> core 7 - OK[0m[1;34m
[0m[1;34m	threadid 47912948803328 -> core 8 - OK[0m[1;34m
[0m[1;34m	threadid 47912950904576 -> core 9 - OK[0m[1;34m
[0m[1;34m	threadid 47912953005824 -> core 10 - OK[0m[1;34m
[0m[1;34m	threadid 47912955107072 -> core 11 - OK[0m[1;34m
[0m[1;34m	threadid 47912957208320 -> core 12 - OK[0m[1;34m
[0m[1;34m	threadid 47912959309568 -> core 13 - OK[0m[1;34m
[0m[1;34m	threadid 47912961410816 -> core 14 - OK[0m[1;34m
[0m[1;34m	threadid 47912963512064 -> core 15 - OK[0m[1;34m
[0m[1;34m	threadid 47912965613312 -> core 16 - OK[0m[1;34m
[0m[1;34m	threadid 47912967714560 -> core 17 - OK[0m[1;34m
[0m[1;34m	threadid 47912969815808 -> core 18 - OK[0m[1;34m
[0m[1;34m	threadid 47912971917056 -> core 19 - OK[0m[1;34m
[0miterations: 120
Total iterations: 1078560480 LUP
FLOP: 11
Total work: 11864165280 FLOP
performance: 4.339566 GLUP/s
Performance in GFLOP/s: 47.735222
size: 9000000
time: 0.248541
[1;34m[pthread wrapper] 
[0m[1;34m[pthread wrapper] MAIN -> 0
[0m[1;34m[pthread wrapper] PIN_MASK: [0m[1;34m0->1  [0m[1;34m1->2  [0m[1;34m2->3  [0m[1;34m3->4  [0m[1;34m4->5  [0m[1;34m5->6  [0m[1;34m6->7  [0m[1;34m7->8  [0m[1;34m8->9  [0m[1;34m9->10  [0m[1;34m10->11  [0m[1;34m11->12  [0m[1;34m12->13  [0m[1;34m13->14  [0m[1;34m14->15  [0m[1;34m15->16  [0m[1;34m16->17  [0m[1;34m17->18  [0m[1;34m18->19  [0m[1;34m
[pthread wrapper] SKIP MASK: 0x0
[0m[1;34m	threadid 46927117985536 -> core 1 - OK[0m[1;34m
[0m[1;34m	threadid 46927120086784 -> core 2 - OK[0m[1;34m
[0m[1;34m	threadid 46927122188032 -> core 3 - OK[0m[1;34m
[0m[1;34m	threadid 46927124289280 -> core 4 - OK[0m[1;34m
[0m[1;34m	threadid 46927126390528 -> core 5 - OK[0m[1;34m
[0m[1;34m	threadid 46927128491776 -> core 6 - OK[0m[1;34m
[0m[1;34m	threadid 46927130593024 -> core 7 - OK[0m[1;34m
[0m[1;34m	threadid 46927132694272 -> core 8 - OK[0m[1;34m
[0m[1;34m	threadid 46927134795520 -> core 9 - OK[0m[1;34m
[0m[1;34m	threadid 46927136896768 -> core 10 - OK[0m[1;34m
[0m[1;34m	threadid 46927138998016 -> core 11 - OK[0m[1;34m
[0m[1;34m	threadid 46927141099264 -> core 12 - OK[0m[1;34m
[0m[1;34m	threadid 46927143200512 -> core 13 - OK[0m[1;34m
[0m[1;34m	threadid 46927145301760 -> core 14 - OK[0m[1;34m
[0m[1;34m	threadid 46927147403008 -> core 15 - OK[0m[1;34m
[0m[1;34m	threadid 46927149504256 -> core 16 - OK[0m[1;34m
[0m[1;34m	threadid 46927151605504 -> core 17 - OK[0m[1;34m
[0m[1;34m	threadid 46927153706752 -> core 18 - OK[0m[1;34m
[0m[1;34m	threadid 46927155808000 -> core 19 - OK[0m[1;34m
[0miterations: 120
Total iterations: 1078560480 LUP
FLOP: 11
Total work: 11864165280 FLOP
performance: 4.327204 GLUP/s
Performance in GFLOP/s: 47.599244
size: 9000000
time: 0.249251
[1;34m[pthread wrapper] 
[0m[1;34m[pthread wrapper] MAIN -> 0
[0m[1;34m[pthread wrapper] PIN_MASK: [0m[1;34m0->1  [0m[1;34m1->2  [0m[1;34m2->3  [0m[1;34m3->4  [0m[1;34m4->5  [0m[1;34m5->6  [0m[1;34m6->7  [0m[1;34m7->8  [0m[1;34m8->9  [0m[1;34m9->10  [0m[1;34m10->11  [0m[1;34m11->12  [0m[1;34m12->13  [0m[1;34m13->14  [0m[1;34m14->15  [0m[1;34m15->16  [0m[1;34m16->17  [0m[1;34m17->18  [0m[1;34m18->19  [0m[1;34m
[pthread wrapper] SKIP MASK: 0x0
[0m[1;34m	threadid 46963809593088 -> core 1 - OK[0m[1;34m
[0m[1;34m	threadid 46963811694336 -> core 2 - OK[0m[1;34m
[0m[1;34m	threadid 46963813795584 -> core 3 - OK[0m[1;34m
[0m[1;34m	threadid 46963815896832 -> core 4 - OK[0m[1;34m
[0m[1;34m	threadid 46963817998080 -> core 5 - OK[0m[1;34m
[0m[1;34m	threadid 46963820099328 -> core 6 - OK[0m[1;34m
[0m[1;34m	threadid 46963822200576 -> core 7 - OK[0m[1;34m
[0m[1;34m	threadid 46963824301824 -> core 8 - OK[0m[1;34m
[0m[1;34m	threadid 46963826403072 -> core 9 - OK[0m[1;34m
[0m[1;34m	threadid 46963828504320 -> core 10 - OK[0m[1;34m
[0m[1;34m	threadid 46963830605568 -> core 11 - OK[0m[1;34m
[0m[1;34m	threadid 46963832706816 -> core 12 - OK[0m[1;34m
[0m[1;34m	threadid 46963834808064 -> core 13 - OK[0m[1;34m
[0m[1;34m	threadid 46963836909312 -> core 14 - OK[0m[1;34m
[0m[1;34m	threadid 46963839010560 -> core 15 - OK[0m[1;34m
[0m[1;34m	threadid 46963841111808 -> core 16 - OK[0m[1;34m
[0m[1;34m	threadid 46963843213056 -> core 17 - OK[0m[1;34m
[0m[1;34m	threadid 46963845314304 -> core 18 - OK[0m[1;34m
[0m[1;34m	threadid 46963847415552 -> core 19 - OK[0m[1;34m
[0miterations: 120
Total iterations: 1078560480 LUP
FLOP: 11
Total work: 11864165280 FLOP
performance: 4.269055 GLUP/s
Performance in GFLOP/s: 46.959602
size: 9000000
time: 0.252646
[1;34m[pthread wrapper] 
[0m[1;34m[pthread wrapper] MAIN -> 0
[0m[1;34m[pthread wrapper] PIN_MASK: [0m[1;34m0->1  [0m[1;34m1->2  [0m[1;34m2->3  [0m[1;34m3->4  [0m[1;34m4->5  [0m[1;34m5->6  [0m[1;34m6->7  [0m[1;34m7->8  [0m[1;34m8->9  [0m[1;34m9->10  [0m[1;34m10->11  [0m[1;34m11->12  [0m[1;34m12->13  [0m[1;34m13->14  [0m[1;34m14->15  [0m[1;34m15->16  [0m[1;34m16->17  [0m[1;34m17->18  [0m[1;34m18->19  [0m[1;34m
[pthread wrapper] SKIP MASK: 0x0
[0m[1;34m	threadid 46971209717504 -> core 1 - OK[0m[1;34m
[0m[1;34m	threadid 46971211818752 -> core 2 - OK[0m[1;34m
[0m[1;34m	threadid 46971213920000 -> core 3 - OK[0m[1;34m
[0m[1;34m	threadid 46971216021248 -> core 4 - OK[0m[1;34m
[0m[1;34m	threadid 46971218122496 -> core 5 - OK[0m[1;34m
[0m[1;34m	threadid 46971220223744 -> core 6 - OK[0m[1;34m
[0m[1;34m	threadid 46971222324992 -> core 7 - OK[0m[1;34m
[0m[1;34m	threadid 46971224426240 -> core 8 - OK[0m[1;34m
[0m[1;34m	threadid 46971226527488 -> core 9 - OK[0m[1;34m
[0m[1;34m	threadid 46971228628736 -> core 10 - OK[0m[1;34m
[0m[1;34m	threadid 46971230729984 -> core 11 - OK[0m[1;34m
[0m[1;34m	threadid 46971232831232 -> core 12 - OK[0m[1;34m
[0m[1;34m	threadid 46971234932480 -> core 13 - OK[0m[1;34m
[0m[1;34m	threadid 46971237033728 -> core 14 - OK[0m[1;34m
[0m[1;34m	threadid 46971239134976 -> core 15 - OK[0m[1;34m
[0m[1;34m	threadid 46971241236224 -> core 16 - OK[0m[1;34m
[0m[1;34m	threadid 46971243337472 -> core 17 - OK[0m[1;34m
[0m[1;34m	threadid 46971245438720 -> core 18 - OK[0m[1;34m
[0m[1;34m	threadid 46971247539968 -> core 19 - OK[0m[1;34m
[0miterations: 120
Total iterations: 1078560480 LUP
FLOP: 11
Total work: 11864165280 FLOP
performance: 4.177940 GLUP/s
Performance in GFLOP/s: 45.957338
size: 9000000
time: 0.258156
[1;34m[pthread wrapper] 
[0m[1;34m[pthread wrapper] MAIN -> 0
[0m[1;34m[pthread wrapper] PIN_MASK: [0m[1;34m0->1  [0m[1;34m1->2  [0m[1;34m2->3  [0m[1;34m3->4  [0m[1;34m4->5  [0m[1;34m5->6  [0m[1;34m6->7  [0m[1;34m7->8  [0m[1;34m8->9  [0m[1;34m9->10  [0m[1;34m10->11  [0m[1;34m11->12  [0m[1;34m12->13  [0m[1;34m13->14  [0m[1;34m14->15  [0m[1;34m15->16  [0m[1;34m16->17  [0m[1;34m17->18  [0m[1;34m18->19  [0m[1;34m
[pthread wrapper] SKIP MASK: 0x0
[0m[1;34m	threadid 47008926172928 -> core 1 - OK[0m[1;34m
[0m[1;34m	threadid 47008928274176 -> core 2 - OK[0m[1;34m
[0m[1;34m	threadid 47008930375424 -> core 3 - OK[0m[1;34m
[0m[1;34m	threadid 47008932476672 -> core 4 - OK[0m[1;34m
[0m[1;34m	threadid 47008934577920 -> core 5 - OK[0m[1;34m
[0m[1;34m	threadid 47008936679168 -> core 6 - OK[0m[1;34m
[0m[1;34m	threadid 47008938780416 -> core 7 - OK[0m[1;34m
[0m[1;34m	threadid 47008940881664 -> core 8 - OK[0m[1;34m
[0m[1;34m	threadid 47008942982912 -> core 9 - OK[0m[1;34m
[0m[1;34m	threadid 47008945084160 -> core 10 - OK[0m[1;34m
[0m[1;34m	threadid 47008947185408 -> core 11 - OK[0m[1;34m
[0m[1;34m	threadid 47008949286656 -> core 12 - OK[0m[1;34m
[0m[1;34m	threadid 47008951387904 -> core 13 - OK[0m[1;34m
[0m[1;34m	threadid 47008953489152 -> core 14 - OK[0m[1;34m
[0m[1;34m	threadid 47008955590400 -> core 15 - OK[0m[1;34m
[0m[1;34m	threadid 47008957691648 -> core 16 - OK[0m[1;34m
[0m[1;34m	threadid 47008959792896 -> core 17 - OK[0m[1;34m
[0m[1;34m	threadid 47008961894144 -> core 18 - OK[0m[1;34m
[0m[1;34m	threadid 47008963995392 -> core 19 - OK[0m[1;34m
[0miterations: 120
Total iterations: 1078560480 LUP
FLOP: 11
Total work: 11864165280 FLOP
performance: 4.161226 GLUP/s
Performance in GFLOP/s: 45.773489
size: 9000000
time: 0.259193
[1;34m[pthread wrapper] 
[0m[1;34m[pthread wrapper] MAIN -> 0
[0m[1;34m[pthread wrapper] PIN_MASK: [0m[1;34m0->1  [0m[1;34m1->2  [0m[1;34m2->3  [0m[1;34m3->4  [0m[1;34m4->5  [0m[1;34m5->6  [0m[1;34m6->7  [0m[1;34m7->8  [0m[1;34m8->9  [0m[1;34m9->10  [0m[1;34m10->11  [0m[1;34m11->12  [0m[1;34m12->13  [0m[1;34m13->14  [0m[1;34m14->15  [0m[1;34m15->16  [0m[1;34m16->17  [0m[1;34m17->18  [0m[1;34m18->19  [0m[1;34m
[pthread wrapper] SKIP MASK: 0x0
[0m[1;34m	threadid 47711911978752 -> core 1 - OK[0m[1;34m
[0m[1;34m	threadid 47711914080000 -> core 2 - OK[0m[1;34m
[0m[1;34m	threadid 47711916181248 -> core 3 - OK[0m[1;34m
[0m[1;34m	threadid 47711918282496 -> core 4 - OK[0m[1;34m
[0m[1;34m	threadid 47711920383744 -> core 5 - OK[0m[1;34m
[0m[1;34m	threadid 47711922484992 -> core 6 - OK[0m[1;34m
[0m[1;34m	threadid 47711924586240 -> core 7 - OK[0m[1;34m
[0m[1;34m	threadid 47711926687488 -> core 8 - OK[0m[1;34m
[0m[1;34m	threadid 47711928788736 -> core 9 - OK[0m[1;34m
[0m[1;34m	threadid 47711930889984 -> core 10 - OK[0m[1;34m
[0m[1;34m	threadid 47711932991232 -> core 11 - OK[0m[1;34m
[0m[1;34m	threadid 47711935092480 -> core 12 - OK[0m[1;34m
[0m[1;34m	threadid 47711937193728 -> core 13 - OK[0m[1;34m
[0m[1;34m	threadid 47711939294976 -> core 14 - OK[0m[1;34m
[0m[1;34m	threadid 47711941396224 -> core 15 - OK[0m[1;34m
[0m[1;34m	threadid 47711943497472 -> core 16 - OK[0m[1;34m
[0m[1;34m	threadid 47711945598720 -> core 17 - OK[0m[1;34m
[0m[1;34m	threadid 47711947699968 -> core 18 - OK[0m[1;34m
[0m[1;34m	threadid 47711949801216 -> core 19 - OK[0m[1;34m
[0miterations: 120
Total iterations: 1078560480 LUP
FLOP: 11
Total work: 11864165280 FLOP
performance: 4.226932 GLUP/s
Performance in GFLOP/s: 46.496252
size: 9000000
time: 0.255164
[1;34m[pthread wrapper] 
[0m[1;34m[pthread wrapper] MAIN -> 0
[0m[1;34m[pthread wrapper] PIN_MASK: [0m[1;34m0->1  [0m[1;34m1->2  [0m[1;34m2->3  [0m[1;34m3->4  [0m[1;34m4->5  [0m[1;34m5->6  [0m[1;34m6->7  [0m[1;34m7->8  [0m[1;34m8->9  [0m[1;34m9->10  [0m[1;34m10->11  [0m[1;34m11->12  [0m[1;34m12->13  [0m[1;34m13->14  [0m[1;34m14->15  [0m[1;34m15->16  [0m[1;34m16->17  [0m[1;34m17->18  [0m[1;34m18->19  [0m[1;34m
[pthread wrapper] SKIP MASK: 0x0
[0m[1;34m	threadid 47229585979136 -> core 1 - OK[0m[1;34m
[0m[1;34m	threadid 47229588080384 -> core 2 - OK[0m[1;34m
[0m[1;34m	threadid 47229590181632 -> core 3 - OK[0m[1;34m
[0m[1;34m	threadid 47229592282880 -> core 4 - OK[0m[1;34m
[0m[1;34m	threadid 47229594384128 -> core 5 - OK[0m[1;34m
[0m[1;34m	threadid 47229596485376 -> core 6 - OK[0m[1;34m
[0m[1;34m	threadid 47229598586624 -> core 7 - OK[0m[1;34m
[0m[1;34m	threadid 47229600687872 -> core 8 - OK[0m[1;34m
[0m[1;34m	threadid 47229602789120 -> core 9 - OK[0m[1;34m
[0m[1;34m	threadid 47229604890368 -> core 10 - OK[0m[1;34m
[0m[1;34m	threadid 47229606991616 -> core 11 - OK[0m[1;34m
[0m[1;34m	threadid 47229609092864 -> core 12 - OK[0m[1;34m
[0m[1;34m	threadid 47229611194112 -> core 13 - OK[0m[1;34m
[0m[1;34m	threadid 47229613295360 -> core 14 - OK[0m[1;34m
[0m[1;34m	threadid 47229615396608 -> core 15 - OK[0m[1;34m
[0m[1;34m	threadid 47229617497856 -> core 16 - OK[0m[1;34m
[0m[1;34m	threadid 47229619599104 -> core 17 - OK[0m[1;34m
[0m[1;34m	threadid 47229621700352 -> core 18 - OK[0m[1;34m
[0m[1;34m	threadid 47229623801600 -> core 19 - OK[0m[1;34m
[0miterations: 120
Total iterations: 1078560480 LUP
FLOP: 11
Total work: 11864165280 FLOP
performance: 4.279814 GLUP/s
Performance in GFLOP/s: 47.077955
size: 9000000
time: 0.252011
[1;34m[pthread wrapper] 
[0m[1;34m[pthread wrapper] MAIN -> 0
[0m[1;34m[pthread wrapper] PIN_MASK: [0m[1;34m0->1  [0m[1;34m1->2  [0m[1;34m2->3  [0m[1;34m3->4  [0m[1;34m4->5  [0m[1;34m5->6  [0m[1;34m6->7  [0m[1;34m7->8  [0m[1;34m8->9  [0m[1;34m9->10  [0m[1;34m10->11  [0m[1;34m11->12  [0m[1;34m12->13  [0m[1;34m13->14  [0m[1;34m14->15  [0m[1;34m15->16  [0m[1;34m16->17  [0m[1;34m17->18  [0m[1;34m18->19  [0m[1;34m
[pthread wrapper] SKIP MASK: 0x0
[0m[1;34m	threadid 47087383938816 -> core 1 - OK[0m[1;34m
[0m[1;34m	threadid 47087386040064 -> core 2 - OK[0m[1;34m
[0m[1;34m	threadid 47087388141312 -> core 3 - OK[0m[1;34m
[0m[1;34m	threadid 47087390242560 -> core 4 - OK[0m[1;34m
[0m[1;34m	threadid 47087392343808 -> core 5 - OK[0m[1;34m
[0m[1;34m	threadid 47087394445056 -> core 6 - OK[0m[1;34m
[0m[1;34m	threadid 47087396546304 -> core 7 - OK[0m[1;34m
[0m[1;34m	threadid 47087398647552 -> core 8 - OK[0m[1;34m
[0m[1;34m	threadid 47087400748800 -> core 9 - OK[0m[1;34m
[0m[1;34m	threadid 47087402850048 -> core 10 - OK[0m[1;34m
[0m[1;34m	threadid 47087404951296 -> core 11 - OK[0m[1;34m
[0m[1;34m	threadid 47087407052544 -> core 12 - OK[0m[1;34m
[0m[1;34m	threadid 47087409153792 -> core 13 - OK[0m[1;34m
[0m[1;34m	threadid 47087411255040 -> core 14 - OK[0m[1;34m
[0m[1;34m	threadid 47087413356288 -> core 15 - OK[0m[1;34m
[0m[1;34m	threadid 47087415457536 -> core 16 - OK[0m[1;34m
[0m[1;34m	threadid 47087417558784 -> core 17 - OK[0m[1;34m
[0m[1;34m	threadid 47087419660032 -> core 18 - OK[0m[1;34m
[0m[1;34m	threadid 47087421761280 -> core 19 - OK[0m[1;34m
[0miterations: 120
Total iterations: 1078560480 LUP
FLOP: 11
Total work: 11864165280 FLOP
performance: 4.236992 GLUP/s
Performance in GFLOP/s: 46.606908
size: 9000000
time: 0.254558
[1;34m[pthread wrapper] 
[0m[1;34m[pthread wrapper] MAIN -> 0
[0m[1;34m[pthread wrapper] PIN_MASK: [0m[1;34m0->1  [0m[1;34m1->2  [0m[1;34m2->3  [0m[1;34m3->4  [0m[1;34m4->5  [0m[1;34m5->6  [0m[1;34m6->7  [0m[1;34m7->8  [0m[1;34m8->9  [0m[1;34m9->10  [0m[1;34m10->11  [0m[1;34m11->12  [0m[1;34m12->13  [0m[1;34m13->14  [0m[1;34m14->15  [0m[1;34m15->16  [0m[1;34m16->17  [0m[1;34m17->18  [0m[1;34m18->19  [0m[1;34m
[pthread wrapper] SKIP MASK: 0x0
[0m[1;34m	threadid 47663104976640 -> core 1 - OK[0m[1;34m
[0m[1;34m	threadid 47663107077888 -> core 2 - OK[0m[1;34m
[0m[1;34m	threadid 47663109179136 -> core 3 - OK[0m[1;34m
[0m[1;34m	threadid 47663111280384 -> core 4 - OK[0m[1;34m
[0m[1;34m	threadid 47663113381632 -> core 5 - OK[0m[1;34m
[0m[1;34m	threadid 47663115482880 -> core 6 - OK[0m[1;34m
[0m[1;34m	threadid 47663117584128 -> core 7 - OK[0m[1;34m
[0m[1;34m	threadid 47663119685376 -> core 8 - OK[0m[1;34m
[0m[1;34m	threadid 47663121786624 -> core 9 - OK[0m[1;34m
[0m[1;34m	threadid 47663123887872 -> core 10 - OK[0m[1;34m
[0m[1;34m	threadid 47663125989120 -> core 11 - OK[0m[1;34m
[0m[1;34m	threadid 47663128090368 -> core 12 - OK[0m[1;34m
[0m[1;34m	threadid 47663130191616 -> core 13 - OK[0m[1;34m
[0m[1;34m	threadid 47663132292864 -> core 14 - OK[0m[1;34m
[0m[1;34m	threadid 47663134394112 -> core 15 - OK[0m[1;34m
[0m[1;34m	threadid 47663136495360 -> core 16 - OK[0m[1;34m
[0m[1;34m	threadid 47663138596608 -> core 17 - OK[0m[1;34m
[0m[1;34m	threadid 47663140697856 -> core 18 - OK[0m[1;34m
[0m[1;34m	threadid 47663142799104 -> core 19 - OK[0m[1;34m
[0miterations: 120
Total iterations: 1078560480 LUP
FLOP: 11
Total work: 11864165280 FLOP
performance: 4.245099 GLUP/s
Performance in GFLOP/s: 46.696084
size: 9000000
time: 0.254072
