[1;34m[pthread wrapper] 
[0m[1;34m[pthread wrapper] MAIN -> 0
[0m[1;34m[pthread wrapper] PIN_MASK: [0m[1;34m0->1  [0m[1;34m1->2  [0m[1;34m2->3  [0m[1;34m
[pthread wrapper] SKIP MASK: 0x0
[0m[1;34m	threadid 47170774443776 -> core 1 - OK[0m[1;34m
[0m[1;34m	threadid 47170776545024 -> core 2 - OK[0m[1;34m
[0m[1;34m	threadid 47170778646272 -> core 3 - OK[0m[1;34m
[0miterations: 200
Total iterations: 1797600800 LUP
FLOP: 11
Total work: 19773608800 FLOP
performance: 1.807770 GLUP/s
Performance in GFLOP/s: 19.885465
size: 9000000
time: 0.994375
[1;34m[pthread wrapper] 
[0m[1;34m[pthread wrapper] MAIN -> 0
[0m[1;34m[pthread wrapper] PIN_MASK: [0m[1;34m0->1  [0m[1;34m1->2  [0m[1;34m2->3  [0m[1;34m
[pthread wrapper] SKIP MASK: 0x0
[0m[1;34m	threadid 46918826526464 -> core 1 - OK[0m[1;34m
[0m[1;34m	threadid 46918828627712 -> core 2 - OK[0m[1;34m
[0m[1;34m	threadid 46918830728960 -> core 3 - OK[0m[1;34m
[0miterations: 200
Total iterations: 1797600800 LUP
FLOP: 11
Total work: 19773608800 FLOP
performance: 1.809158 GLUP/s
Performance in GFLOP/s: 19.900734
size: 9000000
time: 0.993612
[1;34m[pthread wrapper] 
[0m[1;34m[pthread wrapper] MAIN -> 0
[0m[1;34m[pthread wrapper] PIN_MASK: [0m[1;34m0->1  [0m[1;34m1->2  [0m[1;34m2->3  [0m[1;34m
[pthread wrapper] SKIP MASK: 0x0
[0m[1;34m	threadid 47080171173632 -> core 1 - OK[0m[1;34m
[0m[1;34m	threadid 47080173274880 -> core 2 - OK[0m[1;34m
[0m[1;34m	threadid 47080175376128 -> core 3 - OK[0m[1;34m
[0miterations: 200
Total iterations: 1797600800 LUP
FLOP: 11
Total work: 19773608800 FLOP
performance: 1.819653 GLUP/s
Performance in GFLOP/s: 20.016186
size: 9000000
time: 0.987881
[1;34m[pthread wrapper] 
[0m[1;34m[pthread wrapper] MAIN -> 0
[0m[1;34m[pthread wrapper] PIN_MASK: [0m[1;34m0->1  [0m[1;34m1->2  [0m[1;34m2->3  [0m[1;34m
[pthread wrapper] SKIP MASK: 0x0
[0m[1;34m	threadid 46978781894400 -> core 1 - OK[0m[1;34m
[0m[1;34m	threadid 46978783995648 -> core 2 - OK[0m[1;34m
[0m[1;34m	threadid 46978786096896 -> core 3 - OK[0m[1;34m
[0miterations: 200
Total iterations: 1797600800 LUP
FLOP: 11
Total work: 19773608800 FLOP
performance: 1.817854 GLUP/s
Performance in GFLOP/s: 19.996390
size: 9000000
time: 0.988859
[1;34m[pthread wrapper] 
[0m[1;34m[pthread wrapper] MAIN -> 0
[0m[1;34m[pthread wrapper] PIN_MASK: [0m[1;34m0->1  [0m[1;34m1->2  [0m[1;34m2->3  [0m[1;34m
[pthread wrapper] SKIP MASK: 0x0
[0m[1;34m	threadid 47617649764096 -> core 1 - OK[0m[1;34m
[0m[1;34m	threadid 47617651865344 -> core 2 - OK[0m[1;34m
[0m[1;34m	threadid 47617653966592 -> core 3 - OK[0m[1;34m
[0miterations: 200
Total iterations: 1797600800 LUP
FLOP: 11
Total work: 19773608800 FLOP
performance: 1.806767 GLUP/s
Performance in GFLOP/s: 19.874433
size: 9000000
time: 0.994927
[1;34m[pthread wrapper] 
[0m[1;34m[pthread wrapper] MAIN -> 0
[0m[1;34m[pthread wrapper] PIN_MASK: [0m[1;34m0->1  [0m[1;34m1->2  [0m[1;34m2->3  [0m[1;34m
[pthread wrapper] SKIP MASK: 0x0
[0m[1;34m	threadid 47116320872192 -> core 1 - OK[0m[1;34m
[0m[1;34m	threadid 47116322973440 -> core 2 - OK[0m[1;34m
[0m[1;34m	threadid 47116325074688 -> core 3 - OK[0m[1;34m
[0miterations: 200
Total iterations: 1797600800 LUP
FLOP: 11
Total work: 19773608800 FLOP
performance: 1.800142 GLUP/s
Performance in GFLOP/s: 19.801567
size: 9000000
time: 0.998588
[1;34m[pthread wrapper] 
[0m[1;34m[pthread wrapper] MAIN -> 0
[0m[1;34m[pthread wrapper] PIN_MASK: [0m[1;34m0->1  [0m[1;34m1->2  [0m[1;34m2->3  [0m[1;34m
[pthread wrapper] SKIP MASK: 0x0
[0m[1;34m	threadid 47881825769216 -> core 1 - OK[0m[1;34m
[0m[1;34m	threadid 47881827870464 -> core 2 - OK[0m[1;34m
[0m[1;34m	threadid 47881829971712 -> core 3 - OK[0m[1;34m
[0miterations: 200
Total iterations: 1797600800 LUP
FLOP: 11
Total work: 19773608800 FLOP
performance: 1.805322 GLUP/s
Performance in GFLOP/s: 19.858544
size: 9000000
time: 0.995723
[1;34m[pthread wrapper] 
[0m[1;34m[pthread wrapper] MAIN -> 0
[0m[1;34m[pthread wrapper] PIN_MASK: [0m[1;34m0->1  [0m[1;34m1->2  [0m[1;34m2->3  [0m[1;34m
[pthread wrapper] SKIP MASK: 0x0
[0m[1;34m	threadid 47518101485312 -> core 1 - OK[0m[1;34m
[0m[1;34m	threadid 47518103586560 -> core 2 - OK[0m[1;34m
[0m[1;34m	threadid 47518105687808 -> core 3 - OK[0m[1;34m
[0miterations: 200
Total iterations: 1797600800 LUP
FLOP: 11
Total work: 19773608800 FLOP
performance: 1.814915 GLUP/s
Performance in GFLOP/s: 19.964068
size: 9000000
time: 0.990460
[1;34m[pthread wrapper] 
[0m[1;34m[pthread wrapper] MAIN -> 0
[0m[1;34m[pthread wrapper] PIN_MASK: [0m[1;34m0->1  [0m[1;34m1->2  [0m[1;34m2->3  [0m[1;34m
[pthread wrapper] SKIP MASK: 0x0
[0m[1;34m	threadid 47429489358592 -> core 1 - OK[0m[1;34m
[0m[1;34m	threadid 47429491459840 -> core 2 - OK[0m[1;34m
[0m[1;34m	threadid 47429493561088 -> core 3 - OK[0m[1;34m
[0miterations: 200
Total iterations: 1797600800 LUP
FLOP: 11
Total work: 19773608800 FLOP
performance: 1.809442 GLUP/s
Performance in GFLOP/s: 19.903862
size: 9000000
time: 0.993456
[1;34m[pthread wrapper] 
[0m[1;34m[pthread wrapper] MAIN -> 0
[0m[1;34m[pthread wrapper] PIN_MASK: [0m[1;34m0->1  [0m[1;34m1->2  [0m[1;34m2->3  [0m[1;34m
[pthread wrapper] SKIP MASK: 0x0
[0m[1;34m	threadid 46986379257600 -> core 1 - OK[0m[1;34m
[0m[1;34m	threadid 46986381358848 -> core 2 - OK[0m[1;34m
[0m[1;34m	threadid 46986383460096 -> core 3 - OK[0m[1;34m
[0miterations: 200
Total iterations: 1797600800 LUP
FLOP: 11
Total work: 19773608800 FLOP
performance: 1.816615 GLUP/s
Performance in GFLOP/s: 19.982769
size: 9000000
time: 0.989533
