[1;34m[pthread wrapper] 
[0m[1;34m[pthread wrapper] MAIN -> 0
[0m[1;34m[pthread wrapper] PIN_MASK: [0m[1;34m0->1  [0m[1;34m1->2  [0m[1;34m2->3  [0m[1;34m3->4  [0m[1;34m4->5  [0m[1;34m5->10  [0m[1;34m6->11  [0m[1;34m7->12  [0m[1;34m8->13  [0m[1;34m9->14  [0m[1;34m10->15  [0m[1;34m
[pthread wrapper] SKIP MASK: 0x0
[0m[1;34m	threadid 46939014620928 -> core 1 - OK[0m[1;34m
[0m[1;34m	threadid 46939016722176 -> core 2 - OK[0m[1;34m
[0m[1;34m	threadid 46939018823424 -> core 3 - OK[0m[1;34m
[0m[1;34m	threadid 46939020924672 -> core 4 - OK[0m[1;34m
[0m[1;34m	threadid 46939023025920 -> core 5 - OK[0m[1;34m
[0m[1;34m	threadid 46939025127168 -> core 10 - OK[0m[1;34m
[0m[1;34m	threadid 46939027228416 -> core 11 - OK[0m[1;34m
[0m[1;34m	threadid 46939029329664 -> core 12 - OK[0m[1;34m
[0m[1;34m	threadid 46939031430912 -> core 13 - OK[0m[1;34m
[0m[1;34m	threadid 46939033532160 -> core 14 - OK[0m[1;34m
[0m[1;34m	threadid 46939035633408 -> core 15 - OK[0m[1;34m
[0miterations: 120
Total iterations: 1078560480 LUP
FLOP: 11
Total work: 11864165280 FLOP
performance: 4.063461 GLUP/s
Performance in GFLOP/s: 44.698071
size: 9000000
time: 0.265429
[1;34m[pthread wrapper] 
[0m[1;34m[pthread wrapper] MAIN -> 0
[0m[1;34m[pthread wrapper] PIN_MASK: [0m[1;34m0->1  [0m[1;34m1->2  [0m[1;34m2->3  [0m[1;34m3->4  [0m[1;34m4->5  [0m[1;34m5->10  [0m[1;34m6->11  [0m[1;34m7->12  [0m[1;34m8->13  [0m[1;34m9->14  [0m[1;34m10->15  [0m[1;34m
[pthread wrapper] SKIP MASK: 0x0
[0m[1;34m	threadid 47794549651200 -> core 1 - OK[0m[1;34m
[0m[1;34m	threadid 47794551752448 -> core 2 - OK[0m[1;34m
[0m[1;34m	threadid 47794553853696 -> core 3 - OK[0m[1;34m
[0m[1;34m	threadid 47794555954944 -> core 4 - OK[0m[1;34m
[0m[1;34m	threadid 47794558056192 -> core 5 - OK[0m[1;34m
[0m[1;34m	threadid 47794560157440 -> core 10 - OK[0m[1;34m
[0m[1;34m	threadid 47794562258688 -> core 11 - OK[0m[1;34m
[0m[1;34m	threadid 47794564359936 -> core 12 - OK[0m[1;34m
[0m[1;34m	threadid 47794566461184 -> core 13 - OK[0m[1;34m
[0m[1;34m	threadid 47794568562432 -> core 14 - OK[0m[1;34m
[0m[1;34m	threadid 47794570663680 -> core 15 - OK[0m[1;34m
[0miterations: 120
Total iterations: 1078560480 LUP
FLOP: 11
Total work: 11864165280 FLOP
performance: 4.094824 GLUP/s
Performance in GFLOP/s: 45.043069
size: 9000000
time: 0.263396
[1;34m[pthread wrapper] 
[0m[1;34m[pthread wrapper] MAIN -> 0
[0m[1;34m[pthread wrapper] PIN_MASK: [0m[1;34m0->1  [0m[1;34m1->2  [0m[1;34m2->3  [0m[1;34m3->4  [0m[1;34m4->5  [0m[1;34m5->10  [0m[1;34m6->11  [0m[1;34m7->12  [0m[1;34m8->13  [0m[1;34m9->14  [0m[1;34m10->15  [0m[1;34m
[pthread wrapper] SKIP MASK: 0x0
[0m[1;34m	threadid 47838806349568 -> core 1 - OK[0m[1;34m
[0m[1;34m	threadid 47838808450816 -> core 2 - OK[0m[1;34m
[0m[1;34m	threadid 47838810552064 -> core 3 - OK[0m[1;34m
[0m[1;34m	threadid 47838812653312 -> core 4 - OK[0m[1;34m
[0m[1;34m	threadid 47838814754560 -> core 5 - OK[0m[1;34m
[0m[1;34m	threadid 47838816855808 -> core 10 - OK[0m[1;34m
[0m[1;34m	threadid 47838818957056 -> core 11 - OK[0m[1;34m
[0m[1;34m	threadid 47838821058304 -> core 12 - OK[0m[1;34m
[0m[1;34m	threadid 47838823159552 -> core 13 - OK[0m[1;34m
[0m[1;34m	threadid 47838825260800 -> core 14 - OK[0m[1;34m
[0m[1;34m	threadid 47838827362048 -> core 15 - OK[0m[1;34m
[0miterations: 120
Total iterations: 1078560480 LUP
FLOP: 11
Total work: 11864165280 FLOP
performance: 4.093316 GLUP/s
Performance in GFLOP/s: 45.026481
size: 9000000
time: 0.263493
[1;34m[pthread wrapper] 
[0m[1;34m[pthread wrapper] MAIN -> 0
[0m[1;34m[pthread wrapper] PIN_MASK: [0m[1;34m0->1  [0m[1;34m1->2  [0m[1;34m2->3  [0m[1;34m3->4  [0m[1;34m4->5  [0m[1;34m5->10  [0m[1;34m6->11  [0m[1;34m7->12  [0m[1;34m8->13  [0m[1;34m9->14  [0m[1;34m10->15  [0m[1;34m
[pthread wrapper] SKIP MASK: 0x0
[0m[1;34m	threadid 47329356904192 -> core 1 - OK[0m[1;34m
[0m[1;34m	threadid 47329359005440 -> core 2 - OK[0m[1;34m
[0m[1;34m	threadid 47329361106688 -> core 3 - OK[0m[1;34m
[0m[1;34m	threadid 47329363207936 -> core 4 - OK[0m[1;34m
[0m[1;34m	threadid 47329365309184 -> core 5 - OK[0m[1;34m
[0m[1;34m	threadid 47329367410432 -> core 10 - OK[0m[1;34m
[0m[1;34m	threadid 47329369511680 -> core 11 - OK[0m[1;34m
[0m[1;34m	threadid 47329371612928 -> core 12 - OK[0m[1;34m
[0m[1;34m	threadid 47329373714176 -> core 13 - OK[0m[1;34m
[0m[1;34m	threadid 47329375815424 -> core 14 - OK[0m[1;34m
[0m[1;34m	threadid 47329377916672 -> core 15 - OK[0m[1;34m
[0miterations: 120
Total iterations: 1078560480 LUP
FLOP: 11
Total work: 11864165280 FLOP
performance: 4.015069 GLUP/s
Performance in GFLOP/s: 44.165761
size: 9000000
time: 0.268628
[1;34m[pthread wrapper] 
[0m[1;34m[pthread wrapper] MAIN -> 0
[0m[1;34m[pthread wrapper] PIN_MASK: [0m[1;34m0->1  [0m[1;34m1->2  [0m[1;34m2->3  [0m[1;34m3->4  [0m[1;34m4->5  [0m[1;34m5->10  [0m[1;34m6->11  [0m[1;34m7->12  [0m[1;34m8->13  [0m[1;34m9->14  [0m[1;34m10->15  [0m[1;34m
[pthread wrapper] SKIP MASK: 0x0
[0m[1;34m	threadid 47626541610752 -> core 1 - OK[0m[1;34m
[0m[1;34m	threadid 47626543712000 -> core 2 - OK[0m[1;34m
[0m[1;34m	threadid 47626545813248 -> core 3 - OK[0m[1;34m
[0m[1;34m	threadid 47626547914496 -> core 4 - OK[0m[1;34m
[0m[1;34m	threadid 47626550015744 -> core 5 - OK[0m[1;34m
[0m[1;34m	threadid 47626552116992 -> core 10 - OK[0m[1;34m
[0m[1;34m	threadid 47626554218240 -> core 11 - OK[0m[1;34m
[0m[1;34m	threadid 47626556319488 -> core 12 - OK[0m[1;34m
[0m[1;34m	threadid 47626558420736 -> core 13 - OK[0m[1;34m
[0m[1;34m	threadid 47626560521984 -> core 14 - OK[0m[1;34m
[0m[1;34m	threadid 47626562623232 -> core 15 - OK[0m[1;34m
[0miterations: 120
Total iterations: 1078560480 LUP
FLOP: 11
Total work: 11864165280 FLOP
performance: 4.023758 GLUP/s
Performance in GFLOP/s: 44.261338
size: 9000000
time: 0.268048
[1;34m[pthread wrapper] 
[0m[1;34m[pthread wrapper] MAIN -> 0
[0m[1;34m[pthread wrapper] PIN_MASK: [0m[1;34m0->1  [0m[1;34m1->2  [0m[1;34m2->3  [0m[1;34m3->4  [0m[1;34m4->5  [0m[1;34m5->10  [0m[1;34m6->11  [0m[1;34m7->12  [0m[1;34m8->13  [0m[1;34m9->14  [0m[1;34m10->15  [0m[1;34m
[pthread wrapper] SKIP MASK: 0x0
[0m[1;34m	threadid 47210395846400 -> core 1 - OK[0m[1;34m
[0m[1;34m	threadid 47210397947648 -> core 2 - OK[0m[1;34m
[0m[1;34m	threadid 47210400048896 -> core 3 - OK[0m[1;34m
[0m[1;34m	threadid 47210402150144 -> core 4 - OK[0m[1;34m
[0m[1;34m	threadid 47210404251392 -> core 5 - OK[0m[1;34m
[0m[1;34m	threadid 47210406352640 -> core 10 - OK[0m[1;34m
[0m[1;34m	threadid 47210408453888 -> core 11 - OK[0m[1;34m
[0m[1;34m	threadid 47210410555136 -> core 12 - OK[0m[1;34m
[0m[1;34m	threadid 47210412656384 -> core 13 - OK[0m[1;34m
[0m[1;34m	threadid 47210414757632 -> core 14 - OK[0m[1;34m
[0m[1;34m	threadid 47210416858880 -> core 15 - OK[0m[1;34m
[0miterations: 120
Total iterations: 1078560480 LUP
FLOP: 11
Total work: 11864165280 FLOP
performance: 4.025247 GLUP/s
Performance in GFLOP/s: 44.277722
size: 9000000
time: 0.267949
[1;34m[pthread wrapper] 
[0m[1;34m[pthread wrapper] MAIN -> 0
[0m[1;34m[pthread wrapper] PIN_MASK: [0m[1;34m0->1  [0m[1;34m1->2  [0m[1;34m2->3  [0m[1;34m3->4  [0m[1;34m4->5  [0m[1;34m5->10  [0m[1;34m6->11  [0m[1;34m7->12  [0m[1;34m8->13  [0m[1;34m9->14  [0m[1;34m10->15  [0m[1;34m
[pthread wrapper] SKIP MASK: 0x0
[0m[1;34m	threadid 47795058505472 -> core 1 - OK[0m[1;34m
[0m[1;34m	threadid 47795060606720 -> core 2 - OK[0m[1;34m
[0m[1;34m	threadid 47795062707968 -> core 3 - OK[0m[1;34m
[0m[1;34m	threadid 47795064809216 -> core 4 - OK[0m[1;34m
[0m[1;34m	threadid 47795066910464 -> core 5 - OK[0m[1;34m
[0m[1;34m	threadid 47795069011712 -> core 10 - OK[0m[1;34m
[0m[1;34m	threadid 47795071112960 -> core 11 - OK[0m[1;34m
[0m[1;34m	threadid 47795073214208 -> core 12 - OK[0m[1;34m
[0m[1;34m	threadid 47795075315456 -> core 13 - OK[0m[1;34m
[0m[1;34m	threadid 47795077416704 -> core 14 - OK[0m[1;34m
[0m[1;34m	threadid 47795079517952 -> core 15 - OK[0m[1;34m
[0miterations: 120
Total iterations: 1078560480 LUP
FLOP: 11
Total work: 11864165280 FLOP
performance: 4.132794 GLUP/s
Performance in GFLOP/s: 45.460739
size: 9000000
time: 0.260976
[1;34m[pthread wrapper] 
[0m[1;34m[pthread wrapper] MAIN -> 0
[0m[1;34m[pthread wrapper] PIN_MASK: [0m[1;34m0->1  [0m[1;34m1->2  [0m[1;34m2->3  [0m[1;34m3->4  [0m[1;34m4->5  [0m[1;34m5->10  [0m[1;34m6->11  [0m[1;34m7->12  [0m[1;34m8->13  [0m[1;34m9->14  [0m[1;34m10->15  [0m[1;34m
[pthread wrapper] SKIP MASK: 0x0
[0m[1;34m	threadid 47941348529920 -> core 1 - OK[0m[1;34m
[0m[1;34m	threadid 47941350631168 -> core 2 - OK[0m[1;34m
[0m[1;34m	threadid 47941352732416 -> core 3 - OK[0m[1;34m
[0m[1;34m	threadid 47941354833664 -> core 4 - OK[0m[1;34m
[0m[1;34m	threadid 47941356934912 -> core 5 - OK[0m[1;34m
[0m[1;34m	threadid 47941359036160 -> core 10 - OK[0m[1;34m
[0m[1;34m	threadid 47941361137408 -> core 11 - OK[0m[1;34m
[0m[1;34m	threadid 47941363238656 -> core 12 - OK[0m[1;34m
[0m[1;34m	threadid 47941365339904 -> core 13 - OK[0m[1;34m
[0m[1;34m	threadid 47941367441152 -> core 14 - OK[0m[1;34m
[0m[1;34m	threadid 47941369542400 -> core 15 - OK[0m[1;34m
[0miterations: 120
Total iterations: 1078560480 LUP
FLOP: 11
Total work: 11864165280 FLOP
performance: 4.169576 GLUP/s
Performance in GFLOP/s: 45.865335
size: 9000000
time: 0.258674
[1;34m[pthread wrapper] 
[0m[1;34m[pthread wrapper] MAIN -> 0
[0m[1;34m[pthread wrapper] PIN_MASK: [0m[1;34m0->1  [0m[1;34m1->2  [0m[1;34m2->3  [0m[1;34m3->4  [0m[1;34m4->5  [0m[1;34m5->10  [0m[1;34m6->11  [0m[1;34m7->12  [0m[1;34m8->13  [0m[1;34m9->14  [0m[1;34m10->15  [0m[1;34m
[pthread wrapper] SKIP MASK: 0x0
[0m[1;34m	threadid 47875181496064 -> core 1 - OK[0m[1;34m
[0m[1;34m	threadid 47875183597312 -> core 2 - OK[0m[1;34m
[0m[1;34m	threadid 47875185698560 -> core 3 - OK[0m[1;34m
[0m[1;34m	threadid 47875187799808 -> core 4 - OK[0m[1;34m
[0m[1;34m	threadid 47875189901056 -> core 5 - OK[0m[1;34m
[0m[1;34m	threadid 47875192002304 -> core 10 - OK[0m[1;34m
[0m[1;34m	threadid 47875194103552 -> core 11 - OK[0m[1;34m
[0m[1;34m	threadid 47875196204800 -> core 12 - OK[0m[1;34m
[0m[1;34m	threadid 47875198306048 -> core 13 - OK[0m[1;34m
[0m[1;34m	threadid 47875200407296 -> core 14 - OK[0m[1;34m
[0m[1;34m	threadid 47875202508544 -> core 15 - OK[0m[1;34m
[0miterations: 120
Total iterations: 1078560480 LUP
FLOP: 11
Total work: 11864165280 FLOP
performance: 4.046433 GLUP/s
Performance in GFLOP/s: 44.510759
size: 9000000
time: 0.266546
[1;34m[pthread wrapper] 
[0m[1;34m[pthread wrapper] MAIN -> 0
[0m[1;34m[pthread wrapper] PIN_MASK: [0m[1;34m0->1  [0m[1;34m1->2  [0m[1;34m2->3  [0m[1;34m3->4  [0m[1;34m4->5  [0m[1;34m5->10  [0m[1;34m6->11  [0m[1;34m7->12  [0m[1;34m8->13  [0m[1;34m9->14  [0m[1;34m10->15  [0m[1;34m
[pthread wrapper] SKIP MASK: 0x0
[0m[1;34m	threadid 47732152219392 -> core 1 - OK[0m[1;34m
[0m[1;34m	threadid 47732154320640 -> core 2 - OK[0m[1;34m
[0m[1;34m	threadid 47732156421888 -> core 3 - OK[0m[1;34m
[0m[1;34m	threadid 47732158523136 -> core 4 - OK[0m[1;34m
[0m[1;34m	threadid 47732160624384 -> core 5 - OK[0m[1;34m
[0m[1;34m	threadid 47732162725632 -> core 10 - OK[0m[1;34m
[0m[1;34m	threadid 47732164826880 -> core 11 - OK[0m[1;34m
[0m[1;34m	threadid 47732166928128 -> core 12 - OK[0m[1;34m
[0m[1;34m	threadid 47732169029376 -> core 13 - OK[0m[1;34m
[0m[1;34m	threadid 47732171130624 -> core 14 - OK[0m[1;34m
[0m[1;34m	threadid 47732173231872 -> core 15 - OK[0m[1;34m
[0miterations: 120
Total iterations: 1078560480 LUP
FLOP: 11
Total work: 11864165280 FLOP
performance: 4.104596 GLUP/s
Performance in GFLOP/s: 45.150554
size: 9000000
time: 0.262769
