[1;34m[pthread wrapper] 
[0m[1;34m[pthread wrapper] MAIN -> 0
[0m[1;34m[pthread wrapper] PIN_MASK: [0m[1;34m0->1  [0m[1;34m1->2  [0m[1;34m2->3  [0m[1;34m3->4  [0m[1;34m4->5  [0m[1;34m5->6  [0m[1;34m6->7  [0m[1;34m7->8  [0m[1;34m8->9  [0m[1;34m9->10  [0m[1;34m10->11  [0m[1;34m11->12  [0m[1;34m12->13  [0m[1;34m13->14  [0m[1;34m14->15  [0m[1;34m15->16  [0m[1;34m16->17  [0m[1;34m17->18  [0m[1;34m18->19  [0m[1;34m
[pthread wrapper] SKIP MASK: 0x0
[0m[1;34m	threadid 47734082311936 -> core 1 - OK[0m[1;34m
[0m[1;34m	threadid 47734084413184 -> core 2 - OK[0m[1;34m
[0m[1;34m	threadid 47734086514432 -> core 3 - OK[0m[1;34m
[0m[1;34m	threadid 47734088615680 -> core 4 - OK[0m[1;34m
[0m[1;34m	threadid 47734090716928 -> core 5 - OK[0m[1;34m
[0m[1;34m	threadid 47734092818176 -> core 6 - OK[0m[1;34m
[0m[1;34m	threadid 47734094919424 -> core 7 - OK[0m[1;34m
[0m[1;34m	threadid 47734097020672 -> core 8 - OK[0m[1;34m
[0m[1;34m	threadid 47734099121920 -> core 9 - OK[0m[1;34m
[0m[1;34m	threadid 47734101223168 -> core 10 - OK[0m[1;34m
[0m[1;34m	threadid 47734103324416 -> core 11 - OK[0m[1;34m
[0m[1;34m	threadid 47734105425664 -> core 12 - OK[0m[1;34m
[0m[1;34m	threadid 47734107526912 -> core 13 - OK[0m[1;34m
[0m[1;34m	threadid 47734109628160 -> core 14 - OK[0m[1;34m
[0m[1;34m	threadid 47734111729408 -> core 15 - OK[0m[1;34m
[0m[1;34m	threadid 47734113830656 -> core 16 - OK[0m[1;34m
[0m[1;34m	threadid 47734115931904 -> core 17 - OK[0m[1;34m
[0m[1;34m	threadid 47734118033152 -> core 18 - OK[0m[1;34m
[0m[1;34m	threadid 47734120134400 -> core 19 - OK[0m[1;34m
[0miterations: 200
Total iterations: 1797600800 LUP
FLOP: 11
Total work: 19773608800 FLOP
performance: 4.238006 GLUP/s
Performance in GFLOP/s: 46.618068
size: 9000000
time: 0.424162
[1;34m[pthread wrapper] 
[0m[1;34m[pthread wrapper] MAIN -> 0
[0m[1;34m[pthread wrapper] PIN_MASK: [0m[1;34m0->1  [0m[1;34m1->2  [0m[1;34m2->3  [0m[1;34m3->4  [0m[1;34m4->5  [0m[1;34m5->6  [0m[1;34m6->7  [0m[1;34m7->8  [0m[1;34m8->9  [0m[1;34m9->10  [0m[1;34m10->11  [0m[1;34m11->12  [0m[1;34m12->13  [0m[1;34m13->14  [0m[1;34m14->15  [0m[1;34m15->16  [0m[1;34m16->17  [0m[1;34m17->18  [0m[1;34m18->19  [0m[1;34m
[pthread wrapper] SKIP MASK: 0x0
[0m[1;34m	threadid 47624020047616 -> core 1 - OK[0m[1;34m
[0m[1;34m	threadid 47624022148864 -> core 2 - OK[0m[1;34m
[0m[1;34m	threadid 47624024250112 -> core 3 - OK[0m[1;34m
[0m[1;34m	threadid 47624026351360 -> core 4 - OK[0m[1;34m
[0m[1;34m	threadid 47624028452608 -> core 5 - OK[0m[1;34m
[0m[1;34m	threadid 47624030553856 -> core 6 - OK[0m[1;34m
[0m[1;34m	threadid 47624032655104 -> core 7 - OK[0m[1;34m
[0m[1;34m	threadid 47624034756352 -> core 8 - OK[0m[1;34m
[0m[1;34m	threadid 47624036857600 -> core 9 - OK[0m[1;34m
[0m[1;34m	threadid 47624038958848 -> core 10 - OK[0m[1;34m
[0m[1;34m	threadid 47624041060096 -> core 11 - OK[0m[1;34m
[0m[1;34m	threadid 47624043161344 -> core 12 - OK[0m[1;34m
[0m[1;34m	threadid 47624045262592 -> core 13 - OK[0m[1;34m
[0m[1;34m	threadid 47624047363840 -> core 14 - OK[0m[1;34m
[0m[1;34m	threadid 47624049465088 -> core 15 - OK[0m[1;34m
[0m[1;34m	threadid 47624051566336 -> core 16 - OK[0m[1;34m
[0m[1;34m	threadid 47624053667584 -> core 17 - OK[0m[1;34m
[0m[1;34m	threadid 47624055768832 -> core 18 - OK[0m[1;34m
[0m[1;34m	threadid 47624057870080 -> core 19 - OK[0m[1;34m
[0miterations: 200
Total iterations: 1797600800 LUP
FLOP: 11
Total work: 19773608800 FLOP
performance: 4.330660 GLUP/s
Performance in GFLOP/s: 47.637265
size: 9000000
time: 0.415087
[1;34m[pthread wrapper] 
[0m[1;34m[pthread wrapper] MAIN -> 0
[0m[1;34m[pthread wrapper] PIN_MASK: [0m[1;34m0->1  [0m[1;34m1->2  [0m[1;34m2->3  [0m[1;34m3->4  [0m[1;34m4->5  [0m[1;34m5->6  [0m[1;34m6->7  [0m[1;34m7->8  [0m[1;34m8->9  [0m[1;34m9->10  [0m[1;34m10->11  [0m[1;34m11->12  [0m[1;34m12->13  [0m[1;34m13->14  [0m[1;34m14->15  [0m[1;34m15->16  [0m[1;34m16->17  [0m[1;34m17->18  [0m[1;34m18->19  [0m[1;34m
[pthread wrapper] SKIP MASK: 0x0
[0m[1;34m	threadid 47315213461248 -> core 1 - OK[0m[1;34m
[0m[1;34m	threadid 47315215562496 -> core 2 - OK[0m[1;34m
[0m[1;34m	threadid 47315217663744 -> core 3 - OK[0m[1;34m
[0m[1;34m	threadid 47315219764992 -> core 4 - OK[0m[1;34m
[0m[1;34m	threadid 47315221866240 -> core 5 - OK[0m[1;34m
[0m[1;34m	threadid 47315223967488 -> core 6 - OK[0m[1;34m
[0m[1;34m	threadid 47315226068736 -> core 7 - OK[0m[1;34m
[0m[1;34m	threadid 47315228169984 -> core 8 - OK[0m[1;34m
[0m[1;34m	threadid 47315230271232 -> core 9 - OK[0m[1;34m
[0m[1;34m	threadid 47315232372480 -> core 10 - OK[0m[1;34m
[0m[1;34m	threadid 47315234473728 -> core 11 - OK[0m[1;34m
[0m[1;34m	threadid 47315236574976 -> core 12 - OK[0m[1;34m
[0m[1;34m	threadid 47315238676224 -> core 13 - OK[0m[1;34m
[0m[1;34m	threadid 47315240777472 -> core 14 - OK[0m[1;34m
[0m[1;34m	threadid 47315242878720 -> core 15 - OK[0m[1;34m
[0m[1;34m	threadid 47315244979968 -> core 16 - OK[0m[1;34m
[0m[1;34m	threadid 47315247081216 -> core 17 - OK[0m[1;34m
[0m[1;34m	threadid 47315249182464 -> core 18 - OK[0m[1;34m
[0m[1;34m	threadid 47315251283712 -> core 19 - OK[0m[1;34m
[0miterations: 200
Total iterations: 1797600800 LUP
FLOP: 11
Total work: 19773608800 FLOP
performance: 4.218987 GLUP/s
Performance in GFLOP/s: 46.408857
size: 9000000
time: 0.426074
[1;34m[pthread wrapper] 
[0m[1;34m[pthread wrapper] MAIN -> 0
[0m[1;34m[pthread wrapper] PIN_MASK: [0m[1;34m0->1  [0m[1;34m1->2  [0m[1;34m2->3  [0m[1;34m3->4  [0m[1;34m4->5  [0m[1;34m5->6  [0m[1;34m6->7  [0m[1;34m7->8  [0m[1;34m8->9  [0m[1;34m9->10  [0m[1;34m10->11  [0m[1;34m11->12  [0m[1;34m12->13  [0m[1;34m13->14  [0m[1;34m14->15  [0m[1;34m15->16  [0m[1;34m16->17  [0m[1;34m17->18  [0m[1;34m18->19  [0m[1;34m
[pthread wrapper] SKIP MASK: 0x0
[0m[1;34m	threadid 47536332670720 -> core 1 - OK[0m[1;34m
[0m[1;34m	threadid 47536334771968 -> core 2 - OK[0m[1;34m
[0m[1;34m	threadid 47536336873216 -> core 3 - OK[0m[1;34m
[0m[1;34m	threadid 47536338974464 -> core 4 - OK[0m[1;34m
[0m[1;34m	threadid 47536341075712 -> core 5 - OK[0m[1;34m
[0m[1;34m	threadid 47536343176960 -> core 6 - OK[0m[1;34m
[0m[1;34m	threadid 47536345278208 -> core 7 - OK[0m[1;34m
[0m[1;34m	threadid 47536347379456 -> core 8 - OK[0m[1;34m
[0m[1;34m	threadid 47536349480704 -> core 9 - OK[0m[1;34m
[0m[1;34m	threadid 47536351581952 -> core 10 - OK[0m[1;34m
[0m[1;34m	threadid 47536353683200 -> core 11 - OK[0m[1;34m
[0m[1;34m	threadid 47536355784448 -> core 12 - OK[0m[1;34m
[0m[1;34m	threadid 47536357885696 -> core 13 - OK[0m[1;34m
[0m[1;34m	threadid 47536359986944 -> core 14 - OK[0m[1;34m
[0m[1;34m	threadid 47536362088192 -> core 15 - OK[0m[1;34m
[0m[1;34m	threadid 47536364189440 -> core 16 - OK[0m[1;34m
[0m[1;34m	threadid 47536366290688 -> core 17 - OK[0m[1;34m
[0m[1;34m	threadid 47536368391936 -> core 18 - OK[0m[1;34m
[0m[1;34m	threadid 47536370493184 -> core 19 - OK[0m[1;34m
[0miterations: 200
Total iterations: 1797600800 LUP
FLOP: 11
Total work: 19773608800 FLOP
performance: 4.165974 GLUP/s
Performance in GFLOP/s: 45.825716
size: 9000000
time: 0.431496
[1;34m[pthread wrapper] 
[0m[1;34m[pthread wrapper] MAIN -> 0
[0m[1;34m[pthread wrapper] PIN_MASK: [0m[1;34m0->1  [0m[1;34m1->2  [0m[1;34m2->3  [0m[1;34m3->4  [0m[1;34m4->5  [0m[1;34m5->6  [0m[1;34m6->7  [0m[1;34m7->8  [0m[1;34m8->9  [0m[1;34m9->10  [0m[1;34m10->11  [0m[1;34m11->12  [0m[1;34m12->13  [0m[1;34m13->14  [0m[1;34m14->15  [0m[1;34m15->16  [0m[1;34m16->17  [0m[1;34m17->18  [0m[1;34m18->19  [0m[1;34m
[pthread wrapper] SKIP MASK: 0x0
[0m[1;34m	threadid 47322167564032 -> core 1 - OK[0m[1;34m
[0m[1;34m	threadid 47322169665280 -> core 2 - OK[0m[1;34m
[0m[1;34m	threadid 47322171766528 -> core 3 - OK[0m[1;34m
[0m[1;34m	threadid 47322173867776 -> core 4 - OK[0m[1;34m
[0m[1;34m	threadid 47322175969024 -> core 5 - OK[0m[1;34m
[0m[1;34m	threadid 47322178070272 -> core 6 - OK[0m[1;34m
[0m[1;34m	threadid 47322180171520 -> core 7 - OK[0m[1;34m
[0m[1;34m	threadid 47322182272768 -> core 8 - OK[0m[1;34m
[0m[1;34m	threadid 47322184374016 -> core 9 - OK[0m[1;34m
[0m[1;34m	threadid 47322186475264 -> core 10 - OK[0m[1;34m
[0m[1;34m	threadid 47322188576512 -> core 11 - OK[0m[1;34m
[0m[1;34m	threadid 47322190677760 -> core 12 - OK[0m[1;34m
[0m[1;34m	threadid 47322192779008 -> core 13 - OK[0m[1;34m
[0m[1;34m	threadid 47322194880256 -> core 14 - OK[0m[1;34m
[0m[1;34m	threadid 47322196981504 -> core 15 - OK[0m[1;34m
[0m[1;34m	threadid 47322199082752 -> core 16 - OK[0m[1;34m
[0m[1;34m	threadid 47322201184000 -> core 17 - OK[0m[1;34m
[0m[1;34m	threadid 47322203285248 -> core 18 - OK[0m[1;34m
[0m[1;34m	threadid 47322205386496 -> core 19 - OK[0m[1;34m
[0miterations: 200
Total iterations: 1797600800 LUP
FLOP: 11
Total work: 19773608800 FLOP
performance: 4.285134 GLUP/s
Performance in GFLOP/s: 47.136471
size: 9000000
time: 0.419497
[1;34m[pthread wrapper] 
[0m[1;34m[pthread wrapper] MAIN -> 0
[0m[1;34m[pthread wrapper] PIN_MASK: [0m[1;34m0->1  [0m[1;34m1->2  [0m[1;34m2->3  [0m[1;34m3->4  [0m[1;34m4->5  [0m[1;34m5->6  [0m[1;34m6->7  [0m[1;34m7->8  [0m[1;34m8->9  [0m[1;34m9->10  [0m[1;34m10->11  [0m[1;34m11->12  [0m[1;34m12->13  [0m[1;34m13->14  [0m[1;34m14->15  [0m[1;34m15->16  [0m[1;34m16->17  [0m[1;34m17->18  [0m[1;34m18->19  [0m[1;34m
[pthread wrapper] SKIP MASK: 0x0
[0m[1;34m	threadid 47434517575424 -> core 1 - OK[0m[1;34m
[0m[1;34m	threadid 47434519676672 -> core 2 - OK[0m[1;34m
[0m[1;34m	threadid 47434521777920 -> core 3 - OK[0m[1;34m
[0m[1;34m	threadid 47434523879168 -> core 4 - OK[0m[1;34m
[0m[1;34m	threadid 47434525980416 -> core 5 - OK[0m[1;34m
[0m[1;34m	threadid 47434528081664 -> core 6 - OK[0m[1;34m
[0m[1;34m	threadid 47434530182912 -> core 7 - OK[0m[1;34m
[0m[1;34m	threadid 47434532284160 -> core 8 - OK[0m[1;34m
[0m[1;34m	threadid 47434534385408 -> core 9 - OK[0m[1;34m
[0m[1;34m	threadid 47434536486656 -> core 10 - OK[0m[1;34m
[0m[1;34m	threadid 47434538587904 -> core 11 - OK[0m[1;34m
[0m[1;34m	threadid 47434540689152 -> core 12 - OK[0m[1;34m
[0m[1;34m	threadid 47434542790400 -> core 13 - OK[0m[1;34m
[0m[1;34m	threadid 47434544891648 -> core 14 - OK[0m[1;34m
[0m[1;34m	threadid 47434546992896 -> core 15 - OK[0m[1;34m
[0m[1;34m	threadid 47434549094144 -> core 16 - OK[0m[1;34m
[0m[1;34m	threadid 47434551195392 -> core 17 - OK[0m[1;34m
[0m[1;34m	threadid 47434553296640 -> core 18 - OK[0m[1;34m
[0m[1;34m	threadid 47434555397888 -> core 19 - OK[0m[1;34m
[0miterations: 200
Total iterations: 1797600800 LUP
FLOP: 11
Total work: 19773608800 FLOP
performance: 4.065489 GLUP/s
Performance in GFLOP/s: 44.720374
size: 9000000
time: 0.442161
[1;34m[pthread wrapper] 
[0m[1;34m[pthread wrapper] MAIN -> 0
[0m[1;34m[pthread wrapper] PIN_MASK: [0m[1;34m0->1  [0m[1;34m1->2  [0m[1;34m2->3  [0m[1;34m3->4  [0m[1;34m4->5  [0m[1;34m5->6  [0m[1;34m6->7  [0m[1;34m7->8  [0m[1;34m8->9  [0m[1;34m9->10  [0m[1;34m10->11  [0m[1;34m11->12  [0m[1;34m12->13  [0m[1;34m13->14  [0m[1;34m14->15  [0m[1;34m15->16  [0m[1;34m16->17  [0m[1;34m17->18  [0m[1;34m18->19  [0m[1;34m
[pthread wrapper] SKIP MASK: 0x0
[0m[1;34m	threadid 47436886935296 -> core 1 - OK[0m[1;34m
[0m[1;34m	threadid 47436889036544 -> core 2 - OK[0m[1;34m
[0m[1;34m	threadid 47436891137792 -> core 3 - OK[0m[1;34m
[0m[1;34m	threadid 47436893239040 -> core 4 - OK[0m[1;34m
[0m[1;34m	threadid 47436895340288 -> core 5 - OK[0m[1;34m
[0m[1;34m	threadid 47436897441536 -> core 6 - OK[0m[1;34m
[0m[1;34m	threadid 47436899542784 -> core 7 - OK[0m[1;34m
[0m[1;34m	threadid 47436901644032 -> core 8 - OK[0m[1;34m
[0m[1;34m	threadid 47436903745280 -> core 9 - OK[0m[1;34m
[0m[1;34m	threadid 47436905846528 -> core 10 - OK[0m[1;34m
[0m[1;34m	threadid 47436907947776 -> core 11 - OK[0m[1;34m
[0m[1;34m	threadid 47436910049024 -> core 12 - OK[0m[1;34m
[0m[1;34m	threadid 47436912150272 -> core 13 - OK[0m[1;34m
[0m[1;34m	threadid 47436914251520 -> core 14 - OK[0m[1;34m
[0m[1;34m	threadid 47436916352768 -> core 15 - OK[0m[1;34m
[0m[1;34m	threadid 47436918454016 -> core 16 - OK[0m[1;34m
[0m[1;34m	threadid 47436920555264 -> core 17 - OK[0m[1;34m
[0m[1;34m	threadid 47436922656512 -> core 18 - OK[0m[1;34m
[0m[1;34m	threadid 47436924757760 -> core 19 - OK[0m[1;34m
[0miterations: 200
Total iterations: 1797600800 LUP
FLOP: 11
Total work: 19773608800 FLOP
performance: 4.279022 GLUP/s
Performance in GFLOP/s: 47.069244
size: 9000000
time: 0.420096
[1;34m[pthread wrapper] 
[0m[1;34m[pthread wrapper] MAIN -> 0
[0m[1;34m[pthread wrapper] PIN_MASK: [0m[1;34m0->1  [0m[1;34m1->2  [0m[1;34m2->3  [0m[1;34m3->4  [0m[1;34m4->5  [0m[1;34m5->6  [0m[1;34m6->7  [0m[1;34m7->8  [0m[1;34m8->9  [0m[1;34m9->10  [0m[1;34m10->11  [0m[1;34m11->12  [0m[1;34m12->13  [0m[1;34m13->14  [0m[1;34m14->15  [0m[1;34m15->16  [0m[1;34m16->17  [0m[1;34m17->18  [0m[1;34m18->19  [0m[1;34m
[pthread wrapper] SKIP MASK: 0x0
[0m[1;34m	threadid 47410310637312 -> core 1 - OK[0m[1;34m
[0m[1;34m	threadid 47410312738560 -> core 2 - OK[0m[1;34m
[0m[1;34m	threadid 47410314839808 -> core 3 - OK[0m[1;34m
[0m[1;34m	threadid 47410316941056 -> core 4 - OK[0m[1;34m
[0m[1;34m	threadid 47410319042304 -> core 5 - OK[0m[1;34m
[0m[1;34m	threadid 47410321143552 -> core 6 - OK[0m[1;34m
[0m[1;34m	threadid 47410323244800 -> core 7 - OK[0m[1;34m
[0m[1;34m	threadid 47410325346048 -> core 8 - OK[0m[1;34m
[0m[1;34m	threadid 47410327447296 -> core 9 - OK[0m[1;34m
[0m[1;34m	threadid 47410329548544 -> core 10 - OK[0m[1;34m
[0m[1;34m	threadid 47410331649792 -> core 11 - OK[0m[1;34m
[0m[1;34m	threadid 47410333751040 -> core 12 - OK[0m[1;34m
[0m[1;34m	threadid 47410335852288 -> core 13 - OK[0m[1;34m
[0m[1;34m	threadid 47410337953536 -> core 14 - OK[0m[1;34m
[0m[1;34m	threadid 47410340054784 -> core 15 - OK[0m[1;34m
[0m[1;34m	threadid 47410342156032 -> core 16 - OK[0m[1;34m
[0m[1;34m	threadid 47410344257280 -> core 17 - OK[0m[1;34m
[0m[1;34m	threadid 47410346358528 -> core 18 - OK[0m[1;34m
[0m[1;34m	threadid 47410348459776 -> core 19 - OK[0m[1;34m
[0miterations: 200
Total iterations: 1797600800 LUP
FLOP: 11
Total work: 19773608800 FLOP
performance: 4.134734 GLUP/s
Performance in GFLOP/s: 45.482079
size: 9000000
time: 0.434756
[1;34m[pthread wrapper] 
[0m[1;34m[pthread wrapper] MAIN -> 0
[0m[1;34m[pthread wrapper] PIN_MASK: [0m[1;34m0->1  [0m[1;34m1->2  [0m[1;34m2->3  [0m[1;34m3->4  [0m[1;34m4->5  [0m[1;34m5->6  [0m[1;34m6->7  [0m[1;34m7->8  [0m[1;34m8->9  [0m[1;34m9->10  [0m[1;34m10->11  [0m[1;34m11->12  [0m[1;34m12->13  [0m[1;34m13->14  [0m[1;34m14->15  [0m[1;34m15->16  [0m[1;34m16->17  [0m[1;34m17->18  [0m[1;34m18->19  [0m[1;34m
[pthread wrapper] SKIP MASK: 0x0
[0m[1;34m	threadid 47451785099008 -> core 1 - OK[0m[1;34m
[0m[1;34m	threadid 47451787200256 -> core 2 - OK[0m[1;34m
[0m[1;34m	threadid 47451789301504 -> core 3 - OK[0m[1;34m
[0m[1;34m	threadid 47451791402752 -> core 4 - OK[0m[1;34m
[0m[1;34m	threadid 47451793504000 -> core 5 - OK[0m[1;34m
[0m[1;34m	threadid 47451795605248 -> core 6 - OK[0m[1;34m
[0m[1;34m	threadid 47451797706496 -> core 7 - OK[0m[1;34m
[0m[1;34m	threadid 47451799807744 -> core 8 - OK[0m[1;34m
[0m[1;34m	threadid 47451801908992 -> core 9 - OK[0m[1;34m
[0m[1;34m	threadid 47451804010240 -> core 10 - OK[0m[1;34m
[0m[1;34m	threadid 47451806111488 -> core 11 - OK[0m[1;34m
[0m[1;34m	threadid 47451808212736 -> core 12 - OK[0m[1;34m
[0m[1;34m	threadid 47451810313984 -> core 13 - OK[0m[1;34m
[0m[1;34m	threadid 47451812415232 -> core 14 - OK[0m[1;34m
[0m[1;34m	threadid 47451814516480 -> core 15 - OK[0m[1;34m
[0m[1;34m	threadid 47451816617728 -> core 16 - OK[0m[1;34m
[0m[1;34m	threadid 47451818718976 -> core 17 - OK[0m[1;34m
[0m[1;34m	threadid 47451820820224 -> core 18 - OK[0m[1;34m
[0m[1;34m	threadid 47451822921472 -> core 19 - OK[0m[1;34m
[0miterations: 200
Total iterations: 1797600800 LUP
FLOP: 11
Total work: 19773608800 FLOP
performance: 4.299279 GLUP/s
Performance in GFLOP/s: 47.292069
size: 9000000
time: 0.418117
[1;34m[pthread wrapper] 
[0m[1;34m[pthread wrapper] MAIN -> 0
[0m[1;34m[pthread wrapper] PIN_MASK: [0m[1;34m0->1  [0m[1;34m1->2  [0m[1;34m2->3  [0m[1;34m3->4  [0m[1;34m4->5  [0m[1;34m5->6  [0m[1;34m6->7  [0m[1;34m7->8  [0m[1;34m8->9  [0m[1;34m9->10  [0m[1;34m10->11  [0m[1;34m11->12  [0m[1;34m12->13  [0m[1;34m13->14  [0m[1;34m14->15  [0m[1;34m15->16  [0m[1;34m16->17  [0m[1;34m17->18  [0m[1;34m18->19  [0m[1;34m
[pthread wrapper] SKIP MASK: 0x0
[0m[1;34m	threadid 46962921113344 -> core 1 - OK[0m[1;34m
[0m[1;34m	threadid 46962923214592 -> core 2 - OK[0m[1;34m
[0m[1;34m	threadid 46962925315840 -> core 3 - OK[0m[1;34m
[0m[1;34m	threadid 46962927417088 -> core 4 - OK[0m[1;34m
[0m[1;34m	threadid 46962929518336 -> core 5 - OK[0m[1;34m
[0m[1;34m	threadid 46962931619584 -> core 6 - OK[0m[1;34m
[0m[1;34m	threadid 46962933720832 -> core 7 - OK[0m[1;34m
[0m[1;34m	threadid 46962935822080 -> core 8 - OK[0m[1;34m
[0m[1;34m	threadid 46962937923328 -> core 9 - OK[0m[1;34m
[0m[1;34m	threadid 46962940024576 -> core 10 - OK[0m[1;34m
[0m[1;34m	threadid 46962942125824 -> core 11 - OK[0m[1;34m
[0m[1;34m	threadid 46962944227072 -> core 12 - OK[0m[1;34m
[0m[1;34m	threadid 46962946328320 -> core 13 - OK[0m[1;34m
[0m[1;34m	threadid 46962948429568 -> core 14 - OK[0m[1;34m
[0m[1;34m	threadid 46962950530816 -> core 15 - OK[0m[1;34m
[0m[1;34m	threadid 46962952632064 -> core 16 - OK[0m[1;34m
[0m[1;34m	threadid 46962954733312 -> core 17 - OK[0m[1;34m
[0m[1;34m	threadid 46962956834560 -> core 18 - OK[0m[1;34m
[0m[1;34m	threadid 46962958935808 -> core 19 - OK[0m[1;34m
[0miterations: 200
Total iterations: 1797600800 LUP
FLOP: 11
Total work: 19773608800 FLOP
performance: 4.251717 GLUP/s
Performance in GFLOP/s: 46.768885
size: 9000000
time: 0.422794
