iterations: 120
Total iterations: 1078560480 LUP
FLOP: 11
Total work: 11864165280 FLOP
performance: 0.580020 GLUP/s
Performance in GFLOP/s: 6.380220
size: 9000000
time: 1.859523
[1;34m[likwid-pin] Main PID -> core 0 - OK[0m
iterations: 120
Total iterations: 1078560480 LUP
FLOP: 11
Total work: 11864165280 FLOP
performance: 0.579340 GLUP/s
Performance in GFLOP/s: 6.372738
size: 9000000
time: 1.861706
[1;34m[likwid-pin] Main PID -> core 0 - OK[0m
iterations: 120
Total iterations: 1078560480 LUP
FLOP: 11
Total work: 11864165280 FLOP
performance: 0.579019 GLUP/s
Performance in GFLOP/s: 6.369211
size: 9000000
time: 1.862737
[1;34m[likwid-pin] Main PID -> core 0 - OK[0m
iterations: 120
Total iterations: 1078560480 LUP
FLOP: 11
Total work: 11864165280 FLOP
performance: 0.578332 GLUP/s
Performance in GFLOP/s: 6.361650
size: 9000000
time: 1.864951
[1;34m[likwid-pin] Main PID -> core 0 - OK[0m
iterations: 120
Total iterations: 1078560480 LUP
FLOP: 11
Total work: 11864165280 FLOP
performance: 0.577995 GLUP/s
Performance in GFLOP/s: 6.357948
size: 9000000
time: 1.866037
[1;34m[likwid-pin] Main PID -> core 0 - OK[0m
iterations: 120
Total iterations: 1078560480 LUP
FLOP: 11
Total work: 11864165280 FLOP
performance: 0.578474 GLUP/s
Performance in GFLOP/s: 6.363212
size: 9000000
time: 1.864493
[1;34m[likwid-pin] Main PID -> core 0 - OK[0m
iterations: 120
Total iterations: 1078560480 LUP
FLOP: 11
Total work: 11864165280 FLOP
performance: 0.579111 GLUP/s
Performance in GFLOP/s: 6.370220
size: 9000000
time: 1.862442
[1;34m[likwid-pin] Main PID -> core 0 - OK[0m
iterations: 120
Total iterations: 1078560480 LUP
FLOP: 11
Total work: 11864165280 FLOP
performance: 0.578169 GLUP/s
Performance in GFLOP/s: 6.359856
size: 9000000
time: 1.865477
[1;34m[likwid-pin] Main PID -> core 0 - OK[0m
iterations: 120
Total iterations: 1078560480 LUP
FLOP: 11
Total work: 11864165280 FLOP
performance: 0.578412 GLUP/s
Performance in GFLOP/s: 6.362537
size: 9000000
time: 1.864691
[1;34m[likwid-pin] Main PID -> core 0 - OK[0m
iterations: 120
Total iterations: 1078560480 LUP
FLOP: 11
Total work: 11864165280 FLOP
performance: 0.578026 GLUP/s
Performance in GFLOP/s: 6.358282
size: 9000000
time: 1.865939
[1;34m[likwid-pin] Main PID -> core 0 - OK[0m
