[1;34m[pthread wrapper] 
[0m[1;34m[pthread wrapper] MAIN -> 0
[0m[1;34m[pthread wrapper] PIN_MASK: [0m[1;34m0->1  [0m[1;34m1->2  [0m[1;34m2->3  [0m[1;34m3->4  [0m[1;34m4->5  [0m[1;34m5->6  [0m[1;34m6->7  [0m[1;34m7->10  [0m[1;34m8->11  [0m[1;34m9->12  [0m[1;34m10->13  [0m[1;34m11->14  [0m[1;34m12->15  [0m[1;34m13->16  [0m[1;34m14->17  [0m[1;34m
[pthread wrapper] SKIP MASK: 0x0
[0m[1;34m	threadid 47206757906176 -> core 1 - OK[0m[1;34m
[0m[1;34m	threadid 47206760007424 -> core 2 - OK[0m[1;34m
[0m[1;34m	threadid 47206762108672 -> core 3 - OK[0m[1;34m
[0m[1;34m	threadid 47206764209920 -> core 4 - OK[0m[1;34m
[0m[1;34m	threadid 47206766311168 -> core 5 - OK[0m[1;34m
[0m[1;34m	threadid 47206768412416 -> core 6 - OK[0m[1;34m
[0m[1;34m	threadid 47206770513664 -> core 7 - OK[0m[1;34m
[0m[1;34m	threadid 47206772614912 -> core 10 - OK[0m[1;34m
[0m[1;34m	threadid 47206774716160 -> core 11 - OK[0m[1;34m
[0m[1;34m	threadid 47206776817408 -> core 12 - OK[0m[1;34m
[0m[1;34m	threadid 47206778918656 -> core 13 - OK[0m[1;34m
[0m[1;34m	threadid 47206781019904 -> core 14 - OK[0m[1;34m
[0m[1;34m	threadid 47206783121152 -> core 15 - OK[0m[1;34m
[0m[1;34m	threadid 47206785222400 -> core 16 - OK[0m[1;34m
[0m[1;34m	threadid 47206787323648 -> core 17 - OK[0m[1;34m
[0miterations: 120
Total iterations: 1078560480 LUP
FLOP: 11
Total work: 11864165280 FLOP
performance: 4.259179 GLUP/s
Performance in GFLOP/s: 46.850971
size: 9000000
time: 0.253232
[1;34m[pthread wrapper] 
[0m[1;34m[pthread wrapper] MAIN -> 0
[0m[1;34m[pthread wrapper] PIN_MASK: [0m[1;34m0->1  [0m[1;34m1->2  [0m[1;34m2->3  [0m[1;34m3->4  [0m[1;34m4->5  [0m[1;34m5->6  [0m[1;34m6->7  [0m[1;34m7->10  [0m[1;34m8->11  [0m[1;34m9->12  [0m[1;34m10->13  [0m[1;34m11->14  [0m[1;34m12->15  [0m[1;34m13->16  [0m[1;34m14->17  [0m[1;34m
[pthread wrapper] SKIP MASK: 0x0
[0m[1;34m	threadid 48010347816704 -> core 1 - OK[0m[1;34m
[0m[1;34m	threadid 48010349917952 -> core 2 - OK[0m[1;34m
[0m[1;34m	threadid 48010352019200 -> core 3 - OK[0m[1;34m
[0m[1;34m	threadid 48010354120448 -> core 4 - OK[0m[1;34m
[0m[1;34m	threadid 48010356221696 -> core 5 - OK[0m[1;34m
[0m[1;34m	threadid 48010358322944 -> core 6 - OK[0m[1;34m
[0m[1;34m	threadid 48010360424192 -> core 7 - OK[0m[1;34m
[0m[1;34m	threadid 48010362525440 -> core 10 - OK[0m[1;34m
[0m[1;34m	threadid 48010364626688 -> core 11 - OK[0m[1;34m
[0m[1;34m	threadid 48010366727936 -> core 12 - OK[0m[1;34m
[0m[1;34m	threadid 48010368829184 -> core 13 - OK[0m[1;34m
[0m[1;34m	threadid 48010370930432 -> core 14 - OK[0m[1;34m
[0m[1;34m	threadid 48010373031680 -> core 15 - OK[0m[1;34m
[0m[1;34m	threadid 48010375132928 -> core 16 - OK[0m[1;34m
[0m[1;34m	threadid 48010377234176 -> core 17 - OK[0m[1;34m
[0miterations: 120
Total iterations: 1078560480 LUP
FLOP: 11
Total work: 11864165280 FLOP
performance: 4.144278 GLUP/s
Performance in GFLOP/s: 45.587054
size: 9000000
time: 0.260253
[1;34m[pthread wrapper] 
[0m[1;34m[pthread wrapper] MAIN -> 0
[0m[1;34m[pthread wrapper] PIN_MASK: [0m[1;34m0->1  [0m[1;34m1->2  [0m[1;34m2->3  [0m[1;34m3->4  [0m[1;34m4->5  [0m[1;34m5->6  [0m[1;34m6->7  [0m[1;34m7->10  [0m[1;34m8->11  [0m[1;34m9->12  [0m[1;34m10->13  [0m[1;34m11->14  [0m[1;34m12->15  [0m[1;34m13->16  [0m[1;34m14->17  [0m[1;34m
[pthread wrapper] SKIP MASK: 0x0
[0m[1;34m	threadid 47270267479808 -> core 1 - OK[0m[1;34m
[0m[1;34m	threadid 47270269581056 -> core 2 - OK[0m[1;34m
[0m[1;34m	threadid 47270271682304 -> core 3 - OK[0m[1;34m
[0m[1;34m	threadid 47270273783552 -> core 4 - OK[0m[1;34m
[0m[1;34m	threadid 47270275884800 -> core 5 - OK[0m[1;34m
[0m[1;34m	threadid 47270277986048 -> core 6 - OK[0m[1;34m
[0m[1;34m	threadid 47270280087296 -> core 7 - OK[0m[1;34m
[0m[1;34m	threadid 47270282188544 -> core 10 - OK[0m[1;34m
[0m[1;34m	threadid 47270284289792 -> core 11 - OK[0m[1;34m
[0m[1;34m	threadid 47270286391040 -> core 12 - OK[0m[1;34m
[0m[1;34m	threadid 47270288492288 -> core 13 - OK[0m[1;34m
[0m[1;34m	threadid 47270290593536 -> core 14 - OK[0m[1;34m
[0m[1;34m	threadid 47270292694784 -> core 15 - OK[0m[1;34m
[0m[1;34m	threadid 47270294796032 -> core 16 - OK[0m[1;34m
[0m[1;34m	threadid 47270296897280 -> core 17 - OK[0m[1;34m
[0miterations: 120
Total iterations: 1078560480 LUP
FLOP: 11
Total work: 11864165280 FLOP
performance: 4.187089 GLUP/s
Performance in GFLOP/s: 46.057979
size: 9000000
time: 0.257592
[1;34m[pthread wrapper] 
[0m[1;34m[pthread wrapper] MAIN -> 0
[0m[1;34m[pthread wrapper] PIN_MASK: [0m[1;34m0->1  [0m[1;34m1->2  [0m[1;34m2->3  [0m[1;34m3->4  [0m[1;34m4->5  [0m[1;34m5->6  [0m[1;34m6->7  [0m[1;34m7->10  [0m[1;34m8->11  [0m[1;34m9->12  [0m[1;34m10->13  [0m[1;34m11->14  [0m[1;34m12->15  [0m[1;34m13->16  [0m[1;34m14->17  [0m[1;34m
[pthread wrapper] SKIP MASK: 0x0
[0m[1;34m	threadid 47663890409216 -> core 1 - OK[0m[1;34m
[0m[1;34m	threadid 47663892510464 -> core 2 - OK[0m[1;34m
[0m[1;34m	threadid 47663894611712 -> core 3 - OK[0m[1;34m
[0m[1;34m	threadid 47663896712960 -> core 4 - OK[0m[1;34m
[0m[1;34m	threadid 47663898814208 -> core 5 - OK[0m[1;34m
[0m[1;34m	threadid 47663900915456 -> core 6 - OK[0m[1;34m
[0m[1;34m	threadid 47663903016704 -> core 7 - OK[0m[1;34m
[0m[1;34m	threadid 47663905117952 -> core 10 - OK[0m[1;34m
[0m[1;34m	threadid 47663907219200 -> core 11 - OK[0m[1;34m
[0m[1;34m	threadid 47663909320448 -> core 12 - OK[0m[1;34m
[0m[1;34m	threadid 47663911421696 -> core 13 - OK[0m[1;34m
[0m[1;34m	threadid 47663913522944 -> core 14 - OK[0m[1;34m
[0m[1;34m	threadid 47663915624192 -> core 15 - OK[0m[1;34m
[0m[1;34m	threadid 47663917725440 -> core 16 - OK[0m[1;34m
[0m[1;34m	threadid 47663919826688 -> core 17 - OK[0m[1;34m
[0miterations: 120
Total iterations: 1078560480 LUP
FLOP: 11
Total work: 11864165280 FLOP
performance: 4.226004 GLUP/s
Performance in GFLOP/s: 46.486044
size: 9000000
time: 0.255220
[1;34m[pthread wrapper] 
[0m[1;34m[pthread wrapper] MAIN -> 0
[0m[1;34m[pthread wrapper] PIN_MASK: [0m[1;34m0->1  [0m[1;34m1->2  [0m[1;34m2->3  [0m[1;34m3->4  [0m[1;34m4->5  [0m[1;34m5->6  [0m[1;34m6->7  [0m[1;34m7->10  [0m[1;34m8->11  [0m[1;34m9->12  [0m[1;34m10->13  [0m[1;34m11->14  [0m[1;34m12->15  [0m[1;34m13->16  [0m[1;34m14->17  [0m[1;34m
[pthread wrapper] SKIP MASK: 0x0
[0m[1;34m	threadid 47145946662656 -> core 1 - OK[0m[1;34m
[0m[1;34m	threadid 47145948763904 -> core 2 - OK[0m[1;34m
[0m[1;34m	threadid 47145950865152 -> core 3 - OK[0m[1;34m
[0m[1;34m	threadid 47145952966400 -> core 4 - OK[0m[1;34m
[0m[1;34m	threadid 47145955067648 -> core 5 - OK[0m[1;34m
[0m[1;34m	threadid 47145957168896 -> core 6 - OK[0m[1;34m
[0m[1;34m	threadid 47145959270144 -> core 7 - OK[0m[1;34m
[0m[1;34m	threadid 47145961371392 -> core 10 - OK[0m[1;34m
[0m[1;34m	threadid 47145963472640 -> core 11 - OK[0m[1;34m
[0m[1;34m	threadid 47145965573888 -> core 12 - OK[0m[1;34m
[0m[1;34m	threadid 47145967675136 -> core 13 - OK[0m[1;34m
[0m[1;34m	threadid 47145969776384 -> core 14 - OK[0m[1;34m
[0m[1;34m	threadid 47145971877632 -> core 15 - OK[0m[1;34m
[0m[1;34m	threadid 47145973978880 -> core 16 - OK[0m[1;34m
[0m[1;34m	threadid 47145976080128 -> core 17 - OK[0m[1;34m
[0miterations: 120
Total iterations: 1078560480 LUP
FLOP: 11
Total work: 11864165280 FLOP
performance: 4.153661 GLUP/s
Performance in GFLOP/s: 45.690273
size: 9000000
time: 0.259665
[1;34m[pthread wrapper] 
[0m[1;34m[pthread wrapper] MAIN -> 0
[0m[1;34m[pthread wrapper] PIN_MASK: [0m[1;34m0->1  [0m[1;34m1->2  [0m[1;34m2->3  [0m[1;34m3->4  [0m[1;34m4->5  [0m[1;34m5->6  [0m[1;34m6->7  [0m[1;34m7->10  [0m[1;34m8->11  [0m[1;34m9->12  [0m[1;34m10->13  [0m[1;34m11->14  [0m[1;34m12->15  [0m[1;34m13->16  [0m[1;34m14->17  [0m[1;34m
[pthread wrapper] SKIP MASK: 0x0
[0m[1;34m	threadid 47887480899328 -> core 1 - OK[0m[1;34m
[0m[1;34m	threadid 47887483000576 -> core 2 - OK[0m[1;34m
[0m[1;34m	threadid 47887485101824 -> core 3 - OK[0m[1;34m
[0m[1;34m	threadid 47887487203072 -> core 4 - OK[0m[1;34m
[0m[1;34m	threadid 47887489304320 -> core 5 - OK[0m[1;34m
[0m[1;34m	threadid 47887491405568 -> core 6 - OK[0m[1;34m
[0m[1;34m	threadid 47887493506816 -> core 7 - OK[0m[1;34m
[0m[1;34m	threadid 47887495608064 -> core 10 - OK[0m[1;34m
[0m[1;34m	threadid 47887497709312 -> core 11 - OK[0m[1;34m
[0m[1;34m	threadid 47887499810560 -> core 12 - OK[0m[1;34m
[0m[1;34m	threadid 47887501911808 -> core 13 - OK[0m[1;34m
[0m[1;34m	threadid 47887504013056 -> core 14 - OK[0m[1;34m
[0m[1;34m	threadid 47887506114304 -> core 15 - OK[0m[1;34m
[0m[1;34m	threadid 47887508215552 -> core 16 - OK[0m[1;34m
[0m[1;34m	threadid 47887510316800 -> core 17 - OK[0m[1;34m
[0miterations: 120
Total iterations: 1078560480 LUP
FLOP: 11
Total work: 11864165280 FLOP
performance: 4.165242 GLUP/s
Performance in GFLOP/s: 45.817657
size: 9000000
time: 0.258943
[1;34m[pthread wrapper] 
[0m[1;34m[pthread wrapper] MAIN -> 0
[0m[1;34m[pthread wrapper] PIN_MASK: [0m[1;34m0->1  [0m[1;34m1->2  [0m[1;34m2->3  [0m[1;34m3->4  [0m[1;34m4->5  [0m[1;34m5->6  [0m[1;34m6->7  [0m[1;34m7->10  [0m[1;34m8->11  [0m[1;34m9->12  [0m[1;34m10->13  [0m[1;34m11->14  [0m[1;34m12->15  [0m[1;34m13->16  [0m[1;34m14->17  [0m[1;34m
[pthread wrapper] SKIP MASK: 0x0
[0m[1;34m	threadid 46962064742144 -> core 1 - OK[0m[1;34m
[0m[1;34m	threadid 46962066843392 -> core 2 - OK[0m[1;34m
[0m[1;34m	threadid 46962068944640 -> core 3 - OK[0m[1;34m
[0m[1;34m	threadid 46962071045888 -> core 4 - OK[0m[1;34m
[0m[1;34m	threadid 46962073147136 -> core 5 - OK[0m[1;34m
[0m[1;34m	threadid 46962075248384 -> core 6 - OK[0m[1;34m
[0m[1;34m	threadid 46962077349632 -> core 7 - OK[0m[1;34m
[0m[1;34m	threadid 46962079450880 -> core 10 - OK[0m[1;34m
[0m[1;34m	threadid 46962081552128 -> core 11 - OK[0m[1;34m
[0m[1;34m	threadid 46962083653376 -> core 12 - OK[0m[1;34m
[0m[1;34m	threadid 46962085754624 -> core 13 - OK[0m[1;34m
[0m[1;34m	threadid 46962087855872 -> core 14 - OK[0m[1;34m
[0m[1;34m	threadid 46962089957120 -> core 15 - OK[0m[1;34m
[0m[1;34m	threadid 46962092058368 -> core 16 - OK[0m[1;34m
[0m[1;34m	threadid 46962094159616 -> core 17 - OK[0m[1;34m
[0miterations: 120
Total iterations: 1078560480 LUP
FLOP: 11
Total work: 11864165280 FLOP
performance: 4.185234 GLUP/s
Performance in GFLOP/s: 46.037569
size: 9000000
time: 0.257706
[1;34m[pthread wrapper] 
[0m[1;34m[pthread wrapper] MAIN -> 0
[0m[1;34m[pthread wrapper] PIN_MASK: [0m[1;34m0->1  [0m[1;34m1->2  [0m[1;34m2->3  [0m[1;34m3->4  [0m[1;34m4->5  [0m[1;34m5->6  [0m[1;34m6->7  [0m[1;34m7->10  [0m[1;34m8->11  [0m[1;34m9->12  [0m[1;34m10->13  [0m[1;34m11->14  [0m[1;34m12->15  [0m[1;34m13->16  [0m[1;34m14->17  [0m[1;34m
[pthread wrapper] SKIP MASK: 0x0
[0m[1;34m	threadid 47694075856640 -> core 1 - OK[0m[1;34m
[0m[1;34m	threadid 47694077957888 -> core 2 - OK[0m[1;34m
[0m[1;34m	threadid 47694080059136 -> core 3 - OK[0m[1;34m
[0m[1;34m	threadid 47694082160384 -> core 4 - OK[0m[1;34m
[0m[1;34m	threadid 47694084261632 -> core 5 - OK[0m[1;34m
[0m[1;34m	threadid 47694086362880 -> core 6 - OK[0m[1;34m
[0m[1;34m	threadid 47694088464128 -> core 7 - OK[0m[1;34m
[0m[1;34m	threadid 47694090565376 -> core 10 - OK[0m[1;34m
[0m[1;34m	threadid 47694092666624 -> core 11 - OK[0m[1;34m
[0m[1;34m	threadid 47694094767872 -> core 12 - OK[0m[1;34m
[0m[1;34m	threadid 47694096869120 -> core 13 - OK[0m[1;34m
[0m[1;34m	threadid 47694098970368 -> core 14 - OK[0m[1;34m
[0m[1;34m	threadid 47694101071616 -> core 15 - OK[0m[1;34m
[0m[1;34m	threadid 47694103172864 -> core 16 - OK[0m[1;34m
[0m[1;34m	threadid 47694105274112 -> core 17 - OK[0m[1;34m
[0miterations: 120
Total iterations: 1078560480 LUP
FLOP: 11
Total work: 11864165280 FLOP
performance: 4.182297 GLUP/s
Performance in GFLOP/s: 46.005264
size: 9000000
time: 0.257887
[1;34m[pthread wrapper] 
[0m[1;34m[pthread wrapper] MAIN -> 0
[0m[1;34m[pthread wrapper] PIN_MASK: [0m[1;34m0->1  [0m[1;34m1->2  [0m[1;34m2->3  [0m[1;34m3->4  [0m[1;34m4->5  [0m[1;34m5->6  [0m[1;34m6->7  [0m[1;34m7->10  [0m[1;34m8->11  [0m[1;34m9->12  [0m[1;34m10->13  [0m[1;34m11->14  [0m[1;34m12->15  [0m[1;34m13->16  [0m[1;34m14->17  [0m[1;34m
[pthread wrapper] SKIP MASK: 0x0
[0m[1;34m	threadid 47998040545024 -> core 1 - OK[0m[1;34m
[0m[1;34m	threadid 47998042646272 -> core 2 - OK[0m[1;34m
[0m[1;34m	threadid 47998044747520 -> core 3 - OK[0m[1;34m
[0m[1;34m	threadid 47998046848768 -> core 4 - OK[0m[1;34m
[0m[1;34m	threadid 47998048950016 -> core 5 - OK[0m[1;34m
[0m[1;34m	threadid 47998051051264 -> core 6 - OK[0m[1;34m
[0m[1;34m	threadid 47998053152512 -> core 7 - OK[0m[1;34m
[0m[1;34m	threadid 47998055253760 -> core 10 - OK[0m[1;34m
[0m[1;34m	threadid 47998057355008 -> core 11 - OK[0m[1;34m
[0m[1;34m	threadid 47998059456256 -> core 12 - OK[0m[1;34m
[0m[1;34m	threadid 47998061557504 -> core 13 - OK[0m[1;34m
[0m[1;34m	threadid 47998063658752 -> core 14 - OK[0m[1;34m
[0m[1;34m	threadid 47998065760000 -> core 15 - OK[0m[1;34m
[0m[1;34m	threadid 47998067861248 -> core 16 - OK[0m[1;34m
[0m[1;34m	threadid 47998069962496 -> core 17 - OK[0m[1;34m
[0miterations: 120
Total iterations: 1078560480 LUP
FLOP: 11
Total work: 11864165280 FLOP
performance: 4.252177 GLUP/s
Performance in GFLOP/s: 46.773949
size: 9000000
time: 0.253649
[1;34m[pthread wrapper] 
[0m[1;34m[pthread wrapper] MAIN -> 0
[0m[1;34m[pthread wrapper] PIN_MASK: [0m[1;34m0->1  [0m[1;34m1->2  [0m[1;34m2->3  [0m[1;34m3->4  [0m[1;34m4->5  [0m[1;34m5->6  [0m[1;34m6->7  [0m[1;34m7->10  [0m[1;34m8->11  [0m[1;34m9->12  [0m[1;34m10->13  [0m[1;34m11->14  [0m[1;34m12->15  [0m[1;34m13->16  [0m[1;34m14->17  [0m[1;34m
[pthread wrapper] SKIP MASK: 0x0
[0m[1;34m	threadid 47662827460352 -> core 1 - OK[0m[1;34m
[0m[1;34m	threadid 47662829561600 -> core 2 - OK[0m[1;34m
[0m[1;34m	threadid 47662831662848 -> core 3 - OK[0m[1;34m
[0m[1;34m	threadid 47662833764096 -> core 4 - OK[0m[1;34m
[0m[1;34m	threadid 47662835865344 -> core 5 - OK[0m[1;34m
[0m[1;34m	threadid 47662837966592 -> core 6 - OK[0m[1;34m
[0m[1;34m	threadid 47662840067840 -> core 7 - OK[0m[1;34m
[0m[1;34m	threadid 47662842169088 -> core 10 - OK[0m[1;34m
[0m[1;34m	threadid 47662844270336 -> core 11 - OK[0m[1;34m
[0m[1;34m	threadid 47662846371584 -> core 12 - OK[0m[1;34m
[0m[1;34m	threadid 47662848472832 -> core 13 - OK[0m[1;34m
[0m[1;34m	threadid 47662850574080 -> core 14 - OK[0m[1;34m
[0m[1;34m	threadid 47662852675328 -> core 15 - OK[0m[1;34m
[0m[1;34m	threadid 47662854776576 -> core 16 - OK[0m[1;34m
[0m[1;34m	threadid 47662856877824 -> core 17 - OK[0m[1;34m
[0miterations: 120
Total iterations: 1078560480 LUP
FLOP: 11
Total work: 11864165280 FLOP
performance: 4.247339 GLUP/s
Performance in GFLOP/s: 46.720724
size: 9000000
time: 0.253938
