iterations: 120
Total iterations: 1078560480 LUP
FLOP: 11
Total work: 11864165280 FLOP
performance: 3.752611 GLUP/s
Performance in GFLOP/s: 41.278725
size: 9000000
time: 0.287416
iterations: 120
Total iterations: 1078560480 LUP
FLOP: 11
Total work: 11864165280 FLOP
performance: 3.781476 GLUP/s
Performance in GFLOP/s: 41.596241
size: 9000000
time: 0.285222
iterations: 120
Total iterations: 1078560480 LUP
FLOP: 11
Total work: 11864165280 FLOP
performance: 3.885878 GLUP/s
Performance in GFLOP/s: 42.744654
size: 9000000
time: 0.277559
iterations: 120
Total iterations: 1078560480 LUP
FLOP: 11
Total work: 11864165280 FLOP
performance: 3.975603 GLUP/s
Performance in GFLOP/s: 43.731630
size: 9000000
time: 0.271295
iterations: 120
Total iterations: 1078560480 LUP
FLOP: 11
Total work: 11864165280 FLOP
performance: 3.965834 GLUP/s
Performance in GFLOP/s: 43.624170
size: 9000000
time: 0.271963
iterations: 120
Total iterations: 1078560480 LUP
FLOP: 11
Total work: 11864165280 FLOP
performance: 4.095588 GLUP/s
Performance in GFLOP/s: 45.051469
size: 9000000
time: 0.263347
iterations: 120
Total iterations: 1078560480 LUP
FLOP: 11
Total work: 11864165280 FLOP
performance: 3.891570 GLUP/s
Performance in GFLOP/s: 42.807275
size: 9000000
time: 0.277153
iterations: 120
Total iterations: 1078560480 LUP
FLOP: 11
Total work: 11864165280 FLOP
performance: 3.864368 GLUP/s
Performance in GFLOP/s: 42.508045
size: 9000000
time: 0.279104
iterations: 120
Total iterations: 1078560480 LUP
FLOP: 11
Total work: 11864165280 FLOP
performance: 3.837094 GLUP/s
Performance in GFLOP/s: 42.208029
size: 9000000
time: 0.281088
iterations: 120
Total iterations: 1078560480 LUP
FLOP: 11
Total work: 11864165280 FLOP
performance: 3.877707 GLUP/s
Performance in GFLOP/s: 42.654777
size: 9000000
time: 0.278144
