[1;34m[pthread wrapper] 
[0m[1;34m[pthread wrapper] MAIN -> 0
[0m[1;34m[pthread wrapper] PIN_MASK: [0m[1;34m0->1  [0m[1;34m1->2  [0m[1;34m2->3  [0m[1;34m3->10  [0m[1;34m4->11  [0m[1;34m5->12  [0m[1;34m6->13  [0m[1;34m
[pthread wrapper] SKIP MASK: 0x0
[0m[1;34m	threadid 47962007967488 -> core 1 - OK[0m[1;34m
[0m[1;34m	threadid 47962010068736 -> core 2 - OK[0m[1;34m
[0m[1;34m	threadid 47962012169984 -> core 3 - OK[0m[1;34m
[0m[1;34m	threadid 47962014271232 -> core 10 - OK[0m[1;34m
[0m[1;34m	threadid 47962016372480 -> core 11 - OK[0m[1;34m
[0m[1;34m	threadid 47962018473728 -> core 12 - OK[0m[1;34m
[0m[1;34m	threadid 47962020574976 -> core 13 - OK[0m[1;34m
[0miterations: 120
Total iterations: 1078560480 LUP
FLOP: 11
Total work: 11864165280 FLOP
performance: 3.483847 GLUP/s
Performance in GFLOP/s: 38.322320
size: 9000000
time: 0.309589
[1;34m[pthread wrapper] 
[0m[1;34m[pthread wrapper] MAIN -> 0
[0m[1;34m[pthread wrapper] PIN_MASK: [0m[1;34m0->1  [0m[1;34m1->2  [0m[1;34m2->3  [0m[1;34m3->10  [0m[1;34m4->11  [0m[1;34m5->12  [0m[1;34m6->13  [0m[1;34m
[pthread wrapper] SKIP MASK: 0x0
[0m[1;34m	threadid 47629831632640 -> core 1 - OK[0m[1;34m
[0m[1;34m	threadid 47629833733888 -> core 2 - OK[0m[1;34m
[0m[1;34m	threadid 47629835835136 -> core 3 - OK[0m[1;34m
[0m[1;34m	threadid 47629837936384 -> core 10 - OK[0m[1;34m
[0m[1;34m	threadid 47629840037632 -> core 11 - OK[0m[1;34m
[0m[1;34m	threadid 47629842138880 -> core 12 - OK[0m[1;34m
[0m[1;34m	threadid 47629844240128 -> core 13 - OK[0m[1;34m
[0miterations: 120
Total iterations: 1078560480 LUP
FLOP: 11
Total work: 11864165280 FLOP
performance: 3.528490 GLUP/s
Performance in GFLOP/s: 38.813395
size: 9000000
time: 0.305672
[1;34m[pthread wrapper] 
[0m[1;34m[pthread wrapper] MAIN -> 0
[0m[1;34m[pthread wrapper] PIN_MASK: [0m[1;34m0->1  [0m[1;34m1->2  [0m[1;34m2->3  [0m[1;34m3->10  [0m[1;34m4->11  [0m[1;34m5->12  [0m[1;34m6->13  [0m[1;34m
[pthread wrapper] SKIP MASK: 0x0
[0m[1;34m	threadid 47940501169920 -> core 1 - OK[0m[1;34m
[0m[1;34m	threadid 47940503271168 -> core 2 - OK[0m[1;34m
[0m[1;34m	threadid 47940505372416 -> core 3 - OK[0m[1;34m
[0m[1;34m	threadid 47940507473664 -> core 10 - OK[0m[1;34m
[0m[1;34m	threadid 47940509574912 -> core 11 - OK[0m[1;34m
[0m[1;34m	threadid 47940511676160 -> core 12 - OK[0m[1;34m
[0m[1;34m	threadid 47940513777408 -> core 13 - OK[0m[1;34m
[0miterations: 120
Total iterations: 1078560480 LUP
FLOP: 11
Total work: 11864165280 FLOP
performance: 3.503503 GLUP/s
Performance in GFLOP/s: 38.538532
size: 9000000
time: 0.307852
[1;34m[pthread wrapper] 
[0m[1;34m[pthread wrapper] MAIN -> 0
[0m[1;34m[pthread wrapper] PIN_MASK: [0m[1;34m0->1  [0m[1;34m1->2  [0m[1;34m2->3  [0m[1;34m3->10  [0m[1;34m4->11  [0m[1;34m5->12  [0m[1;34m6->13  [0m[1;34m
[pthread wrapper] SKIP MASK: 0x0
[0m[1;34m	threadid 47346402887424 -> core 1 - OK[0m[1;34m
[0m[1;34m	threadid 47346404988672 -> core 2 - OK[0m[1;34m
[0m[1;34m	threadid 47346407089920 -> core 3 - OK[0m[1;34m
[0m[1;34m	threadid 47346409191168 -> core 10 - OK[0m[1;34m
[0m[1;34m	threadid 47346411292416 -> core 11 - OK[0m[1;34m
[0m[1;34m	threadid 47346413393664 -> core 12 - OK[0m[1;34m
[0m[1;34m	threadid 47346415494912 -> core 13 - OK[0m[1;34m
[0miterations: 120
Total iterations: 1078560480 LUP
FLOP: 11
Total work: 11864165280 FLOP
performance: 3.547208 GLUP/s
Performance in GFLOP/s: 39.019283
size: 9000000
time: 0.304059
[1;34m[pthread wrapper] 
[0m[1;34m[pthread wrapper] MAIN -> 0
[0m[1;34m[pthread wrapper] PIN_MASK: [0m[1;34m0->1  [0m[1;34m1->2  [0m[1;34m2->3  [0m[1;34m3->10  [0m[1;34m4->11  [0m[1;34m5->12  [0m[1;34m6->13  [0m[1;34m
[pthread wrapper] SKIP MASK: 0x0
[0m[1;34m	threadid 48006661261056 -> core 1 - OK[0m[1;34m
[0m[1;34m	threadid 48006663362304 -> core 2 - OK[0m[1;34m
[0m[1;34m	threadid 48006665463552 -> core 3 - OK[0m[1;34m
[0m[1;34m	threadid 48006667564800 -> core 10 - OK[0m[1;34m
[0m[1;34m	threadid 48006669666048 -> core 11 - OK[0m[1;34m
[0m[1;34m	threadid 48006671767296 -> core 12 - OK[0m[1;34m
[0m[1;34m	threadid 48006673868544 -> core 13 - OK[0m[1;34m
[0miterations: 120
Total iterations: 1078560480 LUP
FLOP: 11
Total work: 11864165280 FLOP
performance: 3.605296 GLUP/s
Performance in GFLOP/s: 39.658260
size: 9000000
time: 0.299160
[1;34m[pthread wrapper] 
[0m[1;34m[pthread wrapper] MAIN -> 0
[0m[1;34m[pthread wrapper] PIN_MASK: [0m[1;34m0->1  [0m[1;34m1->2  [0m[1;34m2->3  [0m[1;34m3->10  [0m[1;34m4->11  [0m[1;34m5->12  [0m[1;34m6->13  [0m[1;34m
[pthread wrapper] SKIP MASK: 0x0
[0m[1;34m	threadid 47792559023872 -> core 1 - OK[0m[1;34m
[0m[1;34m	threadid 47792561125120 -> core 2 - OK[0m[1;34m
[0m[1;34m	threadid 47792563226368 -> core 3 - OK[0m[1;34m
[0m[1;34m	threadid 47792565327616 -> core 10 - OK[0m[1;34m
[0m[1;34m	threadid 47792567428864 -> core 11 - OK[0m[1;34m
[0m[1;34m	threadid 47792569530112 -> core 12 - OK[0m[1;34m
[0m[1;34m	threadid 47792571631360 -> core 13 - OK[0m[1;34m
[0miterations: 120
Total iterations: 1078560480 LUP
FLOP: 11
Total work: 11864165280 FLOP
performance: 3.541501 GLUP/s
Performance in GFLOP/s: 38.956510
size: 9000000
time: 0.304549
[1;34m[pthread wrapper] 
[0m[1;34m[pthread wrapper] MAIN -> 0
[0m[1;34m[pthread wrapper] PIN_MASK: [0m[1;34m0->1  [0m[1;34m1->2  [0m[1;34m2->3  [0m[1;34m3->10  [0m[1;34m4->11  [0m[1;34m5->12  [0m[1;34m6->13  [0m[1;34m
[pthread wrapper] SKIP MASK: 0x0
[0m[1;34m	threadid 47920974751488 -> core 1 - OK[0m[1;34m
[0m[1;34m	threadid 47920976852736 -> core 2 - OK[0m[1;34m
[0m[1;34m	threadid 47920978953984 -> core 3 - OK[0m[1;34m
[0m[1;34m	threadid 47920981055232 -> core 10 - OK[0m[1;34m
[0m[1;34m	threadid 47920983156480 -> core 11 - OK[0m[1;34m
[0m[1;34m	threadid 47920985257728 -> core 12 - OK[0m[1;34m
[0m[1;34m	threadid 47920987358976 -> core 13 - OK[0m[1;34m
[0miterations: 120
Total iterations: 1078560480 LUP
FLOP: 11
Total work: 11864165280 FLOP
performance: 3.530950 GLUP/s
Performance in GFLOP/s: 38.840448
size: 9000000
time: 0.305459
[1;34m[pthread wrapper] 
[0m[1;34m[pthread wrapper] MAIN -> 0
[0m[1;34m[pthread wrapper] PIN_MASK: [0m[1;34m0->1  [0m[1;34m1->2  [0m[1;34m2->3  [0m[1;34m3->10  [0m[1;34m4->11  [0m[1;34m5->12  [0m[1;34m6->13  [0m[1;34m
[pthread wrapper] SKIP MASK: 0x0
[0m[1;34m	threadid 46963447432960 -> core 1 - OK[0m[1;34m
[0m[1;34m	threadid 46963449534208 -> core 2 - OK[0m[1;34m
[0m[1;34m	threadid 46963451635456 -> core 3 - OK[0m[1;34m
[0m[1;34m	threadid 46963453736704 -> core 10 - OK[0m[1;34m
[0m[1;34m	threadid 46963455837952 -> core 11 - OK[0m[1;34m
[0m[1;34m	threadid 46963457939200 -> core 12 - OK[0m[1;34m
[0m[1;34m	threadid 46963460040448 -> core 13 - OK[0m[1;34m
[0miterations: 120
Total iterations: 1078560480 LUP
FLOP: 11
Total work: 11864165280 FLOP
performance: 3.484961 GLUP/s
Performance in GFLOP/s: 38.334572
size: 9000000
time: 0.309490
[1;34m[pthread wrapper] 
[0m[1;34m[pthread wrapper] MAIN -> 0
[0m[1;34m[pthread wrapper] PIN_MASK: [0m[1;34m0->1  [0m[1;34m1->2  [0m[1;34m2->3  [0m[1;34m3->10  [0m[1;34m4->11  [0m[1;34m5->12  [0m[1;34m6->13  [0m[1;34m
[pthread wrapper] SKIP MASK: 0x0
[0m[1;34m	threadid 47475646457600 -> core 1 - OK[0m[1;34m
[0m[1;34m	threadid 47475648558848 -> core 2 - OK[0m[1;34m
[0m[1;34m	threadid 47475650660096 -> core 3 - OK[0m[1;34m
[0m[1;34m	threadid 47475652761344 -> core 10 - OK[0m[1;34m
[0m[1;34m	threadid 47475654862592 -> core 11 - OK[0m[1;34m
[0m[1;34m	threadid 47475656963840 -> core 12 - OK[0m[1;34m
[0m[1;34m	threadid 47475659065088 -> core 13 - OK[0m[1;34m
[0miterations: 120
Total iterations: 1078560480 LUP
FLOP: 11
Total work: 11864165280 FLOP
performance: 3.544376 GLUP/s
Performance in GFLOP/s: 38.988131
size: 9000000
time: 0.304302
[1;34m[pthread wrapper] 
[0m[1;34m[pthread wrapper] MAIN -> 0
[0m[1;34m[pthread wrapper] PIN_MASK: [0m[1;34m0->1  [0m[1;34m1->2  [0m[1;34m2->3  [0m[1;34m3->10  [0m[1;34m4->11  [0m[1;34m5->12  [0m[1;34m6->13  [0m[1;34m
[pthread wrapper] SKIP MASK: 0x0
[0m[1;34m	threadid 47168811546368 -> core 1 - OK[0m[1;34m
[0m[1;34m	threadid 47168813647616 -> core 2 - OK[0m[1;34m
[0m[1;34m	threadid 47168815748864 -> core 3 - OK[0m[1;34m
[0m[1;34m	threadid 47168817850112 -> core 10 - OK[0m[1;34m
[0m[1;34m	threadid 47168819951360 -> core 11 - OK[0m[1;34m
[0m[1;34m	threadid 47168822052608 -> core 12 - OK[0m[1;34m
[0m[1;34m	threadid 47168824153856 -> core 13 - OK[0m[1;34m
[0miterations: 120
Total iterations: 1078560480 LUP
FLOP: 11
Total work: 11864165280 FLOP
performance: 3.586068 GLUP/s
Performance in GFLOP/s: 39.446749
size: 9000000
time: 0.300764
