[1;34m[pthread wrapper] 
[0m[1;34m[pthread wrapper] MAIN -> 0
[0m[1;34m[pthread wrapper] PIN_MASK: [0m[1;34m0->1  [0m[1;34m1->2  [0m[1;34m2->3  [0m[1;34m3->4  [0m[1;34m4->5  [0m[1;34m5->6  [0m[1;34m6->7  [0m[1;34m7->8  [0m[1;34m8->9  [0m[1;34m
[pthread wrapper] SKIP MASK: 0x0
[0m[1;34m	threadid 46952117966592 -> core 1 - OK[0m[1;34m
[0m[1;34m	threadid 46952120067840 -> core 2 - OK[0m[1;34m
[0m[1;34m	threadid 46952122169088 -> core 3 - OK[0m[1;34m
[0m[1;34m	threadid 46952124270336 -> core 4 - OK[0m[1;34m
[0m[1;34m	threadid 46952126371584 -> core 5 - OK[0m[1;34m
[0m[1;34m	threadid 46952128472832 -> core 6 - OK[0m[1;34m
[0m[1;34m	threadid 46952130574080 -> core 7 - OK[0m[1;34m
[0m[1;34m	threadid 46952132675328 -> core 8 - OK[0m[1;34m
[0m[1;34m	threadid 46952134776576 -> core 9 - OK[0m[1;34m
[0miterations: 120
Total iterations: 1078560480 LUP
FLOP: 11
Total work: 11864165280 FLOP
performance: 2.192241 GLUP/s
Performance in GFLOP/s: 24.114655
size: 9000000
time: 0.491990
[1;34m[pthread wrapper] 
[0m[1;34m[pthread wrapper] MAIN -> 0
[0m[1;34m[pthread wrapper] PIN_MASK: [0m[1;34m0->1  [0m[1;34m1->2  [0m[1;34m2->3  [0m[1;34m3->4  [0m[1;34m4->5  [0m[1;34m5->6  [0m[1;34m6->7  [0m[1;34m7->8  [0m[1;34m8->9  [0m[1;34m
[pthread wrapper] SKIP MASK: 0x0
[0m[1;34m	threadid 47981591090944 -> core 1 - OK[0m[1;34m
[0m[1;34m	threadid 47981593192192 -> core 2 - OK[0m[1;34m
[0m[1;34m	threadid 47981595293440 -> core 3 - OK[0m[1;34m
[0m[1;34m	threadid 47981597394688 -> core 4 - OK[0m[1;34m
[0m[1;34m	threadid 47981599495936 -> core 5 - OK[0m[1;34m
[0m[1;34m	threadid 47981601597184 -> core 6 - OK[0m[1;34m
[0m[1;34m	threadid 47981603698432 -> core 7 - OK[0m[1;34m
[0m[1;34m	threadid 47981605799680 -> core 8 - OK[0m[1;34m
[0m[1;34m	threadid 47981607900928 -> core 9 - OK[0m[1;34m
[0miterations: 120
Total iterations: 1078560480 LUP
FLOP: 11
Total work: 11864165280 FLOP
performance: 2.237520 GLUP/s
Performance in GFLOP/s: 24.612716
size: 9000000
time: 0.482034
[1;34m[pthread wrapper] 
[0m[1;34m[pthread wrapper] MAIN -> 0
[0m[1;34m[pthread wrapper] PIN_MASK: [0m[1;34m0->1  [0m[1;34m1->2  [0m[1;34m2->3  [0m[1;34m3->4  [0m[1;34m4->5  [0m[1;34m5->6  [0m[1;34m6->7  [0m[1;34m7->8  [0m[1;34m8->9  [0m[1;34m
[pthread wrapper] SKIP MASK: 0x0
[0m[1;34m	threadid 47750553671424 -> core 1 - OK[0m[1;34m
[0m[1;34m	threadid 47750555772672 -> core 2 - OK[0m[1;34m
[0m[1;34m	threadid 47750557873920 -> core 3 - OK[0m[1;34m
[0m[1;34m	threadid 47750559975168 -> core 4 - OK[0m[1;34m
[0m[1;34m	threadid 47750562076416 -> core 5 - OK[0m[1;34m
[0m[1;34m	threadid 47750564177664 -> core 6 - OK[0m[1;34m
[0m[1;34m	threadid 47750566278912 -> core 7 - OK[0m[1;34m
[0m[1;34m	threadid 47750568380160 -> core 8 - OK[0m[1;34m
[0m[1;34m	threadid 47750570481408 -> core 9 - OK[0m[1;34m
[0miterations: 120
Total iterations: 1078560480 LUP
FLOP: 11
Total work: 11864165280 FLOP
performance: 2.199442 GLUP/s
Performance in GFLOP/s: 24.193864
size: 9000000
time: 0.490379
[1;34m[pthread wrapper] 
[0m[1;34m[pthread wrapper] MAIN -> 0
[0m[1;34m[pthread wrapper] PIN_MASK: [0m[1;34m0->1  [0m[1;34m1->2  [0m[1;34m2->3  [0m[1;34m3->4  [0m[1;34m4->5  [0m[1;34m5->6  [0m[1;34m6->7  [0m[1;34m7->8  [0m[1;34m8->9  [0m[1;34m
[pthread wrapper] SKIP MASK: 0x0
[0m[1;34m	threadid 47868816824064 -> core 1 - OK[0m[1;34m
[0m[1;34m	threadid 47868818925312 -> core 2 - OK[0m[1;34m
[0m[1;34m	threadid 47868821026560 -> core 3 - OK[0m[1;34m
[0m[1;34m	threadid 47868823127808 -> core 4 - OK[0m[1;34m
[0m[1;34m	threadid 47868825229056 -> core 5 - OK[0m[1;34m
[0m[1;34m	threadid 47868827330304 -> core 6 - OK[0m[1;34m
[0m[1;34m	threadid 47868829431552 -> core 7 - OK[0m[1;34m
[0m[1;34m	threadid 47868831532800 -> core 8 - OK[0m[1;34m
[0m[1;34m	threadid 47868833634048 -> core 9 - OK[0m[1;34m
[0miterations: 120
Total iterations: 1078560480 LUP
FLOP: 11
Total work: 11864165280 FLOP
performance: 2.237180 GLUP/s
Performance in GFLOP/s: 24.608980
size: 9000000
time: 0.482107
[1;34m[pthread wrapper] 
[0m[1;34m[pthread wrapper] MAIN -> 0
[0m[1;34m[pthread wrapper] PIN_MASK: [0m[1;34m0->1  [0m[1;34m1->2  [0m[1;34m2->3  [0m[1;34m3->4  [0m[1;34m4->5  [0m[1;34m5->6  [0m[1;34m6->7  [0m[1;34m7->8  [0m[1;34m8->9  [0m[1;34m
[pthread wrapper] SKIP MASK: 0x0
[0m[1;34m	threadid 47318677837568 -> core 1 - OK[0m[1;34m
[0m[1;34m	threadid 47318679938816 -> core 2 - OK[0m[1;34m
[0m[1;34m	threadid 47318682040064 -> core 3 - OK[0m[1;34m
[0m[1;34m	threadid 47318684141312 -> core 4 - OK[0m[1;34m
[0m[1;34m	threadid 47318686242560 -> core 5 - OK[0m[1;34m
[0m[1;34m	threadid 47318688343808 -> core 6 - OK[0m[1;34m
[0m[1;34m	threadid 47318690445056 -> core 7 - OK[0m[1;34m
[0m[1;34m	threadid 47318692546304 -> core 8 - OK[0m[1;34m
[0m[1;34m	threadid 47318694647552 -> core 9 - OK[0m[1;34m
[0miterations: 120
Total iterations: 1078560480 LUP
FLOP: 11
Total work: 11864165280 FLOP
performance: 2.229264 GLUP/s
Performance in GFLOP/s: 24.521908
size: 9000000
time: 0.483819
[1;34m[pthread wrapper] 
[0m[1;34m[pthread wrapper] MAIN -> 0
[0m[1;34m[pthread wrapper] PIN_MASK: [0m[1;34m0->1  [0m[1;34m1->2  [0m[1;34m2->3  [0m[1;34m3->4  [0m[1;34m4->5  [0m[1;34m5->6  [0m[1;34m6->7  [0m[1;34m7->8  [0m[1;34m8->9  [0m[1;34m
[pthread wrapper] SKIP MASK: 0x0
[0m[1;34m	threadid 47606561851136 -> core 1 - OK[0m[1;34m
[0m[1;34m	threadid 47606563952384 -> core 2 - OK[0m[1;34m
[0m[1;34m	threadid 47606566053632 -> core 3 - OK[0m[1;34m
[0m[1;34m	threadid 47606568154880 -> core 4 - OK[0m[1;34m
[0m[1;34m	threadid 47606570256128 -> core 5 - OK[0m[1;34m
[0m[1;34m	threadid 47606572357376 -> core 6 - OK[0m[1;34m
[0m[1;34m	threadid 47606574458624 -> core 7 - OK[0m[1;34m
[0m[1;34m	threadid 47606576559872 -> core 8 - OK[0m[1;34m
[0m[1;34m	threadid 47606578661120 -> core 9 - OK[0m[1;34m
[0miterations: 120
Total iterations: 1078560480 LUP
FLOP: 11
Total work: 11864165280 FLOP
performance: 2.224418 GLUP/s
Performance in GFLOP/s: 24.468601
size: 9000000
time: 0.484873
[1;34m[pthread wrapper] 
[0m[1;34m[pthread wrapper] MAIN -> 0
[0m[1;34m[pthread wrapper] PIN_MASK: [0m[1;34m0->1  [0m[1;34m1->2  [0m[1;34m2->3  [0m[1;34m3->4  [0m[1;34m4->5  [0m[1;34m5->6  [0m[1;34m6->7  [0m[1;34m7->8  [0m[1;34m8->9  [0m[1;34m
[pthread wrapper] SKIP MASK: 0x0
[0m[1;34m	threadid 47922887194368 -> core 1 - OK[0m[1;34m
[0m[1;34m	threadid 47922889295616 -> core 2 - OK[0m[1;34m
[0m[1;34m	threadid 47922891396864 -> core 3 - OK[0m[1;34m
[0m[1;34m	threadid 47922893498112 -> core 4 - OK[0m[1;34m
[0m[1;34m	threadid 47922895599360 -> core 5 - OK[0m[1;34m
[0m[1;34m	threadid 47922897700608 -> core 6 - OK[0m[1;34m
[0m[1;34m	threadid 47922899801856 -> core 7 - OK[0m[1;34m
[0m[1;34m	threadid 47922901903104 -> core 8 - OK[0m[1;34m
[0m[1;34m	threadid 47922904004352 -> core 9 - OK[0m[1;34m
[0miterations: 120
Total iterations: 1078560480 LUP
FLOP: 11
Total work: 11864165280 FLOP
performance: 2.220440 GLUP/s
Performance in GFLOP/s: 24.424836
size: 9000000
time: 0.485742
[1;34m[pthread wrapper] 
[0m[1;34m[pthread wrapper] MAIN -> 0
[0m[1;34m[pthread wrapper] PIN_MASK: [0m[1;34m0->1  [0m[1;34m1->2  [0m[1;34m2->3  [0m[1;34m3->4  [0m[1;34m4->5  [0m[1;34m5->6  [0m[1;34m6->7  [0m[1;34m7->8  [0m[1;34m8->9  [0m[1;34m
[pthread wrapper] SKIP MASK: 0x0
[0m[1;34m	threadid 47287163008768 -> core 1 - OK[0m[1;34m
[0m[1;34m	threadid 47287165110016 -> core 2 - OK[0m[1;34m
[0m[1;34m	threadid 47287167211264 -> core 3 - OK[0m[1;34m
[0m[1;34m	threadid 47287169312512 -> core 4 - OK[0m[1;34m
[0m[1;34m	threadid 47287171413760 -> core 5 - OK[0m[1;34m
[0m[1;34m	threadid 47287173515008 -> core 6 - OK[0m[1;34m
[0m[1;34m	threadid 47287175616256 -> core 7 - OK[0m[1;34m
[0m[1;34m	threadid 47287177717504 -> core 8 - OK[0m[1;34m
[0m[1;34m	threadid 47287179818752 -> core 9 - OK[0m[1;34m
[0miterations: 120
Total iterations: 1078560480 LUP
FLOP: 11
Total work: 11864165280 FLOP
performance: 2.209580 GLUP/s
Performance in GFLOP/s: 24.305382
size: 9000000
time: 0.488129
[1;34m[pthread wrapper] 
[0m[1;34m[pthread wrapper] MAIN -> 0
[0m[1;34m[pthread wrapper] PIN_MASK: [0m[1;34m0->1  [0m[1;34m1->2  [0m[1;34m2->3  [0m[1;34m3->4  [0m[1;34m4->5  [0m[1;34m5->6  [0m[1;34m6->7  [0m[1;34m7->8  [0m[1;34m8->9  [0m[1;34m
[pthread wrapper] SKIP MASK: 0x0
[0m[1;34m	threadid 47724603131648 -> core 1 - OK[0m[1;34m
[0m[1;34m	threadid 47724605232896 -> core 2 - OK[0m[1;34m
[0m[1;34m	threadid 47724607334144 -> core 3 - OK[0m[1;34m
[0m[1;34m	threadid 47724609435392 -> core 4 - OK[0m[1;34m
[0m[1;34m	threadid 47724611536640 -> core 5 - OK[0m[1;34m
[0m[1;34m	threadid 47724613637888 -> core 6 - OK[0m[1;34m
[0m[1;34m	threadid 47724615739136 -> core 7 - OK[0m[1;34m
[0m[1;34m	threadid 47724617840384 -> core 8 - OK[0m[1;34m
[0m[1;34m	threadid 47724619941632 -> core 9 - OK[0m[1;34m
[0miterations: 120
Total iterations: 1078560480 LUP
FLOP: 11
Total work: 11864165280 FLOP
performance: 2.224960 GLUP/s
Performance in GFLOP/s: 24.474558
size: 9000000
time: 0.484755
[1;34m[pthread wrapper] 
[0m[1;34m[pthread wrapper] MAIN -> 0
[0m[1;34m[pthread wrapper] PIN_MASK: [0m[1;34m0->1  [0m[1;34m1->2  [0m[1;34m2->3  [0m[1;34m3->4  [0m[1;34m4->5  [0m[1;34m5->6  [0m[1;34m6->7  [0m[1;34m7->8  [0m[1;34m8->9  [0m[1;34m
[pthread wrapper] SKIP MASK: 0x0
[0m[1;34m	threadid 47005461927680 -> core 1 - OK[0m[1;34m
[0m[1;34m	threadid 47005464028928 -> core 2 - OK[0m[1;34m
[0m[1;34m	threadid 47005466130176 -> core 3 - OK[0m[1;34m
[0m[1;34m	threadid 47005468231424 -> core 4 - OK[0m[1;34m
[0m[1;34m	threadid 47005470332672 -> core 5 - OK[0m[1;34m
[0m[1;34m	threadid 47005472433920 -> core 6 - OK[0m[1;34m
[0m[1;34m	threadid 47005474535168 -> core 7 - OK[0m[1;34m
[0m[1;34m	threadid 47005476636416 -> core 8 - OK[0m[1;34m
[0m[1;34m	threadid 47005478737664 -> core 9 - OK[0m[1;34m
[0miterations: 120
Total iterations: 1078560480 LUP
FLOP: 11
Total work: 11864165280 FLOP
performance: 2.192632 GLUP/s
Performance in GFLOP/s: 24.118956
size: 9000000
time: 0.491902
