iterations: 200
Total iterations: 49600800 LUP
FLOP: 11
Total work: 545608800 FLOP
performance: 7.600498 GLUP/s
Performance in GFLOP/s: 83.605479
size: 250000
time: 0.006526
iterations: 200
Total iterations: 49600800 LUP
FLOP: 11
Total work: 545608800 FLOP
performance: 7.636768 GLUP/s
Performance in GFLOP/s: 84.004448
size: 250000
time: 0.006495
iterations: 200
Total iterations: 49600800 LUP
FLOP: 11
Total work: 545608800 FLOP
performance: 7.743071 GLUP/s
Performance in GFLOP/s: 85.173782
size: 250000
time: 0.006406
iterations: 200
Total iterations: 49600800 LUP
FLOP: 11
Total work: 545608800 FLOP
performance: 7.771998 GLUP/s
Performance in GFLOP/s: 85.491974
size: 250000
time: 0.006382
iterations: 200
Total iterations: 49600800 LUP
FLOP: 11
Total work: 545608800 FLOP
performance: 7.708071 GLUP/s
Performance in GFLOP/s: 84.788780
size: 250000
time: 0.006435
iterations: 200
Total iterations: 49600800 LUP
FLOP: 11
Total work: 545608800 FLOP
performance: 7.620264 GLUP/s
Performance in GFLOP/s: 83.822907
size: 250000
time: 0.006509
iterations: 200
Total iterations: 49600800 LUP
FLOP: 11
Total work: 545608800 FLOP
performance: 7.536892 GLUP/s
Performance in GFLOP/s: 82.905814
size: 250000
time: 0.006581
iterations: 200
Total iterations: 49600800 LUP
FLOP: 11
Total work: 545608800 FLOP
performance: 7.688984 GLUP/s
Performance in GFLOP/s: 84.578821
size: 250000
time: 0.006451
iterations: 200
Total iterations: 49600800 LUP
FLOP: 11
Total work: 545608800 FLOP
performance: 7.673386 GLUP/s
Performance in GFLOP/s: 84.407243
size: 250000
time: 0.006464
iterations: 200
Total iterations: 49600800 LUP
FLOP: 11
Total work: 545608800 FLOP
performance: 7.703219 GLUP/s
Performance in GFLOP/s: 84.735408
size: 250000
time: 0.006439
