iterations: 200
Total iterations: 49600800 LUP
FLOP: 11
Total work: 545608800 FLOP
performance: 0.742992 GLUP/s
Performance in GFLOP/s: 8.172916
size: 250000
time: 0.066758
[1;34m[likwid-pin] Main PID -> core 0 - OK[0m
iterations: 200
Total iterations: 49600800 LUP
FLOP: 11
Total work: 545608800 FLOP
performance: 0.745912 GLUP/s
Performance in GFLOP/s: 8.205032
size: 250000
time: 0.066497
[1;34m[likwid-pin] Main PID -> core 0 - OK[0m
iterations: 200
Total iterations: 49600800 LUP
FLOP: 11
Total work: 545608800 FLOP
performance: 0.745092 GLUP/s
Performance in GFLOP/s: 8.196011
size: 250000
time: 0.066570
[1;34m[likwid-pin] Main PID -> core 0 - OK[0m
iterations: 200
Total iterations: 49600800 LUP
FLOP: 11
Total work: 545608800 FLOP
performance: 0.742459 GLUP/s
Performance in GFLOP/s: 8.167053
size: 250000
time: 0.066806
[1;34m[likwid-pin] Main PID -> core 0 - OK[0m
iterations: 200
Total iterations: 49600800 LUP
FLOP: 11
Total work: 545608800 FLOP
performance: 0.743853 GLUP/s
Performance in GFLOP/s: 8.182384
size: 250000
time: 0.066681
[1;34m[likwid-pin] Main PID -> core 0 - OK[0m
iterations: 200
Total iterations: 49600800 LUP
FLOP: 11
Total work: 545608800 FLOP
performance: 0.741472 GLUP/s
Performance in GFLOP/s: 8.156196
size: 250000
time: 0.066895
[1;34m[likwid-pin] Main PID -> core 0 - OK[0m
iterations: 200
Total iterations: 49600800 LUP
FLOP: 11
Total work: 545608800 FLOP
performance: 0.742637 GLUP/s
Performance in GFLOP/s: 8.169007
size: 250000
time: 0.066790
[1;34m[likwid-pin] Main PID -> core 0 - OK[0m
iterations: 200
Total iterations: 49600800 LUP
FLOP: 11
Total work: 545608800 FLOP
performance: 0.744745 GLUP/s
Performance in GFLOP/s: 8.192197
size: 250000
time: 0.066601
[1;34m[likwid-pin] Main PID -> core 0 - OK[0m
iterations: 200
Total iterations: 49600800 LUP
FLOP: 11
Total work: 545608800 FLOP
performance: 0.744945 GLUP/s
Performance in GFLOP/s: 8.194397
size: 250000
time: 0.066583
[1;34m[likwid-pin] Main PID -> core 0 - OK[0m
iterations: 200
Total iterations: 49600800 LUP
FLOP: 11
Total work: 545608800 FLOP
performance: 0.745012 GLUP/s
Performance in GFLOP/s: 8.195130
size: 250000
time: 0.066577
[1;34m[likwid-pin] Main PID -> core 0 - OK[0m
