[1;34m[pthread wrapper] 
[0m[1;34m[pthread wrapper] MAIN -> 0
[0m[1;34m[pthread wrapper] PIN_MASK: [0m[1;34m0->1  [0m[1;34m1->2  [0m[1;34m2->3  [0m[1;34m3->4  [0m[1;34m4->5  [0m[1;34m
[pthread wrapper] SKIP MASK: 0x0
[0m[1;34m	threadid 47933355198208 -> core 1 - OK[0m[1;34m
[0m[1;34m	threadid 47933357299456 -> core 2 - OK[0m[1;34m
[0m[1;34m	threadid 47933359400704 -> core 3 - OK[0m[1;34m
[0m[1;34m	threadid 47933361501952 -> core 4 - OK[0m[1;34m
[0m[1;34m	threadid 47933363603200 -> core 5 - OK[0m[1;34m
[0miterations: 120
Total iterations: 1078560480 LUP
FLOP: 11
Total work: 11864165280 FLOP
performance: 1.994969 GLUP/s
Performance in GFLOP/s: 21.944663
size: 9000000
time: 0.540640
[1;34m[pthread wrapper] 
[0m[1;34m[pthread wrapper] MAIN -> 0
[0m[1;34m[pthread wrapper] PIN_MASK: [0m[1;34m0->1  [0m[1;34m1->2  [0m[1;34m2->3  [0m[1;34m3->4  [0m[1;34m4->5  [0m[1;34m
[pthread wrapper] SKIP MASK: 0x0
[0m[1;34m	threadid 47908934465280 -> core 1 - OK[0m[1;34m
[0m[1;34m	threadid 47908936566528 -> core 2 - OK[0m[1;34m
[0m[1;34m	threadid 47908938667776 -> core 3 - OK[0m[1;34m
[0m[1;34m	threadid 47908940769024 -> core 4 - OK[0m[1;34m
[0m[1;34m	threadid 47908942870272 -> core 5 - OK[0m[1;34m
[0miterations: 120
Total iterations: 1078560480 LUP
FLOP: 11
Total work: 11864165280 FLOP
performance: 2.004648 GLUP/s
Performance in GFLOP/s: 22.051126
size: 9000000
time: 0.538030
[1;34m[pthread wrapper] 
[0m[1;34m[pthread wrapper] MAIN -> 0
[0m[1;34m[pthread wrapper] PIN_MASK: [0m[1;34m0->1  [0m[1;34m1->2  [0m[1;34m2->3  [0m[1;34m3->4  [0m[1;34m4->5  [0m[1;34m
[pthread wrapper] SKIP MASK: 0x0
[0m[1;34m	threadid 47583491114752 -> core 1 - OK[0m[1;34m
[0m[1;34m	threadid 47583493216000 -> core 2 - OK[0m[1;34m
[0m[1;34m	threadid 47583495317248 -> core 3 - OK[0m[1;34m
[0m[1;34m	threadid 47583497418496 -> core 4 - OK[0m[1;34m
[0m[1;34m	threadid 47583499519744 -> core 5 - OK[0m[1;34m
[0miterations: 120
Total iterations: 1078560480 LUP
FLOP: 11
Total work: 11864165280 FLOP
performance: 1.997742 GLUP/s
Performance in GFLOP/s: 21.975160
size: 9000000
time: 0.539890
[1;34m[pthread wrapper] 
[0m[1;34m[pthread wrapper] MAIN -> 0
[0m[1;34m[pthread wrapper] PIN_MASK: [0m[1;34m0->1  [0m[1;34m1->2  [0m[1;34m2->3  [0m[1;34m3->4  [0m[1;34m4->5  [0m[1;34m
[pthread wrapper] SKIP MASK: 0x0
[0m[1;34m	threadid 47012327573248 -> core 1 - OK[0m[1;34m
[0m[1;34m	threadid 47012329674496 -> core 2 - OK[0m[1;34m
[0m[1;34m	threadid 47012331775744 -> core 3 - OK[0m[1;34m
[0m[1;34m	threadid 47012333876992 -> core 4 - OK[0m[1;34m
[0m[1;34m	threadid 47012335978240 -> core 5 - OK[0m[1;34m
[0miterations: 120
Total iterations: 1078560480 LUP
FLOP: 11
Total work: 11864165280 FLOP
performance: 2.004831 GLUP/s
Performance in GFLOP/s: 22.053139
size: 9000000
time: 0.537981
[1;34m[pthread wrapper] 
[0m[1;34m[pthread wrapper] MAIN -> 0
[0m[1;34m[pthread wrapper] PIN_MASK: [0m[1;34m0->1  [0m[1;34m1->2  [0m[1;34m2->3  [0m[1;34m3->4  [0m[1;34m4->5  [0m[1;34m
[pthread wrapper] SKIP MASK: 0x0
[0m[1;34m	threadid 47782790387456 -> core 1 - OK[0m[1;34m
[0m[1;34m	threadid 47782792488704 -> core 2 - OK[0m[1;34m
[0m[1;34m	threadid 47782794589952 -> core 3 - OK[0m[1;34m
[0m[1;34m	threadid 47782796691200 -> core 4 - OK[0m[1;34m
[0m[1;34m	threadid 47782798792448 -> core 5 - OK[0m[1;34m
[0miterations: 120
Total iterations: 1078560480 LUP
FLOP: 11
Total work: 11864165280 FLOP
performance: 2.005355 GLUP/s
Performance in GFLOP/s: 22.058907
size: 9000000
time: 0.537840
[1;34m[pthread wrapper] 
[0m[1;34m[pthread wrapper] MAIN -> 0
[0m[1;34m[pthread wrapper] PIN_MASK: [0m[1;34m0->1  [0m[1;34m1->2  [0m[1;34m2->3  [0m[1;34m3->4  [0m[1;34m4->5  [0m[1;34m
[pthread wrapper] SKIP MASK: 0x0
[0m[1;34m	threadid 47580554753792 -> core 1 - OK[0m[1;34m
[0m[1;34m	threadid 47580556855040 -> core 2 - OK[0m[1;34m
[0m[1;34m	threadid 47580558956288 -> core 3 - OK[0m[1;34m
[0m[1;34m	threadid 47580561057536 -> core 4 - OK[0m[1;34m
[0m[1;34m	threadid 47580563158784 -> core 5 - OK[0m[1;34m
[0miterations: 120
Total iterations: 1078560480 LUP
FLOP: 11
Total work: 11864165280 FLOP
performance: 1.987163 GLUP/s
Performance in GFLOP/s: 21.858794
size: 9000000
time: 0.542764
[1;34m[pthread wrapper] 
[0m[1;34m[pthread wrapper] MAIN -> 0
[0m[1;34m[pthread wrapper] PIN_MASK: [0m[1;34m0->1  [0m[1;34m1->2  [0m[1;34m2->3  [0m[1;34m3->4  [0m[1;34m4->5  [0m[1;34m
[pthread wrapper] SKIP MASK: 0x0
[0m[1;34m	threadid 47000112469760 -> core 1 - OK[0m[1;34m
[0m[1;34m	threadid 47000114571008 -> core 2 - OK[0m[1;34m
[0m[1;34m	threadid 47000116672256 -> core 3 - OK[0m[1;34m
[0m[1;34m	threadid 47000118773504 -> core 4 - OK[0m[1;34m
[0m[1;34m	threadid 47000120874752 -> core 5 - OK[0m[1;34m
[0miterations: 120
Total iterations: 1078560480 LUP
FLOP: 11
Total work: 11864165280 FLOP
performance: 2.010829 GLUP/s
Performance in GFLOP/s: 22.119120
size: 9000000
time: 0.536376
[1;34m[pthread wrapper] 
[0m[1;34m[pthread wrapper] MAIN -> 0
[0m[1;34m[pthread wrapper] PIN_MASK: [0m[1;34m0->1  [0m[1;34m1->2  [0m[1;34m2->3  [0m[1;34m3->4  [0m[1;34m4->5  [0m[1;34m
[pthread wrapper] SKIP MASK: 0x0
[0m[1;34m	threadid 47743343724288 -> core 1 - OK[0m[1;34m
[0m[1;34m	threadid 47743345825536 -> core 2 - OK[0m[1;34m
[0m[1;34m	threadid 47743347926784 -> core 3 - OK[0m[1;34m
[0m[1;34m	threadid 47743350028032 -> core 4 - OK[0m[1;34m
[0m[1;34m	threadid 47743352129280 -> core 5 - OK[0m[1;34m
[0miterations: 120
Total iterations: 1078560480 LUP
FLOP: 11
Total work: 11864165280 FLOP
performance: 1.999415 GLUP/s
Performance in GFLOP/s: 21.993566
size: 9000000
time: 0.539438
[1;34m[pthread wrapper] 
[0m[1;34m[pthread wrapper] MAIN -> 0
[0m[1;34m[pthread wrapper] PIN_MASK: [0m[1;34m0->1  [0m[1;34m1->2  [0m[1;34m2->3  [0m[1;34m3->4  [0m[1;34m4->5  [0m[1;34m
[pthread wrapper] SKIP MASK: 0x0
[0m[1;34m	threadid 47443979896576 -> core 1 - OK[0m[1;34m
[0m[1;34m	threadid 47443981997824 -> core 2 - OK[0m[1;34m
[0m[1;34m	threadid 47443984099072 -> core 3 - OK[0m[1;34m
[0m[1;34m	threadid 47443986200320 -> core 4 - OK[0m[1;34m
[0m[1;34m	threadid 47443988301568 -> core 5 - OK[0m[1;34m
[0miterations: 120
Total iterations: 1078560480 LUP
FLOP: 11
Total work: 11864165280 FLOP
performance: 1.997498 GLUP/s
Performance in GFLOP/s: 21.972473
size: 9000000
time: 0.539956
[1;34m[pthread wrapper] 
[0m[1;34m[pthread wrapper] MAIN -> 0
[0m[1;34m[pthread wrapper] PIN_MASK: [0m[1;34m0->1  [0m[1;34m1->2  [0m[1;34m2->3  [0m[1;34m3->4  [0m[1;34m4->5  [0m[1;34m
[pthread wrapper] SKIP MASK: 0x0
[0m[1;34m	threadid 47787202516736 -> core 1 - OK[0m[1;34m
[0m[1;34m	threadid 47787204617984 -> core 2 - OK[0m[1;34m
[0m[1;34m	threadid 47787206719232 -> core 3 - OK[0m[1;34m
[0m[1;34m	threadid 47787208820480 -> core 4 - OK[0m[1;34m
[0m[1;34m	threadid 47787210921728 -> core 5 - OK[0m[1;34m
[0miterations: 120
Total iterations: 1078560480 LUP
FLOP: 11
Total work: 11864165280 FLOP
performance: 1.996295 GLUP/s
Performance in GFLOP/s: 21.959247
size: 9000000
time: 0.540281
