[1;34m[pthread wrapper] 
[0m[1;34m[pthread wrapper] MAIN -> 0
[0m[1;34m[pthread wrapper] PIN_MASK: [0m[1;34m0->1  [0m[1;34m1->2  [0m[1;34m2->3  [0m[1;34m
[pthread wrapper] SKIP MASK: 0x0
[0m[1;34m	threadid 48007235581696 -> core 1 - OK[0m[1;34m
[0m[1;34m	threadid 48007237682944 -> core 2 - OK[0m[1;34m
[0m[1;34m	threadid 48007239784192 -> core 3 - OK[0m[1;34m
[0miterations: 120
Total iterations: 1078560480 LUP
FLOP: 11
Total work: 11864165280 FLOP
performance: 1.810895 GLUP/s
Performance in GFLOP/s: 19.919850
size: 9000000
time: 0.595595
[1;34m[pthread wrapper] 
[0m[1;34m[pthread wrapper] MAIN -> 0
[0m[1;34m[pthread wrapper] PIN_MASK: [0m[1;34m0->1  [0m[1;34m1->2  [0m[1;34m2->3  [0m[1;34m
[pthread wrapper] SKIP MASK: 0x0
[0m[1;34m	threadid 47498761205504 -> core 1 - OK[0m[1;34m
[0m[1;34m	threadid 47498763306752 -> core 2 - OK[0m[1;34m
[0m[1;34m	threadid 47498765408000 -> core 3 - OK[0m[1;34m
[0miterations: 120
Total iterations: 1078560480 LUP
FLOP: 11
Total work: 11864165280 FLOP
performance: 1.825900 GLUP/s
Performance in GFLOP/s: 20.084896
size: 9000000
time: 0.590701
[1;34m[pthread wrapper] 
[0m[1;34m[pthread wrapper] MAIN -> 0
[0m[1;34m[pthread wrapper] PIN_MASK: [0m[1;34m0->1  [0m[1;34m1->2  [0m[1;34m2->3  [0m[1;34m
[pthread wrapper] SKIP MASK: 0x0
[0m[1;34m	threadid 47260405634816 -> core 1 - OK[0m[1;34m
[0m[1;34m	threadid 47260407736064 -> core 2 - OK[0m[1;34m
[0m[1;34m	threadid 47260409837312 -> core 3 - OK[0m[1;34m
[0miterations: 120
Total iterations: 1078560480 LUP
FLOP: 11
Total work: 11864165280 FLOP
performance: 1.818805 GLUP/s
Performance in GFLOP/s: 20.006857
size: 9000000
time: 0.593005
[1;34m[pthread wrapper] 
[0m[1;34m[pthread wrapper] MAIN -> 0
[0m[1;34m[pthread wrapper] PIN_MASK: [0m[1;34m0->1  [0m[1;34m1->2  [0m[1;34m2->3  [0m[1;34m
[pthread wrapper] SKIP MASK: 0x0
[0m[1;34m	threadid 47544086234880 -> core 1 - OK[0m[1;34m
[0m[1;34m	threadid 47544088336128 -> core 2 - OK[0m[1;34m
[0m[1;34m	threadid 47544090437376 -> core 3 - OK[0m[1;34m
[0miterations: 120
Total iterations: 1078560480 LUP
FLOP: 11
Total work: 11864165280 FLOP
performance: 1.811367 GLUP/s
Performance in GFLOP/s: 19.925042
size: 9000000
time: 0.595440
[1;34m[pthread wrapper] 
[0m[1;34m[pthread wrapper] MAIN -> 0
[0m[1;34m[pthread wrapper] PIN_MASK: [0m[1;34m0->1  [0m[1;34m1->2  [0m[1;34m2->3  [0m[1;34m
[pthread wrapper] SKIP MASK: 0x0
[0m[1;34m	threadid 47284075706112 -> core 1 - OK[0m[1;34m
[0m[1;34m	threadid 47284077807360 -> core 2 - OK[0m[1;34m
[0m[1;34m	threadid 47284079908608 -> core 3 - OK[0m[1;34m
[0miterations: 120
Total iterations: 1078560480 LUP
FLOP: 11
Total work: 11864165280 FLOP
performance: 1.810172 GLUP/s
Performance in GFLOP/s: 19.911895
size: 9000000
time: 0.595833
[1;34m[pthread wrapper] 
[0m[1;34m[pthread wrapper] MAIN -> 0
[0m[1;34m[pthread wrapper] PIN_MASK: [0m[1;34m0->1  [0m[1;34m1->2  [0m[1;34m2->3  [0m[1;34m
[pthread wrapper] SKIP MASK: 0x0
[0m[1;34m	threadid 47822844925696 -> core 1 - OK[0m[1;34m
[0m[1;34m	threadid 47822847026944 -> core 2 - OK[0m[1;34m
[0m[1;34m	threadid 47822849128192 -> core 3 - OK[0m[1;34m
[0miterations: 120
Total iterations: 1078560480 LUP
FLOP: 11
Total work: 11864165280 FLOP
performance: 1.814506 GLUP/s
Performance in GFLOP/s: 19.959567
size: 9000000
time: 0.594410
[1;34m[pthread wrapper] 
[0m[1;34m[pthread wrapper] MAIN -> 0
[0m[1;34m[pthread wrapper] PIN_MASK: [0m[1;34m0->1  [0m[1;34m1->2  [0m[1;34m2->3  [0m[1;34m
[pthread wrapper] SKIP MASK: 0x0
[0m[1;34m	threadid 47525492950784 -> core 1 - OK[0m[1;34m
[0m[1;34m	threadid 47525495052032 -> core 2 - OK[0m[1;34m
[0m[1;34m	threadid 47525497153280 -> core 3 - OK[0m[1;34m
[0miterations: 120
Total iterations: 1078560480 LUP
FLOP: 11
Total work: 11864165280 FLOP
performance: 1.798086 GLUP/s
Performance in GFLOP/s: 19.778949
size: 9000000
time: 0.599838
[1;34m[pthread wrapper] 
[0m[1;34m[pthread wrapper] MAIN -> 0
[0m[1;34m[pthread wrapper] PIN_MASK: [0m[1;34m0->1  [0m[1;34m1->2  [0m[1;34m2->3  [0m[1;34m
[pthread wrapper] SKIP MASK: 0x0
[0m[1;34m	threadid 47286136104704 -> core 1 - OK[0m[1;34m
[0m[1;34m	threadid 47286138205952 -> core 2 - OK[0m[1;34m
[0m[1;34m	threadid 47286140307200 -> core 3 - OK[0m[1;34m
[0miterations: 120
Total iterations: 1078560480 LUP
FLOP: 11
Total work: 11864165280 FLOP
performance: 1.817637 GLUP/s
Performance in GFLOP/s: 19.994012
size: 9000000
time: 0.593386
[1;34m[pthread wrapper] 
[0m[1;34m[pthread wrapper] MAIN -> 0
[0m[1;34m[pthread wrapper] PIN_MASK: [0m[1;34m0->1  [0m[1;34m1->2  [0m[1;34m2->3  [0m[1;34m
[pthread wrapper] SKIP MASK: 0x0
[0m[1;34m	threadid 47875226408704 -> core 1 - OK[0m[1;34m
[0m[1;34m	threadid 47875228509952 -> core 2 - OK[0m[1;34m
[0m[1;34m	threadid 47875230611200 -> core 3 - OK[0m[1;34m
[0miterations: 120
Total iterations: 1078560480 LUP
FLOP: 11
Total work: 11864165280 FLOP
performance: 1.812868 GLUP/s
Performance in GFLOP/s: 19.941547
size: 9000000
time: 0.594947
[1;34m[pthread wrapper] 
[0m[1;34m[pthread wrapper] MAIN -> 0
[0m[1;34m[pthread wrapper] PIN_MASK: [0m[1;34m0->1  [0m[1;34m1->2  [0m[1;34m2->3  [0m[1;34m
[pthread wrapper] SKIP MASK: 0x0
[0m[1;34m	threadid 47938690860800 -> core 1 - OK[0m[1;34m
[0m[1;34m	threadid 47938692962048 -> core 2 - OK[0m[1;34m
[0m[1;34m	threadid 47938695063296 -> core 3 - OK[0m[1;34m
[0miterations: 120
Total iterations: 1078560480 LUP
FLOP: 11
Total work: 11864165280 FLOP
performance: 1.815851 GLUP/s
Performance in GFLOP/s: 19.974357
size: 9000000
time: 0.593970
