iterations: 120
Total iterations: 1078560480 LUP
FLOP: 11
Total work: 11864165280 FLOP
performance: 3.726061 GLUP/s
Performance in GFLOP/s: 40.986670
size: 9000000
time: 0.289464
iterations: 120
Total iterations: 1078560480 LUP
FLOP: 11
Total work: 11864165280 FLOP
performance: 3.909996 GLUP/s
Performance in GFLOP/s: 43.009955
size: 9000000
time: 0.275847
iterations: 120
Total iterations: 1078560480 LUP
FLOP: 11
Total work: 11864165280 FLOP
performance: 3.839565 GLUP/s
Performance in GFLOP/s: 42.235220
size: 9000000
time: 0.280907
iterations: 120
Total iterations: 1078560480 LUP
FLOP: 11
Total work: 11864165280 FLOP
performance: 3.805749 GLUP/s
Performance in GFLOP/s: 41.863243
size: 9000000
time: 0.283403
iterations: 120
Total iterations: 1078560480 LUP
FLOP: 11
Total work: 11864165280 FLOP
performance: 3.699908 GLUP/s
Performance in GFLOP/s: 40.698985
size: 9000000
time: 0.291510
iterations: 120
Total iterations: 1078560480 LUP
FLOP: 11
Total work: 11864165280 FLOP
performance: 3.786829 GLUP/s
Performance in GFLOP/s: 41.655121
size: 9000000
time: 0.284819
iterations: 120
Total iterations: 1078560480 LUP
FLOP: 11
Total work: 11864165280 FLOP
performance: 3.799820 GLUP/s
Performance in GFLOP/s: 41.798015
size: 9000000
time: 0.283845
iterations: 120
Total iterations: 1078560480 LUP
FLOP: 11
Total work: 11864165280 FLOP
performance: 3.693054 GLUP/s
Performance in GFLOP/s: 40.623597
size: 9000000
time: 0.292051
iterations: 120
Total iterations: 1078560480 LUP
FLOP: 11
Total work: 11864165280 FLOP
performance: 3.881990 GLUP/s
Performance in GFLOP/s: 42.701885
size: 9000000
time: 0.277837
iterations: 120
Total iterations: 1078560480 LUP
FLOP: 11
Total work: 11864165280 FLOP
performance: 3.566419 GLUP/s
Performance in GFLOP/s: 39.230614
size: 9000000
time: 0.302421
