[1;34m[pthread wrapper] 
[0m[1;34m[pthread wrapper] MAIN -> 0
[0m[1;34m[pthread wrapper] PIN_MASK: [0m[1;34m0->1  [0m[1;34m1->2  [0m[1;34m2->3  [0m[1;34m3->4  [0m[1;34m4->5  [0m[1;34m5->6  [0m[1;34m6->7  [0m[1;34m7->8  [0m[1;34m8->9  [0m[1;34m9->10  [0m[1;34m10->11  [0m[1;34m11->12  [0m[1;34m12->13  [0m[1;34m13->14  [0m[1;34m14->15  [0m[1;34m15->16  [0m[1;34m16->17  [0m[1;34m17->18  [0m[1;34m18->19  [0m[1;34m
[pthread wrapper] SKIP MASK: 0x0
[0m[1;34m	threadid 47101609481984 -> core 1 - OK[0m[1;34m
[0m[1;34m	threadid 47101611583232 -> core 2 - OK[0m[1;34m
[0m[1;34m	threadid 47101613684480 -> core 3 - OK[0m[1;34m
[0m[1;34m	threadid 47101615785728 -> core 4 - OK[0m[1;34m
[0m[1;34m	threadid 47101617886976 -> core 5 - OK[0m[1;34m
[0m[1;34m	threadid 47101619988224 -> core 6 - OK[0m[1;34m
[0m[1;34m	threadid 47101622089472 -> core 7 - OK[0m[1;34m
[0m[1;34m	threadid 47101624190720 -> core 8 - OK[0m[1;34m
[0m[1;34m	threadid 47101626291968 -> core 9 - OK[0m[1;34m
[0m[1;34m	threadid 47101628393216 -> core 10 - OK[0m[1;34m
[0m[1;34m	threadid 47101630494464 -> core 11 - OK[0m[1;34m
[0m[1;34m	threadid 47101632595712 -> core 12 - OK[0m[1;34m
[0m[1;34m	threadid 47101634696960 -> core 13 - OK[0m[1;34m
[0m[1;34m	threadid 47101636798208 -> core 14 - OK[0m[1;34m
[0m[1;34m	threadid 47101638899456 -> core 15 - OK[0m[1;34m
[0m[1;34m	threadid 47101641000704 -> core 16 - OK[0m[1;34m
[0m[1;34m	threadid 47101643101952 -> core 17 - OK[0m[1;34m
[0m[1;34m	threadid 47101645203200 -> core 18 - OK[0m[1;34m
[0m[1;34m	threadid 47101647304448 -> core 19 - OK[0m[1;34m
[0miterations: 100
Total iterations: 898800400 LUP
FLOP: 11
Total work: 9886804400 FLOP
performance: 1.684731 GLUP/s
Performance in GFLOP/s: 18.532043
size: 9000000
time: 0.533498
[1;34m[pthread wrapper] 
[0m[1;34m[pthread wrapper] MAIN -> 0
[0m[1;34m[pthread wrapper] PIN_MASK: [0m[1;34m0->1  [0m[1;34m1->2  [0m[1;34m2->3  [0m[1;34m3->4  [0m[1;34m4->5  [0m[1;34m5->6  [0m[1;34m6->7  [0m[1;34m7->8  [0m[1;34m8->9  [0m[1;34m9->10  [0m[1;34m10->11  [0m[1;34m11->12  [0m[1;34m12->13  [0m[1;34m13->14  [0m[1;34m14->15  [0m[1;34m15->16  [0m[1;34m16->17  [0m[1;34m17->18  [0m[1;34m18->19  [0m[1;34m
[pthread wrapper] SKIP MASK: 0x0
[0m[1;34m	threadid 47488417502976 -> core 1 - OK[0m[1;34m
[0m[1;34m	threadid 47488419604224 -> core 2 - OK[0m[1;34m
[0m[1;34m	threadid 47488421705472 -> core 3 - OK[0m[1;34m
[0m[1;34m	threadid 47488423806720 -> core 4 - OK[0m[1;34m
[0m[1;34m	threadid 47488425907968 -> core 5 - OK[0m[1;34m
[0m[1;34m	threadid 47488428009216 -> core 6 - OK[0m[1;34m
[0m[1;34m	threadid 47488430110464 -> core 7 - OK[0m[1;34m
[0m[1;34m	threadid 47488432211712 -> core 8 - OK[0m[1;34m
[0m[1;34m	threadid 47488434312960 -> core 9 - OK[0m[1;34m
[0m[1;34m	threadid 47488436414208 -> core 10 - OK[0m[1;34m
[0m[1;34m	threadid 47488438515456 -> core 11 - OK[0m[1;34m
[0m[1;34m	threadid 47488440616704 -> core 12 - OK[0m[1;34m
[0m[1;34m	threadid 47488442717952 -> core 13 - OK[0m[1;34m
[0m[1;34m	threadid 47488444819200 -> core 14 - OK[0m[1;34m
[0m[1;34m	threadid 47488446920448 -> core 15 - OK[0m[1;34m
[0m[1;34m	threadid 47488449021696 -> core 16 - OK[0m[1;34m
[0m[1;34m	threadid 47488451122944 -> core 17 - OK[0m[1;34m
[0m[1;34m	threadid 47488453224192 -> core 18 - OK[0m[1;34m
[0m[1;34m	threadid 47488455325440 -> core 19 - OK[0m[1;34m
[0miterations: 100
Total iterations: 898800400 LUP
FLOP: 11
Total work: 9886804400 FLOP
performance: 1.624228 GLUP/s
Performance in GFLOP/s: 17.866504
size: 9000000
time: 0.553371
[1;34m[pthread wrapper] 
[0m[1;34m[pthread wrapper] MAIN -> 0
[0m[1;34m[pthread wrapper] PIN_MASK: [0m[1;34m0->1  [0m[1;34m1->2  [0m[1;34m2->3  [0m[1;34m3->4  [0m[1;34m4->5  [0m[1;34m5->6  [0m[1;34m6->7  [0m[1;34m7->8  [0m[1;34m8->9  [0m[1;34m9->10  [0m[1;34m10->11  [0m[1;34m11->12  [0m[1;34m12->13  [0m[1;34m13->14  [0m[1;34m14->15  [0m[1;34m15->16  [0m[1;34m16->17  [0m[1;34m17->18  [0m[1;34m18->19  [0m[1;34m
[pthread wrapper] SKIP MASK: 0x0
[0m[1;34m	threadid 47091961624320 -> core 1 - OK[0m[1;34m
[0m[1;34m	threadid 47091963725568 -> core 2 - OK[0m[1;34m
[0m[1;34m	threadid 47091965826816 -> core 3 - OK[0m[1;34m
[0m[1;34m	threadid 47091967928064 -> core 4 - OK[0m[1;34m
[0m[1;34m	threadid 47091970029312 -> core 5 - OK[0m[1;34m
[0m[1;34m	threadid 47091972130560 -> core 6 - OK[0m[1;34m
[0m[1;34m	threadid 47091974231808 -> core 7 - OK[0m[1;34m
[0m[1;34m	threadid 47091976333056 -> core 8 - OK[0m[1;34m
[0m[1;34m	threadid 47091978434304 -> core 9 - OK[0m[1;34m
[0m[1;34m	threadid 47091980535552 -> core 10 - OK[0m[1;34m
[0m[1;34m	threadid 47091982636800 -> core 11 - OK[0m[1;34m
[0m[1;34m	threadid 47091984738048 -> core 12 - OK[0m[1;34m
[0m[1;34m	threadid 47091986839296 -> core 13 - OK[0m[1;34m
[0m[1;34m	threadid 47091988940544 -> core 14 - OK[0m[1;34m
[0m[1;34m	threadid 47091991041792 -> core 15 - OK[0m[1;34m
[0m[1;34m	threadid 47091993143040 -> core 16 - OK[0m[1;34m
[0m[1;34m	threadid 47091995244288 -> core 17 - OK[0m[1;34m
[0m[1;34m	threadid 47091997345536 -> core 18 - OK[0m[1;34m
[0m[1;34m	threadid 47091999446784 -> core 19 - OK[0m[1;34m
[0miterations: 100
Total iterations: 898800400 LUP
FLOP: 11
Total work: 9886804400 FLOP
performance: 1.711079 GLUP/s
Performance in GFLOP/s: 18.821868
size: 9000000
time: 0.525283
[1;34m[pthread wrapper] 
[0m[1;34m[pthread wrapper] MAIN -> 0
[0m[1;34m[pthread wrapper] PIN_MASK: [0m[1;34m0->1  [0m[1;34m1->2  [0m[1;34m2->3  [0m[1;34m3->4  [0m[1;34m4->5  [0m[1;34m5->6  [0m[1;34m6->7  [0m[1;34m7->8  [0m[1;34m8->9  [0m[1;34m9->10  [0m[1;34m10->11  [0m[1;34m11->12  [0m[1;34m12->13  [0m[1;34m13->14  [0m[1;34m14->15  [0m[1;34m15->16  [0m[1;34m16->17  [0m[1;34m17->18  [0m[1;34m18->19  [0m[1;34m
[pthread wrapper] SKIP MASK: 0x0
[0m[1;34m	threadid 47128402589440 -> core 1 - OK[0m[1;34m
[0m[1;34m	threadid 47128404690688 -> core 2 - OK[0m[1;34m
[0m[1;34m	threadid 47128406791936 -> core 3 - OK[0m[1;34m
[0m[1;34m	threadid 47128408893184 -> core 4 - OK[0m[1;34m
[0m[1;34m	threadid 47128410994432 -> core 5 - OK[0m[1;34m
[0m[1;34m	threadid 47128413095680 -> core 6 - OK[0m[1;34m
[0m[1;34m	threadid 47128415196928 -> core 7 - OK[0m[1;34m
[0m[1;34m	threadid 47128417298176 -> core 8 - OK[0m[1;34m
[0m[1;34m	threadid 47128419399424 -> core 9 - OK[0m[1;34m
[0m[1;34m	threadid 47128421500672 -> core 10 - OK[0m[1;34m
[0m[1;34m	threadid 47128423601920 -> core 11 - OK[0m[1;34m
[0m[1;34m	threadid 47128425703168 -> core 12 - OK[0m[1;34m
[0m[1;34m	threadid 47128427804416 -> core 13 - OK[0m[1;34m
[0m[1;34m	threadid 47128429905664 -> core 14 - OK[0m[1;34m
[0m[1;34m	threadid 47128432006912 -> core 15 - OK[0m[1;34m
[0m[1;34m	threadid 47128434108160 -> core 16 - OK[0m[1;34m
[0m[1;34m	threadid 47128436209408 -> core 17 - OK[0m[1;34m
[0m[1;34m	threadid 47128438310656 -> core 18 - OK[0m[1;34m
[0m[1;34m	threadid 47128440411904 -> core 19 - OK[0m[1;34m
[0miterations: 100
Total iterations: 898800400 LUP
FLOP: 11
Total work: 9886804400 FLOP
performance: 1.677380 GLUP/s
Performance in GFLOP/s: 18.451177
size: 9000000
time: 0.535836
[1;34m[pthread wrapper] 
[0m[1;34m[pthread wrapper] MAIN -> 0
[0m[1;34m[pthread wrapper] PIN_MASK: [0m[1;34m0->1  [0m[1;34m1->2  [0m[1;34m2->3  [0m[1;34m3->4  [0m[1;34m4->5  [0m[1;34m5->6  [0m[1;34m6->7  [0m[1;34m7->8  [0m[1;34m8->9  [0m[1;34m9->10  [0m[1;34m10->11  [0m[1;34m11->12  [0m[1;34m12->13  [0m[1;34m13->14  [0m[1;34m14->15  [0m[1;34m15->16  [0m[1;34m16->17  [0m[1;34m17->18  [0m[1;34m18->19  [0m[1;34m
[pthread wrapper] SKIP MASK: 0x0
[0m[1;34m	threadid 47279387617024 -> core 1 - OK[0m[1;34m
[0m[1;34m	threadid 47279389718272 -> core 2 - OK[0m[1;34m
[0m[1;34m	threadid 47279391819520 -> core 3 - OK[0m[1;34m
[0m[1;34m	threadid 47279393920768 -> core 4 - OK[0m[1;34m
[0m[1;34m	threadid 47279396022016 -> core 5 - OK[0m[1;34m
[0m[1;34m	threadid 47279398123264 -> core 6 - OK[0m[1;34m
[0m[1;34m	threadid 47279400224512 -> core 7 - OK[0m[1;34m
[0m[1;34m	threadid 47279402325760 -> core 8 - OK[0m[1;34m
[0m[1;34m	threadid 47279404427008 -> core 9 - OK[0m[1;34m
[0m[1;34m	threadid 47279406528256 -> core 10 - OK[0m[1;34m
[0m[1;34m	threadid 47279408629504 -> core 11 - OK[0m[1;34m
[0m[1;34m	threadid 47279410730752 -> core 12 - OK[0m[1;34m
[0m[1;34m	threadid 47279412832000 -> core 13 - OK[0m[1;34m
[0m[1;34m	threadid 47279414933248 -> core 14 - OK[0m[1;34m
[0m[1;34m	threadid 47279417034496 -> core 15 - OK[0m[1;34m
[0m[1;34m	threadid 47279419135744 -> core 16 - OK[0m[1;34m
[0m[1;34m	threadid 47279421236992 -> core 17 - OK[0m[1;34m
[0m[1;34m	threadid 47279423338240 -> core 18 - OK[0m[1;34m
[0m[1;34m	threadid 47279425439488 -> core 19 - OK[0m[1;34m
[0miterations: 100
Total iterations: 898800400 LUP
FLOP: 11
Total work: 9886804400 FLOP
performance: 1.741882 GLUP/s
Performance in GFLOP/s: 19.160703
size: 9000000
time: 0.515994
