iterations: 120
Total iterations: 1078560480 LUP
FLOP: 11
Total work: 11864165280 FLOP
performance: 3.053639 GLUP/s
Performance in GFLOP/s: 33.590030
size: 9000000
time: 0.353205
iterations: 120
Total iterations: 1078560480 LUP
FLOP: 11
Total work: 11864165280 FLOP
performance: 3.030712 GLUP/s
Performance in GFLOP/s: 33.337833
size: 9000000
time: 0.355877
iterations: 120
Total iterations: 1078560480 LUP
FLOP: 11
Total work: 11864165280 FLOP
performance: 3.133009 GLUP/s
Performance in GFLOP/s: 34.463094
size: 9000000
time: 0.344257
iterations: 120
Total iterations: 1078560480 LUP
FLOP: 11
Total work: 11864165280 FLOP
performance: 3.086434 GLUP/s
Performance in GFLOP/s: 33.950770
size: 9000000
time: 0.349452
iterations: 120
Total iterations: 1078560480 LUP
FLOP: 11
Total work: 11864165280 FLOP
performance: 2.976941 GLUP/s
Performance in GFLOP/s: 32.746354
size: 9000000
time: 0.362305
iterations: 120
Total iterations: 1078560480 LUP
FLOP: 11
Total work: 11864165280 FLOP
performance: 3.464541 GLUP/s
Performance in GFLOP/s: 38.109951
size: 9000000
time: 0.311314
iterations: 120
Total iterations: 1078560480 LUP
FLOP: 11
Total work: 11864165280 FLOP
performance: 3.439925 GLUP/s
Performance in GFLOP/s: 37.839171
size: 9000000
time: 0.313542
iterations: 120
Total iterations: 1078560480 LUP
FLOP: 11
Total work: 11864165280 FLOP
performance: 3.396634 GLUP/s
Performance in GFLOP/s: 37.362975
size: 9000000
time: 0.317538
iterations: 120
Total iterations: 1078560480 LUP
FLOP: 11
Total work: 11864165280 FLOP
performance: 3.391879 GLUP/s
Performance in GFLOP/s: 37.310673
size: 9000000
time: 0.317983
iterations: 120
Total iterations: 1078560480 LUP
FLOP: 11
Total work: 11864165280 FLOP
performance: 3.316494 GLUP/s
Performance in GFLOP/s: 36.481434
size: 9000000
time: 0.325211
