iterations: 120
Total iterations: 1078560480 LUP
FLOP: 11
Total work: 11864165280 FLOP
performance: 3.480181 GLUP/s
Performance in GFLOP/s: 38.281989
size: 9000000
time: 0.309915
iterations: 120
Total iterations: 1078560480 LUP
FLOP: 11
Total work: 11864165280 FLOP
performance: 3.608359 GLUP/s
Performance in GFLOP/s: 39.691949
size: 9000000
time: 0.298906
iterations: 120
Total iterations: 1078560480 LUP
FLOP: 11
Total work: 11864165280 FLOP
performance: 3.610291 GLUP/s
Performance in GFLOP/s: 39.713204
size: 9000000
time: 0.298746
iterations: 120
Total iterations: 1078560480 LUP
FLOP: 11
Total work: 11864165280 FLOP
performance: 3.090997 GLUP/s
Performance in GFLOP/s: 34.000970
size: 9000000
time: 0.348936
iterations: 120
Total iterations: 1078560480 LUP
FLOP: 11
Total work: 11864165280 FLOP
performance: 3.339715 GLUP/s
Performance in GFLOP/s: 36.736862
size: 9000000
time: 0.322950
iterations: 120
Total iterations: 1078560480 LUP
FLOP: 11
Total work: 11864165280 FLOP
performance: 3.115911 GLUP/s
Performance in GFLOP/s: 34.275022
size: 9000000
time: 0.346146
iterations: 120
Total iterations: 1078560480 LUP
FLOP: 11
Total work: 11864165280 FLOP
performance: 3.796640 GLUP/s
Performance in GFLOP/s: 41.763041
size: 9000000
time: 0.284083
iterations: 120
Total iterations: 1078560480 LUP
FLOP: 11
Total work: 11864165280 FLOP
performance: 3.212352 GLUP/s
Performance in GFLOP/s: 35.335870
size: 9000000
time: 0.335754
iterations: 120
Total iterations: 1078560480 LUP
FLOP: 11
Total work: 11864165280 FLOP
performance: 3.874794 GLUP/s
Performance in GFLOP/s: 42.622736
size: 9000000
time: 0.278353
iterations: 120
Total iterations: 1078560480 LUP
FLOP: 11
Total work: 11864165280 FLOP
performance: 3.373443 GLUP/s
Performance in GFLOP/s: 37.107872
size: 9000000
time: 0.319721
