iterations: 120
Total iterations: 1078560480 LUP
FLOP: 11
Total work: 11864165280 FLOP
performance: 0.573164 GLUP/s
Performance in GFLOP/s: 6.304803
size: 9000000
time: 1.881766
[1;34m[likwid-pin] Main PID -> core 0 - OK[0m
iterations: 120
Total iterations: 1078560480 LUP
FLOP: 11
Total work: 11864165280 FLOP
performance: 0.572730 GLUP/s
Performance in GFLOP/s: 6.300026
size: 9000000
time: 1.883193
[1;34m[likwid-pin] Main PID -> core 0 - OK[0m
iterations: 120
Total iterations: 1078560480 LUP
FLOP: 11
Total work: 11864165280 FLOP
performance: 0.572978 GLUP/s
Performance in GFLOP/s: 6.302761
size: 9000000
time: 1.882376
[1;34m[likwid-pin] Main PID -> core 0 - OK[0m
iterations: 120
Total iterations: 1078560480 LUP
FLOP: 11
Total work: 11864165280 FLOP
performance: 0.571433 GLUP/s
Performance in GFLOP/s: 6.285764
size: 9000000
time: 1.887466
[1;34m[likwid-pin] Main PID -> core 0 - OK[0m
iterations: 120
Total iterations: 1078560480 LUP
FLOP: 11
Total work: 11864165280 FLOP
performance: 0.570904 GLUP/s
Performance in GFLOP/s: 6.279944
size: 9000000
time: 1.889215
[1;34m[likwid-pin] Main PID -> core 0 - OK[0m
iterations: 120
Total iterations: 1078560480 LUP
FLOP: 11
Total work: 11864165280 FLOP
performance: 0.572999 GLUP/s
Performance in GFLOP/s: 6.302985
size: 9000000
time: 1.882309
[1;34m[likwid-pin] Main PID -> core 0 - OK[0m
iterations: 120
Total iterations: 1078560480 LUP
FLOP: 11
Total work: 11864165280 FLOP
performance: 0.572683 GLUP/s
Performance in GFLOP/s: 6.299511
size: 9000000
time: 1.883347
[1;34m[likwid-pin] Main PID -> core 0 - OK[0m
iterations: 120
Total iterations: 1078560480 LUP
FLOP: 11
Total work: 11864165280 FLOP
performance: 0.574177 GLUP/s
Performance in GFLOP/s: 6.315947
size: 9000000
time: 1.878446
[1;34m[likwid-pin] Main PID -> core 0 - OK[0m
iterations: 120
Total iterations: 1078560480 LUP
FLOP: 11
Total work: 11864165280 FLOP
performance: 0.572481 GLUP/s
Performance in GFLOP/s: 6.297291
size: 9000000
time: 1.884011
[1;34m[likwid-pin] Main PID -> core 0 - OK[0m
iterations: 120
Total iterations: 1078560480 LUP
FLOP: 11
Total work: 11864165280 FLOP
performance: 0.570828 GLUP/s
Performance in GFLOP/s: 6.279113
size: 9000000
time: 1.889465
[1;34m[likwid-pin] Main PID -> core 0 - OK[0m
