iterations: 200
Total iterations: 49600800 LUP
FLOP: 11
Total work: 545608800 FLOP
performance: 0.717489 GLUP/s
Performance in GFLOP/s: 7.892374
size: 250000
time: 0.069131
[1;34m[likwid-pin] Main PID -> core 0 - OK[0m
iterations: 200
Total iterations: 49600800 LUP
FLOP: 11
Total work: 545608800 FLOP
performance: 0.718123 GLUP/s
Performance in GFLOP/s: 7.899349
size: 250000
time: 0.069070
[1;34m[likwid-pin] Main PID -> core 0 - OK[0m
iterations: 200
Total iterations: 49600800 LUP
FLOP: 11
Total work: 545608800 FLOP
performance: 0.708543 GLUP/s
Performance in GFLOP/s: 7.793968
size: 250000
time: 0.070004
[1;34m[likwid-pin] Main PID -> core 0 - OK[0m
iterations: 200
Total iterations: 49600800 LUP
FLOP: 11
Total work: 545608800 FLOP
performance: 0.710910 GLUP/s
Performance in GFLOP/s: 7.820015
size: 250000
time: 0.069771
[1;34m[likwid-pin] Main PID -> core 0 - OK[0m
iterations: 200
Total iterations: 49600800 LUP
FLOP: 11
Total work: 545608800 FLOP
performance: 0.713157 GLUP/s
Performance in GFLOP/s: 7.844731
size: 250000
time: 0.069551
[1;34m[likwid-pin] Main PID -> core 0 - OK[0m
iterations: 200
Total iterations: 49600800 LUP
FLOP: 11
Total work: 545608800 FLOP
performance: 0.717719 GLUP/s
Performance in GFLOP/s: 7.894906
size: 250000
time: 0.069109
[1;34m[likwid-pin] Main PID -> core 0 - OK[0m
iterations: 200
Total iterations: 49600800 LUP
FLOP: 11
Total work: 545608800 FLOP
performance: 0.713784 GLUP/s
Performance in GFLOP/s: 7.851621
size: 250000
time: 0.069490
[1;34m[likwid-pin] Main PID -> core 0 - OK[0m
iterations: 200
Total iterations: 49600800 LUP
FLOP: 11
Total work: 545608800 FLOP
performance: 0.711489 GLUP/s
Performance in GFLOP/s: 7.826380
size: 250000
time: 0.069714
[1;34m[likwid-pin] Main PID -> core 0 - OK[0m
iterations: 200
Total iterations: 49600800 LUP
FLOP: 11
Total work: 545608800 FLOP
performance: 0.717147 GLUP/s
Performance in GFLOP/s: 7.888620
size: 250000
time: 0.069164
[1;34m[likwid-pin] Main PID -> core 0 - OK[0m
iterations: 200
Total iterations: 49600800 LUP
FLOP: 11
Total work: 545608800 FLOP
performance: 0.714625 GLUP/s
Performance in GFLOP/s: 7.860872
size: 250000
time: 0.069408
[1;34m[likwid-pin] Main PID -> core 0 - OK[0m
