[1;34m[pthread wrapper] 
[0m[1;34m[pthread wrapper] MAIN -> 0
[0m[1;34m[pthread wrapper] PIN_MASK: [0m[1;34m0->1  [0m[1;34m1->2  [0m[1;34m2->3  [0m[1;34m3->4  [0m[1;34m4->5  [0m[1;34m5->6  [0m[1;34m6->7  [0m[1;34m7->8  [0m[1;34m8->9  [0m[1;34m9->10  [0m[1;34m10->11  [0m[1;34m
[pthread wrapper] SKIP MASK: 0x0
[0m[1;34m	threadid 47818585683712 -> core 1 - OK[0m[1;34m
[0m[1;34m	threadid 47818587784960 -> core 2 - OK[0m[1;34m
[0m[1;34m	threadid 47818589886208 -> core 3 - OK[0m[1;34m
[0m[1;34m	threadid 47818591987456 -> core 4 - OK[0m[1;34m
[0m[1;34m	threadid 47818594088704 -> core 5 - OK[0m[1;34m
[0m[1;34m	threadid 47818596189952 -> core 6 - OK[0m[1;34m
[0m[1;34m	threadid 47818598291200 -> core 7 - OK[0m[1;34m
[0m[1;34m	threadid 47818600392448 -> core 8 - OK[0m[1;34m
[0m[1;34m	threadid 47818602493696 -> core 9 - OK[0m[1;34m
[0m[1;34m	threadid 47818604594944 -> core 10 - OK[0m[1;34m
[0m[1;34m	threadid 47818606696192 -> core 11 - OK[0m[1;34m
[0miterations: 120
Total iterations: 1078560480 LUP
FLOP: 11
Total work: 11864165280 FLOP
performance: 2.692706 GLUP/s
Performance in GFLOP/s: 29.619765
size: 9000000
time: 0.400549
[1;34m[pthread wrapper] 
[0m[1;34m[pthread wrapper] MAIN -> 0
[0m[1;34m[pthread wrapper] PIN_MASK: [0m[1;34m0->1  [0m[1;34m1->2  [0m[1;34m2->3  [0m[1;34m3->4  [0m[1;34m4->5  [0m[1;34m5->6  [0m[1;34m6->7  [0m[1;34m7->8  [0m[1;34m8->9  [0m[1;34m9->10  [0m[1;34m10->11  [0m[1;34m
[pthread wrapper] SKIP MASK: 0x0
[0m[1;34m	threadid 47515656845056 -> core 1 - OK[0m[1;34m
[0m[1;34m	threadid 47515658946304 -> core 2 - OK[0m[1;34m
[0m[1;34m	threadid 47515661047552 -> core 3 - OK[0m[1;34m
[0m[1;34m	threadid 47515663148800 -> core 4 - OK[0m[1;34m
[0m[1;34m	threadid 47515665250048 -> core 5 - OK[0m[1;34m
[0m[1;34m	threadid 47515667351296 -> core 6 - OK[0m[1;34m
[0m[1;34m	threadid 47515669452544 -> core 7 - OK[0m[1;34m
[0m[1;34m	threadid 47515671553792 -> core 8 - OK[0m[1;34m
[0m[1;34m	threadid 47515673655040 -> core 9 - OK[0m[1;34m
[0m[1;34m	threadid 47515675756288 -> core 10 - OK[0m[1;34m
[0m[1;34m	threadid 47515677857536 -> core 11 - OK[0m[1;34m
[0miterations: 120
Total iterations: 1078560480 LUP
FLOP: 11
Total work: 11864165280 FLOP
performance: 2.685524 GLUP/s
Performance in GFLOP/s: 29.540762
size: 9000000
time: 0.401620
[1;34m[pthread wrapper] 
[0m[1;34m[pthread wrapper] MAIN -> 0
[0m[1;34m[pthread wrapper] PIN_MASK: [0m[1;34m0->1  [0m[1;34m1->2  [0m[1;34m2->3  [0m[1;34m3->4  [0m[1;34m4->5  [0m[1;34m5->6  [0m[1;34m6->7  [0m[1;34m7->8  [0m[1;34m8->9  [0m[1;34m9->10  [0m[1;34m10->11  [0m[1;34m
[pthread wrapper] SKIP MASK: 0x0
[0m[1;34m	threadid 47755956836096 -> core 1 - OK[0m[1;34m
[0m[1;34m	threadid 47755958937344 -> core 2 - OK[0m[1;34m
[0m[1;34m	threadid 47755961038592 -> core 3 - OK[0m[1;34m
[0m[1;34m	threadid 47755963139840 -> core 4 - OK[0m[1;34m
[0m[1;34m	threadid 47755965241088 -> core 5 - OK[0m[1;34m
[0m[1;34m	threadid 47755967342336 -> core 6 - OK[0m[1;34m
[0m[1;34m	threadid 47755969443584 -> core 7 - OK[0m[1;34m
[0m[1;34m	threadid 47755971544832 -> core 8 - OK[0m[1;34m
[0m[1;34m	threadid 47755973646080 -> core 9 - OK[0m[1;34m
[0m[1;34m	threadid 47755975747328 -> core 10 - OK[0m[1;34m
[0m[1;34m	threadid 47755977848576 -> core 11 - OK[0m[1;34m
[0miterations: 120
Total iterations: 1078560480 LUP
FLOP: 11
Total work: 11864165280 FLOP
performance: 2.680872 GLUP/s
Performance in GFLOP/s: 29.489591
size: 9000000
time: 0.402317
[1;34m[pthread wrapper] 
[0m[1;34m[pthread wrapper] MAIN -> 0
[0m[1;34m[pthread wrapper] PIN_MASK: [0m[1;34m0->1  [0m[1;34m1->2  [0m[1;34m2->3  [0m[1;34m3->4  [0m[1;34m4->5  [0m[1;34m5->6  [0m[1;34m6->7  [0m[1;34m7->8  [0m[1;34m8->9  [0m[1;34m9->10  [0m[1;34m10->11  [0m[1;34m
[pthread wrapper] SKIP MASK: 0x0
[0m[1;34m	threadid 47380920534784 -> core 1 - OK[0m[1;34m
[0m[1;34m	threadid 47380922636032 -> core 2 - OK[0m[1;34m
[0m[1;34m	threadid 47380924737280 -> core 3 - OK[0m[1;34m
[0m[1;34m	threadid 47380926838528 -> core 4 - OK[0m[1;34m
[0m[1;34m	threadid 47380928939776 -> core 5 - OK[0m[1;34m
[0m[1;34m	threadid 47380931041024 -> core 6 - OK[0m[1;34m
[0m[1;34m	threadid 47380933142272 -> core 7 - OK[0m[1;34m
[0m[1;34m	threadid 47380935243520 -> core 8 - OK[0m[1;34m
[0m[1;34m	threadid 47380937344768 -> core 9 - OK[0m[1;34m
[0m[1;34m	threadid 47380939446016 -> core 10 - OK[0m[1;34m
[0m[1;34m	threadid 47380941547264 -> core 11 - OK[0m[1;34m
[0miterations: 120
Total iterations: 1078560480 LUP
FLOP: 11
Total work: 11864165280 FLOP
performance: 2.700418 GLUP/s
Performance in GFLOP/s: 29.704599
size: 9000000
time: 0.399405
[1;34m[pthread wrapper] 
[0m[1;34m[pthread wrapper] MAIN -> 0
[0m[1;34m[pthread wrapper] PIN_MASK: [0m[1;34m0->1  [0m[1;34m1->2  [0m[1;34m2->3  [0m[1;34m3->4  [0m[1;34m4->5  [0m[1;34m5->6  [0m[1;34m6->7  [0m[1;34m7->8  [0m[1;34m8->9  [0m[1;34m9->10  [0m[1;34m10->11  [0m[1;34m
[pthread wrapper] SKIP MASK: 0x0
[0m[1;34m	threadid 47190443235072 -> core 1 - OK[0m[1;34m
[0m[1;34m	threadid 47190445336320 -> core 2 - OK[0m[1;34m
[0m[1;34m	threadid 47190447437568 -> core 3 - OK[0m[1;34m
[0m[1;34m	threadid 47190449538816 -> core 4 - OK[0m[1;34m
[0m[1;34m	threadid 47190451640064 -> core 5 - OK[0m[1;34m
[0m[1;34m	threadid 47190453741312 -> core 6 - OK[0m[1;34m
[0m[1;34m	threadid 47190455842560 -> core 7 - OK[0m[1;34m
[0m[1;34m	threadid 47190457943808 -> core 8 - OK[0m[1;34m
[0m[1;34m	threadid 47190460045056 -> core 9 - OK[0m[1;34m
[0m[1;34m	threadid 47190462146304 -> core 10 - OK[0m[1;34m
[0m[1;34m	threadid 47190464247552 -> core 11 - OK[0m[1;34m
[0miterations: 120
Total iterations: 1078560480 LUP
FLOP: 11
Total work: 11864165280 FLOP
performance: 2.664303 GLUP/s
Performance in GFLOP/s: 29.307332
size: 9000000
time: 0.404819
[1;34m[pthread wrapper] 
[0m[1;34m[pthread wrapper] MAIN -> 0
[0m[1;34m[pthread wrapper] PIN_MASK: [0m[1;34m0->1  [0m[1;34m1->2  [0m[1;34m2->3  [0m[1;34m3->4  [0m[1;34m4->5  [0m[1;34m5->6  [0m[1;34m6->7  [0m[1;34m7->8  [0m[1;34m8->9  [0m[1;34m9->10  [0m[1;34m10->11  [0m[1;34m
[pthread wrapper] SKIP MASK: 0x0
[0m[1;34m	threadid 47242367600384 -> core 1 - OK[0m[1;34m
[0m[1;34m	threadid 47242369701632 -> core 2 - OK[0m[1;34m
[0m[1;34m	threadid 47242371802880 -> core 3 - OK[0m[1;34m
[0m[1;34m	threadid 47242373904128 -> core 4 - OK[0m[1;34m
[0m[1;34m	threadid 47242376005376 -> core 5 - OK[0m[1;34m
[0m[1;34m	threadid 47242378106624 -> core 6 - OK[0m[1;34m
[0m[1;34m	threadid 47242380207872 -> core 7 - OK[0m[1;34m
[0m[1;34m	threadid 47242382309120 -> core 8 - OK[0m[1;34m
[0m[1;34m	threadid 47242384410368 -> core 9 - OK[0m[1;34m
[0m[1;34m	threadid 47242386511616 -> core 10 - OK[0m[1;34m
[0m[1;34m	threadid 47242388612864 -> core 11 - OK[0m[1;34m
[0miterations: 120
Total iterations: 1078560480 LUP
FLOP: 11
Total work: 11864165280 FLOP
performance: 2.665546 GLUP/s
Performance in GFLOP/s: 29.321009
size: 9000000
time: 0.404630
[1;34m[pthread wrapper] 
[0m[1;34m[pthread wrapper] MAIN -> 0
[0m[1;34m[pthread wrapper] PIN_MASK: [0m[1;34m0->1  [0m[1;34m1->2  [0m[1;34m2->3  [0m[1;34m3->4  [0m[1;34m4->5  [0m[1;34m5->6  [0m[1;34m6->7  [0m[1;34m7->8  [0m[1;34m8->9  [0m[1;34m9->10  [0m[1;34m10->11  [0m[1;34m
[pthread wrapper] SKIP MASK: 0x0
[0m[1;34m	threadid 47078638360320 -> core 1 - OK[0m[1;34m
[0m[1;34m	threadid 47078640461568 -> core 2 - OK[0m[1;34m
[0m[1;34m	threadid 47078642562816 -> core 3 - OK[0m[1;34m
[0m[1;34m	threadid 47078644664064 -> core 4 - OK[0m[1;34m
[0m[1;34m	threadid 47078646765312 -> core 5 - OK[0m[1;34m
[0m[1;34m	threadid 47078648866560 -> core 6 - OK[0m[1;34m
[0m[1;34m	threadid 47078650967808 -> core 7 - OK[0m[1;34m
[0m[1;34m	threadid 47078653069056 -> core 8 - OK[0m[1;34m
[0m[1;34m	threadid 47078655170304 -> core 9 - OK[0m[1;34m
[0m[1;34m	threadid 47078657271552 -> core 10 - OK[0m[1;34m
[0m[1;34m	threadid 47078659372800 -> core 11 - OK[0m[1;34m
[0miterations: 120
Total iterations: 1078560480 LUP
FLOP: 11
Total work: 11864165280 FLOP
performance: 2.733016 GLUP/s
Performance in GFLOP/s: 30.063172
size: 9000000
time: 0.394641
[1;34m[pthread wrapper] 
[0m[1;34m[pthread wrapper] MAIN -> 0
[0m[1;34m[pthread wrapper] PIN_MASK: [0m[1;34m0->1  [0m[1;34m1->2  [0m[1;34m2->3  [0m[1;34m3->4  [0m[1;34m4->5  [0m[1;34m5->6  [0m[1;34m6->7  [0m[1;34m7->8  [0m[1;34m8->9  [0m[1;34m9->10  [0m[1;34m10->11  [0m[1;34m
[pthread wrapper] SKIP MASK: 0x0
[0m[1;34m	threadid 47683408357120 -> core 1 - OK[0m[1;34m
[0m[1;34m	threadid 47683410458368 -> core 2 - OK[0m[1;34m
[0m[1;34m	threadid 47683412559616 -> core 3 - OK[0m[1;34m
[0m[1;34m	threadid 47683414660864 -> core 4 - OK[0m[1;34m
[0m[1;34m	threadid 47683416762112 -> core 5 - OK[0m[1;34m
[0m[1;34m	threadid 47683418863360 -> core 6 - OK[0m[1;34m
[0m[1;34m	threadid 47683420964608 -> core 7 - OK[0m[1;34m
[0m[1;34m	threadid 47683423065856 -> core 8 - OK[0m[1;34m
[0m[1;34m	threadid 47683425167104 -> core 9 - OK[0m[1;34m
[0m[1;34m	threadid 47683427268352 -> core 10 - OK[0m[1;34m
[0m[1;34m	threadid 47683429369600 -> core 11 - OK[0m[1;34m
[0miterations: 120
Total iterations: 1078560480 LUP
FLOP: 11
Total work: 11864165280 FLOP
performance: 2.688203 GLUP/s
Performance in GFLOP/s: 29.570235
size: 9000000
time: 0.401220
[1;34m[pthread wrapper] 
[0m[1;34m[pthread wrapper] MAIN -> 0
[0m[1;34m[pthread wrapper] PIN_MASK: [0m[1;34m0->1  [0m[1;34m1->2  [0m[1;34m2->3  [0m[1;34m3->4  [0m[1;34m4->5  [0m[1;34m5->6  [0m[1;34m6->7  [0m[1;34m7->8  [0m[1;34m8->9  [0m[1;34m9->10  [0m[1;34m10->11  [0m[1;34m
[pthread wrapper] SKIP MASK: 0x0
[0m[1;34m	threadid 47438552479488 -> core 1 - OK[0m[1;34m
[0m[1;34m	threadid 47438554580736 -> core 2 - OK[0m[1;34m
[0m[1;34m	threadid 47438556681984 -> core 3 - OK[0m[1;34m
[0m[1;34m	threadid 47438558783232 -> core 4 - OK[0m[1;34m
[0m[1;34m	threadid 47438560884480 -> core 5 - OK[0m[1;34m
[0m[1;34m	threadid 47438562985728 -> core 6 - OK[0m[1;34m
[0m[1;34m	threadid 47438565086976 -> core 7 - OK[0m[1;34m
[0m[1;34m	threadid 47438567188224 -> core 8 - OK[0m[1;34m
[0m[1;34m	threadid 47438569289472 -> core 9 - OK[0m[1;34m
[0m[1;34m	threadid 47438571390720 -> core 10 - OK[0m[1;34m
[0m[1;34m	threadid 47438573491968 -> core 11 - OK[0m[1;34m
[0miterations: 120
Total iterations: 1078560480 LUP
FLOP: 11
Total work: 11864165280 FLOP
performance: 2.687406 GLUP/s
Performance in GFLOP/s: 29.561470
size: 9000000
time: 0.401339
[1;34m[pthread wrapper] 
[0m[1;34m[pthread wrapper] MAIN -> 0
[0m[1;34m[pthread wrapper] PIN_MASK: [0m[1;34m0->1  [0m[1;34m1->2  [0m[1;34m2->3  [0m[1;34m3->4  [0m[1;34m4->5  [0m[1;34m5->6  [0m[1;34m6->7  [0m[1;34m7->8  [0m[1;34m8->9  [0m[1;34m9->10  [0m[1;34m10->11  [0m[1;34m
[pthread wrapper] SKIP MASK: 0x0
[0m[1;34m	threadid 47919236425472 -> core 1 - OK[0m[1;34m
[0m[1;34m	threadid 47919238526720 -> core 2 - OK[0m[1;34m
[0m[1;34m	threadid 47919240627968 -> core 3 - OK[0m[1;34m
[0m[1;34m	threadid 47919242729216 -> core 4 - OK[0m[1;34m
[0m[1;34m	threadid 47919244830464 -> core 5 - OK[0m[1;34m
[0m[1;34m	threadid 47919246931712 -> core 6 - OK[0m[1;34m
[0m[1;34m	threadid 47919249032960 -> core 7 - OK[0m[1;34m
[0m[1;34m	threadid 47919251134208 -> core 8 - OK[0m[1;34m
[0m[1;34m	threadid 47919253235456 -> core 9 - OK[0m[1;34m
[0m[1;34m	threadid 47919255336704 -> core 10 - OK[0m[1;34m
[0m[1;34m	threadid 47919257437952 -> core 11 - OK[0m[1;34m
[0miterations: 120
Total iterations: 1078560480 LUP
FLOP: 11
Total work: 11864165280 FLOP
performance: 2.691656 GLUP/s
Performance in GFLOP/s: 29.608221
size: 9000000
time: 0.400705
