[1;34m[pthread wrapper] 
[0m[1;34m[pthread wrapper] MAIN -> 0
[0m[1;34m[pthread wrapper] PIN_MASK: [0m[1;34m0->1  [0m[1;34m1->10  [0m[1;34m2->11  [0m[1;34m
[pthread wrapper] SKIP MASK: 0x0
[0m[1;34m	threadid 46997140178688 -> core 1 - OK[0m[1;34m
[0m[1;34m	threadid 46997142279936 -> core 10 - OK[0m[1;34m
[0m[1;34m	threadid 46997144381184 -> core 11 - OK[0m[1;34m
[0miterations: 200
Total iterations: 1797600800 LUP
FLOP: 11
Total work: 19773608800 FLOP
performance: 2.123147 GLUP/s
Performance in GFLOP/s: 23.354619
size: 9000000
time: 0.846668
[1;34m[pthread wrapper] 
[0m[1;34m[pthread wrapper] MAIN -> 0
[0m[1;34m[pthread wrapper] PIN_MASK: [0m[1;34m0->1  [0m[1;34m1->10  [0m[1;34m2->11  [0m[1;34m
[pthread wrapper] SKIP MASK: 0x0
[0m[1;34m	threadid 47135318697728 -> core 1 - OK[0m[1;34m
[0m[1;34m	threadid 47135320798976 -> core 10 - OK[0m[1;34m
[0m[1;34m	threadid 47135322900224 -> core 11 - OK[0m[1;34m
[0miterations: 200
Total iterations: 1797600800 LUP
FLOP: 11
Total work: 19773608800 FLOP
performance: 2.147451 GLUP/s
Performance in GFLOP/s: 23.621957
size: 9000000
time: 0.837086
[1;34m[pthread wrapper] 
[0m[1;34m[pthread wrapper] MAIN -> 0
[0m[1;34m[pthread wrapper] PIN_MASK: [0m[1;34m0->1  [0m[1;34m1->10  [0m[1;34m2->11  [0m[1;34m
[pthread wrapper] SKIP MASK: 0x0
[0m[1;34m	threadid 47992228718336 -> core 1 - OK[0m[1;34m
[0m[1;34m	threadid 47992230819584 -> core 10 - OK[0m[1;34m
[0m[1;34m	threadid 47992232920832 -> core 11 - OK[0m[1;34m
[0miterations: 200
Total iterations: 1797600800 LUP
FLOP: 11
Total work: 19773608800 FLOP
performance: 2.155645 GLUP/s
Performance in GFLOP/s: 23.712092
size: 9000000
time: 0.833904
[1;34m[pthread wrapper] 
[0m[1;34m[pthread wrapper] MAIN -> 0
[0m[1;34m[pthread wrapper] PIN_MASK: [0m[1;34m0->1  [0m[1;34m1->10  [0m[1;34m2->11  [0m[1;34m
[pthread wrapper] SKIP MASK: 0x0
[0m[1;34m	threadid 47033143658240 -> core 1 - OK[0m[1;34m
[0m[1;34m	threadid 47033145759488 -> core 10 - OK[0m[1;34m
[0m[1;34m	threadid 47033147860736 -> core 11 - OK[0m[1;34m
[0miterations: 200
Total iterations: 1797600800 LUP
FLOP: 11
Total work: 19773608800 FLOP
performance: 2.138774 GLUP/s
Performance in GFLOP/s: 23.526511
size: 9000000
time: 0.840482
[1;34m[pthread wrapper] 
[0m[1;34m[pthread wrapper] MAIN -> 0
[0m[1;34m[pthread wrapper] PIN_MASK: [0m[1;34m0->1  [0m[1;34m1->10  [0m[1;34m2->11  [0m[1;34m
[pthread wrapper] SKIP MASK: 0x0
[0m[1;34m	threadid 47577030833920 -> core 1 - OK[0m[1;34m
[0m[1;34m	threadid 47577032935168 -> core 10 - OK[0m[1;34m
[0m[1;34m	threadid 47577035036416 -> core 11 - OK[0m[1;34m
[0miterations: 200
Total iterations: 1797600800 LUP
FLOP: 11
Total work: 19773608800 FLOP
performance: 2.148924 GLUP/s
Performance in GFLOP/s: 23.638163
size: 9000000
time: 0.836512
[1;34m[pthread wrapper] 
[0m[1;34m[pthread wrapper] MAIN -> 0
[0m[1;34m[pthread wrapper] PIN_MASK: [0m[1;34m0->1  [0m[1;34m1->10  [0m[1;34m2->11  [0m[1;34m
[pthread wrapper] SKIP MASK: 0x0
[0m[1;34m	threadid 47925376517888 -> core 1 - OK[0m[1;34m
[0m[1;34m	threadid 47925378619136 -> core 10 - OK[0m[1;34m
[0m[1;34m	threadid 47925380720384 -> core 11 - OK[0m[1;34m
[0miterations: 200
Total iterations: 1797600800 LUP
FLOP: 11
Total work: 19773608800 FLOP
performance: 2.140684 GLUP/s
Performance in GFLOP/s: 23.547525
size: 9000000
time: 0.839732
[1;34m[pthread wrapper] 
[0m[1;34m[pthread wrapper] MAIN -> 0
[0m[1;34m[pthread wrapper] PIN_MASK: [0m[1;34m0->1  [0m[1;34m1->10  [0m[1;34m2->11  [0m[1;34m
[pthread wrapper] SKIP MASK: 0x0
[0m[1;34m	threadid 47641317906176 -> core 1 - OK[0m[1;34m
[0m[1;34m	threadid 47641320007424 -> core 10 - OK[0m[1;34m
[0m[1;34m	threadid 47641322108672 -> core 11 - OK[0m[1;34m
[0miterations: 200
Total iterations: 1797600800 LUP
FLOP: 11
Total work: 19773608800 FLOP
performance: 2.126120 GLUP/s
Performance in GFLOP/s: 23.387324
size: 9000000
time: 0.845484
[1;34m[pthread wrapper] 
[0m[1;34m[pthread wrapper] MAIN -> 0
[0m[1;34m[pthread wrapper] PIN_MASK: [0m[1;34m0->1  [0m[1;34m1->10  [0m[1;34m2->11  [0m[1;34m
[pthread wrapper] SKIP MASK: 0x0
[0m[1;34m	threadid 47189414012672 -> core 1 - OK[0m[1;34m
[0m[1;34m	threadid 47189416113920 -> core 10 - OK[0m[1;34m
[0m[1;34m	threadid 47189418215168 -> core 11 - OK[0m[1;34m
[0miterations: 200
Total iterations: 1797600800 LUP
FLOP: 11
Total work: 19773608800 FLOP
performance: 2.127691 GLUP/s
Performance in GFLOP/s: 23.404603
size: 9000000
time: 0.844860
[1;34m[pthread wrapper] 
[0m[1;34m[pthread wrapper] MAIN -> 0
[0m[1;34m[pthread wrapper] PIN_MASK: [0m[1;34m0->1  [0m[1;34m1->10  [0m[1;34m2->11  [0m[1;34m
[pthread wrapper] SKIP MASK: 0x0
[0m[1;34m	threadid 46990872020736 -> core 1 - OK[0m[1;34m
[0m[1;34m	threadid 46990874121984 -> core 10 - OK[0m[1;34m
[0m[1;34m	threadid 46990876223232 -> core 11 - OK[0m[1;34m
[0miterations: 200
Total iterations: 1797600800 LUP
FLOP: 11
Total work: 19773608800 FLOP
performance: 2.142342 GLUP/s
Performance in GFLOP/s: 23.565764
size: 9000000
time: 0.839082
[1;34m[pthread wrapper] 
[0m[1;34m[pthread wrapper] MAIN -> 0
[0m[1;34m[pthread wrapper] PIN_MASK: [0m[1;34m0->1  [0m[1;34m1->10  [0m[1;34m2->11  [0m[1;34m
[pthread wrapper] SKIP MASK: 0x0
[0m[1;34m	threadid 47287486076672 -> core 1 - OK[0m[1;34m
[0m[1;34m	threadid 47287488177920 -> core 10 - OK[0m[1;34m
[0m[1;34m	threadid 47287490279168 -> core 11 - OK[0m[1;34m
[0miterations: 200
Total iterations: 1797600800 LUP
FLOP: 11
Total work: 19773608800 FLOP
performance: 2.162257 GLUP/s
Performance in GFLOP/s: 23.784827
size: 9000000
time: 0.831354
