iterations: 120
Total iterations: 1078560480 LUP
FLOP: 11
Total work: 11864165280 FLOP
performance: 0.576740 GLUP/s
Performance in GFLOP/s: 6.344144
size: 9000000
time: 1.870097
[1;34m[likwid-pin] Main PID -> core 0 - OK[0m
iterations: 120
Total iterations: 1078560480 LUP
FLOP: 11
Total work: 11864165280 FLOP
performance: 0.576133 GLUP/s
Performance in GFLOP/s: 6.337468
size: 9000000
time: 1.872067
[1;34m[likwid-pin] Main PID -> core 0 - OK[0m
iterations: 120
Total iterations: 1078560480 LUP
FLOP: 11
Total work: 11864165280 FLOP
performance: 0.577794 GLUP/s
Performance in GFLOP/s: 6.355733
size: 9000000
time: 1.866687
[1;34m[likwid-pin] Main PID -> core 0 - OK[0m
iterations: 120
Total iterations: 1078560480 LUP
FLOP: 11
Total work: 11864165280 FLOP
performance: 0.578027 GLUP/s
Performance in GFLOP/s: 6.358302
size: 9000000
time: 1.865933
[1;34m[likwid-pin] Main PID -> core 0 - OK[0m
iterations: 120
Total iterations: 1078560480 LUP
FLOP: 11
Total work: 11864165280 FLOP
performance: 0.578487 GLUP/s
Performance in GFLOP/s: 6.363359
size: 9000000
time: 1.864450
[1;34m[likwid-pin] Main PID -> core 0 - OK[0m
iterations: 120
Total iterations: 1078560480 LUP
FLOP: 11
Total work: 11864165280 FLOP
performance: 0.577819 GLUP/s
Performance in GFLOP/s: 6.356005
size: 9000000
time: 1.866607
[1;34m[likwid-pin] Main PID -> core 0 - OK[0m
iterations: 120
Total iterations: 1078560480 LUP
FLOP: 11
Total work: 11864165280 FLOP
performance: 0.577550 GLUP/s
Performance in GFLOP/s: 6.353052
size: 9000000
time: 1.867475
[1;34m[likwid-pin] Main PID -> core 0 - OK[0m
iterations: 120
Total iterations: 1078560480 LUP
FLOP: 11
Total work: 11864165280 FLOP
performance: 0.577796 GLUP/s
Performance in GFLOP/s: 6.355761
size: 9000000
time: 1.866679
[1;34m[likwid-pin] Main PID -> core 0 - OK[0m
iterations: 120
Total iterations: 1078560480 LUP
FLOP: 11
Total work: 11864165280 FLOP
performance: 0.577218 GLUP/s
Performance in GFLOP/s: 6.349397
size: 9000000
time: 1.868550
[1;34m[likwid-pin] Main PID -> core 0 - OK[0m
iterations: 120
Total iterations: 1078560480 LUP
FLOP: 11
Total work: 11864165280 FLOP
performance: 0.578167 GLUP/s
Performance in GFLOP/s: 6.359839
size: 9000000
time: 1.865482
[1;34m[likwid-pin] Main PID -> core 0 - OK[0m
