[1;34m[pthread wrapper] 
[0m[1;34m[pthread wrapper] MAIN -> 0
[0m[1;34m[pthread wrapper] PIN_MASK: [0m[1;34m0->1  [0m[1;34m1->2  [0m[1;34m2->3  [0m[1;34m
[pthread wrapper] SKIP MASK: 0x0
[0m[1;34m	threadid 47167660422912 -> core 1 - OK[0m[1;34m
[0m[1;34m	threadid 47167662524160 -> core 2 - OK[0m[1;34m
[0m[1;34m	threadid 47167664625408 -> core 3 - OK[0m[1;34m
[0miterations: 120
Total iterations: 1078560480 LUP
FLOP: 11
Total work: 11864165280 FLOP
performance: 1.610128 GLUP/s
Performance in GFLOP/s: 17.711407
size: 9000000
time: 0.669860
[1;34m[pthread wrapper] 
[0m[1;34m[pthread wrapper] MAIN -> 0
[0m[1;34m[pthread wrapper] PIN_MASK: [0m[1;34m0->1  [0m[1;34m1->2  [0m[1;34m2->3  [0m[1;34m
[pthread wrapper] SKIP MASK: 0x0
[0m[1;34m	threadid 47501548091136 -> core 1 - OK[0m[1;34m
[0m[1;34m	threadid 47501550192384 -> core 2 - OK[0m[1;34m
[0m[1;34m	threadid 47501552293632 -> core 3 - OK[0m[1;34m
[0miterations: 120
Total iterations: 1078560480 LUP
FLOP: 11
Total work: 11864165280 FLOP
performance: 1.615678 GLUP/s
Performance in GFLOP/s: 17.772456
size: 9000000
time: 0.667559
[1;34m[pthread wrapper] 
[0m[1;34m[pthread wrapper] MAIN -> 0
[0m[1;34m[pthread wrapper] PIN_MASK: [0m[1;34m0->1  [0m[1;34m1->2  [0m[1;34m2->3  [0m[1;34m
[pthread wrapper] SKIP MASK: 0x0
[0m[1;34m	threadid 46992567293696 -> core 1 - OK[0m[1;34m
[0m[1;34m	threadid 46992569394944 -> core 2 - OK[0m[1;34m
[0m[1;34m	threadid 46992571496192 -> core 3 - OK[0m[1;34m
[0miterations: 120
Total iterations: 1078560480 LUP
FLOP: 11
Total work: 11864165280 FLOP
performance: 1.616685 GLUP/s
Performance in GFLOP/s: 17.783539
size: 9000000
time: 0.667143
[1;34m[pthread wrapper] 
[0m[1;34m[pthread wrapper] MAIN -> 0
[0m[1;34m[pthread wrapper] PIN_MASK: [0m[1;34m0->1  [0m[1;34m1->2  [0m[1;34m2->3  [0m[1;34m
[pthread wrapper] SKIP MASK: 0x0
[0m[1;34m	threadid 47399464544000 -> core 1 - OK[0m[1;34m
[0m[1;34m	threadid 47399466645248 -> core 2 - OK[0m[1;34m
[0m[1;34m	threadid 47399468746496 -> core 3 - OK[0m[1;34m
[0miterations: 120
Total iterations: 1078560480 LUP
FLOP: 11
Total work: 11864165280 FLOP
performance: 1.613824 GLUP/s
Performance in GFLOP/s: 17.752059
size: 9000000
time: 0.668326
[1;34m[pthread wrapper] 
[0m[1;34m[pthread wrapper] MAIN -> 0
[0m[1;34m[pthread wrapper] PIN_MASK: [0m[1;34m0->1  [0m[1;34m1->2  [0m[1;34m2->3  [0m[1;34m
[pthread wrapper] SKIP MASK: 0x0
[0m[1;34m	threadid 47306374895360 -> core 1 - OK[0m[1;34m
[0m[1;34m	threadid 47306376996608 -> core 2 - OK[0m[1;34m
[0m[1;34m	threadid 47306379097856 -> core 3 - OK[0m[1;34m
[0miterations: 120
Total iterations: 1078560480 LUP
FLOP: 11
Total work: 11864165280 FLOP
performance: 1.614565 GLUP/s
Performance in GFLOP/s: 17.760220
size: 9000000
time: 0.668019
[1;34m[pthread wrapper] 
[0m[1;34m[pthread wrapper] MAIN -> 0
[0m[1;34m[pthread wrapper] PIN_MASK: [0m[1;34m0->1  [0m[1;34m1->2  [0m[1;34m2->3  [0m[1;34m
[pthread wrapper] SKIP MASK: 0x0
[0m[1;34m	threadid 47415658997504 -> core 1 - OK[0m[1;34m
[0m[1;34m	threadid 47415661098752 -> core 2 - OK[0m[1;34m
[0m[1;34m	threadid 47415663200000 -> core 3 - OK[0m[1;34m
[0miterations: 120
Total iterations: 1078560480 LUP
FLOP: 11
Total work: 11864165280 FLOP
performance: 1.608363 GLUP/s
Performance in GFLOP/s: 17.691993
size: 9000000
time: 0.670595
[1;34m[pthread wrapper] 
[0m[1;34m[pthread wrapper] MAIN -> 0
[0m[1;34m[pthread wrapper] PIN_MASK: [0m[1;34m0->1  [0m[1;34m1->2  [0m[1;34m2->3  [0m[1;34m
[pthread wrapper] SKIP MASK: 0x0
[0m[1;34m	threadid 47259610494720 -> core 1 - OK[0m[1;34m
[0m[1;34m	threadid 47259612595968 -> core 2 - OK[0m[1;34m
[0m[1;34m	threadid 47259614697216 -> core 3 - OK[0m[1;34m
[0miterations: 120
Total iterations: 1078560480 LUP
FLOP: 11
Total work: 11864165280 FLOP
performance: 1.614986 GLUP/s
Performance in GFLOP/s: 17.764848
size: 9000000
time: 0.667845
[1;34m[pthread wrapper] 
[0m[1;34m[pthread wrapper] MAIN -> 0
[0m[1;34m[pthread wrapper] PIN_MASK: [0m[1;34m0->1  [0m[1;34m1->2  [0m[1;34m2->3  [0m[1;34m
[pthread wrapper] SKIP MASK: 0x0
[0m[1;34m	threadid 47110565611264 -> core 1 - OK[0m[1;34m
[0m[1;34m	threadid 47110567712512 -> core 2 - OK[0m[1;34m
[0m[1;34m	threadid 47110569813760 -> core 3 - OK[0m[1;34m
[0miterations: 120
Total iterations: 1078560480 LUP
FLOP: 11
Total work: 11864165280 FLOP
performance: 1.611073 GLUP/s
Performance in GFLOP/s: 17.721808
size: 9000000
time: 0.669467
[1;34m[pthread wrapper] 
[0m[1;34m[pthread wrapper] MAIN -> 0
[0m[1;34m[pthread wrapper] PIN_MASK: [0m[1;34m0->1  [0m[1;34m1->2  [0m[1;34m2->3  [0m[1;34m
[pthread wrapper] SKIP MASK: 0x0
[0m[1;34m	threadid 47376493004544 -> core 1 - OK[0m[1;34m
[0m[1;34m	threadid 47376495105792 -> core 2 - OK[0m[1;34m
[0m[1;34m	threadid 47376497207040 -> core 3 - OK[0m[1;34m
[0miterations: 120
Total iterations: 1078560480 LUP
FLOP: 11
Total work: 11864165280 FLOP
performance: 1.602566 GLUP/s
Performance in GFLOP/s: 17.628229
size: 9000000
time: 0.673021
[1;34m[pthread wrapper] 
[0m[1;34m[pthread wrapper] MAIN -> 0
[0m[1;34m[pthread wrapper] PIN_MASK: [0m[1;34m0->1  [0m[1;34m1->2  [0m[1;34m2->3  [0m[1;34m
[pthread wrapper] SKIP MASK: 0x0
[0m[1;34m	threadid 47839903241984 -> core 1 - OK[0m[1;34m
[0m[1;34m	threadid 47839905343232 -> core 2 - OK[0m[1;34m
[0m[1;34m	threadid 47839907444480 -> core 3 - OK[0m[1;34m
[0miterations: 120
Total iterations: 1078560480 LUP
FLOP: 11
Total work: 11864165280 FLOP
performance: 1.608704 GLUP/s
Performance in GFLOP/s: 17.695749
size: 9000000
time: 0.670453
