[1;34m[pthread wrapper] 
[0m[1;34m[pthread wrapper] MAIN -> 0
[0m[1;34m[pthread wrapper] PIN_MASK: [0m[1;34m0->1  [0m[1;34m1->10  [0m[1;34m2->11  [0m[1;34m
[pthread wrapper] SKIP MASK: 0x0
[0m[1;34m	threadid 47284122208000 -> core 1 - OK[0m[1;34m
[0m[1;34m	threadid 47284124309248 -> core 10 - OK[0m[1;34m
[0m[1;34m	threadid 47284126410496 -> core 11 - OK[0m[1;34m
[0miterations: 120
Total iterations: 1078560480 LUP
FLOP: 11
Total work: 11864165280 FLOP
performance: 1.052943 GLUP/s
Performance in GFLOP/s: 11.582376
size: 9000000
time: 1.024329
[1;34m[pthread wrapper] 
[0m[1;34m[pthread wrapper] MAIN -> 0
[0m[1;34m[pthread wrapper] PIN_MASK: [0m[1;34m0->1  [0m[1;34m1->10  [0m[1;34m2->11  [0m[1;34m
[pthread wrapper] SKIP MASK: 0x0
[0m[1;34m	threadid 47989570516736 -> core 1 - OK[0m[1;34m
[0m[1;34m	threadid 47989572617984 -> core 10 - OK[0m[1;34m
[0m[1;34m	threadid 47989574719232 -> core 11 - OK[0m[1;34m
[0miterations: 120
Total iterations: 1078560480 LUP
FLOP: 11
Total work: 11864165280 FLOP
performance: 1.083376 GLUP/s
Performance in GFLOP/s: 11.917138
size: 9000000
time: 0.995555
[1;34m[pthread wrapper] 
[0m[1;34m[pthread wrapper] MAIN -> 0
[0m[1;34m[pthread wrapper] PIN_MASK: [0m[1;34m0->1  [0m[1;34m1->10  [0m[1;34m2->11  [0m[1;34m
[pthread wrapper] SKIP MASK: 0x0
[0m[1;34m	threadid 47326540039936 -> core 1 - OK[0m[1;34m
[0m[1;34m	threadid 47326542141184 -> core 10 - OK[0m[1;34m
[0m[1;34m	threadid 47326544242432 -> core 11 - OK[0m[1;34m
[0miterations: 120
Total iterations: 1078560480 LUP
FLOP: 11
Total work: 11864165280 FLOP
performance: 1.023337 GLUP/s
Performance in GFLOP/s: 11.256709
size: 9000000
time: 1.053964
[1;34m[pthread wrapper] 
[0m[1;34m[pthread wrapper] MAIN -> 0
[0m[1;34m[pthread wrapper] PIN_MASK: [0m[1;34m0->1  [0m[1;34m1->10  [0m[1;34m2->11  [0m[1;34m
[pthread wrapper] SKIP MASK: 0x0
[0m[1;34m	threadid 47732822882048 -> core 1 - OK[0m[1;34m
[0m[1;34m	threadid 47732824983296 -> core 10 - OK[0m[1;34m
[0m[1;34m	threadid 47732827084544 -> core 11 - OK[0m[1;34m
[0miterations: 120
Total iterations: 1078560480 LUP
FLOP: 11
Total work: 11864165280 FLOP
performance: 1.056309 GLUP/s
Performance in GFLOP/s: 11.619403
size: 9000000
time: 1.021065
[1;34m[pthread wrapper] 
[0m[1;34m[pthread wrapper] MAIN -> 0
[0m[1;34m[pthread wrapper] PIN_MASK: [0m[1;34m0->1  [0m[1;34m1->10  [0m[1;34m2->11  [0m[1;34m
[pthread wrapper] SKIP MASK: 0x0
[0m[1;34m	threadid 47571886733056 -> core 1 - OK[0m[1;34m
[0m[1;34m	threadid 47571888834304 -> core 10 - OK[0m[1;34m
[0m[1;34m	threadid 47571890935552 -> core 11 - OK[0m[1;34m
[0miterations: 120
Total iterations: 1078560480 LUP
FLOP: 11
Total work: 11864165280 FLOP
performance: 1.066608 GLUP/s
Performance in GFLOP/s: 11.732687
size: 9000000
time: 1.011206
[1;34m[pthread wrapper] 
[0m[1;34m[pthread wrapper] MAIN -> 0
[0m[1;34m[pthread wrapper] PIN_MASK: [0m[1;34m0->1  [0m[1;34m1->10  [0m[1;34m2->11  [0m[1;34m
[pthread wrapper] SKIP MASK: 0x0
[0m[1;34m	threadid 47409029580544 -> core 1 - OK[0m[1;34m
[0m[1;34m	threadid 47409031681792 -> core 10 - OK[0m[1;34m
[0m[1;34m	threadid 47409033783040 -> core 11 - OK[0m[1;34m
[0miterations: 120
Total iterations: 1078560480 LUP
FLOP: 11
Total work: 11864165280 FLOP
performance: 1.060369 GLUP/s
Performance in GFLOP/s: 11.664055
size: 9000000
time: 1.017156
[1;34m[pthread wrapper] 
[0m[1;34m[pthread wrapper] MAIN -> 0
[0m[1;34m[pthread wrapper] PIN_MASK: [0m[1;34m0->1  [0m[1;34m1->10  [0m[1;34m2->11  [0m[1;34m
[pthread wrapper] SKIP MASK: 0x0
[0m[1;34m	threadid 46988975867648 -> core 1 - OK[0m[1;34m
[0m[1;34m	threadid 46988977968896 -> core 10 - OK[0m[1;34m
[0m[1;34m	threadid 46988980070144 -> core 11 - OK[0m[1;34m
[0miterations: 120
Total iterations: 1078560480 LUP
FLOP: 11
Total work: 11864165280 FLOP
performance: 1.062615 GLUP/s
Performance in GFLOP/s: 11.688763
size: 9000000
time: 1.015006
[1;34m[pthread wrapper] 
[0m[1;34m[pthread wrapper] MAIN -> 0
[0m[1;34m[pthread wrapper] PIN_MASK: [0m[1;34m0->1  [0m[1;34m1->10  [0m[1;34m2->11  [0m[1;34m
[pthread wrapper] SKIP MASK: 0x0
[0m[1;34m	threadid 47040528684800 -> core 1 - OK[0m[1;34m
[0m[1;34m	threadid 47040530786048 -> core 10 - OK[0m[1;34m
[0m[1;34m	threadid 47040532887296 -> core 11 - OK[0m[1;34m
[0miterations: 120
Total iterations: 1078560480 LUP
FLOP: 11
Total work: 11864165280 FLOP
performance: 1.034268 GLUP/s
Performance in GFLOP/s: 11.376948
size: 9000000
time: 1.042825
[1;34m[pthread wrapper] 
[0m[1;34m[pthread wrapper] MAIN -> 0
[0m[1;34m[pthread wrapper] PIN_MASK: [0m[1;34m0->1  [0m[1;34m1->10  [0m[1;34m2->11  [0m[1;34m
[pthread wrapper] SKIP MASK: 0x0
[0m[1;34m	threadid 47337606416128 -> core 1 - OK[0m[1;34m
[0m[1;34m	threadid 47337608517376 -> core 10 - OK[0m[1;34m
[0m[1;34m	threadid 47337610618624 -> core 11 - OK[0m[1;34m
[0miterations: 120
Total iterations: 1078560480 LUP
FLOP: 11
Total work: 11864165280 FLOP
performance: 1.082568 GLUP/s
Performance in GFLOP/s: 11.908249
size: 9000000
time: 0.996298
[1;34m[pthread wrapper] 
[0m[1;34m[pthread wrapper] MAIN -> 0
[0m[1;34m[pthread wrapper] PIN_MASK: [0m[1;34m0->1  [0m[1;34m1->10  [0m[1;34m2->11  [0m[1;34m
[pthread wrapper] SKIP MASK: 0x0
[0m[1;34m	threadid 47344598226688 -> core 1 - OK[0m[1;34m
[0m[1;34m	threadid 47344600327936 -> core 10 - OK[0m[1;34m
[0m[1;34m	threadid 47344602429184 -> core 11 - OK[0m[1;34m
[0miterations: 120
Total iterations: 1078560480 LUP
FLOP: 11
Total work: 11864165280 FLOP
performance: 1.063372 GLUP/s
Performance in GFLOP/s: 11.697096
size: 9000000
time: 1.014283
