[1;34m[pthread wrapper] 
[0m[1;34m[pthread wrapper] MAIN -> 0
[0m[1;34m[pthread wrapper] PIN_MASK: [0m[1;34m0->1  [0m[1;34m1->2  [0m[1;34m2->3  [0m[1;34m3->4  [0m[1;34m4->5  [0m[1;34m5->6  [0m[1;34m6->7  [0m[1;34m7->8  [0m[1;34m8->9  [0m[1;34m
[pthread wrapper] SKIP MASK: 0x0
[0m[1;34m	threadid 48011199928064 -> core 1 - OK[0m[1;34m
[0m[1;34m	threadid 48011202029312 -> core 2 - OK[0m[1;34m
[0m[1;34m	threadid 48011204130560 -> core 3 - OK[0m[1;34m
[0m[1;34m	threadid 48011206231808 -> core 4 - OK[0m[1;34m
[0m[1;34m	threadid 48011208333056 -> core 5 - OK[0m[1;34m
[0m[1;34m	threadid 48011210434304 -> core 6 - OK[0m[1;34m
[0m[1;34m	threadid 48011212535552 -> core 7 - OK[0m[1;34m
[0m[1;34m	threadid 48011214636800 -> core 8 - OK[0m[1;34m
[0m[1;34m	threadid 48011216738048 -> core 9 - OK[0m[1;34m
[0miterations: 100
Total iterations: 898800400 LUP
FLOP: 11
Total work: 9886804400 FLOP
performance: 2.177178 GLUP/s
Performance in GFLOP/s: 23.948956
size: 9000000
time: 0.412828
[1;34m[pthread wrapper] 
[0m[1;34m[pthread wrapper] MAIN -> 0
[0m[1;34m[pthread wrapper] PIN_MASK: [0m[1;34m0->1  [0m[1;34m1->2  [0m[1;34m2->3  [0m[1;34m3->4  [0m[1;34m4->5  [0m[1;34m5->6  [0m[1;34m6->7  [0m[1;34m7->8  [0m[1;34m8->9  [0m[1;34m
[pthread wrapper] SKIP MASK: 0x0
[0m[1;34m	threadid 47107268282112 -> core 1 - OK[0m[1;34m
[0m[1;34m	threadid 47107270383360 -> core 2 - OK[0m[1;34m
[0m[1;34m	threadid 47107272484608 -> core 3 - OK[0m[1;34m
[0m[1;34m	threadid 47107274585856 -> core 4 - OK[0m[1;34m
[0m[1;34m	threadid 47107276687104 -> core 5 - OK[0m[1;34m
[0m[1;34m	threadid 47107278788352 -> core 6 - OK[0m[1;34m
[0m[1;34m	threadid 47107280889600 -> core 7 - OK[0m[1;34m
[0m[1;34m	threadid 47107282990848 -> core 8 - OK[0m[1;34m
[0m[1;34m	threadid 47107285092096 -> core 9 - OK[0m[1;34m
[0miterations: 100
Total iterations: 898800400 LUP
FLOP: 11
Total work: 9886804400 FLOP
performance: 2.138469 GLUP/s
Performance in GFLOP/s: 23.523154
size: 9000000
time: 0.420301
[1;34m[pthread wrapper] 
[0m[1;34m[pthread wrapper] MAIN -> 0
[0m[1;34m[pthread wrapper] PIN_MASK: [0m[1;34m0->1  [0m[1;34m1->2  [0m[1;34m2->3  [0m[1;34m3->4  [0m[1;34m4->5  [0m[1;34m5->6  [0m[1;34m6->7  [0m[1;34m7->8  [0m[1;34m8->9  [0m[1;34m
[pthread wrapper] SKIP MASK: 0x0
[0m[1;34m	threadid 47283557738240 -> core 1 - OK[0m[1;34m
[0m[1;34m	threadid 47283559839488 -> core 2 - OK[0m[1;34m
[0m[1;34m	threadid 47283561940736 -> core 3 - OK[0m[1;34m
[0m[1;34m	threadid 47283564041984 -> core 4 - OK[0m[1;34m
[0m[1;34m	threadid 47283566143232 -> core 5 - OK[0m[1;34m
[0m[1;34m	threadid 47283568244480 -> core 6 - OK[0m[1;34m
[0m[1;34m	threadid 47283570345728 -> core 7 - OK[0m[1;34m
[0m[1;34m	threadid 47283572446976 -> core 8 - OK[0m[1;34m
[0m[1;34m	threadid 47283574548224 -> core 9 - OK[0m[1;34m
[0miterations: 100
Total iterations: 898800400 LUP
FLOP: 11
Total work: 9886804400 FLOP
performance: 2.152887 GLUP/s
Performance in GFLOP/s: 23.681752
size: 9000000
time: 0.417486
[1;34m[pthread wrapper] 
[0m[1;34m[pthread wrapper] MAIN -> 0
[0m[1;34m[pthread wrapper] PIN_MASK: [0m[1;34m0->1  [0m[1;34m1->2  [0m[1;34m2->3  [0m[1;34m3->4  [0m[1;34m4->5  [0m[1;34m5->6  [0m[1;34m6->7  [0m[1;34m7->8  [0m[1;34m8->9  [0m[1;34m
[pthread wrapper] SKIP MASK: 0x0
[0m[1;34m	threadid 47965859899136 -> core 1 - OK[0m[1;34m
[0m[1;34m	threadid 47965862000384 -> core 2 - OK[0m[1;34m
[0m[1;34m	threadid 47965864101632 -> core 3 - OK[0m[1;34m
[0m[1;34m	threadid 47965866202880 -> core 4 - OK[0m[1;34m
[0m[1;34m	threadid 47965868304128 -> core 5 - OK[0m[1;34m
[0m[1;34m	threadid 47965870405376 -> core 6 - OK[0m[1;34m
[0m[1;34m	threadid 47965872506624 -> core 7 - OK[0m[1;34m
[0m[1;34m	threadid 47965874607872 -> core 8 - OK[0m[1;34m
[0m[1;34m	threadid 47965876709120 -> core 9 - OK[0m[1;34m
[0miterations: 100
Total iterations: 898800400 LUP
FLOP: 11
Total work: 9886804400 FLOP
performance: 2.139527 GLUP/s
Performance in GFLOP/s: 23.534796
size: 9000000
time: 0.420093
[1;34m[pthread wrapper] 
[0m[1;34m[pthread wrapper] MAIN -> 0
[0m[1;34m[pthread wrapper] PIN_MASK: [0m[1;34m0->1  [0m[1;34m1->2  [0m[1;34m2->3  [0m[1;34m3->4  [0m[1;34m4->5  [0m[1;34m5->6  [0m[1;34m6->7  [0m[1;34m7->8  [0m[1;34m8->9  [0m[1;34m
[pthread wrapper] SKIP MASK: 0x0
[0m[1;34m	threadid 47118920238848 -> core 1 - OK[0m[1;34m
[0m[1;34m	threadid 47118922340096 -> core 2 - OK[0m[1;34m
[0m[1;34m	threadid 47118924441344 -> core 3 - OK[0m[1;34m
[0m[1;34m	threadid 47118926542592 -> core 4 - OK[0m[1;34m
[0m[1;34m	threadid 47118928643840 -> core 5 - OK[0m[1;34m
[0m[1;34m	threadid 47118930745088 -> core 6 - OK[0m[1;34m
[0m[1;34m	threadid 47118932846336 -> core 7 - OK[0m[1;34m
[0m[1;34m	threadid 47118934947584 -> core 8 - OK[0m[1;34m
[0m[1;34m	threadid 47118937048832 -> core 9 - OK[0m[1;34m
[0miterations: 100
Total iterations: 898800400 LUP
FLOP: 11
Total work: 9886804400 FLOP
performance: 2.154989 GLUP/s
Performance in GFLOP/s: 23.704874
size: 9000000
time: 0.417079
