[1;34m[pthread wrapper] 
[0m[1;34m[pthread wrapper] MAIN -> 0
[0m[1;34m[pthread wrapper] PIN_MASK: [0m[1;34m0->1  [0m[1;34m1->2  [0m[1;34m2->3  [0m[1;34m3->4  [0m[1;34m4->5  [0m[1;34m5->6  [0m[1;34m6->7  [0m[1;34m7->8  [0m[1;34m8->9  [0m[1;34m9->10  [0m[1;34m10->11  [0m[1;34m11->12  [0m[1;34m12->13  [0m[1;34m13->14  [0m[1;34m14->15  [0m[1;34m
[pthread wrapper] SKIP MASK: 0x0
[0m[1;34m	threadid 47640844924672 -> core 1 - OK[0m[1;34m
[0m[1;34m	threadid 47640847025920 -> core 2 - OK[0m[1;34m
[0m[1;34m	threadid 47640849127168 -> core 3 - OK[0m[1;34m
[0m[1;34m	threadid 47640851228416 -> core 4 - OK[0m[1;34m
[0m[1;34m	threadid 47640853329664 -> core 5 - OK[0m[1;34m
[0m[1;34m	threadid 47640855430912 -> core 6 - OK[0m[1;34m
[0m[1;34m	threadid 47640857532160 -> core 7 - OK[0m[1;34m
[0m[1;34m	threadid 47640859633408 -> core 8 - OK[0m[1;34m
[0m[1;34m	threadid 47640861734656 -> core 9 - OK[0m[1;34m
[0m[1;34m	threadid 47640863835904 -> core 10 - OK[0m[1;34m
[0m[1;34m	threadid 47640865937152 -> core 11 - OK[0m[1;34m
[0m[1;34m	threadid 47640868038400 -> core 12 - OK[0m[1;34m
[0m[1;34m	threadid 47640870139648 -> core 13 - OK[0m[1;34m
[0m[1;34m	threadid 47640872240896 -> core 14 - OK[0m[1;34m
[0m[1;34m	threadid 47640874342144 -> core 15 - OK[0m[1;34m
[0miterations: 120
Total iterations: 1078560480 LUP
FLOP: 11
Total work: 11864165280 FLOP
performance: 3.630026 GLUP/s
Performance in GFLOP/s: 39.930282
size: 9000000
time: 0.297122
[1;34m[pthread wrapper] 
[0m[1;34m[pthread wrapper] MAIN -> 0
[0m[1;34m[pthread wrapper] PIN_MASK: [0m[1;34m0->1  [0m[1;34m1->2  [0m[1;34m2->3  [0m[1;34m3->4  [0m[1;34m4->5  [0m[1;34m5->6  [0m[1;34m6->7  [0m[1;34m7->8  [0m[1;34m8->9  [0m[1;34m9->10  [0m[1;34m10->11  [0m[1;34m11->12  [0m[1;34m12->13  [0m[1;34m13->14  [0m[1;34m14->15  [0m[1;34m
[pthread wrapper] SKIP MASK: 0x0
[0m[1;34m	threadid 46959235516160 -> core 1 - OK[0m[1;34m
[0m[1;34m	threadid 46959237617408 -> core 2 - OK[0m[1;34m
[0m[1;34m	threadid 46959239718656 -> core 3 - OK[0m[1;34m
[0m[1;34m	threadid 46959241819904 -> core 4 - OK[0m[1;34m
[0m[1;34m	threadid 46959243921152 -> core 5 - OK[0m[1;34m
[0m[1;34m	threadid 46959246022400 -> core 6 - OK[0m[1;34m
[0m[1;34m	threadid 46959248123648 -> core 7 - OK[0m[1;34m
[0m[1;34m	threadid 46959250224896 -> core 8 - OK[0m[1;34m
[0m[1;34m	threadid 46959252326144 -> core 9 - OK[0m[1;34m
[0m[1;34m	threadid 46959254427392 -> core 10 - OK[0m[1;34m
[0m[1;34m	threadid 46959256528640 -> core 11 - OK[0m[1;34m
[0m[1;34m	threadid 46959258629888 -> core 12 - OK[0m[1;34m
[0m[1;34m	threadid 46959260731136 -> core 13 - OK[0m[1;34m
[0m[1;34m	threadid 46959262832384 -> core 14 - OK[0m[1;34m
[0m[1;34m	threadid 46959264933632 -> core 15 - OK[0m[1;34m
[0miterations: 120
Total iterations: 1078560480 LUP
FLOP: 11
Total work: 11864165280 FLOP
performance: 3.685710 GLUP/s
Performance in GFLOP/s: 40.542806
size: 9000000
time: 0.292633
[1;34m[pthread wrapper] 
[0m[1;34m[pthread wrapper] MAIN -> 0
[0m[1;34m[pthread wrapper] PIN_MASK: [0m[1;34m0->1  [0m[1;34m1->2  [0m[1;34m2->3  [0m[1;34m3->4  [0m[1;34m4->5  [0m[1;34m5->6  [0m[1;34m6->7  [0m[1;34m7->8  [0m[1;34m8->9  [0m[1;34m9->10  [0m[1;34m10->11  [0m[1;34m11->12  [0m[1;34m12->13  [0m[1;34m13->14  [0m[1;34m14->15  [0m[1;34m
[pthread wrapper] SKIP MASK: 0x0
[0m[1;34m	threadid 47959260157696 -> core 1 - OK[0m[1;34m
[0m[1;34m	threadid 47959262258944 -> core 2 - OK[0m[1;34m
[0m[1;34m	threadid 47959264360192 -> core 3 - OK[0m[1;34m
[0m[1;34m	threadid 47959266461440 -> core 4 - OK[0m[1;34m
[0m[1;34m	threadid 47959268562688 -> core 5 - OK[0m[1;34m
[0m[1;34m	threadid 47959270663936 -> core 6 - OK[0m[1;34m
[0m[1;34m	threadid 47959272765184 -> core 7 - OK[0m[1;34m
[0m[1;34m	threadid 47959274866432 -> core 8 - OK[0m[1;34m
[0m[1;34m	threadid 47959276967680 -> core 9 - OK[0m[1;34m
[0m[1;34m	threadid 47959279068928 -> core 10 - OK[0m[1;34m
[0m[1;34m	threadid 47959281170176 -> core 11 - OK[0m[1;34m
[0m[1;34m	threadid 47959283271424 -> core 12 - OK[0m[1;34m
[0m[1;34m	threadid 47959285372672 -> core 13 - OK[0m[1;34m
[0m[1;34m	threadid 47959287473920 -> core 14 - OK[0m[1;34m
[0m[1;34m	threadid 47959289575168 -> core 15 - OK[0m[1;34m
[0miterations: 120
Total iterations: 1078560480 LUP
FLOP: 11
Total work: 11864165280 FLOP
performance: 3.665928 GLUP/s
Performance in GFLOP/s: 40.325212
size: 9000000
time: 0.294212
[1;34m[pthread wrapper] 
[0m[1;34m[pthread wrapper] MAIN -> 0
[0m[1;34m[pthread wrapper] PIN_MASK: [0m[1;34m0->1  [0m[1;34m1->2  [0m[1;34m2->3  [0m[1;34m3->4  [0m[1;34m4->5  [0m[1;34m5->6  [0m[1;34m6->7  [0m[1;34m7->8  [0m[1;34m8->9  [0m[1;34m9->10  [0m[1;34m10->11  [0m[1;34m11->12  [0m[1;34m12->13  [0m[1;34m13->14  [0m[1;34m14->15  [0m[1;34m
[pthread wrapper] SKIP MASK: 0x0
[0m[1;34m	threadid 47451367229184 -> core 1 - OK[0m[1;34m
[0m[1;34m	threadid 47451369330432 -> core 2 - OK[0m[1;34m
[0m[1;34m	threadid 47451371431680 -> core 3 - OK[0m[1;34m
[0m[1;34m	threadid 47451373532928 -> core 4 - OK[0m[1;34m
[0m[1;34m	threadid 47451375634176 -> core 5 - OK[0m[1;34m
[0m[1;34m	threadid 47451377735424 -> core 6 - OK[0m[1;34m
[0m[1;34m	threadid 47451379836672 -> core 7 - OK[0m[1;34m
[0m[1;34m	threadid 47451381937920 -> core 8 - OK[0m[1;34m
[0m[1;34m	threadid 47451384039168 -> core 9 - OK[0m[1;34m
[0m[1;34m	threadid 47451386140416 -> core 10 - OK[0m[1;34m
[0m[1;34m	threadid 47451388241664 -> core 11 - OK[0m[1;34m
[0m[1;34m	threadid 47451390342912 -> core 12 - OK[0m[1;34m
[0m[1;34m	threadid 47451392444160 -> core 13 - OK[0m[1;34m
[0m[1;34m	threadid 47451394545408 -> core 14 - OK[0m[1;34m
[0m[1;34m	threadid 47451396646656 -> core 15 - OK[0m[1;34m
[0miterations: 120
Total iterations: 1078560480 LUP
FLOP: 11
Total work: 11864165280 FLOP
performance: 3.590785 GLUP/s
Performance in GFLOP/s: 39.498631
size: 9000000
time: 0.300369
[1;34m[pthread wrapper] 
[0m[1;34m[pthread wrapper] MAIN -> 0
[0m[1;34m[pthread wrapper] PIN_MASK: [0m[1;34m0->1  [0m[1;34m1->2  [0m[1;34m2->3  [0m[1;34m3->4  [0m[1;34m4->5  [0m[1;34m5->6  [0m[1;34m6->7  [0m[1;34m7->8  [0m[1;34m8->9  [0m[1;34m9->10  [0m[1;34m10->11  [0m[1;34m11->12  [0m[1;34m12->13  [0m[1;34m13->14  [0m[1;34m14->15  [0m[1;34m
[pthread wrapper] SKIP MASK: 0x0
[0m[1;34m	threadid 47785112016640 -> core 1 - OK[0m[1;34m
[0m[1;34m	threadid 47785114117888 -> core 2 - OK[0m[1;34m
[0m[1;34m	threadid 47785116219136 -> core 3 - OK[0m[1;34m
[0m[1;34m	threadid 47785118320384 -> core 4 - OK[0m[1;34m
[0m[1;34m	threadid 47785120421632 -> core 5 - OK[0m[1;34m
[0m[1;34m	threadid 47785122522880 -> core 6 - OK[0m[1;34m
[0m[1;34m	threadid 47785124624128 -> core 7 - OK[0m[1;34m
[0m[1;34m	threadid 47785126725376 -> core 8 - OK[0m[1;34m
[0m[1;34m	threadid 47785128826624 -> core 9 - OK[0m[1;34m
[0m[1;34m	threadid 47785130927872 -> core 10 - OK[0m[1;34m
[0m[1;34m	threadid 47785133029120 -> core 11 - OK[0m[1;34m
[0m[1;34m	threadid 47785135130368 -> core 12 - OK[0m[1;34m
[0m[1;34m	threadid 47785137231616 -> core 13 - OK[0m[1;34m
[0m[1;34m	threadid 47785139332864 -> core 14 - OK[0m[1;34m
[0m[1;34m	threadid 47785141434112 -> core 15 - OK[0m[1;34m
[0miterations: 120
Total iterations: 1078560480 LUP
FLOP: 11
Total work: 11864165280 FLOP
performance: 3.557434 GLUP/s
Performance in GFLOP/s: 39.131770
size: 9000000
time: 0.303185
[1;34m[pthread wrapper] 
[0m[1;34m[pthread wrapper] MAIN -> 0
[0m[1;34m[pthread wrapper] PIN_MASK: [0m[1;34m0->1  [0m[1;34m1->2  [0m[1;34m2->3  [0m[1;34m3->4  [0m[1;34m4->5  [0m[1;34m5->6  [0m[1;34m6->7  [0m[1;34m7->8  [0m[1;34m8->9  [0m[1;34m9->10  [0m[1;34m10->11  [0m[1;34m11->12  [0m[1;34m12->13  [0m[1;34m13->14  [0m[1;34m14->15  [0m[1;34m
[pthread wrapper] SKIP MASK: 0x0
[0m[1;34m	threadid 46981765003008 -> core 1 - OK[0m[1;34m
[0m[1;34m	threadid 46981767104256 -> core 2 - OK[0m[1;34m
[0m[1;34m	threadid 46981769205504 -> core 3 - OK[0m[1;34m
[0m[1;34m	threadid 46981771306752 -> core 4 - OK[0m[1;34m
[0m[1;34m	threadid 46981773408000 -> core 5 - OK[0m[1;34m
[0m[1;34m	threadid 46981775509248 -> core 6 - OK[0m[1;34m
[0m[1;34m	threadid 46981777610496 -> core 7 - OK[0m[1;34m
[0m[1;34m	threadid 46981779711744 -> core 8 - OK[0m[1;34m
[0m[1;34m	threadid 46981781812992 -> core 9 - OK[0m[1;34m
[0m[1;34m	threadid 46981783914240 -> core 10 - OK[0m[1;34m
[0m[1;34m	threadid 46981786015488 -> core 11 - OK[0m[1;34m
[0m[1;34m	threadid 46981788116736 -> core 12 - OK[0m[1;34m
[0m[1;34m	threadid 46981790217984 -> core 13 - OK[0m[1;34m
[0m[1;34m	threadid 46981792319232 -> core 14 - OK[0m[1;34m
[0m[1;34m	threadid 46981794420480 -> core 15 - OK[0m[1;34m
[0miterations: 120
Total iterations: 1078560480 LUP
FLOP: 11
Total work: 11864165280 FLOP
performance: 3.682062 GLUP/s
Performance in GFLOP/s: 40.502679
size: 9000000
time: 0.292923
[1;34m[pthread wrapper] 
[0m[1;34m[pthread wrapper] MAIN -> 0
[0m[1;34m[pthread wrapper] PIN_MASK: [0m[1;34m0->1  [0m[1;34m1->2  [0m[1;34m2->3  [0m[1;34m3->4  [0m[1;34m4->5  [0m[1;34m5->6  [0m[1;34m6->7  [0m[1;34m7->8  [0m[1;34m8->9  [0m[1;34m9->10  [0m[1;34m10->11  [0m[1;34m11->12  [0m[1;34m12->13  [0m[1;34m13->14  [0m[1;34m14->15  [0m[1;34m
[pthread wrapper] SKIP MASK: 0x0
[0m[1;34m	threadid 47640711485184 -> core 1 - OK[0m[1;34m
[0m[1;34m	threadid 47640713586432 -> core 2 - OK[0m[1;34m
[0m[1;34m	threadid 47640715687680 -> core 3 - OK[0m[1;34m
[0m[1;34m	threadid 47640717788928 -> core 4 - OK[0m[1;34m
[0m[1;34m	threadid 47640719890176 -> core 5 - OK[0m[1;34m
[0m[1;34m	threadid 47640721991424 -> core 6 - OK[0m[1;34m
[0m[1;34m	threadid 47640724092672 -> core 7 - OK[0m[1;34m
[0m[1;34m	threadid 47640726193920 -> core 8 - OK[0m[1;34m
[0m[1;34m	threadid 47640728295168 -> core 9 - OK[0m[1;34m
[0m[1;34m	threadid 47640730396416 -> core 10 - OK[0m[1;34m
[0m[1;34m	threadid 47640732497664 -> core 11 - OK[0m[1;34m
[0m[1;34m	threadid 47640734598912 -> core 12 - OK[0m[1;34m
[0m[1;34m	threadid 47640736700160 -> core 13 - OK[0m[1;34m
[0m[1;34m	threadid 47640738801408 -> core 14 - OK[0m[1;34m
[0m[1;34m	threadid 47640740902656 -> core 15 - OK[0m[1;34m
[0miterations: 120
Total iterations: 1078560480 LUP
FLOP: 11
Total work: 11864165280 FLOP
performance: 3.646679 GLUP/s
Performance in GFLOP/s: 40.113464
size: 9000000
time: 0.295765
[1;34m[pthread wrapper] 
[0m[1;34m[pthread wrapper] MAIN -> 0
[0m[1;34m[pthread wrapper] PIN_MASK: [0m[1;34m0->1  [0m[1;34m1->2  [0m[1;34m2->3  [0m[1;34m3->4  [0m[1;34m4->5  [0m[1;34m5->6  [0m[1;34m6->7  [0m[1;34m7->8  [0m[1;34m8->9  [0m[1;34m9->10  [0m[1;34m10->11  [0m[1;34m11->12  [0m[1;34m12->13  [0m[1;34m13->14  [0m[1;34m14->15  [0m[1;34m
[pthread wrapper] SKIP MASK: 0x0
[0m[1;34m	threadid 47698500237056 -> core 1 - OK[0m[1;34m
[0m[1;34m	threadid 47698502338304 -> core 2 - OK[0m[1;34m
[0m[1;34m	threadid 47698504439552 -> core 3 - OK[0m[1;34m
[0m[1;34m	threadid 47698506540800 -> core 4 - OK[0m[1;34m
[0m[1;34m	threadid 47698508642048 -> core 5 - OK[0m[1;34m
[0m[1;34m	threadid 47698510743296 -> core 6 - OK[0m[1;34m
[0m[1;34m	threadid 47698512844544 -> core 7 - OK[0m[1;34m
[0m[1;34m	threadid 47698514945792 -> core 8 - OK[0m[1;34m
[0m[1;34m	threadid 47698517047040 -> core 9 - OK[0m[1;34m
[0m[1;34m	threadid 47698519148288 -> core 10 - OK[0m[1;34m
[0m[1;34m	threadid 47698521249536 -> core 11 - OK[0m[1;34m
[0m[1;34m	threadid 47698523350784 -> core 12 - OK[0m[1;34m
[0m[1;34m	threadid 47698525452032 -> core 13 - OK[0m[1;34m
[0m[1;34m	threadid 47698527553280 -> core 14 - OK[0m[1;34m
[0m[1;34m	threadid 47698529654528 -> core 15 - OK[0m[1;34m
[0miterations: 120
Total iterations: 1078560480 LUP
FLOP: 11
Total work: 11864165280 FLOP
performance: 3.593260 GLUP/s
Performance in GFLOP/s: 39.525863
size: 9000000
time: 0.300162
[1;34m[pthread wrapper] 
[0m[1;34m[pthread wrapper] MAIN -> 0
[0m[1;34m[pthread wrapper] PIN_MASK: [0m[1;34m0->1  [0m[1;34m1->2  [0m[1;34m2->3  [0m[1;34m3->4  [0m[1;34m4->5  [0m[1;34m5->6  [0m[1;34m6->7  [0m[1;34m7->8  [0m[1;34m8->9  [0m[1;34m9->10  [0m[1;34m10->11  [0m[1;34m11->12  [0m[1;34m12->13  [0m[1;34m13->14  [0m[1;34m14->15  [0m[1;34m
[pthread wrapper] SKIP MASK: 0x0
[0m[1;34m	threadid 47439873775360 -> core 1 - OK[0m[1;34m
[0m[1;34m	threadid 47439875876608 -> core 2 - OK[0m[1;34m
[0m[1;34m	threadid 47439877977856 -> core 3 - OK[0m[1;34m
[0m[1;34m	threadid 47439880079104 -> core 4 - OK[0m[1;34m
[0m[1;34m	threadid 47439882180352 -> core 5 - OK[0m[1;34m
[0m[1;34m	threadid 47439884281600 -> core 6 - OK[0m[1;34m
[0m[1;34m	threadid 47439886382848 -> core 7 - OK[0m[1;34m
[0m[1;34m	threadid 47439888484096 -> core 8 - OK[0m[1;34m
[0m[1;34m	threadid 47439890585344 -> core 9 - OK[0m[1;34m
[0m[1;34m	threadid 47439892686592 -> core 10 - OK[0m[1;34m
[0m[1;34m	threadid 47439894787840 -> core 11 - OK[0m[1;34m
[0m[1;34m	threadid 47439896889088 -> core 12 - OK[0m[1;34m
[0m[1;34m	threadid 47439898990336 -> core 13 - OK[0m[1;34m
[0m[1;34m	threadid 47439901091584 -> core 14 - OK[0m[1;34m
[0m[1;34m	threadid 47439903192832 -> core 15 - OK[0m[1;34m
[0miterations: 120
Total iterations: 1078560480 LUP
FLOP: 11
Total work: 11864165280 FLOP
performance: 3.635273 GLUP/s
Performance in GFLOP/s: 39.988007
size: 9000000
time: 0.296693
[1;34m[pthread wrapper] 
[0m[1;34m[pthread wrapper] MAIN -> 0
[0m[1;34m[pthread wrapper] PIN_MASK: [0m[1;34m0->1  [0m[1;34m1->2  [0m[1;34m2->3  [0m[1;34m3->4  [0m[1;34m4->5  [0m[1;34m5->6  [0m[1;34m6->7  [0m[1;34m7->8  [0m[1;34m8->9  [0m[1;34m9->10  [0m[1;34m10->11  [0m[1;34m11->12  [0m[1;34m12->13  [0m[1;34m13->14  [0m[1;34m14->15  [0m[1;34m
[pthread wrapper] SKIP MASK: 0x0
[0m[1;34m	threadid 47922062616320 -> core 1 - OK[0m[1;34m
[0m[1;34m	threadid 47922064717568 -> core 2 - OK[0m[1;34m
[0m[1;34m	threadid 47922066818816 -> core 3 - OK[0m[1;34m
[0m[1;34m	threadid 47922068920064 -> core 4 - OK[0m[1;34m
[0m[1;34m	threadid 47922071021312 -> core 5 - OK[0m[1;34m
[0m[1;34m	threadid 47922073122560 -> core 6 - OK[0m[1;34m
[0m[1;34m	threadid 47922075223808 -> core 7 - OK[0m[1;34m
[0m[1;34m	threadid 47922077325056 -> core 8 - OK[0m[1;34m
[0m[1;34m	threadid 47922079426304 -> core 9 - OK[0m[1;34m
[0m[1;34m	threadid 47922081527552 -> core 10 - OK[0m[1;34m
[0m[1;34m	threadid 47922083628800 -> core 11 - OK[0m[1;34m
[0m[1;34m	threadid 47922085730048 -> core 12 - OK[0m[1;34m
[0m[1;34m	threadid 47922087831296 -> core 13 - OK[0m[1;34m
[0m[1;34m	threadid 47922089932544 -> core 14 - OK[0m[1;34m
[0m[1;34m	threadid 47922092033792 -> core 15 - OK[0m[1;34m
[0miterations: 120
Total iterations: 1078560480 LUP
FLOP: 11
Total work: 11864165280 FLOP
performance: 3.625072 GLUP/s
Performance in GFLOP/s: 39.875790
size: 9000000
time: 0.297528
