iterations: 120
Total iterations: 1078560480 LUP
FLOP: 11
Total work: 11864165280 FLOP
performance: 3.212115 GLUP/s
Performance in GFLOP/s: 35.333261
size: 9000000
time: 0.335779
iterations: 120
Total iterations: 1078560480 LUP
FLOP: 11
Total work: 11864165280 FLOP
performance: 3.038466 GLUP/s
Performance in GFLOP/s: 33.423123
size: 9000000
time: 0.354969
iterations: 120
Total iterations: 1078560480 LUP
FLOP: 11
Total work: 11864165280 FLOP
performance: 3.028677 GLUP/s
Performance in GFLOP/s: 33.315446
size: 9000000
time: 0.356116
iterations: 120
Total iterations: 1078560480 LUP
FLOP: 11
Total work: 11864165280 FLOP
performance: 2.933351 GLUP/s
Performance in GFLOP/s: 32.266858
size: 9000000
time: 0.367689
iterations: 120
Total iterations: 1078560480 LUP
FLOP: 11
Total work: 11864165280 FLOP
performance: 3.102219 GLUP/s
Performance in GFLOP/s: 34.124407
size: 9000000
time: 0.347674
iterations: 120
Total iterations: 1078560480 LUP
FLOP: 11
Total work: 11864165280 FLOP
performance: 3.778246 GLUP/s
Performance in GFLOP/s: 41.560701
size: 9000000
time: 0.285466
iterations: 120
Total iterations: 1078560480 LUP
FLOP: 11
Total work: 11864165280 FLOP
performance: 3.038960 GLUP/s
Performance in GFLOP/s: 33.428556
size: 9000000
time: 0.354911
iterations: 120
Total iterations: 1078560480 LUP
FLOP: 11
Total work: 11864165280 FLOP
performance: 3.694662 GLUP/s
Performance in GFLOP/s: 40.641281
size: 9000000
time: 0.291924
iterations: 120
Total iterations: 1078560480 LUP
FLOP: 11
Total work: 11864165280 FLOP
performance: 3.057976 GLUP/s
Performance in GFLOP/s: 33.637735
size: 9000000
time: 0.352704
iterations: 120
Total iterations: 1078560480 LUP
FLOP: 11
Total work: 11864165280 FLOP
performance: 2.948489 GLUP/s
Performance in GFLOP/s: 32.433378
size: 9000000
time: 0.365801
