[1;34m[pthread wrapper] 
[0m[1;34m[pthread wrapper] MAIN -> 0
[0m[1;34m[pthread wrapper] PIN_MASK: [0m[1;34m0->1  [0m[1;34m1->2  [0m[1;34m2->3  [0m[1;34m3->4  [0m[1;34m4->5  [0m[1;34m5->6  [0m[1;34m6->7  [0m[1;34m
[pthread wrapper] SKIP MASK: 0x0
[0m[1;34m	threadid 47774593533696 -> core 1 - OK[0m[1;34m
[0m[1;34m	threadid 47774595634944 -> core 2 - OK[0m[1;34m
[0m[1;34m	threadid 47774597736192 -> core 3 - OK[0m[1;34m
[0m[1;34m	threadid 47774599837440 -> core 4 - OK[0m[1;34m
[0m[1;34m	threadid 47774601938688 -> core 5 - OK[0m[1;34m
[0m[1;34m	threadid 47774604039936 -> core 6 - OK[0m[1;34m
[0m[1;34m	threadid 47774606141184 -> core 7 - OK[0m[1;34m
[0miterations: 120
Total iterations: 1078560480 LUP
FLOP: 11
Total work: 11864165280 FLOP
performance: 2.161556 GLUP/s
Performance in GFLOP/s: 23.777117
size: 9000000
time: 0.498974
[1;34m[pthread wrapper] 
[0m[1;34m[pthread wrapper] MAIN -> 0
[0m[1;34m[pthread wrapper] PIN_MASK: [0m[1;34m0->1  [0m[1;34m1->2  [0m[1;34m2->3  [0m[1;34m3->4  [0m[1;34m4->5  [0m[1;34m5->6  [0m[1;34m6->7  [0m[1;34m
[pthread wrapper] SKIP MASK: 0x0
[0m[1;34m	threadid 47971882657536 -> core 1 - OK[0m[1;34m
[0m[1;34m	threadid 47971884758784 -> core 2 - OK[0m[1;34m
[0m[1;34m	threadid 47971886860032 -> core 3 - OK[0m[1;34m
[0m[1;34m	threadid 47971888961280 -> core 4 - OK[0m[1;34m
[0m[1;34m	threadid 47971891062528 -> core 5 - OK[0m[1;34m
[0m[1;34m	threadid 47971893163776 -> core 6 - OK[0m[1;34m
[0m[1;34m	threadid 47971895265024 -> core 7 - OK[0m[1;34m
[0miterations: 120
Total iterations: 1078560480 LUP
FLOP: 11
Total work: 11864165280 FLOP
performance: 2.158321 GLUP/s
Performance in GFLOP/s: 23.741531
size: 9000000
time: 0.499722
[1;34m[pthread wrapper] 
[0m[1;34m[pthread wrapper] MAIN -> 0
[0m[1;34m[pthread wrapper] PIN_MASK: [0m[1;34m0->1  [0m[1;34m1->2  [0m[1;34m2->3  [0m[1;34m3->4  [0m[1;34m4->5  [0m[1;34m5->6  [0m[1;34m6->7  [0m[1;34m
[pthread wrapper] SKIP MASK: 0x0
[0m[1;34m	threadid 47013441767168 -> core 1 - OK[0m[1;34m
[0m[1;34m	threadid 47013443868416 -> core 2 - OK[0m[1;34m
[0m[1;34m	threadid 47013445969664 -> core 3 - OK[0m[1;34m
[0m[1;34m	threadid 47013448070912 -> core 4 - OK[0m[1;34m
[0m[1;34m	threadid 47013450172160 -> core 5 - OK[0m[1;34m
[0m[1;34m	threadid 47013452273408 -> core 6 - OK[0m[1;34m
[0m[1;34m	threadid 47013454374656 -> core 7 - OK[0m[1;34m
[0miterations: 120
Total iterations: 1078560480 LUP
FLOP: 11
Total work: 11864165280 FLOP
performance: 2.158606 GLUP/s
Performance in GFLOP/s: 23.744669
size: 9000000
time: 0.499656
[1;34m[pthread wrapper] 
[0m[1;34m[pthread wrapper] MAIN -> 0
[0m[1;34m[pthread wrapper] PIN_MASK: [0m[1;34m0->1  [0m[1;34m1->2  [0m[1;34m2->3  [0m[1;34m3->4  [0m[1;34m4->5  [0m[1;34m5->6  [0m[1;34m6->7  [0m[1;34m
[pthread wrapper] SKIP MASK: 0x0
[0m[1;34m	threadid 47510737688320 -> core 1 - OK[0m[1;34m
[0m[1;34m	threadid 47510739789568 -> core 2 - OK[0m[1;34m
[0m[1;34m	threadid 47510741890816 -> core 3 - OK[0m[1;34m
[0m[1;34m	threadid 47510743992064 -> core 4 - OK[0m[1;34m
[0m[1;34m	threadid 47510746093312 -> core 5 - OK[0m[1;34m
[0m[1;34m	threadid 47510748194560 -> core 6 - OK[0m[1;34m
[0m[1;34m	threadid 47510750295808 -> core 7 - OK[0m[1;34m
[0miterations: 120
Total iterations: 1078560480 LUP
FLOP: 11
Total work: 11864165280 FLOP
performance: 2.153343 GLUP/s
Performance in GFLOP/s: 23.686777
size: 9000000
time: 0.500877
[1;34m[pthread wrapper] 
[0m[1;34m[pthread wrapper] MAIN -> 0
[0m[1;34m[pthread wrapper] PIN_MASK: [0m[1;34m0->1  [0m[1;34m1->2  [0m[1;34m2->3  [0m[1;34m3->4  [0m[1;34m4->5  [0m[1;34m5->6  [0m[1;34m6->7  [0m[1;34m
[pthread wrapper] SKIP MASK: 0x0
[0m[1;34m	threadid 47217125656320 -> core 1 - OK[0m[1;34m
[0m[1;34m	threadid 47217127757568 -> core 2 - OK[0m[1;34m
[0m[1;34m	threadid 47217129858816 -> core 3 - OK[0m[1;34m
[0m[1;34m	threadid 47217131960064 -> core 4 - OK[0m[1;34m
[0m[1;34m	threadid 47217134061312 -> core 5 - OK[0m[1;34m
[0m[1;34m	threadid 47217136162560 -> core 6 - OK[0m[1;34m
[0m[1;34m	threadid 47217138263808 -> core 7 - OK[0m[1;34m
[0miterations: 120
Total iterations: 1078560480 LUP
FLOP: 11
Total work: 11864165280 FLOP
performance: 2.154325 GLUP/s
Performance in GFLOP/s: 23.697572
size: 9000000
time: 0.500649
[1;34m[pthread wrapper] 
[0m[1;34m[pthread wrapper] MAIN -> 0
[0m[1;34m[pthread wrapper] PIN_MASK: [0m[1;34m0->1  [0m[1;34m1->2  [0m[1;34m2->3  [0m[1;34m3->4  [0m[1;34m4->5  [0m[1;34m5->6  [0m[1;34m6->7  [0m[1;34m
[pthread wrapper] SKIP MASK: 0x0
[0m[1;34m	threadid 47042613344000 -> core 1 - OK[0m[1;34m
[0m[1;34m	threadid 47042615445248 -> core 2 - OK[0m[1;34m
[0m[1;34m	threadid 47042617546496 -> core 3 - OK[0m[1;34m
[0m[1;34m	threadid 47042619647744 -> core 4 - OK[0m[1;34m
[0m[1;34m	threadid 47042621748992 -> core 5 - OK[0m[1;34m
[0m[1;34m	threadid 47042623850240 -> core 6 - OK[0m[1;34m
[0m[1;34m	threadid 47042625951488 -> core 7 - OK[0m[1;34m
[0miterations: 120
Total iterations: 1078560480 LUP
FLOP: 11
Total work: 11864165280 FLOP
performance: 2.154751 GLUP/s
Performance in GFLOP/s: 23.702257
size: 9000000
time: 0.500550
[1;34m[pthread wrapper] 
[0m[1;34m[pthread wrapper] MAIN -> 0
[0m[1;34m[pthread wrapper] PIN_MASK: [0m[1;34m0->1  [0m[1;34m1->2  [0m[1;34m2->3  [0m[1;34m3->4  [0m[1;34m4->5  [0m[1;34m5->6  [0m[1;34m6->7  [0m[1;34m
[pthread wrapper] SKIP MASK: 0x0
[0m[1;34m	threadid 47318173497088 -> core 1 - OK[0m[1;34m
[0m[1;34m	threadid 47318175598336 -> core 2 - OK[0m[1;34m
[0m[1;34m	threadid 47318177699584 -> core 3 - OK[0m[1;34m
[0m[1;34m	threadid 47318179800832 -> core 4 - OK[0m[1;34m
[0m[1;34m	threadid 47318181902080 -> core 5 - OK[0m[1;34m
[0m[1;34m	threadid 47318184003328 -> core 6 - OK[0m[1;34m
[0m[1;34m	threadid 47318186104576 -> core 7 - OK[0m[1;34m
[0miterations: 120
Total iterations: 1078560480 LUP
FLOP: 11
Total work: 11864165280 FLOP
performance: 2.156396 GLUP/s
Performance in GFLOP/s: 23.720356
size: 9000000
time: 0.500168
[1;34m[pthread wrapper] 
[0m[1;34m[pthread wrapper] MAIN -> 0
[0m[1;34m[pthread wrapper] PIN_MASK: [0m[1;34m0->1  [0m[1;34m1->2  [0m[1;34m2->3  [0m[1;34m3->4  [0m[1;34m4->5  [0m[1;34m5->6  [0m[1;34m6->7  [0m[1;34m
[pthread wrapper] SKIP MASK: 0x0
[0m[1;34m	threadid 47353892292352 -> core 1 - OK[0m[1;34m
[0m[1;34m	threadid 47353894393600 -> core 2 - OK[0m[1;34m
[0m[1;34m	threadid 47353896494848 -> core 3 - OK[0m[1;34m
[0m[1;34m	threadid 47353898596096 -> core 4 - OK[0m[1;34m
[0m[1;34m	threadid 47353900697344 -> core 5 - OK[0m[1;34m
[0m[1;34m	threadid 47353902798592 -> core 6 - OK[0m[1;34m
[0m[1;34m	threadid 47353904899840 -> core 7 - OK[0m[1;34m
[0miterations: 120
Total iterations: 1078560480 LUP
FLOP: 11
Total work: 11864165280 FLOP
performance: 2.155634 GLUP/s
Performance in GFLOP/s: 23.711970
size: 9000000
time: 0.500345
[1;34m[pthread wrapper] 
[0m[1;34m[pthread wrapper] MAIN -> 0
[0m[1;34m[pthread wrapper] PIN_MASK: [0m[1;34m0->1  [0m[1;34m1->2  [0m[1;34m2->3  [0m[1;34m3->4  [0m[1;34m4->5  [0m[1;34m5->6  [0m[1;34m6->7  [0m[1;34m
[pthread wrapper] SKIP MASK: 0x0
[0m[1;34m	threadid 47215076517632 -> core 1 - OK[0m[1;34m
[0m[1;34m	threadid 47215078618880 -> core 2 - OK[0m[1;34m
[0m[1;34m	threadid 47215080720128 -> core 3 - OK[0m[1;34m
[0m[1;34m	threadid 47215082821376 -> core 4 - OK[0m[1;34m
[0m[1;34m	threadid 47215084922624 -> core 5 - OK[0m[1;34m
[0m[1;34m	threadid 47215087023872 -> core 6 - OK[0m[1;34m
[0m[1;34m	threadid 47215089125120 -> core 7 - OK[0m[1;34m
[0miterations: 120
Total iterations: 1078560480 LUP
FLOP: 11
Total work: 11864165280 FLOP
performance: 2.167346 GLUP/s
Performance in GFLOP/s: 23.840807
size: 9000000
time: 0.497641
[1;34m[pthread wrapper] 
[0m[1;34m[pthread wrapper] MAIN -> 0
[0m[1;34m[pthread wrapper] PIN_MASK: [0m[1;34m0->1  [0m[1;34m1->2  [0m[1;34m2->3  [0m[1;34m3->4  [0m[1;34m4->5  [0m[1;34m5->6  [0m[1;34m6->7  [0m[1;34m
[pthread wrapper] SKIP MASK: 0x0
[0m[1;34m	threadid 47305104865024 -> core 1 - OK[0m[1;34m
[0m[1;34m	threadid 47305106966272 -> core 2 - OK[0m[1;34m
[0m[1;34m	threadid 47305109067520 -> core 3 - OK[0m[1;34m
[0m[1;34m	threadid 47305111168768 -> core 4 - OK[0m[1;34m
[0m[1;34m	threadid 47305113270016 -> core 5 - OK[0m[1;34m
[0m[1;34m	threadid 47305115371264 -> core 6 - OK[0m[1;34m
[0m[1;34m	threadid 47305117472512 -> core 7 - OK[0m[1;34m
[0miterations: 120
Total iterations: 1078560480 LUP
FLOP: 11
Total work: 11864165280 FLOP
performance: 2.152605 GLUP/s
Performance in GFLOP/s: 23.678651
size: 9000000
time: 0.501049
