iterations: 200
Total iterations: 49600800 LUP
FLOP: 11
Total work: 545608800 FLOP
performance: 0.711141 GLUP/s
Performance in GFLOP/s: 7.822554
size: 250000
time: 0.069748
[1;34m[likwid-pin] Main PID -> core 0 - OK[0m
iterations: 200
Total iterations: 49600800 LUP
FLOP: 11
Total work: 545608800 FLOP
performance: 0.718999 GLUP/s
Performance in GFLOP/s: 7.908986
size: 250000
time: 0.068986
[1;34m[likwid-pin] Main PID -> core 0 - OK[0m
iterations: 200
Total iterations: 49600800 LUP
FLOP: 11
Total work: 545608800 FLOP
performance: 0.715111 GLUP/s
Performance in GFLOP/s: 7.866222
size: 250000
time: 0.069361
[1;34m[likwid-pin] Main PID -> core 0 - OK[0m
iterations: 200
Total iterations: 49600800 LUP
FLOP: 11
Total work: 545608800 FLOP
performance: 0.717729 GLUP/s
Performance in GFLOP/s: 7.895015
size: 250000
time: 0.069108
[1;34m[likwid-pin] Main PID -> core 0 - OK[0m
iterations: 200
Total iterations: 49600800 LUP
FLOP: 11
Total work: 545608800 FLOP
performance: 0.703987 GLUP/s
Performance in GFLOP/s: 7.743857
size: 250000
time: 0.070457
[1;34m[likwid-pin] Main PID -> core 0 - OK[0m
iterations: 200
Total iterations: 49600800 LUP
FLOP: 11
Total work: 545608800 FLOP
performance: 0.713691 GLUP/s
Performance in GFLOP/s: 7.850598
size: 250000
time: 0.069499
[1;34m[likwid-pin] Main PID -> core 0 - OK[0m
iterations: 200
Total iterations: 49600800 LUP
FLOP: 11
Total work: 545608800 FLOP
performance: 0.709354 GLUP/s
Performance in GFLOP/s: 7.802897
size: 250000
time: 0.069924
[1;34m[likwid-pin] Main PID -> core 0 - OK[0m
iterations: 200
Total iterations: 49600800 LUP
FLOP: 11
Total work: 545608800 FLOP
performance: 0.717833 GLUP/s
Performance in GFLOP/s: 7.896160
size: 250000
time: 0.069098
[1;34m[likwid-pin] Main PID -> core 0 - OK[0m
iterations: 200
Total iterations: 49600800 LUP
FLOP: 11
Total work: 545608800 FLOP
performance: 0.719541 GLUP/s
Performance in GFLOP/s: 7.914949
size: 250000
time: 0.068934
[1;34m[likwid-pin] Main PID -> core 0 - OK[0m
iterations: 200
Total iterations: 49600800 LUP
FLOP: 11
Total work: 545608800 FLOP
performance: 0.714195 GLUP/s
Performance in GFLOP/s: 7.856149
size: 250000
time: 0.069450
[1;34m[likwid-pin] Main PID -> core 0 - OK[0m
