[1;34m[pthread wrapper] 
[0m[1;34m[pthread wrapper] MAIN -> 0
[0m[1;34m[pthread wrapper] PIN_MASK: [0m[1;34m0->1  [0m[1;34m1->2  [0m[1;34m2->3  [0m[1;34m3->4  [0m[1;34m4->5  [0m[1;34m5->6  [0m[1;34m6->7  [0m[1;34m7->8  [0m[1;34m8->9  [0m[1;34m9->10  [0m[1;34m10->11  [0m[1;34m11->12  [0m[1;34m12->13  [0m[1;34m13->14  [0m[1;34m14->15  [0m[1;34m
[pthread wrapper] SKIP MASK: 0x0
[0m[1;34m	threadid 46930791446272 -> core 1 - OK[0m[1;34m
[0m[1;34m	threadid 46930793547520 -> core 2 - OK[0m[1;34m
[0m[1;34m	threadid 46930795648768 -> core 3 - OK[0m[1;34m
[0m[1;34m	threadid 46930797750016 -> core 4 - OK[0m[1;34m
[0m[1;34m	threadid 46930799851264 -> core 5 - OK[0m[1;34m
[0m[1;34m	threadid 46930801952512 -> core 6 - OK[0m[1;34m
[0m[1;34m	threadid 46930804053760 -> core 7 - OK[0m[1;34m
[0m[1;34m	threadid 46930806155008 -> core 8 - OK[0m[1;34m
[0m[1;34m	threadid 46930808256256 -> core 9 - OK[0m[1;34m
[0m[1;34m	threadid 46930810357504 -> core 10 - OK[0m[1;34m
[0m[1;34m	threadid 46930812458752 -> core 11 - OK[0m[1;34m
[0m[1;34m	threadid 46930814560000 -> core 12 - OK[0m[1;34m
[0m[1;34m	threadid 46930816661248 -> core 13 - OK[0m[1;34m
[0m[1;34m	threadid 46930818762496 -> core 14 - OK[0m[1;34m
[0m[1;34m	threadid 46930820863744 -> core 15 - OK[0m[1;34m
[0miterations: 200
Total iterations: 49600800 LUP
FLOP: 11
Total work: 545608800 FLOP
performance: 8.876220 GLUP/s
Performance in GFLOP/s: 97.638415
size: 250000
time: 0.005588
[1;34m[pthread wrapper] 
[0m[1;34m[pthread wrapper] MAIN -> 0
[0m[1;34m[pthread wrapper] PIN_MASK: [0m[1;34m0->1  [0m[1;34m1->2  [0m[1;34m2->3  [0m[1;34m3->4  [0m[1;34m4->5  [0m[1;34m5->6  [0m[1;34m6->7  [0m[1;34m7->8  [0m[1;34m8->9  [0m[1;34m9->10  [0m[1;34m10->11  [0m[1;34m11->12  [0m[1;34m12->13  [0m[1;34m13->14  [0m[1;34m14->15  [0m[1;34m
[pthread wrapper] SKIP MASK: 0x0
[0m[1;34m	threadid 47229944436480 -> core 1 - OK[0m[1;34m
[0m[1;34m	threadid 47229946537728 -> core 2 - OK[0m[1;34m
[0m[1;34m	threadid 47229948638976 -> core 3 - OK[0m[1;34m
[0m[1;34m	threadid 47229950740224 -> core 4 - OK[0m[1;34m
[0m[1;34m	threadid 47229952841472 -> core 5 - OK[0m[1;34m
[0m[1;34m	threadid 47229954942720 -> core 6 - OK[0m[1;34m
[0m[1;34m	threadid 47229957043968 -> core 7 - OK[0m[1;34m
[0m[1;34m	threadid 47229959145216 -> core 8 - OK[0m[1;34m
[0m[1;34m	threadid 47229961246464 -> core 9 - OK[0m[1;34m
[0m[1;34m	threadid 47229963347712 -> core 10 - OK[0m[1;34m
[0m[1;34m	threadid 47229965448960 -> core 11 - OK[0m[1;34m
[0m[1;34m	threadid 47229967550208 -> core 12 - OK[0m[1;34m
[0m[1;34m	threadid 47229969651456 -> core 13 - OK[0m[1;34m
[0m[1;34m	threadid 47229971752704 -> core 14 - OK[0m[1;34m
[0m[1;34m	threadid 47229973853952 -> core 15 - OK[0m[1;34m
[0miterations: 200
Total iterations: 49600800 LUP
FLOP: 11
Total work: 545608800 FLOP
performance: 9.143044 GLUP/s
Performance in GFLOP/s: 100.573489
size: 250000
time: 0.005425
[1;34m[pthread wrapper] 
[0m[1;34m[pthread wrapper] MAIN -> 0
[0m[1;34m[pthread wrapper] PIN_MASK: [0m[1;34m0->1  [0m[1;34m1->2  [0m[1;34m2->3  [0m[1;34m3->4  [0m[1;34m4->5  [0m[1;34m5->6  [0m[1;34m6->7  [0m[1;34m7->8  [0m[1;34m8->9  [0m[1;34m9->10  [0m[1;34m10->11  [0m[1;34m11->12  [0m[1;34m12->13  [0m[1;34m13->14  [0m[1;34m14->15  [0m[1;34m
[pthread wrapper] SKIP MASK: 0x0
[0m[1;34m	threadid 47343008319232 -> core 1 - OK[0m[1;34m
[0m[1;34m	threadid 47343010420480 -> core 2 - OK[0m[1;34m
[0m[1;34m	threadid 47343012521728 -> core 3 - OK[0m[1;34m
[0m[1;34m	threadid 47343014622976 -> core 4 - OK[0m[1;34m
[0m[1;34m	threadid 47343016724224 -> core 5 - OK[0m[1;34m
[0m[1;34m	threadid 47343018825472 -> core 6 - OK[0m[1;34m
[0m[1;34m	threadid 47343020926720 -> core 7 - OK[0m[1;34m
[0m[1;34m	threadid 47343023027968 -> core 8 - OK[0m[1;34m
[0m[1;34m	threadid 47343025129216 -> core 9 - OK[0m[1;34m
[0m[1;34m	threadid 47343027230464 -> core 10 - OK[0m[1;34m
[0m[1;34m	threadid 47343029331712 -> core 11 - OK[0m[1;34m
[0m[1;34m	threadid 47343031432960 -> core 12 - OK[0m[1;34m
[0m[1;34m	threadid 47343033534208 -> core 13 - OK[0m[1;34m
[0m[1;34m	threadid 47343035635456 -> core 14 - OK[0m[1;34m
[0m[1;34m	threadid 47343037736704 -> core 15 - OK[0m[1;34m
[0miterations: 200
Total iterations: 49600800 LUP
FLOP: 11
Total work: 545608800 FLOP
performance: 9.156324 GLUP/s
Performance in GFLOP/s: 100.719562
size: 250000
time: 0.005417
[1;34m[pthread wrapper] 
[0m[1;34m[pthread wrapper] MAIN -> 0
[0m[1;34m[pthread wrapper] PIN_MASK: [0m[1;34m0->1  [0m[1;34m1->2  [0m[1;34m2->3  [0m[1;34m3->4  [0m[1;34m4->5  [0m[1;34m5->6  [0m[1;34m6->7  [0m[1;34m7->8  [0m[1;34m8->9  [0m[1;34m9->10  [0m[1;34m10->11  [0m[1;34m11->12  [0m[1;34m12->13  [0m[1;34m13->14  [0m[1;34m14->15  [0m[1;34m
[pthread wrapper] SKIP MASK: 0x0
[0m[1;34m	threadid 47707521398528 -> core 1 - OK[0m[1;34m
[0m[1;34m	threadid 47707523499776 -> core 2 - OK[0m[1;34m
[0m[1;34m	threadid 47707525601024 -> core 3 - OK[0m[1;34m
[0m[1;34m	threadid 47707527702272 -> core 4 - OK[0m[1;34m
[0m[1;34m	threadid 47707529803520 -> core 5 - OK[0m[1;34m
[0m[1;34m	threadid 47707531904768 -> core 6 - OK[0m[1;34m
[0m[1;34m	threadid 47707534006016 -> core 7 - OK[0m[1;34m
[0m[1;34m	threadid 47707536107264 -> core 8 - OK[0m[1;34m
[0m[1;34m	threadid 47707538208512 -> core 9 - OK[0m[1;34m
[0m[1;34m	threadid 47707540309760 -> core 10 - OK[0m[1;34m
[0m[1;34m	threadid 47707542411008 -> core 11 - OK[0m[1;34m
[0m[1;34m	threadid 47707544512256 -> core 12 - OK[0m[1;34m
[0m[1;34m	threadid 47707546613504 -> core 13 - OK[0m[1;34m
[0m[1;34m	threadid 47707548714752 -> core 14 - OK[0m[1;34m
[0m[1;34m	threadid 47707550816000 -> core 15 - OK[0m[1;34m
[0miterations: 200
Total iterations: 49600800 LUP
FLOP: 11
Total work: 545608800 FLOP
performance: 8.771063 GLUP/s
Performance in GFLOP/s: 96.481689
size: 250000
time: 0.005655
[1;34m[pthread wrapper] 
[0m[1;34m[pthread wrapper] MAIN -> 0
[0m[1;34m[pthread wrapper] PIN_MASK: [0m[1;34m0->1  [0m[1;34m1->2  [0m[1;34m2->3  [0m[1;34m3->4  [0m[1;34m4->5  [0m[1;34m5->6  [0m[1;34m6->7  [0m[1;34m7->8  [0m[1;34m8->9  [0m[1;34m9->10  [0m[1;34m10->11  [0m[1;34m11->12  [0m[1;34m12->13  [0m[1;34m13->14  [0m[1;34m14->15  [0m[1;34m
[pthread wrapper] SKIP MASK: 0x0
[0m[1;34m	threadid 47123665172224 -> core 1 - OK[0m[1;34m
[0m[1;34m	threadid 47123667273472 -> core 2 - OK[0m[1;34m
[0m[1;34m	threadid 47123669374720 -> core 3 - OK[0m[1;34m
[0m[1;34m	threadid 47123671475968 -> core 4 - OK[0m[1;34m
[0m[1;34m	threadid 47123673577216 -> core 5 - OK[0m[1;34m
[0m[1;34m	threadid 47123675678464 -> core 6 - OK[0m[1;34m
[0m[1;34m	threadid 47123677779712 -> core 7 - OK[0m[1;34m
[0m[1;34m	threadid 47123679880960 -> core 8 - OK[0m[1;34m
[0m[1;34m	threadid 47123681982208 -> core 9 - OK[0m[1;34m
[0m[1;34m	threadid 47123684083456 -> core 10 - OK[0m[1;34m
[0m[1;34m	threadid 47123686184704 -> core 11 - OK[0m[1;34m
[0m[1;34m	threadid 47123688285952 -> core 12 - OK[0m[1;34m
[0m[1;34m	threadid 47123690387200 -> core 13 - OK[0m[1;34m
[0m[1;34m	threadid 47123692488448 -> core 14 - OK[0m[1;34m
[0m[1;34m	threadid 47123694589696 -> core 15 - OK[0m[1;34m
[0miterations: 200
Total iterations: 49600800 LUP
FLOP: 11
Total work: 545608800 FLOP
performance: 9.080787 GLUP/s
Performance in GFLOP/s: 99.888659
size: 250000
time: 0.005462
[1;34m[pthread wrapper] 
[0m[1;34m[pthread wrapper] MAIN -> 0
[0m[1;34m[pthread wrapper] PIN_MASK: [0m[1;34m0->1  [0m[1;34m1->2  [0m[1;34m2->3  [0m[1;34m3->4  [0m[1;34m4->5  [0m[1;34m5->6  [0m[1;34m6->7  [0m[1;34m7->8  [0m[1;34m8->9  [0m[1;34m9->10  [0m[1;34m10->11  [0m[1;34m11->12  [0m[1;34m12->13  [0m[1;34m13->14  [0m[1;34m14->15  [0m[1;34m
[pthread wrapper] SKIP MASK: 0x0
[0m[1;34m	threadid 47504522852096 -> core 1 - OK[0m[1;34m
[0m[1;34m	threadid 47504524953344 -> core 2 - OK[0m[1;34m
[0m[1;34m	threadid 47504527054592 -> core 3 - OK[0m[1;34m
[0m[1;34m	threadid 47504529155840 -> core 4 - OK[0m[1;34m
[0m[1;34m	threadid 47504531257088 -> core 5 - OK[0m[1;34m
[0m[1;34m	threadid 47504533358336 -> core 6 - OK[0m[1;34m
[0m[1;34m	threadid 47504535459584 -> core 7 - OK[0m[1;34m
[0m[1;34m	threadid 47504537560832 -> core 8 - OK[0m[1;34m
[0m[1;34m	threadid 47504539662080 -> core 9 - OK[0m[1;34m
[0m[1;34m	threadid 47504541763328 -> core 10 - OK[0m[1;34m
[0m[1;34m	threadid 47504543864576 -> core 11 - OK[0m[1;34m
[0m[1;34m	threadid 47504545965824 -> core 12 - OK[0m[1;34m
[0m[1;34m	threadid 47504548067072 -> core 13 - OK[0m[1;34m
[0m[1;34m	threadid 47504550168320 -> core 14 - OK[0m[1;34m
[0m[1;34m	threadid 47504552269568 -> core 15 - OK[0m[1;34m
[0miterations: 200
Total iterations: 49600800 LUP
FLOP: 11
Total work: 545608800 FLOP
performance: 9.034648 GLUP/s
Performance in GFLOP/s: 99.381125
size: 250000
time: 0.005490
[1;34m[pthread wrapper] 
[0m[1;34m[pthread wrapper] MAIN -> 0
[0m[1;34m[pthread wrapper] PIN_MASK: [0m[1;34m0->1  [0m[1;34m1->2  [0m[1;34m2->3  [0m[1;34m3->4  [0m[1;34m4->5  [0m[1;34m5->6  [0m[1;34m6->7  [0m[1;34m7->8  [0m[1;34m8->9  [0m[1;34m9->10  [0m[1;34m10->11  [0m[1;34m11->12  [0m[1;34m12->13  [0m[1;34m13->14  [0m[1;34m14->15  [0m[1;34m
[pthread wrapper] SKIP MASK: 0x0
[0m[1;34m	threadid 47082583836416 -> core 1 - OK[0m[1;34m
[0m[1;34m	threadid 47082585937664 -> core 2 - OK[0m[1;34m
[0m[1;34m	threadid 47082588038912 -> core 3 - OK[0m[1;34m
[0m[1;34m	threadid 47082590140160 -> core 4 - OK[0m[1;34m
[0m[1;34m	threadid 47082592241408 -> core 5 - OK[0m[1;34m
[0m[1;34m	threadid 47082594342656 -> core 6 - OK[0m[1;34m
[0m[1;34m	threadid 47082596443904 -> core 7 - OK[0m[1;34m
[0m[1;34m	threadid 47082598545152 -> core 8 - OK[0m[1;34m
[0m[1;34m	threadid 47082600646400 -> core 9 - OK[0m[1;34m
[0m[1;34m	threadid 47082602747648 -> core 10 - OK[0m[1;34m
[0m[1;34m	threadid 47082604848896 -> core 11 - OK[0m[1;34m
[0m[1;34m	threadid 47082606950144 -> core 12 - OK[0m[1;34m
[0m[1;34m	threadid 47082609051392 -> core 13 - OK[0m[1;34m
[0m[1;34m	threadid 47082611152640 -> core 14 - OK[0m[1;34m
[0m[1;34m	threadid 47082613253888 -> core 15 - OK[0m[1;34m
[0miterations: 200
Total iterations: 49600800 LUP
FLOP: 11
Total work: 545608800 FLOP
performance: 8.738641 GLUP/s
Performance in GFLOP/s: 96.125054
size: 250000
time: 0.005676
[1;34m[pthread wrapper] 
[0m[1;34m[pthread wrapper] MAIN -> 0
[0m[1;34m[pthread wrapper] PIN_MASK: [0m[1;34m0->1  [0m[1;34m1->2  [0m[1;34m2->3  [0m[1;34m3->4  [0m[1;34m4->5  [0m[1;34m5->6  [0m[1;34m6->7  [0m[1;34m7->8  [0m[1;34m8->9  [0m[1;34m9->10  [0m[1;34m10->11  [0m[1;34m11->12  [0m[1;34m12->13  [0m[1;34m13->14  [0m[1;34m14->15  [0m[1;34m
[pthread wrapper] SKIP MASK: 0x0
[0m[1;34m	threadid 47647410013952 -> core 1 - OK[0m[1;34m
[0m[1;34m	threadid 47647412115200 -> core 2 - OK[0m[1;34m
[0m[1;34m	threadid 47647414216448 -> core 3 - OK[0m[1;34m
[0m[1;34m	threadid 47647416317696 -> core 4 - OK[0m[1;34m
[0m[1;34m	threadid 47647418418944 -> core 5 - OK[0m[1;34m
[0m[1;34m	threadid 47647420520192 -> core 6 - OK[0m[1;34m
[0m[1;34m	threadid 47647422621440 -> core 7 - OK[0m[1;34m
[0m[1;34m	threadid 47647424722688 -> core 8 - OK[0m[1;34m
[0m[1;34m	threadid 47647426823936 -> core 9 - OK[0m[1;34m
[0m[1;34m	threadid 47647428925184 -> core 10 - OK[0m[1;34m
[0m[1;34m	threadid 47647431026432 -> core 11 - OK[0m[1;34m
[0m[1;34m	threadid 47647433127680 -> core 12 - OK[0m[1;34m
[0m[1;34m	threadid 47647435228928 -> core 13 - OK[0m[1;34m
[0m[1;34m	threadid 47647437330176 -> core 14 - OK[0m[1;34m
[0m[1;34m	threadid 47647439431424 -> core 15 - OK[0m[1;34m
[0miterations: 200
Total iterations: 49600800 LUP
FLOP: 11
Total work: 545608800 FLOP
performance: 8.871299 GLUP/s
Performance in GFLOP/s: 97.584289
size: 250000
time: 0.005591
[1;34m[pthread wrapper] 
[0m[1;34m[pthread wrapper] MAIN -> 0
[0m[1;34m[pthread wrapper] PIN_MASK: [0m[1;34m0->1  [0m[1;34m1->2  [0m[1;34m2->3  [0m[1;34m3->4  [0m[1;34m4->5  [0m[1;34m5->6  [0m[1;34m6->7  [0m[1;34m7->8  [0m[1;34m8->9  [0m[1;34m9->10  [0m[1;34m10->11  [0m[1;34m11->12  [0m[1;34m12->13  [0m[1;34m13->14  [0m[1;34m14->15  [0m[1;34m
[pthread wrapper] SKIP MASK: 0x0
[0m[1;34m	threadid 46918473115392 -> core 1 - OK[0m[1;34m
[0m[1;34m	threadid 46918475216640 -> core 2 - OK[0m[1;34m
[0m[1;34m	threadid 46918477317888 -> core 3 - OK[0m[1;34m
[0m[1;34m	threadid 46918479419136 -> core 4 - OK[0m[1;34m
[0m[1;34m	threadid 46918481520384 -> core 5 - OK[0m[1;34m
[0m[1;34m	threadid 46918483621632 -> core 6 - OK[0m[1;34m
[0m[1;34m	threadid 46918485722880 -> core 7 - OK[0m[1;34m
[0m[1;34m	threadid 46918487824128 -> core 8 - OK[0m[1;34m
[0m[1;34m	threadid 46918489925376 -> core 9 - OK[0m[1;34m
[0m[1;34m	threadid 46918492026624 -> core 10 - OK[0m[1;34m
[0m[1;34m	threadid 46918494127872 -> core 11 - OK[0m[1;34m
[0m[1;34m	threadid 46918496229120 -> core 12 - OK[0m[1;34m
[0m[1;34m	threadid 46918498330368 -> core 13 - OK[0m[1;34m
[0m[1;34m	threadid 46918500431616 -> core 14 - OK[0m[1;34m
[0m[1;34m	threadid 46918502532864 -> core 15 - OK[0m[1;34m
[0miterations: 200
Total iterations: 49600800 LUP
FLOP: 11
Total work: 545608800 FLOP
performance: 8.969597 GLUP/s
Performance in GFLOP/s: 98.665567
size: 250000
time: 0.005530
[1;34m[pthread wrapper] 
[0m[1;34m[pthread wrapper] MAIN -> 0
[0m[1;34m[pthread wrapper] PIN_MASK: [0m[1;34m0->1  [0m[1;34m1->2  [0m[1;34m2->3  [0m[1;34m3->4  [0m[1;34m4->5  [0m[1;34m5->6  [0m[1;34m6->7  [0m[1;34m7->8  [0m[1;34m8->9  [0m[1;34m9->10  [0m[1;34m10->11  [0m[1;34m11->12  [0m[1;34m12->13  [0m[1;34m13->14  [0m[1;34m14->15  [0m[1;34m
[pthread wrapper] SKIP MASK: 0x0
[0m[1;34m	threadid 47966992094976 -> core 1 - OK[0m[1;34m
[0m[1;34m	threadid 47966994196224 -> core 2 - OK[0m[1;34m
[0m[1;34m	threadid 47966996297472 -> core 3 - OK[0m[1;34m
[0m[1;34m	threadid 47966998398720 -> core 4 - OK[0m[1;34m
[0m[1;34m	threadid 47967000499968 -> core 5 - OK[0m[1;34m
[0m[1;34m	threadid 47967002601216 -> core 6 - OK[0m[1;34m
[0m[1;34m	threadid 47967004702464 -> core 7 - OK[0m[1;34m
[0m[1;34m	threadid 47967006803712 -> core 8 - OK[0m[1;34m
[0m[1;34m	threadid 47967008904960 -> core 9 - OK[0m[1;34m
[0m[1;34m	threadid 47967011006208 -> core 10 - OK[0m[1;34m
[0m[1;34m	threadid 47967013107456 -> core 11 - OK[0m[1;34m
[0m[1;34m	threadid 47967015208704 -> core 12 - OK[0m[1;34m
[0m[1;34m	threadid 47967017309952 -> core 13 - OK[0m[1;34m
[0m[1;34m	threadid 47967019411200 -> core 14 - OK[0m[1;34m
[0m[1;34m	threadid 47967021512448 -> core 15 - OK[0m[1;34m
[0miterations: 200
Total iterations: 49600800 LUP
FLOP: 11
Total work: 545608800 FLOP
performance: 9.064565 GLUP/s
Performance in GFLOP/s: 99.710216
size: 250000
time: 0.005472
