[1;34m[pthread wrapper] 
[0m[1;34m[pthread wrapper] MAIN -> 0
[0m[1;34m[pthread wrapper] PIN_MASK: [0m[1;34m0->1  [0m[1;34m1->2  [0m[1;34m2->3  [0m[1;34m3->4  [0m[1;34m4->5  [0m[1;34m5->6  [0m[1;34m6->7  [0m[1;34m7->8  [0m[1;34m8->9  [0m[1;34m9->20  [0m[1;34m10->21  [0m[1;34m11->22  [0m[1;34m12->23  [0m[1;34m13->24  [0m[1;34m14->25  [0m[1;34m
[pthread wrapper] SKIP MASK: 0x0
[0m[1;34m	threadid 46979790309120 -> core 1 - OK[0m[1;34m
[0m[1;34m	threadid 46979792410368 -> core 2 - OK[0m[1;34m
[0m[1;34m	threadid 46979794511616 -> core 3 - OK[0m[1;34m
[0m[1;34m	threadid 46979796612864 -> core 4 - OK[0m[1;34m
[0m[1;34m	threadid 46979798714112 -> core 5 - OK[0m[1;34m
[0m[1;34m	threadid 46979800815360 -> core 6 - OK[0m[1;34m
[0m[1;34m	threadid 46979802916608 -> core 7 - OK[0m[1;34m
[0m[1;34m	threadid 46979805017856 -> core 8 - OK[0m[1;34m
[0m[1;34m	threadid 46979807119104 -> core 9 - OK[0m[1;34m
[0m[1;34m	threadid 46979809220352 -> core 20 - OK[0m[1;34m
[0m[1;34m	threadid 46979811321600 -> core 21 - OK[0m[1;34m
[0m[1;34m	threadid 46979813422848 -> core 22 - OK[0m[1;34m
[0m[1;34m	threadid 46979815524096 -> core 23 - OK[0m[1;34m
[0m[1;34m	threadid 46979817625344 -> core 24 - OK[0m[1;34m
[0m[1;34m	threadid 46979819726592 -> core 25 - OK[0m[1;34m
[0miterations: 120
Total iterations: 1078560480 LUP
FLOP: 11
Total work: 11864165280 FLOP
performance: 2.184196 GLUP/s
Performance in GFLOP/s: 24.026155
size: 9000000
time: 0.493802
[1;34m[pthread wrapper] 
[0m[1;34m[pthread wrapper] MAIN -> 0
[0m[1;34m[pthread wrapper] PIN_MASK: [0m[1;34m0->1  [0m[1;34m1->2  [0m[1;34m2->3  [0m[1;34m3->4  [0m[1;34m4->5  [0m[1;34m5->6  [0m[1;34m6->7  [0m[1;34m7->8  [0m[1;34m8->9  [0m[1;34m9->20  [0m[1;34m10->21  [0m[1;34m11->22  [0m[1;34m12->23  [0m[1;34m13->24  [0m[1;34m14->25  [0m[1;34m
[pthread wrapper] SKIP MASK: 0x0
[0m[1;34m	threadid 47565592844032 -> core 1 - OK[0m[1;34m
[0m[1;34m	threadid 47565594945280 -> core 2 - OK[0m[1;34m
[0m[1;34m	threadid 47565597046528 -> core 3 - OK[0m[1;34m
[0m[1;34m	threadid 47565599147776 -> core 4 - OK[0m[1;34m
[0m[1;34m	threadid 47565601249024 -> core 5 - OK[0m[1;34m
[0m[1;34m	threadid 47565603350272 -> core 6 - OK[0m[1;34m
[0m[1;34m	threadid 47565605451520 -> core 7 - OK[0m[1;34m
[0m[1;34m	threadid 47565607552768 -> core 8 - OK[0m[1;34m
[0m[1;34m	threadid 47565609654016 -> core 9 - OK[0m[1;34m
[0m[1;34m	threadid 47565611755264 -> core 20 - OK[0m[1;34m
[0m[1;34m	threadid 47565613856512 -> core 21 - OK[0m[1;34m
[0m[1;34m	threadid 47565615957760 -> core 22 - OK[0m[1;34m
[0m[1;34m	threadid 47565618059008 -> core 23 - OK[0m[1;34m
[0m[1;34m	threadid 47565620160256 -> core 24 - OK[0m[1;34m
[0m[1;34m	threadid 47565622261504 -> core 25 - OK[0m[1;34m
[0miterations: 120
Total iterations: 1078560480 LUP
FLOP: 11
Total work: 11864165280 FLOP
performance: 2.203695 GLUP/s
Performance in GFLOP/s: 24.240641
size: 9000000
time: 0.489433
[1;34m[pthread wrapper] 
[0m[1;34m[pthread wrapper] MAIN -> 0
[0m[1;34m[pthread wrapper] PIN_MASK: [0m[1;34m0->1  [0m[1;34m1->2  [0m[1;34m2->3  [0m[1;34m3->4  [0m[1;34m4->5  [0m[1;34m5->6  [0m[1;34m6->7  [0m[1;34m7->8  [0m[1;34m8->9  [0m[1;34m9->20  [0m[1;34m10->21  [0m[1;34m11->22  [0m[1;34m12->23  [0m[1;34m13->24  [0m[1;34m14->25  [0m[1;34m
[pthread wrapper] SKIP MASK: 0x0
[0m[1;34m	threadid 46936571029248 -> core 1 - OK[0m[1;34m
[0m[1;34m	threadid 46936573130496 -> core 2 - OK[0m[1;34m
[0m[1;34m	threadid 46936575231744 -> core 3 - OK[0m[1;34m
[0m[1;34m	threadid 46936577332992 -> core 4 - OK[0m[1;34m
[0m[1;34m	threadid 46936579434240 -> core 5 - OK[0m[1;34m
[0m[1;34m	threadid 46936581535488 -> core 6 - OK[0m[1;34m
[0m[1;34m	threadid 46936583636736 -> core 7 - OK[0m[1;34m
[0m[1;34m	threadid 46936585737984 -> core 8 - OK[0m[1;34m
[0m[1;34m	threadid 46936587839232 -> core 9 - OK[0m[1;34m
[0m[1;34m	threadid 46936589940480 -> core 20 - OK[0m[1;34m
[0m[1;34m	threadid 46936592041728 -> core 21 - OK[0m[1;34m
[0m[1;34m	threadid 46936594142976 -> core 22 - OK[0m[1;34m
[0m[1;34m	threadid 46936596244224 -> core 23 - OK[0m[1;34m
[0m[1;34m	threadid 46936598345472 -> core 24 - OK[0m[1;34m
[0m[1;34m	threadid 46936600446720 -> core 25 - OK[0m[1;34m
[0miterations: 120
Total iterations: 1078560480 LUP
FLOP: 11
Total work: 11864165280 FLOP
performance: 2.202348 GLUP/s
Performance in GFLOP/s: 24.225831
size: 9000000
time: 0.489732
[1;34m[pthread wrapper] 
[0m[1;34m[pthread wrapper] MAIN -> 0
[0m[1;34m[pthread wrapper] PIN_MASK: [0m[1;34m0->1  [0m[1;34m1->2  [0m[1;34m2->3  [0m[1;34m3->4  [0m[1;34m4->5  [0m[1;34m5->6  [0m[1;34m6->7  [0m[1;34m7->8  [0m[1;34m8->9  [0m[1;34m9->20  [0m[1;34m10->21  [0m[1;34m11->22  [0m[1;34m12->23  [0m[1;34m13->24  [0m[1;34m14->25  [0m[1;34m
[pthread wrapper] SKIP MASK: 0x0
[0m[1;34m	threadid 46993206392576 -> core 1 - OK[0m[1;34m
[0m[1;34m	threadid 46993208493824 -> core 2 - OK[0m[1;34m
[0m[1;34m	threadid 46993210595072 -> core 3 - OK[0m[1;34m
[0m[1;34m	threadid 46993212696320 -> core 4 - OK[0m[1;34m
[0m[1;34m	threadid 46993214797568 -> core 5 - OK[0m[1;34m
[0m[1;34m	threadid 46993216898816 -> core 6 - OK[0m[1;34m
[0m[1;34m	threadid 46993219000064 -> core 7 - OK[0m[1;34m
[0m[1;34m	threadid 46993221101312 -> core 8 - OK[0m[1;34m
[0m[1;34m	threadid 46993223202560 -> core 9 - OK[0m[1;34m
[0m[1;34m	threadid 46993225303808 -> core 20 - OK[0m[1;34m
[0m[1;34m	threadid 46993227405056 -> core 21 - OK[0m[1;34m
[0m[1;34m	threadid 46993229506304 -> core 22 - OK[0m[1;34m
[0m[1;34m	threadid 46993231607552 -> core 23 - OK[0m[1;34m
[0m[1;34m	threadid 46993233708800 -> core 24 - OK[0m[1;34m
[0m[1;34m	threadid 46993235810048 -> core 25 - OK[0m[1;34m
[0miterations: 120
Total iterations: 1078560480 LUP
FLOP: 11
Total work: 11864165280 FLOP
performance: 2.181184 GLUP/s
Performance in GFLOP/s: 23.993024
size: 9000000
time: 0.494484
[1;34m[pthread wrapper] 
[0m[1;34m[pthread wrapper] MAIN -> 0
[0m[1;34m[pthread wrapper] PIN_MASK: [0m[1;34m0->1  [0m[1;34m1->2  [0m[1;34m2->3  [0m[1;34m3->4  [0m[1;34m4->5  [0m[1;34m5->6  [0m[1;34m6->7  [0m[1;34m7->8  [0m[1;34m8->9  [0m[1;34m9->20  [0m[1;34m10->21  [0m[1;34m11->22  [0m[1;34m12->23  [0m[1;34m13->24  [0m[1;34m14->25  [0m[1;34m
[pthread wrapper] SKIP MASK: 0x0
[0m[1;34m	threadid 47954050291456 -> core 1 - OK[0m[1;34m
[0m[1;34m	threadid 47954052392704 -> core 2 - OK[0m[1;34m
[0m[1;34m	threadid 47954054493952 -> core 3 - OK[0m[1;34m
[0m[1;34m	threadid 47954056595200 -> core 4 - OK[0m[1;34m
[0m[1;34m	threadid 47954058696448 -> core 5 - OK[0m[1;34m
[0m[1;34m	threadid 47954060797696 -> core 6 - OK[0m[1;34m
[0m[1;34m	threadid 47954062898944 -> core 7 - OK[0m[1;34m
[0m[1;34m	threadid 47954065000192 -> core 8 - OK[0m[1;34m
[0m[1;34m	threadid 47954067101440 -> core 9 - OK[0m[1;34m
[0m[1;34m	threadid 47954069202688 -> core 20 - OK[0m[1;34m
[0m[1;34m	threadid 47954071303936 -> core 21 - OK[0m[1;34m
[0m[1;34m	threadid 47954073405184 -> core 22 - OK[0m[1;34m
[0m[1;34m	threadid 47954075506432 -> core 23 - OK[0m[1;34m
[0m[1;34m	threadid 47954077607680 -> core 24 - OK[0m[1;34m
[0m[1;34m	threadid 47954079708928 -> core 25 - OK[0m[1;34m
[0miterations: 120
Total iterations: 1078560480 LUP
FLOP: 11
Total work: 11864165280 FLOP
performance: 2.210129 GLUP/s
Performance in GFLOP/s: 24.311414
size: 9000000
time: 0.488008
[1;34m[pthread wrapper] 
[0m[1;34m[pthread wrapper] MAIN -> 0
[0m[1;34m[pthread wrapper] PIN_MASK: [0m[1;34m0->1  [0m[1;34m1->2  [0m[1;34m2->3  [0m[1;34m3->4  [0m[1;34m4->5  [0m[1;34m5->6  [0m[1;34m6->7  [0m[1;34m7->8  [0m[1;34m8->9  [0m[1;34m9->20  [0m[1;34m10->21  [0m[1;34m11->22  [0m[1;34m12->23  [0m[1;34m13->24  [0m[1;34m14->25  [0m[1;34m
[pthread wrapper] SKIP MASK: 0x0
[0m[1;34m	threadid 48000655496960 -> core 1 - OK[0m[1;34m
[0m[1;34m	threadid 48000657598208 -> core 2 - OK[0m[1;34m
[0m[1;34m	threadid 48000659699456 -> core 3 - OK[0m[1;34m
[0m[1;34m	threadid 48000661800704 -> core 4 - OK[0m[1;34m
[0m[1;34m	threadid 48000663901952 -> core 5 - OK[0m[1;34m
[0m[1;34m	threadid 48000666003200 -> core 6 - OK[0m[1;34m
[0m[1;34m	threadid 48000668104448 -> core 7 - OK[0m[1;34m
[0m[1;34m	threadid 48000670205696 -> core 8 - OK[0m[1;34m
[0m[1;34m	threadid 48000672306944 -> core 9 - OK[0m[1;34m
[0m[1;34m	threadid 48000674408192 -> core 20 - OK[0m[1;34m
[0m[1;34m	threadid 48000676509440 -> core 21 - OK[0m[1;34m
[0m[1;34m	threadid 48000678610688 -> core 22 - OK[0m[1;34m
[0m[1;34m	threadid 48000680711936 -> core 23 - OK[0m[1;34m
[0m[1;34m	threadid 48000682813184 -> core 24 - OK[0m[1;34m
[0m[1;34m	threadid 48000684914432 -> core 25 - OK[0m[1;34m
[0miterations: 120
Total iterations: 1078560480 LUP
FLOP: 11
Total work: 11864165280 FLOP
performance: 2.181736 GLUP/s
Performance in GFLOP/s: 23.999099
size: 9000000
time: 0.494359
[1;34m[pthread wrapper] 
[0m[1;34m[pthread wrapper] MAIN -> 0
[0m[1;34m[pthread wrapper] PIN_MASK: [0m[1;34m0->1  [0m[1;34m1->2  [0m[1;34m2->3  [0m[1;34m3->4  [0m[1;34m4->5  [0m[1;34m5->6  [0m[1;34m6->7  [0m[1;34m7->8  [0m[1;34m8->9  [0m[1;34m9->20  [0m[1;34m10->21  [0m[1;34m11->22  [0m[1;34m12->23  [0m[1;34m13->24  [0m[1;34m14->25  [0m[1;34m
[pthread wrapper] SKIP MASK: 0x0
[0m[1;34m	threadid 47354099664640 -> core 1 - OK[0m[1;34m
[0m[1;34m	threadid 47354101765888 -> core 2 - OK[0m[1;34m
[0m[1;34m	threadid 47354103867136 -> core 3 - OK[0m[1;34m
[0m[1;34m	threadid 47354105968384 -> core 4 - OK[0m[1;34m
[0m[1;34m	threadid 47354108069632 -> core 5 - OK[0m[1;34m
[0m[1;34m	threadid 47354110170880 -> core 6 - OK[0m[1;34m
[0m[1;34m	threadid 47354112272128 -> core 7 - OK[0m[1;34m
[0m[1;34m	threadid 47354114373376 -> core 8 - OK[0m[1;34m
[0m[1;34m	threadid 47354116474624 -> core 9 - OK[0m[1;34m
[0m[1;34m	threadid 47354118575872 -> core 20 - OK[0m[1;34m
[0m[1;34m	threadid 47354120677120 -> core 21 - OK[0m[1;34m
[0m[1;34m	threadid 47354122778368 -> core 22 - OK[0m[1;34m
[0m[1;34m	threadid 47354124879616 -> core 23 - OK[0m[1;34m
[0m[1;34m	threadid 47354126980864 -> core 24 - OK[0m[1;34m
[0m[1;34m	threadid 47354129082112 -> core 25 - OK[0m[1;34m
[0miterations: 120
Total iterations: 1078560480 LUP
FLOP: 11
Total work: 11864165280 FLOP
performance: 2.175750 GLUP/s
Performance in GFLOP/s: 23.933249
size: 9000000
time: 0.495719
[1;34m[pthread wrapper] 
[0m[1;34m[pthread wrapper] MAIN -> 0
[0m[1;34m[pthread wrapper] PIN_MASK: [0m[1;34m0->1  [0m[1;34m1->2  [0m[1;34m2->3  [0m[1;34m3->4  [0m[1;34m4->5  [0m[1;34m5->6  [0m[1;34m6->7  [0m[1;34m7->8  [0m[1;34m8->9  [0m[1;34m9->20  [0m[1;34m10->21  [0m[1;34m11->22  [0m[1;34m12->23  [0m[1;34m13->24  [0m[1;34m14->25  [0m[1;34m
[pthread wrapper] SKIP MASK: 0x0
[0m[1;34m	threadid 47594974328576 -> core 1 - OK[0m[1;34m
[0m[1;34m	threadid 47594976429824 -> core 2 - OK[0m[1;34m
[0m[1;34m	threadid 47594978531072 -> core 3 - OK[0m[1;34m
[0m[1;34m	threadid 47594980632320 -> core 4 - OK[0m[1;34m
[0m[1;34m	threadid 47594982733568 -> core 5 - OK[0m[1;34m
[0m[1;34m	threadid 47594984834816 -> core 6 - OK[0m[1;34m
[0m[1;34m	threadid 47594986936064 -> core 7 - OK[0m[1;34m
[0m[1;34m	threadid 47594989037312 -> core 8 - OK[0m[1;34m
[0m[1;34m	threadid 47594991138560 -> core 9 - OK[0m[1;34m
[0m[1;34m	threadid 47594993239808 -> core 20 - OK[0m[1;34m
[0m[1;34m	threadid 47594995341056 -> core 21 - OK[0m[1;34m
[0m[1;34m	threadid 47594997442304 -> core 22 - OK[0m[1;34m
[0m[1;34m	threadid 47594999543552 -> core 23 - OK[0m[1;34m
[0m[1;34m	threadid 47595001644800 -> core 24 - OK[0m[1;34m
[0m[1;34m	threadid 47595003746048 -> core 25 - OK[0m[1;34m
[0miterations: 120
Total iterations: 1078560480 LUP
FLOP: 11
Total work: 11864165280 FLOP
performance: 2.199783 GLUP/s
Performance in GFLOP/s: 24.197617
size: 9000000
time: 0.490303
[1;34m[pthread wrapper] 
[0m[1;34m[pthread wrapper] MAIN -> 0
[0m[1;34m[pthread wrapper] PIN_MASK: [0m[1;34m0->1  [0m[1;34m1->2  [0m[1;34m2->3  [0m[1;34m3->4  [0m[1;34m4->5  [0m[1;34m5->6  [0m[1;34m6->7  [0m[1;34m7->8  [0m[1;34m8->9  [0m[1;34m9->20  [0m[1;34m10->21  [0m[1;34m11->22  [0m[1;34m12->23  [0m[1;34m13->24  [0m[1;34m14->25  [0m[1;34m
[pthread wrapper] SKIP MASK: 0x0
[0m[1;34m	threadid 47838043043584 -> core 1 - OK[0m[1;34m
[0m[1;34m	threadid 47838045144832 -> core 2 - OK[0m[1;34m
[0m[1;34m	threadid 47838047246080 -> core 3 - OK[0m[1;34m
[0m[1;34m	threadid 47838049347328 -> core 4 - OK[0m[1;34m
[0m[1;34m	threadid 47838051448576 -> core 5 - OK[0m[1;34m
[0m[1;34m	threadid 47838053549824 -> core 6 - OK[0m[1;34m
[0m[1;34m	threadid 47838055651072 -> core 7 - OK[0m[1;34m
[0m[1;34m	threadid 47838057752320 -> core 8 - OK[0m[1;34m
[0m[1;34m	threadid 47838059853568 -> core 9 - OK[0m[1;34m
[0m[1;34m	threadid 47838061954816 -> core 20 - OK[0m[1;34m
[0m[1;34m	threadid 47838064056064 -> core 21 - OK[0m[1;34m
[0m[1;34m	threadid 47838066157312 -> core 22 - OK[0m[1;34m
[0m[1;34m	threadid 47838068258560 -> core 23 - OK[0m[1;34m
[0m[1;34m	threadid 47838070359808 -> core 24 - OK[0m[1;34m
[0m[1;34m	threadid 47838072461056 -> core 25 - OK[0m[1;34m
[0miterations: 120
Total iterations: 1078560480 LUP
FLOP: 11
Total work: 11864165280 FLOP
performance: 2.195360 GLUP/s
Performance in GFLOP/s: 24.148955
size: 9000000
time: 0.491291
[1;34m[pthread wrapper] 
[0m[1;34m[pthread wrapper] MAIN -> 0
[0m[1;34m[pthread wrapper] PIN_MASK: [0m[1;34m0->1  [0m[1;34m1->2  [0m[1;34m2->3  [0m[1;34m3->4  [0m[1;34m4->5  [0m[1;34m5->6  [0m[1;34m6->7  [0m[1;34m7->8  [0m[1;34m8->9  [0m[1;34m9->20  [0m[1;34m10->21  [0m[1;34m11->22  [0m[1;34m12->23  [0m[1;34m13->24  [0m[1;34m14->25  [0m[1;34m
[pthread wrapper] SKIP MASK: 0x0
[0m[1;34m	threadid 47611947321088 -> core 1 - OK[0m[1;34m
[0m[1;34m	threadid 47611949422336 -> core 2 - OK[0m[1;34m
[0m[1;34m	threadid 47611951523584 -> core 3 - OK[0m[1;34m
[0m[1;34m	threadid 47611953624832 -> core 4 - OK[0m[1;34m
[0m[1;34m	threadid 47611955726080 -> core 5 - OK[0m[1;34m
[0m[1;34m	threadid 47611957827328 -> core 6 - OK[0m[1;34m
[0m[1;34m	threadid 47611959928576 -> core 7 - OK[0m[1;34m
[0m[1;34m	threadid 47611962029824 -> core 8 - OK[0m[1;34m
[0m[1;34m	threadid 47611964131072 -> core 9 - OK[0m[1;34m
[0m[1;34m	threadid 47611966232320 -> core 20 - OK[0m[1;34m
[0m[1;34m	threadid 47611968333568 -> core 21 - OK[0m[1;34m
[0m[1;34m	threadid 47611970434816 -> core 22 - OK[0m[1;34m
[0m[1;34m	threadid 47611972536064 -> core 23 - OK[0m[1;34m
[0m[1;34m	threadid 47611974637312 -> core 24 - OK[0m[1;34m
[0m[1;34m	threadid 47611976738560 -> core 25 - OK[0m[1;34m
[0miterations: 120
Total iterations: 1078560480 LUP
FLOP: 11
Total work: 11864165280 FLOP
performance: 2.187279 GLUP/s
Performance in GFLOP/s: 24.060065
size: 9000000
time: 0.493106
