[1;34m[pthread wrapper] 
[0m[1;34m[pthread wrapper] MAIN -> 0
[0m[1;34m[pthread wrapper] PIN_MASK: [0m[1;34m0->1  [0m[1;34m1->2  [0m[1;34m2->3  [0m[1;34m3->4  [0m[1;34m4->5  [0m[1;34m5->6  [0m[1;34m6->7  [0m[1;34m7->10  [0m[1;34m8->11  [0m[1;34m9->12  [0m[1;34m10->13  [0m[1;34m11->14  [0m[1;34m12->15  [0m[1;34m13->16  [0m[1;34m14->17  [0m[1;34m
[pthread wrapper] SKIP MASK: 0x0
[0m[1;34m	threadid 47164563003136 -> core 1 - OK[0m[1;34m
[0m[1;34m	threadid 47164565104384 -> core 2 - OK[0m[1;34m
[0m[1;34m	threadid 47164567205632 -> core 3 - OK[0m[1;34m
[0m[1;34m	threadid 47164569306880 -> core 4 - OK[0m[1;34m
[0m[1;34m	threadid 47164571408128 -> core 5 - OK[0m[1;34m
[0m[1;34m	threadid 47164573509376 -> core 6 - OK[0m[1;34m
[0m[1;34m	threadid 47164575610624 -> core 7 - OK[0m[1;34m
[0m[1;34m	threadid 47164577711872 -> core 10 - OK[0m[1;34m
[0m[1;34m	threadid 47164579813120 -> core 11 - OK[0m[1;34m
[0m[1;34m	threadid 47164581914368 -> core 12 - OK[0m[1;34m
[0m[1;34m	threadid 47164584015616 -> core 13 - OK[0m[1;34m
[0m[1;34m	threadid 47164586116864 -> core 14 - OK[0m[1;34m
[0m[1;34m	threadid 47164588218112 -> core 15 - OK[0m[1;34m
[0m[1;34m	threadid 47164590319360 -> core 16 - OK[0m[1;34m
[0m[1;34m	threadid 47164592420608 -> core 17 - OK[0m[1;34m
[0miterations: 120
Total iterations: 1078560480 LUP
FLOP: 11
Total work: 11864165280 FLOP
performance: 4.298182 GLUP/s
Performance in GFLOP/s: 47.280000
size: 9000000
time: 0.250934
[1;34m[pthread wrapper] 
[0m[1;34m[pthread wrapper] MAIN -> 0
[0m[1;34m[pthread wrapper] PIN_MASK: [0m[1;34m0->1  [0m[1;34m1->2  [0m[1;34m2->3  [0m[1;34m3->4  [0m[1;34m4->5  [0m[1;34m5->6  [0m[1;34m6->7  [0m[1;34m7->10  [0m[1;34m8->11  [0m[1;34m9->12  [0m[1;34m10->13  [0m[1;34m11->14  [0m[1;34m12->15  [0m[1;34m13->16  [0m[1;34m14->17  [0m[1;34m
[pthread wrapper] SKIP MASK: 0x0
[0m[1;34m	threadid 47787407083264 -> core 1 - OK[0m[1;34m
[0m[1;34m	threadid 47787409184512 -> core 2 - OK[0m[1;34m
[0m[1;34m	threadid 47787411285760 -> core 3 - OK[0m[1;34m
[0m[1;34m	threadid 47787413387008 -> core 4 - OK[0m[1;34m
[0m[1;34m	threadid 47787415488256 -> core 5 - OK[0m[1;34m
[0m[1;34m	threadid 47787417589504 -> core 6 - OK[0m[1;34m
[0m[1;34m	threadid 47787419690752 -> core 7 - OK[0m[1;34m
[0m[1;34m	threadid 47787421792000 -> core 10 - OK[0m[1;34m
[0m[1;34m	threadid 47787423893248 -> core 11 - OK[0m[1;34m
[0m[1;34m	threadid 47787425994496 -> core 12 - OK[0m[1;34m
[0m[1;34m	threadid 47787428095744 -> core 13 - OK[0m[1;34m
[0m[1;34m	threadid 47787430196992 -> core 14 - OK[0m[1;34m
[0m[1;34m	threadid 47787432298240 -> core 15 - OK[0m[1;34m
[0m[1;34m	threadid 47787434399488 -> core 16 - OK[0m[1;34m
[0m[1;34m	threadid 47787436500736 -> core 17 - OK[0m[1;34m
[0miterations: 120
Total iterations: 1078560480 LUP
FLOP: 11
Total work: 11864165280 FLOP
performance: 4.176551 GLUP/s
Performance in GFLOP/s: 45.942063
size: 9000000
time: 0.258242
[1;34m[pthread wrapper] 
[0m[1;34m[pthread wrapper] MAIN -> 0
[0m[1;34m[pthread wrapper] PIN_MASK: [0m[1;34m0->1  [0m[1;34m1->2  [0m[1;34m2->3  [0m[1;34m3->4  [0m[1;34m4->5  [0m[1;34m5->6  [0m[1;34m6->7  [0m[1;34m7->10  [0m[1;34m8->11  [0m[1;34m9->12  [0m[1;34m10->13  [0m[1;34m11->14  [0m[1;34m12->15  [0m[1;34m13->16  [0m[1;34m14->17  [0m[1;34m
[pthread wrapper] SKIP MASK: 0x0
[0m[1;34m	threadid 47381591656192 -> core 1 - OK[0m[1;34m
[0m[1;34m	threadid 47381593757440 -> core 2 - OK[0m[1;34m
[0m[1;34m	threadid 47381595858688 -> core 3 - OK[0m[1;34m
[0m[1;34m	threadid 47381597959936 -> core 4 - OK[0m[1;34m
[0m[1;34m	threadid 47381600061184 -> core 5 - OK[0m[1;34m
[0m[1;34m	threadid 47381602162432 -> core 6 - OK[0m[1;34m
[0m[1;34m	threadid 47381604263680 -> core 7 - OK[0m[1;34m
[0m[1;34m	threadid 47381606364928 -> core 10 - OK[0m[1;34m
[0m[1;34m	threadid 47381608466176 -> core 11 - OK[0m[1;34m
[0m[1;34m	threadid 47381610567424 -> core 12 - OK[0m[1;34m
[0m[1;34m	threadid 47381612668672 -> core 13 - OK[0m[1;34m
[0m[1;34m	threadid 47381614769920 -> core 14 - OK[0m[1;34m
[0m[1;34m	threadid 47381616871168 -> core 15 - OK[0m[1;34m
[0m[1;34m	threadid 47381618972416 -> core 16 - OK[0m[1;34m
[0m[1;34m	threadid 47381621073664 -> core 17 - OK[0m[1;34m
[0miterations: 120
Total iterations: 1078560480 LUP
FLOP: 11
Total work: 11864165280 FLOP
performance: 4.212679 GLUP/s
Performance in GFLOP/s: 46.339468
size: 9000000
time: 0.256027
[1;34m[pthread wrapper] 
[0m[1;34m[pthread wrapper] MAIN -> 0
[0m[1;34m[pthread wrapper] PIN_MASK: [0m[1;34m0->1  [0m[1;34m1->2  [0m[1;34m2->3  [0m[1;34m3->4  [0m[1;34m4->5  [0m[1;34m5->6  [0m[1;34m6->7  [0m[1;34m7->10  [0m[1;34m8->11  [0m[1;34m9->12  [0m[1;34m10->13  [0m[1;34m11->14  [0m[1;34m12->15  [0m[1;34m13->16  [0m[1;34m14->17  [0m[1;34m
[pthread wrapper] SKIP MASK: 0x0
[0m[1;34m	threadid 47100639192832 -> core 1 - OK[0m[1;34m
[0m[1;34m	threadid 47100641294080 -> core 2 - OK[0m[1;34m
[0m[1;34m	threadid 47100643395328 -> core 3 - OK[0m[1;34m
[0m[1;34m	threadid 47100645496576 -> core 4 - OK[0m[1;34m
[0m[1;34m	threadid 47100647597824 -> core 5 - OK[0m[1;34m
[0m[1;34m	threadid 47100649699072 -> core 6 - OK[0m[1;34m
[0m[1;34m	threadid 47100651800320 -> core 7 - OK[0m[1;34m
[0m[1;34m	threadid 47100653901568 -> core 10 - OK[0m[1;34m
[0m[1;34m	threadid 47100656002816 -> core 11 - OK[0m[1;34m
[0m[1;34m	threadid 47100658104064 -> core 12 - OK[0m[1;34m
[0m[1;34m	threadid 47100660205312 -> core 13 - OK[0m[1;34m
[0m[1;34m	threadid 47100662306560 -> core 14 - OK[0m[1;34m
[0m[1;34m	threadid 47100664407808 -> core 15 - OK[0m[1;34m
[0m[1;34m	threadid 47100666509056 -> core 16 - OK[0m[1;34m
[0m[1;34m	threadid 47100668610304 -> core 17 - OK[0m[1;34m
[0miterations: 120
Total iterations: 1078560480 LUP
FLOP: 11
Total work: 11864165280 FLOP
performance: 4.156321 GLUP/s
Performance in GFLOP/s: 45.719532
size: 9000000
time: 0.259499
[1;34m[pthread wrapper] 
[0m[1;34m[pthread wrapper] MAIN -> 0
[0m[1;34m[pthread wrapper] PIN_MASK: [0m[1;34m0->1  [0m[1;34m1->2  [0m[1;34m2->3  [0m[1;34m3->4  [0m[1;34m4->5  [0m[1;34m5->6  [0m[1;34m6->7  [0m[1;34m7->10  [0m[1;34m8->11  [0m[1;34m9->12  [0m[1;34m10->13  [0m[1;34m11->14  [0m[1;34m12->15  [0m[1;34m13->16  [0m[1;34m14->17  [0m[1;34m
[pthread wrapper] SKIP MASK: 0x0
[0m[1;34m	threadid 47599436486400 -> core 1 - OK[0m[1;34m
[0m[1;34m	threadid 47599438587648 -> core 2 - OK[0m[1;34m
[0m[1;34m	threadid 47599440688896 -> core 3 - OK[0m[1;34m
[0m[1;34m	threadid 47599442790144 -> core 4 - OK[0m[1;34m
[0m[1;34m	threadid 47599444891392 -> core 5 - OK[0m[1;34m
[0m[1;34m	threadid 47599446992640 -> core 6 - OK[0m[1;34m
[0m[1;34m	threadid 47599449093888 -> core 7 - OK[0m[1;34m
[0m[1;34m	threadid 47599451195136 -> core 10 - OK[0m[1;34m
[0m[1;34m	threadid 47599453296384 -> core 11 - OK[0m[1;34m
[0m[1;34m	threadid 47599455397632 -> core 12 - OK[0m[1;34m
[0m[1;34m	threadid 47599457498880 -> core 13 - OK[0m[1;34m
[0m[1;34m	threadid 47599459600128 -> core 14 - OK[0m[1;34m
[0m[1;34m	threadid 47599461701376 -> core 15 - OK[0m[1;34m
[0m[1;34m	threadid 47599463802624 -> core 16 - OK[0m[1;34m
[0m[1;34m	threadid 47599465903872 -> core 17 - OK[0m[1;34m
[0miterations: 120
Total iterations: 1078560480 LUP
FLOP: 11
Total work: 11864165280 FLOP
performance: 4.202473 GLUP/s
Performance in GFLOP/s: 46.227199
size: 9000000
time: 0.256649
[1;34m[pthread wrapper] 
[0m[1;34m[pthread wrapper] MAIN -> 0
[0m[1;34m[pthread wrapper] PIN_MASK: [0m[1;34m0->1  [0m[1;34m1->2  [0m[1;34m2->3  [0m[1;34m3->4  [0m[1;34m4->5  [0m[1;34m5->6  [0m[1;34m6->7  [0m[1;34m7->10  [0m[1;34m8->11  [0m[1;34m9->12  [0m[1;34m10->13  [0m[1;34m11->14  [0m[1;34m12->15  [0m[1;34m13->16  [0m[1;34m14->17  [0m[1;34m
[pthread wrapper] SKIP MASK: 0x0
[0m[1;34m	threadid 47103243998976 -> core 1 - OK[0m[1;34m
[0m[1;34m	threadid 47103246100224 -> core 2 - OK[0m[1;34m
[0m[1;34m	threadid 47103248201472 -> core 3 - OK[0m[1;34m
[0m[1;34m	threadid 47103250302720 -> core 4 - OK[0m[1;34m
[0m[1;34m	threadid 47103252403968 -> core 5 - OK[0m[1;34m
[0m[1;34m	threadid 47103254505216 -> core 6 - OK[0m[1;34m
[0m[1;34m	threadid 47103256606464 -> core 7 - OK[0m[1;34m
[0m[1;34m	threadid 47103258707712 -> core 10 - OK[0m[1;34m
[0m[1;34m	threadid 47103260808960 -> core 11 - OK[0m[1;34m
[0m[1;34m	threadid 47103262910208 -> core 12 - OK[0m[1;34m
[0m[1;34m	threadid 47103265011456 -> core 13 - OK[0m[1;34m
[0m[1;34m	threadid 47103267112704 -> core 14 - OK[0m[1;34m
[0m[1;34m	threadid 47103269213952 -> core 15 - OK[0m[1;34m
[0m[1;34m	threadid 47103271315200 -> core 16 - OK[0m[1;34m
[0m[1;34m	threadid 47103273416448 -> core 17 - OK[0m[1;34m
[0miterations: 120
Total iterations: 1078560480 LUP
FLOP: 11
Total work: 11864165280 FLOP
performance: 4.127843 GLUP/s
Performance in GFLOP/s: 45.406274
size: 9000000
time: 0.261289
[1;34m[pthread wrapper] 
[0m[1;34m[pthread wrapper] MAIN -> 0
[0m[1;34m[pthread wrapper] PIN_MASK: [0m[1;34m0->1  [0m[1;34m1->2  [0m[1;34m2->3  [0m[1;34m3->4  [0m[1;34m4->5  [0m[1;34m5->6  [0m[1;34m6->7  [0m[1;34m7->10  [0m[1;34m8->11  [0m[1;34m9->12  [0m[1;34m10->13  [0m[1;34m11->14  [0m[1;34m12->15  [0m[1;34m13->16  [0m[1;34m14->17  [0m[1;34m
[pthread wrapper] SKIP MASK: 0x0
[0m[1;34m	threadid 47573737527040 -> core 1 - OK[0m[1;34m
[0m[1;34m	threadid 47573739628288 -> core 2 - OK[0m[1;34m
[0m[1;34m	threadid 47573741729536 -> core 3 - OK[0m[1;34m
[0m[1;34m	threadid 47573743830784 -> core 4 - OK[0m[1;34m
[0m[1;34m	threadid 47573745932032 -> core 5 - OK[0m[1;34m
[0m[1;34m	threadid 47573748033280 -> core 6 - OK[0m[1;34m
[0m[1;34m	threadid 47573750134528 -> core 7 - OK[0m[1;34m
[0m[1;34m	threadid 47573752235776 -> core 10 - OK[0m[1;34m
[0m[1;34m	threadid 47573754337024 -> core 11 - OK[0m[1;34m
[0m[1;34m	threadid 47573756438272 -> core 12 - OK[0m[1;34m
[0m[1;34m	threadid 47573758539520 -> core 13 - OK[0m[1;34m
[0m[1;34m	threadid 47573760640768 -> core 14 - OK[0m[1;34m
[0m[1;34m	threadid 47573762742016 -> core 15 - OK[0m[1;34m
[0m[1;34m	threadid 47573764843264 -> core 16 - OK[0m[1;34m
[0m[1;34m	threadid 47573766944512 -> core 17 - OK[0m[1;34m
[0miterations: 120
Total iterations: 1078560480 LUP
FLOP: 11
Total work: 11864165280 FLOP
performance: 4.170237 GLUP/s
Performance in GFLOP/s: 45.872607
size: 9000000
time: 0.258633
[1;34m[pthread wrapper] 
[0m[1;34m[pthread wrapper] MAIN -> 0
[0m[1;34m[pthread wrapper] PIN_MASK: [0m[1;34m0->1  [0m[1;34m1->2  [0m[1;34m2->3  [0m[1;34m3->4  [0m[1;34m4->5  [0m[1;34m5->6  [0m[1;34m6->7  [0m[1;34m7->10  [0m[1;34m8->11  [0m[1;34m9->12  [0m[1;34m10->13  [0m[1;34m11->14  [0m[1;34m12->15  [0m[1;34m13->16  [0m[1;34m14->17  [0m[1;34m
[pthread wrapper] SKIP MASK: 0x0
[0m[1;34m	threadid 46942392653568 -> core 1 - OK[0m[1;34m
[0m[1;34m	threadid 46942394754816 -> core 2 - OK[0m[1;34m
[0m[1;34m	threadid 46942396856064 -> core 3 - OK[0m[1;34m
[0m[1;34m	threadid 46942398957312 -> core 4 - OK[0m[1;34m
[0m[1;34m	threadid 46942401058560 -> core 5 - OK[0m[1;34m
[0m[1;34m	threadid 46942403159808 -> core 6 - OK[0m[1;34m
[0m[1;34m	threadid 46942405261056 -> core 7 - OK[0m[1;34m
[0m[1;34m	threadid 46942407362304 -> core 10 - OK[0m[1;34m
[0m[1;34m	threadid 46942409463552 -> core 11 - OK[0m[1;34m
[0m[1;34m	threadid 46942411564800 -> core 12 - OK[0m[1;34m
[0m[1;34m	threadid 46942413666048 -> core 13 - OK[0m[1;34m
[0m[1;34m	threadid 46942415767296 -> core 14 - OK[0m[1;34m
[0m[1;34m	threadid 46942417868544 -> core 15 - OK[0m[1;34m
[0m[1;34m	threadid 46942419969792 -> core 16 - OK[0m[1;34m
[0m[1;34m	threadid 46942422071040 -> core 17 - OK[0m[1;34m
[0miterations: 120
Total iterations: 1078560480 LUP
FLOP: 11
Total work: 11864165280 FLOP
performance: 4.136823 GLUP/s
Performance in GFLOP/s: 45.505055
size: 9000000
time: 0.260722
[1;34m[pthread wrapper] 
[0m[1;34m[pthread wrapper] MAIN -> 0
[0m[1;34m[pthread wrapper] PIN_MASK: [0m[1;34m0->1  [0m[1;34m1->2  [0m[1;34m2->3  [0m[1;34m3->4  [0m[1;34m4->5  [0m[1;34m5->6  [0m[1;34m6->7  [0m[1;34m7->10  [0m[1;34m8->11  [0m[1;34m9->12  [0m[1;34m10->13  [0m[1;34m11->14  [0m[1;34m12->15  [0m[1;34m13->16  [0m[1;34m14->17  [0m[1;34m
[pthread wrapper] SKIP MASK: 0x0
[0m[1;34m	threadid 47141688960768 -> core 1 - OK[0m[1;34m
[0m[1;34m	threadid 47141691062016 -> core 2 - OK[0m[1;34m
[0m[1;34m	threadid 47141693163264 -> core 3 - OK[0m[1;34m
[0m[1;34m	threadid 47141695264512 -> core 4 - OK[0m[1;34m
[0m[1;34m	threadid 47141697365760 -> core 5 - OK[0m[1;34m
[0m[1;34m	threadid 47141699467008 -> core 6 - OK[0m[1;34m
[0m[1;34m	threadid 47141701568256 -> core 7 - OK[0m[1;34m
[0m[1;34m	threadid 47141703669504 -> core 10 - OK[0m[1;34m
[0m[1;34m	threadid 47141705770752 -> core 11 - OK[0m[1;34m
[0m[1;34m	threadid 47141707872000 -> core 12 - OK[0m[1;34m
[0m[1;34m	threadid 47141709973248 -> core 13 - OK[0m[1;34m
[0m[1;34m	threadid 47141712074496 -> core 14 - OK[0m[1;34m
[0m[1;34m	threadid 47141714175744 -> core 15 - OK[0m[1;34m
[0m[1;34m	threadid 47141716276992 -> core 16 - OK[0m[1;34m
[0m[1;34m	threadid 47141718378240 -> core 17 - OK[0m[1;34m
[0miterations: 120
Total iterations: 1078560480 LUP
FLOP: 11
Total work: 11864165280 FLOP
performance: 4.149459 GLUP/s
Performance in GFLOP/s: 45.644047
size: 9000000
time: 0.259928
[1;34m[pthread wrapper] 
[0m[1;34m[pthread wrapper] MAIN -> 0
[0m[1;34m[pthread wrapper] PIN_MASK: [0m[1;34m0->1  [0m[1;34m1->2  [0m[1;34m2->3  [0m[1;34m3->4  [0m[1;34m4->5  [0m[1;34m5->6  [0m[1;34m6->7  [0m[1;34m7->10  [0m[1;34m8->11  [0m[1;34m9->12  [0m[1;34m10->13  [0m[1;34m11->14  [0m[1;34m12->15  [0m[1;34m13->16  [0m[1;34m14->17  [0m[1;34m
[pthread wrapper] SKIP MASK: 0x0
[0m[1;34m	threadid 47768392738560 -> core 1 - OK[0m[1;34m
[0m[1;34m	threadid 47768394839808 -> core 2 - OK[0m[1;34m
[0m[1;34m	threadid 47768396941056 -> core 3 - OK[0m[1;34m
[0m[1;34m	threadid 47768399042304 -> core 4 - OK[0m[1;34m
[0m[1;34m	threadid 47768401143552 -> core 5 - OK[0m[1;34m
[0m[1;34m	threadid 47768403244800 -> core 6 - OK[0m[1;34m
[0m[1;34m	threadid 47768405346048 -> core 7 - OK[0m[1;34m
[0m[1;34m	threadid 47768407447296 -> core 10 - OK[0m[1;34m
[0m[1;34m	threadid 47768409548544 -> core 11 - OK[0m[1;34m
[0m[1;34m	threadid 47768411649792 -> core 12 - OK[0m[1;34m
[0m[1;34m	threadid 47768413751040 -> core 13 - OK[0m[1;34m
[0m[1;34m	threadid 47768415852288 -> core 14 - OK[0m[1;34m
[0m[1;34m	threadid 47768417953536 -> core 15 - OK[0m[1;34m
[0m[1;34m	threadid 47768420054784 -> core 16 - OK[0m[1;34m
[0m[1;34m	threadid 47768422156032 -> core 17 - OK[0m[1;34m
[0miterations: 120
Total iterations: 1078560480 LUP
FLOP: 11
Total work: 11864165280 FLOP
performance: 4.133274 GLUP/s
Performance in GFLOP/s: 45.466014
size: 9000000
time: 0.260946
