iterations: 100
Total iterations: 898800400 LUP
FLOP: 11
Total work: 9886804400 FLOP
performance: 0.667247 GLUP/s
Performance in GFLOP/s: 7.339717
size: 9000000
time: 1.347028
iterations: 100
Total iterations: 898800400 LUP
FLOP: 11
Total work: 9886804400 FLOP
performance: 0.667576 GLUP/s
Performance in GFLOP/s: 7.343337
size: 9000000
time: 1.346364
iterations: 100
Total iterations: 898800400 LUP
FLOP: 11
Total work: 9886804400 FLOP
performance: 0.667692 GLUP/s
Performance in GFLOP/s: 7.344614
size: 9000000
time: 1.346130
iterations: 100
Total iterations: 898800400 LUP
FLOP: 11
Total work: 9886804400 FLOP
performance: 0.666258 GLUP/s
Performance in GFLOP/s: 7.328841
size: 9000000
time: 1.349027
iterations: 100
Total iterations: 898800400 LUP
FLOP: 11
Total work: 9886804400 FLOP
performance: 0.664147 GLUP/s
Performance in GFLOP/s: 7.305615
size: 9000000
time: 1.353316
