[1;34m[pthread wrapper] 
[0m[1;34m[pthread wrapper] MAIN -> 0
[0m[1;34m[pthread wrapper] PIN_MASK: [0m[1;34m0->1  [0m[1;34m1->2  [0m[1;34m2->3  [0m[1;34m3->4  [0m[1;34m4->10  [0m[1;34m5->11  [0m[1;34m6->12  [0m[1;34m7->13  [0m[1;34m8->14  [0m[1;34m
[pthread wrapper] SKIP MASK: 0x0
[0m[1;34m	threadid 47450232755968 -> core 1 - OK[0m[1;34m
[0m[1;34m	threadid 47450234857216 -> core 2 - OK[0m[1;34m
[0m[1;34m	threadid 47450236958464 -> core 3 - OK[0m[1;34m
[0m[1;34m	threadid 47450239059712 -> core 4 - OK[0m[1;34m
[0m[1;34m	threadid 47450241160960 -> core 10 - OK[0m[1;34m
[0m[1;34m	threadid 47450243262208 -> core 11 - OK[0m[1;34m
[0m[1;34m	threadid 47450245363456 -> core 12 - OK[0m[1;34m
[0m[1;34m	threadid 47450247464704 -> core 13 - OK[0m[1;34m
[0m[1;34m	threadid 47450249565952 -> core 14 - OK[0m[1;34m
[0miterations: 200
Total iterations: 49600800 LUP
FLOP: 11
Total work: 545608800 FLOP
performance: 1.651052 GLUP/s
Performance in GFLOP/s: 18.161574
size: 250000
time: 0.030042
[1;34m[pthread wrapper] 
[0m[1;34m[pthread wrapper] MAIN -> 0
[0m[1;34m[pthread wrapper] PIN_MASK: [0m[1;34m0->1  [0m[1;34m1->2  [0m[1;34m2->3  [0m[1;34m3->4  [0m[1;34m4->10  [0m[1;34m5->11  [0m[1;34m6->12  [0m[1;34m7->13  [0m[1;34m8->14  [0m[1;34m
[pthread wrapper] SKIP MASK: 0x0
[0m[1;34m	threadid 47131417478912 -> core 1 - OK[0m[1;34m
[0m[1;34m	threadid 47131419580160 -> core 2 - OK[0m[1;34m
[0m[1;34m	threadid 47131421681408 -> core 3 - OK[0m[1;34m
[0m[1;34m	threadid 47131423782656 -> core 4 - OK[0m[1;34m
[0m[1;34m	threadid 47131425883904 -> core 10 - OK[0m[1;34m
[0m[1;34m	threadid 47131427985152 -> core 11 - OK[0m[1;34m
[0m[1;34m	threadid 47131430086400 -> core 12 - OK[0m[1;34m
[0m[1;34m	threadid 47131432187648 -> core 13 - OK[0m[1;34m
[0m[1;34m	threadid 47131434288896 -> core 14 - OK[0m[1;34m
[0miterations: 200
Total iterations: 49600800 LUP
FLOP: 11
Total work: 545608800 FLOP
performance: 1.663621 GLUP/s
Performance in GFLOP/s: 18.299834
size: 250000
time: 0.029815
[1;34m[pthread wrapper] 
[0m[1;34m[pthread wrapper] MAIN -> 0
[0m[1;34m[pthread wrapper] PIN_MASK: [0m[1;34m0->1  [0m[1;34m1->2  [0m[1;34m2->3  [0m[1;34m3->4  [0m[1;34m4->10  [0m[1;34m5->11  [0m[1;34m6->12  [0m[1;34m7->13  [0m[1;34m8->14  [0m[1;34m
[pthread wrapper] SKIP MASK: 0x0
[0m[1;34m	threadid 47463680202496 -> core 1 - OK[0m[1;34m
[0m[1;34m	threadid 47463682303744 -> core 2 - OK[0m[1;34m
[0m[1;34m	threadid 47463684404992 -> core 3 - OK[0m[1;34m
[0m[1;34m	threadid 47463686506240 -> core 4 - OK[0m[1;34m
[0m[1;34m	threadid 47463688607488 -> core 10 - OK[0m[1;34m
[0m[1;34m	threadid 47463690708736 -> core 11 - OK[0m[1;34m
[0m[1;34m	threadid 47463692809984 -> core 12 - OK[0m[1;34m
[0m[1;34m	threadid 47463694911232 -> core 13 - OK[0m[1;34m
[0m[1;34m	threadid 47463697012480 -> core 14 - OK[0m[1;34m
[0miterations: 200
Total iterations: 49600800 LUP
FLOP: 11
Total work: 545608800 FLOP
performance: 1.643228 GLUP/s
Performance in GFLOP/s: 18.075504
size: 250000
time: 0.030185
[1;34m[pthread wrapper] 
[0m[1;34m[pthread wrapper] MAIN -> 0
[0m[1;34m[pthread wrapper] PIN_MASK: [0m[1;34m0->1  [0m[1;34m1->2  [0m[1;34m2->3  [0m[1;34m3->4  [0m[1;34m4->10  [0m[1;34m5->11  [0m[1;34m6->12  [0m[1;34m7->13  [0m[1;34m8->14  [0m[1;34m
[pthread wrapper] SKIP MASK: 0x0
[0m[1;34m	threadid 47924281915136 -> core 1 - OK[0m[1;34m
[0m[1;34m	threadid 47924284016384 -> core 2 - OK[0m[1;34m
[0m[1;34m	threadid 47924286117632 -> core 3 - OK[0m[1;34m
[0m[1;34m	threadid 47924288218880 -> core 4 - OK[0m[1;34m
[0m[1;34m	threadid 47924290320128 -> core 10 - OK[0m[1;34m
[0m[1;34m	threadid 47924292421376 -> core 11 - OK[0m[1;34m
[0m[1;34m	threadid 47924294522624 -> core 12 - OK[0m[1;34m
[0m[1;34m	threadid 47924296623872 -> core 13 - OK[0m[1;34m
[0m[1;34m	threadid 47924298725120 -> core 14 - OK[0m[1;34m
[0miterations: 200
Total iterations: 49600800 LUP
FLOP: 11
Total work: 545608800 FLOP
performance: 1.660382 GLUP/s
Performance in GFLOP/s: 18.264198
size: 250000
time: 0.029873
[1;34m[pthread wrapper] 
[0m[1;34m[pthread wrapper] MAIN -> 0
[0m[1;34m[pthread wrapper] PIN_MASK: [0m[1;34m0->1  [0m[1;34m1->2  [0m[1;34m2->3  [0m[1;34m3->4  [0m[1;34m4->10  [0m[1;34m5->11  [0m[1;34m6->12  [0m[1;34m7->13  [0m[1;34m8->14  [0m[1;34m
[pthread wrapper] SKIP MASK: 0x0
[0m[1;34m	threadid 47281580447488 -> core 1 - OK[0m[1;34m
[0m[1;34m	threadid 47281582548736 -> core 2 - OK[0m[1;34m
[0m[1;34m	threadid 47281584649984 -> core 3 - OK[0m[1;34m
[0m[1;34m	threadid 47281586751232 -> core 4 - OK[0m[1;34m
[0m[1;34m	threadid 47281588852480 -> core 10 - OK[0m[1;34m
[0m[1;34m	threadid 47281590953728 -> core 11 - OK[0m[1;34m
[0m[1;34m	threadid 47281593054976 -> core 12 - OK[0m[1;34m
[0m[1;34m	threadid 47281595156224 -> core 13 - OK[0m[1;34m
[0m[1;34m	threadid 47281597257472 -> core 14 - OK[0m[1;34m
[0miterations: 200
Total iterations: 49600800 LUP
FLOP: 11
Total work: 545608800 FLOP
performance: 1.652377 GLUP/s
Performance in GFLOP/s: 18.176144
size: 250000
time: 0.030018
[1;34m[pthread wrapper] 
[0m[1;34m[pthread wrapper] MAIN -> 0
[0m[1;34m[pthread wrapper] PIN_MASK: [0m[1;34m0->1  [0m[1;34m1->2  [0m[1;34m2->3  [0m[1;34m3->4  [0m[1;34m4->10  [0m[1;34m5->11  [0m[1;34m6->12  [0m[1;34m7->13  [0m[1;34m8->14  [0m[1;34m
[pthread wrapper] SKIP MASK: 0x0
[0m[1;34m	threadid 47771467052800 -> core 1 - OK[0m[1;34m
[0m[1;34m	threadid 47771469154048 -> core 2 - OK[0m[1;34m
[0m[1;34m	threadid 47771471255296 -> core 3 - OK[0m[1;34m
[0m[1;34m	threadid 47771473356544 -> core 4 - OK[0m[1;34m
[0m[1;34m	threadid 47771475457792 -> core 10 - OK[0m[1;34m
[0m[1;34m	threadid 47771477559040 -> core 11 - OK[0m[1;34m
[0m[1;34m	threadid 47771479660288 -> core 12 - OK[0m[1;34m
[0m[1;34m	threadid 47771481761536 -> core 13 - OK[0m[1;34m
[0m[1;34m	threadid 47771483862784 -> core 14 - OK[0m[1;34m
[0miterations: 200
Total iterations: 49600800 LUP
FLOP: 11
Total work: 545608800 FLOP
performance: 1.650502 GLUP/s
Performance in GFLOP/s: 18.155523
size: 250000
time: 0.030052
[1;34m[pthread wrapper] 
[0m[1;34m[pthread wrapper] MAIN -> 0
[0m[1;34m[pthread wrapper] PIN_MASK: [0m[1;34m0->1  [0m[1;34m1->2  [0m[1;34m2->3  [0m[1;34m3->4  [0m[1;34m4->10  [0m[1;34m5->11  [0m[1;34m6->12  [0m[1;34m7->13  [0m[1;34m8->14  [0m[1;34m
[pthread wrapper] SKIP MASK: 0x0
[0m[1;34m	threadid 47301666744064 -> core 1 - OK[0m[1;34m
[0m[1;34m	threadid 47301668845312 -> core 2 - OK[0m[1;34m
[0m[1;34m	threadid 47301670946560 -> core 3 - OK[0m[1;34m
[0m[1;34m	threadid 47301673047808 -> core 4 - OK[0m[1;34m
[0m[1;34m	threadid 47301675149056 -> core 10 - OK[0m[1;34m
[0m[1;34m	threadid 47301677250304 -> core 11 - OK[0m[1;34m
[0m[1;34m	threadid 47301679351552 -> core 12 - OK[0m[1;34m
[0m[1;34m	threadid 47301681452800 -> core 13 - OK[0m[1;34m
[0m[1;34m	threadid 47301683554048 -> core 14 - OK[0m[1;34m
[0miterations: 200
Total iterations: 49600800 LUP
FLOP: 11
Total work: 545608800 FLOP
performance: 1.650332 GLUP/s
Performance in GFLOP/s: 18.153650
size: 250000
time: 0.030055
[1;34m[pthread wrapper] 
[0m[1;34m[pthread wrapper] MAIN -> 0
[0m[1;34m[pthread wrapper] PIN_MASK: [0m[1;34m0->1  [0m[1;34m1->2  [0m[1;34m2->3  [0m[1;34m3->4  [0m[1;34m4->10  [0m[1;34m5->11  [0m[1;34m6->12  [0m[1;34m7->13  [0m[1;34m8->14  [0m[1;34m
[pthread wrapper] SKIP MASK: 0x0
[0m[1;34m	threadid 47510844053248 -> core 1 - OK[0m[1;34m
[0m[1;34m	threadid 47510846154496 -> core 2 - OK[0m[1;34m
[0m[1;34m	threadid 47510848255744 -> core 3 - OK[0m[1;34m
[0m[1;34m	threadid 47510850356992 -> core 4 - OK[0m[1;34m
[0m[1;34m	threadid 47510852458240 -> core 10 - OK[0m[1;34m
[0m[1;34m	threadid 47510854559488 -> core 11 - OK[0m[1;34m
[0m[1;34m	threadid 47510856660736 -> core 12 - OK[0m[1;34m
[0m[1;34m	threadid 47510858761984 -> core 13 - OK[0m[1;34m
[0m[1;34m	threadid 47510860863232 -> core 14 - OK[0m[1;34m
[0miterations: 200
Total iterations: 49600800 LUP
FLOP: 11
Total work: 545608800 FLOP
performance: 1.643111 GLUP/s
Performance in GFLOP/s: 18.074219
size: 250000
time: 0.030187
[1;34m[pthread wrapper] 
[0m[1;34m[pthread wrapper] MAIN -> 0
[0m[1;34m[pthread wrapper] PIN_MASK: [0m[1;34m0->1  [0m[1;34m1->2  [0m[1;34m2->3  [0m[1;34m3->4  [0m[1;34m4->10  [0m[1;34m5->11  [0m[1;34m6->12  [0m[1;34m7->13  [0m[1;34m8->14  [0m[1;34m
[pthread wrapper] SKIP MASK: 0x0
[0m[1;34m	threadid 47366494627584 -> core 1 - OK[0m[1;34m
[0m[1;34m	threadid 47366496728832 -> core 2 - OK[0m[1;34m
[0m[1;34m	threadid 47366498830080 -> core 3 - OK[0m[1;34m
[0m[1;34m	threadid 47366500931328 -> core 4 - OK[0m[1;34m
[0m[1;34m	threadid 47366503032576 -> core 10 - OK[0m[1;34m
[0m[1;34m	threadid 47366505133824 -> core 11 - OK[0m[1;34m
[0m[1;34m	threadid 47366507235072 -> core 12 - OK[0m[1;34m
[0m[1;34m	threadid 47366509336320 -> core 13 - OK[0m[1;34m
[0m[1;34m	threadid 47366511437568 -> core 14 - OK[0m[1;34m
[0miterations: 200
Total iterations: 49600800 LUP
FLOP: 11
Total work: 545608800 FLOP
performance: 1.647548 GLUP/s
Performance in GFLOP/s: 18.123028
size: 250000
time: 0.030106
[1;34m[pthread wrapper] 
[0m[1;34m[pthread wrapper] MAIN -> 0
[0m[1;34m[pthread wrapper] PIN_MASK: [0m[1;34m0->1  [0m[1;34m1->2  [0m[1;34m2->3  [0m[1;34m3->4  [0m[1;34m4->10  [0m[1;34m5->11  [0m[1;34m6->12  [0m[1;34m7->13  [0m[1;34m8->14  [0m[1;34m
[pthread wrapper] SKIP MASK: 0x0
[0m[1;34m	threadid 47799885440768 -> core 1 - OK[0m[1;34m
[0m[1;34m	threadid 47799887542016 -> core 2 - OK[0m[1;34m
[0m[1;34m	threadid 47799889643264 -> core 3 - OK[0m[1;34m
[0m[1;34m	threadid 47799891744512 -> core 4 - OK[0m[1;34m
[0m[1;34m	threadid 47799893845760 -> core 10 - OK[0m[1;34m
[0m[1;34m	threadid 47799895947008 -> core 11 - OK[0m[1;34m
[0m[1;34m	threadid 47799898048256 -> core 12 - OK[0m[1;34m
[0m[1;34m	threadid 47799900149504 -> core 13 - OK[0m[1;34m
[0m[1;34m	threadid 47799902250752 -> core 14 - OK[0m[1;34m
[0miterations: 200
Total iterations: 49600800 LUP
FLOP: 11
Total work: 545608800 FLOP
performance: 1.652981 GLUP/s
Performance in GFLOP/s: 18.182787
size: 250000
time: 0.030007
