[1;34m[pthread wrapper] 
[0m[1;34m[pthread wrapper] MAIN -> 0
[0m[1;34m[pthread wrapper] PIN_MASK: [0m[1;34m0->1  [0m[1;34m1->2  [0m[1;34m2->10  [0m[1;34m3->11  [0m[1;34m4->12  [0m[1;34m
[pthread wrapper] SKIP MASK: 0x0
[0m[1;34m	threadid 47934934566656 -> core 1 - OK[0m[1;34m
[0m[1;34m	threadid 47934936667904 -> core 2 - OK[0m[1;34m
[0m[1;34m	threadid 47934938769152 -> core 10 - OK[0m[1;34m
[0m[1;34m	threadid 47934940870400 -> core 11 - OK[0m[1;34m
[0m[1;34m	threadid 47934942971648 -> core 12 - OK[0m[1;34m
[0miterations: 200
Total iterations: 49600800 LUP
FLOP: 11
Total work: 545608800 FLOP
performance: 4.094889 GLUP/s
Performance in GFLOP/s: 45.043779
size: 250000
time: 0.012113
[1;34m[pthread wrapper] 
[0m[1;34m[pthread wrapper] MAIN -> 0
[0m[1;34m[pthread wrapper] PIN_MASK: [0m[1;34m0->1  [0m[1;34m1->2  [0m[1;34m2->10  [0m[1;34m3->11  [0m[1;34m4->12  [0m[1;34m
[pthread wrapper] SKIP MASK: 0x0
[0m[1;34m	threadid 47348479956736 -> core 1 - OK[0m[1;34m
[0m[1;34m	threadid 47348482057984 -> core 2 - OK[0m[1;34m
[0m[1;34m	threadid 47348484159232 -> core 10 - OK[0m[1;34m
[0m[1;34m	threadid 47348486260480 -> core 11 - OK[0m[1;34m
[0m[1;34m	threadid 47348488361728 -> core 12 - OK[0m[1;34m
[0miterations: 200
Total iterations: 49600800 LUP
FLOP: 11
Total work: 545608800 FLOP
performance: 4.027350 GLUP/s
Performance in GFLOP/s: 44.300853
size: 250000
time: 0.012316
[1;34m[pthread wrapper] 
[0m[1;34m[pthread wrapper] MAIN -> 0
[0m[1;34m[pthread wrapper] PIN_MASK: [0m[1;34m0->1  [0m[1;34m1->2  [0m[1;34m2->10  [0m[1;34m3->11  [0m[1;34m4->12  [0m[1;34m
[pthread wrapper] SKIP MASK: 0x0
[0m[1;34m	threadid 47189920356096 -> core 1 - OK[0m[1;34m
[0m[1;34m	threadid 47189922457344 -> core 2 - OK[0m[1;34m
[0m[1;34m	threadid 47189924558592 -> core 10 - OK[0m[1;34m
[0m[1;34m	threadid 47189926659840 -> core 11 - OK[0m[1;34m
[0m[1;34m	threadid 47189928761088 -> core 12 - OK[0m[1;34m
[0miterations: 200
Total iterations: 49600800 LUP
FLOP: 11
Total work: 545608800 FLOP
performance: 4.065998 GLUP/s
Performance in GFLOP/s: 44.725974
size: 250000
time: 0.012199
[1;34m[pthread wrapper] 
[0m[1;34m[pthread wrapper] MAIN -> 0
[0m[1;34m[pthread wrapper] PIN_MASK: [0m[1;34m0->1  [0m[1;34m1->2  [0m[1;34m2->10  [0m[1;34m3->11  [0m[1;34m4->12  [0m[1;34m
[pthread wrapper] SKIP MASK: 0x0
[0m[1;34m	threadid 47225718134528 -> core 1 - OK[0m[1;34m
[0m[1;34m	threadid 47225720235776 -> core 2 - OK[0m[1;34m
[0m[1;34m	threadid 47225722337024 -> core 10 - OK[0m[1;34m
[0m[1;34m	threadid 47225724438272 -> core 11 - OK[0m[1;34m
[0m[1;34m	threadid 47225726539520 -> core 12 - OK[0m[1;34m
[0miterations: 200
Total iterations: 49600800 LUP
FLOP: 11
Total work: 545608800 FLOP
performance: 4.093519 GLUP/s
Performance in GFLOP/s: 45.028711
size: 250000
time: 0.012117
[1;34m[pthread wrapper] 
[0m[1;34m[pthread wrapper] MAIN -> 0
[0m[1;34m[pthread wrapper] PIN_MASK: [0m[1;34m0->1  [0m[1;34m1->2  [0m[1;34m2->10  [0m[1;34m3->11  [0m[1;34m4->12  [0m[1;34m
[pthread wrapper] SKIP MASK: 0x0
[0m[1;34m	threadid 47064384108288 -> core 1 - OK[0m[1;34m
[0m[1;34m	threadid 47064386209536 -> core 2 - OK[0m[1;34m
[0m[1;34m	threadid 47064388310784 -> core 10 - OK[0m[1;34m
[0m[1;34m	threadid 47064390412032 -> core 11 - OK[0m[1;34m
[0m[1;34m	threadid 47064392513280 -> core 12 - OK[0m[1;34m
[0miterations: 200
Total iterations: 49600800 LUP
FLOP: 11
Total work: 545608800 FLOP
performance: 4.080992 GLUP/s
Performance in GFLOP/s: 44.890917
size: 250000
time: 0.012154
[1;34m[pthread wrapper] 
[0m[1;34m[pthread wrapper] MAIN -> 0
[0m[1;34m[pthread wrapper] PIN_MASK: [0m[1;34m0->1  [0m[1;34m1->2  [0m[1;34m2->10  [0m[1;34m3->11  [0m[1;34m4->12  [0m[1;34m
[pthread wrapper] SKIP MASK: 0x0
[0m[1;34m	threadid 47509404755712 -> core 1 - OK[0m[1;34m
[0m[1;34m	threadid 47509406856960 -> core 2 - OK[0m[1;34m
[0m[1;34m	threadid 47509408958208 -> core 10 - OK[0m[1;34m
[0m[1;34m	threadid 47509411059456 -> core 11 - OK[0m[1;34m
[0m[1;34m	threadid 47509413160704 -> core 12 - OK[0m[1;34m
[0miterations: 200
Total iterations: 49600800 LUP
FLOP: 11
Total work: 545608800 FLOP
performance: 4.118234 GLUP/s
Performance in GFLOP/s: 45.300575
size: 250000
time: 0.012044
[1;34m[pthread wrapper] 
[0m[1;34m[pthread wrapper] MAIN -> 0
[0m[1;34m[pthread wrapper] PIN_MASK: [0m[1;34m0->1  [0m[1;34m1->2  [0m[1;34m2->10  [0m[1;34m3->11  [0m[1;34m4->12  [0m[1;34m
[pthread wrapper] SKIP MASK: 0x0
[0m[1;34m	threadid 47726532482816 -> core 1 - OK[0m[1;34m
[0m[1;34m	threadid 47726534584064 -> core 2 - OK[0m[1;34m
[0m[1;34m	threadid 47726536685312 -> core 10 - OK[0m[1;34m
[0m[1;34m	threadid 47726538786560 -> core 11 - OK[0m[1;34m
[0m[1;34m	threadid 47726540887808 -> core 12 - OK[0m[1;34m
[0miterations: 200
Total iterations: 49600800 LUP
FLOP: 11
Total work: 545608800 FLOP
performance: 4.091828 GLUP/s
Performance in GFLOP/s: 45.010113
size: 250000
time: 0.012122
[1;34m[pthread wrapper] 
[0m[1;34m[pthread wrapper] MAIN -> 0
[0m[1;34m[pthread wrapper] PIN_MASK: [0m[1;34m0->1  [0m[1;34m1->2  [0m[1;34m2->10  [0m[1;34m3->11  [0m[1;34m4->12  [0m[1;34m
[pthread wrapper] SKIP MASK: 0x0
[0m[1;34m	threadid 47861932537600 -> core 1 - OK[0m[1;34m
[0m[1;34m	threadid 47861934638848 -> core 2 - OK[0m[1;34m
[0m[1;34m	threadid 47861936740096 -> core 10 - OK[0m[1;34m
[0m[1;34m	threadid 47861938841344 -> core 11 - OK[0m[1;34m
[0m[1;34m	threadid 47861940942592 -> core 12 - OK[0m[1;34m
[0miterations: 200
Total iterations: 49600800 LUP
FLOP: 11
Total work: 545608800 FLOP
performance: 4.127876 GLUP/s
Performance in GFLOP/s: 45.406638
size: 250000
time: 0.012016
[1;34m[pthread wrapper] 
[0m[1;34m[pthread wrapper] MAIN -> 0
[0m[1;34m[pthread wrapper] PIN_MASK: [0m[1;34m0->1  [0m[1;34m1->2  [0m[1;34m2->10  [0m[1;34m3->11  [0m[1;34m4->12  [0m[1;34m
[pthread wrapper] SKIP MASK: 0x0
[0m[1;34m	threadid 47623350388480 -> core 1 - OK[0m[1;34m
[0m[1;34m	threadid 47623352489728 -> core 2 - OK[0m[1;34m
[0m[1;34m	threadid 47623354590976 -> core 10 - OK[0m[1;34m
[0m[1;34m	threadid 47623356692224 -> core 11 - OK[0m[1;34m
[0m[1;34m	threadid 47623358793472 -> core 12 - OK[0m[1;34m
[0miterations: 200
Total iterations: 49600800 LUP
FLOP: 11
Total work: 545608800 FLOP
performance: 4.029612 GLUP/s
Performance in GFLOP/s: 44.325737
size: 250000
time: 0.012309
[1;34m[pthread wrapper] 
[0m[1;34m[pthread wrapper] MAIN -> 0
[0m[1;34m[pthread wrapper] PIN_MASK: [0m[1;34m0->1  [0m[1;34m1->2  [0m[1;34m2->10  [0m[1;34m3->11  [0m[1;34m4->12  [0m[1;34m
[pthread wrapper] SKIP MASK: 0x0
[0m[1;34m	threadid 47382571464448 -> core 1 - OK[0m[1;34m
[0m[1;34m	threadid 47382573565696 -> core 2 - OK[0m[1;34m
[0m[1;34m	threadid 47382575666944 -> core 10 - OK[0m[1;34m
[0m[1;34m	threadid 47382577768192 -> core 11 - OK[0m[1;34m
[0m[1;34m	threadid 47382579869440 -> core 12 - OK[0m[1;34m
[0miterations: 200
Total iterations: 49600800 LUP
FLOP: 11
Total work: 545608800 FLOP
performance: 4.151683 GLUP/s
Performance in GFLOP/s: 45.668513
size: 250000
time: 0.011947
