[1;34m[pthread wrapper] 
[0m[1;34m[pthread wrapper] MAIN -> 0
[0m[1;34m[pthread wrapper] PIN_MASK: [0m[1;34m0->1  [0m[1;34m1->2  [0m[1;34m2->3  [0m[1;34m
[pthread wrapper] SKIP MASK: 0x0
[0m[1;34m	threadid 140504221222656 -> core 1 - OK[0m[1;34m
[0m[1;34m	threadid 140504212829952 -> core 2 - OK[0m[1;34m
[0m[1;34m	threadid 140504204437248 -> core 3 - OK[0m[1;34m
[0miterations: 100
Total iterations: 898800400 LUP
FLOP: 11
Total work: 9886804400 FLOP
performance: 1.160855 GLUP/s
Performance in GFLOP/s: 12.769410
size: 9000000
time: 0.774257
[1;34m[pthread wrapper] 
[0m[1;34m[pthread wrapper] MAIN -> 0
[0m[1;34m[pthread wrapper] PIN_MASK: [0m[1;34m0->1  [0m[1;34m1->2  [0m[1;34m2->3  [0m[1;34m
[pthread wrapper] SKIP MASK: 0x0
[0m[1;34m	threadid 140504274769664 -> core 1 - OK[0m[1;34m
[0m[1;34m	threadid 140504266376960 -> core 2 - OK[0m[1;34m
[0m[1;34m	threadid 140504257984256 -> core 3 - OK[0m[1;34m
[0miterations: 100
Total iterations: 898800400 LUP
FLOP: 11
Total work: 9886804400 FLOP
performance: 1.160992 GLUP/s
Performance in GFLOP/s: 12.770908
size: 9000000
time: 0.774166
[1;34m[pthread wrapper] 
[0m[1;34m[pthread wrapper] MAIN -> 0
[0m[1;34m[pthread wrapper] PIN_MASK: [0m[1;34m0->1  [0m[1;34m1->2  [0m[1;34m2->3  [0m[1;34m
[pthread wrapper] SKIP MASK: 0x0
[0m[1;34m	threadid 140606087907072 -> core 1 - OK[0m[1;34m
[0m[1;34m	threadid 140606079514368 -> core 2 - OK[0m[1;34m
[0m[1;34m	threadid 140606071121664 -> core 3 - OK[0m[1;34m
[0miterations: 100
Total iterations: 898800400 LUP
FLOP: 11
Total work: 9886804400 FLOP
performance: 1.160599 GLUP/s
Performance in GFLOP/s: 12.766591
size: 9000000
time: 0.774428
[1;34m[pthread wrapper] 
[0m[1;34m[pthread wrapper] MAIN -> 0
[0m[1;34m[pthread wrapper] PIN_MASK: [0m[1;34m0->1  [0m[1;34m1->2  [0m[1;34m2->3  [0m[1;34m
[pthread wrapper] SKIP MASK: 0x0
[0m[1;34m	threadid 139918995437312 -> core 1 - OK[0m[1;34m
[0m[1;34m	threadid 139918987044608 -> core 2 - OK[0m[1;34m
[0m[1;34m	threadid 139918978651904 -> core 3 - OK[0m[1;34m
[0miterations: 100
Total iterations: 898800400 LUP
FLOP: 11
Total work: 9886804400 FLOP
performance: 1.161924 GLUP/s
Performance in GFLOP/s: 12.781162
size: 9000000
time: 0.773545
[1;34m[pthread wrapper] 
[0m[1;34m[pthread wrapper] MAIN -> 0
[0m[1;34m[pthread wrapper] PIN_MASK: [0m[1;34m0->1  [0m[1;34m1->2  [0m[1;34m2->3  [0m[1;34m
[pthread wrapper] SKIP MASK: 0x0
[0m[1;34m	threadid 140306511496960 -> core 1 - OK[0m[1;34m
[0m[1;34m	threadid 140306503104256 -> core 2 - OK[0m[1;34m
[0m[1;34m	threadid 140306494711552 -> core 3 - OK[0m[1;34m
[0miterations: 100
Total iterations: 898800400 LUP
FLOP: 11
Total work: 9886804400 FLOP
performance: 1.160391 GLUP/s
Performance in GFLOP/s: 12.764300
size: 9000000
time: 0.774567
