iterations: 200
Total iterations: 1797600800 LUP
FLOP: 11
Total work: 19773608800 FLOP
performance: 0.409094 GLUP/s
Performance in GFLOP/s: 4.500032
size: 9000000
time: 4.394104
iterations: 200
Total iterations: 1797600800 LUP
FLOP: 11
Total work: 19773608800 FLOP
performance: 0.409243 GLUP/s
Performance in GFLOP/s: 4.501669
size: 9000000
time: 4.392506
iterations: 200
Total iterations: 1797600800 LUP
FLOP: 11
Total work: 19773608800 FLOP
performance: 0.409411 GLUP/s
Performance in GFLOP/s: 4.503523
size: 9000000
time: 4.390698
iterations: 200
Total iterations: 1797600800 LUP
FLOP: 11
Total work: 19773608800 FLOP
performance: 0.409649 GLUP/s
Performance in GFLOP/s: 4.506144
size: 9000000
time: 4.388144
iterations: 200
Total iterations: 1797600800 LUP
FLOP: 11
Total work: 19773608800 FLOP
performance: 0.408917 GLUP/s
Performance in GFLOP/s: 4.498089
size: 9000000
time: 4.396002
iterations: 200
Total iterations: 1797600800 LUP
FLOP: 11
Total work: 19773608800 FLOP
performance: 0.409353 GLUP/s
Performance in GFLOP/s: 4.502880
size: 9000000
time: 4.391325
iterations: 200
Total iterations: 1797600800 LUP
FLOP: 11
Total work: 19773608800 FLOP
performance: 0.408524 GLUP/s
Performance in GFLOP/s: 4.493764
size: 9000000
time: 4.400233
iterations: 200
Total iterations: 1797600800 LUP
FLOP: 11
Total work: 19773608800 FLOP
performance: 0.409022 GLUP/s
Performance in GFLOP/s: 4.499237
size: 9000000
time: 4.394880
iterations: 200
Total iterations: 1797600800 LUP
FLOP: 11
Total work: 19773608800 FLOP
performance: 0.409653 GLUP/s
Performance in GFLOP/s: 4.506188
size: 9000000
time: 4.388101
iterations: 200
Total iterations: 1797600800 LUP
FLOP: 11
Total work: 19773608800 FLOP
performance: 0.409249 GLUP/s
Performance in GFLOP/s: 4.501743
size: 9000000
time: 4.392434
