[1;34m[pthread wrapper] 
[0m[1;34m[pthread wrapper] MAIN -> 0
[0m[1;34m[pthread wrapper] PIN_MASK: [0m[1;34m0->1  [0m[1;34m1->2  [0m[1;34m2->3  [0m[1;34m
[pthread wrapper] SKIP MASK: 0x0
[0m[1;34m	threadid 140675441624832 -> core 1 - OK[0m[1;34m
[0m[1;34m	threadid 140675433232128 -> core 2 - OK[0m[1;34m
[0m[1;34m	threadid 140675424839424 -> core 3 - OK[0m[1;34m
[0miterations: 200
Total iterations: 49600800 LUP
FLOP: 11
Total work: 545608800 FLOP
performance: 1.194765 GLUP/s
Performance in GFLOP/s: 13.142414
size: 250000
time: 0.041515
[1;34m[pthread wrapper] 
[0m[1;34m[pthread wrapper] MAIN -> 0
[0m[1;34m[pthread wrapper] PIN_MASK: [0m[1;34m0->1  [0m[1;34m1->2  [0m[1;34m2->3  [0m[1;34m
[pthread wrapper] SKIP MASK: 0x0
[0m[1;34m	threadid 139981810013952 -> core 1 - OK[0m[1;34m
[0m[1;34m	threadid 139981801621248 -> core 2 - OK[0m[1;34m
[0m[1;34m	threadid 139981793228544 -> core 3 - OK[0m[1;34m
[0miterations: 200
Total iterations: 49600800 LUP
FLOP: 11
Total work: 545608800 FLOP
performance: 1.194223 GLUP/s
Performance in GFLOP/s: 13.136454
size: 250000
time: 0.041534
[1;34m[pthread wrapper] 
[0m[1;34m[pthread wrapper] MAIN -> 0
[0m[1;34m[pthread wrapper] PIN_MASK: [0m[1;34m0->1  [0m[1;34m1->2  [0m[1;34m2->3  [0m[1;34m
[pthread wrapper] SKIP MASK: 0x0
[0m[1;34m	threadid 140580061349632 -> core 1 - OK[0m[1;34m
[0m[1;34m	threadid 140580052956928 -> core 2 - OK[0m[1;34m
[0m[1;34m	threadid 140580044564224 -> core 3 - OK[0m[1;34m
[0miterations: 200
Total iterations: 49600800 LUP
FLOP: 11
Total work: 545608800 FLOP
performance: 1.202333 GLUP/s
Performance in GFLOP/s: 13.225660
size: 250000
time: 0.041254
[1;34m[pthread wrapper] 
[0m[1;34m[pthread wrapper] MAIN -> 0
[0m[1;34m[pthread wrapper] PIN_MASK: [0m[1;34m0->1  [0m[1;34m1->2  [0m[1;34m2->3  [0m[1;34m
[pthread wrapper] SKIP MASK: 0x0
[0m[1;34m	threadid 140084750370560 -> core 1 - OK[0m[1;34m
[0m[1;34m	threadid 140084741977856 -> core 2 - OK[0m[1;34m
[0m[1;34m	threadid 140084733585152 -> core 3 - OK[0m[1;34m
[0miterations: 200
Total iterations: 49600800 LUP
FLOP: 11
Total work: 545608800 FLOP
performance: 1.201805 GLUP/s
Performance in GFLOP/s: 13.219853
size: 250000
time: 0.041272
[1;34m[pthread wrapper] 
[0m[1;34m[pthread wrapper] MAIN -> 0
[0m[1;34m[pthread wrapper] PIN_MASK: [0m[1;34m0->1  [0m[1;34m1->2  [0m[1;34m2->3  [0m[1;34m
[pthread wrapper] SKIP MASK: 0x0
[0m[1;34m	threadid 139739201890048 -> core 1 - OK[0m[1;34m
[0m[1;34m	threadid 139739193497344 -> core 2 - OK[0m[1;34m
[0m[1;34m	threadid 139739185104640 -> core 3 - OK[0m[1;34m
[0miterations: 200
Total iterations: 49600800 LUP
FLOP: 11
Total work: 545608800 FLOP
performance: 1.198813 GLUP/s
Performance in GFLOP/s: 13.186945
size: 250000
time: 0.041375
[1;34m[pthread wrapper] 
[0m[1;34m[pthread wrapper] MAIN -> 0
[0m[1;34m[pthread wrapper] PIN_MASK: [0m[1;34m0->1  [0m[1;34m1->2  [0m[1;34m2->3  [0m[1;34m
[pthread wrapper] SKIP MASK: 0x0
[0m[1;34m	threadid 140539216226048 -> core 1 - OK[0m[1;34m
[0m[1;34m	threadid 140539207833344 -> core 2 - OK[0m[1;34m
[0m[1;34m	threadid 140539199440640 -> core 3 - OK[0m[1;34m
[0miterations: 200
Total iterations: 49600800 LUP
FLOP: 11
Total work: 545608800 FLOP
performance: 1.179738 GLUP/s
Performance in GFLOP/s: 12.977114
size: 250000
time: 0.042044
[1;34m[pthread wrapper] 
[0m[1;34m[pthread wrapper] MAIN -> 0
[0m[1;34m[pthread wrapper] PIN_MASK: [0m[1;34m0->1  [0m[1;34m1->2  [0m[1;34m2->3  [0m[1;34m
[pthread wrapper] SKIP MASK: 0x0
[0m[1;34m	threadid 140352535459584 -> core 1 - OK[0m[1;34m
[0m[1;34m	threadid 140352527066880 -> core 2 - OK[0m[1;34m
[0m[1;34m	threadid 140352518674176 -> core 3 - OK[0m[1;34m
[0miterations: 200
Total iterations: 49600800 LUP
FLOP: 11
Total work: 545608800 FLOP
performance: 1.194971 GLUP/s
Performance in GFLOP/s: 13.144679
size: 250000
time: 0.041508
[1;34m[pthread wrapper] 
[0m[1;34m[pthread wrapper] MAIN -> 0
[0m[1;34m[pthread wrapper] PIN_MASK: [0m[1;34m0->1  [0m[1;34m1->2  [0m[1;34m2->3  [0m[1;34m
[pthread wrapper] SKIP MASK: 0x0
[0m[1;34m	threadid 140555416274688 -> core 1 - OK[0m[1;34m
[0m[1;34m	threadid 140555407881984 -> core 2 - OK[0m[1;34m
[0m[1;34m	threadid 140555399489280 -> core 3 - OK[0m[1;34m
[0miterations: 200
Total iterations: 49600800 LUP
FLOP: 11
Total work: 545608800 FLOP
performance: 1.200030 GLUP/s
Performance in GFLOP/s: 13.200332
size: 250000
time: 0.041333
[1;34m[pthread wrapper] 
[0m[1;34m[pthread wrapper] MAIN -> 0
[0m[1;34m[pthread wrapper] PIN_MASK: [0m[1;34m0->1  [0m[1;34m1->2  [0m[1;34m2->3  [0m[1;34m
[pthread wrapper] SKIP MASK: 0x0
[0m[1;34m	threadid 140368223700736 -> core 1 - OK[0m[1;34m
[0m[1;34m	threadid 140368215308032 -> core 2 - OK[0m[1;34m
[0m[1;34m	threadid 140368206915328 -> core 3 - OK[0m[1;34m
[0miterations: 200
Total iterations: 49600800 LUP
FLOP: 11
Total work: 545608800 FLOP
performance: 1.189267 GLUP/s
Performance in GFLOP/s: 13.081936
size: 250000
time: 0.041707
[1;34m[pthread wrapper] 
[0m[1;34m[pthread wrapper] MAIN -> 0
[0m[1;34m[pthread wrapper] PIN_MASK: [0m[1;34m0->1  [0m[1;34m1->2  [0m[1;34m2->3  [0m[1;34m
[pthread wrapper] SKIP MASK: 0x0
[0m[1;34m	threadid 140540763232000 -> core 1 - OK[0m[1;34m
[0m[1;34m	threadid 140540754839296 -> core 2 - OK[0m[1;34m
[0m[1;34m	threadid 140540746446592 -> core 3 - OK[0m[1;34m
[0miterations: 200
Total iterations: 49600800 LUP
FLOP: 11
Total work: 545608800 FLOP
performance: 1.198316 GLUP/s
Performance in GFLOP/s: 13.181476
size: 250000
time: 0.041392
