iterations: 200
Total iterations: 1797600800 LUP
FLOP: 11
Total work: 19773608800 FLOP
performance: 1.538305 GLUP/s
Performance in GFLOP/s: 16.921350
size: 9000000
time: 1.168560
iterations: 200
Total iterations: 1797600800 LUP
FLOP: 11
Total work: 19773608800 FLOP
performance: 1.652512 GLUP/s
Performance in GFLOP/s: 18.177630
size: 9000000
time: 1.087799
iterations: 200
Total iterations: 1797600800 LUP
FLOP: 11
Total work: 19773608800 FLOP
performance: 1.598468 GLUP/s
Performance in GFLOP/s: 17.583152
size: 9000000
time: 1.124577
iterations: 200
Total iterations: 1797600800 LUP
FLOP: 11
Total work: 19773608800 FLOP
performance: 1.714059 GLUP/s
Performance in GFLOP/s: 18.854648
size: 9000000
time: 1.048739
iterations: 200
Total iterations: 1797600800 LUP
FLOP: 11
Total work: 19773608800 FLOP
performance: 1.557682 GLUP/s
Performance in GFLOP/s: 17.134499
size: 9000000
time: 1.154023
iterations: 200
Total iterations: 1797600800 LUP
FLOP: 11
Total work: 19773608800 FLOP
performance: 1.619308 GLUP/s
Performance in GFLOP/s: 17.812392
size: 9000000
time: 1.110104
iterations: 200
Total iterations: 1797600800 LUP
FLOP: 11
Total work: 19773608800 FLOP
performance: 1.667668 GLUP/s
Performance in GFLOP/s: 18.344345
size: 9000000
time: 1.077913
iterations: 200
Total iterations: 1797600800 LUP
FLOP: 11
Total work: 19773608800 FLOP
performance: 1.652874 GLUP/s
Performance in GFLOP/s: 18.181611
size: 9000000
time: 1.087561
iterations: 200
Total iterations: 1797600800 LUP
FLOP: 11
Total work: 19773608800 FLOP
performance: 1.491515 GLUP/s
Performance in GFLOP/s: 16.406665
size: 9000000
time: 1.205218
iterations: 200
Total iterations: 1797600800 LUP
FLOP: 11
Total work: 19773608800 FLOP
performance: 1.559110 GLUP/s
Performance in GFLOP/s: 17.150209
size: 9000000
time: 1.152966
