[1;34m[pthread wrapper] 
[0m[1;34m[pthread wrapper] MAIN -> 0
[0m[1;34m[pthread wrapper] PIN_MASK: [0m[1;34m0->1  [0m[1;34m1->2  [0m[1;34m2->3  [0m[1;34m3->4  [0m[1;34m4->5  [0m[1;34m5->6  [0m[1;34m6->7  [0m[1;34m7->8  [0m[1;34m8->9  [0m[1;34m9->10  [0m[1;34m10->11  [0m[1;34m11->12  [0m[1;34m12->13  [0m[1;34m13->14  [0m[1;34m14->15  [0m[1;34m15->16  [0m[1;34m16->17  [0m[1;34m17->18  [0m[1;34m18->19  [0m[1;34m
[pthread wrapper] SKIP MASK: 0x0
[0m[1;34m	threadid 140218172503808 -> core 1 - OK[0m[1;34m
[0m[1;34m	threadid 140218164111104 -> core 2 - OK[0m[1;34m
[0m[1;34m	threadid 140218155718400 -> core 3 - OK[0m[1;34m
[0m[1;34m	threadid 140218147325696 -> core 4 - OK[0m[1;34m
[0m[1;34m	threadid 140218138932992 -> core 5 - OK[0m[1;34m
[0m[1;34m	threadid 140218130540288 -> core 6 - OK[0m[1;34m
[0m[1;34m	threadid 140218122147584 -> core 7 - OK[0m[1;34m
[0m[1;34m	threadid 140218113754880 -> core 8 - OK[0m[1;34m
[0m[1;34m	threadid 140218105362176 -> core 9 - OK[0m[1;34m
[0m[1;34m	threadid 140218096969472 -> core 10 - OK[0m[1;34m
[0m[1;34m	threadid 140218088576768 -> core 11 - OK[0m[1;34m
[0m[1;34m	threadid 140218080184064 -> core 12 - OK[0m[1;34m
[0m[1;34m	threadid 140218071791360 -> core 13 - OK[0m[1;34m
[0m[1;34m	threadid 140218063398656 -> core 14 - OK[0m[1;34m
[0m[1;34m	threadid 140218055005952 -> core 15 - OK[0m[1;34m
[0m[1;34m	threadid 140218046613248 -> core 16 - OK[0m[1;34m
[0m[1;34m	threadid 140218038220544 -> core 17 - OK[0m[1;34m
[0m[1;34m	threadid 140218029827840 -> core 18 - OK[0m[1;34m
[0m[1;34m	threadid 140218021435136 -> core 19 - OK[0m[1;34m
[0miterations: 200
Total iterations: 1797600800 LUP
FLOP: 11
Total work: 19773608800 FLOP
performance: 1.694959 GLUP/s
Performance in GFLOP/s: 18.644553
size: 9000000
time: 1.060557
[1;34m[pthread wrapper] 
[0m[1;34m[pthread wrapper] MAIN -> 0
[0m[1;34m[pthread wrapper] PIN_MASK: [0m[1;34m0->1  [0m[1;34m1->2  [0m[1;34m2->3  [0m[1;34m3->4  [0m[1;34m4->5  [0m[1;34m5->6  [0m[1;34m6->7  [0m[1;34m7->8  [0m[1;34m8->9  [0m[1;34m9->10  [0m[1;34m10->11  [0m[1;34m11->12  [0m[1;34m12->13  [0m[1;34m13->14  [0m[1;34m14->15  [0m[1;34m15->16  [0m[1;34m16->17  [0m[1;34m17->18  [0m[1;34m18->19  [0m[1;34m
[pthread wrapper] SKIP MASK: 0x0
[0m[1;34m	threadid 140346482263808 -> core 1 - OK[0m[1;34m
[0m[1;34m	threadid 140346473871104 -> core 2 - OK[0m[1;34m
[0m[1;34m	threadid 140346465478400 -> core 3 - OK[0m[1;34m
[0m[1;34m	threadid 140346457085696 -> core 4 - OK[0m[1;34m
[0m[1;34m	threadid 140346448692992 -> core 5 - OK[0m[1;34m
[0m[1;34m	threadid 140346440300288 -> core 6 - OK[0m[1;34m
[0m[1;34m	threadid 140346431907584 -> core 7 - OK[0m[1;34m
[0m[1;34m	threadid 140346423514880 -> core 8 - OK[0m[1;34m
[0m[1;34m	threadid 140346415122176 -> core 9 - OK[0m[1;34m
[0m[1;34m	threadid 140346406729472 -> core 10 - OK[0m[1;34m
[0m[1;34m	threadid 140346398336768 -> core 11 - OK[0m[1;34m
[0m[1;34m	threadid 140346389944064 -> core 12 - OK[0m[1;34m
[0m[1;34m	threadid 140346381551360 -> core 13 - OK[0m[1;34m
[0m[1;34m	threadid 140346373158656 -> core 14 - OK[0m[1;34m
[0m[1;34m	threadid 140346364765952 -> core 15 - OK[0m[1;34m
[0m[1;34m	threadid 140346356373248 -> core 16 - OK[0m[1;34m
[0m[1;34m	threadid 140346347980544 -> core 17 - OK[0m[1;34m
[0m[1;34m	threadid 140346339587840 -> core 18 - OK[0m[1;34m
[0m[1;34m	threadid 140346331195136 -> core 19 - OK[0m[1;34m
[0miterations: 200
Total iterations: 1797600800 LUP
FLOP: 11
Total work: 19773608800 FLOP
performance: 1.665763 GLUP/s
Performance in GFLOP/s: 18.323388
size: 9000000
time: 1.079146
[1;34m[pthread wrapper] 
[0m[1;34m[pthread wrapper] MAIN -> 0
[0m[1;34m[pthread wrapper] PIN_MASK: [0m[1;34m0->1  [0m[1;34m1->2  [0m[1;34m2->3  [0m[1;34m3->4  [0m[1;34m4->5  [0m[1;34m5->6  [0m[1;34m6->7  [0m[1;34m7->8  [0m[1;34m8->9  [0m[1;34m9->10  [0m[1;34m10->11  [0m[1;34m11->12  [0m[1;34m12->13  [0m[1;34m13->14  [0m[1;34m14->15  [0m[1;34m15->16  [0m[1;34m16->17  [0m[1;34m17->18  [0m[1;34m18->19  [0m[1;34m
[pthread wrapper] SKIP MASK: 0x0
[0m[1;34m	threadid 140567103899392 -> core 1 - OK[0m[1;34m
[0m[1;34m	threadid 140567095506688 -> core 2 - OK[0m[1;34m
[0m[1;34m	threadid 140567087113984 -> core 3 - OK[0m[1;34m
[0m[1;34m	threadid 140567078721280 -> core 4 - OK[0m[1;34m
[0m[1;34m	threadid 140567070328576 -> core 5 - OK[0m[1;34m
[0m[1;34m	threadid 140567061935872 -> core 6 - OK[0m[1;34m
[0m[1;34m	threadid 140567053543168 -> core 7 - OK[0m[1;34m
[0m[1;34m	threadid 140567045150464 -> core 8 - OK[0m[1;34m
[0m[1;34m	threadid 140567036757760 -> core 9 - OK[0m[1;34m
[0m[1;34m	threadid 140567028365056 -> core 10 - OK[0m[1;34m
[0m[1;34m	threadid 140567019972352 -> core 11 - OK[0m[1;34m
[0m[1;34m	threadid 140567011579648 -> core 12 - OK[0m[1;34m
[0m[1;34m	threadid 140567003186944 -> core 13 - OK[0m[1;34m
[0m[1;34m	threadid 140566994794240 -> core 14 - OK[0m[1;34m
[0m[1;34m	threadid 140566986401536 -> core 15 - OK[0m[1;34m
[0m[1;34m	threadid 140566978008832 -> core 16 - OK[0m[1;34m
[0m[1;34m	threadid 140566969616128 -> core 17 - OK[0m[1;34m
[0m[1;34m	threadid 140566961223424 -> core 18 - OK[0m[1;34m
[0m[1;34m	threadid 140566952830720 -> core 19 - OK[0m[1;34m
[0miterations: 200
Total iterations: 1797600800 LUP
FLOP: 11
Total work: 19773608800 FLOP
performance: 1.644262 GLUP/s
Performance in GFLOP/s: 18.086881
size: 9000000
time: 1.093257
[1;34m[pthread wrapper] 
[0m[1;34m[pthread wrapper] MAIN -> 0
[0m[1;34m[pthread wrapper] PIN_MASK: [0m[1;34m0->1  [0m[1;34m1->2  [0m[1;34m2->3  [0m[1;34m3->4  [0m[1;34m4->5  [0m[1;34m5->6  [0m[1;34m6->7  [0m[1;34m7->8  [0m[1;34m8->9  [0m[1;34m9->10  [0m[1;34m10->11  [0m[1;34m11->12  [0m[1;34m12->13  [0m[1;34m13->14  [0m[1;34m14->15  [0m[1;34m15->16  [0m[1;34m16->17  [0m[1;34m17->18  [0m[1;34m18->19  [0m[1;34m
[pthread wrapper] SKIP MASK: 0x0
[0m[1;34m	threadid 140404080338688 -> core 1 - OK[0m[1;34m
[0m[1;34m	threadid 140404071945984 -> core 2 - OK[0m[1;34m
[0m[1;34m	threadid 140404063553280 -> core 3 - OK[0m[1;34m
[0m[1;34m	threadid 140404055160576 -> core 4 - OK[0m[1;34m
[0m[1;34m	threadid 140404046767872 -> core 5 - OK[0m[1;34m
[0m[1;34m	threadid 140404038375168 -> core 6 - OK[0m[1;34m
[0m[1;34m	threadid 140404029982464 -> core 7 - OK[0m[1;34m
[0m[1;34m	threadid 140404021589760 -> core 8 - OK[0m[1;34m
[0m[1;34m	threadid 140404013197056 -> core 9 - OK[0m[1;34m
[0m[1;34m	threadid 140404004804352 -> core 10 - OK[0m[1;34m
[0m[1;34m	threadid 140403996411648 -> core 11 - OK[0m[1;34m
[0m[1;34m	threadid 140403988018944 -> core 12 - OK[0m[1;34m
[0m[1;34m	threadid 140403979626240 -> core 13 - OK[0m[1;34m
[0m[1;34m	threadid 140403971233536 -> core 14 - OK[0m[1;34m
[0m[1;34m	threadid 140403962840832 -> core 15 - OK[0m[1;34m
[0m[1;34m	threadid 140403954448128 -> core 16 - OK[0m[1;34m
[0m[1;34m	threadid 140403946055424 -> core 17 - OK[0m[1;34m
[0m[1;34m	threadid 140403937662720 -> core 18 - OK[0m[1;34m
[0m[1;34m	threadid 140403929270016 -> core 19 - OK[0m[1;34m
[0miterations: 200
Total iterations: 1797600800 LUP
FLOP: 11
Total work: 19773608800 FLOP
performance: 1.775180 GLUP/s
Performance in GFLOP/s: 19.526983
size: 9000000
time: 1.012630
[1;34m[pthread wrapper] 
[0m[1;34m[pthread wrapper] MAIN -> 0
[0m[1;34m[pthread wrapper] PIN_MASK: [0m[1;34m0->1  [0m[1;34m1->2  [0m[1;34m2->3  [0m[1;34m3->4  [0m[1;34m4->5  [0m[1;34m5->6  [0m[1;34m6->7  [0m[1;34m7->8  [0m[1;34m8->9  [0m[1;34m9->10  [0m[1;34m10->11  [0m[1;34m11->12  [0m[1;34m12->13  [0m[1;34m13->14  [0m[1;34m14->15  [0m[1;34m15->16  [0m[1;34m16->17  [0m[1;34m17->18  [0m[1;34m18->19  [0m[1;34m
[pthread wrapper] SKIP MASK: 0x0
[0m[1;34m	threadid 139732436829952 -> core 1 - OK[0m[1;34m
[0m[1;34m	threadid 139732428437248 -> core 2 - OK[0m[1;34m
[0m[1;34m	threadid 139732420044544 -> core 3 - OK[0m[1;34m
[0m[1;34m	threadid 139732411651840 -> core 4 - OK[0m[1;34m
[0m[1;34m	threadid 139732403259136 -> core 5 - OK[0m[1;34m
[0m[1;34m	threadid 139732394866432 -> core 6 - OK[0m[1;34m
[0m[1;34m	threadid 139732386473728 -> core 7 - OK[0m[1;34m
[0m[1;34m	threadid 139732378081024 -> core 8 - OK[0m[1;34m
[0m[1;34m	threadid 139732369688320 -> core 9 - OK[0m[1;34m
[0m[1;34m	threadid 139732361295616 -> core 10 - OK[0m[1;34m
[0m[1;34m	threadid 139732352902912 -> core 11 - OK[0m[1;34m
[0m[1;34m	threadid 139732344510208 -> core 12 - OK[0m[1;34m
[0m[1;34m	threadid 139732336117504 -> core 13 - OK[0m[1;34m
[0m[1;34m	threadid 139732327724800 -> core 14 - OK[0m[1;34m
[0m[1;34m	threadid 139732319332096 -> core 15 - OK[0m[1;34m
[0m[1;34m	threadid 139732310939392 -> core 16 - OK[0m[1;34m
[0m[1;34m	threadid 139732302546688 -> core 17 - OK[0m[1;34m
[0m[1;34m	threadid 139732294153984 -> core 18 - OK[0m[1;34m
[0m[1;34m	threadid 139732285761280 -> core 19 - OK[0m[1;34m
[0miterations: 200
Total iterations: 1797600800 LUP
FLOP: 11
Total work: 19773608800 FLOP
performance: 1.644998 GLUP/s
Performance in GFLOP/s: 18.094975
size: 9000000
time: 1.092768
[1;34m[pthread wrapper] 
[0m[1;34m[pthread wrapper] MAIN -> 0
[0m[1;34m[pthread wrapper] PIN_MASK: [0m[1;34m0->1  [0m[1;34m1->2  [0m[1;34m2->3  [0m[1;34m3->4  [0m[1;34m4->5  [0m[1;34m5->6  [0m[1;34m6->7  [0m[1;34m7->8  [0m[1;34m8->9  [0m[1;34m9->10  [0m[1;34m10->11  [0m[1;34m11->12  [0m[1;34m12->13  [0m[1;34m13->14  [0m[1;34m14->15  [0m[1;34m15->16  [0m[1;34m16->17  [0m[1;34m17->18  [0m[1;34m18->19  [0m[1;34m
[pthread wrapper] SKIP MASK: 0x0
[0m[1;34m	threadid 140247511045888 -> core 1 - OK[0m[1;34m
[0m[1;34m	threadid 140247502653184 -> core 2 - OK[0m[1;34m
[0m[1;34m	threadid 140247494260480 -> core 3 - OK[0m[1;34m
[0m[1;34m	threadid 140247485867776 -> core 4 - OK[0m[1;34m
[0m[1;34m	threadid 140247477475072 -> core 5 - OK[0m[1;34m
[0m[1;34m	threadid 140247469082368 -> core 6 - OK[0m[1;34m
[0m[1;34m	threadid 140247460689664 -> core 7 - OK[0m[1;34m
[0m[1;34m	threadid 140247452296960 -> core 8 - OK[0m[1;34m
[0m[1;34m	threadid 140247443904256 -> core 9 - OK[0m[1;34m
[0m[1;34m	threadid 140247435511552 -> core 10 - OK[0m[1;34m
[0m[1;34m	threadid 140247427118848 -> core 11 - OK[0m[1;34m
[0m[1;34m	threadid 140247418726144 -> core 12 - OK[0m[1;34m
[0m[1;34m	threadid 140247410333440 -> core 13 - OK[0m[1;34m
[0m[1;34m	threadid 140247401940736 -> core 14 - OK[0m[1;34m
[0m[1;34m	threadid 140247393548032 -> core 15 - OK[0m[1;34m
[0m[1;34m	threadid 140247385155328 -> core 16 - OK[0m[1;34m
[0m[1;34m	threadid 140247376762624 -> core 17 - OK[0m[1;34m
[0m[1;34m	threadid 140247368369920 -> core 18 - OK[0m[1;34m
[0m[1;34m	threadid 140247359977216 -> core 19 - OK[0m[1;34m
[0miterations: 200
Total iterations: 1797600800 LUP
FLOP: 11
Total work: 19773608800 FLOP
performance: 1.536096 GLUP/s
Performance in GFLOP/s: 16.897055
size: 9000000
time: 1.170240
[1;34m[pthread wrapper] 
[0m[1;34m[pthread wrapper] MAIN -> 0
[0m[1;34m[pthread wrapper] PIN_MASK: [0m[1;34m0->1  [0m[1;34m1->2  [0m[1;34m2->3  [0m[1;34m3->4  [0m[1;34m4->5  [0m[1;34m5->6  [0m[1;34m6->7  [0m[1;34m7->8  [0m[1;34m8->9  [0m[1;34m9->10  [0m[1;34m10->11  [0m[1;34m11->12  [0m[1;34m12->13  [0m[1;34m13->14  [0m[1;34m14->15  [0m[1;34m15->16  [0m[1;34m16->17  [0m[1;34m17->18  [0m[1;34m18->19  [0m[1;34m
[pthread wrapper] SKIP MASK: 0x0
[0m[1;34m	threadid 140085239043840 -> core 1 - OK[0m[1;34m
[0m[1;34m	threadid 140085230651136 -> core 2 - OK[0m[1;34m
[0m[1;34m	threadid 140085222258432 -> core 3 - OK[0m[1;34m
[0m[1;34m	threadid 140085213865728 -> core 4 - OK[0m[1;34m
[0m[1;34m	threadid 140085205473024 -> core 5 - OK[0m[1;34m
[0m[1;34m	threadid 140085197080320 -> core 6 - OK[0m[1;34m
[0m[1;34m	threadid 140085188687616 -> core 7 - OK[0m[1;34m
[0m[1;34m	threadid 140085180294912 -> core 8 - OK[0m[1;34m
[0m[1;34m	threadid 140085171902208 -> core 9 - OK[0m[1;34m
[0m[1;34m	threadid 140085163509504 -> core 10 - OK[0m[1;34m
[0m[1;34m	threadid 140085155116800 -> core 11 - OK[0m[1;34m
[0m[1;34m	threadid 140085146724096 -> core 12 - OK[0m[1;34m
[0m[1;34m	threadid 140085138331392 -> core 13 - OK[0m[1;34m
[0m[1;34m	threadid 140085129938688 -> core 14 - OK[0m[1;34m
[0m[1;34m	threadid 140085121545984 -> core 15 - OK[0m[1;34m
[0m[1;34m	threadid 140085113153280 -> core 16 - OK[0m[1;34m
[0m[1;34m	threadid 140085104760576 -> core 17 - OK[0m[1;34m
[0m[1;34m	threadid 140085096367872 -> core 18 - OK[0m[1;34m
[0m[1;34m	threadid 140085087975168 -> core 19 - OK[0m[1;34m
[0miterations: 200
Total iterations: 1797600800 LUP
FLOP: 11
Total work: 19773608800 FLOP
performance: 1.688468 GLUP/s
Performance in GFLOP/s: 18.573150
size: 9000000
time: 1.064634
[1;34m[pthread wrapper] 
[0m[1;34m[pthread wrapper] MAIN -> 0
[0m[1;34m[pthread wrapper] PIN_MASK: [0m[1;34m0->1  [0m[1;34m1->2  [0m[1;34m2->3  [0m[1;34m3->4  [0m[1;34m4->5  [0m[1;34m5->6  [0m[1;34m6->7  [0m[1;34m7->8  [0m[1;34m8->9  [0m[1;34m9->10  [0m[1;34m10->11  [0m[1;34m11->12  [0m[1;34m12->13  [0m[1;34m13->14  [0m[1;34m14->15  [0m[1;34m15->16  [0m[1;34m16->17  [0m[1;34m17->18  [0m[1;34m18->19  [0m[1;34m
[pthread wrapper] SKIP MASK: 0x0
[0m[1;34m	threadid 140641732916992 -> core 1 - OK[0m[1;34m
[0m[1;34m	threadid 140641724524288 -> core 2 - OK[0m[1;34m
[0m[1;34m	threadid 140641716131584 -> core 3 - OK[0m[1;34m
[0m[1;34m	threadid 140641707738880 -> core 4 - OK[0m[1;34m
[0m[1;34m	threadid 140641699346176 -> core 5 - OK[0m[1;34m
[0m[1;34m	threadid 140641690953472 -> core 6 - OK[0m[1;34m
[0m[1;34m	threadid 140641682560768 -> core 7 - OK[0m[1;34m
[0m[1;34m	threadid 140641674168064 -> core 8 - OK[0m[1;34m
[0m[1;34m	threadid 140641665775360 -> core 9 - OK[0m[1;34m
[0m[1;34m	threadid 140641657382656 -> core 10 - OK[0m[1;34m
[0m[1;34m	threadid 140641648989952 -> core 11 - OK[0m[1;34m
[0m[1;34m	threadid 140641640597248 -> core 12 - OK[0m[1;34m
[0m[1;34m	threadid 140641632204544 -> core 13 - OK[0m[1;34m
[0m[1;34m	threadid 140641623811840 -> core 14 - OK[0m[1;34m
[0m[1;34m	threadid 140641615419136 -> core 15 - OK[0m[1;34m
[0m[1;34m	threadid 140641607026432 -> core 16 - OK[0m[1;34m
[0m[1;34m	threadid 140641598633728 -> core 17 - OK[0m[1;34m
[0m[1;34m	threadid 140641590241024 -> core 18 - OK[0m[1;34m
[0m[1;34m	threadid 140641581848320 -> core 19 - OK[0m[1;34m
[0miterations: 200
Total iterations: 1797600800 LUP
FLOP: 11
Total work: 19773608800 FLOP
performance: 1.705926 GLUP/s
Performance in GFLOP/s: 18.765189
size: 9000000
time: 1.053739
[1;34m[pthread wrapper] 
[0m[1;34m[pthread wrapper] MAIN -> 0
[0m[1;34m[pthread wrapper] PIN_MASK: [0m[1;34m0->1  [0m[1;34m1->2  [0m[1;34m2->3  [0m[1;34m3->4  [0m[1;34m4->5  [0m[1;34m5->6  [0m[1;34m6->7  [0m[1;34m7->8  [0m[1;34m8->9  [0m[1;34m9->10  [0m[1;34m10->11  [0m[1;34m11->12  [0m[1;34m12->13  [0m[1;34m13->14  [0m[1;34m14->15  [0m[1;34m15->16  [0m[1;34m16->17  [0m[1;34m17->18  [0m[1;34m18->19  [0m[1;34m
[pthread wrapper] SKIP MASK: 0x0
[0m[1;34m	threadid 140701803038464 -> core 1 - OK[0m[1;34m
[0m[1;34m	threadid 140701794645760 -> core 2 - OK[0m[1;34m
[0m[1;34m	threadid 140701786253056 -> core 3 - OK[0m[1;34m
[0m[1;34m	threadid 140701777860352 -> core 4 - OK[0m[1;34m
[0m[1;34m	threadid 140701769467648 -> core 5 - OK[0m[1;34m
[0m[1;34m	threadid 140701761074944 -> core 6 - OK[0m[1;34m
[0m[1;34m	threadid 140701752682240 -> core 7 - OK[0m[1;34m
[0m[1;34m	threadid 140701744289536 -> core 8 - OK[0m[1;34m
[0m[1;34m	threadid 140701735896832 -> core 9 - OK[0m[1;34m
[0m[1;34m	threadid 140701727504128 -> core 10 - OK[0m[1;34m
[0m[1;34m	threadid 140701719111424 -> core 11 - OK[0m[1;34m
[0m[1;34m	threadid 140701710718720 -> core 12 - OK[0m[1;34m
[0m[1;34m	threadid 140701702326016 -> core 13 - OK[0m[1;34m
[0m[1;34m	threadid 140701693933312 -> core 14 - OK[0m[1;34m
[0m[1;34m	threadid 140701685540608 -> core 15 - OK[0m[1;34m
[0m[1;34m	threadid 140701677147904 -> core 16 - OK[0m[1;34m
[0m[1;34m	threadid 140701668755200 -> core 17 - OK[0m[1;34m
[0m[1;34m	threadid 140701660362496 -> core 18 - OK[0m[1;34m
[0m[1;34m	threadid 140701651969792 -> core 19 - OK[0m[1;34m
[0miterations: 200
Total iterations: 1797600800 LUP
FLOP: 11
Total work: 19773608800 FLOP
performance: 1.662867 GLUP/s
Performance in GFLOP/s: 18.291535
size: 9000000
time: 1.081025
[1;34m[pthread wrapper] 
[0m[1;34m[pthread wrapper] MAIN -> 0
[0m[1;34m[pthread wrapper] PIN_MASK: [0m[1;34m0->1  [0m[1;34m1->2  [0m[1;34m2->3  [0m[1;34m3->4  [0m[1;34m4->5  [0m[1;34m5->6  [0m[1;34m6->7  [0m[1;34m7->8  [0m[1;34m8->9  [0m[1;34m9->10  [0m[1;34m10->11  [0m[1;34m11->12  [0m[1;34m12->13  [0m[1;34m13->14  [0m[1;34m14->15  [0m[1;34m15->16  [0m[1;34m16->17  [0m[1;34m17->18  [0m[1;34m18->19  [0m[1;34m
[pthread wrapper] SKIP MASK: 0x0
[0m[1;34m	threadid 140451828791040 -> core 1 - OK[0m[1;34m
[0m[1;34m	threadid 140451820398336 -> core 2 - OK[0m[1;34m
[0m[1;34m	threadid 140451812005632 -> core 3 - OK[0m[1;34m
[0m[1;34m	threadid 140451803612928 -> core 4 - OK[0m[1;34m
[0m[1;34m	threadid 140451795220224 -> core 5 - OK[0m[1;34m
[0m[1;34m	threadid 140451786827520 -> core 6 - OK[0m[1;34m
[0m[1;34m	threadid 140451778434816 -> core 7 - OK[0m[1;34m
[0m[1;34m	threadid 140451770042112 -> core 8 - OK[0m[1;34m
[0m[1;34m	threadid 140451761649408 -> core 9 - OK[0m[1;34m
[0m[1;34m	threadid 140451753256704 -> core 10 - OK[0m[1;34m
[0m[1;34m	threadid 140451744864000 -> core 11 - OK[0m[1;34m
[0m[1;34m	threadid 140451736471296 -> core 12 - OK[0m[1;34m
[0m[1;34m	threadid 140451728078592 -> core 13 - OK[0m[1;34m
[0m[1;34m	threadid 140451719685888 -> core 14 - OK[0m[1;34m
[0m[1;34m	threadid 140451711293184 -> core 15 - OK[0m[1;34m
[0m[1;34m	threadid 140451702900480 -> core 16 - OK[0m[1;34m
[0m[1;34m	threadid 140451694507776 -> core 17 - OK[0m[1;34m
[0m[1;34m	threadid 140451686115072 -> core 18 - OK[0m[1;34m
[0m[1;34m	threadid 140451677722368 -> core 19 - OK[0m[1;34m
[0miterations: 200
Total iterations: 1797600800 LUP
FLOP: 11
Total work: 19773608800 FLOP
performance: 1.737172 GLUP/s
Performance in GFLOP/s: 19.108887
size: 9000000
time: 1.034786
