iterations: 200
Total iterations: 49600800 LUP
FLOP: 11
Total work: 545608800 FLOP
performance: 1.401080 GLUP/s
Performance in GFLOP/s: 15.411885
size: 250000
time: 0.035402
iterations: 200
Total iterations: 49600800 LUP
FLOP: 11
Total work: 545608800 FLOP
performance: 1.503642 GLUP/s
Performance in GFLOP/s: 16.540057
size: 250000
time: 0.032987
iterations: 200
Total iterations: 49600800 LUP
FLOP: 11
Total work: 545608800 FLOP
performance: 1.498152 GLUP/s
Performance in GFLOP/s: 16.479669
size: 250000
time: 0.033108
iterations: 200
Total iterations: 49600800 LUP
FLOP: 11
Total work: 545608800 FLOP
performance: 1.483061 GLUP/s
Performance in GFLOP/s: 16.313671
size: 250000
time: 0.033445
iterations: 200
Total iterations: 49600800 LUP
FLOP: 11
Total work: 545608800 FLOP
performance: 1.495126 GLUP/s
Performance in GFLOP/s: 16.446388
size: 250000
time: 0.033175
iterations: 200
Total iterations: 49600800 LUP
FLOP: 11
Total work: 545608800 FLOP
performance: 1.489656 GLUP/s
Performance in GFLOP/s: 16.386212
size: 250000
time: 0.033297
iterations: 200
Total iterations: 49600800 LUP
FLOP: 11
Total work: 545608800 FLOP
performance: 1.494042 GLUP/s
Performance in GFLOP/s: 16.434459
size: 250000
time: 0.033199
iterations: 200
Total iterations: 49600800 LUP
FLOP: 11
Total work: 545608800 FLOP
performance: 1.493999 GLUP/s
Performance in GFLOP/s: 16.433987
size: 250000
time: 0.033200
iterations: 200
Total iterations: 49600800 LUP
FLOP: 11
Total work: 545608800 FLOP
performance: 1.495890 GLUP/s
Performance in GFLOP/s: 16.454785
size: 250000
time: 0.033158
iterations: 200
Total iterations: 49600800 LUP
FLOP: 11
Total work: 545608800 FLOP
performance: 1.494632 GLUP/s
Performance in GFLOP/s: 16.440953
size: 250000
time: 0.033186
