[1;34m[pthread wrapper] 
[0m[1;34m[pthread wrapper] MAIN -> 0
[0m[1;34m[pthread wrapper] PIN_MASK: [0m[1;34m0->1  [0m[1;34m1->2  [0m[1;34m2->3  [0m[1;34m3->4  [0m[1;34m4->5  [0m[1;34m5->6  [0m[1;34m6->7  [0m[1;34m7->8  [0m[1;34m8->9  [0m[1;34m
[pthread wrapper] SKIP MASK: 0x0
[0m[1;34m	threadid 140104017635072 -> core 1 - OK[0m[1;34m
[0m[1;34m	threadid 140104009242368 -> core 2 - OK[0m[1;34m
[0m[1;34m	threadid 140104000849664 -> core 3 - OK[0m[1;34m
[0m[1;34m	threadid 140103992456960 -> core 4 - OK[0m[1;34m
[0m[1;34m	threadid 140103984064256 -> core 5 - OK[0m[1;34m
[0m[1;34m	threadid 140103975671552 -> core 6 - OK[0m[1;34m
[0m[1;34m	threadid 140103967278848 -> core 7 - OK[0m[1;34m
[0m[1;34m	threadid 140103958886144 -> core 8 - OK[0m[1;34m
[0m[1;34m	threadid 140103950493440 -> core 9 - OK[0m[1;34m
[0miterations: 200
Total iterations: 1797600800 LUP
FLOP: 11
Total work: 19773608800 FLOP
performance: 1.688219 GLUP/s
Performance in GFLOP/s: 18.570410
size: 9000000
time: 1.064791
[1;34m[pthread wrapper] 
[0m[1;34m[pthread wrapper] MAIN -> 0
[0m[1;34m[pthread wrapper] PIN_MASK: [0m[1;34m0->1  [0m[1;34m1->2  [0m[1;34m2->3  [0m[1;34m3->4  [0m[1;34m4->5  [0m[1;34m5->6  [0m[1;34m6->7  [0m[1;34m7->8  [0m[1;34m8->9  [0m[1;34m
[pthread wrapper] SKIP MASK: 0x0
[0m[1;34m	threadid 140328924743424 -> core 1 - OK[0m[1;34m
[0m[1;34m	threadid 140328916350720 -> core 2 - OK[0m[1;34m
[0m[1;34m	threadid 140328907958016 -> core 3 - OK[0m[1;34m
[0m[1;34m	threadid 140328899565312 -> core 4 - OK[0m[1;34m
[0m[1;34m	threadid 140328891172608 -> core 5 - OK[0m[1;34m
[0m[1;34m	threadid 140328882779904 -> core 6 - OK[0m[1;34m
[0m[1;34m	threadid 140328874387200 -> core 7 - OK[0m[1;34m
[0m[1;34m	threadid 140328865994496 -> core 8 - OK[0m[1;34m
[0m[1;34m	threadid 140328857601792 -> core 9 - OK[0m[1;34m
[0miterations: 200
Total iterations: 1797600800 LUP
FLOP: 11
Total work: 19773608800 FLOP
performance: 1.693237 GLUP/s
Performance in GFLOP/s: 18.625602
size: 9000000
time: 1.061636
[1;34m[pthread wrapper] 
[0m[1;34m[pthread wrapper] MAIN -> 0
[0m[1;34m[pthread wrapper] PIN_MASK: [0m[1;34m0->1  [0m[1;34m1->2  [0m[1;34m2->3  [0m[1;34m3->4  [0m[1;34m4->5  [0m[1;34m5->6  [0m[1;34m6->7  [0m[1;34m7->8  [0m[1;34m8->9  [0m[1;34m
[pthread wrapper] SKIP MASK: 0x0
[0m[1;34m	threadid 140386476345088 -> core 1 - OK[0m[1;34m
[0m[1;34m	threadid 140386467952384 -> core 2 - OK[0m[1;34m
[0m[1;34m	threadid 140386459559680 -> core 3 - OK[0m[1;34m
[0m[1;34m	threadid 140386451166976 -> core 4 - OK[0m[1;34m
[0m[1;34m	threadid 140386442774272 -> core 5 - OK[0m[1;34m
[0m[1;34m	threadid 140386434381568 -> core 6 - OK[0m[1;34m
[0m[1;34m	threadid 140386425988864 -> core 7 - OK[0m[1;34m
[0m[1;34m	threadid 140386417596160 -> core 8 - OK[0m[1;34m
[0m[1;34m	threadid 140386409203456 -> core 9 - OK[0m[1;34m
[0miterations: 200
Total iterations: 1797600800 LUP
FLOP: 11
Total work: 19773608800 FLOP
performance: 1.689806 GLUP/s
Performance in GFLOP/s: 18.587869
size: 9000000
time: 1.063791
[1;34m[pthread wrapper] 
[0m[1;34m[pthread wrapper] MAIN -> 0
[0m[1;34m[pthread wrapper] PIN_MASK: [0m[1;34m0->1  [0m[1;34m1->2  [0m[1;34m2->3  [0m[1;34m3->4  [0m[1;34m4->5  [0m[1;34m5->6  [0m[1;34m6->7  [0m[1;34m7->8  [0m[1;34m8->9  [0m[1;34m
[pthread wrapper] SKIP MASK: 0x0
[0m[1;34m	threadid 140200129668864 -> core 1 - OK[0m[1;34m
[0m[1;34m	threadid 140200121276160 -> core 2 - OK[0m[1;34m
[0m[1;34m	threadid 140200112883456 -> core 3 - OK[0m[1;34m
[0m[1;34m	threadid 140200104490752 -> core 4 - OK[0m[1;34m
[0m[1;34m	threadid 140200096098048 -> core 5 - OK[0m[1;34m
[0m[1;34m	threadid 140200087705344 -> core 6 - OK[0m[1;34m
[0m[1;34m	threadid 140200079312640 -> core 7 - OK[0m[1;34m
[0m[1;34m	threadid 140200070919936 -> core 8 - OK[0m[1;34m
[0m[1;34m	threadid 140200062527232 -> core 9 - OK[0m[1;34m
[0miterations: 200
Total iterations: 1797600800 LUP
FLOP: 11
Total work: 19773608800 FLOP
performance: 1.672895 GLUP/s
Performance in GFLOP/s: 18.401845
size: 9000000
time: 1.074545
[1;34m[pthread wrapper] 
[0m[1;34m[pthread wrapper] MAIN -> 0
[0m[1;34m[pthread wrapper] PIN_MASK: [0m[1;34m0->1  [0m[1;34m1->2  [0m[1;34m2->3  [0m[1;34m3->4  [0m[1;34m4->5  [0m[1;34m5->6  [0m[1;34m6->7  [0m[1;34m7->8  [0m[1;34m8->9  [0m[1;34m
[pthread wrapper] SKIP MASK: 0x0
[0m[1;34m	threadid 139988766123776 -> core 1 - OK[0m[1;34m
[0m[1;34m	threadid 139988757731072 -> core 2 - OK[0m[1;34m
[0m[1;34m	threadid 139988749338368 -> core 3 - OK[0m[1;34m
[0m[1;34m	threadid 139988740945664 -> core 4 - OK[0m[1;34m
[0m[1;34m	threadid 139988732552960 -> core 5 - OK[0m[1;34m
[0m[1;34m	threadid 139988724160256 -> core 6 - OK[0m[1;34m
[0m[1;34m	threadid 139988715767552 -> core 7 - OK[0m[1;34m
[0m[1;34m	threadid 139988707374848 -> core 8 - OK[0m[1;34m
[0m[1;34m	threadid 139988698982144 -> core 9 - OK[0m[1;34m
[0miterations: 200
Total iterations: 1797600800 LUP
FLOP: 11
Total work: 19773608800 FLOP
performance: 1.699035 GLUP/s
Performance in GFLOP/s: 18.689382
size: 9000000
time: 1.058013
[1;34m[pthread wrapper] 
[0m[1;34m[pthread wrapper] MAIN -> 0
[0m[1;34m[pthread wrapper] PIN_MASK: [0m[1;34m0->1  [0m[1;34m1->2  [0m[1;34m2->3  [0m[1;34m3->4  [0m[1;34m4->5  [0m[1;34m5->6  [0m[1;34m6->7  [0m[1;34m7->8  [0m[1;34m8->9  [0m[1;34m
[pthread wrapper] SKIP MASK: 0x0
[0m[1;34m	threadid 140599582557952 -> core 1 - OK[0m[1;34m
[0m[1;34m	threadid 140599574165248 -> core 2 - OK[0m[1;34m
[0m[1;34m	threadid 140599565772544 -> core 3 - OK[0m[1;34m
[0m[1;34m	threadid 140599557379840 -> core 4 - OK[0m[1;34m
[0m[1;34m	threadid 140599548987136 -> core 5 - OK[0m[1;34m
[0m[1;34m	threadid 140599540594432 -> core 6 - OK[0m[1;34m
[0m[1;34m	threadid 140599532201728 -> core 7 - OK[0m[1;34m
[0m[1;34m	threadid 140599523809024 -> core 8 - OK[0m[1;34m
[0m[1;34m	threadid 140599515416320 -> core 9 - OK[0m[1;34m
[0miterations: 200
Total iterations: 1797600800 LUP
FLOP: 11
Total work: 19773608800 FLOP
performance: 1.692193 GLUP/s
Performance in GFLOP/s: 18.614118
size: 9000000
time: 1.062291
[1;34m[pthread wrapper] 
[0m[1;34m[pthread wrapper] MAIN -> 0
[0m[1;34m[pthread wrapper] PIN_MASK: [0m[1;34m0->1  [0m[1;34m1->2  [0m[1;34m2->3  [0m[1;34m3->4  [0m[1;34m4->5  [0m[1;34m5->6  [0m[1;34m6->7  [0m[1;34m7->8  [0m[1;34m8->9  [0m[1;34m
[pthread wrapper] SKIP MASK: 0x0
[0m[1;34m	threadid 140008602957568 -> core 1 - OK[0m[1;34m
[0m[1;34m	threadid 140008594564864 -> core 2 - OK[0m[1;34m
[0m[1;34m	threadid 140008586172160 -> core 3 - OK[0m[1;34m
[0m[1;34m	threadid 140008577779456 -> core 4 - OK[0m[1;34m
[0m[1;34m	threadid 140008569386752 -> core 5 - OK[0m[1;34m
[0m[1;34m	threadid 140008560994048 -> core 6 - OK[0m[1;34m
[0m[1;34m	threadid 140008552601344 -> core 7 - OK[0m[1;34m
[0m[1;34m	threadid 140008544208640 -> core 8 - OK[0m[1;34m
[0m[1;34m	threadid 140008535815936 -> core 9 - OK[0m[1;34m
[0miterations: 200
Total iterations: 1797600800 LUP
FLOP: 11
Total work: 19773608800 FLOP
performance: 1.695164 GLUP/s
Performance in GFLOP/s: 18.646800
size: 9000000
time: 1.060429
[1;34m[pthread wrapper] 
[0m[1;34m[pthread wrapper] MAIN -> 0
[0m[1;34m[pthread wrapper] PIN_MASK: [0m[1;34m0->1  [0m[1;34m1->2  [0m[1;34m2->3  [0m[1;34m3->4  [0m[1;34m4->5  [0m[1;34m5->6  [0m[1;34m6->7  [0m[1;34m7->8  [0m[1;34m8->9  [0m[1;34m
[pthread wrapper] SKIP MASK: 0x0
[0m[1;34m	threadid 139787238790912 -> core 1 - OK[0m[1;34m
[0m[1;34m	threadid 139787230398208 -> core 2 - OK[0m[1;34m
[0m[1;34m	threadid 139787222005504 -> core 3 - OK[0m[1;34m
[0m[1;34m	threadid 139787213612800 -> core 4 - OK[0m[1;34m
[0m[1;34m	threadid 139787205220096 -> core 5 - OK[0m[1;34m
[0m[1;34m	threadid 139787196827392 -> core 6 - OK[0m[1;34m
[0m[1;34m	threadid 139787188434688 -> core 7 - OK[0m[1;34m
[0m[1;34m	threadid 139787180041984 -> core 8 - OK[0m[1;34m
[0m[1;34m	threadid 139787171649280 -> core 9 - OK[0m[1;34m
[0miterations: 200
Total iterations: 1797600800 LUP
FLOP: 11
Total work: 19773608800 FLOP
performance: 1.686976 GLUP/s
Performance in GFLOP/s: 18.556735
size: 9000000
time: 1.065576
[1;34m[pthread wrapper] 
[0m[1;34m[pthread wrapper] MAIN -> 0
[0m[1;34m[pthread wrapper] PIN_MASK: [0m[1;34m0->1  [0m[1;34m1->2  [0m[1;34m2->3  [0m[1;34m3->4  [0m[1;34m4->5  [0m[1;34m5->6  [0m[1;34m6->7  [0m[1;34m7->8  [0m[1;34m8->9  [0m[1;34m
[pthread wrapper] SKIP MASK: 0x0
[0m[1;34m	threadid 139677890299648 -> core 1 - OK[0m[1;34m
[0m[1;34m	threadid 139677881906944 -> core 2 - OK[0m[1;34m
[0m[1;34m	threadid 139677873514240 -> core 3 - OK[0m[1;34m
[0m[1;34m	threadid 139677865121536 -> core 4 - OK[0m[1;34m
[0m[1;34m	threadid 139677856728832 -> core 5 - OK[0m[1;34m
[0m[1;34m	threadid 139677848336128 -> core 6 - OK[0m[1;34m
[0m[1;34m	threadid 139677839943424 -> core 7 - OK[0m[1;34m
[0m[1;34m	threadid 139677831550720 -> core 8 - OK[0m[1;34m
[0m[1;34m	threadid 139677823158016 -> core 9 - OK[0m[1;34m
[0miterations: 200
Total iterations: 1797600800 LUP
FLOP: 11
Total work: 19773608800 FLOP
performance: 1.708607 GLUP/s
Performance in GFLOP/s: 18.794672
size: 9000000
time: 1.052086
[1;34m[pthread wrapper] 
[0m[1;34m[pthread wrapper] MAIN -> 0
[0m[1;34m[pthread wrapper] PIN_MASK: [0m[1;34m0->1  [0m[1;34m1->2  [0m[1;34m2->3  [0m[1;34m3->4  [0m[1;34m4->5  [0m[1;34m5->6  [0m[1;34m6->7  [0m[1;34m7->8  [0m[1;34m8->9  [0m[1;34m
[pthread wrapper] SKIP MASK: 0x0
[0m[1;34m	threadid 139712921696000 -> core 1 - OK[0m[1;34m
[0m[1;34m	threadid 139712913303296 -> core 2 - OK[0m[1;34m
[0m[1;34m	threadid 139712904910592 -> core 3 - OK[0m[1;34m
[0m[1;34m	threadid 139712896517888 -> core 4 - OK[0m[1;34m
[0m[1;34m	threadid 139712888125184 -> core 5 - OK[0m[1;34m
[0m[1;34m	threadid 139712879732480 -> core 6 - OK[0m[1;34m
[0m[1;34m	threadid 139712871339776 -> core 7 - OK[0m[1;34m
[0m[1;34m	threadid 139712862947072 -> core 8 - OK[0m[1;34m
[0m[1;34m	threadid 139712854554368 -> core 9 - OK[0m[1;34m
[0miterations: 200
Total iterations: 1797600800 LUP
FLOP: 11
Total work: 19773608800 FLOP
performance: 1.685343 GLUP/s
Performance in GFLOP/s: 18.538775
size: 9000000
time: 1.066608
