[1;34m[pthread wrapper] 
[0m[1;34m[pthread wrapper] MAIN -> 0
[0m[1;34m[pthread wrapper] PIN_MASK: [0m[1;34m0->1  [0m[1;34m1->2  [0m[1;34m2->10  [0m[1;34m3->11  [0m[1;34m4->12  [0m[1;34m
[pthread wrapper] SKIP MASK: 0x0
[0m[1;34m	threadid 139956097591040 -> core 1 - OK[0m[1;34m
[0m[1;34m	threadid 139956089198336 -> core 2 - OK[0m[1;34m
[0m[1;34m	threadid 139956080805632 -> core 10 - OK[0m[1;34m
[0m[1;34m	threadid 139956072412928 -> core 11 - OK[0m[1;34m
[0m[1;34m	threadid 139956064020224 -> core 12 - OK[0m[1;34m
[0miterations: 200
Total iterations: 49600800 LUP
FLOP: 11
Total work: 545608800 FLOP
performance: 2.198605 GLUP/s
Performance in GFLOP/s: 24.184659
size: 250000
time: 0.022560
[1;34m[pthread wrapper] 
[0m[1;34m[pthread wrapper] MAIN -> 0
[0m[1;34m[pthread wrapper] PIN_MASK: [0m[1;34m0->1  [0m[1;34m1->2  [0m[1;34m2->10  [0m[1;34m3->11  [0m[1;34m4->12  [0m[1;34m
[pthread wrapper] SKIP MASK: 0x0
[0m[1;34m	threadid 139773692405504 -> core 1 - OK[0m[1;34m
[0m[1;34m	threadid 139773684012800 -> core 2 - OK[0m[1;34m
[0m[1;34m	threadid 139773675620096 -> core 10 - OK[0m[1;34m
[0m[1;34m	threadid 139773667227392 -> core 11 - OK[0m[1;34m
[0m[1;34m	threadid 139773658834688 -> core 12 - OK[0m[1;34m
[0miterations: 200
Total iterations: 49600800 LUP
FLOP: 11
Total work: 545608800 FLOP
performance: 2.209698 GLUP/s
Performance in GFLOP/s: 24.306675
size: 250000
time: 0.022447
[1;34m[pthread wrapper] 
[0m[1;34m[pthread wrapper] MAIN -> 0
[0m[1;34m[pthread wrapper] PIN_MASK: [0m[1;34m0->1  [0m[1;34m1->2  [0m[1;34m2->10  [0m[1;34m3->11  [0m[1;34m4->12  [0m[1;34m
[pthread wrapper] SKIP MASK: 0x0
[0m[1;34m	threadid 139626756007680 -> core 1 - OK[0m[1;34m
[0m[1;34m	threadid 139626747614976 -> core 2 - OK[0m[1;34m
[0m[1;34m	threadid 139626739222272 -> core 10 - OK[0m[1;34m
[0m[1;34m	threadid 139626730829568 -> core 11 - OK[0m[1;34m
[0m[1;34m	threadid 139626722436864 -> core 12 - OK[0m[1;34m
[0miterations: 200
Total iterations: 49600800 LUP
FLOP: 11
Total work: 545608800 FLOP
performance: 2.210261 GLUP/s
Performance in GFLOP/s: 24.312873
size: 250000
time: 0.022441
[1;34m[pthread wrapper] 
[0m[1;34m[pthread wrapper] MAIN -> 0
[0m[1;34m[pthread wrapper] PIN_MASK: [0m[1;34m0->1  [0m[1;34m1->2  [0m[1;34m2->10  [0m[1;34m3->11  [0m[1;34m4->12  [0m[1;34m
[pthread wrapper] SKIP MASK: 0x0
[0m[1;34m	threadid 139976667223808 -> core 1 - OK[0m[1;34m
[0m[1;34m	threadid 139976658831104 -> core 2 - OK[0m[1;34m
[0m[1;34m	threadid 139976650438400 -> core 10 - OK[0m[1;34m
[0m[1;34m	threadid 139976642045696 -> core 11 - OK[0m[1;34m
[0m[1;34m	threadid 139976633652992 -> core 12 - OK[0m[1;34m
[0miterations: 200
Total iterations: 49600800 LUP
FLOP: 11
Total work: 545608800 FLOP
performance: 2.174613 GLUP/s
Performance in GFLOP/s: 23.920738
size: 250000
time: 0.022809
[1;34m[pthread wrapper] 
[0m[1;34m[pthread wrapper] MAIN -> 0
[0m[1;34m[pthread wrapper] PIN_MASK: [0m[1;34m0->1  [0m[1;34m1->2  [0m[1;34m2->10  [0m[1;34m3->11  [0m[1;34m4->12  [0m[1;34m
[pthread wrapper] SKIP MASK: 0x0
[0m[1;34m	threadid 139966239188736 -> core 1 - OK[0m[1;34m
[0m[1;34m	threadid 139966230796032 -> core 2 - OK[0m[1;34m
[0m[1;34m	threadid 139966222403328 -> core 10 - OK[0m[1;34m
[0m[1;34m	threadid 139966214010624 -> core 11 - OK[0m[1;34m
[0m[1;34m	threadid 139966205617920 -> core 12 - OK[0m[1;34m
[0miterations: 200
Total iterations: 49600800 LUP
FLOP: 11
Total work: 545608800 FLOP
performance: 2.217872 GLUP/s
Performance in GFLOP/s: 24.396593
size: 250000
time: 0.022364
[1;34m[pthread wrapper] 
[0m[1;34m[pthread wrapper] MAIN -> 0
[0m[1;34m[pthread wrapper] PIN_MASK: [0m[1;34m0->1  [0m[1;34m1->2  [0m[1;34m2->10  [0m[1;34m3->11  [0m[1;34m4->12  [0m[1;34m
[pthread wrapper] SKIP MASK: 0x0
[0m[1;34m	threadid 139917485917952 -> core 1 - OK[0m[1;34m
[0m[1;34m	threadid 139917477525248 -> core 2 - OK[0m[1;34m
[0m[1;34m	threadid 139917469132544 -> core 10 - OK[0m[1;34m
[0m[1;34m	threadid 139917460739840 -> core 11 - OK[0m[1;34m
[0m[1;34m	threadid 139917452347136 -> core 12 - OK[0m[1;34m
[0miterations: 200
Total iterations: 49600800 LUP
FLOP: 11
Total work: 545608800 FLOP
performance: 2.173477 GLUP/s
Performance in GFLOP/s: 23.908243
size: 250000
time: 0.022821
[1;34m[pthread wrapper] 
[0m[1;34m[pthread wrapper] MAIN -> 0
[0m[1;34m[pthread wrapper] PIN_MASK: [0m[1;34m0->1  [0m[1;34m1->2  [0m[1;34m2->10  [0m[1;34m3->11  [0m[1;34m4->12  [0m[1;34m
[pthread wrapper] SKIP MASK: 0x0
[0m[1;34m	threadid 140304731662080 -> core 1 - OK[0m[1;34m
[0m[1;34m	threadid 140304723269376 -> core 2 - OK[0m[1;34m
[0m[1;34m	threadid 140304714876672 -> core 10 - OK[0m[1;34m
[0m[1;34m	threadid 140304706483968 -> core 11 - OK[0m[1;34m
[0m[1;34m	threadid 140304698091264 -> core 12 - OK[0m[1;34m
[0miterations: 200
Total iterations: 49600800 LUP
FLOP: 11
Total work: 545608800 FLOP
performance: 2.205551 GLUP/s
Performance in GFLOP/s: 24.261065
size: 250000
time: 0.022489
[1;34m[pthread wrapper] 
[0m[1;34m[pthread wrapper] MAIN -> 0
[0m[1;34m[pthread wrapper] PIN_MASK: [0m[1;34m0->1  [0m[1;34m1->2  [0m[1;34m2->10  [0m[1;34m3->11  [0m[1;34m4->12  [0m[1;34m
[pthread wrapper] SKIP MASK: 0x0
[0m[1;34m	threadid 140000469939968 -> core 1 - OK[0m[1;34m
[0m[1;34m	threadid 140000461547264 -> core 2 - OK[0m[1;34m
[0m[1;34m	threadid 140000453154560 -> core 10 - OK[0m[1;34m
[0m[1;34m	threadid 140000444761856 -> core 11 - OK[0m[1;34m
[0m[1;34m	threadid 140000436369152 -> core 12 - OK[0m[1;34m
[0miterations: 200
Total iterations: 49600800 LUP
FLOP: 11
Total work: 545608800 FLOP
performance: 2.196377 GLUP/s
Performance in GFLOP/s: 24.160148
size: 250000
time: 0.022583
[1;34m[pthread wrapper] 
[0m[1;34m[pthread wrapper] MAIN -> 0
[0m[1;34m[pthread wrapper] PIN_MASK: [0m[1;34m0->1  [0m[1;34m1->2  [0m[1;34m2->10  [0m[1;34m3->11  [0m[1;34m4->12  [0m[1;34m
[pthread wrapper] SKIP MASK: 0x0
[0m[1;34m	threadid 140243167684352 -> core 1 - OK[0m[1;34m
[0m[1;34m	threadid 140243159291648 -> core 2 - OK[0m[1;34m
[0m[1;34m	threadid 140243150898944 -> core 10 - OK[0m[1;34m
[0m[1;34m	threadid 140243142506240 -> core 11 - OK[0m[1;34m
[0m[1;34m	threadid 140243134113536 -> core 12 - OK[0m[1;34m
[0miterations: 200
Total iterations: 49600800 LUP
FLOP: 11
Total work: 545608800 FLOP
performance: 2.190757 GLUP/s
Performance in GFLOP/s: 24.098324
size: 250000
time: 0.022641
[1;34m[pthread wrapper] 
[0m[1;34m[pthread wrapper] MAIN -> 0
[0m[1;34m[pthread wrapper] PIN_MASK: [0m[1;34m0->1  [0m[1;34m1->2  [0m[1;34m2->10  [0m[1;34m3->11  [0m[1;34m4->12  [0m[1;34m
[pthread wrapper] SKIP MASK: 0x0
[0m[1;34m	threadid 139767903414016 -> core 1 - OK[0m[1;34m
[0m[1;34m	threadid 139767895021312 -> core 2 - OK[0m[1;34m
[0m[1;34m	threadid 139767886628608 -> core 10 - OK[0m[1;34m
[0m[1;34m	threadid 139767878235904 -> core 11 - OK[0m[1;34m
[0m[1;34m	threadid 139767869843200 -> core 12 - OK[0m[1;34m
[0miterations: 200
Total iterations: 49600800 LUP
FLOP: 11
Total work: 545608800 FLOP
performance: 2.286264 GLUP/s
Performance in GFLOP/s: 25.148899
size: 250000
time: 0.021695
