iterations: 200
Total iterations: 49600800 LUP
FLOP: 11
Total work: 545608800 FLOP
performance: 0.725359 GLUP/s
Performance in GFLOP/s: 7.978945
size: 250000
time: 0.068381
iterations: 200
Total iterations: 49600800 LUP
FLOP: 11
Total work: 545608800 FLOP
performance: 0.740818 GLUP/s
Performance in GFLOP/s: 8.148993
size: 250000
time: 0.066954
iterations: 200
Total iterations: 49600800 LUP
FLOP: 11
Total work: 545608800 FLOP
performance: 0.744934 GLUP/s
Performance in GFLOP/s: 8.194279
size: 250000
time: 0.066584
iterations: 200
Total iterations: 49600800 LUP
FLOP: 11
Total work: 545608800 FLOP
performance: 0.746054 GLUP/s
Performance in GFLOP/s: 8.206592
size: 250000
time: 0.066484
iterations: 200
Total iterations: 49600800 LUP
FLOP: 11
Total work: 545608800 FLOP
performance: 0.743138 GLUP/s
Performance in GFLOP/s: 8.174522
size: 250000
time: 0.066745
iterations: 200
Total iterations: 49600800 LUP
FLOP: 11
Total work: 545608800 FLOP
performance: 0.746313 GLUP/s
Performance in GFLOP/s: 8.209448
size: 250000
time: 0.066461
iterations: 200
Total iterations: 49600800 LUP
FLOP: 11
Total work: 545608800 FLOP
performance: 0.747609 GLUP/s
Performance in GFLOP/s: 8.223697
size: 250000
time: 0.066346
iterations: 200
Total iterations: 49600800 LUP
FLOP: 11
Total work: 545608800 FLOP
performance: 0.745888 GLUP/s
Performance in GFLOP/s: 8.204768
size: 250000
time: 0.066499
iterations: 200
Total iterations: 49600800 LUP
FLOP: 11
Total work: 545608800 FLOP
performance: 0.736902 GLUP/s
Performance in GFLOP/s: 8.105927
size: 250000
time: 0.067310
iterations: 200
Total iterations: 49600800 LUP
FLOP: 11
Total work: 545608800 FLOP
performance: 0.747158 GLUP/s
Performance in GFLOP/s: 8.218735
size: 250000
time: 0.066386
