iterations: 200
Total iterations: 49600800 LUP
FLOP: 11
Total work: 545608800 FLOP
performance: 0.364214 GLUP/s
Performance in GFLOP/s: 4.006354
size: 250000
time: 0.136186
[1;34m[likwid-pin] Main PID -> core 0 - OK[0m
iterations: 200
Total iterations: 49600800 LUP
FLOP: 11
Total work: 545608800 FLOP
performance: 0.362304 GLUP/s
Performance in GFLOP/s: 3.985339
size: 250000
time: 0.136904
[1;34m[likwid-pin] Main PID -> core 0 - OK[0m
iterations: 200
Total iterations: 49600800 LUP
FLOP: 11
Total work: 545608800 FLOP
performance: 0.360767 GLUP/s
Performance in GFLOP/s: 3.968441
size: 250000
time: 0.137487
[1;34m[likwid-pin] Main PID -> core 0 - OK[0m
iterations: 200
Total iterations: 49600800 LUP
FLOP: 11
Total work: 545608800 FLOP
performance: 0.361125 GLUP/s
Performance in GFLOP/s: 3.972374
size: 250000
time: 0.137351
[1;34m[likwid-pin] Main PID -> core 0 - OK[0m
iterations: 200
Total iterations: 49600800 LUP
FLOP: 11
Total work: 545608800 FLOP
performance: 0.363986 GLUP/s
Performance in GFLOP/s: 4.003851
size: 250000
time: 0.136271
[1;34m[likwid-pin] Main PID -> core 0 - OK[0m
iterations: 200
Total iterations: 49600800 LUP
FLOP: 11
Total work: 545608800 FLOP
performance: 0.363877 GLUP/s
Performance in GFLOP/s: 4.002647
size: 250000
time: 0.136312
[1;34m[likwid-pin] Main PID -> core 0 - OK[0m
iterations: 200
Total iterations: 49600800 LUP
FLOP: 11
Total work: 545608800 FLOP
performance: 0.362013 GLUP/s
Performance in GFLOP/s: 3.982142
size: 250000
time: 0.137014
[1;34m[likwid-pin] Main PID -> core 0 - OK[0m
iterations: 200
Total iterations: 49600800 LUP
FLOP: 11
Total work: 545608800 FLOP
performance: 0.368697 GLUP/s
Performance in GFLOP/s: 4.055664
size: 250000
time: 0.134530
[1;34m[likwid-pin] Main PID -> core 0 - OK[0m
iterations: 200
Total iterations: 49600800 LUP
FLOP: 11
Total work: 545608800 FLOP
performance: 0.363752 GLUP/s
Performance in GFLOP/s: 4.001268
size: 250000
time: 0.136359
[1;34m[likwid-pin] Main PID -> core 0 - OK[0m
iterations: 200
Total iterations: 49600800 LUP
FLOP: 11
Total work: 545608800 FLOP
performance: 0.363157 GLUP/s
Performance in GFLOP/s: 3.994730
size: 250000
time: 0.136582
[1;34m[likwid-pin] Main PID -> core 0 - OK[0m
