[1;34m[pthread wrapper] 
[0m[1;34m[pthread wrapper] MAIN -> 0
[0m[1;34m[pthread wrapper] PIN_MASK: [0m[1;34m0->1  [0m[1;34m1->2  [0m[1;34m2->10  [0m[1;34m3->11  [0m[1;34m4->12  [0m[1;34m
[pthread wrapper] SKIP MASK: 0x0
[0m[1;34m	threadid 140476377896704 -> core 1 - OK[0m[1;34m
[0m[1;34m	threadid 140476369504000 -> core 2 - OK[0m[1;34m
[0m[1;34m	threadid 140476361111296 -> core 10 - OK[0m[1;34m
[0m[1;34m	threadid 140476352718592 -> core 11 - OK[0m[1;34m
[0m[1;34m	threadid 140476344325888 -> core 12 - OK[0m[1;34m
[0miterations: 200
Total iterations: 49600800 LUP
FLOP: 11
Total work: 545608800 FLOP
performance: 1.053766 GLUP/s
Performance in GFLOP/s: 11.591428
size: 250000
time: 0.047070
[1;34m[pthread wrapper] 
[0m[1;34m[pthread wrapper] MAIN -> 0
[0m[1;34m[pthread wrapper] PIN_MASK: [0m[1;34m0->1  [0m[1;34m1->2  [0m[1;34m2->10  [0m[1;34m3->11  [0m[1;34m4->12  [0m[1;34m
[pthread wrapper] SKIP MASK: 0x0
[0m[1;34m	threadid 140001181267712 -> core 1 - OK[0m[1;34m
[0m[1;34m	threadid 140001172875008 -> core 2 - OK[0m[1;34m
[0m[1;34m	threadid 140001164482304 -> core 10 - OK[0m[1;34m
[0m[1;34m	threadid 140001156089600 -> core 11 - OK[0m[1;34m
[0m[1;34m	threadid 140001147696896 -> core 12 - OK[0m[1;34m
[0miterations: 200
Total iterations: 49600800 LUP
FLOP: 11
Total work: 545608800 FLOP
performance: 1.056125 GLUP/s
Performance in GFLOP/s: 11.617378
size: 250000
time: 0.046965
[1;34m[pthread wrapper] 
[0m[1;34m[pthread wrapper] MAIN -> 0
[0m[1;34m[pthread wrapper] PIN_MASK: [0m[1;34m0->1  [0m[1;34m1->2  [0m[1;34m2->10  [0m[1;34m3->11  [0m[1;34m4->12  [0m[1;34m
[pthread wrapper] SKIP MASK: 0x0
[0m[1;34m	threadid 140084241016576 -> core 1 - OK[0m[1;34m
[0m[1;34m	threadid 140084232623872 -> core 2 - OK[0m[1;34m
[0m[1;34m	threadid 140084224231168 -> core 10 - OK[0m[1;34m
[0m[1;34m	threadid 140084215838464 -> core 11 - OK[0m[1;34m
[0m[1;34m	threadid 140084207445760 -> core 12 - OK[0m[1;34m
[0miterations: 200
Total iterations: 49600800 LUP
FLOP: 11
Total work: 545608800 FLOP
performance: 1.057924 GLUP/s
Performance in GFLOP/s: 11.637168
size: 250000
time: 0.046885
[1;34m[pthread wrapper] 
[0m[1;34m[pthread wrapper] MAIN -> 0
[0m[1;34m[pthread wrapper] PIN_MASK: [0m[1;34m0->1  [0m[1;34m1->2  [0m[1;34m2->10  [0m[1;34m3->11  [0m[1;34m4->12  [0m[1;34m
[pthread wrapper] SKIP MASK: 0x0
[0m[1;34m	threadid 140443607770880 -> core 1 - OK[0m[1;34m
[0m[1;34m	threadid 140443599378176 -> core 2 - OK[0m[1;34m
[0m[1;34m	threadid 140443590985472 -> core 10 - OK[0m[1;34m
[0m[1;34m	threadid 140443582592768 -> core 11 - OK[0m[1;34m
[0m[1;34m	threadid 140443574200064 -> core 12 - OK[0m[1;34m
[0miterations: 200
Total iterations: 49600800 LUP
FLOP: 11
Total work: 545608800 FLOP
performance: 1.055761 GLUP/s
Performance in GFLOP/s: 11.613369
size: 250000
time: 0.046981
[1;34m[pthread wrapper] 
[0m[1;34m[pthread wrapper] MAIN -> 0
[0m[1;34m[pthread wrapper] PIN_MASK: [0m[1;34m0->1  [0m[1;34m1->2  [0m[1;34m2->10  [0m[1;34m3->11  [0m[1;34m4->12  [0m[1;34m
[pthread wrapper] SKIP MASK: 0x0
[0m[1;34m	threadid 139690865653504 -> core 1 - OK[0m[1;34m
[0m[1;34m	threadid 139690857260800 -> core 2 - OK[0m[1;34m
[0m[1;34m	threadid 139690848868096 -> core 10 - OK[0m[1;34m
[0m[1;34m	threadid 139690840475392 -> core 11 - OK[0m[1;34m
[0m[1;34m	threadid 139690832082688 -> core 12 - OK[0m[1;34m
[0miterations: 200
Total iterations: 49600800 LUP
FLOP: 11
Total work: 545608800 FLOP
performance: 1.060254 GLUP/s
Performance in GFLOP/s: 11.662789
size: 250000
time: 0.046782
[1;34m[pthread wrapper] 
[0m[1;34m[pthread wrapper] MAIN -> 0
[0m[1;34m[pthread wrapper] PIN_MASK: [0m[1;34m0->1  [0m[1;34m1->2  [0m[1;34m2->10  [0m[1;34m3->11  [0m[1;34m4->12  [0m[1;34m
[pthread wrapper] SKIP MASK: 0x0
[0m[1;34m	threadid 140626266871552 -> core 1 - OK[0m[1;34m
[0m[1;34m	threadid 140626258478848 -> core 2 - OK[0m[1;34m
[0m[1;34m	threadid 140626250086144 -> core 10 - OK[0m[1;34m
[0m[1;34m	threadid 140626241693440 -> core 11 - OK[0m[1;34m
[0m[1;34m	threadid 140626233300736 -> core 12 - OK[0m[1;34m
[0miterations: 200
Total iterations: 49600800 LUP
FLOP: 11
Total work: 545608800 FLOP
performance: 1.051976 GLUP/s
Performance in GFLOP/s: 11.571734
size: 250000
time: 0.047150
[1;34m[pthread wrapper] 
[0m[1;34m[pthread wrapper] MAIN -> 0
[0m[1;34m[pthread wrapper] PIN_MASK: [0m[1;34m0->1  [0m[1;34m1->2  [0m[1;34m2->10  [0m[1;34m3->11  [0m[1;34m4->12  [0m[1;34m
[pthread wrapper] SKIP MASK: 0x0
[0m[1;34m	threadid 139956714657536 -> core 1 - OK[0m[1;34m
[0m[1;34m	threadid 139956706264832 -> core 2 - OK[0m[1;34m
[0m[1;34m	threadid 139956697872128 -> core 10 - OK[0m[1;34m
[0m[1;34m	threadid 139956689479424 -> core 11 - OK[0m[1;34m
[0m[1;34m	threadid 139956681086720 -> core 12 - OK[0m[1;34m
[0miterations: 200
Total iterations: 49600800 LUP
FLOP: 11
Total work: 545608800 FLOP
performance: 1.058376 GLUP/s
Performance in GFLOP/s: 11.642141
size: 250000
time: 0.046865
[1;34m[pthread wrapper] 
[0m[1;34m[pthread wrapper] MAIN -> 0
[0m[1;34m[pthread wrapper] PIN_MASK: [0m[1;34m0->1  [0m[1;34m1->2  [0m[1;34m2->10  [0m[1;34m3->11  [0m[1;34m4->12  [0m[1;34m
[pthread wrapper] SKIP MASK: 0x0
[0m[1;34m	threadid 140436477597440 -> core 1 - OK[0m[1;34m
[0m[1;34m	threadid 140436469204736 -> core 2 - OK[0m[1;34m
[0m[1;34m	threadid 140436460812032 -> core 10 - OK[0m[1;34m
[0m[1;34m	threadid 140436452419328 -> core 11 - OK[0m[1;34m
[0m[1;34m	threadid 140436444026624 -> core 12 - OK[0m[1;34m
[0miterations: 200
Total iterations: 49600800 LUP
FLOP: 11
Total work: 545608800 FLOP
performance: 1.060800 GLUP/s
Performance in GFLOP/s: 11.668796
size: 250000
time: 0.046758
[1;34m[pthread wrapper] 
[0m[1;34m[pthread wrapper] MAIN -> 0
[0m[1;34m[pthread wrapper] PIN_MASK: [0m[1;34m0->1  [0m[1;34m1->2  [0m[1;34m2->10  [0m[1;34m3->11  [0m[1;34m4->12  [0m[1;34m
[pthread wrapper] SKIP MASK: 0x0
[0m[1;34m	threadid 139832622761728 -> core 1 - OK[0m[1;34m
[0m[1;34m	threadid 139832614369024 -> core 2 - OK[0m[1;34m
[0m[1;34m	threadid 139832605976320 -> core 10 - OK[0m[1;34m
[0m[1;34m	threadid 139832597583616 -> core 11 - OK[0m[1;34m
[0m[1;34m	threadid 139832589190912 -> core 12 - OK[0m[1;34m
[0miterations: 200
Total iterations: 49600800 LUP
FLOP: 11
Total work: 545608800 FLOP
performance: 1.055964 GLUP/s
Performance in GFLOP/s: 11.615609
size: 250000
time: 0.046972
[1;34m[pthread wrapper] 
[0m[1;34m[pthread wrapper] MAIN -> 0
[0m[1;34m[pthread wrapper] PIN_MASK: [0m[1;34m0->1  [0m[1;34m1->2  [0m[1;34m2->10  [0m[1;34m3->11  [0m[1;34m4->12  [0m[1;34m
[pthread wrapper] SKIP MASK: 0x0
[0m[1;34m	threadid 140306570004224 -> core 1 - OK[0m[1;34m
[0m[1;34m	threadid 140306561611520 -> core 2 - OK[0m[1;34m
[0m[1;34m	threadid 140306553218816 -> core 10 - OK[0m[1;34m
[0m[1;34m	threadid 140306544826112 -> core 11 - OK[0m[1;34m
[0m[1;34m	threadid 140306536433408 -> core 12 - OK[0m[1;34m
[0miterations: 200
Total iterations: 49600800 LUP
FLOP: 11
Total work: 545608800 FLOP
performance: 1.033841 GLUP/s
Performance in GFLOP/s: 11.372250
size: 250000
time: 0.047977
