iterations: 200
Total iterations: 49600800 LUP
FLOP: 11
Total work: 545608800 FLOP
performance: 0.382757 GLUP/s
Performance in GFLOP/s: 4.210330
size: 250000
time: 0.129588
[1;34m[likwid-pin] Main PID -> core 0 - OK[0m
iterations: 200
Total iterations: 49600800 LUP
FLOP: 11
Total work: 545608800 FLOP
performance: 0.385108 GLUP/s
Performance in GFLOP/s: 4.236190
size: 250000
time: 0.128797
[1;34m[likwid-pin] Main PID -> core 0 - OK[0m
iterations: 200
Total iterations: 49600800 LUP
FLOP: 11
Total work: 545608800 FLOP
performance: 0.382103 GLUP/s
Performance in GFLOP/s: 4.203131
size: 250000
time: 0.129810
[1;34m[likwid-pin] Main PID -> core 0 - OK[0m
iterations: 200
Total iterations: 49600800 LUP
FLOP: 11
Total work: 545608800 FLOP
performance: 0.383003 GLUP/s
Performance in GFLOP/s: 4.213028
size: 250000
time: 0.129505
[1;34m[likwid-pin] Main PID -> core 0 - OK[0m
iterations: 200
Total iterations: 49600800 LUP
FLOP: 11
Total work: 545608800 FLOP
performance: 0.384431 GLUP/s
Performance in GFLOP/s: 4.228738
size: 250000
time: 0.129024
[1;34m[likwid-pin] Main PID -> core 0 - OK[0m
iterations: 200
Total iterations: 49600800 LUP
FLOP: 11
Total work: 545608800 FLOP
performance: 0.368398 GLUP/s
Performance in GFLOP/s: 4.052382
size: 250000
time: 0.134639
[1;34m[likwid-pin] Main PID -> core 0 - OK[0m
iterations: 200
Total iterations: 49600800 LUP
FLOP: 11
Total work: 545608800 FLOP
performance: 0.380240 GLUP/s
Performance in GFLOP/s: 4.182642
size: 250000
time: 0.130446
[1;34m[likwid-pin] Main PID -> core 0 - OK[0m
iterations: 200
Total iterations: 49600800 LUP
FLOP: 11
Total work: 545608800 FLOP
performance: 0.383302 GLUP/s
Performance in GFLOP/s: 4.216327
size: 250000
time: 0.129404
[1;34m[likwid-pin] Main PID -> core 0 - OK[0m
iterations: 200
Total iterations: 49600800 LUP
FLOP: 11
Total work: 545608800 FLOP
performance: 0.383925 GLUP/s
Performance in GFLOP/s: 4.223174
size: 250000
time: 0.129194
[1;34m[likwid-pin] Main PID -> core 0 - OK[0m
iterations: 200
Total iterations: 49600800 LUP
FLOP: 11
Total work: 545608800 FLOP
performance: 0.382894 GLUP/s
Performance in GFLOP/s: 4.211833
size: 250000
time: 0.129542
[1;34m[likwid-pin] Main PID -> core 0 - OK[0m
