[1;34m[pthread wrapper] 
[0m[1;34m[pthread wrapper] MAIN -> 0
[0m[1;34m[pthread wrapper] PIN_MASK: [0m[1;34m0->1  [0m[1;34m1->2  [0m[1;34m2->3  [0m[1;34m3->4  [0m[1;34m4->5  [0m[1;34m
[pthread wrapper] SKIP MASK: 0x0
[0m[1;34m	threadid 139655591364352 -> core 1 - OK[0m[1;34m
[0m[1;34m	threadid 139655582971648 -> core 2 - OK[0m[1;34m
[0m[1;34m	threadid 139655574578944 -> core 3 - OK[0m[1;34m
[0m[1;34m	threadid 139655566186240 -> core 4 - OK[0m[1;34m
[0m[1;34m	threadid 139655557793536 -> core 5 - OK[0m[1;34m
[0miterations: 100
Total iterations: 898800400 LUP
FLOP: 11
Total work: 9886804400 FLOP
performance: 1.576171 GLUP/s
Performance in GFLOP/s: 17.337876
size: 9000000
time: 0.570243
[1;34m[pthread wrapper] 
[0m[1;34m[pthread wrapper] MAIN -> 0
[0m[1;34m[pthread wrapper] PIN_MASK: [0m[1;34m0->1  [0m[1;34m1->2  [0m[1;34m2->3  [0m[1;34m3->4  [0m[1;34m4->5  [0m[1;34m
[pthread wrapper] SKIP MASK: 0x0
[0m[1;34m	threadid 140501754939136 -> core 1 - OK[0m[1;34m
[0m[1;34m	threadid 140501746546432 -> core 2 - OK[0m[1;34m
[0m[1;34m	threadid 140501738153728 -> core 3 - OK[0m[1;34m
[0m[1;34m	threadid 140501729761024 -> core 4 - OK[0m[1;34m
[0m[1;34m	threadid 140501721368320 -> core 5 - OK[0m[1;34m
[0miterations: 100
Total iterations: 898800400 LUP
FLOP: 11
Total work: 9886804400 FLOP
performance: 1.574131 GLUP/s
Performance in GFLOP/s: 17.315440
size: 9000000
time: 0.570982
[1;34m[pthread wrapper] 
[0m[1;34m[pthread wrapper] MAIN -> 0
[0m[1;34m[pthread wrapper] PIN_MASK: [0m[1;34m0->1  [0m[1;34m1->2  [0m[1;34m2->3  [0m[1;34m3->4  [0m[1;34m4->5  [0m[1;34m
[pthread wrapper] SKIP MASK: 0x0
[0m[1;34m	threadid 140108201191168 -> core 1 - OK[0m[1;34m
[0m[1;34m	threadid 140108192798464 -> core 2 - OK[0m[1;34m
[0m[1;34m	threadid 140108184405760 -> core 3 - OK[0m[1;34m
[0m[1;34m	threadid 140108176013056 -> core 4 - OK[0m[1;34m
[0m[1;34m	threadid 140108167620352 -> core 5 - OK[0m[1;34m
[0miterations: 100
Total iterations: 898800400 LUP
FLOP: 11
Total work: 9886804400 FLOP
performance: 1.566315 GLUP/s
Performance in GFLOP/s: 17.229468
size: 9000000
time: 0.573831
[1;34m[pthread wrapper] 
[0m[1;34m[pthread wrapper] MAIN -> 0
[0m[1;34m[pthread wrapper] PIN_MASK: [0m[1;34m0->1  [0m[1;34m1->2  [0m[1;34m2->3  [0m[1;34m3->4  [0m[1;34m4->5  [0m[1;34m
[pthread wrapper] SKIP MASK: 0x0
[0m[1;34m	threadid 140401103750912 -> core 1 - OK[0m[1;34m
[0m[1;34m	threadid 140401095358208 -> core 2 - OK[0m[1;34m
[0m[1;34m	threadid 140401086965504 -> core 3 - OK[0m[1;34m
[0m[1;34m	threadid 140401078572800 -> core 4 - OK[0m[1;34m
[0m[1;34m	threadid 140401070180096 -> core 5 - OK[0m[1;34m
[0miterations: 100
Total iterations: 898800400 LUP
FLOP: 11
Total work: 9886804400 FLOP
performance: 1.572856 GLUP/s
Performance in GFLOP/s: 17.301411
size: 9000000
time: 0.571445
[1;34m[pthread wrapper] 
[0m[1;34m[pthread wrapper] MAIN -> 0
[0m[1;34m[pthread wrapper] PIN_MASK: [0m[1;34m0->1  [0m[1;34m1->2  [0m[1;34m2->3  [0m[1;34m3->4  [0m[1;34m4->5  [0m[1;34m
[pthread wrapper] SKIP MASK: 0x0
[0m[1;34m	threadid 140322610968320 -> core 1 - OK[0m[1;34m
[0m[1;34m	threadid 140322602575616 -> core 2 - OK[0m[1;34m
[0m[1;34m	threadid 140322594182912 -> core 3 - OK[0m[1;34m
[0m[1;34m	threadid 140322585790208 -> core 4 - OK[0m[1;34m
[0m[1;34m	threadid 140322577397504 -> core 5 - OK[0m[1;34m
[0miterations: 100
Total iterations: 898800400 LUP
FLOP: 11
Total work: 9886804400 FLOP
performance: 1.568841 GLUP/s
Performance in GFLOP/s: 17.257253
size: 9000000
time: 0.572907
