[1;34m[pthread wrapper] 
[0m[1;34m[pthread wrapper] MAIN -> 0
[0m[1;34m[pthread wrapper] PIN_MASK: [0m[1;34m0->1  [0m[1;34m1->2  [0m[1;34m2->3  [0m[1;34m3->4  [0m[1;34m4->5  [0m[1;34m5->6  [0m[1;34m6->7  [0m[1;34m7->8  [0m[1;34m8->9  [0m[1;34m9->10  [0m[1;34m10->11  [0m[1;34m11->12  [0m[1;34m12->13  [0m[1;34m13->14  [0m[1;34m14->15  [0m[1;34m15->16  [0m[1;34m16->17  [0m[1;34m17->18  [0m[1;34m18->19  [0m[1;34m
[pthread wrapper] SKIP MASK: 0x0
[0m[1;34m	threadid 139816936277760 -> core 1 - OK[0m[1;34m
[0m[1;34m	threadid 139816927885056 -> core 2 - OK[0m[1;34m
[0m[1;34m	threadid 139816919492352 -> core 3 - OK[0m[1;34m
[0m[1;34m	threadid 139816911099648 -> core 4 - OK[0m[1;34m
[0m[1;34m	threadid 139816902706944 -> core 5 - OK[0m[1;34m
[0m[1;34m	threadid 139816894314240 -> core 6 - OK[0m[1;34m
[0m[1;34m	threadid 139816885921536 -> core 7 - OK[0m[1;34m
[0m[1;34m	threadid 139816877528832 -> core 8 - OK[0m[1;34m
[0m[1;34m	threadid 139816869136128 -> core 9 - OK[0m[1;34m
[0m[1;34m	threadid 139816860743424 -> core 10 - OK[0m[1;34m
[0m[1;34m	threadid 139816852350720 -> core 11 - OK[0m[1;34m
[0m[1;34m	threadid 139816843958016 -> core 12 - OK[0m[1;34m
[0m[1;34m	threadid 139816835565312 -> core 13 - OK[0m[1;34m
[0m[1;34m	threadid 139816827172608 -> core 14 - OK[0m[1;34m
[0m[1;34m	threadid 139816818779904 -> core 15 - OK[0m[1;34m
[0m[1;34m	threadid 139816810387200 -> core 16 - OK[0m[1;34m
[0m[1;34m	threadid 139816801994496 -> core 17 - OK[0m[1;34m
[0m[1;34m	threadid 139816793601792 -> core 18 - OK[0m[1;34m
[0m[1;34m	threadid 139816785209088 -> core 19 - OK[0m[1;34m
[0miterations: 100
Total iterations: 898800400 LUP
FLOP: 11
Total work: 9886804400 FLOP
performance: 1.686792 GLUP/s
Performance in GFLOP/s: 18.554714
size: 9000000
time: 0.532846
[1;34m[pthread wrapper] 
[0m[1;34m[pthread wrapper] MAIN -> 0
[0m[1;34m[pthread wrapper] PIN_MASK: [0m[1;34m0->1  [0m[1;34m1->2  [0m[1;34m2->3  [0m[1;34m3->4  [0m[1;34m4->5  [0m[1;34m5->6  [0m[1;34m6->7  [0m[1;34m7->8  [0m[1;34m8->9  [0m[1;34m9->10  [0m[1;34m10->11  [0m[1;34m11->12  [0m[1;34m12->13  [0m[1;34m13->14  [0m[1;34m14->15  [0m[1;34m15->16  [0m[1;34m16->17  [0m[1;34m17->18  [0m[1;34m18->19  [0m[1;34m
[pthread wrapper] SKIP MASK: 0x0
[0m[1;34m	threadid 139791006181120 -> core 1 - OK[0m[1;34m
[0m[1;34m	threadid 139790997788416 -> core 2 - OK[0m[1;34m
[0m[1;34m	threadid 139790989395712 -> core 3 - OK[0m[1;34m
[0m[1;34m	threadid 139790981003008 -> core 4 - OK[0m[1;34m
[0m[1;34m	threadid 139790972610304 -> core 5 - OK[0m[1;34m
[0m[1;34m	threadid 139790964217600 -> core 6 - OK[0m[1;34m
[0m[1;34m	threadid 139790955824896 -> core 7 - OK[0m[1;34m
[0m[1;34m	threadid 139790947432192 -> core 8 - OK[0m[1;34m
[0m[1;34m	threadid 139790939039488 -> core 9 - OK[0m[1;34m
[0m[1;34m	threadid 139790930646784 -> core 10 - OK[0m[1;34m
[0m[1;34m	threadid 139790922254080 -> core 11 - OK[0m[1;34m
[0m[1;34m	threadid 139790913861376 -> core 12 - OK[0m[1;34m
[0m[1;34m	threadid 139790905468672 -> core 13 - OK[0m[1;34m
[0m[1;34m	threadid 139790897075968 -> core 14 - OK[0m[1;34m
[0m[1;34m	threadid 139790888683264 -> core 15 - OK[0m[1;34m
[0m[1;34m	threadid 139790880290560 -> core 16 - OK[0m[1;34m
[0m[1;34m	threadid 139790871897856 -> core 17 - OK[0m[1;34m
[0m[1;34m	threadid 139790863505152 -> core 18 - OK[0m[1;34m
[0m[1;34m	threadid 139790855112448 -> core 19 - OK[0m[1;34m
[0miterations: 100
Total iterations: 898800400 LUP
FLOP: 11
Total work: 9886804400 FLOP
performance: 1.702974 GLUP/s
Performance in GFLOP/s: 18.732710
size: 9000000
time: 0.527783
[1;34m[pthread wrapper] 
[0m[1;34m[pthread wrapper] MAIN -> 0
[0m[1;34m[pthread wrapper] PIN_MASK: [0m[1;34m0->1  [0m[1;34m1->2  [0m[1;34m2->3  [0m[1;34m3->4  [0m[1;34m4->5  [0m[1;34m5->6  [0m[1;34m6->7  [0m[1;34m7->8  [0m[1;34m8->9  [0m[1;34m9->10  [0m[1;34m10->11  [0m[1;34m11->12  [0m[1;34m12->13  [0m[1;34m13->14  [0m[1;34m14->15  [0m[1;34m15->16  [0m[1;34m16->17  [0m[1;34m17->18  [0m[1;34m18->19  [0m[1;34m
[pthread wrapper] SKIP MASK: 0x0
[0m[1;34m	threadid 140674273605376 -> core 1 - OK[0m[1;34m
[0m[1;34m	threadid 140674265212672 -> core 2 - OK[0m[1;34m
[0m[1;34m	threadid 140674256819968 -> core 3 - OK[0m[1;34m
[0m[1;34m	threadid 140674248427264 -> core 4 - OK[0m[1;34m
[0m[1;34m	threadid 140674240034560 -> core 5 - OK[0m[1;34m
[0m[1;34m	threadid 140674231641856 -> core 6 - OK[0m[1;34m
[0m[1;34m	threadid 140674223249152 -> core 7 - OK[0m[1;34m
[0m[1;34m	threadid 140674214856448 -> core 8 - OK[0m[1;34m
[0m[1;34m	threadid 140674206463744 -> core 9 - OK[0m[1;34m
[0m[1;34m	threadid 140674198071040 -> core 10 - OK[0m[1;34m
[0m[1;34m	threadid 140674189678336 -> core 11 - OK[0m[1;34m
[0m[1;34m	threadid 140674181285632 -> core 12 - OK[0m[1;34m
[0m[1;34m	threadid 140674172892928 -> core 13 - OK[0m[1;34m
[0m[1;34m	threadid 140674164500224 -> core 14 - OK[0m[1;34m
[0m[1;34m	threadid 140674156107520 -> core 15 - OK[0m[1;34m
[0m[1;34m	threadid 140674147714816 -> core 16 - OK[0m[1;34m
[0m[1;34m	threadid 140674139322112 -> core 17 - OK[0m[1;34m
[0m[1;34m	threadid 140674130929408 -> core 18 - OK[0m[1;34m
[0m[1;34m	threadid 140674122536704 -> core 19 - OK[0m[1;34m
[0miterations: 100
Total iterations: 898800400 LUP
FLOP: 11
Total work: 9886804400 FLOP
performance: 1.673070 GLUP/s
Performance in GFLOP/s: 18.403772
size: 9000000
time: 0.537216
[1;34m[pthread wrapper] 
[0m[1;34m[pthread wrapper] MAIN -> 0
[0m[1;34m[pthread wrapper] PIN_MASK: [0m[1;34m0->1  [0m[1;34m1->2  [0m[1;34m2->3  [0m[1;34m3->4  [0m[1;34m4->5  [0m[1;34m5->6  [0m[1;34m6->7  [0m[1;34m7->8  [0m[1;34m8->9  [0m[1;34m9->10  [0m[1;34m10->11  [0m[1;34m11->12  [0m[1;34m12->13  [0m[1;34m13->14  [0m[1;34m14->15  [0m[1;34m15->16  [0m[1;34m16->17  [0m[1;34m17->18  [0m[1;34m18->19  [0m[1;34m
[pthread wrapper] SKIP MASK: 0x0
[0m[1;34m	threadid 140035126150912 -> core 1 - OK[0m[1;34m
[0m[1;34m	threadid 140035117758208 -> core 2 - OK[0m[1;34m
[0m[1;34m	threadid 140035109365504 -> core 3 - OK[0m[1;34m
[0m[1;34m	threadid 140035100972800 -> core 4 - OK[0m[1;34m
[0m[1;34m	threadid 140035092580096 -> core 5 - OK[0m[1;34m
[0m[1;34m	threadid 140035084187392 -> core 6 - OK[0m[1;34m
[0m[1;34m	threadid 140035075794688 -> core 7 - OK[0m[1;34m
[0m[1;34m	threadid 140035067401984 -> core 8 - OK[0m[1;34m
[0m[1;34m	threadid 140035059009280 -> core 9 - OK[0m[1;34m
[0m[1;34m	threadid 140035050616576 -> core 10 - OK[0m[1;34m
[0m[1;34m	threadid 140035042223872 -> core 11 - OK[0m[1;34m
[0m[1;34m	threadid 140035033831168 -> core 12 - OK[0m[1;34m
[0m[1;34m	threadid 140035025438464 -> core 13 - OK[0m[1;34m
[0m[1;34m	threadid 140035017045760 -> core 14 - OK[0m[1;34m
[0m[1;34m	threadid 140035008653056 -> core 15 - OK[0m[1;34m
[0m[1;34m	threadid 140035000260352 -> core 16 - OK[0m[1;34m
[0m[1;34m	threadid 140034991867648 -> core 17 - OK[0m[1;34m
[0m[1;34m	threadid 140034983474944 -> core 18 - OK[0m[1;34m
[0m[1;34m	threadid 140034975082240 -> core 19 - OK[0m[1;34m
[0miterations: 100
Total iterations: 898800400 LUP
FLOP: 11
Total work: 9886804400 FLOP
performance: 1.674851 GLUP/s
Performance in GFLOP/s: 18.423363
size: 9000000
time: 0.536645
[1;34m[pthread wrapper] 
[0m[1;34m[pthread wrapper] MAIN -> 0
[0m[1;34m[pthread wrapper] PIN_MASK: [0m[1;34m0->1  [0m[1;34m1->2  [0m[1;34m2->3  [0m[1;34m3->4  [0m[1;34m4->5  [0m[1;34m5->6  [0m[1;34m6->7  [0m[1;34m7->8  [0m[1;34m8->9  [0m[1;34m9->10  [0m[1;34m10->11  [0m[1;34m11->12  [0m[1;34m12->13  [0m[1;34m13->14  [0m[1;34m14->15  [0m[1;34m15->16  [0m[1;34m16->17  [0m[1;34m17->18  [0m[1;34m18->19  [0m[1;34m
[pthread wrapper] SKIP MASK: 0x0
[0m[1;34m	threadid 139847329601280 -> core 1 - OK[0m[1;34m
[0m[1;34m	threadid 139847321208576 -> core 2 - OK[0m[1;34m
[0m[1;34m	threadid 139847312815872 -> core 3 - OK[0m[1;34m
[0m[1;34m	threadid 139847304423168 -> core 4 - OK[0m[1;34m
[0m[1;34m	threadid 139847296030464 -> core 5 - OK[0m[1;34m
[0m[1;34m	threadid 139847287637760 -> core 6 - OK[0m[1;34m
[0m[1;34m	threadid 139847279245056 -> core 7 - OK[0m[1;34m
[0m[1;34m	threadid 139847270852352 -> core 8 - OK[0m[1;34m
[0m[1;34m	threadid 139847262459648 -> core 9 - OK[0m[1;34m
[0m[1;34m	threadid 139847254066944 -> core 10 - OK[0m[1;34m
[0m[1;34m	threadid 139847245674240 -> core 11 - OK[0m[1;34m
[0m[1;34m	threadid 139847237281536 -> core 12 - OK[0m[1;34m
[0m[1;34m	threadid 139847228888832 -> core 13 - OK[0m[1;34m
[0m[1;34m	threadid 139847220496128 -> core 14 - OK[0m[1;34m
[0m[1;34m	threadid 139847212103424 -> core 15 - OK[0m[1;34m
[0m[1;34m	threadid 139847203710720 -> core 16 - OK[0m[1;34m
[0m[1;34m	threadid 139847195318016 -> core 17 - OK[0m[1;34m
[0m[1;34m	threadid 139847186925312 -> core 18 - OK[0m[1;34m
[0m[1;34m	threadid 139847178532608 -> core 19 - OK[0m[1;34m
[0miterations: 100
Total iterations: 898800400 LUP
FLOP: 11
Total work: 9886804400 FLOP
performance: 1.594319 GLUP/s
Performance in GFLOP/s: 17.537509
size: 9000000
time: 0.563752
