iterations: 120
Total iterations: 1078560480 LUP
FLOP: 11
Total work: 11864165280 FLOP
performance: 0.406444 GLUP/s
Performance in GFLOP/s: 4.470881
size: 9000000
time: 2.653653
[1;34m[likwid-pin] Main PID -> core 0 - OK[0m
iterations: 120
Total iterations: 1078560480 LUP
FLOP: 11
Total work: 11864165280 FLOP
performance: 0.402905 GLUP/s
Performance in GFLOP/s: 4.431951
size: 9000000
time: 2.676962
[1;34m[likwid-pin] Main PID -> core 0 - OK[0m
iterations: 120
Total iterations: 1078560480 LUP
FLOP: 11
Total work: 11864165280 FLOP
performance: 0.410208 GLUP/s
Performance in GFLOP/s: 4.512285
size: 9000000
time: 2.629303
[1;34m[likwid-pin] Main PID -> core 0 - OK[0m
iterations: 120
Total iterations: 1078560480 LUP
FLOP: 11
Total work: 11864165280 FLOP
performance: 0.399260 GLUP/s
Performance in GFLOP/s: 4.391861
size: 9000000
time: 2.701398
[1;34m[likwid-pin] Main PID -> core 0 - OK[0m
iterations: 120
Total iterations: 1078560480 LUP
FLOP: 11
Total work: 11864165280 FLOP
performance: 0.405368 GLUP/s
Performance in GFLOP/s: 4.459053
size: 9000000
time: 2.660692
[1;34m[likwid-pin] Main PID -> core 0 - OK[0m
iterations: 120
Total iterations: 1078560480 LUP
FLOP: 11
Total work: 11864165280 FLOP
performance: 0.399403 GLUP/s
Performance in GFLOP/s: 4.393434
size: 9000000
time: 2.700431
[1;34m[likwid-pin] Main PID -> core 0 - OK[0m
iterations: 120
Total iterations: 1078560480 LUP
FLOP: 11
Total work: 11864165280 FLOP
performance: 0.400266 GLUP/s
Performance in GFLOP/s: 4.402925
size: 9000000
time: 2.694610
[1;34m[likwid-pin] Main PID -> core 0 - OK[0m
iterations: 120
Total iterations: 1078560480 LUP
FLOP: 11
Total work: 11864165280 FLOP
performance: 0.399417 GLUP/s
Performance in GFLOP/s: 4.393590
size: 9000000
time: 2.700335
[1;34m[likwid-pin] Main PID -> core 0 - OK[0m
iterations: 120
Total iterations: 1078560480 LUP
FLOP: 11
Total work: 11864165280 FLOP
performance: 0.399940 GLUP/s
Performance in GFLOP/s: 4.399337
size: 9000000
time: 2.696808
[1;34m[likwid-pin] Main PID -> core 0 - OK[0m
iterations: 120
Total iterations: 1078560480 LUP
FLOP: 11
Total work: 11864165280 FLOP
performance: 0.401429 GLUP/s
Performance in GFLOP/s: 4.415718
size: 9000000
time: 2.686803
[1;34m[likwid-pin] Main PID -> core 0 - OK[0m
