[1;34m[pthread wrapper] 
[0m[1;34m[pthread wrapper] MAIN -> 0
[0m[1;34m[pthread wrapper] PIN_MASK: [0m[1;34m0->1  [0m[1;34m1->2  [0m[1;34m2->3  [0m[1;34m3->4  [0m[1;34m4->5  [0m[1;34m5->6  [0m[1;34m6->7  [0m[1;34m7->8  [0m[1;34m8->9  [0m[1;34m
[pthread wrapper] SKIP MASK: 0x0
[0m[1;34m	threadid 140415445186304 -> core 1 - OK[0m[1;34m
[0m[1;34m	threadid 140415436793600 -> core 2 - OK[0m[1;34m
[0m[1;34m	threadid 140415428400896 -> core 3 - OK[0m[1;34m
[0m[1;34m	threadid 140415420008192 -> core 4 - OK[0m[1;34m
[0m[1;34m	threadid 140415411615488 -> core 5 - OK[0m[1;34m
[0m[1;34m	threadid 140415403222784 -> core 6 - OK[0m[1;34m
[0m[1;34m	threadid 140415394830080 -> core 7 - OK[0m[1;34m
[0m[1;34m	threadid 140415386437376 -> core 8 - OK[0m[1;34m
[0m[1;34m	threadid 140415378044672 -> core 9 - OK[0m[1;34m
[0miterations: 200
Total iterations: 49600800 LUP
FLOP: 11
Total work: 545608800 FLOP
performance: 3.582032 GLUP/s
Performance in GFLOP/s: 39.402351
size: 250000
time: 0.013847
[1;34m[pthread wrapper] 
[0m[1;34m[pthread wrapper] MAIN -> 0
[0m[1;34m[pthread wrapper] PIN_MASK: [0m[1;34m0->1  [0m[1;34m1->2  [0m[1;34m2->3  [0m[1;34m3->4  [0m[1;34m4->5  [0m[1;34m5->6  [0m[1;34m6->7  [0m[1;34m7->8  [0m[1;34m8->9  [0m[1;34m
[pthread wrapper] SKIP MASK: 0x0
[0m[1;34m	threadid 139974282278656 -> core 1 - OK[0m[1;34m
[0m[1;34m	threadid 139974273885952 -> core 2 - OK[0m[1;34m
[0m[1;34m	threadid 139974265493248 -> core 3 - OK[0m[1;34m
[0m[1;34m	threadid 139974257100544 -> core 4 - OK[0m[1;34m
[0m[1;34m	threadid 139974248707840 -> core 5 - OK[0m[1;34m
[0m[1;34m	threadid 139974240315136 -> core 6 - OK[0m[1;34m
[0m[1;34m	threadid 139974231922432 -> core 7 - OK[0m[1;34m
[0m[1;34m	threadid 139974223529728 -> core 8 - OK[0m[1;34m
[0m[1;34m	threadid 139974215137024 -> core 9 - OK[0m[1;34m
[0miterations: 200
Total iterations: 49600800 LUP
FLOP: 11
Total work: 545608800 FLOP
performance: 3.615209 GLUP/s
Performance in GFLOP/s: 39.767302
size: 250000
time: 0.013720
[1;34m[pthread wrapper] 
[0m[1;34m[pthread wrapper] MAIN -> 0
[0m[1;34m[pthread wrapper] PIN_MASK: [0m[1;34m0->1  [0m[1;34m1->2  [0m[1;34m2->3  [0m[1;34m3->4  [0m[1;34m4->5  [0m[1;34m5->6  [0m[1;34m6->7  [0m[1;34m7->8  [0m[1;34m8->9  [0m[1;34m
[pthread wrapper] SKIP MASK: 0x0
[0m[1;34m	threadid 139622742677248 -> core 1 - OK[0m[1;34m
[0m[1;34m	threadid 139622734284544 -> core 2 - OK[0m[1;34m
[0m[1;34m	threadid 139622725891840 -> core 3 - OK[0m[1;34m
[0m[1;34m	threadid 139622717499136 -> core 4 - OK[0m[1;34m
[0m[1;34m	threadid 139622709106432 -> core 5 - OK[0m[1;34m
[0m[1;34m	threadid 139622700713728 -> core 6 - OK[0m[1;34m
[0m[1;34m	threadid 139622692321024 -> core 7 - OK[0m[1;34m
[0m[1;34m	threadid 139622683928320 -> core 8 - OK[0m[1;34m
[0m[1;34m	threadid 139622675535616 -> core 9 - OK[0m[1;34m
[0miterations: 200
Total iterations: 49600800 LUP
FLOP: 11
Total work: 545608800 FLOP
performance: 3.631871 GLUP/s
Performance in GFLOP/s: 39.950581
size: 250000
time: 0.013657
[1;34m[pthread wrapper] 
[0m[1;34m[pthread wrapper] MAIN -> 0
[0m[1;34m[pthread wrapper] PIN_MASK: [0m[1;34m0->1  [0m[1;34m1->2  [0m[1;34m2->3  [0m[1;34m3->4  [0m[1;34m4->5  [0m[1;34m5->6  [0m[1;34m6->7  [0m[1;34m7->8  [0m[1;34m8->9  [0m[1;34m
[pthread wrapper] SKIP MASK: 0x0
[0m[1;34m	threadid 139809455433472 -> core 1 - OK[0m[1;34m
[0m[1;34m	threadid 139809447040768 -> core 2 - OK[0m[1;34m
[0m[1;34m	threadid 139809438648064 -> core 3 - OK[0m[1;34m
[0m[1;34m	threadid 139809430255360 -> core 4 - OK[0m[1;34m
[0m[1;34m	threadid 139809421862656 -> core 5 - OK[0m[1;34m
[0m[1;34m	threadid 139809413469952 -> core 6 - OK[0m[1;34m
[0m[1;34m	threadid 139809405077248 -> core 7 - OK[0m[1;34m
[0m[1;34m	threadid 139809396684544 -> core 8 - OK[0m[1;34m
[0m[1;34m	threadid 139809388291840 -> core 9 - OK[0m[1;34m
[0miterations: 200
Total iterations: 49600800 LUP
FLOP: 11
Total work: 545608800 FLOP
performance: 3.570720 GLUP/s
Performance in GFLOP/s: 39.277915
size: 250000
time: 0.013891
[1;34m[pthread wrapper] 
[0m[1;34m[pthread wrapper] MAIN -> 0
[0m[1;34m[pthread wrapper] PIN_MASK: [0m[1;34m0->1  [0m[1;34m1->2  [0m[1;34m2->3  [0m[1;34m3->4  [0m[1;34m4->5  [0m[1;34m5->6  [0m[1;34m6->7  [0m[1;34m7->8  [0m[1;34m8->9  [0m[1;34m
[pthread wrapper] SKIP MASK: 0x0
[0m[1;34m	threadid 139851551422208 -> core 1 - OK[0m[1;34m
[0m[1;34m	threadid 139851543029504 -> core 2 - OK[0m[1;34m
[0m[1;34m	threadid 139851534636800 -> core 3 - OK[0m[1;34m
[0m[1;34m	threadid 139851526244096 -> core 4 - OK[0m[1;34m
[0m[1;34m	threadid 139851517851392 -> core 5 - OK[0m[1;34m
[0m[1;34m	threadid 139851509458688 -> core 6 - OK[0m[1;34m
[0m[1;34m	threadid 139851501065984 -> core 7 - OK[0m[1;34m
[0m[1;34m	threadid 139851492673280 -> core 8 - OK[0m[1;34m
[0m[1;34m	threadid 139851484280576 -> core 9 - OK[0m[1;34m
[0miterations: 200
Total iterations: 49600800 LUP
FLOP: 11
Total work: 545608800 FLOP
performance: 3.611569 GLUP/s
Performance in GFLOP/s: 39.727262
size: 250000
time: 0.013734
[1;34m[pthread wrapper] 
[0m[1;34m[pthread wrapper] MAIN -> 0
[0m[1;34m[pthread wrapper] PIN_MASK: [0m[1;34m0->1  [0m[1;34m1->2  [0m[1;34m2->3  [0m[1;34m3->4  [0m[1;34m4->5  [0m[1;34m5->6  [0m[1;34m6->7  [0m[1;34m7->8  [0m[1;34m8->9  [0m[1;34m
[pthread wrapper] SKIP MASK: 0x0
[0m[1;34m	threadid 139752112654080 -> core 1 - OK[0m[1;34m
[0m[1;34m	threadid 139752104261376 -> core 2 - OK[0m[1;34m
[0m[1;34m	threadid 139752095868672 -> core 3 - OK[0m[1;34m
[0m[1;34m	threadid 139752087475968 -> core 4 - OK[0m[1;34m
[0m[1;34m	threadid 139752079083264 -> core 5 - OK[0m[1;34m
[0m[1;34m	threadid 139752070690560 -> core 6 - OK[0m[1;34m
[0m[1;34m	threadid 139752062297856 -> core 7 - OK[0m[1;34m
[0m[1;34m	threadid 139752053905152 -> core 8 - OK[0m[1;34m
[0m[1;34m	threadid 139752045512448 -> core 9 - OK[0m[1;34m
[0miterations: 200
Total iterations: 49600800 LUP
FLOP: 11
Total work: 545608800 FLOP
performance: 3.602314 GLUP/s
Performance in GFLOP/s: 39.625453
size: 250000
time: 0.013769
[1;34m[pthread wrapper] 
[0m[1;34m[pthread wrapper] MAIN -> 0
[0m[1;34m[pthread wrapper] PIN_MASK: [0m[1;34m0->1  [0m[1;34m1->2  [0m[1;34m2->3  [0m[1;34m3->4  [0m[1;34m4->5  [0m[1;34m5->6  [0m[1;34m6->7  [0m[1;34m7->8  [0m[1;34m8->9  [0m[1;34m
[pthread wrapper] SKIP MASK: 0x0
[0m[1;34m	threadid 139658287781632 -> core 1 - OK[0m[1;34m
[0m[1;34m	threadid 139658279388928 -> core 2 - OK[0m[1;34m
[0m[1;34m	threadid 139658270996224 -> core 3 - OK[0m[1;34m
[0m[1;34m	threadid 139658262603520 -> core 4 - OK[0m[1;34m
[0m[1;34m	threadid 139658254210816 -> core 5 - OK[0m[1;34m
[0m[1;34m	threadid 139658245818112 -> core 6 - OK[0m[1;34m
[0m[1;34m	threadid 139658237425408 -> core 7 - OK[0m[1;34m
[0m[1;34m	threadid 139658229032704 -> core 8 - OK[0m[1;34m
[0m[1;34m	threadid 139658220640000 -> core 9 - OK[0m[1;34m
[0miterations: 200
Total iterations: 49600800 LUP
FLOP: 11
Total work: 545608800 FLOP
performance: 3.619171 GLUP/s
Performance in GFLOP/s: 39.810886
size: 250000
time: 0.013705
[1;34m[pthread wrapper] 
[0m[1;34m[pthread wrapper] MAIN -> 0
[0m[1;34m[pthread wrapper] PIN_MASK: [0m[1;34m0->1  [0m[1;34m1->2  [0m[1;34m2->3  [0m[1;34m3->4  [0m[1;34m4->5  [0m[1;34m5->6  [0m[1;34m6->7  [0m[1;34m7->8  [0m[1;34m8->9  [0m[1;34m
[pthread wrapper] SKIP MASK: 0x0
[0m[1;34m	threadid 140500677248768 -> core 1 - OK[0m[1;34m
[0m[1;34m	threadid 140500668856064 -> core 2 - OK[0m[1;34m
[0m[1;34m	threadid 140500660463360 -> core 3 - OK[0m[1;34m
[0m[1;34m	threadid 140500652070656 -> core 4 - OK[0m[1;34m
[0m[1;34m	threadid 140500643677952 -> core 5 - OK[0m[1;34m
[0m[1;34m	threadid 140500635285248 -> core 6 - OK[0m[1;34m
[0m[1;34m	threadid 140500626892544 -> core 7 - OK[0m[1;34m
[0m[1;34m	threadid 140500618499840 -> core 8 - OK[0m[1;34m
[0m[1;34m	threadid 140500610107136 -> core 9 - OK[0m[1;34m
[0miterations: 200
Total iterations: 49600800 LUP
FLOP: 11
Total work: 545608800 FLOP
performance: 3.590068 GLUP/s
Performance in GFLOP/s: 39.490745
size: 250000
time: 0.013816
[1;34m[pthread wrapper] 
[0m[1;34m[pthread wrapper] MAIN -> 0
[0m[1;34m[pthread wrapper] PIN_MASK: [0m[1;34m0->1  [0m[1;34m1->2  [0m[1;34m2->3  [0m[1;34m3->4  [0m[1;34m4->5  [0m[1;34m5->6  [0m[1;34m6->7  [0m[1;34m7->8  [0m[1;34m8->9  [0m[1;34m
[pthread wrapper] SKIP MASK: 0x0
[0m[1;34m	threadid 140140814726912 -> core 1 - OK[0m[1;34m
[0m[1;34m	threadid 140140806334208 -> core 2 - OK[0m[1;34m
[0m[1;34m	threadid 140140797941504 -> core 3 - OK[0m[1;34m
[0m[1;34m	threadid 140140789548800 -> core 4 - OK[0m[1;34m
[0m[1;34m	threadid 140140781156096 -> core 5 - OK[0m[1;34m
[0m[1;34m	threadid 140140772763392 -> core 6 - OK[0m[1;34m
[0m[1;34m	threadid 140140764370688 -> core 7 - OK[0m[1;34m
[0m[1;34m	threadid 140140755977984 -> core 8 - OK[0m[1;34m
[0m[1;34m	threadid 140140747585280 -> core 9 - OK[0m[1;34m
[0miterations: 200
Total iterations: 49600800 LUP
FLOP: 11
Total work: 545608800 FLOP
performance: 3.562770 GLUP/s
Performance in GFLOP/s: 39.190471
size: 250000
time: 0.013922
[1;34m[pthread wrapper] 
[0m[1;34m[pthread wrapper] MAIN -> 0
[0m[1;34m[pthread wrapper] PIN_MASK: [0m[1;34m0->1  [0m[1;34m1->2  [0m[1;34m2->3  [0m[1;34m3->4  [0m[1;34m4->5  [0m[1;34m5->6  [0m[1;34m6->7  [0m[1;34m7->8  [0m[1;34m8->9  [0m[1;34m
[pthread wrapper] SKIP MASK: 0x0
[0m[1;34m	threadid 139709273028352 -> core 1 - OK[0m[1;34m
[0m[1;34m	threadid 139709264635648 -> core 2 - OK[0m[1;34m
[0m[1;34m	threadid 139709256242944 -> core 3 - OK[0m[1;34m
[0m[1;34m	threadid 139709247850240 -> core 4 - OK[0m[1;34m
[0m[1;34m	threadid 139709239457536 -> core 5 - OK[0m[1;34m
[0m[1;34m	threadid 139709231064832 -> core 6 - OK[0m[1;34m
[0m[1;34m	threadid 139709222672128 -> core 7 - OK[0m[1;34m
[0m[1;34m	threadid 139709214279424 -> core 8 - OK[0m[1;34m
[0m[1;34m	threadid 139709205886720 -> core 9 - OK[0m[1;34m
[0miterations: 200
Total iterations: 49600800 LUP
FLOP: 11
Total work: 545608800 FLOP
performance: 3.613388 GLUP/s
Performance in GFLOP/s: 39.747272
size: 250000
time: 0.013727
