[1;34m[pthread wrapper] 
[0m[1;34m[pthread wrapper] MAIN -> 0
[0m[1;34m[pthread wrapper] PIN_MASK: [0m[1;34m0->1  [0m[1;34m1->2  [0m[1;34m2->3  [0m[1;34m3->4  [0m[1;34m4->5  [0m[1;34m5->6  [0m[1;34m6->7  [0m[1;34m7->8  [0m[1;34m8->9  [0m[1;34m9->10  [0m[1;34m10->11  [0m[1;34m11->12  [0m[1;34m12->13  [0m[1;34m13->14  [0m[1;34m14->15  [0m[1;34m15->16  [0m[1;34m16->17  [0m[1;34m17->18  [0m[1;34m18->19  [0m[1;34m
[pthread wrapper] SKIP MASK: 0x0
[0m[1;34m	threadid 139870417729280 -> core 1 - OK[0m[1;34m
[0m[1;34m	threadid 139870409336576 -> core 2 - OK[0m[1;34m
[0m[1;34m	threadid 139870400943872 -> core 3 - OK[0m[1;34m
[0m[1;34m	threadid 139870392551168 -> core 4 - OK[0m[1;34m
[0m[1;34m	threadid 139870384158464 -> core 5 - OK[0m[1;34m
[0m[1;34m	threadid 139870375765760 -> core 6 - OK[0m[1;34m
[0m[1;34m	threadid 139870367373056 -> core 7 - OK[0m[1;34m
[0m[1;34m	threadid 139870358980352 -> core 8 - OK[0m[1;34m
[0m[1;34m	threadid 139870350587648 -> core 9 - OK[0m[1;34m
[0m[1;34m	threadid 139870342194944 -> core 10 - OK[0m[1;34m
[0m[1;34m	threadid 139870333802240 -> core 11 - OK[0m[1;34m
[0m[1;34m	threadid 139870325409536 -> core 12 - OK[0m[1;34m
[0m[1;34m	threadid 139870317016832 -> core 13 - OK[0m[1;34m
[0m[1;34m	threadid 139870308624128 -> core 14 - OK[0m[1;34m
[0m[1;34m	threadid 139870300231424 -> core 15 - OK[0m[1;34m
[0m[1;34m	threadid 139870291838720 -> core 16 - OK[0m[1;34m
[0m[1;34m	threadid 139870283446016 -> core 17 - OK[0m[1;34m
[0m[1;34m	threadid 139870275053312 -> core 18 - OK[0m[1;34m
[0m[1;34m	threadid 139870266660608 -> core 19 - OK[0m[1;34m
[0miterations: 200
Total iterations: 1797600800 LUP
FLOP: 11
Total work: 19773608800 FLOP
performance: 1.715453 GLUP/s
Performance in GFLOP/s: 18.869980
size: 9000000
time: 1.047887
[1;34m[pthread wrapper] 
[0m[1;34m[pthread wrapper] MAIN -> 0
[0m[1;34m[pthread wrapper] PIN_MASK: [0m[1;34m0->1  [0m[1;34m1->2  [0m[1;34m2->3  [0m[1;34m3->4  [0m[1;34m4->5  [0m[1;34m5->6  [0m[1;34m6->7  [0m[1;34m7->8  [0m[1;34m8->9  [0m[1;34m9->10  [0m[1;34m10->11  [0m[1;34m11->12  [0m[1;34m12->13  [0m[1;34m13->14  [0m[1;34m14->15  [0m[1;34m15->16  [0m[1;34m16->17  [0m[1;34m17->18  [0m[1;34m18->19  [0m[1;34m
[pthread wrapper] SKIP MASK: 0x0
[0m[1;34m	threadid 140168979482368 -> core 1 - OK[0m[1;34m
[0m[1;34m	threadid 140168971089664 -> core 2 - OK[0m[1;34m
[0m[1;34m	threadid 140168962696960 -> core 3 - OK[0m[1;34m
[0m[1;34m	threadid 140168954304256 -> core 4 - OK[0m[1;34m
[0m[1;34m	threadid 140168945911552 -> core 5 - OK[0m[1;34m
[0m[1;34m	threadid 140168937518848 -> core 6 - OK[0m[1;34m
[0m[1;34m	threadid 140168929126144 -> core 7 - OK[0m[1;34m
[0m[1;34m	threadid 140168920733440 -> core 8 - OK[0m[1;34m
[0m[1;34m	threadid 140168912340736 -> core 9 - OK[0m[1;34m
[0m[1;34m	threadid 140168903948032 -> core 10 - OK[0m[1;34m
[0m[1;34m	threadid 140168895555328 -> core 11 - OK[0m[1;34m
[0m[1;34m	threadid 140168887162624 -> core 12 - OK[0m[1;34m
[0m[1;34m	threadid 140168878769920 -> core 13 - OK[0m[1;34m
[0m[1;34m	threadid 140168870377216 -> core 14 - OK[0m[1;34m
[0m[1;34m	threadid 140168861984512 -> core 15 - OK[0m[1;34m
[0m[1;34m	threadid 140168853591808 -> core 16 - OK[0m[1;34m
[0m[1;34m	threadid 140168845199104 -> core 17 - OK[0m[1;34m
[0m[1;34m	threadid 140168836806400 -> core 18 - OK[0m[1;34m
[0m[1;34m	threadid 140168828413696 -> core 19 - OK[0m[1;34m
[0miterations: 200
Total iterations: 1797600800 LUP
FLOP: 11
Total work: 19773608800 FLOP
performance: 1.646522 GLUP/s
Performance in GFLOP/s: 18.111746
size: 9000000
time: 1.091756
[1;34m[pthread wrapper] 
[0m[1;34m[pthread wrapper] MAIN -> 0
[0m[1;34m[pthread wrapper] PIN_MASK: [0m[1;34m0->1  [0m[1;34m1->2  [0m[1;34m2->3  [0m[1;34m3->4  [0m[1;34m4->5  [0m[1;34m5->6  [0m[1;34m6->7  [0m[1;34m7->8  [0m[1;34m8->9  [0m[1;34m9->10  [0m[1;34m10->11  [0m[1;34m11->12  [0m[1;34m12->13  [0m[1;34m13->14  [0m[1;34m14->15  [0m[1;34m15->16  [0m[1;34m16->17  [0m[1;34m17->18  [0m[1;34m18->19  [0m[1;34m
[pthread wrapper] SKIP MASK: 0x0
[0m[1;34m	threadid 140301817104128 -> core 1 - OK[0m[1;34m
[0m[1;34m	threadid 140301808711424 -> core 2 - OK[0m[1;34m
[0m[1;34m	threadid 140301800318720 -> core 3 - OK[0m[1;34m
[0m[1;34m	threadid 140301791926016 -> core 4 - OK[0m[1;34m
[0m[1;34m	threadid 140301783533312 -> core 5 - OK[0m[1;34m
[0m[1;34m	threadid 140301775140608 -> core 6 - OK[0m[1;34m
[0m[1;34m	threadid 140301766747904 -> core 7 - OK[0m[1;34m
[0m[1;34m	threadid 140301758355200 -> core 8 - OK[0m[1;34m
[0m[1;34m	threadid 140301749962496 -> core 9 - OK[0m[1;34m
[0m[1;34m	threadid 140301741569792 -> core 10 - OK[0m[1;34m
[0m[1;34m	threadid 140301733177088 -> core 11 - OK[0m[1;34m
[0m[1;34m	threadid 140301724784384 -> core 12 - OK[0m[1;34m
[0m[1;34m	threadid 140301716391680 -> core 13 - OK[0m[1;34m
[0m[1;34m	threadid 140301707998976 -> core 14 - OK[0m[1;34m
[0m[1;34m	threadid 140301699606272 -> core 15 - OK[0m[1;34m
[0m[1;34m	threadid 140301691213568 -> core 16 - OK[0m[1;34m
[0m[1;34m	threadid 140301682820864 -> core 17 - OK[0m[1;34m
[0m[1;34m	threadid 140301674428160 -> core 18 - OK[0m[1;34m
[0m[1;34m	threadid 140301666035456 -> core 19 - OK[0m[1;34m
[0miterations: 200
Total iterations: 1797600800 LUP
FLOP: 11
Total work: 19773608800 FLOP
performance: 1.628440 GLUP/s
Performance in GFLOP/s: 17.912841
size: 9000000
time: 1.103879
[1;34m[pthread wrapper] 
[0m[1;34m[pthread wrapper] MAIN -> 0
[0m[1;34m[pthread wrapper] PIN_MASK: [0m[1;34m0->1  [0m[1;34m1->2  [0m[1;34m2->3  [0m[1;34m3->4  [0m[1;34m4->5  [0m[1;34m5->6  [0m[1;34m6->7  [0m[1;34m7->8  [0m[1;34m8->9  [0m[1;34m9->10  [0m[1;34m10->11  [0m[1;34m11->12  [0m[1;34m12->13  [0m[1;34m13->14  [0m[1;34m14->15  [0m[1;34m15->16  [0m[1;34m16->17  [0m[1;34m17->18  [0m[1;34m18->19  [0m[1;34m
[pthread wrapper] SKIP MASK: 0x0
[0m[1;34m	threadid 140120436315904 -> core 1 - OK[0m[1;34m
[0m[1;34m	threadid 140120427923200 -> core 2 - OK[0m[1;34m
[0m[1;34m	threadid 140120419530496 -> core 3 - OK[0m[1;34m
[0m[1;34m	threadid 140120411137792 -> core 4 - OK[0m[1;34m
[0m[1;34m	threadid 140120402745088 -> core 5 - OK[0m[1;34m
[0m[1;34m	threadid 140120394352384 -> core 6 - OK[0m[1;34m
[0m[1;34m	threadid 140120385959680 -> core 7 - OK[0m[1;34m
[0m[1;34m	threadid 140120377566976 -> core 8 - OK[0m[1;34m
[0m[1;34m	threadid 140120369174272 -> core 9 - OK[0m[1;34m
[0m[1;34m	threadid 140120360781568 -> core 10 - OK[0m[1;34m
[0m[1;34m	threadid 140120352388864 -> core 11 - OK[0m[1;34m
[0m[1;34m	threadid 140120343996160 -> core 12 - OK[0m[1;34m
[0m[1;34m	threadid 140120335603456 -> core 13 - OK[0m[1;34m
[0m[1;34m	threadid 140120327210752 -> core 14 - OK[0m[1;34m
[0m[1;34m	threadid 140120318818048 -> core 15 - OK[0m[1;34m
[0m[1;34m	threadid 140120310425344 -> core 16 - OK[0m[1;34m
[0m[1;34m	threadid 140120302032640 -> core 17 - OK[0m[1;34m
[0m[1;34m	threadid 140120293639936 -> core 18 - OK[0m[1;34m
[0m[1;34m	threadid 140120285247232 -> core 19 - OK[0m[1;34m
[0miterations: 200
Total iterations: 1797600800 LUP
FLOP: 11
Total work: 19773608800 FLOP
performance: 1.677164 GLUP/s
Performance in GFLOP/s: 18.448800
size: 9000000
time: 1.071810
[1;34m[pthread wrapper] 
[0m[1;34m[pthread wrapper] MAIN -> 0
[0m[1;34m[pthread wrapper] PIN_MASK: [0m[1;34m0->1  [0m[1;34m1->2  [0m[1;34m2->3  [0m[1;34m3->4  [0m[1;34m4->5  [0m[1;34m5->6  [0m[1;34m6->7  [0m[1;34m7->8  [0m[1;34m8->9  [0m[1;34m9->10  [0m[1;34m10->11  [0m[1;34m11->12  [0m[1;34m12->13  [0m[1;34m13->14  [0m[1;34m14->15  [0m[1;34m15->16  [0m[1;34m16->17  [0m[1;34m17->18  [0m[1;34m18->19  [0m[1;34m
[pthread wrapper] SKIP MASK: 0x0
[0m[1;34m	threadid 140710594885376 -> core 1 - OK[0m[1;34m
[0m[1;34m	threadid 140710586492672 -> core 2 - OK[0m[1;34m
[0m[1;34m	threadid 140710578099968 -> core 3 - OK[0m[1;34m
[0m[1;34m	threadid 140710569707264 -> core 4 - OK[0m[1;34m
[0m[1;34m	threadid 140710561314560 -> core 5 - OK[0m[1;34m
[0m[1;34m	threadid 140710552921856 -> core 6 - OK[0m[1;34m
[0m[1;34m	threadid 140710544529152 -> core 7 - OK[0m[1;34m
[0m[1;34m	threadid 140710536136448 -> core 8 - OK[0m[1;34m
[0m[1;34m	threadid 140710527743744 -> core 9 - OK[0m[1;34m
[0m[1;34m	threadid 140710519351040 -> core 10 - OK[0m[1;34m
[0m[1;34m	threadid 140710510958336 -> core 11 - OK[0m[1;34m
[0m[1;34m	threadid 140710502565632 -> core 12 - OK[0m[1;34m
[0m[1;34m	threadid 140710494172928 -> core 13 - OK[0m[1;34m
[0m[1;34m	threadid 140710485780224 -> core 14 - OK[0m[1;34m
[0m[1;34m	threadid 140710477387520 -> core 15 - OK[0m[1;34m
[0m[1;34m	threadid 140710468994816 -> core 16 - OK[0m[1;34m
[0m[1;34m	threadid 140710460602112 -> core 17 - OK[0m[1;34m
[0m[1;34m	threadid 140710452209408 -> core 18 - OK[0m[1;34m
[0m[1;34m	threadid 140710443816704 -> core 19 - OK[0m[1;34m
[0miterations: 200
Total iterations: 1797600800 LUP
FLOP: 11
Total work: 19773608800 FLOP
performance: 1.663917 GLUP/s
Performance in GFLOP/s: 18.303084
size: 9000000
time: 1.080343
[1;34m[pthread wrapper] 
[0m[1;34m[pthread wrapper] MAIN -> 0
[0m[1;34m[pthread wrapper] PIN_MASK: [0m[1;34m0->1  [0m[1;34m1->2  [0m[1;34m2->3  [0m[1;34m3->4  [0m[1;34m4->5  [0m[1;34m5->6  [0m[1;34m6->7  [0m[1;34m7->8  [0m[1;34m8->9  [0m[1;34m9->10  [0m[1;34m10->11  [0m[1;34m11->12  [0m[1;34m12->13  [0m[1;34m13->14  [0m[1;34m14->15  [0m[1;34m15->16  [0m[1;34m16->17  [0m[1;34m17->18  [0m[1;34m18->19  [0m[1;34m
[pthread wrapper] SKIP MASK: 0x0
[0m[1;34m	threadid 140596071941888 -> core 1 - OK[0m[1;34m
[0m[1;34m	threadid 140596063549184 -> core 2 - OK[0m[1;34m
[0m[1;34m	threadid 140596055156480 -> core 3 - OK[0m[1;34m
[0m[1;34m	threadid 140596046763776 -> core 4 - OK[0m[1;34m
[0m[1;34m	threadid 140596038371072 -> core 5 - OK[0m[1;34m
[0m[1;34m	threadid 140596029978368 -> core 6 - OK[0m[1;34m
[0m[1;34m	threadid 140596021585664 -> core 7 - OK[0m[1;34m
[0m[1;34m	threadid 140596013192960 -> core 8 - OK[0m[1;34m
[0m[1;34m	threadid 140596004800256 -> core 9 - OK[0m[1;34m
[0m[1;34m	threadid 140595996407552 -> core 10 - OK[0m[1;34m
[0m[1;34m	threadid 140595988014848 -> core 11 - OK[0m[1;34m
[0m[1;34m	threadid 140595979622144 -> core 12 - OK[0m[1;34m
[0m[1;34m	threadid 140595971229440 -> core 13 - OK[0m[1;34m
[0m[1;34m	threadid 140595962836736 -> core 14 - OK[0m[1;34m
[0m[1;34m	threadid 140595954444032 -> core 15 - OK[0m[1;34m
[0m[1;34m	threadid 140595946051328 -> core 16 - OK[0m[1;34m
[0m[1;34m	threadid 140595937658624 -> core 17 - OK[0m[1;34m
[0m[1;34m	threadid 140595929265920 -> core 18 - OK[0m[1;34m
[0m[1;34m	threadid 140595920873216 -> core 19 - OK[0m[1;34m
[0miterations: 200
Total iterations: 1797600800 LUP
FLOP: 11
Total work: 19773608800 FLOP
performance: 1.593588 GLUP/s
Performance in GFLOP/s: 17.529469
size: 9000000
time: 1.128021
[1;34m[pthread wrapper] 
[0m[1;34m[pthread wrapper] MAIN -> 0
[0m[1;34m[pthread wrapper] PIN_MASK: [0m[1;34m0->1  [0m[1;34m1->2  [0m[1;34m2->3  [0m[1;34m3->4  [0m[1;34m4->5  [0m[1;34m5->6  [0m[1;34m6->7  [0m[1;34m7->8  [0m[1;34m8->9  [0m[1;34m9->10  [0m[1;34m10->11  [0m[1;34m11->12  [0m[1;34m12->13  [0m[1;34m13->14  [0m[1;34m14->15  [0m[1;34m15->16  [0m[1;34m16->17  [0m[1;34m17->18  [0m[1;34m18->19  [0m[1;34m
[pthread wrapper] SKIP MASK: 0x0
[0m[1;34m	threadid 139949315606272 -> core 1 - OK[0m[1;34m
[0m[1;34m	threadid 139949307213568 -> core 2 - OK[0m[1;34m
[0m[1;34m	threadid 139949298820864 -> core 3 - OK[0m[1;34m
[0m[1;34m	threadid 139949290428160 -> core 4 - OK[0m[1;34m
[0m[1;34m	threadid 139949282035456 -> core 5 - OK[0m[1;34m
[0m[1;34m	threadid 139949273642752 -> core 6 - OK[0m[1;34m
[0m[1;34m	threadid 139949265250048 -> core 7 - OK[0m[1;34m
[0m[1;34m	threadid 139949256857344 -> core 8 - OK[0m[1;34m
[0m[1;34m	threadid 139949248464640 -> core 9 - OK[0m[1;34m
[0m[1;34m	threadid 139949240071936 -> core 10 - OK[0m[1;34m
[0m[1;34m	threadid 139949231679232 -> core 11 - OK[0m[1;34m
[0m[1;34m	threadid 139949223286528 -> core 12 - OK[0m[1;34m
[0m[1;34m	threadid 139949214893824 -> core 13 - OK[0m[1;34m
[0m[1;34m	threadid 139949206501120 -> core 14 - OK[0m[1;34m
[0m[1;34m	threadid 139949198108416 -> core 15 - OK[0m[1;34m
[0m[1;34m	threadid 139949189715712 -> core 16 - OK[0m[1;34m
[0m[1;34m	threadid 139949181323008 -> core 17 - OK[0m[1;34m
[0m[1;34m	threadid 139949172930304 -> core 18 - OK[0m[1;34m
[0m[1;34m	threadid 139949164537600 -> core 19 - OK[0m[1;34m
[0miterations: 200
Total iterations: 1797600800 LUP
FLOP: 11
Total work: 19773608800 FLOP
performance: 1.674188 GLUP/s
Performance in GFLOP/s: 18.416069
size: 9000000
time: 1.073715
[1;34m[pthread wrapper] 
[0m[1;34m[pthread wrapper] MAIN -> 0
[0m[1;34m[pthread wrapper] PIN_MASK: [0m[1;34m0->1  [0m[1;34m1->2  [0m[1;34m2->3  [0m[1;34m3->4  [0m[1;34m4->5  [0m[1;34m5->6  [0m[1;34m6->7  [0m[1;34m7->8  [0m[1;34m8->9  [0m[1;34m9->10  [0m[1;34m10->11  [0m[1;34m11->12  [0m[1;34m12->13  [0m[1;34m13->14  [0m[1;34m14->15  [0m[1;34m15->16  [0m[1;34m16->17  [0m[1;34m17->18  [0m[1;34m18->19  [0m[1;34m
[pthread wrapper] SKIP MASK: 0x0
[0m[1;34m	threadid 140420353656576 -> core 1 - OK[0m[1;34m
[0m[1;34m	threadid 140420345263872 -> core 2 - OK[0m[1;34m
[0m[1;34m	threadid 140420336871168 -> core 3 - OK[0m[1;34m
[0m[1;34m	threadid 140420328478464 -> core 4 - OK[0m[1;34m
[0m[1;34m	threadid 140420320085760 -> core 5 - OK[0m[1;34m
[0m[1;34m	threadid 140420311693056 -> core 6 - OK[0m[1;34m
[0m[1;34m	threadid 140420303300352 -> core 7 - OK[0m[1;34m
[0m[1;34m	threadid 140420294907648 -> core 8 - OK[0m[1;34m
[0m[1;34m	threadid 140420286514944 -> core 9 - OK[0m[1;34m
[0m[1;34m	threadid 140420278122240 -> core 10 - OK[0m[1;34m
[0m[1;34m	threadid 140420269729536 -> core 11 - OK[0m[1;34m
[0m[1;34m	threadid 140420261336832 -> core 12 - OK[0m[1;34m
[0m[1;34m	threadid 140420252944128 -> core 13 - OK[0m[1;34m
[0m[1;34m	threadid 140420244551424 -> core 14 - OK[0m[1;34m
[0m[1;34m	threadid 140420236158720 -> core 15 - OK[0m[1;34m
[0m[1;34m	threadid 140420227766016 -> core 16 - OK[0m[1;34m
[0m[1;34m	threadid 140420219373312 -> core 17 - OK[0m[1;34m
[0m[1;34m	threadid 140420210980608 -> core 18 - OK[0m[1;34m
[0m[1;34m	threadid 140420202587904 -> core 19 - OK[0m[1;34m
[0miterations: 200
Total iterations: 1797600800 LUP
FLOP: 11
Total work: 19773608800 FLOP
performance: 1.669359 GLUP/s
Performance in GFLOP/s: 18.362951
size: 9000000
time: 1.076821
[1;34m[pthread wrapper] 
[0m[1;34m[pthread wrapper] MAIN -> 0
[0m[1;34m[pthread wrapper] PIN_MASK: [0m[1;34m0->1  [0m[1;34m1->2  [0m[1;34m2->3  [0m[1;34m3->4  [0m[1;34m4->5  [0m[1;34m5->6  [0m[1;34m6->7  [0m[1;34m7->8  [0m[1;34m8->9  [0m[1;34m9->10  [0m[1;34m10->11  [0m[1;34m11->12  [0m[1;34m12->13  [0m[1;34m13->14  [0m[1;34m14->15  [0m[1;34m15->16  [0m[1;34m16->17  [0m[1;34m17->18  [0m[1;34m18->19  [0m[1;34m
[pthread wrapper] SKIP MASK: 0x0
[0m[1;34m	threadid 139715327489792 -> core 1 - OK[0m[1;34m
[0m[1;34m	threadid 139715319097088 -> core 2 - OK[0m[1;34m
[0m[1;34m	threadid 139715310704384 -> core 3 - OK[0m[1;34m
[0m[1;34m	threadid 139715302311680 -> core 4 - OK[0m[1;34m
[0m[1;34m	threadid 139715293918976 -> core 5 - OK[0m[1;34m
[0m[1;34m	threadid 139715285526272 -> core 6 - OK[0m[1;34m
[0m[1;34m	threadid 139715277133568 -> core 7 - OK[0m[1;34m
[0m[1;34m	threadid 139715268740864 -> core 8 - OK[0m[1;34m
[0m[1;34m	threadid 139715260348160 -> core 9 - OK[0m[1;34m
[0m[1;34m	threadid 139715251955456 -> core 10 - OK[0m[1;34m
[0m[1;34m	threadid 139715243562752 -> core 11 - OK[0m[1;34m
[0m[1;34m	threadid 139715235170048 -> core 12 - OK[0m[1;34m
[0m[1;34m	threadid 139715226777344 -> core 13 - OK[0m[1;34m
[0m[1;34m	threadid 139715218384640 -> core 14 - OK[0m[1;34m
[0m[1;34m	threadid 139715209991936 -> core 15 - OK[0m[1;34m
[0m[1;34m	threadid 139715201599232 -> core 16 - OK[0m[1;34m
[0m[1;34m	threadid 139715193206528 -> core 17 - OK[0m[1;34m
[0m[1;34m	threadid 139715184813824 -> core 18 - OK[0m[1;34m
[0m[1;34m	threadid 139715176421120 -> core 19 - OK[0m[1;34m
[0miterations: 200
Total iterations: 1797600800 LUP
FLOP: 11
Total work: 19773608800 FLOP
performance: 1.610109 GLUP/s
Performance in GFLOP/s: 17.711194
size: 9000000
time: 1.116447
[1;34m[pthread wrapper] 
[0m[1;34m[pthread wrapper] MAIN -> 0
[0m[1;34m[pthread wrapper] PIN_MASK: [0m[1;34m0->1  [0m[1;34m1->2  [0m[1;34m2->3  [0m[1;34m3->4  [0m[1;34m4->5  [0m[1;34m5->6  [0m[1;34m6->7  [0m[1;34m7->8  [0m[1;34m8->9  [0m[1;34m9->10  [0m[1;34m10->11  [0m[1;34m11->12  [0m[1;34m12->13  [0m[1;34m13->14  [0m[1;34m14->15  [0m[1;34m15->16  [0m[1;34m16->17  [0m[1;34m17->18  [0m[1;34m18->19  [0m[1;34m
[pthread wrapper] SKIP MASK: 0x0
[0m[1;34m	threadid 140039207700224 -> core 1 - OK[0m[1;34m
[0m[1;34m	threadid 140039199307520 -> core 2 - OK[0m[1;34m
[0m[1;34m	threadid 140039190914816 -> core 3 - OK[0m[1;34m
[0m[1;34m	threadid 140039182522112 -> core 4 - OK[0m[1;34m
[0m[1;34m	threadid 140039174129408 -> core 5 - OK[0m[1;34m
[0m[1;34m	threadid 140039165736704 -> core 6 - OK[0m[1;34m
[0m[1;34m	threadid 140039157344000 -> core 7 - OK[0m[1;34m
[0m[1;34m	threadid 140039148951296 -> core 8 - OK[0m[1;34m
[0m[1;34m	threadid 140039140558592 -> core 9 - OK[0m[1;34m
[0m[1;34m	threadid 140039132165888 -> core 10 - OK[0m[1;34m
[0m[1;34m	threadid 140039123773184 -> core 11 - OK[0m[1;34m
[0m[1;34m	threadid 140039115380480 -> core 12 - OK[0m[1;34m
[0m[1;34m	threadid 140039106987776 -> core 13 - OK[0m[1;34m
[0m[1;34m	threadid 140039098595072 -> core 14 - OK[0m[1;34m
[0m[1;34m	threadid 140039090202368 -> core 15 - OK[0m[1;34m
[0m[1;34m	threadid 140039081809664 -> core 16 - OK[0m[1;34m
[0m[1;34m	threadid 140039073416960 -> core 17 - OK[0m[1;34m
[0m[1;34m	threadid 140039065024256 -> core 18 - OK[0m[1;34m
[0m[1;34m	threadid 140039056631552 -> core 19 - OK[0m[1;34m
[0miterations: 200
Total iterations: 1797600800 LUP
FLOP: 11
Total work: 19773608800 FLOP
performance: 1.591761 GLUP/s
Performance in GFLOP/s: 17.509370
size: 9000000
time: 1.129316
