iterations: 200
Total iterations: 49600800 LUP
FLOP: 11
Total work: 545608800 FLOP
performance: 1.459700 GLUP/s
Performance in GFLOP/s: 16.056701
size: 250000
time: 0.033980
iterations: 200
Total iterations: 49600800 LUP
FLOP: 11
Total work: 545608800 FLOP
performance: 1.464705 GLUP/s
Performance in GFLOP/s: 16.111755
size: 250000
time: 0.033864
iterations: 200
Total iterations: 49600800 LUP
FLOP: 11
Total work: 545608800 FLOP
performance: 1.461597 GLUP/s
Performance in GFLOP/s: 16.077570
size: 250000
time: 0.033936
iterations: 200
Total iterations: 49600800 LUP
FLOP: 11
Total work: 545608800 FLOP
performance: 1.455167 GLUP/s
Performance in GFLOP/s: 16.006835
size: 250000
time: 0.034086
iterations: 200
Total iterations: 49600800 LUP
FLOP: 11
Total work: 545608800 FLOP
performance: 1.455971 GLUP/s
Performance in GFLOP/s: 16.015685
size: 250000
time: 0.034067
iterations: 200
Total iterations: 49600800 LUP
FLOP: 11
Total work: 545608800 FLOP
performance: 1.455808 GLUP/s
Performance in GFLOP/s: 16.013892
size: 250000
time: 0.034071
iterations: 200
Total iterations: 49600800 LUP
FLOP: 11
Total work: 545608800 FLOP
performance: 1.456491 GLUP/s
Performance in GFLOP/s: 16.021403
size: 250000
time: 0.034055
iterations: 200
Total iterations: 49600800 LUP
FLOP: 11
Total work: 545608800 FLOP
performance: 1.465097 GLUP/s
Performance in GFLOP/s: 16.116066
size: 250000
time: 0.033855
iterations: 200
Total iterations: 49600800 LUP
FLOP: 11
Total work: 545608800 FLOP
performance: 1.473054 GLUP/s
Performance in GFLOP/s: 16.203590
size: 250000
time: 0.033672
iterations: 200
Total iterations: 49600800 LUP
FLOP: 11
Total work: 545608800 FLOP
performance: 1.453550 GLUP/s
Performance in GFLOP/s: 15.989053
size: 250000
time: 0.034124
