[1;34m[pthread wrapper] 
[0m[1;34m[pthread wrapper] MAIN -> 0
[0m[1;34m[pthread wrapper] PIN_MASK: [0m[1;34m0->1  [0m[1;34m1->2  [0m[1;34m2->3  [0m[1;34m3->4  [0m[1;34m4->5  [0m[1;34m
[pthread wrapper] SKIP MASK: 0x0
[0m[1;34m	threadid 140586374219520 -> core 1 - OK[0m[1;34m
[0m[1;34m	threadid 140586365826816 -> core 2 - OK[0m[1;34m
[0m[1;34m	threadid 140586357434112 -> core 3 - OK[0m[1;34m
[0m[1;34m	threadid 140586349041408 -> core 4 - OK[0m[1;34m
[0m[1;34m	threadid 140586340648704 -> core 5 - OK[0m[1;34m
[0miterations: 200
Total iterations: 1797600800 LUP
FLOP: 11
Total work: 19773608800 FLOP
performance: 1.579488 GLUP/s
Performance in GFLOP/s: 17.374368
size: 9000000
time: 1.138091
[1;34m[pthread wrapper] 
[0m[1;34m[pthread wrapper] MAIN -> 0
[0m[1;34m[pthread wrapper] PIN_MASK: [0m[1;34m0->1  [0m[1;34m1->2  [0m[1;34m2->3  [0m[1;34m3->4  [0m[1;34m4->5  [0m[1;34m
[pthread wrapper] SKIP MASK: 0x0
[0m[1;34m	threadid 140360023631616 -> core 1 - OK[0m[1;34m
[0m[1;34m	threadid 140360015238912 -> core 2 - OK[0m[1;34m
[0m[1;34m	threadid 140360006846208 -> core 3 - OK[0m[1;34m
[0m[1;34m	threadid 140359998453504 -> core 4 - OK[0m[1;34m
[0m[1;34m	threadid 140359990060800 -> core 5 - OK[0m[1;34m
[0miterations: 200
Total iterations: 1797600800 LUP
FLOP: 11
Total work: 19773608800 FLOP
performance: 1.577122 GLUP/s
Performance in GFLOP/s: 17.348346
size: 9000000
time: 1.139798
[1;34m[pthread wrapper] 
[0m[1;34m[pthread wrapper] MAIN -> 0
[0m[1;34m[pthread wrapper] PIN_MASK: [0m[1;34m0->1  [0m[1;34m1->2  [0m[1;34m2->3  [0m[1;34m3->4  [0m[1;34m4->5  [0m[1;34m
[pthread wrapper] SKIP MASK: 0x0
[0m[1;34m	threadid 140209401952000 -> core 1 - OK[0m[1;34m
[0m[1;34m	threadid 140209393559296 -> core 2 - OK[0m[1;34m
[0m[1;34m	threadid 140209385166592 -> core 3 - OK[0m[1;34m
[0m[1;34m	threadid 140209376773888 -> core 4 - OK[0m[1;34m
[0m[1;34m	threadid 140209368381184 -> core 5 - OK[0m[1;34m
[0miterations: 200
Total iterations: 1797600800 LUP
FLOP: 11
Total work: 19773608800 FLOP
performance: 1.574796 GLUP/s
Performance in GFLOP/s: 17.322753
size: 9000000
time: 1.141482
[1;34m[pthread wrapper] 
[0m[1;34m[pthread wrapper] MAIN -> 0
[0m[1;34m[pthread wrapper] PIN_MASK: [0m[1;34m0->1  [0m[1;34m1->2  [0m[1;34m2->3  [0m[1;34m3->4  [0m[1;34m4->5  [0m[1;34m
[pthread wrapper] SKIP MASK: 0x0
[0m[1;34m	threadid 140584442468096 -> core 1 - OK[0m[1;34m
[0m[1;34m	threadid 140584434075392 -> core 2 - OK[0m[1;34m
[0m[1;34m	threadid 140584425682688 -> core 3 - OK[0m[1;34m
[0m[1;34m	threadid 140584417289984 -> core 4 - OK[0m[1;34m
[0m[1;34m	threadid 140584408897280 -> core 5 - OK[0m[1;34m
[0miterations: 200
Total iterations: 1797600800 LUP
FLOP: 11
Total work: 19773608800 FLOP
performance: 1.571469 GLUP/s
Performance in GFLOP/s: 17.286164
size: 9000000
time: 1.143898
[1;34m[pthread wrapper] 
[0m[1;34m[pthread wrapper] MAIN -> 0
[0m[1;34m[pthread wrapper] PIN_MASK: [0m[1;34m0->1  [0m[1;34m1->2  [0m[1;34m2->3  [0m[1;34m3->4  [0m[1;34m4->5  [0m[1;34m
[pthread wrapper] SKIP MASK: 0x0
[0m[1;34m	threadid 140580120057600 -> core 1 - OK[0m[1;34m
[0m[1;34m	threadid 140580111664896 -> core 2 - OK[0m[1;34m
[0m[1;34m	threadid 140580103272192 -> core 3 - OK[0m[1;34m
[0m[1;34m	threadid 140580094879488 -> core 4 - OK[0m[1;34m
[0m[1;34m	threadid 140580086486784 -> core 5 - OK[0m[1;34m
[0miterations: 200
Total iterations: 1797600800 LUP
FLOP: 11
Total work: 19773608800 FLOP
performance: 1.579571 GLUP/s
Performance in GFLOP/s: 17.375281
size: 9000000
time: 1.138031
[1;34m[pthread wrapper] 
[0m[1;34m[pthread wrapper] MAIN -> 0
[0m[1;34m[pthread wrapper] PIN_MASK: [0m[1;34m0->1  [0m[1;34m1->2  [0m[1;34m2->3  [0m[1;34m3->4  [0m[1;34m4->5  [0m[1;34m
[pthread wrapper] SKIP MASK: 0x0
[0m[1;34m	threadid 139874446235392 -> core 1 - OK[0m[1;34m
[0m[1;34m	threadid 139874437842688 -> core 2 - OK[0m[1;34m
[0m[1;34m	threadid 139874429449984 -> core 3 - OK[0m[1;34m
[0m[1;34m	threadid 139874421057280 -> core 4 - OK[0m[1;34m
[0m[1;34m	threadid 139874412664576 -> core 5 - OK[0m[1;34m
[0miterations: 200
Total iterations: 1797600800 LUP
FLOP: 11
Total work: 19773608800 FLOP
performance: 1.574746 GLUP/s
Performance in GFLOP/s: 17.322207
size: 9000000
time: 1.141518
[1;34m[pthread wrapper] 
[0m[1;34m[pthread wrapper] MAIN -> 0
[0m[1;34m[pthread wrapper] PIN_MASK: [0m[1;34m0->1  [0m[1;34m1->2  [0m[1;34m2->3  [0m[1;34m3->4  [0m[1;34m4->5  [0m[1;34m
[pthread wrapper] SKIP MASK: 0x0
[0m[1;34m	threadid 139779674044160 -> core 1 - OK[0m[1;34m
[0m[1;34m	threadid 139779665651456 -> core 2 - OK[0m[1;34m
[0m[1;34m	threadid 139779657258752 -> core 3 - OK[0m[1;34m
[0m[1;34m	threadid 139779648866048 -> core 4 - OK[0m[1;34m
[0m[1;34m	threadid 139779640473344 -> core 5 - OK[0m[1;34m
[0miterations: 200
Total iterations: 1797600800 LUP
FLOP: 11
Total work: 19773608800 FLOP
performance: 1.577850 GLUP/s
Performance in GFLOP/s: 17.356355
size: 9000000
time: 1.139272
[1;34m[pthread wrapper] 
[0m[1;34m[pthread wrapper] MAIN -> 0
[0m[1;34m[pthread wrapper] PIN_MASK: [0m[1;34m0->1  [0m[1;34m1->2  [0m[1;34m2->3  [0m[1;34m3->4  [0m[1;34m4->5  [0m[1;34m
[pthread wrapper] SKIP MASK: 0x0
[0m[1;34m	threadid 139708267083520 -> core 1 - OK[0m[1;34m
[0m[1;34m	threadid 139708258690816 -> core 2 - OK[0m[1;34m
[0m[1;34m	threadid 139708250298112 -> core 3 - OK[0m[1;34m
[0m[1;34m	threadid 139708241905408 -> core 4 - OK[0m[1;34m
[0m[1;34m	threadid 139708233512704 -> core 5 - OK[0m[1;34m
[0miterations: 200
Total iterations: 1797600800 LUP
FLOP: 11
Total work: 19773608800 FLOP
performance: 1.579778 GLUP/s
Performance in GFLOP/s: 17.377553
size: 9000000
time: 1.137882
[1;34m[pthread wrapper] 
[0m[1;34m[pthread wrapper] MAIN -> 0
[0m[1;34m[pthread wrapper] PIN_MASK: [0m[1;34m0->1  [0m[1;34m1->2  [0m[1;34m2->3  [0m[1;34m3->4  [0m[1;34m4->5  [0m[1;34m
[pthread wrapper] SKIP MASK: 0x0
[0m[1;34m	threadid 139884195391232 -> core 1 - OK[0m[1;34m
[0m[1;34m	threadid 139884186998528 -> core 2 - OK[0m[1;34m
[0m[1;34m	threadid 139884178605824 -> core 3 - OK[0m[1;34m
[0m[1;34m	threadid 139884170213120 -> core 4 - OK[0m[1;34m
[0m[1;34m	threadid 139884161820416 -> core 5 - OK[0m[1;34m
[0miterations: 200
Total iterations: 1797600800 LUP
FLOP: 11
Total work: 19773608800 FLOP
performance: 1.580900 GLUP/s
Performance in GFLOP/s: 17.389905
size: 9000000
time: 1.137074
[1;34m[pthread wrapper] 
[0m[1;34m[pthread wrapper] MAIN -> 0
[0m[1;34m[pthread wrapper] PIN_MASK: [0m[1;34m0->1  [0m[1;34m1->2  [0m[1;34m2->3  [0m[1;34m3->4  [0m[1;34m4->5  [0m[1;34m
[pthread wrapper] SKIP MASK: 0x0
[0m[1;34m	threadid 139847909938944 -> core 1 - OK[0m[1;34m
[0m[1;34m	threadid 139847901546240 -> core 2 - OK[0m[1;34m
[0m[1;34m	threadid 139847893153536 -> core 3 - OK[0m[1;34m
[0m[1;34m	threadid 139847884760832 -> core 4 - OK[0m[1;34m
[0m[1;34m	threadid 139847876368128 -> core 5 - OK[0m[1;34m
[0miterations: 200
Total iterations: 1797600800 LUP
FLOP: 11
Total work: 19773608800 FLOP
performance: 1.586800 GLUP/s
Performance in GFLOP/s: 17.454795
size: 9000000
time: 1.132847
