iterations: 200
Total iterations: 1797600800 LUP
FLOP: 11
Total work: 19773608800 FLOP
performance: 2.712042 GLUP/s
Performance in GFLOP/s: 29.832457
size: 9000000
time: 0.662822
iterations: 200
Total iterations: 1797600800 LUP
FLOP: 11
Total work: 19773608800 FLOP
performance: 2.675579 GLUP/s
Performance in GFLOP/s: 29.431365
size: 9000000
time: 0.671855
iterations: 200
Total iterations: 1797600800 LUP
FLOP: 11
Total work: 19773608800 FLOP
performance: 2.665580 GLUP/s
Performance in GFLOP/s: 29.321382
size: 9000000
time: 0.674375
iterations: 200
Total iterations: 1797600800 LUP
FLOP: 11
Total work: 19773608800 FLOP
performance: 2.693055 GLUP/s
Performance in GFLOP/s: 29.623605
size: 9000000
time: 0.667495
iterations: 200
Total iterations: 1797600800 LUP
FLOP: 11
Total work: 19773608800 FLOP
performance: 2.726902 GLUP/s
Performance in GFLOP/s: 29.995919
size: 9000000
time: 0.659210
iterations: 200
Total iterations: 1797600800 LUP
FLOP: 11
Total work: 19773608800 FLOP
performance: 2.719965 GLUP/s
Performance in GFLOP/s: 29.919619
size: 9000000
time: 0.660891
iterations: 200
Total iterations: 1797600800 LUP
FLOP: 11
Total work: 19773608800 FLOP
performance: 2.697654 GLUP/s
Performance in GFLOP/s: 29.674195
size: 9000000
time: 0.666357
iterations: 200
Total iterations: 1797600800 LUP
FLOP: 11
Total work: 19773608800 FLOP
performance: 2.734018 GLUP/s
Performance in GFLOP/s: 30.074201
size: 9000000
time: 0.657494
iterations: 200
Total iterations: 1797600800 LUP
FLOP: 11
Total work: 19773608800 FLOP
performance: 2.750471 GLUP/s
Performance in GFLOP/s: 30.255179
size: 9000000
time: 0.653561
iterations: 200
Total iterations: 1797600800 LUP
FLOP: 11
Total work: 19773608800 FLOP
performance: 2.685450 GLUP/s
Performance in GFLOP/s: 29.539955
size: 9000000
time: 0.669385
