iterations: 100
Total iterations: 898800400 LUP
FLOP: 11
Total work: 9886804400 FLOP
performance: 0.418058 GLUP/s
Performance in GFLOP/s: 4.598637
size: 9000000
time: 2.149942
[1;34m[likwid-pin] Main PID -> core 0 - OK[0m
iterations: 100
Total iterations: 898800400 LUP
FLOP: 11
Total work: 9886804400 FLOP
performance: 0.430357 GLUP/s
Performance in GFLOP/s: 4.733922
size: 9000000
time: 2.088502
[1;34m[likwid-pin] Main PID -> core 0 - OK[0m
iterations: 100
Total iterations: 898800400 LUP
FLOP: 11
Total work: 9886804400 FLOP
performance: 0.413690 GLUP/s
Performance in GFLOP/s: 4.550593
size: 9000000
time: 2.172641
[1;34m[likwid-pin] Main PID -> core 0 - OK[0m
iterations: 100
Total iterations: 898800400 LUP
FLOP: 11
Total work: 9886804400 FLOP
performance: 0.415859 GLUP/s
Performance in GFLOP/s: 4.574452
size: 9000000
time: 2.161309
[1;34m[likwid-pin] Main PID -> core 0 - OK[0m
iterations: 100
Total iterations: 898800400 LUP
FLOP: 11
Total work: 9886804400 FLOP
performance: 0.427661 GLUP/s
Performance in GFLOP/s: 4.704275
size: 9000000
time: 2.101664
[1;34m[likwid-pin] Main PID -> core 0 - OK[0m
