[1;34m[pthread wrapper] 
[0m[1;34m[pthread wrapper] MAIN -> 0
[0m[1;34m[pthread wrapper] PIN_MASK: [0m[1;34m0->1  [0m[1;34m1->2  [0m[1;34m2->3  [0m[1;34m3->4  [0m[1;34m4->5  [0m[1;34m5->6  [0m[1;34m6->7  [0m[1;34m
[pthread wrapper] SKIP MASK: 0x0
[0m[1;34m	threadid 140124581668608 -> core 1 - OK[0m[1;34m
[0m[1;34m	threadid 140124573275904 -> core 2 - OK[0m[1;34m
[0m[1;34m	threadid 140124564883200 -> core 3 - OK[0m[1;34m
[0m[1;34m	threadid 140124556490496 -> core 4 - OK[0m[1;34m
[0m[1;34m	threadid 140124548097792 -> core 5 - OK[0m[1;34m
[0m[1;34m	threadid 140124539705088 -> core 6 - OK[0m[1;34m
[0m[1;34m	threadid 140124531312384 -> core 7 - OK[0m[1;34m
[0miterations: 200
Total iterations: 1797600800 LUP
FLOP: 11
Total work: 19773608800 FLOP
performance: 1.535158 GLUP/s
Performance in GFLOP/s: 16.886734
size: 9000000
time: 1.170955
[1;34m[pthread wrapper] 
[0m[1;34m[pthread wrapper] MAIN -> 0
[0m[1;34m[pthread wrapper] PIN_MASK: [0m[1;34m0->1  [0m[1;34m1->2  [0m[1;34m2->3  [0m[1;34m3->4  [0m[1;34m4->5  [0m[1;34m5->6  [0m[1;34m6->7  [0m[1;34m
[pthread wrapper] SKIP MASK: 0x0
[0m[1;34m	threadid 139696029890304 -> core 1 - OK[0m[1;34m
[0m[1;34m	threadid 139696021497600 -> core 2 - OK[0m[1;34m
[0m[1;34m	threadid 139696013104896 -> core 3 - OK[0m[1;34m
[0m[1;34m	threadid 139696004712192 -> core 4 - OK[0m[1;34m
[0m[1;34m	threadid 139695996319488 -> core 5 - OK[0m[1;34m
[0m[1;34m	threadid 139695987926784 -> core 6 - OK[0m[1;34m
[0m[1;34m	threadid 139695979534080 -> core 7 - OK[0m[1;34m
[0miterations: 200
Total iterations: 1797600800 LUP
FLOP: 11
Total work: 19773608800 FLOP
performance: 1.517375 GLUP/s
Performance in GFLOP/s: 16.691124
size: 9000000
time: 1.184678
[1;34m[pthread wrapper] 
[0m[1;34m[pthread wrapper] MAIN -> 0
[0m[1;34m[pthread wrapper] PIN_MASK: [0m[1;34m0->1  [0m[1;34m1->2  [0m[1;34m2->3  [0m[1;34m3->4  [0m[1;34m4->5  [0m[1;34m5->6  [0m[1;34m6->7  [0m[1;34m
[pthread wrapper] SKIP MASK: 0x0
[0m[1;34m	threadid 139676793313024 -> core 1 - OK[0m[1;34m
[0m[1;34m	threadid 139676784920320 -> core 2 - OK[0m[1;34m
[0m[1;34m	threadid 139676776527616 -> core 3 - OK[0m[1;34m
[0m[1;34m	threadid 139676768134912 -> core 4 - OK[0m[1;34m
[0m[1;34m	threadid 139676759742208 -> core 5 - OK[0m[1;34m
[0m[1;34m	threadid 139676751349504 -> core 6 - OK[0m[1;34m
[0m[1;34m	threadid 139676742956800 -> core 7 - OK[0m[1;34m
[0miterations: 200
Total iterations: 1797600800 LUP
FLOP: 11
Total work: 19773608800 FLOP
performance: 1.536685 GLUP/s
Performance in GFLOP/s: 16.903540
size: 9000000
time: 1.169791
[1;34m[pthread wrapper] 
[0m[1;34m[pthread wrapper] MAIN -> 0
[0m[1;34m[pthread wrapper] PIN_MASK: [0m[1;34m0->1  [0m[1;34m1->2  [0m[1;34m2->3  [0m[1;34m3->4  [0m[1;34m4->5  [0m[1;34m5->6  [0m[1;34m6->7  [0m[1;34m
[pthread wrapper] SKIP MASK: 0x0
[0m[1;34m	threadid 140325984700160 -> core 1 - OK[0m[1;34m
[0m[1;34m	threadid 140325976307456 -> core 2 - OK[0m[1;34m
[0m[1;34m	threadid 140325967914752 -> core 3 - OK[0m[1;34m
[0m[1;34m	threadid 140325959522048 -> core 4 - OK[0m[1;34m
[0m[1;34m	threadid 140325951129344 -> core 5 - OK[0m[1;34m
[0m[1;34m	threadid 140325942736640 -> core 6 - OK[0m[1;34m
[0m[1;34m	threadid 140325934343936 -> core 7 - OK[0m[1;34m
[0miterations: 200
Total iterations: 1797600800 LUP
FLOP: 11
Total work: 19773608800 FLOP
performance: 1.533582 GLUP/s
Performance in GFLOP/s: 16.869406
size: 9000000
time: 1.172158
[1;34m[pthread wrapper] 
[0m[1;34m[pthread wrapper] MAIN -> 0
[0m[1;34m[pthread wrapper] PIN_MASK: [0m[1;34m0->1  [0m[1;34m1->2  [0m[1;34m2->3  [0m[1;34m3->4  [0m[1;34m4->5  [0m[1;34m5->6  [0m[1;34m6->7  [0m[1;34m
[pthread wrapper] SKIP MASK: 0x0
[0m[1;34m	threadid 139674924984064 -> core 1 - OK[0m[1;34m
[0m[1;34m	threadid 139674916591360 -> core 2 - OK[0m[1;34m
[0m[1;34m	threadid 139674908198656 -> core 3 - OK[0m[1;34m
[0m[1;34m	threadid 139674899805952 -> core 4 - OK[0m[1;34m
[0m[1;34m	threadid 139674891413248 -> core 5 - OK[0m[1;34m
[0m[1;34m	threadid 139674883020544 -> core 6 - OK[0m[1;34m
[0m[1;34m	threadid 139674874627840 -> core 7 - OK[0m[1;34m
[0miterations: 200
Total iterations: 1797600800 LUP
FLOP: 11
Total work: 19773608800 FLOP
performance: 1.542428 GLUP/s
Performance in GFLOP/s: 16.966705
size: 9000000
time: 1.165436
[1;34m[pthread wrapper] 
[0m[1;34m[pthread wrapper] MAIN -> 0
[0m[1;34m[pthread wrapper] PIN_MASK: [0m[1;34m0->1  [0m[1;34m1->2  [0m[1;34m2->3  [0m[1;34m3->4  [0m[1;34m4->5  [0m[1;34m5->6  [0m[1;34m6->7  [0m[1;34m
[pthread wrapper] SKIP MASK: 0x0
[0m[1;34m	threadid 140680166086400 -> core 1 - OK[0m[1;34m
[0m[1;34m	threadid 140680157693696 -> core 2 - OK[0m[1;34m
[0m[1;34m	threadid 140680149300992 -> core 3 - OK[0m[1;34m
[0m[1;34m	threadid 140680140908288 -> core 4 - OK[0m[1;34m
[0m[1;34m	threadid 140680132515584 -> core 5 - OK[0m[1;34m
[0m[1;34m	threadid 140680124122880 -> core 6 - OK[0m[1;34m
[0m[1;34m	threadid 140680115730176 -> core 7 - OK[0m[1;34m
[0miterations: 200
Total iterations: 1797600800 LUP
FLOP: 11
Total work: 19773608800 FLOP
performance: 1.566097 GLUP/s
Performance in GFLOP/s: 17.227070
size: 9000000
time: 1.147822
[1;34m[pthread wrapper] 
[0m[1;34m[pthread wrapper] MAIN -> 0
[0m[1;34m[pthread wrapper] PIN_MASK: [0m[1;34m0->1  [0m[1;34m1->2  [0m[1;34m2->3  [0m[1;34m3->4  [0m[1;34m4->5  [0m[1;34m5->6  [0m[1;34m6->7  [0m[1;34m
[pthread wrapper] SKIP MASK: 0x0
[0m[1;34m	threadid 140071638480640 -> core 1 - OK[0m[1;34m
[0m[1;34m	threadid 140071630087936 -> core 2 - OK[0m[1;34m
[0m[1;34m	threadid 140071621695232 -> core 3 - OK[0m[1;34m
[0m[1;34m	threadid 140071613302528 -> core 4 - OK[0m[1;34m
[0m[1;34m	threadid 140071604909824 -> core 5 - OK[0m[1;34m
[0m[1;34m	threadid 140071596517120 -> core 6 - OK[0m[1;34m
[0m[1;34m	threadid 140071588124416 -> core 7 - OK[0m[1;34m
[0miterations: 200
Total iterations: 1797600800 LUP
FLOP: 11
Total work: 19773608800 FLOP
performance: 1.555560 GLUP/s
Performance in GFLOP/s: 17.111160
size: 9000000
time: 1.155597
[1;34m[pthread wrapper] 
[0m[1;34m[pthread wrapper] MAIN -> 0
[0m[1;34m[pthread wrapper] PIN_MASK: [0m[1;34m0->1  [0m[1;34m1->2  [0m[1;34m2->3  [0m[1;34m3->4  [0m[1;34m4->5  [0m[1;34m5->6  [0m[1;34m6->7  [0m[1;34m
[pthread wrapper] SKIP MASK: 0x0
[0m[1;34m	threadid 140181243401984 -> core 1 - OK[0m[1;34m
[0m[1;34m	threadid 140181235009280 -> core 2 - OK[0m[1;34m
[0m[1;34m	threadid 140181226616576 -> core 3 - OK[0m[1;34m
[0m[1;34m	threadid 140181218223872 -> core 4 - OK[0m[1;34m
[0m[1;34m	threadid 140181209831168 -> core 5 - OK[0m[1;34m
[0m[1;34m	threadid 140181201438464 -> core 6 - OK[0m[1;34m
[0m[1;34m	threadid 140181193045760 -> core 7 - OK[0m[1;34m
[0miterations: 200
Total iterations: 1797600800 LUP
FLOP: 11
Total work: 19773608800 FLOP
performance: 1.534276 GLUP/s
Performance in GFLOP/s: 16.877037
size: 9000000
time: 1.171628
[1;34m[pthread wrapper] 
[0m[1;34m[pthread wrapper] MAIN -> 0
[0m[1;34m[pthread wrapper] PIN_MASK: [0m[1;34m0->1  [0m[1;34m1->2  [0m[1;34m2->3  [0m[1;34m3->4  [0m[1;34m4->5  [0m[1;34m5->6  [0m[1;34m6->7  [0m[1;34m
[pthread wrapper] SKIP MASK: 0x0
[0m[1;34m	threadid 140443542759168 -> core 1 - OK[0m[1;34m
[0m[1;34m	threadid 140443534366464 -> core 2 - OK[0m[1;34m
[0m[1;34m	threadid 140443525973760 -> core 3 - OK[0m[1;34m
[0m[1;34m	threadid 140443517581056 -> core 4 - OK[0m[1;34m
[0m[1;34m	threadid 140443509188352 -> core 5 - OK[0m[1;34m
[0m[1;34m	threadid 140443500795648 -> core 6 - OK[0m[1;34m
[0m[1;34m	threadid 140443492402944 -> core 7 - OK[0m[1;34m
[0miterations: 200
Total iterations: 1797600800 LUP
FLOP: 11
Total work: 19773608800 FLOP
performance: 1.547921 GLUP/s
Performance in GFLOP/s: 17.027133
size: 9000000
time: 1.161300
[1;34m[pthread wrapper] 
[0m[1;34m[pthread wrapper] MAIN -> 0
[0m[1;34m[pthread wrapper] PIN_MASK: [0m[1;34m0->1  [0m[1;34m1->2  [0m[1;34m2->3  [0m[1;34m3->4  [0m[1;34m4->5  [0m[1;34m5->6  [0m[1;34m6->7  [0m[1;34m
[pthread wrapper] SKIP MASK: 0x0
[0m[1;34m	threadid 140216427820800 -> core 1 - OK[0m[1;34m
[0m[1;34m	threadid 140216419428096 -> core 2 - OK[0m[1;34m
[0m[1;34m	threadid 140216411035392 -> core 3 - OK[0m[1;34m
[0m[1;34m	threadid 140216402642688 -> core 4 - OK[0m[1;34m
[0m[1;34m	threadid 140216394249984 -> core 5 - OK[0m[1;34m
[0m[1;34m	threadid 140216385857280 -> core 6 - OK[0m[1;34m
[0m[1;34m	threadid 140216377464576 -> core 7 - OK[0m[1;34m
[0miterations: 200
Total iterations: 1797600800 LUP
FLOP: 11
Total work: 19773608800 FLOP
performance: 1.558134 GLUP/s
Performance in GFLOP/s: 17.139478
size: 9000000
time: 1.153688
