iterations: 200
Total iterations: 1797600800 LUP
FLOP: 11
Total work: 19773608800 FLOP
performance: 1.526467 GLUP/s
Performance in GFLOP/s: 16.791133
size: 9000000
time: 1.177622
iterations: 200
Total iterations: 1797600800 LUP
FLOP: 11
Total work: 19773608800 FLOP
performance: 1.602533 GLUP/s
Performance in GFLOP/s: 17.627860
size: 9000000
time: 1.121725
iterations: 200
Total iterations: 1797600800 LUP
FLOP: 11
Total work: 19773608800 FLOP
performance: 1.588766 GLUP/s
Performance in GFLOP/s: 17.476422
size: 9000000
time: 1.131445
iterations: 200
Total iterations: 1797600800 LUP
FLOP: 11
Total work: 19773608800 FLOP
performance: 1.657222 GLUP/s
Performance in GFLOP/s: 18.229447
size: 9000000
time: 1.084707
iterations: 200
Total iterations: 1797600800 LUP
FLOP: 11
Total work: 19773608800 FLOP
performance: 1.642955 GLUP/s
Performance in GFLOP/s: 18.072500
size: 9000000
time: 1.094127
iterations: 200
Total iterations: 1797600800 LUP
FLOP: 11
Total work: 19773608800 FLOP
performance: 1.547829 GLUP/s
Performance in GFLOP/s: 17.026119
size: 9000000
time: 1.161369
iterations: 200
Total iterations: 1797600800 LUP
FLOP: 11
Total work: 19773608800 FLOP
performance: 1.646753 GLUP/s
Performance in GFLOP/s: 18.114285
size: 9000000
time: 1.091603
iterations: 200
Total iterations: 1797600800 LUP
FLOP: 11
Total work: 19773608800 FLOP
performance: 1.638448 GLUP/s
Performance in GFLOP/s: 18.022933
size: 9000000
time: 1.097136
iterations: 200
Total iterations: 1797600800 LUP
FLOP: 11
Total work: 19773608800 FLOP
performance: 1.654958 GLUP/s
Performance in GFLOP/s: 18.204542
size: 9000000
time: 1.086191
iterations: 200
Total iterations: 1797600800 LUP
FLOP: 11
Total work: 19773608800 FLOP
performance: 1.526011 GLUP/s
Performance in GFLOP/s: 16.786117
size: 9000000
time: 1.177974
