[1;34m[pthread wrapper] 
[0m[1;34m[pthread wrapper] MAIN -> 0
[0m[1;34m[pthread wrapper] PIN_MASK: [0m[1;34m0->1  [0m[1;34m1->2  [0m[1;34m2->3  [0m[1;34m3->4  [0m[1;34m4->5  [0m[1;34m5->6  [0m[1;34m6->7  [0m[1;34m
[pthread wrapper] SKIP MASK: 0x0
[0m[1;34m	threadid 140035823396608 -> core 1 - OK[0m[1;34m
[0m[1;34m	threadid 140035815003904 -> core 2 - OK[0m[1;34m
[0m[1;34m	threadid 140035806611200 -> core 3 - OK[0m[1;34m
[0m[1;34m	threadid 140035798218496 -> core 4 - OK[0m[1;34m
[0m[1;34m	threadid 140035789825792 -> core 5 - OK[0m[1;34m
[0m[1;34m	threadid 140035781433088 -> core 6 - OK[0m[1;34m
[0m[1;34m	threadid 140035773040384 -> core 7 - OK[0m[1;34m
[0miterations: 100
Total iterations: 898800400 LUP
FLOP: 11
Total work: 9886804400 FLOP
performance: 1.701136 GLUP/s
Performance in GFLOP/s: 18.712499
size: 9000000
time: 0.528353
[1;34m[pthread wrapper] 
[0m[1;34m[pthread wrapper] MAIN -> 0
[0m[1;34m[pthread wrapper] PIN_MASK: [0m[1;34m0->1  [0m[1;34m1->2  [0m[1;34m2->3  [0m[1;34m3->4  [0m[1;34m4->5  [0m[1;34m5->6  [0m[1;34m6->7  [0m[1;34m
[pthread wrapper] SKIP MASK: 0x0
[0m[1;34m	threadid 140019849123584 -> core 1 - OK[0m[1;34m
[0m[1;34m	threadid 140019840730880 -> core 2 - OK[0m[1;34m
[0m[1;34m	threadid 140019832338176 -> core 3 - OK[0m[1;34m
[0m[1;34m	threadid 140019823945472 -> core 4 - OK[0m[1;34m
[0m[1;34m	threadid 140019815552768 -> core 5 - OK[0m[1;34m
[0m[1;34m	threadid 140019807160064 -> core 6 - OK[0m[1;34m
[0m[1;34m	threadid 140019798767360 -> core 7 - OK[0m[1;34m
[0miterations: 100
Total iterations: 898800400 LUP
FLOP: 11
Total work: 9886804400 FLOP
performance: 1.697743 GLUP/s
Performance in GFLOP/s: 18.675175
size: 9000000
time: 0.529409
[1;34m[pthread wrapper] 
[0m[1;34m[pthread wrapper] MAIN -> 0
[0m[1;34m[pthread wrapper] PIN_MASK: [0m[1;34m0->1  [0m[1;34m1->2  [0m[1;34m2->3  [0m[1;34m3->4  [0m[1;34m4->5  [0m[1;34m5->6  [0m[1;34m6->7  [0m[1;34m
[pthread wrapper] SKIP MASK: 0x0
[0m[1;34m	threadid 140140217030400 -> core 1 - OK[0m[1;34m
[0m[1;34m	threadid 140140208637696 -> core 2 - OK[0m[1;34m
[0m[1;34m	threadid 140140200244992 -> core 3 - OK[0m[1;34m
[0m[1;34m	threadid 140140191852288 -> core 4 - OK[0m[1;34m
[0m[1;34m	threadid 140140183459584 -> core 5 - OK[0m[1;34m
[0m[1;34m	threadid 140140175066880 -> core 6 - OK[0m[1;34m
[0m[1;34m	threadid 140140166674176 -> core 7 - OK[0m[1;34m
[0miterations: 100
Total iterations: 898800400 LUP
FLOP: 11
Total work: 9886804400 FLOP
performance: 1.690240 GLUP/s
Performance in GFLOP/s: 18.592641
size: 9000000
time: 0.531759
[1;34m[pthread wrapper] 
[0m[1;34m[pthread wrapper] MAIN -> 0
[0m[1;34m[pthread wrapper] PIN_MASK: [0m[1;34m0->1  [0m[1;34m1->2  [0m[1;34m2->3  [0m[1;34m3->4  [0m[1;34m4->5  [0m[1;34m5->6  [0m[1;34m6->7  [0m[1;34m
[pthread wrapper] SKIP MASK: 0x0
[0m[1;34m	threadid 139732764604160 -> core 1 - OK[0m[1;34m
[0m[1;34m	threadid 139732756211456 -> core 2 - OK[0m[1;34m
[0m[1;34m	threadid 139732747818752 -> core 3 - OK[0m[1;34m
[0m[1;34m	threadid 139732739426048 -> core 4 - OK[0m[1;34m
[0m[1;34m	threadid 139732731033344 -> core 5 - OK[0m[1;34m
[0m[1;34m	threadid 139732722640640 -> core 6 - OK[0m[1;34m
[0m[1;34m	threadid 139732714247936 -> core 7 - OK[0m[1;34m
[0miterations: 100
Total iterations: 898800400 LUP
FLOP: 11
Total work: 9886804400 FLOP
performance: 1.688342 GLUP/s
Performance in GFLOP/s: 18.571757
size: 9000000
time: 0.532357
[1;34m[pthread wrapper] 
[0m[1;34m[pthread wrapper] MAIN -> 0
[0m[1;34m[pthread wrapper] PIN_MASK: [0m[1;34m0->1  [0m[1;34m1->2  [0m[1;34m2->3  [0m[1;34m3->4  [0m[1;34m4->5  [0m[1;34m5->6  [0m[1;34m6->7  [0m[1;34m
[pthread wrapper] SKIP MASK: 0x0
[0m[1;34m	threadid 139990041405184 -> core 1 - OK[0m[1;34m
[0m[1;34m	threadid 139990033012480 -> core 2 - OK[0m[1;34m
[0m[1;34m	threadid 139990024619776 -> core 3 - OK[0m[1;34m
[0m[1;34m	threadid 139990016227072 -> core 4 - OK[0m[1;34m
[0m[1;34m	threadid 139990007834368 -> core 5 - OK[0m[1;34m
[0m[1;34m	threadid 139989999441664 -> core 6 - OK[0m[1;34m
[0m[1;34m	threadid 139989991048960 -> core 7 - OK[0m[1;34m
[0miterations: 100
Total iterations: 898800400 LUP
FLOP: 11
Total work: 9886804400 FLOP
performance: 1.692911 GLUP/s
Performance in GFLOP/s: 18.622022
size: 9000000
time: 0.530920
