iterations: 200
Total iterations: 48412800 LUP
FLOP: 89
Total work: 4308739200 FLOP
performance: 0.406092 GLUP/s
Performance in GFLOP/s: 36.142228
size: 250000
time: 0.119216
iterations: 200
Total iterations: 48412800 LUP
FLOP: 89
Total work: 4308739200 FLOP
performance: 0.406363 GLUP/s
Performance in GFLOP/s: 36.166313
size: 250000
time: 0.119137
iterations: 200
Total iterations: 48412800 LUP
FLOP: 89
Total work: 4308739200 FLOP
performance: 0.406206 GLUP/s
Performance in GFLOP/s: 36.152350
size: 250000
time: 0.119183
iterations: 200
Total iterations: 48412800 LUP
FLOP: 89
Total work: 4308739200 FLOP
performance: 0.406461 GLUP/s
Performance in GFLOP/s: 36.175073
size: 250000
time: 0.119108
iterations: 200
Total iterations: 48412800 LUP
FLOP: 89
Total work: 4308739200 FLOP
performance: 0.406318 GLUP/s
Performance in GFLOP/s: 36.162333
size: 250000
time: 0.119150
iterations: 200
Total iterations: 48412800 LUP
FLOP: 89
Total work: 4308739200 FLOP
performance: 0.406257 GLUP/s
Performance in GFLOP/s: 36.156834
size: 250000
time: 0.119168
iterations: 200
Total iterations: 48412800 LUP
FLOP: 89
Total work: 4308739200 FLOP
performance: 0.406421 GLUP/s
Performance in GFLOP/s: 36.171453
size: 250000
time: 0.119120
iterations: 200
Total iterations: 48412800 LUP
FLOP: 89
Total work: 4308739200 FLOP
performance: 0.456652 GLUP/s
Performance in GFLOP/s: 40.642013
size: 250000
time: 0.106017
iterations: 200
Total iterations: 48412800 LUP
FLOP: 89
Total work: 4308739200 FLOP
performance: 0.405637 GLUP/s
Performance in GFLOP/s: 36.101724
size: 250000
time: 0.119350
iterations: 200
Total iterations: 48412800 LUP
FLOP: 89
Total work: 4308739200 FLOP
performance: 0.406002 GLUP/s
Performance in GFLOP/s: 36.134134
size: 250000
time: 0.119243
