[1;34m[pthread wrapper] 
[0m[1;34m[pthread wrapper] MAIN -> 0
[0m[1;34m[pthread wrapper] PIN_MASK: [0m[1;34m0->1  [0m[1;34m1->2  [0m[1;34m2->3  [0m[1;34m3->4  [0m[1;34m4->5  [0m[1;34m5->6  [0m[1;34m6->7  [0m[1;34m7->8  [0m[1;34m8->9  [0m[1;34m9->10  [0m[1;34m10->11  [0m[1;34m11->12  [0m[1;34m12->13  [0m[1;34m13->14  [0m[1;34m14->15  [0m[1;34m
[pthread wrapper] SKIP MASK: 0x0
[0m[1;34m	threadid 47783820121856 -> core 1 - OK[0m[1;34m
[0m[1;34m	threadid 47783822223104 -> core 2 - OK[0m[1;34m
[0m[1;34m	threadid 47783824324352 -> core 3 - OK[0m[1;34m
[0m[1;34m	threadid 47783826425600 -> core 4 - OK[0m[1;34m
[0m[1;34m	threadid 47783828526848 -> core 5 - OK[0m[1;34m
[0m[1;34m	threadid 47783830628096 -> core 6 - OK[0m[1;34m
[0m[1;34m	threadid 47783832729344 -> core 7 - OK[0m[1;34m
[0m[1;34m	threadid 47783834830592 -> core 8 - OK[0m[1;34m
[0m[1;34m	threadid 47783836931840 -> core 9 - OK[0m[1;34m
[0m[1;34m	threadid 47783839033088 -> core 10 - OK[0m[1;34m
[0m[1;34m	threadid 47783841134336 -> core 11 - OK[0m[1;34m
[0m[1;34m	threadid 47783843235584 -> core 12 - OK[0m[1;34m
[0m[1;34m	threadid 47783845336832 -> core 13 - OK[0m[1;34m
[0m[1;34m	threadid 47783847438080 -> core 14 - OK[0m[1;34m
[0m[1;34m	threadid 47783849539328 -> core 15 - OK[0m[1;34m
[0miterations: 120
Total iterations: 1074247680 LUP
FLOP: 89
Total work: 95608043520 FLOP
performance: 0.526367 GLUP/s
Performance in GFLOP/s: 46.846683
size: 9000000
time: 2.040871
[1;34m[pthread wrapper] 
[0m[1;34m[pthread wrapper] MAIN -> 0
[0m[1;34m[pthread wrapper] PIN_MASK: [0m[1;34m0->1  [0m[1;34m1->2  [0m[1;34m2->3  [0m[1;34m3->4  [0m[1;34m4->5  [0m[1;34m5->6  [0m[1;34m6->7  [0m[1;34m7->8  [0m[1;34m8->9  [0m[1;34m9->10  [0m[1;34m10->11  [0m[1;34m11->12  [0m[1;34m12->13  [0m[1;34m13->14  [0m[1;34m14->15  [0m[1;34m
[pthread wrapper] SKIP MASK: 0x0
[0m[1;34m	threadid 46986173499136 -> core 1 - OK[0m[1;34m
[0m[1;34m	threadid 46986175600384 -> core 2 - OK[0m[1;34m
[0m[1;34m	threadid 46986177701632 -> core 3 - OK[0m[1;34m
[0m[1;34m	threadid 46986179802880 -> core 4 - OK[0m[1;34m
[0m[1;34m	threadid 46986181904128 -> core 5 - OK[0m[1;34m
[0m[1;34m	threadid 46986184005376 -> core 6 - OK[0m[1;34m
[0m[1;34m	threadid 46986186106624 -> core 7 - OK[0m[1;34m
[0m[1;34m	threadid 46986188207872 -> core 8 - OK[0m[1;34m
[0m[1;34m	threadid 46986190309120 -> core 9 - OK[0m[1;34m
[0m[1;34m	threadid 46986192410368 -> core 10 - OK[0m[1;34m
[0m[1;34m	threadid 46986194511616 -> core 11 - OK[0m[1;34m
[0m[1;34m	threadid 46986196612864 -> core 12 - OK[0m[1;34m
[0m[1;34m	threadid 46986198714112 -> core 13 - OK[0m[1;34m
[0m[1;34m	threadid 46986200815360 -> core 14 - OK[0m[1;34m
[0m[1;34m	threadid 46986202916608 -> core 15 - OK[0m[1;34m
[0miterations: 120
Total iterations: 1074247680 LUP
FLOP: 89
Total work: 95608043520 FLOP
performance: 0.526305 GLUP/s
Performance in GFLOP/s: 46.841178
size: 9000000
time: 2.041111
[1;34m[pthread wrapper] 
[0m[1;34m[pthread wrapper] MAIN -> 0
[0m[1;34m[pthread wrapper] PIN_MASK: [0m[1;34m0->1  [0m[1;34m1->2  [0m[1;34m2->3  [0m[1;34m3->4  [0m[1;34m4->5  [0m[1;34m5->6  [0m[1;34m6->7  [0m[1;34m7->8  [0m[1;34m8->9  [0m[1;34m9->10  [0m[1;34m10->11  [0m[1;34m11->12  [0m[1;34m12->13  [0m[1;34m13->14  [0m[1;34m14->15  [0m[1;34m
[pthread wrapper] SKIP MASK: 0x0
[0m[1;34m	threadid 46955742140160 -> core 1 - OK[0m[1;34m
[0m[1;34m	threadid 46955744241408 -> core 2 - OK[0m[1;34m
[0m[1;34m	threadid 46955746342656 -> core 3 - OK[0m[1;34m
[0m[1;34m	threadid 46955748443904 -> core 4 - OK[0m[1;34m
[0m[1;34m	threadid 46955750545152 -> core 5 - OK[0m[1;34m
[0m[1;34m	threadid 46955752646400 -> core 6 - OK[0m[1;34m
[0m[1;34m	threadid 46955754747648 -> core 7 - OK[0m[1;34m
[0m[1;34m	threadid 46955756848896 -> core 8 - OK[0m[1;34m
[0m[1;34m	threadid 46955758950144 -> core 9 - OK[0m[1;34m
[0m[1;34m	threadid 46955761051392 -> core 10 - OK[0m[1;34m
[0m[1;34m	threadid 46955763152640 -> core 11 - OK[0m[1;34m
[0m[1;34m	threadid 46955765253888 -> core 12 - OK[0m[1;34m
[0m[1;34m	threadid 46955767355136 -> core 13 - OK[0m[1;34m
[0m[1;34m	threadid 46955769456384 -> core 14 - OK[0m[1;34m
[0m[1;34m	threadid 46955771557632 -> core 15 - OK[0m[1;34m
[0miterations: 120
Total iterations: 1074247680 LUP
FLOP: 89
Total work: 95608043520 FLOP
performance: 0.526381 GLUP/s
Performance in GFLOP/s: 46.847925
size: 9000000
time: 2.040817
[1;34m[pthread wrapper] 
[0m[1;34m[pthread wrapper] MAIN -> 0
[0m[1;34m[pthread wrapper] PIN_MASK: [0m[1;34m0->1  [0m[1;34m1->2  [0m[1;34m2->3  [0m[1;34m3->4  [0m[1;34m4->5  [0m[1;34m5->6  [0m[1;34m6->7  [0m[1;34m7->8  [0m[1;34m8->9  [0m[1;34m9->10  [0m[1;34m10->11  [0m[1;34m11->12  [0m[1;34m12->13  [0m[1;34m13->14  [0m[1;34m14->15  [0m[1;34m
[pthread wrapper] SKIP MASK: 0x0
[0m[1;34m	threadid 47460412724992 -> core 1 - OK[0m[1;34m
[0m[1;34m	threadid 47460414826240 -> core 2 - OK[0m[1;34m
[0m[1;34m	threadid 47460416927488 -> core 3 - OK[0m[1;34m
[0m[1;34m	threadid 47460419028736 -> core 4 - OK[0m[1;34m
[0m[1;34m	threadid 47460421129984 -> core 5 - OK[0m[1;34m
[0m[1;34m	threadid 47460423231232 -> core 6 - OK[0m[1;34m
[0m[1;34m	threadid 47460425332480 -> core 7 - OK[0m[1;34m
[0m[1;34m	threadid 47460427433728 -> core 8 - OK[0m[1;34m
[0m[1;34m	threadid 47460429534976 -> core 9 - OK[0m[1;34m
[0m[1;34m	threadid 47460431636224 -> core 10 - OK[0m[1;34m
[0m[1;34m	threadid 47460433737472 -> core 11 - OK[0m[1;34m
[0m[1;34m	threadid 47460435838720 -> core 12 - OK[0m[1;34m
[0m[1;34m	threadid 47460437939968 -> core 13 - OK[0m[1;34m
[0m[1;34m	threadid 47460440041216 -> core 14 - OK[0m[1;34m
[0m[1;34m	threadid 47460442142464 -> core 15 - OK[0m[1;34m
[0miterations: 120
Total iterations: 1074247680 LUP
FLOP: 89
Total work: 95608043520 FLOP
performance: 0.526212 GLUP/s
Performance in GFLOP/s: 46.832896
size: 9000000
time: 2.041472
[1;34m[pthread wrapper] 
[0m[1;34m[pthread wrapper] MAIN -> 0
[0m[1;34m[pthread wrapper] PIN_MASK: [0m[1;34m0->1  [0m[1;34m1->2  [0m[1;34m2->3  [0m[1;34m3->4  [0m[1;34m4->5  [0m[1;34m5->6  [0m[1;34m6->7  [0m[1;34m7->8  [0m[1;34m8->9  [0m[1;34m9->10  [0m[1;34m10->11  [0m[1;34m11->12  [0m[1;34m12->13  [0m[1;34m13->14  [0m[1;34m14->15  [0m[1;34m
[pthread wrapper] SKIP MASK: 0x0
[0m[1;34m	threadid 47645529220864 -> core 1 - OK[0m[1;34m
[0m[1;34m	threadid 47645531322112 -> core 2 - OK[0m[1;34m
[0m[1;34m	threadid 47645533423360 -> core 3 - OK[0m[1;34m
[0m[1;34m	threadid 47645535524608 -> core 4 - OK[0m[1;34m
[0m[1;34m	threadid 47645537625856 -> core 5 - OK[0m[1;34m
[0m[1;34m	threadid 47645539727104 -> core 6 - OK[0m[1;34m
[0m[1;34m	threadid 47645541828352 -> core 7 - OK[0m[1;34m
[0m[1;34m	threadid 47645543929600 -> core 8 - OK[0m[1;34m
[0m[1;34m	threadid 47645546030848 -> core 9 - OK[0m[1;34m
[0m[1;34m	threadid 47645548132096 -> core 10 - OK[0m[1;34m
[0m[1;34m	threadid 47645550233344 -> core 11 - OK[0m[1;34m
[0m[1;34m	threadid 47645552334592 -> core 12 - OK[0m[1;34m
[0m[1;34m	threadid 47645554435840 -> core 13 - OK[0m[1;34m
[0m[1;34m	threadid 47645556537088 -> core 14 - OK[0m[1;34m
[0m[1;34m	threadid 47645558638336 -> core 15 - OK[0m[1;34m
[0miterations: 120
Total iterations: 1074247680 LUP
FLOP: 89
Total work: 95608043520 FLOP
performance: 0.526249 GLUP/s
Performance in GFLOP/s: 46.836200
size: 9000000
time: 2.041328
[1;34m[pthread wrapper] 
[0m[1;34m[pthread wrapper] MAIN -> 0
[0m[1;34m[pthread wrapper] PIN_MASK: [0m[1;34m0->1  [0m[1;34m1->2  [0m[1;34m2->3  [0m[1;34m3->4  [0m[1;34m4->5  [0m[1;34m5->6  [0m[1;34m6->7  [0m[1;34m7->8  [0m[1;34m8->9  [0m[1;34m9->10  [0m[1;34m10->11  [0m[1;34m11->12  [0m[1;34m12->13  [0m[1;34m13->14  [0m[1;34m14->15  [0m[1;34m
[pthread wrapper] SKIP MASK: 0x0
[0m[1;34m	threadid 46957521610496 -> core 1 - OK[0m[1;34m
[0m[1;34m	threadid 46957523711744 -> core 2 - OK[0m[1;34m
[0m[1;34m	threadid 46957525812992 -> core 3 - OK[0m[1;34m
[0m[1;34m	threadid 46957527914240 -> core 4 - OK[0m[1;34m
[0m[1;34m	threadid 46957530015488 -> core 5 - OK[0m[1;34m
[0m[1;34m	threadid 46957532116736 -> core 6 - OK[0m[1;34m
[0m[1;34m	threadid 46957534217984 -> core 7 - OK[0m[1;34m
[0m[1;34m	threadid 46957536319232 -> core 8 - OK[0m[1;34m
[0m[1;34m	threadid 46957538420480 -> core 9 - OK[0m[1;34m
[0m[1;34m	threadid 46957540521728 -> core 10 - OK[0m[1;34m
[0m[1;34m	threadid 46957542622976 -> core 11 - OK[0m[1;34m
[0m[1;34m	threadid 46957544724224 -> core 12 - OK[0m[1;34m
[0m[1;34m	threadid 46957546825472 -> core 13 - OK[0m[1;34m
[0m[1;34m	threadid 46957548926720 -> core 14 - OK[0m[1;34m
[0m[1;34m	threadid 46957551027968 -> core 15 - OK[0m[1;34m
[0miterations: 120
Total iterations: 1074247680 LUP
FLOP: 89
Total work: 95608043520 FLOP
performance: 0.526114 GLUP/s
Performance in GFLOP/s: 46.824179
size: 9000000
time: 2.041852
[1;34m[pthread wrapper] 
[0m[1;34m[pthread wrapper] MAIN -> 0
[0m[1;34m[pthread wrapper] PIN_MASK: [0m[1;34m0->1  [0m[1;34m1->2  [0m[1;34m2->3  [0m[1;34m3->4  [0m[1;34m4->5  [0m[1;34m5->6  [0m[1;34m6->7  [0m[1;34m7->8  [0m[1;34m8->9  [0m[1;34m9->10  [0m[1;34m10->11  [0m[1;34m11->12  [0m[1;34m12->13  [0m[1;34m13->14  [0m[1;34m14->15  [0m[1;34m
[pthread wrapper] SKIP MASK: 0x0
[0m[1;34m	threadid 47204751779584 -> core 1 - OK[0m[1;34m
[0m[1;34m	threadid 47204753880832 -> core 2 - OK[0m[1;34m
[0m[1;34m	threadid 47204755982080 -> core 3 - OK[0m[1;34m
[0m[1;34m	threadid 47204758083328 -> core 4 - OK[0m[1;34m
[0m[1;34m	threadid 47204760184576 -> core 5 - OK[0m[1;34m
[0m[1;34m	threadid 47204762285824 -> core 6 - OK[0m[1;34m
[0m[1;34m	threadid 47204764387072 -> core 7 - OK[0m[1;34m
[0m[1;34m	threadid 47204766488320 -> core 8 - OK[0m[1;34m
[0m[1;34m	threadid 47204768589568 -> core 9 - OK[0m[1;34m
[0m[1;34m	threadid 47204770690816 -> core 10 - OK[0m[1;34m
[0m[1;34m	threadid 47204772792064 -> core 11 - OK[0m[1;34m
[0m[1;34m	threadid 47204774893312 -> core 12 - OK[0m[1;34m
[0m[1;34m	threadid 47204776994560 -> core 13 - OK[0m[1;34m
[0m[1;34m	threadid 47204779095808 -> core 14 - OK[0m[1;34m
[0m[1;34m	threadid 47204781197056 -> core 15 - OK[0m[1;34m
[0miterations: 120
Total iterations: 1074247680 LUP
FLOP: 89
Total work: 95608043520 FLOP
performance: 0.526267 GLUP/s
Performance in GFLOP/s: 46.837802
size: 9000000
time: 2.041258
[1;34m[pthread wrapper] 
[0m[1;34m[pthread wrapper] MAIN -> 0
[0m[1;34m[pthread wrapper] PIN_MASK: [0m[1;34m0->1  [0m[1;34m1->2  [0m[1;34m2->3  [0m[1;34m3->4  [0m[1;34m4->5  [0m[1;34m5->6  [0m[1;34m6->7  [0m[1;34m7->8  [0m[1;34m8->9  [0m[1;34m9->10  [0m[1;34m10->11  [0m[1;34m11->12  [0m[1;34m12->13  [0m[1;34m13->14  [0m[1;34m14->15  [0m[1;34m
[pthread wrapper] SKIP MASK: 0x0
[0m[1;34m	threadid 47240082953984 -> core 1 - OK[0m[1;34m
[0m[1;34m	threadid 47240085055232 -> core 2 - OK[0m[1;34m
[0m[1;34m	threadid 47240087156480 -> core 3 - OK[0m[1;34m
[0m[1;34m	threadid 47240089257728 -> core 4 - OK[0m[1;34m
[0m[1;34m	threadid 47240091358976 -> core 5 - OK[0m[1;34m
[0m[1;34m	threadid 47240093460224 -> core 6 - OK[0m[1;34m
[0m[1;34m	threadid 47240095561472 -> core 7 - OK[0m[1;34m
[0m[1;34m	threadid 47240097662720 -> core 8 - OK[0m[1;34m
[0m[1;34m	threadid 47240099763968 -> core 9 - OK[0m[1;34m
[0m[1;34m	threadid 47240101865216 -> core 10 - OK[0m[1;34m
[0m[1;34m	threadid 47240103966464 -> core 11 - OK[0m[1;34m
[0m[1;34m	threadid 47240106067712 -> core 12 - OK[0m[1;34m
[0m[1;34m	threadid 47240108168960 -> core 13 - OK[0m[1;34m
[0m[1;34m	threadid 47240110270208 -> core 14 - OK[0m[1;34m
[0m[1;34m	threadid 47240112371456 -> core 15 - OK[0m[1;34m
[0miterations: 120
Total iterations: 1074247680 LUP
FLOP: 89
Total work: 95608043520 FLOP
performance: 0.526180 GLUP/s
Performance in GFLOP/s: 46.830052
size: 9000000
time: 2.041596
[1;34m[pthread wrapper] 
[0m[1;34m[pthread wrapper] MAIN -> 0
[0m[1;34m[pthread wrapper] PIN_MASK: [0m[1;34m0->1  [0m[1;34m1->2  [0m[1;34m2->3  [0m[1;34m3->4  [0m[1;34m4->5  [0m[1;34m5->6  [0m[1;34m6->7  [0m[1;34m7->8  [0m[1;34m8->9  [0m[1;34m9->10  [0m[1;34m10->11  [0m[1;34m11->12  [0m[1;34m12->13  [0m[1;34m13->14  [0m[1;34m14->15  [0m[1;34m
[pthread wrapper] SKIP MASK: 0x0
[0m[1;34m	threadid 47457978013440 -> core 1 - OK[0m[1;34m
[0m[1;34m	threadid 47457980114688 -> core 2 - OK[0m[1;34m
[0m[1;34m	threadid 47457982215936 -> core 3 - OK[0m[1;34m
[0m[1;34m	threadid 47457984317184 -> core 4 - OK[0m[1;34m
[0m[1;34m	threadid 47457986418432 -> core 5 - OK[0m[1;34m
[0m[1;34m	threadid 47457988519680 -> core 6 - OK[0m[1;34m
[0m[1;34m	threadid 47457990620928 -> core 7 - OK[0m[1;34m
[0m[1;34m	threadid 47457992722176 -> core 8 - OK[0m[1;34m
[0m[1;34m	threadid 47457994823424 -> core 9 - OK[0m[1;34m
[0m[1;34m	threadid 47457996924672 -> core 10 - OK[0m[1;34m
[0m[1;34m	threadid 47457999025920 -> core 11 - OK[0m[1;34m
[0m[1;34m	threadid 47458001127168 -> core 12 - OK[0m[1;34m
[0m[1;34m	threadid 47458003228416 -> core 13 - OK[0m[1;34m
[0m[1;34m	threadid 47458005329664 -> core 14 - OK[0m[1;34m
[0m[1;34m	threadid 47458007430912 -> core 15 - OK[0m[1;34m
[0miterations: 120
Total iterations: 1074247680 LUP
FLOP: 89
Total work: 95608043520 FLOP
performance: 0.526236 GLUP/s
Performance in GFLOP/s: 46.835029
size: 9000000
time: 2.041379
[1;34m[pthread wrapper] 
[0m[1;34m[pthread wrapper] MAIN -> 0
[0m[1;34m[pthread wrapper] PIN_MASK: [0m[1;34m0->1  [0m[1;34m1->2  [0m[1;34m2->3  [0m[1;34m3->4  [0m[1;34m4->5  [0m[1;34m5->6  [0m[1;34m6->7  [0m[1;34m7->8  [0m[1;34m8->9  [0m[1;34m9->10  [0m[1;34m10->11  [0m[1;34m11->12  [0m[1;34m12->13  [0m[1;34m13->14  [0m[1;34m14->15  [0m[1;34m
[pthread wrapper] SKIP MASK: 0x0
[0m[1;34m	threadid 47438329394944 -> core 1 - OK[0m[1;34m
[0m[1;34m	threadid 47438331496192 -> core 2 - OK[0m[1;34m
[0m[1;34m	threadid 47438333597440 -> core 3 - OK[0m[1;34m
[0m[1;34m	threadid 47438335698688 -> core 4 - OK[0m[1;34m
[0m[1;34m	threadid 47438337799936 -> core 5 - OK[0m[1;34m
[0m[1;34m	threadid 47438339901184 -> core 6 - OK[0m[1;34m
[0m[1;34m	threadid 47438342002432 -> core 7 - OK[0m[1;34m
[0m[1;34m	threadid 47438344103680 -> core 8 - OK[0m[1;34m
[0m[1;34m	threadid 47438346204928 -> core 9 - OK[0m[1;34m
[0m[1;34m	threadid 47438348306176 -> core 10 - OK[0m[1;34m
[0m[1;34m	threadid 47438350407424 -> core 11 - OK[0m[1;34m
[0m[1;34m	threadid 47438352508672 -> core 12 - OK[0m[1;34m
[0m[1;34m	threadid 47438354609920 -> core 13 - OK[0m[1;34m
[0m[1;34m	threadid 47438356711168 -> core 14 - OK[0m[1;34m
[0m[1;34m	threadid 47438358812416 -> core 15 - OK[0m[1;34m
[0miterations: 120
Total iterations: 1074247680 LUP
FLOP: 89
Total work: 95608043520 FLOP
performance: 0.526233 GLUP/s
Performance in GFLOP/s: 46.834756
size: 9000000
time: 2.041391
