[1;34m[pthread wrapper] 
[0m[1;34m[pthread wrapper] MAIN -> 0
[0m[1;34m[pthread wrapper] PIN_MASK: [0m[1;34m0->1  [0m[1;34m1->2  [0m[1;34m2->3  [0m[1;34m3->4  [0m[1;34m4->5  [0m[1;34m5->6  [0m[1;34m6->7  [0m[1;34m7->10  [0m[1;34m8->11  [0m[1;34m9->12  [0m[1;34m10->13  [0m[1;34m11->14  [0m[1;34m12->15  [0m[1;34m13->16  [0m[1;34m14->17  [0m[1;34m
[pthread wrapper] SKIP MASK: 0x0
[0m[1;34m	threadid 47194638776064 -> core 1 - OK[0m[1;34m
[0m[1;34m	threadid 47194640877312 -> core 2 - OK[0m[1;34m
[0m[1;34m	threadid 47194642978560 -> core 3 - OK[0m[1;34m
[0m[1;34m	threadid 47194645079808 -> core 4 - OK[0m[1;34m
[0m[1;34m	threadid 47194647181056 -> core 5 - OK[0m[1;34m
[0m[1;34m	threadid 47194649282304 -> core 6 - OK[0m[1;34m
[0m[1;34m	threadid 47194651383552 -> core 7 - OK[0m[1;34m
[0m[1;34m	threadid 47194653484800 -> core 10 - OK[0m[1;34m
[0m[1;34m	threadid 47194655586048 -> core 11 - OK[0m[1;34m
[0m[1;34m	threadid 47194657687296 -> core 12 - OK[0m[1;34m
[0m[1;34m	threadid 47194659788544 -> core 13 - OK[0m[1;34m
[0m[1;34m	threadid 47194661889792 -> core 14 - OK[0m[1;34m
[0m[1;34m	threadid 47194663991040 -> core 15 - OK[0m[1;34m
[0m[1;34m	threadid 47194666092288 -> core 16 - OK[0m[1;34m
[0m[1;34m	threadid 47194668193536 -> core 17 - OK[0m[1;34m
[0miterations: 120
Total iterations: 1074247680 LUP
FLOP: 89
Total work: 95608043520 FLOP
performance: 0.525783 GLUP/s
Performance in GFLOP/s: 46.794662
size: 9000000
time: 2.043140
[1;34m[pthread wrapper] 
[0m[1;34m[pthread wrapper] MAIN -> 0
[0m[1;34m[pthread wrapper] PIN_MASK: [0m[1;34m0->1  [0m[1;34m1->2  [0m[1;34m2->3  [0m[1;34m3->4  [0m[1;34m4->5  [0m[1;34m5->6  [0m[1;34m6->7  [0m[1;34m7->10  [0m[1;34m8->11  [0m[1;34m9->12  [0m[1;34m10->13  [0m[1;34m11->14  [0m[1;34m12->15  [0m[1;34m13->16  [0m[1;34m14->17  [0m[1;34m
[pthread wrapper] SKIP MASK: 0x0
[0m[1;34m	threadid 46991099795200 -> core 1 - OK[0m[1;34m
[0m[1;34m	threadid 46991101896448 -> core 2 - OK[0m[1;34m
[0m[1;34m	threadid 46991103997696 -> core 3 - OK[0m[1;34m
[0m[1;34m	threadid 46991106098944 -> core 4 - OK[0m[1;34m
[0m[1;34m	threadid 46991108200192 -> core 5 - OK[0m[1;34m
[0m[1;34m	threadid 46991110301440 -> core 6 - OK[0m[1;34m
[0m[1;34m	threadid 46991112402688 -> core 7 - OK[0m[1;34m
[0m[1;34m	threadid 46991114503936 -> core 10 - OK[0m[1;34m
[0m[1;34m	threadid 46991116605184 -> core 11 - OK[0m[1;34m
[0m[1;34m	threadid 46991118706432 -> core 12 - OK[0m[1;34m
[0m[1;34m	threadid 46991120807680 -> core 13 - OK[0m[1;34m
[0m[1;34m	threadid 46991122908928 -> core 14 - OK[0m[1;34m
[0m[1;34m	threadid 46991125010176 -> core 15 - OK[0m[1;34m
[0m[1;34m	threadid 46991127111424 -> core 16 - OK[0m[1;34m
[0m[1;34m	threadid 46991129212672 -> core 17 - OK[0m[1;34m
[0miterations: 120
Total iterations: 1074247680 LUP
FLOP: 89
Total work: 95608043520 FLOP
performance: 0.525906 GLUP/s
Performance in GFLOP/s: 46.805608
size: 9000000
time: 2.042662
[1;34m[pthread wrapper] 
[0m[1;34m[pthread wrapper] MAIN -> 0
[0m[1;34m[pthread wrapper] PIN_MASK: [0m[1;34m0->1  [0m[1;34m1->2  [0m[1;34m2->3  [0m[1;34m3->4  [0m[1;34m4->5  [0m[1;34m5->6  [0m[1;34m6->7  [0m[1;34m7->10  [0m[1;34m8->11  [0m[1;34m9->12  [0m[1;34m10->13  [0m[1;34m11->14  [0m[1;34m12->15  [0m[1;34m13->16  [0m[1;34m14->17  [0m[1;34m
[pthread wrapper] SKIP MASK: 0x0
[0m[1;34m	threadid 47687697311488 -> core 1 - OK[0m[1;34m
[0m[1;34m	threadid 47687699412736 -> core 2 - OK[0m[1;34m
[0m[1;34m	threadid 47687701513984 -> core 3 - OK[0m[1;34m
[0m[1;34m	threadid 47687703615232 -> core 4 - OK[0m[1;34m
[0m[1;34m	threadid 47687705716480 -> core 5 - OK[0m[1;34m
[0m[1;34m	threadid 47687707817728 -> core 6 - OK[0m[1;34m
[0m[1;34m	threadid 47687709918976 -> core 7 - OK[0m[1;34m
[0m[1;34m	threadid 47687712020224 -> core 10 - OK[0m[1;34m
[0m[1;34m	threadid 47687714121472 -> core 11 - OK[0m[1;34m
[0m[1;34m	threadid 47687716222720 -> core 12 - OK[0m[1;34m
[0m[1;34m	threadid 47687718323968 -> core 13 - OK[0m[1;34m
[0m[1;34m	threadid 47687720425216 -> core 14 - OK[0m[1;34m
[0m[1;34m	threadid 47687722526464 -> core 15 - OK[0m[1;34m
[0m[1;34m	threadid 47687724627712 -> core 16 - OK[0m[1;34m
[0m[1;34m	threadid 47687726728960 -> core 17 - OK[0m[1;34m
[0miterations: 120
Total iterations: 1074247680 LUP
FLOP: 89
Total work: 95608043520 FLOP
performance: 0.526000 GLUP/s
Performance in GFLOP/s: 46.814023
size: 9000000
time: 2.042295
[1;34m[pthread wrapper] 
[0m[1;34m[pthread wrapper] MAIN -> 0
[0m[1;34m[pthread wrapper] PIN_MASK: [0m[1;34m0->1  [0m[1;34m1->2  [0m[1;34m2->3  [0m[1;34m3->4  [0m[1;34m4->5  [0m[1;34m5->6  [0m[1;34m6->7  [0m[1;34m7->10  [0m[1;34m8->11  [0m[1;34m9->12  [0m[1;34m10->13  [0m[1;34m11->14  [0m[1;34m12->15  [0m[1;34m13->16  [0m[1;34m14->17  [0m[1;34m
[pthread wrapper] SKIP MASK: 0x0
[0m[1;34m	threadid 47192634521344 -> core 1 - OK[0m[1;34m
[0m[1;34m	threadid 47192636622592 -> core 2 - OK[0m[1;34m
[0m[1;34m	threadid 47192638723840 -> core 3 - OK[0m[1;34m
[0m[1;34m	threadid 47192640825088 -> core 4 - OK[0m[1;34m
[0m[1;34m	threadid 47192642926336 -> core 5 - OK[0m[1;34m
[0m[1;34m	threadid 47192645027584 -> core 6 - OK[0m[1;34m
[0m[1;34m	threadid 47192647128832 -> core 7 - OK[0m[1;34m
[0m[1;34m	threadid 47192649230080 -> core 10 - OK[0m[1;34m
[0m[1;34m	threadid 47192651331328 -> core 11 - OK[0m[1;34m
[0m[1;34m	threadid 47192653432576 -> core 12 - OK[0m[1;34m
[0m[1;34m	threadid 47192655533824 -> core 13 - OK[0m[1;34m
[0m[1;34m	threadid 47192657635072 -> core 14 - OK[0m[1;34m
[0m[1;34m	threadid 47192659736320 -> core 15 - OK[0m[1;34m
[0m[1;34m	threadid 47192661837568 -> core 16 - OK[0m[1;34m
[0m[1;34m	threadid 47192663938816 -> core 17 - OK[0m[1;34m
[0miterations: 120
Total iterations: 1074247680 LUP
FLOP: 89
Total work: 95608043520 FLOP
performance: 0.525963 GLUP/s
Performance in GFLOP/s: 46.810722
size: 9000000
time: 2.042439
[1;34m[pthread wrapper] 
[0m[1;34m[pthread wrapper] MAIN -> 0
[0m[1;34m[pthread wrapper] PIN_MASK: [0m[1;34m0->1  [0m[1;34m1->2  [0m[1;34m2->3  [0m[1;34m3->4  [0m[1;34m4->5  [0m[1;34m5->6  [0m[1;34m6->7  [0m[1;34m7->10  [0m[1;34m8->11  [0m[1;34m9->12  [0m[1;34m10->13  [0m[1;34m11->14  [0m[1;34m12->15  [0m[1;34m13->16  [0m[1;34m14->17  [0m[1;34m
[pthread wrapper] SKIP MASK: 0x0
[0m[1;34m	threadid 47493778175744 -> core 1 - OK[0m[1;34m
[0m[1;34m	threadid 47493780276992 -> core 2 - OK[0m[1;34m
[0m[1;34m	threadid 47493782378240 -> core 3 - OK[0m[1;34m
[0m[1;34m	threadid 47493784479488 -> core 4 - OK[0m[1;34m
[0m[1;34m	threadid 47493786580736 -> core 5 - OK[0m[1;34m
[0m[1;34m	threadid 47493788681984 -> core 6 - OK[0m[1;34m
[0m[1;34m	threadid 47493790783232 -> core 7 - OK[0m[1;34m
[0m[1;34m	threadid 47493792884480 -> core 10 - OK[0m[1;34m
[0m[1;34m	threadid 47493794985728 -> core 11 - OK[0m[1;34m
[0m[1;34m	threadid 47493797086976 -> core 12 - OK[0m[1;34m
[0m[1;34m	threadid 47493799188224 -> core 13 - OK[0m[1;34m
[0m[1;34m	threadid 47493801289472 -> core 14 - OK[0m[1;34m
[0m[1;34m	threadid 47493803390720 -> core 15 - OK[0m[1;34m
[0m[1;34m	threadid 47493805491968 -> core 16 - OK[0m[1;34m
[0m[1;34m	threadid 47493807593216 -> core 17 - OK[0m[1;34m
[0miterations: 120
Total iterations: 1074247680 LUP
FLOP: 89
Total work: 95608043520 FLOP
performance: 0.525884 GLUP/s
Performance in GFLOP/s: 46.803712
size: 9000000
time: 2.042745
[1;34m[pthread wrapper] 
[0m[1;34m[pthread wrapper] MAIN -> 0
[0m[1;34m[pthread wrapper] PIN_MASK: [0m[1;34m0->1  [0m[1;34m1->2  [0m[1;34m2->3  [0m[1;34m3->4  [0m[1;34m4->5  [0m[1;34m5->6  [0m[1;34m6->7  [0m[1;34m7->10  [0m[1;34m8->11  [0m[1;34m9->12  [0m[1;34m10->13  [0m[1;34m11->14  [0m[1;34m12->15  [0m[1;34m13->16  [0m[1;34m14->17  [0m[1;34m
[pthread wrapper] SKIP MASK: 0x0
[0m[1;34m	threadid 47115175814912 -> core 1 - OK[0m[1;34m
[0m[1;34m	threadid 47115177916160 -> core 2 - OK[0m[1;34m
[0m[1;34m	threadid 47115180017408 -> core 3 - OK[0m[1;34m
[0m[1;34m	threadid 47115182118656 -> core 4 - OK[0m[1;34m
[0m[1;34m	threadid 47115184219904 -> core 5 - OK[0m[1;34m
[0m[1;34m	threadid 47115186321152 -> core 6 - OK[0m[1;34m
[0m[1;34m	threadid 47115188422400 -> core 7 - OK[0m[1;34m
[0m[1;34m	threadid 47115190523648 -> core 10 - OK[0m[1;34m
[0m[1;34m	threadid 47115192624896 -> core 11 - OK[0m[1;34m
[0m[1;34m	threadid 47115194726144 -> core 12 - OK[0m[1;34m
[0m[1;34m	threadid 47115196827392 -> core 13 - OK[0m[1;34m
[0m[1;34m	threadid 47115198928640 -> core 14 - OK[0m[1;34m
[0m[1;34m	threadid 47115201029888 -> core 15 - OK[0m[1;34m
[0m[1;34m	threadid 47115203131136 -> core 16 - OK[0m[1;34m
[0m[1;34m	threadid 47115205232384 -> core 17 - OK[0m[1;34m
[0miterations: 120
Total iterations: 1074247680 LUP
FLOP: 89
Total work: 95608043520 FLOP
performance: 0.526335 GLUP/s
Performance in GFLOP/s: 46.843815
size: 9000000
time: 2.040996
[1;34m[pthread wrapper] 
[0m[1;34m[pthread wrapper] MAIN -> 0
[0m[1;34m[pthread wrapper] PIN_MASK: [0m[1;34m0->1  [0m[1;34m1->2  [0m[1;34m2->3  [0m[1;34m3->4  [0m[1;34m4->5  [0m[1;34m5->6  [0m[1;34m6->7  [0m[1;34m7->10  [0m[1;34m8->11  [0m[1;34m9->12  [0m[1;34m10->13  [0m[1;34m11->14  [0m[1;34m12->15  [0m[1;34m13->16  [0m[1;34m14->17  [0m[1;34m
[pthread wrapper] SKIP MASK: 0x0
[0m[1;34m	threadid 47965780412160 -> core 1 - OK[0m[1;34m
[0m[1;34m	threadid 47965782513408 -> core 2 - OK[0m[1;34m
[0m[1;34m	threadid 47965784614656 -> core 3 - OK[0m[1;34m
[0m[1;34m	threadid 47965786715904 -> core 4 - OK[0m[1;34m
[0m[1;34m	threadid 47965788817152 -> core 5 - OK[0m[1;34m
[0m[1;34m	threadid 47965790918400 -> core 6 - OK[0m[1;34m
[0m[1;34m	threadid 47965793019648 -> core 7 - OK[0m[1;34m
[0m[1;34m	threadid 47965795120896 -> core 10 - OK[0m[1;34m
[0m[1;34m	threadid 47965797222144 -> core 11 - OK[0m[1;34m
[0m[1;34m	threadid 47965799323392 -> core 12 - OK[0m[1;34m
[0m[1;34m	threadid 47965801424640 -> core 13 - OK[0m[1;34m
[0m[1;34m	threadid 47965803525888 -> core 14 - OK[0m[1;34m
[0m[1;34m	threadid 47965805627136 -> core 15 - OK[0m[1;34m
[0m[1;34m	threadid 47965807728384 -> core 16 - OK[0m[1;34m
[0m[1;34m	threadid 47965809829632 -> core 17 - OK[0m[1;34m
[0miterations: 120
Total iterations: 1074247680 LUP
FLOP: 89
Total work: 95608043520 FLOP
performance: 0.525879 GLUP/s
Performance in GFLOP/s: 46.803248
size: 9000000
time: 2.042765
[1;34m[pthread wrapper] 
[0m[1;34m[pthread wrapper] MAIN -> 0
[0m[1;34m[pthread wrapper] PIN_MASK: [0m[1;34m0->1  [0m[1;34m1->2  [0m[1;34m2->3  [0m[1;34m3->4  [0m[1;34m4->5  [0m[1;34m5->6  [0m[1;34m6->7  [0m[1;34m7->10  [0m[1;34m8->11  [0m[1;34m9->12  [0m[1;34m10->13  [0m[1;34m11->14  [0m[1;34m12->15  [0m[1;34m13->16  [0m[1;34m14->17  [0m[1;34m
[pthread wrapper] SKIP MASK: 0x0
[0m[1;34m	threadid 47796810028800 -> core 1 - OK[0m[1;34m
[0m[1;34m	threadid 47796812130048 -> core 2 - OK[0m[1;34m
[0m[1;34m	threadid 47796814231296 -> core 3 - OK[0m[1;34m
[0m[1;34m	threadid 47796816332544 -> core 4 - OK[0m[1;34m
[0m[1;34m	threadid 47796818433792 -> core 5 - OK[0m[1;34m
[0m[1;34m	threadid 47796820535040 -> core 6 - OK[0m[1;34m
[0m[1;34m	threadid 47796822636288 -> core 7 - OK[0m[1;34m
[0m[1;34m	threadid 47796824737536 -> core 10 - OK[0m[1;34m
[0m[1;34m	threadid 47796826838784 -> core 11 - OK[0m[1;34m
[0m[1;34m	threadid 47796828940032 -> core 12 - OK[0m[1;34m
[0m[1;34m	threadid 47796831041280 -> core 13 - OK[0m[1;34m
[0m[1;34m	threadid 47796833142528 -> core 14 - OK[0m[1;34m
[0m[1;34m	threadid 47796835243776 -> core 15 - OK[0m[1;34m
[0m[1;34m	threadid 47796837345024 -> core 16 - OK[0m[1;34m
[0m[1;34m	threadid 47796839446272 -> core 17 - OK[0m[1;34m
[0miterations: 120
Total iterations: 1074247680 LUP
FLOP: 89
Total work: 95608043520 FLOP
performance: 0.525671 GLUP/s
Performance in GFLOP/s: 46.784699
size: 9000000
time: 2.043575
[1;34m[pthread wrapper] 
[0m[1;34m[pthread wrapper] MAIN -> 0
[0m[1;34m[pthread wrapper] PIN_MASK: [0m[1;34m0->1  [0m[1;34m1->2  [0m[1;34m2->3  [0m[1;34m3->4  [0m[1;34m4->5  [0m[1;34m5->6  [0m[1;34m6->7  [0m[1;34m7->10  [0m[1;34m8->11  [0m[1;34m9->12  [0m[1;34m10->13  [0m[1;34m11->14  [0m[1;34m12->15  [0m[1;34m13->16  [0m[1;34m14->17  [0m[1;34m
[pthread wrapper] SKIP MASK: 0x0
[0m[1;34m	threadid 47054179563264 -> core 1 - OK[0m[1;34m
[0m[1;34m	threadid 47054181664512 -> core 2 - OK[0m[1;34m
[0m[1;34m	threadid 47054183765760 -> core 3 - OK[0m[1;34m
[0m[1;34m	threadid 47054185867008 -> core 4 - OK[0m[1;34m
[0m[1;34m	threadid 47054187968256 -> core 5 - OK[0m[1;34m
[0m[1;34m	threadid 47054190069504 -> core 6 - OK[0m[1;34m
[0m[1;34m	threadid 47054192170752 -> core 7 - OK[0m[1;34m
[0m[1;34m	threadid 47054194272000 -> core 10 - OK[0m[1;34m
[0m[1;34m	threadid 47054196373248 -> core 11 - OK[0m[1;34m
[0m[1;34m	threadid 47054198474496 -> core 12 - OK[0m[1;34m
[0m[1;34m	threadid 47054200575744 -> core 13 - OK[0m[1;34m
[0m[1;34m	threadid 47054202676992 -> core 14 - OK[0m[1;34m
[0m[1;34m	threadid 47054204778240 -> core 15 - OK[0m[1;34m
[0m[1;34m	threadid 47054206879488 -> core 16 - OK[0m[1;34m
[0m[1;34m	threadid 47054208980736 -> core 17 - OK[0m[1;34m
[0miterations: 120
Total iterations: 1074247680 LUP
FLOP: 89
Total work: 95608043520 FLOP
performance: 0.525622 GLUP/s
Performance in GFLOP/s: 46.780393
size: 9000000
time: 2.043763
[1;34m[pthread wrapper] 
[0m[1;34m[pthread wrapper] MAIN -> 0
[0m[1;34m[pthread wrapper] PIN_MASK: [0m[1;34m0->1  [0m[1;34m1->2  [0m[1;34m2->3  [0m[1;34m3->4  [0m[1;34m4->5  [0m[1;34m5->6  [0m[1;34m6->7  [0m[1;34m7->10  [0m[1;34m8->11  [0m[1;34m9->12  [0m[1;34m10->13  [0m[1;34m11->14  [0m[1;34m12->15  [0m[1;34m13->16  [0m[1;34m14->17  [0m[1;34m
[pthread wrapper] SKIP MASK: 0x0
[0m[1;34m	threadid 47484650321664 -> core 1 - OK[0m[1;34m
[0m[1;34m	threadid 47484652422912 -> core 2 - OK[0m[1;34m
[0m[1;34m	threadid 47484654524160 -> core 3 - OK[0m[1;34m
[0m[1;34m	threadid 47484656625408 -> core 4 - OK[0m[1;34m
[0m[1;34m	threadid 47484658726656 -> core 5 - OK[0m[1;34m
[0m[1;34m	threadid 47484660827904 -> core 6 - OK[0m[1;34m
[0m[1;34m	threadid 47484662929152 -> core 7 - OK[0m[1;34m
[0m[1;34m	threadid 47484665030400 -> core 10 - OK[0m[1;34m
[0m[1;34m	threadid 47484667131648 -> core 11 - OK[0m[1;34m
[0m[1;34m	threadid 47484669232896 -> core 12 - OK[0m[1;34m
[0m[1;34m	threadid 47484671334144 -> core 13 - OK[0m[1;34m
[0m[1;34m	threadid 47484673435392 -> core 14 - OK[0m[1;34m
[0m[1;34m	threadid 47484675536640 -> core 15 - OK[0m[1;34m
[0m[1;34m	threadid 47484677637888 -> core 16 - OK[0m[1;34m
[0m[1;34m	threadid 47484679739136 -> core 17 - OK[0m[1;34m
[0miterations: 120
Total iterations: 1074247680 LUP
FLOP: 89
Total work: 95608043520 FLOP
performance: 0.525893 GLUP/s
Performance in GFLOP/s: 46.804488
size: 9000000
time: 2.042711
