[1;34m[pthread wrapper] 
[0m[1;34m[pthread wrapper] MAIN -> 0
[0m[1;34m[pthread wrapper] PIN_MASK: [0m[1;34m0->1  [0m[1;34m1->2  [0m[1;34m2->3  [0m[1;34m3->4  [0m[1;34m4->5  [0m[1;34m5->6  [0m[1;34m6->7  [0m[1;34m7->8  [0m[1;34m8->9  [0m[1;34m9->10  [0m[1;34m10->11  [0m[1;34m11->12  [0m[1;34m12->13  [0m[1;34m13->14  [0m[1;34m14->15  [0m[1;34m15->16  [0m[1;34m16->17  [0m[1;34m17->18  [0m[1;34m18->19  [0m[1;34m
[pthread wrapper] SKIP MASK: 0x0
[0m[1;34m	threadid 47394534450944 -> core 1 - OK[0m[1;34m
[0m[1;34m	threadid 47394536552192 -> core 2 - OK[0m[1;34m
[0m[1;34m	threadid 47394538653440 -> core 3 - OK[0m[1;34m
[0m[1;34m	threadid 47394540754688 -> core 4 - OK[0m[1;34m
[0m[1;34m	threadid 47394542855936 -> core 5 - OK[0m[1;34m
[0m[1;34m	threadid 47394544957184 -> core 6 - OK[0m[1;34m
[0m[1;34m	threadid 47394547058432 -> core 7 - OK[0m[1;34m
[0m[1;34m	threadid 47394549159680 -> core 8 - OK[0m[1;34m
[0m[1;34m	threadid 47394551260928 -> core 9 - OK[0m[1;34m
[0m[1;34m	threadid 47394553362176 -> core 10 - OK[0m[1;34m
[0m[1;34m	threadid 47394555463424 -> core 11 - OK[0m[1;34m
[0m[1;34m	threadid 47394557564672 -> core 12 - OK[0m[1;34m
[0m[1;34m	threadid 47394559665920 -> core 13 - OK[0m[1;34m
[0m[1;34m	threadid 47394561767168 -> core 14 - OK[0m[1;34m
[0m[1;34m	threadid 47394563868416 -> core 15 - OK[0m[1;34m
[0m[1;34m	threadid 47394565969664 -> core 16 - OK[0m[1;34m
[0m[1;34m	threadid 47394568070912 -> core 17 - OK[0m[1;34m
[0m[1;34m	threadid 47394570172160 -> core 18 - OK[0m[1;34m
[0m[1;34m	threadid 47394572273408 -> core 19 - OK[0m[1;34m
[0miterations: 120
Total iterations: 1074247680 LUP
FLOP: 89
Total work: 95608043520 FLOP
performance: 0.630416 GLUP/s
Performance in GFLOP/s: 56.107049
size: 9000000
time: 1.704029
[1;34m[pthread wrapper] 
[0m[1;34m[pthread wrapper] MAIN -> 0
[0m[1;34m[pthread wrapper] PIN_MASK: [0m[1;34m0->1  [0m[1;34m1->2  [0m[1;34m2->3  [0m[1;34m3->4  [0m[1;34m4->5  [0m[1;34m5->6  [0m[1;34m6->7  [0m[1;34m7->8  [0m[1;34m8->9  [0m[1;34m9->10  [0m[1;34m10->11  [0m[1;34m11->12  [0m[1;34m12->13  [0m[1;34m13->14  [0m[1;34m14->15  [0m[1;34m15->16  [0m[1;34m16->17  [0m[1;34m17->18  [0m[1;34m18->19  [0m[1;34m
[pthread wrapper] SKIP MASK: 0x0
[0m[1;34m	threadid 47300424845056 -> core 1 - OK[0m[1;34m
[0m[1;34m	threadid 47300426946304 -> core 2 - OK[0m[1;34m
[0m[1;34m	threadid 47300429047552 -> core 3 - OK[0m[1;34m
[0m[1;34m	threadid 47300431148800 -> core 4 - OK[0m[1;34m
[0m[1;34m	threadid 47300433250048 -> core 5 - OK[0m[1;34m
[0m[1;34m	threadid 47300435351296 -> core 6 - OK[0m[1;34m
[0m[1;34m	threadid 47300437452544 -> core 7 - OK[0m[1;34m
[0m[1;34m	threadid 47300439553792 -> core 8 - OK[0m[1;34m
[0m[1;34m	threadid 47300441655040 -> core 9 - OK[0m[1;34m
[0m[1;34m	threadid 47300443756288 -> core 10 - OK[0m[1;34m
[0m[1;34m	threadid 47300445857536 -> core 11 - OK[0m[1;34m
[0m[1;34m	threadid 47300447958784 -> core 12 - OK[0m[1;34m
[0m[1;34m	threadid 47300450060032 -> core 13 - OK[0m[1;34m
[0m[1;34m	threadid 47300452161280 -> core 14 - OK[0m[1;34m
[0m[1;34m	threadid 47300454262528 -> core 15 - OK[0m[1;34m
[0m[1;34m	threadid 47300456363776 -> core 16 - OK[0m[1;34m
[0m[1;34m	threadid 47300458465024 -> core 17 - OK[0m[1;34m
[0m[1;34m	threadid 47300460566272 -> core 18 - OK[0m[1;34m
[0m[1;34m	threadid 47300462667520 -> core 19 - OK[0m[1;34m
[0miterations: 120
Total iterations: 1074247680 LUP
FLOP: 89
Total work: 95608043520 FLOP
performance: 0.629715 GLUP/s
Performance in GFLOP/s: 56.044592
size: 9000000
time: 1.705928
[1;34m[pthread wrapper] 
[0m[1;34m[pthread wrapper] MAIN -> 0
[0m[1;34m[pthread wrapper] PIN_MASK: [0m[1;34m0->1  [0m[1;34m1->2  [0m[1;34m2->3  [0m[1;34m3->4  [0m[1;34m4->5  [0m[1;34m5->6  [0m[1;34m6->7  [0m[1;34m7->8  [0m[1;34m8->9  [0m[1;34m9->10  [0m[1;34m10->11  [0m[1;34m11->12  [0m[1;34m12->13  [0m[1;34m13->14  [0m[1;34m14->15  [0m[1;34m15->16  [0m[1;34m16->17  [0m[1;34m17->18  [0m[1;34m18->19  [0m[1;34m
[pthread wrapper] SKIP MASK: 0x0
[0m[1;34m	threadid 47865649788672 -> core 1 - OK[0m[1;34m
[0m[1;34m	threadid 47865651889920 -> core 2 - OK[0m[1;34m
[0m[1;34m	threadid 47865653991168 -> core 3 - OK[0m[1;34m
[0m[1;34m	threadid 47865656092416 -> core 4 - OK[0m[1;34m
[0m[1;34m	threadid 47865658193664 -> core 5 - OK[0m[1;34m
[0m[1;34m	threadid 47865660294912 -> core 6 - OK[0m[1;34m
[0m[1;34m	threadid 47865662396160 -> core 7 - OK[0m[1;34m
[0m[1;34m	threadid 47865664497408 -> core 8 - OK[0m[1;34m
[0m[1;34m	threadid 47865666598656 -> core 9 - OK[0m[1;34m
[0m[1;34m	threadid 47865668699904 -> core 10 - OK[0m[1;34m
[0m[1;34m	threadid 47865670801152 -> core 11 - OK[0m[1;34m
[0m[1;34m	threadid 47865672902400 -> core 12 - OK[0m[1;34m
[0m[1;34m	threadid 47865675003648 -> core 13 - OK[0m[1;34m
[0m[1;34m	threadid 47865677104896 -> core 14 - OK[0m[1;34m
[0m[1;34m	threadid 47865679206144 -> core 15 - OK[0m[1;34m
[0m[1;34m	threadid 47865681307392 -> core 16 - OK[0m[1;34m
[0m[1;34m	threadid 47865683408640 -> core 17 - OK[0m[1;34m
[0m[1;34m	threadid 47865685509888 -> core 18 - OK[0m[1;34m
[0m[1;34m	threadid 47865687611136 -> core 19 - OK[0m[1;34m
[0miterations: 120
Total iterations: 1074247680 LUP
FLOP: 89
Total work: 95608043520 FLOP
performance: 0.631697 GLUP/s
Performance in GFLOP/s: 56.221077
size: 9000000
time: 1.700573
[1;34m[pthread wrapper] 
[0m[1;34m[pthread wrapper] MAIN -> 0
[0m[1;34m[pthread wrapper] PIN_MASK: [0m[1;34m0->1  [0m[1;34m1->2  [0m[1;34m2->3  [0m[1;34m3->4  [0m[1;34m4->5  [0m[1;34m5->6  [0m[1;34m6->7  [0m[1;34m7->8  [0m[1;34m8->9  [0m[1;34m9->10  [0m[1;34m10->11  [0m[1;34m11->12  [0m[1;34m12->13  [0m[1;34m13->14  [0m[1;34m14->15  [0m[1;34m15->16  [0m[1;34m16->17  [0m[1;34m17->18  [0m[1;34m18->19  [0m[1;34m
[pthread wrapper] SKIP MASK: 0x0
[0m[1;34m	threadid 46973441607424 -> core 1 - OK[0m[1;34m
[0m[1;34m	threadid 46973443708672 -> core 2 - OK[0m[1;34m
[0m[1;34m	threadid 46973445809920 -> core 3 - OK[0m[1;34m
[0m[1;34m	threadid 46973447911168 -> core 4 - OK[0m[1;34m
[0m[1;34m	threadid 46973450012416 -> core 5 - OK[0m[1;34m
[0m[1;34m	threadid 46973452113664 -> core 6 - OK[0m[1;34m
[0m[1;34m	threadid 46973454214912 -> core 7 - OK[0m[1;34m
[0m[1;34m	threadid 46973456316160 -> core 8 - OK[0m[1;34m
[0m[1;34m	threadid 46973458417408 -> core 9 - OK[0m[1;34m
[0m[1;34m	threadid 46973460518656 -> core 10 - OK[0m[1;34m
[0m[1;34m	threadid 46973462619904 -> core 11 - OK[0m[1;34m
[0m[1;34m	threadid 46973464721152 -> core 12 - OK[0m[1;34m
[0m[1;34m	threadid 46973466822400 -> core 13 - OK[0m[1;34m
[0m[1;34m	threadid 46973468923648 -> core 14 - OK[0m[1;34m
[0m[1;34m	threadid 46973471024896 -> core 15 - OK[0m[1;34m
[0m[1;34m	threadid 46973473126144 -> core 16 - OK[0m[1;34m
[0m[1;34m	threadid 46973475227392 -> core 17 - OK[0m[1;34m
[0m[1;34m	threadid 46973477328640 -> core 18 - OK[0m[1;34m
[0m[1;34m	threadid 46973479429888 -> core 19 - OK[0m[1;34m
[0miterations: 120
Total iterations: 1074247680 LUP
FLOP: 89
Total work: 95608043520 FLOP
performance: 0.631500 GLUP/s
Performance in GFLOP/s: 56.203497
size: 9000000
time: 1.701105
[1;34m[pthread wrapper] 
[0m[1;34m[pthread wrapper] MAIN -> 0
[0m[1;34m[pthread wrapper] PIN_MASK: [0m[1;34m0->1  [0m[1;34m1->2  [0m[1;34m2->3  [0m[1;34m3->4  [0m[1;34m4->5  [0m[1;34m5->6  [0m[1;34m6->7  [0m[1;34m7->8  [0m[1;34m8->9  [0m[1;34m9->10  [0m[1;34m10->11  [0m[1;34m11->12  [0m[1;34m12->13  [0m[1;34m13->14  [0m[1;34m14->15  [0m[1;34m15->16  [0m[1;34m16->17  [0m[1;34m17->18  [0m[1;34m18->19  [0m[1;34m
[pthread wrapper] SKIP MASK: 0x0
[0m[1;34m	threadid 47965344114432 -> core 1 - OK[0m[1;34m
[0m[1;34m	threadid 47965346215680 -> core 2 - OK[0m[1;34m
[0m[1;34m	threadid 47965348316928 -> core 3 - OK[0m[1;34m
[0m[1;34m	threadid 47965350418176 -> core 4 - OK[0m[1;34m
[0m[1;34m	threadid 47965352519424 -> core 5 - OK[0m[1;34m
[0m[1;34m	threadid 47965354620672 -> core 6 - OK[0m[1;34m
[0m[1;34m	threadid 47965356721920 -> core 7 - OK[0m[1;34m
[0m[1;34m	threadid 47965358823168 -> core 8 - OK[0m[1;34m
[0m[1;34m	threadid 47965360924416 -> core 9 - OK[0m[1;34m
[0m[1;34m	threadid 47965363025664 -> core 10 - OK[0m[1;34m
[0m[1;34m	threadid 47965365126912 -> core 11 - OK[0m[1;34m
[0m[1;34m	threadid 47965367228160 -> core 12 - OK[0m[1;34m
[0m[1;34m	threadid 47965369329408 -> core 13 - OK[0m[1;34m
[0m[1;34m	threadid 47965371430656 -> core 14 - OK[0m[1;34m
[0m[1;34m	threadid 47965373531904 -> core 15 - OK[0m[1;34m
[0m[1;34m	threadid 47965375633152 -> core 16 - OK[0m[1;34m
[0m[1;34m	threadid 47965377734400 -> core 17 - OK[0m[1;34m
[0m[1;34m	threadid 47965379835648 -> core 18 - OK[0m[1;34m
[0m[1;34m	threadid 47965381936896 -> core 19 - OK[0m[1;34m
[0miterations: 120
Total iterations: 1074247680 LUP
FLOP: 89
Total work: 95608043520 FLOP
performance: 0.629838 GLUP/s
Performance in GFLOP/s: 56.055599
size: 9000000
time: 1.705593
[1;34m[pthread wrapper] 
[0m[1;34m[pthread wrapper] MAIN -> 0
[0m[1;34m[pthread wrapper] PIN_MASK: [0m[1;34m0->1  [0m[1;34m1->2  [0m[1;34m2->3  [0m[1;34m3->4  [0m[1;34m4->5  [0m[1;34m5->6  [0m[1;34m6->7  [0m[1;34m7->8  [0m[1;34m8->9  [0m[1;34m9->10  [0m[1;34m10->11  [0m[1;34m11->12  [0m[1;34m12->13  [0m[1;34m13->14  [0m[1;34m14->15  [0m[1;34m15->16  [0m[1;34m16->17  [0m[1;34m17->18  [0m[1;34m18->19  [0m[1;34m
[pthread wrapper] SKIP MASK: 0x0
[0m[1;34m	threadid 47237648082688 -> core 1 - OK[0m[1;34m
[0m[1;34m	threadid 47237650183936 -> core 2 - OK[0m[1;34m
[0m[1;34m	threadid 47237652285184 -> core 3 - OK[0m[1;34m
[0m[1;34m	threadid 47237654386432 -> core 4 - OK[0m[1;34m
[0m[1;34m	threadid 47237656487680 -> core 5 - OK[0m[1;34m
[0m[1;34m	threadid 47237658588928 -> core 6 - OK[0m[1;34m
[0m[1;34m	threadid 47237660690176 -> core 7 - OK[0m[1;34m
[0m[1;34m	threadid 47237662791424 -> core 8 - OK[0m[1;34m
[0m[1;34m	threadid 47237664892672 -> core 9 - OK[0m[1;34m
[0m[1;34m	threadid 47237666993920 -> core 10 - OK[0m[1;34m
[0m[1;34m	threadid 47237669095168 -> core 11 - OK[0m[1;34m
[0m[1;34m	threadid 47237671196416 -> core 12 - OK[0m[1;34m
[0m[1;34m	threadid 47237673297664 -> core 13 - OK[0m[1;34m
[0m[1;34m	threadid 47237675398912 -> core 14 - OK[0m[1;34m
[0m[1;34m	threadid 47237677500160 -> core 15 - OK[0m[1;34m
[0m[1;34m	threadid 47237679601408 -> core 16 - OK[0m[1;34m
[0m[1;34m	threadid 47237681702656 -> core 17 - OK[0m[1;34m
[0m[1;34m	threadid 47237683803904 -> core 18 - OK[0m[1;34m
[0m[1;34m	threadid 47237685905152 -> core 19 - OK[0m[1;34m
[0miterations: 120
Total iterations: 1074247680 LUP
FLOP: 89
Total work: 95608043520 FLOP
performance: 0.630382 GLUP/s
Performance in GFLOP/s: 56.103988
size: 9000000
time: 1.704122
[1;34m[pthread wrapper] 
[0m[1;34m[pthread wrapper] MAIN -> 0
[0m[1;34m[pthread wrapper] PIN_MASK: [0m[1;34m0->1  [0m[1;34m1->2  [0m[1;34m2->3  [0m[1;34m3->4  [0m[1;34m4->5  [0m[1;34m5->6  [0m[1;34m6->7  [0m[1;34m7->8  [0m[1;34m8->9  [0m[1;34m9->10  [0m[1;34m10->11  [0m[1;34m11->12  [0m[1;34m12->13  [0m[1;34m13->14  [0m[1;34m14->15  [0m[1;34m15->16  [0m[1;34m16->17  [0m[1;34m17->18  [0m[1;34m18->19  [0m[1;34m
[pthread wrapper] SKIP MASK: 0x0
[0m[1;34m	threadid 47214312507136 -> core 1 - OK[0m[1;34m
[0m[1;34m	threadid 47214314608384 -> core 2 - OK[0m[1;34m
[0m[1;34m	threadid 47214316709632 -> core 3 - OK[0m[1;34m
[0m[1;34m	threadid 47214318810880 -> core 4 - OK[0m[1;34m
[0m[1;34m	threadid 47214320912128 -> core 5 - OK[0m[1;34m
[0m[1;34m	threadid 47214323013376 -> core 6 - OK[0m[1;34m
[0m[1;34m	threadid 47214325114624 -> core 7 - OK[0m[1;34m
[0m[1;34m	threadid 47214327215872 -> core 8 - OK[0m[1;34m
[0m[1;34m	threadid 47214329317120 -> core 9 - OK[0m[1;34m
[0m[1;34m	threadid 47214331418368 -> core 10 - OK[0m[1;34m
[0m[1;34m	threadid 47214333519616 -> core 11 - OK[0m[1;34m
[0m[1;34m	threadid 47214335620864 -> core 12 - OK[0m[1;34m
[0m[1;34m	threadid 47214337722112 -> core 13 - OK[0m[1;34m
[0m[1;34m	threadid 47214339823360 -> core 14 - OK[0m[1;34m
[0m[1;34m	threadid 47214341924608 -> core 15 - OK[0m[1;34m
[0m[1;34m	threadid 47214344025856 -> core 16 - OK[0m[1;34m
[0m[1;34m	threadid 47214346127104 -> core 17 - OK[0m[1;34m
[0m[1;34m	threadid 47214348228352 -> core 18 - OK[0m[1;34m
[0m[1;34m	threadid 47214350329600 -> core 19 - OK[0m[1;34m
[0miterations: 120
Total iterations: 1074247680 LUP
FLOP: 89
Total work: 95608043520 FLOP
performance: 0.629836 GLUP/s
Performance in GFLOP/s: 56.055380
size: 9000000
time: 1.705600
[1;34m[pthread wrapper] 
[0m[1;34m[pthread wrapper] MAIN -> 0
[0m[1;34m[pthread wrapper] PIN_MASK: [0m[1;34m0->1  [0m[1;34m1->2  [0m[1;34m2->3  [0m[1;34m3->4  [0m[1;34m4->5  [0m[1;34m5->6  [0m[1;34m6->7  [0m[1;34m7->8  [0m[1;34m8->9  [0m[1;34m9->10  [0m[1;34m10->11  [0m[1;34m11->12  [0m[1;34m12->13  [0m[1;34m13->14  [0m[1;34m14->15  [0m[1;34m15->16  [0m[1;34m16->17  [0m[1;34m17->18  [0m[1;34m18->19  [0m[1;34m
[pthread wrapper] SKIP MASK: 0x0
[0m[1;34m	threadid 47351978219264 -> core 1 - OK[0m[1;34m
[0m[1;34m	threadid 47351980320512 -> core 2 - OK[0m[1;34m
[0m[1;34m	threadid 47351982421760 -> core 3 - OK[0m[1;34m
[0m[1;34m	threadid 47351984523008 -> core 4 - OK[0m[1;34m
[0m[1;34m	threadid 47351986624256 -> core 5 - OK[0m[1;34m
[0m[1;34m	threadid 47351988725504 -> core 6 - OK[0m[1;34m
[0m[1;34m	threadid 47351990826752 -> core 7 - OK[0m[1;34m
[0m[1;34m	threadid 47351992928000 -> core 8 - OK[0m[1;34m
[0m[1;34m	threadid 47351995029248 -> core 9 - OK[0m[1;34m
[0m[1;34m	threadid 47351997130496 -> core 10 - OK[0m[1;34m
[0m[1;34m	threadid 47351999231744 -> core 11 - OK[0m[1;34m
[0m[1;34m	threadid 47352001332992 -> core 12 - OK[0m[1;34m
[0m[1;34m	threadid 47352003434240 -> core 13 - OK[0m[1;34m
[0m[1;34m	threadid 47352005535488 -> core 14 - OK[0m[1;34m
[0m[1;34m	threadid 47352007636736 -> core 15 - OK[0m[1;34m
[0m[1;34m	threadid 47352009737984 -> core 16 - OK[0m[1;34m
[0m[1;34m	threadid 47352011839232 -> core 17 - OK[0m[1;34m
[0m[1;34m	threadid 47352013940480 -> core 18 - OK[0m[1;34m
[0m[1;34m	threadid 47352016041728 -> core 19 - OK[0m[1;34m
[0miterations: 120
Total iterations: 1074247680 LUP
FLOP: 89
Total work: 95608043520 FLOP
performance: 0.631163 GLUP/s
Performance in GFLOP/s: 56.173509
size: 9000000
time: 1.702013
[1;34m[pthread wrapper] 
[0m[1;34m[pthread wrapper] MAIN -> 0
[0m[1;34m[pthread wrapper] PIN_MASK: [0m[1;34m0->1  [0m[1;34m1->2  [0m[1;34m2->3  [0m[1;34m3->4  [0m[1;34m4->5  [0m[1;34m5->6  [0m[1;34m6->7  [0m[1;34m7->8  [0m[1;34m8->9  [0m[1;34m9->10  [0m[1;34m10->11  [0m[1;34m11->12  [0m[1;34m12->13  [0m[1;34m13->14  [0m[1;34m14->15  [0m[1;34m15->16  [0m[1;34m16->17  [0m[1;34m17->18  [0m[1;34m18->19  [0m[1;34m
[pthread wrapper] SKIP MASK: 0x0
[0m[1;34m	threadid 47967456556800 -> core 1 - OK[0m[1;34m
[0m[1;34m	threadid 47967458658048 -> core 2 - OK[0m[1;34m
[0m[1;34m	threadid 47967460759296 -> core 3 - OK[0m[1;34m
[0m[1;34m	threadid 47967462860544 -> core 4 - OK[0m[1;34m
[0m[1;34m	threadid 47967464961792 -> core 5 - OK[0m[1;34m
[0m[1;34m	threadid 47967467063040 -> core 6 - OK[0m[1;34m
[0m[1;34m	threadid 47967469164288 -> core 7 - OK[0m[1;34m
[0m[1;34m	threadid 47967471265536 -> core 8 - OK[0m[1;34m
[0m[1;34m	threadid 47967473366784 -> core 9 - OK[0m[1;34m
[0m[1;34m	threadid 47967475468032 -> core 10 - OK[0m[1;34m
[0m[1;34m	threadid 47967477569280 -> core 11 - OK[0m[1;34m
[0m[1;34m	threadid 47967479670528 -> core 12 - OK[0m[1;34m
[0m[1;34m	threadid 47967481771776 -> core 13 - OK[0m[1;34m
[0m[1;34m	threadid 47967483873024 -> core 14 - OK[0m[1;34m
[0m[1;34m	threadid 47967485974272 -> core 15 - OK[0m[1;34m
[0m[1;34m	threadid 47967488075520 -> core 16 - OK[0m[1;34m
[0m[1;34m	threadid 47967490176768 -> core 17 - OK[0m[1;34m
[0m[1;34m	threadid 47967492278016 -> core 18 - OK[0m[1;34m
[0m[1;34m	threadid 47967494379264 -> core 19 - OK[0m[1;34m
[0miterations: 120
Total iterations: 1074247680 LUP
FLOP: 89
Total work: 95608043520 FLOP
performance: 0.630389 GLUP/s
Performance in GFLOP/s: 56.104616
size: 9000000
time: 1.704103
[1;34m[pthread wrapper] 
[0m[1;34m[pthread wrapper] MAIN -> 0
[0m[1;34m[pthread wrapper] PIN_MASK: [0m[1;34m0->1  [0m[1;34m1->2  [0m[1;34m2->3  [0m[1;34m3->4  [0m[1;34m4->5  [0m[1;34m5->6  [0m[1;34m6->7  [0m[1;34m7->8  [0m[1;34m8->9  [0m[1;34m9->10  [0m[1;34m10->11  [0m[1;34m11->12  [0m[1;34m12->13  [0m[1;34m13->14  [0m[1;34m14->15  [0m[1;34m15->16  [0m[1;34m16->17  [0m[1;34m17->18  [0m[1;34m18->19  [0m[1;34m
[pthread wrapper] SKIP MASK: 0x0
[0m[1;34m	threadid 48005049419520 -> core 1 - OK[0m[1;34m
[0m[1;34m	threadid 48005051520768 -> core 2 - OK[0m[1;34m
[0m[1;34m	threadid 48005053622016 -> core 3 - OK[0m[1;34m
[0m[1;34m	threadid 48005055723264 -> core 4 - OK[0m[1;34m
[0m[1;34m	threadid 48005057824512 -> core 5 - OK[0m[1;34m
[0m[1;34m	threadid 48005059925760 -> core 6 - OK[0m[1;34m
[0m[1;34m	threadid 48005062027008 -> core 7 - OK[0m[1;34m
[0m[1;34m	threadid 48005064128256 -> core 8 - OK[0m[1;34m
[0m[1;34m	threadid 48005066229504 -> core 9 - OK[0m[1;34m
[0m[1;34m	threadid 48005068330752 -> core 10 - OK[0m[1;34m
[0m[1;34m	threadid 48005070432000 -> core 11 - OK[0m[1;34m
[0m[1;34m	threadid 48005072533248 -> core 12 - OK[0m[1;34m
[0m[1;34m	threadid 48005074634496 -> core 13 - OK[0m[1;34m
[0m[1;34m	threadid 48005076735744 -> core 14 - OK[0m[1;34m
[0m[1;34m	threadid 48005078836992 -> core 15 - OK[0m[1;34m
[0m[1;34m	threadid 48005080938240 -> core 16 - OK[0m[1;34m
[0m[1;34m	threadid 48005083039488 -> core 17 - OK[0m[1;34m
[0m[1;34m	threadid 48005085140736 -> core 18 - OK[0m[1;34m
[0m[1;34m	threadid 48005087241984 -> core 19 - OK[0m[1;34m
[0miterations: 120
Total iterations: 1074247680 LUP
FLOP: 89
Total work: 95608043520 FLOP
performance: 0.631194 GLUP/s
Performance in GFLOP/s: 56.176255
size: 9000000
time: 1.701930
