[1;34m[pthread wrapper] 
[0m[1;34m[pthread wrapper] MAIN -> 0
[0m[1;34m[pthread wrapper] PIN_MASK: [0m[1;34m0->1  [0m[1;34m1->2  [0m[1;34m2->3  [0m[1;34m3->4  [0m[1;34m4->5  [0m[1;34m5->6  [0m[1;34m6->7  [0m[1;34m
[pthread wrapper] SKIP MASK: 0x0
[0m[1;34m	threadid 47049284675328 -> core 1 - OK[0m[1;34m
[0m[1;34m	threadid 47049286776576 -> core 2 - OK[0m[1;34m
[0m[1;34m	threadid 47049288877824 -> core 3 - OK[0m[1;34m
[0m[1;34m	threadid 47049290979072 -> core 4 - OK[0m[1;34m
[0m[1;34m	threadid 47049293080320 -> core 5 - OK[0m[1;34m
[0m[1;34m	threadid 47049295181568 -> core 6 - OK[0m[1;34m
[0m[1;34m	threadid 47049297282816 -> core 7 - OK[0m[1;34m
[0miterations: 200
Total iterations: 48412800 LUP
FLOP: 89
Total work: 4308739200 FLOP
performance: 0.262636 GLUP/s
Performance in GFLOP/s: 23.374626
size: 250000
time: 0.184334
[1;34m[pthread wrapper] 
[0m[1;34m[pthread wrapper] MAIN -> 0
[0m[1;34m[pthread wrapper] PIN_MASK: [0m[1;34m0->1  [0m[1;34m1->2  [0m[1;34m2->3  [0m[1;34m3->4  [0m[1;34m4->5  [0m[1;34m5->6  [0m[1;34m6->7  [0m[1;34m
[pthread wrapper] SKIP MASK: 0x0
[0m[1;34m	threadid 47860747216640 -> core 1 - OK[0m[1;34m
[0m[1;34m	threadid 47860749317888 -> core 2 - OK[0m[1;34m
[0m[1;34m	threadid 47860751419136 -> core 3 - OK[0m[1;34m
[0m[1;34m	threadid 47860753520384 -> core 4 - OK[0m[1;34m
[0m[1;34m	threadid 47860755621632 -> core 5 - OK[0m[1;34m
[0m[1;34m	threadid 47860757722880 -> core 6 - OK[0m[1;34m
[0m[1;34m	threadid 47860759824128 -> core 7 - OK[0m[1;34m
[0miterations: 200
Total iterations: 48412800 LUP
FLOP: 89
Total work: 4308739200 FLOP
performance: 0.262555 GLUP/s
Performance in GFLOP/s: 23.367402
size: 250000
time: 0.184391
[1;34m[pthread wrapper] 
[0m[1;34m[pthread wrapper] MAIN -> 0
[0m[1;34m[pthread wrapper] PIN_MASK: [0m[1;34m0->1  [0m[1;34m1->2  [0m[1;34m2->3  [0m[1;34m3->4  [0m[1;34m4->5  [0m[1;34m5->6  [0m[1;34m6->7  [0m[1;34m
[pthread wrapper] SKIP MASK: 0x0
[0m[1;34m	threadid 47573679699712 -> core 1 - OK[0m[1;34m
[0m[1;34m	threadid 47573681800960 -> core 2 - OK[0m[1;34m
[0m[1;34m	threadid 47573683902208 -> core 3 - OK[0m[1;34m
[0m[1;34m	threadid 47573686003456 -> core 4 - OK[0m[1;34m
[0m[1;34m	threadid 47573688104704 -> core 5 - OK[0m[1;34m
[0m[1;34m	threadid 47573690205952 -> core 6 - OK[0m[1;34m
[0m[1;34m	threadid 47573692307200 -> core 7 - OK[0m[1;34m
[0miterations: 200
Total iterations: 48412800 LUP
FLOP: 89
Total work: 4308739200 FLOP
performance: 0.262772 GLUP/s
Performance in GFLOP/s: 23.386695
size: 250000
time: 0.184239
[1;34m[pthread wrapper] 
[0m[1;34m[pthread wrapper] MAIN -> 0
[0m[1;34m[pthread wrapper] PIN_MASK: [0m[1;34m0->1  [0m[1;34m1->2  [0m[1;34m2->3  [0m[1;34m3->4  [0m[1;34m4->5  [0m[1;34m5->6  [0m[1;34m6->7  [0m[1;34m
[pthread wrapper] SKIP MASK: 0x0
[0m[1;34m	threadid 47206050322176 -> core 1 - OK[0m[1;34m
[0m[1;34m	threadid 47206052423424 -> core 2 - OK[0m[1;34m
[0m[1;34m	threadid 47206054524672 -> core 3 - OK[0m[1;34m
[0m[1;34m	threadid 47206056625920 -> core 4 - OK[0m[1;34m
[0m[1;34m	threadid 47206058727168 -> core 5 - OK[0m[1;34m
[0m[1;34m	threadid 47206060828416 -> core 6 - OK[0m[1;34m
[0m[1;34m	threadid 47206062929664 -> core 7 - OK[0m[1;34m
[0miterations: 200
Total iterations: 48412800 LUP
FLOP: 89
Total work: 4308739200 FLOP
performance: 0.262474 GLUP/s
Performance in GFLOP/s: 23.360183
size: 250000
time: 0.184448
[1;34m[pthread wrapper] 
[0m[1;34m[pthread wrapper] MAIN -> 0
[0m[1;34m[pthread wrapper] PIN_MASK: [0m[1;34m0->1  [0m[1;34m1->2  [0m[1;34m2->3  [0m[1;34m3->4  [0m[1;34m4->5  [0m[1;34m5->6  [0m[1;34m6->7  [0m[1;34m
[pthread wrapper] SKIP MASK: 0x0
[0m[1;34m	threadid 47314997913344 -> core 1 - OK[0m[1;34m
[0m[1;34m	threadid 47315000014592 -> core 2 - OK[0m[1;34m
[0m[1;34m	threadid 47315002115840 -> core 3 - OK[0m[1;34m
[0m[1;34m	threadid 47315004217088 -> core 4 - OK[0m[1;34m
[0m[1;34m	threadid 47315006318336 -> core 5 - OK[0m[1;34m
[0m[1;34m	threadid 47315008419584 -> core 6 - OK[0m[1;34m
[0m[1;34m	threadid 47315010520832 -> core 7 - OK[0m[1;34m
[0miterations: 200
Total iterations: 48412800 LUP
FLOP: 89
Total work: 4308739200 FLOP
performance: 0.262820 GLUP/s
Performance in GFLOP/s: 23.390993
size: 250000
time: 0.184205
[1;34m[pthread wrapper] 
[0m[1;34m[pthread wrapper] MAIN -> 0
[0m[1;34m[pthread wrapper] PIN_MASK: [0m[1;34m0->1  [0m[1;34m1->2  [0m[1;34m2->3  [0m[1;34m3->4  [0m[1;34m4->5  [0m[1;34m5->6  [0m[1;34m6->7  [0m[1;34m
[pthread wrapper] SKIP MASK: 0x0
[0m[1;34m	threadid 46955199555328 -> core 1 - OK[0m[1;34m
[0m[1;34m	threadid 46955201656576 -> core 2 - OK[0m[1;34m
[0m[1;34m	threadid 46955203757824 -> core 3 - OK[0m[1;34m
[0m[1;34m	threadid 46955205859072 -> core 4 - OK[0m[1;34m
[0m[1;34m	threadid 46955207960320 -> core 5 - OK[0m[1;34m
[0m[1;34m	threadid 46955210061568 -> core 6 - OK[0m[1;34m
[0m[1;34m	threadid 46955212162816 -> core 7 - OK[0m[1;34m
[0miterations: 200
Total iterations: 48412800 LUP
FLOP: 89
Total work: 4308739200 FLOP
performance: 0.262837 GLUP/s
Performance in GFLOP/s: 23.392537
size: 250000
time: 0.184193
[1;34m[pthread wrapper] 
[0m[1;34m[pthread wrapper] MAIN -> 0
[0m[1;34m[pthread wrapper] PIN_MASK: [0m[1;34m0->1  [0m[1;34m1->2  [0m[1;34m2->3  [0m[1;34m3->4  [0m[1;34m4->5  [0m[1;34m5->6  [0m[1;34m6->7  [0m[1;34m
[pthread wrapper] SKIP MASK: 0x0
[0m[1;34m	threadid 47940516873984 -> core 1 - OK[0m[1;34m
[0m[1;34m	threadid 47940518975232 -> core 2 - OK[0m[1;34m
[0m[1;34m	threadid 47940521076480 -> core 3 - OK[0m[1;34m
[0m[1;34m	threadid 47940523177728 -> core 4 - OK[0m[1;34m
[0m[1;34m	threadid 47940525278976 -> core 5 - OK[0m[1;34m
[0m[1;34m	threadid 47940527380224 -> core 6 - OK[0m[1;34m
[0m[1;34m	threadid 47940529481472 -> core 7 - OK[0m[1;34m
[0miterations: 200
Total iterations: 48412800 LUP
FLOP: 89
Total work: 4308739200 FLOP
performance: 0.262433 GLUP/s
Performance in GFLOP/s: 23.356500
size: 250000
time: 0.184477
[1;34m[pthread wrapper] 
[0m[1;34m[pthread wrapper] MAIN -> 0
[0m[1;34m[pthread wrapper] PIN_MASK: [0m[1;34m0->1  [0m[1;34m1->2  [0m[1;34m2->3  [0m[1;34m3->4  [0m[1;34m4->5  [0m[1;34m5->6  [0m[1;34m6->7  [0m[1;34m
[pthread wrapper] SKIP MASK: 0x0
[0m[1;34m	threadid 47020164060928 -> core 1 - OK[0m[1;34m
[0m[1;34m	threadid 47020166162176 -> core 2 - OK[0m[1;34m
[0m[1;34m	threadid 47020168263424 -> core 3 - OK[0m[1;34m
[0m[1;34m	threadid 47020170364672 -> core 4 - OK[0m[1;34m
[0m[1;34m	threadid 47020172465920 -> core 5 - OK[0m[1;34m
[0m[1;34m	threadid 47020174567168 -> core 6 - OK[0m[1;34m
[0m[1;34m	threadid 47020176668416 -> core 7 - OK[0m[1;34m
[0miterations: 200
Total iterations: 48412800 LUP
FLOP: 89
Total work: 4308739200 FLOP
performance: 0.262766 GLUP/s
Performance in GFLOP/s: 23.386180
size: 250000
time: 0.184243
[1;34m[pthread wrapper] 
[0m[1;34m[pthread wrapper] MAIN -> 0
[0m[1;34m[pthread wrapper] PIN_MASK: [0m[1;34m0->1  [0m[1;34m1->2  [0m[1;34m2->3  [0m[1;34m3->4  [0m[1;34m4->5  [0m[1;34m5->6  [0m[1;34m6->7  [0m[1;34m
[pthread wrapper] SKIP MASK: 0x0
[0m[1;34m	threadid 47414089160448 -> core 1 - OK[0m[1;34m
[0m[1;34m	threadid 47414091261696 -> core 2 - OK[0m[1;34m
[0m[1;34m	threadid 47414093362944 -> core 3 - OK[0m[1;34m
[0m[1;34m	threadid 47414095464192 -> core 4 - OK[0m[1;34m
[0m[1;34m	threadid 47414097565440 -> core 5 - OK[0m[1;34m
[0m[1;34m	threadid 47414099666688 -> core 6 - OK[0m[1;34m
[0m[1;34m	threadid 47414101767936 -> core 7 - OK[0m[1;34m
[0miterations: 200
Total iterations: 48412800 LUP
FLOP: 89
Total work: 4308739200 FLOP
performance: 0.262779 GLUP/s
Performance in GFLOP/s: 23.387300
size: 250000
time: 0.184234
[1;34m[pthread wrapper] 
[0m[1;34m[pthread wrapper] MAIN -> 0
[0m[1;34m[pthread wrapper] PIN_MASK: [0m[1;34m0->1  [0m[1;34m1->2  [0m[1;34m2->3  [0m[1;34m3->4  [0m[1;34m4->5  [0m[1;34m5->6  [0m[1;34m6->7  [0m[1;34m
[pthread wrapper] SKIP MASK: 0x0
[0m[1;34m	threadid 47486201456384 -> core 1 - OK[0m[1;34m
[0m[1;34m	threadid 47486203557632 -> core 2 - OK[0m[1;34m
[0m[1;34m	threadid 47486205658880 -> core 3 - OK[0m[1;34m
[0m[1;34m	threadid 47486207760128 -> core 4 - OK[0m[1;34m
[0m[1;34m	threadid 47486209861376 -> core 5 - OK[0m[1;34m
[0m[1;34m	threadid 47486211962624 -> core 6 - OK[0m[1;34m
[0m[1;34m	threadid 47486214063872 -> core 7 - OK[0m[1;34m
[0miterations: 200
Total iterations: 48412800 LUP
FLOP: 89
Total work: 4308739200 FLOP
performance: 0.262692 GLUP/s
Performance in GFLOP/s: 23.379585
size: 250000
time: 0.184295
