iterations: 120
Total iterations: 1074247680 LUP
FLOP: 89
Total work: 95608043520 FLOP
performance: 0.067550 GLUP/s
Performance in GFLOP/s: 6.011945
size: 9000000
time: 15.903013
iterations: 120
Total iterations: 1074247680 LUP
FLOP: 89
Total work: 95608043520 FLOP
performance: 0.067615 GLUP/s
Performance in GFLOP/s: 6.017771
size: 9000000
time: 15.887617
iterations: 120
Total iterations: 1074247680 LUP
FLOP: 89
Total work: 95608043520 FLOP
performance: 0.067565 GLUP/s
Performance in GFLOP/s: 6.013299
size: 9000000
time: 15.899434
iterations: 120
Total iterations: 1074247680 LUP
FLOP: 89
Total work: 95608043520 FLOP
performance: 0.067572 GLUP/s
Performance in GFLOP/s: 6.013920
size: 9000000
time: 15.897790
iterations: 120
Total iterations: 1074247680 LUP
FLOP: 89
Total work: 95608043520 FLOP
performance: 0.067607 GLUP/s
Performance in GFLOP/s: 6.017048
size: 9000000
time: 15.889527
iterations: 120
Total iterations: 1074247680 LUP
FLOP: 89
Total work: 95608043520 FLOP
performance: 0.067560 GLUP/s
Performance in GFLOP/s: 6.012836
size: 9000000
time: 15.900658
iterations: 120
Total iterations: 1074247680 LUP
FLOP: 89
Total work: 95608043520 FLOP
performance: 0.067596 GLUP/s
Performance in GFLOP/s: 6.016064
size: 9000000
time: 15.892126
iterations: 120
Total iterations: 1074247680 LUP
FLOP: 89
Total work: 95608043520 FLOP
performance: 0.067557 GLUP/s
Performance in GFLOP/s: 6.012544
size: 9000000
time: 15.901430
iterations: 120
Total iterations: 1074247680 LUP
FLOP: 89
Total work: 95608043520 FLOP
performance: 0.067596 GLUP/s
Performance in GFLOP/s: 6.016029
size: 9000000
time: 15.892217
iterations: 120
Total iterations: 1074247680 LUP
FLOP: 89
Total work: 95608043520 FLOP
performance: 0.067534 GLUP/s
Performance in GFLOP/s: 6.010517
size: 9000000
time: 15.906792
