[1;34m[pthread wrapper] 
[0m[1;34m[pthread wrapper] MAIN -> 0
[0m[1;34m[pthread wrapper] PIN_MASK: [0m[1;34m0->1  [0m[1;34m1->2  [0m[1;34m2->3  [0m[1;34m3->4  [0m[1;34m4->5  [0m[1;34m5->6  [0m[1;34m6->7  [0m[1;34m7->8  [0m[1;34m8->9  [0m[1;34m
[pthread wrapper] SKIP MASK: 0x0
[0m[1;34m	threadid 47440682542848 -> core 1 - OK[0m[1;34m
[0m[1;34m	threadid 47440684644096 -> core 2 - OK[0m[1;34m
[0m[1;34m	threadid 47440686745344 -> core 3 - OK[0m[1;34m
[0m[1;34m	threadid 47440688846592 -> core 4 - OK[0m[1;34m
[0m[1;34m	threadid 47440690947840 -> core 5 - OK[0m[1;34m
[0m[1;34m	threadid 47440693049088 -> core 6 - OK[0m[1;34m
[0m[1;34m	threadid 47440695150336 -> core 7 - OK[0m[1;34m
[0m[1;34m	threadid 47440697251584 -> core 8 - OK[0m[1;34m
[0m[1;34m	threadid 47440699352832 -> core 9 - OK[0m[1;34m
[0miterations: 120
Total iterations: 1074247680 LUP
FLOP: 89
Total work: 95608043520 FLOP
performance: 0.334634 GLUP/s
Performance in GFLOP/s: 29.782415
size: 9000000
time: 3.210218
[1;34m[pthread wrapper] 
[0m[1;34m[pthread wrapper] MAIN -> 0
[0m[1;34m[pthread wrapper] PIN_MASK: [0m[1;34m0->1  [0m[1;34m1->2  [0m[1;34m2->3  [0m[1;34m3->4  [0m[1;34m4->5  [0m[1;34m5->6  [0m[1;34m6->7  [0m[1;34m7->8  [0m[1;34m8->9  [0m[1;34m
[pthread wrapper] SKIP MASK: 0x0
[0m[1;34m	threadid 47440597526272 -> core 1 - OK[0m[1;34m
[0m[1;34m	threadid 47440599627520 -> core 2 - OK[0m[1;34m
[0m[1;34m	threadid 47440601728768 -> core 3 - OK[0m[1;34m
[0m[1;34m	threadid 47440603830016 -> core 4 - OK[0m[1;34m
[0m[1;34m	threadid 47440605931264 -> core 5 - OK[0m[1;34m
[0m[1;34m	threadid 47440608032512 -> core 6 - OK[0m[1;34m
[0m[1;34m	threadid 47440610133760 -> core 7 - OK[0m[1;34m
[0m[1;34m	threadid 47440612235008 -> core 8 - OK[0m[1;34m
[0m[1;34m	threadid 47440614336256 -> core 9 - OK[0m[1;34m
[0miterations: 120
Total iterations: 1074247680 LUP
FLOP: 89
Total work: 95608043520 FLOP
performance: 0.335385 GLUP/s
Performance in GFLOP/s: 29.849234
size: 9000000
time: 3.203032
[1;34m[pthread wrapper] 
[0m[1;34m[pthread wrapper] MAIN -> 0
[0m[1;34m[pthread wrapper] PIN_MASK: [0m[1;34m0->1  [0m[1;34m1->2  [0m[1;34m2->3  [0m[1;34m3->4  [0m[1;34m4->5  [0m[1;34m5->6  [0m[1;34m6->7  [0m[1;34m7->8  [0m[1;34m8->9  [0m[1;34m
[pthread wrapper] SKIP MASK: 0x0
[0m[1;34m	threadid 47103746139904 -> core 1 - OK[0m[1;34m
[0m[1;34m	threadid 47103748241152 -> core 2 - OK[0m[1;34m
[0m[1;34m	threadid 47103750342400 -> core 3 - OK[0m[1;34m
[0m[1;34m	threadid 47103752443648 -> core 4 - OK[0m[1;34m
[0m[1;34m	threadid 47103754544896 -> core 5 - OK[0m[1;34m
[0m[1;34m	threadid 47103756646144 -> core 6 - OK[0m[1;34m
[0m[1;34m	threadid 47103758747392 -> core 7 - OK[0m[1;34m
[0m[1;34m	threadid 47103760848640 -> core 8 - OK[0m[1;34m
[0m[1;34m	threadid 47103762949888 -> core 9 - OK[0m[1;34m
[0miterations: 120
Total iterations: 1074247680 LUP
FLOP: 89
Total work: 95608043520 FLOP
performance: 0.335282 GLUP/s
Performance in GFLOP/s: 29.840073
size: 9000000
time: 3.204015
[1;34m[pthread wrapper] 
[0m[1;34m[pthread wrapper] MAIN -> 0
[0m[1;34m[pthread wrapper] PIN_MASK: [0m[1;34m0->1  [0m[1;34m1->2  [0m[1;34m2->3  [0m[1;34m3->4  [0m[1;34m4->5  [0m[1;34m5->6  [0m[1;34m6->7  [0m[1;34m7->8  [0m[1;34m8->9  [0m[1;34m
[pthread wrapper] SKIP MASK: 0x0
[0m[1;34m	threadid 47900434724608 -> core 1 - OK[0m[1;34m
[0m[1;34m	threadid 47900436825856 -> core 2 - OK[0m[1;34m
[0m[1;34m	threadid 47900438927104 -> core 3 - OK[0m[1;34m
[0m[1;34m	threadid 47900441028352 -> core 4 - OK[0m[1;34m
[0m[1;34m	threadid 47900443129600 -> core 5 - OK[0m[1;34m
[0m[1;34m	threadid 47900445230848 -> core 6 - OK[0m[1;34m
[0m[1;34m	threadid 47900447332096 -> core 7 - OK[0m[1;34m
[0m[1;34m	threadid 47900449433344 -> core 8 - OK[0m[1;34m
[0m[1;34m	threadid 47900451534592 -> core 9 - OK[0m[1;34m
[0miterations: 120
Total iterations: 1074247680 LUP
FLOP: 89
Total work: 95608043520 FLOP
performance: 0.333945 GLUP/s
Performance in GFLOP/s: 29.721077
size: 9000000
time: 3.216843
[1;34m[pthread wrapper] 
[0m[1;34m[pthread wrapper] MAIN -> 0
[0m[1;34m[pthread wrapper] PIN_MASK: [0m[1;34m0->1  [0m[1;34m1->2  [0m[1;34m2->3  [0m[1;34m3->4  [0m[1;34m4->5  [0m[1;34m5->6  [0m[1;34m6->7  [0m[1;34m7->8  [0m[1;34m8->9  [0m[1;34m
[pthread wrapper] SKIP MASK: 0x0
[0m[1;34m	threadid 47805002802944 -> core 1 - OK[0m[1;34m
[0m[1;34m	threadid 47805004904192 -> core 2 - OK[0m[1;34m
[0m[1;34m	threadid 47805007005440 -> core 3 - OK[0m[1;34m
[0m[1;34m	threadid 47805009106688 -> core 4 - OK[0m[1;34m
[0m[1;34m	threadid 47805011207936 -> core 5 - OK[0m[1;34m
[0m[1;34m	threadid 47805013309184 -> core 6 - OK[0m[1;34m
[0m[1;34m	threadid 47805015410432 -> core 7 - OK[0m[1;34m
[0m[1;34m	threadid 47805017511680 -> core 8 - OK[0m[1;34m
[0m[1;34m	threadid 47805019612928 -> core 9 - OK[0m[1;34m
[0miterations: 120
Total iterations: 1074247680 LUP
FLOP: 89
Total work: 95608043520 FLOP
performance: 0.335309 GLUP/s
Performance in GFLOP/s: 29.842532
size: 9000000
time: 3.203751
[1;34m[pthread wrapper] 
[0m[1;34m[pthread wrapper] MAIN -> 0
[0m[1;34m[pthread wrapper] PIN_MASK: [0m[1;34m0->1  [0m[1;34m1->2  [0m[1;34m2->3  [0m[1;34m3->4  [0m[1;34m4->5  [0m[1;34m5->6  [0m[1;34m6->7  [0m[1;34m7->8  [0m[1;34m8->9  [0m[1;34m
[pthread wrapper] SKIP MASK: 0x0
[0m[1;34m	threadid 47031951456000 -> core 1 - OK[0m[1;34m
[0m[1;34m	threadid 47031953557248 -> core 2 - OK[0m[1;34m
[0m[1;34m	threadid 47031955658496 -> core 3 - OK[0m[1;34m
[0m[1;34m	threadid 47031957759744 -> core 4 - OK[0m[1;34m
[0m[1;34m	threadid 47031959860992 -> core 5 - OK[0m[1;34m
[0m[1;34m	threadid 47031961962240 -> core 6 - OK[0m[1;34m
[0m[1;34m	threadid 47031964063488 -> core 7 - OK[0m[1;34m
[0m[1;34m	threadid 47031966164736 -> core 8 - OK[0m[1;34m
[0m[1;34m	threadid 47031968265984 -> core 9 - OK[0m[1;34m
[0miterations: 120
Total iterations: 1074247680 LUP
FLOP: 89
Total work: 95608043520 FLOP
performance: 0.334025 GLUP/s
Performance in GFLOP/s: 29.728212
size: 9000000
time: 3.216071
[1;34m[pthread wrapper] 
[0m[1;34m[pthread wrapper] MAIN -> 0
[0m[1;34m[pthread wrapper] PIN_MASK: [0m[1;34m0->1  [0m[1;34m1->2  [0m[1;34m2->3  [0m[1;34m3->4  [0m[1;34m4->5  [0m[1;34m5->6  [0m[1;34m6->7  [0m[1;34m7->8  [0m[1;34m8->9  [0m[1;34m
[pthread wrapper] SKIP MASK: 0x0
[0m[1;34m	threadid 47111352473344 -> core 1 - OK[0m[1;34m
[0m[1;34m	threadid 47111354574592 -> core 2 - OK[0m[1;34m
[0m[1;34m	threadid 47111356675840 -> core 3 - OK[0m[1;34m
[0m[1;34m	threadid 47111358777088 -> core 4 - OK[0m[1;34m
[0m[1;34m	threadid 47111360878336 -> core 5 - OK[0m[1;34m
[0m[1;34m	threadid 47111362979584 -> core 6 - OK[0m[1;34m
[0m[1;34m	threadid 47111365080832 -> core 7 - OK[0m[1;34m
[0m[1;34m	threadid 47111367182080 -> core 8 - OK[0m[1;34m
[0m[1;34m	threadid 47111369283328 -> core 9 - OK[0m[1;34m
[0miterations: 120
Total iterations: 1074247680 LUP
FLOP: 89
Total work: 95608043520 FLOP
performance: 0.335205 GLUP/s
Performance in GFLOP/s: 29.833229
size: 9000000
time: 3.204750
[1;34m[pthread wrapper] 
[0m[1;34m[pthread wrapper] MAIN -> 0
[0m[1;34m[pthread wrapper] PIN_MASK: [0m[1;34m0->1  [0m[1;34m1->2  [0m[1;34m2->3  [0m[1;34m3->4  [0m[1;34m4->5  [0m[1;34m5->6  [0m[1;34m6->7  [0m[1;34m7->8  [0m[1;34m8->9  [0m[1;34m
[pthread wrapper] SKIP MASK: 0x0
[0m[1;34m	threadid 47239437420288 -> core 1 - OK[0m[1;34m
[0m[1;34m	threadid 47239439521536 -> core 2 - OK[0m[1;34m
[0m[1;34m	threadid 47239441622784 -> core 3 - OK[0m[1;34m
[0m[1;34m	threadid 47239443724032 -> core 4 - OK[0m[1;34m
[0m[1;34m	threadid 47239445825280 -> core 5 - OK[0m[1;34m
[0m[1;34m	threadid 47239447926528 -> core 6 - OK[0m[1;34m
[0m[1;34m	threadid 47239450027776 -> core 7 - OK[0m[1;34m
[0m[1;34m	threadid 47239452129024 -> core 8 - OK[0m[1;34m
[0m[1;34m	threadid 47239454230272 -> core 9 - OK[0m[1;34m
[0miterations: 120
Total iterations: 1074247680 LUP
FLOP: 89
Total work: 95608043520 FLOP
performance: 0.333927 GLUP/s
Performance in GFLOP/s: 29.719547
size: 9000000
time: 3.217009
[1;34m[pthread wrapper] 
[0m[1;34m[pthread wrapper] MAIN -> 0
[0m[1;34m[pthread wrapper] PIN_MASK: [0m[1;34m0->1  [0m[1;34m1->2  [0m[1;34m2->3  [0m[1;34m3->4  [0m[1;34m4->5  [0m[1;34m5->6  [0m[1;34m6->7  [0m[1;34m7->8  [0m[1;34m8->9  [0m[1;34m
[pthread wrapper] SKIP MASK: 0x0
[0m[1;34m	threadid 47226532161280 -> core 1 - OK[0m[1;34m
[0m[1;34m	threadid 47226534262528 -> core 2 - OK[0m[1;34m
[0m[1;34m	threadid 47226536363776 -> core 3 - OK[0m[1;34m
[0m[1;34m	threadid 47226538465024 -> core 4 - OK[0m[1;34m
[0m[1;34m	threadid 47226540566272 -> core 5 - OK[0m[1;34m
[0m[1;34m	threadid 47226542667520 -> core 6 - OK[0m[1;34m
[0m[1;34m	threadid 47226544768768 -> core 7 - OK[0m[1;34m
[0m[1;34m	threadid 47226546870016 -> core 8 - OK[0m[1;34m
[0m[1;34m	threadid 47226548971264 -> core 9 - OK[0m[1;34m
[0miterations: 120
Total iterations: 1074247680 LUP
FLOP: 89
Total work: 95608043520 FLOP
performance: 0.335329 GLUP/s
Performance in GFLOP/s: 29.844313
size: 9000000
time: 3.203560
[1;34m[pthread wrapper] 
[0m[1;34m[pthread wrapper] MAIN -> 0
[0m[1;34m[pthread wrapper] PIN_MASK: [0m[1;34m0->1  [0m[1;34m1->2  [0m[1;34m2->3  [0m[1;34m3->4  [0m[1;34m4->5  [0m[1;34m5->6  [0m[1;34m6->7  [0m[1;34m7->8  [0m[1;34m8->9  [0m[1;34m
[pthread wrapper] SKIP MASK: 0x0
[0m[1;34m	threadid 47822957729536 -> core 1 - OK[0m[1;34m
[0m[1;34m	threadid 47822959830784 -> core 2 - OK[0m[1;34m
[0m[1;34m	threadid 47822961932032 -> core 3 - OK[0m[1;34m
[0m[1;34m	threadid 47822964033280 -> core 4 - OK[0m[1;34m
[0m[1;34m	threadid 47822966134528 -> core 5 - OK[0m[1;34m
[0m[1;34m	threadid 47822968235776 -> core 6 - OK[0m[1;34m
[0m[1;34m	threadid 47822970337024 -> core 7 - OK[0m[1;34m
[0m[1;34m	threadid 47822972438272 -> core 8 - OK[0m[1;34m
[0m[1;34m	threadid 47822974539520 -> core 9 - OK[0m[1;34m
[0miterations: 120
Total iterations: 1074247680 LUP
FLOP: 89
Total work: 95608043520 FLOP
performance: 0.333323 GLUP/s
Performance in GFLOP/s: 29.665710
size: 9000000
time: 3.222847
