iterations: 200
Total iterations: 48412800 LUP
FLOP: 89
Total work: 4308739200 FLOP
performance: 0.034215 GLUP/s
Performance in GFLOP/s: 3.045162
size: 250000
time: 1.414946
[1;34m[likwid-pin] Main PID -> core 0 - OK[0m
iterations: 200
Total iterations: 48412800 LUP
FLOP: 89
Total work: 4308739200 FLOP
performance: 0.034230 GLUP/s
Performance in GFLOP/s: 3.046480
size: 250000
time: 1.414334
[1;34m[likwid-pin] Main PID -> core 0 - OK[0m
iterations: 200
Total iterations: 48412800 LUP
FLOP: 89
Total work: 4308739200 FLOP
performance: 0.034219 GLUP/s
Performance in GFLOP/s: 3.045469
size: 250000
time: 1.414803
[1;34m[likwid-pin] Main PID -> core 0 - OK[0m
iterations: 200
Total iterations: 48412800 LUP
FLOP: 89
Total work: 4308739200 FLOP
performance: 0.034230 GLUP/s
Performance in GFLOP/s: 3.046434
size: 250000
time: 1.414355
[1;34m[likwid-pin] Main PID -> core 0 - OK[0m
iterations: 200
Total iterations: 48412800 LUP
FLOP: 89
Total work: 4308739200 FLOP
performance: 0.034225 GLUP/s
Performance in GFLOP/s: 3.046023
size: 250000
time: 1.414546
[1;34m[likwid-pin] Main PID -> core 0 - OK[0m
iterations: 200
Total iterations: 48412800 LUP
FLOP: 89
Total work: 4308739200 FLOP
performance: 0.034226 GLUP/s
Performance in GFLOP/s: 3.046074
size: 250000
time: 1.414522
[1;34m[likwid-pin] Main PID -> core 0 - OK[0m
iterations: 200
Total iterations: 48412800 LUP
FLOP: 89
Total work: 4308739200 FLOP
performance: 0.034226 GLUP/s
Performance in GFLOP/s: 3.046079
size: 250000
time: 1.414520
[1;34m[likwid-pin] Main PID -> core 0 - OK[0m
iterations: 200
Total iterations: 48412800 LUP
FLOP: 89
Total work: 4308739200 FLOP
performance: 0.034222 GLUP/s
Performance in GFLOP/s: 3.045719
size: 250000
time: 1.414687
[1;34m[likwid-pin] Main PID -> core 0 - OK[0m
iterations: 200
Total iterations: 48412800 LUP
FLOP: 89
Total work: 4308739200 FLOP
performance: 0.034223 GLUP/s
Performance in GFLOP/s: 3.045838
size: 250000
time: 1.414632
[1;34m[likwid-pin] Main PID -> core 0 - OK[0m
iterations: 200
Total iterations: 48412800 LUP
FLOP: 89
Total work: 4308739200 FLOP
performance: 0.034226 GLUP/s
Performance in GFLOP/s: 3.046111
size: 250000
time: 1.414505
[1;34m[likwid-pin] Main PID -> core 0 - OK[0m
