iterations: 200
Total iterations: 48412800 LUP
FLOP: 89
Total work: 4308739200 FLOP
performance: 0.034236 GLUP/s
Performance in GFLOP/s: 3.047014
size: 250000
time: 1.414086
iterations: 200
Total iterations: 48412800 LUP
FLOP: 89
Total work: 4308739200 FLOP
performance: 0.034233 GLUP/s
Performance in GFLOP/s: 3.046766
size: 250000
time: 1.414201
iterations: 200
Total iterations: 48412800 LUP
FLOP: 89
Total work: 4308739200 FLOP
performance: 0.034235 GLUP/s
Performance in GFLOP/s: 3.046899
size: 250000
time: 1.414139
iterations: 200
Total iterations: 48412800 LUP
FLOP: 89
Total work: 4308739200 FLOP
performance: 0.034232 GLUP/s
Performance in GFLOP/s: 3.046682
size: 250000
time: 1.414240
iterations: 200
Total iterations: 48412800 LUP
FLOP: 89
Total work: 4308739200 FLOP
performance: 0.034235 GLUP/s
Performance in GFLOP/s: 3.046878
size: 250000
time: 1.414149
iterations: 200
Total iterations: 48412800 LUP
FLOP: 89
Total work: 4308739200 FLOP
performance: 0.034233 GLUP/s
Performance in GFLOP/s: 3.046718
size: 250000
time: 1.414223
iterations: 200
Total iterations: 48412800 LUP
FLOP: 89
Total work: 4308739200 FLOP
performance: 0.034236 GLUP/s
Performance in GFLOP/s: 3.047037
size: 250000
time: 1.414075
iterations: 200
Total iterations: 48412800 LUP
FLOP: 89
Total work: 4308739200 FLOP
performance: 0.034236 GLUP/s
Performance in GFLOP/s: 3.046960
size: 250000
time: 1.414111
iterations: 200
Total iterations: 48412800 LUP
FLOP: 89
Total work: 4308739200 FLOP
performance: 0.034234 GLUP/s
Performance in GFLOP/s: 3.046849
size: 250000
time: 1.414162
iterations: 200
Total iterations: 48412800 LUP
FLOP: 89
Total work: 4308739200 FLOP
performance: 0.034235 GLUP/s
Performance in GFLOP/s: 3.046904
size: 250000
time: 1.414137
