iterations: 200
Total iterations: 48412800 LUP
FLOP: 89
Total work: 4308739200 FLOP
performance: 0.265136 GLUP/s
Performance in GFLOP/s: 23.597121
size: 250000
time: 0.182596
iterations: 200
Total iterations: 48412800 LUP
FLOP: 89
Total work: 4308739200 FLOP
performance: 0.265204 GLUP/s
Performance in GFLOP/s: 23.603193
size: 250000
time: 0.182549
iterations: 200
Total iterations: 48412800 LUP
FLOP: 89
Total work: 4308739200 FLOP
performance: 0.265173 GLUP/s
Performance in GFLOP/s: 23.600357
size: 250000
time: 0.182571
iterations: 200
Total iterations: 48412800 LUP
FLOP: 89
Total work: 4308739200 FLOP
performance: 0.265174 GLUP/s
Performance in GFLOP/s: 23.600480
size: 250000
time: 0.182570
iterations: 200
Total iterations: 48412800 LUP
FLOP: 89
Total work: 4308739200 FLOP
performance: 0.265199 GLUP/s
Performance in GFLOP/s: 23.602699
size: 250000
time: 0.182553
iterations: 200
Total iterations: 48412800 LUP
FLOP: 89
Total work: 4308739200 FLOP
performance: 0.265071 GLUP/s
Performance in GFLOP/s: 23.591299
size: 250000
time: 0.182641
iterations: 200
Total iterations: 48412800 LUP
FLOP: 89
Total work: 4308739200 FLOP
performance: 0.265090 GLUP/s
Performance in GFLOP/s: 23.592993
size: 250000
time: 0.182628
iterations: 200
Total iterations: 48412800 LUP
FLOP: 89
Total work: 4308739200 FLOP
performance: 0.265222 GLUP/s
Performance in GFLOP/s: 23.604734
size: 250000
time: 0.182537
iterations: 200
Total iterations: 48412800 LUP
FLOP: 89
Total work: 4308739200 FLOP
performance: 0.265180 GLUP/s
Performance in GFLOP/s: 23.601004
size: 250000
time: 0.182566
iterations: 200
Total iterations: 48412800 LUP
FLOP: 89
Total work: 4308739200 FLOP
performance: 0.265210 GLUP/s
Performance in GFLOP/s: 23.603717
size: 250000
time: 0.182545
