iterations: 120
Total iterations: 29047680 LUP
FLOP: 89
Total work: 2585243520 FLOP
performance: 0.519126 GLUP/s
Performance in GFLOP/s: 46.202245
size: 250000
time: 0.055955
iterations: 120
Total iterations: 29047680 LUP
FLOP: 89
Total work: 2585243520 FLOP
performance: 0.424214 GLUP/s
Performance in GFLOP/s: 37.755082
size: 250000
time: 0.068474
iterations: 120
Total iterations: 29047680 LUP
FLOP: 89
Total work: 2585243520 FLOP
performance: 0.421170 GLUP/s
Performance in GFLOP/s: 37.484132
size: 250000
time: 0.068969
iterations: 120
Total iterations: 29047680 LUP
FLOP: 89
Total work: 2585243520 FLOP
performance: 0.420895 GLUP/s
Performance in GFLOP/s: 37.459658
size: 250000
time: 0.069014
iterations: 120
Total iterations: 29047680 LUP
FLOP: 89
Total work: 2585243520 FLOP
performance: 0.421128 GLUP/s
Performance in GFLOP/s: 37.480375
size: 250000
time: 0.068976
iterations: 120
Total iterations: 29047680 LUP
FLOP: 89
Total work: 2585243520 FLOP
performance: 0.421029 GLUP/s
Performance in GFLOP/s: 37.471567
size: 250000
time: 0.068992
iterations: 120
Total iterations: 29047680 LUP
FLOP: 89
Total work: 2585243520 FLOP
performance: 0.421145 GLUP/s
Performance in GFLOP/s: 37.481929
size: 250000
time: 0.068973
iterations: 120
Total iterations: 29047680 LUP
FLOP: 89
Total work: 2585243520 FLOP
performance: 0.421004 GLUP/s
Performance in GFLOP/s: 37.469366
size: 250000
time: 0.068996
iterations: 120
Total iterations: 29047680 LUP
FLOP: 89
Total work: 2585243520 FLOP
performance: 0.434346 GLUP/s
Performance in GFLOP/s: 38.656756
size: 250000
time: 0.066877
iterations: 120
Total iterations: 29047680 LUP
FLOP: 89
Total work: 2585243520 FLOP
performance: 0.431500 GLUP/s
Performance in GFLOP/s: 38.403472
size: 250000
time: 0.067318
