iterations: 200
Total iterations: 48412800 LUP
FLOP: 89
Total work: 4308739200 FLOP
performance: 0.034219 GLUP/s
Performance in GFLOP/s: 3.045521
size: 250000
time: 1.414779
[1;34m[likwid-pin] Main PID -> core 0 - OK[0m
iterations: 200
Total iterations: 48412800 LUP
FLOP: 89
Total work: 4308739200 FLOP
performance: 0.034167 GLUP/s
Performance in GFLOP/s: 3.040833
size: 250000
time: 1.416960
[1;34m[likwid-pin] Main PID -> core 0 - OK[0m
iterations: 200
Total iterations: 48412800 LUP
FLOP: 89
Total work: 4308739200 FLOP
performance: 0.034224 GLUP/s
Performance in GFLOP/s: 3.045956
size: 250000
time: 1.414577
[1;34m[likwid-pin] Main PID -> core 0 - OK[0m
iterations: 200
Total iterations: 48412800 LUP
FLOP: 89
Total work: 4308739200 FLOP
performance: 0.034221 GLUP/s
Performance in GFLOP/s: 3.045713
size: 250000
time: 1.414690
[1;34m[likwid-pin] Main PID -> core 0 - OK[0m
iterations: 200
Total iterations: 48412800 LUP
FLOP: 89
Total work: 4308739200 FLOP
performance: 0.034219 GLUP/s
Performance in GFLOP/s: 3.045474
size: 250000
time: 1.414801
[1;34m[likwid-pin] Main PID -> core 0 - OK[0m
iterations: 200
Total iterations: 48412800 LUP
FLOP: 89
Total work: 4308739200 FLOP
performance: 0.034229 GLUP/s
Performance in GFLOP/s: 3.046404
size: 250000
time: 1.414369
[1;34m[likwid-pin] Main PID -> core 0 - OK[0m
iterations: 200
Total iterations: 48412800 LUP
FLOP: 89
Total work: 4308739200 FLOP
performance: 0.034219 GLUP/s
Performance in GFLOP/s: 3.045478
size: 250000
time: 1.414799
[1;34m[likwid-pin] Main PID -> core 0 - OK[0m
iterations: 200
Total iterations: 48412800 LUP
FLOP: 89
Total work: 4308739200 FLOP
performance: 0.034226 GLUP/s
Performance in GFLOP/s: 3.046102
size: 250000
time: 1.414509
[1;34m[likwid-pin] Main PID -> core 0 - OK[0m
iterations: 200
Total iterations: 48412800 LUP
FLOP: 89
Total work: 4308739200 FLOP
performance: 0.034226 GLUP/s
Performance in GFLOP/s: 3.046143
size: 250000
time: 1.414490
[1;34m[likwid-pin] Main PID -> core 0 - OK[0m
iterations: 200
Total iterations: 48412800 LUP
FLOP: 89
Total work: 4308739200 FLOP
performance: 0.034222 GLUP/s
Performance in GFLOP/s: 3.045728
size: 250000
time: 1.414683
[1;34m[likwid-pin] Main PID -> core 0 - OK[0m
