[1;34m[pthread wrapper] 
[0m[1;34m[pthread wrapper] MAIN -> 0
[0m[1;34m[pthread wrapper] PIN_MASK: [0m[1;34m0->1  [0m[1;34m1->2  [0m[1;34m2->3  [0m[1;34m
[pthread wrapper] SKIP MASK: 0x0
[0m[1;34m	threadid 46932562167552 -> core 1 - OK[0m[1;34m
[0m[1;34m	threadid 46932564268800 -> core 2 - OK[0m[1;34m
[0m[1;34m	threadid 46932566370048 -> core 3 - OK[0m[1;34m
[0miterations: 200
Total iterations: 48412800 LUP
FLOP: 89
Total work: 4308739200 FLOP
performance: 0.131483 GLUP/s
Performance in GFLOP/s: 11.701979
size: 250000
time: 0.368206
[1;34m[pthread wrapper] 
[0m[1;34m[pthread wrapper] MAIN -> 0
[0m[1;34m[pthread wrapper] PIN_MASK: [0m[1;34m0->1  [0m[1;34m1->2  [0m[1;34m2->3  [0m[1;34m
[pthread wrapper] SKIP MASK: 0x0
[0m[1;34m	threadid 47173748627200 -> core 1 - OK[0m[1;34m
[0m[1;34m	threadid 47173750728448 -> core 2 - OK[0m[1;34m
[0m[1;34m	threadid 47173752829696 -> core 3 - OK[0m[1;34m
[0miterations: 200
Total iterations: 48412800 LUP
FLOP: 89
Total work: 4308739200 FLOP
performance: 0.131546 GLUP/s
Performance in GFLOP/s: 11.707574
size: 250000
time: 0.368030
[1;34m[pthread wrapper] 
[0m[1;34m[pthread wrapper] MAIN -> 0
[0m[1;34m[pthread wrapper] PIN_MASK: [0m[1;34m0->1  [0m[1;34m1->2  [0m[1;34m2->3  [0m[1;34m
[pthread wrapper] SKIP MASK: 0x0
[0m[1;34m	threadid 47446673979136 -> core 1 - OK[0m[1;34m
[0m[1;34m	threadid 47446676080384 -> core 2 - OK[0m[1;34m
[0m[1;34m	threadid 47446678181632 -> core 3 - OK[0m[1;34m
[0miterations: 200
Total iterations: 48412800 LUP
FLOP: 89
Total work: 4308739200 FLOP
performance: 0.131468 GLUP/s
Performance in GFLOP/s: 11.700684
size: 250000
time: 0.368247
[1;34m[pthread wrapper] 
[0m[1;34m[pthread wrapper] MAIN -> 0
[0m[1;34m[pthread wrapper] PIN_MASK: [0m[1;34m0->1  [0m[1;34m1->2  [0m[1;34m2->3  [0m[1;34m
[pthread wrapper] SKIP MASK: 0x0
[0m[1;34m	threadid 47800252200704 -> core 1 - OK[0m[1;34m
[0m[1;34m	threadid 47800254301952 -> core 2 - OK[0m[1;34m
[0m[1;34m	threadid 47800256403200 -> core 3 - OK[0m[1;34m
[0miterations: 200
Total iterations: 48412800 LUP
FLOP: 89
Total work: 4308739200 FLOP
performance: 0.131533 GLUP/s
Performance in GFLOP/s: 11.706398
size: 250000
time: 0.368067
[1;34m[pthread wrapper] 
[0m[1;34m[pthread wrapper] MAIN -> 0
[0m[1;34m[pthread wrapper] PIN_MASK: [0m[1;34m0->1  [0m[1;34m1->2  [0m[1;34m2->3  [0m[1;34m
[pthread wrapper] SKIP MASK: 0x0
[0m[1;34m	threadid 47261211444992 -> core 1 - OK[0m[1;34m
[0m[1;34m	threadid 47261213546240 -> core 2 - OK[0m[1;34m
[0m[1;34m	threadid 47261215647488 -> core 3 - OK[0m[1;34m
[0miterations: 200
Total iterations: 48412800 LUP
FLOP: 89
Total work: 4308739200 FLOP
performance: 0.131460 GLUP/s
Performance in GFLOP/s: 11.699911
size: 250000
time: 0.368271
[1;34m[pthread wrapper] 
[0m[1;34m[pthread wrapper] MAIN -> 0
[0m[1;34m[pthread wrapper] PIN_MASK: [0m[1;34m0->1  [0m[1;34m1->2  [0m[1;34m2->3  [0m[1;34m
[pthread wrapper] SKIP MASK: 0x0
[0m[1;34m	threadid 47130299737856 -> core 1 - OK[0m[1;34m
[0m[1;34m	threadid 47130301839104 -> core 2 - OK[0m[1;34m
[0m[1;34m	threadid 47130303940352 -> core 3 - OK[0m[1;34m
[0miterations: 200
Total iterations: 48412800 LUP
FLOP: 89
Total work: 4308739200 FLOP
performance: 0.131534 GLUP/s
Performance in GFLOP/s: 11.706527
size: 250000
time: 0.368063
[1;34m[pthread wrapper] 
[0m[1;34m[pthread wrapper] MAIN -> 0
[0m[1;34m[pthread wrapper] PIN_MASK: [0m[1;34m0->1  [0m[1;34m1->2  [0m[1;34m2->3  [0m[1;34m
[pthread wrapper] SKIP MASK: 0x0
[0m[1;34m	threadid 46981046609664 -> core 1 - OK[0m[1;34m
[0m[1;34m	threadid 46981048710912 -> core 2 - OK[0m[1;34m
[0m[1;34m	threadid 46981050812160 -> core 3 - OK[0m[1;34m
[0miterations: 200
Total iterations: 48412800 LUP
FLOP: 89
Total work: 4308739200 FLOP
performance: 0.131436 GLUP/s
Performance in GFLOP/s: 11.697783
size: 250000
time: 0.368338
[1;34m[pthread wrapper] 
[0m[1;34m[pthread wrapper] MAIN -> 0
[0m[1;34m[pthread wrapper] PIN_MASK: [0m[1;34m0->1  [0m[1;34m1->2  [0m[1;34m2->3  [0m[1;34m
[pthread wrapper] SKIP MASK: 0x0
[0m[1;34m	threadid 47545143572224 -> core 1 - OK[0m[1;34m
[0m[1;34m	threadid 47545145673472 -> core 2 - OK[0m[1;34m
[0m[1;34m	threadid 47545147774720 -> core 3 - OK[0m[1;34m
[0miterations: 200
Total iterations: 48412800 LUP
FLOP: 89
Total work: 4308739200 FLOP
performance: 0.131529 GLUP/s
Performance in GFLOP/s: 11.706087
size: 250000
time: 0.368077
[1;34m[pthread wrapper] 
[0m[1;34m[pthread wrapper] MAIN -> 0
[0m[1;34m[pthread wrapper] PIN_MASK: [0m[1;34m0->1  [0m[1;34m1->2  [0m[1;34m2->3  [0m[1;34m
[pthread wrapper] SKIP MASK: 0x0
[0m[1;34m	threadid 47716877199104 -> core 1 - OK[0m[1;34m
[0m[1;34m	threadid 47716879300352 -> core 2 - OK[0m[1;34m
[0m[1;34m	threadid 47716881401600 -> core 3 - OK[0m[1;34m
[0miterations: 200
Total iterations: 48412800 LUP
FLOP: 89
Total work: 4308739200 FLOP
performance: 0.131506 GLUP/s
Performance in GFLOP/s: 11.704078
size: 250000
time: 0.368140
[1;34m[pthread wrapper] 
[0m[1;34m[pthread wrapper] MAIN -> 0
[0m[1;34m[pthread wrapper] PIN_MASK: [0m[1;34m0->1  [0m[1;34m1->2  [0m[1;34m2->3  [0m[1;34m
[pthread wrapper] SKIP MASK: 0x0
[0m[1;34m	threadid 47634994054912 -> core 1 - OK[0m[1;34m
[0m[1;34m	threadid 47634996156160 -> core 2 - OK[0m[1;34m
[0m[1;34m	threadid 47634998257408 -> core 3 - OK[0m[1;34m
[0miterations: 200
Total iterations: 48412800 LUP
FLOP: 89
Total work: 4308739200 FLOP
performance: 0.131524 GLUP/s
Performance in GFLOP/s: 11.705670
size: 250000
time: 0.368090
