iterations: 200
Total iterations: 48412800 LUP
FLOP: 89
Total work: 4308739200 FLOP
performance: 0.034223 GLUP/s
Performance in GFLOP/s: 3.045814
size: 250000
time: 1.414643
[1;34m[likwid-pin] Main PID -> core 0 - OK[0m
iterations: 200
Total iterations: 48412800 LUP
FLOP: 89
Total work: 4308739200 FLOP
performance: 0.034223 GLUP/s
Performance in GFLOP/s: 3.045864
size: 250000
time: 1.414620
[1;34m[likwid-pin] Main PID -> core 0 - OK[0m
iterations: 200
Total iterations: 48412800 LUP
FLOP: 89
Total work: 4308739200 FLOP
performance: 0.034224 GLUP/s
Performance in GFLOP/s: 3.045911
size: 250000
time: 1.414598
[1;34m[likwid-pin] Main PID -> core 0 - OK[0m
iterations: 200
Total iterations: 48412800 LUP
FLOP: 89
Total work: 4308739200 FLOP
performance: 0.034163 GLUP/s
Performance in GFLOP/s: 3.040479
size: 250000
time: 1.417125
[1;34m[likwid-pin] Main PID -> core 0 - OK[0m
iterations: 200
Total iterations: 48412800 LUP
FLOP: 89
Total work: 4308739200 FLOP
performance: 0.034229 GLUP/s
Performance in GFLOP/s: 3.046395
size: 250000
time: 1.414373
[1;34m[likwid-pin] Main PID -> core 0 - OK[0m
iterations: 200
Total iterations: 48412800 LUP
FLOP: 89
Total work: 4308739200 FLOP
performance: 0.034217 GLUP/s
Performance in GFLOP/s: 3.045271
size: 250000
time: 1.414895
[1;34m[likwid-pin] Main PID -> core 0 - OK[0m
iterations: 200
Total iterations: 48412800 LUP
FLOP: 89
Total work: 4308739200 FLOP
performance: 0.034220 GLUP/s
Performance in GFLOP/s: 3.045607
size: 250000
time: 1.414739
[1;34m[likwid-pin] Main PID -> core 0 - OK[0m
iterations: 200
Total iterations: 48412800 LUP
FLOP: 89
Total work: 4308739200 FLOP
performance: 0.034226 GLUP/s
Performance in GFLOP/s: 3.046135
size: 250000
time: 1.414494
[1;34m[likwid-pin] Main PID -> core 0 - OK[0m
iterations: 200
Total iterations: 48412800 LUP
FLOP: 89
Total work: 4308739200 FLOP
performance: 0.034224 GLUP/s
Performance in GFLOP/s: 3.045941
size: 250000
time: 1.414584
[1;34m[likwid-pin] Main PID -> core 0 - OK[0m
iterations: 200
Total iterations: 48412800 LUP
FLOP: 89
Total work: 4308739200 FLOP
performance: 0.034221 GLUP/s
Performance in GFLOP/s: 3.045644
size: 250000
time: 1.414722
[1;34m[likwid-pin] Main PID -> core 0 - OK[0m
