iterations: 120
Total iterations: 1074247680 LUP
FLOP: 89
Total work: 95608043520 FLOP
performance: 0.034020 GLUP/s
Performance in GFLOP/s: 3.027808
size: 9000000
time: 31.576650
[1;34m[likwid-pin] Main PID -> core 0 - OK[0m
iterations: 120
Total iterations: 1074247680 LUP
FLOP: 89
Total work: 95608043520 FLOP
performance: 0.034032 GLUP/s
Performance in GFLOP/s: 3.028826
size: 9000000
time: 31.566045
[1;34m[likwid-pin] Main PID -> core 0 - OK[0m
iterations: 120
Total iterations: 1074247680 LUP
FLOP: 89
Total work: 95608043520 FLOP
performance: 0.034025 GLUP/s
Performance in GFLOP/s: 3.028248
size: 9000000
time: 31.572065
[1;34m[likwid-pin] Main PID -> core 0 - OK[0m
iterations: 120
Total iterations: 1074247680 LUP
FLOP: 89
Total work: 95608043520 FLOP
performance: 0.034040 GLUP/s
Performance in GFLOP/s: 3.029529
size: 9000000
time: 31.558713
[1;34m[likwid-pin] Main PID -> core 0 - OK[0m
iterations: 120
Total iterations: 1074247680 LUP
FLOP: 89
Total work: 95608043520 FLOP
performance: 0.034045 GLUP/s
Performance in GFLOP/s: 3.029970
size: 9000000
time: 31.554125
[1;34m[likwid-pin] Main PID -> core 0 - OK[0m
iterations: 120
Total iterations: 1074247680 LUP
FLOP: 89
Total work: 95608043520 FLOP
performance: 0.034048 GLUP/s
Performance in GFLOP/s: 3.030244
size: 9000000
time: 31.551264
[1;34m[likwid-pin] Main PID -> core 0 - OK[0m
iterations: 120
Total iterations: 1074247680 LUP
FLOP: 89
Total work: 95608043520 FLOP
performance: 0.034049 GLUP/s
Performance in GFLOP/s: 3.030358
size: 9000000
time: 31.550077
[1;34m[likwid-pin] Main PID -> core 0 - OK[0m
iterations: 120
Total iterations: 1074247680 LUP
FLOP: 89
Total work: 95608043520 FLOP
performance: 0.034031 GLUP/s
Performance in GFLOP/s: 3.028778
size: 9000000
time: 31.566536
[1;34m[likwid-pin] Main PID -> core 0 - OK[0m
iterations: 120
Total iterations: 1074247680 LUP
FLOP: 89
Total work: 95608043520 FLOP
performance: 0.034035 GLUP/s
Performance in GFLOP/s: 3.029077
size: 9000000
time: 31.563424
[1;34m[likwid-pin] Main PID -> core 0 - OK[0m
iterations: 120
Total iterations: 1074247680 LUP
FLOP: 89
Total work: 95608043520 FLOP
performance: 0.034040 GLUP/s
Performance in GFLOP/s: 3.029551
size: 9000000
time: 31.558490
[1;34m[likwid-pin] Main PID -> core 0 - OK[0m
