iterations: 200
Total iterations: 1790412800 LUP
FLOP: 89
Total work: 159346739200 FLOP
performance: 0.067755 GLUP/s
Performance in GFLOP/s: 6.030163
size: 9000000
time: 26.424946
iterations: 200
Total iterations: 1790412800 LUP
FLOP: 89
Total work: 159346739200 FLOP
performance: 0.067739 GLUP/s
Performance in GFLOP/s: 6.028793
size: 9000000
time: 26.430952
iterations: 200
Total iterations: 1790412800 LUP
FLOP: 89
Total work: 159346739200 FLOP
performance: 0.067752 GLUP/s
Performance in GFLOP/s: 6.029906
size: 9000000
time: 26.426073
iterations: 200
Total iterations: 1790412800 LUP
FLOP: 89
Total work: 159346739200 FLOP
performance: 0.067760 GLUP/s
Performance in GFLOP/s: 6.030675
size: 9000000
time: 26.422706
iterations: 200
Total iterations: 1790412800 LUP
FLOP: 89
Total work: 159346739200 FLOP
performance: 0.067742 GLUP/s
Performance in GFLOP/s: 6.029044
size: 9000000
time: 26.429851
iterations: 200
Total iterations: 1790412800 LUP
FLOP: 89
Total work: 159346739200 FLOP
performance: 0.067747 GLUP/s
Performance in GFLOP/s: 6.029476
size: 9000000
time: 26.427957
iterations: 200
Total iterations: 1790412800 LUP
FLOP: 89
Total work: 159346739200 FLOP
performance: 0.067738 GLUP/s
Performance in GFLOP/s: 6.028699
size: 9000000
time: 26.431364
iterations: 200
Total iterations: 1790412800 LUP
FLOP: 89
Total work: 159346739200 FLOP
performance: 0.067763 GLUP/s
Performance in GFLOP/s: 6.030907
size: 9000000
time: 26.421687
iterations: 200
Total iterations: 1790412800 LUP
FLOP: 89
Total work: 159346739200 FLOP
performance: 0.067747 GLUP/s
Performance in GFLOP/s: 6.029519
size: 9000000
time: 26.427772
iterations: 200
Total iterations: 1790412800 LUP
FLOP: 89
Total work: 159346739200 FLOP
performance: 0.067731 GLUP/s
Performance in GFLOP/s: 6.028089
size: 9000000
time: 26.434039
