[1;34m[pthread wrapper] 
[0m[1;34m[pthread wrapper] MAIN -> 0
[0m[1;34m[pthread wrapper] PIN_MASK: [0m[1;34m0->1  [0m[1;34m1->2  [0m[1;34m2->3  [0m[1;34m
[pthread wrapper] SKIP MASK: 0x0
[0m[1;34m	threadid 47213580728064 -> core 1 - OK[0m[1;34m
[0m[1;34m	threadid 47213582829312 -> core 2 - OK[0m[1;34m
[0m[1;34m	threadid 47213584930560 -> core 3 - OK[0m[1;34m
[0miterations: 200
Total iterations: 48412800 LUP
FLOP: 89
Total work: 4308739200 FLOP
performance: 0.131484 GLUP/s
Performance in GFLOP/s: 11.702040
size: 250000
time: 0.368204
[1;34m[pthread wrapper] 
[0m[1;34m[pthread wrapper] MAIN -> 0
[0m[1;34m[pthread wrapper] PIN_MASK: [0m[1;34m0->1  [0m[1;34m1->2  [0m[1;34m2->3  [0m[1;34m
[pthread wrapper] SKIP MASK: 0x0
[0m[1;34m	threadid 47989114783488 -> core 1 - OK[0m[1;34m
[0m[1;34m	threadid 47989116884736 -> core 2 - OK[0m[1;34m
[0m[1;34m	threadid 47989118985984 -> core 3 - OK[0m[1;34m
[0miterations: 200
Total iterations: 48412800 LUP
FLOP: 89
Total work: 4308739200 FLOP
performance: 0.131512 GLUP/s
Performance in GFLOP/s: 11.704526
size: 250000
time: 0.368126
[1;34m[pthread wrapper] 
[0m[1;34m[pthread wrapper] MAIN -> 0
[0m[1;34m[pthread wrapper] PIN_MASK: [0m[1;34m0->1  [0m[1;34m1->2  [0m[1;34m2->3  [0m[1;34m
[pthread wrapper] SKIP MASK: 0x0
[0m[1;34m	threadid 47138819688192 -> core 1 - OK[0m[1;34m
[0m[1;34m	threadid 47138821789440 -> core 2 - OK[0m[1;34m
[0m[1;34m	threadid 47138823890688 -> core 3 - OK[0m[1;34m
[0miterations: 200
Total iterations: 48412800 LUP
FLOP: 89
Total work: 4308739200 FLOP
performance: 0.131527 GLUP/s
Performance in GFLOP/s: 11.705890
size: 250000
time: 0.368083
[1;34m[pthread wrapper] 
[0m[1;34m[pthread wrapper] MAIN -> 0
[0m[1;34m[pthread wrapper] PIN_MASK: [0m[1;34m0->1  [0m[1;34m1->2  [0m[1;34m2->3  [0m[1;34m
[pthread wrapper] SKIP MASK: 0x0
[0m[1;34m	threadid 47455341496064 -> core 1 - OK[0m[1;34m
[0m[1;34m	threadid 47455343597312 -> core 2 - OK[0m[1;34m
[0m[1;34m	threadid 47455345698560 -> core 3 - OK[0m[1;34m
[0miterations: 200
Total iterations: 48412800 LUP
FLOP: 89
Total work: 4308739200 FLOP
performance: 0.131516 GLUP/s
Performance in GFLOP/s: 11.704905
size: 250000
time: 0.368114
[1;34m[pthread wrapper] 
[0m[1;34m[pthread wrapper] MAIN -> 0
[0m[1;34m[pthread wrapper] PIN_MASK: [0m[1;34m0->1  [0m[1;34m1->2  [0m[1;34m2->3  [0m[1;34m
[pthread wrapper] SKIP MASK: 0x0
[0m[1;34m	threadid 47926200076032 -> core 1 - OK[0m[1;34m
[0m[1;34m	threadid 47926202177280 -> core 2 - OK[0m[1;34m
[0m[1;34m	threadid 47926204278528 -> core 3 - OK[0m[1;34m
[0miterations: 200
Total iterations: 48412800 LUP
FLOP: 89
Total work: 4308739200 FLOP
performance: 0.131474 GLUP/s
Performance in GFLOP/s: 11.701153
size: 250000
time: 0.368232
[1;34m[pthread wrapper] 
[0m[1;34m[pthread wrapper] MAIN -> 0
[0m[1;34m[pthread wrapper] PIN_MASK: [0m[1;34m0->1  [0m[1;34m1->2  [0m[1;34m2->3  [0m[1;34m
[pthread wrapper] SKIP MASK: 0x0
[0m[1;34m	threadid 47304090781440 -> core 1 - OK[0m[1;34m
[0m[1;34m	threadid 47304092882688 -> core 2 - OK[0m[1;34m
[0m[1;34m	threadid 47304094983936 -> core 3 - OK[0m[1;34m
[0miterations: 200
Total iterations: 48412800 LUP
FLOP: 89
Total work: 4308739200 FLOP
performance: 0.131530 GLUP/s
Performance in GFLOP/s: 11.706140
size: 250000
time: 0.368075
[1;34m[pthread wrapper] 
[0m[1;34m[pthread wrapper] MAIN -> 0
[0m[1;34m[pthread wrapper] PIN_MASK: [0m[1;34m0->1  [0m[1;34m1->2  [0m[1;34m2->3  [0m[1;34m
[pthread wrapper] SKIP MASK: 0x0
[0m[1;34m	threadid 46961037358848 -> core 1 - OK[0m[1;34m
[0m[1;34m	threadid 46961039460096 -> core 2 - OK[0m[1;34m
[0m[1;34m	threadid 46961041561344 -> core 3 - OK[0m[1;34m
[0miterations: 200
Total iterations: 48412800 LUP
FLOP: 89
Total work: 4308739200 FLOP
performance: 0.131468 GLUP/s
Performance in GFLOP/s: 11.700646
size: 250000
time: 0.368248
[1;34m[pthread wrapper] 
[0m[1;34m[pthread wrapper] MAIN -> 0
[0m[1;34m[pthread wrapper] PIN_MASK: [0m[1;34m0->1  [0m[1;34m1->2  [0m[1;34m2->3  [0m[1;34m
[pthread wrapper] SKIP MASK: 0x0
[0m[1;34m	threadid 47892039784192 -> core 1 - OK[0m[1;34m
[0m[1;34m	threadid 47892041885440 -> core 2 - OK[0m[1;34m
[0m[1;34m	threadid 47892043986688 -> core 3 - OK[0m[1;34m
[0miterations: 200
Total iterations: 48412800 LUP
FLOP: 89
Total work: 4308739200 FLOP
performance: 0.131525 GLUP/s
Performance in GFLOP/s: 11.705731
size: 250000
time: 0.368088
[1;34m[pthread wrapper] 
[0m[1;34m[pthread wrapper] MAIN -> 0
[0m[1;34m[pthread wrapper] PIN_MASK: [0m[1;34m0->1  [0m[1;34m1->2  [0m[1;34m2->3  [0m[1;34m
[pthread wrapper] SKIP MASK: 0x0
[0m[1;34m	threadid 47421390841600 -> core 1 - OK[0m[1;34m
[0m[1;34m	threadid 47421392942848 -> core 2 - OK[0m[1;34m
[0m[1;34m	threadid 47421395044096 -> core 3 - OK[0m[1;34m
[0miterations: 200
Total iterations: 48412800 LUP
FLOP: 89
Total work: 4308739200 FLOP
performance: 0.131497 GLUP/s
Performance in GFLOP/s: 11.703252
size: 250000
time: 0.368166
[1;34m[pthread wrapper] 
[0m[1;34m[pthread wrapper] MAIN -> 0
[0m[1;34m[pthread wrapper] PIN_MASK: [0m[1;34m0->1  [0m[1;34m1->2  [0m[1;34m2->3  [0m[1;34m
[pthread wrapper] SKIP MASK: 0x0
[0m[1;34m	threadid 47253884626688 -> core 1 - OK[0m[1;34m
[0m[1;34m	threadid 47253886727936 -> core 2 - OK[0m[1;34m
[0m[1;34m	threadid 47253888829184 -> core 3 - OK[0m[1;34m
[0miterations: 200
Total iterations: 48412800 LUP
FLOP: 89
Total work: 4308739200 FLOP
performance: 0.131500 GLUP/s
Performance in GFLOP/s: 11.703533
size: 250000
time: 0.368157
