iterations: 200
Total iterations: 48412800 LUP
FLOP: 89
Total work: 4308739200 FLOP
performance: 0.067046 GLUP/s
Performance in GFLOP/s: 5.967057
size: 250000
time: 0.722088
iterations: 200
Total iterations: 48412800 LUP
FLOP: 89
Total work: 4308739200 FLOP
performance: 0.067058 GLUP/s
Performance in GFLOP/s: 5.968164
size: 250000
time: 0.721954
iterations: 200
Total iterations: 48412800 LUP
FLOP: 89
Total work: 4308739200 FLOP
performance: 0.067054 GLUP/s
Performance in GFLOP/s: 5.967766
size: 250000
time: 0.722002
iterations: 200
Total iterations: 48412800 LUP
FLOP: 89
Total work: 4308739200 FLOP
performance: 0.067063 GLUP/s
Performance in GFLOP/s: 5.968635
size: 250000
time: 0.721897
iterations: 200
Total iterations: 48412800 LUP
FLOP: 89
Total work: 4308739200 FLOP
performance: 0.067065 GLUP/s
Performance in GFLOP/s: 5.968824
size: 250000
time: 0.721874
iterations: 200
Total iterations: 48412800 LUP
FLOP: 89
Total work: 4308739200 FLOP
performance: 0.067062 GLUP/s
Performance in GFLOP/s: 5.968476
size: 250000
time: 0.721916
iterations: 200
Total iterations: 48412800 LUP
FLOP: 89
Total work: 4308739200 FLOP
performance: 0.067065 GLUP/s
Performance in GFLOP/s: 5.968773
size: 250000
time: 0.721880
iterations: 200
Total iterations: 48412800 LUP
FLOP: 89
Total work: 4308739200 FLOP
performance: 0.067058 GLUP/s
Performance in GFLOP/s: 5.968196
size: 250000
time: 0.721950
iterations: 200
Total iterations: 48412800 LUP
FLOP: 89
Total work: 4308739200 FLOP
performance: 0.067038 GLUP/s
Performance in GFLOP/s: 5.966344
size: 250000
time: 0.722174
iterations: 200
Total iterations: 48412800 LUP
FLOP: 89
Total work: 4308739200 FLOP
performance: 0.067055 GLUP/s
Performance in GFLOP/s: 5.967882
size: 250000
time: 0.721988
