[1;34m[pthread wrapper] 
[0m[1;34m[pthread wrapper] MAIN -> 0
[0m[1;34m[pthread wrapper] PIN_MASK: [0m[1;34m0->1  [0m[1;34m1->2  [0m[1;34m2->3  [0m[1;34m3->4  [0m[1;34m4->5  [0m[1;34m5->6  [0m[1;34m6->7  [0m[1;34m7->10  [0m[1;34m8->11  [0m[1;34m9->12  [0m[1;34m10->13  [0m[1;34m11->14  [0m[1;34m12->15  [0m[1;34m13->16  [0m[1;34m14->17  [0m[1;34m
[pthread wrapper] SKIP MASK: 0x0
[0m[1;34m	threadid 47380345419520 -> core 1 - OK[0m[1;34m
[0m[1;34m	threadid 47380347520768 -> core 2 - OK[0m[1;34m
[0m[1;34m	threadid 47380349622016 -> core 3 - OK[0m[1;34m
[0m[1;34m	threadid 47380351723264 -> core 4 - OK[0m[1;34m
[0m[1;34m	threadid 47380353824512 -> core 5 - OK[0m[1;34m
[0m[1;34m	threadid 47380355925760 -> core 6 - OK[0m[1;34m
[0m[1;34m	threadid 47380358027008 -> core 7 - OK[0m[1;34m
[0m[1;34m	threadid 47380360128256 -> core 10 - OK[0m[1;34m
[0m[1;34m	threadid 47380362229504 -> core 11 - OK[0m[1;34m
[0m[1;34m	threadid 47380364330752 -> core 12 - OK[0m[1;34m
[0m[1;34m	threadid 47380366432000 -> core 13 - OK[0m[1;34m
[0m[1;34m	threadid 47380368533248 -> core 14 - OK[0m[1;34m
[0m[1;34m	threadid 47380370634496 -> core 15 - OK[0m[1;34m
[0m[1;34m	threadid 47380372735744 -> core 16 - OK[0m[1;34m
[0m[1;34m	threadid 47380374836992 -> core 17 - OK[0m[1;34m
[0miterations: 200
Total iterations: 1790412800 LUP
FLOP: 89
Total work: 159346739200 FLOP
performance: 0.527943 GLUP/s
Performance in GFLOP/s: 46.986903
size: 9000000
time: 3.391301
[1;34m[pthread wrapper] 
[0m[1;34m[pthread wrapper] MAIN -> 0
[0m[1;34m[pthread wrapper] PIN_MASK: [0m[1;34m0->1  [0m[1;34m1->2  [0m[1;34m2->3  [0m[1;34m3->4  [0m[1;34m4->5  [0m[1;34m5->6  [0m[1;34m6->7  [0m[1;34m7->10  [0m[1;34m8->11  [0m[1;34m9->12  [0m[1;34m10->13  [0m[1;34m11->14  [0m[1;34m12->15  [0m[1;34m13->16  [0m[1;34m14->17  [0m[1;34m
[pthread wrapper] SKIP MASK: 0x0
[0m[1;34m	threadid 47361705432832 -> core 1 - OK[0m[1;34m
[0m[1;34m	threadid 47361707534080 -> core 2 - OK[0m[1;34m
[0m[1;34m	threadid 47361709635328 -> core 3 - OK[0m[1;34m
[0m[1;34m	threadid 47361711736576 -> core 4 - OK[0m[1;34m
[0m[1;34m	threadid 47361713837824 -> core 5 - OK[0m[1;34m
[0m[1;34m	threadid 47361715939072 -> core 6 - OK[0m[1;34m
[0m[1;34m	threadid 47361718040320 -> core 7 - OK[0m[1;34m
[0m[1;34m	threadid 47361720141568 -> core 10 - OK[0m[1;34m
[0m[1;34m	threadid 47361722242816 -> core 11 - OK[0m[1;34m
[0m[1;34m	threadid 47361724344064 -> core 12 - OK[0m[1;34m
[0m[1;34m	threadid 47361726445312 -> core 13 - OK[0m[1;34m
[0m[1;34m	threadid 47361728546560 -> core 14 - OK[0m[1;34m
[0m[1;34m	threadid 47361730647808 -> core 15 - OK[0m[1;34m
[0m[1;34m	threadid 47361732749056 -> core 16 - OK[0m[1;34m
[0m[1;34m	threadid 47361734850304 -> core 17 - OK[0m[1;34m
[0miterations: 200
Total iterations: 1790412800 LUP
FLOP: 89
Total work: 159346739200 FLOP
performance: 0.527799 GLUP/s
Performance in GFLOP/s: 46.974080
size: 9000000
time: 3.392227
[1;34m[pthread wrapper] 
[0m[1;34m[pthread wrapper] MAIN -> 0
[0m[1;34m[pthread wrapper] PIN_MASK: [0m[1;34m0->1  [0m[1;34m1->2  [0m[1;34m2->3  [0m[1;34m3->4  [0m[1;34m4->5  [0m[1;34m5->6  [0m[1;34m6->7  [0m[1;34m7->10  [0m[1;34m8->11  [0m[1;34m9->12  [0m[1;34m10->13  [0m[1;34m11->14  [0m[1;34m12->15  [0m[1;34m13->16  [0m[1;34m14->17  [0m[1;34m
[pthread wrapper] SKIP MASK: 0x0
[0m[1;34m	threadid 47915018774272 -> core 1 - OK[0m[1;34m
[0m[1;34m	threadid 47915020875520 -> core 2 - OK[0m[1;34m
[0m[1;34m	threadid 47915022976768 -> core 3 - OK[0m[1;34m
[0m[1;34m	threadid 47915025078016 -> core 4 - OK[0m[1;34m
[0m[1;34m	threadid 47915027179264 -> core 5 - OK[0m[1;34m
[0m[1;34m	threadid 47915029280512 -> core 6 - OK[0m[1;34m
[0m[1;34m	threadid 47915031381760 -> core 7 - OK[0m[1;34m
[0m[1;34m	threadid 47915033483008 -> core 10 - OK[0m[1;34m
[0m[1;34m	threadid 47915035584256 -> core 11 - OK[0m[1;34m
[0m[1;34m	threadid 47915037685504 -> core 12 - OK[0m[1;34m
[0m[1;34m	threadid 47915039786752 -> core 13 - OK[0m[1;34m
[0m[1;34m	threadid 47915041888000 -> core 14 - OK[0m[1;34m
[0m[1;34m	threadid 47915043989248 -> core 15 - OK[0m[1;34m
[0m[1;34m	threadid 47915046090496 -> core 16 - OK[0m[1;34m
[0m[1;34m	threadid 47915048191744 -> core 17 - OK[0m[1;34m
[0miterations: 200
Total iterations: 1790412800 LUP
FLOP: 89
Total work: 159346739200 FLOP
performance: 0.528275 GLUP/s
Performance in GFLOP/s: 47.016463
size: 9000000
time: 3.389169
[1;34m[pthread wrapper] 
[0m[1;34m[pthread wrapper] MAIN -> 0
[0m[1;34m[pthread wrapper] PIN_MASK: [0m[1;34m0->1  [0m[1;34m1->2  [0m[1;34m2->3  [0m[1;34m3->4  [0m[1;34m4->5  [0m[1;34m5->6  [0m[1;34m6->7  [0m[1;34m7->10  [0m[1;34m8->11  [0m[1;34m9->12  [0m[1;34m10->13  [0m[1;34m11->14  [0m[1;34m12->15  [0m[1;34m13->16  [0m[1;34m14->17  [0m[1;34m
[pthread wrapper] SKIP MASK: 0x0
[0m[1;34m	threadid 47617636075264 -> core 1 - OK[0m[1;34m
[0m[1;34m	threadid 47617638176512 -> core 2 - OK[0m[1;34m
[0m[1;34m	threadid 47617640277760 -> core 3 - OK[0m[1;34m
[0m[1;34m	threadid 47617642379008 -> core 4 - OK[0m[1;34m
[0m[1;34m	threadid 47617644480256 -> core 5 - OK[0m[1;34m
[0m[1;34m	threadid 47617646581504 -> core 6 - OK[0m[1;34m
[0m[1;34m	threadid 47617648682752 -> core 7 - OK[0m[1;34m
[0m[1;34m	threadid 47617650784000 -> core 10 - OK[0m[1;34m
[0m[1;34m	threadid 47617652885248 -> core 11 - OK[0m[1;34m
[0m[1;34m	threadid 47617654986496 -> core 12 - OK[0m[1;34m
[0m[1;34m	threadid 47617657087744 -> core 13 - OK[0m[1;34m
[0m[1;34m	threadid 47617659188992 -> core 14 - OK[0m[1;34m
[0m[1;34m	threadid 47617661290240 -> core 15 - OK[0m[1;34m
[0m[1;34m	threadid 47617663391488 -> core 16 - OK[0m[1;34m
[0m[1;34m	threadid 47617665492736 -> core 17 - OK[0m[1;34m
[0miterations: 200
Total iterations: 1790412800 LUP
FLOP: 89
Total work: 159346739200 FLOP
performance: 0.527726 GLUP/s
Performance in GFLOP/s: 46.967626
size: 9000000
time: 3.392693
[1;34m[pthread wrapper] 
[0m[1;34m[pthread wrapper] MAIN -> 0
[0m[1;34m[pthread wrapper] PIN_MASK: [0m[1;34m0->1  [0m[1;34m1->2  [0m[1;34m2->3  [0m[1;34m3->4  [0m[1;34m4->5  [0m[1;34m5->6  [0m[1;34m6->7  [0m[1;34m7->10  [0m[1;34m8->11  [0m[1;34m9->12  [0m[1;34m10->13  [0m[1;34m11->14  [0m[1;34m12->15  [0m[1;34m13->16  [0m[1;34m14->17  [0m[1;34m
[pthread wrapper] SKIP MASK: 0x0
[0m[1;34m	threadid 47077360944896 -> core 1 - OK[0m[1;34m
[0m[1;34m	threadid 47077363046144 -> core 2 - OK[0m[1;34m
[0m[1;34m	threadid 47077365147392 -> core 3 - OK[0m[1;34m
[0m[1;34m	threadid 47077367248640 -> core 4 - OK[0m[1;34m
[0m[1;34m	threadid 47077369349888 -> core 5 - OK[0m[1;34m
[0m[1;34m	threadid 47077371451136 -> core 6 - OK[0m[1;34m
[0m[1;34m	threadid 47077373552384 -> core 7 - OK[0m[1;34m
[0m[1;34m	threadid 47077375653632 -> core 10 - OK[0m[1;34m
[0m[1;34m	threadid 47077377754880 -> core 11 - OK[0m[1;34m
[0m[1;34m	threadid 47077379856128 -> core 12 - OK[0m[1;34m
[0m[1;34m	threadid 47077381957376 -> core 13 - OK[0m[1;34m
[0m[1;34m	threadid 47077384058624 -> core 14 - OK[0m[1;34m
[0m[1;34m	threadid 47077386159872 -> core 15 - OK[0m[1;34m
[0m[1;34m	threadid 47077388261120 -> core 16 - OK[0m[1;34m
[0m[1;34m	threadid 47077390362368 -> core 17 - OK[0m[1;34m
[0miterations: 200
Total iterations: 1790412800 LUP
FLOP: 89
Total work: 159346739200 FLOP
performance: 0.528161 GLUP/s
Performance in GFLOP/s: 47.006295
size: 9000000
time: 3.389902
[1;34m[pthread wrapper] 
[0m[1;34m[pthread wrapper] MAIN -> 0
[0m[1;34m[pthread wrapper] PIN_MASK: [0m[1;34m0->1  [0m[1;34m1->2  [0m[1;34m2->3  [0m[1;34m3->4  [0m[1;34m4->5  [0m[1;34m5->6  [0m[1;34m6->7  [0m[1;34m7->10  [0m[1;34m8->11  [0m[1;34m9->12  [0m[1;34m10->13  [0m[1;34m11->14  [0m[1;34m12->15  [0m[1;34m13->16  [0m[1;34m14->17  [0m[1;34m
[pthread wrapper] SKIP MASK: 0x0
[0m[1;34m	threadid 47082383156992 -> core 1 - OK[0m[1;34m
[0m[1;34m	threadid 47082385258240 -> core 2 - OK[0m[1;34m
[0m[1;34m	threadid 47082387359488 -> core 3 - OK[0m[1;34m
[0m[1;34m	threadid 47082389460736 -> core 4 - OK[0m[1;34m
[0m[1;34m	threadid 47082391561984 -> core 5 - OK[0m[1;34m
[0m[1;34m	threadid 47082393663232 -> core 6 - OK[0m[1;34m
[0m[1;34m	threadid 47082395764480 -> core 7 - OK[0m[1;34m
[0m[1;34m	threadid 47082397865728 -> core 10 - OK[0m[1;34m
[0m[1;34m	threadid 47082399966976 -> core 11 - OK[0m[1;34m
[0m[1;34m	threadid 47082402068224 -> core 12 - OK[0m[1;34m
[0m[1;34m	threadid 47082404169472 -> core 13 - OK[0m[1;34m
[0m[1;34m	threadid 47082406270720 -> core 14 - OK[0m[1;34m
[0m[1;34m	threadid 47082408371968 -> core 15 - OK[0m[1;34m
[0m[1;34m	threadid 47082410473216 -> core 16 - OK[0m[1;34m
[0m[1;34m	threadid 47082412574464 -> core 17 - OK[0m[1;34m
[0miterations: 200
Total iterations: 1790412800 LUP
FLOP: 89
Total work: 159346739200 FLOP
performance: 0.528197 GLUP/s
Performance in GFLOP/s: 47.009502
size: 9000000
time: 3.389671
[1;34m[pthread wrapper] 
[0m[1;34m[pthread wrapper] MAIN -> 0
[0m[1;34m[pthread wrapper] PIN_MASK: [0m[1;34m0->1  [0m[1;34m1->2  [0m[1;34m2->3  [0m[1;34m3->4  [0m[1;34m4->5  [0m[1;34m5->6  [0m[1;34m6->7  [0m[1;34m7->10  [0m[1;34m8->11  [0m[1;34m9->12  [0m[1;34m10->13  [0m[1;34m11->14  [0m[1;34m12->15  [0m[1;34m13->16  [0m[1;34m14->17  [0m[1;34m
[pthread wrapper] SKIP MASK: 0x0
[0m[1;34m	threadid 46937660507904 -> core 1 - OK[0m[1;34m
[0m[1;34m	threadid 46937662609152 -> core 2 - OK[0m[1;34m
[0m[1;34m	threadid 46937664710400 -> core 3 - OK[0m[1;34m
[0m[1;34m	threadid 46937666811648 -> core 4 - OK[0m[1;34m
[0m[1;34m	threadid 46937668912896 -> core 5 - OK[0m[1;34m
[0m[1;34m	threadid 46937671014144 -> core 6 - OK[0m[1;34m
[0m[1;34m	threadid 46937673115392 -> core 7 - OK[0m[1;34m
[0m[1;34m	threadid 46937675216640 -> core 10 - OK[0m[1;34m
[0m[1;34m	threadid 46937677317888 -> core 11 - OK[0m[1;34m
[0m[1;34m	threadid 46937679419136 -> core 12 - OK[0m[1;34m
[0m[1;34m	threadid 46937681520384 -> core 13 - OK[0m[1;34m
[0m[1;34m	threadid 46937683621632 -> core 14 - OK[0m[1;34m
[0m[1;34m	threadid 46937685722880 -> core 15 - OK[0m[1;34m
[0m[1;34m	threadid 46937687824128 -> core 16 - OK[0m[1;34m
[0m[1;34m	threadid 46937689925376 -> core 17 - OK[0m[1;34m
[0miterations: 200
Total iterations: 1790412800 LUP
FLOP: 89
Total work: 159346739200 FLOP
performance: 0.528044 GLUP/s
Performance in GFLOP/s: 46.995913
size: 9000000
time: 3.390651
[1;34m[pthread wrapper] 
[0m[1;34m[pthread wrapper] MAIN -> 0
[0m[1;34m[pthread wrapper] PIN_MASK: [0m[1;34m0->1  [0m[1;34m1->2  [0m[1;34m2->3  [0m[1;34m3->4  [0m[1;34m4->5  [0m[1;34m5->6  [0m[1;34m6->7  [0m[1;34m7->10  [0m[1;34m8->11  [0m[1;34m9->12  [0m[1;34m10->13  [0m[1;34m11->14  [0m[1;34m12->15  [0m[1;34m13->16  [0m[1;34m14->17  [0m[1;34m
[pthread wrapper] SKIP MASK: 0x0
[0m[1;34m	threadid 47488979949312 -> core 1 - OK[0m[1;34m
[0m[1;34m	threadid 47488982050560 -> core 2 - OK[0m[1;34m
[0m[1;34m	threadid 47488984151808 -> core 3 - OK[0m[1;34m
[0m[1;34m	threadid 47488986253056 -> core 4 - OK[0m[1;34m
[0m[1;34m	threadid 47488988354304 -> core 5 - OK[0m[1;34m
[0m[1;34m	threadid 47488990455552 -> core 6 - OK[0m[1;34m
[0m[1;34m	threadid 47488992556800 -> core 7 - OK[0m[1;34m
[0m[1;34m	threadid 47488994658048 -> core 10 - OK[0m[1;34m
[0m[1;34m	threadid 47488996759296 -> core 11 - OK[0m[1;34m
[0m[1;34m	threadid 47488998860544 -> core 12 - OK[0m[1;34m
[0m[1;34m	threadid 47489000961792 -> core 13 - OK[0m[1;34m
[0m[1;34m	threadid 47489003063040 -> core 14 - OK[0m[1;34m
[0m[1;34m	threadid 47489005164288 -> core 15 - OK[0m[1;34m
[0m[1;34m	threadid 47489007265536 -> core 16 - OK[0m[1;34m
[0m[1;34m	threadid 47489009366784 -> core 17 - OK[0m[1;34m
[0miterations: 200
Total iterations: 1790412800 LUP
FLOP: 89
Total work: 159346739200 FLOP
performance: 0.527955 GLUP/s
Performance in GFLOP/s: 46.988013
size: 9000000
time: 3.391221
[1;34m[pthread wrapper] 
[0m[1;34m[pthread wrapper] MAIN -> 0
[0m[1;34m[pthread wrapper] PIN_MASK: [0m[1;34m0->1  [0m[1;34m1->2  [0m[1;34m2->3  [0m[1;34m3->4  [0m[1;34m4->5  [0m[1;34m5->6  [0m[1;34m6->7  [0m[1;34m7->10  [0m[1;34m8->11  [0m[1;34m9->12  [0m[1;34m10->13  [0m[1;34m11->14  [0m[1;34m12->15  [0m[1;34m13->16  [0m[1;34m14->17  [0m[1;34m
[pthread wrapper] SKIP MASK: 0x0
[0m[1;34m	threadid 46959809050368 -> core 1 - OK[0m[1;34m
[0m[1;34m	threadid 46959811151616 -> core 2 - OK[0m[1;34m
[0m[1;34m	threadid 46959813252864 -> core 3 - OK[0m[1;34m
[0m[1;34m	threadid 46959815354112 -> core 4 - OK[0m[1;34m
[0m[1;34m	threadid 46959817455360 -> core 5 - OK[0m[1;34m
[0m[1;34m	threadid 46959819556608 -> core 6 - OK[0m[1;34m
[0m[1;34m	threadid 46959821657856 -> core 7 - OK[0m[1;34m
[0m[1;34m	threadid 46959823759104 -> core 10 - OK[0m[1;34m
[0m[1;34m	threadid 46959825860352 -> core 11 - OK[0m[1;34m
[0m[1;34m	threadid 46959827961600 -> core 12 - OK[0m[1;34m
[0m[1;34m	threadid 46959830062848 -> core 13 - OK[0m[1;34m
[0m[1;34m	threadid 46959832164096 -> core 14 - OK[0m[1;34m
[0m[1;34m	threadid 46959834265344 -> core 15 - OK[0m[1;34m
[0m[1;34m	threadid 46959836366592 -> core 16 - OK[0m[1;34m
[0m[1;34m	threadid 46959838467840 -> core 17 - OK[0m[1;34m
[0miterations: 200
Total iterations: 1790412800 LUP
FLOP: 89
Total work: 159346739200 FLOP
performance: 0.527340 GLUP/s
Performance in GFLOP/s: 46.933249
size: 9000000
time: 3.395178
[1;34m[pthread wrapper] 
[0m[1;34m[pthread wrapper] MAIN -> 0
[0m[1;34m[pthread wrapper] PIN_MASK: [0m[1;34m0->1  [0m[1;34m1->2  [0m[1;34m2->3  [0m[1;34m3->4  [0m[1;34m4->5  [0m[1;34m5->6  [0m[1;34m6->7  [0m[1;34m7->10  [0m[1;34m8->11  [0m[1;34m9->12  [0m[1;34m10->13  [0m[1;34m11->14  [0m[1;34m12->15  [0m[1;34m13->16  [0m[1;34m14->17  [0m[1;34m
[pthread wrapper] SKIP MASK: 0x0
[0m[1;34m	threadid 47312340199168 -> core 1 - OK[0m[1;34m
[0m[1;34m	threadid 47312342300416 -> core 2 - OK[0m[1;34m
[0m[1;34m	threadid 47312344401664 -> core 3 - OK[0m[1;34m
[0m[1;34m	threadid 47312346502912 -> core 4 - OK[0m[1;34m
[0m[1;34m	threadid 47312348604160 -> core 5 - OK[0m[1;34m
[0m[1;34m	threadid 47312350705408 -> core 6 - OK[0m[1;34m
[0m[1;34m	threadid 47312352806656 -> core 7 - OK[0m[1;34m
[0m[1;34m	threadid 47312354907904 -> core 10 - OK[0m[1;34m
[0m[1;34m	threadid 47312357009152 -> core 11 - OK[0m[1;34m
[0m[1;34m	threadid 47312359110400 -> core 12 - OK[0m[1;34m
[0m[1;34m	threadid 47312361211648 -> core 13 - OK[0m[1;34m
[0m[1;34m	threadid 47312363312896 -> core 14 - OK[0m[1;34m
[0m[1;34m	threadid 47312365414144 -> core 15 - OK[0m[1;34m
[0m[1;34m	threadid 47312367515392 -> core 16 - OK[0m[1;34m
[0m[1;34m	threadid 47312369616640 -> core 17 - OK[0m[1;34m
[0miterations: 200
Total iterations: 1790412800 LUP
FLOP: 89
Total work: 159346739200 FLOP
performance: 0.528323 GLUP/s
Performance in GFLOP/s: 47.020737
size: 9000000
time: 3.388861
