[1;34m[pthread wrapper] 
[0m[1;34m[pthread wrapper] MAIN -> 0
[0m[1;34m[pthread wrapper] PIN_MASK: [0m[1;34m0->1  [0m[1;34m1->2  [0m[1;34m2->3  [0m[1;34m3->10  [0m[1;34m4->11  [0m[1;34m5->12  [0m[1;34m6->13  [0m[1;34m
[pthread wrapper] SKIP MASK: 0x0
[0m[1;34m	threadid 47854294034176 -> core 1 - OK[0m[1;34m
[0m[1;34m	threadid 47854296135424 -> core 2 - OK[0m[1;34m
[0m[1;34m	threadid 47854298236672 -> core 3 - OK[0m[1;34m
[0m[1;34m	threadid 47854300337920 -> core 10 - OK[0m[1;34m
[0m[1;34m	threadid 47854302439168 -> core 11 - OK[0m[1;34m
[0m[1;34m	threadid 47854304540416 -> core 12 - OK[0m[1;34m
[0m[1;34m	threadid 47854306641664 -> core 13 - OK[0m[1;34m
[0miterations: 200
Total iterations: 48412800 LUP
FLOP: 89
Total work: 4308739200 FLOP
performance: 0.262058 GLUP/s
Performance in GFLOP/s: 23.323132
size: 250000
time: 0.184741
[1;34m[pthread wrapper] 
[0m[1;34m[pthread wrapper] MAIN -> 0
[0m[1;34m[pthread wrapper] PIN_MASK: [0m[1;34m0->1  [0m[1;34m1->2  [0m[1;34m2->3  [0m[1;34m3->10  [0m[1;34m4->11  [0m[1;34m5->12  [0m[1;34m6->13  [0m[1;34m
[pthread wrapper] SKIP MASK: 0x0
[0m[1;34m	threadid 47461897983744 -> core 1 - OK[0m[1;34m
[0m[1;34m	threadid 47461900084992 -> core 2 - OK[0m[1;34m
[0m[1;34m	threadid 47461902186240 -> core 3 - OK[0m[1;34m
[0m[1;34m	threadid 47461904287488 -> core 10 - OK[0m[1;34m
[0m[1;34m	threadid 47461906388736 -> core 11 - OK[0m[1;34m
[0m[1;34m	threadid 47461908489984 -> core 12 - OK[0m[1;34m
[0m[1;34m	threadid 47461910591232 -> core 13 - OK[0m[1;34m
[0miterations: 200
Total iterations: 48412800 LUP
FLOP: 89
Total work: 4308739200 FLOP
performance: 0.262007 GLUP/s
Performance in GFLOP/s: 23.318588
size: 250000
time: 0.184777
[1;34m[pthread wrapper] 
[0m[1;34m[pthread wrapper] MAIN -> 0
[0m[1;34m[pthread wrapper] PIN_MASK: [0m[1;34m0->1  [0m[1;34m1->2  [0m[1;34m2->3  [0m[1;34m3->10  [0m[1;34m4->11  [0m[1;34m5->12  [0m[1;34m6->13  [0m[1;34m
[pthread wrapper] SKIP MASK: 0x0
[0m[1;34m	threadid 47341256652544 -> core 1 - OK[0m[1;34m
[0m[1;34m	threadid 47341258753792 -> core 2 - OK[0m[1;34m
[0m[1;34m	threadid 47341260855040 -> core 3 - OK[0m[1;34m
[0m[1;34m	threadid 47341262956288 -> core 10 - OK[0m[1;34m
[0m[1;34m	threadid 47341265057536 -> core 11 - OK[0m[1;34m
[0m[1;34m	threadid 47341267158784 -> core 12 - OK[0m[1;34m
[0m[1;34m	threadid 47341269260032 -> core 13 - OK[0m[1;34m
[0miterations: 200
Total iterations: 48412800 LUP
FLOP: 89
Total work: 4308739200 FLOP
performance: 0.262122 GLUP/s
Performance in GFLOP/s: 23.328822
size: 250000
time: 0.184696
[1;34m[pthread wrapper] 
[0m[1;34m[pthread wrapper] MAIN -> 0
[0m[1;34m[pthread wrapper] PIN_MASK: [0m[1;34m0->1  [0m[1;34m1->2  [0m[1;34m2->3  [0m[1;34m3->10  [0m[1;34m4->11  [0m[1;34m5->12  [0m[1;34m6->13  [0m[1;34m
[pthread wrapper] SKIP MASK: 0x0
[0m[1;34m	threadid 47236294436608 -> core 1 - OK[0m[1;34m
[0m[1;34m	threadid 47236296537856 -> core 2 - OK[0m[1;34m
[0m[1;34m	threadid 47236298639104 -> core 3 - OK[0m[1;34m
[0m[1;34m	threadid 47236300740352 -> core 10 - OK[0m[1;34m
[0m[1;34m	threadid 47236302841600 -> core 11 - OK[0m[1;34m
[0m[1;34m	threadid 47236304942848 -> core 12 - OK[0m[1;34m
[0m[1;34m	threadid 47236307044096 -> core 13 - OK[0m[1;34m
[0miterations: 200
Total iterations: 48412800 LUP
FLOP: 89
Total work: 4308739200 FLOP
performance: 0.262004 GLUP/s
Performance in GFLOP/s: 23.318347
size: 250000
time: 0.184779
[1;34m[pthread wrapper] 
[0m[1;34m[pthread wrapper] MAIN -> 0
[0m[1;34m[pthread wrapper] PIN_MASK: [0m[1;34m0->1  [0m[1;34m1->2  [0m[1;34m2->3  [0m[1;34m3->10  [0m[1;34m4->11  [0m[1;34m5->12  [0m[1;34m6->13  [0m[1;34m
[pthread wrapper] SKIP MASK: 0x0
[0m[1;34m	threadid 47630898657024 -> core 1 - OK[0m[1;34m
[0m[1;34m	threadid 47630900758272 -> core 2 - OK[0m[1;34m
[0m[1;34m	threadid 47630902859520 -> core 3 - OK[0m[1;34m
[0m[1;34m	threadid 47630904960768 -> core 10 - OK[0m[1;34m
[0m[1;34m	threadid 47630907062016 -> core 11 - OK[0m[1;34m
[0m[1;34m	threadid 47630909163264 -> core 12 - OK[0m[1;34m
[0m[1;34m	threadid 47630911264512 -> core 13 - OK[0m[1;34m
[0miterations: 200
Total iterations: 48412800 LUP
FLOP: 89
Total work: 4308739200 FLOP
performance: 0.261997 GLUP/s
Performance in GFLOP/s: 23.317715
size: 250000
time: 0.184784
[1;34m[pthread wrapper] 
[0m[1;34m[pthread wrapper] MAIN -> 0
[0m[1;34m[pthread wrapper] PIN_MASK: [0m[1;34m0->1  [0m[1;34m1->2  [0m[1;34m2->3  [0m[1;34m3->10  [0m[1;34m4->11  [0m[1;34m5->12  [0m[1;34m6->13  [0m[1;34m
[pthread wrapper] SKIP MASK: 0x0
[0m[1;34m	threadid 47628718782208 -> core 1 - OK[0m[1;34m
[0m[1;34m	threadid 47628720883456 -> core 2 - OK[0m[1;34m
[0m[1;34m	threadid 47628722984704 -> core 3 - OK[0m[1;34m
[0m[1;34m	threadid 47628725085952 -> core 10 - OK[0m[1;34m
[0m[1;34m	threadid 47628727187200 -> core 11 - OK[0m[1;34m
[0m[1;34m	threadid 47628729288448 -> core 12 - OK[0m[1;34m
[0m[1;34m	threadid 47628731389696 -> core 13 - OK[0m[1;34m
[0miterations: 200
Total iterations: 48412800 LUP
FLOP: 89
Total work: 4308739200 FLOP
performance: 0.261687 GLUP/s
Performance in GFLOP/s: 23.290099
size: 250000
time: 0.185003
[1;34m[pthread wrapper] 
[0m[1;34m[pthread wrapper] MAIN -> 0
[0m[1;34m[pthread wrapper] PIN_MASK: [0m[1;34m0->1  [0m[1;34m1->2  [0m[1;34m2->3  [0m[1;34m3->10  [0m[1;34m4->11  [0m[1;34m5->12  [0m[1;34m6->13  [0m[1;34m
[pthread wrapper] SKIP MASK: 0x0
[0m[1;34m	threadid 47229208254208 -> core 1 - OK[0m[1;34m
[0m[1;34m	threadid 47229210355456 -> core 2 - OK[0m[1;34m
[0m[1;34m	threadid 47229212456704 -> core 3 - OK[0m[1;34m
[0m[1;34m	threadid 47229214557952 -> core 10 - OK[0m[1;34m
[0m[1;34m	threadid 47229216659200 -> core 11 - OK[0m[1;34m
[0m[1;34m	threadid 47229218760448 -> core 12 - OK[0m[1;34m
[0m[1;34m	threadid 47229220861696 -> core 13 - OK[0m[1;34m
[0miterations: 200
Total iterations: 48412800 LUP
FLOP: 89
Total work: 4308739200 FLOP
performance: 0.262089 GLUP/s
Performance in GFLOP/s: 23.325902
size: 250000
time: 0.184719
[1;34m[pthread wrapper] 
[0m[1;34m[pthread wrapper] MAIN -> 0
[0m[1;34m[pthread wrapper] PIN_MASK: [0m[1;34m0->1  [0m[1;34m1->2  [0m[1;34m2->3  [0m[1;34m3->10  [0m[1;34m4->11  [0m[1;34m5->12  [0m[1;34m6->13  [0m[1;34m
[pthread wrapper] SKIP MASK: 0x0
[0m[1;34m	threadid 47170245584640 -> core 1 - OK[0m[1;34m
[0m[1;34m	threadid 47170247685888 -> core 2 - OK[0m[1;34m
[0m[1;34m	threadid 47170249787136 -> core 3 - OK[0m[1;34m
[0m[1;34m	threadid 47170251888384 -> core 10 - OK[0m[1;34m
[0m[1;34m	threadid 47170253989632 -> core 11 - OK[0m[1;34m
[0m[1;34m	threadid 47170256090880 -> core 12 - OK[0m[1;34m
[0m[1;34m	threadid 47170258192128 -> core 13 - OK[0m[1;34m
[0miterations: 200
Total iterations: 48412800 LUP
FLOP: 89
Total work: 4308739200 FLOP
performance: 0.261956 GLUP/s
Performance in GFLOP/s: 23.314045
size: 250000
time: 0.184813
[1;34m[pthread wrapper] 
[0m[1;34m[pthread wrapper] MAIN -> 0
[0m[1;34m[pthread wrapper] PIN_MASK: [0m[1;34m0->1  [0m[1;34m1->2  [0m[1;34m2->3  [0m[1;34m3->10  [0m[1;34m4->11  [0m[1;34m5->12  [0m[1;34m6->13  [0m[1;34m
[pthread wrapper] SKIP MASK: 0x0
[0m[1;34m	threadid 47761632904960 -> core 1 - OK[0m[1;34m
[0m[1;34m	threadid 47761635006208 -> core 2 - OK[0m[1;34m
[0m[1;34m	threadid 47761637107456 -> core 3 - OK[0m[1;34m
[0m[1;34m	threadid 47761639208704 -> core 10 - OK[0m[1;34m
[0m[1;34m	threadid 47761641309952 -> core 11 - OK[0m[1;34m
[0m[1;34m	threadid 47761643411200 -> core 12 - OK[0m[1;34m
[0m[1;34m	threadid 47761645512448 -> core 13 - OK[0m[1;34m
[0miterations: 200
Total iterations: 48412800 LUP
FLOP: 89
Total work: 4308739200 FLOP
performance: 0.262022 GLUP/s
Performance in GFLOP/s: 23.319972
size: 250000
time: 0.184766
[1;34m[pthread wrapper] 
[0m[1;34m[pthread wrapper] MAIN -> 0
[0m[1;34m[pthread wrapper] PIN_MASK: [0m[1;34m0->1  [0m[1;34m1->2  [0m[1;34m2->3  [0m[1;34m3->10  [0m[1;34m4->11  [0m[1;34m5->12  [0m[1;34m6->13  [0m[1;34m
[pthread wrapper] SKIP MASK: 0x0
[0m[1;34m	threadid 47970001348352 -> core 1 - OK[0m[1;34m
[0m[1;34m	threadid 47970003449600 -> core 2 - OK[0m[1;34m
[0m[1;34m	threadid 47970005550848 -> core 3 - OK[0m[1;34m
[0m[1;34m	threadid 47970007652096 -> core 10 - OK[0m[1;34m
[0m[1;34m	threadid 47970009753344 -> core 11 - OK[0m[1;34m
[0m[1;34m	threadid 47970011854592 -> core 12 - OK[0m[1;34m
[0m[1;34m	threadid 47970013955840 -> core 13 - OK[0m[1;34m
[0miterations: 200
Total iterations: 48412800 LUP
FLOP: 89
Total work: 4308739200 FLOP
performance: 0.262052 GLUP/s
Performance in GFLOP/s: 23.322620
size: 250000
time: 0.184745
