[1;34m[pthread wrapper] 
[0m[1;34m[pthread wrapper] MAIN -> 0
[0m[1;34m[pthread wrapper] PIN_MASK: [0m[1;34m0->1  [0m[1;34m1->2  [0m[1;34m2->3  [0m[1;34m3->4  [0m[1;34m4->5  [0m[1;34m5->6  [0m[1;34m6->7  [0m[1;34m7->8  [0m[1;34m8->9  [0m[1;34m9->20  [0m[1;34m10->21  [0m[1;34m11->22  [0m[1;34m12->23  [0m[1;34m13->24  [0m[1;34m14->25  [0m[1;34m15->26  [0m[1;34m16->27  [0m[1;34m17->28  [0m[1;34m18->29  [0m[1;34m
[pthread wrapper] SKIP MASK: 0x0
[0m[1;34m	threadid 47443816150784 -> core 1 - OK[0m[1;34m
[0m[1;34m	threadid 47443818252032 -> core 2 - OK[0m[1;34m
[0m[1;34m	threadid 47443820353280 -> core 3 - OK[0m[1;34m
[0m[1;34m	threadid 47443822454528 -> core 4 - OK[0m[1;34m
[0m[1;34m	threadid 47443824555776 -> core 5 - OK[0m[1;34m
[0m[1;34m	threadid 47443826657024 -> core 6 - OK[0m[1;34m
[0m[1;34m	threadid 47443828758272 -> core 7 - OK[0m[1;34m
[0m[1;34m	threadid 47443830859520 -> core 8 - OK[0m[1;34m
[0m[1;34m	threadid 47443832960768 -> core 9 - OK[0m[1;34m
[0m[1;34m	threadid 47443835062016 -> core 20 - OK[0m[1;34m
[0m[1;34m	threadid 47443837163264 -> core 21 - OK[0m[1;34m
[0m[1;34m	threadid 47443839264512 -> core 22 - OK[0m[1;34m
[0m[1;34m	threadid 47443841365760 -> core 23 - OK[0m[1;34m
[0m[1;34m	threadid 47443843467008 -> core 24 - OK[0m[1;34m
[0m[1;34m	threadid 47443845568256 -> core 25 - OK[0m[1;34m
[0m[1;34m	threadid 47443847669504 -> core 26 - OK[0m[1;34m
[0m[1;34m	threadid 47443849770752 -> core 27 - OK[0m[1;34m
[0m[1;34m	threadid 47443851872000 -> core 28 - OK[0m[1;34m
[0m[1;34m	threadid 47443853973248 -> core 29 - OK[0m[1;34m
[0miterations: 120
Total iterations: 1074247680 LUP
FLOP: 89
Total work: 95608043520 FLOP
performance: 0.333747 GLUP/s
Performance in GFLOP/s: 29.703525
size: 9000000
time: 3.218744
[1;34m[pthread wrapper] 
[0m[1;34m[pthread wrapper] MAIN -> 0
[0m[1;34m[pthread wrapper] PIN_MASK: [0m[1;34m0->1  [0m[1;34m1->2  [0m[1;34m2->3  [0m[1;34m3->4  [0m[1;34m4->5  [0m[1;34m5->6  [0m[1;34m6->7  [0m[1;34m7->8  [0m[1;34m8->9  [0m[1;34m9->20  [0m[1;34m10->21  [0m[1;34m11->22  [0m[1;34m12->23  [0m[1;34m13->24  [0m[1;34m14->25  [0m[1;34m15->26  [0m[1;34m16->27  [0m[1;34m17->28  [0m[1;34m18->29  [0m[1;34m
[pthread wrapper] SKIP MASK: 0x0
[0m[1;34m	threadid 47518196061952 -> core 1 - OK[0m[1;34m
[0m[1;34m	threadid 47518198163200 -> core 2 - OK[0m[1;34m
[0m[1;34m	threadid 47518200264448 -> core 3 - OK[0m[1;34m
[0m[1;34m	threadid 47518202365696 -> core 4 - OK[0m[1;34m
[0m[1;34m	threadid 47518204466944 -> core 5 - OK[0m[1;34m
[0m[1;34m	threadid 47518206568192 -> core 6 - OK[0m[1;34m
[0m[1;34m	threadid 47518208669440 -> core 7 - OK[0m[1;34m
[0m[1;34m	threadid 47518210770688 -> core 8 - OK[0m[1;34m
[0m[1;34m	threadid 47518212871936 -> core 9 - OK[0m[1;34m
[0m[1;34m	threadid 47518214973184 -> core 20 - OK[0m[1;34m
[0m[1;34m	threadid 47518217074432 -> core 21 - OK[0m[1;34m
[0m[1;34m	threadid 47518219175680 -> core 22 - OK[0m[1;34m
[0m[1;34m	threadid 47518221276928 -> core 23 - OK[0m[1;34m
[0m[1;34m	threadid 47518223378176 -> core 24 - OK[0m[1;34m
[0m[1;34m	threadid 47518225479424 -> core 25 - OK[0m[1;34m
[0m[1;34m	threadid 47518227580672 -> core 26 - OK[0m[1;34m
[0m[1;34m	threadid 47518229681920 -> core 27 - OK[0m[1;34m
[0m[1;34m	threadid 47518231783168 -> core 28 - OK[0m[1;34m
[0m[1;34m	threadid 47518233884416 -> core 29 - OK[0m[1;34m
[0miterations: 120
Total iterations: 1074247680 LUP
FLOP: 89
Total work: 95608043520 FLOP
performance: 0.333786 GLUP/s
Performance in GFLOP/s: 29.706958
size: 9000000
time: 3.218372
[1;34m[pthread wrapper] 
[0m[1;34m[pthread wrapper] MAIN -> 0
[0m[1;34m[pthread wrapper] PIN_MASK: [0m[1;34m0->1  [0m[1;34m1->2  [0m[1;34m2->3  [0m[1;34m3->4  [0m[1;34m4->5  [0m[1;34m5->6  [0m[1;34m6->7  [0m[1;34m7->8  [0m[1;34m8->9  [0m[1;34m9->20  [0m[1;34m10->21  [0m[1;34m11->22  [0m[1;34m12->23  [0m[1;34m13->24  [0m[1;34m14->25  [0m[1;34m15->26  [0m[1;34m16->27  [0m[1;34m17->28  [0m[1;34m18->29  [0m[1;34m
[pthread wrapper] SKIP MASK: 0x0
[0m[1;34m	threadid 47782682187520 -> core 1 - OK[0m[1;34m
[0m[1;34m	threadid 47782684288768 -> core 2 - OK[0m[1;34m
[0m[1;34m	threadid 47782686390016 -> core 3 - OK[0m[1;34m
[0m[1;34m	threadid 47782688491264 -> core 4 - OK[0m[1;34m
[0m[1;34m	threadid 47782690592512 -> core 5 - OK[0m[1;34m
[0m[1;34m	threadid 47782692693760 -> core 6 - OK[0m[1;34m
[0m[1;34m	threadid 47782694795008 -> core 7 - OK[0m[1;34m
[0m[1;34m	threadid 47782696896256 -> core 8 - OK[0m[1;34m
[0m[1;34m	threadid 47782698997504 -> core 9 - OK[0m[1;34m
[0m[1;34m	threadid 47782701098752 -> core 20 - OK[0m[1;34m
[0m[1;34m	threadid 47782703200000 -> core 21 - OK[0m[1;34m
[0m[1;34m	threadid 47782705301248 -> core 22 - OK[0m[1;34m
[0m[1;34m	threadid 47782707402496 -> core 23 - OK[0m[1;34m
[0m[1;34m	threadid 47782709503744 -> core 24 - OK[0m[1;34m
[0m[1;34m	threadid 47782711604992 -> core 25 - OK[0m[1;34m
[0m[1;34m	threadid 47782713706240 -> core 26 - OK[0m[1;34m
[0m[1;34m	threadid 47782715807488 -> core 27 - OK[0m[1;34m
[0m[1;34m	threadid 47782717908736 -> core 28 - OK[0m[1;34m
[0m[1;34m	threadid 47782720009984 -> core 29 - OK[0m[1;34m
[0miterations: 120
Total iterations: 1074247680 LUP
FLOP: 89
Total work: 95608043520 FLOP
performance: 0.333802 GLUP/s
Performance in GFLOP/s: 29.708344
size: 9000000
time: 3.218222
[1;34m[pthread wrapper] 
[0m[1;34m[pthread wrapper] MAIN -> 0
[0m[1;34m[pthread wrapper] PIN_MASK: [0m[1;34m0->1  [0m[1;34m1->2  [0m[1;34m2->3  [0m[1;34m3->4  [0m[1;34m4->5  [0m[1;34m5->6  [0m[1;34m6->7  [0m[1;34m7->8  [0m[1;34m8->9  [0m[1;34m9->20  [0m[1;34m10->21  [0m[1;34m11->22  [0m[1;34m12->23  [0m[1;34m13->24  [0m[1;34m14->25  [0m[1;34m15->26  [0m[1;34m16->27  [0m[1;34m17->28  [0m[1;34m18->29  [0m[1;34m
[pthread wrapper] SKIP MASK: 0x0
[0m[1;34m	threadid 47489262081792 -> core 1 - OK[0m[1;34m
[0m[1;34m	threadid 47489264183040 -> core 2 - OK[0m[1;34m
[0m[1;34m	threadid 47489266284288 -> core 3 - OK[0m[1;34m
[0m[1;34m	threadid 47489268385536 -> core 4 - OK[0m[1;34m
[0m[1;34m	threadid 47489270486784 -> core 5 - OK[0m[1;34m
[0m[1;34m	threadid 47489272588032 -> core 6 - OK[0m[1;34m
[0m[1;34m	threadid 47489274689280 -> core 7 - OK[0m[1;34m
[0m[1;34m	threadid 47489276790528 -> core 8 - OK[0m[1;34m
[0m[1;34m	threadid 47489278891776 -> core 9 - OK[0m[1;34m
[0m[1;34m	threadid 47489280993024 -> core 20 - OK[0m[1;34m
[0m[1;34m	threadid 47489283094272 -> core 21 - OK[0m[1;34m
[0m[1;34m	threadid 47489285195520 -> core 22 - OK[0m[1;34m
[0m[1;34m	threadid 47489287296768 -> core 23 - OK[0m[1;34m
[0m[1;34m	threadid 47489289398016 -> core 24 - OK[0m[1;34m
[0m[1;34m	threadid 47489291499264 -> core 25 - OK[0m[1;34m
[0m[1;34m	threadid 47489293600512 -> core 26 - OK[0m[1;34m
[0m[1;34m	threadid 47489295701760 -> core 27 - OK[0m[1;34m
[0m[1;34m	threadid 47489297803008 -> core 28 - OK[0m[1;34m
[0m[1;34m	threadid 47489299904256 -> core 29 - OK[0m[1;34m
[0miterations: 120
Total iterations: 1074247680 LUP
FLOP: 89
Total work: 95608043520 FLOP
performance: 0.333778 GLUP/s
Performance in GFLOP/s: 29.706267
size: 9000000
time: 3.218447
[1;34m[pthread wrapper] 
[0m[1;34m[pthread wrapper] MAIN -> 0
[0m[1;34m[pthread wrapper] PIN_MASK: [0m[1;34m0->1  [0m[1;34m1->2  [0m[1;34m2->3  [0m[1;34m3->4  [0m[1;34m4->5  [0m[1;34m5->6  [0m[1;34m6->7  [0m[1;34m7->8  [0m[1;34m8->9  [0m[1;34m9->20  [0m[1;34m10->21  [0m[1;34m11->22  [0m[1;34m12->23  [0m[1;34m13->24  [0m[1;34m14->25  [0m[1;34m15->26  [0m[1;34m16->27  [0m[1;34m17->28  [0m[1;34m18->29  [0m[1;34m
[pthread wrapper] SKIP MASK: 0x0
[0m[1;34m	threadid 47073462818560 -> core 1 - OK[0m[1;34m
[0m[1;34m	threadid 47073464919808 -> core 2 - OK[0m[1;34m
[0m[1;34m	threadid 47073467021056 -> core 3 - OK[0m[1;34m
[0m[1;34m	threadid 47073469122304 -> core 4 - OK[0m[1;34m
[0m[1;34m	threadid 47073471223552 -> core 5 - OK[0m[1;34m
[0m[1;34m	threadid 47073473324800 -> core 6 - OK[0m[1;34m
[0m[1;34m	threadid 47073475426048 -> core 7 - OK[0m[1;34m
[0m[1;34m	threadid 47073477527296 -> core 8 - OK[0m[1;34m
[0m[1;34m	threadid 47073479628544 -> core 9 - OK[0m[1;34m
[0m[1;34m	threadid 47073481729792 -> core 20 - OK[0m[1;34m
[0m[1;34m	threadid 47073483831040 -> core 21 - OK[0m[1;34m
[0m[1;34m	threadid 47073485932288 -> core 22 - OK[0m[1;34m
[0m[1;34m	threadid 47073488033536 -> core 23 - OK[0m[1;34m
[0m[1;34m	threadid 47073490134784 -> core 24 - OK[0m[1;34m
[0m[1;34m	threadid 47073492236032 -> core 25 - OK[0m[1;34m
[0m[1;34m	threadid 47073494337280 -> core 26 - OK[0m[1;34m
[0m[1;34m	threadid 47073496438528 -> core 27 - OK[0m[1;34m
[0m[1;34m	threadid 47073498539776 -> core 28 - OK[0m[1;34m
[0m[1;34m	threadid 47073500641024 -> core 29 - OK[0m[1;34m
[0miterations: 120
Total iterations: 1074247680 LUP
FLOP: 89
Total work: 95608043520 FLOP
performance: 0.333832 GLUP/s
Performance in GFLOP/s: 29.711021
size: 9000000
time: 3.217932
[1;34m[pthread wrapper] 
[0m[1;34m[pthread wrapper] MAIN -> 0
[0m[1;34m[pthread wrapper] PIN_MASK: [0m[1;34m0->1  [0m[1;34m1->2  [0m[1;34m2->3  [0m[1;34m3->4  [0m[1;34m4->5  [0m[1;34m5->6  [0m[1;34m6->7  [0m[1;34m7->8  [0m[1;34m8->9  [0m[1;34m9->20  [0m[1;34m10->21  [0m[1;34m11->22  [0m[1;34m12->23  [0m[1;34m13->24  [0m[1;34m14->25  [0m[1;34m15->26  [0m[1;34m16->27  [0m[1;34m17->28  [0m[1;34m18->29  [0m[1;34m
[pthread wrapper] SKIP MASK: 0x0
[0m[1;34m	threadid 47540462675712 -> core 1 - OK[0m[1;34m
[0m[1;34m	threadid 47540464776960 -> core 2 - OK[0m[1;34m
[0m[1;34m	threadid 47540466878208 -> core 3 - OK[0m[1;34m
[0m[1;34m	threadid 47540468979456 -> core 4 - OK[0m[1;34m
[0m[1;34m	threadid 47540471080704 -> core 5 - OK[0m[1;34m
[0m[1;34m	threadid 47540473181952 -> core 6 - OK[0m[1;34m
[0m[1;34m	threadid 47540475283200 -> core 7 - OK[0m[1;34m
[0m[1;34m	threadid 47540477384448 -> core 8 - OK[0m[1;34m
[0m[1;34m	threadid 47540479485696 -> core 9 - OK[0m[1;34m
[0m[1;34m	threadid 47540481586944 -> core 20 - OK[0m[1;34m
[0m[1;34m	threadid 47540483688192 -> core 21 - OK[0m[1;34m
[0m[1;34m	threadid 47540485789440 -> core 22 - OK[0m[1;34m
[0m[1;34m	threadid 47540487890688 -> core 23 - OK[0m[1;34m
[0m[1;34m	threadid 47540489991936 -> core 24 - OK[0m[1;34m
[0m[1;34m	threadid 47540492093184 -> core 25 - OK[0m[1;34m
[0m[1;34m	threadid 47540494194432 -> core 26 - OK[0m[1;34m
[0m[1;34m	threadid 47540496295680 -> core 27 - OK[0m[1;34m
[0m[1;34m	threadid 47540498396928 -> core 28 - OK[0m[1;34m
[0m[1;34m	threadid 47540500498176 -> core 29 - OK[0m[1;34m
[0miterations: 120
Total iterations: 1074247680 LUP
FLOP: 89
Total work: 95608043520 FLOP
performance: 0.333815 GLUP/s
Performance in GFLOP/s: 29.709524
size: 9000000
time: 3.218094
[1;34m[pthread wrapper] 
[0m[1;34m[pthread wrapper] MAIN -> 0
[0m[1;34m[pthread wrapper] PIN_MASK: [0m[1;34m0->1  [0m[1;34m1->2  [0m[1;34m2->3  [0m[1;34m3->4  [0m[1;34m4->5  [0m[1;34m5->6  [0m[1;34m6->7  [0m[1;34m7->8  [0m[1;34m8->9  [0m[1;34m9->20  [0m[1;34m10->21  [0m[1;34m11->22  [0m[1;34m12->23  [0m[1;34m13->24  [0m[1;34m14->25  [0m[1;34m15->26  [0m[1;34m16->27  [0m[1;34m17->28  [0m[1;34m18->29  [0m[1;34m
[pthread wrapper] SKIP MASK: 0x0
[0m[1;34m	threadid 47266775074560 -> core 1 - OK[0m[1;34m
[0m[1;34m	threadid 47266777175808 -> core 2 - OK[0m[1;34m
[0m[1;34m	threadid 47266779277056 -> core 3 - OK[0m[1;34m
[0m[1;34m	threadid 47266781378304 -> core 4 - OK[0m[1;34m
[0m[1;34m	threadid 47266783479552 -> core 5 - OK[0m[1;34m
[0m[1;34m	threadid 47266785580800 -> core 6 - OK[0m[1;34m
[0m[1;34m	threadid 47266787682048 -> core 7 - OK[0m[1;34m
[0m[1;34m	threadid 47266789783296 -> core 8 - OK[0m[1;34m
[0m[1;34m	threadid 47266791884544 -> core 9 - OK[0m[1;34m
[0m[1;34m	threadid 47266793985792 -> core 20 - OK[0m[1;34m
[0m[1;34m	threadid 47266796087040 -> core 21 - OK[0m[1;34m
[0m[1;34m	threadid 47266798188288 -> core 22 - OK[0m[1;34m
[0m[1;34m	threadid 47266800289536 -> core 23 - OK[0m[1;34m
[0m[1;34m	threadid 47266802390784 -> core 24 - OK[0m[1;34m
[0m[1;34m	threadid 47266804492032 -> core 25 - OK[0m[1;34m
[0m[1;34m	threadid 47266806593280 -> core 26 - OK[0m[1;34m
[0m[1;34m	threadid 47266808694528 -> core 27 - OK[0m[1;34m
[0m[1;34m	threadid 47266810795776 -> core 28 - OK[0m[1;34m
[0m[1;34m	threadid 47266812897024 -> core 29 - OK[0m[1;34m
[0miterations: 120
Total iterations: 1074247680 LUP
FLOP: 89
Total work: 95608043520 FLOP
performance: 0.332781 GLUP/s
Performance in GFLOP/s: 29.617536
size: 9000000
time: 3.228089
[1;34m[pthread wrapper] 
[0m[1;34m[pthread wrapper] MAIN -> 0
[0m[1;34m[pthread wrapper] PIN_MASK: [0m[1;34m0->1  [0m[1;34m1->2  [0m[1;34m2->3  [0m[1;34m3->4  [0m[1;34m4->5  [0m[1;34m5->6  [0m[1;34m6->7  [0m[1;34m7->8  [0m[1;34m8->9  [0m[1;34m9->20  [0m[1;34m10->21  [0m[1;34m11->22  [0m[1;34m12->23  [0m[1;34m13->24  [0m[1;34m14->25  [0m[1;34m15->26  [0m[1;34m16->27  [0m[1;34m17->28  [0m[1;34m18->29  [0m[1;34m
[pthread wrapper] SKIP MASK: 0x0
[0m[1;34m	threadid 47011179837184 -> core 1 - OK[0m[1;34m
[0m[1;34m	threadid 47011181938432 -> core 2 - OK[0m[1;34m
[0m[1;34m	threadid 47011184039680 -> core 3 - OK[0m[1;34m
[0m[1;34m	threadid 47011186140928 -> core 4 - OK[0m[1;34m
[0m[1;34m	threadid 47011188242176 -> core 5 - OK[0m[1;34m
[0m[1;34m	threadid 47011190343424 -> core 6 - OK[0m[1;34m
[0m[1;34m	threadid 47011192444672 -> core 7 - OK[0m[1;34m
[0m[1;34m	threadid 47011194545920 -> core 8 - OK[0m[1;34m
[0m[1;34m	threadid 47011196647168 -> core 9 - OK[0m[1;34m
[0m[1;34m	threadid 47011198748416 -> core 20 - OK[0m[1;34m
[0m[1;34m	threadid 47011200849664 -> core 21 - OK[0m[1;34m
[0m[1;34m	threadid 47011202950912 -> core 22 - OK[0m[1;34m
[0m[1;34m	threadid 47011205052160 -> core 23 - OK[0m[1;34m
[0m[1;34m	threadid 47011207153408 -> core 24 - OK[0m[1;34m
[0m[1;34m	threadid 47011209254656 -> core 25 - OK[0m[1;34m
[0m[1;34m	threadid 47011211355904 -> core 26 - OK[0m[1;34m
[0m[1;34m	threadid 47011213457152 -> core 27 - OK[0m[1;34m
[0m[1;34m	threadid 47011215558400 -> core 28 - OK[0m[1;34m
[0m[1;34m	threadid 47011217659648 -> core 29 - OK[0m[1;34m
[0miterations: 120
Total iterations: 1074247680 LUP
FLOP: 89
Total work: 95608043520 FLOP
performance: 0.333789 GLUP/s
Performance in GFLOP/s: 29.707252
size: 9000000
time: 3.218340
[1;34m[pthread wrapper] 
[0m[1;34m[pthread wrapper] MAIN -> 0
[0m[1;34m[pthread wrapper] PIN_MASK: [0m[1;34m0->1  [0m[1;34m1->2  [0m[1;34m2->3  [0m[1;34m3->4  [0m[1;34m4->5  [0m[1;34m5->6  [0m[1;34m6->7  [0m[1;34m7->8  [0m[1;34m8->9  [0m[1;34m9->20  [0m[1;34m10->21  [0m[1;34m11->22  [0m[1;34m12->23  [0m[1;34m13->24  [0m[1;34m14->25  [0m[1;34m15->26  [0m[1;34m16->27  [0m[1;34m17->28  [0m[1;34m18->29  [0m[1;34m
[pthread wrapper] SKIP MASK: 0x0
[0m[1;34m	threadid 47653921855232 -> core 1 - OK[0m[1;34m
[0m[1;34m	threadid 47653923956480 -> core 2 - OK[0m[1;34m
[0m[1;34m	threadid 47653926057728 -> core 3 - OK[0m[1;34m
[0m[1;34m	threadid 47653928158976 -> core 4 - OK[0m[1;34m
[0m[1;34m	threadid 47653930260224 -> core 5 - OK[0m[1;34m
[0m[1;34m	threadid 47653932361472 -> core 6 - OK[0m[1;34m
[0m[1;34m	threadid 47653934462720 -> core 7 - OK[0m[1;34m
[0m[1;34m	threadid 47653936563968 -> core 8 - OK[0m[1;34m
[0m[1;34m	threadid 47653938665216 -> core 9 - OK[0m[1;34m
[0m[1;34m	threadid 47653940766464 -> core 20 - OK[0m[1;34m
[0m[1;34m	threadid 47653942867712 -> core 21 - OK[0m[1;34m
[0m[1;34m	threadid 47653944968960 -> core 22 - OK[0m[1;34m
[0m[1;34m	threadid 47653947070208 -> core 23 - OK[0m[1;34m
[0m[1;34m	threadid 47653949171456 -> core 24 - OK[0m[1;34m
[0m[1;34m	threadid 47653951272704 -> core 25 - OK[0m[1;34m
[0m[1;34m	threadid 47653953373952 -> core 26 - OK[0m[1;34m
[0m[1;34m	threadid 47653955475200 -> core 27 - OK[0m[1;34m
[0m[1;34m	threadid 47653957576448 -> core 28 - OK[0m[1;34m
[0m[1;34m	threadid 47653959677696 -> core 29 - OK[0m[1;34m
[0miterations: 120
Total iterations: 1074247680 LUP
FLOP: 89
Total work: 95608043520 FLOP
performance: 0.333813 GLUP/s
Performance in GFLOP/s: 29.709359
size: 9000000
time: 3.218112
[1;34m[pthread wrapper] 
[0m[1;34m[pthread wrapper] MAIN -> 0
[0m[1;34m[pthread wrapper] PIN_MASK: [0m[1;34m0->1  [0m[1;34m1->2  [0m[1;34m2->3  [0m[1;34m3->4  [0m[1;34m4->5  [0m[1;34m5->6  [0m[1;34m6->7  [0m[1;34m7->8  [0m[1;34m8->9  [0m[1;34m9->20  [0m[1;34m10->21  [0m[1;34m11->22  [0m[1;34m12->23  [0m[1;34m13->24  [0m[1;34m14->25  [0m[1;34m15->26  [0m[1;34m16->27  [0m[1;34m17->28  [0m[1;34m18->29  [0m[1;34m
[pthread wrapper] SKIP MASK: 0x0
[0m[1;34m	threadid 47027642836736 -> core 1 - OK[0m[1;34m
[0m[1;34m	threadid 47027644937984 -> core 2 - OK[0m[1;34m
[0m[1;34m	threadid 47027647039232 -> core 3 - OK[0m[1;34m
[0m[1;34m	threadid 47027649140480 -> core 4 - OK[0m[1;34m
[0m[1;34m	threadid 47027651241728 -> core 5 - OK[0m[1;34m
[0m[1;34m	threadid 47027653342976 -> core 6 - OK[0m[1;34m
[0m[1;34m	threadid 47027655444224 -> core 7 - OK[0m[1;34m
[0m[1;34m	threadid 47027657545472 -> core 8 - OK[0m[1;34m
[0m[1;34m	threadid 47027659646720 -> core 9 - OK[0m[1;34m
[0m[1;34m	threadid 47027661747968 -> core 20 - OK[0m[1;34m
[0m[1;34m	threadid 47027663849216 -> core 21 - OK[0m[1;34m
[0m[1;34m	threadid 47027665950464 -> core 22 - OK[0m[1;34m
[0m[1;34m	threadid 47027668051712 -> core 23 - OK[0m[1;34m
[0m[1;34m	threadid 47027670152960 -> core 24 - OK[0m[1;34m
[0m[1;34m	threadid 47027672254208 -> core 25 - OK[0m[1;34m
[0m[1;34m	threadid 47027674355456 -> core 26 - OK[0m[1;34m
[0m[1;34m	threadid 47027676456704 -> core 27 - OK[0m[1;34m
[0m[1;34m	threadid 47027678557952 -> core 28 - OK[0m[1;34m
[0m[1;34m	threadid 47027680659200 -> core 29 - OK[0m[1;34m
[0miterations: 120
Total iterations: 1074247680 LUP
FLOP: 89
Total work: 95608043520 FLOP
performance: 0.333854 GLUP/s
Performance in GFLOP/s: 29.712969
size: 9000000
time: 3.217721
