iterations: 120
Total iterations: 1074247680 LUP
FLOP: 89
Total work: 95608043520 FLOP
performance: 0.263878 GLUP/s
Performance in GFLOP/s: 23.485149
size: 9000000
time: 4.071000
iterations: 120
Total iterations: 1074247680 LUP
FLOP: 89
Total work: 95608043520 FLOP
performance: 0.263588 GLUP/s
Performance in GFLOP/s: 23.459350
size: 9000000
time: 4.075477
iterations: 120
Total iterations: 1074247680 LUP
FLOP: 89
Total work: 95608043520 FLOP
performance: 0.263969 GLUP/s
Performance in GFLOP/s: 23.493269
size: 9000000
time: 4.069593
iterations: 120
Total iterations: 1074247680 LUP
FLOP: 89
Total work: 95608043520 FLOP
performance: 0.206133 GLUP/s
Performance in GFLOP/s: 18.345801
size: 9000000
time: 5.211440
iterations: 120
Total iterations: 1074247680 LUP
FLOP: 89
Total work: 95608043520 FLOP
performance: 0.263733 GLUP/s
Performance in GFLOP/s: 23.472263
size: 9000000
time: 4.073235
iterations: 120
Total iterations: 1074247680 LUP
FLOP: 89
Total work: 95608043520 FLOP
performance: 0.263936 GLUP/s
Performance in GFLOP/s: 23.490284
size: 9000000
time: 4.070110
iterations: 120
Total iterations: 1074247680 LUP
FLOP: 89
Total work: 95608043520 FLOP
performance: 0.263713 GLUP/s
Performance in GFLOP/s: 23.470448
size: 9000000
time: 4.073550
iterations: 120
Total iterations: 1074247680 LUP
FLOP: 89
Total work: 95608043520 FLOP
performance: 0.263860 GLUP/s
Performance in GFLOP/s: 23.483505
size: 9000000
time: 4.071285
iterations: 120
Total iterations: 1074247680 LUP
FLOP: 89
Total work: 95608043520 FLOP
performance: 0.263689 GLUP/s
Performance in GFLOP/s: 23.468327
size: 9000000
time: 4.073918
iterations: 120
Total iterations: 1074247680 LUP
FLOP: 89
Total work: 95608043520 FLOP
performance: 0.263854 GLUP/s
Performance in GFLOP/s: 23.483045
size: 9000000
time: 4.071365
