iterations: 120
Total iterations: 1074247680 LUP
FLOP: 89
Total work: 95608043520 FLOP
performance: 0.134743 GLUP/s
Performance in GFLOP/s: 11.992164
size: 9000000
time: 7.972543
iterations: 120
Total iterations: 1074247680 LUP
FLOP: 89
Total work: 95608043520 FLOP
performance: 0.134822 GLUP/s
Performance in GFLOP/s: 11.999199
size: 9000000
time: 7.967869
iterations: 120
Total iterations: 1074247680 LUP
FLOP: 89
Total work: 95608043520 FLOP
performance: 0.133956 GLUP/s
Performance in GFLOP/s: 11.922047
size: 9000000
time: 8.019432
iterations: 120
Total iterations: 1074247680 LUP
FLOP: 89
Total work: 95608043520 FLOP
performance: 0.134646 GLUP/s
Performance in GFLOP/s: 11.983499
size: 9000000
time: 7.978308
iterations: 120
Total iterations: 1074247680 LUP
FLOP: 89
Total work: 95608043520 FLOP
performance: 0.134738 GLUP/s
Performance in GFLOP/s: 11.991680
size: 9000000
time: 7.972865
iterations: 120
Total iterations: 1074247680 LUP
FLOP: 89
Total work: 95608043520 FLOP
performance: 0.134733 GLUP/s
Performance in GFLOP/s: 11.991266
size: 9000000
time: 7.973140
iterations: 120
Total iterations: 1074247680 LUP
FLOP: 89
Total work: 95608043520 FLOP
performance: 0.134745 GLUP/s
Performance in GFLOP/s: 11.992320
size: 9000000
time: 7.972439
iterations: 120
Total iterations: 1074247680 LUP
FLOP: 89
Total work: 95608043520 FLOP
performance: 0.134814 GLUP/s
Performance in GFLOP/s: 11.998485
size: 9000000
time: 7.968343
iterations: 120
Total iterations: 1074247680 LUP
FLOP: 89
Total work: 95608043520 FLOP
performance: 0.134735 GLUP/s
Performance in GFLOP/s: 11.991429
size: 9000000
time: 7.973032
iterations: 120
Total iterations: 1074247680 LUP
FLOP: 89
Total work: 95608043520 FLOP
performance: 0.134775 GLUP/s
Performance in GFLOP/s: 11.994933
size: 9000000
time: 7.970703
