[1;34m[pthread wrapper] 
[0m[1;34m[pthread wrapper] MAIN -> 0
[0m[1;34m[pthread wrapper] PIN_MASK: [0m[1;34m0->1  [0m[1;34m1->2  [0m[1;34m2->10  [0m[1;34m3->11  [0m[1;34m4->12  [0m[1;34m
[pthread wrapper] SKIP MASK: 0x0
[0m[1;34m	threadid 47217277384448 -> core 1 - OK[0m[1;34m
[0m[1;34m	threadid 47217279485696 -> core 2 - OK[0m[1;34m
[0m[1;34m	threadid 47217281586944 -> core 10 - OK[0m[1;34m
[0m[1;34m	threadid 47217283688192 -> core 11 - OK[0m[1;34m
[0m[1;34m	threadid 47217285789440 -> core 12 - OK[0m[1;34m
[0miterations: 200
Total iterations: 1790412800 LUP
FLOP: 89
Total work: 159346739200 FLOP
performance: 0.198581 GLUP/s
Performance in GFLOP/s: 17.673699
size: 9000000
time: 9.016038
[1;34m[pthread wrapper] 
[0m[1;34m[pthread wrapper] MAIN -> 0
[0m[1;34m[pthread wrapper] PIN_MASK: [0m[1;34m0->1  [0m[1;34m1->2  [0m[1;34m2->10  [0m[1;34m3->11  [0m[1;34m4->12  [0m[1;34m
[pthread wrapper] SKIP MASK: 0x0
[0m[1;34m	threadid 47225813432064 -> core 1 - OK[0m[1;34m
[0m[1;34m	threadid 47225815533312 -> core 2 - OK[0m[1;34m
[0m[1;34m	threadid 47225817634560 -> core 10 - OK[0m[1;34m
[0m[1;34m	threadid 47225819735808 -> core 11 - OK[0m[1;34m
[0m[1;34m	threadid 47225821837056 -> core 12 - OK[0m[1;34m
[0miterations: 200
Total iterations: 1790412800 LUP
FLOP: 89
Total work: 159346739200 FLOP
performance: 0.198391 GLUP/s
Performance in GFLOP/s: 17.656833
size: 9000000
time: 9.024650
[1;34m[pthread wrapper] 
[0m[1;34m[pthread wrapper] MAIN -> 0
[0m[1;34m[pthread wrapper] PIN_MASK: [0m[1;34m0->1  [0m[1;34m1->2  [0m[1;34m2->10  [0m[1;34m3->11  [0m[1;34m4->12  [0m[1;34m
[pthread wrapper] SKIP MASK: 0x0
[0m[1;34m	threadid 47233115440896 -> core 1 - OK[0m[1;34m
[0m[1;34m	threadid 47233117542144 -> core 2 - OK[0m[1;34m
[0m[1;34m	threadid 47233119643392 -> core 10 - OK[0m[1;34m
[0m[1;34m	threadid 47233121744640 -> core 11 - OK[0m[1;34m
[0m[1;34m	threadid 47233123845888 -> core 12 - OK[0m[1;34m
[0miterations: 200
Total iterations: 1790412800 LUP
FLOP: 89
Total work: 159346739200 FLOP
performance: 0.198602 GLUP/s
Performance in GFLOP/s: 17.675587
size: 9000000
time: 9.015075
[1;34m[pthread wrapper] 
[0m[1;34m[pthread wrapper] MAIN -> 0
[0m[1;34m[pthread wrapper] PIN_MASK: [0m[1;34m0->1  [0m[1;34m1->2  [0m[1;34m2->10  [0m[1;34m3->11  [0m[1;34m4->12  [0m[1;34m
[pthread wrapper] SKIP MASK: 0x0
[0m[1;34m	threadid 46966565795584 -> core 1 - OK[0m[1;34m
[0m[1;34m	threadid 46966567896832 -> core 2 - OK[0m[1;34m
[0m[1;34m	threadid 46966569998080 -> core 10 - OK[0m[1;34m
[0m[1;34m	threadid 46966572099328 -> core 11 - OK[0m[1;34m
[0m[1;34m	threadid 46966574200576 -> core 12 - OK[0m[1;34m
[0miterations: 200
Total iterations: 1790412800 LUP
FLOP: 89
Total work: 159346739200 FLOP
performance: 0.198573 GLUP/s
Performance in GFLOP/s: 17.672983
size: 9000000
time: 9.016403
[1;34m[pthread wrapper] 
[0m[1;34m[pthread wrapper] MAIN -> 0
[0m[1;34m[pthread wrapper] PIN_MASK: [0m[1;34m0->1  [0m[1;34m1->2  [0m[1;34m2->10  [0m[1;34m3->11  [0m[1;34m4->12  [0m[1;34m
[pthread wrapper] SKIP MASK: 0x0
[0m[1;34m	threadid 47559569049344 -> core 1 - OK[0m[1;34m
[0m[1;34m	threadid 47559571150592 -> core 2 - OK[0m[1;34m
[0m[1;34m	threadid 47559573251840 -> core 10 - OK[0m[1;34m
[0m[1;34m	threadid 47559575353088 -> core 11 - OK[0m[1;34m
[0m[1;34m	threadid 47559577454336 -> core 12 - OK[0m[1;34m
[0miterations: 200
Total iterations: 1790412800 LUP
FLOP: 89
Total work: 159346739200 FLOP
performance: 0.198517 GLUP/s
Performance in GFLOP/s: 17.668019
size: 9000000
time: 9.018936
[1;34m[pthread wrapper] 
[0m[1;34m[pthread wrapper] MAIN -> 0
[0m[1;34m[pthread wrapper] PIN_MASK: [0m[1;34m0->1  [0m[1;34m1->2  [0m[1;34m2->10  [0m[1;34m3->11  [0m[1;34m4->12  [0m[1;34m
[pthread wrapper] SKIP MASK: 0x0
[0m[1;34m	threadid 46985863698176 -> core 1 - OK[0m[1;34m
[0m[1;34m	threadid 46985865799424 -> core 2 - OK[0m[1;34m
[0m[1;34m	threadid 46985867900672 -> core 10 - OK[0m[1;34m
[0m[1;34m	threadid 46985870001920 -> core 11 - OK[0m[1;34m
[0m[1;34m	threadid 46985872103168 -> core 12 - OK[0m[1;34m
[0miterations: 200
Total iterations: 1790412800 LUP
FLOP: 89
Total work: 159346739200 FLOP
performance: 0.198613 GLUP/s
Performance in GFLOP/s: 17.676522
size: 9000000
time: 9.014598
[1;34m[pthread wrapper] 
[0m[1;34m[pthread wrapper] MAIN -> 0
[0m[1;34m[pthread wrapper] PIN_MASK: [0m[1;34m0->1  [0m[1;34m1->2  [0m[1;34m2->10  [0m[1;34m3->11  [0m[1;34m4->12  [0m[1;34m
[pthread wrapper] SKIP MASK: 0x0
[0m[1;34m	threadid 47445727753984 -> core 1 - OK[0m[1;34m
[0m[1;34m	threadid 47445729855232 -> core 2 - OK[0m[1;34m
[0m[1;34m	threadid 47445731956480 -> core 10 - OK[0m[1;34m
[0m[1;34m	threadid 47445734057728 -> core 11 - OK[0m[1;34m
[0m[1;34m	threadid 47445736158976 -> core 12 - OK[0m[1;34m
[0miterations: 200
Total iterations: 1790412800 LUP
FLOP: 89
Total work: 159346739200 FLOP
performance: 0.198508 GLUP/s
Performance in GFLOP/s: 17.667168
size: 9000000
time: 9.019371
[1;34m[pthread wrapper] 
[0m[1;34m[pthread wrapper] MAIN -> 0
[0m[1;34m[pthread wrapper] PIN_MASK: [0m[1;34m0->1  [0m[1;34m1->2  [0m[1;34m2->10  [0m[1;34m3->11  [0m[1;34m4->12  [0m[1;34m
[pthread wrapper] SKIP MASK: 0x0
[0m[1;34m	threadid 47199837460224 -> core 1 - OK[0m[1;34m
[0m[1;34m	threadid 47199839561472 -> core 2 - OK[0m[1;34m
[0m[1;34m	threadid 47199841662720 -> core 10 - OK[0m[1;34m
[0m[1;34m	threadid 47199843763968 -> core 11 - OK[0m[1;34m
[0m[1;34m	threadid 47199845865216 -> core 12 - OK[0m[1;34m
[0miterations: 200
Total iterations: 1790412800 LUP
FLOP: 89
Total work: 159346739200 FLOP
performance: 0.198657 GLUP/s
Performance in GFLOP/s: 17.680474
size: 9000000
time: 9.012583
[1;34m[pthread wrapper] 
[0m[1;34m[pthread wrapper] MAIN -> 0
[0m[1;34m[pthread wrapper] PIN_MASK: [0m[1;34m0->1  [0m[1;34m1->2  [0m[1;34m2->10  [0m[1;34m3->11  [0m[1;34m4->12  [0m[1;34m
[pthread wrapper] SKIP MASK: 0x0
[0m[1;34m	threadid 47076213651200 -> core 1 - OK[0m[1;34m
[0m[1;34m	threadid 47076215752448 -> core 2 - OK[0m[1;34m
[0m[1;34m	threadid 47076217853696 -> core 10 - OK[0m[1;34m
[0m[1;34m	threadid 47076219954944 -> core 11 - OK[0m[1;34m
[0m[1;34m	threadid 47076222056192 -> core 12 - OK[0m[1;34m
[0miterations: 200
Total iterations: 1790412800 LUP
FLOP: 89
Total work: 159346739200 FLOP
performance: 0.198631 GLUP/s
Performance in GFLOP/s: 17.678140
size: 9000000
time: 9.013773
[1;34m[pthread wrapper] 
[0m[1;34m[pthread wrapper] MAIN -> 0
[0m[1;34m[pthread wrapper] PIN_MASK: [0m[1;34m0->1  [0m[1;34m1->2  [0m[1;34m2->10  [0m[1;34m3->11  [0m[1;34m4->12  [0m[1;34m
[pthread wrapper] SKIP MASK: 0x0
[0m[1;34m	threadid 47230292092672 -> core 1 - OK[0m[1;34m
[0m[1;34m	threadid 47230294193920 -> core 2 - OK[0m[1;34m
[0m[1;34m	threadid 47230296295168 -> core 10 - OK[0m[1;34m
[0m[1;34m	threadid 47230298396416 -> core 11 - OK[0m[1;34m
[0m[1;34m	threadid 47230300497664 -> core 12 - OK[0m[1;34m
[0miterations: 200
Total iterations: 1790412800 LUP
FLOP: 89
Total work: 159346739200 FLOP
performance: 0.198650 GLUP/s
Performance in GFLOP/s: 17.679827
size: 9000000
time: 9.012913
