iterations: 200
Total iterations: 48412800 LUP
FLOP: 89
Total work: 4308739200 FLOP
performance: 0.176307 GLUP/s
Performance in GFLOP/s: 15.691305
size: 250000
time: 0.274594
iterations: 200
Total iterations: 48412800 LUP
FLOP: 89
Total work: 4308739200 FLOP
performance: 0.176362 GLUP/s
Performance in GFLOP/s: 15.696225
size: 250000
time: 0.274508
iterations: 200
Total iterations: 48412800 LUP
FLOP: 89
Total work: 4308739200 FLOP
performance: 0.176284 GLUP/s
Performance in GFLOP/s: 15.689302
size: 250000
time: 0.274629
iterations: 200
Total iterations: 48412800 LUP
FLOP: 89
Total work: 4308739200 FLOP
performance: 0.176381 GLUP/s
Performance in GFLOP/s: 15.697942
size: 250000
time: 0.274478
iterations: 200
Total iterations: 48412800 LUP
FLOP: 89
Total work: 4308739200 FLOP
performance: 0.176381 GLUP/s
Performance in GFLOP/s: 15.697942
size: 250000
time: 0.274478
iterations: 200
Total iterations: 48412800 LUP
FLOP: 89
Total work: 4308739200 FLOP
performance: 0.176373 GLUP/s
Performance in GFLOP/s: 15.697193
size: 250000
time: 0.274491
iterations: 200
Total iterations: 48412800 LUP
FLOP: 89
Total work: 4308739200 FLOP
performance: 0.176338 GLUP/s
Performance in GFLOP/s: 15.694057
size: 250000
time: 0.274546
iterations: 200
Total iterations: 48412800 LUP
FLOP: 89
Total work: 4308739200 FLOP
performance: 0.176358 GLUP/s
Performance in GFLOP/s: 15.695884
size: 250000
time: 0.274514
iterations: 200
Total iterations: 48412800 LUP
FLOP: 89
Total work: 4308739200 FLOP
performance: 0.176377 GLUP/s
Performance in GFLOP/s: 15.697547
size: 250000
time: 0.274485
iterations: 200
Total iterations: 48412800 LUP
FLOP: 89
Total work: 4308739200 FLOP
performance: 0.176367 GLUP/s
Performance in GFLOP/s: 15.696688
size: 250000
time: 0.274500
