iterations: 200
Total iterations: 48412800 LUP
FLOP: 89
Total work: 4308739200 FLOP
performance: 0.034224 GLUP/s
Performance in GFLOP/s: 3.045908
size: 250000
time: 1.414599
[1;34m[likwid-pin] Main PID -> core 0 - OK[0m
iterations: 200
Total iterations: 48412800 LUP
FLOP: 89
Total work: 4308739200 FLOP
performance: 0.034218 GLUP/s
Performance in GFLOP/s: 3.045443
size: 250000
time: 1.414815
[1;34m[likwid-pin] Main PID -> core 0 - OK[0m
iterations: 200
Total iterations: 48412800 LUP
FLOP: 89
Total work: 4308739200 FLOP
performance: 0.034226 GLUP/s
Performance in GFLOP/s: 3.046133
size: 250000
time: 1.414495
[1;34m[likwid-pin] Main PID -> core 0 - OK[0m
iterations: 200
Total iterations: 48412800 LUP
FLOP: 89
Total work: 4308739200 FLOP
performance: 0.034219 GLUP/s
Performance in GFLOP/s: 3.045527
size: 250000
time: 1.414776
[1;34m[likwid-pin] Main PID -> core 0 - OK[0m
iterations: 200
Total iterations: 48412800 LUP
FLOP: 89
Total work: 4308739200 FLOP
performance: 0.034226 GLUP/s
Performance in GFLOP/s: 3.046135
size: 250000
time: 1.414494
[1;34m[likwid-pin] Main PID -> core 0 - OK[0m
iterations: 200
Total iterations: 48412800 LUP
FLOP: 89
Total work: 4308739200 FLOP
performance: 0.034221 GLUP/s
Performance in GFLOP/s: 3.045685
size: 250000
time: 1.414703
[1;34m[likwid-pin] Main PID -> core 0 - OK[0m
iterations: 200
Total iterations: 48412800 LUP
FLOP: 89
Total work: 4308739200 FLOP
performance: 0.034223 GLUP/s
Performance in GFLOP/s: 3.045844
size: 250000
time: 1.414629
[1;34m[likwid-pin] Main PID -> core 0 - OK[0m
iterations: 200
Total iterations: 48412800 LUP
FLOP: 89
Total work: 4308739200 FLOP
performance: 0.034224 GLUP/s
Performance in GFLOP/s: 3.045960
size: 250000
time: 1.414575
[1;34m[likwid-pin] Main PID -> core 0 - OK[0m
iterations: 200
Total iterations: 48412800 LUP
FLOP: 89
Total work: 4308739200 FLOP
performance: 0.034221 GLUP/s
Performance in GFLOP/s: 3.045667
size: 250000
time: 1.414711
[1;34m[likwid-pin] Main PID -> core 0 - OK[0m
iterations: 200
Total iterations: 48412800 LUP
FLOP: 89
Total work: 4308739200 FLOP
performance: 0.034227 GLUP/s
Performance in GFLOP/s: 3.046173
size: 250000
time: 1.414476
[1;34m[likwid-pin] Main PID -> core 0 - OK[0m
