iterations: 120
Total iterations: 1074247680 LUP
FLOP: 89
Total work: 95608043520 FLOP
performance: 0.034030 GLUP/s
Performance in GFLOP/s: 3.028642
size: 9000000
time: 31.567962
[1;34m[likwid-pin] Main PID -> core 0 - OK[0m
iterations: 120
Total iterations: 1074247680 LUP
FLOP: 89
Total work: 95608043520 FLOP
performance: 0.034044 GLUP/s
Performance in GFLOP/s: 3.029909
size: 9000000
time: 31.554756
[1;34m[likwid-pin] Main PID -> core 0 - OK[0m
iterations: 120
Total iterations: 1074247680 LUP
FLOP: 89
Total work: 95608043520 FLOP
performance: 0.034048 GLUP/s
Performance in GFLOP/s: 3.030314
size: 9000000
time: 31.550536
[1;34m[likwid-pin] Main PID -> core 0 - OK[0m
iterations: 120
Total iterations: 1074247680 LUP
FLOP: 89
Total work: 95608043520 FLOP
performance: 0.034049 GLUP/s
Performance in GFLOP/s: 3.030397
size: 9000000
time: 31.549674
[1;34m[likwid-pin] Main PID -> core 0 - OK[0m
iterations: 120
Total iterations: 1074247680 LUP
FLOP: 89
Total work: 95608043520 FLOP
performance: 0.034024 GLUP/s
Performance in GFLOP/s: 3.028108
size: 9000000
time: 31.573527
[1;34m[likwid-pin] Main PID -> core 0 - OK[0m
iterations: 120
Total iterations: 1074247680 LUP
FLOP: 89
Total work: 95608043520 FLOP
performance: 0.034037 GLUP/s
Performance in GFLOP/s: 3.029279
size: 9000000
time: 31.561322
[1;34m[likwid-pin] Main PID -> core 0 - OK[0m
iterations: 120
Total iterations: 1074247680 LUP
FLOP: 89
Total work: 95608043520 FLOP
performance: 0.034033 GLUP/s
Performance in GFLOP/s: 3.028912
size: 9000000
time: 31.565144
[1;34m[likwid-pin] Main PID -> core 0 - OK[0m
iterations: 120
Total iterations: 1074247680 LUP
FLOP: 89
Total work: 95608043520 FLOP
performance: 0.034037 GLUP/s
Performance in GFLOP/s: 3.029259
size: 9000000
time: 31.561526
[1;34m[likwid-pin] Main PID -> core 0 - OK[0m
iterations: 120
Total iterations: 1074247680 LUP
FLOP: 89
Total work: 95608043520 FLOP
performance: 0.034048 GLUP/s
Performance in GFLOP/s: 3.030312
size: 9000000
time: 31.550565
[1;34m[likwid-pin] Main PID -> core 0 - OK[0m
iterations: 120
Total iterations: 1074247680 LUP
FLOP: 89
Total work: 95608043520 FLOP
performance: 0.034046 GLUP/s
Performance in GFLOP/s: 3.030112
size: 9000000
time: 31.552639
[1;34m[likwid-pin] Main PID -> core 0 - OK[0m
