[1;34m[pthread wrapper] 
[0m[1;34m[pthread wrapper] MAIN -> 0
[0m[1;34m[pthread wrapper] PIN_MASK: [0m[1;34m0->1  [0m[1;34m1->2  [0m[1;34m2->3  [0m[1;34m3->4  [0m[1;34m4->5  [0m[1;34m
[pthread wrapper] SKIP MASK: 0x0
[0m[1;34m	threadid 47091308033792 -> core 1 - OK[0m[1;34m
[0m[1;34m	threadid 47091310135040 -> core 2 - OK[0m[1;34m
[0m[1;34m	threadid 47091312236288 -> core 3 - OK[0m[1;34m
[0m[1;34m	threadid 47091314337536 -> core 4 - OK[0m[1;34m
[0m[1;34m	threadid 47091316438784 -> core 5 - OK[0m[1;34m
[0miterations: 120
Total iterations: 1074247680 LUP
FLOP: 89
Total work: 95608043520 FLOP
performance: 0.199137 GLUP/s
Performance in GFLOP/s: 17.723205
size: 9000000
time: 5.394512
[1;34m[pthread wrapper] 
[0m[1;34m[pthread wrapper] MAIN -> 0
[0m[1;34m[pthread wrapper] PIN_MASK: [0m[1;34m0->1  [0m[1;34m1->2  [0m[1;34m2->3  [0m[1;34m3->4  [0m[1;34m4->5  [0m[1;34m
[pthread wrapper] SKIP MASK: 0x0
[0m[1;34m	threadid 47142362130176 -> core 1 - OK[0m[1;34m
[0m[1;34m	threadid 47142364231424 -> core 2 - OK[0m[1;34m
[0m[1;34m	threadid 47142366332672 -> core 3 - OK[0m[1;34m
[0m[1;34m	threadid 47142368433920 -> core 4 - OK[0m[1;34m
[0m[1;34m	threadid 47142370535168 -> core 5 - OK[0m[1;34m
[0miterations: 120
Total iterations: 1074247680 LUP
FLOP: 89
Total work: 95608043520 FLOP
performance: 0.177352 GLUP/s
Performance in GFLOP/s: 15.784305
size: 9000000
time: 6.057159
[1;34m[pthread wrapper] 
[0m[1;34m[pthread wrapper] MAIN -> 0
[0m[1;34m[pthread wrapper] PIN_MASK: [0m[1;34m0->1  [0m[1;34m1->2  [0m[1;34m2->3  [0m[1;34m3->4  [0m[1;34m4->5  [0m[1;34m
[pthread wrapper] SKIP MASK: 0x0
[0m[1;34m	threadid 47043706111744 -> core 1 - OK[0m[1;34m
[0m[1;34m	threadid 47043708212992 -> core 2 - OK[0m[1;34m
[0m[1;34m	threadid 47043710314240 -> core 3 - OK[0m[1;34m
[0m[1;34m	threadid 47043712415488 -> core 4 - OK[0m[1;34m
[0m[1;34m	threadid 47043714516736 -> core 5 - OK[0m[1;34m
[0miterations: 120
Total iterations: 1074247680 LUP
FLOP: 89
Total work: 95608043520 FLOP
performance: 0.199160 GLUP/s
Performance in GFLOP/s: 17.725269
size: 9000000
time: 5.393884
[1;34m[pthread wrapper] 
[0m[1;34m[pthread wrapper] MAIN -> 0
[0m[1;34m[pthread wrapper] PIN_MASK: [0m[1;34m0->1  [0m[1;34m1->2  [0m[1;34m2->3  [0m[1;34m3->4  [0m[1;34m4->5  [0m[1;34m
[pthread wrapper] SKIP MASK: 0x0
[0m[1;34m	threadid 47966339540736 -> core 1 - OK[0m[1;34m
[0m[1;34m	threadid 47966341641984 -> core 2 - OK[0m[1;34m
[0m[1;34m	threadid 47966343743232 -> core 3 - OK[0m[1;34m
[0m[1;34m	threadid 47966345844480 -> core 4 - OK[0m[1;34m
[0m[1;34m	threadid 47966347945728 -> core 5 - OK[0m[1;34m
[0miterations: 120
Total iterations: 1074247680 LUP
FLOP: 89
Total work: 95608043520 FLOP
performance: 0.186722 GLUP/s
Performance in GFLOP/s: 16.618228
size: 9000000
time: 5.753203
[1;34m[pthread wrapper] 
[0m[1;34m[pthread wrapper] MAIN -> 0
[0m[1;34m[pthread wrapper] PIN_MASK: [0m[1;34m0->1  [0m[1;34m1->2  [0m[1;34m2->3  [0m[1;34m3->4  [0m[1;34m4->5  [0m[1;34m
[pthread wrapper] SKIP MASK: 0x0
[0m[1;34m	threadid 47293154383616 -> core 1 - OK[0m[1;34m
[0m[1;34m	threadid 47293156484864 -> core 2 - OK[0m[1;34m
[0m[1;34m	threadid 47293158586112 -> core 3 - OK[0m[1;34m
[0m[1;34m	threadid 47293160687360 -> core 4 - OK[0m[1;34m
[0m[1;34m	threadid 47293162788608 -> core 5 - OK[0m[1;34m
[0miterations: 120
Total iterations: 1074247680 LUP
FLOP: 89
Total work: 95608043520 FLOP
performance: 0.187617 GLUP/s
Performance in GFLOP/s: 16.697946
size: 9000000
time: 5.725737
[1;34m[pthread wrapper] 
[0m[1;34m[pthread wrapper] MAIN -> 0
[0m[1;34m[pthread wrapper] PIN_MASK: [0m[1;34m0->1  [0m[1;34m1->2  [0m[1;34m2->3  [0m[1;34m3->4  [0m[1;34m4->5  [0m[1;34m
[pthread wrapper] SKIP MASK: 0x0
[0m[1;34m	threadid 47716772071168 -> core 1 - OK[0m[1;34m
[0m[1;34m	threadid 47716774172416 -> core 2 - OK[0m[1;34m
[0m[1;34m	threadid 47716776273664 -> core 3 - OK[0m[1;34m
[0m[1;34m	threadid 47716778374912 -> core 4 - OK[0m[1;34m
[0m[1;34m	threadid 47716780476160 -> core 5 - OK[0m[1;34m
[0miterations: 120
Total iterations: 1074247680 LUP
FLOP: 89
Total work: 95608043520 FLOP
performance: 0.199149 GLUP/s
Performance in GFLOP/s: 17.724224
size: 9000000
time: 5.394202
[1;34m[pthread wrapper] 
[0m[1;34m[pthread wrapper] MAIN -> 0
[0m[1;34m[pthread wrapper] PIN_MASK: [0m[1;34m0->1  [0m[1;34m1->2  [0m[1;34m2->3  [0m[1;34m3->4  [0m[1;34m4->5  [0m[1;34m
[pthread wrapper] SKIP MASK: 0x0
[0m[1;34m	threadid 47538438018816 -> core 1 - OK[0m[1;34m
[0m[1;34m	threadid 47538440120064 -> core 2 - OK[0m[1;34m
[0m[1;34m	threadid 47538442221312 -> core 3 - OK[0m[1;34m
[0m[1;34m	threadid 47538444322560 -> core 4 - OK[0m[1;34m
[0m[1;34m	threadid 47538446423808 -> core 5 - OK[0m[1;34m
[0miterations: 120
Total iterations: 1074247680 LUP
FLOP: 89
Total work: 95608043520 FLOP
performance: 0.182555 GLUP/s
Performance in GFLOP/s: 16.247393
size: 9000000
time: 5.884516
[1;34m[pthread wrapper] 
[0m[1;34m[pthread wrapper] MAIN -> 0
[0m[1;34m[pthread wrapper] PIN_MASK: [0m[1;34m0->1  [0m[1;34m1->2  [0m[1;34m2->3  [0m[1;34m3->4  [0m[1;34m4->5  [0m[1;34m
[pthread wrapper] SKIP MASK: 0x0
[0m[1;34m	threadid 47308621989632 -> core 1 - OK[0m[1;34m
[0m[1;34m	threadid 47308624090880 -> core 2 - OK[0m[1;34m
[0m[1;34m	threadid 47308626192128 -> core 3 - OK[0m[1;34m
[0m[1;34m	threadid 47308628293376 -> core 4 - OK[0m[1;34m
[0m[1;34m	threadid 47308630394624 -> core 5 - OK[0m[1;34m
[0miterations: 120
Total iterations: 1074247680 LUP
FLOP: 89
Total work: 95608043520 FLOP
performance: 0.186016 GLUP/s
Performance in GFLOP/s: 16.555420
size: 9000000
time: 5.775030
[1;34m[pthread wrapper] 
[0m[1;34m[pthread wrapper] MAIN -> 0
[0m[1;34m[pthread wrapper] PIN_MASK: [0m[1;34m0->1  [0m[1;34m1->2  [0m[1;34m2->3  [0m[1;34m3->4  [0m[1;34m4->5  [0m[1;34m
[pthread wrapper] SKIP MASK: 0x0
[0m[1;34m	threadid 47705420658432 -> core 1 - OK[0m[1;34m
[0m[1;34m	threadid 47705422759680 -> core 2 - OK[0m[1;34m
[0m[1;34m	threadid 47705424860928 -> core 3 - OK[0m[1;34m
[0m[1;34m	threadid 47705426962176 -> core 4 - OK[0m[1;34m
[0m[1;34m	threadid 47705429063424 -> core 5 - OK[0m[1;34m
[0miterations: 120
Total iterations: 1074247680 LUP
FLOP: 89
Total work: 95608043520 FLOP
performance: 0.198990 GLUP/s
Performance in GFLOP/s: 17.710116
size: 9000000
time: 5.398499
[1;34m[pthread wrapper] 
[0m[1;34m[pthread wrapper] MAIN -> 0
[0m[1;34m[pthread wrapper] PIN_MASK: [0m[1;34m0->1  [0m[1;34m1->2  [0m[1;34m2->3  [0m[1;34m3->4  [0m[1;34m4->5  [0m[1;34m
[pthread wrapper] SKIP MASK: 0x0
[0m[1;34m	threadid 47065824880384 -> core 1 - OK[0m[1;34m
[0m[1;34m	threadid 47065826981632 -> core 2 - OK[0m[1;34m
[0m[1;34m	threadid 47065829082880 -> core 3 - OK[0m[1;34m
[0m[1;34m	threadid 47065831184128 -> core 4 - OK[0m[1;34m
[0m[1;34m	threadid 47065833285376 -> core 5 - OK[0m[1;34m
[0miterations: 120
Total iterations: 1074247680 LUP
FLOP: 89
Total work: 95608043520 FLOP
performance: 0.199162 GLUP/s
Performance in GFLOP/s: 17.725450
size: 9000000
time: 5.393829
