iterations: 200
Total iterations: 48412800 LUP
FLOP: 89
Total work: 4308739200 FLOP
performance: 0.406185 GLUP/s
Performance in GFLOP/s: 36.150470
size: 250000
time: 0.119189
iterations: 200
Total iterations: 48412800 LUP
FLOP: 89
Total work: 4308739200 FLOP
performance: 0.406342 GLUP/s
Performance in GFLOP/s: 36.164432
size: 250000
time: 0.119143
iterations: 200
Total iterations: 48412800 LUP
FLOP: 89
Total work: 4308739200 FLOP
performance: 0.406322 GLUP/s
Performance in GFLOP/s: 36.162622
size: 250000
time: 0.119149
iterations: 200
Total iterations: 48412800 LUP
FLOP: 89
Total work: 4308739200 FLOP
performance: 0.502072 GLUP/s
Performance in GFLOP/s: 44.684408
size: 250000
time: 0.096426
iterations: 200
Total iterations: 48412800 LUP
FLOP: 89
Total work: 4308739200 FLOP
performance: 0.405892 GLUP/s
Performance in GFLOP/s: 36.124383
size: 250000
time: 0.119275
iterations: 200
Total iterations: 48412800 LUP
FLOP: 89
Total work: 4308739200 FLOP
performance: 0.406172 GLUP/s
Performance in GFLOP/s: 36.149313
size: 250000
time: 0.119193
iterations: 200
Total iterations: 48412800 LUP
FLOP: 89
Total work: 4308739200 FLOP
performance: 0.405722 GLUP/s
Performance in GFLOP/s: 36.109298
size: 250000
time: 0.119325
iterations: 200
Total iterations: 48412800 LUP
FLOP: 89
Total work: 4308739200 FLOP
performance: 0.405825 GLUP/s
Performance in GFLOP/s: 36.118391
size: 250000
time: 0.119295
iterations: 200
Total iterations: 48412800 LUP
FLOP: 89
Total work: 4308739200 FLOP
performance: 0.405773 GLUP/s
Performance in GFLOP/s: 36.113772
size: 250000
time: 0.119310
iterations: 200
Total iterations: 48412800 LUP
FLOP: 89
Total work: 4308739200 FLOP
performance: 0.453932 GLUP/s
Performance in GFLOP/s: 40.399977
size: 250000
time: 0.106652
