iterations: 120
Total iterations: 1074247680 LUP
FLOP: 89
Total work: 95608043520 FLOP
performance: 0.134791 GLUP/s
Performance in GFLOP/s: 11.996406
size: 9000000
time: 7.969724
iterations: 120
Total iterations: 1074247680 LUP
FLOP: 89
Total work: 95608043520 FLOP
performance: 0.134851 GLUP/s
Performance in GFLOP/s: 12.001708
size: 9000000
time: 7.966203
iterations: 120
Total iterations: 1074247680 LUP
FLOP: 89
Total work: 95608043520 FLOP
performance: 0.134821 GLUP/s
Performance in GFLOP/s: 11.999059
size: 9000000
time: 7.967962
iterations: 120
Total iterations: 1074247680 LUP
FLOP: 89
Total work: 95608043520 FLOP
performance: 0.134823 GLUP/s
Performance in GFLOP/s: 11.999282
size: 9000000
time: 7.967814
iterations: 120
Total iterations: 1074247680 LUP
FLOP: 89
Total work: 95608043520 FLOP
performance: 0.134750 GLUP/s
Performance in GFLOP/s: 11.992782
size: 9000000
time: 7.972132
iterations: 120
Total iterations: 1074247680 LUP
FLOP: 89
Total work: 95608043520 FLOP
performance: 0.134832 GLUP/s
Performance in GFLOP/s: 12.000030
size: 9000000
time: 7.967317
iterations: 120
Total iterations: 1074247680 LUP
FLOP: 89
Total work: 95608043520 FLOP
performance: 0.134820 GLUP/s
Performance in GFLOP/s: 11.998953
size: 9000000
time: 7.968032
iterations: 120
Total iterations: 1074247680 LUP
FLOP: 89
Total work: 95608043520 FLOP
performance: 0.134758 GLUP/s
Performance in GFLOP/s: 11.993456
size: 9000000
time: 7.971684
iterations: 120
Total iterations: 1074247680 LUP
FLOP: 89
Total work: 95608043520 FLOP
performance: 0.134657 GLUP/s
Performance in GFLOP/s: 11.984469
size: 9000000
time: 7.977662
iterations: 120
Total iterations: 1074247680 LUP
FLOP: 89
Total work: 95608043520 FLOP
performance: 0.134828 GLUP/s
Performance in GFLOP/s: 11.999691
size: 9000000
time: 7.967542
