[1;34m[pthread wrapper] 
[0m[1;34m[pthread wrapper] MAIN -> 0
[0m[1;34m[pthread wrapper] PIN_MASK: [0m[1;34m0->1  [0m[1;34m1->2  [0m[1;34m2->3  [0m[1;34m3->4  [0m[1;34m4->5  [0m[1;34m5->6  [0m[1;34m6->7  [0m[1;34m
[pthread wrapper] SKIP MASK: 0x0
[0m[1;34m	threadid 47675222443776 -> core 1 - OK[0m[1;34m
[0m[1;34m	threadid 47675224545024 -> core 2 - OK[0m[1;34m
[0m[1;34m	threadid 47675226646272 -> core 3 - OK[0m[1;34m
[0m[1;34m	threadid 47675228747520 -> core 4 - OK[0m[1;34m
[0m[1;34m	threadid 47675230848768 -> core 5 - OK[0m[1;34m
[0m[1;34m	threadid 47675232950016 -> core 6 - OK[0m[1;34m
[0m[1;34m	threadid 47675235051264 -> core 7 - OK[0m[1;34m
[0miterations: 120
Total iterations: 1074247680 LUP
FLOP: 89
Total work: 95608043520 FLOP
performance: 0.265361 GLUP/s
Performance in GFLOP/s: 23.617148
size: 9000000
time: 4.048247
[1;34m[pthread wrapper] 
[0m[1;34m[pthread wrapper] MAIN -> 0
[0m[1;34m[pthread wrapper] PIN_MASK: [0m[1;34m0->1  [0m[1;34m1->2  [0m[1;34m2->3  [0m[1;34m3->4  [0m[1;34m4->5  [0m[1;34m5->6  [0m[1;34m6->7  [0m[1;34m
[pthread wrapper] SKIP MASK: 0x0
[0m[1;34m	threadid 46969429079808 -> core 1 - OK[0m[1;34m
[0m[1;34m	threadid 46969431181056 -> core 2 - OK[0m[1;34m
[0m[1;34m	threadid 46969433282304 -> core 3 - OK[0m[1;34m
[0m[1;34m	threadid 46969435383552 -> core 4 - OK[0m[1;34m
[0m[1;34m	threadid 46969437484800 -> core 5 - OK[0m[1;34m
[0m[1;34m	threadid 46969439586048 -> core 6 - OK[0m[1;34m
[0m[1;34m	threadid 46969441687296 -> core 7 - OK[0m[1;34m
[0miterations: 120
Total iterations: 1074247680 LUP
FLOP: 89
Total work: 95608043520 FLOP
performance: 0.265359 GLUP/s
Performance in GFLOP/s: 23.616983
size: 9000000
time: 4.048275
[1;34m[pthread wrapper] 
[0m[1;34m[pthread wrapper] MAIN -> 0
[0m[1;34m[pthread wrapper] PIN_MASK: [0m[1;34m0->1  [0m[1;34m1->2  [0m[1;34m2->3  [0m[1;34m3->4  [0m[1;34m4->5  [0m[1;34m5->6  [0m[1;34m6->7  [0m[1;34m
[pthread wrapper] SKIP MASK: 0x0
[0m[1;34m	threadid 47846163674880 -> core 1 - OK[0m[1;34m
[0m[1;34m	threadid 47846165776128 -> core 2 - OK[0m[1;34m
[0m[1;34m	threadid 47846167877376 -> core 3 - OK[0m[1;34m
[0m[1;34m	threadid 47846169978624 -> core 4 - OK[0m[1;34m
[0m[1;34m	threadid 47846172079872 -> core 5 - OK[0m[1;34m
[0m[1;34m	threadid 47846174181120 -> core 6 - OK[0m[1;34m
[0m[1;34m	threadid 47846176282368 -> core 7 - OK[0m[1;34m
[0miterations: 120
Total iterations: 1074247680 LUP
FLOP: 89
Total work: 95608043520 FLOP
performance: 0.265346 GLUP/s
Performance in GFLOP/s: 23.615800
size: 9000000
time: 4.048478
[1;34m[pthread wrapper] 
[0m[1;34m[pthread wrapper] MAIN -> 0
[0m[1;34m[pthread wrapper] PIN_MASK: [0m[1;34m0->1  [0m[1;34m1->2  [0m[1;34m2->3  [0m[1;34m3->4  [0m[1;34m4->5  [0m[1;34m5->6  [0m[1;34m6->7  [0m[1;34m
[pthread wrapper] SKIP MASK: 0x0
[0m[1;34m	threadid 47786012514048 -> core 1 - OK[0m[1;34m
[0m[1;34m	threadid 47786014615296 -> core 2 - OK[0m[1;34m
[0m[1;34m	threadid 47786016716544 -> core 3 - OK[0m[1;34m
[0m[1;34m	threadid 47786018817792 -> core 4 - OK[0m[1;34m
[0m[1;34m	threadid 47786020919040 -> core 5 - OK[0m[1;34m
[0m[1;34m	threadid 47786023020288 -> core 6 - OK[0m[1;34m
[0m[1;34m	threadid 47786025121536 -> core 7 - OK[0m[1;34m
[0miterations: 120
Total iterations: 1074247680 LUP
FLOP: 89
Total work: 95608043520 FLOP
performance: 0.265405 GLUP/s
Performance in GFLOP/s: 23.621022
size: 9000000
time: 4.047583
[1;34m[pthread wrapper] 
[0m[1;34m[pthread wrapper] MAIN -> 0
[0m[1;34m[pthread wrapper] PIN_MASK: [0m[1;34m0->1  [0m[1;34m1->2  [0m[1;34m2->3  [0m[1;34m3->4  [0m[1;34m4->5  [0m[1;34m5->6  [0m[1;34m6->7  [0m[1;34m
[pthread wrapper] SKIP MASK: 0x0
[0m[1;34m	threadid 47412662961920 -> core 1 - OK[0m[1;34m
[0m[1;34m	threadid 47412665063168 -> core 2 - OK[0m[1;34m
[0m[1;34m	threadid 47412667164416 -> core 3 - OK[0m[1;34m
[0m[1;34m	threadid 47412669265664 -> core 4 - OK[0m[1;34m
[0m[1;34m	threadid 47412671366912 -> core 5 - OK[0m[1;34m
[0m[1;34m	threadid 47412673468160 -> core 6 - OK[0m[1;34m
[0m[1;34m	threadid 47412675569408 -> core 7 - OK[0m[1;34m
[0miterations: 120
Total iterations: 1074247680 LUP
FLOP: 89
Total work: 95608043520 FLOP
performance: 0.265416 GLUP/s
Performance in GFLOP/s: 23.622025
size: 9000000
time: 4.047411
[1;34m[pthread wrapper] 
[0m[1;34m[pthread wrapper] MAIN -> 0
[0m[1;34m[pthread wrapper] PIN_MASK: [0m[1;34m0->1  [0m[1;34m1->2  [0m[1;34m2->3  [0m[1;34m3->4  [0m[1;34m4->5  [0m[1;34m5->6  [0m[1;34m6->7  [0m[1;34m
[pthread wrapper] SKIP MASK: 0x0
[0m[1;34m	threadid 47993967044352 -> core 1 - OK[0m[1;34m
[0m[1;34m	threadid 47993969145600 -> core 2 - OK[0m[1;34m
[0m[1;34m	threadid 47993971246848 -> core 3 - OK[0m[1;34m
[0m[1;34m	threadid 47993973348096 -> core 4 - OK[0m[1;34m
[0m[1;34m	threadid 47993975449344 -> core 5 - OK[0m[1;34m
[0m[1;34m	threadid 47993977550592 -> core 6 - OK[0m[1;34m
[0m[1;34m	threadid 47993979651840 -> core 7 - OK[0m[1;34m
[0miterations: 120
Total iterations: 1074247680 LUP
FLOP: 89
Total work: 95608043520 FLOP
performance: 0.265340 GLUP/s
Performance in GFLOP/s: 23.615216
size: 9000000
time: 4.048578
[1;34m[pthread wrapper] 
[0m[1;34m[pthread wrapper] MAIN -> 0
[0m[1;34m[pthread wrapper] PIN_MASK: [0m[1;34m0->1  [0m[1;34m1->2  [0m[1;34m2->3  [0m[1;34m3->4  [0m[1;34m4->5  [0m[1;34m5->6  [0m[1;34m6->7  [0m[1;34m
[pthread wrapper] SKIP MASK: 0x0
[0m[1;34m	threadid 46949646989056 -> core 1 - OK[0m[1;34m
[0m[1;34m	threadid 46949649090304 -> core 2 - OK[0m[1;34m
[0m[1;34m	threadid 46949651191552 -> core 3 - OK[0m[1;34m
[0m[1;34m	threadid 46949653292800 -> core 4 - OK[0m[1;34m
[0m[1;34m	threadid 46949655394048 -> core 5 - OK[0m[1;34m
[0m[1;34m	threadid 46949657495296 -> core 6 - OK[0m[1;34m
[0m[1;34m	threadid 46949659596544 -> core 7 - OK[0m[1;34m
[0miterations: 120
Total iterations: 1074247680 LUP
FLOP: 89
Total work: 95608043520 FLOP
performance: 0.265405 GLUP/s
Performance in GFLOP/s: 23.621079
size: 9000000
time: 4.047573
[1;34m[pthread wrapper] 
[0m[1;34m[pthread wrapper] MAIN -> 0
[0m[1;34m[pthread wrapper] PIN_MASK: [0m[1;34m0->1  [0m[1;34m1->2  [0m[1;34m2->3  [0m[1;34m3->4  [0m[1;34m4->5  [0m[1;34m5->6  [0m[1;34m6->7  [0m[1;34m
[pthread wrapper] SKIP MASK: 0x0
[0m[1;34m	threadid 47410896209664 -> core 1 - OK[0m[1;34m
[0m[1;34m	threadid 47410898310912 -> core 2 - OK[0m[1;34m
[0m[1;34m	threadid 47410900412160 -> core 3 - OK[0m[1;34m
[0m[1;34m	threadid 47410902513408 -> core 4 - OK[0m[1;34m
[0m[1;34m	threadid 47410904614656 -> core 5 - OK[0m[1;34m
[0m[1;34m	threadid 47410906715904 -> core 6 - OK[0m[1;34m
[0m[1;34m	threadid 47410908817152 -> core 7 - OK[0m[1;34m
[0miterations: 120
Total iterations: 1074247680 LUP
FLOP: 89
Total work: 95608043520 FLOP
performance: 0.265454 GLUP/s
Performance in GFLOP/s: 23.625369
size: 9000000
time: 4.046838
[1;34m[pthread wrapper] 
[0m[1;34m[pthread wrapper] MAIN -> 0
[0m[1;34m[pthread wrapper] PIN_MASK: [0m[1;34m0->1  [0m[1;34m1->2  [0m[1;34m2->3  [0m[1;34m3->4  [0m[1;34m4->5  [0m[1;34m5->6  [0m[1;34m6->7  [0m[1;34m
[pthread wrapper] SKIP MASK: 0x0
[0m[1;34m	threadid 47153185396480 -> core 1 - OK[0m[1;34m
[0m[1;34m	threadid 47153187497728 -> core 2 - OK[0m[1;34m
[0m[1;34m	threadid 47153189598976 -> core 3 - OK[0m[1;34m
[0m[1;34m	threadid 47153191700224 -> core 4 - OK[0m[1;34m
[0m[1;34m	threadid 47153193801472 -> core 5 - OK[0m[1;34m
[0m[1;34m	threadid 47153195902720 -> core 6 - OK[0m[1;34m
[0m[1;34m	threadid 47153198003968 -> core 7 - OK[0m[1;34m
[0miterations: 120
Total iterations: 1074247680 LUP
FLOP: 89
Total work: 95608043520 FLOP
performance: 0.265354 GLUP/s
Performance in GFLOP/s: 23.616534
size: 9000000
time: 4.048352
[1;34m[pthread wrapper] 
[0m[1;34m[pthread wrapper] MAIN -> 0
[0m[1;34m[pthread wrapper] PIN_MASK: [0m[1;34m0->1  [0m[1;34m1->2  [0m[1;34m2->3  [0m[1;34m3->4  [0m[1;34m4->5  [0m[1;34m5->6  [0m[1;34m6->7  [0m[1;34m
[pthread wrapper] SKIP MASK: 0x0
[0m[1;34m	threadid 47486520825600 -> core 1 - OK[0m[1;34m
[0m[1;34m	threadid 47486522926848 -> core 2 - OK[0m[1;34m
[0m[1;34m	threadid 47486525028096 -> core 3 - OK[0m[1;34m
[0m[1;34m	threadid 47486527129344 -> core 4 - OK[0m[1;34m
[0m[1;34m	threadid 47486529230592 -> core 5 - OK[0m[1;34m
[0m[1;34m	threadid 47486531331840 -> core 6 - OK[0m[1;34m
[0m[1;34m	threadid 47486533433088 -> core 7 - OK[0m[1;34m
[0miterations: 120
Total iterations: 1074247680 LUP
FLOP: 89
Total work: 95608043520 FLOP
performance: 0.265345 GLUP/s
Performance in GFLOP/s: 23.615672
size: 9000000
time: 4.048500
