[1;34m[pthread wrapper] 
[0m[1;34m[pthread wrapper] MAIN -> 0
[0m[1;34m[pthread wrapper] PIN_MASK: [0m[1;34m0->1  [0m[1;34m1->2  [0m[1;34m2->3  [0m[1;34m3->4  [0m[1;34m4->5  [0m[1;34m5->6  [0m[1;34m6->7  [0m[1;34m7->8  [0m[1;34m8->9  [0m[1;34m9->10  [0m[1;34m10->11  [0m[1;34m11->12  [0m[1;34m12->13  [0m[1;34m13->14  [0m[1;34m14->15  [0m[1;34m15->16  [0m[1;34m16->17  [0m[1;34m17->18  [0m[1;34m18->19  [0m[1;34m
[pthread wrapper] SKIP MASK: 0x0
[0m[1;34m	threadid 46936297731840 -> core 1 - OK[0m[1;34m
[0m[1;34m	threadid 46936299833088 -> core 2 - OK[0m[1;34m
[0m[1;34m	threadid 46936301934336 -> core 3 - OK[0m[1;34m
[0m[1;34m	threadid 46936304035584 -> core 4 - OK[0m[1;34m
[0m[1;34m	threadid 46936306136832 -> core 5 - OK[0m[1;34m
[0m[1;34m	threadid 46936308238080 -> core 6 - OK[0m[1;34m
[0m[1;34m	threadid 46936310339328 -> core 7 - OK[0m[1;34m
[0m[1;34m	threadid 46936312440576 -> core 8 - OK[0m[1;34m
[0m[1;34m	threadid 46936314541824 -> core 9 - OK[0m[1;34m
[0m[1;34m	threadid 46936316643072 -> core 10 - OK[0m[1;34m
[0m[1;34m	threadid 46936318744320 -> core 11 - OK[0m[1;34m
[0m[1;34m	threadid 46936320845568 -> core 12 - OK[0m[1;34m
[0m[1;34m	threadid 46936322946816 -> core 13 - OK[0m[1;34m
[0m[1;34m	threadid 46936325048064 -> core 14 - OK[0m[1;34m
[0m[1;34m	threadid 46936327149312 -> core 15 - OK[0m[1;34m
[0m[1;34m	threadid 46936329250560 -> core 16 - OK[0m[1;34m
[0m[1;34m	threadid 46936331351808 -> core 17 - OK[0m[1;34m
[0m[1;34m	threadid 46936333453056 -> core 18 - OK[0m[1;34m
[0m[1;34m	threadid 46936335554304 -> core 19 - OK[0m[1;34m
[0miterations: 200
Total iterations: 48412800 LUP
FLOP: 89
Total work: 4308739200 FLOP
performance: 0.520433 GLUP/s
Performance in GFLOP/s: 46.318568
size: 250000
time: 0.093024
[1;34m[pthread wrapper] 
[0m[1;34m[pthread wrapper] MAIN -> 0
[0m[1;34m[pthread wrapper] PIN_MASK: [0m[1;34m0->1  [0m[1;34m1->2  [0m[1;34m2->3  [0m[1;34m3->4  [0m[1;34m4->5  [0m[1;34m5->6  [0m[1;34m6->7  [0m[1;34m7->8  [0m[1;34m8->9  [0m[1;34m9->10  [0m[1;34m10->11  [0m[1;34m11->12  [0m[1;34m12->13  [0m[1;34m13->14  [0m[1;34m14->15  [0m[1;34m15->16  [0m[1;34m16->17  [0m[1;34m17->18  [0m[1;34m18->19  [0m[1;34m
[pthread wrapper] SKIP MASK: 0x0
[0m[1;34m	threadid 47163561608960 -> core 1 - OK[0m[1;34m
[0m[1;34m	threadid 47163563710208 -> core 2 - OK[0m[1;34m
[0m[1;34m	threadid 47163565811456 -> core 3 - OK[0m[1;34m
[0m[1;34m	threadid 47163567912704 -> core 4 - OK[0m[1;34m
[0m[1;34m	threadid 47163570013952 -> core 5 - OK[0m[1;34m
[0m[1;34m	threadid 47163572115200 -> core 6 - OK[0m[1;34m
[0m[1;34m	threadid 47163574216448 -> core 7 - OK[0m[1;34m
[0m[1;34m	threadid 47163576317696 -> core 8 - OK[0m[1;34m
[0m[1;34m	threadid 47163578418944 -> core 9 - OK[0m[1;34m
[0m[1;34m	threadid 47163580520192 -> core 10 - OK[0m[1;34m
[0m[1;34m	threadid 47163582621440 -> core 11 - OK[0m[1;34m
[0m[1;34m	threadid 47163584722688 -> core 12 - OK[0m[1;34m
[0m[1;34m	threadid 47163586823936 -> core 13 - OK[0m[1;34m
[0m[1;34m	threadid 47163588925184 -> core 14 - OK[0m[1;34m
[0m[1;34m	threadid 47163591026432 -> core 15 - OK[0m[1;34m
[0m[1;34m	threadid 47163593127680 -> core 16 - OK[0m[1;34m
[0m[1;34m	threadid 47163595228928 -> core 17 - OK[0m[1;34m
[0m[1;34m	threadid 47163597330176 -> core 18 - OK[0m[1;34m
[0m[1;34m	threadid 47163599431424 -> core 19 - OK[0m[1;34m
[0miterations: 200
Total iterations: 48412800 LUP
FLOP: 89
Total work: 4308739200 FLOP
performance: 0.520775 GLUP/s
Performance in GFLOP/s: 46.348979
size: 250000
time: 0.092963
[1;34m[pthread wrapper] 
[0m[1;34m[pthread wrapper] MAIN -> 0
[0m[1;34m[pthread wrapper] PIN_MASK: [0m[1;34m0->1  [0m[1;34m1->2  [0m[1;34m2->3  [0m[1;34m3->4  [0m[1;34m4->5  [0m[1;34m5->6  [0m[1;34m6->7  [0m[1;34m7->8  [0m[1;34m8->9  [0m[1;34m9->10  [0m[1;34m10->11  [0m[1;34m11->12  [0m[1;34m12->13  [0m[1;34m13->14  [0m[1;34m14->15  [0m[1;34m15->16  [0m[1;34m16->17  [0m[1;34m17->18  [0m[1;34m18->19  [0m[1;34m
[pthread wrapper] SKIP MASK: 0x0
[0m[1;34m	threadid 47719111067392 -> core 1 - OK[0m[1;34m
[0m[1;34m	threadid 47719113168640 -> core 2 - OK[0m[1;34m
[0m[1;34m	threadid 47719115269888 -> core 3 - OK[0m[1;34m
[0m[1;34m	threadid 47719117371136 -> core 4 - OK[0m[1;34m
[0m[1;34m	threadid 47719119472384 -> core 5 - OK[0m[1;34m
[0m[1;34m	threadid 47719121573632 -> core 6 - OK[0m[1;34m
[0m[1;34m	threadid 47719123674880 -> core 7 - OK[0m[1;34m
[0m[1;34m	threadid 47719125776128 -> core 8 - OK[0m[1;34m
[0m[1;34m	threadid 47719127877376 -> core 9 - OK[0m[1;34m
[0m[1;34m	threadid 47719129978624 -> core 10 - OK[0m[1;34m
[0m[1;34m	threadid 47719132079872 -> core 11 - OK[0m[1;34m
[0m[1;34m	threadid 47719134181120 -> core 12 - OK[0m[1;34m
[0m[1;34m	threadid 47719136282368 -> core 13 - OK[0m[1;34m
[0m[1;34m	threadid 47719138383616 -> core 14 - OK[0m[1;34m
[0m[1;34m	threadid 47719140484864 -> core 15 - OK[0m[1;34m
[0m[1;34m	threadid 47719142586112 -> core 16 - OK[0m[1;34m
[0m[1;34m	threadid 47719144687360 -> core 17 - OK[0m[1;34m
[0m[1;34m	threadid 47719146788608 -> core 18 - OK[0m[1;34m
[0m[1;34m	threadid 47719148889856 -> core 19 - OK[0m[1;34m
[0miterations: 200
Total iterations: 48412800 LUP
FLOP: 89
Total work: 4308739200 FLOP
performance: 0.521263 GLUP/s
Performance in GFLOP/s: 46.392407
size: 250000
time: 0.092876
[1;34m[pthread wrapper] 
[0m[1;34m[pthread wrapper] MAIN -> 0
[0m[1;34m[pthread wrapper] PIN_MASK: [0m[1;34m0->1  [0m[1;34m1->2  [0m[1;34m2->3  [0m[1;34m3->4  [0m[1;34m4->5  [0m[1;34m5->6  [0m[1;34m6->7  [0m[1;34m7->8  [0m[1;34m8->9  [0m[1;34m9->10  [0m[1;34m10->11  [0m[1;34m11->12  [0m[1;34m12->13  [0m[1;34m13->14  [0m[1;34m14->15  [0m[1;34m15->16  [0m[1;34m16->17  [0m[1;34m17->18  [0m[1;34m18->19  [0m[1;34m
[pthread wrapper] SKIP MASK: 0x0
[0m[1;34m	threadid 47711893505792 -> core 1 - OK[0m[1;34m
[0m[1;34m	threadid 47711895607040 -> core 2 - OK[0m[1;34m
[0m[1;34m	threadid 47711897708288 -> core 3 - OK[0m[1;34m
[0m[1;34m	threadid 47711899809536 -> core 4 - OK[0m[1;34m
[0m[1;34m	threadid 47711901910784 -> core 5 - OK[0m[1;34m
[0m[1;34m	threadid 47711904012032 -> core 6 - OK[0m[1;34m
[0m[1;34m	threadid 47711906113280 -> core 7 - OK[0m[1;34m
[0m[1;34m	threadid 47711908214528 -> core 8 - OK[0m[1;34m
[0m[1;34m	threadid 47711910315776 -> core 9 - OK[0m[1;34m
[0m[1;34m	threadid 47711912417024 -> core 10 - OK[0m[1;34m
[0m[1;34m	threadid 47711914518272 -> core 11 - OK[0m[1;34m
[0m[1;34m	threadid 47711916619520 -> core 12 - OK[0m[1;34m
[0m[1;34m	threadid 47711918720768 -> core 13 - OK[0m[1;34m
[0m[1;34m	threadid 47711920822016 -> core 14 - OK[0m[1;34m
[0m[1;34m	threadid 47711922923264 -> core 15 - OK[0m[1;34m
[0m[1;34m	threadid 47711925024512 -> core 16 - OK[0m[1;34m
[0m[1;34m	threadid 47711927125760 -> core 17 - OK[0m[1;34m
[0m[1;34m	threadid 47711929227008 -> core 18 - OK[0m[1;34m
[0m[1;34m	threadid 47711931328256 -> core 19 - OK[0m[1;34m
[0miterations: 200
Total iterations: 48412800 LUP
FLOP: 89
Total work: 4308739200 FLOP
performance: 0.520680 GLUP/s
Performance in GFLOP/s: 46.340541
size: 250000
time: 0.092980
[1;34m[pthread wrapper] 
[0m[1;34m[pthread wrapper] MAIN -> 0
[0m[1;34m[pthread wrapper] PIN_MASK: [0m[1;34m0->1  [0m[1;34m1->2  [0m[1;34m2->3  [0m[1;34m3->4  [0m[1;34m4->5  [0m[1;34m5->6  [0m[1;34m6->7  [0m[1;34m7->8  [0m[1;34m8->9  [0m[1;34m9->10  [0m[1;34m10->11  [0m[1;34m11->12  [0m[1;34m12->13  [0m[1;34m13->14  [0m[1;34m14->15  [0m[1;34m15->16  [0m[1;34m16->17  [0m[1;34m17->18  [0m[1;34m18->19  [0m[1;34m
[pthread wrapper] SKIP MASK: 0x0
[0m[1;34m	threadid 47209552271104 -> core 1 - OK[0m[1;34m
[0m[1;34m	threadid 47209554372352 -> core 2 - OK[0m[1;34m
[0m[1;34m	threadid 47209556473600 -> core 3 - OK[0m[1;34m
[0m[1;34m	threadid 47209558574848 -> core 4 - OK[0m[1;34m
[0m[1;34m	threadid 47209560676096 -> core 5 - OK[0m[1;34m
[0m[1;34m	threadid 47209562777344 -> core 6 - OK[0m[1;34m
[0m[1;34m	threadid 47209564878592 -> core 7 - OK[0m[1;34m
[0m[1;34m	threadid 47209566979840 -> core 8 - OK[0m[1;34m
[0m[1;34m	threadid 47209569081088 -> core 9 - OK[0m[1;34m
[0m[1;34m	threadid 47209571182336 -> core 10 - OK[0m[1;34m
[0m[1;34m	threadid 47209573283584 -> core 11 - OK[0m[1;34m
[0m[1;34m	threadid 47209575384832 -> core 12 - OK[0m[1;34m
[0m[1;34m	threadid 47209577486080 -> core 13 - OK[0m[1;34m
[0m[1;34m	threadid 47209579587328 -> core 14 - OK[0m[1;34m
[0m[1;34m	threadid 47209581688576 -> core 15 - OK[0m[1;34m
[0m[1;34m	threadid 47209583789824 -> core 16 - OK[0m[1;34m
[0m[1;34m	threadid 47209585891072 -> core 17 - OK[0m[1;34m
[0m[1;34m	threadid 47209587992320 -> core 18 - OK[0m[1;34m
[0m[1;34m	threadid 47209590093568 -> core 19 - OK[0m[1;34m
[0miterations: 200
Total iterations: 48412800 LUP
FLOP: 89
Total work: 4308739200 FLOP
performance: 0.521331 GLUP/s
Performance in GFLOP/s: 46.398481
size: 250000
time: 0.092864
[1;34m[pthread wrapper] 
[0m[1;34m[pthread wrapper] MAIN -> 0
[0m[1;34m[pthread wrapper] PIN_MASK: [0m[1;34m0->1  [0m[1;34m1->2  [0m[1;34m2->3  [0m[1;34m3->4  [0m[1;34m4->5  [0m[1;34m5->6  [0m[1;34m6->7  [0m[1;34m7->8  [0m[1;34m8->9  [0m[1;34m9->10  [0m[1;34m10->11  [0m[1;34m11->12  [0m[1;34m12->13  [0m[1;34m13->14  [0m[1;34m14->15  [0m[1;34m15->16  [0m[1;34m16->17  [0m[1;34m17->18  [0m[1;34m18->19  [0m[1;34m
[pthread wrapper] SKIP MASK: 0x0
[0m[1;34m	threadid 47500676847360 -> core 1 - OK[0m[1;34m
[0m[1;34m	threadid 47500678948608 -> core 2 - OK[0m[1;34m
[0m[1;34m	threadid 47500681049856 -> core 3 - OK[0m[1;34m
[0m[1;34m	threadid 47500683151104 -> core 4 - OK[0m[1;34m
[0m[1;34m	threadid 47500685252352 -> core 5 - OK[0m[1;34m
[0m[1;34m	threadid 47500687353600 -> core 6 - OK[0m[1;34m
[0m[1;34m	threadid 47500689454848 -> core 7 - OK[0m[1;34m
[0m[1;34m	threadid 47500691556096 -> core 8 - OK[0m[1;34m
[0m[1;34m	threadid 47500693657344 -> core 9 - OK[0m[1;34m
[0m[1;34m	threadid 47500695758592 -> core 10 - OK[0m[1;34m
[0m[1;34m	threadid 47500697859840 -> core 11 - OK[0m[1;34m
[0m[1;34m	threadid 47500699961088 -> core 12 - OK[0m[1;34m
[0m[1;34m	threadid 47500702062336 -> core 13 - OK[0m[1;34m
[0m[1;34m	threadid 47500704163584 -> core 14 - OK[0m[1;34m
[0m[1;34m	threadid 47500706264832 -> core 15 - OK[0m[1;34m
[0m[1;34m	threadid 47500708366080 -> core 16 - OK[0m[1;34m
[0m[1;34m	threadid 47500710467328 -> core 17 - OK[0m[1;34m
[0m[1;34m	threadid 47500712568576 -> core 18 - OK[0m[1;34m
[0m[1;34m	threadid 47500714669824 -> core 19 - OK[0m[1;34m
[0miterations: 200
Total iterations: 48412800 LUP
FLOP: 89
Total work: 4308739200 FLOP
performance: 0.521212 GLUP/s
Performance in GFLOP/s: 46.387882
size: 250000
time: 0.092885
[1;34m[pthread wrapper] 
[0m[1;34m[pthread wrapper] MAIN -> 0
[0m[1;34m[pthread wrapper] PIN_MASK: [0m[1;34m0->1  [0m[1;34m1->2  [0m[1;34m2->3  [0m[1;34m3->4  [0m[1;34m4->5  [0m[1;34m5->6  [0m[1;34m6->7  [0m[1;34m7->8  [0m[1;34m8->9  [0m[1;34m9->10  [0m[1;34m10->11  [0m[1;34m11->12  [0m[1;34m12->13  [0m[1;34m13->14  [0m[1;34m14->15  [0m[1;34m15->16  [0m[1;34m16->17  [0m[1;34m17->18  [0m[1;34m18->19  [0m[1;34m
[pthread wrapper] SKIP MASK: 0x0
[0m[1;34m	threadid 47562037401344 -> core 1 - OK[0m[1;34m
[0m[1;34m	threadid 47562039502592 -> core 2 - OK[0m[1;34m
[0m[1;34m	threadid 47562041603840 -> core 3 - OK[0m[1;34m
[0m[1;34m	threadid 47562043705088 -> core 4 - OK[0m[1;34m
[0m[1;34m	threadid 47562045806336 -> core 5 - OK[0m[1;34m
[0m[1;34m	threadid 47562047907584 -> core 6 - OK[0m[1;34m
[0m[1;34m	threadid 47562050008832 -> core 7 - OK[0m[1;34m
[0m[1;34m	threadid 47562052110080 -> core 8 - OK[0m[1;34m
[0m[1;34m	threadid 47562054211328 -> core 9 - OK[0m[1;34m
[0m[1;34m	threadid 47562056312576 -> core 10 - OK[0m[1;34m
[0m[1;34m	threadid 47562058413824 -> core 11 - OK[0m[1;34m
[0m[1;34m	threadid 47562060515072 -> core 12 - OK[0m[1;34m
[0m[1;34m	threadid 47562062616320 -> core 13 - OK[0m[1;34m
[0m[1;34m	threadid 47562064717568 -> core 14 - OK[0m[1;34m
[0m[1;34m	threadid 47562066818816 -> core 15 - OK[0m[1;34m
[0m[1;34m	threadid 47562068920064 -> core 16 - OK[0m[1;34m
[0m[1;34m	threadid 47562071021312 -> core 17 - OK[0m[1;34m
[0m[1;34m	threadid 47562073122560 -> core 18 - OK[0m[1;34m
[0m[1;34m	threadid 47562075223808 -> core 19 - OK[0m[1;34m
[0miterations: 200
Total iterations: 48412800 LUP
FLOP: 89
Total work: 4308739200 FLOP
performance: 0.521296 GLUP/s
Performance in GFLOP/s: 46.395384
size: 250000
time: 0.092870
[1;34m[pthread wrapper] 
[0m[1;34m[pthread wrapper] MAIN -> 0
[0m[1;34m[pthread wrapper] PIN_MASK: [0m[1;34m0->1  [0m[1;34m1->2  [0m[1;34m2->3  [0m[1;34m3->4  [0m[1;34m4->5  [0m[1;34m5->6  [0m[1;34m6->7  [0m[1;34m7->8  [0m[1;34m8->9  [0m[1;34m9->10  [0m[1;34m10->11  [0m[1;34m11->12  [0m[1;34m12->13  [0m[1;34m13->14  [0m[1;34m14->15  [0m[1;34m15->16  [0m[1;34m16->17  [0m[1;34m17->18  [0m[1;34m18->19  [0m[1;34m
[pthread wrapper] SKIP MASK: 0x0
[0m[1;34m	threadid 47220457617152 -> core 1 - OK[0m[1;34m
[0m[1;34m	threadid 47220459718400 -> core 2 - OK[0m[1;34m
[0m[1;34m	threadid 47220461819648 -> core 3 - OK[0m[1;34m
[0m[1;34m	threadid 47220463920896 -> core 4 - OK[0m[1;34m
[0m[1;34m	threadid 47220466022144 -> core 5 - OK[0m[1;34m
[0m[1;34m	threadid 47220468123392 -> core 6 - OK[0m[1;34m
[0m[1;34m	threadid 47220470224640 -> core 7 - OK[0m[1;34m
[0m[1;34m	threadid 47220472325888 -> core 8 - OK[0m[1;34m
[0m[1;34m	threadid 47220474427136 -> core 9 - OK[0m[1;34m
[0m[1;34m	threadid 47220476528384 -> core 10 - OK[0m[1;34m
[0m[1;34m	threadid 47220478629632 -> core 11 - OK[0m[1;34m
[0m[1;34m	threadid 47220480730880 -> core 12 - OK[0m[1;34m
[0m[1;34m	threadid 47220482832128 -> core 13 - OK[0m[1;34m
[0m[1;34m	threadid 47220484933376 -> core 14 - OK[0m[1;34m
[0m[1;34m	threadid 47220487034624 -> core 15 - OK[0m[1;34m
[0m[1;34m	threadid 47220489135872 -> core 16 - OK[0m[1;34m
[0m[1;34m	threadid 47220491237120 -> core 17 - OK[0m[1;34m
[0m[1;34m	threadid 47220493338368 -> core 18 - OK[0m[1;34m
[0m[1;34m	threadid 47220495439616 -> core 19 - OK[0m[1;34m
[0miterations: 200
Total iterations: 48412800 LUP
FLOP: 89
Total work: 4308739200 FLOP
performance: 0.514002 GLUP/s
Performance in GFLOP/s: 45.746171
size: 250000
time: 0.094188
[1;34m[pthread wrapper] 
[0m[1;34m[pthread wrapper] MAIN -> 0
[0m[1;34m[pthread wrapper] PIN_MASK: [0m[1;34m0->1  [0m[1;34m1->2  [0m[1;34m2->3  [0m[1;34m3->4  [0m[1;34m4->5  [0m[1;34m5->6  [0m[1;34m6->7  [0m[1;34m7->8  [0m[1;34m8->9  [0m[1;34m9->10  [0m[1;34m10->11  [0m[1;34m11->12  [0m[1;34m12->13  [0m[1;34m13->14  [0m[1;34m14->15  [0m[1;34m15->16  [0m[1;34m16->17  [0m[1;34m17->18  [0m[1;34m18->19  [0m[1;34m
[pthread wrapper] SKIP MASK: 0x0
[0m[1;34m	threadid 47725185906432 -> core 1 - OK[0m[1;34m
[0m[1;34m	threadid 47725188007680 -> core 2 - OK[0m[1;34m
[0m[1;34m	threadid 47725190108928 -> core 3 - OK[0m[1;34m
[0m[1;34m	threadid 47725192210176 -> core 4 - OK[0m[1;34m
[0m[1;34m	threadid 47725194311424 -> core 5 - OK[0m[1;34m
[0m[1;34m	threadid 47725196412672 -> core 6 - OK[0m[1;34m
[0m[1;34m	threadid 47725198513920 -> core 7 - OK[0m[1;34m
[0m[1;34m	threadid 47725200615168 -> core 8 - OK[0m[1;34m
[0m[1;34m	threadid 47725202716416 -> core 9 - OK[0m[1;34m
[0m[1;34m	threadid 47725204817664 -> core 10 - OK[0m[1;34m
[0m[1;34m	threadid 47725206918912 -> core 11 - OK[0m[1;34m
[0m[1;34m	threadid 47725209020160 -> core 12 - OK[0m[1;34m
[0m[1;34m	threadid 47725211121408 -> core 13 - OK[0m[1;34m
[0m[1;34m	threadid 47725213222656 -> core 14 - OK[0m[1;34m
[0m[1;34m	threadid 47725215323904 -> core 15 - OK[0m[1;34m
[0m[1;34m	threadid 47725217425152 -> core 16 - OK[0m[1;34m
[0m[1;34m	threadid 47725219526400 -> core 17 - OK[0m[1;34m
[0m[1;34m	threadid 47725221627648 -> core 18 - OK[0m[1;34m
[0m[1;34m	threadid 47725223728896 -> core 19 - OK[0m[1;34m
[0miterations: 200
Total iterations: 48412800 LUP
FLOP: 89
Total work: 4308739200 FLOP
performance: 0.521044 GLUP/s
Performance in GFLOP/s: 46.372884
size: 250000
time: 0.092915
[1;34m[pthread wrapper] 
[0m[1;34m[pthread wrapper] MAIN -> 0
[0m[1;34m[pthread wrapper] PIN_MASK: [0m[1;34m0->1  [0m[1;34m1->2  [0m[1;34m2->3  [0m[1;34m3->4  [0m[1;34m4->5  [0m[1;34m5->6  [0m[1;34m6->7  [0m[1;34m7->8  [0m[1;34m8->9  [0m[1;34m9->10  [0m[1;34m10->11  [0m[1;34m11->12  [0m[1;34m12->13  [0m[1;34m13->14  [0m[1;34m14->15  [0m[1;34m15->16  [0m[1;34m16->17  [0m[1;34m17->18  [0m[1;34m18->19  [0m[1;34m
[pthread wrapper] SKIP MASK: 0x0
[0m[1;34m	threadid 47795157133056 -> core 1 - OK[0m[1;34m
[0m[1;34m	threadid 47795159234304 -> core 2 - OK[0m[1;34m
[0m[1;34m	threadid 47795161335552 -> core 3 - OK[0m[1;34m
[0m[1;34m	threadid 47795163436800 -> core 4 - OK[0m[1;34m
[0m[1;34m	threadid 47795165538048 -> core 5 - OK[0m[1;34m
[0m[1;34m	threadid 47795167639296 -> core 6 - OK[0m[1;34m
[0m[1;34m	threadid 47795169740544 -> core 7 - OK[0m[1;34m
[0m[1;34m	threadid 47795171841792 -> core 8 - OK[0m[1;34m
[0m[1;34m	threadid 47795173943040 -> core 9 - OK[0m[1;34m
[0m[1;34m	threadid 47795176044288 -> core 10 - OK[0m[1;34m
[0m[1;34m	threadid 47795178145536 -> core 11 - OK[0m[1;34m
[0m[1;34m	threadid 47795180246784 -> core 12 - OK[0m[1;34m
[0m[1;34m	threadid 47795182348032 -> core 13 - OK[0m[1;34m
[0m[1;34m	threadid 47795184449280 -> core 14 - OK[0m[1;34m
[0m[1;34m	threadid 47795186550528 -> core 15 - OK[0m[1;34m
[0m[1;34m	threadid 47795188651776 -> core 16 - OK[0m[1;34m
[0m[1;34m	threadid 47795190753024 -> core 17 - OK[0m[1;34m
[0m[1;34m	threadid 47795192854272 -> core 18 - OK[0m[1;34m
[0m[1;34m	threadid 47795194955520 -> core 19 - OK[0m[1;34m
[0miterations: 200
Total iterations: 48412800 LUP
FLOP: 89
Total work: 4308739200 FLOP
performance: 0.521054 GLUP/s
Performance in GFLOP/s: 46.373836
size: 250000
time: 0.092913
