iterations: 120
Total iterations: 1074247680 LUP
FLOP: 89
Total work: 95608043520 FLOP
performance: 0.263939 GLUP/s
Performance in GFLOP/s: 23.490591
size: 9000000
time: 4.070057
iterations: 120
Total iterations: 1074247680 LUP
FLOP: 89
Total work: 95608043520 FLOP
performance: 0.262788 GLUP/s
Performance in GFLOP/s: 23.388156
size: 9000000
time: 4.087883
iterations: 120
Total iterations: 1074247680 LUP
FLOP: 89
Total work: 95608043520 FLOP
performance: 0.263803 GLUP/s
Performance in GFLOP/s: 23.478476
size: 9000000
time: 4.072157
iterations: 120
Total iterations: 1074247680 LUP
FLOP: 89
Total work: 95608043520 FLOP
performance: 0.263664 GLUP/s
Performance in GFLOP/s: 23.466116
size: 9000000
time: 4.074302
iterations: 120
Total iterations: 1074247680 LUP
FLOP: 89
Total work: 95608043520 FLOP
performance: 0.263761 GLUP/s
Performance in GFLOP/s: 23.474747
size: 9000000
time: 4.072804
iterations: 120
Total iterations: 1074247680 LUP
FLOP: 89
Total work: 95608043520 FLOP
performance: 0.263820 GLUP/s
Performance in GFLOP/s: 23.479958
size: 9000000
time: 4.071900
iterations: 120
Total iterations: 1074247680 LUP
FLOP: 89
Total work: 95608043520 FLOP
performance: 0.263828 GLUP/s
Performance in GFLOP/s: 23.480721
size: 9000000
time: 4.071768
iterations: 120
Total iterations: 1074247680 LUP
FLOP: 89
Total work: 95608043520 FLOP
performance: 0.263860 GLUP/s
Performance in GFLOP/s: 23.483581
size: 9000000
time: 4.071272
iterations: 120
Total iterations: 1074247680 LUP
FLOP: 89
Total work: 95608043520 FLOP
performance: 0.263878 GLUP/s
Performance in GFLOP/s: 23.485121
size: 9000000
time: 4.071005
iterations: 120
Total iterations: 1074247680 LUP
FLOP: 89
Total work: 95608043520 FLOP
performance: 0.263669 GLUP/s
Performance in GFLOP/s: 23.466501
size: 9000000
time: 4.074235
