iterations: 120
Total iterations: 1074247680 LUP
FLOP: 89
Total work: 95608043520 FLOP
performance: 0.034052 GLUP/s
Performance in GFLOP/s: 3.030642
size: 9000000
time: 31.547122
iterations: 120
Total iterations: 1074247680 LUP
FLOP: 89
Total work: 95608043520 FLOP
performance: 0.034008 GLUP/s
Performance in GFLOP/s: 3.026702
size: 9000000
time: 31.588188
iterations: 120
Total iterations: 1074247680 LUP
FLOP: 89
Total work: 95608043520 FLOP
performance: 0.034047 GLUP/s
Performance in GFLOP/s: 3.030215
size: 9000000
time: 31.551575
iterations: 120
Total iterations: 1074247680 LUP
FLOP: 89
Total work: 95608043520 FLOP
performance: 0.034015 GLUP/s
Performance in GFLOP/s: 3.027293
size: 9000000
time: 31.582028
iterations: 120
Total iterations: 1074247680 LUP
FLOP: 89
Total work: 95608043520 FLOP
performance: 0.034047 GLUP/s
Performance in GFLOP/s: 3.030181
size: 9000000
time: 31.551929
iterations: 120
Total iterations: 1074247680 LUP
FLOP: 89
Total work: 95608043520 FLOP
performance: 0.034031 GLUP/s
Performance in GFLOP/s: 3.028764
size: 9000000
time: 31.566691
iterations: 120
Total iterations: 1074247680 LUP
FLOP: 89
Total work: 95608043520 FLOP
performance: 0.034036 GLUP/s
Performance in GFLOP/s: 3.029235
size: 9000000
time: 31.561779
iterations: 120
Total iterations: 1074247680 LUP
FLOP: 89
Total work: 95608043520 FLOP
performance: 0.034003 GLUP/s
Performance in GFLOP/s: 3.026257
size: 9000000
time: 31.592832
iterations: 120
Total iterations: 1074247680 LUP
FLOP: 89
Total work: 95608043520 FLOP
performance: 0.034033 GLUP/s
Performance in GFLOP/s: 3.028933
size: 9000000
time: 31.564924
iterations: 120
Total iterations: 1074247680 LUP
FLOP: 89
Total work: 95608043520 FLOP
performance: 0.034005 GLUP/s
Performance in GFLOP/s: 3.026423
size: 9000000
time: 31.591104
