iterations: 200
Total iterations: 48412800 LUP
FLOP: 89
Total work: 4308739200 FLOP
performance: 0.176238 GLUP/s
Performance in GFLOP/s: 15.685149
size: 250000
time: 0.274702
iterations: 200
Total iterations: 48412800 LUP
FLOP: 89
Total work: 4308739200 FLOP
performance: 0.176279 GLUP/s
Performance in GFLOP/s: 15.688853
size: 250000
time: 0.274637
iterations: 200
Total iterations: 48412800 LUP
FLOP: 89
Total work: 4308739200 FLOP
performance: 0.176369 GLUP/s
Performance in GFLOP/s: 15.696797
size: 250000
time: 0.274498
iterations: 200
Total iterations: 48412800 LUP
FLOP: 89
Total work: 4308739200 FLOP
performance: 0.176362 GLUP/s
Performance in GFLOP/s: 15.696225
size: 250000
time: 0.274508
iterations: 200
Total iterations: 48412800 LUP
FLOP: 89
Total work: 4308739200 FLOP
performance: 0.176386 GLUP/s
Performance in GFLOP/s: 15.698392
size: 250000
time: 0.274470
iterations: 200
Total iterations: 48412800 LUP
FLOP: 89
Total work: 4308739200 FLOP
performance: 0.176378 GLUP/s
Performance in GFLOP/s: 15.697602
size: 250000
time: 0.274484
iterations: 200
Total iterations: 48412800 LUP
FLOP: 89
Total work: 4308739200 FLOP
performance: 0.176357 GLUP/s
Performance in GFLOP/s: 15.695816
size: 250000
time: 0.274515
iterations: 200
Total iterations: 48412800 LUP
FLOP: 89
Total work: 4308739200 FLOP
performance: 0.176369 GLUP/s
Performance in GFLOP/s: 15.696797
size: 250000
time: 0.274498
iterations: 200
Total iterations: 48412800 LUP
FLOP: 89
Total work: 4308739200 FLOP
performance: 0.176387 GLUP/s
Performance in GFLOP/s: 15.698461
size: 250000
time: 0.274469
iterations: 200
Total iterations: 48412800 LUP
FLOP: 89
Total work: 4308739200 FLOP
performance: 0.176379 GLUP/s
Performance in GFLOP/s: 15.697711
size: 250000
time: 0.274482
