[1;34m[pthread wrapper] 
[0m[1;34m[pthread wrapper] MAIN -> 0
[0m[1;34m[pthread wrapper] PIN_MASK: [0m[1;34m0->1  [0m[1;34m1->10  [0m[1;34m2->11  [0m[1;34m
[pthread wrapper] SKIP MASK: 0x0
[0m[1;34m	threadid 47536899081984 -> core 1 - OK[0m[1;34m
[0m[1;34m	threadid 47536901183232 -> core 10 - OK[0m[1;34m
[0m[1;34m	threadid 47536903284480 -> core 11 - OK[0m[1;34m
[0miterations: 100
Total iterations: 895206400 LUP
FLOP: 89
Total work: 79673369600 FLOP
performance: 0.134674 GLUP/s
Performance in GFLOP/s: 11.985968
size: 9000000
time: 6.647220
[1;34m[pthread wrapper] 
[0m[1;34m[pthread wrapper] MAIN -> 0
[0m[1;34m[pthread wrapper] PIN_MASK: [0m[1;34m0->1  [0m[1;34m1->10  [0m[1;34m2->11  [0m[1;34m
[pthread wrapper] SKIP MASK: 0x0
[0m[1;34m	threadid 47845077088000 -> core 1 - OK[0m[1;34m
[0m[1;34m	threadid 47845079189248 -> core 10 - OK[0m[1;34m
[0m[1;34m	threadid 47845081290496 -> core 11 - OK[0m[1;34m
[0miterations: 100
Total iterations: 895206400 LUP
FLOP: 89
Total work: 79673369600 FLOP
performance: 0.134473 GLUP/s
Performance in GFLOP/s: 11.968135
size: 9000000
time: 6.657125
[1;34m[pthread wrapper] 
[0m[1;34m[pthread wrapper] MAIN -> 0
[0m[1;34m[pthread wrapper] PIN_MASK: [0m[1;34m0->1  [0m[1;34m1->10  [0m[1;34m2->11  [0m[1;34m
[pthread wrapper] SKIP MASK: 0x0
[0m[1;34m	threadid 47505031636736 -> core 1 - OK[0m[1;34m
[0m[1;34m	threadid 47505033737984 -> core 10 - OK[0m[1;34m
[0m[1;34m	threadid 47505035839232 -> core 11 - OK[0m[1;34m
[0miterations: 100
Total iterations: 895206400 LUP
FLOP: 89
Total work: 79673369600 FLOP
performance: 0.134687 GLUP/s
Performance in GFLOP/s: 11.987123
size: 9000000
time: 6.646580
[1;34m[pthread wrapper] 
[0m[1;34m[pthread wrapper] MAIN -> 0
[0m[1;34m[pthread wrapper] PIN_MASK: [0m[1;34m0->1  [0m[1;34m1->10  [0m[1;34m2->11  [0m[1;34m
[pthread wrapper] SKIP MASK: 0x0
[0m[1;34m	threadid 47354804827904 -> core 1 - OK[0m[1;34m
[0m[1;34m	threadid 47354806929152 -> core 10 - OK[0m[1;34m
[0m[1;34m	threadid 47354809030400 -> core 11 - OK[0m[1;34m
[0miterations: 100
Total iterations: 895206400 LUP
FLOP: 89
Total work: 79673369600 FLOP
performance: 0.134526 GLUP/s
Performance in GFLOP/s: 11.972809
size: 9000000
time: 6.654526
[1;34m[pthread wrapper] 
[0m[1;34m[pthread wrapper] MAIN -> 0
[0m[1;34m[pthread wrapper] PIN_MASK: [0m[1;34m0->1  [0m[1;34m1->10  [0m[1;34m2->11  [0m[1;34m
[pthread wrapper] SKIP MASK: 0x0
[0m[1;34m	threadid 47462533826304 -> core 1 - OK[0m[1;34m
[0m[1;34m	threadid 47462535927552 -> core 10 - OK[0m[1;34m
[0m[1;34m	threadid 47462538028800 -> core 11 - OK[0m[1;34m
[0miterations: 100
Total iterations: 895206400 LUP
FLOP: 89
Total work: 79673369600 FLOP
performance: 0.134531 GLUP/s
Performance in GFLOP/s: 11.973242
size: 9000000
time: 6.654285
