[1;34m[pthread wrapper] 
[0m[1;34m[pthread wrapper] MAIN -> 0
[0m[1;34m[pthread wrapper] PIN_MASK: [0m[1;34m0->1  [0m[1;34m1->2  [0m[1;34m2->3  [0m[1;34m3->4  [0m[1;34m4->5  [0m[1;34m5->6  [0m[1;34m6->7  [0m[1;34m7->8  [0m[1;34m8->9  [0m[1;34m9->10  [0m[1;34m10->11  [0m[1;34m11->12  [0m[1;34m12->13  [0m[1;34m13->14  [0m[1;34m14->15  [0m[1;34m15->16  [0m[1;34m16->17  [0m[1;34m17->18  [0m[1;34m18->19  [0m[1;34m
[pthread wrapper] SKIP MASK: 0x0
[0m[1;34m	threadid 46970666198784 -> core 1 - OK[0m[1;34m
[0m[1;34m	threadid 46970668300032 -> core 2 - OK[0m[1;34m
[0m[1;34m	threadid 46970670401280 -> core 3 - OK[0m[1;34m
[0m[1;34m	threadid 46970672502528 -> core 4 - OK[0m[1;34m
[0m[1;34m	threadid 46970674603776 -> core 5 - OK[0m[1;34m
[0m[1;34m	threadid 46970676705024 -> core 6 - OK[0m[1;34m
[0m[1;34m	threadid 46970678806272 -> core 7 - OK[0m[1;34m
[0m[1;34m	threadid 46970680907520 -> core 8 - OK[0m[1;34m
[0m[1;34m	threadid 46970683008768 -> core 9 - OK[0m[1;34m
[0m[1;34m	threadid 46970685110016 -> core 10 - OK[0m[1;34m
[0m[1;34m	threadid 46970687211264 -> core 11 - OK[0m[1;34m
[0m[1;34m	threadid 46970689312512 -> core 12 - OK[0m[1;34m
[0m[1;34m	threadid 46970691413760 -> core 13 - OK[0m[1;34m
[0m[1;34m	threadid 46970693515008 -> core 14 - OK[0m[1;34m
[0m[1;34m	threadid 46970695616256 -> core 15 - OK[0m[1;34m
[0m[1;34m	threadid 46970697717504 -> core 16 - OK[0m[1;34m
[0m[1;34m	threadid 46970699818752 -> core 17 - OK[0m[1;34m
[0m[1;34m	threadid 46970701920000 -> core 18 - OK[0m[1;34m
[0m[1;34m	threadid 46970704021248 -> core 19 - OK[0m[1;34m
[0miterations: 200
Total iterations: 1790412800 LUP
FLOP: 89
Total work: 159346739200 FLOP
performance: 0.632595 GLUP/s
Performance in GFLOP/s: 56.300957
size: 9000000
time: 2.830267
[1;34m[pthread wrapper] 
[0m[1;34m[pthread wrapper] MAIN -> 0
[0m[1;34m[pthread wrapper] PIN_MASK: [0m[1;34m0->1  [0m[1;34m1->2  [0m[1;34m2->3  [0m[1;34m3->4  [0m[1;34m4->5  [0m[1;34m5->6  [0m[1;34m6->7  [0m[1;34m7->8  [0m[1;34m8->9  [0m[1;34m9->10  [0m[1;34m10->11  [0m[1;34m11->12  [0m[1;34m12->13  [0m[1;34m13->14  [0m[1;34m14->15  [0m[1;34m15->16  [0m[1;34m16->17  [0m[1;34m17->18  [0m[1;34m18->19  [0m[1;34m
[pthread wrapper] SKIP MASK: 0x0
[0m[1;34m	threadid 47080282113792 -> core 1 - OK[0m[1;34m
[0m[1;34m	threadid 47080284215040 -> core 2 - OK[0m[1;34m
[0m[1;34m	threadid 47080286316288 -> core 3 - OK[0m[1;34m
[0m[1;34m	threadid 47080288417536 -> core 4 - OK[0m[1;34m
[0m[1;34m	threadid 47080290518784 -> core 5 - OK[0m[1;34m
[0m[1;34m	threadid 47080292620032 -> core 6 - OK[0m[1;34m
[0m[1;34m	threadid 47080294721280 -> core 7 - OK[0m[1;34m
[0m[1;34m	threadid 47080296822528 -> core 8 - OK[0m[1;34m
[0m[1;34m	threadid 47080298923776 -> core 9 - OK[0m[1;34m
[0m[1;34m	threadid 47080301025024 -> core 10 - OK[0m[1;34m
[0m[1;34m	threadid 47080303126272 -> core 11 - OK[0m[1;34m
[0m[1;34m	threadid 47080305227520 -> core 12 - OK[0m[1;34m
[0m[1;34m	threadid 47080307328768 -> core 13 - OK[0m[1;34m
[0m[1;34m	threadid 47080309430016 -> core 14 - OK[0m[1;34m
[0m[1;34m	threadid 47080311531264 -> core 15 - OK[0m[1;34m
[0m[1;34m	threadid 47080313632512 -> core 16 - OK[0m[1;34m
[0m[1;34m	threadid 47080315733760 -> core 17 - OK[0m[1;34m
[0m[1;34m	threadid 47080317835008 -> core 18 - OK[0m[1;34m
[0m[1;34m	threadid 47080319936256 -> core 19 - OK[0m[1;34m
[0miterations: 200
Total iterations: 1790412800 LUP
FLOP: 89
Total work: 159346739200 FLOP
performance: 0.632294 GLUP/s
Performance in GFLOP/s: 56.274155
size: 9000000
time: 2.831615
[1;34m[pthread wrapper] 
[0m[1;34m[pthread wrapper] MAIN -> 0
[0m[1;34m[pthread wrapper] PIN_MASK: [0m[1;34m0->1  [0m[1;34m1->2  [0m[1;34m2->3  [0m[1;34m3->4  [0m[1;34m4->5  [0m[1;34m5->6  [0m[1;34m6->7  [0m[1;34m7->8  [0m[1;34m8->9  [0m[1;34m9->10  [0m[1;34m10->11  [0m[1;34m11->12  [0m[1;34m12->13  [0m[1;34m13->14  [0m[1;34m14->15  [0m[1;34m15->16  [0m[1;34m16->17  [0m[1;34m17->18  [0m[1;34m18->19  [0m[1;34m
[pthread wrapper] SKIP MASK: 0x0
[0m[1;34m	threadid 47101615089408 -> core 1 - OK[0m[1;34m
[0m[1;34m	threadid 47101617190656 -> core 2 - OK[0m[1;34m
[0m[1;34m	threadid 47101619291904 -> core 3 - OK[0m[1;34m
[0m[1;34m	threadid 47101621393152 -> core 4 - OK[0m[1;34m
[0m[1;34m	threadid 47101623494400 -> core 5 - OK[0m[1;34m
[0m[1;34m	threadid 47101625595648 -> core 6 - OK[0m[1;34m
[0m[1;34m	threadid 47101627696896 -> core 7 - OK[0m[1;34m
[0m[1;34m	threadid 47101629798144 -> core 8 - OK[0m[1;34m
[0m[1;34m	threadid 47101631899392 -> core 9 - OK[0m[1;34m
[0m[1;34m	threadid 47101634000640 -> core 10 - OK[0m[1;34m
[0m[1;34m	threadid 47101636101888 -> core 11 - OK[0m[1;34m
[0m[1;34m	threadid 47101638203136 -> core 12 - OK[0m[1;34m
[0m[1;34m	threadid 47101640304384 -> core 13 - OK[0m[1;34m
[0m[1;34m	threadid 47101642405632 -> core 14 - OK[0m[1;34m
[0m[1;34m	threadid 47101644506880 -> core 15 - OK[0m[1;34m
[0m[1;34m	threadid 47101646608128 -> core 16 - OK[0m[1;34m
[0m[1;34m	threadid 47101648709376 -> core 17 - OK[0m[1;34m
[0m[1;34m	threadid 47101650810624 -> core 18 - OK[0m[1;34m
[0m[1;34m	threadid 47101652911872 -> core 19 - OK[0m[1;34m
[0miterations: 200
Total iterations: 1790412800 LUP
FLOP: 89
Total work: 159346739200 FLOP
performance: 0.632377 GLUP/s
Performance in GFLOP/s: 56.281552
size: 9000000
time: 2.831243
[1;34m[pthread wrapper] 
[0m[1;34m[pthread wrapper] MAIN -> 0
[0m[1;34m[pthread wrapper] PIN_MASK: [0m[1;34m0->1  [0m[1;34m1->2  [0m[1;34m2->3  [0m[1;34m3->4  [0m[1;34m4->5  [0m[1;34m5->6  [0m[1;34m6->7  [0m[1;34m7->8  [0m[1;34m8->9  [0m[1;34m9->10  [0m[1;34m10->11  [0m[1;34m11->12  [0m[1;34m12->13  [0m[1;34m13->14  [0m[1;34m14->15  [0m[1;34m15->16  [0m[1;34m16->17  [0m[1;34m17->18  [0m[1;34m18->19  [0m[1;34m
[pthread wrapper] SKIP MASK: 0x0
[0m[1;34m	threadid 47148723357440 -> core 1 - OK[0m[1;34m
[0m[1;34m	threadid 47148725458688 -> core 2 - OK[0m[1;34m
[0m[1;34m	threadid 47148727559936 -> core 3 - OK[0m[1;34m
[0m[1;34m	threadid 47148729661184 -> core 4 - OK[0m[1;34m
[0m[1;34m	threadid 47148731762432 -> core 5 - OK[0m[1;34m
[0m[1;34m	threadid 47148733863680 -> core 6 - OK[0m[1;34m
[0m[1;34m	threadid 47148735964928 -> core 7 - OK[0m[1;34m
[0m[1;34m	threadid 47148738066176 -> core 8 - OK[0m[1;34m
[0m[1;34m	threadid 47148740167424 -> core 9 - OK[0m[1;34m
[0m[1;34m	threadid 47148742268672 -> core 10 - OK[0m[1;34m
[0m[1;34m	threadid 47148744369920 -> core 11 - OK[0m[1;34m
[0m[1;34m	threadid 47148746471168 -> core 12 - OK[0m[1;34m
[0m[1;34m	threadid 47148748572416 -> core 13 - OK[0m[1;34m
[0m[1;34m	threadid 47148750673664 -> core 14 - OK[0m[1;34m
[0m[1;34m	threadid 47148752774912 -> core 15 - OK[0m[1;34m
[0m[1;34m	threadid 47148754876160 -> core 16 - OK[0m[1;34m
[0m[1;34m	threadid 47148756977408 -> core 17 - OK[0m[1;34m
[0m[1;34m	threadid 47148759078656 -> core 18 - OK[0m[1;34m
[0m[1;34m	threadid 47148761179904 -> core 19 - OK[0m[1;34m
[0miterations: 200
Total iterations: 1790412800 LUP
FLOP: 89
Total work: 159346739200 FLOP
performance: 0.631843 GLUP/s
Performance in GFLOP/s: 56.233999
size: 9000000
time: 2.833637
[1;34m[pthread wrapper] 
[0m[1;34m[pthread wrapper] MAIN -> 0
[0m[1;34m[pthread wrapper] PIN_MASK: [0m[1;34m0->1  [0m[1;34m1->2  [0m[1;34m2->3  [0m[1;34m3->4  [0m[1;34m4->5  [0m[1;34m5->6  [0m[1;34m6->7  [0m[1;34m7->8  [0m[1;34m8->9  [0m[1;34m9->10  [0m[1;34m10->11  [0m[1;34m11->12  [0m[1;34m12->13  [0m[1;34m13->14  [0m[1;34m14->15  [0m[1;34m15->16  [0m[1;34m16->17  [0m[1;34m17->18  [0m[1;34m18->19  [0m[1;34m
[pthread wrapper] SKIP MASK: 0x0
[0m[1;34m	threadid 47987760789248 -> core 1 - OK[0m[1;34m
[0m[1;34m	threadid 47987762890496 -> core 2 - OK[0m[1;34m
[0m[1;34m	threadid 47987764991744 -> core 3 - OK[0m[1;34m
[0m[1;34m	threadid 47987767092992 -> core 4 - OK[0m[1;34m
[0m[1;34m	threadid 47987769194240 -> core 5 - OK[0m[1;34m
[0m[1;34m	threadid 47987771295488 -> core 6 - OK[0m[1;34m
[0m[1;34m	threadid 47987773396736 -> core 7 - OK[0m[1;34m
[0m[1;34m	threadid 47987775497984 -> core 8 - OK[0m[1;34m
[0m[1;34m	threadid 47987777599232 -> core 9 - OK[0m[1;34m
[0m[1;34m	threadid 47987779700480 -> core 10 - OK[0m[1;34m
[0m[1;34m	threadid 47987781801728 -> core 11 - OK[0m[1;34m
[0m[1;34m	threadid 47987783902976 -> core 12 - OK[0m[1;34m
[0m[1;34m	threadid 47987786004224 -> core 13 - OK[0m[1;34m
[0m[1;34m	threadid 47987788105472 -> core 14 - OK[0m[1;34m
[0m[1;34m	threadid 47987790206720 -> core 15 - OK[0m[1;34m
[0m[1;34m	threadid 47987792307968 -> core 16 - OK[0m[1;34m
[0m[1;34m	threadid 47987794409216 -> core 17 - OK[0m[1;34m
[0m[1;34m	threadid 47987796510464 -> core 18 - OK[0m[1;34m
[0m[1;34m	threadid 47987798611712 -> core 19 - OK[0m[1;34m
[0miterations: 200
Total iterations: 1790412800 LUP
FLOP: 89
Total work: 159346739200 FLOP
performance: 0.632326 GLUP/s
Performance in GFLOP/s: 56.277017
size: 9000000
time: 2.831471
[1;34m[pthread wrapper] 
[0m[1;34m[pthread wrapper] MAIN -> 0
[0m[1;34m[pthread wrapper] PIN_MASK: [0m[1;34m0->1  [0m[1;34m1->2  [0m[1;34m2->3  [0m[1;34m3->4  [0m[1;34m4->5  [0m[1;34m5->6  [0m[1;34m6->7  [0m[1;34m7->8  [0m[1;34m8->9  [0m[1;34m9->10  [0m[1;34m10->11  [0m[1;34m11->12  [0m[1;34m12->13  [0m[1;34m13->14  [0m[1;34m14->15  [0m[1;34m15->16  [0m[1;34m16->17  [0m[1;34m17->18  [0m[1;34m18->19  [0m[1;34m
[pthread wrapper] SKIP MASK: 0x0
[0m[1;34m	threadid 47584326334208 -> core 1 - OK[0m[1;34m
[0m[1;34m	threadid 47584328435456 -> core 2 - OK[0m[1;34m
[0m[1;34m	threadid 47584330536704 -> core 3 - OK[0m[1;34m
[0m[1;34m	threadid 47584332637952 -> core 4 - OK[0m[1;34m
[0m[1;34m	threadid 47584334739200 -> core 5 - OK[0m[1;34m
[0m[1;34m	threadid 47584336840448 -> core 6 - OK[0m[1;34m
[0m[1;34m	threadid 47584338941696 -> core 7 - OK[0m[1;34m
[0m[1;34m	threadid 47584341042944 -> core 8 - OK[0m[1;34m
[0m[1;34m	threadid 47584343144192 -> core 9 - OK[0m[1;34m
[0m[1;34m	threadid 47584345245440 -> core 10 - OK[0m[1;34m
[0m[1;34m	threadid 47584347346688 -> core 11 - OK[0m[1;34m
[0m[1;34m	threadid 47584349447936 -> core 12 - OK[0m[1;34m
[0m[1;34m	threadid 47584351549184 -> core 13 - OK[0m[1;34m
[0m[1;34m	threadid 47584353650432 -> core 14 - OK[0m[1;34m
[0m[1;34m	threadid 47584355751680 -> core 15 - OK[0m[1;34m
[0m[1;34m	threadid 47584357852928 -> core 16 - OK[0m[1;34m
[0m[1;34m	threadid 47584359954176 -> core 17 - OK[0m[1;34m
[0m[1;34m	threadid 47584362055424 -> core 18 - OK[0m[1;34m
[0m[1;34m	threadid 47584364156672 -> core 19 - OK[0m[1;34m
[0miterations: 200
Total iterations: 1790412800 LUP
FLOP: 89
Total work: 159346739200 FLOP
performance: 0.631320 GLUP/s
Performance in GFLOP/s: 56.187461
size: 9000000
time: 2.835984
[1;34m[pthread wrapper] 
[0m[1;34m[pthread wrapper] MAIN -> 0
[0m[1;34m[pthread wrapper] PIN_MASK: [0m[1;34m0->1  [0m[1;34m1->2  [0m[1;34m2->3  [0m[1;34m3->4  [0m[1;34m4->5  [0m[1;34m5->6  [0m[1;34m6->7  [0m[1;34m7->8  [0m[1;34m8->9  [0m[1;34m9->10  [0m[1;34m10->11  [0m[1;34m11->12  [0m[1;34m12->13  [0m[1;34m13->14  [0m[1;34m14->15  [0m[1;34m15->16  [0m[1;34m16->17  [0m[1;34m17->18  [0m[1;34m18->19  [0m[1;34m
[pthread wrapper] SKIP MASK: 0x0
[0m[1;34m	threadid 47190083524352 -> core 1 - OK[0m[1;34m
[0m[1;34m	threadid 47190085625600 -> core 2 - OK[0m[1;34m
[0m[1;34m	threadid 47190087726848 -> core 3 - OK[0m[1;34m
[0m[1;34m	threadid 47190089828096 -> core 4 - OK[0m[1;34m
[0m[1;34m	threadid 47190091929344 -> core 5 - OK[0m[1;34m
[0m[1;34m	threadid 47190094030592 -> core 6 - OK[0m[1;34m
[0m[1;34m	threadid 47190096131840 -> core 7 - OK[0m[1;34m
[0m[1;34m	threadid 47190098233088 -> core 8 - OK[0m[1;34m
[0m[1;34m	threadid 47190100334336 -> core 9 - OK[0m[1;34m
[0m[1;34m	threadid 47190102435584 -> core 10 - OK[0m[1;34m
[0m[1;34m	threadid 47190104536832 -> core 11 - OK[0m[1;34m
[0m[1;34m	threadid 47190106638080 -> core 12 - OK[0m[1;34m
[0m[1;34m	threadid 47190108739328 -> core 13 - OK[0m[1;34m
[0m[1;34m	threadid 47190110840576 -> core 14 - OK[0m[1;34m
[0m[1;34m	threadid 47190112941824 -> core 15 - OK[0m[1;34m
[0m[1;34m	threadid 47190115043072 -> core 16 - OK[0m[1;34m
[0m[1;34m	threadid 47190117144320 -> core 17 - OK[0m[1;34m
[0m[1;34m	threadid 47190119245568 -> core 18 - OK[0m[1;34m
[0m[1;34m	threadid 47190121346816 -> core 19 - OK[0m[1;34m
[0miterations: 200
Total iterations: 1790412800 LUP
FLOP: 89
Total work: 159346739200 FLOP
performance: 0.632109 GLUP/s
Performance in GFLOP/s: 56.257723
size: 9000000
time: 2.832442
[1;34m[pthread wrapper] 
[0m[1;34m[pthread wrapper] MAIN -> 0
[0m[1;34m[pthread wrapper] PIN_MASK: [0m[1;34m0->1  [0m[1;34m1->2  [0m[1;34m2->3  [0m[1;34m3->4  [0m[1;34m4->5  [0m[1;34m5->6  [0m[1;34m6->7  [0m[1;34m7->8  [0m[1;34m8->9  [0m[1;34m9->10  [0m[1;34m10->11  [0m[1;34m11->12  [0m[1;34m12->13  [0m[1;34m13->14  [0m[1;34m14->15  [0m[1;34m15->16  [0m[1;34m16->17  [0m[1;34m17->18  [0m[1;34m18->19  [0m[1;34m
[pthread wrapper] SKIP MASK: 0x0
[0m[1;34m	threadid 47825499813632 -> core 1 - OK[0m[1;34m
[0m[1;34m	threadid 47825501914880 -> core 2 - OK[0m[1;34m
[0m[1;34m	threadid 47825504016128 -> core 3 - OK[0m[1;34m
[0m[1;34m	threadid 47825506117376 -> core 4 - OK[0m[1;34m
[0m[1;34m	threadid 47825508218624 -> core 5 - OK[0m[1;34m
[0m[1;34m	threadid 47825510319872 -> core 6 - OK[0m[1;34m
[0m[1;34m	threadid 47825512421120 -> core 7 - OK[0m[1;34m
[0m[1;34m	threadid 47825514522368 -> core 8 - OK[0m[1;34m
[0m[1;34m	threadid 47825516623616 -> core 9 - OK[0m[1;34m
[0m[1;34m	threadid 47825518724864 -> core 10 - OK[0m[1;34m
[0m[1;34m	threadid 47825520826112 -> core 11 - OK[0m[1;34m
[0m[1;34m	threadid 47825522927360 -> core 12 - OK[0m[1;34m
[0m[1;34m	threadid 47825525028608 -> core 13 - OK[0m[1;34m
[0m[1;34m	threadid 47825527129856 -> core 14 - OK[0m[1;34m
[0m[1;34m	threadid 47825529231104 -> core 15 - OK[0m[1;34m
[0m[1;34m	threadid 47825531332352 -> core 16 - OK[0m[1;34m
[0m[1;34m	threadid 47825533433600 -> core 17 - OK[0m[1;34m
[0m[1;34m	threadid 47825535534848 -> core 18 - OK[0m[1;34m
[0m[1;34m	threadid 47825537636096 -> core 19 - OK[0m[1;34m
[0miterations: 200
Total iterations: 1790412800 LUP
FLOP: 89
Total work: 159346739200 FLOP
performance: 0.632402 GLUP/s
Performance in GFLOP/s: 56.283813
size: 9000000
time: 2.831129
[1;34m[pthread wrapper] 
[0m[1;34m[pthread wrapper] MAIN -> 0
[0m[1;34m[pthread wrapper] PIN_MASK: [0m[1;34m0->1  [0m[1;34m1->2  [0m[1;34m2->3  [0m[1;34m3->4  [0m[1;34m4->5  [0m[1;34m5->6  [0m[1;34m6->7  [0m[1;34m7->8  [0m[1;34m8->9  [0m[1;34m9->10  [0m[1;34m10->11  [0m[1;34m11->12  [0m[1;34m12->13  [0m[1;34m13->14  [0m[1;34m14->15  [0m[1;34m15->16  [0m[1;34m16->17  [0m[1;34m17->18  [0m[1;34m18->19  [0m[1;34m
[pthread wrapper] SKIP MASK: 0x0
[0m[1;34m	threadid 47207829001984 -> core 1 - OK[0m[1;34m
[0m[1;34m	threadid 47207831103232 -> core 2 - OK[0m[1;34m
[0m[1;34m	threadid 47207833204480 -> core 3 - OK[0m[1;34m
[0m[1;34m	threadid 47207835305728 -> core 4 - OK[0m[1;34m
[0m[1;34m	threadid 47207837406976 -> core 5 - OK[0m[1;34m
[0m[1;34m	threadid 47207839508224 -> core 6 - OK[0m[1;34m
[0m[1;34m	threadid 47207841609472 -> core 7 - OK[0m[1;34m
[0m[1;34m	threadid 47207843710720 -> core 8 - OK[0m[1;34m
[0m[1;34m	threadid 47207845811968 -> core 9 - OK[0m[1;34m
[0m[1;34m	threadid 47207847913216 -> core 10 - OK[0m[1;34m
[0m[1;34m	threadid 47207850014464 -> core 11 - OK[0m[1;34m
[0m[1;34m	threadid 47207852115712 -> core 12 - OK[0m[1;34m
[0m[1;34m	threadid 47207854216960 -> core 13 - OK[0m[1;34m
[0m[1;34m	threadid 47207856318208 -> core 14 - OK[0m[1;34m
[0m[1;34m	threadid 47207858419456 -> core 15 - OK[0m[1;34m
[0m[1;34m	threadid 47207860520704 -> core 16 - OK[0m[1;34m
[0m[1;34m	threadid 47207862621952 -> core 17 - OK[0m[1;34m
[0m[1;34m	threadid 47207864723200 -> core 18 - OK[0m[1;34m
[0m[1;34m	threadid 47207866824448 -> core 19 - OK[0m[1;34m
[0miterations: 200
Total iterations: 1790412800 LUP
FLOP: 89
Total work: 159346739200 FLOP
performance: 0.631161 GLUP/s
Performance in GFLOP/s: 56.173317
size: 9000000
time: 2.836698
[1;34m[pthread wrapper] 
[0m[1;34m[pthread wrapper] MAIN -> 0
[0m[1;34m[pthread wrapper] PIN_MASK: [0m[1;34m0->1  [0m[1;34m1->2  [0m[1;34m2->3  [0m[1;34m3->4  [0m[1;34m4->5  [0m[1;34m5->6  [0m[1;34m6->7  [0m[1;34m7->8  [0m[1;34m8->9  [0m[1;34m9->10  [0m[1;34m10->11  [0m[1;34m11->12  [0m[1;34m12->13  [0m[1;34m13->14  [0m[1;34m14->15  [0m[1;34m15->16  [0m[1;34m16->17  [0m[1;34m17->18  [0m[1;34m18->19  [0m[1;34m
[pthread wrapper] SKIP MASK: 0x0
[0m[1;34m	threadid 47580120340224 -> core 1 - OK[0m[1;34m
[0m[1;34m	threadid 47580122441472 -> core 2 - OK[0m[1;34m
[0m[1;34m	threadid 47580124542720 -> core 3 - OK[0m[1;34m
[0m[1;34m	threadid 47580126643968 -> core 4 - OK[0m[1;34m
[0m[1;34m	threadid 47580128745216 -> core 5 - OK[0m[1;34m
[0m[1;34m	threadid 47580130846464 -> core 6 - OK[0m[1;34m
[0m[1;34m	threadid 47580132947712 -> core 7 - OK[0m[1;34m
[0m[1;34m	threadid 47580135048960 -> core 8 - OK[0m[1;34m
[0m[1;34m	threadid 47580137150208 -> core 9 - OK[0m[1;34m
[0m[1;34m	threadid 47580139251456 -> core 10 - OK[0m[1;34m
[0m[1;34m	threadid 47580141352704 -> core 11 - OK[0m[1;34m
[0m[1;34m	threadid 47580143453952 -> core 12 - OK[0m[1;34m
[0m[1;34m	threadid 47580145555200 -> core 13 - OK[0m[1;34m
[0m[1;34m	threadid 47580147656448 -> core 14 - OK[0m[1;34m
[0m[1;34m	threadid 47580149757696 -> core 15 - OK[0m[1;34m
[0m[1;34m	threadid 47580151858944 -> core 16 - OK[0m[1;34m
[0m[1;34m	threadid 47580153960192 -> core 17 - OK[0m[1;34m
[0m[1;34m	threadid 47580156061440 -> core 18 - OK[0m[1;34m
[0m[1;34m	threadid 47580158162688 -> core 19 - OK[0m[1;34m
[0miterations: 200
Total iterations: 1790412800 LUP
FLOP: 89
Total work: 159346739200 FLOP
performance: 0.632453 GLUP/s
Performance in GFLOP/s: 56.288288
size: 9000000
time: 2.830904
