iterations: 200
Total iterations: 48412800 LUP
FLOP: 89
Total work: 4308739200 FLOP
performance: 0.265085 GLUP/s
Performance in GFLOP/s: 23.592593
size: 250000
time: 0.182631
iterations: 200
Total iterations: 48412800 LUP
FLOP: 89
Total work: 4308739200 FLOP
performance: 0.265148 GLUP/s
Performance in GFLOP/s: 23.598138
size: 250000
time: 0.182588
iterations: 200
Total iterations: 48412800 LUP
FLOP: 89
Total work: 4308739200 FLOP
performance: 0.265110 GLUP/s
Performance in GFLOP/s: 23.594780
size: 250000
time: 0.182614
iterations: 200
Total iterations: 48412800 LUP
FLOP: 89
Total work: 4308739200 FLOP
performance: 0.265149 GLUP/s
Performance in GFLOP/s: 23.598292
size: 250000
time: 0.182587
iterations: 200
Total iterations: 48412800 LUP
FLOP: 89
Total work: 4308739200 FLOP
performance: 0.265071 GLUP/s
Performance in GFLOP/s: 23.591299
size: 250000
time: 0.182641
iterations: 200
Total iterations: 48412800 LUP
FLOP: 89
Total work: 4308739200 FLOP
performance: 0.265174 GLUP/s
Performance in GFLOP/s: 23.600480
size: 250000
time: 0.182570
iterations: 200
Total iterations: 48412800 LUP
FLOP: 89
Total work: 4308739200 FLOP
performance: 0.265193 GLUP/s
Performance in GFLOP/s: 23.602145
size: 250000
time: 0.182557
iterations: 200
Total iterations: 48412800 LUP
FLOP: 89
Total work: 4308739200 FLOP
performance: 0.265149 GLUP/s
Performance in GFLOP/s: 23.598261
size: 250000
time: 0.182587
iterations: 200
Total iterations: 48412800 LUP
FLOP: 89
Total work: 4308739200 FLOP
performance: 0.265120 GLUP/s
Performance in GFLOP/s: 23.595704
size: 250000
time: 0.182607
iterations: 200
Total iterations: 48412800 LUP
FLOP: 89
Total work: 4308739200 FLOP
performance: 0.265200 GLUP/s
Performance in GFLOP/s: 23.602792
size: 250000
time: 0.182552
