[1;34m[pthread wrapper] 
[0m[1;34m[pthread wrapper] MAIN -> 0
[0m[1;34m[pthread wrapper] PIN_MASK: [0m[1;34m0->1  [0m[1;34m1->2  [0m[1;34m2->10  [0m[1;34m3->11  [0m[1;34m4->12  [0m[1;34m
[pthread wrapper] SKIP MASK: 0x0
[0m[1;34m	threadid 47994825086720 -> core 1 - OK[0m[1;34m
[0m[1;34m	threadid 47994827187968 -> core 2 - OK[0m[1;34m
[0m[1;34m	threadid 47994829289216 -> core 10 - OK[0m[1;34m
[0m[1;34m	threadid 47994831390464 -> core 11 - OK[0m[1;34m
[0m[1;34m	threadid 47994833491712 -> core 12 - OK[0m[1;34m
[0miterations: 200
Total iterations: 48412800 LUP
FLOP: 89
Total work: 4308739200 FLOP
performance: 0.176354 GLUP/s
Performance in GFLOP/s: 15.695543
size: 250000
time: 0.274520
[1;34m[pthread wrapper] 
[0m[1;34m[pthread wrapper] MAIN -> 0
[0m[1;34m[pthread wrapper] PIN_MASK: [0m[1;34m0->1  [0m[1;34m1->2  [0m[1;34m2->10  [0m[1;34m3->11  [0m[1;34m4->12  [0m[1;34m
[pthread wrapper] SKIP MASK: 0x0
[0m[1;34m	threadid 47096832333568 -> core 1 - OK[0m[1;34m
[0m[1;34m	threadid 47096834434816 -> core 2 - OK[0m[1;34m
[0m[1;34m	threadid 47096836536064 -> core 10 - OK[0m[1;34m
[0m[1;34m	threadid 47096838637312 -> core 11 - OK[0m[1;34m
[0m[1;34m	threadid 47096840738560 -> core 12 - OK[0m[1;34m
[0miterations: 200
Total iterations: 48412800 LUP
FLOP: 89
Total work: 4308739200 FLOP
performance: 0.176347 GLUP/s
Performance in GFLOP/s: 15.694902
size: 250000
time: 0.274531
[1;34m[pthread wrapper] 
[0m[1;34m[pthread wrapper] MAIN -> 0
[0m[1;34m[pthread wrapper] PIN_MASK: [0m[1;34m0->1  [0m[1;34m1->2  [0m[1;34m2->10  [0m[1;34m3->11  [0m[1;34m4->12  [0m[1;34m
[pthread wrapper] SKIP MASK: 0x0
[0m[1;34m	threadid 47368522872576 -> core 1 - OK[0m[1;34m
[0m[1;34m	threadid 47368524973824 -> core 2 - OK[0m[1;34m
[0m[1;34m	threadid 47368527075072 -> core 10 - OK[0m[1;34m
[0m[1;34m	threadid 47368529176320 -> core 11 - OK[0m[1;34m
[0m[1;34m	threadid 47368531277568 -> core 12 - OK[0m[1;34m
[0miterations: 200
Total iterations: 48412800 LUP
FLOP: 89
Total work: 4308739200 FLOP
performance: 0.176349 GLUP/s
Performance in GFLOP/s: 15.695079
size: 250000
time: 0.274528
[1;34m[pthread wrapper] 
[0m[1;34m[pthread wrapper] MAIN -> 0
[0m[1;34m[pthread wrapper] PIN_MASK: [0m[1;34m0->1  [0m[1;34m1->2  [0m[1;34m2->10  [0m[1;34m3->11  [0m[1;34m4->12  [0m[1;34m
[pthread wrapper] SKIP MASK: 0x0
[0m[1;34m	threadid 47370870732544 -> core 1 - OK[0m[1;34m
[0m[1;34m	threadid 47370872833792 -> core 2 - OK[0m[1;34m
[0m[1;34m	threadid 47370874935040 -> core 10 - OK[0m[1;34m
[0m[1;34m	threadid 47370877036288 -> core 11 - OK[0m[1;34m
[0m[1;34m	threadid 47370879137536 -> core 12 - OK[0m[1;34m
[0miterations: 200
Total iterations: 48412800 LUP
FLOP: 89
Total work: 4308739200 FLOP
performance: 0.176297 GLUP/s
Performance in GFLOP/s: 15.690392
size: 250000
time: 0.274610
[1;34m[pthread wrapper] 
[0m[1;34m[pthread wrapper] MAIN -> 0
[0m[1;34m[pthread wrapper] PIN_MASK: [0m[1;34m0->1  [0m[1;34m1->2  [0m[1;34m2->10  [0m[1;34m3->11  [0m[1;34m4->12  [0m[1;34m
[pthread wrapper] SKIP MASK: 0x0
[0m[1;34m	threadid 46989604714240 -> core 1 - OK[0m[1;34m
[0m[1;34m	threadid 46989606815488 -> core 2 - OK[0m[1;34m
[0m[1;34m	threadid 46989608916736 -> core 10 - OK[0m[1;34m
[0m[1;34m	threadid 46989611017984 -> core 11 - OK[0m[1;34m
[0m[1;34m	threadid 46989613119232 -> core 12 - OK[0m[1;34m
[0miterations: 200
Total iterations: 48412800 LUP
FLOP: 89
Total work: 4308739200 FLOP
performance: 0.176304 GLUP/s
Performance in GFLOP/s: 15.691019
size: 250000
time: 0.274599
[1;34m[pthread wrapper] 
[0m[1;34m[pthread wrapper] MAIN -> 0
[0m[1;34m[pthread wrapper] PIN_MASK: [0m[1;34m0->1  [0m[1;34m1->2  [0m[1;34m2->10  [0m[1;34m3->11  [0m[1;34m4->12  [0m[1;34m
[pthread wrapper] SKIP MASK: 0x0
[0m[1;34m	threadid 47530669569792 -> core 1 - OK[0m[1;34m
[0m[1;34m	threadid 47530671671040 -> core 2 - OK[0m[1;34m
[0m[1;34m	threadid 47530673772288 -> core 10 - OK[0m[1;34m
[0m[1;34m	threadid 47530675873536 -> core 11 - OK[0m[1;34m
[0m[1;34m	threadid 47530677974784 -> core 12 - OK[0m[1;34m
[0miterations: 200
Total iterations: 48412800 LUP
FLOP: 89
Total work: 4308739200 FLOP
performance: 0.176403 GLUP/s
Performance in GFLOP/s: 15.699893
size: 250000
time: 0.274444
[1;34m[pthread wrapper] 
[0m[1;34m[pthread wrapper] MAIN -> 0
[0m[1;34m[pthread wrapper] PIN_MASK: [0m[1;34m0->1  [0m[1;34m1->2  [0m[1;34m2->10  [0m[1;34m3->11  [0m[1;34m4->12  [0m[1;34m
[pthread wrapper] SKIP MASK: 0x0
[0m[1;34m	threadid 46963194242816 -> core 1 - OK[0m[1;34m
[0m[1;34m	threadid 46963196344064 -> core 2 - OK[0m[1;34m
[0m[1;34m	threadid 46963198445312 -> core 10 - OK[0m[1;34m
[0m[1;34m	threadid 46963200546560 -> core 11 - OK[0m[1;34m
[0m[1;34m	threadid 46963202647808 -> core 12 - OK[0m[1;34m
[0miterations: 200
Total iterations: 48412800 LUP
FLOP: 89
Total work: 4308739200 FLOP
performance: 0.176419 GLUP/s
Performance in GFLOP/s: 15.701257
size: 250000
time: 0.274420
[1;34m[pthread wrapper] 
[0m[1;34m[pthread wrapper] MAIN -> 0
[0m[1;34m[pthread wrapper] PIN_MASK: [0m[1;34m0->1  [0m[1;34m1->2  [0m[1;34m2->10  [0m[1;34m3->11  [0m[1;34m4->12  [0m[1;34m
[pthread wrapper] SKIP MASK: 0x0
[0m[1;34m	threadid 47189257516800 -> core 1 - OK[0m[1;34m
[0m[1;34m	threadid 47189259618048 -> core 2 - OK[0m[1;34m
[0m[1;34m	threadid 47189261719296 -> core 10 - OK[0m[1;34m
[0m[1;34m	threadid 47189263820544 -> core 11 - OK[0m[1;34m
[0m[1;34m	threadid 47189265921792 -> core 12 - OK[0m[1;34m
[0miterations: 200
Total iterations: 48412800 LUP
FLOP: 89
Total work: 4308739200 FLOP
performance: 0.176315 GLUP/s
Performance in GFLOP/s: 15.692054
size: 250000
time: 0.274581
[1;34m[pthread wrapper] 
[0m[1;34m[pthread wrapper] MAIN -> 0
[0m[1;34m[pthread wrapper] PIN_MASK: [0m[1;34m0->1  [0m[1;34m1->2  [0m[1;34m2->10  [0m[1;34m3->11  [0m[1;34m4->12  [0m[1;34m
[pthread wrapper] SKIP MASK: 0x0
[0m[1;34m	threadid 47735665886976 -> core 1 - OK[0m[1;34m
[0m[1;34m	threadid 47735667988224 -> core 2 - OK[0m[1;34m
[0m[1;34m	threadid 47735670089472 -> core 10 - OK[0m[1;34m
[0m[1;34m	threadid 47735672190720 -> core 11 - OK[0m[1;34m
[0m[1;34m	threadid 47735674291968 -> core 12 - OK[0m[1;34m
[0miterations: 200
Total iterations: 48412800 LUP
FLOP: 89
Total work: 4308739200 FLOP
performance: 0.176475 GLUP/s
Performance in GFLOP/s: 15.706237
size: 250000
time: 0.274333
[1;34m[pthread wrapper] 
[0m[1;34m[pthread wrapper] MAIN -> 0
[0m[1;34m[pthread wrapper] PIN_MASK: [0m[1;34m0->1  [0m[1;34m1->2  [0m[1;34m2->10  [0m[1;34m3->11  [0m[1;34m4->12  [0m[1;34m
[pthread wrapper] SKIP MASK: 0x0
[0m[1;34m	threadid 47728272111360 -> core 1 - OK[0m[1;34m
[0m[1;34m	threadid 47728274212608 -> core 2 - OK[0m[1;34m
[0m[1;34m	threadid 47728276313856 -> core 10 - OK[0m[1;34m
[0m[1;34m	threadid 47728278415104 -> core 11 - OK[0m[1;34m
[0m[1;34m	threadid 47728280516352 -> core 12 - OK[0m[1;34m
[0miterations: 200
Total iterations: 48412800 LUP
FLOP: 89
Total work: 4308739200 FLOP
performance: 0.176197 GLUP/s
Performance in GFLOP/s: 15.681542
size: 250000
time: 0.274765
