[1;34m[pthread wrapper] 
[0m[1;34m[pthread wrapper] MAIN -> 0
[0m[1;34m[pthread wrapper] PIN_MASK: [0m[1;34m0->1  [0m[1;34m1->2  [0m[1;34m2->3  [0m[1;34m
[pthread wrapper] SKIP MASK: 0x0
[0m[1;34m	threadid 47081343895296 -> core 1 - OK[0m[1;34m
[0m[1;34m	threadid 47081345996544 -> core 2 - OK[0m[1;34m
[0m[1;34m	threadid 47081348097792 -> core 3 - OK[0m[1;34m
[0miterations: 200
Total iterations: 48412800 LUP
FLOP: 89
Total work: 4308739200 FLOP
performance: 0.131474 GLUP/s
Performance in GFLOP/s: 11.701221
size: 250000
time: 0.368230
[1;34m[pthread wrapper] 
[0m[1;34m[pthread wrapper] MAIN -> 0
[0m[1;34m[pthread wrapper] PIN_MASK: [0m[1;34m0->1  [0m[1;34m1->2  [0m[1;34m2->3  [0m[1;34m
[pthread wrapper] SKIP MASK: 0x0
[0m[1;34m	threadid 47016180135680 -> core 1 - OK[0m[1;34m
[0m[1;34m	threadid 47016182236928 -> core 2 - OK[0m[1;34m
[0m[1;34m	threadid 47016184338176 -> core 3 - OK[0m[1;34m
[0miterations: 200
Total iterations: 48412800 LUP
FLOP: 89
Total work: 4308739200 FLOP
performance: 0.131555 GLUP/s
Performance in GFLOP/s: 11.708370
size: 250000
time: 0.368005
[1;34m[pthread wrapper] 
[0m[1;34m[pthread wrapper] MAIN -> 0
[0m[1;34m[pthread wrapper] PIN_MASK: [0m[1;34m0->1  [0m[1;34m1->2  [0m[1;34m2->3  [0m[1;34m
[pthread wrapper] SKIP MASK: 0x0
[0m[1;34m	threadid 47054524606208 -> core 1 - OK[0m[1;34m
[0m[1;34m	threadid 47054526707456 -> core 2 - OK[0m[1;34m
[0m[1;34m	threadid 47054528808704 -> core 3 - OK[0m[1;34m
[0miterations: 200
Total iterations: 48412800 LUP
FLOP: 89
Total work: 4308739200 FLOP
performance: 0.131535 GLUP/s
Performance in GFLOP/s: 11.706626
size: 250000
time: 0.368060
[1;34m[pthread wrapper] 
[0m[1;34m[pthread wrapper] MAIN -> 0
[0m[1;34m[pthread wrapper] PIN_MASK: [0m[1;34m0->1  [0m[1;34m1->2  [0m[1;34m2->3  [0m[1;34m
[pthread wrapper] SKIP MASK: 0x0
[0m[1;34m	threadid 47310776633088 -> core 1 - OK[0m[1;34m
[0m[1;34m	threadid 47310778734336 -> core 2 - OK[0m[1;34m
[0m[1;34m	threadid 47310780835584 -> core 3 - OK[0m[1;34m
[0miterations: 200
Total iterations: 48412800 LUP
FLOP: 89
Total work: 4308739200 FLOP
performance: 0.131480 GLUP/s
Performance in GFLOP/s: 11.701699
size: 250000
time: 0.368215
[1;34m[pthread wrapper] 
[0m[1;34m[pthread wrapper] MAIN -> 0
[0m[1;34m[pthread wrapper] PIN_MASK: [0m[1;34m0->1  [0m[1;34m1->2  [0m[1;34m2->3  [0m[1;34m
[pthread wrapper] SKIP MASK: 0x0
[0m[1;34m	threadid 47371880507136 -> core 1 - OK[0m[1;34m
[0m[1;34m	threadid 47371882608384 -> core 2 - OK[0m[1;34m
[0m[1;34m	threadid 47371884709632 -> core 3 - OK[0m[1;34m
[0miterations: 200
Total iterations: 48412800 LUP
FLOP: 89
Total work: 4308739200 FLOP
performance: 0.131521 GLUP/s
Performance in GFLOP/s: 11.705413
size: 250000
time: 0.368098
[1;34m[pthread wrapper] 
[0m[1;34m[pthread wrapper] MAIN -> 0
[0m[1;34m[pthread wrapper] PIN_MASK: [0m[1;34m0->1  [0m[1;34m1->2  [0m[1;34m2->3  [0m[1;34m
[pthread wrapper] SKIP MASK: 0x0
[0m[1;34m	threadid 47207646873344 -> core 1 - OK[0m[1;34m
[0m[1;34m	threadid 47207648974592 -> core 2 - OK[0m[1;34m
[0m[1;34m	threadid 47207651075840 -> core 3 - OK[0m[1;34m
[0miterations: 200
Total iterations: 48412800 LUP
FLOP: 89
Total work: 4308739200 FLOP
performance: 0.131536 GLUP/s
Performance in GFLOP/s: 11.706686
size: 250000
time: 0.368058
[1;34m[pthread wrapper] 
[0m[1;34m[pthread wrapper] MAIN -> 0
[0m[1;34m[pthread wrapper] PIN_MASK: [0m[1;34m0->1  [0m[1;34m1->2  [0m[1;34m2->3  [0m[1;34m
[pthread wrapper] SKIP MASK: 0x0
[0m[1;34m	threadid 47078328170240 -> core 1 - OK[0m[1;34m
[0m[1;34m	threadid 47078330271488 -> core 2 - OK[0m[1;34m
[0m[1;34m	threadid 47078332372736 -> core 3 - OK[0m[1;34m
[0miterations: 200
Total iterations: 48412800 LUP
FLOP: 89
Total work: 4308739200 FLOP
performance: 0.131542 GLUP/s
Performance in GFLOP/s: 11.707255
size: 250000
time: 0.368040
[1;34m[pthread wrapper] 
[0m[1;34m[pthread wrapper] MAIN -> 0
[0m[1;34m[pthread wrapper] PIN_MASK: [0m[1;34m0->1  [0m[1;34m1->2  [0m[1;34m2->3  [0m[1;34m
[pthread wrapper] SKIP MASK: 0x0
[0m[1;34m	threadid 47746547586816 -> core 1 - OK[0m[1;34m
[0m[1;34m	threadid 47746549688064 -> core 2 - OK[0m[1;34m
[0m[1;34m	threadid 47746551789312 -> core 3 - OK[0m[1;34m
[0miterations: 200
Total iterations: 48412800 LUP
FLOP: 89
Total work: 4308739200 FLOP
performance: 0.131527 GLUP/s
Performance in GFLOP/s: 11.705890
size: 250000
time: 0.368083
[1;34m[pthread wrapper] 
[0m[1;34m[pthread wrapper] MAIN -> 0
[0m[1;34m[pthread wrapper] PIN_MASK: [0m[1;34m0->1  [0m[1;34m1->2  [0m[1;34m2->3  [0m[1;34m
[pthread wrapper] SKIP MASK: 0x0
[0m[1;34m	threadid 47085453833984 -> core 1 - OK[0m[1;34m
[0m[1;34m	threadid 47085455935232 -> core 2 - OK[0m[1;34m
[0m[1;34m	threadid 47085458036480 -> core 3 - OK[0m[1;34m
[0miterations: 200
Total iterations: 48412800 LUP
FLOP: 89
Total work: 4308739200 FLOP
performance: 0.131520 GLUP/s
Performance in GFLOP/s: 11.705322
size: 250000
time: 0.368101
[1;34m[pthread wrapper] 
[0m[1;34m[pthread wrapper] MAIN -> 0
[0m[1;34m[pthread wrapper] PIN_MASK: [0m[1;34m0->1  [0m[1;34m1->2  [0m[1;34m2->3  [0m[1;34m
[pthread wrapper] SKIP MASK: 0x0
[0m[1;34m	threadid 47599942838016 -> core 1 - OK[0m[1;34m
[0m[1;34m	threadid 47599944939264 -> core 2 - OK[0m[1;34m
[0m[1;34m	threadid 47599947040512 -> core 3 - OK[0m[1;34m
[0miterations: 200
Total iterations: 48412800 LUP
FLOP: 89
Total work: 4308739200 FLOP
performance: 0.131555 GLUP/s
Performance in GFLOP/s: 11.708370
size: 250000
time: 0.368005
