iterations: 200
Total iterations: 1790412800 LUP
FLOP: 89
Total work: 159346739200 FLOP
performance: 0.198601 GLUP/s
Performance in GFLOP/s: 17.675528
size: 9000000
time: 9.015105
iterations: 200
Total iterations: 1790412800 LUP
FLOP: 89
Total work: 159346739200 FLOP
performance: 0.198435 GLUP/s
Performance in GFLOP/s: 17.660700
size: 9000000
time: 9.022674
iterations: 200
Total iterations: 1790412800 LUP
FLOP: 89
Total work: 159346739200 FLOP
performance: 0.198629 GLUP/s
Performance in GFLOP/s: 17.677963
size: 9000000
time: 9.013863
iterations: 200
Total iterations: 1790412800 LUP
FLOP: 89
Total work: 159346739200 FLOP
performance: 0.198582 GLUP/s
Performance in GFLOP/s: 17.673783
size: 9000000
time: 9.015995
iterations: 200
Total iterations: 1790412800 LUP
FLOP: 89
Total work: 159346739200 FLOP
performance: 0.197159 GLUP/s
Performance in GFLOP/s: 17.547144
size: 9000000
time: 9.081064
iterations: 200
Total iterations: 1790412800 LUP
FLOP: 89
Total work: 159346739200 FLOP
performance: 0.195943 GLUP/s
Performance in GFLOP/s: 17.438937
size: 9000000
time: 9.137411
iterations: 200
Total iterations: 1790412800 LUP
FLOP: 89
Total work: 159346739200 FLOP
performance: 0.198601 GLUP/s
Performance in GFLOP/s: 17.675487
size: 9000000
time: 9.015126
iterations: 200
Total iterations: 1790412800 LUP
FLOP: 89
Total work: 159346739200 FLOP
performance: 0.198554 GLUP/s
Performance in GFLOP/s: 17.671300
size: 9000000
time: 9.017262
iterations: 200
Total iterations: 1790412800 LUP
FLOP: 89
Total work: 159346739200 FLOP
performance: 0.198578 GLUP/s
Performance in GFLOP/s: 17.673462
size: 9000000
time: 9.016159
iterations: 200
Total iterations: 1790412800 LUP
FLOP: 89
Total work: 159346739200 FLOP
performance: 0.198652 GLUP/s
Performance in GFLOP/s: 17.680037
size: 9000000
time: 9.012806
