iterations: 120
Total iterations: 1074247680 LUP
FLOP: 89
Total work: 95608043520 FLOP
performance: 0.034026 GLUP/s
Performance in GFLOP/s: 3.028275
size: 9000000
time: 31.571783
[1;34m[likwid-pin] Main PID -> core 0 - OK[0m
iterations: 120
Total iterations: 1074247680 LUP
FLOP: 89
Total work: 95608043520 FLOP
performance: 0.034025 GLUP/s
Performance in GFLOP/s: 3.028228
size: 9000000
time: 31.572278
[1;34m[likwid-pin] Main PID -> core 0 - OK[0m
iterations: 120
Total iterations: 1074247680 LUP
FLOP: 89
Total work: 95608043520 FLOP
performance: 0.034035 GLUP/s
Performance in GFLOP/s: 3.029152
size: 9000000
time: 31.562641
[1;34m[likwid-pin] Main PID -> core 0 - OK[0m
iterations: 120
Total iterations: 1074247680 LUP
FLOP: 89
Total work: 95608043520 FLOP
performance: 0.034035 GLUP/s
Performance in GFLOP/s: 3.029123
size: 9000000
time: 31.562942
[1;34m[likwid-pin] Main PID -> core 0 - OK[0m
iterations: 120
Total iterations: 1074247680 LUP
FLOP: 89
Total work: 95608043520 FLOP
performance: 0.034028 GLUP/s
Performance in GFLOP/s: 3.028502
size: 9000000
time: 31.569416
[1;34m[likwid-pin] Main PID -> core 0 - OK[0m
iterations: 120
Total iterations: 1074247680 LUP
FLOP: 89
Total work: 95608043520 FLOP
performance: 0.034021 GLUP/s
Performance in GFLOP/s: 3.027834
size: 9000000
time: 31.576379
[1;34m[likwid-pin] Main PID -> core 0 - OK[0m
iterations: 120
Total iterations: 1074247680 LUP
FLOP: 89
Total work: 95608043520 FLOP
performance: 0.034024 GLUP/s
Performance in GFLOP/s: 3.028120
size: 9000000
time: 31.573401
[1;34m[likwid-pin] Main PID -> core 0 - OK[0m
iterations: 120
Total iterations: 1074247680 LUP
FLOP: 89
Total work: 95608043520 FLOP
performance: 0.034028 GLUP/s
Performance in GFLOP/s: 3.028514
size: 9000000
time: 31.569293
[1;34m[likwid-pin] Main PID -> core 0 - OK[0m
iterations: 120
Total iterations: 1074247680 LUP
FLOP: 89
Total work: 95608043520 FLOP
performance: 0.034027 GLUP/s
Performance in GFLOP/s: 3.028378
size: 9000000
time: 31.570711
[1;34m[likwid-pin] Main PID -> core 0 - OK[0m
iterations: 120
Total iterations: 1074247680 LUP
FLOP: 89
Total work: 95608043520 FLOP
performance: 0.034039 GLUP/s
Performance in GFLOP/s: 3.029461
size: 9000000
time: 31.559423
[1;34m[likwid-pin] Main PID -> core 0 - OK[0m
