[1;34m[pthread wrapper] 
[0m[1;34m[pthread wrapper] MAIN -> 0
[0m[1;34m[pthread wrapper] PIN_MASK: [0m[1;34m0->1  [0m[1;34m1->2  [0m[1;34m2->3  [0m[1;34m3->4  [0m[1;34m4->10  [0m[1;34m5->11  [0m[1;34m6->12  [0m[1;34m7->13  [0m[1;34m8->14  [0m[1;34m
[pthread wrapper] SKIP MASK: 0x0
[0m[1;34m	threadid 47204159297280 -> core 1 - OK[0m[1;34m
[0m[1;34m	threadid 47204161398528 -> core 2 - OK[0m[1;34m
[0m[1;34m	threadid 47204163499776 -> core 3 - OK[0m[1;34m
[0m[1;34m	threadid 47204165601024 -> core 4 - OK[0m[1;34m
[0m[1;34m	threadid 47204167702272 -> core 10 - OK[0m[1;34m
[0m[1;34m	threadid 47204169803520 -> core 11 - OK[0m[1;34m
[0m[1;34m	threadid 47204171904768 -> core 12 - OK[0m[1;34m
[0m[1;34m	threadid 47204174006016 -> core 13 - OK[0m[1;34m
[0m[1;34m	threadid 47204176107264 -> core 14 - OK[0m[1;34m
[0miterations: 120
Total iterations: 1074247680 LUP
FLOP: 89
Total work: 95608043520 FLOP
performance: 0.332999 GLUP/s
Performance in GFLOP/s: 29.636881
size: 9000000
time: 3.225982
[1;34m[pthread wrapper] 
[0m[1;34m[pthread wrapper] MAIN -> 0
[0m[1;34m[pthread wrapper] PIN_MASK: [0m[1;34m0->1  [0m[1;34m1->2  [0m[1;34m2->3  [0m[1;34m3->4  [0m[1;34m4->10  [0m[1;34m5->11  [0m[1;34m6->12  [0m[1;34m7->13  [0m[1;34m8->14  [0m[1;34m
[pthread wrapper] SKIP MASK: 0x0
[0m[1;34m	threadid 47206905677568 -> core 1 - OK[0m[1;34m
[0m[1;34m	threadid 47206907778816 -> core 2 - OK[0m[1;34m
[0m[1;34m	threadid 47206909880064 -> core 3 - OK[0m[1;34m
[0m[1;34m	threadid 47206911981312 -> core 4 - OK[0m[1;34m
[0m[1;34m	threadid 47206914082560 -> core 10 - OK[0m[1;34m
[0m[1;34m	threadid 47206916183808 -> core 11 - OK[0m[1;34m
[0m[1;34m	threadid 47206918285056 -> core 12 - OK[0m[1;34m
[0m[1;34m	threadid 47206920386304 -> core 13 - OK[0m[1;34m
[0m[1;34m	threadid 47206922487552 -> core 14 - OK[0m[1;34m
[0miterations: 120
Total iterations: 1074247680 LUP
FLOP: 89
Total work: 95608043520 FLOP
performance: 0.333205 GLUP/s
Performance in GFLOP/s: 29.655201
size: 9000000
time: 3.223989
[1;34m[pthread wrapper] 
[0m[1;34m[pthread wrapper] MAIN -> 0
[0m[1;34m[pthread wrapper] PIN_MASK: [0m[1;34m0->1  [0m[1;34m1->2  [0m[1;34m2->3  [0m[1;34m3->4  [0m[1;34m4->10  [0m[1;34m5->11  [0m[1;34m6->12  [0m[1;34m7->13  [0m[1;34m8->14  [0m[1;34m
[pthread wrapper] SKIP MASK: 0x0
[0m[1;34m	threadid 47932384646912 -> core 1 - OK[0m[1;34m
[0m[1;34m	threadid 47932386748160 -> core 2 - OK[0m[1;34m
[0m[1;34m	threadid 47932388849408 -> core 3 - OK[0m[1;34m
[0m[1;34m	threadid 47932390950656 -> core 4 - OK[0m[1;34m
[0m[1;34m	threadid 47932393051904 -> core 10 - OK[0m[1;34m
[0m[1;34m	threadid 47932395153152 -> core 11 - OK[0m[1;34m
[0m[1;34m	threadid 47932397254400 -> core 12 - OK[0m[1;34m
[0m[1;34m	threadid 47932399355648 -> core 13 - OK[0m[1;34m
[0m[1;34m	threadid 47932401456896 -> core 14 - OK[0m[1;34m
[0miterations: 120
Total iterations: 1074247680 LUP
FLOP: 89
Total work: 95608043520 FLOP
performance: 0.333243 GLUP/s
Performance in GFLOP/s: 29.658614
size: 9000000
time: 3.223618
[1;34m[pthread wrapper] 
[0m[1;34m[pthread wrapper] MAIN -> 0
[0m[1;34m[pthread wrapper] PIN_MASK: [0m[1;34m0->1  [0m[1;34m1->2  [0m[1;34m2->3  [0m[1;34m3->4  [0m[1;34m4->10  [0m[1;34m5->11  [0m[1;34m6->12  [0m[1;34m7->13  [0m[1;34m8->14  [0m[1;34m
[pthread wrapper] SKIP MASK: 0x0
[0m[1;34m	threadid 47799852254976 -> core 1 - OK[0m[1;34m
[0m[1;34m	threadid 47799854356224 -> core 2 - OK[0m[1;34m
[0m[1;34m	threadid 47799856457472 -> core 3 - OK[0m[1;34m
[0m[1;34m	threadid 47799858558720 -> core 4 - OK[0m[1;34m
[0m[1;34m	threadid 47799860659968 -> core 10 - OK[0m[1;34m
[0m[1;34m	threadid 47799862761216 -> core 11 - OK[0m[1;34m
[0m[1;34m	threadid 47799864862464 -> core 12 - OK[0m[1;34m
[0m[1;34m	threadid 47799866963712 -> core 13 - OK[0m[1;34m
[0m[1;34m	threadid 47799869064960 -> core 14 - OK[0m[1;34m
[0miterations: 120
Total iterations: 1074247680 LUP
FLOP: 89
Total work: 95608043520 FLOP
performance: 0.333240 GLUP/s
Performance in GFLOP/s: 29.658366
size: 9000000
time: 3.223645
[1;34m[pthread wrapper] 
[0m[1;34m[pthread wrapper] MAIN -> 0
[0m[1;34m[pthread wrapper] PIN_MASK: [0m[1;34m0->1  [0m[1;34m1->2  [0m[1;34m2->3  [0m[1;34m3->4  [0m[1;34m4->10  [0m[1;34m5->11  [0m[1;34m6->12  [0m[1;34m7->13  [0m[1;34m8->14  [0m[1;34m
[pthread wrapper] SKIP MASK: 0x0
[0m[1;34m	threadid 47540508317440 -> core 1 - OK[0m[1;34m
[0m[1;34m	threadid 47540510418688 -> core 2 - OK[0m[1;34m
[0m[1;34m	threadid 47540512519936 -> core 3 - OK[0m[1;34m
[0m[1;34m	threadid 47540514621184 -> core 4 - OK[0m[1;34m
[0m[1;34m	threadid 47540516722432 -> core 10 - OK[0m[1;34m
[0m[1;34m	threadid 47540518823680 -> core 11 - OK[0m[1;34m
[0m[1;34m	threadid 47540520924928 -> core 12 - OK[0m[1;34m
[0m[1;34m	threadid 47540523026176 -> core 13 - OK[0m[1;34m
[0m[1;34m	threadid 47540525127424 -> core 14 - OK[0m[1;34m
[0miterations: 120
Total iterations: 1074247680 LUP
FLOP: 89
Total work: 95608043520 FLOP
performance: 0.333175 GLUP/s
Performance in GFLOP/s: 29.652618
size: 9000000
time: 3.224270
[1;34m[pthread wrapper] 
[0m[1;34m[pthread wrapper] MAIN -> 0
[0m[1;34m[pthread wrapper] PIN_MASK: [0m[1;34m0->1  [0m[1;34m1->2  [0m[1;34m2->3  [0m[1;34m3->4  [0m[1;34m4->10  [0m[1;34m5->11  [0m[1;34m6->12  [0m[1;34m7->13  [0m[1;34m8->14  [0m[1;34m
[pthread wrapper] SKIP MASK: 0x0
[0m[1;34m	threadid 47585621292800 -> core 1 - OK[0m[1;34m
[0m[1;34m	threadid 47585623394048 -> core 2 - OK[0m[1;34m
[0m[1;34m	threadid 47585625495296 -> core 3 - OK[0m[1;34m
[0m[1;34m	threadid 47585627596544 -> core 4 - OK[0m[1;34m
[0m[1;34m	threadid 47585629697792 -> core 10 - OK[0m[1;34m
[0m[1;34m	threadid 47585631799040 -> core 11 - OK[0m[1;34m
[0m[1;34m	threadid 47585633900288 -> core 12 - OK[0m[1;34m
[0m[1;34m	threadid 47585636001536 -> core 13 - OK[0m[1;34m
[0m[1;34m	threadid 47585638102784 -> core 14 - OK[0m[1;34m
[0miterations: 120
Total iterations: 1074247680 LUP
FLOP: 89
Total work: 95608043520 FLOP
performance: 0.333312 GLUP/s
Performance in GFLOP/s: 29.664808
size: 9000000
time: 3.222945
[1;34m[pthread wrapper] 
[0m[1;34m[pthread wrapper] MAIN -> 0
[0m[1;34m[pthread wrapper] PIN_MASK: [0m[1;34m0->1  [0m[1;34m1->2  [0m[1;34m2->3  [0m[1;34m3->4  [0m[1;34m4->10  [0m[1;34m5->11  [0m[1;34m6->12  [0m[1;34m7->13  [0m[1;34m8->14  [0m[1;34m
[pthread wrapper] SKIP MASK: 0x0
[0m[1;34m	threadid 47624140531456 -> core 1 - OK[0m[1;34m
[0m[1;34m	threadid 47624142632704 -> core 2 - OK[0m[1;34m
[0m[1;34m	threadid 47624144733952 -> core 3 - OK[0m[1;34m
[0m[1;34m	threadid 47624146835200 -> core 4 - OK[0m[1;34m
[0m[1;34m	threadid 47624148936448 -> core 10 - OK[0m[1;34m
[0m[1;34m	threadid 47624151037696 -> core 11 - OK[0m[1;34m
[0m[1;34m	threadid 47624153138944 -> core 12 - OK[0m[1;34m
[0m[1;34m	threadid 47624155240192 -> core 13 - OK[0m[1;34m
[0m[1;34m	threadid 47624157341440 -> core 14 - OK[0m[1;34m
[0miterations: 120
Total iterations: 1074247680 LUP
FLOP: 89
Total work: 95608043520 FLOP
performance: 0.333250 GLUP/s
Performance in GFLOP/s: 29.659231
size: 9000000
time: 3.223551
[1;34m[pthread wrapper] 
[0m[1;34m[pthread wrapper] MAIN -> 0
[0m[1;34m[pthread wrapper] PIN_MASK: [0m[1;34m0->1  [0m[1;34m1->2  [0m[1;34m2->3  [0m[1;34m3->4  [0m[1;34m4->10  [0m[1;34m5->11  [0m[1;34m6->12  [0m[1;34m7->13  [0m[1;34m8->14  [0m[1;34m
[pthread wrapper] SKIP MASK: 0x0
[0m[1;34m	threadid 47765007361792 -> core 1 - OK[0m[1;34m
[0m[1;34m	threadid 47765009463040 -> core 2 - OK[0m[1;34m
[0m[1;34m	threadid 47765011564288 -> core 3 - OK[0m[1;34m
[0m[1;34m	threadid 47765013665536 -> core 4 - OK[0m[1;34m
[0m[1;34m	threadid 47765015766784 -> core 10 - OK[0m[1;34m
[0m[1;34m	threadid 47765017868032 -> core 11 - OK[0m[1;34m
[0m[1;34m	threadid 47765019969280 -> core 12 - OK[0m[1;34m
[0m[1;34m	threadid 47765022070528 -> core 13 - OK[0m[1;34m
[0m[1;34m	threadid 47765024171776 -> core 14 - OK[0m[1;34m
[0miterations: 120
Total iterations: 1074247680 LUP
FLOP: 89
Total work: 95608043520 FLOP
performance: 0.333396 GLUP/s
Performance in GFLOP/s: 29.672256
size: 9000000
time: 3.222136
[1;34m[pthread wrapper] 
[0m[1;34m[pthread wrapper] MAIN -> 0
[0m[1;34m[pthread wrapper] PIN_MASK: [0m[1;34m0->1  [0m[1;34m1->2  [0m[1;34m2->3  [0m[1;34m3->4  [0m[1;34m4->10  [0m[1;34m5->11  [0m[1;34m6->12  [0m[1;34m7->13  [0m[1;34m8->14  [0m[1;34m
[pthread wrapper] SKIP MASK: 0x0
[0m[1;34m	threadid 46980738782976 -> core 1 - OK[0m[1;34m
[0m[1;34m	threadid 46980740884224 -> core 2 - OK[0m[1;34m
[0m[1;34m	threadid 46980742985472 -> core 3 - OK[0m[1;34m
[0m[1;34m	threadid 46980745086720 -> core 4 - OK[0m[1;34m
[0m[1;34m	threadid 46980747187968 -> core 10 - OK[0m[1;34m
[0m[1;34m	threadid 46980749289216 -> core 11 - OK[0m[1;34m
[0m[1;34m	threadid 46980751390464 -> core 12 - OK[0m[1;34m
[0m[1;34m	threadid 46980753491712 -> core 13 - OK[0m[1;34m
[0m[1;34m	threadid 46980755592960 -> core 14 - OK[0m[1;34m
[0miterations: 120
Total iterations: 1074247680 LUP
FLOP: 89
Total work: 95608043520 FLOP
performance: 0.333456 GLUP/s
Performance in GFLOP/s: 29.677579
size: 9000000
time: 3.221558
[1;34m[pthread wrapper] 
[0m[1;34m[pthread wrapper] MAIN -> 0
[0m[1;34m[pthread wrapper] PIN_MASK: [0m[1;34m0->1  [0m[1;34m1->2  [0m[1;34m2->3  [0m[1;34m3->4  [0m[1;34m4->10  [0m[1;34m5->11  [0m[1;34m6->12  [0m[1;34m7->13  [0m[1;34m8->14  [0m[1;34m
[pthread wrapper] SKIP MASK: 0x0
[0m[1;34m	threadid 47014881683200 -> core 1 - OK[0m[1;34m
[0m[1;34m	threadid 47014883784448 -> core 2 - OK[0m[1;34m
[0m[1;34m	threadid 47014885885696 -> core 3 - OK[0m[1;34m
[0m[1;34m	threadid 47014887986944 -> core 4 - OK[0m[1;34m
[0m[1;34m	threadid 47014890088192 -> core 10 - OK[0m[1;34m
[0m[1;34m	threadid 47014892189440 -> core 11 - OK[0m[1;34m
[0m[1;34m	threadid 47014894290688 -> core 12 - OK[0m[1;34m
[0m[1;34m	threadid 47014896391936 -> core 13 - OK[0m[1;34m
[0m[1;34m	threadid 47014898493184 -> core 14 - OK[0m[1;34m
[0miterations: 120
Total iterations: 1074247680 LUP
FLOP: 89
Total work: 95608043520 FLOP
performance: 0.333401 GLUP/s
Performance in GFLOP/s: 29.672717
size: 9000000
time: 3.222086
