iterations: 120
Total iterations: 1074247680 LUP
FLOP: 89
Total work: 95608043520 FLOP
performance: 0.263924 GLUP/s
Performance in GFLOP/s: 23.489269
size: 9000000
time: 4.070286
iterations: 120
Total iterations: 1074247680 LUP
FLOP: 89
Total work: 95608043520 FLOP
performance: 0.263867 GLUP/s
Performance in GFLOP/s: 23.484170
size: 9000000
time: 4.071170
iterations: 120
Total iterations: 1074247680 LUP
FLOP: 89
Total work: 95608043520 FLOP
performance: 0.263163 GLUP/s
Performance in GFLOP/s: 23.421495
size: 9000000
time: 4.082064
iterations: 120
Total iterations: 1074247680 LUP
FLOP: 89
Total work: 95608043520 FLOP
performance: 0.263701 GLUP/s
Performance in GFLOP/s: 23.469366
size: 9000000
time: 4.073738
iterations: 120
Total iterations: 1074247680 LUP
FLOP: 89
Total work: 95608043520 FLOP
performance: 0.263850 GLUP/s
Performance in GFLOP/s: 23.482646
size: 9000000
time: 4.071434
iterations: 120
Total iterations: 1074247680 LUP
FLOP: 89
Total work: 95608043520 FLOP
performance: 0.263859 GLUP/s
Performance in GFLOP/s: 23.483477
size: 9000000
time: 4.071290
iterations: 120
Total iterations: 1074247680 LUP
FLOP: 89
Total work: 95608043520 FLOP
performance: 0.263858 GLUP/s
Performance in GFLOP/s: 23.483390
size: 9000000
time: 4.071305
iterations: 120
Total iterations: 1074247680 LUP
FLOP: 89
Total work: 95608043520 FLOP
performance: 0.263921 GLUP/s
Performance in GFLOP/s: 23.489003
size: 9000000
time: 4.070332
iterations: 120
Total iterations: 1074247680 LUP
FLOP: 89
Total work: 95608043520 FLOP
performance: 0.263599 GLUP/s
Performance in GFLOP/s: 23.460295
size: 9000000
time: 4.075313
iterations: 120
Total iterations: 1074247680 LUP
FLOP: 89
Total work: 95608043520 FLOP
performance: 0.263719 GLUP/s
Performance in GFLOP/s: 23.470978
size: 9000000
time: 4.073458
