iterations: 200
Total iterations: 1790412800 LUP
FLOP: 89
Total work: 159346739200 FLOP
performance: 0.034077 GLUP/s
Performance in GFLOP/s: 3.032810
size: 9000000
time: 52.540949
[1;34m[likwid-pin] Main PID -> core 0 - OK[0m
iterations: 200
Total iterations: 1790412800 LUP
FLOP: 89
Total work: 159346739200 FLOP
performance: 0.034079 GLUP/s
Performance in GFLOP/s: 3.033020
size: 9000000
time: 52.537313
[1;34m[likwid-pin] Main PID -> core 0 - OK[0m
iterations: 200
Total iterations: 1790412800 LUP
FLOP: 89
Total work: 159346739200 FLOP
performance: 0.034077 GLUP/s
Performance in GFLOP/s: 3.032815
size: 9000000
time: 52.540875
[1;34m[likwid-pin] Main PID -> core 0 - OK[0m
iterations: 200
Total iterations: 1790412800 LUP
FLOP: 89
Total work: 159346739200 FLOP
performance: 0.034078 GLUP/s
Performance in GFLOP/s: 3.032967
size: 9000000
time: 52.538239
[1;34m[likwid-pin] Main PID -> core 0 - OK[0m
iterations: 200
Total iterations: 1790412800 LUP
FLOP: 89
Total work: 159346739200 FLOP
performance: 0.034076 GLUP/s
Performance in GFLOP/s: 3.032792
size: 9000000
time: 52.541277
[1;34m[likwid-pin] Main PID -> core 0 - OK[0m
iterations: 200
Total iterations: 1790412800 LUP
FLOP: 89
Total work: 159346739200 FLOP
performance: 0.034077 GLUP/s
Performance in GFLOP/s: 3.032819
size: 9000000
time: 52.540806
[1;34m[likwid-pin] Main PID -> core 0 - OK[0m
iterations: 200
Total iterations: 1790412800 LUP
FLOP: 89
Total work: 159346739200 FLOP
performance: 0.034077 GLUP/s
Performance in GFLOP/s: 3.032868
size: 9000000
time: 52.539959
[1;34m[likwid-pin] Main PID -> core 0 - OK[0m
iterations: 200
Total iterations: 1790412800 LUP
FLOP: 89
Total work: 159346739200 FLOP
performance: 0.034094 GLUP/s
Performance in GFLOP/s: 3.034381
size: 9000000
time: 52.513748
[1;34m[likwid-pin] Main PID -> core 0 - OK[0m
iterations: 200
Total iterations: 1790412800 LUP
FLOP: 89
Total work: 159346739200 FLOP
performance: 0.034099 GLUP/s
Performance in GFLOP/s: 3.034773
size: 9000000
time: 52.506964
[1;34m[likwid-pin] Main PID -> core 0 - OK[0m
iterations: 200
Total iterations: 1790412800 LUP
FLOP: 89
Total work: 159346739200 FLOP
performance: 0.034089 GLUP/s
Performance in GFLOP/s: 3.033923
size: 9000000
time: 52.521681
[1;34m[likwid-pin] Main PID -> core 0 - OK[0m
