[1;34m[pthread wrapper] 
[0m[1;34m[pthread wrapper] MAIN -> 0
[0m[1;34m[pthread wrapper] PIN_MASK: [0m[1;34m0->1  [0m[1;34m1->2  [0m[1;34m2->3  [0m[1;34m3->4  [0m[1;34m4->5  [0m[1;34m5->6  [0m[1;34m6->7  [0m[1;34m7->10  [0m[1;34m8->11  [0m[1;34m9->12  [0m[1;34m10->13  [0m[1;34m11->14  [0m[1;34m12->15  [0m[1;34m13->16  [0m[1;34m14->17  [0m[1;34m
[pthread wrapper] SKIP MASK: 0x0
[0m[1;34m	threadid 47547120330496 -> core 1 - OK[0m[1;34m
[0m[1;34m	threadid 47547122431744 -> core 2 - OK[0m[1;34m
[0m[1;34m	threadid 47547124532992 -> core 3 - OK[0m[1;34m
[0m[1;34m	threadid 47547126634240 -> core 4 - OK[0m[1;34m
[0m[1;34m	threadid 47547128735488 -> core 5 - OK[0m[1;34m
[0m[1;34m	threadid 47547130836736 -> core 6 - OK[0m[1;34m
[0m[1;34m	threadid 47547132937984 -> core 7 - OK[0m[1;34m
[0m[1;34m	threadid 47547135039232 -> core 10 - OK[0m[1;34m
[0m[1;34m	threadid 47547137140480 -> core 11 - OK[0m[1;34m
[0m[1;34m	threadid 47547139241728 -> core 12 - OK[0m[1;34m
[0m[1;34m	threadid 47547141342976 -> core 13 - OK[0m[1;34m
[0m[1;34m	threadid 47547143444224 -> core 14 - OK[0m[1;34m
[0m[1;34m	threadid 47547145545472 -> core 15 - OK[0m[1;34m
[0m[1;34m	threadid 47547147646720 -> core 16 - OK[0m[1;34m
[0m[1;34m	threadid 47547149747968 -> core 17 - OK[0m[1;34m
[0miterations: 120
Total iterations: 1074247680 LUP
FLOP: 89
Total work: 95608043520 FLOP
performance: 0.526563 GLUP/s
Performance in GFLOP/s: 46.864093
size: 9000000
time: 2.040113
[1;34m[pthread wrapper] 
[0m[1;34m[pthread wrapper] MAIN -> 0
[0m[1;34m[pthread wrapper] PIN_MASK: [0m[1;34m0->1  [0m[1;34m1->2  [0m[1;34m2->3  [0m[1;34m3->4  [0m[1;34m4->5  [0m[1;34m5->6  [0m[1;34m6->7  [0m[1;34m7->10  [0m[1;34m8->11  [0m[1;34m9->12  [0m[1;34m10->13  [0m[1;34m11->14  [0m[1;34m12->15  [0m[1;34m13->16  [0m[1;34m14->17  [0m[1;34m
[pthread wrapper] SKIP MASK: 0x0
[0m[1;34m	threadid 47274057991936 -> core 1 - OK[0m[1;34m
[0m[1;34m	threadid 47274060093184 -> core 2 - OK[0m[1;34m
[0m[1;34m	threadid 47274062194432 -> core 3 - OK[0m[1;34m
[0m[1;34m	threadid 47274064295680 -> core 4 - OK[0m[1;34m
[0m[1;34m	threadid 47274066396928 -> core 5 - OK[0m[1;34m
[0m[1;34m	threadid 47274068498176 -> core 6 - OK[0m[1;34m
[0m[1;34m	threadid 47274070599424 -> core 7 - OK[0m[1;34m
[0m[1;34m	threadid 47274072700672 -> core 10 - OK[0m[1;34m
[0m[1;34m	threadid 47274074801920 -> core 11 - OK[0m[1;34m
[0m[1;34m	threadid 47274076903168 -> core 12 - OK[0m[1;34m
[0m[1;34m	threadid 47274079004416 -> core 13 - OK[0m[1;34m
[0m[1;34m	threadid 47274081105664 -> core 14 - OK[0m[1;34m
[0m[1;34m	threadid 47274083206912 -> core 15 - OK[0m[1;34m
[0m[1;34m	threadid 47274085308160 -> core 16 - OK[0m[1;34m
[0m[1;34m	threadid 47274087409408 -> core 17 - OK[0m[1;34m
[0miterations: 120
Total iterations: 1074247680 LUP
FLOP: 89
Total work: 95608043520 FLOP
performance: 0.526131 GLUP/s
Performance in GFLOP/s: 46.825644
size: 9000000
time: 2.041788
[1;34m[pthread wrapper] 
[0m[1;34m[pthread wrapper] MAIN -> 0
[0m[1;34m[pthread wrapper] PIN_MASK: [0m[1;34m0->1  [0m[1;34m1->2  [0m[1;34m2->3  [0m[1;34m3->4  [0m[1;34m4->5  [0m[1;34m5->6  [0m[1;34m6->7  [0m[1;34m7->10  [0m[1;34m8->11  [0m[1;34m9->12  [0m[1;34m10->13  [0m[1;34m11->14  [0m[1;34m12->15  [0m[1;34m13->16  [0m[1;34m14->17  [0m[1;34m
[pthread wrapper] SKIP MASK: 0x0
[0m[1;34m	threadid 47662956013312 -> core 1 - OK[0m[1;34m
[0m[1;34m	threadid 47662958114560 -> core 2 - OK[0m[1;34m
[0m[1;34m	threadid 47662960215808 -> core 3 - OK[0m[1;34m
[0m[1;34m	threadid 47662962317056 -> core 4 - OK[0m[1;34m
[0m[1;34m	threadid 47662964418304 -> core 5 - OK[0m[1;34m
[0m[1;34m	threadid 47662966519552 -> core 6 - OK[0m[1;34m
[0m[1;34m	threadid 47662968620800 -> core 7 - OK[0m[1;34m
[0m[1;34m	threadid 47662970722048 -> core 10 - OK[0m[1;34m
[0m[1;34m	threadid 47662972823296 -> core 11 - OK[0m[1;34m
[0m[1;34m	threadid 47662974924544 -> core 12 - OK[0m[1;34m
[0m[1;34m	threadid 47662977025792 -> core 13 - OK[0m[1;34m
[0m[1;34m	threadid 47662979127040 -> core 14 - OK[0m[1;34m
[0m[1;34m	threadid 47662981228288 -> core 15 - OK[0m[1;34m
[0m[1;34m	threadid 47662983329536 -> core 16 - OK[0m[1;34m
[0m[1;34m	threadid 47662985430784 -> core 17 - OK[0m[1;34m
[0miterations: 120
Total iterations: 1074247680 LUP
FLOP: 89
Total work: 95608043520 FLOP
performance: 0.525766 GLUP/s
Performance in GFLOP/s: 46.793172
size: 9000000
time: 2.043205
[1;34m[pthread wrapper] 
[0m[1;34m[pthread wrapper] MAIN -> 0
[0m[1;34m[pthread wrapper] PIN_MASK: [0m[1;34m0->1  [0m[1;34m1->2  [0m[1;34m2->3  [0m[1;34m3->4  [0m[1;34m4->5  [0m[1;34m5->6  [0m[1;34m6->7  [0m[1;34m7->10  [0m[1;34m8->11  [0m[1;34m9->12  [0m[1;34m10->13  [0m[1;34m11->14  [0m[1;34m12->15  [0m[1;34m13->16  [0m[1;34m14->17  [0m[1;34m
[pthread wrapper] SKIP MASK: 0x0
[0m[1;34m	threadid 47276145874688 -> core 1 - OK[0m[1;34m
[0m[1;34m	threadid 47276147975936 -> core 2 - OK[0m[1;34m
[0m[1;34m	threadid 47276150077184 -> core 3 - OK[0m[1;34m
[0m[1;34m	threadid 47276152178432 -> core 4 - OK[0m[1;34m
[0m[1;34m	threadid 47276154279680 -> core 5 - OK[0m[1;34m
[0m[1;34m	threadid 47276156380928 -> core 6 - OK[0m[1;34m
[0m[1;34m	threadid 47276158482176 -> core 7 - OK[0m[1;34m
[0m[1;34m	threadid 47276160583424 -> core 10 - OK[0m[1;34m
[0m[1;34m	threadid 47276162684672 -> core 11 - OK[0m[1;34m
[0m[1;34m	threadid 47276164785920 -> core 12 - OK[0m[1;34m
[0m[1;34m	threadid 47276166887168 -> core 13 - OK[0m[1;34m
[0m[1;34m	threadid 47276168988416 -> core 14 - OK[0m[1;34m
[0m[1;34m	threadid 47276171089664 -> core 15 - OK[0m[1;34m
[0m[1;34m	threadid 47276173190912 -> core 16 - OK[0m[1;34m
[0m[1;34m	threadid 47276175292160 -> core 17 - OK[0m[1;34m
[0miterations: 120
Total iterations: 1074247680 LUP
FLOP: 89
Total work: 95608043520 FLOP
performance: 0.526540 GLUP/s
Performance in GFLOP/s: 46.862094
size: 9000000
time: 2.040200
[1;34m[pthread wrapper] 
[0m[1;34m[pthread wrapper] MAIN -> 0
[0m[1;34m[pthread wrapper] PIN_MASK: [0m[1;34m0->1  [0m[1;34m1->2  [0m[1;34m2->3  [0m[1;34m3->4  [0m[1;34m4->5  [0m[1;34m5->6  [0m[1;34m6->7  [0m[1;34m7->10  [0m[1;34m8->11  [0m[1;34m9->12  [0m[1;34m10->13  [0m[1;34m11->14  [0m[1;34m12->15  [0m[1;34m13->16  [0m[1;34m14->17  [0m[1;34m
[pthread wrapper] SKIP MASK: 0x0
[0m[1;34m	threadid 47459331389184 -> core 1 - OK[0m[1;34m
[0m[1;34m	threadid 47459333490432 -> core 2 - OK[0m[1;34m
[0m[1;34m	threadid 47459335591680 -> core 3 - OK[0m[1;34m
[0m[1;34m	threadid 47459337692928 -> core 4 - OK[0m[1;34m
[0m[1;34m	threadid 47459339794176 -> core 5 - OK[0m[1;34m
[0m[1;34m	threadid 47459341895424 -> core 6 - OK[0m[1;34m
[0m[1;34m	threadid 47459343996672 -> core 7 - OK[0m[1;34m
[0m[1;34m	threadid 47459346097920 -> core 10 - OK[0m[1;34m
[0m[1;34m	threadid 47459348199168 -> core 11 - OK[0m[1;34m
[0m[1;34m	threadid 47459350300416 -> core 12 - OK[0m[1;34m
[0m[1;34m	threadid 47459352401664 -> core 13 - OK[0m[1;34m
[0m[1;34m	threadid 47459354502912 -> core 14 - OK[0m[1;34m
[0m[1;34m	threadid 47459356604160 -> core 15 - OK[0m[1;34m
[0m[1;34m	threadid 47459358705408 -> core 16 - OK[0m[1;34m
[0m[1;34m	threadid 47459360806656 -> core 17 - OK[0m[1;34m
[0miterations: 120
Total iterations: 1074247680 LUP
FLOP: 89
Total work: 95608043520 FLOP
performance: 0.525536 GLUP/s
Performance in GFLOP/s: 46.772727
size: 9000000
time: 2.044098
[1;34m[pthread wrapper] 
[0m[1;34m[pthread wrapper] MAIN -> 0
[0m[1;34m[pthread wrapper] PIN_MASK: [0m[1;34m0->1  [0m[1;34m1->2  [0m[1;34m2->3  [0m[1;34m3->4  [0m[1;34m4->5  [0m[1;34m5->6  [0m[1;34m6->7  [0m[1;34m7->10  [0m[1;34m8->11  [0m[1;34m9->12  [0m[1;34m10->13  [0m[1;34m11->14  [0m[1;34m12->15  [0m[1;34m13->16  [0m[1;34m14->17  [0m[1;34m
[pthread wrapper] SKIP MASK: 0x0
[0m[1;34m	threadid 47552177239808 -> core 1 - OK[0m[1;34m
[0m[1;34m	threadid 47552179341056 -> core 2 - OK[0m[1;34m
[0m[1;34m	threadid 47552181442304 -> core 3 - OK[0m[1;34m
[0m[1;34m	threadid 47552183543552 -> core 4 - OK[0m[1;34m
[0m[1;34m	threadid 47552185644800 -> core 5 - OK[0m[1;34m
[0m[1;34m	threadid 47552187746048 -> core 6 - OK[0m[1;34m
[0m[1;34m	threadid 47552189847296 -> core 7 - OK[0m[1;34m
[0m[1;34m	threadid 47552191948544 -> core 10 - OK[0m[1;34m
[0m[1;34m	threadid 47552194049792 -> core 11 - OK[0m[1;34m
[0m[1;34m	threadid 47552196151040 -> core 12 - OK[0m[1;34m
[0m[1;34m	threadid 47552198252288 -> core 13 - OK[0m[1;34m
[0m[1;34m	threadid 47552200353536 -> core 14 - OK[0m[1;34m
[0m[1;34m	threadid 47552202454784 -> core 15 - OK[0m[1;34m
[0m[1;34m	threadid 47552204556032 -> core 16 - OK[0m[1;34m
[0m[1;34m	threadid 47552206657280 -> core 17 - OK[0m[1;34m
[0miterations: 120
Total iterations: 1074247680 LUP
FLOP: 89
Total work: 95608043520 FLOP
performance: 0.526023 GLUP/s
Performance in GFLOP/s: 46.816039
size: 9000000
time: 2.042207
[1;34m[pthread wrapper] 
[0m[1;34m[pthread wrapper] MAIN -> 0
[0m[1;34m[pthread wrapper] PIN_MASK: [0m[1;34m0->1  [0m[1;34m1->2  [0m[1;34m2->3  [0m[1;34m3->4  [0m[1;34m4->5  [0m[1;34m5->6  [0m[1;34m6->7  [0m[1;34m7->10  [0m[1;34m8->11  [0m[1;34m9->12  [0m[1;34m10->13  [0m[1;34m11->14  [0m[1;34m12->15  [0m[1;34m13->16  [0m[1;34m14->17  [0m[1;34m
[pthread wrapper] SKIP MASK: 0x0
[0m[1;34m	threadid 47282716768000 -> core 1 - OK[0m[1;34m
[0m[1;34m	threadid 47282718869248 -> core 2 - OK[0m[1;34m
[0m[1;34m	threadid 47282720970496 -> core 3 - OK[0m[1;34m
[0m[1;34m	threadid 47282723071744 -> core 4 - OK[0m[1;34m
[0m[1;34m	threadid 47282725172992 -> core 5 - OK[0m[1;34m
[0m[1;34m	threadid 47282727274240 -> core 6 - OK[0m[1;34m
[0m[1;34m	threadid 47282729375488 -> core 7 - OK[0m[1;34m
[0m[1;34m	threadid 47282731476736 -> core 10 - OK[0m[1;34m
[0m[1;34m	threadid 47282733577984 -> core 11 - OK[0m[1;34m
[0m[1;34m	threadid 47282735679232 -> core 12 - OK[0m[1;34m
[0m[1;34m	threadid 47282737780480 -> core 13 - OK[0m[1;34m
[0m[1;34m	threadid 47282739881728 -> core 14 - OK[0m[1;34m
[0m[1;34m	threadid 47282741982976 -> core 15 - OK[0m[1;34m
[0m[1;34m	threadid 47282744084224 -> core 16 - OK[0m[1;34m
[0m[1;34m	threadid 47282746185472 -> core 17 - OK[0m[1;34m
[0miterations: 120
Total iterations: 1074247680 LUP
FLOP: 89
Total work: 95608043520 FLOP
performance: 0.525870 GLUP/s
Performance in GFLOP/s: 46.802450
size: 9000000
time: 2.042800
[1;34m[pthread wrapper] 
[0m[1;34m[pthread wrapper] MAIN -> 0
[0m[1;34m[pthread wrapper] PIN_MASK: [0m[1;34m0->1  [0m[1;34m1->2  [0m[1;34m2->3  [0m[1;34m3->4  [0m[1;34m4->5  [0m[1;34m5->6  [0m[1;34m6->7  [0m[1;34m7->10  [0m[1;34m8->11  [0m[1;34m9->12  [0m[1;34m10->13  [0m[1;34m11->14  [0m[1;34m12->15  [0m[1;34m13->16  [0m[1;34m14->17  [0m[1;34m
[pthread wrapper] SKIP MASK: 0x0
[0m[1;34m	threadid 47495741294336 -> core 1 - OK[0m[1;34m
[0m[1;34m	threadid 47495743395584 -> core 2 - OK[0m[1;34m
[0m[1;34m	threadid 47495745496832 -> core 3 - OK[0m[1;34m
[0m[1;34m	threadid 47495747598080 -> core 4 - OK[0m[1;34m
[0m[1;34m	threadid 47495749699328 -> core 5 - OK[0m[1;34m
[0m[1;34m	threadid 47495751800576 -> core 6 - OK[0m[1;34m
[0m[1;34m	threadid 47495753901824 -> core 7 - OK[0m[1;34m
[0m[1;34m	threadid 47495756003072 -> core 10 - OK[0m[1;34m
[0m[1;34m	threadid 47495758104320 -> core 11 - OK[0m[1;34m
[0m[1;34m	threadid 47495760205568 -> core 12 - OK[0m[1;34m
[0m[1;34m	threadid 47495762306816 -> core 13 - OK[0m[1;34m
[0m[1;34m	threadid 47495764408064 -> core 14 - OK[0m[1;34m
[0m[1;34m	threadid 47495766509312 -> core 15 - OK[0m[1;34m
[0m[1;34m	threadid 47495768610560 -> core 16 - OK[0m[1;34m
[0m[1;34m	threadid 47495770711808 -> core 17 - OK[0m[1;34m
[0miterations: 120
Total iterations: 1074247680 LUP
FLOP: 89
Total work: 95608043520 FLOP
performance: 0.525745 GLUP/s
Performance in GFLOP/s: 46.791272
size: 9000000
time: 2.043288
[1;34m[pthread wrapper] 
[0m[1;34m[pthread wrapper] MAIN -> 0
[0m[1;34m[pthread wrapper] PIN_MASK: [0m[1;34m0->1  [0m[1;34m1->2  [0m[1;34m2->3  [0m[1;34m3->4  [0m[1;34m4->5  [0m[1;34m5->6  [0m[1;34m6->7  [0m[1;34m7->10  [0m[1;34m8->11  [0m[1;34m9->12  [0m[1;34m10->13  [0m[1;34m11->14  [0m[1;34m12->15  [0m[1;34m13->16  [0m[1;34m14->17  [0m[1;34m
[pthread wrapper] SKIP MASK: 0x0
[0m[1;34m	threadid 47436379784960 -> core 1 - OK[0m[1;34m
[0m[1;34m	threadid 47436381886208 -> core 2 - OK[0m[1;34m
[0m[1;34m	threadid 47436383987456 -> core 3 - OK[0m[1;34m
[0m[1;34m	threadid 47436386088704 -> core 4 - OK[0m[1;34m
[0m[1;34m	threadid 47436388189952 -> core 5 - OK[0m[1;34m
[0m[1;34m	threadid 47436390291200 -> core 6 - OK[0m[1;34m
[0m[1;34m	threadid 47436392392448 -> core 7 - OK[0m[1;34m
[0m[1;34m	threadid 47436394493696 -> core 10 - OK[0m[1;34m
[0m[1;34m	threadid 47436396594944 -> core 11 - OK[0m[1;34m
[0m[1;34m	threadid 47436398696192 -> core 12 - OK[0m[1;34m
[0m[1;34m	threadid 47436400797440 -> core 13 - OK[0m[1;34m
[0m[1;34m	threadid 47436402898688 -> core 14 - OK[0m[1;34m
[0m[1;34m	threadid 47436404999936 -> core 15 - OK[0m[1;34m
[0m[1;34m	threadid 47436407101184 -> core 16 - OK[0m[1;34m
[0m[1;34m	threadid 47436409202432 -> core 17 - OK[0m[1;34m
[0miterations: 120
Total iterations: 1074247680 LUP
FLOP: 89
Total work: 95608043520 FLOP
performance: 0.526008 GLUP/s
Performance in GFLOP/s: 46.814668
size: 9000000
time: 2.042267
[1;34m[pthread wrapper] 
[0m[1;34m[pthread wrapper] MAIN -> 0
[0m[1;34m[pthread wrapper] PIN_MASK: [0m[1;34m0->1  [0m[1;34m1->2  [0m[1;34m2->3  [0m[1;34m3->4  [0m[1;34m4->5  [0m[1;34m5->6  [0m[1;34m6->7  [0m[1;34m7->10  [0m[1;34m8->11  [0m[1;34m9->12  [0m[1;34m10->13  [0m[1;34m11->14  [0m[1;34m12->15  [0m[1;34m13->16  [0m[1;34m14->17  [0m[1;34m
[pthread wrapper] SKIP MASK: 0x0
[0m[1;34m	threadid 47626972792576 -> core 1 - OK[0m[1;34m
[0m[1;34m	threadid 47626974893824 -> core 2 - OK[0m[1;34m
[0m[1;34m	threadid 47626976995072 -> core 3 - OK[0m[1;34m
[0m[1;34m	threadid 47626979096320 -> core 4 - OK[0m[1;34m
[0m[1;34m	threadid 47626981197568 -> core 5 - OK[0m[1;34m
[0m[1;34m	threadid 47626983298816 -> core 6 - OK[0m[1;34m
[0m[1;34m	threadid 47626985400064 -> core 7 - OK[0m[1;34m
[0m[1;34m	threadid 47626987501312 -> core 10 - OK[0m[1;34m
[0m[1;34m	threadid 47626989602560 -> core 11 - OK[0m[1;34m
[0m[1;34m	threadid 47626991703808 -> core 12 - OK[0m[1;34m
[0m[1;34m	threadid 47626993805056 -> core 13 - OK[0m[1;34m
[0m[1;34m	threadid 47626995906304 -> core 14 - OK[0m[1;34m
[0m[1;34m	threadid 47626998007552 -> core 15 - OK[0m[1;34m
[0m[1;34m	threadid 47627000108800 -> core 16 - OK[0m[1;34m
[0m[1;34m	threadid 47627002210048 -> core 17 - OK[0m[1;34m
[0miterations: 120
Total iterations: 1074247680 LUP
FLOP: 89
Total work: 95608043520 FLOP
performance: 0.526317 GLUP/s
Performance in GFLOP/s: 46.842234
size: 9000000
time: 2.041065
