iterations: 200
Total iterations: 48412800 LUP
FLOP: 89
Total work: 4308739200 FLOP
performance: 0.131224 GLUP/s
Performance in GFLOP/s: 11.678922
size: 250000
time: 0.368933
iterations: 200
Total iterations: 48412800 LUP
FLOP: 89
Total work: 4308739200 FLOP
performance: 0.131188 GLUP/s
Performance in GFLOP/s: 11.675753
size: 250000
time: 0.369033
iterations: 200
Total iterations: 48412800 LUP
FLOP: 89
Total work: 4308739200 FLOP
performance: 0.131273 GLUP/s
Performance in GFLOP/s: 11.683316
size: 250000
time: 0.368794
iterations: 200
Total iterations: 48412800 LUP
FLOP: 89
Total work: 4308739200 FLOP
performance: 0.131250 GLUP/s
Performance in GFLOP/s: 11.681269
size: 250000
time: 0.368859
iterations: 200
Total iterations: 48412800 LUP
FLOP: 89
Total work: 4308739200 FLOP
performance: 0.131256 GLUP/s
Performance in GFLOP/s: 11.681798
size: 250000
time: 0.368842
iterations: 200
Total iterations: 48412800 LUP
FLOP: 89
Total work: 4308739200 FLOP
performance: 0.131314 GLUP/s
Performance in GFLOP/s: 11.686905
size: 250000
time: 0.368681
iterations: 200
Total iterations: 48412800 LUP
FLOP: 89
Total work: 4308739200 FLOP
performance: 0.131226 GLUP/s
Performance in GFLOP/s: 11.679080
size: 250000
time: 0.368928
iterations: 200
Total iterations: 48412800 LUP
FLOP: 89
Total work: 4308739200 FLOP
performance: 0.131187 GLUP/s
Performance in GFLOP/s: 11.675662
size: 250000
time: 0.369036
iterations: 200
Total iterations: 48412800 LUP
FLOP: 89
Total work: 4308739200 FLOP
performance: 0.131215 GLUP/s
Performance in GFLOP/s: 11.678099
size: 250000
time: 0.368959
iterations: 200
Total iterations: 48412800 LUP
FLOP: 89
Total work: 4308739200 FLOP
performance: 0.131294 GLUP/s
Performance in GFLOP/s: 11.685159
size: 250000
time: 0.368736
