iterations: 200
Total iterations: 48412800 LUP
FLOP: 89
Total work: 4308739200 FLOP
performance: 0.067024 GLUP/s
Performance in GFLOP/s: 5.965172
size: 250000
time: 0.722316
iterations: 200
Total iterations: 48412800 LUP
FLOP: 89
Total work: 4308739200 FLOP
performance: 0.067062 GLUP/s
Performance in GFLOP/s: 5.968527
size: 250000
time: 0.721910
iterations: 200
Total iterations: 48412800 LUP
FLOP: 89
Total work: 4308739200 FLOP
performance: 0.067067 GLUP/s
Performance in GFLOP/s: 5.968998
size: 250000
time: 0.721853
iterations: 200
Total iterations: 48412800 LUP
FLOP: 89
Total work: 4308739200 FLOP
performance: 0.067051 GLUP/s
Performance in GFLOP/s: 5.967518
size: 250000
time: 0.722032
iterations: 200
Total iterations: 48412800 LUP
FLOP: 89
Total work: 4308739200 FLOP
performance: 0.067061 GLUP/s
Performance in GFLOP/s: 5.968454
size: 250000
time: 0.721919
iterations: 200
Total iterations: 48412800 LUP
FLOP: 89
Total work: 4308739200 FLOP
performance: 0.067055 GLUP/s
Performance in GFLOP/s: 5.967872
size: 250000
time: 0.721989
iterations: 200
Total iterations: 48412800 LUP
FLOP: 89
Total work: 4308739200 FLOP
performance: 0.067059 GLUP/s
Performance in GFLOP/s: 5.968229
size: 250000
time: 0.721946
iterations: 200
Total iterations: 48412800 LUP
FLOP: 89
Total work: 4308739200 FLOP
performance: 0.067062 GLUP/s
Performance in GFLOP/s: 5.968560
size: 250000
time: 0.721906
iterations: 200
Total iterations: 48412800 LUP
FLOP: 89
Total work: 4308739200 FLOP
performance: 0.067049 GLUP/s
Performance in GFLOP/s: 5.967321
size: 250000
time: 0.722056
iterations: 200
Total iterations: 48412800 LUP
FLOP: 89
Total work: 4308739200 FLOP
performance: 0.067056 GLUP/s
Performance in GFLOP/s: 5.967947
size: 250000
time: 0.721980
