iterations: 200
Total iterations: 48412800 LUP
FLOP: 89
Total work: 4308739200 FLOP
performance: 0.265112 GLUP/s
Performance in GFLOP/s: 23.594934
size: 250000
time: 0.182613
iterations: 200
Total iterations: 48412800 LUP
FLOP: 89
Total work: 4308739200 FLOP
performance: 0.265155 GLUP/s
Performance in GFLOP/s: 23.598785
size: 250000
time: 0.182583
iterations: 200
Total iterations: 48412800 LUP
FLOP: 89
Total work: 4308739200 FLOP
performance: 0.265103 GLUP/s
Performance in GFLOP/s: 23.594164
size: 250000
time: 0.182619
iterations: 200
Total iterations: 48412800 LUP
FLOP: 89
Total work: 4308739200 FLOP
performance: 0.265152 GLUP/s
Performance in GFLOP/s: 23.598539
size: 250000
time: 0.182585
iterations: 200
Total iterations: 48412800 LUP
FLOP: 89
Total work: 4308739200 FLOP
performance: 0.265077 GLUP/s
Performance in GFLOP/s: 23.591823
size: 250000
time: 0.182637
iterations: 200
Total iterations: 48412800 LUP
FLOP: 89
Total work: 4308739200 FLOP
performance: 0.265174 GLUP/s
Performance in GFLOP/s: 23.600480
size: 250000
time: 0.182570
iterations: 200
Total iterations: 48412800 LUP
FLOP: 89
Total work: 4308739200 FLOP
performance: 0.265100 GLUP/s
Performance in GFLOP/s: 23.593887
size: 250000
time: 0.182621
iterations: 200
Total iterations: 48412800 LUP
FLOP: 89
Total work: 4308739200 FLOP
performance: 0.265107 GLUP/s
Performance in GFLOP/s: 23.594533
size: 250000
time: 0.182616
iterations: 200
Total iterations: 48412800 LUP
FLOP: 89
Total work: 4308739200 FLOP
performance: 0.265159 GLUP/s
Performance in GFLOP/s: 23.599186
size: 250000
time: 0.182580
iterations: 200
Total iterations: 48412800 LUP
FLOP: 89
Total work: 4308739200 FLOP
performance: 0.265142 GLUP/s
Performance in GFLOP/s: 23.597645
size: 250000
time: 0.182592
