[1;34m[pthread wrapper] 
[0m[1;34m[pthread wrapper] MAIN -> 0
[0m[1;34m[pthread wrapper] PIN_MASK: [0m[1;34m0->1  [0m[1;34m1->2  [0m[1;34m2->3  [0m[1;34m3->4  [0m[1;34m4->5  [0m[1;34m5->6  [0m[1;34m6->7  [0m[1;34m
[pthread wrapper] SKIP MASK: 0x0
[0m[1;34m	threadid 47400331122432 -> core 1 - OK[0m[1;34m
[0m[1;34m	threadid 47400333223680 -> core 2 - OK[0m[1;34m
[0m[1;34m	threadid 47400335324928 -> core 3 - OK[0m[1;34m
[0m[1;34m	threadid 47400337426176 -> core 4 - OK[0m[1;34m
[0m[1;34m	threadid 47400339527424 -> core 5 - OK[0m[1;34m
[0m[1;34m	threadid 47400341628672 -> core 6 - OK[0m[1;34m
[0m[1;34m	threadid 47400343729920 -> core 7 - OK[0m[1;34m
[0miterations: 200
Total iterations: 48412800 LUP
FLOP: 89
Total work: 4308739200 FLOP
performance: 0.262779 GLUP/s
Performance in GFLOP/s: 23.387331
size: 250000
time: 0.184234
[1;34m[pthread wrapper] 
[0m[1;34m[pthread wrapper] MAIN -> 0
[0m[1;34m[pthread wrapper] PIN_MASK: [0m[1;34m0->1  [0m[1;34m1->2  [0m[1;34m2->3  [0m[1;34m3->4  [0m[1;34m4->5  [0m[1;34m5->6  [0m[1;34m6->7  [0m[1;34m
[pthread wrapper] SKIP MASK: 0x0
[0m[1;34m	threadid 47123108427520 -> core 1 - OK[0m[1;34m
[0m[1;34m	threadid 47123110528768 -> core 2 - OK[0m[1;34m
[0m[1;34m	threadid 47123112630016 -> core 3 - OK[0m[1;34m
[0m[1;34m	threadid 47123114731264 -> core 4 - OK[0m[1;34m
[0m[1;34m	threadid 47123116832512 -> core 5 - OK[0m[1;34m
[0m[1;34m	threadid 47123118933760 -> core 6 - OK[0m[1;34m
[0m[1;34m	threadid 47123121035008 -> core 7 - OK[0m[1;34m
[0miterations: 200
Total iterations: 48412800 LUP
FLOP: 89
Total work: 4308739200 FLOP
performance: 0.262495 GLUP/s
Performance in GFLOP/s: 23.362086
size: 250000
time: 0.184433
[1;34m[pthread wrapper] 
[0m[1;34m[pthread wrapper] MAIN -> 0
[0m[1;34m[pthread wrapper] PIN_MASK: [0m[1;34m0->1  [0m[1;34m1->2  [0m[1;34m2->3  [0m[1;34m3->4  [0m[1;34m4->5  [0m[1;34m5->6  [0m[1;34m6->7  [0m[1;34m
[pthread wrapper] SKIP MASK: 0x0
[0m[1;34m	threadid 47529955915520 -> core 1 - OK[0m[1;34m
[0m[1;34m	threadid 47529958016768 -> core 2 - OK[0m[1;34m
[0m[1;34m	threadid 47529960118016 -> core 3 - OK[0m[1;34m
[0m[1;34m	threadid 47529962219264 -> core 4 - OK[0m[1;34m
[0m[1;34m	threadid 47529964320512 -> core 5 - OK[0m[1;34m
[0m[1;34m	threadid 47529966421760 -> core 6 - OK[0m[1;34m
[0m[1;34m	threadid 47529968523008 -> core 7 - OK[0m[1;34m
[0miterations: 200
Total iterations: 48412800 LUP
FLOP: 89
Total work: 4308739200 FLOP
performance: 0.262454 GLUP/s
Performance in GFLOP/s: 23.358402
size: 250000
time: 0.184462
[1;34m[pthread wrapper] 
[0m[1;34m[pthread wrapper] MAIN -> 0
[0m[1;34m[pthread wrapper] PIN_MASK: [0m[1;34m0->1  [0m[1;34m1->2  [0m[1;34m2->3  [0m[1;34m3->4  [0m[1;34m4->5  [0m[1;34m5->6  [0m[1;34m6->7  [0m[1;34m
[pthread wrapper] SKIP MASK: 0x0
[0m[1;34m	threadid 47166065051392 -> core 1 - OK[0m[1;34m
[0m[1;34m	threadid 47166067152640 -> core 2 - OK[0m[1;34m
[0m[1;34m	threadid 47166069253888 -> core 3 - OK[0m[1;34m
[0m[1;34m	threadid 47166071355136 -> core 4 - OK[0m[1;34m
[0m[1;34m	threadid 47166073456384 -> core 5 - OK[0m[1;34m
[0m[1;34m	threadid 47166075557632 -> core 6 - OK[0m[1;34m
[0m[1;34m	threadid 47166077658880 -> core 7 - OK[0m[1;34m
[0miterations: 200
Total iterations: 48412800 LUP
FLOP: 89
Total work: 4308739200 FLOP
performance: 0.262805 GLUP/s
Performance in GFLOP/s: 23.389601
size: 250000
time: 0.184216
[1;34m[pthread wrapper] 
[0m[1;34m[pthread wrapper] MAIN -> 0
[0m[1;34m[pthread wrapper] PIN_MASK: [0m[1;34m0->1  [0m[1;34m1->2  [0m[1;34m2->3  [0m[1;34m3->4  [0m[1;34m4->5  [0m[1;34m5->6  [0m[1;34m6->7  [0m[1;34m
[pthread wrapper] SKIP MASK: 0x0
[0m[1;34m	threadid 47614278366976 -> core 1 - OK[0m[1;34m
[0m[1;34m	threadid 47614280468224 -> core 2 - OK[0m[1;34m
[0m[1;34m	threadid 47614282569472 -> core 3 - OK[0m[1;34m
[0m[1;34m	threadid 47614284670720 -> core 4 - OK[0m[1;34m
[0m[1;34m	threadid 47614286771968 -> core 5 - OK[0m[1;34m
[0m[1;34m	threadid 47614288873216 -> core 6 - OK[0m[1;34m
[0m[1;34m	threadid 47614290974464 -> core 7 - OK[0m[1;34m
[0miterations: 200
Total iterations: 48412800 LUP
FLOP: 89
Total work: 4308739200 FLOP
performance: 0.262303 GLUP/s
Performance in GFLOP/s: 23.344975
size: 250000
time: 0.184568
[1;34m[pthread wrapper] 
[0m[1;34m[pthread wrapper] MAIN -> 0
[0m[1;34m[pthread wrapper] PIN_MASK: [0m[1;34m0->1  [0m[1;34m1->2  [0m[1;34m2->3  [0m[1;34m3->4  [0m[1;34m4->5  [0m[1;34m5->6  [0m[1;34m6->7  [0m[1;34m
[pthread wrapper] SKIP MASK: 0x0
[0m[1;34m	threadid 47512309417728 -> core 1 - OK[0m[1;34m
[0m[1;34m	threadid 47512311518976 -> core 2 - OK[0m[1;34m
[0m[1;34m	threadid 47512313620224 -> core 3 - OK[0m[1;34m
[0m[1;34m	threadid 47512315721472 -> core 4 - OK[0m[1;34m
[0m[1;34m	threadid 47512317822720 -> core 5 - OK[0m[1;34m
[0m[1;34m	threadid 47512319923968 -> core 6 - OK[0m[1;34m
[0m[1;34m	threadid 47512322025216 -> core 7 - OK[0m[1;34m
[0miterations: 200
Total iterations: 48412800 LUP
FLOP: 89
Total work: 4308739200 FLOP
performance: 0.262776 GLUP/s
Performance in GFLOP/s: 23.387058
size: 250000
time: 0.184236
[1;34m[pthread wrapper] 
[0m[1;34m[pthread wrapper] MAIN -> 0
[0m[1;34m[pthread wrapper] PIN_MASK: [0m[1;34m0->1  [0m[1;34m1->2  [0m[1;34m2->3  [0m[1;34m3->4  [0m[1;34m4->5  [0m[1;34m5->6  [0m[1;34m6->7  [0m[1;34m
[pthread wrapper] SKIP MASK: 0x0
[0m[1;34m	threadid 47083725793024 -> core 1 - OK[0m[1;34m
[0m[1;34m	threadid 47083727894272 -> core 2 - OK[0m[1;34m
[0m[1;34m	threadid 47083729995520 -> core 3 - OK[0m[1;34m
[0m[1;34m	threadid 47083732096768 -> core 4 - OK[0m[1;34m
[0m[1;34m	threadid 47083734198016 -> core 5 - OK[0m[1;34m
[0m[1;34m	threadid 47083736299264 -> core 6 - OK[0m[1;34m
[0m[1;34m	threadid 47083738400512 -> core 7 - OK[0m[1;34m
[0miterations: 200
Total iterations: 48412800 LUP
FLOP: 89
Total work: 4308739200 FLOP
performance: 0.262764 GLUP/s
Performance in GFLOP/s: 23.386029
size: 250000
time: 0.184244
[1;34m[pthread wrapper] 
[0m[1;34m[pthread wrapper] MAIN -> 0
[0m[1;34m[pthread wrapper] PIN_MASK: [0m[1;34m0->1  [0m[1;34m1->2  [0m[1;34m2->3  [0m[1;34m3->4  [0m[1;34m4->5  [0m[1;34m5->6  [0m[1;34m6->7  [0m[1;34m
[pthread wrapper] SKIP MASK: 0x0
[0m[1;34m	threadid 47048927352576 -> core 1 - OK[0m[1;34m
[0m[1;34m	threadid 47048929453824 -> core 2 - OK[0m[1;34m
[0m[1;34m	threadid 47048931555072 -> core 3 - OK[0m[1;34m
[0m[1;34m	threadid 47048933656320 -> core 4 - OK[0m[1;34m
[0m[1;34m	threadid 47048935757568 -> core 5 - OK[0m[1;34m
[0m[1;34m	threadid 47048937858816 -> core 6 - OK[0m[1;34m
[0m[1;34m	threadid 47048939960064 -> core 7 - OK[0m[1;34m
[0miterations: 200
Total iterations: 48412800 LUP
FLOP: 89
Total work: 4308739200 FLOP
performance: 0.262361 GLUP/s
Performance in GFLOP/s: 23.350163
size: 250000
time: 0.184527
[1;34m[pthread wrapper] 
[0m[1;34m[pthread wrapper] MAIN -> 0
[0m[1;34m[pthread wrapper] PIN_MASK: [0m[1;34m0->1  [0m[1;34m1->2  [0m[1;34m2->3  [0m[1;34m3->4  [0m[1;34m4->5  [0m[1;34m5->6  [0m[1;34m6->7  [0m[1;34m
[pthread wrapper] SKIP MASK: 0x0
[0m[1;34m	threadid 47194083550976 -> core 1 - OK[0m[1;34m
[0m[1;34m	threadid 47194085652224 -> core 2 - OK[0m[1;34m
[0m[1;34m	threadid 47194087753472 -> core 3 - OK[0m[1;34m
[0m[1;34m	threadid 47194089854720 -> core 4 - OK[0m[1;34m
[0m[1;34m	threadid 47194091955968 -> core 5 - OK[0m[1;34m
[0m[1;34m	threadid 47194094057216 -> core 6 - OK[0m[1;34m
[0m[1;34m	threadid 47194096158464 -> core 7 - OK[0m[1;34m
[0miterations: 200
Total iterations: 48412800 LUP
FLOP: 89
Total work: 4308739200 FLOP
performance: 0.262823 GLUP/s
Performance in GFLOP/s: 23.391235
size: 250000
time: 0.184203
[1;34m[pthread wrapper] 
[0m[1;34m[pthread wrapper] MAIN -> 0
[0m[1;34m[pthread wrapper] PIN_MASK: [0m[1;34m0->1  [0m[1;34m1->2  [0m[1;34m2->3  [0m[1;34m3->4  [0m[1;34m4->5  [0m[1;34m5->6  [0m[1;34m6->7  [0m[1;34m
[pthread wrapper] SKIP MASK: 0x0
[0m[1;34m	threadid 47972214327040 -> core 1 - OK[0m[1;34m
[0m[1;34m	threadid 47972216428288 -> core 2 - OK[0m[1;34m
[0m[1;34m	threadid 47972218529536 -> core 3 - OK[0m[1;34m
[0m[1;34m	threadid 47972220630784 -> core 4 - OK[0m[1;34m
[0m[1;34m	threadid 47972222732032 -> core 5 - OK[0m[1;34m
[0m[1;34m	threadid 47972224833280 -> core 6 - OK[0m[1;34m
[0m[1;34m	threadid 47972226934528 -> core 7 - OK[0m[1;34m
[0miterations: 200
Total iterations: 48412800 LUP
FLOP: 89
Total work: 4308739200 FLOP
performance: 0.262789 GLUP/s
Performance in GFLOP/s: 23.388208
size: 250000
time: 0.184227
