[1;34m[pthread wrapper] 
[0m[1;34m[pthread wrapper] MAIN -> 0
[0m[1;34m[pthread wrapper] PIN_MASK: [0m[1;34m0->1  [0m[1;34m1->2  [0m[1;34m2->3  [0m[1;34m3->4  [0m[1;34m4->5  [0m[1;34m5->6  [0m[1;34m6->7  [0m[1;34m7->8  [0m[1;34m8->9  [0m[1;34m9->10  [0m[1;34m10->11  [0m[1;34m11->12  [0m[1;34m12->13  [0m[1;34m13->14  [0m[1;34m14->15  [0m[1;34m15->16  [0m[1;34m16->17  [0m[1;34m17->18  [0m[1;34m18->19  [0m[1;34m
[pthread wrapper] SKIP MASK: 0x0
[0m[1;34m	threadid 47178298173184 -> core 1 - OK[0m[1;34m
[0m[1;34m	threadid 47178300274432 -> core 2 - OK[0m[1;34m
[0m[1;34m	threadid 47178302375680 -> core 3 - OK[0m[1;34m
[0m[1;34m	threadid 47178304476928 -> core 4 - OK[0m[1;34m
[0m[1;34m	threadid 47178306578176 -> core 5 - OK[0m[1;34m
[0m[1;34m	threadid 47178308679424 -> core 6 - OK[0m[1;34m
[0m[1;34m	threadid 47178310780672 -> core 7 - OK[0m[1;34m
[0m[1;34m	threadid 47178312881920 -> core 8 - OK[0m[1;34m
[0m[1;34m	threadid 47178314983168 -> core 9 - OK[0m[1;34m
[0m[1;34m	threadid 47178317084416 -> core 10 - OK[0m[1;34m
[0m[1;34m	threadid 47178319185664 -> core 11 - OK[0m[1;34m
[0m[1;34m	threadid 47178321286912 -> core 12 - OK[0m[1;34m
[0m[1;34m	threadid 47178323388160 -> core 13 - OK[0m[1;34m
[0m[1;34m	threadid 47178325489408 -> core 14 - OK[0m[1;34m
[0m[1;34m	threadid 47178327590656 -> core 15 - OK[0m[1;34m
[0m[1;34m	threadid 47178329691904 -> core 16 - OK[0m[1;34m
[0m[1;34m	threadid 47178331793152 -> core 17 - OK[0m[1;34m
[0m[1;34m	threadid 47178333894400 -> core 18 - OK[0m[1;34m
[0m[1;34m	threadid 47178335995648 -> core 19 - OK[0m[1;34m
[0miterations: 200
Total iterations: 48412800 LUP
FLOP: 89
Total work: 4308739200 FLOP
performance: 0.521302 GLUP/s
Performance in GFLOP/s: 46.395861
size: 250000
time: 0.092869
[1;34m[pthread wrapper] 
[0m[1;34m[pthread wrapper] MAIN -> 0
[0m[1;34m[pthread wrapper] PIN_MASK: [0m[1;34m0->1  [0m[1;34m1->2  [0m[1;34m2->3  [0m[1;34m3->4  [0m[1;34m4->5  [0m[1;34m5->6  [0m[1;34m6->7  [0m[1;34m7->8  [0m[1;34m8->9  [0m[1;34m9->10  [0m[1;34m10->11  [0m[1;34m11->12  [0m[1;34m12->13  [0m[1;34m13->14  [0m[1;34m14->15  [0m[1;34m15->16  [0m[1;34m16->17  [0m[1;34m17->18  [0m[1;34m18->19  [0m[1;34m
[pthread wrapper] SKIP MASK: 0x0
[0m[1;34m	threadid 47437732996864 -> core 1 - OK[0m[1;34m
[0m[1;34m	threadid 47437735098112 -> core 2 - OK[0m[1;34m
[0m[1;34m	threadid 47437737199360 -> core 3 - OK[0m[1;34m
[0m[1;34m	threadid 47437739300608 -> core 4 - OK[0m[1;34m
[0m[1;34m	threadid 47437741401856 -> core 5 - OK[0m[1;34m
[0m[1;34m	threadid 47437743503104 -> core 6 - OK[0m[1;34m
[0m[1;34m	threadid 47437745604352 -> core 7 - OK[0m[1;34m
[0m[1;34m	threadid 47437747705600 -> core 8 - OK[0m[1;34m
[0m[1;34m	threadid 47437749806848 -> core 9 - OK[0m[1;34m
[0m[1;34m	threadid 47437751908096 -> core 10 - OK[0m[1;34m
[0m[1;34m	threadid 47437754009344 -> core 11 - OK[0m[1;34m
[0m[1;34m	threadid 47437756110592 -> core 12 - OK[0m[1;34m
[0m[1;34m	threadid 47437758211840 -> core 13 - OK[0m[1;34m
[0m[1;34m	threadid 47437760313088 -> core 14 - OK[0m[1;34m
[0m[1;34m	threadid 47437762414336 -> core 15 - OK[0m[1;34m
[0m[1;34m	threadid 47437764515584 -> core 16 - OK[0m[1;34m
[0m[1;34m	threadid 47437766616832 -> core 17 - OK[0m[1;34m
[0m[1;34m	threadid 47437768718080 -> core 18 - OK[0m[1;34m
[0m[1;34m	threadid 47437770819328 -> core 19 - OK[0m[1;34m
[0miterations: 200
Total iterations: 48412800 LUP
FLOP: 89
Total work: 4308739200 FLOP
performance: 0.521168 GLUP/s
Performance in GFLOP/s: 46.383953
size: 250000
time: 0.092893
[1;34m[pthread wrapper] 
[0m[1;34m[pthread wrapper] MAIN -> 0
[0m[1;34m[pthread wrapper] PIN_MASK: [0m[1;34m0->1  [0m[1;34m1->2  [0m[1;34m2->3  [0m[1;34m3->4  [0m[1;34m4->5  [0m[1;34m5->6  [0m[1;34m6->7  [0m[1;34m7->8  [0m[1;34m8->9  [0m[1;34m9->10  [0m[1;34m10->11  [0m[1;34m11->12  [0m[1;34m12->13  [0m[1;34m13->14  [0m[1;34m14->15  [0m[1;34m15->16  [0m[1;34m16->17  [0m[1;34m17->18  [0m[1;34m18->19  [0m[1;34m
[pthread wrapper] SKIP MASK: 0x0
[0m[1;34m	threadid 47458153592576 -> core 1 - OK[0m[1;34m
[0m[1;34m	threadid 47458155693824 -> core 2 - OK[0m[1;34m
[0m[1;34m	threadid 47458157795072 -> core 3 - OK[0m[1;34m
[0m[1;34m	threadid 47458159896320 -> core 4 - OK[0m[1;34m
[0m[1;34m	threadid 47458161997568 -> core 5 - OK[0m[1;34m
[0m[1;34m	threadid 47458164098816 -> core 6 - OK[0m[1;34m
[0m[1;34m	threadid 47458166200064 -> core 7 - OK[0m[1;34m
[0m[1;34m	threadid 47458168301312 -> core 8 - OK[0m[1;34m
[0m[1;34m	threadid 47458170402560 -> core 9 - OK[0m[1;34m
[0m[1;34m	threadid 47458172503808 -> core 10 - OK[0m[1;34m
[0m[1;34m	threadid 47458174605056 -> core 11 - OK[0m[1;34m
[0m[1;34m	threadid 47458176706304 -> core 12 - OK[0m[1;34m
[0m[1;34m	threadid 47458178807552 -> core 13 - OK[0m[1;34m
[0m[1;34m	threadid 47458180908800 -> core 14 - OK[0m[1;34m
[0m[1;34m	threadid 47458183010048 -> core 15 - OK[0m[1;34m
[0m[1;34m	threadid 47458185111296 -> core 16 - OK[0m[1;34m
[0m[1;34m	threadid 47458187212544 -> core 17 - OK[0m[1;34m
[0m[1;34m	threadid 47458189313792 -> core 18 - OK[0m[1;34m
[0m[1;34m	threadid 47458191415040 -> core 19 - OK[0m[1;34m
[0miterations: 200
Total iterations: 48412800 LUP
FLOP: 89
Total work: 4308739200 FLOP
performance: 0.521240 GLUP/s
Performance in GFLOP/s: 46.390382
size: 250000
time: 0.092880
[1;34m[pthread wrapper] 
[0m[1;34m[pthread wrapper] MAIN -> 0
[0m[1;34m[pthread wrapper] PIN_MASK: [0m[1;34m0->1  [0m[1;34m1->2  [0m[1;34m2->3  [0m[1;34m3->4  [0m[1;34m4->5  [0m[1;34m5->6  [0m[1;34m6->7  [0m[1;34m7->8  [0m[1;34m8->9  [0m[1;34m9->10  [0m[1;34m10->11  [0m[1;34m11->12  [0m[1;34m12->13  [0m[1;34m13->14  [0m[1;34m14->15  [0m[1;34m15->16  [0m[1;34m16->17  [0m[1;34m17->18  [0m[1;34m18->19  [0m[1;34m
[pthread wrapper] SKIP MASK: 0x0
[0m[1;34m	threadid 47839119894272 -> core 1 - OK[0m[1;34m
[0m[1;34m	threadid 47839121995520 -> core 2 - OK[0m[1;34m
[0m[1;34m	threadid 47839124096768 -> core 3 - OK[0m[1;34m
[0m[1;34m	threadid 47839126198016 -> core 4 - OK[0m[1;34m
[0m[1;34m	threadid 47839128299264 -> core 5 - OK[0m[1;34m
[0m[1;34m	threadid 47839130400512 -> core 6 - OK[0m[1;34m
[0m[1;34m	threadid 47839132501760 -> core 7 - OK[0m[1;34m
[0m[1;34m	threadid 47839134603008 -> core 8 - OK[0m[1;34m
[0m[1;34m	threadid 47839136704256 -> core 9 - OK[0m[1;34m
[0m[1;34m	threadid 47839138805504 -> core 10 - OK[0m[1;34m
[0m[1;34m	threadid 47839140906752 -> core 11 - OK[0m[1;34m
[0m[1;34m	threadid 47839143008000 -> core 12 - OK[0m[1;34m
[0m[1;34m	threadid 47839145109248 -> core 13 - OK[0m[1;34m
[0m[1;34m	threadid 47839147210496 -> core 14 - OK[0m[1;34m
[0m[1;34m	threadid 47839149311744 -> core 15 - OK[0m[1;34m
[0m[1;34m	threadid 47839151412992 -> core 16 - OK[0m[1;34m
[0m[1;34m	threadid 47839153514240 -> core 17 - OK[0m[1;34m
[0m[1;34m	threadid 47839155615488 -> core 18 - OK[0m[1;34m
[0m[1;34m	threadid 47839157716736 -> core 19 - OK[0m[1;34m
[0miterations: 200
Total iterations: 48412800 LUP
FLOP: 89
Total work: 4308739200 FLOP
performance: 0.521370 GLUP/s
Performance in GFLOP/s: 46.401936
size: 250000
time: 0.092857
[1;34m[pthread wrapper] 
[0m[1;34m[pthread wrapper] MAIN -> 0
[0m[1;34m[pthread wrapper] PIN_MASK: [0m[1;34m0->1  [0m[1;34m1->2  [0m[1;34m2->3  [0m[1;34m3->4  [0m[1;34m4->5  [0m[1;34m5->6  [0m[1;34m6->7  [0m[1;34m7->8  [0m[1;34m8->9  [0m[1;34m9->10  [0m[1;34m10->11  [0m[1;34m11->12  [0m[1;34m12->13  [0m[1;34m13->14  [0m[1;34m14->15  [0m[1;34m15->16  [0m[1;34m16->17  [0m[1;34m17->18  [0m[1;34m18->19  [0m[1;34m
[pthread wrapper] SKIP MASK: 0x0
[0m[1;34m	threadid 47626099353344 -> core 1 - OK[0m[1;34m
[0m[1;34m	threadid 47626101454592 -> core 2 - OK[0m[1;34m
[0m[1;34m	threadid 47626103555840 -> core 3 - OK[0m[1;34m
[0m[1;34m	threadid 47626105657088 -> core 4 - OK[0m[1;34m
[0m[1;34m	threadid 47626107758336 -> core 5 - OK[0m[1;34m
[0m[1;34m	threadid 47626109859584 -> core 6 - OK[0m[1;34m
[0m[1;34m	threadid 47626111960832 -> core 7 - OK[0m[1;34m
[0m[1;34m	threadid 47626114062080 -> core 8 - OK[0m[1;34m
[0m[1;34m	threadid 47626116163328 -> core 9 - OK[0m[1;34m
[0m[1;34m	threadid 47626118264576 -> core 10 - OK[0m[1;34m
[0m[1;34m	threadid 47626120365824 -> core 11 - OK[0m[1;34m
[0m[1;34m	threadid 47626122467072 -> core 12 - OK[0m[1;34m
[0m[1;34m	threadid 47626124568320 -> core 13 - OK[0m[1;34m
[0m[1;34m	threadid 47626126669568 -> core 14 - OK[0m[1;34m
[0m[1;34m	threadid 47626128770816 -> core 15 - OK[0m[1;34m
[0m[1;34m	threadid 47626130872064 -> core 16 - OK[0m[1;34m
[0m[1;34m	threadid 47626132973312 -> core 17 - OK[0m[1;34m
[0m[1;34m	threadid 47626135074560 -> core 18 - OK[0m[1;34m
[0m[1;34m	threadid 47626137175808 -> core 19 - OK[0m[1;34m
[0miterations: 200
Total iterations: 48412800 LUP
FLOP: 89
Total work: 4308739200 FLOP
performance: 0.521139 GLUP/s
Performance in GFLOP/s: 46.381334
size: 250000
time: 0.092898
[1;34m[pthread wrapper] 
[0m[1;34m[pthread wrapper] MAIN -> 0
[0m[1;34m[pthread wrapper] PIN_MASK: [0m[1;34m0->1  [0m[1;34m1->2  [0m[1;34m2->3  [0m[1;34m3->4  [0m[1;34m4->5  [0m[1;34m5->6  [0m[1;34m6->7  [0m[1;34m7->8  [0m[1;34m8->9  [0m[1;34m9->10  [0m[1;34m10->11  [0m[1;34m11->12  [0m[1;34m12->13  [0m[1;34m13->14  [0m[1;34m14->15  [0m[1;34m15->16  [0m[1;34m16->17  [0m[1;34m17->18  [0m[1;34m18->19  [0m[1;34m
[pthread wrapper] SKIP MASK: 0x0
[0m[1;34m	threadid 47206176372480 -> core 1 - OK[0m[1;34m
[0m[1;34m	threadid 47206178473728 -> core 2 - OK[0m[1;34m
[0m[1;34m	threadid 47206180574976 -> core 3 - OK[0m[1;34m
[0m[1;34m	threadid 47206182676224 -> core 4 - OK[0m[1;34m
[0m[1;34m	threadid 47206184777472 -> core 5 - OK[0m[1;34m
[0m[1;34m	threadid 47206186878720 -> core 6 - OK[0m[1;34m
[0m[1;34m	threadid 47206188979968 -> core 7 - OK[0m[1;34m
[0m[1;34m	threadid 47206191081216 -> core 8 - OK[0m[1;34m
[0m[1;34m	threadid 47206193182464 -> core 9 - OK[0m[1;34m
[0m[1;34m	threadid 47206195283712 -> core 10 - OK[0m[1;34m
[0m[1;34m	threadid 47206197384960 -> core 11 - OK[0m[1;34m
[0m[1;34m	threadid 47206199486208 -> core 12 - OK[0m[1;34m
[0m[1;34m	threadid 47206201587456 -> core 13 - OK[0m[1;34m
[0m[1;34m	threadid 47206203688704 -> core 14 - OK[0m[1;34m
[0m[1;34m	threadid 47206205789952 -> core 15 - OK[0m[1;34m
[0m[1;34m	threadid 47206207891200 -> core 16 - OK[0m[1;34m
[0m[1;34m	threadid 47206209992448 -> core 17 - OK[0m[1;34m
[0m[1;34m	threadid 47206212093696 -> core 18 - OK[0m[1;34m
[0m[1;34m	threadid 47206214194944 -> core 19 - OK[0m[1;34m
[0miterations: 200
Total iterations: 48412800 LUP
FLOP: 89
Total work: 4308739200 FLOP
performance: 0.521022 GLUP/s
Performance in GFLOP/s: 46.370980
size: 250000
time: 0.092919
[1;34m[pthread wrapper] 
[0m[1;34m[pthread wrapper] MAIN -> 0
[0m[1;34m[pthread wrapper] PIN_MASK: [0m[1;34m0->1  [0m[1;34m1->2  [0m[1;34m2->3  [0m[1;34m3->4  [0m[1;34m4->5  [0m[1;34m5->6  [0m[1;34m6->7  [0m[1;34m7->8  [0m[1;34m8->9  [0m[1;34m9->10  [0m[1;34m10->11  [0m[1;34m11->12  [0m[1;34m12->13  [0m[1;34m13->14  [0m[1;34m14->15  [0m[1;34m15->16  [0m[1;34m16->17  [0m[1;34m17->18  [0m[1;34m18->19  [0m[1;34m
[pthread wrapper] SKIP MASK: 0x0
[0m[1;34m	threadid 47820092000000 -> core 1 - OK[0m[1;34m
[0m[1;34m	threadid 47820094101248 -> core 2 - OK[0m[1;34m
[0m[1;34m	threadid 47820096202496 -> core 3 - OK[0m[1;34m
[0m[1;34m	threadid 47820098303744 -> core 4 - OK[0m[1;34m
[0m[1;34m	threadid 47820100404992 -> core 5 - OK[0m[1;34m
[0m[1;34m	threadid 47820102506240 -> core 6 - OK[0m[1;34m
[0m[1;34m	threadid 47820104607488 -> core 7 - OK[0m[1;34m
[0m[1;34m	threadid 47820106708736 -> core 8 - OK[0m[1;34m
[0m[1;34m	threadid 47820108809984 -> core 9 - OK[0m[1;34m
[0m[1;34m	threadid 47820110911232 -> core 10 - OK[0m[1;34m
[0m[1;34m	threadid 47820113012480 -> core 11 - OK[0m[1;34m
[0m[1;34m	threadid 47820115113728 -> core 12 - OK[0m[1;34m
[0m[1;34m	threadid 47820117214976 -> core 13 - OK[0m[1;34m
[0m[1;34m	threadid 47820119316224 -> core 14 - OK[0m[1;34m
[0m[1;34m	threadid 47820121417472 -> core 15 - OK[0m[1;34m
[0m[1;34m	threadid 47820123518720 -> core 16 - OK[0m[1;34m
[0m[1;34m	threadid 47820125619968 -> core 17 - OK[0m[1;34m
[0m[1;34m	threadid 47820127721216 -> core 18 - OK[0m[1;34m
[0m[1;34m	threadid 47820129822464 -> core 19 - OK[0m[1;34m
[0miterations: 200
Total iterations: 48412800 LUP
FLOP: 89
Total work: 4308739200 FLOP
performance: 0.520445 GLUP/s
Performance in GFLOP/s: 46.319637
size: 250000
time: 0.093022
[1;34m[pthread wrapper] 
[0m[1;34m[pthread wrapper] MAIN -> 0
[0m[1;34m[pthread wrapper] PIN_MASK: [0m[1;34m0->1  [0m[1;34m1->2  [0m[1;34m2->3  [0m[1;34m3->4  [0m[1;34m4->5  [0m[1;34m5->6  [0m[1;34m6->7  [0m[1;34m7->8  [0m[1;34m8->9  [0m[1;34m9->10  [0m[1;34m10->11  [0m[1;34m11->12  [0m[1;34m12->13  [0m[1;34m13->14  [0m[1;34m14->15  [0m[1;34m15->16  [0m[1;34m16->17  [0m[1;34m17->18  [0m[1;34m18->19  [0m[1;34m
[pthread wrapper] SKIP MASK: 0x0
[0m[1;34m	threadid 47719563130624 -> core 1 - OK[0m[1;34m
[0m[1;34m	threadid 47719565231872 -> core 2 - OK[0m[1;34m
[0m[1;34m	threadid 47719567333120 -> core 3 - OK[0m[1;34m
[0m[1;34m	threadid 47719569434368 -> core 4 - OK[0m[1;34m
[0m[1;34m	threadid 47719571535616 -> core 5 - OK[0m[1;34m
[0m[1;34m	threadid 47719573636864 -> core 6 - OK[0m[1;34m
[0m[1;34m	threadid 47719575738112 -> core 7 - OK[0m[1;34m
[0m[1;34m	threadid 47719577839360 -> core 8 - OK[0m[1;34m
[0m[1;34m	threadid 47719579940608 -> core 9 - OK[0m[1;34m
[0m[1;34m	threadid 47719582041856 -> core 10 - OK[0m[1;34m
[0m[1;34m	threadid 47719584143104 -> core 11 - OK[0m[1;34m
[0m[1;34m	threadid 47719586244352 -> core 12 - OK[0m[1;34m
[0m[1;34m	threadid 47719588345600 -> core 13 - OK[0m[1;34m
[0m[1;34m	threadid 47719590446848 -> core 14 - OK[0m[1;34m
[0m[1;34m	threadid 47719592548096 -> core 15 - OK[0m[1;34m
[0m[1;34m	threadid 47719594649344 -> core 16 - OK[0m[1;34m
[0m[1;34m	threadid 47719596750592 -> core 17 - OK[0m[1;34m
[0m[1;34m	threadid 47719598851840 -> core 18 - OK[0m[1;34m
[0m[1;34m	threadid 47719600953088 -> core 19 - OK[0m[1;34m
[0miterations: 200
Total iterations: 48412800 LUP
FLOP: 89
Total work: 4308739200 FLOP
performance: 0.520954 GLUP/s
Performance in GFLOP/s: 46.364913
size: 250000
time: 0.092931
[1;34m[pthread wrapper] 
[0m[1;34m[pthread wrapper] MAIN -> 0
[0m[1;34m[pthread wrapper] PIN_MASK: [0m[1;34m0->1  [0m[1;34m1->2  [0m[1;34m2->3  [0m[1;34m3->4  [0m[1;34m4->5  [0m[1;34m5->6  [0m[1;34m6->7  [0m[1;34m7->8  [0m[1;34m8->9  [0m[1;34m9->10  [0m[1;34m10->11  [0m[1;34m11->12  [0m[1;34m12->13  [0m[1;34m13->14  [0m[1;34m14->15  [0m[1;34m15->16  [0m[1;34m16->17  [0m[1;34m17->18  [0m[1;34m18->19  [0m[1;34m
[pthread wrapper] SKIP MASK: 0x0
[0m[1;34m	threadid 47354766382848 -> core 1 - OK[0m[1;34m
[0m[1;34m	threadid 47354768484096 -> core 2 - OK[0m[1;34m
[0m[1;34m	threadid 47354770585344 -> core 3 - OK[0m[1;34m
[0m[1;34m	threadid 47354772686592 -> core 4 - OK[0m[1;34m
[0m[1;34m	threadid 47354774787840 -> core 5 - OK[0m[1;34m
[0m[1;34m	threadid 47354776889088 -> core 6 - OK[0m[1;34m
[0m[1;34m	threadid 47354778990336 -> core 7 - OK[0m[1;34m
[0m[1;34m	threadid 47354781091584 -> core 8 - OK[0m[1;34m
[0m[1;34m	threadid 47354783192832 -> core 9 - OK[0m[1;34m
[0m[1;34m	threadid 47354785294080 -> core 10 - OK[0m[1;34m
[0m[1;34m	threadid 47354787395328 -> core 11 - OK[0m[1;34m
[0m[1;34m	threadid 47354789496576 -> core 12 - OK[0m[1;34m
[0m[1;34m	threadid 47354791597824 -> core 13 - OK[0m[1;34m
[0m[1;34m	threadid 47354793699072 -> core 14 - OK[0m[1;34m
[0m[1;34m	threadid 47354795800320 -> core 15 - OK[0m[1;34m
[0m[1;34m	threadid 47354797901568 -> core 16 - OK[0m[1;34m
[0m[1;34m	threadid 47354800002816 -> core 17 - OK[0m[1;34m
[0m[1;34m	threadid 47354802104064 -> core 18 - OK[0m[1;34m
[0m[1;34m	threadid 47354804205312 -> core 19 - OK[0m[1;34m
[0miterations: 200
Total iterations: 48412800 LUP
FLOP: 89
Total work: 4308739200 FLOP
performance: 0.520400 GLUP/s
Performance in GFLOP/s: 46.315601
size: 250000
time: 0.093030
[1;34m[pthread wrapper] 
[0m[1;34m[pthread wrapper] MAIN -> 0
[0m[1;34m[pthread wrapper] PIN_MASK: [0m[1;34m0->1  [0m[1;34m1->2  [0m[1;34m2->3  [0m[1;34m3->4  [0m[1;34m4->5  [0m[1;34m5->6  [0m[1;34m6->7  [0m[1;34m7->8  [0m[1;34m8->9  [0m[1;34m9->10  [0m[1;34m10->11  [0m[1;34m11->12  [0m[1;34m12->13  [0m[1;34m13->14  [0m[1;34m14->15  [0m[1;34m15->16  [0m[1;34m16->17  [0m[1;34m17->18  [0m[1;34m18->19  [0m[1;34m
[pthread wrapper] SKIP MASK: 0x0
[0m[1;34m	threadid 47503305942784 -> core 1 - OK[0m[1;34m
[0m[1;34m	threadid 47503308044032 -> core 2 - OK[0m[1;34m
[0m[1;34m	threadid 47503310145280 -> core 3 - OK[0m[1;34m
[0m[1;34m	threadid 47503312246528 -> core 4 - OK[0m[1;34m
[0m[1;34m	threadid 47503314347776 -> core 5 - OK[0m[1;34m
[0m[1;34m	threadid 47503316449024 -> core 6 - OK[0m[1;34m
[0m[1;34m	threadid 47503318550272 -> core 7 - OK[0m[1;34m
[0m[1;34m	threadid 47503320651520 -> core 8 - OK[0m[1;34m
[0m[1;34m	threadid 47503322752768 -> core 9 - OK[0m[1;34m
[0m[1;34m	threadid 47503324854016 -> core 10 - OK[0m[1;34m
[0m[1;34m	threadid 47503326955264 -> core 11 - OK[0m[1;34m
[0m[1;34m	threadid 47503329056512 -> core 12 - OK[0m[1;34m
[0m[1;34m	threadid 47503331157760 -> core 13 - OK[0m[1;34m
[0m[1;34m	threadid 47503333259008 -> core 14 - OK[0m[1;34m
[0m[1;34m	threadid 47503335360256 -> core 15 - OK[0m[1;34m
[0m[1;34m	threadid 47503337461504 -> core 16 - OK[0m[1;34m
[0m[1;34m	threadid 47503339562752 -> core 17 - OK[0m[1;34m
[0m[1;34m	threadid 47503341664000 -> core 18 - OK[0m[1;34m
[0m[1;34m	threadid 47503343765248 -> core 19 - OK[0m[1;34m
[0miterations: 200
Total iterations: 48412800 LUP
FLOP: 89
Total work: 4308739200 FLOP
performance: 0.520931 GLUP/s
Performance in GFLOP/s: 46.362891
size: 250000
time: 0.092935
