[1;34m[pthread wrapper] 
[0m[1;34m[pthread wrapper] MAIN -> 0
[0m[1;34m[pthread wrapper] PIN_MASK: [0m[1;34m0->1  [0m[1;34m1->2  [0m[1;34m2->3  [0m[1;34m3->4  [0m[1;34m4->10  [0m[1;34m5->11  [0m[1;34m6->12  [0m[1;34m7->13  [0m[1;34m8->14  [0m[1;34m
[pthread wrapper] SKIP MASK: 0x0
[0m[1;34m	threadid 47022390372096 -> core 1 - OK[0m[1;34m
[0m[1;34m	threadid 47022392473344 -> core 2 - OK[0m[1;34m
[0m[1;34m	threadid 47022394574592 -> core 3 - OK[0m[1;34m
[0m[1;34m	threadid 47022396675840 -> core 4 - OK[0m[1;34m
[0m[1;34m	threadid 47022398777088 -> core 10 - OK[0m[1;34m
[0m[1;34m	threadid 47022400878336 -> core 11 - OK[0m[1;34m
[0m[1;34m	threadid 47022402979584 -> core 12 - OK[0m[1;34m
[0m[1;34m	threadid 47022405080832 -> core 13 - OK[0m[1;34m
[0m[1;34m	threadid 47022407182080 -> core 14 - OK[0m[1;34m
[0miterations: 120
Total iterations: 1074247680 LUP
FLOP: 89
Total work: 95608043520 FLOP
performance: 0.333118 GLUP/s
Performance in GFLOP/s: 29.647486
size: 9000000
time: 3.224828
[1;34m[pthread wrapper] 
[0m[1;34m[pthread wrapper] MAIN -> 0
[0m[1;34m[pthread wrapper] PIN_MASK: [0m[1;34m0->1  [0m[1;34m1->2  [0m[1;34m2->3  [0m[1;34m3->4  [0m[1;34m4->10  [0m[1;34m5->11  [0m[1;34m6->12  [0m[1;34m7->13  [0m[1;34m8->14  [0m[1;34m
[pthread wrapper] SKIP MASK: 0x0
[0m[1;34m	threadid 47894094862080 -> core 1 - OK[0m[1;34m
[0m[1;34m	threadid 47894096963328 -> core 2 - OK[0m[1;34m
[0m[1;34m	threadid 47894099064576 -> core 3 - OK[0m[1;34m
[0m[1;34m	threadid 47894101165824 -> core 4 - OK[0m[1;34m
[0m[1;34m	threadid 47894103267072 -> core 10 - OK[0m[1;34m
[0m[1;34m	threadid 47894105368320 -> core 11 - OK[0m[1;34m
[0m[1;34m	threadid 47894107469568 -> core 12 - OK[0m[1;34m
[0m[1;34m	threadid 47894109570816 -> core 13 - OK[0m[1;34m
[0m[1;34m	threadid 47894111672064 -> core 14 - OK[0m[1;34m
[0miterations: 120
Total iterations: 1074247680 LUP
FLOP: 89
Total work: 95608043520 FLOP
performance: 0.333266 GLUP/s
Performance in GFLOP/s: 29.660639
size: 9000000
time: 3.223398
[1;34m[pthread wrapper] 
[0m[1;34m[pthread wrapper] MAIN -> 0
[0m[1;34m[pthread wrapper] PIN_MASK: [0m[1;34m0->1  [0m[1;34m1->2  [0m[1;34m2->3  [0m[1;34m3->4  [0m[1;34m4->10  [0m[1;34m5->11  [0m[1;34m6->12  [0m[1;34m7->13  [0m[1;34m8->14  [0m[1;34m
[pthread wrapper] SKIP MASK: 0x0
[0m[1;34m	threadid 47616772429568 -> core 1 - OK[0m[1;34m
[0m[1;34m	threadid 47616774530816 -> core 2 - OK[0m[1;34m
[0m[1;34m	threadid 47616776632064 -> core 3 - OK[0m[1;34m
[0m[1;34m	threadid 47616778733312 -> core 4 - OK[0m[1;34m
[0m[1;34m	threadid 47616780834560 -> core 10 - OK[0m[1;34m
[0m[1;34m	threadid 47616782935808 -> core 11 - OK[0m[1;34m
[0m[1;34m	threadid 47616785037056 -> core 12 - OK[0m[1;34m
[0m[1;34m	threadid 47616787138304 -> core 13 - OK[0m[1;34m
[0m[1;34m	threadid 47616789239552 -> core 14 - OK[0m[1;34m
[0miterations: 120
Total iterations: 1074247680 LUP
FLOP: 89
Total work: 95608043520 FLOP
performance: 0.333137 GLUP/s
Performance in GFLOP/s: 29.649233
size: 9000000
time: 3.224638
[1;34m[pthread wrapper] 
[0m[1;34m[pthread wrapper] MAIN -> 0
[0m[1;34m[pthread wrapper] PIN_MASK: [0m[1;34m0->1  [0m[1;34m1->2  [0m[1;34m2->3  [0m[1;34m3->4  [0m[1;34m4->10  [0m[1;34m5->11  [0m[1;34m6->12  [0m[1;34m7->13  [0m[1;34m8->14  [0m[1;34m
[pthread wrapper] SKIP MASK: 0x0
[0m[1;34m	threadid 47051733333760 -> core 1 - OK[0m[1;34m
[0m[1;34m	threadid 47051735435008 -> core 2 - OK[0m[1;34m
[0m[1;34m	threadid 47051737536256 -> core 3 - OK[0m[1;34m
[0m[1;34m	threadid 47051739637504 -> core 4 - OK[0m[1;34m
[0m[1;34m	threadid 47051741738752 -> core 10 - OK[0m[1;34m
[0m[1;34m	threadid 47051743840000 -> core 11 - OK[0m[1;34m
[0m[1;34m	threadid 47051745941248 -> core 12 - OK[0m[1;34m
[0m[1;34m	threadid 47051748042496 -> core 13 - OK[0m[1;34m
[0m[1;34m	threadid 47051750143744 -> core 14 - OK[0m[1;34m
[0miterations: 120
Total iterations: 1074247680 LUP
FLOP: 89
Total work: 95608043520 FLOP
performance: 0.333384 GLUP/s
Performance in GFLOP/s: 29.671206
size: 9000000
time: 3.222250
[1;34m[pthread wrapper] 
[0m[1;34m[pthread wrapper] MAIN -> 0
[0m[1;34m[pthread wrapper] PIN_MASK: [0m[1;34m0->1  [0m[1;34m1->2  [0m[1;34m2->3  [0m[1;34m3->4  [0m[1;34m4->10  [0m[1;34m5->11  [0m[1;34m6->12  [0m[1;34m7->13  [0m[1;34m8->14  [0m[1;34m
[pthread wrapper] SKIP MASK: 0x0
[0m[1;34m	threadid 47609667442432 -> core 1 - OK[0m[1;34m
[0m[1;34m	threadid 47609669543680 -> core 2 - OK[0m[1;34m
[0m[1;34m	threadid 47609671644928 -> core 3 - OK[0m[1;34m
[0m[1;34m	threadid 47609673746176 -> core 4 - OK[0m[1;34m
[0m[1;34m	threadid 47609675847424 -> core 10 - OK[0m[1;34m
[0m[1;34m	threadid 47609677948672 -> core 11 - OK[0m[1;34m
[0m[1;34m	threadid 47609680049920 -> core 12 - OK[0m[1;34m
[0m[1;34m	threadid 47609682151168 -> core 13 - OK[0m[1;34m
[0m[1;34m	threadid 47609684252416 -> core 14 - OK[0m[1;34m
[0miterations: 120
Total iterations: 1074247680 LUP
FLOP: 89
Total work: 95608043520 FLOP
performance: 0.333141 GLUP/s
Performance in GFLOP/s: 29.649564
size: 9000000
time: 3.224602
[1;34m[pthread wrapper] 
[0m[1;34m[pthread wrapper] MAIN -> 0
[0m[1;34m[pthread wrapper] PIN_MASK: [0m[1;34m0->1  [0m[1;34m1->2  [0m[1;34m2->3  [0m[1;34m3->4  [0m[1;34m4->10  [0m[1;34m5->11  [0m[1;34m6->12  [0m[1;34m7->13  [0m[1;34m8->14  [0m[1;34m
[pthread wrapper] SKIP MASK: 0x0
[0m[1;34m	threadid 47986334123776 -> core 1 - OK[0m[1;34m
[0m[1;34m	threadid 47986336225024 -> core 2 - OK[0m[1;34m
[0m[1;34m	threadid 47986338326272 -> core 3 - OK[0m[1;34m
[0m[1;34m	threadid 47986340427520 -> core 4 - OK[0m[1;34m
[0m[1;34m	threadid 47986342528768 -> core 10 - OK[0m[1;34m
[0m[1;34m	threadid 47986344630016 -> core 11 - OK[0m[1;34m
[0m[1;34m	threadid 47986346731264 -> core 12 - OK[0m[1;34m
[0m[1;34m	threadid 47986348832512 -> core 13 - OK[0m[1;34m
[0m[1;34m	threadid 47986350933760 -> core 14 - OK[0m[1;34m
[0miterations: 120
Total iterations: 1074247680 LUP
FLOP: 89
Total work: 95608043520 FLOP
performance: 0.333061 GLUP/s
Performance in GFLOP/s: 29.642450
size: 9000000
time: 3.225376
[1;34m[pthread wrapper] 
[0m[1;34m[pthread wrapper] MAIN -> 0
[0m[1;34m[pthread wrapper] PIN_MASK: [0m[1;34m0->1  [0m[1;34m1->2  [0m[1;34m2->3  [0m[1;34m3->4  [0m[1;34m4->10  [0m[1;34m5->11  [0m[1;34m6->12  [0m[1;34m7->13  [0m[1;34m8->14  [0m[1;34m
[pthread wrapper] SKIP MASK: 0x0
[0m[1;34m	threadid 47036358936320 -> core 1 - OK[0m[1;34m
[0m[1;34m	threadid 47036361037568 -> core 2 - OK[0m[1;34m
[0m[1;34m	threadid 47036363138816 -> core 3 - OK[0m[1;34m
[0m[1;34m	threadid 47036365240064 -> core 4 - OK[0m[1;34m
[0m[1;34m	threadid 47036367341312 -> core 10 - OK[0m[1;34m
[0m[1;34m	threadid 47036369442560 -> core 11 - OK[0m[1;34m
[0m[1;34m	threadid 47036371543808 -> core 12 - OK[0m[1;34m
[0m[1;34m	threadid 47036373645056 -> core 13 - OK[0m[1;34m
[0m[1;34m	threadid 47036375746304 -> core 14 - OK[0m[1;34m
[0miterations: 120
Total iterations: 1074247680 LUP
FLOP: 89
Total work: 95608043520 FLOP
performance: 0.332968 GLUP/s
Performance in GFLOP/s: 29.634143
size: 9000000
time: 3.226280
[1;34m[pthread wrapper] 
[0m[1;34m[pthread wrapper] MAIN -> 0
[0m[1;34m[pthread wrapper] PIN_MASK: [0m[1;34m0->1  [0m[1;34m1->2  [0m[1;34m2->3  [0m[1;34m3->4  [0m[1;34m4->10  [0m[1;34m5->11  [0m[1;34m6->12  [0m[1;34m7->13  [0m[1;34m8->14  [0m[1;34m
[pthread wrapper] SKIP MASK: 0x0
[0m[1;34m	threadid 47981444798208 -> core 1 - OK[0m[1;34m
[0m[1;34m	threadid 47981446899456 -> core 2 - OK[0m[1;34m
[0m[1;34m	threadid 47981449000704 -> core 3 - OK[0m[1;34m
[0m[1;34m	threadid 47981451101952 -> core 4 - OK[0m[1;34m
[0m[1;34m	threadid 47981453203200 -> core 10 - OK[0m[1;34m
[0m[1;34m	threadid 47981455304448 -> core 11 - OK[0m[1;34m
[0m[1;34m	threadid 47981457405696 -> core 12 - OK[0m[1;34m
[0m[1;34m	threadid 47981459506944 -> core 13 - OK[0m[1;34m
[0m[1;34m	threadid 47981461608192 -> core 14 - OK[0m[1;34m
[0miterations: 120
Total iterations: 1074247680 LUP
FLOP: 89
Total work: 95608043520 FLOP
performance: 0.333127 GLUP/s
Performance in GFLOP/s: 29.648315
size: 9000000
time: 3.224738
[1;34m[pthread wrapper] 
[0m[1;34m[pthread wrapper] MAIN -> 0
[0m[1;34m[pthread wrapper] PIN_MASK: [0m[1;34m0->1  [0m[1;34m1->2  [0m[1;34m2->3  [0m[1;34m3->4  [0m[1;34m4->10  [0m[1;34m5->11  [0m[1;34m6->12  [0m[1;34m7->13  [0m[1;34m8->14  [0m[1;34m
[pthread wrapper] SKIP MASK: 0x0
[0m[1;34m	threadid 47706374993664 -> core 1 - OK[0m[1;34m
[0m[1;34m	threadid 47706377094912 -> core 2 - OK[0m[1;34m
[0m[1;34m	threadid 47706379196160 -> core 3 - OK[0m[1;34m
[0m[1;34m	threadid 47706381297408 -> core 4 - OK[0m[1;34m
[0m[1;34m	threadid 47706383398656 -> core 10 - OK[0m[1;34m
[0m[1;34m	threadid 47706385499904 -> core 11 - OK[0m[1;34m
[0m[1;34m	threadid 47706387601152 -> core 12 - OK[0m[1;34m
[0m[1;34m	threadid 47706389702400 -> core 13 - OK[0m[1;34m
[0m[1;34m	threadid 47706391803648 -> core 14 - OK[0m[1;34m
[0miterations: 120
Total iterations: 1074247680 LUP
FLOP: 89
Total work: 95608043520 FLOP
performance: 0.333324 GLUP/s
Performance in GFLOP/s: 29.665868
size: 9000000
time: 3.222830
[1;34m[pthread wrapper] 
[0m[1;34m[pthread wrapper] MAIN -> 0
[0m[1;34m[pthread wrapper] PIN_MASK: [0m[1;34m0->1  [0m[1;34m1->2  [0m[1;34m2->3  [0m[1;34m3->4  [0m[1;34m4->10  [0m[1;34m5->11  [0m[1;34m6->12  [0m[1;34m7->13  [0m[1;34m8->14  [0m[1;34m
[pthread wrapper] SKIP MASK: 0x0
[0m[1;34m	threadid 47643999184640 -> core 1 - OK[0m[1;34m
[0m[1;34m	threadid 47644001285888 -> core 2 - OK[0m[1;34m
[0m[1;34m	threadid 47644003387136 -> core 3 - OK[0m[1;34m
[0m[1;34m	threadid 47644005488384 -> core 4 - OK[0m[1;34m
[0m[1;34m	threadid 47644007589632 -> core 10 - OK[0m[1;34m
[0m[1;34m	threadid 47644009690880 -> core 11 - OK[0m[1;34m
[0m[1;34m	threadid 47644011792128 -> core 12 - OK[0m[1;34m
[0m[1;34m	threadid 47644013893376 -> core 13 - OK[0m[1;34m
[0m[1;34m	threadid 47644015994624 -> core 14 - OK[0m[1;34m
[0miterations: 120
Total iterations: 1074247680 LUP
FLOP: 89
Total work: 95608043520 FLOP
performance: 0.333281 GLUP/s
Performance in GFLOP/s: 29.662019
size: 9000000
time: 3.223248
