iterations: 120
Total iterations: 1074247680 LUP
FLOP: 89
Total work: 95608043520 FLOP
performance: 0.034020 GLUP/s
Performance in GFLOP/s: 3.027788
size: 9000000
time: 31.576860
[1;34m[likwid-pin] Main PID -> core 0 - OK[0m
iterations: 120
Total iterations: 1074247680 LUP
FLOP: 89
Total work: 95608043520 FLOP
performance: 0.034019 GLUP/s
Performance in GFLOP/s: 3.027695
size: 9000000
time: 31.577837
[1;34m[likwid-pin] Main PID -> core 0 - OK[0m
iterations: 120
Total iterations: 1074247680 LUP
FLOP: 89
Total work: 95608043520 FLOP
performance: 0.034021 GLUP/s
Performance in GFLOP/s: 3.027875
size: 9000000
time: 31.575956
[1;34m[likwid-pin] Main PID -> core 0 - OK[0m
iterations: 120
Total iterations: 1074247680 LUP
FLOP: 89
Total work: 95608043520 FLOP
performance: 0.034014 GLUP/s
Performance in GFLOP/s: 3.027202
size: 9000000
time: 31.582974
[1;34m[likwid-pin] Main PID -> core 0 - OK[0m
iterations: 120
Total iterations: 1074247680 LUP
FLOP: 89
Total work: 95608043520 FLOP
performance: 0.034019 GLUP/s
Performance in GFLOP/s: 3.027709
size: 9000000
time: 31.577689
[1;34m[likwid-pin] Main PID -> core 0 - OK[0m
iterations: 120
Total iterations: 1074247680 LUP
FLOP: 89
Total work: 95608043520 FLOP
performance: 0.034022 GLUP/s
Performance in GFLOP/s: 3.027997
size: 9000000
time: 31.574687
[1;34m[likwid-pin] Main PID -> core 0 - OK[0m
iterations: 120
Total iterations: 1074247680 LUP
FLOP: 89
Total work: 95608043520 FLOP
performance: 0.034020 GLUP/s
Performance in GFLOP/s: 3.027786
size: 9000000
time: 31.576883
[1;34m[likwid-pin] Main PID -> core 0 - OK[0m
iterations: 120
Total iterations: 1074247680 LUP
FLOP: 89
Total work: 95608043520 FLOP
performance: 0.034019 GLUP/s
Performance in GFLOP/s: 3.027735
size: 9000000
time: 31.577418
[1;34m[likwid-pin] Main PID -> core 0 - OK[0m
iterations: 120
Total iterations: 1074247680 LUP
FLOP: 89
Total work: 95608043520 FLOP
performance: 0.034022 GLUP/s
Performance in GFLOP/s: 3.027978
size: 9000000
time: 31.574884
[1;34m[likwid-pin] Main PID -> core 0 - OK[0m
iterations: 120
Total iterations: 1074247680 LUP
FLOP: 89
Total work: 95608043520 FLOP
performance: 0.034020 GLUP/s
Performance in GFLOP/s: 3.027777
size: 9000000
time: 31.576972
[1;34m[likwid-pin] Main PID -> core 0 - OK[0m
