[1;34m[pthread wrapper] 
[0m[1;34m[pthread wrapper] MAIN -> 0
[0m[1;34m[pthread wrapper] PIN_MASK: [0m[1;34m0->1  [0m[1;34m1->2  [0m[1;34m2->3  [0m[1;34m3->4  [0m[1;34m4->10  [0m[1;34m5->11  [0m[1;34m6->12  [0m[1;34m7->13  [0m[1;34m8->14  [0m[1;34m
[pthread wrapper] SKIP MASK: 0x0
[0m[1;34m	threadid 47181025679104 -> core 1 - OK[0m[1;34m
[0m[1;34m	threadid 47181027780352 -> core 2 - OK[0m[1;34m
[0m[1;34m	threadid 47181029881600 -> core 3 - OK[0m[1;34m
[0m[1;34m	threadid 47181031982848 -> core 4 - OK[0m[1;34m
[0m[1;34m	threadid 47181034084096 -> core 10 - OK[0m[1;34m
[0m[1;34m	threadid 47181036185344 -> core 11 - OK[0m[1;34m
[0m[1;34m	threadid 47181038286592 -> core 12 - OK[0m[1;34m
[0m[1;34m	threadid 47181040387840 -> core 13 - OK[0m[1;34m
[0m[1;34m	threadid 47181042489088 -> core 14 - OK[0m[1;34m
[0miterations: 200
Total iterations: 1790412800 LUP
FLOP: 89
Total work: 159346739200 FLOP
performance: 0.333873 GLUP/s
Performance in GFLOP/s: 29.714705
size: 9000000
time: 5.362555
[1;34m[pthread wrapper] 
[0m[1;34m[pthread wrapper] MAIN -> 0
[0m[1;34m[pthread wrapper] PIN_MASK: [0m[1;34m0->1  [0m[1;34m1->2  [0m[1;34m2->3  [0m[1;34m3->4  [0m[1;34m4->10  [0m[1;34m5->11  [0m[1;34m6->12  [0m[1;34m7->13  [0m[1;34m8->14  [0m[1;34m
[pthread wrapper] SKIP MASK: 0x0
[0m[1;34m	threadid 47803971659520 -> core 1 - OK[0m[1;34m
[0m[1;34m	threadid 47803973760768 -> core 2 - OK[0m[1;34m
[0m[1;34m	threadid 47803975862016 -> core 3 - OK[0m[1;34m
[0m[1;34m	threadid 47803977963264 -> core 4 - OK[0m[1;34m
[0m[1;34m	threadid 47803980064512 -> core 10 - OK[0m[1;34m
[0m[1;34m	threadid 47803982165760 -> core 11 - OK[0m[1;34m
[0m[1;34m	threadid 47803984267008 -> core 12 - OK[0m[1;34m
[0m[1;34m	threadid 47803986368256 -> core 13 - OK[0m[1;34m
[0m[1;34m	threadid 47803988469504 -> core 14 - OK[0m[1;34m
[0miterations: 200
Total iterations: 1790412800 LUP
FLOP: 89
Total work: 159346739200 FLOP
performance: 0.334142 GLUP/s
Performance in GFLOP/s: 29.738618
size: 9000000
time: 5.358243
[1;34m[pthread wrapper] 
[0m[1;34m[pthread wrapper] MAIN -> 0
[0m[1;34m[pthread wrapper] PIN_MASK: [0m[1;34m0->1  [0m[1;34m1->2  [0m[1;34m2->3  [0m[1;34m3->4  [0m[1;34m4->10  [0m[1;34m5->11  [0m[1;34m6->12  [0m[1;34m7->13  [0m[1;34m8->14  [0m[1;34m
[pthread wrapper] SKIP MASK: 0x0
[0m[1;34m	threadid 47301210240768 -> core 1 - OK[0m[1;34m
[0m[1;34m	threadid 47301212342016 -> core 2 - OK[0m[1;34m
[0m[1;34m	threadid 47301214443264 -> core 3 - OK[0m[1;34m
[0m[1;34m	threadid 47301216544512 -> core 4 - OK[0m[1;34m
[0m[1;34m	threadid 47301218645760 -> core 10 - OK[0m[1;34m
[0m[1;34m	threadid 47301220747008 -> core 11 - OK[0m[1;34m
[0m[1;34m	threadid 47301222848256 -> core 12 - OK[0m[1;34m
[0m[1;34m	threadid 47301224949504 -> core 13 - OK[0m[1;34m
[0m[1;34m	threadid 47301227050752 -> core 14 - OK[0m[1;34m
[0miterations: 200
Total iterations: 1790412800 LUP
FLOP: 89
Total work: 159346739200 FLOP
performance: 0.334120 GLUP/s
Performance in GFLOP/s: 29.736642
size: 9000000
time: 5.358599
[1;34m[pthread wrapper] 
[0m[1;34m[pthread wrapper] MAIN -> 0
[0m[1;34m[pthread wrapper] PIN_MASK: [0m[1;34m0->1  [0m[1;34m1->2  [0m[1;34m2->3  [0m[1;34m3->4  [0m[1;34m4->10  [0m[1;34m5->11  [0m[1;34m6->12  [0m[1;34m7->13  [0m[1;34m8->14  [0m[1;34m
[pthread wrapper] SKIP MASK: 0x0
[0m[1;34m	threadid 47091847108352 -> core 1 - OK[0m[1;34m
[0m[1;34m	threadid 47091849209600 -> core 2 - OK[0m[1;34m
[0m[1;34m	threadid 47091851310848 -> core 3 - OK[0m[1;34m
[0m[1;34m	threadid 47091853412096 -> core 4 - OK[0m[1;34m
[0m[1;34m	threadid 47091855513344 -> core 10 - OK[0m[1;34m
[0m[1;34m	threadid 47091857614592 -> core 11 - OK[0m[1;34m
[0m[1;34m	threadid 47091859715840 -> core 12 - OK[0m[1;34m
[0m[1;34m	threadid 47091861817088 -> core 13 - OK[0m[1;34m
[0m[1;34m	threadid 47091863918336 -> core 14 - OK[0m[1;34m
[0miterations: 200
Total iterations: 1790412800 LUP
FLOP: 89
Total work: 159346739200 FLOP
performance: 0.334245 GLUP/s
Performance in GFLOP/s: 29.747789
size: 9000000
time: 5.356591
[1;34m[pthread wrapper] 
[0m[1;34m[pthread wrapper] MAIN -> 0
[0m[1;34m[pthread wrapper] PIN_MASK: [0m[1;34m0->1  [0m[1;34m1->2  [0m[1;34m2->3  [0m[1;34m3->4  [0m[1;34m4->10  [0m[1;34m5->11  [0m[1;34m6->12  [0m[1;34m7->13  [0m[1;34m8->14  [0m[1;34m
[pthread wrapper] SKIP MASK: 0x0
[0m[1;34m	threadid 47090597390080 -> core 1 - OK[0m[1;34m
[0m[1;34m	threadid 47090599491328 -> core 2 - OK[0m[1;34m
[0m[1;34m	threadid 47090601592576 -> core 3 - OK[0m[1;34m
[0m[1;34m	threadid 47090603693824 -> core 4 - OK[0m[1;34m
[0m[1;34m	threadid 47090605795072 -> core 10 - OK[0m[1;34m
[0m[1;34m	threadid 47090607896320 -> core 11 - OK[0m[1;34m
[0m[1;34m	threadid 47090609997568 -> core 12 - OK[0m[1;34m
[0m[1;34m	threadid 47090612098816 -> core 13 - OK[0m[1;34m
[0m[1;34m	threadid 47090614200064 -> core 14 - OK[0m[1;34m
[0miterations: 200
Total iterations: 1790412800 LUP
FLOP: 89
Total work: 159346739200 FLOP
performance: 0.334255 GLUP/s
Performance in GFLOP/s: 29.748700
size: 9000000
time: 5.356427
[1;34m[pthread wrapper] 
[0m[1;34m[pthread wrapper] MAIN -> 0
[0m[1;34m[pthread wrapper] PIN_MASK: [0m[1;34m0->1  [0m[1;34m1->2  [0m[1;34m2->3  [0m[1;34m3->4  [0m[1;34m4->10  [0m[1;34m5->11  [0m[1;34m6->12  [0m[1;34m7->13  [0m[1;34m8->14  [0m[1;34m
[pthread wrapper] SKIP MASK: 0x0
[0m[1;34m	threadid 47978901600000 -> core 1 - OK[0m[1;34m
[0m[1;34m	threadid 47978903701248 -> core 2 - OK[0m[1;34m
[0m[1;34m	threadid 47978905802496 -> core 3 - OK[0m[1;34m
[0m[1;34m	threadid 47978907903744 -> core 4 - OK[0m[1;34m
[0m[1;34m	threadid 47978910004992 -> core 10 - OK[0m[1;34m
[0m[1;34m	threadid 47978912106240 -> core 11 - OK[0m[1;34m
[0m[1;34m	threadid 47978914207488 -> core 12 - OK[0m[1;34m
[0m[1;34m	threadid 47978916308736 -> core 13 - OK[0m[1;34m
[0m[1;34m	threadid 47978918409984 -> core 14 - OK[0m[1;34m
[0miterations: 200
Total iterations: 1790412800 LUP
FLOP: 89
Total work: 159346739200 FLOP
performance: 0.334070 GLUP/s
Performance in GFLOP/s: 29.732203
size: 9000000
time: 5.359399
[1;34m[pthread wrapper] 
[0m[1;34m[pthread wrapper] MAIN -> 0
[0m[1;34m[pthread wrapper] PIN_MASK: [0m[1;34m0->1  [0m[1;34m1->2  [0m[1;34m2->3  [0m[1;34m3->4  [0m[1;34m4->10  [0m[1;34m5->11  [0m[1;34m6->12  [0m[1;34m7->13  [0m[1;34m8->14  [0m[1;34m
[pthread wrapper] SKIP MASK: 0x0
[0m[1;34m	threadid 47462204241664 -> core 1 - OK[0m[1;34m
[0m[1;34m	threadid 47462206342912 -> core 2 - OK[0m[1;34m
[0m[1;34m	threadid 47462208444160 -> core 3 - OK[0m[1;34m
[0m[1;34m	threadid 47462210545408 -> core 4 - OK[0m[1;34m
[0m[1;34m	threadid 47462212646656 -> core 10 - OK[0m[1;34m
[0m[1;34m	threadid 47462214747904 -> core 11 - OK[0m[1;34m
[0m[1;34m	threadid 47462216849152 -> core 12 - OK[0m[1;34m
[0m[1;34m	threadid 47462218950400 -> core 13 - OK[0m[1;34m
[0m[1;34m	threadid 47462221051648 -> core 14 - OK[0m[1;34m
[0miterations: 200
Total iterations: 1790412800 LUP
FLOP: 89
Total work: 159346739200 FLOP
performance: 0.334111 GLUP/s
Performance in GFLOP/s: 29.735893
size: 9000000
time: 5.358734
[1;34m[pthread wrapper] 
[0m[1;34m[pthread wrapper] MAIN -> 0
[0m[1;34m[pthread wrapper] PIN_MASK: [0m[1;34m0->1  [0m[1;34m1->2  [0m[1;34m2->3  [0m[1;34m3->4  [0m[1;34m4->10  [0m[1;34m5->11  [0m[1;34m6->12  [0m[1;34m7->13  [0m[1;34m8->14  [0m[1;34m
[pthread wrapper] SKIP MASK: 0x0
[0m[1;34m	threadid 47808525920000 -> core 1 - OK[0m[1;34m
[0m[1;34m	threadid 47808528021248 -> core 2 - OK[0m[1;34m
[0m[1;34m	threadid 47808530122496 -> core 3 - OK[0m[1;34m
[0m[1;34m	threadid 47808532223744 -> core 4 - OK[0m[1;34m
[0m[1;34m	threadid 47808534324992 -> core 10 - OK[0m[1;34m
[0m[1;34m	threadid 47808536426240 -> core 11 - OK[0m[1;34m
[0m[1;34m	threadid 47808538527488 -> core 12 - OK[0m[1;34m
[0m[1;34m	threadid 47808540628736 -> core 13 - OK[0m[1;34m
[0m[1;34m	threadid 47808542729984 -> core 14 - OK[0m[1;34m
[0miterations: 200
Total iterations: 1790412800 LUP
FLOP: 89
Total work: 159346739200 FLOP
performance: 0.334075 GLUP/s
Performance in GFLOP/s: 29.732647
size: 9000000
time: 5.359319
[1;34m[pthread wrapper] 
[0m[1;34m[pthread wrapper] MAIN -> 0
[0m[1;34m[pthread wrapper] PIN_MASK: [0m[1;34m0->1  [0m[1;34m1->2  [0m[1;34m2->3  [0m[1;34m3->4  [0m[1;34m4->10  [0m[1;34m5->11  [0m[1;34m6->12  [0m[1;34m7->13  [0m[1;34m8->14  [0m[1;34m
[pthread wrapper] SKIP MASK: 0x0
[0m[1;34m	threadid 47263546017536 -> core 1 - OK[0m[1;34m
[0m[1;34m	threadid 47263548118784 -> core 2 - OK[0m[1;34m
[0m[1;34m	threadid 47263550220032 -> core 3 - OK[0m[1;34m
[0m[1;34m	threadid 47263552321280 -> core 4 - OK[0m[1;34m
[0m[1;34m	threadid 47263554422528 -> core 10 - OK[0m[1;34m
[0m[1;34m	threadid 47263556523776 -> core 11 - OK[0m[1;34m
[0m[1;34m	threadid 47263558625024 -> core 12 - OK[0m[1;34m
[0m[1;34m	threadid 47263560726272 -> core 13 - OK[0m[1;34m
[0m[1;34m	threadid 47263562827520 -> core 14 - OK[0m[1;34m
[0miterations: 200
Total iterations: 1790412800 LUP
FLOP: 89
Total work: 159346739200 FLOP
performance: 0.334204 GLUP/s
Performance in GFLOP/s: 29.744163
size: 9000000
time: 5.357244
[1;34m[pthread wrapper] 
[0m[1;34m[pthread wrapper] MAIN -> 0
[0m[1;34m[pthread wrapper] PIN_MASK: [0m[1;34m0->1  [0m[1;34m1->2  [0m[1;34m2->3  [0m[1;34m3->4  [0m[1;34m4->10  [0m[1;34m5->11  [0m[1;34m6->12  [0m[1;34m7->13  [0m[1;34m8->14  [0m[1;34m
[pthread wrapper] SKIP MASK: 0x0
[0m[1;34m	threadid 47113300707072 -> core 1 - OK[0m[1;34m
[0m[1;34m	threadid 47113302808320 -> core 2 - OK[0m[1;34m
[0m[1;34m	threadid 47113304909568 -> core 3 - OK[0m[1;34m
[0m[1;34m	threadid 47113307010816 -> core 4 - OK[0m[1;34m
[0m[1;34m	threadid 47113309112064 -> core 10 - OK[0m[1;34m
[0m[1;34m	threadid 47113311213312 -> core 11 - OK[0m[1;34m
[0m[1;34m	threadid 47113313314560 -> core 12 - OK[0m[1;34m
[0m[1;34m	threadid 47113315415808 -> core 13 - OK[0m[1;34m
[0m[1;34m	threadid 47113317517056 -> core 14 - OK[0m[1;34m
[0miterations: 200
Total iterations: 1790412800 LUP
FLOP: 89
Total work: 159346739200 FLOP
performance: 0.334216 GLUP/s
Performance in GFLOP/s: 29.745234
size: 9000000
time: 5.357051
