iterations: 120
Total iterations: 1074247680 LUP
FLOP: 89
Total work: 95608043520 FLOP
performance: 0.034036 GLUP/s
Performance in GFLOP/s: 3.029213
size: 9000000
time: 31.562009
iterations: 120
Total iterations: 1074247680 LUP
FLOP: 89
Total work: 95608043520 FLOP
performance: 0.034031 GLUP/s
Performance in GFLOP/s: 3.028753
size: 9000000
time: 31.566805
iterations: 120
Total iterations: 1074247680 LUP
FLOP: 89
Total work: 95608043520 FLOP
performance: 0.034042 GLUP/s
Performance in GFLOP/s: 3.029747
size: 9000000
time: 31.556444
iterations: 120
Total iterations: 1074247680 LUP
FLOP: 89
Total work: 95608043520 FLOP
performance: 0.034028 GLUP/s
Performance in GFLOP/s: 3.028487
size: 9000000
time: 31.569575
iterations: 120
Total iterations: 1074247680 LUP
FLOP: 89
Total work: 95608043520 FLOP
performance: 0.034043 GLUP/s
Performance in GFLOP/s: 3.029858
size: 9000000
time: 31.555293
iterations: 120
Total iterations: 1074247680 LUP
FLOP: 89
Total work: 95608043520 FLOP
performance: 0.034019 GLUP/s
Performance in GFLOP/s: 3.027712
size: 9000000
time: 31.577652
iterations: 120
Total iterations: 1074247680 LUP
FLOP: 89
Total work: 95608043520 FLOP
performance: 0.034038 GLUP/s
Performance in GFLOP/s: 3.029338
size: 9000000
time: 31.560708
iterations: 120
Total iterations: 1074247680 LUP
FLOP: 89
Total work: 95608043520 FLOP
performance: 0.034029 GLUP/s
Performance in GFLOP/s: 3.028620
size: 9000000
time: 31.568188
iterations: 120
Total iterations: 1074247680 LUP
FLOP: 89
Total work: 95608043520 FLOP
performance: 0.034049 GLUP/s
Performance in GFLOP/s: 3.030322
size: 9000000
time: 31.550454
iterations: 120
Total iterations: 1074247680 LUP
FLOP: 89
Total work: 95608043520 FLOP
performance: 0.034027 GLUP/s
Performance in GFLOP/s: 3.028376
size: 9000000
time: 31.570728
