iterations: 200
Total iterations: 48412800 LUP
FLOP: 89
Total work: 4308739200 FLOP
performance: 0.067041 GLUP/s
Performance in GFLOP/s: 5.966651
size: 250000
time: 0.722137
iterations: 200
Total iterations: 48412800 LUP
FLOP: 89
Total work: 4308739200 FLOP
performance: 0.067038 GLUP/s
Performance in GFLOP/s: 5.966344
size: 250000
time: 0.722174
iterations: 200
Total iterations: 48412800 LUP
FLOP: 89
Total work: 4308739200 FLOP
performance: 0.067038 GLUP/s
Performance in GFLOP/s: 5.966420
size: 250000
time: 0.722165
iterations: 200
Total iterations: 48412800 LUP
FLOP: 89
Total work: 4308739200 FLOP
performance: 0.067046 GLUP/s
Performance in GFLOP/s: 5.967055
size: 250000
time: 0.722088
iterations: 200
Total iterations: 48412800 LUP
FLOP: 89
Total work: 4308739200 FLOP
performance: 0.067033 GLUP/s
Performance in GFLOP/s: 5.965908
size: 250000
time: 0.722227
iterations: 200
Total iterations: 48412800 LUP
FLOP: 89
Total work: 4308739200 FLOP
performance: 0.067019 GLUP/s
Performance in GFLOP/s: 5.964717
size: 250000
time: 0.722371
iterations: 200
Total iterations: 48412800 LUP
FLOP: 89
Total work: 4308739200 FLOP
performance: 0.067038 GLUP/s
Performance in GFLOP/s: 5.966418
size: 250000
time: 0.722165
iterations: 200
Total iterations: 48412800 LUP
FLOP: 89
Total work: 4308739200 FLOP
performance: 0.067046 GLUP/s
Performance in GFLOP/s: 5.967122
size: 250000
time: 0.722080
iterations: 200
Total iterations: 48412800 LUP
FLOP: 89
Total work: 4308739200 FLOP
performance: 0.067035 GLUP/s
Performance in GFLOP/s: 5.966080
size: 250000
time: 0.722206
iterations: 200
Total iterations: 48412800 LUP
FLOP: 89
Total work: 4308739200 FLOP
performance: 0.067026 GLUP/s
Performance in GFLOP/s: 5.965347
size: 250000
time: 0.722295
