iterations: 100
Total iterations: 895206400 LUP
FLOP: 89
Total work: 79673369600 FLOP
performance: 0.351433 GLUP/s
Performance in GFLOP/s: 31.277502
size: 9000000
time: 2.547306
iterations: 100
Total iterations: 895206400 LUP
FLOP: 89
Total work: 79673369600 FLOP
performance: 0.555428 GLUP/s
Performance in GFLOP/s: 49.433108
size: 9000000
time: 1.611741
iterations: 100
Total iterations: 895206400 LUP
FLOP: 89
Total work: 79673369600 FLOP
performance: 0.332744 GLUP/s
Performance in GFLOP/s: 29.614245
size: 9000000
time: 2.690373
iterations: 100
Total iterations: 895206400 LUP
FLOP: 89
Total work: 79673369600 FLOP
performance: 0.413162 GLUP/s
Performance in GFLOP/s: 36.771437
size: 9000000
time: 2.166719
iterations: 100
Total iterations: 895206400 LUP
FLOP: 89
Total work: 79673369600 FLOP
performance: 0.628966 GLUP/s
Performance in GFLOP/s: 55.978001
size: 9000000
time: 1.423298
