[1;34m[pthread wrapper] 
[0m[1;34m[pthread wrapper] MAIN -> 0
[0m[1;34m[pthread wrapper] PIN_MASK: [0m[1;34m0->1  [0m[1;34m1->2  [0m[1;34m2->3  [0m[1;34m3->4  [0m[1;34m4->5  [0m[1;34m5->6  [0m[1;34m6->7  [0m[1;34m7->8  [0m[1;34m8->9  [0m[1;34m
[pthread wrapper] SKIP MASK: 0x0
[0m[1;34m	threadid 46959463794432 -> core 1 - OK[0m[1;34m
[0m[1;34m	threadid 46959465895680 -> core 2 - OK[0m[1;34m
[0m[1;34m	threadid 46959467996928 -> core 3 - OK[0m[1;34m
[0m[1;34m	threadid 46959470098176 -> core 4 - OK[0m[1;34m
[0m[1;34m	threadid 46959472199424 -> core 5 - OK[0m[1;34m
[0m[1;34m	threadid 46959474300672 -> core 6 - OK[0m[1;34m
[0m[1;34m	threadid 46959476401920 -> core 7 - OK[0m[1;34m
[0m[1;34m	threadid 46959478503168 -> core 8 - OK[0m[1;34m
[0m[1;34m	threadid 46959480604416 -> core 9 - OK[0m[1;34m
[0miterations: 200
Total iterations: 48412800 LUP
FLOP: 89
Total work: 4308739200 FLOP
performance: 0.265868 GLUP/s
Performance in GFLOP/s: 23.662281
size: 250000
time: 0.182093
[1;34m[pthread wrapper] 
[0m[1;34m[pthread wrapper] MAIN -> 0
[0m[1;34m[pthread wrapper] PIN_MASK: [0m[1;34m0->1  [0m[1;34m1->2  [0m[1;34m2->3  [0m[1;34m3->4  [0m[1;34m4->5  [0m[1;34m5->6  [0m[1;34m6->7  [0m[1;34m7->8  [0m[1;34m8->9  [0m[1;34m
[pthread wrapper] SKIP MASK: 0x0
[0m[1;34m	threadid 47529949210368 -> core 1 - OK[0m[1;34m
[0m[1;34m	threadid 47529951311616 -> core 2 - OK[0m[1;34m
[0m[1;34m	threadid 47529953412864 -> core 3 - OK[0m[1;34m
[0m[1;34m	threadid 47529955514112 -> core 4 - OK[0m[1;34m
[0m[1;34m	threadid 47529957615360 -> core 5 - OK[0m[1;34m
[0m[1;34m	threadid 47529959716608 -> core 6 - OK[0m[1;34m
[0m[1;34m	threadid 47529961817856 -> core 7 - OK[0m[1;34m
[0m[1;34m	threadid 47529963919104 -> core 8 - OK[0m[1;34m
[0m[1;34m	threadid 47529966020352 -> core 9 - OK[0m[1;34m
[0miterations: 200
Total iterations: 48412800 LUP
FLOP: 89
Total work: 4308739200 FLOP
performance: 0.265850 GLUP/s
Performance in GFLOP/s: 23.660609
size: 250000
time: 0.182106
[1;34m[pthread wrapper] 
[0m[1;34m[pthread wrapper] MAIN -> 0
[0m[1;34m[pthread wrapper] PIN_MASK: [0m[1;34m0->1  [0m[1;34m1->2  [0m[1;34m2->3  [0m[1;34m3->4  [0m[1;34m4->5  [0m[1;34m5->6  [0m[1;34m6->7  [0m[1;34m7->8  [0m[1;34m8->9  [0m[1;34m
[pthread wrapper] SKIP MASK: 0x0
[0m[1;34m	threadid 46997379430144 -> core 1 - OK[0m[1;34m
[0m[1;34m	threadid 46997381531392 -> core 2 - OK[0m[1;34m
[0m[1;34m	threadid 46997383632640 -> core 3 - OK[0m[1;34m
[0m[1;34m	threadid 46997385733888 -> core 4 - OK[0m[1;34m
[0m[1;34m	threadid 46997387835136 -> core 5 - OK[0m[1;34m
[0m[1;34m	threadid 46997389936384 -> core 6 - OK[0m[1;34m
[0m[1;34m	threadid 46997392037632 -> core 7 - OK[0m[1;34m
[0m[1;34m	threadid 46997394138880 -> core 8 - OK[0m[1;34m
[0m[1;34m	threadid 46997396240128 -> core 9 - OK[0m[1;34m
[0miterations: 200
Total iterations: 48412800 LUP
FLOP: 89
Total work: 4308739200 FLOP
performance: 0.265887 GLUP/s
Performance in GFLOP/s: 23.663985
size: 250000
time: 0.182080
[1;34m[pthread wrapper] 
[0m[1;34m[pthread wrapper] MAIN -> 0
[0m[1;34m[pthread wrapper] PIN_MASK: [0m[1;34m0->1  [0m[1;34m1->2  [0m[1;34m2->3  [0m[1;34m3->4  [0m[1;34m4->5  [0m[1;34m5->6  [0m[1;34m6->7  [0m[1;34m7->8  [0m[1;34m8->9  [0m[1;34m
[pthread wrapper] SKIP MASK: 0x0
[0m[1;34m	threadid 47673342494464 -> core 1 - OK[0m[1;34m
[0m[1;34m	threadid 47673344595712 -> core 2 - OK[0m[1;34m
[0m[1;34m	threadid 47673346696960 -> core 3 - OK[0m[1;34m
[0m[1;34m	threadid 47673348798208 -> core 4 - OK[0m[1;34m
[0m[1;34m	threadid 47673350899456 -> core 5 - OK[0m[1;34m
[0m[1;34m	threadid 47673353000704 -> core 6 - OK[0m[1;34m
[0m[1;34m	threadid 47673355101952 -> core 7 - OK[0m[1;34m
[0m[1;34m	threadid 47673357203200 -> core 8 - OK[0m[1;34m
[0m[1;34m	threadid 47673359304448 -> core 9 - OK[0m[1;34m
[0miterations: 200
Total iterations: 48412800 LUP
FLOP: 89
Total work: 4308739200 FLOP
performance: 0.265835 GLUP/s
Performance in GFLOP/s: 23.659308
size: 250000
time: 0.182116
[1;34m[pthread wrapper] 
[0m[1;34m[pthread wrapper] MAIN -> 0
[0m[1;34m[pthread wrapper] PIN_MASK: [0m[1;34m0->1  [0m[1;34m1->2  [0m[1;34m2->3  [0m[1;34m3->4  [0m[1;34m4->5  [0m[1;34m5->6  [0m[1;34m6->7  [0m[1;34m7->8  [0m[1;34m8->9  [0m[1;34m
[pthread wrapper] SKIP MASK: 0x0
[0m[1;34m	threadid 47186548791040 -> core 1 - OK[0m[1;34m
[0m[1;34m	threadid 47186550892288 -> core 2 - OK[0m[1;34m
[0m[1;34m	threadid 47186552993536 -> core 3 - OK[0m[1;34m
[0m[1;34m	threadid 47186555094784 -> core 4 - OK[0m[1;34m
[0m[1;34m	threadid 47186557196032 -> core 5 - OK[0m[1;34m
[0m[1;34m	threadid 47186559297280 -> core 6 - OK[0m[1;34m
[0m[1;34m	threadid 47186561398528 -> core 7 - OK[0m[1;34m
[0m[1;34m	threadid 47186563499776 -> core 8 - OK[0m[1;34m
[0m[1;34m	threadid 47186565601024 -> core 9 - OK[0m[1;34m
[0miterations: 200
Total iterations: 48412800 LUP
FLOP: 89
Total work: 4308739200 FLOP
performance: 0.265709 GLUP/s
Performance in GFLOP/s: 23.648131
size: 250000
time: 0.182202
[1;34m[pthread wrapper] 
[0m[1;34m[pthread wrapper] MAIN -> 0
[0m[1;34m[pthread wrapper] PIN_MASK: [0m[1;34m0->1  [0m[1;34m1->2  [0m[1;34m2->3  [0m[1;34m3->4  [0m[1;34m4->5  [0m[1;34m5->6  [0m[1;34m6->7  [0m[1;34m7->8  [0m[1;34m8->9  [0m[1;34m
[pthread wrapper] SKIP MASK: 0x0
[0m[1;34m	threadid 47831600883456 -> core 1 - OK[0m[1;34m
[0m[1;34m	threadid 47831602984704 -> core 2 - OK[0m[1;34m
[0m[1;34m	threadid 47831605085952 -> core 3 - OK[0m[1;34m
[0m[1;34m	threadid 47831607187200 -> core 4 - OK[0m[1;34m
[0m[1;34m	threadid 47831609288448 -> core 5 - OK[0m[1;34m
[0m[1;34m	threadid 47831611389696 -> core 6 - OK[0m[1;34m
[0m[1;34m	threadid 47831613490944 -> core 7 - OK[0m[1;34m
[0m[1;34m	threadid 47831615592192 -> core 8 - OK[0m[1;34m
[0m[1;34m	threadid 47831617693440 -> core 9 - OK[0m[1;34m
[0miterations: 200
Total iterations: 48412800 LUP
FLOP: 89
Total work: 4308739200 FLOP
performance: 0.265835 GLUP/s
Performance in GFLOP/s: 23.659308
size: 250000
time: 0.182116
[1;34m[pthread wrapper] 
[0m[1;34m[pthread wrapper] MAIN -> 0
[0m[1;34m[pthread wrapper] PIN_MASK: [0m[1;34m0->1  [0m[1;34m1->2  [0m[1;34m2->3  [0m[1;34m3->4  [0m[1;34m4->5  [0m[1;34m5->6  [0m[1;34m6->7  [0m[1;34m7->8  [0m[1;34m8->9  [0m[1;34m
[pthread wrapper] SKIP MASK: 0x0
[0m[1;34m	threadid 47244195526400 -> core 1 - OK[0m[1;34m
[0m[1;34m	threadid 47244197627648 -> core 2 - OK[0m[1;34m
[0m[1;34m	threadid 47244199728896 -> core 3 - OK[0m[1;34m
[0m[1;34m	threadid 47244201830144 -> core 4 - OK[0m[1;34m
[0m[1;34m	threadid 47244203931392 -> core 5 - OK[0m[1;34m
[0m[1;34m	threadid 47244206032640 -> core 6 - OK[0m[1;34m
[0m[1;34m	threadid 47244208133888 -> core 7 - OK[0m[1;34m
[0m[1;34m	threadid 47244210235136 -> core 8 - OK[0m[1;34m
[0m[1;34m	threadid 47244212336384 -> core 9 - OK[0m[1;34m
[0miterations: 200
Total iterations: 48412800 LUP
FLOP: 89
Total work: 4308739200 FLOP
performance: 0.265821 GLUP/s
Performance in GFLOP/s: 23.658038
size: 250000
time: 0.182126
[1;34m[pthread wrapper] 
[0m[1;34m[pthread wrapper] MAIN -> 0
[0m[1;34m[pthread wrapper] PIN_MASK: [0m[1;34m0->1  [0m[1;34m1->2  [0m[1;34m2->3  [0m[1;34m3->4  [0m[1;34m4->5  [0m[1;34m5->6  [0m[1;34m6->7  [0m[1;34m7->8  [0m[1;34m8->9  [0m[1;34m
[pthread wrapper] SKIP MASK: 0x0
[0m[1;34m	threadid 47942355093248 -> core 1 - OK[0m[1;34m
[0m[1;34m	threadid 47942357194496 -> core 2 - OK[0m[1;34m
[0m[1;34m	threadid 47942359295744 -> core 3 - OK[0m[1;34m
[0m[1;34m	threadid 47942361396992 -> core 4 - OK[0m[1;34m
[0m[1;34m	threadid 47942363498240 -> core 5 - OK[0m[1;34m
[0m[1;34m	threadid 47942365599488 -> core 6 - OK[0m[1;34m
[0m[1;34m	threadid 47942367700736 -> core 7 - OK[0m[1;34m
[0m[1;34m	threadid 47942369801984 -> core 8 - OK[0m[1;34m
[0m[1;34m	threadid 47942371903232 -> core 9 - OK[0m[1;34m
[0miterations: 200
Total iterations: 48412800 LUP
FLOP: 89
Total work: 4308739200 FLOP
performance: 0.265832 GLUP/s
Performance in GFLOP/s: 23.659060
size: 250000
time: 0.182118
[1;34m[pthread wrapper] 
[0m[1;34m[pthread wrapper] MAIN -> 0
[0m[1;34m[pthread wrapper] PIN_MASK: [0m[1;34m0->1  [0m[1;34m1->2  [0m[1;34m2->3  [0m[1;34m3->4  [0m[1;34m4->5  [0m[1;34m5->6  [0m[1;34m6->7  [0m[1;34m7->8  [0m[1;34m8->9  [0m[1;34m
[pthread wrapper] SKIP MASK: 0x0
[0m[1;34m	threadid 47991463241472 -> core 1 - OK[0m[1;34m
[0m[1;34m	threadid 47991465342720 -> core 2 - OK[0m[1;34m
[0m[1;34m	threadid 47991467443968 -> core 3 - OK[0m[1;34m
[0m[1;34m	threadid 47991469545216 -> core 4 - OK[0m[1;34m
[0m[1;34m	threadid 47991471646464 -> core 5 - OK[0m[1;34m
[0m[1;34m	threadid 47991473747712 -> core 6 - OK[0m[1;34m
[0m[1;34m	threadid 47991475848960 -> core 7 - OK[0m[1;34m
[0m[1;34m	threadid 47991477950208 -> core 8 - OK[0m[1;34m
[0m[1;34m	threadid 47991480051456 -> core 9 - OK[0m[1;34m
[0miterations: 200
Total iterations: 48412800 LUP
FLOP: 89
Total work: 4308739200 FLOP
performance: 0.265812 GLUP/s
Performance in GFLOP/s: 23.657232
size: 250000
time: 0.182132
[1;34m[pthread wrapper] 
[0m[1;34m[pthread wrapper] MAIN -> 0
[0m[1;34m[pthread wrapper] PIN_MASK: [0m[1;34m0->1  [0m[1;34m1->2  [0m[1;34m2->3  [0m[1;34m3->4  [0m[1;34m4->5  [0m[1;34m5->6  [0m[1;34m6->7  [0m[1;34m7->8  [0m[1;34m8->9  [0m[1;34m
[pthread wrapper] SKIP MASK: 0x0
[0m[1;34m	threadid 47023295383296 -> core 1 - OK[0m[1;34m
[0m[1;34m	threadid 47023297484544 -> core 2 - OK[0m[1;34m
[0m[1;34m	threadid 47023299585792 -> core 3 - OK[0m[1;34m
[0m[1;34m	threadid 47023301687040 -> core 4 - OK[0m[1;34m
[0m[1;34m	threadid 47023303788288 -> core 5 - OK[0m[1;34m
[0m[1;34m	threadid 47023305889536 -> core 6 - OK[0m[1;34m
[0m[1;34m	threadid 47023307990784 -> core 7 - OK[0m[1;34m
[0m[1;34m	threadid 47023310092032 -> core 8 - OK[0m[1;34m
[0m[1;34m	threadid 47023312193280 -> core 9 - OK[0m[1;34m
[0miterations: 200
Total iterations: 48412800 LUP
FLOP: 89
Total work: 4308739200 FLOP
performance: 0.265724 GLUP/s
Performance in GFLOP/s: 23.649431
size: 250000
time: 0.182192
