[1;34m[pthread wrapper] 
[0m[1;34m[pthread wrapper] MAIN -> 0
[0m[1;34m[pthread wrapper] PIN_MASK: [0m[1;34m0->1  [0m[1;34m1->2  [0m[1;34m2->3  [0m[1;34m3->4  [0m[1;34m4->5  [0m[1;34m
[pthread wrapper] SKIP MASK: 0x0
[0m[1;34m	threadid 47954166658816 -> core 1 - OK[0m[1;34m
[0m[1;34m	threadid 47954168760064 -> core 2 - OK[0m[1;34m
[0m[1;34m	threadid 47954170861312 -> core 3 - OK[0m[1;34m
[0m[1;34m	threadid 47954172962560 -> core 4 - OK[0m[1;34m
[0m[1;34m	threadid 47954175063808 -> core 5 - OK[0m[1;34m
[0miterations: 120
Total iterations: 1074247680 LUP
FLOP: 89
Total work: 95608043520 FLOP
performance: 0.199164 GLUP/s
Performance in GFLOP/s: 17.725585
size: 9000000
time: 5.393788
[1;34m[pthread wrapper] 
[0m[1;34m[pthread wrapper] MAIN -> 0
[0m[1;34m[pthread wrapper] PIN_MASK: [0m[1;34m0->1  [0m[1;34m1->2  [0m[1;34m2->3  [0m[1;34m3->4  [0m[1;34m4->5  [0m[1;34m
[pthread wrapper] SKIP MASK: 0x0
[0m[1;34m	threadid 47472159897344 -> core 1 - OK[0m[1;34m
[0m[1;34m	threadid 47472161998592 -> core 2 - OK[0m[1;34m
[0m[1;34m	threadid 47472164099840 -> core 3 - OK[0m[1;34m
[0m[1;34m	threadid 47472166201088 -> core 4 - OK[0m[1;34m
[0m[1;34m	threadid 47472168302336 -> core 5 - OK[0m[1;34m
[0miterations: 120
Total iterations: 1074247680 LUP
FLOP: 89
Total work: 95608043520 FLOP
performance: 0.199200 GLUP/s
Performance in GFLOP/s: 17.728812
size: 9000000
time: 5.392806
[1;34m[pthread wrapper] 
[0m[1;34m[pthread wrapper] MAIN -> 0
[0m[1;34m[pthread wrapper] PIN_MASK: [0m[1;34m0->1  [0m[1;34m1->2  [0m[1;34m2->3  [0m[1;34m3->4  [0m[1;34m4->5  [0m[1;34m
[pthread wrapper] SKIP MASK: 0x0
[0m[1;34m	threadid 47519381903104 -> core 1 - OK[0m[1;34m
[0m[1;34m	threadid 47519384004352 -> core 2 - OK[0m[1;34m
[0m[1;34m	threadid 47519386105600 -> core 3 - OK[0m[1;34m
[0m[1;34m	threadid 47519388206848 -> core 4 - OK[0m[1;34m
[0m[1;34m	threadid 47519390308096 -> core 5 - OK[0m[1;34m
[0miterations: 120
Total iterations: 1074247680 LUP
FLOP: 89
Total work: 95608043520 FLOP
performance: 0.199135 GLUP/s
Performance in GFLOP/s: 17.723028
size: 9000000
time: 5.394566
[1;34m[pthread wrapper] 
[0m[1;34m[pthread wrapper] MAIN -> 0
[0m[1;34m[pthread wrapper] PIN_MASK: [0m[1;34m0->1  [0m[1;34m1->2  [0m[1;34m2->3  [0m[1;34m3->4  [0m[1;34m4->5  [0m[1;34m
[pthread wrapper] SKIP MASK: 0x0
[0m[1;34m	threadid 47650973742848 -> core 1 - OK[0m[1;34m
[0m[1;34m	threadid 47650975844096 -> core 2 - OK[0m[1;34m
[0m[1;34m	threadid 47650977945344 -> core 3 - OK[0m[1;34m
[0m[1;34m	threadid 47650980046592 -> core 4 - OK[0m[1;34m
[0m[1;34m	threadid 47650982147840 -> core 5 - OK[0m[1;34m
[0miterations: 120
Total iterations: 1074247680 LUP
FLOP: 89
Total work: 95608043520 FLOP
performance: 0.199169 GLUP/s
Performance in GFLOP/s: 17.726015
size: 9000000
time: 5.393657
[1;34m[pthread wrapper] 
[0m[1;34m[pthread wrapper] MAIN -> 0
[0m[1;34m[pthread wrapper] PIN_MASK: [0m[1;34m0->1  [0m[1;34m1->2  [0m[1;34m2->3  [0m[1;34m3->4  [0m[1;34m4->5  [0m[1;34m
[pthread wrapper] SKIP MASK: 0x0
[0m[1;34m	threadid 47547802572544 -> core 1 - OK[0m[1;34m
[0m[1;34m	threadid 47547804673792 -> core 2 - OK[0m[1;34m
[0m[1;34m	threadid 47547806775040 -> core 3 - OK[0m[1;34m
[0m[1;34m	threadid 47547808876288 -> core 4 - OK[0m[1;34m
[0m[1;34m	threadid 47547810977536 -> core 5 - OK[0m[1;34m
[0miterations: 120
Total iterations: 1074247680 LUP
FLOP: 89
Total work: 95608043520 FLOP
performance: 0.199149 GLUP/s
Performance in GFLOP/s: 17.724283
size: 9000000
time: 5.394184
[1;34m[pthread wrapper] 
[0m[1;34m[pthread wrapper] MAIN -> 0
[0m[1;34m[pthread wrapper] PIN_MASK: [0m[1;34m0->1  [0m[1;34m1->2  [0m[1;34m2->3  [0m[1;34m3->4  [0m[1;34m4->5  [0m[1;34m
[pthread wrapper] SKIP MASK: 0x0
[0m[1;34m	threadid 47327508125440 -> core 1 - OK[0m[1;34m
[0m[1;34m	threadid 47327510226688 -> core 2 - OK[0m[1;34m
[0m[1;34m	threadid 47327512327936 -> core 3 - OK[0m[1;34m
[0m[1;34m	threadid 47327514429184 -> core 4 - OK[0m[1;34m
[0m[1;34m	threadid 47327516530432 -> core 5 - OK[0m[1;34m
[0miterations: 120
Total iterations: 1074247680 LUP
FLOP: 89
Total work: 95608043520 FLOP
performance: 0.199187 GLUP/s
Performance in GFLOP/s: 17.727678
size: 9000000
time: 5.393151
[1;34m[pthread wrapper] 
[0m[1;34m[pthread wrapper] MAIN -> 0
[0m[1;34m[pthread wrapper] PIN_MASK: [0m[1;34m0->1  [0m[1;34m1->2  [0m[1;34m2->3  [0m[1;34m3->4  [0m[1;34m4->5  [0m[1;34m
[pthread wrapper] SKIP MASK: 0x0
[0m[1;34m	threadid 47780969506560 -> core 1 - OK[0m[1;34m
[0m[1;34m	threadid 47780971607808 -> core 2 - OK[0m[1;34m
[0m[1;34m	threadid 47780973709056 -> core 3 - OK[0m[1;34m
[0m[1;34m	threadid 47780975810304 -> core 4 - OK[0m[1;34m
[0m[1;34m	threadid 47780977911552 -> core 5 - OK[0m[1;34m
[0miterations: 120
Total iterations: 1074247680 LUP
FLOP: 89
Total work: 95608043520 FLOP
performance: 0.199183 GLUP/s
Performance in GFLOP/s: 17.727297
size: 9000000
time: 5.393267
[1;34m[pthread wrapper] 
[0m[1;34m[pthread wrapper] MAIN -> 0
[0m[1;34m[pthread wrapper] PIN_MASK: [0m[1;34m0->1  [0m[1;34m1->2  [0m[1;34m2->3  [0m[1;34m3->4  [0m[1;34m4->5  [0m[1;34m
[pthread wrapper] SKIP MASK: 0x0
[0m[1;34m	threadid 47471934232320 -> core 1 - OK[0m[1;34m
[0m[1;34m	threadid 47471936333568 -> core 2 - OK[0m[1;34m
[0m[1;34m	threadid 47471938434816 -> core 3 - OK[0m[1;34m
[0m[1;34m	threadid 47471940536064 -> core 4 - OK[0m[1;34m
[0m[1;34m	threadid 47471942637312 -> core 5 - OK[0m[1;34m
[0miterations: 120
Total iterations: 1074247680 LUP
FLOP: 89
Total work: 95608043520 FLOP
performance: 0.199129 GLUP/s
Performance in GFLOP/s: 17.722457
size: 9000000
time: 5.394740
[1;34m[pthread wrapper] 
[0m[1;34m[pthread wrapper] MAIN -> 0
[0m[1;34m[pthread wrapper] PIN_MASK: [0m[1;34m0->1  [0m[1;34m1->2  [0m[1;34m2->3  [0m[1;34m3->4  [0m[1;34m4->5  [0m[1;34m
[pthread wrapper] SKIP MASK: 0x0
[0m[1;34m	threadid 47654454740736 -> core 1 - OK[0m[1;34m
[0m[1;34m	threadid 47654456841984 -> core 2 - OK[0m[1;34m
[0m[1;34m	threadid 47654458943232 -> core 3 - OK[0m[1;34m
[0m[1;34m	threadid 47654461044480 -> core 4 - OK[0m[1;34m
[0m[1;34m	threadid 47654463145728 -> core 5 - OK[0m[1;34m
[0miterations: 120
Total iterations: 1074247680 LUP
FLOP: 89
Total work: 95608043520 FLOP
performance: 0.199210 GLUP/s
Performance in GFLOP/s: 17.729667
size: 9000000
time: 5.392546
[1;34m[pthread wrapper] 
[0m[1;34m[pthread wrapper] MAIN -> 0
[0m[1;34m[pthread wrapper] PIN_MASK: [0m[1;34m0->1  [0m[1;34m1->2  [0m[1;34m2->3  [0m[1;34m3->4  [0m[1;34m4->5  [0m[1;34m
[pthread wrapper] SKIP MASK: 0x0
[0m[1;34m	threadid 47992564229888 -> core 1 - OK[0m[1;34m
[0m[1;34m	threadid 47992566331136 -> core 2 - OK[0m[1;34m
[0m[1;34m	threadid 47992568432384 -> core 3 - OK[0m[1;34m
[0m[1;34m	threadid 47992570533632 -> core 4 - OK[0m[1;34m
[0m[1;34m	threadid 47992572634880 -> core 5 - OK[0m[1;34m
[0miterations: 120
Total iterations: 1074247680 LUP
FLOP: 89
Total work: 95608043520 FLOP
performance: 0.199113 GLUP/s
Performance in GFLOP/s: 17.721027
size: 9000000
time: 5.395175
