[1;34m[pthread wrapper] 
[0m[1;34m[pthread wrapper] MAIN -> 0
[0m[1;34m[pthread wrapper] PIN_MASK: [0m[1;34m0->1  [0m[1;34m1->2  [0m[1;34m2->3  [0m[1;34m
[pthread wrapper] SKIP MASK: 0x0
[0m[1;34m	threadid 47127387092736 -> core 1 - OK[0m[1;34m
[0m[1;34m	threadid 47127389193984 -> core 2 - OK[0m[1;34m
[0m[1;34m	threadid 47127391295232 -> core 3 - OK[0m[1;34m
[0miterations: 200
Total iterations: 1790412800 LUP
FLOP: 89
Total work: 159346739200 FLOP
performance: 0.135699 GLUP/s
Performance in GFLOP/s: 12.077202
size: 9000000
time: 13.194011
[1;34m[pthread wrapper] 
[0m[1;34m[pthread wrapper] MAIN -> 0
[0m[1;34m[pthread wrapper] PIN_MASK: [0m[1;34m0->1  [0m[1;34m1->2  [0m[1;34m2->3  [0m[1;34m
[pthread wrapper] SKIP MASK: 0x0
[0m[1;34m	threadid 46985435227904 -> core 1 - OK[0m[1;34m
[0m[1;34m	threadid 46985437329152 -> core 2 - OK[0m[1;34m
[0m[1;34m	threadid 46985439430400 -> core 3 - OK[0m[1;34m
[0miterations: 200
Total iterations: 1790412800 LUP
FLOP: 89
Total work: 159346739200 FLOP
performance: 0.135708 GLUP/s
Performance in GFLOP/s: 12.077970
size: 9000000
time: 13.193172
[1;34m[pthread wrapper] 
[0m[1;34m[pthread wrapper] MAIN -> 0
[0m[1;34m[pthread wrapper] PIN_MASK: [0m[1;34m0->1  [0m[1;34m1->2  [0m[1;34m2->3  [0m[1;34m
[pthread wrapper] SKIP MASK: 0x0
[0m[1;34m	threadid 46966163592960 -> core 1 - OK[0m[1;34m
[0m[1;34m	threadid 46966165694208 -> core 2 - OK[0m[1;34m
[0m[1;34m	threadid 46966167795456 -> core 3 - OK[0m[1;34m
[0miterations: 200
Total iterations: 1790412800 LUP
FLOP: 89
Total work: 159346739200 FLOP
performance: 0.135690 GLUP/s
Performance in GFLOP/s: 12.076375
size: 9000000
time: 13.194915
[1;34m[pthread wrapper] 
[0m[1;34m[pthread wrapper] MAIN -> 0
[0m[1;34m[pthread wrapper] PIN_MASK: [0m[1;34m0->1  [0m[1;34m1->2  [0m[1;34m2->3  [0m[1;34m
[pthread wrapper] SKIP MASK: 0x0
[0m[1;34m	threadid 47733764622080 -> core 1 - OK[0m[1;34m
[0m[1;34m	threadid 47733766723328 -> core 2 - OK[0m[1;34m
[0m[1;34m	threadid 47733768824576 -> core 3 - OK[0m[1;34m
[0miterations: 200
Total iterations: 1790412800 LUP
FLOP: 89
Total work: 159346739200 FLOP
performance: 0.135703 GLUP/s
Performance in GFLOP/s: 12.077565
size: 9000000
time: 13.193615
[1;34m[pthread wrapper] 
[0m[1;34m[pthread wrapper] MAIN -> 0
[0m[1;34m[pthread wrapper] PIN_MASK: [0m[1;34m0->1  [0m[1;34m1->2  [0m[1;34m2->3  [0m[1;34m
[pthread wrapper] SKIP MASK: 0x0
[0m[1;34m	threadid 47745598306048 -> core 1 - OK[0m[1;34m
[0m[1;34m	threadid 47745600407296 -> core 2 - OK[0m[1;34m
[0m[1;34m	threadid 47745602508544 -> core 3 - OK[0m[1;34m
[0miterations: 200
Total iterations: 1790412800 LUP
FLOP: 89
Total work: 159346739200 FLOP
performance: 0.135715 GLUP/s
Performance in GFLOP/s: 12.078628
size: 9000000
time: 13.192454
[1;34m[pthread wrapper] 
[0m[1;34m[pthread wrapper] MAIN -> 0
[0m[1;34m[pthread wrapper] PIN_MASK: [0m[1;34m0->1  [0m[1;34m1->2  [0m[1;34m2->3  [0m[1;34m
[pthread wrapper] SKIP MASK: 0x0
[0m[1;34m	threadid 47672973289216 -> core 1 - OK[0m[1;34m
[0m[1;34m	threadid 47672975390464 -> core 2 - OK[0m[1;34m
[0m[1;34m	threadid 47672977491712 -> core 3 - OK[0m[1;34m
[0miterations: 200
Total iterations: 1790412800 LUP
FLOP: 89
Total work: 159346739200 FLOP
performance: 0.135703 GLUP/s
Performance in GFLOP/s: 12.077598
size: 9000000
time: 13.193579
[1;34m[pthread wrapper] 
[0m[1;34m[pthread wrapper] MAIN -> 0
[0m[1;34m[pthread wrapper] PIN_MASK: [0m[1;34m0->1  [0m[1;34m1->2  [0m[1;34m2->3  [0m[1;34m
[pthread wrapper] SKIP MASK: 0x0
[0m[1;34m	threadid 47194264446720 -> core 1 - OK[0m[1;34m
[0m[1;34m	threadid 47194266547968 -> core 2 - OK[0m[1;34m
[0m[1;34m	threadid 47194268649216 -> core 3 - OK[0m[1;34m
[0miterations: 200
Total iterations: 1790412800 LUP
FLOP: 89
Total work: 159346739200 FLOP
performance: 0.135709 GLUP/s
Performance in GFLOP/s: 12.078132
size: 9000000
time: 13.192996
[1;34m[pthread wrapper] 
[0m[1;34m[pthread wrapper] MAIN -> 0
[0m[1;34m[pthread wrapper] PIN_MASK: [0m[1;34m0->1  [0m[1;34m1->2  [0m[1;34m2->3  [0m[1;34m
[pthread wrapper] SKIP MASK: 0x0
[0m[1;34m	threadid 47897666823936 -> core 1 - OK[0m[1;34m
[0m[1;34m	threadid 47897668925184 -> core 2 - OK[0m[1;34m
[0m[1;34m	threadid 47897671026432 -> core 3 - OK[0m[1;34m
[0miterations: 200
Total iterations: 1790412800 LUP
FLOP: 89
Total work: 159346739200 FLOP
performance: 0.135669 GLUP/s
Performance in GFLOP/s: 12.074543
size: 9000000
time: 13.196917
[1;34m[pthread wrapper] 
[0m[1;34m[pthread wrapper] MAIN -> 0
[0m[1;34m[pthread wrapper] PIN_MASK: [0m[1;34m0->1  [0m[1;34m1->2  [0m[1;34m2->3  [0m[1;34m
[pthread wrapper] SKIP MASK: 0x0
[0m[1;34m	threadid 47354068514560 -> core 1 - OK[0m[1;34m
[0m[1;34m	threadid 47354070615808 -> core 2 - OK[0m[1;34m
[0m[1;34m	threadid 47354072717056 -> core 3 - OK[0m[1;34m
[0miterations: 200
Total iterations: 1790412800 LUP
FLOP: 89
Total work: 159346739200 FLOP
performance: 0.135707 GLUP/s
Performance in GFLOP/s: 12.077892
size: 9000000
time: 13.193257
[1;34m[pthread wrapper] 
[0m[1;34m[pthread wrapper] MAIN -> 0
[0m[1;34m[pthread wrapper] PIN_MASK: [0m[1;34m0->1  [0m[1;34m1->2  [0m[1;34m2->3  [0m[1;34m
[pthread wrapper] SKIP MASK: 0x0
[0m[1;34m	threadid 47923012159232 -> core 1 - OK[0m[1;34m
[0m[1;34m	threadid 47923014260480 -> core 2 - OK[0m[1;34m
[0m[1;34m	threadid 47923016361728 -> core 3 - OK[0m[1;34m
[0miterations: 200
Total iterations: 1790412800 LUP
FLOP: 89
Total work: 159346739200 FLOP
performance: 0.135706 GLUP/s
Performance in GFLOP/s: 12.077857
size: 9000000
time: 13.193296
