iterations: 120
Total iterations: 1074247680 LUP
FLOP: 89
Total work: 95608043520 FLOP
performance: 0.198033 GLUP/s
Performance in GFLOP/s: 17.624931
size: 9000000
time: 5.424591
iterations: 120
Total iterations: 1074247680 LUP
FLOP: 89
Total work: 95608043520 FLOP
performance: 0.197942 GLUP/s
Performance in GFLOP/s: 17.616838
size: 9000000
time: 5.427083
iterations: 120
Total iterations: 1074247680 LUP
FLOP: 89
Total work: 95608043520 FLOP
performance: 0.198018 GLUP/s
Performance in GFLOP/s: 17.623567
size: 9000000
time: 5.425011
iterations: 120
Total iterations: 1074247680 LUP
FLOP: 89
Total work: 95608043520 FLOP
performance: 0.197966 GLUP/s
Performance in GFLOP/s: 17.618988
size: 9000000
time: 5.426421
iterations: 120
Total iterations: 1074247680 LUP
FLOP: 89
Total work: 95608043520 FLOP
performance: 0.198027 GLUP/s
Performance in GFLOP/s: 17.624402
size: 9000000
time: 5.424754
iterations: 120
Total iterations: 1074247680 LUP
FLOP: 89
Total work: 95608043520 FLOP
performance: 0.197995 GLUP/s
Performance in GFLOP/s: 17.621582
size: 9000000
time: 5.425622
iterations: 120
Total iterations: 1074247680 LUP
FLOP: 89
Total work: 95608043520 FLOP
performance: 0.197927 GLUP/s
Performance in GFLOP/s: 17.615468
size: 9000000
time: 5.427505
iterations: 120
Total iterations: 1074247680 LUP
FLOP: 89
Total work: 95608043520 FLOP
performance: 0.197990 GLUP/s
Performance in GFLOP/s: 17.621107
size: 9000000
time: 5.425768
iterations: 120
Total iterations: 1074247680 LUP
FLOP: 89
Total work: 95608043520 FLOP
performance: 0.197963 GLUP/s
Performance in GFLOP/s: 17.618724
size: 9000000
time: 5.426502
iterations: 120
Total iterations: 1074247680 LUP
FLOP: 89
Total work: 95608043520 FLOP
performance: 0.198120 GLUP/s
Performance in GFLOP/s: 17.632690
size: 9000000
time: 5.422204
