[1;34m[pthread wrapper] 
[0m[1;34m[pthread wrapper] MAIN -> 0
[0m[1;34m[pthread wrapper] PIN_MASK: [0m[1;34m0->1  [0m[1;34m1->2  [0m[1;34m2->3  [0m[1;34m3->4  [0m[1;34m4->5  [0m[1;34m5->6  [0m[1;34m6->7  [0m[1;34m7->8  [0m[1;34m8->9  [0m[1;34m
[pthread wrapper] SKIP MASK: 0x0
[0m[1;34m	threadid 47687849219840 -> core 1 - OK[0m[1;34m
[0m[1;34m	threadid 47687851321088 -> core 2 - OK[0m[1;34m
[0m[1;34m	threadid 47687853422336 -> core 3 - OK[0m[1;34m
[0m[1;34m	threadid 47687855523584 -> core 4 - OK[0m[1;34m
[0m[1;34m	threadid 47687857624832 -> core 5 - OK[0m[1;34m
[0m[1;34m	threadid 47687859726080 -> core 6 - OK[0m[1;34m
[0m[1;34m	threadid 47687861827328 -> core 7 - OK[0m[1;34m
[0m[1;34m	threadid 47687863928576 -> core 8 - OK[0m[1;34m
[0m[1;34m	threadid 47687866029824 -> core 9 - OK[0m[1;34m
[0miterations: 120
Total iterations: 1074247680 LUP
FLOP: 89
Total work: 95608043520 FLOP
performance: 0.335238 GLUP/s
Performance in GFLOP/s: 29.836199
size: 9000000
time: 3.204431
[1;34m[pthread wrapper] 
[0m[1;34m[pthread wrapper] MAIN -> 0
[0m[1;34m[pthread wrapper] PIN_MASK: [0m[1;34m0->1  [0m[1;34m1->2  [0m[1;34m2->3  [0m[1;34m3->4  [0m[1;34m4->5  [0m[1;34m5->6  [0m[1;34m6->7  [0m[1;34m7->8  [0m[1;34m8->9  [0m[1;34m
[pthread wrapper] SKIP MASK: 0x0
[0m[1;34m	threadid 47090045060864 -> core 1 - OK[0m[1;34m
[0m[1;34m	threadid 47090047162112 -> core 2 - OK[0m[1;34m
[0m[1;34m	threadid 47090049263360 -> core 3 - OK[0m[1;34m
[0m[1;34m	threadid 47090051364608 -> core 4 - OK[0m[1;34m
[0m[1;34m	threadid 47090053465856 -> core 5 - OK[0m[1;34m
[0m[1;34m	threadid 47090055567104 -> core 6 - OK[0m[1;34m
[0m[1;34m	threadid 47090057668352 -> core 7 - OK[0m[1;34m
[0m[1;34m	threadid 47090059769600 -> core 8 - OK[0m[1;34m
[0m[1;34m	threadid 47090061870848 -> core 9 - OK[0m[1;34m
[0miterations: 120
Total iterations: 1074247680 LUP
FLOP: 89
Total work: 95608043520 FLOP
performance: 0.335235 GLUP/s
Performance in GFLOP/s: 29.835911
size: 9000000
time: 3.204462
[1;34m[pthread wrapper] 
[0m[1;34m[pthread wrapper] MAIN -> 0
[0m[1;34m[pthread wrapper] PIN_MASK: [0m[1;34m0->1  [0m[1;34m1->2  [0m[1;34m2->3  [0m[1;34m3->4  [0m[1;34m4->5  [0m[1;34m5->6  [0m[1;34m6->7  [0m[1;34m7->8  [0m[1;34m8->9  [0m[1;34m
[pthread wrapper] SKIP MASK: 0x0
[0m[1;34m	threadid 47390875404032 -> core 1 - OK[0m[1;34m
[0m[1;34m	threadid 47390877505280 -> core 2 - OK[0m[1;34m
[0m[1;34m	threadid 47390879606528 -> core 3 - OK[0m[1;34m
[0m[1;34m	threadid 47390881707776 -> core 4 - OK[0m[1;34m
[0m[1;34m	threadid 47390883809024 -> core 5 - OK[0m[1;34m
[0m[1;34m	threadid 47390885910272 -> core 6 - OK[0m[1;34m
[0m[1;34m	threadid 47390888011520 -> core 7 - OK[0m[1;34m
[0m[1;34m	threadid 47390890112768 -> core 8 - OK[0m[1;34m
[0m[1;34m	threadid 47390892214016 -> core 9 - OK[0m[1;34m
[0miterations: 120
Total iterations: 1074247680 LUP
FLOP: 89
Total work: 95608043520 FLOP
performance: 0.335229 GLUP/s
Performance in GFLOP/s: 29.835391
size: 9000000
time: 3.204518
[1;34m[pthread wrapper] 
[0m[1;34m[pthread wrapper] MAIN -> 0
[0m[1;34m[pthread wrapper] PIN_MASK: [0m[1;34m0->1  [0m[1;34m1->2  [0m[1;34m2->3  [0m[1;34m3->4  [0m[1;34m4->5  [0m[1;34m5->6  [0m[1;34m6->7  [0m[1;34m7->8  [0m[1;34m8->9  [0m[1;34m
[pthread wrapper] SKIP MASK: 0x0
[0m[1;34m	threadid 48010380453632 -> core 1 - OK[0m[1;34m
[0m[1;34m	threadid 48010382554880 -> core 2 - OK[0m[1;34m
[0m[1;34m	threadid 48010384656128 -> core 3 - OK[0m[1;34m
[0m[1;34m	threadid 48010386757376 -> core 4 - OK[0m[1;34m
[0m[1;34m	threadid 48010388858624 -> core 5 - OK[0m[1;34m
[0m[1;34m	threadid 48010390959872 -> core 6 - OK[0m[1;34m
[0m[1;34m	threadid 48010393061120 -> core 7 - OK[0m[1;34m
[0m[1;34m	threadid 48010395162368 -> core 8 - OK[0m[1;34m
[0m[1;34m	threadid 48010397263616 -> core 9 - OK[0m[1;34m
[0miterations: 120
Total iterations: 1074247680 LUP
FLOP: 89
Total work: 95608043520 FLOP
performance: 0.335322 GLUP/s
Performance in GFLOP/s: 29.843669
size: 9000000
time: 3.203629
[1;34m[pthread wrapper] 
[0m[1;34m[pthread wrapper] MAIN -> 0
[0m[1;34m[pthread wrapper] PIN_MASK: [0m[1;34m0->1  [0m[1;34m1->2  [0m[1;34m2->3  [0m[1;34m3->4  [0m[1;34m4->5  [0m[1;34m5->6  [0m[1;34m6->7  [0m[1;34m7->8  [0m[1;34m8->9  [0m[1;34m
[pthread wrapper] SKIP MASK: 0x0
[0m[1;34m	threadid 47418105583360 -> core 1 - OK[0m[1;34m
[0m[1;34m	threadid 47418107684608 -> core 2 - OK[0m[1;34m
[0m[1;34m	threadid 47418109785856 -> core 3 - OK[0m[1;34m
[0m[1;34m	threadid 47418111887104 -> core 4 - OK[0m[1;34m
[0m[1;34m	threadid 47418113988352 -> core 5 - OK[0m[1;34m
[0m[1;34m	threadid 47418116089600 -> core 6 - OK[0m[1;34m
[0m[1;34m	threadid 47418118190848 -> core 7 - OK[0m[1;34m
[0m[1;34m	threadid 47418120292096 -> core 8 - OK[0m[1;34m
[0m[1;34m	threadid 47418122393344 -> core 9 - OK[0m[1;34m
[0miterations: 120
Total iterations: 1074247680 LUP
FLOP: 89
Total work: 95608043520 FLOP
performance: 0.335252 GLUP/s
Performance in GFLOP/s: 29.837438
size: 9000000
time: 3.204298
[1;34m[pthread wrapper] 
[0m[1;34m[pthread wrapper] MAIN -> 0
[0m[1;34m[pthread wrapper] PIN_MASK: [0m[1;34m0->1  [0m[1;34m1->2  [0m[1;34m2->3  [0m[1;34m3->4  [0m[1;34m4->5  [0m[1;34m5->6  [0m[1;34m6->7  [0m[1;34m7->8  [0m[1;34m8->9  [0m[1;34m
[pthread wrapper] SKIP MASK: 0x0
[0m[1;34m	threadid 47280105494272 -> core 1 - OK[0m[1;34m
[0m[1;34m	threadid 47280107595520 -> core 2 - OK[0m[1;34m
[0m[1;34m	threadid 47280109696768 -> core 3 - OK[0m[1;34m
[0m[1;34m	threadid 47280111798016 -> core 4 - OK[0m[1;34m
[0m[1;34m	threadid 47280113899264 -> core 5 - OK[0m[1;34m
[0m[1;34m	threadid 47280116000512 -> core 6 - OK[0m[1;34m
[0m[1;34m	threadid 47280118101760 -> core 7 - OK[0m[1;34m
[0m[1;34m	threadid 47280120203008 -> core 8 - OK[0m[1;34m
[0m[1;34m	threadid 47280122304256 -> core 9 - OK[0m[1;34m
[0miterations: 120
Total iterations: 1074247680 LUP
FLOP: 89
Total work: 95608043520 FLOP
performance: 0.335334 GLUP/s
Performance in GFLOP/s: 29.844748
size: 9000000
time: 3.203513
[1;34m[pthread wrapper] 
[0m[1;34m[pthread wrapper] MAIN -> 0
[0m[1;34m[pthread wrapper] PIN_MASK: [0m[1;34m0->1  [0m[1;34m1->2  [0m[1;34m2->3  [0m[1;34m3->4  [0m[1;34m4->5  [0m[1;34m5->6  [0m[1;34m6->7  [0m[1;34m7->8  [0m[1;34m8->9  [0m[1;34m
[pthread wrapper] SKIP MASK: 0x0
[0m[1;34m	threadid 47534106683136 -> core 1 - OK[0m[1;34m
[0m[1;34m	threadid 47534108784384 -> core 2 - OK[0m[1;34m
[0m[1;34m	threadid 47534110885632 -> core 3 - OK[0m[1;34m
[0m[1;34m	threadid 47534112986880 -> core 4 - OK[0m[1;34m
[0m[1;34m	threadid 47534115088128 -> core 5 - OK[0m[1;34m
[0m[1;34m	threadid 47534117189376 -> core 6 - OK[0m[1;34m
[0m[1;34m	threadid 47534119290624 -> core 7 - OK[0m[1;34m
[0m[1;34m	threadid 47534121391872 -> core 8 - OK[0m[1;34m
[0m[1;34m	threadid 47534123493120 -> core 9 - OK[0m[1;34m
[0miterations: 120
Total iterations: 1074247680 LUP
FLOP: 89
Total work: 95608043520 FLOP
performance: 0.335262 GLUP/s
Performance in GFLOP/s: 29.838362
size: 9000000
time: 3.204199
[1;34m[pthread wrapper] 
[0m[1;34m[pthread wrapper] MAIN -> 0
[0m[1;34m[pthread wrapper] PIN_MASK: [0m[1;34m0->1  [0m[1;34m1->2  [0m[1;34m2->3  [0m[1;34m3->4  [0m[1;34m4->5  [0m[1;34m5->6  [0m[1;34m6->7  [0m[1;34m7->8  [0m[1;34m8->9  [0m[1;34m
[pthread wrapper] SKIP MASK: 0x0
[0m[1;34m	threadid 47484773119744 -> core 1 - OK[0m[1;34m
[0m[1;34m	threadid 47484775220992 -> core 2 - OK[0m[1;34m
[0m[1;34m	threadid 47484777322240 -> core 3 - OK[0m[1;34m
[0m[1;34m	threadid 47484779423488 -> core 4 - OK[0m[1;34m
[0m[1;34m	threadid 47484781524736 -> core 5 - OK[0m[1;34m
[0m[1;34m	threadid 47484783625984 -> core 6 - OK[0m[1;34m
[0m[1;34m	threadid 47484785727232 -> core 7 - OK[0m[1;34m
[0m[1;34m	threadid 47484787828480 -> core 8 - OK[0m[1;34m
[0m[1;34m	threadid 47484789929728 -> core 9 - OK[0m[1;34m
[0miterations: 120
Total iterations: 1074247680 LUP
FLOP: 89
Total work: 95608043520 FLOP
performance: 0.335282 GLUP/s
Performance in GFLOP/s: 29.840082
size: 9000000
time: 3.204014
[1;34m[pthread wrapper] 
[0m[1;34m[pthread wrapper] MAIN -> 0
[0m[1;34m[pthread wrapper] PIN_MASK: [0m[1;34m0->1  [0m[1;34m1->2  [0m[1;34m2->3  [0m[1;34m3->4  [0m[1;34m4->5  [0m[1;34m5->6  [0m[1;34m6->7  [0m[1;34m7->8  [0m[1;34m8->9  [0m[1;34m
[pthread wrapper] SKIP MASK: 0x0
[0m[1;34m	threadid 47001238570752 -> core 1 - OK[0m[1;34m
[0m[1;34m	threadid 47001240672000 -> core 2 - OK[0m[1;34m
[0m[1;34m	threadid 47001242773248 -> core 3 - OK[0m[1;34m
[0m[1;34m	threadid 47001244874496 -> core 4 - OK[0m[1;34m
[0m[1;34m	threadid 47001246975744 -> core 5 - OK[0m[1;34m
[0m[1;34m	threadid 47001249076992 -> core 6 - OK[0m[1;34m
[0m[1;34m	threadid 47001251178240 -> core 7 - OK[0m[1;34m
[0m[1;34m	threadid 47001253279488 -> core 8 - OK[0m[1;34m
[0m[1;34m	threadid 47001255380736 -> core 9 - OK[0m[1;34m
[0miterations: 120
Total iterations: 1074247680 LUP
FLOP: 89
Total work: 95608043520 FLOP
performance: 0.334638 GLUP/s
Performance in GFLOP/s: 29.782824
size: 9000000
time: 3.210174
[1;34m[pthread wrapper] 
[0m[1;34m[pthread wrapper] MAIN -> 0
[0m[1;34m[pthread wrapper] PIN_MASK: [0m[1;34m0->1  [0m[1;34m1->2  [0m[1;34m2->3  [0m[1;34m3->4  [0m[1;34m4->5  [0m[1;34m5->6  [0m[1;34m6->7  [0m[1;34m7->8  [0m[1;34m8->9  [0m[1;34m
[pthread wrapper] SKIP MASK: 0x0
[0m[1;34m	threadid 47674728560384 -> core 1 - OK[0m[1;34m
[0m[1;34m	threadid 47674730661632 -> core 2 - OK[0m[1;34m
[0m[1;34m	threadid 47674732762880 -> core 3 - OK[0m[1;34m
[0m[1;34m	threadid 47674734864128 -> core 4 - OK[0m[1;34m
[0m[1;34m	threadid 47674736965376 -> core 5 - OK[0m[1;34m
[0m[1;34m	threadid 47674739066624 -> core 6 - OK[0m[1;34m
[0m[1;34m	threadid 47674741167872 -> core 7 - OK[0m[1;34m
[0m[1;34m	threadid 47674743269120 -> core 8 - OK[0m[1;34m
[0m[1;34m	threadid 47674745370368 -> core 9 - OK[0m[1;34m
[0miterations: 120
Total iterations: 1074247680 LUP
FLOP: 89
Total work: 95608043520 FLOP
performance: 0.335305 GLUP/s
Performance in GFLOP/s: 29.842132
size: 9000000
time: 3.203794
