iterations: 120
Total iterations: 29047680 LUP
FLOP: 89
Total work: 2585243520 FLOP
performance: 0.406131 GLUP/s
Performance in GFLOP/s: 36.145649
size: 250000
time: 0.071523
iterations: 120
Total iterations: 29047680 LUP
FLOP: 89
Total work: 2585243520 FLOP
performance: 0.373474 GLUP/s
Performance in GFLOP/s: 33.239217
size: 250000
time: 0.077777
iterations: 120
Total iterations: 29047680 LUP
FLOP: 89
Total work: 2585243520 FLOP
performance: 0.394349 GLUP/s
Performance in GFLOP/s: 35.097029
size: 250000
time: 0.073660
iterations: 120
Total iterations: 29047680 LUP
FLOP: 89
Total work: 2585243520 FLOP
performance: 0.388966 GLUP/s
Performance in GFLOP/s: 34.618016
size: 250000
time: 0.074679
iterations: 120
Total iterations: 29047680 LUP
FLOP: 89
Total work: 2585243520 FLOP
performance: 0.406323 GLUP/s
Performance in GFLOP/s: 36.162767
size: 250000
time: 0.071489
iterations: 120
Total iterations: 29047680 LUP
FLOP: 89
Total work: 2585243520 FLOP
performance: 0.376539 GLUP/s
Performance in GFLOP/s: 33.511960
size: 250000
time: 0.077144
iterations: 120
Total iterations: 29047680 LUP
FLOP: 89
Total work: 2585243520 FLOP
performance: 0.406318 GLUP/s
Performance in GFLOP/s: 36.162285
size: 250000
time: 0.071490
iterations: 120
Total iterations: 29047680 LUP
FLOP: 89
Total work: 2585243520 FLOP
performance: 0.376505 GLUP/s
Performance in GFLOP/s: 33.508956
size: 250000
time: 0.077151
iterations: 120
Total iterations: 29047680 LUP
FLOP: 89
Total work: 2585243520 FLOP
performance: 0.406323 GLUP/s
Performance in GFLOP/s: 36.162767
size: 250000
time: 0.071489
iterations: 120
Total iterations: 29047680 LUP
FLOP: 89
Total work: 2585243520 FLOP
performance: 0.376553 GLUP/s
Performance in GFLOP/s: 33.513203
size: 250000
time: 0.077141
