[1;34m[pthread wrapper] 
[0m[1;34m[pthread wrapper] MAIN -> 0
[0m[1;34m[pthread wrapper] PIN_MASK: [0m[1;34m0->1  [0m[1;34m
[pthread wrapper] SKIP MASK: 0x0
[0m[1;34m	threadid 47791918102272 -> core 1 - OK[0m[1;34m
[0miterations: 100
Total iterations: 895206400 LUP
FLOP: 89
Total work: 79673369600 FLOP
performance: 0.067823 GLUP/s
Performance in GFLOP/s: 6.036215
size: 9000000
time: 13.199227
[1;34m[pthread wrapper] 
[0m[1;34m[pthread wrapper] MAIN -> 0
[0m[1;34m[pthread wrapper] PIN_MASK: [0m[1;34m0->1  [0m[1;34m
[pthread wrapper] SKIP MASK: 0x0
[0m[1;34m	threadid 47552609928960 -> core 1 - OK[0m[1;34m
[0miterations: 100
Total iterations: 895206400 LUP
FLOP: 89
Total work: 79673369600 FLOP
performance: 0.067859 GLUP/s
Performance in GFLOP/s: 6.039478
size: 9000000
time: 13.192095
[1;34m[pthread wrapper] 
[0m[1;34m[pthread wrapper] MAIN -> 0
[0m[1;34m[pthread wrapper] PIN_MASK: [0m[1;34m0->1  [0m[1;34m
[pthread wrapper] SKIP MASK: 0x0
[0m[1;34m	threadid 48004295501568 -> core 1 - OK[0m[1;34m
[0miterations: 100
Total iterations: 895206400 LUP
FLOP: 89
Total work: 79673369600 FLOP
performance: 0.067858 GLUP/s
Performance in GFLOP/s: 6.039338
size: 9000000
time: 13.192401
[1;34m[pthread wrapper] 
[0m[1;34m[pthread wrapper] MAIN -> 0
[0m[1;34m[pthread wrapper] PIN_MASK: [0m[1;34m0->1  [0m[1;34m
[pthread wrapper] SKIP MASK: 0x0
[0m[1;34m	threadid 47643096921856 -> core 1 - OK[0m[1;34m
[0miterations: 100
Total iterations: 895206400 LUP
FLOP: 89
Total work: 79673369600 FLOP
performance: 0.067849 GLUP/s
Performance in GFLOP/s: 6.038534
size: 9000000
time: 13.194157
[1;34m[pthread wrapper] 
[0m[1;34m[pthread wrapper] MAIN -> 0
[0m[1;34m[pthread wrapper] PIN_MASK: [0m[1;34m0->1  [0m[1;34m
[pthread wrapper] SKIP MASK: 0x0
[0m[1;34m	threadid 47399246960384 -> core 1 - OK[0m[1;34m
[0miterations: 100
Total iterations: 895206400 LUP
FLOP: 89
Total work: 79673369600 FLOP
performance: 0.067854 GLUP/s
Performance in GFLOP/s: 6.039039
size: 9000000
time: 13.193054
