[1;34m[pthread wrapper] 
[0m[1;34m[pthread wrapper] MAIN -> 0
[0m[1;34m[pthread wrapper] PIN_MASK: [0m[1;34m0->1  [0m[1;34m1->10  [0m[1;34m2->11  [0m[1;34m
[pthread wrapper] SKIP MASK: 0x0
[0m[1;34m	threadid 47042031785728 -> core 1 - OK[0m[1;34m
[0m[1;34m	threadid 47042033886976 -> core 10 - OK[0m[1;34m
[0m[1;34m	threadid 47042035988224 -> core 11 - OK[0m[1;34m
[0miterations: 200
Total iterations: 48412800 LUP
FLOP: 89
Total work: 4308739200 FLOP
performance: 0.131263 GLUP/s
Performance in GFLOP/s: 11.682440
size: 250000
time: 0.368822
[1;34m[pthread wrapper] 
[0m[1;34m[pthread wrapper] MAIN -> 0
[0m[1;34m[pthread wrapper] PIN_MASK: [0m[1;34m0->1  [0m[1;34m1->10  [0m[1;34m2->11  [0m[1;34m
[pthread wrapper] SKIP MASK: 0x0
[0m[1;34m	threadid 47219466721024 -> core 1 - OK[0m[1;34m
[0m[1;34m	threadid 47219468822272 -> core 10 - OK[0m[1;34m
[0m[1;34m	threadid 47219470923520 -> core 11 - OK[0m[1;34m
[0miterations: 200
Total iterations: 48412800 LUP
FLOP: 89
Total work: 4308739200 FLOP
performance: 0.131064 GLUP/s
Performance in GFLOP/s: 11.664697
size: 250000
time: 0.369383
[1;34m[pthread wrapper] 
[0m[1;34m[pthread wrapper] MAIN -> 0
[0m[1;34m[pthread wrapper] PIN_MASK: [0m[1;34m0->1  [0m[1;34m1->10  [0m[1;34m2->11  [0m[1;34m
[pthread wrapper] SKIP MASK: 0x0
[0m[1;34m	threadid 47640030611200 -> core 1 - OK[0m[1;34m
[0m[1;34m	threadid 47640032712448 -> core 10 - OK[0m[1;34m
[0m[1;34m	threadid 47640034813696 -> core 11 - OK[0m[1;34m
[0miterations: 200
Total iterations: 48412800 LUP
FLOP: 89
Total work: 4308739200 FLOP
performance: 0.131279 GLUP/s
Performance in GFLOP/s: 11.683830
size: 250000
time: 0.368778
[1;34m[pthread wrapper] 
[0m[1;34m[pthread wrapper] MAIN -> 0
[0m[1;34m[pthread wrapper] PIN_MASK: [0m[1;34m0->1  [0m[1;34m1->10  [0m[1;34m2->11  [0m[1;34m
[pthread wrapper] SKIP MASK: 0x0
[0m[1;34m	threadid 47141837371136 -> core 1 - OK[0m[1;34m
[0m[1;34m	threadid 47141839472384 -> core 10 - OK[0m[1;34m
[0m[1;34m	threadid 47141841573632 -> core 11 - OK[0m[1;34m
[0miterations: 200
Total iterations: 48412800 LUP
FLOP: 89
Total work: 4308739200 FLOP
performance: 0.131261 GLUP/s
Performance in GFLOP/s: 11.682251
size: 250000
time: 0.368828
[1;34m[pthread wrapper] 
[0m[1;34m[pthread wrapper] MAIN -> 0
[0m[1;34m[pthread wrapper] PIN_MASK: [0m[1;34m0->1  [0m[1;34m1->10  [0m[1;34m2->11  [0m[1;34m
[pthread wrapper] SKIP MASK: 0x0
[0m[1;34m	threadid 47439346267904 -> core 1 - OK[0m[1;34m
[0m[1;34m	threadid 47439348369152 -> core 10 - OK[0m[1;34m
[0m[1;34m	threadid 47439350470400 -> core 11 - OK[0m[1;34m
[0miterations: 200
Total iterations: 48412800 LUP
FLOP: 89
Total work: 4308739200 FLOP
performance: 0.131183 GLUP/s
Performance in GFLOP/s: 11.675315
size: 250000
time: 0.369047
[1;34m[pthread wrapper] 
[0m[1;34m[pthread wrapper] MAIN -> 0
[0m[1;34m[pthread wrapper] PIN_MASK: [0m[1;34m0->1  [0m[1;34m1->10  [0m[1;34m2->11  [0m[1;34m
[pthread wrapper] SKIP MASK: 0x0
[0m[1;34m	threadid 47876958512896 -> core 1 - OK[0m[1;34m
[0m[1;34m	threadid 47876960614144 -> core 10 - OK[0m[1;34m
[0m[1;34m	threadid 47876962715392 -> core 11 - OK[0m[1;34m
[0miterations: 200
Total iterations: 48412800 LUP
FLOP: 89
Total work: 4308739200 FLOP
performance: 0.131292 GLUP/s
Performance in GFLOP/s: 11.684970
size: 250000
time: 0.368742
[1;34m[pthread wrapper] 
[0m[1;34m[pthread wrapper] MAIN -> 0
[0m[1;34m[pthread wrapper] PIN_MASK: [0m[1;34m0->1  [0m[1;34m1->10  [0m[1;34m2->11  [0m[1;34m
[pthread wrapper] SKIP MASK: 0x0
[0m[1;34m	threadid 47394032903936 -> core 1 - OK[0m[1;34m
[0m[1;34m	threadid 47394035005184 -> core 10 - OK[0m[1;34m
[0m[1;34m	threadid 47394037106432 -> core 11 - OK[0m[1;34m
[0miterations: 200
Total iterations: 48412800 LUP
FLOP: 89
Total work: 4308739200 FLOP
performance: 0.131219 GLUP/s
Performance in GFLOP/s: 11.678514
size: 250000
time: 0.368946
[1;34m[pthread wrapper] 
[0m[1;34m[pthread wrapper] MAIN -> 0
[0m[1;34m[pthread wrapper] PIN_MASK: [0m[1;34m0->1  [0m[1;34m1->10  [0m[1;34m2->11  [0m[1;34m
[pthread wrapper] SKIP MASK: 0x0
[0m[1;34m	threadid 47747434313472 -> core 1 - OK[0m[1;34m
[0m[1;34m	threadid 47747436414720 -> core 10 - OK[0m[1;34m
[0m[1;34m	threadid 47747438515968 -> core 11 - OK[0m[1;34m
[0miterations: 200
Total iterations: 48412800 LUP
FLOP: 89
Total work: 4308739200 FLOP
performance: 0.131268 GLUP/s
Performance in GFLOP/s: 11.682848
size: 250000
time: 0.368809
[1;34m[pthread wrapper] 
[0m[1;34m[pthread wrapper] MAIN -> 0
[0m[1;34m[pthread wrapper] PIN_MASK: [0m[1;34m0->1  [0m[1;34m1->10  [0m[1;34m2->11  [0m[1;34m
[pthread wrapper] SKIP MASK: 0x0
[0m[1;34m	threadid 47341948098304 -> core 1 - OK[0m[1;34m
[0m[1;34m	threadid 47341950199552 -> core 10 - OK[0m[1;34m
[0m[1;34m	threadid 47341952300800 -> core 11 - OK[0m[1;34m
[0miterations: 200
Total iterations: 48412800 LUP
FLOP: 89
Total work: 4308739200 FLOP
performance: 0.131276 GLUP/s
Performance in GFLOP/s: 11.683543
size: 250000
time: 0.368787
[1;34m[pthread wrapper] 
[0m[1;34m[pthread wrapper] MAIN -> 0
[0m[1;34m[pthread wrapper] PIN_MASK: [0m[1;34m0->1  [0m[1;34m1->10  [0m[1;34m2->11  [0m[1;34m
[pthread wrapper] SKIP MASK: 0x0
[0m[1;34m	threadid 47247151679232 -> core 1 - OK[0m[1;34m
[0m[1;34m	threadid 47247153780480 -> core 10 - OK[0m[1;34m
[0m[1;34m	threadid 47247155881728 -> core 11 - OK[0m[1;34m
[0miterations: 200
Total iterations: 48412800 LUP
FLOP: 89
Total work: 4308739200 FLOP
performance: 0.131294 GLUP/s
Performance in GFLOP/s: 11.685129
size: 250000
time: 0.368737
