[1;34m[pthread wrapper] 
[0m[1;34m[pthread wrapper] MAIN -> 0
[0m[1;34m[pthread wrapper] PIN_MASK: [0m[1;34m0->1  [0m[1;34m1->2  [0m[1;34m2->3  [0m[1;34m3->4  [0m[1;34m4->5  [0m[1;34m5->6  [0m[1;34m6->7  [0m[1;34m7->8  [0m[1;34m8->9  [0m[1;34m9->10  [0m[1;34m10->11  [0m[1;34m11->12  [0m[1;34m12->13  [0m[1;34m13->14  [0m[1;34m14->15  [0m[1;34m
[pthread wrapper] SKIP MASK: 0x0
[0m[1;34m	threadid 47047786776320 -> core 1 - OK[0m[1;34m
[0m[1;34m	threadid 47047788877568 -> core 2 - OK[0m[1;34m
[0m[1;34m	threadid 47047790978816 -> core 3 - OK[0m[1;34m
[0m[1;34m	threadid 47047793080064 -> core 4 - OK[0m[1;34m
[0m[1;34m	threadid 47047795181312 -> core 5 - OK[0m[1;34m
[0m[1;34m	threadid 47047797282560 -> core 6 - OK[0m[1;34m
[0m[1;34m	threadid 47047799383808 -> core 7 - OK[0m[1;34m
[0m[1;34m	threadid 47047801485056 -> core 8 - OK[0m[1;34m
[0m[1;34m	threadid 47047803586304 -> core 9 - OK[0m[1;34m
[0m[1;34m	threadid 47047805687552 -> core 10 - OK[0m[1;34m
[0m[1;34m	threadid 47047807788800 -> core 11 - OK[0m[1;34m
[0m[1;34m	threadid 47047809890048 -> core 12 - OK[0m[1;34m
[0m[1;34m	threadid 47047811991296 -> core 13 - OK[0m[1;34m
[0m[1;34m	threadid 47047814092544 -> core 14 - OK[0m[1;34m
[0m[1;34m	threadid 47047816193792 -> core 15 - OK[0m[1;34m
[0miterations: 200
Total iterations: 48412800 LUP
FLOP: 89
Total work: 4308739200 FLOP
performance: 0.521302 GLUP/s
Performance in GFLOP/s: 46.395861
size: 250000
time: 0.092869
[1;34m[pthread wrapper] 
[0m[1;34m[pthread wrapper] MAIN -> 0
[0m[1;34m[pthread wrapper] PIN_MASK: [0m[1;34m0->1  [0m[1;34m1->2  [0m[1;34m2->3  [0m[1;34m3->4  [0m[1;34m4->5  [0m[1;34m5->6  [0m[1;34m6->7  [0m[1;34m7->8  [0m[1;34m8->9  [0m[1;34m9->10  [0m[1;34m10->11  [0m[1;34m11->12  [0m[1;34m12->13  [0m[1;34m13->14  [0m[1;34m14->15  [0m[1;34m
[pthread wrapper] SKIP MASK: 0x0
[0m[1;34m	threadid 47400462272256 -> core 1 - OK[0m[1;34m
[0m[1;34m	threadid 47400464373504 -> core 2 - OK[0m[1;34m
[0m[1;34m	threadid 47400466474752 -> core 3 - OK[0m[1;34m
[0m[1;34m	threadid 47400468576000 -> core 4 - OK[0m[1;34m
[0m[1;34m	threadid 47400470677248 -> core 5 - OK[0m[1;34m
[0m[1;34m	threadid 47400472778496 -> core 6 - OK[0m[1;34m
[0m[1;34m	threadid 47400474879744 -> core 7 - OK[0m[1;34m
[0m[1;34m	threadid 47400476980992 -> core 8 - OK[0m[1;34m
[0m[1;34m	threadid 47400479082240 -> core 9 - OK[0m[1;34m
[0m[1;34m	threadid 47400481183488 -> core 10 - OK[0m[1;34m
[0m[1;34m	threadid 47400483284736 -> core 11 - OK[0m[1;34m
[0m[1;34m	threadid 47400485385984 -> core 12 - OK[0m[1;34m
[0m[1;34m	threadid 47400487487232 -> core 13 - OK[0m[1;34m
[0m[1;34m	threadid 47400489588480 -> core 14 - OK[0m[1;34m
[0m[1;34m	threadid 47400491689728 -> core 15 - OK[0m[1;34m
[0miterations: 200
Total iterations: 48412800 LUP
FLOP: 89
Total work: 4308739200 FLOP
performance: 0.521657 GLUP/s
Performance in GFLOP/s: 46.427446
size: 250000
time: 0.092806
[1;34m[pthread wrapper] 
[0m[1;34m[pthread wrapper] MAIN -> 0
[0m[1;34m[pthread wrapper] PIN_MASK: [0m[1;34m0->1  [0m[1;34m1->2  [0m[1;34m2->3  [0m[1;34m3->4  [0m[1;34m4->5  [0m[1;34m5->6  [0m[1;34m6->7  [0m[1;34m7->8  [0m[1;34m8->9  [0m[1;34m9->10  [0m[1;34m10->11  [0m[1;34m11->12  [0m[1;34m12->13  [0m[1;34m13->14  [0m[1;34m14->15  [0m[1;34m
[pthread wrapper] SKIP MASK: 0x0
[0m[1;34m	threadid 47308728203008 -> core 1 - OK[0m[1;34m
[0m[1;34m	threadid 47308730304256 -> core 2 - OK[0m[1;34m
[0m[1;34m	threadid 47308732405504 -> core 3 - OK[0m[1;34m
[0m[1;34m	threadid 47308734506752 -> core 4 - OK[0m[1;34m
[0m[1;34m	threadid 47308736608000 -> core 5 - OK[0m[1;34m
[0m[1;34m	threadid 47308738709248 -> core 6 - OK[0m[1;34m
[0m[1;34m	threadid 47308740810496 -> core 7 - OK[0m[1;34m
[0m[1;34m	threadid 47308742911744 -> core 8 - OK[0m[1;34m
[0m[1;34m	threadid 47308745012992 -> core 9 - OK[0m[1;34m
[0m[1;34m	threadid 47308747114240 -> core 10 - OK[0m[1;34m
[0m[1;34m	threadid 47308749215488 -> core 11 - OK[0m[1;34m
[0m[1;34m	threadid 47308751316736 -> core 12 - OK[0m[1;34m
[0m[1;34m	threadid 47308753417984 -> core 13 - OK[0m[1;34m
[0m[1;34m	threadid 47308755519232 -> core 14 - OK[0m[1;34m
[0m[1;34m	threadid 47308757620480 -> core 15 - OK[0m[1;34m
[0miterations: 200
Total iterations: 48412800 LUP
FLOP: 89
Total work: 4308739200 FLOP
performance: 0.521807 GLUP/s
Performance in GFLOP/s: 46.440809
size: 250000
time: 0.092779
[1;34m[pthread wrapper] 
[0m[1;34m[pthread wrapper] MAIN -> 0
[0m[1;34m[pthread wrapper] PIN_MASK: [0m[1;34m0->1  [0m[1;34m1->2  [0m[1;34m2->3  [0m[1;34m3->4  [0m[1;34m4->5  [0m[1;34m5->6  [0m[1;34m6->7  [0m[1;34m7->8  [0m[1;34m8->9  [0m[1;34m9->10  [0m[1;34m10->11  [0m[1;34m11->12  [0m[1;34m12->13  [0m[1;34m13->14  [0m[1;34m14->15  [0m[1;34m
[pthread wrapper] SKIP MASK: 0x0
[0m[1;34m	threadid 47870682187520 -> core 1 - OK[0m[1;34m
[0m[1;34m	threadid 47870684288768 -> core 2 - OK[0m[1;34m
[0m[1;34m	threadid 47870686390016 -> core 3 - OK[0m[1;34m
[0m[1;34m	threadid 47870688491264 -> core 4 - OK[0m[1;34m
[0m[1;34m	threadid 47870690592512 -> core 5 - OK[0m[1;34m
[0m[1;34m	threadid 47870692693760 -> core 6 - OK[0m[1;34m
[0m[1;34m	threadid 47870694795008 -> core 7 - OK[0m[1;34m
[0m[1;34m	threadid 47870696896256 -> core 8 - OK[0m[1;34m
[0m[1;34m	threadid 47870698997504 -> core 9 - OK[0m[1;34m
[0m[1;34m	threadid 47870701098752 -> core 10 - OK[0m[1;34m
[0m[1;34m	threadid 47870703200000 -> core 11 - OK[0m[1;34m
[0m[1;34m	threadid 47870705301248 -> core 12 - OK[0m[1;34m
[0m[1;34m	threadid 47870707402496 -> core 13 - OK[0m[1;34m
[0m[1;34m	threadid 47870709503744 -> core 14 - OK[0m[1;34m
[0m[1;34m	threadid 47870711604992 -> core 15 - OK[0m[1;34m
[0miterations: 200
Total iterations: 48412800 LUP
FLOP: 89
Total work: 4308739200 FLOP
performance: 0.521460 GLUP/s
Performance in GFLOP/s: 46.409920
size: 250000
time: 0.092841
[1;34m[pthread wrapper] 
[0m[1;34m[pthread wrapper] MAIN -> 0
[0m[1;34m[pthread wrapper] PIN_MASK: [0m[1;34m0->1  [0m[1;34m1->2  [0m[1;34m2->3  [0m[1;34m3->4  [0m[1;34m4->5  [0m[1;34m5->6  [0m[1;34m6->7  [0m[1;34m7->8  [0m[1;34m8->9  [0m[1;34m9->10  [0m[1;34m10->11  [0m[1;34m11->12  [0m[1;34m12->13  [0m[1;34m13->14  [0m[1;34m14->15  [0m[1;34m
[pthread wrapper] SKIP MASK: 0x0
[0m[1;34m	threadid 46994855651072 -> core 1 - OK[0m[1;34m
[0m[1;34m	threadid 46994857752320 -> core 2 - OK[0m[1;34m
[0m[1;34m	threadid 46994859853568 -> core 3 - OK[0m[1;34m
[0m[1;34m	threadid 46994861954816 -> core 4 - OK[0m[1;34m
[0m[1;34m	threadid 46994864056064 -> core 5 - OK[0m[1;34m
[0m[1;34m	threadid 46994866157312 -> core 6 - OK[0m[1;34m
[0m[1;34m	threadid 46994868258560 -> core 7 - OK[0m[1;34m
[0m[1;34m	threadid 46994870359808 -> core 8 - OK[0m[1;34m
[0m[1;34m	threadid 46994872461056 -> core 9 - OK[0m[1;34m
[0m[1;34m	threadid 46994874562304 -> core 10 - OK[0m[1;34m
[0m[1;34m	threadid 46994876663552 -> core 11 - OK[0m[1;34m
[0m[1;34m	threadid 46994878764800 -> core 12 - OK[0m[1;34m
[0m[1;34m	threadid 46994880866048 -> core 13 - OK[0m[1;34m
[0m[1;34m	threadid 46994882967296 -> core 14 - OK[0m[1;34m
[0m[1;34m	threadid 46994885068544 -> core 15 - OK[0m[1;34m
[0miterations: 200
Total iterations: 48412800 LUP
FLOP: 89
Total work: 4308739200 FLOP
performance: 0.521476 GLUP/s
Performance in GFLOP/s: 46.411350
size: 250000
time: 0.092838
[1;34m[pthread wrapper] 
[0m[1;34m[pthread wrapper] MAIN -> 0
[0m[1;34m[pthread wrapper] PIN_MASK: [0m[1;34m0->1  [0m[1;34m1->2  [0m[1;34m2->3  [0m[1;34m3->4  [0m[1;34m4->5  [0m[1;34m5->6  [0m[1;34m6->7  [0m[1;34m7->8  [0m[1;34m8->9  [0m[1;34m9->10  [0m[1;34m10->11  [0m[1;34m11->12  [0m[1;34m12->13  [0m[1;34m13->14  [0m[1;34m14->15  [0m[1;34m
[pthread wrapper] SKIP MASK: 0x0
[0m[1;34m	threadid 47555791558400 -> core 1 - OK[0m[1;34m
[0m[1;34m	threadid 47555793659648 -> core 2 - OK[0m[1;34m
[0m[1;34m	threadid 47555795760896 -> core 3 - OK[0m[1;34m
[0m[1;34m	threadid 47555797862144 -> core 4 - OK[0m[1;34m
[0m[1;34m	threadid 47555799963392 -> core 5 - OK[0m[1;34m
[0m[1;34m	threadid 47555802064640 -> core 6 - OK[0m[1;34m
[0m[1;34m	threadid 47555804165888 -> core 7 - OK[0m[1;34m
[0m[1;34m	threadid 47555806267136 -> core 8 - OK[0m[1;34m
[0m[1;34m	threadid 47555808368384 -> core 9 - OK[0m[1;34m
[0m[1;34m	threadid 47555810469632 -> core 10 - OK[0m[1;34m
[0m[1;34m	threadid 47555812570880 -> core 11 - OK[0m[1;34m
[0m[1;34m	threadid 47555814672128 -> core 12 - OK[0m[1;34m
[0m[1;34m	threadid 47555816773376 -> core 13 - OK[0m[1;34m
[0m[1;34m	threadid 47555818874624 -> core 14 - OK[0m[1;34m
[0m[1;34m	threadid 47555820975872 -> core 15 - OK[0m[1;34m
[0miterations: 200
Total iterations: 48412800 LUP
FLOP: 89
Total work: 4308739200 FLOP
performance: 0.520989 GLUP/s
Performance in GFLOP/s: 46.368006
size: 250000
time: 0.092925
[1;34m[pthread wrapper] 
[0m[1;34m[pthread wrapper] MAIN -> 0
[0m[1;34m[pthread wrapper] PIN_MASK: [0m[1;34m0->1  [0m[1;34m1->2  [0m[1;34m2->3  [0m[1;34m3->4  [0m[1;34m4->5  [0m[1;34m5->6  [0m[1;34m6->7  [0m[1;34m7->8  [0m[1;34m8->9  [0m[1;34m9->10  [0m[1;34m10->11  [0m[1;34m11->12  [0m[1;34m12->13  [0m[1;34m13->14  [0m[1;34m14->15  [0m[1;34m
[pthread wrapper] SKIP MASK: 0x0
[0m[1;34m	threadid 46956681553664 -> core 1 - OK[0m[1;34m
[0m[1;34m	threadid 46956683654912 -> core 2 - OK[0m[1;34m
[0m[1;34m	threadid 46956685756160 -> core 3 - OK[0m[1;34m
[0m[1;34m	threadid 46956687857408 -> core 4 - OK[0m[1;34m
[0m[1;34m	threadid 46956689958656 -> core 5 - OK[0m[1;34m
[0m[1;34m	threadid 46956692059904 -> core 6 - OK[0m[1;34m
[0m[1;34m	threadid 46956694161152 -> core 7 - OK[0m[1;34m
[0m[1;34m	threadid 46956696262400 -> core 8 - OK[0m[1;34m
[0m[1;34m	threadid 46956698363648 -> core 9 - OK[0m[1;34m
[0m[1;34m	threadid 46956700464896 -> core 10 - OK[0m[1;34m
[0m[1;34m	threadid 46956702566144 -> core 11 - OK[0m[1;34m
[0m[1;34m	threadid 46956704667392 -> core 12 - OK[0m[1;34m
[0m[1;34m	threadid 46956706768640 -> core 13 - OK[0m[1;34m
[0m[1;34m	threadid 46956708869888 -> core 14 - OK[0m[1;34m
[0m[1;34m	threadid 46956710971136 -> core 15 - OK[0m[1;34m
[0miterations: 200
Total iterations: 48412800 LUP
FLOP: 89
Total work: 4308739200 FLOP
performance: 0.521342 GLUP/s
Performance in GFLOP/s: 46.399434
size: 250000
time: 0.092862
[1;34m[pthread wrapper] 
[0m[1;34m[pthread wrapper] MAIN -> 0
[0m[1;34m[pthread wrapper] PIN_MASK: [0m[1;34m0->1  [0m[1;34m1->2  [0m[1;34m2->3  [0m[1;34m3->4  [0m[1;34m4->5  [0m[1;34m5->6  [0m[1;34m6->7  [0m[1;34m7->8  [0m[1;34m8->9  [0m[1;34m9->10  [0m[1;34m10->11  [0m[1;34m11->12  [0m[1;34m12->13  [0m[1;34m13->14  [0m[1;34m14->15  [0m[1;34m
[pthread wrapper] SKIP MASK: 0x0
[0m[1;34m	threadid 47595459471104 -> core 1 - OK[0m[1;34m
[0m[1;34m	threadid 47595461572352 -> core 2 - OK[0m[1;34m
[0m[1;34m	threadid 47595463673600 -> core 3 - OK[0m[1;34m
[0m[1;34m	threadid 47595465774848 -> core 4 - OK[0m[1;34m
[0m[1;34m	threadid 47595467876096 -> core 5 - OK[0m[1;34m
[0m[1;34m	threadid 47595469977344 -> core 6 - OK[0m[1;34m
[0m[1;34m	threadid 47595472078592 -> core 7 - OK[0m[1;34m
[0m[1;34m	threadid 47595474179840 -> core 8 - OK[0m[1;34m
[0m[1;34m	threadid 47595476281088 -> core 9 - OK[0m[1;34m
[0m[1;34m	threadid 47595478382336 -> core 10 - OK[0m[1;34m
[0m[1;34m	threadid 47595480483584 -> core 11 - OK[0m[1;34m
[0m[1;34m	threadid 47595482584832 -> core 12 - OK[0m[1;34m
[0m[1;34m	threadid 47595484686080 -> core 13 - OK[0m[1;34m
[0m[1;34m	threadid 47595486787328 -> core 14 - OK[0m[1;34m
[0m[1;34m	threadid 47595488888576 -> core 15 - OK[0m[1;34m
[0miterations: 200
Total iterations: 48412800 LUP
FLOP: 89
Total work: 4308739200 FLOP
performance: 0.520938 GLUP/s
Performance in GFLOP/s: 46.363485
size: 250000
time: 0.092934
[1;34m[pthread wrapper] 
[0m[1;34m[pthread wrapper] MAIN -> 0
[0m[1;34m[pthread wrapper] PIN_MASK: [0m[1;34m0->1  [0m[1;34m1->2  [0m[1;34m2->3  [0m[1;34m3->4  [0m[1;34m4->5  [0m[1;34m5->6  [0m[1;34m6->7  [0m[1;34m7->8  [0m[1;34m8->9  [0m[1;34m9->10  [0m[1;34m10->11  [0m[1;34m11->12  [0m[1;34m12->13  [0m[1;34m13->14  [0m[1;34m14->15  [0m[1;34m
[pthread wrapper] SKIP MASK: 0x0
[0m[1;34m	threadid 47845430667008 -> core 1 - OK[0m[1;34m
[0m[1;34m	threadid 47845432768256 -> core 2 - OK[0m[1;34m
[0m[1;34m	threadid 47845434869504 -> core 3 - OK[0m[1;34m
[0m[1;34m	threadid 47845436970752 -> core 4 - OK[0m[1;34m
[0m[1;34m	threadid 47845439072000 -> core 5 - OK[0m[1;34m
[0m[1;34m	threadid 47845441173248 -> core 6 - OK[0m[1;34m
[0m[1;34m	threadid 47845443274496 -> core 7 - OK[0m[1;34m
[0m[1;34m	threadid 47845445375744 -> core 8 - OK[0m[1;34m
[0m[1;34m	threadid 47845447476992 -> core 9 - OK[0m[1;34m
[0m[1;34m	threadid 47845449578240 -> core 10 - OK[0m[1;34m
[0m[1;34m	threadid 47845451679488 -> core 11 - OK[0m[1;34m
[0m[1;34m	threadid 47845453780736 -> core 12 - OK[0m[1;34m
[0m[1;34m	threadid 47845455881984 -> core 13 - OK[0m[1;34m
[0m[1;34m	threadid 47845457983232 -> core 14 - OK[0m[1;34m
[0m[1;34m	threadid 47845460084480 -> core 15 - OK[0m[1;34m
[0miterations: 200
Total iterations: 48412800 LUP
FLOP: 89
Total work: 4308739200 FLOP
performance: 0.521747 GLUP/s
Performance in GFLOP/s: 46.435439
size: 250000
time: 0.092790
[1;34m[pthread wrapper] 
[0m[1;34m[pthread wrapper] MAIN -> 0
[0m[1;34m[pthread wrapper] PIN_MASK: [0m[1;34m0->1  [0m[1;34m1->2  [0m[1;34m2->3  [0m[1;34m3->4  [0m[1;34m4->5  [0m[1;34m5->6  [0m[1;34m6->7  [0m[1;34m7->8  [0m[1;34m8->9  [0m[1;34m9->10  [0m[1;34m10->11  [0m[1;34m11->12  [0m[1;34m12->13  [0m[1;34m13->14  [0m[1;34m14->15  [0m[1;34m
[pthread wrapper] SKIP MASK: 0x0
[0m[1;34m	threadid 47196355823360 -> core 1 - OK[0m[1;34m
[0m[1;34m	threadid 47196357924608 -> core 2 - OK[0m[1;34m
[0m[1;34m	threadid 47196360025856 -> core 3 - OK[0m[1;34m
[0m[1;34m	threadid 47196362127104 -> core 4 - OK[0m[1;34m
[0m[1;34m	threadid 47196364228352 -> core 5 - OK[0m[1;34m
[0m[1;34m	threadid 47196366329600 -> core 6 - OK[0m[1;34m
[0m[1;34m	threadid 47196368430848 -> core 7 - OK[0m[1;34m
[0m[1;34m	threadid 47196370532096 -> core 8 - OK[0m[1;34m
[0m[1;34m	threadid 47196372633344 -> core 9 - OK[0m[1;34m
[0m[1;34m	threadid 47196374734592 -> core 10 - OK[0m[1;34m
[0m[1;34m	threadid 47196376835840 -> core 11 - OK[0m[1;34m
[0m[1;34m	threadid 47196378937088 -> core 12 - OK[0m[1;34m
[0m[1;34m	threadid 47196381038336 -> core 13 - OK[0m[1;34m
[0m[1;34m	threadid 47196383139584 -> core 14 - OK[0m[1;34m
[0m[1;34m	threadid 47196385240832 -> core 15 - OK[0m[1;34m
[0miterations: 200
Total iterations: 48412800 LUP
FLOP: 89
Total work: 4308739200 FLOP
performance: 0.521537 GLUP/s
Performance in GFLOP/s: 46.416834
size: 250000
time: 0.092827
