[1;34m[pthread wrapper] 
[0m[1;34m[pthread wrapper] MAIN -> 0
[0m[1;34m[pthread wrapper] PIN_MASK: [0m[1;34m0->1  [0m[1;34m1->2  [0m[1;34m2->10  [0m[1;34m3->11  [0m[1;34m4->12  [0m[1;34m
[pthread wrapper] SKIP MASK: 0x0
[0m[1;34m	threadid 47741296981760 -> core 1 - OK[0m[1;34m
[0m[1;34m	threadid 47741299083008 -> core 2 - OK[0m[1;34m
[0m[1;34m	threadid 47741301184256 -> core 10 - OK[0m[1;34m
[0m[1;34m	threadid 47741303285504 -> core 11 - OK[0m[1;34m
[0m[1;34m	threadid 47741305386752 -> core 12 - OK[0m[1;34m
[0miterations: 120
Total iterations: 1074247680 LUP
FLOP: 89
Total work: 95608043520 FLOP
performance: 0.198062 GLUP/s
Performance in GFLOP/s: 17.627528
size: 9000000
time: 5.423792
[1;34m[pthread wrapper] 
[0m[1;34m[pthread wrapper] MAIN -> 0
[0m[1;34m[pthread wrapper] PIN_MASK: [0m[1;34m0->1  [0m[1;34m1->2  [0m[1;34m2->10  [0m[1;34m3->11  [0m[1;34m4->12  [0m[1;34m
[pthread wrapper] SKIP MASK: 0x0
[0m[1;34m	threadid 47977250330368 -> core 1 - OK[0m[1;34m
[0m[1;34m	threadid 47977252431616 -> core 2 - OK[0m[1;34m
[0m[1;34m	threadid 47977254532864 -> core 10 - OK[0m[1;34m
[0m[1;34m	threadid 47977256634112 -> core 11 - OK[0m[1;34m
[0m[1;34m	threadid 47977258735360 -> core 12 - OK[0m[1;34m
[0miterations: 120
Total iterations: 1074247680 LUP
FLOP: 89
Total work: 95608043520 FLOP
performance: 0.198113 GLUP/s
Performance in GFLOP/s: 17.632095
size: 9000000
time: 5.422387
[1;34m[pthread wrapper] 
[0m[1;34m[pthread wrapper] MAIN -> 0
[0m[1;34m[pthread wrapper] PIN_MASK: [0m[1;34m0->1  [0m[1;34m1->2  [0m[1;34m2->10  [0m[1;34m3->11  [0m[1;34m4->12  [0m[1;34m
[pthread wrapper] SKIP MASK: 0x0
[0m[1;34m	threadid 47729817323264 -> core 1 - OK[0m[1;34m
[0m[1;34m	threadid 47729819424512 -> core 2 - OK[0m[1;34m
[0m[1;34m	threadid 47729821525760 -> core 10 - OK[0m[1;34m
[0m[1;34m	threadid 47729823627008 -> core 11 - OK[0m[1;34m
[0m[1;34m	threadid 47729825728256 -> core 12 - OK[0m[1;34m
[0miterations: 120
Total iterations: 1074247680 LUP
FLOP: 89
Total work: 95608043520 FLOP
performance: 0.198026 GLUP/s
Performance in GFLOP/s: 17.624343
size: 9000000
time: 5.424772
[1;34m[pthread wrapper] 
[0m[1;34m[pthread wrapper] MAIN -> 0
[0m[1;34m[pthread wrapper] PIN_MASK: [0m[1;34m0->1  [0m[1;34m1->2  [0m[1;34m2->10  [0m[1;34m3->11  [0m[1;34m4->12  [0m[1;34m
[pthread wrapper] SKIP MASK: 0x0
[0m[1;34m	threadid 47296398833408 -> core 1 - OK[0m[1;34m
[0m[1;34m	threadid 47296400934656 -> core 2 - OK[0m[1;34m
[0m[1;34m	threadid 47296403035904 -> core 10 - OK[0m[1;34m
[0m[1;34m	threadid 47296405137152 -> core 11 - OK[0m[1;34m
[0m[1;34m	threadid 47296407238400 -> core 12 - OK[0m[1;34m
[0miterations: 120
Total iterations: 1074247680 LUP
FLOP: 89
Total work: 95608043520 FLOP
performance: 0.198113 GLUP/s
Performance in GFLOP/s: 17.632040
size: 9000000
time: 5.422404
[1;34m[pthread wrapper] 
[0m[1;34m[pthread wrapper] MAIN -> 0
[0m[1;34m[pthread wrapper] PIN_MASK: [0m[1;34m0->1  [0m[1;34m1->2  [0m[1;34m2->10  [0m[1;34m3->11  [0m[1;34m4->12  [0m[1;34m
[pthread wrapper] SKIP MASK: 0x0
[0m[1;34m	threadid 46925509392128 -> core 1 - OK[0m[1;34m
[0m[1;34m	threadid 46925511493376 -> core 2 - OK[0m[1;34m
[0m[1;34m	threadid 46925513594624 -> core 10 - OK[0m[1;34m
[0m[1;34m	threadid 46925515695872 -> core 11 - OK[0m[1;34m
[0m[1;34m	threadid 46925517797120 -> core 12 - OK[0m[1;34m
[0miterations: 120
Total iterations: 1074247680 LUP
FLOP: 89
Total work: 95608043520 FLOP
performance: 0.198028 GLUP/s
Performance in GFLOP/s: 17.624479
size: 9000000
time: 5.424730
[1;34m[pthread wrapper] 
[0m[1;34m[pthread wrapper] MAIN -> 0
[0m[1;34m[pthread wrapper] PIN_MASK: [0m[1;34m0->1  [0m[1;34m1->2  [0m[1;34m2->10  [0m[1;34m3->11  [0m[1;34m4->12  [0m[1;34m
[pthread wrapper] SKIP MASK: 0x0
[0m[1;34m	threadid 47005659215616 -> core 1 - OK[0m[1;34m
[0m[1;34m	threadid 47005661316864 -> core 2 - OK[0m[1;34m
[0m[1;34m	threadid 47005663418112 -> core 10 - OK[0m[1;34m
[0m[1;34m	threadid 47005665519360 -> core 11 - OK[0m[1;34m
[0m[1;34m	threadid 47005667620608 -> core 12 - OK[0m[1;34m
[0miterations: 120
Total iterations: 1074247680 LUP
FLOP: 89
Total work: 95608043520 FLOP
performance: 0.198019 GLUP/s
Performance in GFLOP/s: 17.623697
size: 9000000
time: 5.424971
[1;34m[pthread wrapper] 
[0m[1;34m[pthread wrapper] MAIN -> 0
[0m[1;34m[pthread wrapper] PIN_MASK: [0m[1;34m0->1  [0m[1;34m1->2  [0m[1;34m2->10  [0m[1;34m3->11  [0m[1;34m4->12  [0m[1;34m
[pthread wrapper] SKIP MASK: 0x0
[0m[1;34m	threadid 47760532817664 -> core 1 - OK[0m[1;34m
[0m[1;34m	threadid 47760534918912 -> core 2 - OK[0m[1;34m
[0m[1;34m	threadid 47760537020160 -> core 10 - OK[0m[1;34m
[0m[1;34m	threadid 47760539121408 -> core 11 - OK[0m[1;34m
[0m[1;34m	threadid 47760541222656 -> core 12 - OK[0m[1;34m
[0miterations: 120
Total iterations: 1074247680 LUP
FLOP: 89
Total work: 95608043520 FLOP
performance: 0.198220 GLUP/s
Performance in GFLOP/s: 17.641618
size: 9000000
time: 5.419460
[1;34m[pthread wrapper] 
[0m[1;34m[pthread wrapper] MAIN -> 0
[0m[1;34m[pthread wrapper] PIN_MASK: [0m[1;34m0->1  [0m[1;34m1->2  [0m[1;34m2->10  [0m[1;34m3->11  [0m[1;34m4->12  [0m[1;34m
[pthread wrapper] SKIP MASK: 0x0
[0m[1;34m	threadid 47186070136576 -> core 1 - OK[0m[1;34m
[0m[1;34m	threadid 47186072237824 -> core 2 - OK[0m[1;34m
[0m[1;34m	threadid 47186074339072 -> core 10 - OK[0m[1;34m
[0m[1;34m	threadid 47186076440320 -> core 11 - OK[0m[1;34m
[0m[1;34m	threadid 47186078541568 -> core 12 - OK[0m[1;34m
[0miterations: 120
Total iterations: 1074247680 LUP
FLOP: 89
Total work: 95608043520 FLOP
performance: 0.198128 GLUP/s
Performance in GFLOP/s: 17.633360
size: 9000000
time: 5.421998
[1;34m[pthread wrapper] 
[0m[1;34m[pthread wrapper] MAIN -> 0
[0m[1;34m[pthread wrapper] PIN_MASK: [0m[1;34m0->1  [0m[1;34m1->2  [0m[1;34m2->10  [0m[1;34m3->11  [0m[1;34m4->12  [0m[1;34m
[pthread wrapper] SKIP MASK: 0x0
[0m[1;34m	threadid 46918034962176 -> core 1 - OK[0m[1;34m
[0m[1;34m	threadid 46918037063424 -> core 2 - OK[0m[1;34m
[0m[1;34m	threadid 46918039164672 -> core 10 - OK[0m[1;34m
[0m[1;34m	threadid 46918041265920 -> core 11 - OK[0m[1;34m
[0m[1;34m	threadid 46918043367168 -> core 12 - OK[0m[1;34m
[0miterations: 120
Total iterations: 1074247680 LUP
FLOP: 89
Total work: 95608043520 FLOP
performance: 0.197902 GLUP/s
Performance in GFLOP/s: 17.613243
size: 9000000
time: 5.428191
[1;34m[pthread wrapper] 
[0m[1;34m[pthread wrapper] MAIN -> 0
[0m[1;34m[pthread wrapper] PIN_MASK: [0m[1;34m0->1  [0m[1;34m1->2  [0m[1;34m2->10  [0m[1;34m3->11  [0m[1;34m4->12  [0m[1;34m
[pthread wrapper] SKIP MASK: 0x0
[0m[1;34m	threadid 47323267168000 -> core 1 - OK[0m[1;34m
[0m[1;34m	threadid 47323269269248 -> core 2 - OK[0m[1;34m
[0m[1;34m	threadid 47323271370496 -> core 10 - OK[0m[1;34m
[0m[1;34m	threadid 47323273471744 -> core 11 - OK[0m[1;34m
[0m[1;34m	threadid 47323275572992 -> core 12 - OK[0m[1;34m
[0miterations: 120
Total iterations: 1074247680 LUP
FLOP: 89
Total work: 95608043520 FLOP
performance: 0.198008 GLUP/s
Performance in GFLOP/s: 17.622679
size: 9000000
time: 5.425284
