[1;34m[pthread wrapper] 
[0m[1;34m[pthread wrapper] MAIN -> 0
[0m[1;34m[pthread wrapper] PIN_MASK: [0m[1;34m0->1  [0m[1;34m1->2  [0m[1;34m2->3  [0m[1;34m3->4  [0m[1;34m4->5  [0m[1;34m5->6  [0m[1;34m6->7  [0m[1;34m
[pthread wrapper] SKIP MASK: 0x0
[0m[1;34m	threadid 47397650032384 -> core 1 - OK[0m[1;34m
[0m[1;34m	threadid 47397652133632 -> core 2 - OK[0m[1;34m
[0m[1;34m	threadid 47397654234880 -> core 3 - OK[0m[1;34m
[0m[1;34m	threadid 47397656336128 -> core 4 - OK[0m[1;34m
[0m[1;34m	threadid 47397658437376 -> core 5 - OK[0m[1;34m
[0m[1;34m	threadid 47397660538624 -> core 6 - OK[0m[1;34m
[0m[1;34m	threadid 47397662639872 -> core 7 - OK[0m[1;34m
[0miterations: 120
Total iterations: 1074247680 LUP
FLOP: 89
Total work: 95608043520 FLOP
performance: 0.264430 GLUP/s
Performance in GFLOP/s: 23.534282
size: 9000000
time: 4.062501
[1;34m[pthread wrapper] 
[0m[1;34m[pthread wrapper] MAIN -> 0
[0m[1;34m[pthread wrapper] PIN_MASK: [0m[1;34m0->1  [0m[1;34m1->2  [0m[1;34m2->3  [0m[1;34m3->4  [0m[1;34m4->5  [0m[1;34m5->6  [0m[1;34m6->7  [0m[1;34m
[pthread wrapper] SKIP MASK: 0x0
[0m[1;34m	threadid 47787674081024 -> core 1 - OK[0m[1;34m
[0m[1;34m	threadid 47787676182272 -> core 2 - OK[0m[1;34m
[0m[1;34m	threadid 47787678283520 -> core 3 - OK[0m[1;34m
[0m[1;34m	threadid 47787680384768 -> core 4 - OK[0m[1;34m
[0m[1;34m	threadid 47787682486016 -> core 5 - OK[0m[1;34m
[0m[1;34m	threadid 47787684587264 -> core 6 - OK[0m[1;34m
[0m[1;34m	threadid 47787686688512 -> core 7 - OK[0m[1;34m
[0miterations: 120
Total iterations: 1074247680 LUP
FLOP: 89
Total work: 95608043520 FLOP
performance: 0.262557 GLUP/s
Performance in GFLOP/s: 23.367571
size: 9000000
time: 4.091484
[1;34m[pthread wrapper] 
[0m[1;34m[pthread wrapper] MAIN -> 0
[0m[1;34m[pthread wrapper] PIN_MASK: [0m[1;34m0->1  [0m[1;34m1->2  [0m[1;34m2->3  [0m[1;34m3->4  [0m[1;34m4->5  [0m[1;34m5->6  [0m[1;34m6->7  [0m[1;34m
[pthread wrapper] SKIP MASK: 0x0
[0m[1;34m	threadid 47831962552064 -> core 1 - OK[0m[1;34m
[0m[1;34m	threadid 47831964653312 -> core 2 - OK[0m[1;34m
[0m[1;34m	threadid 47831966754560 -> core 3 - OK[0m[1;34m
[0m[1;34m	threadid 47831968855808 -> core 4 - OK[0m[1;34m
[0m[1;34m	threadid 47831970957056 -> core 5 - OK[0m[1;34m
[0m[1;34m	threadid 47831973058304 -> core 6 - OK[0m[1;34m
[0m[1;34m	threadid 47831975159552 -> core 7 - OK[0m[1;34m
[0miterations: 120
Total iterations: 1074247680 LUP
FLOP: 89
Total work: 95608043520 FLOP
performance: 0.265395 GLUP/s
Performance in GFLOP/s: 23.620175
size: 9000000
time: 4.047728
[1;34m[pthread wrapper] 
[0m[1;34m[pthread wrapper] MAIN -> 0
[0m[1;34m[pthread wrapper] PIN_MASK: [0m[1;34m0->1  [0m[1;34m1->2  [0m[1;34m2->3  [0m[1;34m3->4  [0m[1;34m4->5  [0m[1;34m5->6  [0m[1;34m6->7  [0m[1;34m
[pthread wrapper] SKIP MASK: 0x0
[0m[1;34m	threadid 46927288481536 -> core 1 - OK[0m[1;34m
[0m[1;34m	threadid 46927290582784 -> core 2 - OK[0m[1;34m
[0m[1;34m	threadid 46927292684032 -> core 3 - OK[0m[1;34m
[0m[1;34m	threadid 46927294785280 -> core 4 - OK[0m[1;34m
[0m[1;34m	threadid 46927296886528 -> core 5 - OK[0m[1;34m
[0m[1;34m	threadid 46927298987776 -> core 6 - OK[0m[1;34m
[0m[1;34m	threadid 46927301089024 -> core 7 - OK[0m[1;34m
[0miterations: 120
Total iterations: 1074247680 LUP
FLOP: 89
Total work: 95608043520 FLOP
performance: 0.265385 GLUP/s
Performance in GFLOP/s: 23.619272
size: 9000000
time: 4.047883
[1;34m[pthread wrapper] 
[0m[1;34m[pthread wrapper] MAIN -> 0
[0m[1;34m[pthread wrapper] PIN_MASK: [0m[1;34m0->1  [0m[1;34m1->2  [0m[1;34m2->3  [0m[1;34m3->4  [0m[1;34m4->5  [0m[1;34m5->6  [0m[1;34m6->7  [0m[1;34m
[pthread wrapper] SKIP MASK: 0x0
[0m[1;34m	threadid 47271785989888 -> core 1 - OK[0m[1;34m
[0m[1;34m	threadid 47271788091136 -> core 2 - OK[0m[1;34m
[0m[1;34m	threadid 47271790192384 -> core 3 - OK[0m[1;34m
[0m[1;34m	threadid 47271792293632 -> core 4 - OK[0m[1;34m
[0m[1;34m	threadid 47271794394880 -> core 5 - OK[0m[1;34m
[0m[1;34m	threadid 47271796496128 -> core 6 - OK[0m[1;34m
[0m[1;34m	threadid 47271798597376 -> core 7 - OK[0m[1;34m
[0miterations: 120
Total iterations: 1074247680 LUP
FLOP: 89
Total work: 95608043520 FLOP
performance: 0.244448 GLUP/s
Performance in GFLOP/s: 21.755875
size: 9000000
time: 4.394585
[1;34m[pthread wrapper] 
[0m[1;34m[pthread wrapper] MAIN -> 0
[0m[1;34m[pthread wrapper] PIN_MASK: [0m[1;34m0->1  [0m[1;34m1->2  [0m[1;34m2->3  [0m[1;34m3->4  [0m[1;34m4->5  [0m[1;34m5->6  [0m[1;34m6->7  [0m[1;34m
[pthread wrapper] SKIP MASK: 0x0
[0m[1;34m	threadid 47751181321984 -> core 1 - OK[0m[1;34m
[0m[1;34m	threadid 47751183423232 -> core 2 - OK[0m[1;34m
[0m[1;34m	threadid 47751185524480 -> core 3 - OK[0m[1;34m
[0m[1;34m	threadid 47751187625728 -> core 4 - OK[0m[1;34m
[0m[1;34m	threadid 47751189726976 -> core 5 - OK[0m[1;34m
[0m[1;34m	threadid 47751191828224 -> core 6 - OK[0m[1;34m
[0m[1;34m	threadid 47751193929472 -> core 7 - OK[0m[1;34m
[0miterations: 120
Total iterations: 1074247680 LUP
FLOP: 89
Total work: 95608043520 FLOP
performance: 0.265464 GLUP/s
Performance in GFLOP/s: 23.626333
size: 9000000
time: 4.046673
[1;34m[pthread wrapper] 
[0m[1;34m[pthread wrapper] MAIN -> 0
[0m[1;34m[pthread wrapper] PIN_MASK: [0m[1;34m0->1  [0m[1;34m1->2  [0m[1;34m2->3  [0m[1;34m3->4  [0m[1;34m4->5  [0m[1;34m5->6  [0m[1;34m6->7  [0m[1;34m
[pthread wrapper] SKIP MASK: 0x0
[0m[1;34m	threadid 47307091642112 -> core 1 - OK[0m[1;34m
[0m[1;34m	threadid 47307093743360 -> core 2 - OK[0m[1;34m
[0m[1;34m	threadid 47307095844608 -> core 3 - OK[0m[1;34m
[0m[1;34m	threadid 47307097945856 -> core 4 - OK[0m[1;34m
[0m[1;34m	threadid 47307100047104 -> core 5 - OK[0m[1;34m
[0m[1;34m	threadid 47307102148352 -> core 6 - OK[0m[1;34m
[0m[1;34m	threadid 47307104249600 -> core 7 - OK[0m[1;34m
[0miterations: 120
Total iterations: 1074247680 LUP
FLOP: 89
Total work: 95608043520 FLOP
performance: 0.264672 GLUP/s
Performance in GFLOP/s: 23.555776
size: 9000000
time: 4.058794
[1;34m[pthread wrapper] 
[0m[1;34m[pthread wrapper] MAIN -> 0
[0m[1;34m[pthread wrapper] PIN_MASK: [0m[1;34m0->1  [0m[1;34m1->2  [0m[1;34m2->3  [0m[1;34m3->4  [0m[1;34m4->5  [0m[1;34m5->6  [0m[1;34m6->7  [0m[1;34m
[pthread wrapper] SKIP MASK: 0x0
[0m[1;34m	threadid 47474376460032 -> core 1 - OK[0m[1;34m
[0m[1;34m	threadid 47474378561280 -> core 2 - OK[0m[1;34m
[0m[1;34m	threadid 47474380662528 -> core 3 - OK[0m[1;34m
[0m[1;34m	threadid 47474382763776 -> core 4 - OK[0m[1;34m
[0m[1;34m	threadid 47474384865024 -> core 5 - OK[0m[1;34m
[0m[1;34m	threadid 47474386966272 -> core 6 - OK[0m[1;34m
[0m[1;34m	threadid 47474389067520 -> core 7 - OK[0m[1;34m
[0miterations: 120
Total iterations: 1074247680 LUP
FLOP: 89
Total work: 95608043520 FLOP
performance: 0.265368 GLUP/s
Performance in GFLOP/s: 23.617771
size: 9000000
time: 4.048140
[1;34m[pthread wrapper] 
[0m[1;34m[pthread wrapper] MAIN -> 0
[0m[1;34m[pthread wrapper] PIN_MASK: [0m[1;34m0->1  [0m[1;34m1->2  [0m[1;34m2->3  [0m[1;34m3->4  [0m[1;34m4->5  [0m[1;34m5->6  [0m[1;34m6->7  [0m[1;34m
[pthread wrapper] SKIP MASK: 0x0
[0m[1;34m	threadid 46944530056960 -> core 1 - OK[0m[1;34m
[0m[1;34m	threadid 46944532158208 -> core 2 - OK[0m[1;34m
[0m[1;34m	threadid 46944534259456 -> core 3 - OK[0m[1;34m
[0m[1;34m	threadid 46944536360704 -> core 4 - OK[0m[1;34m
[0m[1;34m	threadid 46944538461952 -> core 5 - OK[0m[1;34m
[0m[1;34m	threadid 46944540563200 -> core 6 - OK[0m[1;34m
[0m[1;34m	threadid 46944542664448 -> core 7 - OK[0m[1;34m
[0miterations: 120
Total iterations: 1074247680 LUP
FLOP: 89
Total work: 95608043520 FLOP
performance: 0.265326 GLUP/s
Performance in GFLOP/s: 23.613991
size: 9000000
time: 4.048788
[1;34m[pthread wrapper] 
[0m[1;34m[pthread wrapper] MAIN -> 0
[0m[1;34m[pthread wrapper] PIN_MASK: [0m[1;34m0->1  [0m[1;34m1->2  [0m[1;34m2->3  [0m[1;34m3->4  [0m[1;34m4->5  [0m[1;34m5->6  [0m[1;34m6->7  [0m[1;34m
[pthread wrapper] SKIP MASK: 0x0
[0m[1;34m	threadid 46958610720512 -> core 1 - OK[0m[1;34m
[0m[1;34m	threadid 46958612821760 -> core 2 - OK[0m[1;34m
[0m[1;34m	threadid 46958614923008 -> core 3 - OK[0m[1;34m
[0m[1;34m	threadid 46958617024256 -> core 4 - OK[0m[1;34m
[0m[1;34m	threadid 46958619125504 -> core 5 - OK[0m[1;34m
[0m[1;34m	threadid 46958621226752 -> core 6 - OK[0m[1;34m
[0m[1;34m	threadid 46958623328000 -> core 7 - OK[0m[1;34m
[0miterations: 120
Total iterations: 1074247680 LUP
FLOP: 89
Total work: 95608043520 FLOP
performance: 0.265364 GLUP/s
Performance in GFLOP/s: 23.617356
size: 9000000
time: 4.048211
