[1;34m[pthread wrapper] 
[0m[1;34m[pthread wrapper] MAIN -> 0
[0m[1;34m[pthread wrapper] PIN_MASK: [0m[1;34m0->1  [0m[1;34m1->2  [0m[1;34m2->3  [0m[1;34m3->4  [0m[1;34m4->5  [0m[1;34m5->6  [0m[1;34m6->7  [0m[1;34m7->10  [0m[1;34m8->11  [0m[1;34m9->12  [0m[1;34m10->13  [0m[1;34m11->14  [0m[1;34m12->15  [0m[1;34m13->16  [0m[1;34m14->17  [0m[1;34m
[pthread wrapper] SKIP MASK: 0x0
[0m[1;34m	threadid 47956791367424 -> core 1 - OK[0m[1;34m
[0m[1;34m	threadid 47956793468672 -> core 2 - OK[0m[1;34m
[0m[1;34m	threadid 47956795569920 -> core 3 - OK[0m[1;34m
[0m[1;34m	threadid 47956797671168 -> core 4 - OK[0m[1;34m
[0m[1;34m	threadid 47956799772416 -> core 5 - OK[0m[1;34m
[0m[1;34m	threadid 47956801873664 -> core 6 - OK[0m[1;34m
[0m[1;34m	threadid 47956803974912 -> core 7 - OK[0m[1;34m
[0m[1;34m	threadid 47956806076160 -> core 10 - OK[0m[1;34m
[0m[1;34m	threadid 47956808177408 -> core 11 - OK[0m[1;34m
[0m[1;34m	threadid 47956810278656 -> core 12 - OK[0m[1;34m
[0m[1;34m	threadid 47956812379904 -> core 13 - OK[0m[1;34m
[0m[1;34m	threadid 47956814481152 -> core 14 - OK[0m[1;34m
[0m[1;34m	threadid 47956816582400 -> core 15 - OK[0m[1;34m
[0m[1;34m	threadid 47956818683648 -> core 16 - OK[0m[1;34m
[0m[1;34m	threadid 47956820784896 -> core 17 - OK[0m[1;34m
[0miterations: 120
Total iterations: 1074247680 LUP
FLOP: 89
Total work: 95608043520 FLOP
performance: 0.526144 GLUP/s
Performance in GFLOP/s: 46.826820
size: 9000000
time: 2.041737
[1;34m[pthread wrapper] 
[0m[1;34m[pthread wrapper] MAIN -> 0
[0m[1;34m[pthread wrapper] PIN_MASK: [0m[1;34m0->1  [0m[1;34m1->2  [0m[1;34m2->3  [0m[1;34m3->4  [0m[1;34m4->5  [0m[1;34m5->6  [0m[1;34m6->7  [0m[1;34m7->10  [0m[1;34m8->11  [0m[1;34m9->12  [0m[1;34m10->13  [0m[1;34m11->14  [0m[1;34m12->15  [0m[1;34m13->16  [0m[1;34m14->17  [0m[1;34m
[pthread wrapper] SKIP MASK: 0x0
[0m[1;34m	threadid 47352128784128 -> core 1 - OK[0m[1;34m
[0m[1;34m	threadid 47352130885376 -> core 2 - OK[0m[1;34m
[0m[1;34m	threadid 47352132986624 -> core 3 - OK[0m[1;34m
[0m[1;34m	threadid 47352135087872 -> core 4 - OK[0m[1;34m
[0m[1;34m	threadid 47352137189120 -> core 5 - OK[0m[1;34m
[0m[1;34m	threadid 47352139290368 -> core 6 - OK[0m[1;34m
[0m[1;34m	threadid 47352141391616 -> core 7 - OK[0m[1;34m
[0m[1;34m	threadid 47352143492864 -> core 10 - OK[0m[1;34m
[0m[1;34m	threadid 47352145594112 -> core 11 - OK[0m[1;34m
[0m[1;34m	threadid 47352147695360 -> core 12 - OK[0m[1;34m
[0m[1;34m	threadid 47352149796608 -> core 13 - OK[0m[1;34m
[0m[1;34m	threadid 47352151897856 -> core 14 - OK[0m[1;34m
[0m[1;34m	threadid 47352153999104 -> core 15 - OK[0m[1;34m
[0m[1;34m	threadid 47352156100352 -> core 16 - OK[0m[1;34m
[0m[1;34m	threadid 47352158201600 -> core 17 - OK[0m[1;34m
[0miterations: 120
Total iterations: 1074247680 LUP
FLOP: 89
Total work: 95608043520 FLOP
performance: 0.526337 GLUP/s
Performance in GFLOP/s: 46.843958
size: 9000000
time: 2.040990
[1;34m[pthread wrapper] 
[0m[1;34m[pthread wrapper] MAIN -> 0
[0m[1;34m[pthread wrapper] PIN_MASK: [0m[1;34m0->1  [0m[1;34m1->2  [0m[1;34m2->3  [0m[1;34m3->4  [0m[1;34m4->5  [0m[1;34m5->6  [0m[1;34m6->7  [0m[1;34m7->10  [0m[1;34m8->11  [0m[1;34m9->12  [0m[1;34m10->13  [0m[1;34m11->14  [0m[1;34m12->15  [0m[1;34m13->16  [0m[1;34m14->17  [0m[1;34m
[pthread wrapper] SKIP MASK: 0x0
[0m[1;34m	threadid 47898591426304 -> core 1 - OK[0m[1;34m
[0m[1;34m	threadid 47898593527552 -> core 2 - OK[0m[1;34m
[0m[1;34m	threadid 47898595628800 -> core 3 - OK[0m[1;34m
[0m[1;34m	threadid 47898597730048 -> core 4 - OK[0m[1;34m
[0m[1;34m	threadid 47898599831296 -> core 5 - OK[0m[1;34m
[0m[1;34m	threadid 47898601932544 -> core 6 - OK[0m[1;34m
[0m[1;34m	threadid 47898604033792 -> core 7 - OK[0m[1;34m
[0m[1;34m	threadid 47898606135040 -> core 10 - OK[0m[1;34m
[0m[1;34m	threadid 47898608236288 -> core 11 - OK[0m[1;34m
[0m[1;34m	threadid 47898610337536 -> core 12 - OK[0m[1;34m
[0m[1;34m	threadid 47898612438784 -> core 13 - OK[0m[1;34m
[0m[1;34m	threadid 47898614540032 -> core 14 - OK[0m[1;34m
[0m[1;34m	threadid 47898616641280 -> core 15 - OK[0m[1;34m
[0m[1;34m	threadid 47898618742528 -> core 16 - OK[0m[1;34m
[0m[1;34m	threadid 47898620843776 -> core 17 - OK[0m[1;34m
[0miterations: 120
Total iterations: 1074247680 LUP
FLOP: 89
Total work: 95608043520 FLOP
performance: 0.525949 GLUP/s
Performance in GFLOP/s: 46.809460
size: 9000000
time: 2.042494
[1;34m[pthread wrapper] 
[0m[1;34m[pthread wrapper] MAIN -> 0
[0m[1;34m[pthread wrapper] PIN_MASK: [0m[1;34m0->1  [0m[1;34m1->2  [0m[1;34m2->3  [0m[1;34m3->4  [0m[1;34m4->5  [0m[1;34m5->6  [0m[1;34m6->7  [0m[1;34m7->10  [0m[1;34m8->11  [0m[1;34m9->12  [0m[1;34m10->13  [0m[1;34m11->14  [0m[1;34m12->15  [0m[1;34m13->16  [0m[1;34m14->17  [0m[1;34m
[pthread wrapper] SKIP MASK: 0x0
[0m[1;34m	threadid 47141129742080 -> core 1 - OK[0m[1;34m
[0m[1;34m	threadid 47141131843328 -> core 2 - OK[0m[1;34m
[0m[1;34m	threadid 47141133944576 -> core 3 - OK[0m[1;34m
[0m[1;34m	threadid 47141136045824 -> core 4 - OK[0m[1;34m
[0m[1;34m	threadid 47141138147072 -> core 5 - OK[0m[1;34m
[0m[1;34m	threadid 47141140248320 -> core 6 - OK[0m[1;34m
[0m[1;34m	threadid 47141142349568 -> core 7 - OK[0m[1;34m
[0m[1;34m	threadid 47141144450816 -> core 10 - OK[0m[1;34m
[0m[1;34m	threadid 47141146552064 -> core 11 - OK[0m[1;34m
[0m[1;34m	threadid 47141148653312 -> core 12 - OK[0m[1;34m
[0m[1;34m	threadid 47141150754560 -> core 13 - OK[0m[1;34m
[0m[1;34m	threadid 47141152855808 -> core 14 - OK[0m[1;34m
[0m[1;34m	threadid 47141154957056 -> core 15 - OK[0m[1;34m
[0m[1;34m	threadid 47141157058304 -> core 16 - OK[0m[1;34m
[0m[1;34m	threadid 47141159159552 -> core 17 - OK[0m[1;34m
[0miterations: 120
Total iterations: 1074247680 LUP
FLOP: 89
Total work: 95608043520 FLOP
performance: 0.526339 GLUP/s
Performance in GFLOP/s: 46.844188
size: 9000000
time: 2.040980
[1;34m[pthread wrapper] 
[0m[1;34m[pthread wrapper] MAIN -> 0
[0m[1;34m[pthread wrapper] PIN_MASK: [0m[1;34m0->1  [0m[1;34m1->2  [0m[1;34m2->3  [0m[1;34m3->4  [0m[1;34m4->5  [0m[1;34m5->6  [0m[1;34m6->7  [0m[1;34m7->10  [0m[1;34m8->11  [0m[1;34m9->12  [0m[1;34m10->13  [0m[1;34m11->14  [0m[1;34m12->15  [0m[1;34m13->16  [0m[1;34m14->17  [0m[1;34m
[pthread wrapper] SKIP MASK: 0x0
[0m[1;34m	threadid 47070203139840 -> core 1 - OK[0m[1;34m
[0m[1;34m	threadid 47070205241088 -> core 2 - OK[0m[1;34m
[0m[1;34m	threadid 47070207342336 -> core 3 - OK[0m[1;34m
[0m[1;34m	threadid 47070209443584 -> core 4 - OK[0m[1;34m
[0m[1;34m	threadid 47070211544832 -> core 5 - OK[0m[1;34m
[0m[1;34m	threadid 47070213646080 -> core 6 - OK[0m[1;34m
[0m[1;34m	threadid 47070215747328 -> core 7 - OK[0m[1;34m
[0m[1;34m	threadid 47070217848576 -> core 10 - OK[0m[1;34m
[0m[1;34m	threadid 47070219949824 -> core 11 - OK[0m[1;34m
[0m[1;34m	threadid 47070222051072 -> core 12 - OK[0m[1;34m
[0m[1;34m	threadid 47070224152320 -> core 13 - OK[0m[1;34m
[0m[1;34m	threadid 47070226253568 -> core 14 - OK[0m[1;34m
[0m[1;34m	threadid 47070228354816 -> core 15 - OK[0m[1;34m
[0m[1;34m	threadid 47070230456064 -> core 16 - OK[0m[1;34m
[0m[1;34m	threadid 47070232557312 -> core 17 - OK[0m[1;34m
[0miterations: 120
Total iterations: 1074247680 LUP
FLOP: 89
Total work: 95608043520 FLOP
performance: 0.525701 GLUP/s
Performance in GFLOP/s: 46.787357
size: 9000000
time: 2.043459
[1;34m[pthread wrapper] 
[0m[1;34m[pthread wrapper] MAIN -> 0
[0m[1;34m[pthread wrapper] PIN_MASK: [0m[1;34m0->1  [0m[1;34m1->2  [0m[1;34m2->3  [0m[1;34m3->4  [0m[1;34m4->5  [0m[1;34m5->6  [0m[1;34m6->7  [0m[1;34m7->10  [0m[1;34m8->11  [0m[1;34m9->12  [0m[1;34m10->13  [0m[1;34m11->14  [0m[1;34m12->15  [0m[1;34m13->16  [0m[1;34m14->17  [0m[1;34m
[pthread wrapper] SKIP MASK: 0x0
[0m[1;34m	threadid 47759443584768 -> core 1 - OK[0m[1;34m
[0m[1;34m	threadid 47759445686016 -> core 2 - OK[0m[1;34m
[0m[1;34m	threadid 47759447787264 -> core 3 - OK[0m[1;34m
[0m[1;34m	threadid 47759449888512 -> core 4 - OK[0m[1;34m
[0m[1;34m	threadid 47759451989760 -> core 5 - OK[0m[1;34m
[0m[1;34m	threadid 47759454091008 -> core 6 - OK[0m[1;34m
[0m[1;34m	threadid 47759456192256 -> core 7 - OK[0m[1;34m
[0m[1;34m	threadid 47759458293504 -> core 10 - OK[0m[1;34m
[0m[1;34m	threadid 47759460394752 -> core 11 - OK[0m[1;34m
[0m[1;34m	threadid 47759462496000 -> core 12 - OK[0m[1;34m
[0m[1;34m	threadid 47759464597248 -> core 13 - OK[0m[1;34m
[0m[1;34m	threadid 47759466698496 -> core 14 - OK[0m[1;34m
[0m[1;34m	threadid 47759468799744 -> core 15 - OK[0m[1;34m
[0m[1;34m	threadid 47759470900992 -> core 16 - OK[0m[1;34m
[0m[1;34m	threadid 47759473002240 -> core 17 - OK[0m[1;34m
[0miterations: 120
Total iterations: 1074247680 LUP
FLOP: 89
Total work: 95608043520 FLOP
performance: 0.525800 GLUP/s
Performance in GFLOP/s: 46.796197
size: 9000000
time: 2.043073
[1;34m[pthread wrapper] 
[0m[1;34m[pthread wrapper] MAIN -> 0
[0m[1;34m[pthread wrapper] PIN_MASK: [0m[1;34m0->1  [0m[1;34m1->2  [0m[1;34m2->3  [0m[1;34m3->4  [0m[1;34m4->5  [0m[1;34m5->6  [0m[1;34m6->7  [0m[1;34m7->10  [0m[1;34m8->11  [0m[1;34m9->12  [0m[1;34m10->13  [0m[1;34m11->14  [0m[1;34m12->15  [0m[1;34m13->16  [0m[1;34m14->17  [0m[1;34m
[pthread wrapper] SKIP MASK: 0x0
[0m[1;34m	threadid 47649681401600 -> core 1 - OK[0m[1;34m
[0m[1;34m	threadid 47649683502848 -> core 2 - OK[0m[1;34m
[0m[1;34m	threadid 47649685604096 -> core 3 - OK[0m[1;34m
[0m[1;34m	threadid 47649687705344 -> core 4 - OK[0m[1;34m
[0m[1;34m	threadid 47649689806592 -> core 5 - OK[0m[1;34m
[0m[1;34m	threadid 47649691907840 -> core 6 - OK[0m[1;34m
[0m[1;34m	threadid 47649694009088 -> core 7 - OK[0m[1;34m
[0m[1;34m	threadid 47649696110336 -> core 10 - OK[0m[1;34m
[0m[1;34m	threadid 47649698211584 -> core 11 - OK[0m[1;34m
[0m[1;34m	threadid 47649700312832 -> core 12 - OK[0m[1;34m
[0m[1;34m	threadid 47649702414080 -> core 13 - OK[0m[1;34m
[0m[1;34m	threadid 47649704515328 -> core 14 - OK[0m[1;34m
[0m[1;34m	threadid 47649706616576 -> core 15 - OK[0m[1;34m
[0m[1;34m	threadid 47649708717824 -> core 16 - OK[0m[1;34m
[0m[1;34m	threadid 47649710819072 -> core 17 - OK[0m[1;34m
[0miterations: 120
Total iterations: 1074247680 LUP
FLOP: 89
Total work: 95608043520 FLOP
performance: 0.526321 GLUP/s
Performance in GFLOP/s: 46.842601
size: 9000000
time: 2.041049
[1;34m[pthread wrapper] 
[0m[1;34m[pthread wrapper] MAIN -> 0
[0m[1;34m[pthread wrapper] PIN_MASK: [0m[1;34m0->1  [0m[1;34m1->2  [0m[1;34m2->3  [0m[1;34m3->4  [0m[1;34m4->5  [0m[1;34m5->6  [0m[1;34m6->7  [0m[1;34m7->10  [0m[1;34m8->11  [0m[1;34m9->12  [0m[1;34m10->13  [0m[1;34m11->14  [0m[1;34m12->15  [0m[1;34m13->16  [0m[1;34m14->17  [0m[1;34m
[pthread wrapper] SKIP MASK: 0x0
[0m[1;34m	threadid 47931233892096 -> core 1 - OK[0m[1;34m
[0m[1;34m	threadid 47931235993344 -> core 2 - OK[0m[1;34m
[0m[1;34m	threadid 47931238094592 -> core 3 - OK[0m[1;34m
[0m[1;34m	threadid 47931240195840 -> core 4 - OK[0m[1;34m
[0m[1;34m	threadid 47931242297088 -> core 5 - OK[0m[1;34m
[0m[1;34m	threadid 47931244398336 -> core 6 - OK[0m[1;34m
[0m[1;34m	threadid 47931246499584 -> core 7 - OK[0m[1;34m
[0m[1;34m	threadid 47931248600832 -> core 10 - OK[0m[1;34m
[0m[1;34m	threadid 47931250702080 -> core 11 - OK[0m[1;34m
[0m[1;34m	threadid 47931252803328 -> core 12 - OK[0m[1;34m
[0m[1;34m	threadid 47931254904576 -> core 13 - OK[0m[1;34m
[0m[1;34m	threadid 47931257005824 -> core 14 - OK[0m[1;34m
[0m[1;34m	threadid 47931259107072 -> core 15 - OK[0m[1;34m
[0m[1;34m	threadid 47931261208320 -> core 16 - OK[0m[1;34m
[0m[1;34m	threadid 47931263309568 -> core 17 - OK[0m[1;34m
[0miterations: 120
Total iterations: 1074247680 LUP
FLOP: 89
Total work: 95608043520 FLOP
performance: 0.526412 GLUP/s
Performance in GFLOP/s: 46.850635
size: 9000000
time: 2.040699
[1;34m[pthread wrapper] 
[0m[1;34m[pthread wrapper] MAIN -> 0
[0m[1;34m[pthread wrapper] PIN_MASK: [0m[1;34m0->1  [0m[1;34m1->2  [0m[1;34m2->3  [0m[1;34m3->4  [0m[1;34m4->5  [0m[1;34m5->6  [0m[1;34m6->7  [0m[1;34m7->10  [0m[1;34m8->11  [0m[1;34m9->12  [0m[1;34m10->13  [0m[1;34m11->14  [0m[1;34m12->15  [0m[1;34m13->16  [0m[1;34m14->17  [0m[1;34m
[pthread wrapper] SKIP MASK: 0x0
[0m[1;34m	threadid 47018543699712 -> core 1 - OK[0m[1;34m
[0m[1;34m	threadid 47018545800960 -> core 2 - OK[0m[1;34m
[0m[1;34m	threadid 47018547902208 -> core 3 - OK[0m[1;34m
[0m[1;34m	threadid 47018550003456 -> core 4 - OK[0m[1;34m
[0m[1;34m	threadid 47018552104704 -> core 5 - OK[0m[1;34m
[0m[1;34m	threadid 47018554205952 -> core 6 - OK[0m[1;34m
[0m[1;34m	threadid 47018556307200 -> core 7 - OK[0m[1;34m
[0m[1;34m	threadid 47018558408448 -> core 10 - OK[0m[1;34m
[0m[1;34m	threadid 47018560509696 -> core 11 - OK[0m[1;34m
[0m[1;34m	threadid 47018562610944 -> core 12 - OK[0m[1;34m
[0m[1;34m	threadid 47018564712192 -> core 13 - OK[0m[1;34m
[0m[1;34m	threadid 47018566813440 -> core 14 - OK[0m[1;34m
[0m[1;34m	threadid 47018568914688 -> core 15 - OK[0m[1;34m
[0m[1;34m	threadid 47018571015936 -> core 16 - OK[0m[1;34m
[0m[1;34m	threadid 47018573117184 -> core 17 - OK[0m[1;34m
[0miterations: 120
Total iterations: 1074247680 LUP
FLOP: 89
Total work: 95608043520 FLOP
performance: 0.526242 GLUP/s
Performance in GFLOP/s: 46.835510
size: 9000000
time: 2.041358
[1;34m[pthread wrapper] 
[0m[1;34m[pthread wrapper] MAIN -> 0
[0m[1;34m[pthread wrapper] PIN_MASK: [0m[1;34m0->1  [0m[1;34m1->2  [0m[1;34m2->3  [0m[1;34m3->4  [0m[1;34m4->5  [0m[1;34m5->6  [0m[1;34m6->7  [0m[1;34m7->10  [0m[1;34m8->11  [0m[1;34m9->12  [0m[1;34m10->13  [0m[1;34m11->14  [0m[1;34m12->15  [0m[1;34m13->16  [0m[1;34m14->17  [0m[1;34m
[pthread wrapper] SKIP MASK: 0x0
[0m[1;34m	threadid 47539363854080 -> core 1 - OK[0m[1;34m
[0m[1;34m	threadid 47539365955328 -> core 2 - OK[0m[1;34m
[0m[1;34m	threadid 47539368056576 -> core 3 - OK[0m[1;34m
[0m[1;34m	threadid 47539370157824 -> core 4 - OK[0m[1;34m
[0m[1;34m	threadid 47539372259072 -> core 5 - OK[0m[1;34m
[0m[1;34m	threadid 47539374360320 -> core 6 - OK[0m[1;34m
[0m[1;34m	threadid 47539376461568 -> core 7 - OK[0m[1;34m
[0m[1;34m	threadid 47539378562816 -> core 10 - OK[0m[1;34m
[0m[1;34m	threadid 47539380664064 -> core 11 - OK[0m[1;34m
[0m[1;34m	threadid 47539382765312 -> core 12 - OK[0m[1;34m
[0m[1;34m	threadid 47539384866560 -> core 13 - OK[0m[1;34m
[0m[1;34m	threadid 47539386967808 -> core 14 - OK[0m[1;34m
[0m[1;34m	threadid 47539389069056 -> core 15 - OK[0m[1;34m
[0m[1;34m	threadid 47539391170304 -> core 16 - OK[0m[1;34m
[0m[1;34m	threadid 47539393271552 -> core 17 - OK[0m[1;34m
[0miterations: 120
Total iterations: 1074247680 LUP
FLOP: 89
Total work: 95608043520 FLOP
performance: 0.526360 GLUP/s
Performance in GFLOP/s: 46.845999
size: 9000000
time: 2.040901
