[1;34m[pthread wrapper] 
[0m[1;34m[pthread wrapper] MAIN -> 0
[0m[1;34m[pthread wrapper] PIN_MASK: [0m[1;34m0->1  [0m[1;34m1->2  [0m[1;34m2->3  [0m[1;34m3->10  [0m[1;34m4->11  [0m[1;34m5->12  [0m[1;34m6->13  [0m[1;34m
[pthread wrapper] SKIP MASK: 0x0
[0m[1;34m	threadid 47667753670400 -> core 1 - OK[0m[1;34m
[0m[1;34m	threadid 47667755771648 -> core 2 - OK[0m[1;34m
[0m[1;34m	threadid 47667757872896 -> core 3 - OK[0m[1;34m
[0m[1;34m	threadid 47667759974144 -> core 10 - OK[0m[1;34m
[0m[1;34m	threadid 47667762075392 -> core 11 - OK[0m[1;34m
[0m[1;34m	threadid 47667764176640 -> core 12 - OK[0m[1;34m
[0m[1;34m	threadid 47667766277888 -> core 13 - OK[0m[1;34m
[0miterations: 120
Total iterations: 1074247680 LUP
FLOP: 89
Total work: 95608043520 FLOP
performance: 0.263809 GLUP/s
Performance in GFLOP/s: 23.478990
size: 9000000
time: 4.072068
[1;34m[pthread wrapper] 
[0m[1;34m[pthread wrapper] MAIN -> 0
[0m[1;34m[pthread wrapper] PIN_MASK: [0m[1;34m0->1  [0m[1;34m1->2  [0m[1;34m2->3  [0m[1;34m3->10  [0m[1;34m4->11  [0m[1;34m5->12  [0m[1;34m6->13  [0m[1;34m
[pthread wrapper] SKIP MASK: 0x0
[0m[1;34m	threadid 46979154683648 -> core 1 - OK[0m[1;34m
[0m[1;34m	threadid 46979156784896 -> core 2 - OK[0m[1;34m
[0m[1;34m	threadid 46979158886144 -> core 3 - OK[0m[1;34m
[0m[1;34m	threadid 46979160987392 -> core 10 - OK[0m[1;34m
[0m[1;34m	threadid 46979163088640 -> core 11 - OK[0m[1;34m
[0m[1;34m	threadid 46979165189888 -> core 12 - OK[0m[1;34m
[0m[1;34m	threadid 46979167291136 -> core 13 - OK[0m[1;34m
[0miterations: 120
Total iterations: 1074247680 LUP
FLOP: 89
Total work: 95608043520 FLOP
performance: 0.263801 GLUP/s
Performance in GFLOP/s: 23.478315
size: 9000000
time: 4.072185
[1;34m[pthread wrapper] 
[0m[1;34m[pthread wrapper] MAIN -> 0
[0m[1;34m[pthread wrapper] PIN_MASK: [0m[1;34m0->1  [0m[1;34m1->2  [0m[1;34m2->3  [0m[1;34m3->10  [0m[1;34m4->11  [0m[1;34m5->12  [0m[1;34m6->13  [0m[1;34m
[pthread wrapper] SKIP MASK: 0x0
[0m[1;34m	threadid 47637915531008 -> core 1 - OK[0m[1;34m
[0m[1;34m	threadid 47637917632256 -> core 2 - OK[0m[1;34m
[0m[1;34m	threadid 47637919733504 -> core 3 - OK[0m[1;34m
[0m[1;34m	threadid 47637921834752 -> core 10 - OK[0m[1;34m
[0m[1;34m	threadid 47637923936000 -> core 11 - OK[0m[1;34m
[0m[1;34m	threadid 47637926037248 -> core 12 - OK[0m[1;34m
[0m[1;34m	threadid 47637928138496 -> core 13 - OK[0m[1;34m
[0miterations: 120
Total iterations: 1074247680 LUP
FLOP: 89
Total work: 95608043520 FLOP
performance: 0.263870 GLUP/s
Performance in GFLOP/s: 23.484464
size: 9000000
time: 4.071119
[1;34m[pthread wrapper] 
[0m[1;34m[pthread wrapper] MAIN -> 0
[0m[1;34m[pthread wrapper] PIN_MASK: [0m[1;34m0->1  [0m[1;34m1->2  [0m[1;34m2->3  [0m[1;34m3->10  [0m[1;34m4->11  [0m[1;34m5->12  [0m[1;34m6->13  [0m[1;34m
[pthread wrapper] SKIP MASK: 0x0
[0m[1;34m	threadid 47340476233472 -> core 1 - OK[0m[1;34m
[0m[1;34m	threadid 47340478334720 -> core 2 - OK[0m[1;34m
[0m[1;34m	threadid 47340480435968 -> core 3 - OK[0m[1;34m
[0m[1;34m	threadid 47340482537216 -> core 10 - OK[0m[1;34m
[0m[1;34m	threadid 47340484638464 -> core 11 - OK[0m[1;34m
[0m[1;34m	threadid 47340486739712 -> core 12 - OK[0m[1;34m
[0m[1;34m	threadid 47340488840960 -> core 13 - OK[0m[1;34m
[0miterations: 120
Total iterations: 1074247680 LUP
FLOP: 89
Total work: 95608043520 FLOP
performance: 0.263708 GLUP/s
Performance in GFLOP/s: 23.470051
size: 9000000
time: 4.073619
[1;34m[pthread wrapper] 
[0m[1;34m[pthread wrapper] MAIN -> 0
[0m[1;34m[pthread wrapper] PIN_MASK: [0m[1;34m0->1  [0m[1;34m1->2  [0m[1;34m2->3  [0m[1;34m3->10  [0m[1;34m4->11  [0m[1;34m5->12  [0m[1;34m6->13  [0m[1;34m
[pthread wrapper] SKIP MASK: 0x0
[0m[1;34m	threadid 47133403555584 -> core 1 - OK[0m[1;34m
[0m[1;34m	threadid 47133405656832 -> core 2 - OK[0m[1;34m
[0m[1;34m	threadid 47133407758080 -> core 3 - OK[0m[1;34m
[0m[1;34m	threadid 47133409859328 -> core 10 - OK[0m[1;34m
[0m[1;34m	threadid 47133411960576 -> core 11 - OK[0m[1;34m
[0m[1;34m	threadid 47133414061824 -> core 12 - OK[0m[1;34m
[0m[1;34m	threadid 47133416163072 -> core 13 - OK[0m[1;34m
[0miterations: 120
Total iterations: 1074247680 LUP
FLOP: 89
Total work: 95608043520 FLOP
performance: 0.263598 GLUP/s
Performance in GFLOP/s: 23.460249
size: 9000000
time: 4.075321
[1;34m[pthread wrapper] 
[0m[1;34m[pthread wrapper] MAIN -> 0
[0m[1;34m[pthread wrapper] PIN_MASK: [0m[1;34m0->1  [0m[1;34m1->2  [0m[1;34m2->3  [0m[1;34m3->10  [0m[1;34m4->11  [0m[1;34m5->12  [0m[1;34m6->13  [0m[1;34m
[pthread wrapper] SKIP MASK: 0x0
[0m[1;34m	threadid 47704070424320 -> core 1 - OK[0m[1;34m
[0m[1;34m	threadid 47704072525568 -> core 2 - OK[0m[1;34m
[0m[1;34m	threadid 47704074626816 -> core 3 - OK[0m[1;34m
[0m[1;34m	threadid 47704076728064 -> core 10 - OK[0m[1;34m
[0m[1;34m	threadid 47704078829312 -> core 11 - OK[0m[1;34m
[0m[1;34m	threadid 47704080930560 -> core 12 - OK[0m[1;34m
[0m[1;34m	threadid 47704083031808 -> core 13 - OK[0m[1;34m
[0miterations: 120
Total iterations: 1074247680 LUP
FLOP: 89
Total work: 95608043520 FLOP
performance: 0.263788 GLUP/s
Performance in GFLOP/s: 23.477104
size: 9000000
time: 4.072395
[1;34m[pthread wrapper] 
[0m[1;34m[pthread wrapper] MAIN -> 0
[0m[1;34m[pthread wrapper] PIN_MASK: [0m[1;34m0->1  [0m[1;34m1->2  [0m[1;34m2->3  [0m[1;34m3->10  [0m[1;34m4->11  [0m[1;34m5->12  [0m[1;34m6->13  [0m[1;34m
[pthread wrapper] SKIP MASK: 0x0
[0m[1;34m	threadid 47417350719232 -> core 1 - OK[0m[1;34m
[0m[1;34m	threadid 47417352820480 -> core 2 - OK[0m[1;34m
[0m[1;34m	threadid 47417354921728 -> core 3 - OK[0m[1;34m
[0m[1;34m	threadid 47417357022976 -> core 10 - OK[0m[1;34m
[0m[1;34m	threadid 47417359124224 -> core 11 - OK[0m[1;34m
[0m[1;34m	threadid 47417361225472 -> core 12 - OK[0m[1;34m
[0m[1;34m	threadid 47417363326720 -> core 13 - OK[0m[1;34m
[0miterations: 120
Total iterations: 1074247680 LUP
FLOP: 89
Total work: 95608043520 FLOP
performance: 0.264124 GLUP/s
Performance in GFLOP/s: 23.507011
size: 9000000
time: 4.067214
[1;34m[pthread wrapper] 
[0m[1;34m[pthread wrapper] MAIN -> 0
[0m[1;34m[pthread wrapper] PIN_MASK: [0m[1;34m0->1  [0m[1;34m1->2  [0m[1;34m2->3  [0m[1;34m3->10  [0m[1;34m4->11  [0m[1;34m5->12  [0m[1;34m6->13  [0m[1;34m
[pthread wrapper] SKIP MASK: 0x0
[0m[1;34m	threadid 47173427521280 -> core 1 - OK[0m[1;34m
[0m[1;34m	threadid 47173429622528 -> core 2 - OK[0m[1;34m
[0m[1;34m	threadid 47173431723776 -> core 3 - OK[0m[1;34m
[0m[1;34m	threadid 47173433825024 -> core 10 - OK[0m[1;34m
[0m[1;34m	threadid 47173435926272 -> core 11 - OK[0m[1;34m
[0m[1;34m	threadid 47173438027520 -> core 12 - OK[0m[1;34m
[0m[1;34m	threadid 47173440128768 -> core 13 - OK[0m[1;34m
[0miterations: 120
Total iterations: 1074247680 LUP
FLOP: 89
Total work: 95608043520 FLOP
performance: 0.263594 GLUP/s
Performance in GFLOP/s: 23.459892
size: 9000000
time: 4.075383
[1;34m[pthread wrapper] 
[0m[1;34m[pthread wrapper] MAIN -> 0
[0m[1;34m[pthread wrapper] PIN_MASK: [0m[1;34m0->1  [0m[1;34m1->2  [0m[1;34m2->3  [0m[1;34m3->10  [0m[1;34m4->11  [0m[1;34m5->12  [0m[1;34m6->13  [0m[1;34m
[pthread wrapper] SKIP MASK: 0x0
[0m[1;34m	threadid 47565848184576 -> core 1 - OK[0m[1;34m
[0m[1;34m	threadid 47565850285824 -> core 2 - OK[0m[1;34m
[0m[1;34m	threadid 47565852387072 -> core 3 - OK[0m[1;34m
[0m[1;34m	threadid 47565854488320 -> core 10 - OK[0m[1;34m
[0m[1;34m	threadid 47565856589568 -> core 11 - OK[0m[1;34m
[0m[1;34m	threadid 47565858690816 -> core 12 - OK[0m[1;34m
[0m[1;34m	threadid 47565860792064 -> core 13 - OK[0m[1;34m
[0miterations: 120
Total iterations: 1074247680 LUP
FLOP: 89
Total work: 95608043520 FLOP
performance: 0.246867 GLUP/s
Performance in GFLOP/s: 21.971137
size: 9000000
time: 4.351529
[1;34m[pthread wrapper] 
[0m[1;34m[pthread wrapper] MAIN -> 0
[0m[1;34m[pthread wrapper] PIN_MASK: [0m[1;34m0->1  [0m[1;34m1->2  [0m[1;34m2->3  [0m[1;34m3->10  [0m[1;34m4->11  [0m[1;34m5->12  [0m[1;34m6->13  [0m[1;34m
[pthread wrapper] SKIP MASK: 0x0
[0m[1;34m	threadid 47590478300928 -> core 1 - OK[0m[1;34m
[0m[1;34m	threadid 47590480402176 -> core 2 - OK[0m[1;34m
[0m[1;34m	threadid 47590482503424 -> core 3 - OK[0m[1;34m
[0m[1;34m	threadid 47590484604672 -> core 10 - OK[0m[1;34m
[0m[1;34m	threadid 47590486705920 -> core 11 - OK[0m[1;34m
[0m[1;34m	threadid 47590488807168 -> core 12 - OK[0m[1;34m
[0m[1;34m	threadid 47590490908416 -> core 13 - OK[0m[1;34m
[0miterations: 120
Total iterations: 1074247680 LUP
FLOP: 89
Total work: 95608043520 FLOP
performance: 0.263917 GLUP/s
Performance in GFLOP/s: 23.488577
size: 9000000
time: 4.070406
