iterations: 120
Total iterations: 29047680 LUP
FLOP: 89
Total work: 2585243520 FLOP
performance: 0.265121 GLUP/s
Performance in GFLOP/s: 23.595725
size: 250000
time: 0.109564
iterations: 120
Total iterations: 29047680 LUP
FLOP: 89
Total work: 2585243520 FLOP
performance: 0.265138 GLUP/s
Performance in GFLOP/s: 23.597265
size: 250000
time: 0.109557
iterations: 120
Total iterations: 29047680 LUP
FLOP: 89
Total work: 2585243520 FLOP
performance: 0.265123 GLUP/s
Performance in GFLOP/s: 23.595930
size: 250000
time: 0.109563
iterations: 120
Total iterations: 29047680 LUP
FLOP: 89
Total work: 2585243520 FLOP
performance: 0.265152 GLUP/s
Performance in GFLOP/s: 23.598549
size: 250000
time: 0.109551
iterations: 120
Total iterations: 29047680 LUP
FLOP: 89
Total work: 2585243520 FLOP
performance: 0.265111 GLUP/s
Performance in GFLOP/s: 23.594903
size: 250000
time: 0.109568
iterations: 120
Total iterations: 29047680 LUP
FLOP: 89
Total work: 2585243520 FLOP
performance: 0.265157 GLUP/s
Performance in GFLOP/s: 23.598960
size: 250000
time: 0.109549
iterations: 120
Total iterations: 29047680 LUP
FLOP: 89
Total work: 2585243520 FLOP
performance: 0.265160 GLUP/s
Performance in GFLOP/s: 23.599217
size: 250000
time: 0.109548
iterations: 120
Total iterations: 29047680 LUP
FLOP: 89
Total work: 2585243520 FLOP
performance: 0.264968 GLUP/s
Performance in GFLOP/s: 23.582177
size: 250000
time: 0.109627
iterations: 120
Total iterations: 29047680 LUP
FLOP: 89
Total work: 2585243520 FLOP
performance: 0.265148 GLUP/s
Performance in GFLOP/s: 23.598138
size: 250000
time: 0.109553
iterations: 120
Total iterations: 29047680 LUP
FLOP: 89
Total work: 2585243520 FLOP
performance: 0.264806 GLUP/s
Performance in GFLOP/s: 23.567774
size: 250000
time: 0.109694
