iterations: 200
Total iterations: 1790412800 LUP
FLOP: 89
Total work: 159346739200 FLOP
performance: 0.135154 GLUP/s
Performance in GFLOP/s: 12.028724
size: 9000000
time: 13.247186
iterations: 200
Total iterations: 1790412800 LUP
FLOP: 89
Total work: 159346739200 FLOP
performance: 0.135098 GLUP/s
Performance in GFLOP/s: 12.023728
size: 9000000
time: 13.252690
iterations: 200
Total iterations: 1790412800 LUP
FLOP: 89
Total work: 159346739200 FLOP
performance: 0.135192 GLUP/s
Performance in GFLOP/s: 12.032097
size: 9000000
time: 13.243472
iterations: 200
Total iterations: 1790412800 LUP
FLOP: 89
Total work: 159346739200 FLOP
performance: 0.135219 GLUP/s
Performance in GFLOP/s: 12.034483
size: 9000000
time: 13.240846
iterations: 200
Total iterations: 1790412800 LUP
FLOP: 89
Total work: 159346739200 FLOP
performance: 0.135213 GLUP/s
Performance in GFLOP/s: 12.033962
size: 9000000
time: 13.241420
iterations: 200
Total iterations: 1790412800 LUP
FLOP: 89
Total work: 159346739200 FLOP
performance: 0.135018 GLUP/s
Performance in GFLOP/s: 12.016635
size: 9000000
time: 13.260513
iterations: 200
Total iterations: 1790412800 LUP
FLOP: 89
Total work: 159346739200 FLOP
performance: 0.135190 GLUP/s
Performance in GFLOP/s: 12.031917
size: 9000000
time: 13.243670
iterations: 200
Total iterations: 1790412800 LUP
FLOP: 89
Total work: 159346739200 FLOP
performance: 0.135204 GLUP/s
Performance in GFLOP/s: 12.033127
size: 9000000
time: 13.242338
iterations: 200
Total iterations: 1790412800 LUP
FLOP: 89
Total work: 159346739200 FLOP
performance: 0.135177 GLUP/s
Performance in GFLOP/s: 12.030715
size: 9000000
time: 13.244993
iterations: 200
Total iterations: 1790412800 LUP
FLOP: 89
Total work: 159346739200 FLOP
performance: 0.135184 GLUP/s
Performance in GFLOP/s: 12.031366
size: 9000000
time: 13.244277
