[1;34m[pthread wrapper] 
[0m[1;34m[pthread wrapper] MAIN -> 0
[0m[1;34m[pthread wrapper] PIN_MASK: [0m[1;34m0->1  [0m[1;34m1->2  [0m[1;34m2->10  [0m[1;34m3->11  [0m[1;34m4->12  [0m[1;34m
[pthread wrapper] SKIP MASK: 0x0
[0m[1;34m	threadid 46928213841664 -> core 1 - OK[0m[1;34m
[0m[1;34m	threadid 46928215942912 -> core 2 - OK[0m[1;34m
[0m[1;34m	threadid 46928218044160 -> core 10 - OK[0m[1;34m
[0m[1;34m	threadid 46928220145408 -> core 11 - OK[0m[1;34m
[0m[1;34m	threadid 46928222246656 -> core 12 - OK[0m[1;34m
[0miterations: 120
Total iterations: 29047680 LUP
FLOP: 89
Total work: 2585243520 FLOP
performance: 0.176441 GLUP/s
Performance in GFLOP/s: 15.703271
size: 250000
time: 0.164631
[1;34m[pthread wrapper] 
[0m[1;34m[pthread wrapper] MAIN -> 0
[0m[1;34m[pthread wrapper] PIN_MASK: [0m[1;34m0->1  [0m[1;34m1->2  [0m[1;34m2->10  [0m[1;34m3->11  [0m[1;34m4->12  [0m[1;34m
[pthread wrapper] SKIP MASK: 0x0
[0m[1;34m	threadid 47448560068352 -> core 1 - OK[0m[1;34m
[0m[1;34m	threadid 47448562169600 -> core 2 - OK[0m[1;34m
[0m[1;34m	threadid 47448564270848 -> core 10 - OK[0m[1;34m
[0m[1;34m	threadid 47448566372096 -> core 11 - OK[0m[1;34m
[0m[1;34m	threadid 47448568473344 -> core 12 - OK[0m[1;34m
[0miterations: 120
Total iterations: 29047680 LUP
FLOP: 89
Total work: 2585243520 FLOP
performance: 0.176177 GLUP/s
Performance in GFLOP/s: 15.679746
size: 250000
time: 0.164878
[1;34m[pthread wrapper] 
[0m[1;34m[pthread wrapper] MAIN -> 0
[0m[1;34m[pthread wrapper] PIN_MASK: [0m[1;34m0->1  [0m[1;34m1->2  [0m[1;34m2->10  [0m[1;34m3->11  [0m[1;34m4->12  [0m[1;34m
[pthread wrapper] SKIP MASK: 0x0
[0m[1;34m	threadid 47263217198848 -> core 1 - OK[0m[1;34m
[0m[1;34m	threadid 47263219300096 -> core 2 - OK[0m[1;34m
[0m[1;34m	threadid 47263221401344 -> core 10 - OK[0m[1;34m
[0m[1;34m	threadid 47263223502592 -> core 11 - OK[0m[1;34m
[0m[1;34m	threadid 47263225603840 -> core 12 - OK[0m[1;34m
[0miterations: 120
Total iterations: 29047680 LUP
FLOP: 89
Total work: 2585243520 FLOP
performance: 0.176397 GLUP/s
Performance in GFLOP/s: 15.699361
size: 250000
time: 0.164672
[1;34m[pthread wrapper] 
[0m[1;34m[pthread wrapper] MAIN -> 0
[0m[1;34m[pthread wrapper] PIN_MASK: [0m[1;34m0->1  [0m[1;34m1->2  [0m[1;34m2->10  [0m[1;34m3->11  [0m[1;34m4->12  [0m[1;34m
[pthread wrapper] SKIP MASK: 0x0
[0m[1;34m	threadid 47569282733824 -> core 1 - OK[0m[1;34m
[0m[1;34m	threadid 47569284835072 -> core 2 - OK[0m[1;34m
[0m[1;34m	threadid 47569286936320 -> core 10 - OK[0m[1;34m
[0m[1;34m	threadid 47569289037568 -> core 11 - OK[0m[1;34m
[0m[1;34m	threadid 47569291138816 -> core 12 - OK[0m[1;34m
[0miterations: 120
Total iterations: 29047680 LUP
FLOP: 89
Total work: 2585243520 FLOP
performance: 0.176377 GLUP/s
Performance in GFLOP/s: 15.697542
size: 250000
time: 0.164691
[1;34m[pthread wrapper] 
[0m[1;34m[pthread wrapper] MAIN -> 0
[0m[1;34m[pthread wrapper] PIN_MASK: [0m[1;34m0->1  [0m[1;34m1->2  [0m[1;34m2->10  [0m[1;34m3->11  [0m[1;34m4->12  [0m[1;34m
[pthread wrapper] SKIP MASK: 0x0
[0m[1;34m	threadid 47678479718144 -> core 1 - OK[0m[1;34m
[0m[1;34m	threadid 47678481819392 -> core 2 - OK[0m[1;34m
[0m[1;34m	threadid 47678483920640 -> core 10 - OK[0m[1;34m
[0m[1;34m	threadid 47678486021888 -> core 11 - OK[0m[1;34m
[0m[1;34m	threadid 47678488123136 -> core 12 - OK[0m[1;34m
[0miterations: 120
Total iterations: 29047680 LUP
FLOP: 89
Total work: 2585243520 FLOP
performance: 0.176253 GLUP/s
Performance in GFLOP/s: 15.686483
size: 250000
time: 0.164807
[1;34m[pthread wrapper] 
[0m[1;34m[pthread wrapper] MAIN -> 0
[0m[1;34m[pthread wrapper] PIN_MASK: [0m[1;34m0->1  [0m[1;34m1->2  [0m[1;34m2->10  [0m[1;34m3->11  [0m[1;34m4->12  [0m[1;34m
[pthread wrapper] SKIP MASK: 0x0
[0m[1;34m	threadid 47812263442176 -> core 1 - OK[0m[1;34m
[0m[1;34m	threadid 47812265543424 -> core 2 - OK[0m[1;34m
[0m[1;34m	threadid 47812267644672 -> core 10 - OK[0m[1;34m
[0m[1;34m	threadid 47812269745920 -> core 11 - OK[0m[1;34m
[0m[1;34m	threadid 47812271847168 -> core 12 - OK[0m[1;34m
[0miterations: 120
Total iterations: 29047680 LUP
FLOP: 89
Total work: 2585243520 FLOP
performance: 0.176364 GLUP/s
Performance in GFLOP/s: 15.696384
size: 250000
time: 0.164703
[1;34m[pthread wrapper] 
[0m[1;34m[pthread wrapper] MAIN -> 0
[0m[1;34m[pthread wrapper] PIN_MASK: [0m[1;34m0->1  [0m[1;34m1->2  [0m[1;34m2->10  [0m[1;34m3->11  [0m[1;34m4->12  [0m[1;34m
[pthread wrapper] SKIP MASK: 0x0
[0m[1;34m	threadid 47769047484160 -> core 1 - OK[0m[1;34m
[0m[1;34m	threadid 47769049585408 -> core 2 - OK[0m[1;34m
[0m[1;34m	threadid 47769051686656 -> core 10 - OK[0m[1;34m
[0m[1;34m	threadid 47769053787904 -> core 11 - OK[0m[1;34m
[0m[1;34m	threadid 47769055889152 -> core 12 - OK[0m[1;34m
[0miterations: 120
Total iterations: 29047680 LUP
FLOP: 89
Total work: 2585243520 FLOP
performance: 0.176302 GLUP/s
Performance in GFLOP/s: 15.690864
size: 250000
time: 0.164761
[1;34m[pthread wrapper] 
[0m[1;34m[pthread wrapper] MAIN -> 0
[0m[1;34m[pthread wrapper] PIN_MASK: [0m[1;34m0->1  [0m[1;34m1->2  [0m[1;34m2->10  [0m[1;34m3->11  [0m[1;34m4->12  [0m[1;34m
[pthread wrapper] SKIP MASK: 0x0
[0m[1;34m	threadid 47671097210624 -> core 1 - OK[0m[1;34m
[0m[1;34m	threadid 47671099311872 -> core 2 - OK[0m[1;34m
[0m[1;34m	threadid 47671101413120 -> core 10 - OK[0m[1;34m
[0m[1;34m	threadid 47671103514368 -> core 11 - OK[0m[1;34m
[0m[1;34m	threadid 47671105615616 -> core 12 - OK[0m[1;34m
[0miterations: 120
Total iterations: 29047680 LUP
FLOP: 89
Total work: 2585243520 FLOP
performance: 0.176443 GLUP/s
Performance in GFLOP/s: 15.703453
size: 250000
time: 0.164629
[1;34m[pthread wrapper] 
[0m[1;34m[pthread wrapper] MAIN -> 0
[0m[1;34m[pthread wrapper] PIN_MASK: [0m[1;34m0->1  [0m[1;34m1->2  [0m[1;34m2->10  [0m[1;34m3->11  [0m[1;34m4->12  [0m[1;34m
[pthread wrapper] SKIP MASK: 0x0
[0m[1;34m	threadid 47121999574784 -> core 1 - OK[0m[1;34m
[0m[1;34m	threadid 47122001676032 -> core 2 - OK[0m[1;34m
[0m[1;34m	threadid 47122003777280 -> core 10 - OK[0m[1;34m
[0m[1;34m	threadid 47122005878528 -> core 11 - OK[0m[1;34m
[0m[1;34m	threadid 47122007979776 -> core 12 - OK[0m[1;34m
[0miterations: 120
Total iterations: 29047680 LUP
FLOP: 89
Total work: 2585243520 FLOP
performance: 0.176404 GLUP/s
Performance in GFLOP/s: 15.699929
size: 250000
time: 0.164666
[1;34m[pthread wrapper] 
[0m[1;34m[pthread wrapper] MAIN -> 0
[0m[1;34m[pthread wrapper] PIN_MASK: [0m[1;34m0->1  [0m[1;34m1->2  [0m[1;34m2->10  [0m[1;34m3->11  [0m[1;34m4->12  [0m[1;34m
[pthread wrapper] SKIP MASK: 0x0
[0m[1;34m	threadid 47113222932224 -> core 1 - OK[0m[1;34m
[0m[1;34m	threadid 47113225033472 -> core 2 - OK[0m[1;34m
[0m[1;34m	threadid 47113227134720 -> core 10 - OK[0m[1;34m
[0m[1;34m	threadid 47113229235968 -> core 11 - OK[0m[1;34m
[0m[1;34m	threadid 47113231337216 -> core 12 - OK[0m[1;34m
[0miterations: 120
Total iterations: 29047680 LUP
FLOP: 89
Total work: 2585243520 FLOP
performance: 0.176261 GLUP/s
Performance in GFLOP/s: 15.687255
size: 250000
time: 0.164799
