iterations: 120
Total iterations: 1074247680 LUP
FLOP: 89
Total work: 95608043520 FLOP
performance: 0.526497 GLUP/s
Performance in GFLOP/s: 46.858189
size: 9000000
time: 2.040370
iterations: 120
Total iterations: 1074247680 LUP
FLOP: 89
Total work: 95608043520 FLOP
performance: 0.526219 GLUP/s
Performance in GFLOP/s: 46.833514
size: 9000000
time: 2.041445
iterations: 120
Total iterations: 1074247680 LUP
FLOP: 89
Total work: 95608043520 FLOP
performance: 0.526178 GLUP/s
Performance in GFLOP/s: 46.829817
size: 9000000
time: 2.041606
iterations: 120
Total iterations: 1074247680 LUP
FLOP: 89
Total work: 95608043520 FLOP
performance: 0.525788 GLUP/s
Performance in GFLOP/s: 46.795137
size: 9000000
time: 2.043119
iterations: 120
Total iterations: 1074247680 LUP
FLOP: 89
Total work: 95608043520 FLOP
performance: 0.525534 GLUP/s
Performance in GFLOP/s: 46.772498
size: 9000000
time: 2.044108
iterations: 120
Total iterations: 1074247680 LUP
FLOP: 89
Total work: 95608043520 FLOP
performance: 0.526599 GLUP/s
Performance in GFLOP/s: 46.867352
size: 9000000
time: 2.039971
iterations: 120
Total iterations: 1074247680 LUP
FLOP: 89
Total work: 95608043520 FLOP
performance: 0.525370 GLUP/s
Performance in GFLOP/s: 46.757958
size: 9000000
time: 2.044744
iterations: 120
Total iterations: 1074247680 LUP
FLOP: 89
Total work: 95608043520 FLOP
performance: 0.525792 GLUP/s
Performance in GFLOP/s: 46.795509
size: 9000000
time: 2.043103
iterations: 120
Total iterations: 1074247680 LUP
FLOP: 89
Total work: 95608043520 FLOP
performance: 0.526341 GLUP/s
Performance in GFLOP/s: 46.844368
size: 9000000
time: 2.040972
iterations: 120
Total iterations: 1074247680 LUP
FLOP: 89
Total work: 95608043520 FLOP
performance: 0.525596 GLUP/s
Performance in GFLOP/s: 46.778057
size: 9000000
time: 2.043865
