iterations: 200
Total iterations: 48412800 LUP
FLOP: 89
Total work: 4308739200 FLOP
performance: 0.176298 GLUP/s
Performance in GFLOP/s: 15.690515
size: 250000
time: 0.274608
iterations: 200
Total iterations: 48412800 LUP
FLOP: 89
Total work: 4308739200 FLOP
performance: 0.176375 GLUP/s
Performance in GFLOP/s: 15.697370
size: 250000
time: 0.274488
iterations: 200
Total iterations: 48412800 LUP
FLOP: 89
Total work: 4308739200 FLOP
performance: 0.176290 GLUP/s
Performance in GFLOP/s: 15.689833
size: 250000
time: 0.274620
iterations: 200
Total iterations: 48412800 LUP
FLOP: 89
Total work: 4308739200 FLOP
performance: 0.176335 GLUP/s
Performance in GFLOP/s: 15.693771
size: 250000
time: 0.274551
iterations: 200
Total iterations: 48412800 LUP
FLOP: 89
Total work: 4308739200 FLOP
performance: 0.176328 GLUP/s
Performance in GFLOP/s: 15.693199
size: 250000
time: 0.274561
iterations: 200
Total iterations: 48412800 LUP
FLOP: 89
Total work: 4308739200 FLOP
performance: 0.176252 GLUP/s
Performance in GFLOP/s: 15.686456
size: 250000
time: 0.274679
iterations: 200
Total iterations: 48412800 LUP
FLOP: 89
Total work: 4308739200 FLOP
performance: 0.176349 GLUP/s
Performance in GFLOP/s: 15.695079
size: 250000
time: 0.274528
iterations: 200
Total iterations: 48412800 LUP
FLOP: 89
Total work: 4308739200 FLOP
performance: 0.176340 GLUP/s
Performance in GFLOP/s: 15.694275
size: 250000
time: 0.274542
iterations: 200
Total iterations: 48412800 LUP
FLOP: 89
Total work: 4308739200 FLOP
performance: 0.176331 GLUP/s
Performance in GFLOP/s: 15.693417
size: 250000
time: 0.274557
iterations: 200
Total iterations: 48412800 LUP
FLOP: 89
Total work: 4308739200 FLOP
performance: 0.176377 GLUP/s
Performance in GFLOP/s: 15.697533
size: 250000
time: 0.274485
