iterations: 120
Total iterations: 1074247680 LUP
FLOP: 89
Total work: 95608043520 FLOP
performance: 0.333309 GLUP/s
Performance in GFLOP/s: 29.664466
size: 9000000
time: 3.222982
iterations: 120
Total iterations: 1074247680 LUP
FLOP: 89
Total work: 95608043520 FLOP
performance: 0.333250 GLUP/s
Performance in GFLOP/s: 29.659257
size: 9000000
time: 3.223548
iterations: 120
Total iterations: 1074247680 LUP
FLOP: 89
Total work: 95608043520 FLOP
performance: 0.333293 GLUP/s
Performance in GFLOP/s: 29.663050
size: 9000000
time: 3.223136
iterations: 120
Total iterations: 1074247680 LUP
FLOP: 89
Total work: 95608043520 FLOP
performance: 0.333314 GLUP/s
Performance in GFLOP/s: 29.664946
size: 9000000
time: 3.222930
iterations: 120
Total iterations: 1074247680 LUP
FLOP: 89
Total work: 95608043520 FLOP
performance: 0.333155 GLUP/s
Performance in GFLOP/s: 29.650814
size: 9000000
time: 3.224466
iterations: 120
Total iterations: 1074247680 LUP
FLOP: 89
Total work: 95608043520 FLOP
performance: 0.332671 GLUP/s
Performance in GFLOP/s: 29.607713
size: 9000000
time: 3.229160
iterations: 120
Total iterations: 1074247680 LUP
FLOP: 89
Total work: 95608043520 FLOP
performance: 0.333200 GLUP/s
Performance in GFLOP/s: 29.654824
size: 9000000
time: 3.224030
iterations: 120
Total iterations: 1074247680 LUP
FLOP: 89
Total work: 95608043520 FLOP
performance: 0.333280 GLUP/s
Performance in GFLOP/s: 29.661898
size: 9000000
time: 3.223261
iterations: 120
Total iterations: 1074247680 LUP
FLOP: 89
Total work: 95608043520 FLOP
performance: 0.333111 GLUP/s
Performance in GFLOP/s: 29.646844
size: 9000000
time: 3.224898
iterations: 120
Total iterations: 1074247680 LUP
FLOP: 89
Total work: 95608043520 FLOP
performance: 0.332025 GLUP/s
Performance in GFLOP/s: 29.550255
size: 9000000
time: 3.235439
