[1;34m[pthread wrapper] 
[0m[1;34m[pthread wrapper] MAIN -> 0
[0m[1;34m[pthread wrapper] PIN_MASK: [0m[1;34m0->1  [0m[1;34m1->2  [0m[1;34m2->3  [0m[1;34m
[pthread wrapper] SKIP MASK: 0x0
[0m[1;34m	threadid 46968719546112 -> core 1 - OK[0m[1;34m
[0m[1;34m	threadid 46968721647360 -> core 2 - OK[0m[1;34m
[0m[1;34m	threadid 46968723748608 -> core 3 - OK[0m[1;34m
[0miterations: 120
Total iterations: 1074247680 LUP
FLOP: 89
Total work: 95608043520 FLOP
performance: 0.135556 GLUP/s
Performance in GFLOP/s: 12.064463
size: 9000000
time: 7.924766
[1;34m[pthread wrapper] 
[0m[1;34m[pthread wrapper] MAIN -> 0
[0m[1;34m[pthread wrapper] PIN_MASK: [0m[1;34m0->1  [0m[1;34m1->2  [0m[1;34m2->3  [0m[1;34m
[pthread wrapper] SKIP MASK: 0x0
[0m[1;34m	threadid 47910518916864 -> core 1 - OK[0m[1;34m
[0m[1;34m	threadid 47910521018112 -> core 2 - OK[0m[1;34m
[0m[1;34m	threadid 47910523119360 -> core 3 - OK[0m[1;34m
[0miterations: 120
Total iterations: 1074247680 LUP
FLOP: 89
Total work: 95608043520 FLOP
performance: 0.135570 GLUP/s
Performance in GFLOP/s: 12.065740
size: 9000000
time: 7.923927
[1;34m[pthread wrapper] 
[0m[1;34m[pthread wrapper] MAIN -> 0
[0m[1;34m[pthread wrapper] PIN_MASK: [0m[1;34m0->1  [0m[1;34m1->2  [0m[1;34m2->3  [0m[1;34m
[pthread wrapper] SKIP MASK: 0x0
[0m[1;34m	threadid 47486223755008 -> core 1 - OK[0m[1;34m
[0m[1;34m	threadid 47486225856256 -> core 2 - OK[0m[1;34m
[0m[1;34m	threadid 47486227957504 -> core 3 - OK[0m[1;34m
[0miterations: 120
Total iterations: 1074247680 LUP
FLOP: 89
Total work: 95608043520 FLOP
performance: 0.135578 GLUP/s
Performance in GFLOP/s: 12.066413
size: 9000000
time: 7.923485
[1;34m[pthread wrapper] 
[0m[1;34m[pthread wrapper] MAIN -> 0
[0m[1;34m[pthread wrapper] PIN_MASK: [0m[1;34m0->1  [0m[1;34m1->2  [0m[1;34m2->3  [0m[1;34m
[pthread wrapper] SKIP MASK: 0x0
[0m[1;34m	threadid 47070422083328 -> core 1 - OK[0m[1;34m
[0m[1;34m	threadid 47070424184576 -> core 2 - OK[0m[1;34m
[0m[1;34m	threadid 47070426285824 -> core 3 - OK[0m[1;34m
[0miterations: 120
Total iterations: 1074247680 LUP
FLOP: 89
Total work: 95608043520 FLOP
performance: 0.135567 GLUP/s
Performance in GFLOP/s: 12.065493
size: 9000000
time: 7.924089
[1;34m[pthread wrapper] 
[0m[1;34m[pthread wrapper] MAIN -> 0
[0m[1;34m[pthread wrapper] PIN_MASK: [0m[1;34m0->1  [0m[1;34m1->2  [0m[1;34m2->3  [0m[1;34m
[pthread wrapper] SKIP MASK: 0x0
[0m[1;34m	threadid 47619435915008 -> core 1 - OK[0m[1;34m
[0m[1;34m	threadid 47619438016256 -> core 2 - OK[0m[1;34m
[0m[1;34m	threadid 47619440117504 -> core 3 - OK[0m[1;34m
[0miterations: 120
Total iterations: 1074247680 LUP
FLOP: 89
Total work: 95608043520 FLOP
performance: 0.135579 GLUP/s
Performance in GFLOP/s: 12.066523
size: 9000000
time: 7.923413
[1;34m[pthread wrapper] 
[0m[1;34m[pthread wrapper] MAIN -> 0
[0m[1;34m[pthread wrapper] PIN_MASK: [0m[1;34m0->1  [0m[1;34m1->2  [0m[1;34m2->3  [0m[1;34m
[pthread wrapper] SKIP MASK: 0x0
[0m[1;34m	threadid 47881518995200 -> core 1 - OK[0m[1;34m
[0m[1;34m	threadid 47881521096448 -> core 2 - OK[0m[1;34m
[0m[1;34m	threadid 47881523197696 -> core 3 - OK[0m[1;34m
[0miterations: 120
Total iterations: 1074247680 LUP
FLOP: 89
Total work: 95608043520 FLOP
performance: 0.135520 GLUP/s
Performance in GFLOP/s: 12.061294
size: 9000000
time: 7.926848
[1;34m[pthread wrapper] 
[0m[1;34m[pthread wrapper] MAIN -> 0
[0m[1;34m[pthread wrapper] PIN_MASK: [0m[1;34m0->1  [0m[1;34m1->2  [0m[1;34m2->3  [0m[1;34m
[pthread wrapper] SKIP MASK: 0x0
[0m[1;34m	threadid 47704140343040 -> core 1 - OK[0m[1;34m
[0m[1;34m	threadid 47704142444288 -> core 2 - OK[0m[1;34m
[0m[1;34m	threadid 47704144545536 -> core 3 - OK[0m[1;34m
[0miterations: 120
Total iterations: 1074247680 LUP
FLOP: 89
Total work: 95608043520 FLOP
performance: 0.135536 GLUP/s
Performance in GFLOP/s: 12.062709
size: 9000000
time: 7.925918
[1;34m[pthread wrapper] 
[0m[1;34m[pthread wrapper] MAIN -> 0
[0m[1;34m[pthread wrapper] PIN_MASK: [0m[1;34m0->1  [0m[1;34m1->2  [0m[1;34m2->3  [0m[1;34m
[pthread wrapper] SKIP MASK: 0x0
[0m[1;34m	threadid 47696722212608 -> core 1 - OK[0m[1;34m
[0m[1;34m	threadid 47696724313856 -> core 2 - OK[0m[1;34m
[0m[1;34m	threadid 47696726415104 -> core 3 - OK[0m[1;34m
[0miterations: 120
Total iterations: 1074247680 LUP
FLOP: 89
Total work: 95608043520 FLOP
performance: 0.135568 GLUP/s
Performance in GFLOP/s: 12.065516
size: 9000000
time: 7.924074
[1;34m[pthread wrapper] 
[0m[1;34m[pthread wrapper] MAIN -> 0
[0m[1;34m[pthread wrapper] PIN_MASK: [0m[1;34m0->1  [0m[1;34m1->2  [0m[1;34m2->3  [0m[1;34m
[pthread wrapper] SKIP MASK: 0x0
[0m[1;34m	threadid 47948781123328 -> core 1 - OK[0m[1;34m
[0m[1;34m	threadid 47948783224576 -> core 2 - OK[0m[1;34m
[0m[1;34m	threadid 47948785325824 -> core 3 - OK[0m[1;34m
[0miterations: 120
Total iterations: 1074247680 LUP
FLOP: 89
Total work: 95608043520 FLOP
performance: 0.135532 GLUP/s
Performance in GFLOP/s: 12.062356
size: 9000000
time: 7.926150
[1;34m[pthread wrapper] 
[0m[1;34m[pthread wrapper] MAIN -> 0
[0m[1;34m[pthread wrapper] PIN_MASK: [0m[1;34m0->1  [0m[1;34m1->2  [0m[1;34m2->3  [0m[1;34m
[pthread wrapper] SKIP MASK: 0x0
[0m[1;34m	threadid 46932555958016 -> core 1 - OK[0m[1;34m
[0m[1;34m	threadid 46932558059264 -> core 2 - OK[0m[1;34m
[0m[1;34m	threadid 46932560160512 -> core 3 - OK[0m[1;34m
[0miterations: 120
Total iterations: 1074247680 LUP
FLOP: 89
Total work: 95608043520 FLOP
performance: 0.135527 GLUP/s
Performance in GFLOP/s: 12.061878
size: 9000000
time: 7.926464
