[1;34m[pthread wrapper] 
[0m[1;34m[pthread wrapper] MAIN -> 0
[0m[1;34m[pthread wrapper] PIN_MASK: [0m[1;34m0->1  [0m[1;34m1->10  [0m[1;34m2->11  [0m[1;34m
[pthread wrapper] SKIP MASK: 0x0
[0m[1;34m	threadid 47489433528064 -> core 1 - OK[0m[1;34m
[0m[1;34m	threadid 47489435629312 -> core 10 - OK[0m[1;34m
[0m[1;34m	threadid 47489437730560 -> core 11 - OK[0m[1;34m
[0miterations: 120
Total iterations: 1074247680 LUP
FLOP: 89
Total work: 95608043520 FLOP
performance: 0.134740 GLUP/s
Performance in GFLOP/s: 11.991832
size: 9000000
time: 7.972764
[1;34m[pthread wrapper] 
[0m[1;34m[pthread wrapper] MAIN -> 0
[0m[1;34m[pthread wrapper] PIN_MASK: [0m[1;34m0->1  [0m[1;34m1->10  [0m[1;34m2->11  [0m[1;34m
[pthread wrapper] SKIP MASK: 0x0
[0m[1;34m	threadid 47754532415232 -> core 1 - OK[0m[1;34m
[0m[1;34m	threadid 47754534516480 -> core 10 - OK[0m[1;34m
[0m[1;34m	threadid 47754536617728 -> core 11 - OK[0m[1;34m
[0miterations: 120
Total iterations: 1074247680 LUP
FLOP: 89
Total work: 95608043520 FLOP
performance: 0.134816 GLUP/s
Performance in GFLOP/s: 11.998637
size: 9000000
time: 7.968242
[1;34m[pthread wrapper] 
[0m[1;34m[pthread wrapper] MAIN -> 0
[0m[1;34m[pthread wrapper] PIN_MASK: [0m[1;34m0->1  [0m[1;34m1->10  [0m[1;34m2->11  [0m[1;34m
[pthread wrapper] SKIP MASK: 0x0
[0m[1;34m	threadid 47160466634496 -> core 1 - OK[0m[1;34m
[0m[1;34m	threadid 47160468735744 -> core 10 - OK[0m[1;34m
[0m[1;34m	threadid 47160470836992 -> core 11 - OK[0m[1;34m
[0miterations: 120
Total iterations: 1074247680 LUP
FLOP: 89
Total work: 95608043520 FLOP
performance: 0.134733 GLUP/s
Performance in GFLOP/s: 11.991212
size: 9000000
time: 7.973176
[1;34m[pthread wrapper] 
[0m[1;34m[pthread wrapper] MAIN -> 0
[0m[1;34m[pthread wrapper] PIN_MASK: [0m[1;34m0->1  [0m[1;34m1->10  [0m[1;34m2->11  [0m[1;34m
[pthread wrapper] SKIP MASK: 0x0
[0m[1;34m	threadid 47169302402816 -> core 1 - OK[0m[1;34m
[0m[1;34m	threadid 47169304504064 -> core 10 - OK[0m[1;34m
[0m[1;34m	threadid 47169306605312 -> core 11 - OK[0m[1;34m
[0miterations: 120
Total iterations: 1074247680 LUP
FLOP: 89
Total work: 95608043520 FLOP
performance: 0.134755 GLUP/s
Performance in GFLOP/s: 11.993231
size: 9000000
time: 7.971834
[1;34m[pthread wrapper] 
[0m[1;34m[pthread wrapper] MAIN -> 0
[0m[1;34m[pthread wrapper] PIN_MASK: [0m[1;34m0->1  [0m[1;34m1->10  [0m[1;34m2->11  [0m[1;34m
[pthread wrapper] SKIP MASK: 0x0
[0m[1;34m	threadid 47909863466752 -> core 1 - OK[0m[1;34m
[0m[1;34m	threadid 47909865568000 -> core 10 - OK[0m[1;34m
[0m[1;34m	threadid 47909867669248 -> core 11 - OK[0m[1;34m
[0miterations: 120
Total iterations: 1074247680 LUP
FLOP: 89
Total work: 95608043520 FLOP
performance: 0.134832 GLUP/s
Performance in GFLOP/s: 12.000016
size: 9000000
time: 7.967326
[1;34m[pthread wrapper] 
[0m[1;34m[pthread wrapper] MAIN -> 0
[0m[1;34m[pthread wrapper] PIN_MASK: [0m[1;34m0->1  [0m[1;34m1->10  [0m[1;34m2->11  [0m[1;34m
[pthread wrapper] SKIP MASK: 0x0
[0m[1;34m	threadid 47927162652416 -> core 1 - OK[0m[1;34m
[0m[1;34m	threadid 47927164753664 -> core 10 - OK[0m[1;34m
[0m[1;34m	threadid 47927166854912 -> core 11 - OK[0m[1;34m
[0miterations: 120
Total iterations: 1074247680 LUP
FLOP: 89
Total work: 95608043520 FLOP
performance: 0.134763 GLUP/s
Performance in GFLOP/s: 11.993873
size: 9000000
time: 7.971407
[1;34m[pthread wrapper] 
[0m[1;34m[pthread wrapper] MAIN -> 0
[0m[1;34m[pthread wrapper] PIN_MASK: [0m[1;34m0->1  [0m[1;34m1->10  [0m[1;34m2->11  [0m[1;34m
[pthread wrapper] SKIP MASK: 0x0
[0m[1;34m	threadid 47770304182016 -> core 1 - OK[0m[1;34m
[0m[1;34m	threadid 47770306283264 -> core 10 - OK[0m[1;34m
[0m[1;34m	threadid 47770308384512 -> core 11 - OK[0m[1;34m
[0miterations: 120
Total iterations: 1074247680 LUP
FLOP: 89
Total work: 95608043520 FLOP
performance: 0.134781 GLUP/s
Performance in GFLOP/s: 11.995488
size: 9000000
time: 7.970334
[1;34m[pthread wrapper] 
[0m[1;34m[pthread wrapper] MAIN -> 0
[0m[1;34m[pthread wrapper] PIN_MASK: [0m[1;34m0->1  [0m[1;34m1->10  [0m[1;34m2->11  [0m[1;34m
[pthread wrapper] SKIP MASK: 0x0
[0m[1;34m	threadid 47474145613568 -> core 1 - OK[0m[1;34m
[0m[1;34m	threadid 47474147714816 -> core 10 - OK[0m[1;34m
[0m[1;34m	threadid 47474149816064 -> core 11 - OK[0m[1;34m
[0miterations: 120
Total iterations: 1074247680 LUP
FLOP: 89
Total work: 95608043520 FLOP
performance: 0.134728 GLUP/s
Performance in GFLOP/s: 11.990794
size: 9000000
time: 7.973454
[1;34m[pthread wrapper] 
[0m[1;34m[pthread wrapper] MAIN -> 0
[0m[1;34m[pthread wrapper] PIN_MASK: [0m[1;34m0->1  [0m[1;34m1->10  [0m[1;34m2->11  [0m[1;34m
[pthread wrapper] SKIP MASK: 0x0
[0m[1;34m	threadid 47510337611520 -> core 1 - OK[0m[1;34m
[0m[1;34m	threadid 47510339712768 -> core 10 - OK[0m[1;34m
[0m[1;34m	threadid 47510341814016 -> core 11 - OK[0m[1;34m
[0miterations: 120
Total iterations: 1074247680 LUP
FLOP: 89
Total work: 95608043520 FLOP
performance: 0.134927 GLUP/s
Performance in GFLOP/s: 12.008460
size: 9000000
time: 7.961724
[1;34m[pthread wrapper] 
[0m[1;34m[pthread wrapper] MAIN -> 0
[0m[1;34m[pthread wrapper] PIN_MASK: [0m[1;34m0->1  [0m[1;34m1->10  [0m[1;34m2->11  [0m[1;34m
[pthread wrapper] SKIP MASK: 0x0
[0m[1;34m	threadid 47222401431296 -> core 1 - OK[0m[1;34m
[0m[1;34m	threadid 47222403532544 -> core 10 - OK[0m[1;34m
[0m[1;34m	threadid 47222405633792 -> core 11 - OK[0m[1;34m
[0miterations: 120
Total iterations: 1074247680 LUP
FLOP: 89
Total work: 95608043520 FLOP
performance: 0.134698 GLUP/s
Performance in GFLOP/s: 11.988157
size: 9000000
time: 7.975208
