[1;34m[pthread wrapper] 
[0m[1;34m[pthread wrapper] MAIN -> 0
[0m[1;34m[pthread wrapper] PIN_MASK: [0m[1;34m0->1  [0m[1;34m1->2  [0m[1;34m2->3  [0m[1;34m3->4  [0m[1;34m4->5  [0m[1;34m5->6  [0m[1;34m6->7  [0m[1;34m7->8  [0m[1;34m8->9  [0m[1;34m
[pthread wrapper] SKIP MASK: 0x0
[0m[1;34m	threadid 47304313661184 -> core 1 - OK[0m[1;34m
[0m[1;34m	threadid 47304315762432 -> core 2 - OK[0m[1;34m
[0m[1;34m	threadid 47304317863680 -> core 3 - OK[0m[1;34m
[0m[1;34m	threadid 47304319964928 -> core 4 - OK[0m[1;34m
[0m[1;34m	threadid 47304322066176 -> core 5 - OK[0m[1;34m
[0m[1;34m	threadid 47304324167424 -> core 6 - OK[0m[1;34m
[0m[1;34m	threadid 47304326268672 -> core 7 - OK[0m[1;34m
[0m[1;34m	threadid 47304328369920 -> core 8 - OK[0m[1;34m
[0m[1;34m	threadid 47304330471168 -> core 9 - OK[0m[1;34m
[0miterations: 200
Total iterations: 48412800 LUP
FLOP: 89
Total work: 4308739200 FLOP
performance: 0.265905 GLUP/s
Performance in GFLOP/s: 23.665566
size: 250000
time: 0.182068
[1;34m[pthread wrapper] 
[0m[1;34m[pthread wrapper] MAIN -> 0
[0m[1;34m[pthread wrapper] PIN_MASK: [0m[1;34m0->1  [0m[1;34m1->2  [0m[1;34m2->3  [0m[1;34m3->4  [0m[1;34m4->5  [0m[1;34m5->6  [0m[1;34m6->7  [0m[1;34m7->8  [0m[1;34m8->9  [0m[1;34m
[pthread wrapper] SKIP MASK: 0x0
[0m[1;34m	threadid 47135238764288 -> core 1 - OK[0m[1;34m
[0m[1;34m	threadid 47135240865536 -> core 2 - OK[0m[1;34m
[0m[1;34m	threadid 47135242966784 -> core 3 - OK[0m[1;34m
[0m[1;34m	threadid 47135245068032 -> core 4 - OK[0m[1;34m
[0m[1;34m	threadid 47135247169280 -> core 5 - OK[0m[1;34m
[0m[1;34m	threadid 47135249270528 -> core 6 - OK[0m[1;34m
[0m[1;34m	threadid 47135251371776 -> core 7 - OK[0m[1;34m
[0m[1;34m	threadid 47135253473024 -> core 8 - OK[0m[1;34m
[0m[1;34m	threadid 47135255574272 -> core 9 - OK[0m[1;34m
[0miterations: 200
Total iterations: 48412800 LUP
FLOP: 89
Total work: 4308739200 FLOP
performance: 0.265900 GLUP/s
Performance in GFLOP/s: 23.665132
size: 250000
time: 0.182071
[1;34m[pthread wrapper] 
[0m[1;34m[pthread wrapper] MAIN -> 0
[0m[1;34m[pthread wrapper] PIN_MASK: [0m[1;34m0->1  [0m[1;34m1->2  [0m[1;34m2->3  [0m[1;34m3->4  [0m[1;34m4->5  [0m[1;34m5->6  [0m[1;34m6->7  [0m[1;34m7->8  [0m[1;34m8->9  [0m[1;34m
[pthread wrapper] SKIP MASK: 0x0
[0m[1;34m	threadid 47076623279872 -> core 1 - OK[0m[1;34m
[0m[1;34m	threadid 47076625381120 -> core 2 - OK[0m[1;34m
[0m[1;34m	threadid 47076627482368 -> core 3 - OK[0m[1;34m
[0m[1;34m	threadid 47076629583616 -> core 4 - OK[0m[1;34m
[0m[1;34m	threadid 47076631684864 -> core 5 - OK[0m[1;34m
[0m[1;34m	threadid 47076633786112 -> core 6 - OK[0m[1;34m
[0m[1;34m	threadid 47076635887360 -> core 7 - OK[0m[1;34m
[0m[1;34m	threadid 47076637988608 -> core 8 - OK[0m[1;34m
[0m[1;34m	threadid 47076640089856 -> core 9 - OK[0m[1;34m
[0miterations: 200
Total iterations: 48412800 LUP
FLOP: 89
Total work: 4308739200 FLOP
performance: 0.265829 GLUP/s
Performance in GFLOP/s: 23.658781
size: 250000
time: 0.182120
[1;34m[pthread wrapper] 
[0m[1;34m[pthread wrapper] MAIN -> 0
[0m[1;34m[pthread wrapper] PIN_MASK: [0m[1;34m0->1  [0m[1;34m1->2  [0m[1;34m2->3  [0m[1;34m3->4  [0m[1;34m4->5  [0m[1;34m5->6  [0m[1;34m6->7  [0m[1;34m7->8  [0m[1;34m8->9  [0m[1;34m
[pthread wrapper] SKIP MASK: 0x0
[0m[1;34m	threadid 47403651606272 -> core 1 - OK[0m[1;34m
[0m[1;34m	threadid 47403653707520 -> core 2 - OK[0m[1;34m
[0m[1;34m	threadid 47403655808768 -> core 3 - OK[0m[1;34m
[0m[1;34m	threadid 47403657910016 -> core 4 - OK[0m[1;34m
[0m[1;34m	threadid 47403660011264 -> core 5 - OK[0m[1;34m
[0m[1;34m	threadid 47403662112512 -> core 6 - OK[0m[1;34m
[0m[1;34m	threadid 47403664213760 -> core 7 - OK[0m[1;34m
[0m[1;34m	threadid 47403666315008 -> core 8 - OK[0m[1;34m
[0m[1;34m	threadid 47403668416256 -> core 9 - OK[0m[1;34m
[0miterations: 200
Total iterations: 48412800 LUP
FLOP: 89
Total work: 4308739200 FLOP
performance: 0.265620 GLUP/s
Performance in GFLOP/s: 23.640212
size: 250000
time: 0.182263
[1;34m[pthread wrapper] 
[0m[1;34m[pthread wrapper] MAIN -> 0
[0m[1;34m[pthread wrapper] PIN_MASK: [0m[1;34m0->1  [0m[1;34m1->2  [0m[1;34m2->3  [0m[1;34m3->4  [0m[1;34m4->5  [0m[1;34m5->6  [0m[1;34m6->7  [0m[1;34m7->8  [0m[1;34m8->9  [0m[1;34m
[pthread wrapper] SKIP MASK: 0x0
[0m[1;34m	threadid 47320118429440 -> core 1 - OK[0m[1;34m
[0m[1;34m	threadid 47320120530688 -> core 2 - OK[0m[1;34m
[0m[1;34m	threadid 47320122631936 -> core 3 - OK[0m[1;34m
[0m[1;34m	threadid 47320124733184 -> core 4 - OK[0m[1;34m
[0m[1;34m	threadid 47320126834432 -> core 5 - OK[0m[1;34m
[0m[1;34m	threadid 47320128935680 -> core 6 - OK[0m[1;34m
[0m[1;34m	threadid 47320131036928 -> core 7 - OK[0m[1;34m
[0m[1;34m	threadid 47320133138176 -> core 8 - OK[0m[1;34m
[0m[1;34m	threadid 47320135239424 -> core 9 - OK[0m[1;34m
[0miterations: 200
Total iterations: 48412800 LUP
FLOP: 89
Total work: 4308739200 FLOP
performance: 0.265917 GLUP/s
Performance in GFLOP/s: 23.666589
size: 250000
time: 0.182060
[1;34m[pthread wrapper] 
[0m[1;34m[pthread wrapper] MAIN -> 0
[0m[1;34m[pthread wrapper] PIN_MASK: [0m[1;34m0->1  [0m[1;34m1->2  [0m[1;34m2->3  [0m[1;34m3->4  [0m[1;34m4->5  [0m[1;34m5->6  [0m[1;34m6->7  [0m[1;34m7->8  [0m[1;34m8->9  [0m[1;34m
[pthread wrapper] SKIP MASK: 0x0
[0m[1;34m	threadid 47288516736768 -> core 1 - OK[0m[1;34m
[0m[1;34m	threadid 47288518838016 -> core 2 - OK[0m[1;34m
[0m[1;34m	threadid 47288520939264 -> core 3 - OK[0m[1;34m
[0m[1;34m	threadid 47288523040512 -> core 4 - OK[0m[1;34m
[0m[1;34m	threadid 47288525141760 -> core 5 - OK[0m[1;34m
[0m[1;34m	threadid 47288527243008 -> core 6 - OK[0m[1;34m
[0m[1;34m	threadid 47288529344256 -> core 7 - OK[0m[1;34m
[0m[1;34m	threadid 47288531445504 -> core 8 - OK[0m[1;34m
[0m[1;34m	threadid 47288533546752 -> core 9 - OK[0m[1;34m
[0miterations: 200
Total iterations: 48412800 LUP
FLOP: 89
Total work: 4308739200 FLOP
performance: 0.265787 GLUP/s
Performance in GFLOP/s: 23.655003
size: 250000
time: 0.182149
[1;34m[pthread wrapper] 
[0m[1;34m[pthread wrapper] MAIN -> 0
[0m[1;34m[pthread wrapper] PIN_MASK: [0m[1;34m0->1  [0m[1;34m1->2  [0m[1;34m2->3  [0m[1;34m3->4  [0m[1;34m4->5  [0m[1;34m5->6  [0m[1;34m6->7  [0m[1;34m7->8  [0m[1;34m8->9  [0m[1;34m
[pthread wrapper] SKIP MASK: 0x0
[0m[1;34m	threadid 47682000582400 -> core 1 - OK[0m[1;34m
[0m[1;34m	threadid 47682002683648 -> core 2 - OK[0m[1;34m
[0m[1;34m	threadid 47682004784896 -> core 3 - OK[0m[1;34m
[0m[1;34m	threadid 47682006886144 -> core 4 - OK[0m[1;34m
[0m[1;34m	threadid 47682008987392 -> core 5 - OK[0m[1;34m
[0m[1;34m	threadid 47682011088640 -> core 6 - OK[0m[1;34m
[0m[1;34m	threadid 47682013189888 -> core 7 - OK[0m[1;34m
[0m[1;34m	threadid 47682015291136 -> core 8 - OK[0m[1;34m
[0m[1;34m	threadid 47682017392384 -> core 9 - OK[0m[1;34m
[0miterations: 200
Total iterations: 48412800 LUP
FLOP: 89
Total work: 4308739200 FLOP
performance: 0.265882 GLUP/s
Performance in GFLOP/s: 23.663459
size: 250000
time: 0.182084
[1;34m[pthread wrapper] 
[0m[1;34m[pthread wrapper] MAIN -> 0
[0m[1;34m[pthread wrapper] PIN_MASK: [0m[1;34m0->1  [0m[1;34m1->2  [0m[1;34m2->3  [0m[1;34m3->4  [0m[1;34m4->5  [0m[1;34m5->6  [0m[1;34m6->7  [0m[1;34m7->8  [0m[1;34m8->9  [0m[1;34m
[pthread wrapper] SKIP MASK: 0x0
[0m[1;34m	threadid 47698240816896 -> core 1 - OK[0m[1;34m
[0m[1;34m	threadid 47698242918144 -> core 2 - OK[0m[1;34m
[0m[1;34m	threadid 47698245019392 -> core 3 - OK[0m[1;34m
[0m[1;34m	threadid 47698247120640 -> core 4 - OK[0m[1;34m
[0m[1;34m	threadid 47698249221888 -> core 5 - OK[0m[1;34m
[0m[1;34m	threadid 47698251323136 -> core 6 - OK[0m[1;34m
[0m[1;34m	threadid 47698253424384 -> core 7 - OK[0m[1;34m
[0m[1;34m	threadid 47698255525632 -> core 8 - OK[0m[1;34m
[0m[1;34m	threadid 47698257626880 -> core 9 - OK[0m[1;34m
[0miterations: 200
Total iterations: 48412800 LUP
FLOP: 89
Total work: 4308739200 FLOP
performance: 0.265882 GLUP/s
Performance in GFLOP/s: 23.663490
size: 250000
time: 0.182084
[1;34m[pthread wrapper] 
[0m[1;34m[pthread wrapper] MAIN -> 0
[0m[1;34m[pthread wrapper] PIN_MASK: [0m[1;34m0->1  [0m[1;34m1->2  [0m[1;34m2->3  [0m[1;34m3->4  [0m[1;34m4->5  [0m[1;34m5->6  [0m[1;34m6->7  [0m[1;34m7->8  [0m[1;34m8->9  [0m[1;34m
[pthread wrapper] SKIP MASK: 0x0
[0m[1;34m	threadid 47076991371008 -> core 1 - OK[0m[1;34m
[0m[1;34m	threadid 47076993472256 -> core 2 - OK[0m[1;34m
[0m[1;34m	threadid 47076995573504 -> core 3 - OK[0m[1;34m
[0m[1;34m	threadid 47076997674752 -> core 4 - OK[0m[1;34m
[0m[1;34m	threadid 47076999776000 -> core 5 - OK[0m[1;34m
[0m[1;34m	threadid 47077001877248 -> core 6 - OK[0m[1;34m
[0m[1;34m	threadid 47077003978496 -> core 7 - OK[0m[1;34m
[0m[1;34m	threadid 47077006079744 -> core 8 - OK[0m[1;34m
[0m[1;34m	threadid 47077008180992 -> core 9 - OK[0m[1;34m
[0miterations: 200
Total iterations: 48412800 LUP
FLOP: 89
Total work: 4308739200 FLOP
performance: 0.265587 GLUP/s
Performance in GFLOP/s: 23.637244
size: 250000
time: 0.182286
[1;34m[pthread wrapper] 
[0m[1;34m[pthread wrapper] MAIN -> 0
[0m[1;34m[pthread wrapper] PIN_MASK: [0m[1;34m0->1  [0m[1;34m1->2  [0m[1;34m2->3  [0m[1;34m3->4  [0m[1;34m4->5  [0m[1;34m5->6  [0m[1;34m6->7  [0m[1;34m7->8  [0m[1;34m8->9  [0m[1;34m
[pthread wrapper] SKIP MASK: 0x0
[0m[1;34m	threadid 47268684834560 -> core 1 - OK[0m[1;34m
[0m[1;34m	threadid 47268686935808 -> core 2 - OK[0m[1;34m
[0m[1;34m	threadid 47268689037056 -> core 3 - OK[0m[1;34m
[0m[1;34m	threadid 47268691138304 -> core 4 - OK[0m[1;34m
[0m[1;34m	threadid 47268693239552 -> core 5 - OK[0m[1;34m
[0m[1;34m	threadid 47268695340800 -> core 6 - OK[0m[1;34m
[0m[1;34m	threadid 47268697442048 -> core 7 - OK[0m[1;34m
[0m[1;34m	threadid 47268699543296 -> core 8 - OK[0m[1;34m
[0m[1;34m	threadid 47268701644544 -> core 9 - OK[0m[1;34m
[0miterations: 200
Total iterations: 48412800 LUP
FLOP: 89
Total work: 4308739200 FLOP
performance: 0.265851 GLUP/s
Performance in GFLOP/s: 23.660732
size: 250000
time: 0.182105
