iterations: 200
Total iterations: 48412800 LUP
FLOP: 89
Total work: 4308739200 FLOP
performance: 0.131087 GLUP/s
Performance in GFLOP/s: 11.666715
size: 250000
time: 0.369319
iterations: 200
Total iterations: 48412800 LUP
FLOP: 89
Total work: 4308739200 FLOP
performance: 0.131144 GLUP/s
Performance in GFLOP/s: 11.671801
size: 250000
time: 0.369158
iterations: 200
Total iterations: 48412800 LUP
FLOP: 89
Total work: 4308739200 FLOP
performance: 0.131026 GLUP/s
Performance in GFLOP/s: 11.661318
size: 250000
time: 0.369490
iterations: 200
Total iterations: 48412800 LUP
FLOP: 89
Total work: 4308739200 FLOP
performance: 0.131081 GLUP/s
Performance in GFLOP/s: 11.666211
size: 250000
time: 0.369335
iterations: 200
Total iterations: 48412800 LUP
FLOP: 89
Total work: 4308739200 FLOP
performance: 0.131069 GLUP/s
Performance in GFLOP/s: 11.665104
size: 250000
time: 0.369370
iterations: 200
Total iterations: 48412800 LUP
FLOP: 89
Total work: 4308739200 FLOP
performance: 0.131142 GLUP/s
Performance in GFLOP/s: 11.671613
size: 250000
time: 0.369164
iterations: 200
Total iterations: 48412800 LUP
FLOP: 89
Total work: 4308739200 FLOP
performance: 0.131158 GLUP/s
Performance in GFLOP/s: 11.673038
size: 250000
time: 0.369119
iterations: 200
Total iterations: 48412800 LUP
FLOP: 89
Total work: 4308739200 FLOP
performance: 0.131039 GLUP/s
Performance in GFLOP/s: 11.662446
size: 250000
time: 0.369454
iterations: 200
Total iterations: 48412800 LUP
FLOP: 89
Total work: 4308739200 FLOP
performance: 0.131070 GLUP/s
Performance in GFLOP/s: 11.665224
size: 250000
time: 0.369366
iterations: 200
Total iterations: 48412800 LUP
FLOP: 89
Total work: 4308739200 FLOP
performance: 0.131031 GLUP/s
Performance in GFLOP/s: 11.661754
size: 250000
time: 0.369476
