iterations: 200
Total iterations: 49600800 LUP
FLOP: 11
Total work: 545608800 FLOP
performance: 0.362892 GLUP/s
Performance in GFLOP/s: 3.991811
size: 250000
time: 0.136682
iterations: 200
Total iterations: 49600800 LUP
FLOP: 11
Total work: 545608800 FLOP
performance: 0.360975 GLUP/s
Performance in GFLOP/s: 3.970720
size: 250000
time: 0.137408
iterations: 200
Total iterations: 49600800 LUP
FLOP: 11
Total work: 545608800 FLOP
performance: 0.362107 GLUP/s
Performance in GFLOP/s: 3.983181
size: 250000
time: 0.136978
iterations: 200
Total iterations: 49600800 LUP
FLOP: 11
Total work: 545608800 FLOP
performance: 0.384091 GLUP/s
Performance in GFLOP/s: 4.225006
size: 250000
time: 0.129138
iterations: 200
Total iterations: 49600800 LUP
FLOP: 11
Total work: 545608800 FLOP
performance: 0.362825 GLUP/s
Performance in GFLOP/s: 3.991080
size: 250000
time: 0.136707
iterations: 200
Total iterations: 49600800 LUP
FLOP: 11
Total work: 545608800 FLOP
performance: 0.361947 GLUP/s
Performance in GFLOP/s: 3.981414
size: 250000
time: 0.137039
iterations: 200
Total iterations: 49600800 LUP
FLOP: 11
Total work: 545608800 FLOP
performance: 0.384532 GLUP/s
Performance in GFLOP/s: 4.229856
size: 250000
time: 0.128990
iterations: 200
Total iterations: 49600800 LUP
FLOP: 11
Total work: 545608800 FLOP
performance: 0.361484 GLUP/s
Performance in GFLOP/s: 3.976329
size: 250000
time: 0.137214
iterations: 200
Total iterations: 49600800 LUP
FLOP: 11
Total work: 545608800 FLOP
performance: 0.360034 GLUP/s
Performance in GFLOP/s: 3.960371
size: 250000
time: 0.137767
iterations: 200
Total iterations: 49600800 LUP
FLOP: 11
Total work: 545608800 FLOP
performance: 0.362847 GLUP/s
Performance in GFLOP/s: 3.991316
size: 250000
time: 0.136699
