[1;34m[pthread wrapper] 
[0m[1;34m[pthread wrapper] MAIN -> 0
[0m[1;34m[pthread wrapper] PIN_MASK: [0m[1;34m0->1  [0m[1;34m1->2  [0m[1;34m2->3  [0m[1;34m3->4  [0m[1;34m4->5  [0m[1;34m
[pthread wrapper] SKIP MASK: 0x0
[0m[1;34m	threadid 139664933385984 -> core 1 - OK[0m[1;34m
[0m[1;34m	threadid 139664924993280 -> core 2 - OK[0m[1;34m
[0m[1;34m	threadid 139664916600576 -> core 3 - OK[0m[1;34m
[0m[1;34m	threadid 139664908207872 -> core 4 - OK[0m[1;34m
[0m[1;34m	threadid 139664899815168 -> core 5 - OK[0m[1;34m
[0miterations: 100
Total iterations: 898800400 LUP
FLOP: 11
Total work: 9886804400 FLOP
performance: 1.565955 GLUP/s
Performance in GFLOP/s: 17.225510
size: 9000000
time: 0.573963
[1;34m[pthread wrapper] 
[0m[1;34m[pthread wrapper] MAIN -> 0
[0m[1;34m[pthread wrapper] PIN_MASK: [0m[1;34m0->1  [0m[1;34m1->2  [0m[1;34m2->3  [0m[1;34m3->4  [0m[1;34m4->5  [0m[1;34m
[pthread wrapper] SKIP MASK: 0x0
[0m[1;34m	threadid 140397141473024 -> core 1 - OK[0m[1;34m
[0m[1;34m	threadid 140397133080320 -> core 2 - OK[0m[1;34m
[0m[1;34m	threadid 140397124687616 -> core 3 - OK[0m[1;34m
[0m[1;34m	threadid 140397116294912 -> core 4 - OK[0m[1;34m
[0m[1;34m	threadid 140397107902208 -> core 5 - OK[0m[1;34m
[0miterations: 100
Total iterations: 898800400 LUP
FLOP: 11
Total work: 9886804400 FLOP
performance: 1.572014 GLUP/s
Performance in GFLOP/s: 17.292154
size: 9000000
time: 0.571751
[1;34m[pthread wrapper] 
[0m[1;34m[pthread wrapper] MAIN -> 0
[0m[1;34m[pthread wrapper] PIN_MASK: [0m[1;34m0->1  [0m[1;34m1->2  [0m[1;34m2->3  [0m[1;34m3->4  [0m[1;34m4->5  [0m[1;34m
[pthread wrapper] SKIP MASK: 0x0
[0m[1;34m	threadid 139792705332992 -> core 1 - OK[0m[1;34m
[0m[1;34m	threadid 139792696940288 -> core 2 - OK[0m[1;34m
[0m[1;34m	threadid 139792688547584 -> core 3 - OK[0m[1;34m
[0m[1;34m	threadid 139792680154880 -> core 4 - OK[0m[1;34m
[0m[1;34m	threadid 139792671762176 -> core 5 - OK[0m[1;34m
[0miterations: 100
Total iterations: 898800400 LUP
FLOP: 11
Total work: 9886804400 FLOP
performance: 1.572085 GLUP/s
Performance in GFLOP/s: 17.292940
size: 9000000
time: 0.571725
[1;34m[pthread wrapper] 
[0m[1;34m[pthread wrapper] MAIN -> 0
[0m[1;34m[pthread wrapper] PIN_MASK: [0m[1;34m0->1  [0m[1;34m1->2  [0m[1;34m2->3  [0m[1;34m3->4  [0m[1;34m4->5  [0m[1;34m
[pthread wrapper] SKIP MASK: 0x0
[0m[1;34m	threadid 140669300401920 -> core 1 - OK[0m[1;34m
[0m[1;34m	threadid 140669292009216 -> core 2 - OK[0m[1;34m
[0m[1;34m	threadid 140669283616512 -> core 3 - OK[0m[1;34m
[0m[1;34m	threadid 140669275223808 -> core 4 - OK[0m[1;34m
[0m[1;34m	threadid 140669266831104 -> core 5 - OK[0m[1;34m
[0miterations: 100
Total iterations: 898800400 LUP
FLOP: 11
Total work: 9886804400 FLOP
performance: 1.563953 GLUP/s
Performance in GFLOP/s: 17.203479
size: 9000000
time: 0.574698
[1;34m[pthread wrapper] 
[0m[1;34m[pthread wrapper] MAIN -> 0
[0m[1;34m[pthread wrapper] PIN_MASK: [0m[1;34m0->1  [0m[1;34m1->2  [0m[1;34m2->3  [0m[1;34m3->4  [0m[1;34m4->5  [0m[1;34m
[pthread wrapper] SKIP MASK: 0x0
[0m[1;34m	threadid 140255172323072 -> core 1 - OK[0m[1;34m
[0m[1;34m	threadid 140255163930368 -> core 2 - OK[0m[1;34m
[0m[1;34m	threadid 140255155537664 -> core 3 - OK[0m[1;34m
[0m[1;34m	threadid 140255147144960 -> core 4 - OK[0m[1;34m
[0m[1;34m	threadid 140255138752256 -> core 5 - OK[0m[1;34m
[0miterations: 100
Total iterations: 898800400 LUP
FLOP: 11
Total work: 9886804400 FLOP
performance: 1.569108 GLUP/s
Performance in GFLOP/s: 17.260183
size: 9000000
time: 0.572810
