[1;34m[pthread wrapper] 
[0m[1;34m[pthread wrapper] MAIN -> 0
[0m[1;34m[pthread wrapper] PIN_MASK: [0m[1;34m0->1  [0m[1;34m1->2  [0m[1;34m2->3  [0m[1;34m3->10  [0m[1;34m4->11  [0m[1;34m5->12  [0m[1;34m6->13  [0m[1;34m
[pthread wrapper] SKIP MASK: 0x0
[0m[1;34m	threadid 140093807617792 -> core 1 - OK[0m[1;34m
[0m[1;34m	threadid 140093799225088 -> core 2 - OK[0m[1;34m
[0m[1;34m	threadid 140093790832384 -> core 3 - OK[0m[1;34m
[0m[1;34m	threadid 140093782439680 -> core 10 - OK[0m[1;34m
[0m[1;34m	threadid 140093774046976 -> core 11 - OK[0m[1;34m
[0m[1;34m	threadid 140093765654272 -> core 12 - OK[0m[1;34m
[0m[1;34m	threadid 140093757261568 -> core 13 - OK[0m[1;34m
[0miterations: 200
Total iterations: 49600800 LUP
FLOP: 11
Total work: 545608800 FLOP
performance: 1.294108 GLUP/s
Performance in GFLOP/s: 14.235190
size: 250000
time: 0.038328
[1;34m[pthread wrapper] 
[0m[1;34m[pthread wrapper] MAIN -> 0
[0m[1;34m[pthread wrapper] PIN_MASK: [0m[1;34m0->1  [0m[1;34m1->2  [0m[1;34m2->3  [0m[1;34m3->10  [0m[1;34m4->11  [0m[1;34m5->12  [0m[1;34m6->13  [0m[1;34m
[pthread wrapper] SKIP MASK: 0x0
[0m[1;34m	threadid 140025335965440 -> core 1 - OK[0m[1;34m
[0m[1;34m	threadid 140025327572736 -> core 2 - OK[0m[1;34m
[0m[1;34m	threadid 140025319180032 -> core 3 - OK[0m[1;34m
[0m[1;34m	threadid 140025310787328 -> core 10 - OK[0m[1;34m
[0m[1;34m	threadid 140025302394624 -> core 11 - OK[0m[1;34m
[0m[1;34m	threadid 140025294001920 -> core 12 - OK[0m[1;34m
[0m[1;34m	threadid 140025285609216 -> core 13 - OK[0m[1;34m
[0miterations: 200
Total iterations: 49600800 LUP
FLOP: 11
Total work: 545608800 FLOP
performance: 1.277908 GLUP/s
Performance in GFLOP/s: 14.056986
size: 250000
time: 0.038814
[1;34m[pthread wrapper] 
[0m[1;34m[pthread wrapper] MAIN -> 0
[0m[1;34m[pthread wrapper] PIN_MASK: [0m[1;34m0->1  [0m[1;34m1->2  [0m[1;34m2->3  [0m[1;34m3->10  [0m[1;34m4->11  [0m[1;34m5->12  [0m[1;34m6->13  [0m[1;34m
[pthread wrapper] SKIP MASK: 0x0
[0m[1;34m	threadid 140509137082112 -> core 1 - OK[0m[1;34m
[0m[1;34m	threadid 140509128689408 -> core 2 - OK[0m[1;34m
[0m[1;34m	threadid 140509120296704 -> core 3 - OK[0m[1;34m
[0m[1;34m	threadid 140509111904000 -> core 10 - OK[0m[1;34m
[0m[1;34m	threadid 140509103511296 -> core 11 - OK[0m[1;34m
[0m[1;34m	threadid 140509095118592 -> core 12 - OK[0m[1;34m
[0m[1;34m	threadid 140509086725888 -> core 13 - OK[0m[1;34m
[0miterations: 200
Total iterations: 49600800 LUP
FLOP: 11
Total work: 545608800 FLOP
performance: 1.299232 GLUP/s
Performance in GFLOP/s: 14.291553
size: 250000
time: 0.038177
[1;34m[pthread wrapper] 
[0m[1;34m[pthread wrapper] MAIN -> 0
[0m[1;34m[pthread wrapper] PIN_MASK: [0m[1;34m0->1  [0m[1;34m1->2  [0m[1;34m2->3  [0m[1;34m3->10  [0m[1;34m4->11  [0m[1;34m5->12  [0m[1;34m6->13  [0m[1;34m
[pthread wrapper] SKIP MASK: 0x0
[0m[1;34m	threadid 140671805290240 -> core 1 - OK[0m[1;34m
[0m[1;34m	threadid 140671796897536 -> core 2 - OK[0m[1;34m
[0m[1;34m	threadid 140671788504832 -> core 3 - OK[0m[1;34m
[0m[1;34m	threadid 140671780112128 -> core 10 - OK[0m[1;34m
[0m[1;34m	threadid 140671771719424 -> core 11 - OK[0m[1;34m
[0m[1;34m	threadid 140671763326720 -> core 12 - OK[0m[1;34m
[0m[1;34m	threadid 140671754934016 -> core 13 - OK[0m[1;34m
[0miterations: 200
Total iterations: 49600800 LUP
FLOP: 11
Total work: 545608800 FLOP
performance: 1.291481 GLUP/s
Performance in GFLOP/s: 14.206293
size: 250000
time: 0.038406
[1;34m[pthread wrapper] 
[0m[1;34m[pthread wrapper] MAIN -> 0
[0m[1;34m[pthread wrapper] PIN_MASK: [0m[1;34m0->1  [0m[1;34m1->2  [0m[1;34m2->3  [0m[1;34m3->10  [0m[1;34m4->11  [0m[1;34m5->12  [0m[1;34m6->13  [0m[1;34m
[pthread wrapper] SKIP MASK: 0x0
[0m[1;34m	threadid 140461718243072 -> core 1 - OK[0m[1;34m
[0m[1;34m	threadid 140461709850368 -> core 2 - OK[0m[1;34m
[0m[1;34m	threadid 140461701457664 -> core 3 - OK[0m[1;34m
[0m[1;34m	threadid 140461693064960 -> core 10 - OK[0m[1;34m
[0m[1;34m	threadid 140461684672256 -> core 11 - OK[0m[1;34m
[0m[1;34m	threadid 140461676279552 -> core 12 - OK[0m[1;34m
[0m[1;34m	threadid 140461667886848 -> core 13 - OK[0m[1;34m
[0miterations: 200
Total iterations: 49600800 LUP
FLOP: 11
Total work: 545608800 FLOP
performance: 1.295268 GLUP/s
Performance in GFLOP/s: 14.247953
size: 250000
time: 0.038294
[1;34m[pthread wrapper] 
[0m[1;34m[pthread wrapper] MAIN -> 0
[0m[1;34m[pthread wrapper] PIN_MASK: [0m[1;34m0->1  [0m[1;34m1->2  [0m[1;34m2->3  [0m[1;34m3->10  [0m[1;34m4->11  [0m[1;34m5->12  [0m[1;34m6->13  [0m[1;34m
[pthread wrapper] SKIP MASK: 0x0
[0m[1;34m	threadid 140114602342144 -> core 1 - OK[0m[1;34m
[0m[1;34m	threadid 140114593949440 -> core 2 - OK[0m[1;34m
[0m[1;34m	threadid 140114585556736 -> core 3 - OK[0m[1;34m
[0m[1;34m	threadid 140114577164032 -> core 10 - OK[0m[1;34m
[0m[1;34m	threadid 140114568771328 -> core 11 - OK[0m[1;34m
[0m[1;34m	threadid 140114560378624 -> core 12 - OK[0m[1;34m
[0m[1;34m	threadid 140114551985920 -> core 13 - OK[0m[1;34m
[0miterations: 200
Total iterations: 49600800 LUP
FLOP: 11
Total work: 545608800 FLOP
performance: 1.297498 GLUP/s
Performance in GFLOP/s: 14.272478
size: 250000
time: 0.038228
[1;34m[pthread wrapper] 
[0m[1;34m[pthread wrapper] MAIN -> 0
[0m[1;34m[pthread wrapper] PIN_MASK: [0m[1;34m0->1  [0m[1;34m1->2  [0m[1;34m2->3  [0m[1;34m3->10  [0m[1;34m4->11  [0m[1;34m5->12  [0m[1;34m6->13  [0m[1;34m
[pthread wrapper] SKIP MASK: 0x0
[0m[1;34m	threadid 139660534454016 -> core 1 - OK[0m[1;34m
[0m[1;34m	threadid 139660526061312 -> core 2 - OK[0m[1;34m
[0m[1;34m	threadid 139660517668608 -> core 3 - OK[0m[1;34m
[0m[1;34m	threadid 139660509275904 -> core 10 - OK[0m[1;34m
[0m[1;34m	threadid 139660500883200 -> core 11 - OK[0m[1;34m
[0m[1;34m	threadid 139660492490496 -> core 12 - OK[0m[1;34m
[0m[1;34m	threadid 139660484097792 -> core 13 - OK[0m[1;34m
[0miterations: 200
Total iterations: 49600800 LUP
FLOP: 11
Total work: 545608800 FLOP
performance: 1.300491 GLUP/s
Performance in GFLOP/s: 14.305400
size: 250000
time: 0.038140
[1;34m[pthread wrapper] 
[0m[1;34m[pthread wrapper] MAIN -> 0
[0m[1;34m[pthread wrapper] PIN_MASK: [0m[1;34m0->1  [0m[1;34m1->2  [0m[1;34m2->3  [0m[1;34m3->10  [0m[1;34m4->11  [0m[1;34m5->12  [0m[1;34m6->13  [0m[1;34m
[pthread wrapper] SKIP MASK: 0x0
[0m[1;34m	threadid 140659027175168 -> core 1 - OK[0m[1;34m
[0m[1;34m	threadid 140659018782464 -> core 2 - OK[0m[1;34m
[0m[1;34m	threadid 140659010389760 -> core 3 - OK[0m[1;34m
[0m[1;34m	threadid 140659001997056 -> core 10 - OK[0m[1;34m
[0m[1;34m	threadid 140658993604352 -> core 11 - OK[0m[1;34m
[0m[1;34m	threadid 140658985211648 -> core 12 - OK[0m[1;34m
[0m[1;34m	threadid 140658976818944 -> core 13 - OK[0m[1;34m
[0miterations: 200
Total iterations: 49600800 LUP
FLOP: 11
Total work: 545608800 FLOP
performance: 1.291113 GLUP/s
Performance in GFLOP/s: 14.202238
size: 250000
time: 0.038417
[1;34m[pthread wrapper] 
[0m[1;34m[pthread wrapper] MAIN -> 0
[0m[1;34m[pthread wrapper] PIN_MASK: [0m[1;34m0->1  [0m[1;34m1->2  [0m[1;34m2->3  [0m[1;34m3->10  [0m[1;34m4->11  [0m[1;34m5->12  [0m[1;34m6->13  [0m[1;34m
[pthread wrapper] SKIP MASK: 0x0
[0m[1;34m	threadid 140580748818176 -> core 1 - OK[0m[1;34m
[0m[1;34m	threadid 140580740425472 -> core 2 - OK[0m[1;34m
[0m[1;34m	threadid 140580732032768 -> core 3 - OK[0m[1;34m
[0m[1;34m	threadid 140580723640064 -> core 10 - OK[0m[1;34m
[0m[1;34m	threadid 140580715247360 -> core 11 - OK[0m[1;34m
[0m[1;34m	threadid 140580706854656 -> core 12 - OK[0m[1;34m
[0m[1;34m	threadid 140580698461952 -> core 13 - OK[0m[1;34m
[0miterations: 200
Total iterations: 49600800 LUP
FLOP: 11
Total work: 545608800 FLOP
performance: 1.290608 GLUP/s
Performance in GFLOP/s: 14.196687
size: 250000
time: 0.038432
[1;34m[pthread wrapper] 
[0m[1;34m[pthread wrapper] MAIN -> 0
[0m[1;34m[pthread wrapper] PIN_MASK: [0m[1;34m0->1  [0m[1;34m1->2  [0m[1;34m2->3  [0m[1;34m3->10  [0m[1;34m4->11  [0m[1;34m5->12  [0m[1;34m6->13  [0m[1;34m
[pthread wrapper] SKIP MASK: 0x0
[0m[1;34m	threadid 140619695732480 -> core 1 - OK[0m[1;34m
[0m[1;34m	threadid 140619687339776 -> core 2 - OK[0m[1;34m
[0m[1;34m	threadid 140619678947072 -> core 3 - OK[0m[1;34m
[0m[1;34m	threadid 140619670554368 -> core 10 - OK[0m[1;34m
[0m[1;34m	threadid 140619662161664 -> core 11 - OK[0m[1;34m
[0m[1;34m	threadid 140619653768960 -> core 12 - OK[0m[1;34m
[0m[1;34m	threadid 140619645376256 -> core 13 - OK[0m[1;34m
[0miterations: 200
Total iterations: 49600800 LUP
FLOP: 11
Total work: 545608800 FLOP
performance: 1.298583 GLUP/s
Performance in GFLOP/s: 14.284416
size: 250000
time: 0.038196
