[1;34m[pthread wrapper] 
[0m[1;34m[pthread wrapper] MAIN -> 0
[0m[1;34m[pthread wrapper] PIN_MASK: [0m[1;34m0->1  [0m[1;34m1->2  [0m[1;34m2->3  [0m[1;34m3->4  [0m[1;34m4->5  [0m[1;34m5->6  [0m[1;34m6->7  [0m[1;34m7->8  [0m[1;34m8->9  [0m[1;34m
[pthread wrapper] SKIP MASK: 0x0
[0m[1;34m	threadid 140014326888192 -> core 1 - OK[0m[1;34m
[0m[1;34m	threadid 140014318495488 -> core 2 - OK[0m[1;34m
[0m[1;34m	threadid 140014310102784 -> core 3 - OK[0m[1;34m
[0m[1;34m	threadid 140014301710080 -> core 4 - OK[0m[1;34m
[0m[1;34m	threadid 140014293317376 -> core 5 - OK[0m[1;34m
[0m[1;34m	threadid 140014284924672 -> core 6 - OK[0m[1;34m
[0m[1;34m	threadid 140014276531968 -> core 7 - OK[0m[1;34m
[0m[1;34m	threadid 140014268139264 -> core 8 - OK[0m[1;34m
[0m[1;34m	threadid 140014259746560 -> core 9 - OK[0m[1;34m
[0miterations: 200
Total iterations: 1797600800 LUP
FLOP: 11
Total work: 19773608800 FLOP
performance: 1.521082 GLUP/s
Performance in GFLOP/s: 16.731902
size: 9000000
time: 1.181791
[1;34m[pthread wrapper] 
[0m[1;34m[pthread wrapper] MAIN -> 0
[0m[1;34m[pthread wrapper] PIN_MASK: [0m[1;34m0->1  [0m[1;34m1->2  [0m[1;34m2->3  [0m[1;34m3->4  [0m[1;34m4->5  [0m[1;34m5->6  [0m[1;34m6->7  [0m[1;34m7->8  [0m[1;34m8->9  [0m[1;34m
[pthread wrapper] SKIP MASK: 0x0
[0m[1;34m	threadid 140637528934144 -> core 1 - OK[0m[1;34m
[0m[1;34m	threadid 140637520541440 -> core 2 - OK[0m[1;34m
[0m[1;34m	threadid 140637512148736 -> core 3 - OK[0m[1;34m
[0m[1;34m	threadid 140637503756032 -> core 4 - OK[0m[1;34m
[0m[1;34m	threadid 140637495363328 -> core 5 - OK[0m[1;34m
[0m[1;34m	threadid 140637486970624 -> core 6 - OK[0m[1;34m
[0m[1;34m	threadid 140637478577920 -> core 7 - OK[0m[1;34m
[0m[1;34m	threadid 140637470185216 -> core 8 - OK[0m[1;34m
[0m[1;34m	threadid 140637461792512 -> core 9 - OK[0m[1;34m
[0miterations: 200
Total iterations: 1797600800 LUP
FLOP: 11
Total work: 19773608800 FLOP
performance: 1.543968 GLUP/s
Performance in GFLOP/s: 16.983653
size: 9000000
time: 1.164273
[1;34m[pthread wrapper] 
[0m[1;34m[pthread wrapper] MAIN -> 0
[0m[1;34m[pthread wrapper] PIN_MASK: [0m[1;34m0->1  [0m[1;34m1->2  [0m[1;34m2->3  [0m[1;34m3->4  [0m[1;34m4->5  [0m[1;34m5->6  [0m[1;34m6->7  [0m[1;34m7->8  [0m[1;34m8->9  [0m[1;34m
[pthread wrapper] SKIP MASK: 0x0
[0m[1;34m	threadid 139938255365888 -> core 1 - OK[0m[1;34m
[0m[1;34m	threadid 139938246973184 -> core 2 - OK[0m[1;34m
[0m[1;34m	threadid 139938238580480 -> core 3 - OK[0m[1;34m
[0m[1;34m	threadid 139938230187776 -> core 4 - OK[0m[1;34m
[0m[1;34m	threadid 139938221795072 -> core 5 - OK[0m[1;34m
[0m[1;34m	threadid 139938213402368 -> core 6 - OK[0m[1;34m
[0m[1;34m	threadid 139938205009664 -> core 7 - OK[0m[1;34m
[0m[1;34m	threadid 139938196616960 -> core 8 - OK[0m[1;34m
[0m[1;34m	threadid 139938188224256 -> core 9 - OK[0m[1;34m
[0miterations: 200
Total iterations: 1797600800 LUP
FLOP: 11
Total work: 19773608800 FLOP
performance: 1.513381 GLUP/s
Performance in GFLOP/s: 16.647195
size: 9000000
time: 1.187804
[1;34m[pthread wrapper] 
[0m[1;34m[pthread wrapper] MAIN -> 0
[0m[1;34m[pthread wrapper] PIN_MASK: [0m[1;34m0->1  [0m[1;34m1->2  [0m[1;34m2->3  [0m[1;34m3->4  [0m[1;34m4->5  [0m[1;34m5->6  [0m[1;34m6->7  [0m[1;34m7->8  [0m[1;34m8->9  [0m[1;34m
[pthread wrapper] SKIP MASK: 0x0
[0m[1;34m	threadid 140101018367744 -> core 1 - OK[0m[1;34m
[0m[1;34m	threadid 140101009975040 -> core 2 - OK[0m[1;34m
[0m[1;34m	threadid 140101001582336 -> core 3 - OK[0m[1;34m
[0m[1;34m	threadid 140100993189632 -> core 4 - OK[0m[1;34m
[0m[1;34m	threadid 140100984796928 -> core 5 - OK[0m[1;34m
[0m[1;34m	threadid 140100976404224 -> core 6 - OK[0m[1;34m
[0m[1;34m	threadid 140100968011520 -> core 7 - OK[0m[1;34m
[0m[1;34m	threadid 140100959618816 -> core 8 - OK[0m[1;34m
[0m[1;34m	threadid 140100951226112 -> core 9 - OK[0m[1;34m
[0miterations: 200
Total iterations: 1797600800 LUP
FLOP: 11
Total work: 19773608800 FLOP
performance: 1.537940 GLUP/s
Performance in GFLOP/s: 16.917335
size: 9000000
time: 1.168837
[1;34m[pthread wrapper] 
[0m[1;34m[pthread wrapper] MAIN -> 0
[0m[1;34m[pthread wrapper] PIN_MASK: [0m[1;34m0->1  [0m[1;34m1->2  [0m[1;34m2->3  [0m[1;34m3->4  [0m[1;34m4->5  [0m[1;34m5->6  [0m[1;34m6->7  [0m[1;34m7->8  [0m[1;34m8->9  [0m[1;34m
[pthread wrapper] SKIP MASK: 0x0
[0m[1;34m	threadid 139687687173888 -> core 1 - OK[0m[1;34m
[0m[1;34m	threadid 139687678781184 -> core 2 - OK[0m[1;34m
[0m[1;34m	threadid 139687670388480 -> core 3 - OK[0m[1;34m
[0m[1;34m	threadid 139687661995776 -> core 4 - OK[0m[1;34m
[0m[1;34m	threadid 139687653603072 -> core 5 - OK[0m[1;34m
[0m[1;34m	threadid 139687645210368 -> core 6 - OK[0m[1;34m
[0m[1;34m	threadid 139687636817664 -> core 7 - OK[0m[1;34m
[0m[1;34m	threadid 139687628424960 -> core 8 - OK[0m[1;34m
[0m[1;34m	threadid 139687620032256 -> core 9 - OK[0m[1;34m
[0miterations: 200
Total iterations: 1797600800 LUP
FLOP: 11
Total work: 19773608800 FLOP
performance: 1.514763 GLUP/s
Performance in GFLOP/s: 16.662393
size: 9000000
time: 1.186721
[1;34m[pthread wrapper] 
[0m[1;34m[pthread wrapper] MAIN -> 0
[0m[1;34m[pthread wrapper] PIN_MASK: [0m[1;34m0->1  [0m[1;34m1->2  [0m[1;34m2->3  [0m[1;34m3->4  [0m[1;34m4->5  [0m[1;34m5->6  [0m[1;34m6->7  [0m[1;34m7->8  [0m[1;34m8->9  [0m[1;34m
[pthread wrapper] SKIP MASK: 0x0
[0m[1;34m	threadid 140659822339840 -> core 1 - OK[0m[1;34m
[0m[1;34m	threadid 140659813947136 -> core 2 - OK[0m[1;34m
[0m[1;34m	threadid 140659805554432 -> core 3 - OK[0m[1;34m
[0m[1;34m	threadid 140659797161728 -> core 4 - OK[0m[1;34m
[0m[1;34m	threadid 140659788769024 -> core 5 - OK[0m[1;34m
[0m[1;34m	threadid 140659780376320 -> core 6 - OK[0m[1;34m
[0m[1;34m	threadid 140659771983616 -> core 7 - OK[0m[1;34m
[0m[1;34m	threadid 140659763590912 -> core 8 - OK[0m[1;34m
[0m[1;34m	threadid 140659755198208 -> core 9 - OK[0m[1;34m
[0miterations: 200
Total iterations: 1797600800 LUP
FLOP: 11
Total work: 19773608800 FLOP
performance: 1.525012 GLUP/s
Performance in GFLOP/s: 16.775137
size: 9000000
time: 1.178745
[1;34m[pthread wrapper] 
[0m[1;34m[pthread wrapper] MAIN -> 0
[0m[1;34m[pthread wrapper] PIN_MASK: [0m[1;34m0->1  [0m[1;34m1->2  [0m[1;34m2->3  [0m[1;34m3->4  [0m[1;34m4->5  [0m[1;34m5->6  [0m[1;34m6->7  [0m[1;34m7->8  [0m[1;34m8->9  [0m[1;34m
[pthread wrapper] SKIP MASK: 0x0
[0m[1;34m	threadid 139690137626368 -> core 1 - OK[0m[1;34m
[0m[1;34m	threadid 139690129233664 -> core 2 - OK[0m[1;34m
[0m[1;34m	threadid 139690120840960 -> core 3 - OK[0m[1;34m
[0m[1;34m	threadid 139690112448256 -> core 4 - OK[0m[1;34m
[0m[1;34m	threadid 139690104055552 -> core 5 - OK[0m[1;34m
[0m[1;34m	threadid 139690095662848 -> core 6 - OK[0m[1;34m
[0m[1;34m	threadid 139690087270144 -> core 7 - OK[0m[1;34m
[0m[1;34m	threadid 139690078877440 -> core 8 - OK[0m[1;34m
[0m[1;34m	threadid 139690070484736 -> core 9 - OK[0m[1;34m
[0miterations: 200
Total iterations: 1797600800 LUP
FLOP: 11
Total work: 19773608800 FLOP
performance: 1.524124 GLUP/s
Performance in GFLOP/s: 16.765364
size: 9000000
time: 1.179432
[1;34m[pthread wrapper] 
[0m[1;34m[pthread wrapper] MAIN -> 0
[0m[1;34m[pthread wrapper] PIN_MASK: [0m[1;34m0->1  [0m[1;34m1->2  [0m[1;34m2->3  [0m[1;34m3->4  [0m[1;34m4->5  [0m[1;34m5->6  [0m[1;34m6->7  [0m[1;34m7->8  [0m[1;34m8->9  [0m[1;34m
[pthread wrapper] SKIP MASK: 0x0
[0m[1;34m	threadid 139743369516800 -> core 1 - OK[0m[1;34m
[0m[1;34m	threadid 139743361124096 -> core 2 - OK[0m[1;34m
[0m[1;34m	threadid 139743352731392 -> core 3 - OK[0m[1;34m
[0m[1;34m	threadid 139743344338688 -> core 4 - OK[0m[1;34m
[0m[1;34m	threadid 139743335945984 -> core 5 - OK[0m[1;34m
[0m[1;34m	threadid 139743327553280 -> core 6 - OK[0m[1;34m
[0m[1;34m	threadid 139743319160576 -> core 7 - OK[0m[1;34m
[0m[1;34m	threadid 139743310767872 -> core 8 - OK[0m[1;34m
[0m[1;34m	threadid 139743302375168 -> core 9 - OK[0m[1;34m
[0miterations: 200
Total iterations: 1797600800 LUP
FLOP: 11
Total work: 19773608800 FLOP
performance: 1.519783 GLUP/s
Performance in GFLOP/s: 16.717612
size: 9000000
time: 1.182801
[1;34m[pthread wrapper] 
[0m[1;34m[pthread wrapper] MAIN -> 0
[0m[1;34m[pthread wrapper] PIN_MASK: [0m[1;34m0->1  [0m[1;34m1->2  [0m[1;34m2->3  [0m[1;34m3->4  [0m[1;34m4->5  [0m[1;34m5->6  [0m[1;34m6->7  [0m[1;34m7->8  [0m[1;34m8->9  [0m[1;34m
[pthread wrapper] SKIP MASK: 0x0
[0m[1;34m	threadid 139809600702208 -> core 1 - OK[0m[1;34m
[0m[1;34m	threadid 139809592309504 -> core 2 - OK[0m[1;34m
[0m[1;34m	threadid 139809583916800 -> core 3 - OK[0m[1;34m
[0m[1;34m	threadid 139809575524096 -> core 4 - OK[0m[1;34m
[0m[1;34m	threadid 139809567131392 -> core 5 - OK[0m[1;34m
[0m[1;34m	threadid 139809558738688 -> core 6 - OK[0m[1;34m
[0m[1;34m	threadid 139809550345984 -> core 7 - OK[0m[1;34m
[0m[1;34m	threadid 139809541953280 -> core 8 - OK[0m[1;34m
[0m[1;34m	threadid 139809533560576 -> core 9 - OK[0m[1;34m
[0miterations: 200
Total iterations: 1797600800 LUP
FLOP: 11
Total work: 19773608800 FLOP
performance: 1.537724 GLUP/s
Performance in GFLOP/s: 16.914965
size: 9000000
time: 1.169001
[1;34m[pthread wrapper] 
[0m[1;34m[pthread wrapper] MAIN -> 0
[0m[1;34m[pthread wrapper] PIN_MASK: [0m[1;34m0->1  [0m[1;34m1->2  [0m[1;34m2->3  [0m[1;34m3->4  [0m[1;34m4->5  [0m[1;34m5->6  [0m[1;34m6->7  [0m[1;34m7->8  [0m[1;34m8->9  [0m[1;34m
[pthread wrapper] SKIP MASK: 0x0
[0m[1;34m	threadid 140475844241152 -> core 1 - OK[0m[1;34m
[0m[1;34m	threadid 140475835848448 -> core 2 - OK[0m[1;34m
[0m[1;34m	threadid 140475827455744 -> core 3 - OK[0m[1;34m
[0m[1;34m	threadid 140475819063040 -> core 4 - OK[0m[1;34m
[0m[1;34m	threadid 140475810670336 -> core 5 - OK[0m[1;34m
[0m[1;34m	threadid 140475802277632 -> core 6 - OK[0m[1;34m
[0m[1;34m	threadid 140475793884928 -> core 7 - OK[0m[1;34m
[0m[1;34m	threadid 140475785492224 -> core 8 - OK[0m[1;34m
[0m[1;34m	threadid 140475777099520 -> core 9 - OK[0m[1;34m
[0miterations: 200
Total iterations: 1797600800 LUP
FLOP: 11
Total work: 19773608800 FLOP
performance: 1.549963 GLUP/s
Performance in GFLOP/s: 17.049595
size: 9000000
time: 1.159770
