[1;34m[pthread wrapper] 
[0m[1;34m[pthread wrapper] MAIN -> 0
[0m[1;34m[pthread wrapper] PIN_MASK: [0m[1;34m0->1  [0m[1;34m1->2  [0m[1;34m2->3  [0m[1;34m3->4  [0m[1;34m4->5  [0m[1;34m5->6  [0m[1;34m6->7  [0m[1;34m7->8  [0m[1;34m8->9  [0m[1;34m9->10  [0m[1;34m10->11  [0m[1;34m11->12  [0m[1;34m12->13  [0m[1;34m13->14  [0m[1;34m14->15  [0m[1;34m15->16  [0m[1;34m16->17  [0m[1;34m17->18  [0m[1;34m18->19  [0m[1;34m
[pthread wrapper] SKIP MASK: 0x0
[0m[1;34m	threadid 139936048813824 -> core 1 - OK[0m[1;34m
[0m[1;34m	threadid 139936040421120 -> core 2 - OK[0m[1;34m
[0m[1;34m	threadid 139936032028416 -> core 3 - OK[0m[1;34m
[0m[1;34m	threadid 139936023635712 -> core 4 - OK[0m[1;34m
[0m[1;34m	threadid 139936015243008 -> core 5 - OK[0m[1;34m
[0m[1;34m	threadid 139936006850304 -> core 6 - OK[0m[1;34m
[0m[1;34m	threadid 139935998457600 -> core 7 - OK[0m[1;34m
[0m[1;34m	threadid 139935990064896 -> core 8 - OK[0m[1;34m
[0m[1;34m	threadid 139935981672192 -> core 9 - OK[0m[1;34m
[0m[1;34m	threadid 139935973279488 -> core 10 - OK[0m[1;34m
[0m[1;34m	threadid 139935964886784 -> core 11 - OK[0m[1;34m
[0m[1;34m	threadid 139935956494080 -> core 12 - OK[0m[1;34m
[0m[1;34m	threadid 139935948101376 -> core 13 - OK[0m[1;34m
[0m[1;34m	threadid 139935939708672 -> core 14 - OK[0m[1;34m
[0m[1;34m	threadid 139935931315968 -> core 15 - OK[0m[1;34m
[0m[1;34m	threadid 139935922923264 -> core 16 - OK[0m[1;34m
[0m[1;34m	threadid 139935914530560 -> core 17 - OK[0m[1;34m
[0m[1;34m	threadid 139935906137856 -> core 18 - OK[0m[1;34m
[0m[1;34m	threadid 139935897745152 -> core 19 - OK[0m[1;34m
[0miterations: 200
Total iterations: 1797600800 LUP
FLOP: 11
Total work: 19773608800 FLOP
performance: 3.164650 GLUP/s
Performance in GFLOP/s: 34.811152
size: 9000000
time: 0.568025
[1;34m[pthread wrapper] 
[0m[1;34m[pthread wrapper] MAIN -> 0
[0m[1;34m[pthread wrapper] PIN_MASK: [0m[1;34m0->1  [0m[1;34m1->2  [0m[1;34m2->3  [0m[1;34m3->4  [0m[1;34m4->5  [0m[1;34m5->6  [0m[1;34m6->7  [0m[1;34m7->8  [0m[1;34m8->9  [0m[1;34m9->10  [0m[1;34m10->11  [0m[1;34m11->12  [0m[1;34m12->13  [0m[1;34m13->14  [0m[1;34m14->15  [0m[1;34m15->16  [0m[1;34m16->17  [0m[1;34m17->18  [0m[1;34m18->19  [0m[1;34m
[pthread wrapper] SKIP MASK: 0x0
[0m[1;34m	threadid 139745718302464 -> core 1 - OK[0m[1;34m
[0m[1;34m	threadid 139745709909760 -> core 2 - OK[0m[1;34m
[0m[1;34m	threadid 139745701517056 -> core 3 - OK[0m[1;34m
[0m[1;34m	threadid 139745693124352 -> core 4 - OK[0m[1;34m
[0m[1;34m	threadid 139745684731648 -> core 5 - OK[0m[1;34m
[0m[1;34m	threadid 139745676338944 -> core 6 - OK[0m[1;34m
[0m[1;34m	threadid 139745667946240 -> core 7 - OK[0m[1;34m
[0m[1;34m	threadid 139745659553536 -> core 8 - OK[0m[1;34m
[0m[1;34m	threadid 139745651160832 -> core 9 - OK[0m[1;34m
[0m[1;34m	threadid 139745642768128 -> core 10 - OK[0m[1;34m
[0m[1;34m	threadid 139745634375424 -> core 11 - OK[0m[1;34m
[0m[1;34m	threadid 139745625982720 -> core 12 - OK[0m[1;34m
[0m[1;34m	threadid 139745617590016 -> core 13 - OK[0m[1;34m
[0m[1;34m	threadid 139745609197312 -> core 14 - OK[0m[1;34m
[0m[1;34m	threadid 139745600804608 -> core 15 - OK[0m[1;34m
[0m[1;34m	threadid 139745592411904 -> core 16 - OK[0m[1;34m
[0m[1;34m	threadid 139745584019200 -> core 17 - OK[0m[1;34m
[0m[1;34m	threadid 139745575626496 -> core 18 - OK[0m[1;34m
[0m[1;34m	threadid 139745567233792 -> core 19 - OK[0m[1;34m
[0miterations: 200
Total iterations: 1797600800 LUP
FLOP: 11
Total work: 19773608800 FLOP
performance: 3.123427 GLUP/s
Performance in GFLOP/s: 34.357697
size: 9000000
time: 0.575522
[1;34m[pthread wrapper] 
[0m[1;34m[pthread wrapper] MAIN -> 0
[0m[1;34m[pthread wrapper] PIN_MASK: [0m[1;34m0->1  [0m[1;34m1->2  [0m[1;34m2->3  [0m[1;34m3->4  [0m[1;34m4->5  [0m[1;34m5->6  [0m[1;34m6->7  [0m[1;34m7->8  [0m[1;34m8->9  [0m[1;34m9->10  [0m[1;34m10->11  [0m[1;34m11->12  [0m[1;34m12->13  [0m[1;34m13->14  [0m[1;34m14->15  [0m[1;34m15->16  [0m[1;34m16->17  [0m[1;34m17->18  [0m[1;34m18->19  [0m[1;34m
[pthread wrapper] SKIP MASK: 0x0
[0m[1;34m	threadid 140587450849024 -> core 1 - OK[0m[1;34m
[0m[1;34m	threadid 140587442456320 -> core 2 - OK[0m[1;34m
[0m[1;34m	threadid 140587434063616 -> core 3 - OK[0m[1;34m
[0m[1;34m	threadid 140587425670912 -> core 4 - OK[0m[1;34m
[0m[1;34m	threadid 140587417278208 -> core 5 - OK[0m[1;34m
[0m[1;34m	threadid 140587408885504 -> core 6 - OK[0m[1;34m
[0m[1;34m	threadid 140587400492800 -> core 7 - OK[0m[1;34m
[0m[1;34m	threadid 140587392100096 -> core 8 - OK[0m[1;34m
[0m[1;34m	threadid 140587383707392 -> core 9 - OK[0m[1;34m
[0m[1;34m	threadid 140587375314688 -> core 10 - OK[0m[1;34m
[0m[1;34m	threadid 140587366921984 -> core 11 - OK[0m[1;34m
[0m[1;34m	threadid 140587358529280 -> core 12 - OK[0m[1;34m
[0m[1;34m	threadid 140587350136576 -> core 13 - OK[0m[1;34m
[0m[1;34m	threadid 140587341743872 -> core 14 - OK[0m[1;34m
[0m[1;34m	threadid 140587333351168 -> core 15 - OK[0m[1;34m
[0m[1;34m	threadid 140587324958464 -> core 16 - OK[0m[1;34m
[0m[1;34m	threadid 140587316565760 -> core 17 - OK[0m[1;34m
[0m[1;34m	threadid 140587308173056 -> core 18 - OK[0m[1;34m
[0m[1;34m	threadid 140587299780352 -> core 19 - OK[0m[1;34m
[0miterations: 200
Total iterations: 1797600800 LUP
FLOP: 11
Total work: 19773608800 FLOP
performance: 3.199153 GLUP/s
Performance in GFLOP/s: 35.190685
size: 9000000
time: 0.561899
[1;34m[pthread wrapper] 
[0m[1;34m[pthread wrapper] MAIN -> 0
[0m[1;34m[pthread wrapper] PIN_MASK: [0m[1;34m0->1  [0m[1;34m1->2  [0m[1;34m2->3  [0m[1;34m3->4  [0m[1;34m4->5  [0m[1;34m5->6  [0m[1;34m6->7  [0m[1;34m7->8  [0m[1;34m8->9  [0m[1;34m9->10  [0m[1;34m10->11  [0m[1;34m11->12  [0m[1;34m12->13  [0m[1;34m13->14  [0m[1;34m14->15  [0m[1;34m15->16  [0m[1;34m16->17  [0m[1;34m17->18  [0m[1;34m18->19  [0m[1;34m
[pthread wrapper] SKIP MASK: 0x0
[0m[1;34m	threadid 140232837973760 -> core 1 - OK[0m[1;34m
[0m[1;34m	threadid 140232829581056 -> core 2 - OK[0m[1;34m
[0m[1;34m	threadid 140232821188352 -> core 3 - OK[0m[1;34m
[0m[1;34m	threadid 140232812795648 -> core 4 - OK[0m[1;34m
[0m[1;34m	threadid 140232804402944 -> core 5 - OK[0m[1;34m
[0m[1;34m	threadid 140232796010240 -> core 6 - OK[0m[1;34m
[0m[1;34m	threadid 140232787617536 -> core 7 - OK[0m[1;34m
[0m[1;34m	threadid 140232779224832 -> core 8 - OK[0m[1;34m
[0m[1;34m	threadid 140232770832128 -> core 9 - OK[0m[1;34m
[0m[1;34m	threadid 140232762439424 -> core 10 - OK[0m[1;34m
[0m[1;34m	threadid 140232754046720 -> core 11 - OK[0m[1;34m
[0m[1;34m	threadid 140232745654016 -> core 12 - OK[0m[1;34m
[0m[1;34m	threadid 140232737261312 -> core 13 - OK[0m[1;34m
[0m[1;34m	threadid 140232728868608 -> core 14 - OK[0m[1;34m
[0m[1;34m	threadid 140232720475904 -> core 15 - OK[0m[1;34m
[0m[1;34m	threadid 140232712083200 -> core 16 - OK[0m[1;34m
[0m[1;34m	threadid 140232703690496 -> core 17 - OK[0m[1;34m
[0m[1;34m	threadid 140232695297792 -> core 18 - OK[0m[1;34m
[0m[1;34m	threadid 140232686905088 -> core 19 - OK[0m[1;34m
[0miterations: 200
Total iterations: 1797600800 LUP
FLOP: 11
Total work: 19773608800 FLOP
performance: 3.139085 GLUP/s
Performance in GFLOP/s: 34.529938
size: 9000000
time: 0.572651
[1;34m[pthread wrapper] 
[0m[1;34m[pthread wrapper] MAIN -> 0
[0m[1;34m[pthread wrapper] PIN_MASK: [0m[1;34m0->1  [0m[1;34m1->2  [0m[1;34m2->3  [0m[1;34m3->4  [0m[1;34m4->5  [0m[1;34m5->6  [0m[1;34m6->7  [0m[1;34m7->8  [0m[1;34m8->9  [0m[1;34m9->10  [0m[1;34m10->11  [0m[1;34m11->12  [0m[1;34m12->13  [0m[1;34m13->14  [0m[1;34m14->15  [0m[1;34m15->16  [0m[1;34m16->17  [0m[1;34m17->18  [0m[1;34m18->19  [0m[1;34m
[pthread wrapper] SKIP MASK: 0x0
[0m[1;34m	threadid 139723651249920 -> core 1 - OK[0m[1;34m
[0m[1;34m	threadid 139723642857216 -> core 2 - OK[0m[1;34m
[0m[1;34m	threadid 139723634464512 -> core 3 - OK[0m[1;34m
[0m[1;34m	threadid 139723626071808 -> core 4 - OK[0m[1;34m
[0m[1;34m	threadid 139723617679104 -> core 5 - OK[0m[1;34m
[0m[1;34m	threadid 139723609286400 -> core 6 - OK[0m[1;34m
[0m[1;34m	threadid 139723600893696 -> core 7 - OK[0m[1;34m
[0m[1;34m	threadid 139723592500992 -> core 8 - OK[0m[1;34m
[0m[1;34m	threadid 139723584108288 -> core 9 - OK[0m[1;34m
[0m[1;34m	threadid 139723575715584 -> core 10 - OK[0m[1;34m
[0m[1;34m	threadid 139723567322880 -> core 11 - OK[0m[1;34m
[0m[1;34m	threadid 139723558930176 -> core 12 - OK[0m[1;34m
[0m[1;34m	threadid 139723550537472 -> core 13 - OK[0m[1;34m
[0m[1;34m	threadid 139723542144768 -> core 14 - OK[0m[1;34m
[0m[1;34m	threadid 139723533752064 -> core 15 - OK[0m[1;34m
[0m[1;34m	threadid 139723525359360 -> core 16 - OK[0m[1;34m
[0m[1;34m	threadid 139723516966656 -> core 17 - OK[0m[1;34m
[0m[1;34m	threadid 139723508573952 -> core 18 - OK[0m[1;34m
[0m[1;34m	threadid 139723500181248 -> core 19 - OK[0m[1;34m
[0miterations: 200
Total iterations: 1797600800 LUP
FLOP: 11
Total work: 19773608800 FLOP
performance: 3.167523 GLUP/s
Performance in GFLOP/s: 34.842756
size: 9000000
time: 0.567510
[1;34m[pthread wrapper] 
[0m[1;34m[pthread wrapper] MAIN -> 0
[0m[1;34m[pthread wrapper] PIN_MASK: [0m[1;34m0->1  [0m[1;34m1->2  [0m[1;34m2->3  [0m[1;34m3->4  [0m[1;34m4->5  [0m[1;34m5->6  [0m[1;34m6->7  [0m[1;34m7->8  [0m[1;34m8->9  [0m[1;34m9->10  [0m[1;34m10->11  [0m[1;34m11->12  [0m[1;34m12->13  [0m[1;34m13->14  [0m[1;34m14->15  [0m[1;34m15->16  [0m[1;34m16->17  [0m[1;34m17->18  [0m[1;34m18->19  [0m[1;34m
[pthread wrapper] SKIP MASK: 0x0
[0m[1;34m	threadid 139856084821760 -> core 1 - OK[0m[1;34m
[0m[1;34m	threadid 139856076429056 -> core 2 - OK[0m[1;34m
[0m[1;34m	threadid 139856068036352 -> core 3 - OK[0m[1;34m
[0m[1;34m	threadid 139856059643648 -> core 4 - OK[0m[1;34m
[0m[1;34m	threadid 139856051250944 -> core 5 - OK[0m[1;34m
[0m[1;34m	threadid 139856042858240 -> core 6 - OK[0m[1;34m
[0m[1;34m	threadid 139856034465536 -> core 7 - OK[0m[1;34m
[0m[1;34m	threadid 139856026072832 -> core 8 - OK[0m[1;34m
[0m[1;34m	threadid 139856017680128 -> core 9 - OK[0m[1;34m
[0m[1;34m	threadid 139856009287424 -> core 10 - OK[0m[1;34m
[0m[1;34m	threadid 139856000894720 -> core 11 - OK[0m[1;34m
[0m[1;34m	threadid 139855992502016 -> core 12 - OK[0m[1;34m
[0m[1;34m	threadid 139855984109312 -> core 13 - OK[0m[1;34m
[0m[1;34m	threadid 139855975716608 -> core 14 - OK[0m[1;34m
[0m[1;34m	threadid 139855967323904 -> core 15 - OK[0m[1;34m
[0m[1;34m	threadid 139855958931200 -> core 16 - OK[0m[1;34m
[0m[1;34m	threadid 139855950538496 -> core 17 - OK[0m[1;34m
[0m[1;34m	threadid 139855942145792 -> core 18 - OK[0m[1;34m
[0m[1;34m	threadid 139855933753088 -> core 19 - OK[0m[1;34m
[0miterations: 200
Total iterations: 1797600800 LUP
FLOP: 11
Total work: 19773608800 FLOP
performance: 3.129598 GLUP/s
Performance in GFLOP/s: 34.425581
size: 9000000
time: 0.574387
[1;34m[pthread wrapper] 
[0m[1;34m[pthread wrapper] MAIN -> 0
[0m[1;34m[pthread wrapper] PIN_MASK: [0m[1;34m0->1  [0m[1;34m1->2  [0m[1;34m2->3  [0m[1;34m3->4  [0m[1;34m4->5  [0m[1;34m5->6  [0m[1;34m6->7  [0m[1;34m7->8  [0m[1;34m8->9  [0m[1;34m9->10  [0m[1;34m10->11  [0m[1;34m11->12  [0m[1;34m12->13  [0m[1;34m13->14  [0m[1;34m14->15  [0m[1;34m15->16  [0m[1;34m16->17  [0m[1;34m17->18  [0m[1;34m18->19  [0m[1;34m
[pthread wrapper] SKIP MASK: 0x0
[0m[1;34m	threadid 139638584002304 -> core 1 - OK[0m[1;34m
[0m[1;34m	threadid 139638575609600 -> core 2 - OK[0m[1;34m
[0m[1;34m	threadid 139638567216896 -> core 3 - OK[0m[1;34m
[0m[1;34m	threadid 139638558824192 -> core 4 - OK[0m[1;34m
[0m[1;34m	threadid 139638550431488 -> core 5 - OK[0m[1;34m
[0m[1;34m	threadid 139638542038784 -> core 6 - OK[0m[1;34m
[0m[1;34m	threadid 139638533646080 -> core 7 - OK[0m[1;34m
[0m[1;34m	threadid 139638525253376 -> core 8 - OK[0m[1;34m
[0m[1;34m	threadid 139638516860672 -> core 9 - OK[0m[1;34m
[0m[1;34m	threadid 139638508467968 -> core 10 - OK[0m[1;34m
[0m[1;34m	threadid 139638500075264 -> core 11 - OK[0m[1;34m
[0m[1;34m	threadid 139638491682560 -> core 12 - OK[0m[1;34m
[0m[1;34m	threadid 139638483289856 -> core 13 - OK[0m[1;34m
[0m[1;34m	threadid 139638474897152 -> core 14 - OK[0m[1;34m
[0m[1;34m	threadid 139638466504448 -> core 15 - OK[0m[1;34m
[0m[1;34m	threadid 139638458111744 -> core 16 - OK[0m[1;34m
[0m[1;34m	threadid 139638449719040 -> core 17 - OK[0m[1;34m
[0m[1;34m	threadid 139638441326336 -> core 18 - OK[0m[1;34m
[0m[1;34m	threadid 139638432933632 -> core 19 - OK[0m[1;34m
[0miterations: 200
Total iterations: 1797600800 LUP
FLOP: 11
Total work: 19773608800 FLOP
performance: 3.165850 GLUP/s
Performance in GFLOP/s: 34.824352
size: 9000000
time: 0.567810
[1;34m[pthread wrapper] 
[0m[1;34m[pthread wrapper] MAIN -> 0
[0m[1;34m[pthread wrapper] PIN_MASK: [0m[1;34m0->1  [0m[1;34m1->2  [0m[1;34m2->3  [0m[1;34m3->4  [0m[1;34m4->5  [0m[1;34m5->6  [0m[1;34m6->7  [0m[1;34m7->8  [0m[1;34m8->9  [0m[1;34m9->10  [0m[1;34m10->11  [0m[1;34m11->12  [0m[1;34m12->13  [0m[1;34m13->14  [0m[1;34m14->15  [0m[1;34m15->16  [0m[1;34m16->17  [0m[1;34m17->18  [0m[1;34m18->19  [0m[1;34m
[pthread wrapper] SKIP MASK: 0x0
[0m[1;34m	threadid 139641655494400 -> core 1 - OK[0m[1;34m
[0m[1;34m	threadid 139641647101696 -> core 2 - OK[0m[1;34m
[0m[1;34m	threadid 139641638708992 -> core 3 - OK[0m[1;34m
[0m[1;34m	threadid 139641630316288 -> core 4 - OK[0m[1;34m
[0m[1;34m	threadid 139641621923584 -> core 5 - OK[0m[1;34m
[0m[1;34m	threadid 139641613530880 -> core 6 - OK[0m[1;34m
[0m[1;34m	threadid 139641605138176 -> core 7 - OK[0m[1;34m
[0m[1;34m	threadid 139641596745472 -> core 8 - OK[0m[1;34m
[0m[1;34m	threadid 139641588352768 -> core 9 - OK[0m[1;34m
[0m[1;34m	threadid 139641579960064 -> core 10 - OK[0m[1;34m
[0m[1;34m	threadid 139641571567360 -> core 11 - OK[0m[1;34m
[0m[1;34m	threadid 139641563174656 -> core 12 - OK[0m[1;34m
[0m[1;34m	threadid 139641554781952 -> core 13 - OK[0m[1;34m
[0m[1;34m	threadid 139641546389248 -> core 14 - OK[0m[1;34m
[0m[1;34m	threadid 139641537996544 -> core 15 - OK[0m[1;34m
[0m[1;34m	threadid 139641529603840 -> core 16 - OK[0m[1;34m
[0m[1;34m	threadid 139641521211136 -> core 17 - OK[0m[1;34m
[0m[1;34m	threadid 139641512818432 -> core 18 - OK[0m[1;34m
[0m[1;34m	threadid 139641504425728 -> core 19 - OK[0m[1;34m
[0miterations: 200
Total iterations: 1797600800 LUP
FLOP: 11
Total work: 19773608800 FLOP
performance: 3.130166 GLUP/s
Performance in GFLOP/s: 34.431827
size: 9000000
time: 0.574283
[1;34m[pthread wrapper] 
[0m[1;34m[pthread wrapper] MAIN -> 0
[0m[1;34m[pthread wrapper] PIN_MASK: [0m[1;34m0->1  [0m[1;34m1->2  [0m[1;34m2->3  [0m[1;34m3->4  [0m[1;34m4->5  [0m[1;34m5->6  [0m[1;34m6->7  [0m[1;34m7->8  [0m[1;34m8->9  [0m[1;34m9->10  [0m[1;34m10->11  [0m[1;34m11->12  [0m[1;34m12->13  [0m[1;34m13->14  [0m[1;34m14->15  [0m[1;34m15->16  [0m[1;34m16->17  [0m[1;34m17->18  [0m[1;34m18->19  [0m[1;34m
[pthread wrapper] SKIP MASK: 0x0
[0m[1;34m	threadid 139809817020160 -> core 1 - OK[0m[1;34m
[0m[1;34m	threadid 139809808627456 -> core 2 - OK[0m[1;34m
[0m[1;34m	threadid 139809800234752 -> core 3 - OK[0m[1;34m
[0m[1;34m	threadid 139809791842048 -> core 4 - OK[0m[1;34m
[0m[1;34m	threadid 139809783449344 -> core 5 - OK[0m[1;34m
[0m[1;34m	threadid 139809775056640 -> core 6 - OK[0m[1;34m
[0m[1;34m	threadid 139809766663936 -> core 7 - OK[0m[1;34m
[0m[1;34m	threadid 139809758271232 -> core 8 - OK[0m[1;34m
[0m[1;34m	threadid 139809749878528 -> core 9 - OK[0m[1;34m
[0m[1;34m	threadid 139809741485824 -> core 10 - OK[0m[1;34m
[0m[1;34m	threadid 139809733093120 -> core 11 - OK[0m[1;34m
[0m[1;34m	threadid 139809724700416 -> core 12 - OK[0m[1;34m
[0m[1;34m	threadid 139809716307712 -> core 13 - OK[0m[1;34m
[0m[1;34m	threadid 139809707915008 -> core 14 - OK[0m[1;34m
[0m[1;34m	threadid 139809699522304 -> core 15 - OK[0m[1;34m
[0m[1;34m	threadid 139809691129600 -> core 16 - OK[0m[1;34m
[0m[1;34m	threadid 139809682736896 -> core 17 - OK[0m[1;34m
[0m[1;34m	threadid 139809674344192 -> core 18 - OK[0m[1;34m
[0m[1;34m	threadid 139809665951488 -> core 19 - OK[0m[1;34m
[0miterations: 200
Total iterations: 1797600800 LUP
FLOP: 11
Total work: 19773608800 FLOP
performance: 3.136840 GLUP/s
Performance in GFLOP/s: 34.505243
size: 9000000
time: 0.573061
[1;34m[pthread wrapper] 
[0m[1;34m[pthread wrapper] MAIN -> 0
[0m[1;34m[pthread wrapper] PIN_MASK: [0m[1;34m0->1  [0m[1;34m1->2  [0m[1;34m2->3  [0m[1;34m3->4  [0m[1;34m4->5  [0m[1;34m5->6  [0m[1;34m6->7  [0m[1;34m7->8  [0m[1;34m8->9  [0m[1;34m9->10  [0m[1;34m10->11  [0m[1;34m11->12  [0m[1;34m12->13  [0m[1;34m13->14  [0m[1;34m14->15  [0m[1;34m15->16  [0m[1;34m16->17  [0m[1;34m17->18  [0m[1;34m18->19  [0m[1;34m
[pthread wrapper] SKIP MASK: 0x0
[0m[1;34m	threadid 140043942881024 -> core 1 - OK[0m[1;34m
[0m[1;34m	threadid 140043934488320 -> core 2 - OK[0m[1;34m
[0m[1;34m	threadid 140043926095616 -> core 3 - OK[0m[1;34m
[0m[1;34m	threadid 140043917702912 -> core 4 - OK[0m[1;34m
[0m[1;34m	threadid 140043909310208 -> core 5 - OK[0m[1;34m
[0m[1;34m	threadid 140043900917504 -> core 6 - OK[0m[1;34m
[0m[1;34m	threadid 140043892524800 -> core 7 - OK[0m[1;34m
[0m[1;34m	threadid 140043884132096 -> core 8 - OK[0m[1;34m
[0m[1;34m	threadid 140043875739392 -> core 9 - OK[0m[1;34m
[0m[1;34m	threadid 140043867346688 -> core 10 - OK[0m[1;34m
[0m[1;34m	threadid 140043858953984 -> core 11 - OK[0m[1;34m
[0m[1;34m	threadid 140043850561280 -> core 12 - OK[0m[1;34m
[0m[1;34m	threadid 140043842168576 -> core 13 - OK[0m[1;34m
[0m[1;34m	threadid 140043833775872 -> core 14 - OK[0m[1;34m
[0m[1;34m	threadid 140043825383168 -> core 15 - OK[0m[1;34m
[0m[1;34m	threadid 140043816990464 -> core 16 - OK[0m[1;34m
[0m[1;34m	threadid 140043808597760 -> core 17 - OK[0m[1;34m
[0m[1;34m	threadid 140043800205056 -> core 18 - OK[0m[1;34m
[0m[1;34m	threadid 140043791812352 -> core 19 - OK[0m[1;34m
[0miterations: 200
Total iterations: 1797600800 LUP
FLOP: 11
Total work: 19773608800 FLOP
performance: 3.142621 GLUP/s
Performance in GFLOP/s: 34.568827
size: 9000000
time: 0.572007
