iterations: 200
Total iterations: 1797600800 LUP
FLOP: 11
Total work: 19773608800 FLOP
performance: 2.752826 GLUP/s
Performance in GFLOP/s: 30.281083
size: 9000000
time: 0.653002
iterations: 200
Total iterations: 1797600800 LUP
FLOP: 11
Total work: 19773608800 FLOP
performance: 3.023195 GLUP/s
Performance in GFLOP/s: 33.255141
size: 9000000
time: 0.594603
iterations: 200
Total iterations: 1797600800 LUP
FLOP: 11
Total work: 19773608800 FLOP
performance: 2.866640 GLUP/s
Performance in GFLOP/s: 31.533038
size: 9000000
time: 0.627076
iterations: 200
Total iterations: 1797600800 LUP
FLOP: 11
Total work: 19773608800 FLOP
performance: 3.011460 GLUP/s
Performance in GFLOP/s: 33.126061
size: 9000000
time: 0.596920
iterations: 200
Total iterations: 1797600800 LUP
FLOP: 11
Total work: 19773608800 FLOP
performance: 3.068065 GLUP/s
Performance in GFLOP/s: 33.748717
size: 9000000
time: 0.585907
iterations: 200
Total iterations: 1797600800 LUP
FLOP: 11
Total work: 19773608800 FLOP
performance: 2.711935 GLUP/s
Performance in GFLOP/s: 29.831287
size: 9000000
time: 0.662848
iterations: 200
Total iterations: 1797600800 LUP
FLOP: 11
Total work: 19773608800 FLOP
performance: 2.783375 GLUP/s
Performance in GFLOP/s: 30.617125
size: 9000000
time: 0.645835
iterations: 200
Total iterations: 1797600800 LUP
FLOP: 11
Total work: 19773608800 FLOP
performance: 2.985632 GLUP/s
Performance in GFLOP/s: 32.841948
size: 9000000
time: 0.602084
iterations: 200
Total iterations: 1797600800 LUP
FLOP: 11
Total work: 19773608800 FLOP
performance: 2.657459 GLUP/s
Performance in GFLOP/s: 29.232049
size: 9000000
time: 0.676436
iterations: 200
Total iterations: 1797600800 LUP
FLOP: 11
Total work: 19773608800 FLOP
performance: 2.803001 GLUP/s
Performance in GFLOP/s: 30.833016
size: 9000000
time: 0.641313
