[1;34m[pthread wrapper] 
[0m[1;34m[pthread wrapper] MAIN -> 0
[0m[1;34m[pthread wrapper] PIN_MASK: [0m[1;34m0->1  [0m[1;34m1->2  [0m[1;34m2->3  [0m[1;34m3->4  [0m[1;34m4->5  [0m[1;34m5->6  [0m[1;34m6->7  [0m[1;34m7->8  [0m[1;34m8->9  [0m[1;34m
[pthread wrapper] SKIP MASK: 0x0
[0m[1;34m	threadid 140269544552192 -> core 1 - OK[0m[1;34m
[0m[1;34m	threadid 140269536159488 -> core 2 - OK[0m[1;34m
[0m[1;34m	threadid 140269527766784 -> core 3 - OK[0m[1;34m
[0m[1;34m	threadid 140269519374080 -> core 4 - OK[0m[1;34m
[0m[1;34m	threadid 140269510981376 -> core 5 - OK[0m[1;34m
[0m[1;34m	threadid 140269502588672 -> core 6 - OK[0m[1;34m
[0m[1;34m	threadid 140269494195968 -> core 7 - OK[0m[1;34m
[0m[1;34m	threadid 140269485803264 -> core 8 - OK[0m[1;34m
[0m[1;34m	threadid 140269477410560 -> core 9 - OK[0m[1;34m
[0miterations: 100
Total iterations: 898800400 LUP
FLOP: 11
Total work: 9886804400 FLOP
performance: 1.677705 GLUP/s
Performance in GFLOP/s: 18.454757
size: 9000000
time: 0.535732
[1;34m[pthread wrapper] 
[0m[1;34m[pthread wrapper] MAIN -> 0
[0m[1;34m[pthread wrapper] PIN_MASK: [0m[1;34m0->1  [0m[1;34m1->2  [0m[1;34m2->3  [0m[1;34m3->4  [0m[1;34m4->5  [0m[1;34m5->6  [0m[1;34m6->7  [0m[1;34m7->8  [0m[1;34m8->9  [0m[1;34m
[pthread wrapper] SKIP MASK: 0x0
[0m[1;34m	threadid 140174460335872 -> core 1 - OK[0m[1;34m
[0m[1;34m	threadid 140174451943168 -> core 2 - OK[0m[1;34m
[0m[1;34m	threadid 140174443550464 -> core 3 - OK[0m[1;34m
[0m[1;34m	threadid 140174435157760 -> core 4 - OK[0m[1;34m
[0m[1;34m	threadid 140174426765056 -> core 5 - OK[0m[1;34m
[0m[1;34m	threadid 140174418372352 -> core 6 - OK[0m[1;34m
[0m[1;34m	threadid 140174409979648 -> core 7 - OK[0m[1;34m
[0m[1;34m	threadid 140174401586944 -> core 8 - OK[0m[1;34m
[0m[1;34m	threadid 140174393194240 -> core 9 - OK[0m[1;34m
[0miterations: 100
Total iterations: 898800400 LUP
FLOP: 11
Total work: 9886804400 FLOP
performance: 1.681405 GLUP/s
Performance in GFLOP/s: 18.495460
size: 9000000
time: 0.534553
[1;34m[pthread wrapper] 
[0m[1;34m[pthread wrapper] MAIN -> 0
[0m[1;34m[pthread wrapper] PIN_MASK: [0m[1;34m0->1  [0m[1;34m1->2  [0m[1;34m2->3  [0m[1;34m3->4  [0m[1;34m4->5  [0m[1;34m5->6  [0m[1;34m6->7  [0m[1;34m7->8  [0m[1;34m8->9  [0m[1;34m
[pthread wrapper] SKIP MASK: 0x0
[0m[1;34m	threadid 140067713812224 -> core 1 - OK[0m[1;34m
[0m[1;34m	threadid 140067705419520 -> core 2 - OK[0m[1;34m
[0m[1;34m	threadid 140067697026816 -> core 3 - OK[0m[1;34m
[0m[1;34m	threadid 140067688634112 -> core 4 - OK[0m[1;34m
[0m[1;34m	threadid 140067680241408 -> core 5 - OK[0m[1;34m
[0m[1;34m	threadid 140067671848704 -> core 6 - OK[0m[1;34m
[0m[1;34m	threadid 140067663456000 -> core 7 - OK[0m[1;34m
[0m[1;34m	threadid 140067655063296 -> core 8 - OK[0m[1;34m
[0m[1;34m	threadid 140067646670592 -> core 9 - OK[0m[1;34m
[0miterations: 100
Total iterations: 898800400 LUP
FLOP: 11
Total work: 9886804400 FLOP
performance: 1.676729 GLUP/s
Performance in GFLOP/s: 18.444021
size: 9000000
time: 0.536044
[1;34m[pthread wrapper] 
[0m[1;34m[pthread wrapper] MAIN -> 0
[0m[1;34m[pthread wrapper] PIN_MASK: [0m[1;34m0->1  [0m[1;34m1->2  [0m[1;34m2->3  [0m[1;34m3->4  [0m[1;34m4->5  [0m[1;34m5->6  [0m[1;34m6->7  [0m[1;34m7->8  [0m[1;34m8->9  [0m[1;34m
[pthread wrapper] SKIP MASK: 0x0
[0m[1;34m	threadid 139662661707520 -> core 1 - OK[0m[1;34m
[0m[1;34m	threadid 139662653314816 -> core 2 - OK[0m[1;34m
[0m[1;34m	threadid 139662644922112 -> core 3 - OK[0m[1;34m
[0m[1;34m	threadid 139662636529408 -> core 4 - OK[0m[1;34m
[0m[1;34m	threadid 139662628136704 -> core 5 - OK[0m[1;34m
[0m[1;34m	threadid 139662619744000 -> core 6 - OK[0m[1;34m
[0m[1;34m	threadid 139662611351296 -> core 7 - OK[0m[1;34m
[0m[1;34m	threadid 139662602958592 -> core 8 - OK[0m[1;34m
[0m[1;34m	threadid 139662594565888 -> core 9 - OK[0m[1;34m
[0miterations: 100
Total iterations: 898800400 LUP
FLOP: 11
Total work: 9886804400 FLOP
performance: 1.685679 GLUP/s
Performance in GFLOP/s: 18.542468
size: 9000000
time: 0.533198
[1;34m[pthread wrapper] 
[0m[1;34m[pthread wrapper] MAIN -> 0
[0m[1;34m[pthread wrapper] PIN_MASK: [0m[1;34m0->1  [0m[1;34m1->2  [0m[1;34m2->3  [0m[1;34m3->4  [0m[1;34m4->5  [0m[1;34m5->6  [0m[1;34m6->7  [0m[1;34m7->8  [0m[1;34m8->9  [0m[1;34m
[pthread wrapper] SKIP MASK: 0x0
[0m[1;34m	threadid 140180846143232 -> core 1 - OK[0m[1;34m
[0m[1;34m	threadid 140180837750528 -> core 2 - OK[0m[1;34m
[0m[1;34m	threadid 140180829357824 -> core 3 - OK[0m[1;34m
[0m[1;34m	threadid 140180820965120 -> core 4 - OK[0m[1;34m
[0m[1;34m	threadid 140180812572416 -> core 5 - OK[0m[1;34m
[0m[1;34m	threadid 140180804179712 -> core 6 - OK[0m[1;34m
[0m[1;34m	threadid 140180795787008 -> core 7 - OK[0m[1;34m
[0m[1;34m	threadid 140180787394304 -> core 8 - OK[0m[1;34m
[0m[1;34m	threadid 140180779001600 -> core 9 - OK[0m[1;34m
[0miterations: 100
Total iterations: 898800400 LUP
FLOP: 11
Total work: 9886804400 FLOP
performance: 1.691258 GLUP/s
Performance in GFLOP/s: 18.603834
size: 9000000
time: 0.531439
