[1;34m[pthread wrapper] 
[0m[1;34m[pthread wrapper] MAIN -> 0
[0m[1;34m[pthread wrapper] PIN_MASK: [0m[1;34m0->1  [0m[1;34m1->10  [0m[1;34m2->11  [0m[1;34m
[pthread wrapper] SKIP MASK: 0x0
[0m[1;34m	threadid 140609027401472 -> core 1 - OK[0m[1;34m
[0m[1;34m	threadid 140609019008768 -> core 10 - OK[0m[1;34m
[0m[1;34m	threadid 140609010616064 -> core 11 - OK[0m[1;34m
[0miterations: 200
Total iterations: 1797600800 LUP
FLOP: 11
Total work: 19773608800 FLOP
performance: 0.986208 GLUP/s
Performance in GFLOP/s: 10.848283
size: 9000000
time: 1.822741
[1;34m[pthread wrapper] 
[0m[1;34m[pthread wrapper] MAIN -> 0
[0m[1;34m[pthread wrapper] PIN_MASK: [0m[1;34m0->1  [0m[1;34m1->10  [0m[1;34m2->11  [0m[1;34m
[pthread wrapper] SKIP MASK: 0x0
[0m[1;34m	threadid 139816746071808 -> core 1 - OK[0m[1;34m
[0m[1;34m	threadid 139816737679104 -> core 10 - OK[0m[1;34m
[0m[1;34m	threadid 139816729286400 -> core 11 - OK[0m[1;34m
[0miterations: 200
Total iterations: 1797600800 LUP
FLOP: 11
Total work: 19773608800 FLOP
performance: 1.012428 GLUP/s
Performance in GFLOP/s: 11.136705
size: 9000000
time: 1.775535
[1;34m[pthread wrapper] 
[0m[1;34m[pthread wrapper] MAIN -> 0
[0m[1;34m[pthread wrapper] PIN_MASK: [0m[1;34m0->1  [0m[1;34m1->10  [0m[1;34m2->11  [0m[1;34m
[pthread wrapper] SKIP MASK: 0x0
[0m[1;34m	threadid 140533483149056 -> core 1 - OK[0m[1;34m
[0m[1;34m	threadid 140533474756352 -> core 10 - OK[0m[1;34m
[0m[1;34m	threadid 140533466363648 -> core 11 - OK[0m[1;34m
[0miterations: 200
Total iterations: 1797600800 LUP
FLOP: 11
Total work: 19773608800 FLOP
performance: 0.991894 GLUP/s
Performance in GFLOP/s: 10.910836
size: 9000000
time: 1.812291
[1;34m[pthread wrapper] 
[0m[1;34m[pthread wrapper] MAIN -> 0
[0m[1;34m[pthread wrapper] PIN_MASK: [0m[1;34m0->1  [0m[1;34m1->10  [0m[1;34m2->11  [0m[1;34m
[pthread wrapper] SKIP MASK: 0x0
[0m[1;34m	threadid 140709370119936 -> core 1 - OK[0m[1;34m
[0m[1;34m	threadid 140709361727232 -> core 10 - OK[0m[1;34m
[0m[1;34m	threadid 140709353334528 -> core 11 - OK[0m[1;34m
[0miterations: 200
Total iterations: 1797600800 LUP
FLOP: 11
Total work: 19773608800 FLOP
performance: 0.995303 GLUP/s
Performance in GFLOP/s: 10.948333
size: 9000000
time: 1.806084
[1;34m[pthread wrapper] 
[0m[1;34m[pthread wrapper] MAIN -> 0
[0m[1;34m[pthread wrapper] PIN_MASK: [0m[1;34m0->1  [0m[1;34m1->10  [0m[1;34m2->11  [0m[1;34m
[pthread wrapper] SKIP MASK: 0x0
[0m[1;34m	threadid 140471268873984 -> core 1 - OK[0m[1;34m
[0m[1;34m	threadid 140471260481280 -> core 10 - OK[0m[1;34m
[0m[1;34m	threadid 140471252088576 -> core 11 - OK[0m[1;34m
[0miterations: 200
Total iterations: 1797600800 LUP
FLOP: 11
Total work: 19773608800 FLOP
performance: 1.009950 GLUP/s
Performance in GFLOP/s: 11.109455
size: 9000000
time: 1.779890
[1;34m[pthread wrapper] 
[0m[1;34m[pthread wrapper] MAIN -> 0
[0m[1;34m[pthread wrapper] PIN_MASK: [0m[1;34m0->1  [0m[1;34m1->10  [0m[1;34m2->11  [0m[1;34m
[pthread wrapper] SKIP MASK: 0x0
[0m[1;34m	threadid 140400612210432 -> core 1 - OK[0m[1;34m
[0m[1;34m	threadid 140400603817728 -> core 10 - OK[0m[1;34m
[0m[1;34m	threadid 140400595425024 -> core 11 - OK[0m[1;34m
[0miterations: 200
Total iterations: 1797600800 LUP
FLOP: 11
Total work: 19773608800 FLOP
performance: 0.987254 GLUP/s
Performance in GFLOP/s: 10.859799
size: 9000000
time: 1.820808
[1;34m[pthread wrapper] 
[0m[1;34m[pthread wrapper] MAIN -> 0
[0m[1;34m[pthread wrapper] PIN_MASK: [0m[1;34m0->1  [0m[1;34m1->10  [0m[1;34m2->11  [0m[1;34m
[pthread wrapper] SKIP MASK: 0x0
[0m[1;34m	threadid 139679699965696 -> core 1 - OK[0m[1;34m
[0m[1;34m	threadid 139679691572992 -> core 10 - OK[0m[1;34m
[0m[1;34m	threadid 139679683180288 -> core 11 - OK[0m[1;34m
[0miterations: 200
Total iterations: 1797600800 LUP
FLOP: 11
Total work: 19773608800 FLOP
performance: 0.991232 GLUP/s
Performance in GFLOP/s: 10.903555
size: 9000000
time: 1.813501
[1;34m[pthread wrapper] 
[0m[1;34m[pthread wrapper] MAIN -> 0
[0m[1;34m[pthread wrapper] PIN_MASK: [0m[1;34m0->1  [0m[1;34m1->10  [0m[1;34m2->11  [0m[1;34m
[pthread wrapper] SKIP MASK: 0x0
[0m[1;34m	threadid 140420948989696 -> core 1 - OK[0m[1;34m
[0m[1;34m	threadid 140420940596992 -> core 10 - OK[0m[1;34m
[0m[1;34m	threadid 140420932204288 -> core 11 - OK[0m[1;34m
[0miterations: 200
Total iterations: 1797600800 LUP
FLOP: 11
Total work: 19773608800 FLOP
performance: 0.980348 GLUP/s
Performance in GFLOP/s: 10.783824
size: 9000000
time: 1.833636
[1;34m[pthread wrapper] 
[0m[1;34m[pthread wrapper] MAIN -> 0
[0m[1;34m[pthread wrapper] PIN_MASK: [0m[1;34m0->1  [0m[1;34m1->10  [0m[1;34m2->11  [0m[1;34m
[pthread wrapper] SKIP MASK: 0x0
[0m[1;34m	threadid 140017778616064 -> core 1 - OK[0m[1;34m
[0m[1;34m	threadid 140017770223360 -> core 10 - OK[0m[1;34m
[0m[1;34m	threadid 140017761830656 -> core 11 - OK[0m[1;34m
[0miterations: 200
Total iterations: 1797600800 LUP
FLOP: 11
Total work: 19773608800 FLOP
performance: 0.992142 GLUP/s
Performance in GFLOP/s: 10.913564
size: 9000000
time: 1.811838
[1;34m[pthread wrapper] 
[0m[1;34m[pthread wrapper] MAIN -> 0
[0m[1;34m[pthread wrapper] PIN_MASK: [0m[1;34m0->1  [0m[1;34m1->10  [0m[1;34m2->11  [0m[1;34m
[pthread wrapper] SKIP MASK: 0x0
[0m[1;34m	threadid 140044684719872 -> core 1 - OK[0m[1;34m
[0m[1;34m	threadid 140044676327168 -> core 10 - OK[0m[1;34m
[0m[1;34m	threadid 140044667934464 -> core 11 - OK[0m[1;34m
[0miterations: 200
Total iterations: 1797600800 LUP
FLOP: 11
Total work: 19773608800 FLOP
performance: 0.966203 GLUP/s
Performance in GFLOP/s: 10.628235
size: 9000000
time: 1.860479
