iterations: 200
Total iterations: 1797600800 LUP
FLOP: 11
Total work: 19773608800 FLOP
performance: 0.412327 GLUP/s
Performance in GFLOP/s: 4.535595
size: 9000000
time: 4.359651
[1;34m[likwid-pin] Main PID -> core 0 - OK[0m
iterations: 200
Total iterations: 1797600800 LUP
FLOP: 11
Total work: 19773608800 FLOP
performance: 0.411890 GLUP/s
Performance in GFLOP/s: 4.530786
size: 9000000
time: 4.364278
[1;34m[likwid-pin] Main PID -> core 0 - OK[0m
iterations: 200
Total iterations: 1797600800 LUP
FLOP: 11
Total work: 19773608800 FLOP
performance: 0.423071 GLUP/s
Performance in GFLOP/s: 4.653780
size: 9000000
time: 4.248935
[1;34m[likwid-pin] Main PID -> core 0 - OK[0m
iterations: 200
Total iterations: 1797600800 LUP
FLOP: 11
Total work: 19773608800 FLOP
performance: 0.418655 GLUP/s
Performance in GFLOP/s: 4.605202
size: 9000000
time: 4.293755
[1;34m[likwid-pin] Main PID -> core 0 - OK[0m
iterations: 200
Total iterations: 1797600800 LUP
FLOP: 11
Total work: 19773608800 FLOP
performance: 0.414293 GLUP/s
Performance in GFLOP/s: 4.557221
size: 9000000
time: 4.338962
[1;34m[likwid-pin] Main PID -> core 0 - OK[0m
iterations: 200
Total iterations: 1797600800 LUP
FLOP: 11
Total work: 19773608800 FLOP
performance: 0.411955 GLUP/s
Performance in GFLOP/s: 4.531505
size: 9000000
time: 4.363585
[1;34m[likwid-pin] Main PID -> core 0 - OK[0m
iterations: 200
Total iterations: 1797600800 LUP
FLOP: 11
Total work: 19773608800 FLOP
performance: 0.424754 GLUP/s
Performance in GFLOP/s: 4.672298
size: 9000000
time: 4.232095
[1;34m[likwid-pin] Main PID -> core 0 - OK[0m
iterations: 200
Total iterations: 1797600800 LUP
FLOP: 11
Total work: 19773608800 FLOP
performance: 0.420444 GLUP/s
Performance in GFLOP/s: 4.624886
size: 9000000
time: 4.275480
[1;34m[likwid-pin] Main PID -> core 0 - OK[0m
iterations: 200
Total iterations: 1797600800 LUP
FLOP: 11
Total work: 19773608800 FLOP
performance: 0.416712 GLUP/s
Performance in GFLOP/s: 4.583831
size: 9000000
time: 4.313773
[1;34m[likwid-pin] Main PID -> core 0 - OK[0m
iterations: 200
Total iterations: 1797600800 LUP
FLOP: 11
Total work: 19773608800 FLOP
performance: 0.409305 GLUP/s
Performance in GFLOP/s: 4.502354
size: 9000000
time: 4.391838
[1;34m[likwid-pin] Main PID -> core 0 - OK[0m
