iterations: 200
Total iterations: 49600800 LUP
FLOP: 11
Total work: 545608800 FLOP
performance: 1.687164 GLUP/s
Performance in GFLOP/s: 18.558805
size: 250000
time: 0.029399
iterations: 200
Total iterations: 49600800 LUP
FLOP: 11
Total work: 545608800 FLOP
performance: 1.705784 GLUP/s
Performance in GFLOP/s: 18.763625
size: 250000
time: 0.029078
iterations: 200
Total iterations: 49600800 LUP
FLOP: 11
Total work: 545608800 FLOP
performance: 1.701571 GLUP/s
Performance in GFLOP/s: 18.717277
size: 250000
time: 0.029150
iterations: 200
Total iterations: 49600800 LUP
FLOP: 11
Total work: 545608800 FLOP
performance: 1.706722 GLUP/s
Performance in GFLOP/s: 18.773938
size: 250000
time: 0.029062
iterations: 200
Total iterations: 49600800 LUP
FLOP: 11
Total work: 545608800 FLOP
performance: 1.718607 GLUP/s
Performance in GFLOP/s: 18.904679
size: 250000
time: 0.028861
iterations: 200
Total iterations: 49600800 LUP
FLOP: 11
Total work: 545608800 FLOP
performance: 1.689521 GLUP/s
Performance in GFLOP/s: 18.584729
size: 250000
time: 0.029358
iterations: 200
Total iterations: 49600800 LUP
FLOP: 11
Total work: 545608800 FLOP
performance: 1.702615 GLUP/s
Performance in GFLOP/s: 18.728766
size: 250000
time: 0.029132
iterations: 200
Total iterations: 49600800 LUP
FLOP: 11
Total work: 545608800 FLOP
performance: 1.690853 GLUP/s
Performance in GFLOP/s: 18.599380
size: 250000
time: 0.029335
iterations: 200
Total iterations: 49600800 LUP
FLOP: 11
Total work: 545608800 FLOP
performance: 1.692118 GLUP/s
Performance in GFLOP/s: 18.613298
size: 250000
time: 0.029313
iterations: 200
Total iterations: 49600800 LUP
FLOP: 11
Total work: 545608800 FLOP
performance: 1.679903 GLUP/s
Performance in GFLOP/s: 18.478930
size: 250000
time: 0.029526
