[1;34m[pthread wrapper] 
[0m[1;34m[pthread wrapper] MAIN -> 0
[0m[1;34m[pthread wrapper] PIN_MASK: [0m[1;34m0->1  [0m[1;34m1->2  [0m[1;34m2->3  [0m[1;34m
[pthread wrapper] SKIP MASK: 0x0
[0m[1;34m	threadid 140060204451584 -> core 1 - OK[0m[1;34m
[0m[1;34m	threadid 140060196058880 -> core 2 - OK[0m[1;34m
[0m[1;34m	threadid 140060187666176 -> core 3 - OK[0m[1;34m
[0miterations: 200
Total iterations: 49600800 LUP
FLOP: 11
Total work: 545608800 FLOP
performance: 1.189777 GLUP/s
Performance in GFLOP/s: 13.087547
size: 250000
time: 0.041689
[1;34m[pthread wrapper] 
[0m[1;34m[pthread wrapper] MAIN -> 0
[0m[1;34m[pthread wrapper] PIN_MASK: [0m[1;34m0->1  [0m[1;34m1->2  [0m[1;34m2->3  [0m[1;34m
[pthread wrapper] SKIP MASK: 0x0
[0m[1;34m	threadid 140214097823488 -> core 1 - OK[0m[1;34m
[0m[1;34m	threadid 140214089430784 -> core 2 - OK[0m[1;34m
[0m[1;34m	threadid 140214081038080 -> core 3 - OK[0m[1;34m
[0miterations: 200
Total iterations: 49600800 LUP
FLOP: 11
Total work: 545608800 FLOP
performance: 1.191665 GLUP/s
Performance in GFLOP/s: 13.108312
size: 250000
time: 0.041623
[1;34m[pthread wrapper] 
[0m[1;34m[pthread wrapper] MAIN -> 0
[0m[1;34m[pthread wrapper] PIN_MASK: [0m[1;34m0->1  [0m[1;34m1->2  [0m[1;34m2->3  [0m[1;34m
[pthread wrapper] SKIP MASK: 0x0
[0m[1;34m	threadid 140047079925504 -> core 1 - OK[0m[1;34m
[0m[1;34m	threadid 140047071532800 -> core 2 - OK[0m[1;34m
[0m[1;34m	threadid 140047063140096 -> core 3 - OK[0m[1;34m
[0miterations: 200
Total iterations: 49600800 LUP
FLOP: 11
Total work: 545608800 FLOP
performance: 1.188323 GLUP/s
Performance in GFLOP/s: 13.071549
size: 250000
time: 0.041740
[1;34m[pthread wrapper] 
[0m[1;34m[pthread wrapper] MAIN -> 0
[0m[1;34m[pthread wrapper] PIN_MASK: [0m[1;34m0->1  [0m[1;34m1->2  [0m[1;34m2->3  [0m[1;34m
[pthread wrapper] SKIP MASK: 0x0
[0m[1;34m	threadid 140642394760960 -> core 1 - OK[0m[1;34m
[0m[1;34m	threadid 140642386368256 -> core 2 - OK[0m[1;34m
[0m[1;34m	threadid 140642377975552 -> core 3 - OK[0m[1;34m
[0miterations: 200
Total iterations: 49600800 LUP
FLOP: 11
Total work: 545608800 FLOP
performance: 1.187129 GLUP/s
Performance in GFLOP/s: 13.058421
size: 250000
time: 0.041782
[1;34m[pthread wrapper] 
[0m[1;34m[pthread wrapper] MAIN -> 0
[0m[1;34m[pthread wrapper] PIN_MASK: [0m[1;34m0->1  [0m[1;34m1->2  [0m[1;34m2->3  [0m[1;34m
[pthread wrapper] SKIP MASK: 0x0
[0m[1;34m	threadid 140583164442368 -> core 1 - OK[0m[1;34m
[0m[1;34m	threadid 140583156049664 -> core 2 - OK[0m[1;34m
[0m[1;34m	threadid 140583147656960 -> core 3 - OK[0m[1;34m
[0miterations: 200
Total iterations: 49600800 LUP
FLOP: 11
Total work: 545608800 FLOP
performance: 1.190151 GLUP/s
Performance in GFLOP/s: 13.091665
size: 250000
time: 0.041676
[1;34m[pthread wrapper] 
[0m[1;34m[pthread wrapper] MAIN -> 0
[0m[1;34m[pthread wrapper] PIN_MASK: [0m[1;34m0->1  [0m[1;34m1->2  [0m[1;34m2->3  [0m[1;34m
[pthread wrapper] SKIP MASK: 0x0
[0m[1;34m	threadid 140371896661760 -> core 1 - OK[0m[1;34m
[0m[1;34m	threadid 140371888269056 -> core 2 - OK[0m[1;34m
[0m[1;34m	threadid 140371879876352 -> core 3 - OK[0m[1;34m
[0miterations: 200
Total iterations: 49600800 LUP
FLOP: 11
Total work: 545608800 FLOP
performance: 1.196063 GLUP/s
Performance in GFLOP/s: 13.156695
size: 250000
time: 0.041470
[1;34m[pthread wrapper] 
[0m[1;34m[pthread wrapper] MAIN -> 0
[0m[1;34m[pthread wrapper] PIN_MASK: [0m[1;34m0->1  [0m[1;34m1->2  [0m[1;34m2->3  [0m[1;34m
[pthread wrapper] SKIP MASK: 0x0
[0m[1;34m	threadid 140103976482560 -> core 1 - OK[0m[1;34m
[0m[1;34m	threadid 140103968089856 -> core 2 - OK[0m[1;34m
[0m[1;34m	threadid 140103959697152 -> core 3 - OK[0m[1;34m
[0miterations: 200
Total iterations: 49600800 LUP
FLOP: 11
Total work: 545608800 FLOP
performance: 1.191583 GLUP/s
Performance in GFLOP/s: 13.107411
size: 250000
time: 0.041626
[1;34m[pthread wrapper] 
[0m[1;34m[pthread wrapper] MAIN -> 0
[0m[1;34m[pthread wrapper] PIN_MASK: [0m[1;34m0->1  [0m[1;34m1->2  [0m[1;34m2->3  [0m[1;34m
[pthread wrapper] SKIP MASK: 0x0
[0m[1;34m	threadid 140592882824960 -> core 1 - OK[0m[1;34m
[0m[1;34m	threadid 140592874432256 -> core 2 - OK[0m[1;34m
[0m[1;34m	threadid 140592866039552 -> core 3 - OK[0m[1;34m
[0miterations: 200
Total iterations: 49600800 LUP
FLOP: 11
Total work: 545608800 FLOP
performance: 1.186818 GLUP/s
Performance in GFLOP/s: 13.054995
size: 250000
time: 0.041793
[1;34m[pthread wrapper] 
[0m[1;34m[pthread wrapper] MAIN -> 0
[0m[1;34m[pthread wrapper] PIN_MASK: [0m[1;34m0->1  [0m[1;34m1->2  [0m[1;34m2->3  [0m[1;34m
[pthread wrapper] SKIP MASK: 0x0
[0m[1;34m	threadid 139899619473152 -> core 1 - OK[0m[1;34m
[0m[1;34m	threadid 139899611080448 -> core 2 - OK[0m[1;34m
[0m[1;34m	threadid 139899602687744 -> core 3 - OK[0m[1;34m
[0miterations: 200
Total iterations: 49600800 LUP
FLOP: 11
Total work: 545608800 FLOP
performance: 1.150407 GLUP/s
Performance in GFLOP/s: 12.654482
size: 250000
time: 0.043116
[1;34m[pthread wrapper] 
[0m[1;34m[pthread wrapper] MAIN -> 0
[0m[1;34m[pthread wrapper] PIN_MASK: [0m[1;34m0->1  [0m[1;34m1->2  [0m[1;34m2->3  [0m[1;34m
[pthread wrapper] SKIP MASK: 0x0
[0m[1;34m	threadid 140638211909376 -> core 1 - OK[0m[1;34m
[0m[1;34m	threadid 140638203516672 -> core 2 - OK[0m[1;34m
[0m[1;34m	threadid 140638195123968 -> core 3 - OK[0m[1;34m
[0miterations: 200
Total iterations: 49600800 LUP
FLOP: 11
Total work: 545608800 FLOP
performance: 1.189920 GLUP/s
Performance in GFLOP/s: 13.089119
size: 250000
time: 0.041684
