[1;34m[pthread wrapper] 
[0m[1;34m[pthread wrapper] MAIN -> 0
[0m[1;34m[pthread wrapper] PIN_MASK: [0m[1;34m0->1  [0m[1;34m1->2  [0m[1;34m2->3  [0m[1;34m3->4  [0m[1;34m4->5  [0m[1;34m5->6  [0m[1;34m6->7  [0m[1;34m7->8  [0m[1;34m8->9  [0m[1;34m
[pthread wrapper] SKIP MASK: 0x0
[0m[1;34m	threadid 140246805104384 -> core 1 - OK[0m[1;34m
[0m[1;34m	threadid 140246796711680 -> core 2 - OK[0m[1;34m
[0m[1;34m	threadid 140246788318976 -> core 3 - OK[0m[1;34m
[0m[1;34m	threadid 140246779926272 -> core 4 - OK[0m[1;34m
[0m[1;34m	threadid 140246771533568 -> core 5 - OK[0m[1;34m
[0m[1;34m	threadid 140246763140864 -> core 6 - OK[0m[1;34m
[0m[1;34m	threadid 140246754748160 -> core 7 - OK[0m[1;34m
[0m[1;34m	threadid 140246746355456 -> core 8 - OK[0m[1;34m
[0m[1;34m	threadid 140246737962752 -> core 9 - OK[0m[1;34m
[0miterations: 100
Total iterations: 898800400 LUP
FLOP: 11
Total work: 9886804400 FLOP
performance: 1.685881 GLUP/s
Performance in GFLOP/s: 18.544690
size: 9000000
time: 0.533134
[1;34m[pthread wrapper] 
[0m[1;34m[pthread wrapper] MAIN -> 0
[0m[1;34m[pthread wrapper] PIN_MASK: [0m[1;34m0->1  [0m[1;34m1->2  [0m[1;34m2->3  [0m[1;34m3->4  [0m[1;34m4->5  [0m[1;34m5->6  [0m[1;34m6->7  [0m[1;34m7->8  [0m[1;34m8->9  [0m[1;34m
[pthread wrapper] SKIP MASK: 0x0
[0m[1;34m	threadid 140516321892096 -> core 1 - OK[0m[1;34m
[0m[1;34m	threadid 140516313499392 -> core 2 - OK[0m[1;34m
[0m[1;34m	threadid 140516305106688 -> core 3 - OK[0m[1;34m
[0m[1;34m	threadid 140516296713984 -> core 4 - OK[0m[1;34m
[0m[1;34m	threadid 140516288321280 -> core 5 - OK[0m[1;34m
[0m[1;34m	threadid 140516279928576 -> core 6 - OK[0m[1;34m
[0m[1;34m	threadid 140516271535872 -> core 7 - OK[0m[1;34m
[0m[1;34m	threadid 140516263143168 -> core 8 - OK[0m[1;34m
[0m[1;34m	threadid 140516254750464 -> core 9 - OK[0m[1;34m
[0miterations: 100
Total iterations: 898800400 LUP
FLOP: 11
Total work: 9886804400 FLOP
performance: 1.690704 GLUP/s
Performance in GFLOP/s: 18.597744
size: 9000000
time: 0.531613
[1;34m[pthread wrapper] 
[0m[1;34m[pthread wrapper] MAIN -> 0
[0m[1;34m[pthread wrapper] PIN_MASK: [0m[1;34m0->1  [0m[1;34m1->2  [0m[1;34m2->3  [0m[1;34m3->4  [0m[1;34m4->5  [0m[1;34m5->6  [0m[1;34m6->7  [0m[1;34m7->8  [0m[1;34m8->9  [0m[1;34m
[pthread wrapper] SKIP MASK: 0x0
[0m[1;34m	threadid 139908717680384 -> core 1 - OK[0m[1;34m
[0m[1;34m	threadid 139908709287680 -> core 2 - OK[0m[1;34m
[0m[1;34m	threadid 139908700894976 -> core 3 - OK[0m[1;34m
[0m[1;34m	threadid 139908692502272 -> core 4 - OK[0m[1;34m
[0m[1;34m	threadid 139908684109568 -> core 5 - OK[0m[1;34m
[0m[1;34m	threadid 139908675716864 -> core 6 - OK[0m[1;34m
[0m[1;34m	threadid 139908667324160 -> core 7 - OK[0m[1;34m
[0m[1;34m	threadid 139908658931456 -> core 8 - OK[0m[1;34m
[0m[1;34m	threadid 139908650538752 -> core 9 - OK[0m[1;34m
[0miterations: 100
Total iterations: 898800400 LUP
FLOP: 11
Total work: 9886804400 FLOP
performance: 1.686140 GLUP/s
Performance in GFLOP/s: 18.547543
size: 9000000
time: 0.533052
[1;34m[pthread wrapper] 
[0m[1;34m[pthread wrapper] MAIN -> 0
[0m[1;34m[pthread wrapper] PIN_MASK: [0m[1;34m0->1  [0m[1;34m1->2  [0m[1;34m2->3  [0m[1;34m3->4  [0m[1;34m4->5  [0m[1;34m5->6  [0m[1;34m6->7  [0m[1;34m7->8  [0m[1;34m8->9  [0m[1;34m
[pthread wrapper] SKIP MASK: 0x0
[0m[1;34m	threadid 140436060555008 -> core 1 - OK[0m[1;34m
[0m[1;34m	threadid 140436052162304 -> core 2 - OK[0m[1;34m
[0m[1;34m	threadid 140436043769600 -> core 3 - OK[0m[1;34m
[0m[1;34m	threadid 140436035376896 -> core 4 - OK[0m[1;34m
[0m[1;34m	threadid 140436026984192 -> core 5 - OK[0m[1;34m
[0m[1;34m	threadid 140436018591488 -> core 6 - OK[0m[1;34m
[0m[1;34m	threadid 140436010198784 -> core 7 - OK[0m[1;34m
[0m[1;34m	threadid 140436001806080 -> core 8 - OK[0m[1;34m
[0m[1;34m	threadid 140435993413376 -> core 9 - OK[0m[1;34m
[0miterations: 100
Total iterations: 898800400 LUP
FLOP: 11
Total work: 9886804400 FLOP
performance: 1.672993 GLUP/s
Performance in GFLOP/s: 18.402923
size: 9000000
time: 0.537241
[1;34m[pthread wrapper] 
[0m[1;34m[pthread wrapper] MAIN -> 0
[0m[1;34m[pthread wrapper] PIN_MASK: [0m[1;34m0->1  [0m[1;34m1->2  [0m[1;34m2->3  [0m[1;34m3->4  [0m[1;34m4->5  [0m[1;34m5->6  [0m[1;34m6->7  [0m[1;34m7->8  [0m[1;34m8->9  [0m[1;34m
[pthread wrapper] SKIP MASK: 0x0
[0m[1;34m	threadid 140561132566272 -> core 1 - OK[0m[1;34m
[0m[1;34m	threadid 140561124173568 -> core 2 - OK[0m[1;34m
[0m[1;34m	threadid 140561115780864 -> core 3 - OK[0m[1;34m
[0m[1;34m	threadid 140561107388160 -> core 4 - OK[0m[1;34m
[0m[1;34m	threadid 140561098995456 -> core 5 - OK[0m[1;34m
[0m[1;34m	threadid 140561090602752 -> core 6 - OK[0m[1;34m
[0m[1;34m	threadid 140561082210048 -> core 7 - OK[0m[1;34m
[0m[1;34m	threadid 140561073817344 -> core 8 - OK[0m[1;34m
[0m[1;34m	threadid 140561065424640 -> core 9 - OK[0m[1;34m
[0miterations: 100
Total iterations: 898800400 LUP
FLOP: 11
Total work: 9886804400 FLOP
performance: 1.695507 GLUP/s
Performance in GFLOP/s: 18.650582
size: 9000000
time: 0.530107
