[1;34m[pthread wrapper] 
[0m[1;34m[pthread wrapper] MAIN -> 0
[0m[1;34m[pthread wrapper] PIN_MASK: [0m[1;34m0->1  [0m[1;34m1->2  [0m[1;34m2->3  [0m[1;34m3->4  [0m[1;34m4->5  [0m[1;34m5->6  [0m[1;34m6->7  [0m[1;34m7->10  [0m[1;34m8->11  [0m[1;34m9->12  [0m[1;34m10->13  [0m[1;34m11->14  [0m[1;34m12->15  [0m[1;34m13->16  [0m[1;34m14->17  [0m[1;34m
[pthread wrapper] SKIP MASK: 0x0
[0m[1;34m	threadid 140219594413824 -> core 1 - OK[0m[1;34m
[0m[1;34m	threadid 140219586021120 -> core 2 - OK[0m[1;34m
[0m[1;34m	threadid 140219577628416 -> core 3 - OK[0m[1;34m
[0m[1;34m	threadid 140219569235712 -> core 4 - OK[0m[1;34m
[0m[1;34m	threadid 140219560843008 -> core 5 - OK[0m[1;34m
[0m[1;34m	threadid 140219552450304 -> core 6 - OK[0m[1;34m
[0m[1;34m	threadid 140219544057600 -> core 7 - OK[0m[1;34m
[0m[1;34m	threadid 140219535664896 -> core 10 - OK[0m[1;34m
[0m[1;34m	threadid 140219527272192 -> core 11 - OK[0m[1;34m
[0m[1;34m	threadid 140219518879488 -> core 12 - OK[0m[1;34m
[0m[1;34m	threadid 140219510486784 -> core 13 - OK[0m[1;34m
[0m[1;34m	threadid 140219502094080 -> core 14 - OK[0m[1;34m
[0m[1;34m	threadid 140219493701376 -> core 15 - OK[0m[1;34m
[0m[1;34m	threadid 140219485308672 -> core 16 - OK[0m[1;34m
[0m[1;34m	threadid 140219476915968 -> core 17 - OK[0m[1;34m
[0miterations: 200
Total iterations: 49600800 LUP
FLOP: 11
Total work: 545608800 FLOP
performance: 1.654242 GLUP/s
Performance in GFLOP/s: 18.196666
size: 250000
time: 0.029984
[1;34m[pthread wrapper] 
[0m[1;34m[pthread wrapper] MAIN -> 0
[0m[1;34m[pthread wrapper] PIN_MASK: [0m[1;34m0->1  [0m[1;34m1->2  [0m[1;34m2->3  [0m[1;34m3->4  [0m[1;34m4->5  [0m[1;34m5->6  [0m[1;34m6->7  [0m[1;34m7->10  [0m[1;34m8->11  [0m[1;34m9->12  [0m[1;34m10->13  [0m[1;34m11->14  [0m[1;34m12->15  [0m[1;34m13->16  [0m[1;34m14->17  [0m[1;34m
[pthread wrapper] SKIP MASK: 0x0
[0m[1;34m	threadid 140522603869952 -> core 1 - OK[0m[1;34m
[0m[1;34m	threadid 140522595477248 -> core 2 - OK[0m[1;34m
[0m[1;34m	threadid 140522587084544 -> core 3 - OK[0m[1;34m
[0m[1;34m	threadid 140522578691840 -> core 4 - OK[0m[1;34m
[0m[1;34m	threadid 140522570299136 -> core 5 - OK[0m[1;34m
[0m[1;34m	threadid 140522561906432 -> core 6 - OK[0m[1;34m
[0m[1;34m	threadid 140522553513728 -> core 7 - OK[0m[1;34m
[0m[1;34m	threadid 140522545121024 -> core 10 - OK[0m[1;34m
[0m[1;34m	threadid 140522536728320 -> core 11 - OK[0m[1;34m
[0m[1;34m	threadid 140522528335616 -> core 12 - OK[0m[1;34m
[0m[1;34m	threadid 140522519942912 -> core 13 - OK[0m[1;34m
[0m[1;34m	threadid 140522511550208 -> core 14 - OK[0m[1;34m
[0m[1;34m	threadid 140522503157504 -> core 15 - OK[0m[1;34m
[0m[1;34m	threadid 140522494764800 -> core 16 - OK[0m[1;34m
[0m[1;34m	threadid 140522486372096 -> core 17 - OK[0m[1;34m
[0miterations: 200
Total iterations: 49600800 LUP
FLOP: 11
Total work: 545608800 FLOP
performance: 1.657009 GLUP/s
Performance in GFLOP/s: 18.227102
size: 250000
time: 0.029934
[1;34m[pthread wrapper] 
[0m[1;34m[pthread wrapper] MAIN -> 0
[0m[1;34m[pthread wrapper] PIN_MASK: [0m[1;34m0->1  [0m[1;34m1->2  [0m[1;34m2->3  [0m[1;34m3->4  [0m[1;34m4->5  [0m[1;34m5->6  [0m[1;34m6->7  [0m[1;34m7->10  [0m[1;34m8->11  [0m[1;34m9->12  [0m[1;34m10->13  [0m[1;34m11->14  [0m[1;34m12->15  [0m[1;34m13->16  [0m[1;34m14->17  [0m[1;34m
[pthread wrapper] SKIP MASK: 0x0
[0m[1;34m	threadid 140653126141696 -> core 1 - OK[0m[1;34m
[0m[1;34m	threadid 140653117748992 -> core 2 - OK[0m[1;34m
[0m[1;34m	threadid 140653109356288 -> core 3 - OK[0m[1;34m
[0m[1;34m	threadid 140653100963584 -> core 4 - OK[0m[1;34m
[0m[1;34m	threadid 140653092570880 -> core 5 - OK[0m[1;34m
[0m[1;34m	threadid 140653084178176 -> core 6 - OK[0m[1;34m
[0m[1;34m	threadid 140653075785472 -> core 7 - OK[0m[1;34m
[0m[1;34m	threadid 140653067392768 -> core 10 - OK[0m[1;34m
[0m[1;34m	threadid 140653059000064 -> core 11 - OK[0m[1;34m
[0m[1;34m	threadid 140653050607360 -> core 12 - OK[0m[1;34m
[0m[1;34m	threadid 140653042214656 -> core 13 - OK[0m[1;34m
[0m[1;34m	threadid 140653033821952 -> core 14 - OK[0m[1;34m
[0m[1;34m	threadid 140653025429248 -> core 15 - OK[0m[1;34m
[0m[1;34m	threadid 140653017036544 -> core 16 - OK[0m[1;34m
[0m[1;34m	threadid 140653008643840 -> core 17 - OK[0m[1;34m
[0miterations: 200
Total iterations: 49600800 LUP
FLOP: 11
Total work: 545608800 FLOP
performance: 1.659785 GLUP/s
Performance in GFLOP/s: 18.257640
size: 250000
time: 0.029884
[1;34m[pthread wrapper] 
[0m[1;34m[pthread wrapper] MAIN -> 0
[0m[1;34m[pthread wrapper] PIN_MASK: [0m[1;34m0->1  [0m[1;34m1->2  [0m[1;34m2->3  [0m[1;34m3->4  [0m[1;34m4->5  [0m[1;34m5->6  [0m[1;34m6->7  [0m[1;34m7->10  [0m[1;34m8->11  [0m[1;34m9->12  [0m[1;34m10->13  [0m[1;34m11->14  [0m[1;34m12->15  [0m[1;34m13->16  [0m[1;34m14->17  [0m[1;34m
[pthread wrapper] SKIP MASK: 0x0
[0m[1;34m	threadid 140515627398912 -> core 1 - OK[0m[1;34m
[0m[1;34m	threadid 140515619006208 -> core 2 - OK[0m[1;34m
[0m[1;34m	threadid 140515610613504 -> core 3 - OK[0m[1;34m
[0m[1;34m	threadid 140515602220800 -> core 4 - OK[0m[1;34m
[0m[1;34m	threadid 140515593828096 -> core 5 - OK[0m[1;34m
[0m[1;34m	threadid 140515585435392 -> core 6 - OK[0m[1;34m
[0m[1;34m	threadid 140515577042688 -> core 7 - OK[0m[1;34m
[0m[1;34m	threadid 140515568649984 -> core 10 - OK[0m[1;34m
[0m[1;34m	threadid 140515560257280 -> core 11 - OK[0m[1;34m
[0m[1;34m	threadid 140515551864576 -> core 12 - OK[0m[1;34m
[0m[1;34m	threadid 140515543471872 -> core 13 - OK[0m[1;34m
[0m[1;34m	threadid 140515535079168 -> core 14 - OK[0m[1;34m
[0m[1;34m	threadid 140515526686464 -> core 15 - OK[0m[1;34m
[0m[1;34m	threadid 140515518293760 -> core 16 - OK[0m[1;34m
[0m[1;34m	threadid 140515509901056 -> core 17 - OK[0m[1;34m
[0miterations: 200
Total iterations: 49600800 LUP
FLOP: 11
Total work: 545608800 FLOP
performance: 1.656785 GLUP/s
Performance in GFLOP/s: 18.224635
size: 250000
time: 0.029938
[1;34m[pthread wrapper] 
[0m[1;34m[pthread wrapper] MAIN -> 0
[0m[1;34m[pthread wrapper] PIN_MASK: [0m[1;34m0->1  [0m[1;34m1->2  [0m[1;34m2->3  [0m[1;34m3->4  [0m[1;34m4->5  [0m[1;34m5->6  [0m[1;34m6->7  [0m[1;34m7->10  [0m[1;34m8->11  [0m[1;34m9->12  [0m[1;34m10->13  [0m[1;34m11->14  [0m[1;34m12->15  [0m[1;34m13->16  [0m[1;34m14->17  [0m[1;34m
[pthread wrapper] SKIP MASK: 0x0
[0m[1;34m	threadid 139736577369856 -> core 1 - OK[0m[1;34m
[0m[1;34m	threadid 139736568977152 -> core 2 - OK[0m[1;34m
[0m[1;34m	threadid 139736560584448 -> core 3 - OK[0m[1;34m
[0m[1;34m	threadid 139736552191744 -> core 4 - OK[0m[1;34m
[0m[1;34m	threadid 139736543799040 -> core 5 - OK[0m[1;34m
[0m[1;34m	threadid 139736535406336 -> core 6 - OK[0m[1;34m
[0m[1;34m	threadid 139736527013632 -> core 7 - OK[0m[1;34m
[0m[1;34m	threadid 139736518620928 -> core 10 - OK[0m[1;34m
[0m[1;34m	threadid 139736510228224 -> core 11 - OK[0m[1;34m
[0m[1;34m	threadid 139736501835520 -> core 12 - OK[0m[1;34m
[0m[1;34m	threadid 139736493442816 -> core 13 - OK[0m[1;34m
[0m[1;34m	threadid 139736485050112 -> core 14 - OK[0m[1;34m
[0m[1;34m	threadid 139736476657408 -> core 15 - OK[0m[1;34m
[0m[1;34m	threadid 139736468264704 -> core 16 - OK[0m[1;34m
[0m[1;34m	threadid 139736459872000 -> core 17 - OK[0m[1;34m
[0miterations: 200
Total iterations: 49600800 LUP
FLOP: 11
Total work: 545608800 FLOP
performance: 1.651485 GLUP/s
Performance in GFLOP/s: 18.166332
size: 250000
time: 0.030034
[1;34m[pthread wrapper] 
[0m[1;34m[pthread wrapper] MAIN -> 0
[0m[1;34m[pthread wrapper] PIN_MASK: [0m[1;34m0->1  [0m[1;34m1->2  [0m[1;34m2->3  [0m[1;34m3->4  [0m[1;34m4->5  [0m[1;34m5->6  [0m[1;34m6->7  [0m[1;34m7->10  [0m[1;34m8->11  [0m[1;34m9->12  [0m[1;34m10->13  [0m[1;34m11->14  [0m[1;34m12->15  [0m[1;34m13->16  [0m[1;34m14->17  [0m[1;34m
[pthread wrapper] SKIP MASK: 0x0
[0m[1;34m	threadid 140671483528960 -> core 1 - OK[0m[1;34m
[0m[1;34m	threadid 140671475136256 -> core 2 - OK[0m[1;34m
[0m[1;34m	threadid 140671466743552 -> core 3 - OK[0m[1;34m
[0m[1;34m	threadid 140671458350848 -> core 4 - OK[0m[1;34m
[0m[1;34m	threadid 140671449958144 -> core 5 - OK[0m[1;34m
[0m[1;34m	threadid 140671441565440 -> core 6 - OK[0m[1;34m
[0m[1;34m	threadid 140671433172736 -> core 7 - OK[0m[1;34m
[0m[1;34m	threadid 140671424780032 -> core 10 - OK[0m[1;34m
[0m[1;34m	threadid 140671416387328 -> core 11 - OK[0m[1;34m
[0m[1;34m	threadid 140671407994624 -> core 12 - OK[0m[1;34m
[0m[1;34m	threadid 140671399601920 -> core 13 - OK[0m[1;34m
[0m[1;34m	threadid 140671391209216 -> core 14 - OK[0m[1;34m
[0m[1;34m	threadid 140671382816512 -> core 15 - OK[0m[1;34m
[0m[1;34m	threadid 140671374423808 -> core 16 - OK[0m[1;34m
[0m[1;34m	threadid 140671366031104 -> core 17 - OK[0m[1;34m
[0miterations: 200
Total iterations: 49600800 LUP
FLOP: 11
Total work: 545608800 FLOP
performance: 1.641387 GLUP/s
Performance in GFLOP/s: 18.055253
size: 250000
time: 0.030219
[1;34m[pthread wrapper] 
[0m[1;34m[pthread wrapper] MAIN -> 0
[0m[1;34m[pthread wrapper] PIN_MASK: [0m[1;34m0->1  [0m[1;34m1->2  [0m[1;34m2->3  [0m[1;34m3->4  [0m[1;34m4->5  [0m[1;34m5->6  [0m[1;34m6->7  [0m[1;34m7->10  [0m[1;34m8->11  [0m[1;34m9->12  [0m[1;34m10->13  [0m[1;34m11->14  [0m[1;34m12->15  [0m[1;34m13->16  [0m[1;34m14->17  [0m[1;34m
[pthread wrapper] SKIP MASK: 0x0
[0m[1;34m	threadid 140092740794112 -> core 1 - OK[0m[1;34m
[0m[1;34m	threadid 140092732401408 -> core 2 - OK[0m[1;34m
[0m[1;34m	threadid 140092724008704 -> core 3 - OK[0m[1;34m
[0m[1;34m	threadid 140092715616000 -> core 4 - OK[0m[1;34m
[0m[1;34m	threadid 140092707223296 -> core 5 - OK[0m[1;34m
[0m[1;34m	threadid 140092698830592 -> core 6 - OK[0m[1;34m
[0m[1;34m	threadid 140092690437888 -> core 7 - OK[0m[1;34m
[0m[1;34m	threadid 140092682045184 -> core 10 - OK[0m[1;34m
[0m[1;34m	threadid 140092673652480 -> core 11 - OK[0m[1;34m
[0m[1;34m	threadid 140092665259776 -> core 12 - OK[0m[1;34m
[0m[1;34m	threadid 140092656867072 -> core 13 - OK[0m[1;34m
[0m[1;34m	threadid 140092648474368 -> core 14 - OK[0m[1;34m
[0m[1;34m	threadid 140092640081664 -> core 15 - OK[0m[1;34m
[0m[1;34m	threadid 140092631688960 -> core 16 - OK[0m[1;34m
[0m[1;34m	threadid 140092623296256 -> core 17 - OK[0m[1;34m
[0miterations: 200
Total iterations: 49600800 LUP
FLOP: 11
Total work: 545608800 FLOP
performance: 1.659455 GLUP/s
Performance in GFLOP/s: 18.254000
size: 250000
time: 0.029890
[1;34m[pthread wrapper] 
[0m[1;34m[pthread wrapper] MAIN -> 0
[0m[1;34m[pthread wrapper] PIN_MASK: [0m[1;34m0->1  [0m[1;34m1->2  [0m[1;34m2->3  [0m[1;34m3->4  [0m[1;34m4->5  [0m[1;34m5->6  [0m[1;34m6->7  [0m[1;34m7->10  [0m[1;34m8->11  [0m[1;34m9->12  [0m[1;34m10->13  [0m[1;34m11->14  [0m[1;34m12->15  [0m[1;34m13->16  [0m[1;34m14->17  [0m[1;34m
[pthread wrapper] SKIP MASK: 0x0
[0m[1;34m	threadid 140402183665408 -> core 1 - OK[0m[1;34m
[0m[1;34m	threadid 140402175272704 -> core 2 - OK[0m[1;34m
[0m[1;34m	threadid 140402166880000 -> core 3 - OK[0m[1;34m
[0m[1;34m	threadid 140402158487296 -> core 4 - OK[0m[1;34m
[0m[1;34m	threadid 140402150094592 -> core 5 - OK[0m[1;34m
[0m[1;34m	threadid 140402141701888 -> core 6 - OK[0m[1;34m
[0m[1;34m	threadid 140402133309184 -> core 7 - OK[0m[1;34m
[0m[1;34m	threadid 140402124916480 -> core 10 - OK[0m[1;34m
[0m[1;34m	threadid 140402116523776 -> core 11 - OK[0m[1;34m
[0m[1;34m	threadid 140402108131072 -> core 12 - OK[0m[1;34m
[0m[1;34m	threadid 140402099738368 -> core 13 - OK[0m[1;34m
[0m[1;34m	threadid 140402091345664 -> core 14 - OK[0m[1;34m
[0m[1;34m	threadid 140402082952960 -> core 15 - OK[0m[1;34m
[0m[1;34m	threadid 140402074560256 -> core 16 - OK[0m[1;34m
[0m[1;34m	threadid 140402066167552 -> core 17 - OK[0m[1;34m
[0miterations: 200
Total iterations: 49600800 LUP
FLOP: 11
Total work: 545608800 FLOP
performance: 1.648423 GLUP/s
Performance in GFLOP/s: 18.132650
size: 250000
time: 0.030090
[1;34m[pthread wrapper] 
[0m[1;34m[pthread wrapper] MAIN -> 0
[0m[1;34m[pthread wrapper] PIN_MASK: [0m[1;34m0->1  [0m[1;34m1->2  [0m[1;34m2->3  [0m[1;34m3->4  [0m[1;34m4->5  [0m[1;34m5->6  [0m[1;34m6->7  [0m[1;34m7->10  [0m[1;34m8->11  [0m[1;34m9->12  [0m[1;34m10->13  [0m[1;34m11->14  [0m[1;34m12->15  [0m[1;34m13->16  [0m[1;34m14->17  [0m[1;34m
[pthread wrapper] SKIP MASK: 0x0
[0m[1;34m	threadid 139930924848896 -> core 1 - OK[0m[1;34m
[0m[1;34m	threadid 139930916456192 -> core 2 - OK[0m[1;34m
[0m[1;34m	threadid 139930908063488 -> core 3 - OK[0m[1;34m
[0m[1;34m	threadid 139930899670784 -> core 4 - OK[0m[1;34m
[0m[1;34m	threadid 139930891278080 -> core 5 - OK[0m[1;34m
[0m[1;34m	threadid 139930882885376 -> core 6 - OK[0m[1;34m
[0m[1;34m	threadid 139930874492672 -> core 7 - OK[0m[1;34m
[0m[1;34m	threadid 139930866099968 -> core 10 - OK[0m[1;34m
[0m[1;34m	threadid 139930857707264 -> core 11 - OK[0m[1;34m
[0m[1;34m	threadid 139930849314560 -> core 12 - OK[0m[1;34m
[0m[1;34m	threadid 139930840921856 -> core 13 - OK[0m[1;34m
[0m[1;34m	threadid 139930832529152 -> core 14 - OK[0m[1;34m
[0m[1;34m	threadid 139930824136448 -> core 15 - OK[0m[1;34m
[0m[1;34m	threadid 139930815743744 -> core 16 - OK[0m[1;34m
[0m[1;34m	threadid 139930807351040 -> core 17 - OK[0m[1;34m
[0miterations: 200
Total iterations: 49600800 LUP
FLOP: 11
Total work: 545608800 FLOP
performance: 1.643994 GLUP/s
Performance in GFLOP/s: 18.083931
size: 250000
time: 0.030171
[1;34m[pthread wrapper] 
[0m[1;34m[pthread wrapper] MAIN -> 0
[0m[1;34m[pthread wrapper] PIN_MASK: [0m[1;34m0->1  [0m[1;34m1->2  [0m[1;34m2->3  [0m[1;34m3->4  [0m[1;34m4->5  [0m[1;34m5->6  [0m[1;34m6->7  [0m[1;34m7->10  [0m[1;34m8->11  [0m[1;34m9->12  [0m[1;34m10->13  [0m[1;34m11->14  [0m[1;34m12->15  [0m[1;34m13->16  [0m[1;34m14->17  [0m[1;34m
[pthread wrapper] SKIP MASK: 0x0
[0m[1;34m	threadid 139929899128576 -> core 1 - OK[0m[1;34m
[0m[1;34m	threadid 139929890735872 -> core 2 - OK[0m[1;34m
[0m[1;34m	threadid 139929882343168 -> core 3 - OK[0m[1;34m
[0m[1;34m	threadid 139929873950464 -> core 4 - OK[0m[1;34m
[0m[1;34m	threadid 139929865557760 -> core 5 - OK[0m[1;34m
[0m[1;34m	threadid 139929857165056 -> core 6 - OK[0m[1;34m
[0m[1;34m	threadid 139929848772352 -> core 7 - OK[0m[1;34m
[0m[1;34m	threadid 139929840379648 -> core 10 - OK[0m[1;34m
[0m[1;34m	threadid 139929831986944 -> core 11 - OK[0m[1;34m
[0m[1;34m	threadid 139929823594240 -> core 12 - OK[0m[1;34m
[0m[1;34m	threadid 139929815201536 -> core 13 - OK[0m[1;34m
[0m[1;34m	threadid 139929806808832 -> core 14 - OK[0m[1;34m
[0m[1;34m	threadid 139929798416128 -> core 15 - OK[0m[1;34m
[0m[1;34m	threadid 139929790023424 -> core 16 - OK[0m[1;34m
[0m[1;34m	threadid 139929781630720 -> core 17 - OK[0m[1;34m
[0miterations: 200
Total iterations: 49600800 LUP
FLOP: 11
Total work: 545608800 FLOP
performance: 1.644423 GLUP/s
Performance in GFLOP/s: 18.088648
size: 250000
time: 0.030163
