iterations: 200
Total iterations: 1797600800 LUP
FLOP: 11
Total work: 19773608800 FLOP
performance: 2.818762 GLUP/s
Performance in GFLOP/s: 31.006384
size: 9000000
time: 0.637727
iterations: 200
Total iterations: 1797600800 LUP
FLOP: 11
Total work: 19773608800 FLOP
performance: 2.836164 GLUP/s
Performance in GFLOP/s: 31.197805
size: 9000000
time: 0.633814
iterations: 200
Total iterations: 1797600800 LUP
FLOP: 11
Total work: 19773608800 FLOP
performance: 2.826182 GLUP/s
Performance in GFLOP/s: 31.087997
size: 9000000
time: 0.636053
iterations: 200
Total iterations: 1797600800 LUP
FLOP: 11
Total work: 19773608800 FLOP
performance: 2.852778 GLUP/s
Performance in GFLOP/s: 31.380559
size: 9000000
time: 0.630123
iterations: 200
Total iterations: 1797600800 LUP
FLOP: 11
Total work: 19773608800 FLOP
performance: 2.893578 GLUP/s
Performance in GFLOP/s: 31.829362
size: 9000000
time: 0.621238
iterations: 200
Total iterations: 1797600800 LUP
FLOP: 11
Total work: 19773608800 FLOP
performance: 2.867386 GLUP/s
Performance in GFLOP/s: 31.541241
size: 9000000
time: 0.626913
iterations: 200
Total iterations: 1797600800 LUP
FLOP: 11
Total work: 19773608800 FLOP
performance: 2.865049 GLUP/s
Performance in GFLOP/s: 31.515544
size: 9000000
time: 0.627424
iterations: 200
Total iterations: 1797600800 LUP
FLOP: 11
Total work: 19773608800 FLOP
performance: 2.890034 GLUP/s
Performance in GFLOP/s: 31.790369
size: 9000000
time: 0.622000
iterations: 200
Total iterations: 1797600800 LUP
FLOP: 11
Total work: 19773608800 FLOP
performance: 2.894967 GLUP/s
Performance in GFLOP/s: 31.844638
size: 9000000
time: 0.620940
iterations: 200
Total iterations: 1797600800 LUP
FLOP: 11
Total work: 19773608800 FLOP
performance: 2.859539 GLUP/s
Performance in GFLOP/s: 31.454932
size: 9000000
time: 0.628633
