[1;34m[pthread wrapper] 
[0m[1;34m[pthread wrapper] MAIN -> 0
[0m[1;34m[pthread wrapper] PIN_MASK: [0m[1;34m0->1  [0m[1;34m1->2  [0m[1;34m2->3  [0m[1;34m
[pthread wrapper] SKIP MASK: 0x0
[0m[1;34m	threadid 140044078876416 -> core 1 - OK[0m[1;34m
[0m[1;34m	threadid 140044070483712 -> core 2 - OK[0m[1;34m
[0m[1;34m	threadid 140044062091008 -> core 3 - OK[0m[1;34m
[0miterations: 200
Total iterations: 49600800 LUP
FLOP: 11
Total work: 545608800 FLOP
performance: 1.520200 GLUP/s
Performance in GFLOP/s: 16.722195
size: 250000
time: 0.032628
[1;34m[pthread wrapper] 
[0m[1;34m[pthread wrapper] MAIN -> 0
[0m[1;34m[pthread wrapper] PIN_MASK: [0m[1;34m0->1  [0m[1;34m1->2  [0m[1;34m2->3  [0m[1;34m
[pthread wrapper] SKIP MASK: 0x0
[0m[1;34m	threadid 140419691984640 -> core 1 - OK[0m[1;34m
[0m[1;34m	threadid 140419683591936 -> core 2 - OK[0m[1;34m
[0m[1;34m	threadid 140419675199232 -> core 3 - OK[0m[1;34m
[0miterations: 200
Total iterations: 49600800 LUP
FLOP: 11
Total work: 545608800 FLOP
performance: 1.508450 GLUP/s
Performance in GFLOP/s: 16.592945
size: 250000
time: 0.032882
[1;34m[pthread wrapper] 
[0m[1;34m[pthread wrapper] MAIN -> 0
[0m[1;34m[pthread wrapper] PIN_MASK: [0m[1;34m0->1  [0m[1;34m1->2  [0m[1;34m2->3  [0m[1;34m
[pthread wrapper] SKIP MASK: 0x0
[0m[1;34m	threadid 139819220989696 -> core 1 - OK[0m[1;34m
[0m[1;34m	threadid 139819212596992 -> core 2 - OK[0m[1;34m
[0m[1;34m	threadid 139819204204288 -> core 3 - OK[0m[1;34m
[0miterations: 200
Total iterations: 49600800 LUP
FLOP: 11
Total work: 545608800 FLOP
performance: 1.514158 GLUP/s
Performance in GFLOP/s: 16.655743
size: 250000
time: 0.032758
[1;34m[pthread wrapper] 
[0m[1;34m[pthread wrapper] MAIN -> 0
[0m[1;34m[pthread wrapper] PIN_MASK: [0m[1;34m0->1  [0m[1;34m1->2  [0m[1;34m2->3  [0m[1;34m
[pthread wrapper] SKIP MASK: 0x0
[0m[1;34m	threadid 140154584639232 -> core 1 - OK[0m[1;34m
[0m[1;34m	threadid 140154576246528 -> core 2 - OK[0m[1;34m
[0m[1;34m	threadid 140154567853824 -> core 3 - OK[0m[1;34m
[0miterations: 200
Total iterations: 49600800 LUP
FLOP: 11
Total work: 545608800 FLOP
performance: 1.508176 GLUP/s
Performance in GFLOP/s: 16.589938
size: 250000
time: 0.032888
[1;34m[pthread wrapper] 
[0m[1;34m[pthread wrapper] MAIN -> 0
[0m[1;34m[pthread wrapper] PIN_MASK: [0m[1;34m0->1  [0m[1;34m1->2  [0m[1;34m2->3  [0m[1;34m
[pthread wrapper] SKIP MASK: 0x0
[0m[1;34m	threadid 139901452834560 -> core 1 - OK[0m[1;34m
[0m[1;34m	threadid 139901444441856 -> core 2 - OK[0m[1;34m
[0m[1;34m	threadid 139901436049152 -> core 3 - OK[0m[1;34m
[0miterations: 200
Total iterations: 49600800 LUP
FLOP: 11
Total work: 545608800 FLOP
performance: 1.509643 GLUP/s
Performance in GFLOP/s: 16.606069
size: 250000
time: 0.032856
[1;34m[pthread wrapper] 
[0m[1;34m[pthread wrapper] MAIN -> 0
[0m[1;34m[pthread wrapper] PIN_MASK: [0m[1;34m0->1  [0m[1;34m1->2  [0m[1;34m2->3  [0m[1;34m
[pthread wrapper] SKIP MASK: 0x0
[0m[1;34m	threadid 140523502122752 -> core 1 - OK[0m[1;34m
[0m[1;34m	threadid 140523493730048 -> core 2 - OK[0m[1;34m
[0m[1;34m	threadid 140523485337344 -> core 3 - OK[0m[1;34m
[0miterations: 200
Total iterations: 49600800 LUP
FLOP: 11
Total work: 545608800 FLOP
performance: 1.516521 GLUP/s
Performance in GFLOP/s: 16.681726
size: 250000
time: 0.032707
[1;34m[pthread wrapper] 
[0m[1;34m[pthread wrapper] MAIN -> 0
[0m[1;34m[pthread wrapper] PIN_MASK: [0m[1;34m0->1  [0m[1;34m1->2  [0m[1;34m2->3  [0m[1;34m
[pthread wrapper] SKIP MASK: 0x0
[0m[1;34m	threadid 140010387838720 -> core 1 - OK[0m[1;34m
[0m[1;34m	threadid 140010379446016 -> core 2 - OK[0m[1;34m
[0m[1;34m	threadid 140010371053312 -> core 3 - OK[0m[1;34m
[0miterations: 200
Total iterations: 49600800 LUP
FLOP: 11
Total work: 545608800 FLOP
performance: 1.514434 GLUP/s
Performance in GFLOP/s: 16.658775
size: 250000
time: 0.032752
[1;34m[pthread wrapper] 
[0m[1;34m[pthread wrapper] MAIN -> 0
[0m[1;34m[pthread wrapper] PIN_MASK: [0m[1;34m0->1  [0m[1;34m1->2  [0m[1;34m2->3  [0m[1;34m
[pthread wrapper] SKIP MASK: 0x0
[0m[1;34m	threadid 140302237107968 -> core 1 - OK[0m[1;34m
[0m[1;34m	threadid 140302228715264 -> core 2 - OK[0m[1;34m
[0m[1;34m	threadid 140302220322560 -> core 3 - OK[0m[1;34m
[0miterations: 200
Total iterations: 49600800 LUP
FLOP: 11
Total work: 545608800 FLOP
performance: 1.489645 GLUP/s
Performance in GFLOP/s: 16.386094
size: 250000
time: 0.033297
[1;34m[pthread wrapper] 
[0m[1;34m[pthread wrapper] MAIN -> 0
[0m[1;34m[pthread wrapper] PIN_MASK: [0m[1;34m0->1  [0m[1;34m1->2  [0m[1;34m2->3  [0m[1;34m
[pthread wrapper] SKIP MASK: 0x0
[0m[1;34m	threadid 139732504188672 -> core 1 - OK[0m[1;34m
[0m[1;34m	threadid 139732495795968 -> core 2 - OK[0m[1;34m
[0m[1;34m	threadid 139732487403264 -> core 3 - OK[0m[1;34m
[0miterations: 200
Total iterations: 49600800 LUP
FLOP: 11
Total work: 545608800 FLOP
performance: 1.512265 GLUP/s
Performance in GFLOP/s: 16.634919
size: 250000
time: 0.032799
[1;34m[pthread wrapper] 
[0m[1;34m[pthread wrapper] MAIN -> 0
[0m[1;34m[pthread wrapper] PIN_MASK: [0m[1;34m0->1  [0m[1;34m1->2  [0m[1;34m2->3  [0m[1;34m
[pthread wrapper] SKIP MASK: 0x0
[0m[1;34m	threadid 140210013234944 -> core 1 - OK[0m[1;34m
[0m[1;34m	threadid 140210004842240 -> core 2 - OK[0m[1;34m
[0m[1;34m	threadid 140209996449536 -> core 3 - OK[0m[1;34m
[0miterations: 200
Total iterations: 49600800 LUP
FLOP: 11
Total work: 545608800 FLOP
performance: 1.515548 GLUP/s
Performance in GFLOP/s: 16.671032
size: 250000
time: 0.032728
