iterations: 200
Total iterations: 49600800 LUP
FLOP: 11
Total work: 545608800 FLOP
performance: 0.397902 GLUP/s
Performance in GFLOP/s: 4.376917
size: 250000
time: 0.124656
iterations: 200
Total iterations: 49600800 LUP
FLOP: 11
Total work: 545608800 FLOP
performance: 0.384628 GLUP/s
Performance in GFLOP/s: 4.230904
size: 250000
time: 0.128958
iterations: 200
Total iterations: 49600800 LUP
FLOP: 11
Total work: 545608800 FLOP
performance: 0.383542 GLUP/s
Performance in GFLOP/s: 4.218962
size: 250000
time: 0.129323
iterations: 200
Total iterations: 49600800 LUP
FLOP: 11
Total work: 545608800 FLOP
performance: 0.384815 GLUP/s
Performance in GFLOP/s: 4.232970
size: 250000
time: 0.128895
iterations: 200
Total iterations: 49600800 LUP
FLOP: 11
Total work: 545608800 FLOP
performance: 0.384228 GLUP/s
Performance in GFLOP/s: 4.226512
size: 250000
time: 0.129092
iterations: 200
Total iterations: 49600800 LUP
FLOP: 11
Total work: 545608800 FLOP
performance: 0.386266 GLUP/s
Performance in GFLOP/s: 4.248924
size: 250000
time: 0.128411
iterations: 200
Total iterations: 49600800 LUP
FLOP: 11
Total work: 545608800 FLOP
performance: 0.386218 GLUP/s
Performance in GFLOP/s: 4.248395
size: 250000
time: 0.128427
iterations: 200
Total iterations: 49600800 LUP
FLOP: 11
Total work: 545608800 FLOP
performance: 0.383907 GLUP/s
Performance in GFLOP/s: 4.222979
size: 250000
time: 0.129200
iterations: 200
Total iterations: 49600800 LUP
FLOP: 11
Total work: 545608800 FLOP
performance: 0.397500 GLUP/s
Performance in GFLOP/s: 4.372501
size: 250000
time: 0.124782
iterations: 200
Total iterations: 49600800 LUP
FLOP: 11
Total work: 545608800 FLOP
performance: 0.397436 GLUP/s
Performance in GFLOP/s: 4.371800
size: 250000
time: 0.124802
