iterations: 120
Total iterations: 1078560480 LUP
FLOP: 11
Total work: 11864165280 FLOP
performance: 0.405034 GLUP/s
Performance in GFLOP/s: 4.455374
size: 9000000
time: 2.662889
iterations: 120
Total iterations: 1078560480 LUP
FLOP: 11
Total work: 11864165280 FLOP
performance: 0.409332 GLUP/s
Performance in GFLOP/s: 4.502647
size: 9000000
time: 2.634931
iterations: 120
Total iterations: 1078560480 LUP
FLOP: 11
Total work: 11864165280 FLOP
performance: 0.409007 GLUP/s
Performance in GFLOP/s: 4.499074
size: 9000000
time: 2.637024
iterations: 120
Total iterations: 1078560480 LUP
FLOP: 11
Total work: 11864165280 FLOP
performance: 0.408748 GLUP/s
Performance in GFLOP/s: 4.496228
size: 9000000
time: 2.638693
iterations: 120
Total iterations: 1078560480 LUP
FLOP: 11
Total work: 11864165280 FLOP
performance: 0.409455 GLUP/s
Performance in GFLOP/s: 4.504004
size: 9000000
time: 2.634137
iterations: 120
Total iterations: 1078560480 LUP
FLOP: 11
Total work: 11864165280 FLOP
performance: 0.412618 GLUP/s
Performance in GFLOP/s: 4.538800
size: 9000000
time: 2.613943
iterations: 120
Total iterations: 1078560480 LUP
FLOP: 11
Total work: 11864165280 FLOP
performance: 0.411395 GLUP/s
Performance in GFLOP/s: 4.525348
size: 9000000
time: 2.621713
iterations: 120
Total iterations: 1078560480 LUP
FLOP: 11
Total work: 11864165280 FLOP
performance: 0.426304 GLUP/s
Performance in GFLOP/s: 4.689345
size: 9000000
time: 2.530026
iterations: 120
Total iterations: 1078560480 LUP
FLOP: 11
Total work: 11864165280 FLOP
performance: 0.408890 GLUP/s
Performance in GFLOP/s: 4.497793
size: 9000000
time: 2.637775
iterations: 120
Total iterations: 1078560480 LUP
FLOP: 11
Total work: 11864165280 FLOP
performance: 0.409056 GLUP/s
Performance in GFLOP/s: 4.499620
size: 9000000
time: 2.636704
