[1;34m[pthread wrapper] 
[0m[1;34m[pthread wrapper] MAIN -> 0
[0m[1;34m[pthread wrapper] PIN_MASK: [0m[1;34m0->1  [0m[1;34m1->2  [0m[1;34m2->3  [0m[1;34m
[pthread wrapper] SKIP MASK: 0x0
[0m[1;34m	threadid 140498680104704 -> core 1 - OK[0m[1;34m
[0m[1;34m	threadid 140498671712000 -> core 2 - OK[0m[1;34m
[0m[1;34m	threadid 140498663319296 -> core 3 - OK[0m[1;34m
[0miterations: 100
Total iterations: 898800400 LUP
FLOP: 11
Total work: 9886804400 FLOP
performance: 1.167806 GLUP/s
Performance in GFLOP/s: 12.845865
size: 9000000
time: 0.769649
[1;34m[pthread wrapper] 
[0m[1;34m[pthread wrapper] MAIN -> 0
[0m[1;34m[pthread wrapper] PIN_MASK: [0m[1;34m0->1  [0m[1;34m1->2  [0m[1;34m2->3  [0m[1;34m
[pthread wrapper] SKIP MASK: 0x0
[0m[1;34m	threadid 139922547558144 -> core 1 - OK[0m[1;34m
[0m[1;34m	threadid 139922539165440 -> core 2 - OK[0m[1;34m
[0m[1;34m	threadid 139922530772736 -> core 3 - OK[0m[1;34m
[0miterations: 100
Total iterations: 898800400 LUP
FLOP: 11
Total work: 9886804400 FLOP
performance: 1.162483 GLUP/s
Performance in GFLOP/s: 12.787314
size: 9000000
time: 0.773173
[1;34m[pthread wrapper] 
[0m[1;34m[pthread wrapper] MAIN -> 0
[0m[1;34m[pthread wrapper] PIN_MASK: [0m[1;34m0->1  [0m[1;34m1->2  [0m[1;34m2->3  [0m[1;34m
[pthread wrapper] SKIP MASK: 0x0
[0m[1;34m	threadid 139961039406848 -> core 1 - OK[0m[1;34m
[0m[1;34m	threadid 139961031014144 -> core 2 - OK[0m[1;34m
[0m[1;34m	threadid 139961022621440 -> core 3 - OK[0m[1;34m
[0miterations: 100
Total iterations: 898800400 LUP
FLOP: 11
Total work: 9886804400 FLOP
performance: 1.167322 GLUP/s
Performance in GFLOP/s: 12.840539
size: 9000000
time: 0.769968
[1;34m[pthread wrapper] 
[0m[1;34m[pthread wrapper] MAIN -> 0
[0m[1;34m[pthread wrapper] PIN_MASK: [0m[1;34m0->1  [0m[1;34m1->2  [0m[1;34m2->3  [0m[1;34m
[pthread wrapper] SKIP MASK: 0x0
[0m[1;34m	threadid 139932118902528 -> core 1 - OK[0m[1;34m
[0m[1;34m	threadid 139932110509824 -> core 2 - OK[0m[1;34m
[0m[1;34m	threadid 139932102117120 -> core 3 - OK[0m[1;34m
[0miterations: 100
Total iterations: 898800400 LUP
FLOP: 11
Total work: 9886804400 FLOP
performance: 1.163366 GLUP/s
Performance in GFLOP/s: 12.797026
size: 9000000
time: 0.772586
[1;34m[pthread wrapper] 
[0m[1;34m[pthread wrapper] MAIN -> 0
[0m[1;34m[pthread wrapper] PIN_MASK: [0m[1;34m0->1  [0m[1;34m1->2  [0m[1;34m2->3  [0m[1;34m
[pthread wrapper] SKIP MASK: 0x0
[0m[1;34m	threadid 140696533247744 -> core 1 - OK[0m[1;34m
[0m[1;34m	threadid 140696524855040 -> core 2 - OK[0m[1;34m
[0m[1;34m	threadid 140696516462336 -> core 3 - OK[0m[1;34m
[0miterations: 100
Total iterations: 898800400 LUP
FLOP: 11
Total work: 9886804400 FLOP
performance: 1.166634 GLUP/s
Performance in GFLOP/s: 12.832973
size: 9000000
time: 0.770422
