iterations: 200
Total iterations: 49600800 LUP
FLOP: 11
Total work: 545608800 FLOP
performance: 4.878091 GLUP/s
Performance in GFLOP/s: 53.659003
size: 250000
time: 0.010168
iterations: 200
Total iterations: 49600800 LUP
FLOP: 11
Total work: 545608800 FLOP
performance: 4.811862 GLUP/s
Performance in GFLOP/s: 52.930477
size: 250000
time: 0.010308
iterations: 200
Total iterations: 49600800 LUP
FLOP: 11
Total work: 545608800 FLOP
performance: 4.781778 GLUP/s
Performance in GFLOP/s: 52.599563
size: 250000
time: 0.010373
iterations: 200
Total iterations: 49600800 LUP
FLOP: 11
Total work: 545608800 FLOP
performance: 4.810971 GLUP/s
Performance in GFLOP/s: 52.920685
size: 250000
time: 0.010310
iterations: 200
Total iterations: 49600800 LUP
FLOP: 11
Total work: 545608800 FLOP
performance: 4.843904 GLUP/s
Performance in GFLOP/s: 53.282944
size: 250000
time: 0.010240
iterations: 200
Total iterations: 49600800 LUP
FLOP: 11
Total work: 545608800 FLOP
performance: 4.837596 GLUP/s
Performance in GFLOP/s: 53.213561
size: 250000
time: 0.010253
iterations: 200
Total iterations: 49600800 LUP
FLOP: 11
Total work: 545608800 FLOP
performance: 4.813754 GLUP/s
Performance in GFLOP/s: 52.951297
size: 250000
time: 0.010304
iterations: 200
Total iterations: 49600800 LUP
FLOP: 11
Total work: 545608800 FLOP
performance: 4.742428 GLUP/s
Performance in GFLOP/s: 52.166709
size: 250000
time: 0.010459
iterations: 200
Total iterations: 49600800 LUP
FLOP: 11
Total work: 545608800 FLOP
performance: 4.978959 GLUP/s
Performance in GFLOP/s: 54.768552
size: 250000
time: 0.009962
iterations: 200
Total iterations: 49600800 LUP
FLOP: 11
Total work: 545608800 FLOP
performance: 4.741563 GLUP/s
Performance in GFLOP/s: 52.157197
size: 250000
time: 0.010461
