[1;34m[pthread wrapper] 
[0m[1;34m[pthread wrapper] MAIN -> 0
[0m[1;34m[pthread wrapper] PIN_MASK: [0m[1;34m0->1  [0m[1;34m1->2  [0m[1;34m2->10  [0m[1;34m3->11  [0m[1;34m4->12  [0m[1;34m
[pthread wrapper] SKIP MASK: 0x0
[0m[1;34m	threadid 139767437530880 -> core 1 - OK[0m[1;34m
[0m[1;34m	threadid 139767429138176 -> core 2 - OK[0m[1;34m
[0m[1;34m	threadid 139767420745472 -> core 10 - OK[0m[1;34m
[0m[1;34m	threadid 139767412352768 -> core 11 - OK[0m[1;34m
[0m[1;34m	threadid 139767403960064 -> core 12 - OK[0m[1;34m
[0miterations: 200
Total iterations: 1797600800 LUP
FLOP: 11
Total work: 19773608800 FLOP
performance: 1.118545 GLUP/s
Performance in GFLOP/s: 12.303998
size: 9000000
time: 1.607088
[1;34m[pthread wrapper] 
[0m[1;34m[pthread wrapper] MAIN -> 0
[0m[1;34m[pthread wrapper] PIN_MASK: [0m[1;34m0->1  [0m[1;34m1->2  [0m[1;34m2->10  [0m[1;34m3->11  [0m[1;34m4->12  [0m[1;34m
[pthread wrapper] SKIP MASK: 0x0
[0m[1;34m	threadid 140617186133760 -> core 1 - OK[0m[1;34m
[0m[1;34m	threadid 140617177741056 -> core 2 - OK[0m[1;34m
[0m[1;34m	threadid 140617169348352 -> core 10 - OK[0m[1;34m
[0m[1;34m	threadid 140617160955648 -> core 11 - OK[0m[1;34m
[0m[1;34m	threadid 140617152562944 -> core 12 - OK[0m[1;34m
[0miterations: 200
Total iterations: 1797600800 LUP
FLOP: 11
Total work: 19773608800 FLOP
performance: 1.267755 GLUP/s
Performance in GFLOP/s: 13.945306
size: 9000000
time: 1.417940
[1;34m[pthread wrapper] 
[0m[1;34m[pthread wrapper] MAIN -> 0
[0m[1;34m[pthread wrapper] PIN_MASK: [0m[1;34m0->1  [0m[1;34m1->2  [0m[1;34m2->10  [0m[1;34m3->11  [0m[1;34m4->12  [0m[1;34m
[pthread wrapper] SKIP MASK: 0x0
[0m[1;34m	threadid 140700065474304 -> core 1 - OK[0m[1;34m
[0m[1;34m	threadid 140700057081600 -> core 2 - OK[0m[1;34m
[0m[1;34m	threadid 140700048688896 -> core 10 - OK[0m[1;34m
[0m[1;34m	threadid 140700040296192 -> core 11 - OK[0m[1;34m
[0m[1;34m	threadid 140700031903488 -> core 12 - OK[0m[1;34m
[0miterations: 200
Total iterations: 1797600800 LUP
FLOP: 11
Total work: 19773608800 FLOP
performance: 1.226164 GLUP/s
Performance in GFLOP/s: 13.487807
size: 9000000
time: 1.466036
[1;34m[pthread wrapper] 
[0m[1;34m[pthread wrapper] MAIN -> 0
[0m[1;34m[pthread wrapper] PIN_MASK: [0m[1;34m0->1  [0m[1;34m1->2  [0m[1;34m2->10  [0m[1;34m3->11  [0m[1;34m4->12  [0m[1;34m
[pthread wrapper] SKIP MASK: 0x0
[0m[1;34m	threadid 139650335958784 -> core 1 - OK[0m[1;34m
[0m[1;34m	threadid 139650327566080 -> core 2 - OK[0m[1;34m
[0m[1;34m	threadid 139650319173376 -> core 10 - OK[0m[1;34m
[0m[1;34m	threadid 139650310780672 -> core 11 - OK[0m[1;34m
[0m[1;34m	threadid 139650302387968 -> core 12 - OK[0m[1;34m
[0miterations: 200
Total iterations: 1797600800 LUP
FLOP: 11
Total work: 19773608800 FLOP
performance: 1.240590 GLUP/s
Performance in GFLOP/s: 13.646487
size: 9000000
time: 1.448989
[1;34m[pthread wrapper] 
[0m[1;34m[pthread wrapper] MAIN -> 0
[0m[1;34m[pthread wrapper] PIN_MASK: [0m[1;34m0->1  [0m[1;34m1->2  [0m[1;34m2->10  [0m[1;34m3->11  [0m[1;34m4->12  [0m[1;34m
[pthread wrapper] SKIP MASK: 0x0
[0m[1;34m	threadid 139804177610496 -> core 1 - OK[0m[1;34m
[0m[1;34m	threadid 139804169217792 -> core 2 - OK[0m[1;34m
[0m[1;34m	threadid 139804160825088 -> core 10 - OK[0m[1;34m
[0m[1;34m	threadid 139804152432384 -> core 11 - OK[0m[1;34m
[0m[1;34m	threadid 139804144039680 -> core 12 - OK[0m[1;34m
[0miterations: 200
Total iterations: 1797600800 LUP
FLOP: 11
Total work: 19773608800 FLOP
performance: 1.222933 GLUP/s
Performance in GFLOP/s: 13.452268
size: 9000000
time: 1.469909
[1;34m[pthread wrapper] 
[0m[1;34m[pthread wrapper] MAIN -> 0
[0m[1;34m[pthread wrapper] PIN_MASK: [0m[1;34m0->1  [0m[1;34m1->2  [0m[1;34m2->10  [0m[1;34m3->11  [0m[1;34m4->12  [0m[1;34m
[pthread wrapper] SKIP MASK: 0x0
[0m[1;34m	threadid 140534365951744 -> core 1 - OK[0m[1;34m
[0m[1;34m	threadid 140534357559040 -> core 2 - OK[0m[1;34m
[0m[1;34m	threadid 140534349166336 -> core 10 - OK[0m[1;34m
[0m[1;34m	threadid 140534340773632 -> core 11 - OK[0m[1;34m
[0m[1;34m	threadid 140534332380928 -> core 12 - OK[0m[1;34m
[0miterations: 200
Total iterations: 1797600800 LUP
FLOP: 11
Total work: 19773608800 FLOP
performance: 1.235489 GLUP/s
Performance in GFLOP/s: 13.590379
size: 9000000
time: 1.454971
[1;34m[pthread wrapper] 
[0m[1;34m[pthread wrapper] MAIN -> 0
[0m[1;34m[pthread wrapper] PIN_MASK: [0m[1;34m0->1  [0m[1;34m1->2  [0m[1;34m2->10  [0m[1;34m3->11  [0m[1;34m4->12  [0m[1;34m
[pthread wrapper] SKIP MASK: 0x0
[0m[1;34m	threadid 140330913257216 -> core 1 - OK[0m[1;34m
[0m[1;34m	threadid 140330904864512 -> core 2 - OK[0m[1;34m
[0m[1;34m	threadid 140330896471808 -> core 10 - OK[0m[1;34m
[0m[1;34m	threadid 140330888079104 -> core 11 - OK[0m[1;34m
[0m[1;34m	threadid 140330879686400 -> core 12 - OK[0m[1;34m
[0miterations: 200
Total iterations: 1797600800 LUP
FLOP: 11
Total work: 19773608800 FLOP
performance: 1.250080 GLUP/s
Performance in GFLOP/s: 13.750885
size: 9000000
time: 1.437988
[1;34m[pthread wrapper] 
[0m[1;34m[pthread wrapper] MAIN -> 0
[0m[1;34m[pthread wrapper] PIN_MASK: [0m[1;34m0->1  [0m[1;34m1->2  [0m[1;34m2->10  [0m[1;34m3->11  [0m[1;34m4->12  [0m[1;34m
[pthread wrapper] SKIP MASK: 0x0
[0m[1;34m	threadid 139709623826176 -> core 1 - OK[0m[1;34m
[0m[1;34m	threadid 139709615433472 -> core 2 - OK[0m[1;34m
[0m[1;34m	threadid 139709607040768 -> core 10 - OK[0m[1;34m
[0m[1;34m	threadid 139709598648064 -> core 11 - OK[0m[1;34m
[0m[1;34m	threadid 139709590255360 -> core 12 - OK[0m[1;34m
[0miterations: 200
Total iterations: 1797600800 LUP
FLOP: 11
Total work: 19773608800 FLOP
performance: 1.082489 GLUP/s
Performance in GFLOP/s: 11.907379
size: 9000000
time: 1.660618
[1;34m[pthread wrapper] 
[0m[1;34m[pthread wrapper] MAIN -> 0
[0m[1;34m[pthread wrapper] PIN_MASK: [0m[1;34m0->1  [0m[1;34m1->2  [0m[1;34m2->10  [0m[1;34m3->11  [0m[1;34m4->12  [0m[1;34m
[pthread wrapper] SKIP MASK: 0x0
[0m[1;34m	threadid 140202669868800 -> core 1 - OK[0m[1;34m
[0m[1;34m	threadid 140202661476096 -> core 2 - OK[0m[1;34m
[0m[1;34m	threadid 140202653083392 -> core 10 - OK[0m[1;34m
[0m[1;34m	threadid 140202644690688 -> core 11 - OK[0m[1;34m
[0m[1;34m	threadid 140202636297984 -> core 12 - OK[0m[1;34m
[0miterations: 200
Total iterations: 1797600800 LUP
FLOP: 11
Total work: 19773608800 FLOP
performance: 1.198892 GLUP/s
Performance in GFLOP/s: 13.187812
size: 9000000
time: 1.499385
[1;34m[pthread wrapper] 
[0m[1;34m[pthread wrapper] MAIN -> 0
[0m[1;34m[pthread wrapper] PIN_MASK: [0m[1;34m0->1  [0m[1;34m1->2  [0m[1;34m2->10  [0m[1;34m3->11  [0m[1;34m4->12  [0m[1;34m
[pthread wrapper] SKIP MASK: 0x0
[0m[1;34m	threadid 140177244026624 -> core 1 - OK[0m[1;34m
[0m[1;34m	threadid 140177235633920 -> core 2 - OK[0m[1;34m
[0m[1;34m	threadid 140177227241216 -> core 10 - OK[0m[1;34m
[0m[1;34m	threadid 140177218848512 -> core 11 - OK[0m[1;34m
[0m[1;34m	threadid 140177210455808 -> core 12 - OK[0m[1;34m
[0miterations: 200
Total iterations: 1797600800 LUP
FLOP: 11
Total work: 19773608800 FLOP
performance: 1.252203 GLUP/s
Performance in GFLOP/s: 13.774230
size: 9000000
time: 1.435551
