iterations: 200
Total iterations: 49600800 LUP
FLOP: 11
Total work: 545608800 FLOP
performance: 3.416498 GLUP/s
Performance in GFLOP/s: 37.581482
size: 250000
time: 0.014518
iterations: 200
Total iterations: 49600800 LUP
FLOP: 11
Total work: 545608800 FLOP
performance: 3.419587 GLUP/s
Performance in GFLOP/s: 37.615457
size: 250000
time: 0.014505
iterations: 200
Total iterations: 49600800 LUP
FLOP: 11
Total work: 545608800 FLOP
performance: 3.397084 GLUP/s
Performance in GFLOP/s: 37.367926
size: 250000
time: 0.014601
iterations: 200
Total iterations: 49600800 LUP
FLOP: 11
Total work: 545608800 FLOP
performance: 3.416947 GLUP/s
Performance in GFLOP/s: 37.586420
size: 250000
time: 0.014516
iterations: 200
Total iterations: 49600800 LUP
FLOP: 11
Total work: 545608800 FLOP
performance: 3.410841 GLUP/s
Performance in GFLOP/s: 37.519251
size: 250000
time: 0.014542
iterations: 200
Total iterations: 49600800 LUP
FLOP: 11
Total work: 545608800 FLOP
performance: 3.407154 GLUP/s
Performance in GFLOP/s: 37.478696
size: 250000
time: 0.014558
iterations: 200
Total iterations: 49600800 LUP
FLOP: 11
Total work: 545608800 FLOP
performance: 3.414592 GLUP/s
Performance in GFLOP/s: 37.560510
size: 250000
time: 0.014526
iterations: 200
Total iterations: 49600800 LUP
FLOP: 11
Total work: 545608800 FLOP
performance: 3.401027 GLUP/s
Performance in GFLOP/s: 37.411299
size: 250000
time: 0.014584
iterations: 200
Total iterations: 49600800 LUP
FLOP: 11
Total work: 545608800 FLOP
performance: 3.409667 GLUP/s
Performance in GFLOP/s: 37.506337
size: 250000
time: 0.014547
iterations: 200
Total iterations: 49600800 LUP
FLOP: 11
Total work: 545608800 FLOP
performance: 3.399416 GLUP/s
Performance in GFLOP/s: 37.393571
size: 250000
time: 0.014591
