[1;34m[pthread wrapper] 
[0m[1;34m[pthread wrapper] MAIN -> 0
[0m[1;34m[pthread wrapper] PIN_MASK: [0m[1;34m0->1  [0m[1;34m1->2  [0m[1;34m2->3  [0m[1;34m3->4  [0m[1;34m4->5  [0m[1;34m5->6  [0m[1;34m6->7  [0m[1;34m7->8  [0m[1;34m8->9  [0m[1;34m
[pthread wrapper] SKIP MASK: 0x0
[0m[1;34m	threadid 140218928596736 -> core 1 - OK[0m[1;34m
[0m[1;34m	threadid 140218920204032 -> core 2 - OK[0m[1;34m
[0m[1;34m	threadid 140218911811328 -> core 3 - OK[0m[1;34m
[0m[1;34m	threadid 140218903418624 -> core 4 - OK[0m[1;34m
[0m[1;34m	threadid 140218895025920 -> core 5 - OK[0m[1;34m
[0m[1;34m	threadid 140218886633216 -> core 6 - OK[0m[1;34m
[0m[1;34m	threadid 140218878240512 -> core 7 - OK[0m[1;34m
[0m[1;34m	threadid 140218869847808 -> core 8 - OK[0m[1;34m
[0m[1;34m	threadid 140218861455104 -> core 9 - OK[0m[1;34m
[0miterations: 200
Total iterations: 49600800 LUP
FLOP: 11
Total work: 545608800 FLOP
performance: 2.661390 GLUP/s
Performance in GFLOP/s: 29.275287
size: 250000
time: 0.018637
[1;34m[pthread wrapper] 
[0m[1;34m[pthread wrapper] MAIN -> 0
[0m[1;34m[pthread wrapper] PIN_MASK: [0m[1;34m0->1  [0m[1;34m1->2  [0m[1;34m2->3  [0m[1;34m3->4  [0m[1;34m4->5  [0m[1;34m5->6  [0m[1;34m6->7  [0m[1;34m7->8  [0m[1;34m8->9  [0m[1;34m
[pthread wrapper] SKIP MASK: 0x0
[0m[1;34m	threadid 140617433990912 -> core 1 - OK[0m[1;34m
[0m[1;34m	threadid 140617425598208 -> core 2 - OK[0m[1;34m
[0m[1;34m	threadid 140617417205504 -> core 3 - OK[0m[1;34m
[0m[1;34m	threadid 140617408812800 -> core 4 - OK[0m[1;34m
[0m[1;34m	threadid 140617400420096 -> core 5 - OK[0m[1;34m
[0m[1;34m	threadid 140617392027392 -> core 6 - OK[0m[1;34m
[0m[1;34m	threadid 140617383634688 -> core 7 - OK[0m[1;34m
[0m[1;34m	threadid 140617375241984 -> core 8 - OK[0m[1;34m
[0m[1;34m	threadid 140617366849280 -> core 9 - OK[0m[1;34m
[0miterations: 200
Total iterations: 49600800 LUP
FLOP: 11
Total work: 545608800 FLOP
performance: 2.687519 GLUP/s
Performance in GFLOP/s: 29.562707
size: 250000
time: 0.018456
[1;34m[pthread wrapper] 
[0m[1;34m[pthread wrapper] MAIN -> 0
[0m[1;34m[pthread wrapper] PIN_MASK: [0m[1;34m0->1  [0m[1;34m1->2  [0m[1;34m2->3  [0m[1;34m3->4  [0m[1;34m4->5  [0m[1;34m5->6  [0m[1;34m6->7  [0m[1;34m7->8  [0m[1;34m8->9  [0m[1;34m
[pthread wrapper] SKIP MASK: 0x0
[0m[1;34m	threadid 140271956559616 -> core 1 - OK[0m[1;34m
[0m[1;34m	threadid 140271948166912 -> core 2 - OK[0m[1;34m
[0m[1;34m	threadid 140271939774208 -> core 3 - OK[0m[1;34m
[0m[1;34m	threadid 140271931381504 -> core 4 - OK[0m[1;34m
[0m[1;34m	threadid 140271922988800 -> core 5 - OK[0m[1;34m
[0m[1;34m	threadid 140271914596096 -> core 6 - OK[0m[1;34m
[0m[1;34m	threadid 140271906203392 -> core 7 - OK[0m[1;34m
[0m[1;34m	threadid 140271897810688 -> core 8 - OK[0m[1;34m
[0m[1;34m	threadid 140271889417984 -> core 9 - OK[0m[1;34m
[0miterations: 200
Total iterations: 49600800 LUP
FLOP: 11
Total work: 545608800 FLOP
performance: 2.593799 GLUP/s
Performance in GFLOP/s: 28.531789
size: 250000
time: 0.019123
[1;34m[pthread wrapper] 
[0m[1;34m[pthread wrapper] MAIN -> 0
[0m[1;34m[pthread wrapper] PIN_MASK: [0m[1;34m0->1  [0m[1;34m1->2  [0m[1;34m2->3  [0m[1;34m3->4  [0m[1;34m4->5  [0m[1;34m5->6  [0m[1;34m6->7  [0m[1;34m7->8  [0m[1;34m8->9  [0m[1;34m
[pthread wrapper] SKIP MASK: 0x0
[0m[1;34m	threadid 139854107080448 -> core 1 - OK[0m[1;34m
[0m[1;34m	threadid 139854098687744 -> core 2 - OK[0m[1;34m
[0m[1;34m	threadid 139854090295040 -> core 3 - OK[0m[1;34m
[0m[1;34m	threadid 139854081902336 -> core 4 - OK[0m[1;34m
[0m[1;34m	threadid 139854073509632 -> core 5 - OK[0m[1;34m
[0m[1;34m	threadid 139854065116928 -> core 6 - OK[0m[1;34m
[0m[1;34m	threadid 139854056724224 -> core 7 - OK[0m[1;34m
[0m[1;34m	threadid 139854048331520 -> core 8 - OK[0m[1;34m
[0m[1;34m	threadid 139854039938816 -> core 9 - OK[0m[1;34m
[0miterations: 200
Total iterations: 49600800 LUP
FLOP: 11
Total work: 545608800 FLOP
performance: 2.686929 GLUP/s
Performance in GFLOP/s: 29.556216
size: 250000
time: 0.018460
[1;34m[pthread wrapper] 
[0m[1;34m[pthread wrapper] MAIN -> 0
[0m[1;34m[pthread wrapper] PIN_MASK: [0m[1;34m0->1  [0m[1;34m1->2  [0m[1;34m2->3  [0m[1;34m3->4  [0m[1;34m4->5  [0m[1;34m5->6  [0m[1;34m6->7  [0m[1;34m7->8  [0m[1;34m8->9  [0m[1;34m
[pthread wrapper] SKIP MASK: 0x0
[0m[1;34m	threadid 140128944584448 -> core 1 - OK[0m[1;34m
[0m[1;34m	threadid 140128936191744 -> core 2 - OK[0m[1;34m
[0m[1;34m	threadid 140128927799040 -> core 3 - OK[0m[1;34m
[0m[1;34m	threadid 140128919406336 -> core 4 - OK[0m[1;34m
[0m[1;34m	threadid 140128911013632 -> core 5 - OK[0m[1;34m
[0m[1;34m	threadid 140128902620928 -> core 6 - OK[0m[1;34m
[0m[1;34m	threadid 140128894228224 -> core 7 - OK[0m[1;34m
[0m[1;34m	threadid 140128885835520 -> core 8 - OK[0m[1;34m
[0m[1;34m	threadid 140128877442816 -> core 9 - OK[0m[1;34m
[0miterations: 200
Total iterations: 49600800 LUP
FLOP: 11
Total work: 545608800 FLOP
performance: 2.685195 GLUP/s
Performance in GFLOP/s: 29.537142
size: 250000
time: 0.018472
[1;34m[pthread wrapper] 
[0m[1;34m[pthread wrapper] MAIN -> 0
[0m[1;34m[pthread wrapper] PIN_MASK: [0m[1;34m0->1  [0m[1;34m1->2  [0m[1;34m2->3  [0m[1;34m3->4  [0m[1;34m4->5  [0m[1;34m5->6  [0m[1;34m6->7  [0m[1;34m7->8  [0m[1;34m8->9  [0m[1;34m
[pthread wrapper] SKIP MASK: 0x0
[0m[1;34m	threadid 140528560371456 -> core 1 - OK[0m[1;34m
[0m[1;34m	threadid 140528551978752 -> core 2 - OK[0m[1;34m
[0m[1;34m	threadid 140528543586048 -> core 3 - OK[0m[1;34m
[0m[1;34m	threadid 140528535193344 -> core 4 - OK[0m[1;34m
[0m[1;34m	threadid 140528526800640 -> core 5 - OK[0m[1;34m
[0m[1;34m	threadid 140528518407936 -> core 6 - OK[0m[1;34m
[0m[1;34m	threadid 140528510015232 -> core 7 - OK[0m[1;34m
[0m[1;34m	threadid 140528501622528 -> core 8 - OK[0m[1;34m
[0m[1;34m	threadid 140528493229824 -> core 9 - OK[0m[1;34m
[0miterations: 200
Total iterations: 49600800 LUP
FLOP: 11
Total work: 545608800 FLOP
performance: 2.653176 GLUP/s
Performance in GFLOP/s: 29.184936
size: 250000
time: 0.018695
[1;34m[pthread wrapper] 
[0m[1;34m[pthread wrapper] MAIN -> 0
[0m[1;34m[pthread wrapper] PIN_MASK: [0m[1;34m0->1  [0m[1;34m1->2  [0m[1;34m2->3  [0m[1;34m3->4  [0m[1;34m4->5  [0m[1;34m5->6  [0m[1;34m6->7  [0m[1;34m7->8  [0m[1;34m8->9  [0m[1;34m
[pthread wrapper] SKIP MASK: 0x0
[0m[1;34m	threadid 140413451343616 -> core 1 - OK[0m[1;34m
[0m[1;34m	threadid 140413442950912 -> core 2 - OK[0m[1;34m
[0m[1;34m	threadid 140413434558208 -> core 3 - OK[0m[1;34m
[0m[1;34m	threadid 140413426165504 -> core 4 - OK[0m[1;34m
[0m[1;34m	threadid 140413417772800 -> core 5 - OK[0m[1;34m
[0m[1;34m	threadid 140413409380096 -> core 6 - OK[0m[1;34m
[0m[1;34m	threadid 140413400987392 -> core 7 - OK[0m[1;34m
[0m[1;34m	threadid 140413392594688 -> core 8 - OK[0m[1;34m
[0m[1;34m	threadid 140413384201984 -> core 9 - OK[0m[1;34m
[0miterations: 200
Total iterations: 49600800 LUP
FLOP: 11
Total work: 545608800 FLOP
performance: 2.683013 GLUP/s
Performance in GFLOP/s: 29.513144
size: 250000
time: 0.018487
[1;34m[pthread wrapper] 
[0m[1;34m[pthread wrapper] MAIN -> 0
[0m[1;34m[pthread wrapper] PIN_MASK: [0m[1;34m0->1  [0m[1;34m1->2  [0m[1;34m2->3  [0m[1;34m3->4  [0m[1;34m4->5  [0m[1;34m5->6  [0m[1;34m6->7  [0m[1;34m7->8  [0m[1;34m8->9  [0m[1;34m
[pthread wrapper] SKIP MASK: 0x0
[0m[1;34m	threadid 139992199444224 -> core 1 - OK[0m[1;34m
[0m[1;34m	threadid 139992191051520 -> core 2 - OK[0m[1;34m
[0m[1;34m	threadid 139992182658816 -> core 3 - OK[0m[1;34m
[0m[1;34m	threadid 139992174266112 -> core 4 - OK[0m[1;34m
[0m[1;34m	threadid 139992165873408 -> core 5 - OK[0m[1;34m
[0m[1;34m	threadid 139992157480704 -> core 6 - OK[0m[1;34m
[0m[1;34m	threadid 139992149088000 -> core 7 - OK[0m[1;34m
[0m[1;34m	threadid 139992140695296 -> core 8 - OK[0m[1;34m
[0m[1;34m	threadid 139992132302592 -> core 9 - OK[0m[1;34m
[0miterations: 200
Total iterations: 49600800 LUP
FLOP: 11
Total work: 545608800 FLOP
performance: 2.674322 GLUP/s
Performance in GFLOP/s: 29.417539
size: 250000
time: 0.018547
[1;34m[pthread wrapper] 
[0m[1;34m[pthread wrapper] MAIN -> 0
[0m[1;34m[pthread wrapper] PIN_MASK: [0m[1;34m0->1  [0m[1;34m1->2  [0m[1;34m2->3  [0m[1;34m3->4  [0m[1;34m4->5  [0m[1;34m5->6  [0m[1;34m6->7  [0m[1;34m7->8  [0m[1;34m8->9  [0m[1;34m
[pthread wrapper] SKIP MASK: 0x0
[0m[1;34m	threadid 140028148303616 -> core 1 - OK[0m[1;34m
[0m[1;34m	threadid 140028139910912 -> core 2 - OK[0m[1;34m
[0m[1;34m	threadid 140028131518208 -> core 3 - OK[0m[1;34m
[0m[1;34m	threadid 140028123125504 -> core 4 - OK[0m[1;34m
[0m[1;34m	threadid 140028114732800 -> core 5 - OK[0m[1;34m
[0m[1;34m	threadid 140028106340096 -> core 6 - OK[0m[1;34m
[0m[1;34m	threadid 140028097947392 -> core 7 - OK[0m[1;34m
[0m[1;34m	threadid 140028089554688 -> core 8 - OK[0m[1;34m
[0m[1;34m	threadid 140028081161984 -> core 9 - OK[0m[1;34m
[0miterations: 200
Total iterations: 49600800 LUP
FLOP: 11
Total work: 545608800 FLOP
performance: 2.678522 GLUP/s
Performance in GFLOP/s: 29.463746
size: 250000
time: 0.018518
[1;34m[pthread wrapper] 
[0m[1;34m[pthread wrapper] MAIN -> 0
[0m[1;34m[pthread wrapper] PIN_MASK: [0m[1;34m0->1  [0m[1;34m1->2  [0m[1;34m2->3  [0m[1;34m3->4  [0m[1;34m4->5  [0m[1;34m5->6  [0m[1;34m6->7  [0m[1;34m7->8  [0m[1;34m8->9  [0m[1;34m
[pthread wrapper] SKIP MASK: 0x0
[0m[1;34m	threadid 139721957185280 -> core 1 - OK[0m[1;34m
[0m[1;34m	threadid 139721948792576 -> core 2 - OK[0m[1;34m
[0m[1;34m	threadid 139721940399872 -> core 3 - OK[0m[1;34m
[0m[1;34m	threadid 139721932007168 -> core 4 - OK[0m[1;34m
[0m[1;34m	threadid 139721923614464 -> core 5 - OK[0m[1;34m
[0m[1;34m	threadid 139721915221760 -> core 6 - OK[0m[1;34m
[0m[1;34m	threadid 139721906829056 -> core 7 - OK[0m[1;34m
[0m[1;34m	threadid 139721898436352 -> core 8 - OK[0m[1;34m
[0m[1;34m	threadid 139721890043648 -> core 9 - OK[0m[1;34m
[0miterations: 200
Total iterations: 49600800 LUP
FLOP: 11
Total work: 545608800 FLOP
performance: 2.679695 GLUP/s
Performance in GFLOP/s: 29.476650
size: 250000
time: 0.018510
