iterations: 200
Total iterations: 49600800 LUP
FLOP: 11
Total work: 545608800 FLOP
performance: 1.044576 GLUP/s
Performance in GFLOP/s: 11.490333
size: 250000
time: 0.047484
iterations: 200
Total iterations: 49600800 LUP
FLOP: 11
Total work: 545608800 FLOP
performance: 1.038237 GLUP/s
Performance in GFLOP/s: 11.420604
size: 250000
time: 0.047774
iterations: 200
Total iterations: 49600800 LUP
FLOP: 11
Total work: 545608800 FLOP
performance: 1.037481 GLUP/s
Performance in GFLOP/s: 11.412289
size: 250000
time: 0.047809
iterations: 200
Total iterations: 49600800 LUP
FLOP: 11
Total work: 545608800 FLOP
performance: 1.040131 GLUP/s
Performance in GFLOP/s: 11.441445
size: 250000
time: 0.047687
iterations: 200
Total iterations: 49600800 LUP
FLOP: 11
Total work: 545608800 FLOP
performance: 1.042096 GLUP/s
Performance in GFLOP/s: 11.463051
size: 250000
time: 0.047597
iterations: 200
Total iterations: 49600800 LUP
FLOP: 11
Total work: 545608800 FLOP
performance: 1.035874 GLUP/s
Performance in GFLOP/s: 11.394616
size: 250000
time: 0.047883
iterations: 200
Total iterations: 49600800 LUP
FLOP: 11
Total work: 545608800 FLOP
performance: 1.036158 GLUP/s
Performance in GFLOP/s: 11.397738
size: 250000
time: 0.047870
iterations: 200
Total iterations: 49600800 LUP
FLOP: 11
Total work: 545608800 FLOP
performance: 1.037998 GLUP/s
Performance in GFLOP/s: 11.417983
size: 250000
time: 0.047785
iterations: 200
Total iterations: 49600800 LUP
FLOP: 11
Total work: 545608800 FLOP
performance: 1.049042 GLUP/s
Performance in GFLOP/s: 11.539466
size: 250000
time: 0.047282
iterations: 200
Total iterations: 49600800 LUP
FLOP: 11
Total work: 545608800 FLOP
performance: 1.041965 GLUP/s
Performance in GFLOP/s: 11.461616
size: 250000
time: 0.047603
