iterations: 100
Total iterations: 898800400 LUP
FLOP: 11
Total work: 9886804400 FLOP
performance: 0.575337 GLUP/s
Performance in GFLOP/s: 6.328710
size: 9000000
time: 1.562215
[1;34m[likwid-pin] Main PID -> core 0 - OK[0m
iterations: 100
Total iterations: 898800400 LUP
FLOP: 11
Total work: 9886804400 FLOP
performance: 0.575465 GLUP/s
Performance in GFLOP/s: 6.330115
size: 9000000
time: 1.561868
[1;34m[likwid-pin] Main PID -> core 0 - OK[0m
iterations: 100
Total iterations: 898800400 LUP
FLOP: 11
Total work: 9886804400 FLOP
performance: 0.574400 GLUP/s
Performance in GFLOP/s: 6.318396
size: 9000000
time: 1.564765
[1;34m[likwid-pin] Main PID -> core 0 - OK[0m
iterations: 100
Total iterations: 898800400 LUP
FLOP: 11
Total work: 9886804400 FLOP
performance: 0.575157 GLUP/s
Performance in GFLOP/s: 6.326726
size: 9000000
time: 1.562705
[1;34m[likwid-pin] Main PID -> core 0 - OK[0m
iterations: 100
Total iterations: 898800400 LUP
FLOP: 11
Total work: 9886804400 FLOP
performance: 0.576444 GLUP/s
Performance in GFLOP/s: 6.340882
size: 9000000
time: 1.559216
[1;34m[likwid-pin] Main PID -> core 0 - OK[0m
