iterations: 200
Total iterations: 49600800 LUP
FLOP: 11
Total work: 545608800 FLOP
performance: 1.672986 GLUP/s
Performance in GFLOP/s: 18.402847
size: 250000
time: 0.029648
iterations: 200
Total iterations: 49600800 LUP
FLOP: 11
Total work: 545608800 FLOP
performance: 1.696381 GLUP/s
Performance in GFLOP/s: 18.660196
size: 250000
time: 0.029239
iterations: 200
Total iterations: 49600800 LUP
FLOP: 11
Total work: 545608800 FLOP
performance: 1.692407 GLUP/s
Performance in GFLOP/s: 18.616478
size: 250000
time: 0.029308
iterations: 200
Total iterations: 49600800 LUP
FLOP: 11
Total work: 545608800 FLOP
performance: 1.685374 GLUP/s
Performance in GFLOP/s: 18.539110
size: 250000
time: 0.029430
iterations: 200
Total iterations: 49600800 LUP
FLOP: 11
Total work: 545608800 FLOP
performance: 1.677505 GLUP/s
Performance in GFLOP/s: 18.452557
size: 250000
time: 0.029568
iterations: 200
Total iterations: 49600800 LUP
FLOP: 11
Total work: 545608800 FLOP
performance: 1.682634 GLUP/s
Performance in GFLOP/s: 18.508971
size: 250000
time: 0.029478
iterations: 200
Total iterations: 49600800 LUP
FLOP: 11
Total work: 545608800 FLOP
performance: 1.684459 GLUP/s
Performance in GFLOP/s: 18.529053
size: 250000
time: 0.029446
iterations: 200
Total iterations: 49600800 LUP
FLOP: 11
Total work: 545608800 FLOP
performance: 1.693716 GLUP/s
Performance in GFLOP/s: 18.630876
size: 250000
time: 0.029285
iterations: 200
Total iterations: 49600800 LUP
FLOP: 11
Total work: 545608800 FLOP
performance: 1.685032 GLUP/s
Performance in GFLOP/s: 18.535356
size: 250000
time: 0.029436
iterations: 200
Total iterations: 49600800 LUP
FLOP: 11
Total work: 545608800 FLOP
performance: 1.670394 GLUP/s
Performance in GFLOP/s: 18.374329
size: 250000
time: 0.029694
