[1;34m[pthread wrapper] 
[0m[1;34m[pthread wrapper] MAIN -> 0
[0m[1;34m[pthread wrapper] PIN_MASK: [0m[1;34m0->1  [0m[1;34m1->2  [0m[1;34m2->3  [0m[1;34m3->4  [0m[1;34m4->5  [0m[1;34m5->6  [0m[1;34m6->7  [0m[1;34m7->8  [0m[1;34m8->9  [0m[1;34m9->10  [0m[1;34m10->11  [0m[1;34m11->12  [0m[1;34m12->13  [0m[1;34m13->14  [0m[1;34m14->15  [0m[1;34m
[pthread wrapper] SKIP MASK: 0x0
[0m[1;34m	threadid 140094520358656 -> core 1 - OK[0m[1;34m
[0m[1;34m	threadid 140094511965952 -> core 2 - OK[0m[1;34m
[0m[1;34m	threadid 140094503573248 -> core 3 - OK[0m[1;34m
[0m[1;34m	threadid 140094495180544 -> core 4 - OK[0m[1;34m
[0m[1;34m	threadid 140094486787840 -> core 5 - OK[0m[1;34m
[0m[1;34m	threadid 140094478395136 -> core 6 - OK[0m[1;34m
[0m[1;34m	threadid 140094470002432 -> core 7 - OK[0m[1;34m
[0m[1;34m	threadid 140094461609728 -> core 8 - OK[0m[1;34m
[0m[1;34m	threadid 140094453217024 -> core 9 - OK[0m[1;34m
[0m[1;34m	threadid 140094444824320 -> core 10 - OK[0m[1;34m
[0m[1;34m	threadid 140094436431616 -> core 11 - OK[0m[1;34m
[0m[1;34m	threadid 140094428038912 -> core 12 - OK[0m[1;34m
[0m[1;34m	threadid 140094419646208 -> core 13 - OK[0m[1;34m
[0m[1;34m	threadid 140094411253504 -> core 14 - OK[0m[1;34m
[0m[1;34m	threadid 140094402860800 -> core 15 - OK[0m[1;34m
[0miterations: 200
Total iterations: 49600800 LUP
FLOP: 11
Total work: 545608800 FLOP
performance: 5.276207 GLUP/s
Performance in GFLOP/s: 58.038275
size: 250000
time: 0.009401
[1;34m[pthread wrapper] 
[0m[1;34m[pthread wrapper] MAIN -> 0
[0m[1;34m[pthread wrapper] PIN_MASK: [0m[1;34m0->1  [0m[1;34m1->2  [0m[1;34m2->3  [0m[1;34m3->4  [0m[1;34m4->5  [0m[1;34m5->6  [0m[1;34m6->7  [0m[1;34m7->8  [0m[1;34m8->9  [0m[1;34m9->10  [0m[1;34m10->11  [0m[1;34m11->12  [0m[1;34m12->13  [0m[1;34m13->14  [0m[1;34m14->15  [0m[1;34m
[pthread wrapper] SKIP MASK: 0x0
[0m[1;34m	threadid 140500429686528 -> core 1 - OK[0m[1;34m
[0m[1;34m	threadid 140500421293824 -> core 2 - OK[0m[1;34m
[0m[1;34m	threadid 140500412901120 -> core 3 - OK[0m[1;34m
[0m[1;34m	threadid 140500404508416 -> core 4 - OK[0m[1;34m
[0m[1;34m	threadid 140500396115712 -> core 5 - OK[0m[1;34m
[0m[1;34m	threadid 140500387723008 -> core 6 - OK[0m[1;34m
[0m[1;34m	threadid 140500379330304 -> core 7 - OK[0m[1;34m
[0m[1;34m	threadid 140500370937600 -> core 8 - OK[0m[1;34m
[0m[1;34m	threadid 140500362544896 -> core 9 - OK[0m[1;34m
[0m[1;34m	threadid 140500354152192 -> core 10 - OK[0m[1;34m
[0m[1;34m	threadid 140500345759488 -> core 11 - OK[0m[1;34m
[0m[1;34m	threadid 140500337366784 -> core 12 - OK[0m[1;34m
[0m[1;34m	threadid 140500328974080 -> core 13 - OK[0m[1;34m
[0m[1;34m	threadid 140500320581376 -> core 14 - OK[0m[1;34m
[0m[1;34m	threadid 140500312188672 -> core 15 - OK[0m[1;34m
[0miterations: 200
Total iterations: 49600800 LUP
FLOP: 11
Total work: 545608800 FLOP
performance: 5.272195 GLUP/s
Performance in GFLOP/s: 57.994150
size: 250000
time: 0.009408
[1;34m[pthread wrapper] 
[0m[1;34m[pthread wrapper] MAIN -> 0
[0m[1;34m[pthread wrapper] PIN_MASK: [0m[1;34m0->1  [0m[1;34m1->2  [0m[1;34m2->3  [0m[1;34m3->4  [0m[1;34m4->5  [0m[1;34m5->6  [0m[1;34m6->7  [0m[1;34m7->8  [0m[1;34m8->9  [0m[1;34m9->10  [0m[1;34m10->11  [0m[1;34m11->12  [0m[1;34m12->13  [0m[1;34m13->14  [0m[1;34m14->15  [0m[1;34m
[pthread wrapper] SKIP MASK: 0x0
[0m[1;34m	threadid 140592234092288 -> core 1 - OK[0m[1;34m
[0m[1;34m	threadid 140592225699584 -> core 2 - OK[0m[1;34m
[0m[1;34m	threadid 140592217306880 -> core 3 - OK[0m[1;34m
[0m[1;34m	threadid 140592208914176 -> core 4 - OK[0m[1;34m
[0m[1;34m	threadid 140592200521472 -> core 5 - OK[0m[1;34m
[0m[1;34m	threadid 140592192128768 -> core 6 - OK[0m[1;34m
[0m[1;34m	threadid 140592183736064 -> core 7 - OK[0m[1;34m
[0m[1;34m	threadid 140592175343360 -> core 8 - OK[0m[1;34m
[0m[1;34m	threadid 140592166950656 -> core 9 - OK[0m[1;34m
[0m[1;34m	threadid 140592158557952 -> core 10 - OK[0m[1;34m
[0m[1;34m	threadid 140592150165248 -> core 11 - OK[0m[1;34m
[0m[1;34m	threadid 140592141772544 -> core 12 - OK[0m[1;34m
[0m[1;34m	threadid 140592133379840 -> core 13 - OK[0m[1;34m
[0m[1;34m	threadid 140592124987136 -> core 14 - OK[0m[1;34m
[0m[1;34m	threadid 140592116594432 -> core 15 - OK[0m[1;34m
[0miterations: 200
Total iterations: 49600800 LUP
FLOP: 11
Total work: 545608800 FLOP
performance: 5.153352 GLUP/s
Performance in GFLOP/s: 56.686876
size: 250000
time: 0.009625
[1;34m[pthread wrapper] 
[0m[1;34m[pthread wrapper] MAIN -> 0
[0m[1;34m[pthread wrapper] PIN_MASK: [0m[1;34m0->1  [0m[1;34m1->2  [0m[1;34m2->3  [0m[1;34m3->4  [0m[1;34m4->5  [0m[1;34m5->6  [0m[1;34m6->7  [0m[1;34m7->8  [0m[1;34m8->9  [0m[1;34m9->10  [0m[1;34m10->11  [0m[1;34m11->12  [0m[1;34m12->13  [0m[1;34m13->14  [0m[1;34m14->15  [0m[1;34m
[pthread wrapper] SKIP MASK: 0x0
[0m[1;34m	threadid 140503451916032 -> core 1 - OK[0m[1;34m
[0m[1;34m	threadid 140503443523328 -> core 2 - OK[0m[1;34m
[0m[1;34m	threadid 140503435130624 -> core 3 - OK[0m[1;34m
[0m[1;34m	threadid 140503426737920 -> core 4 - OK[0m[1;34m
[0m[1;34m	threadid 140503418345216 -> core 5 - OK[0m[1;34m
[0m[1;34m	threadid 140503409952512 -> core 6 - OK[0m[1;34m
[0m[1;34m	threadid 140503401559808 -> core 7 - OK[0m[1;34m
[0m[1;34m	threadid 140503393167104 -> core 8 - OK[0m[1;34m
[0m[1;34m	threadid 140503384774400 -> core 9 - OK[0m[1;34m
[0m[1;34m	threadid 140503376381696 -> core 10 - OK[0m[1;34m
[0m[1;34m	threadid 140503367988992 -> core 11 - OK[0m[1;34m
[0m[1;34m	threadid 140503359596288 -> core 12 - OK[0m[1;34m
[0m[1;34m	threadid 140503351203584 -> core 13 - OK[0m[1;34m
[0m[1;34m	threadid 140503342810880 -> core 14 - OK[0m[1;34m
[0m[1;34m	threadid 140503334418176 -> core 15 - OK[0m[1;34m
[0miterations: 200
Total iterations: 49600800 LUP
FLOP: 11
Total work: 545608800 FLOP
performance: 5.115590 GLUP/s
Performance in GFLOP/s: 56.271495
size: 250000
time: 0.009696
[1;34m[pthread wrapper] 
[0m[1;34m[pthread wrapper] MAIN -> 0
[0m[1;34m[pthread wrapper] PIN_MASK: [0m[1;34m0->1  [0m[1;34m1->2  [0m[1;34m2->3  [0m[1;34m3->4  [0m[1;34m4->5  [0m[1;34m5->6  [0m[1;34m6->7  [0m[1;34m7->8  [0m[1;34m8->9  [0m[1;34m9->10  [0m[1;34m10->11  [0m[1;34m11->12  [0m[1;34m12->13  [0m[1;34m13->14  [0m[1;34m14->15  [0m[1;34m
[pthread wrapper] SKIP MASK: 0x0
[0m[1;34m	threadid 140364116444928 -> core 1 - OK[0m[1;34m
[0m[1;34m	threadid 140364108052224 -> core 2 - OK[0m[1;34m
[0m[1;34m	threadid 140364099659520 -> core 3 - OK[0m[1;34m
[0m[1;34m	threadid 140364091266816 -> core 4 - OK[0m[1;34m
[0m[1;34m	threadid 140364082874112 -> core 5 - OK[0m[1;34m
[0m[1;34m	threadid 140364074481408 -> core 6 - OK[0m[1;34m
[0m[1;34m	threadid 140364066088704 -> core 7 - OK[0m[1;34m
[0m[1;34m	threadid 140364057696000 -> core 8 - OK[0m[1;34m
[0m[1;34m	threadid 140364049303296 -> core 9 - OK[0m[1;34m
[0m[1;34m	threadid 140364040910592 -> core 10 - OK[0m[1;34m
[0m[1;34m	threadid 140364032517888 -> core 11 - OK[0m[1;34m
[0m[1;34m	threadid 140364024125184 -> core 12 - OK[0m[1;34m
[0m[1;34m	threadid 140364015732480 -> core 13 - OK[0m[1;34m
[0m[1;34m	threadid 140364007339776 -> core 14 - OK[0m[1;34m
[0m[1;34m	threadid 140363998947072 -> core 15 - OK[0m[1;34m
[0miterations: 200
Total iterations: 49600800 LUP
FLOP: 11
Total work: 545608800 FLOP
performance: 5.095668 GLUP/s
Performance in GFLOP/s: 56.052347
size: 250000
time: 0.009734
[1;34m[pthread wrapper] 
[0m[1;34m[pthread wrapper] MAIN -> 0
[0m[1;34m[pthread wrapper] PIN_MASK: [0m[1;34m0->1  [0m[1;34m1->2  [0m[1;34m2->3  [0m[1;34m3->4  [0m[1;34m4->5  [0m[1;34m5->6  [0m[1;34m6->7  [0m[1;34m7->8  [0m[1;34m8->9  [0m[1;34m9->10  [0m[1;34m10->11  [0m[1;34m11->12  [0m[1;34m12->13  [0m[1;34m13->14  [0m[1;34m14->15  [0m[1;34m
[pthread wrapper] SKIP MASK: 0x0
[0m[1;34m	threadid 140547693885184 -> core 1 - OK[0m[1;34m
[0m[1;34m	threadid 140547685492480 -> core 2 - OK[0m[1;34m
[0m[1;34m	threadid 140547677099776 -> core 3 - OK[0m[1;34m
[0m[1;34m	threadid 140547668707072 -> core 4 - OK[0m[1;34m
[0m[1;34m	threadid 140547660314368 -> core 5 - OK[0m[1;34m
[0m[1;34m	threadid 140547651921664 -> core 6 - OK[0m[1;34m
[0m[1;34m	threadid 140547643528960 -> core 7 - OK[0m[1;34m
[0m[1;34m	threadid 140547635136256 -> core 8 - OK[0m[1;34m
[0m[1;34m	threadid 140547626743552 -> core 9 - OK[0m[1;34m
[0m[1;34m	threadid 140547618350848 -> core 10 - OK[0m[1;34m
[0m[1;34m	threadid 140547609958144 -> core 11 - OK[0m[1;34m
[0m[1;34m	threadid 140547601565440 -> core 12 - OK[0m[1;34m
[0m[1;34m	threadid 140547593172736 -> core 13 - OK[0m[1;34m
[0m[1;34m	threadid 140547584780032 -> core 14 - OK[0m[1;34m
[0m[1;34m	threadid 140547576387328 -> core 15 - OK[0m[1;34m
[0miterations: 200
Total iterations: 49600800 LUP
FLOP: 11
Total work: 545608800 FLOP
performance: 5.102917 GLUP/s
Performance in GFLOP/s: 56.132090
size: 250000
time: 0.009720
[1;34m[pthread wrapper] 
[0m[1;34m[pthread wrapper] MAIN -> 0
[0m[1;34m[pthread wrapper] PIN_MASK: [0m[1;34m0->1  [0m[1;34m1->2  [0m[1;34m2->3  [0m[1;34m3->4  [0m[1;34m4->5  [0m[1;34m5->6  [0m[1;34m6->7  [0m[1;34m7->8  [0m[1;34m8->9  [0m[1;34m9->10  [0m[1;34m10->11  [0m[1;34m11->12  [0m[1;34m12->13  [0m[1;34m13->14  [0m[1;34m14->15  [0m[1;34m
[pthread wrapper] SKIP MASK: 0x0
[0m[1;34m	threadid 140362918717184 -> core 1 - OK[0m[1;34m
[0m[1;34m	threadid 140362910324480 -> core 2 - OK[0m[1;34m
[0m[1;34m	threadid 140362901931776 -> core 3 - OK[0m[1;34m
[0m[1;34m	threadid 140362893539072 -> core 4 - OK[0m[1;34m
[0m[1;34m	threadid 140362885146368 -> core 5 - OK[0m[1;34m
[0m[1;34m	threadid 140362876753664 -> core 6 - OK[0m[1;34m
[0m[1;34m	threadid 140362868360960 -> core 7 - OK[0m[1;34m
[0m[1;34m	threadid 140362859968256 -> core 8 - OK[0m[1;34m
[0m[1;34m	threadid 140362851575552 -> core 9 - OK[0m[1;34m
[0m[1;34m	threadid 140362843182848 -> core 10 - OK[0m[1;34m
[0m[1;34m	threadid 140362834790144 -> core 11 - OK[0m[1;34m
[0m[1;34m	threadid 140362826397440 -> core 12 - OK[0m[1;34m
[0m[1;34m	threadid 140362818004736 -> core 13 - OK[0m[1;34m
[0m[1;34m	threadid 140362809612032 -> core 14 - OK[0m[1;34m
[0m[1;34m	threadid 140362801219328 -> core 15 - OK[0m[1;34m
[0miterations: 200
Total iterations: 49600800 LUP
FLOP: 11
Total work: 545608800 FLOP
performance: 5.234390 GLUP/s
Performance in GFLOP/s: 57.578291
size: 250000
time: 0.009476
[1;34m[pthread wrapper] 
[0m[1;34m[pthread wrapper] MAIN -> 0
[0m[1;34m[pthread wrapper] PIN_MASK: [0m[1;34m0->1  [0m[1;34m1->2  [0m[1;34m2->3  [0m[1;34m3->4  [0m[1;34m4->5  [0m[1;34m5->6  [0m[1;34m6->7  [0m[1;34m7->8  [0m[1;34m8->9  [0m[1;34m9->10  [0m[1;34m10->11  [0m[1;34m11->12  [0m[1;34m12->13  [0m[1;34m13->14  [0m[1;34m14->15  [0m[1;34m
[pthread wrapper] SKIP MASK: 0x0
[0m[1;34m	threadid 139724296177408 -> core 1 - OK[0m[1;34m
[0m[1;34m	threadid 139724287784704 -> core 2 - OK[0m[1;34m
[0m[1;34m	threadid 139724279392000 -> core 3 - OK[0m[1;34m
[0m[1;34m	threadid 139724270999296 -> core 4 - OK[0m[1;34m
[0m[1;34m	threadid 139724262606592 -> core 5 - OK[0m[1;34m
[0m[1;34m	threadid 139724254213888 -> core 6 - OK[0m[1;34m
[0m[1;34m	threadid 139724245821184 -> core 7 - OK[0m[1;34m
[0m[1;34m	threadid 139724237428480 -> core 8 - OK[0m[1;34m
[0m[1;34m	threadid 139724229035776 -> core 9 - OK[0m[1;34m
[0m[1;34m	threadid 139724220643072 -> core 10 - OK[0m[1;34m
[0m[1;34m	threadid 139724212250368 -> core 11 - OK[0m[1;34m
[0m[1;34m	threadid 139724203857664 -> core 12 - OK[0m[1;34m
[0m[1;34m	threadid 139724195464960 -> core 13 - OK[0m[1;34m
[0m[1;34m	threadid 139724187072256 -> core 14 - OK[0m[1;34m
[0m[1;34m	threadid 139724178679552 -> core 15 - OK[0m[1;34m
[0miterations: 200
Total iterations: 49600800 LUP
FLOP: 11
Total work: 545608800 FLOP
performance: 5.168331 GLUP/s
Performance in GFLOP/s: 56.851643
size: 250000
time: 0.009597
[1;34m[pthread wrapper] 
[0m[1;34m[pthread wrapper] MAIN -> 0
[0m[1;34m[pthread wrapper] PIN_MASK: [0m[1;34m0->1  [0m[1;34m1->2  [0m[1;34m2->3  [0m[1;34m3->4  [0m[1;34m4->5  [0m[1;34m5->6  [0m[1;34m6->7  [0m[1;34m7->8  [0m[1;34m8->9  [0m[1;34m9->10  [0m[1;34m10->11  [0m[1;34m11->12  [0m[1;34m12->13  [0m[1;34m13->14  [0m[1;34m14->15  [0m[1;34m
[pthread wrapper] SKIP MASK: 0x0
[0m[1;34m	threadid 140438381848320 -> core 1 - OK[0m[1;34m
[0m[1;34m	threadid 140438373455616 -> core 2 - OK[0m[1;34m
[0m[1;34m	threadid 140438365062912 -> core 3 - OK[0m[1;34m
[0m[1;34m	threadid 140438356670208 -> core 4 - OK[0m[1;34m
[0m[1;34m	threadid 140438348277504 -> core 5 - OK[0m[1;34m
[0m[1;34m	threadid 140438339884800 -> core 6 - OK[0m[1;34m
[0m[1;34m	threadid 140438331492096 -> core 7 - OK[0m[1;34m
[0m[1;34m	threadid 140438323099392 -> core 8 - OK[0m[1;34m
[0m[1;34m	threadid 140438314706688 -> core 9 - OK[0m[1;34m
[0m[1;34m	threadid 140438306313984 -> core 10 - OK[0m[1;34m
[0m[1;34m	threadid 140438297921280 -> core 11 - OK[0m[1;34m
[0m[1;34m	threadid 140438289528576 -> core 12 - OK[0m[1;34m
[0m[1;34m	threadid 140438281135872 -> core 13 - OK[0m[1;34m
[0m[1;34m	threadid 140438272743168 -> core 14 - OK[0m[1;34m
[0m[1;34m	threadid 140438264350464 -> core 15 - OK[0m[1;34m
[0miterations: 200
Total iterations: 49600800 LUP
FLOP: 11
Total work: 545608800 FLOP
performance: 5.233732 GLUP/s
Performance in GFLOP/s: 57.571048
size: 250000
time: 0.009477
[1;34m[pthread wrapper] 
[0m[1;34m[pthread wrapper] MAIN -> 0
[0m[1;34m[pthread wrapper] PIN_MASK: [0m[1;34m0->1  [0m[1;34m1->2  [0m[1;34m2->3  [0m[1;34m3->4  [0m[1;34m4->5  [0m[1;34m5->6  [0m[1;34m6->7  [0m[1;34m7->8  [0m[1;34m8->9  [0m[1;34m9->10  [0m[1;34m10->11  [0m[1;34m11->12  [0m[1;34m12->13  [0m[1;34m13->14  [0m[1;34m14->15  [0m[1;34m
[pthread wrapper] SKIP MASK: 0x0
[0m[1;34m	threadid 140070953498368 -> core 1 - OK[0m[1;34m
[0m[1;34m	threadid 140070945105664 -> core 2 - OK[0m[1;34m
[0m[1;34m	threadid 140070936712960 -> core 3 - OK[0m[1;34m
[0m[1;34m	threadid 140070928320256 -> core 4 - OK[0m[1;34m
[0m[1;34m	threadid 140070919927552 -> core 5 - OK[0m[1;34m
[0m[1;34m	threadid 140070911534848 -> core 6 - OK[0m[1;34m
[0m[1;34m	threadid 140070903142144 -> core 7 - OK[0m[1;34m
[0m[1;34m	threadid 140070894749440 -> core 8 - OK[0m[1;34m
[0m[1;34m	threadid 140070886356736 -> core 9 - OK[0m[1;34m
[0m[1;34m	threadid 140070877964032 -> core 10 - OK[0m[1;34m
[0m[1;34m	threadid 140070869571328 -> core 11 - OK[0m[1;34m
[0m[1;34m	threadid 140070861178624 -> core 12 - OK[0m[1;34m
[0m[1;34m	threadid 140070852785920 -> core 13 - OK[0m[1;34m
[0m[1;34m	threadid 140070844393216 -> core 14 - OK[0m[1;34m
[0m[1;34m	threadid 140070836000512 -> core 15 - OK[0m[1;34m
[0miterations: 200
Total iterations: 49600800 LUP
FLOP: 11
Total work: 545608800 FLOP
performance: 5.209095 GLUP/s
Performance in GFLOP/s: 57.300044
size: 250000
time: 0.009522
