iterations: 200
Total iterations: 1797600800 LUP
FLOP: 11
Total work: 19773608800 FLOP
performance: 1.204073 GLUP/s
Performance in GFLOP/s: 13.244798
size: 9000000
time: 1.492934
iterations: 200
Total iterations: 1797600800 LUP
FLOP: 11
Total work: 19773608800 FLOP
performance: 1.222661 GLUP/s
Performance in GFLOP/s: 13.449275
size: 9000000
time: 1.470236
iterations: 200
Total iterations: 1797600800 LUP
FLOP: 11
Total work: 19773608800 FLOP
performance: 1.212357 GLUP/s
Performance in GFLOP/s: 13.335929
size: 9000000
time: 1.482732
iterations: 200
Total iterations: 1797600800 LUP
FLOP: 11
Total work: 19773608800 FLOP
performance: 1.231835 GLUP/s
Performance in GFLOP/s: 13.550186
size: 9000000
time: 1.459287
iterations: 200
Total iterations: 1797600800 LUP
FLOP: 11
Total work: 19773608800 FLOP
performance: 1.201543 GLUP/s
Performance in GFLOP/s: 13.216972
size: 9000000
time: 1.496077
iterations: 200
Total iterations: 1797600800 LUP
FLOP: 11
Total work: 19773608800 FLOP
performance: 1.183003 GLUP/s
Performance in GFLOP/s: 13.013038
size: 9000000
time: 1.519523
iterations: 200
Total iterations: 1797600800 LUP
FLOP: 11
Total work: 19773608800 FLOP
performance: 1.262558 GLUP/s
Performance in GFLOP/s: 13.888135
size: 9000000
time: 1.423777
iterations: 200
Total iterations: 1797600800 LUP
FLOP: 11
Total work: 19773608800 FLOP
performance: 1.166316 GLUP/s
Performance in GFLOP/s: 12.829475
size: 9000000
time: 1.541264
iterations: 200
Total iterations: 1797600800 LUP
FLOP: 11
Total work: 19773608800 FLOP
performance: 1.239904 GLUP/s
Performance in GFLOP/s: 13.638947
size: 9000000
time: 1.449790
iterations: 200
Total iterations: 1797600800 LUP
FLOP: 11
Total work: 19773608800 FLOP
performance: 1.256101 GLUP/s
Performance in GFLOP/s: 13.817108
size: 9000000
time: 1.431096
