[1;34m[pthread wrapper] 
[0m[1;34m[pthread wrapper] MAIN -> 0
[0m[1;34m[pthread wrapper] PIN_MASK: [0m[1;34m0->1  [0m[1;34m1->2  [0m[1;34m2->3  [0m[1;34m3->4  [0m[1;34m4->5  [0m[1;34m
[pthread wrapper] SKIP MASK: 0x0
[0m[1;34m	threadid 140161662363392 -> core 1 - OK[0m[1;34m
[0m[1;34m	threadid 140161653970688 -> core 2 - OK[0m[1;34m
[0m[1;34m	threadid 140161645577984 -> core 3 - OK[0m[1;34m
[0m[1;34m	threadid 140161637185280 -> core 4 - OK[0m[1;34m
[0m[1;34m	threadid 140161628792576 -> core 5 - OK[0m[1;34m
[0miterations: 200
Total iterations: 49600800 LUP
FLOP: 11
Total work: 545608800 FLOP
performance: 1.737206 GLUP/s
Performance in GFLOP/s: 19.109265
size: 250000
time: 0.028552
[1;34m[pthread wrapper] 
[0m[1;34m[pthread wrapper] MAIN -> 0
[0m[1;34m[pthread wrapper] PIN_MASK: [0m[1;34m0->1  [0m[1;34m1->2  [0m[1;34m2->3  [0m[1;34m3->4  [0m[1;34m4->5  [0m[1;34m
[pthread wrapper] SKIP MASK: 0x0
[0m[1;34m	threadid 140062388254464 -> core 1 - OK[0m[1;34m
[0m[1;34m	threadid 140062379861760 -> core 2 - OK[0m[1;34m
[0m[1;34m	threadid 140062371469056 -> core 3 - OK[0m[1;34m
[0m[1;34m	threadid 140062363076352 -> core 4 - OK[0m[1;34m
[0m[1;34m	threadid 140062354683648 -> core 5 - OK[0m[1;34m
[0miterations: 200
Total iterations: 49600800 LUP
FLOP: 11
Total work: 545608800 FLOP
performance: 1.744489 GLUP/s
Performance in GFLOP/s: 19.189384
size: 250000
time: 0.028433
[1;34m[pthread wrapper] 
[0m[1;34m[pthread wrapper] MAIN -> 0
[0m[1;34m[pthread wrapper] PIN_MASK: [0m[1;34m0->1  [0m[1;34m1->2  [0m[1;34m2->3  [0m[1;34m3->4  [0m[1;34m4->5  [0m[1;34m
[pthread wrapper] SKIP MASK: 0x0
[0m[1;34m	threadid 139686653110016 -> core 1 - OK[0m[1;34m
[0m[1;34m	threadid 139686644717312 -> core 2 - OK[0m[1;34m
[0m[1;34m	threadid 139686636324608 -> core 3 - OK[0m[1;34m
[0m[1;34m	threadid 139686627931904 -> core 4 - OK[0m[1;34m
[0m[1;34m	threadid 139686619539200 -> core 5 - OK[0m[1;34m
[0miterations: 200
Total iterations: 49600800 LUP
FLOP: 11
Total work: 545608800 FLOP
performance: 1.597451 GLUP/s
Performance in GFLOP/s: 17.571961
size: 250000
time: 0.031050
[1;34m[pthread wrapper] 
[0m[1;34m[pthread wrapper] MAIN -> 0
[0m[1;34m[pthread wrapper] PIN_MASK: [0m[1;34m0->1  [0m[1;34m1->2  [0m[1;34m2->3  [0m[1;34m3->4  [0m[1;34m4->5  [0m[1;34m
[pthread wrapper] SKIP MASK: 0x0
[0m[1;34m	threadid 140235658168064 -> core 1 - OK[0m[1;34m
[0m[1;34m	threadid 140235649775360 -> core 2 - OK[0m[1;34m
[0m[1;34m	threadid 140235641382656 -> core 3 - OK[0m[1;34m
[0m[1;34m	threadid 140235632989952 -> core 4 - OK[0m[1;34m
[0m[1;34m	threadid 140235624597248 -> core 5 - OK[0m[1;34m
[0miterations: 200
Total iterations: 49600800 LUP
FLOP: 11
Total work: 545608800 FLOP
performance: 1.748845 GLUP/s
Performance in GFLOP/s: 19.237293
size: 250000
time: 0.028362
[1;34m[pthread wrapper] 
[0m[1;34m[pthread wrapper] MAIN -> 0
[0m[1;34m[pthread wrapper] PIN_MASK: [0m[1;34m0->1  [0m[1;34m1->2  [0m[1;34m2->3  [0m[1;34m3->4  [0m[1;34m4->5  [0m[1;34m
[pthread wrapper] SKIP MASK: 0x0
[0m[1;34m	threadid 139813241014016 -> core 1 - OK[0m[1;34m
[0m[1;34m	threadid 139813232621312 -> core 2 - OK[0m[1;34m
[0m[1;34m	threadid 139813224228608 -> core 3 - OK[0m[1;34m
[0m[1;34m	threadid 139813215835904 -> core 4 - OK[0m[1;34m
[0m[1;34m	threadid 139813207443200 -> core 5 - OK[0m[1;34m
[0miterations: 200
Total iterations: 49600800 LUP
FLOP: 11
Total work: 545608800 FLOP
performance: 1.720754 GLUP/s
Performance in GFLOP/s: 18.928290
size: 250000
time: 0.028825
[1;34m[pthread wrapper] 
[0m[1;34m[pthread wrapper] MAIN -> 0
[0m[1;34m[pthread wrapper] PIN_MASK: [0m[1;34m0->1  [0m[1;34m1->2  [0m[1;34m2->3  [0m[1;34m3->4  [0m[1;34m4->5  [0m[1;34m
[pthread wrapper] SKIP MASK: 0x0
[0m[1;34m	threadid 140452172539648 -> core 1 - OK[0m[1;34m
[0m[1;34m	threadid 140452164146944 -> core 2 - OK[0m[1;34m
[0m[1;34m	threadid 140452155754240 -> core 3 - OK[0m[1;34m
[0m[1;34m	threadid 140452147361536 -> core 4 - OK[0m[1;34m
[0m[1;34m	threadid 140452138968832 -> core 5 - OK[0m[1;34m
[0miterations: 200
Total iterations: 49600800 LUP
FLOP: 11
Total work: 545608800 FLOP
performance: 1.741787 GLUP/s
Performance in GFLOP/s: 19.159662
size: 250000
time: 0.028477
[1;34m[pthread wrapper] 
[0m[1;34m[pthread wrapper] MAIN -> 0
[0m[1;34m[pthread wrapper] PIN_MASK: [0m[1;34m0->1  [0m[1;34m1->2  [0m[1;34m2->3  [0m[1;34m3->4  [0m[1;34m4->5  [0m[1;34m
[pthread wrapper] SKIP MASK: 0x0
[0m[1;34m	threadid 140058849470208 -> core 1 - OK[0m[1;34m
[0m[1;34m	threadid 140058841077504 -> core 2 - OK[0m[1;34m
[0m[1;34m	threadid 140058832684800 -> core 3 - OK[0m[1;34m
[0m[1;34m	threadid 140058824292096 -> core 4 - OK[0m[1;34m
[0m[1;34m	threadid 140058815899392 -> core 5 - OK[0m[1;34m
[0miterations: 200
Total iterations: 49600800 LUP
FLOP: 11
Total work: 545608800 FLOP
performance: 1.388522 GLUP/s
Performance in GFLOP/s: 15.273740
size: 250000
time: 0.035722
[1;34m[pthread wrapper] 
[0m[1;34m[pthread wrapper] MAIN -> 0
[0m[1;34m[pthread wrapper] PIN_MASK: [0m[1;34m0->1  [0m[1;34m1->2  [0m[1;34m2->3  [0m[1;34m3->4  [0m[1;34m4->5  [0m[1;34m
[pthread wrapper] SKIP MASK: 0x0
[0m[1;34m	threadid 140471543871232 -> core 1 - OK[0m[1;34m
[0m[1;34m	threadid 140471535478528 -> core 2 - OK[0m[1;34m
[0m[1;34m	threadid 140471527085824 -> core 3 - OK[0m[1;34m
[0m[1;34m	threadid 140471518693120 -> core 4 - OK[0m[1;34m
[0m[1;34m	threadid 140471510300416 -> core 5 - OK[0m[1;34m
[0miterations: 200
Total iterations: 49600800 LUP
FLOP: 11
Total work: 545608800 FLOP
performance: 1.749212 GLUP/s
Performance in GFLOP/s: 19.241337
size: 250000
time: 0.028356
[1;34m[pthread wrapper] 
[0m[1;34m[pthread wrapper] MAIN -> 0
[0m[1;34m[pthread wrapper] PIN_MASK: [0m[1;34m0->1  [0m[1;34m1->2  [0m[1;34m2->3  [0m[1;34m3->4  [0m[1;34m4->5  [0m[1;34m
[pthread wrapper] SKIP MASK: 0x0
[0m[1;34m	threadid 140256735008512 -> core 1 - OK[0m[1;34m
[0m[1;34m	threadid 140256726615808 -> core 2 - OK[0m[1;34m
[0m[1;34m	threadid 140256718223104 -> core 3 - OK[0m[1;34m
[0m[1;34m	threadid 140256709830400 -> core 4 - OK[0m[1;34m
[0m[1;34m	threadid 140256701437696 -> core 5 - OK[0m[1;34m
[0miterations: 200
Total iterations: 49600800 LUP
FLOP: 11
Total work: 545608800 FLOP
performance: 1.680866 GLUP/s
Performance in GFLOP/s: 18.489530
size: 250000
time: 0.029509
[1;34m[pthread wrapper] 
[0m[1;34m[pthread wrapper] MAIN -> 0
[0m[1;34m[pthread wrapper] PIN_MASK: [0m[1;34m0->1  [0m[1;34m1->2  [0m[1;34m2->3  [0m[1;34m3->4  [0m[1;34m4->5  [0m[1;34m
[pthread wrapper] SKIP MASK: 0x0
[0m[1;34m	threadid 139861816108800 -> core 1 - OK[0m[1;34m
[0m[1;34m	threadid 139861807716096 -> core 2 - OK[0m[1;34m
[0m[1;34m	threadid 139861799323392 -> core 3 - OK[0m[1;34m
[0m[1;34m	threadid 139861790930688 -> core 4 - OK[0m[1;34m
[0m[1;34m	threadid 139861782537984 -> core 5 - OK[0m[1;34m
[0miterations: 200
Total iterations: 49600800 LUP
FLOP: 11
Total work: 545608800 FLOP
performance: 1.744051 GLUP/s
Performance in GFLOP/s: 19.184558
size: 250000
time: 0.028440
