[1;34m[pthread wrapper] 
[0m[1;34m[pthread wrapper] MAIN -> 0
[0m[1;34m[pthread wrapper] PIN_MASK: [0m[1;34m0->1  [0m[1;34m1->2  [0m[1;34m2->3  [0m[1;34m3->4  [0m[1;34m4->10  [0m[1;34m5->11  [0m[1;34m6->12  [0m[1;34m7->13  [0m[1;34m8->14  [0m[1;34m
[pthread wrapper] SKIP MASK: 0x0
[0m[1;34m	threadid 140711926937344 -> core 1 - OK[0m[1;34m
[0m[1;34m	threadid 140711918544640 -> core 2 - OK[0m[1;34m
[0m[1;34m	threadid 140711910151936 -> core 3 - OK[0m[1;34m
[0m[1;34m	threadid 140711901759232 -> core 4 - OK[0m[1;34m
[0m[1;34m	threadid 140711893366528 -> core 10 - OK[0m[1;34m
[0m[1;34m	threadid 140711884973824 -> core 11 - OK[0m[1;34m
[0m[1;34m	threadid 140711876581120 -> core 12 - OK[0m[1;34m
[0m[1;34m	threadid 140711868188416 -> core 13 - OK[0m[1;34m
[0m[1;34m	threadid 140711859795712 -> core 14 - OK[0m[1;34m
[0miterations: 200
Total iterations: 49600800 LUP
FLOP: 11
Total work: 545608800 FLOP
performance: 3.517531 GLUP/s
Performance in GFLOP/s: 38.692837
size: 250000
time: 0.014101
[1;34m[pthread wrapper] 
[0m[1;34m[pthread wrapper] MAIN -> 0
[0m[1;34m[pthread wrapper] PIN_MASK: [0m[1;34m0->1  [0m[1;34m1->2  [0m[1;34m2->3  [0m[1;34m3->4  [0m[1;34m4->10  [0m[1;34m5->11  [0m[1;34m6->12  [0m[1;34m7->13  [0m[1;34m8->14  [0m[1;34m
[pthread wrapper] SKIP MASK: 0x0
[0m[1;34m	threadid 140089975396096 -> core 1 - OK[0m[1;34m
[0m[1;34m	threadid 140089967003392 -> core 2 - OK[0m[1;34m
[0m[1;34m	threadid 140089958610688 -> core 3 - OK[0m[1;34m
[0m[1;34m	threadid 140089950217984 -> core 4 - OK[0m[1;34m
[0m[1;34m	threadid 140089941825280 -> core 10 - OK[0m[1;34m
[0m[1;34m	threadid 140089933432576 -> core 11 - OK[0m[1;34m
[0m[1;34m	threadid 140089925039872 -> core 12 - OK[0m[1;34m
[0m[1;34m	threadid 140089916647168 -> core 13 - OK[0m[1;34m
[0m[1;34m	threadid 140089908254464 -> core 14 - OK[0m[1;34m
[0miterations: 200
Total iterations: 49600800 LUP
FLOP: 11
Total work: 545608800 FLOP
performance: 3.528269 GLUP/s
Performance in GFLOP/s: 38.810955
size: 250000
time: 0.014058
[1;34m[pthread wrapper] 
[0m[1;34m[pthread wrapper] MAIN -> 0
[0m[1;34m[pthread wrapper] PIN_MASK: [0m[1;34m0->1  [0m[1;34m1->2  [0m[1;34m2->3  [0m[1;34m3->4  [0m[1;34m4->10  [0m[1;34m5->11  [0m[1;34m6->12  [0m[1;34m7->13  [0m[1;34m8->14  [0m[1;34m
[pthread wrapper] SKIP MASK: 0x0
[0m[1;34m	threadid 140682473043712 -> core 1 - OK[0m[1;34m
[0m[1;34m	threadid 140682464651008 -> core 2 - OK[0m[1;34m
[0m[1;34m	threadid 140682456258304 -> core 3 - OK[0m[1;34m
[0m[1;34m	threadid 140682447865600 -> core 4 - OK[0m[1;34m
[0m[1;34m	threadid 140682439472896 -> core 10 - OK[0m[1;34m
[0m[1;34m	threadid 140682431080192 -> core 11 - OK[0m[1;34m
[0m[1;34m	threadid 140682422687488 -> core 12 - OK[0m[1;34m
[0m[1;34m	threadid 140682414294784 -> core 13 - OK[0m[1;34m
[0m[1;34m	threadid 140682405902080 -> core 14 - OK[0m[1;34m
[0miterations: 200
Total iterations: 49600800 LUP
FLOP: 11
Total work: 545608800 FLOP
performance: 3.519256 GLUP/s
Performance in GFLOP/s: 38.711819
size: 250000
time: 0.014094
[1;34m[pthread wrapper] 
[0m[1;34m[pthread wrapper] MAIN -> 0
[0m[1;34m[pthread wrapper] PIN_MASK: [0m[1;34m0->1  [0m[1;34m1->2  [0m[1;34m2->3  [0m[1;34m3->4  [0m[1;34m4->10  [0m[1;34m5->11  [0m[1;34m6->12  [0m[1;34m7->13  [0m[1;34m8->14  [0m[1;34m
[pthread wrapper] SKIP MASK: 0x0
[0m[1;34m	threadid 140389038294784 -> core 1 - OK[0m[1;34m
[0m[1;34m	threadid 140389029902080 -> core 2 - OK[0m[1;34m
[0m[1;34m	threadid 140389021509376 -> core 3 - OK[0m[1;34m
[0m[1;34m	threadid 140389013116672 -> core 4 - OK[0m[1;34m
[0m[1;34m	threadid 140389004723968 -> core 10 - OK[0m[1;34m
[0m[1;34m	threadid 140388996331264 -> core 11 - OK[0m[1;34m
[0m[1;34m	threadid 140388987938560 -> core 12 - OK[0m[1;34m
[0m[1;34m	threadid 140388979545856 -> core 13 - OK[0m[1;34m
[0m[1;34m	threadid 140388971153152 -> core 14 - OK[0m[1;34m
[0miterations: 200
Total iterations: 49600800 LUP
FLOP: 11
Total work: 545608800 FLOP
performance: 3.508336 GLUP/s
Performance in GFLOP/s: 38.591699
size: 250000
time: 0.014138
[1;34m[pthread wrapper] 
[0m[1;34m[pthread wrapper] MAIN -> 0
[0m[1;34m[pthread wrapper] PIN_MASK: [0m[1;34m0->1  [0m[1;34m1->2  [0m[1;34m2->3  [0m[1;34m3->4  [0m[1;34m4->10  [0m[1;34m5->11  [0m[1;34m6->12  [0m[1;34m7->13  [0m[1;34m8->14  [0m[1;34m
[pthread wrapper] SKIP MASK: 0x0
[0m[1;34m	threadid 140636901664512 -> core 1 - OK[0m[1;34m
[0m[1;34m	threadid 140636893271808 -> core 2 - OK[0m[1;34m
[0m[1;34m	threadid 140636884879104 -> core 3 - OK[0m[1;34m
[0m[1;34m	threadid 140636876486400 -> core 4 - OK[0m[1;34m
[0m[1;34m	threadid 140636868093696 -> core 10 - OK[0m[1;34m
[0m[1;34m	threadid 140636859700992 -> core 11 - OK[0m[1;34m
[0m[1;34m	threadid 140636851308288 -> core 12 - OK[0m[1;34m
[0m[1;34m	threadid 140636842915584 -> core 13 - OK[0m[1;34m
[0m[1;34m	threadid 140636834522880 -> core 14 - OK[0m[1;34m
[0miterations: 200
Total iterations: 49600800 LUP
FLOP: 11
Total work: 545608800 FLOP
performance: 3.505381 GLUP/s
Performance in GFLOP/s: 38.559187
size: 250000
time: 0.014150
[1;34m[pthread wrapper] 
[0m[1;34m[pthread wrapper] MAIN -> 0
[0m[1;34m[pthread wrapper] PIN_MASK: [0m[1;34m0->1  [0m[1;34m1->2  [0m[1;34m2->3  [0m[1;34m3->4  [0m[1;34m4->10  [0m[1;34m5->11  [0m[1;34m6->12  [0m[1;34m7->13  [0m[1;34m8->14  [0m[1;34m
[pthread wrapper] SKIP MASK: 0x0
[0m[1;34m	threadid 139695859275520 -> core 1 - OK[0m[1;34m
[0m[1;34m	threadid 139695850882816 -> core 2 - OK[0m[1;34m
[0m[1;34m	threadid 139695842490112 -> core 3 - OK[0m[1;34m
[0m[1;34m	threadid 139695834097408 -> core 4 - OK[0m[1;34m
[0m[1;34m	threadid 139695825704704 -> core 10 - OK[0m[1;34m
[0m[1;34m	threadid 139695817312000 -> core 11 - OK[0m[1;34m
[0m[1;34m	threadid 139695808919296 -> core 12 - OK[0m[1;34m
[0m[1;34m	threadid 139695800526592 -> core 13 - OK[0m[1;34m
[0m[1;34m	threadid 139695792133888 -> core 14 - OK[0m[1;34m
[0miterations: 200
Total iterations: 49600800 LUP
FLOP: 11
Total work: 545608800 FLOP
performance: 3.519554 GLUP/s
Performance in GFLOP/s: 38.715093
size: 250000
time: 0.014093
[1;34m[pthread wrapper] 
[0m[1;34m[pthread wrapper] MAIN -> 0
[0m[1;34m[pthread wrapper] PIN_MASK: [0m[1;34m0->1  [0m[1;34m1->2  [0m[1;34m2->3  [0m[1;34m3->4  [0m[1;34m4->10  [0m[1;34m5->11  [0m[1;34m6->12  [0m[1;34m7->13  [0m[1;34m8->14  [0m[1;34m
[pthread wrapper] SKIP MASK: 0x0
[0m[1;34m	threadid 139729440192256 -> core 1 - OK[0m[1;34m
[0m[1;34m	threadid 139729431799552 -> core 2 - OK[0m[1;34m
[0m[1;34m	threadid 139729423406848 -> core 3 - OK[0m[1;34m
[0m[1;34m	threadid 139729415014144 -> core 4 - OK[0m[1;34m
[0m[1;34m	threadid 139729406621440 -> core 10 - OK[0m[1;34m
[0m[1;34m	threadid 139729398228736 -> core 11 - OK[0m[1;34m
[0m[1;34m	threadid 139729389836032 -> core 12 - OK[0m[1;34m
[0m[1;34m	threadid 139729381443328 -> core 13 - OK[0m[1;34m
[0m[1;34m	threadid 139729373050624 -> core 14 - OK[0m[1;34m
[0miterations: 200
Total iterations: 49600800 LUP
FLOP: 11
Total work: 545608800 FLOP
performance: 3.427644 GLUP/s
Performance in GFLOP/s: 37.704081
size: 250000
time: 0.014471
[1;34m[pthread wrapper] 
[0m[1;34m[pthread wrapper] MAIN -> 0
[0m[1;34m[pthread wrapper] PIN_MASK: [0m[1;34m0->1  [0m[1;34m1->2  [0m[1;34m2->3  [0m[1;34m3->4  [0m[1;34m4->10  [0m[1;34m5->11  [0m[1;34m6->12  [0m[1;34m7->13  [0m[1;34m8->14  [0m[1;34m
[pthread wrapper] SKIP MASK: 0x0
[0m[1;34m	threadid 140040488748800 -> core 1 - OK[0m[1;34m
[0m[1;34m	threadid 140040480356096 -> core 2 - OK[0m[1;34m
[0m[1;34m	threadid 140040471963392 -> core 3 - OK[0m[1;34m
[0m[1;34m	threadid 140040463570688 -> core 4 - OK[0m[1;34m
[0m[1;34m	threadid 140040455177984 -> core 10 - OK[0m[1;34m
[0m[1;34m	threadid 140040446785280 -> core 11 - OK[0m[1;34m
[0m[1;34m	threadid 140040438392576 -> core 12 - OK[0m[1;34m
[0m[1;34m	threadid 140040429999872 -> core 13 - OK[0m[1;34m
[0m[1;34m	threadid 140040421607168 -> core 14 - OK[0m[1;34m
[0miterations: 200
Total iterations: 49600800 LUP
FLOP: 11
Total work: 545608800 FLOP
performance: 3.512838 GLUP/s
Performance in GFLOP/s: 38.641223
size: 250000
time: 0.014120
[1;34m[pthread wrapper] 
[0m[1;34m[pthread wrapper] MAIN -> 0
[0m[1;34m[pthread wrapper] PIN_MASK: [0m[1;34m0->1  [0m[1;34m1->2  [0m[1;34m2->3  [0m[1;34m3->4  [0m[1;34m4->10  [0m[1;34m5->11  [0m[1;34m6->12  [0m[1;34m7->13  [0m[1;34m8->14  [0m[1;34m
[pthread wrapper] SKIP MASK: 0x0
[0m[1;34m	threadid 140076066072320 -> core 1 - OK[0m[1;34m
[0m[1;34m	threadid 140076057679616 -> core 2 - OK[0m[1;34m
[0m[1;34m	threadid 140076049286912 -> core 3 - OK[0m[1;34m
[0m[1;34m	threadid 140076040894208 -> core 4 - OK[0m[1;34m
[0m[1;34m	threadid 140076032501504 -> core 10 - OK[0m[1;34m
[0m[1;34m	threadid 140076024108800 -> core 11 - OK[0m[1;34m
[0m[1;34m	threadid 140076015716096 -> core 12 - OK[0m[1;34m
[0m[1;34m	threadid 140076007323392 -> core 13 - OK[0m[1;34m
[0m[1;34m	threadid 140075998930688 -> core 14 - OK[0m[1;34m
[0miterations: 200
Total iterations: 49600800 LUP
FLOP: 11
Total work: 545608800 FLOP
performance: 3.503138 GLUP/s
Performance in GFLOP/s: 38.534514
size: 250000
time: 0.014159
[1;34m[pthread wrapper] 
[0m[1;34m[pthread wrapper] MAIN -> 0
[0m[1;34m[pthread wrapper] PIN_MASK: [0m[1;34m0->1  [0m[1;34m1->2  [0m[1;34m2->3  [0m[1;34m3->4  [0m[1;34m4->10  [0m[1;34m5->11  [0m[1;34m6->12  [0m[1;34m7->13  [0m[1;34m8->14  [0m[1;34m
[pthread wrapper] SKIP MASK: 0x0
[0m[1;34m	threadid 139692687955712 -> core 1 - OK[0m[1;34m
[0m[1;34m	threadid 139692679563008 -> core 2 - OK[0m[1;34m
[0m[1;34m	threadid 139692671170304 -> core 3 - OK[0m[1;34m
[0m[1;34m	threadid 139692662777600 -> core 4 - OK[0m[1;34m
[0m[1;34m	threadid 139692654384896 -> core 10 - OK[0m[1;34m
[0m[1;34m	threadid 139692645992192 -> core 11 - OK[0m[1;34m
[0m[1;34m	threadid 139692637599488 -> core 12 - OK[0m[1;34m
[0m[1;34m	threadid 139692629206784 -> core 13 - OK[0m[1;34m
[0m[1;34m	threadid 139692620814080 -> core 14 - OK[0m[1;34m
[0miterations: 200
Total iterations: 49600800 LUP
FLOP: 11
Total work: 545608800 FLOP
performance: 3.423582 GLUP/s
Performance in GFLOP/s: 37.659407
size: 250000
time: 0.014488
