[1;34m[pthread wrapper] 
[0m[1;34m[pthread wrapper] MAIN -> 0
[0m[1;34m[pthread wrapper] PIN_MASK: [0m[1;34m0->1  [0m[1;34m1->2  [0m[1;34m2->3  [0m[1;34m
[pthread wrapper] SKIP MASK: 0x0
[0m[1;34m	threadid 139871069751040 -> core 1 - OK[0m[1;34m
[0m[1;34m	threadid 139871061358336 -> core 2 - OK[0m[1;34m
[0m[1;34m	threadid 139871052965632 -> core 3 - OK[0m[1;34m
[0miterations: 100
Total iterations: 898800400 LUP
FLOP: 11
Total work: 9886804400 FLOP
performance: 1.167543 GLUP/s
Performance in GFLOP/s: 12.842973
size: 9000000
time: 0.769822
[1;34m[pthread wrapper] 
[0m[1;34m[pthread wrapper] MAIN -> 0
[0m[1;34m[pthread wrapper] PIN_MASK: [0m[1;34m0->1  [0m[1;34m1->2  [0m[1;34m2->3  [0m[1;34m
[pthread wrapper] SKIP MASK: 0x0
[0m[1;34m	threadid 140696734766848 -> core 1 - OK[0m[1;34m
[0m[1;34m	threadid 140696726374144 -> core 2 - OK[0m[1;34m
[0m[1;34m	threadid 140696717981440 -> core 3 - OK[0m[1;34m
[0miterations: 100
Total iterations: 898800400 LUP
FLOP: 11
Total work: 9886804400 FLOP
performance: 1.161184 GLUP/s
Performance in GFLOP/s: 12.773021
size: 9000000
time: 0.774038
[1;34m[pthread wrapper] 
[0m[1;34m[pthread wrapper] MAIN -> 0
[0m[1;34m[pthread wrapper] PIN_MASK: [0m[1;34m0->1  [0m[1;34m1->2  [0m[1;34m2->3  [0m[1;34m
[pthread wrapper] SKIP MASK: 0x0
[0m[1;34m	threadid 140085189695232 -> core 1 - OK[0m[1;34m
[0m[1;34m	threadid 140085181302528 -> core 2 - OK[0m[1;34m
[0m[1;34m	threadid 140085172909824 -> core 3 - OK[0m[1;34m
[0miterations: 100
Total iterations: 898800400 LUP
FLOP: 11
Total work: 9886804400 FLOP
performance: 1.167775 GLUP/s
Performance in GFLOP/s: 12.845527
size: 9000000
time: 0.769669
[1;34m[pthread wrapper] 
[0m[1;34m[pthread wrapper] MAIN -> 0
[0m[1;34m[pthread wrapper] PIN_MASK: [0m[1;34m0->1  [0m[1;34m1->2  [0m[1;34m2->3  [0m[1;34m
[pthread wrapper] SKIP MASK: 0x0
[0m[1;34m	threadid 140404928849664 -> core 1 - OK[0m[1;34m
[0m[1;34m	threadid 140404920456960 -> core 2 - OK[0m[1;34m
[0m[1;34m	threadid 140404912064256 -> core 3 - OK[0m[1;34m
[0miterations: 100
Total iterations: 898800400 LUP
FLOP: 11
Total work: 9886804400 FLOP
performance: 1.162480 GLUP/s
Performance in GFLOP/s: 12.787279
size: 9000000
time: 0.773175
[1;34m[pthread wrapper] 
[0m[1;34m[pthread wrapper] MAIN -> 0
[0m[1;34m[pthread wrapper] PIN_MASK: [0m[1;34m0->1  [0m[1;34m1->2  [0m[1;34m2->3  [0m[1;34m
[pthread wrapper] SKIP MASK: 0x0
[0m[1;34m	threadid 140473486333696 -> core 1 - OK[0m[1;34m
[0m[1;34m	threadid 140473477940992 -> core 2 - OK[0m[1;34m
[0m[1;34m	threadid 140473469548288 -> core 3 - OK[0m[1;34m
[0miterations: 100
Total iterations: 898800400 LUP
FLOP: 11
Total work: 9886804400 FLOP
performance: 1.168000 GLUP/s
Performance in GFLOP/s: 12.847998
size: 9000000
time: 0.769521
