iterations: 200
Total iterations: 1797600800 LUP
FLOP: 11
Total work: 19773608800 FLOP
performance: 3.009861 GLUP/s
Performance in GFLOP/s: 33.108473
size: 9000000
time: 0.597237
iterations: 200
Total iterations: 1797600800 LUP
FLOP: 11
Total work: 19773608800 FLOP
performance: 3.041672 GLUP/s
Performance in GFLOP/s: 33.458391
size: 9000000
time: 0.590991
iterations: 200
Total iterations: 1797600800 LUP
FLOP: 11
Total work: 19773608800 FLOP
performance: 3.042970 GLUP/s
Performance in GFLOP/s: 33.472665
size: 9000000
time: 0.590739
iterations: 200
Total iterations: 1797600800 LUP
FLOP: 11
Total work: 19773608800 FLOP
performance: 3.015476 GLUP/s
Performance in GFLOP/s: 33.170232
size: 9000000
time: 0.596125
iterations: 200
Total iterations: 1797600800 LUP
FLOP: 11
Total work: 19773608800 FLOP
performance: 3.063036 GLUP/s
Performance in GFLOP/s: 33.693395
size: 9000000
time: 0.586869
iterations: 200
Total iterations: 1797600800 LUP
FLOP: 11
Total work: 19773608800 FLOP
performance: 2.950088 GLUP/s
Performance in GFLOP/s: 32.450967
size: 9000000
time: 0.609338
iterations: 200
Total iterations: 1797600800 LUP
FLOP: 11
Total work: 19773608800 FLOP
performance: 2.854295 GLUP/s
Performance in GFLOP/s: 31.397250
size: 9000000
time: 0.629788
iterations: 200
Total iterations: 1797600800 LUP
FLOP: 11
Total work: 19773608800 FLOP
performance: 2.986668 GLUP/s
Performance in GFLOP/s: 32.853344
size: 9000000
time: 0.601875
iterations: 200
Total iterations: 1797600800 LUP
FLOP: 11
Total work: 19773608800 FLOP
performance: 2.926884 GLUP/s
Performance in GFLOP/s: 32.195719
size: 9000000
time: 0.614169
iterations: 200
Total iterations: 1797600800 LUP
FLOP: 11
Total work: 19773608800 FLOP
performance: 3.022590 GLUP/s
Performance in GFLOP/s: 33.248489
size: 9000000
time: 0.594722
