iterations: 200
Total iterations: 1797600800 LUP
FLOP: 11
Total work: 19773608800 FLOP
performance: 0.813477 GLUP/s
Performance in GFLOP/s: 8.948242
size: 9000000
time: 2.209776
iterations: 200
Total iterations: 1797600800 LUP
FLOP: 11
Total work: 19773608800 FLOP
performance: 0.813015 GLUP/s
Performance in GFLOP/s: 8.943170
size: 9000000
time: 2.211029
iterations: 200
Total iterations: 1797600800 LUP
FLOP: 11
Total work: 19773608800 FLOP
performance: 0.813253 GLUP/s
Performance in GFLOP/s: 8.945784
size: 9000000
time: 2.210383
iterations: 200
Total iterations: 1797600800 LUP
FLOP: 11
Total work: 19773608800 FLOP
performance: 0.814125 GLUP/s
Performance in GFLOP/s: 8.955374
size: 9000000
time: 2.208016
iterations: 200
Total iterations: 1797600800 LUP
FLOP: 11
Total work: 19773608800 FLOP
performance: 0.812431 GLUP/s
Performance in GFLOP/s: 8.936744
size: 9000000
time: 2.212619
iterations: 200
Total iterations: 1797600800 LUP
FLOP: 11
Total work: 19773608800 FLOP
performance: 0.813108 GLUP/s
Performance in GFLOP/s: 8.944186
size: 9000000
time: 2.210778
iterations: 200
Total iterations: 1797600800 LUP
FLOP: 11
Total work: 19773608800 FLOP
performance: 0.813684 GLUP/s
Performance in GFLOP/s: 8.950522
size: 9000000
time: 2.209213
iterations: 200
Total iterations: 1797600800 LUP
FLOP: 11
Total work: 19773608800 FLOP
performance: 0.812896 GLUP/s
Performance in GFLOP/s: 8.941856
size: 9000000
time: 2.211354
iterations: 200
Total iterations: 1797600800 LUP
FLOP: 11
Total work: 19773608800 FLOP
performance: 0.811711 GLUP/s
Performance in GFLOP/s: 8.928826
size: 9000000
time: 2.214581
iterations: 200
Total iterations: 1797600800 LUP
FLOP: 11
Total work: 19773608800 FLOP
performance: 0.813906 GLUP/s
Performance in GFLOP/s: 8.952970
size: 9000000
time: 2.208609
