iterations: 200
Total iterations: 48412800 LUP
FLOP: 89
Total work: 4308739200 FLOP
performance: 0.140725 GLUP/s
Performance in GFLOP/s: 12.524568
size: 250000
time: 0.344023
iterations: 200
Total iterations: 48412800 LUP
FLOP: 89
Total work: 4308739200 FLOP
performance: 0.140808 GLUP/s
Performance in GFLOP/s: 12.531889
size: 250000
time: 0.343822
iterations: 200
Total iterations: 48412800 LUP
FLOP: 89
Total work: 4308739200 FLOP
performance: 0.140570 GLUP/s
Performance in GFLOP/s: 12.510747
size: 250000
time: 0.344403
iterations: 200
Total iterations: 48412800 LUP
FLOP: 89
Total work: 4308739200 FLOP
performance: 0.140901 GLUP/s
Performance in GFLOP/s: 12.540202
size: 250000
time: 0.343594
iterations: 200
Total iterations: 48412800 LUP
FLOP: 89
Total work: 4308739200 FLOP
performance: 0.140604 GLUP/s
Performance in GFLOP/s: 12.513727
size: 250000
time: 0.344321
iterations: 200
Total iterations: 48412800 LUP
FLOP: 89
Total work: 4308739200 FLOP
performance: 0.140766 GLUP/s
Performance in GFLOP/s: 12.528171
size: 250000
time: 0.343924
iterations: 200
Total iterations: 48412800 LUP
FLOP: 89
Total work: 4308739200 FLOP
performance: 0.140373 GLUP/s
Performance in GFLOP/s: 12.493225
size: 250000
time: 0.344886
iterations: 200
Total iterations: 48412800 LUP
FLOP: 89
Total work: 4308739200 FLOP
performance: 0.140607 GLUP/s
Performance in GFLOP/s: 12.514022
size: 250000
time: 0.344313
iterations: 200
Total iterations: 48412800 LUP
FLOP: 89
Total work: 4308739200 FLOP
performance: 0.140828 GLUP/s
Performance in GFLOP/s: 12.533679
size: 250000
time: 0.343773
iterations: 200
Total iterations: 48412800 LUP
FLOP: 89
Total work: 4308739200 FLOP
performance: 0.140540 GLUP/s
Performance in GFLOP/s: 12.508020
size: 250000
time: 0.344478
