[1;34m[pthread wrapper] 
[0m[1;34m[pthread wrapper] MAIN -> 0
[0m[1;34m[pthread wrapper] PIN_MASK: [0m[1;34m0->1  [0m[1;34m1->2  [0m[1;34m2->3  [0m[1;34m
[pthread wrapper] SKIP MASK: 0x0
[0m[1;34m	threadid 47520806860544 -> core 1 - OK[0m[1;34m
[0m[1;34m	threadid 47520808961792 -> core 2 - OK[0m[1;34m
[0m[1;34m	threadid 47520811063040 -> core 3 - OK[0m[1;34m
[0miterations: 100
Total iterations: 895206400 LUP
FLOP: 89
Total work: 79673369600 FLOP
performance: 0.302321 GLUP/s
Performance in GFLOP/s: 26.906607
size: 9000000
time: 2.961108
[1;34m[pthread wrapper] 
[0m[1;34m[pthread wrapper] MAIN -> 0
[0m[1;34m[pthread wrapper] PIN_MASK: [0m[1;34m0->1  [0m[1;34m1->2  [0m[1;34m2->3  [0m[1;34m
[pthread wrapper] SKIP MASK: 0x0
[0m[1;34m	threadid 47847647840000 -> core 1 - OK[0m[1;34m
[0m[1;34m	threadid 47847649941248 -> core 2 - OK[0m[1;34m
[0m[1;34m	threadid 47847652042496 -> core 3 - OK[0m[1;34m
[0miterations: 100
Total iterations: 895206400 LUP
FLOP: 89
Total work: 79673369600 FLOP
performance: 0.302139 GLUP/s
Performance in GFLOP/s: 26.890334
size: 9000000
time: 2.962900
[1;34m[pthread wrapper] 
[0m[1;34m[pthread wrapper] MAIN -> 0
[0m[1;34m[pthread wrapper] PIN_MASK: [0m[1;34m0->1  [0m[1;34m1->2  [0m[1;34m2->3  [0m[1;34m
[pthread wrapper] SKIP MASK: 0x0
[0m[1;34m	threadid 47717535692544 -> core 1 - OK[0m[1;34m
[0m[1;34m	threadid 47717537793792 -> core 2 - OK[0m[1;34m
[0m[1;34m	threadid 47717539895040 -> core 3 - OK[0m[1;34m
[0miterations: 100
Total iterations: 895206400 LUP
FLOP: 89
Total work: 79673369600 FLOP
performance: 0.302168 GLUP/s
Performance in GFLOP/s: 26.892910
size: 9000000
time: 2.962616
[1;34m[pthread wrapper] 
[0m[1;34m[pthread wrapper] MAIN -> 0
[0m[1;34m[pthread wrapper] PIN_MASK: [0m[1;34m0->1  [0m[1;34m1->2  [0m[1;34m2->3  [0m[1;34m
[pthread wrapper] SKIP MASK: 0x0
[0m[1;34m	threadid 47542062040832 -> core 1 - OK[0m[1;34m
[0m[1;34m	threadid 47542064142080 -> core 2 - OK[0m[1;34m
[0m[1;34m	threadid 47542066243328 -> core 3 - OK[0m[1;34m
[0miterations: 100
Total iterations: 895206400 LUP
FLOP: 89
Total work: 79673369600 FLOP
performance: 0.302036 GLUP/s
Performance in GFLOP/s: 26.881206
size: 9000000
time: 2.963906
[1;34m[pthread wrapper] 
[0m[1;34m[pthread wrapper] MAIN -> 0
[0m[1;34m[pthread wrapper] PIN_MASK: [0m[1;34m0->1  [0m[1;34m1->2  [0m[1;34m2->3  [0m[1;34m
[pthread wrapper] SKIP MASK: 0x0
[0m[1;34m	threadid 47241844782848 -> core 1 - OK[0m[1;34m
[0m[1;34m	threadid 47241846884096 -> core 2 - OK[0m[1;34m
[0m[1;34m	threadid 47241848985344 -> core 3 - OK[0m[1;34m
[0miterations: 100
Total iterations: 895206400 LUP
FLOP: 89
Total work: 79673369600 FLOP
performance: 0.302148 GLUP/s
Performance in GFLOP/s: 26.891187
size: 9000000
time: 2.962806
