[1;34m[pthread wrapper] 
[0m[1;34m[pthread wrapper] MAIN -> 0
[0m[1;34m[pthread wrapper] PIN_MASK: [0m[1;34m0->1  [0m[1;34m1->2  [0m[1;34m2->3  [0m[1;34m3->4  [0m[1;34m4->10  [0m[1;34m5->11  [0m[1;34m6->12  [0m[1;34m7->13  [0m[1;34m8->14  [0m[1;34m
[pthread wrapper] SKIP MASK: 0x0
[0m[1;34m	threadid 47638749292288 -> core 1 - OK[0m[1;34m
[0m[1;34m	threadid 47638751393536 -> core 2 - OK[0m[1;34m
[0m[1;34m	threadid 47638753494784 -> core 3 - OK[0m[1;34m
[0m[1;34m	threadid 47638755596032 -> core 4 - OK[0m[1;34m
[0m[1;34m	threadid 47638757697280 -> core 10 - OK[0m[1;34m
[0m[1;34m	threadid 47638759798528 -> core 11 - OK[0m[1;34m
[0m[1;34m	threadid 47638761899776 -> core 12 - OK[0m[1;34m
[0m[1;34m	threadid 47638764001024 -> core 13 - OK[0m[1;34m
[0m[1;34m	threadid 47638766102272 -> core 14 - OK[0m[1;34m
[0miterations: 200
Total iterations: 48412800 LUP
FLOP: 89
Total work: 4308739200 FLOP
performance: 0.666098 GLUP/s
Performance in GFLOP/s: 59.282729
size: 250000
time: 0.072681
[1;34m[pthread wrapper] 
[0m[1;34m[pthread wrapper] MAIN -> 0
[0m[1;34m[pthread wrapper] PIN_MASK: [0m[1;34m0->1  [0m[1;34m1->2  [0m[1;34m2->3  [0m[1;34m3->4  [0m[1;34m4->10  [0m[1;34m5->11  [0m[1;34m6->12  [0m[1;34m7->13  [0m[1;34m8->14  [0m[1;34m
[pthread wrapper] SKIP MASK: 0x0
[0m[1;34m	threadid 47956484024064 -> core 1 - OK[0m[1;34m
[0m[1;34m	threadid 47956486125312 -> core 2 - OK[0m[1;34m
[0m[1;34m	threadid 47956488226560 -> core 3 - OK[0m[1;34m
[0m[1;34m	threadid 47956490327808 -> core 4 - OK[0m[1;34m
[0m[1;34m	threadid 47956492429056 -> core 10 - OK[0m[1;34m
[0m[1;34m	threadid 47956494530304 -> core 11 - OK[0m[1;34m
[0m[1;34m	threadid 47956496631552 -> core 12 - OK[0m[1;34m
[0m[1;34m	threadid 47956498732800 -> core 13 - OK[0m[1;34m
[0m[1;34m	threadid 47956500834048 -> core 14 - OK[0m[1;34m
[0miterations: 200
Total iterations: 48412800 LUP
FLOP: 89
Total work: 4308739200 FLOP
performance: 0.665395 GLUP/s
Performance in GFLOP/s: 59.220177
size: 250000
time: 0.072758
[1;34m[pthread wrapper] 
[0m[1;34m[pthread wrapper] MAIN -> 0
[0m[1;34m[pthread wrapper] PIN_MASK: [0m[1;34m0->1  [0m[1;34m1->2  [0m[1;34m2->3  [0m[1;34m3->4  [0m[1;34m4->10  [0m[1;34m5->11  [0m[1;34m6->12  [0m[1;34m7->13  [0m[1;34m8->14  [0m[1;34m
[pthread wrapper] SKIP MASK: 0x0
[0m[1;34m	threadid 47805753939712 -> core 1 - OK[0m[1;34m
[0m[1;34m	threadid 47805756040960 -> core 2 - OK[0m[1;34m
[0m[1;34m	threadid 47805758142208 -> core 3 - OK[0m[1;34m
[0m[1;34m	threadid 47805760243456 -> core 4 - OK[0m[1;34m
[0m[1;34m	threadid 47805762344704 -> core 10 - OK[0m[1;34m
[0m[1;34m	threadid 47805764445952 -> core 11 - OK[0m[1;34m
[0m[1;34m	threadid 47805766547200 -> core 12 - OK[0m[1;34m
[0m[1;34m	threadid 47805768648448 -> core 13 - OK[0m[1;34m
[0m[1;34m	threadid 47805770749696 -> core 14 - OK[0m[1;34m
[0miterations: 200
Total iterations: 48412800 LUP
FLOP: 89
Total work: 4308739200 FLOP
performance: 0.666100 GLUP/s
Performance in GFLOP/s: 59.282923
size: 250000
time: 0.072681
[1;34m[pthread wrapper] 
[0m[1;34m[pthread wrapper] MAIN -> 0
[0m[1;34m[pthread wrapper] PIN_MASK: [0m[1;34m0->1  [0m[1;34m1->2  [0m[1;34m2->3  [0m[1;34m3->4  [0m[1;34m4->10  [0m[1;34m5->11  [0m[1;34m6->12  [0m[1;34m7->13  [0m[1;34m8->14  [0m[1;34m
[pthread wrapper] SKIP MASK: 0x0
[0m[1;34m	threadid 47718773950208 -> core 1 - OK[0m[1;34m
[0m[1;34m	threadid 47718776051456 -> core 2 - OK[0m[1;34m
[0m[1;34m	threadid 47718778152704 -> core 3 - OK[0m[1;34m
[0m[1;34m	threadid 47718780253952 -> core 4 - OK[0m[1;34m
[0m[1;34m	threadid 47718782355200 -> core 10 - OK[0m[1;34m
[0m[1;34m	threadid 47718784456448 -> core 11 - OK[0m[1;34m
[0m[1;34m	threadid 47718786557696 -> core 12 - OK[0m[1;34m
[0m[1;34m	threadid 47718788658944 -> core 13 - OK[0m[1;34m
[0m[1;34m	threadid 47718790760192 -> core 14 - OK[0m[1;34m
[0miterations: 200
Total iterations: 48412800 LUP
FLOP: 89
Total work: 4308739200 FLOP
performance: 0.666540 GLUP/s
Performance in GFLOP/s: 59.322037
size: 250000
time: 0.072633
[1;34m[pthread wrapper] 
[0m[1;34m[pthread wrapper] MAIN -> 0
[0m[1;34m[pthread wrapper] PIN_MASK: [0m[1;34m0->1  [0m[1;34m1->2  [0m[1;34m2->3  [0m[1;34m3->4  [0m[1;34m4->10  [0m[1;34m5->11  [0m[1;34m6->12  [0m[1;34m7->13  [0m[1;34m8->14  [0m[1;34m
[pthread wrapper] SKIP MASK: 0x0
[0m[1;34m	threadid 47459135989504 -> core 1 - OK[0m[1;34m
[0m[1;34m	threadid 47459138090752 -> core 2 - OK[0m[1;34m
[0m[1;34m	threadid 47459140192000 -> core 3 - OK[0m[1;34m
[0m[1;34m	threadid 47459142293248 -> core 4 - OK[0m[1;34m
[0m[1;34m	threadid 47459144394496 -> core 10 - OK[0m[1;34m
[0m[1;34m	threadid 47459146495744 -> core 11 - OK[0m[1;34m
[0m[1;34m	threadid 47459148596992 -> core 12 - OK[0m[1;34m
[0m[1;34m	threadid 47459150698240 -> core 13 - OK[0m[1;34m
[0m[1;34m	threadid 47459152799488 -> core 14 - OK[0m[1;34m
[0miterations: 200
Total iterations: 48412800 LUP
FLOP: 89
Total work: 4308739200 FLOP
performance: 0.665880 GLUP/s
Performance in GFLOP/s: 59.263289
size: 250000
time: 0.072705
[1;34m[pthread wrapper] 
[0m[1;34m[pthread wrapper] MAIN -> 0
[0m[1;34m[pthread wrapper] PIN_MASK: [0m[1;34m0->1  [0m[1;34m1->2  [0m[1;34m2->3  [0m[1;34m3->4  [0m[1;34m4->10  [0m[1;34m5->11  [0m[1;34m6->12  [0m[1;34m7->13  [0m[1;34m8->14  [0m[1;34m
[pthread wrapper] SKIP MASK: 0x0
[0m[1;34m	threadid 47578527041280 -> core 1 - OK[0m[1;34m
[0m[1;34m	threadid 47578529142528 -> core 2 - OK[0m[1;34m
[0m[1;34m	threadid 47578531243776 -> core 3 - OK[0m[1;34m
[0m[1;34m	threadid 47578533345024 -> core 4 - OK[0m[1;34m
[0m[1;34m	threadid 47578535446272 -> core 10 - OK[0m[1;34m
[0m[1;34m	threadid 47578537547520 -> core 11 - OK[0m[1;34m
[0m[1;34m	threadid 47578539648768 -> core 12 - OK[0m[1;34m
[0m[1;34m	threadid 47578541750016 -> core 13 - OK[0m[1;34m
[0m[1;34m	threadid 47578543851264 -> core 14 - OK[0m[1;34m
[0miterations: 200
Total iterations: 48412800 LUP
FLOP: 89
Total work: 4308739200 FLOP
performance: 0.667423 GLUP/s
Performance in GFLOP/s: 59.400616
size: 250000
time: 0.072537
[1;34m[pthread wrapper] 
[0m[1;34m[pthread wrapper] MAIN -> 0
[0m[1;34m[pthread wrapper] PIN_MASK: [0m[1;34m0->1  [0m[1;34m1->2  [0m[1;34m2->3  [0m[1;34m3->4  [0m[1;34m4->10  [0m[1;34m5->11  [0m[1;34m6->12  [0m[1;34m7->13  [0m[1;34m8->14  [0m[1;34m
[pthread wrapper] SKIP MASK: 0x0
[0m[1;34m	threadid 47506624825088 -> core 1 - OK[0m[1;34m
[0m[1;34m	threadid 47506626926336 -> core 2 - OK[0m[1;34m
[0m[1;34m	threadid 47506629027584 -> core 3 - OK[0m[1;34m
[0m[1;34m	threadid 47506631128832 -> core 4 - OK[0m[1;34m
[0m[1;34m	threadid 47506633230080 -> core 10 - OK[0m[1;34m
[0m[1;34m	threadid 47506635331328 -> core 11 - OK[0m[1;34m
[0m[1;34m	threadid 47506637432576 -> core 12 - OK[0m[1;34m
[0m[1;34m	threadid 47506639533824 -> core 13 - OK[0m[1;34m
[0m[1;34m	threadid 47506641635072 -> core 14 - OK[0m[1;34m
[0miterations: 200
Total iterations: 48412800 LUP
FLOP: 89
Total work: 4308739200 FLOP
performance: 0.667267 GLUP/s
Performance in GFLOP/s: 59.386757
size: 250000
time: 0.072554
[1;34m[pthread wrapper] 
[0m[1;34m[pthread wrapper] MAIN -> 0
[0m[1;34m[pthread wrapper] PIN_MASK: [0m[1;34m0->1  [0m[1;34m1->2  [0m[1;34m2->3  [0m[1;34m3->4  [0m[1;34m4->10  [0m[1;34m5->11  [0m[1;34m6->12  [0m[1;34m7->13  [0m[1;34m8->14  [0m[1;34m
[pthread wrapper] SKIP MASK: 0x0
[0m[1;34m	threadid 47110550914816 -> core 1 - OK[0m[1;34m
[0m[1;34m	threadid 47110553016064 -> core 2 - OK[0m[1;34m
[0m[1;34m	threadid 47110555117312 -> core 3 - OK[0m[1;34m
[0m[1;34m	threadid 47110557218560 -> core 4 - OK[0m[1;34m
[0m[1;34m	threadid 47110559319808 -> core 10 - OK[0m[1;34m
[0m[1;34m	threadid 47110561421056 -> core 11 - OK[0m[1;34m
[0m[1;34m	threadid 47110563522304 -> core 12 - OK[0m[1;34m
[0m[1;34m	threadid 47110565623552 -> core 13 - OK[0m[1;34m
[0m[1;34m	threadid 47110567724800 -> core 14 - OK[0m[1;34m
[0miterations: 200
Total iterations: 48412800 LUP
FLOP: 89
Total work: 4308739200 FLOP
performance: 0.666971 GLUP/s
Performance in GFLOP/s: 59.360423
size: 250000
time: 0.072586
[1;34m[pthread wrapper] 
[0m[1;34m[pthread wrapper] MAIN -> 0
[0m[1;34m[pthread wrapper] PIN_MASK: [0m[1;34m0->1  [0m[1;34m1->2  [0m[1;34m2->3  [0m[1;34m3->4  [0m[1;34m4->10  [0m[1;34m5->11  [0m[1;34m6->12  [0m[1;34m7->13  [0m[1;34m8->14  [0m[1;34m
[pthread wrapper] SKIP MASK: 0x0
[0m[1;34m	threadid 47945283573504 -> core 1 - OK[0m[1;34m
[0m[1;34m	threadid 47945285674752 -> core 2 - OK[0m[1;34m
[0m[1;34m	threadid 47945287776000 -> core 3 - OK[0m[1;34m
[0m[1;34m	threadid 47945289877248 -> core 4 - OK[0m[1;34m
[0m[1;34m	threadid 47945291978496 -> core 10 - OK[0m[1;34m
[0m[1;34m	threadid 47945294079744 -> core 11 - OK[0m[1;34m
[0m[1;34m	threadid 47945296180992 -> core 12 - OK[0m[1;34m
[0m[1;34m	threadid 47945298282240 -> core 13 - OK[0m[1;34m
[0m[1;34m	threadid 47945300383488 -> core 14 - OK[0m[1;34m
[0miterations: 200
Total iterations: 48412800 LUP
FLOP: 89
Total work: 4308739200 FLOP
performance: 0.666459 GLUP/s
Performance in GFLOP/s: 59.314833
size: 250000
time: 0.072642
[1;34m[pthread wrapper] 
[0m[1;34m[pthread wrapper] MAIN -> 0
[0m[1;34m[pthread wrapper] PIN_MASK: [0m[1;34m0->1  [0m[1;34m1->2  [0m[1;34m2->3  [0m[1;34m3->4  [0m[1;34m4->10  [0m[1;34m5->11  [0m[1;34m6->12  [0m[1;34m7->13  [0m[1;34m8->14  [0m[1;34m
[pthread wrapper] SKIP MASK: 0x0
[0m[1;34m	threadid 47817752303360 -> core 1 - OK[0m[1;34m
[0m[1;34m	threadid 47817754404608 -> core 2 - OK[0m[1;34m
[0m[1;34m	threadid 47817756505856 -> core 3 - OK[0m[1;34m
[0m[1;34m	threadid 47817758607104 -> core 4 - OK[0m[1;34m
[0m[1;34m	threadid 47817760708352 -> core 10 - OK[0m[1;34m
[0m[1;34m	threadid 47817762809600 -> core 11 - OK[0m[1;34m
[0m[1;34m	threadid 47817764910848 -> core 12 - OK[0m[1;34m
[0m[1;34m	threadid 47817767012096 -> core 13 - OK[0m[1;34m
[0m[1;34m	threadid 47817769113344 -> core 14 - OK[0m[1;34m
[0miterations: 200
Total iterations: 48412800 LUP
FLOP: 89
Total work: 4308739200 FLOP
performance: 0.666293 GLUP/s
Performance in GFLOP/s: 59.300042
size: 250000
time: 0.072660
