[1;34m[pthread wrapper] 
[0m[1;34m[pthread wrapper] MAIN -> 0
[0m[1;34m[pthread wrapper] PIN_MASK: [0m[1;34m0->1  [0m[1;34m1->2  [0m[1;34m2->3  [0m[1;34m3->4  [0m[1;34m4->10  [0m[1;34m5->11  [0m[1;34m6->12  [0m[1;34m7->13  [0m[1;34m8->14  [0m[1;34m
[pthread wrapper] SKIP MASK: 0x0
[0m[1;34m	threadid 47406524258048 -> core 1 - OK[0m[1;34m
[0m[1;34m	threadid 47406526359296 -> core 2 - OK[0m[1;34m
[0m[1;34m	threadid 47406528460544 -> core 3 - OK[0m[1;34m
[0m[1;34m	threadid 47406530561792 -> core 4 - OK[0m[1;34m
[0m[1;34m	threadid 47406532663040 -> core 10 - OK[0m[1;34m
[0m[1;34m	threadid 47406534764288 -> core 11 - OK[0m[1;34m
[0m[1;34m	threadid 47406536865536 -> core 12 - OK[0m[1;34m
[0m[1;34m	threadid 47406538966784 -> core 13 - OK[0m[1;34m
[0m[1;34m	threadid 47406541068032 -> core 14 - OK[0m[1;34m
[0miterations: 120
Total iterations: 1074247680 LUP
FLOP: 89
Total work: 95608043520 FLOP
performance: 0.736370 GLUP/s
Performance in GFLOP/s: 65.536897
size: 9000000
time: 1.458843
[1;34m[pthread wrapper] 
[0m[1;34m[pthread wrapper] MAIN -> 0
[0m[1;34m[pthread wrapper] PIN_MASK: [0m[1;34m0->1  [0m[1;34m1->2  [0m[1;34m2->3  [0m[1;34m3->4  [0m[1;34m4->10  [0m[1;34m5->11  [0m[1;34m6->12  [0m[1;34m7->13  [0m[1;34m8->14  [0m[1;34m
[pthread wrapper] SKIP MASK: 0x0
[0m[1;34m	threadid 47791241246464 -> core 1 - OK[0m[1;34m
[0m[1;34m	threadid 47791243347712 -> core 2 - OK[0m[1;34m
[0m[1;34m	threadid 47791245448960 -> core 3 - OK[0m[1;34m
[0m[1;34m	threadid 47791247550208 -> core 4 - OK[0m[1;34m
[0m[1;34m	threadid 47791249651456 -> core 10 - OK[0m[1;34m
[0m[1;34m	threadid 47791251752704 -> core 11 - OK[0m[1;34m
[0m[1;34m	threadid 47791253853952 -> core 12 - OK[0m[1;34m
[0m[1;34m	threadid 47791255955200 -> core 13 - OK[0m[1;34m
[0m[1;34m	threadid 47791258056448 -> core 14 - OK[0m[1;34m
[0miterations: 120
Total iterations: 1074247680 LUP
FLOP: 89
Total work: 95608043520 FLOP
performance: 0.735287 GLUP/s
Performance in GFLOP/s: 65.440504
size: 9000000
time: 1.460992
[1;34m[pthread wrapper] 
[0m[1;34m[pthread wrapper] MAIN -> 0
[0m[1;34m[pthread wrapper] PIN_MASK: [0m[1;34m0->1  [0m[1;34m1->2  [0m[1;34m2->3  [0m[1;34m3->4  [0m[1;34m4->10  [0m[1;34m5->11  [0m[1;34m6->12  [0m[1;34m7->13  [0m[1;34m8->14  [0m[1;34m
[pthread wrapper] SKIP MASK: 0x0
[0m[1;34m	threadid 47831444518656 -> core 1 - OK[0m[1;34m
[0m[1;34m	threadid 47831446619904 -> core 2 - OK[0m[1;34m
[0m[1;34m	threadid 47831448721152 -> core 3 - OK[0m[1;34m
[0m[1;34m	threadid 47831450822400 -> core 4 - OK[0m[1;34m
[0m[1;34m	threadid 47831452923648 -> core 10 - OK[0m[1;34m
[0m[1;34m	threadid 47831455024896 -> core 11 - OK[0m[1;34m
[0m[1;34m	threadid 47831457126144 -> core 12 - OK[0m[1;34m
[0m[1;34m	threadid 47831459227392 -> core 13 - OK[0m[1;34m
[0m[1;34m	threadid 47831461328640 -> core 14 - OK[0m[1;34m
[0miterations: 120
Total iterations: 1074247680 LUP
FLOP: 89
Total work: 95608043520 FLOP
performance: 0.735152 GLUP/s
Performance in GFLOP/s: 65.428492
size: 9000000
time: 1.461260
[1;34m[pthread wrapper] 
[0m[1;34m[pthread wrapper] MAIN -> 0
[0m[1;34m[pthread wrapper] PIN_MASK: [0m[1;34m0->1  [0m[1;34m1->2  [0m[1;34m2->3  [0m[1;34m3->4  [0m[1;34m4->10  [0m[1;34m5->11  [0m[1;34m6->12  [0m[1;34m7->13  [0m[1;34m8->14  [0m[1;34m
[pthread wrapper] SKIP MASK: 0x0
[0m[1;34m	threadid 47290713364224 -> core 1 - OK[0m[1;34m
[0m[1;34m	threadid 47290715465472 -> core 2 - OK[0m[1;34m
[0m[1;34m	threadid 47290717566720 -> core 3 - OK[0m[1;34m
[0m[1;34m	threadid 47290719667968 -> core 4 - OK[0m[1;34m
[0m[1;34m	threadid 47290721769216 -> core 10 - OK[0m[1;34m
[0m[1;34m	threadid 47290723870464 -> core 11 - OK[0m[1;34m
[0m[1;34m	threadid 47290725971712 -> core 12 - OK[0m[1;34m
[0m[1;34m	threadid 47290728072960 -> core 13 - OK[0m[1;34m
[0m[1;34m	threadid 47290730174208 -> core 14 - OK[0m[1;34m
[0miterations: 120
Total iterations: 1074247680 LUP
FLOP: 89
Total work: 95608043520 FLOP
performance: 0.732980 GLUP/s
Performance in GFLOP/s: 65.235233
size: 9000000
time: 1.465589
[1;34m[pthread wrapper] 
[0m[1;34m[pthread wrapper] MAIN -> 0
[0m[1;34m[pthread wrapper] PIN_MASK: [0m[1;34m0->1  [0m[1;34m1->2  [0m[1;34m2->3  [0m[1;34m3->4  [0m[1;34m4->10  [0m[1;34m5->11  [0m[1;34m6->12  [0m[1;34m7->13  [0m[1;34m8->14  [0m[1;34m
[pthread wrapper] SKIP MASK: 0x0
[0m[1;34m	threadid 47188592039680 -> core 1 - OK[0m[1;34m
[0m[1;34m	threadid 47188594140928 -> core 2 - OK[0m[1;34m
[0m[1;34m	threadid 47188596242176 -> core 3 - OK[0m[1;34m
[0m[1;34m	threadid 47188598343424 -> core 4 - OK[0m[1;34m
[0m[1;34m	threadid 47188600444672 -> core 10 - OK[0m[1;34m
[0m[1;34m	threadid 47188602545920 -> core 11 - OK[0m[1;34m
[0m[1;34m	threadid 47188604647168 -> core 12 - OK[0m[1;34m
[0m[1;34m	threadid 47188606748416 -> core 13 - OK[0m[1;34m
[0m[1;34m	threadid 47188608849664 -> core 14 - OK[0m[1;34m
[0miterations: 120
Total iterations: 1074247680 LUP
FLOP: 89
Total work: 95608043520 FLOP
performance: 0.732907 GLUP/s
Performance in GFLOP/s: 65.228697
size: 9000000
time: 1.465736
[1;34m[pthread wrapper] 
[0m[1;34m[pthread wrapper] MAIN -> 0
[0m[1;34m[pthread wrapper] PIN_MASK: [0m[1;34m0->1  [0m[1;34m1->2  [0m[1;34m2->3  [0m[1;34m3->4  [0m[1;34m4->10  [0m[1;34m5->11  [0m[1;34m6->12  [0m[1;34m7->13  [0m[1;34m8->14  [0m[1;34m
[pthread wrapper] SKIP MASK: 0x0
[0m[1;34m	threadid 46965896136448 -> core 1 - OK[0m[1;34m
[0m[1;34m	threadid 46965898237696 -> core 2 - OK[0m[1;34m
[0m[1;34m	threadid 46965900338944 -> core 3 - OK[0m[1;34m
[0m[1;34m	threadid 46965902440192 -> core 4 - OK[0m[1;34m
[0m[1;34m	threadid 46965904541440 -> core 10 - OK[0m[1;34m
[0m[1;34m	threadid 46965906642688 -> core 11 - OK[0m[1;34m
[0m[1;34m	threadid 46965908743936 -> core 12 - OK[0m[1;34m
[0m[1;34m	threadid 46965910845184 -> core 13 - OK[0m[1;34m
[0m[1;34m	threadid 46965912946432 -> core 14 - OK[0m[1;34m
[0miterations: 120
Total iterations: 1074247680 LUP
FLOP: 89
Total work: 95608043520 FLOP
performance: 0.733783 GLUP/s
Performance in GFLOP/s: 65.306658
size: 9000000
time: 1.463986
[1;34m[pthread wrapper] 
[0m[1;34m[pthread wrapper] MAIN -> 0
[0m[1;34m[pthread wrapper] PIN_MASK: [0m[1;34m0->1  [0m[1;34m1->2  [0m[1;34m2->3  [0m[1;34m3->4  [0m[1;34m4->10  [0m[1;34m5->11  [0m[1;34m6->12  [0m[1;34m7->13  [0m[1;34m8->14  [0m[1;34m
[pthread wrapper] SKIP MASK: 0x0
[0m[1;34m	threadid 47986998175488 -> core 1 - OK[0m[1;34m
[0m[1;34m	threadid 47987000276736 -> core 2 - OK[0m[1;34m
[0m[1;34m	threadid 47987002377984 -> core 3 - OK[0m[1;34m
[0m[1;34m	threadid 47987004479232 -> core 4 - OK[0m[1;34m
[0m[1;34m	threadid 47987006580480 -> core 10 - OK[0m[1;34m
[0m[1;34m	threadid 47987008681728 -> core 11 - OK[0m[1;34m
[0m[1;34m	threadid 47987010782976 -> core 12 - OK[0m[1;34m
[0m[1;34m	threadid 47987012884224 -> core 13 - OK[0m[1;34m
[0m[1;34m	threadid 47987014985472 -> core 14 - OK[0m[1;34m
[0miterations: 120
Total iterations: 1074247680 LUP
FLOP: 89
Total work: 95608043520 FLOP
performance: 0.735782 GLUP/s
Performance in GFLOP/s: 65.484607
size: 9000000
time: 1.460008
[1;34m[pthread wrapper] 
[0m[1;34m[pthread wrapper] MAIN -> 0
[0m[1;34m[pthread wrapper] PIN_MASK: [0m[1;34m0->1  [0m[1;34m1->2  [0m[1;34m2->3  [0m[1;34m3->4  [0m[1;34m4->10  [0m[1;34m5->11  [0m[1;34m6->12  [0m[1;34m7->13  [0m[1;34m8->14  [0m[1;34m
[pthread wrapper] SKIP MASK: 0x0
[0m[1;34m	threadid 47952527668992 -> core 1 - OK[0m[1;34m
[0m[1;34m	threadid 47952529770240 -> core 2 - OK[0m[1;34m
[0m[1;34m	threadid 47952531871488 -> core 3 - OK[0m[1;34m
[0m[1;34m	threadid 47952533972736 -> core 4 - OK[0m[1;34m
[0m[1;34m	threadid 47952536073984 -> core 10 - OK[0m[1;34m
[0m[1;34m	threadid 47952538175232 -> core 11 - OK[0m[1;34m
[0m[1;34m	threadid 47952540276480 -> core 12 - OK[0m[1;34m
[0m[1;34m	threadid 47952542377728 -> core 13 - OK[0m[1;34m
[0m[1;34m	threadid 47952544478976 -> core 14 - OK[0m[1;34m
[0miterations: 120
Total iterations: 1074247680 LUP
FLOP: 89
Total work: 95608043520 FLOP
performance: 0.732560 GLUP/s
Performance in GFLOP/s: 65.197868
size: 9000000
time: 1.466429
[1;34m[pthread wrapper] 
[0m[1;34m[pthread wrapper] MAIN -> 0
[0m[1;34m[pthread wrapper] PIN_MASK: [0m[1;34m0->1  [0m[1;34m1->2  [0m[1;34m2->3  [0m[1;34m3->4  [0m[1;34m4->10  [0m[1;34m5->11  [0m[1;34m6->12  [0m[1;34m7->13  [0m[1;34m8->14  [0m[1;34m
[pthread wrapper] SKIP MASK: 0x0
[0m[1;34m	threadid 47488775927552 -> core 1 - OK[0m[1;34m
[0m[1;34m	threadid 47488778028800 -> core 2 - OK[0m[1;34m
[0m[1;34m	threadid 47488780130048 -> core 3 - OK[0m[1;34m
[0m[1;34m	threadid 47488782231296 -> core 4 - OK[0m[1;34m
[0m[1;34m	threadid 47488784332544 -> core 10 - OK[0m[1;34m
[0m[1;34m	threadid 47488786433792 -> core 11 - OK[0m[1;34m
[0m[1;34m	threadid 47488788535040 -> core 12 - OK[0m[1;34m
[0m[1;34m	threadid 47488790636288 -> core 13 - OK[0m[1;34m
[0m[1;34m	threadid 47488792737536 -> core 14 - OK[0m[1;34m
[0miterations: 120
Total iterations: 1074247680 LUP
FLOP: 89
Total work: 95608043520 FLOP
performance: 0.734129 GLUP/s
Performance in GFLOP/s: 65.337463
size: 9000000
time: 1.463296
[1;34m[pthread wrapper] 
[0m[1;34m[pthread wrapper] MAIN -> 0
[0m[1;34m[pthread wrapper] PIN_MASK: [0m[1;34m0->1  [0m[1;34m1->2  [0m[1;34m2->3  [0m[1;34m3->4  [0m[1;34m4->10  [0m[1;34m5->11  [0m[1;34m6->12  [0m[1;34m7->13  [0m[1;34m8->14  [0m[1;34m
[pthread wrapper] SKIP MASK: 0x0
[0m[1;34m	threadid 47497044653824 -> core 1 - OK[0m[1;34m
[0m[1;34m	threadid 47497046755072 -> core 2 - OK[0m[1;34m
[0m[1;34m	threadid 47497048856320 -> core 3 - OK[0m[1;34m
[0m[1;34m	threadid 47497050957568 -> core 4 - OK[0m[1;34m
[0m[1;34m	threadid 47497053058816 -> core 10 - OK[0m[1;34m
[0m[1;34m	threadid 47497055160064 -> core 11 - OK[0m[1;34m
[0m[1;34m	threadid 47497057261312 -> core 12 - OK[0m[1;34m
[0m[1;34m	threadid 47497059362560 -> core 13 - OK[0m[1;34m
[0m[1;34m	threadid 47497061463808 -> core 14 - OK[0m[1;34m
[0miterations: 120
Total iterations: 1074247680 LUP
FLOP: 89
Total work: 95608043520 FLOP
performance: 0.734917 GLUP/s
Performance in GFLOP/s: 65.407586
size: 9000000
time: 1.461727
