iterations: 200
Total iterations: 48412800 LUP
FLOP: 89
Total work: 4308739200 FLOP
performance: 0.074207 GLUP/s
Performance in GFLOP/s: 6.604444
size: 250000
time: 0.652400
[1;34m[likwid-pin] Main PID -> core 0 - OK[0m
iterations: 200
Total iterations: 48412800 LUP
FLOP: 89
Total work: 4308739200 FLOP
performance: 0.074391 GLUP/s
Performance in GFLOP/s: 6.620783
size: 250000
time: 0.650790
[1;34m[likwid-pin] Main PID -> core 0 - OK[0m
iterations: 200
Total iterations: 48412800 LUP
FLOP: 89
Total work: 4308739200 FLOP
performance: 0.074286 GLUP/s
Performance in GFLOP/s: 6.611487
size: 250000
time: 0.651705
[1;34m[likwid-pin] Main PID -> core 0 - OK[0m
iterations: 200
Total iterations: 48412800 LUP
FLOP: 89
Total work: 4308739200 FLOP
performance: 0.074141 GLUP/s
Performance in GFLOP/s: 6.598579
size: 250000
time: 0.652980
[1;34m[likwid-pin] Main PID -> core 0 - OK[0m
iterations: 200
Total iterations: 48412800 LUP
FLOP: 89
Total work: 4308739200 FLOP
performance: 0.074412 GLUP/s
Performance in GFLOP/s: 6.622675
size: 250000
time: 0.650604
[1;34m[likwid-pin] Main PID -> core 0 - OK[0m
iterations: 200
Total iterations: 48412800 LUP
FLOP: 89
Total work: 4308739200 FLOP
performance: 0.074115 GLUP/s
Performance in GFLOP/s: 6.596255
size: 250000
time: 0.653210
[1;34m[likwid-pin] Main PID -> core 0 - OK[0m
iterations: 200
Total iterations: 48412800 LUP
FLOP: 89
Total work: 4308739200 FLOP
performance: 0.074178 GLUP/s
Performance in GFLOP/s: 6.601802
size: 250000
time: 0.652661
[1;34m[likwid-pin] Main PID -> core 0 - OK[0m
iterations: 200
Total iterations: 48412800 LUP
FLOP: 89
Total work: 4308739200 FLOP
performance: 0.074224 GLUP/s
Performance in GFLOP/s: 6.605924
size: 250000
time: 0.652254
[1;34m[likwid-pin] Main PID -> core 0 - OK[0m
iterations: 200
Total iterations: 48412800 LUP
FLOP: 89
Total work: 4308739200 FLOP
performance: 0.074218 GLUP/s
Performance in GFLOP/s: 6.605376
size: 250000
time: 0.652308
[1;34m[likwid-pin] Main PID -> core 0 - OK[0m
iterations: 200
Total iterations: 48412800 LUP
FLOP: 89
Total work: 4308739200 FLOP
performance: 0.074334 GLUP/s
Performance in GFLOP/s: 6.615722
size: 250000
time: 0.651288
[1;34m[likwid-pin] Main PID -> core 0 - OK[0m
