iterations: 200
Total iterations: 1790412800 LUP
FLOP: 89
Total work: 159346739200 FLOP
performance: 0.149566 GLUP/s
Performance in GFLOP/s: 13.311331
size: 9000000
time: 11.970759
iterations: 200
Total iterations: 1790412800 LUP
FLOP: 89
Total work: 159346739200 FLOP
performance: 0.150564 GLUP/s
Performance in GFLOP/s: 13.400199
size: 9000000
time: 11.891371
iterations: 200
Total iterations: 1790412800 LUP
FLOP: 89
Total work: 159346739200 FLOP
performance: 0.150553 GLUP/s
Performance in GFLOP/s: 13.399198
size: 9000000
time: 11.892260
iterations: 200
Total iterations: 1790412800 LUP
FLOP: 89
Total work: 159346739200 FLOP
performance: 0.150565 GLUP/s
Performance in GFLOP/s: 13.400243
size: 9000000
time: 11.891332
iterations: 200
Total iterations: 1790412800 LUP
FLOP: 89
Total work: 159346739200 FLOP
performance: 0.150202 GLUP/s
Performance in GFLOP/s: 13.367941
size: 9000000
time: 11.920066
iterations: 200
Total iterations: 1790412800 LUP
FLOP: 89
Total work: 159346739200 FLOP
performance: 0.150562 GLUP/s
Performance in GFLOP/s: 13.399995
size: 9000000
time: 11.891552
iterations: 200
Total iterations: 1790412800 LUP
FLOP: 89
Total work: 159346739200 FLOP
performance: 0.150344 GLUP/s
Performance in GFLOP/s: 13.380611
size: 9000000
time: 11.908779
iterations: 200
Total iterations: 1790412800 LUP
FLOP: 89
Total work: 159346739200 FLOP
performance: 0.150681 GLUP/s
Performance in GFLOP/s: 13.410621
size: 9000000
time: 11.882130
iterations: 200
Total iterations: 1790412800 LUP
FLOP: 89
Total work: 159346739200 FLOP
performance: 0.150492 GLUP/s
Performance in GFLOP/s: 13.393747
size: 9000000
time: 11.897099
iterations: 200
Total iterations: 1790412800 LUP
FLOP: 89
Total work: 159346739200 FLOP
performance: 0.150518 GLUP/s
Performance in GFLOP/s: 13.396065
size: 9000000
time: 11.895041
