iterations: 120
Total iterations: 1074247680 LUP
FLOP: 89
Total work: 95608043520 FLOP
performance: 0.076004 GLUP/s
Performance in GFLOP/s: 6.764366
size: 9000000
time: 14.134074
iterations: 120
Total iterations: 1074247680 LUP
FLOP: 89
Total work: 95608043520 FLOP
performance: 0.075854 GLUP/s
Performance in GFLOP/s: 6.751012
size: 9000000
time: 14.162032
iterations: 120
Total iterations: 1074247680 LUP
FLOP: 89
Total work: 95608043520 FLOP
performance: 0.075900 GLUP/s
Performance in GFLOP/s: 6.755142
size: 9000000
time: 14.153373
iterations: 120
Total iterations: 1074247680 LUP
FLOP: 89
Total work: 95608043520 FLOP
performance: 0.075980 GLUP/s
Performance in GFLOP/s: 6.762253
size: 9000000
time: 14.138490
iterations: 120
Total iterations: 1074247680 LUP
FLOP: 89
Total work: 95608043520 FLOP
performance: 0.075971 GLUP/s
Performance in GFLOP/s: 6.761437
size: 9000000
time: 14.140196
iterations: 120
Total iterations: 1074247680 LUP
FLOP: 89
Total work: 95608043520 FLOP
performance: 0.075971 GLUP/s
Performance in GFLOP/s: 6.761387
size: 9000000
time: 14.140301
iterations: 120
Total iterations: 1074247680 LUP
FLOP: 89
Total work: 95608043520 FLOP
performance: 0.076023 GLUP/s
Performance in GFLOP/s: 6.766050
size: 9000000
time: 14.130556
iterations: 120
Total iterations: 1074247680 LUP
FLOP: 89
Total work: 95608043520 FLOP
performance: 0.076062 GLUP/s
Performance in GFLOP/s: 6.769547
size: 9000000
time: 14.123256
iterations: 120
Total iterations: 1074247680 LUP
FLOP: 89
Total work: 95608043520 FLOP
performance: 0.075821 GLUP/s
Performance in GFLOP/s: 6.748039
size: 9000000
time: 14.168271
iterations: 120
Total iterations: 1074247680 LUP
FLOP: 89
Total work: 95608043520 FLOP
performance: 0.075945 GLUP/s
Performance in GFLOP/s: 6.759125
size: 9000000
time: 14.145033
