iterations: 200
Total iterations: 48412800 LUP
FLOP: 89
Total work: 4308739200 FLOP
performance: 0.280370 GLUP/s
Performance in GFLOP/s: 24.952899
size: 250000
time: 0.172675
iterations: 200
Total iterations: 48412800 LUP
FLOP: 89
Total work: 4308739200 FLOP
performance: 0.280282 GLUP/s
Performance in GFLOP/s: 24.945081
size: 250000
time: 0.172729
iterations: 200
Total iterations: 48412800 LUP
FLOP: 89
Total work: 4308739200 FLOP
performance: 0.280582 GLUP/s
Performance in GFLOP/s: 24.971828
size: 250000
time: 0.172544
iterations: 200
Total iterations: 48412800 LUP
FLOP: 89
Total work: 4308739200 FLOP
performance: 0.281032 GLUP/s
Performance in GFLOP/s: 25.011850
size: 250000
time: 0.172268
iterations: 200
Total iterations: 48412800 LUP
FLOP: 89
Total work: 4308739200 FLOP
performance: 0.280887 GLUP/s
Performance in GFLOP/s: 24.998910
size: 250000
time: 0.172357
iterations: 200
Total iterations: 48412800 LUP
FLOP: 89
Total work: 4308739200 FLOP
performance: 0.280916 GLUP/s
Performance in GFLOP/s: 25.001538
size: 250000
time: 0.172339
iterations: 200
Total iterations: 48412800 LUP
FLOP: 89
Total work: 4308739200 FLOP
performance: 0.280525 GLUP/s
Performance in GFLOP/s: 24.966757
size: 250000
time: 0.172579
iterations: 200
Total iterations: 48412800 LUP
FLOP: 89
Total work: 4308739200 FLOP
performance: 0.281079 GLUP/s
Performance in GFLOP/s: 25.016074
size: 250000
time: 0.172239
iterations: 200
Total iterations: 48412800 LUP
FLOP: 89
Total work: 4308739200 FLOP
performance: 0.280776 GLUP/s
Performance in GFLOP/s: 24.989093
size: 250000
time: 0.172425
iterations: 200
Total iterations: 48412800 LUP
FLOP: 89
Total work: 4308739200 FLOP
performance: 0.280999 GLUP/s
Performance in GFLOP/s: 25.008942
size: 250000
time: 0.172288
