iterations: 120
Total iterations: 1074247680 LUP
FLOP: 89
Total work: 95608043520 FLOP
performance: 0.075927 GLUP/s
Performance in GFLOP/s: 6.757467
size: 9000000
time: 14.148503
[1;34m[likwid-pin] Main PID -> core 0 - OK[0m
iterations: 120
Total iterations: 1074247680 LUP
FLOP: 89
Total work: 95608043520 FLOP
performance: 0.076018 GLUP/s
Performance in GFLOP/s: 6.765634
size: 9000000
time: 14.131425
[1;34m[likwid-pin] Main PID -> core 0 - OK[0m
iterations: 120
Total iterations: 1074247680 LUP
FLOP: 89
Total work: 95608043520 FLOP
performance: 0.075872 GLUP/s
Performance in GFLOP/s: 6.752596
size: 9000000
time: 14.158709
[1;34m[likwid-pin] Main PID -> core 0 - OK[0m
iterations: 120
Total iterations: 1074247680 LUP
FLOP: 89
Total work: 95608043520 FLOP
performance: 0.075811 GLUP/s
Performance in GFLOP/s: 6.747143
size: 9000000
time: 14.170153
[1;34m[likwid-pin] Main PID -> core 0 - OK[0m
iterations: 120
Total iterations: 1074247680 LUP
FLOP: 89
Total work: 95608043520 FLOP
performance: 0.076040 GLUP/s
Performance in GFLOP/s: 6.767596
size: 9000000
time: 14.127328
[1;34m[likwid-pin] Main PID -> core 0 - OK[0m
iterations: 120
Total iterations: 1074247680 LUP
FLOP: 89
Total work: 95608043520 FLOP
performance: 0.075886 GLUP/s
Performance in GFLOP/s: 6.753815
size: 9000000
time: 14.156153
[1;34m[likwid-pin] Main PID -> core 0 - OK[0m
iterations: 120
Total iterations: 1074247680 LUP
FLOP: 89
Total work: 95608043520 FLOP
performance: 0.075882 GLUP/s
Performance in GFLOP/s: 6.753531
size: 9000000
time: 14.156750
[1;34m[likwid-pin] Main PID -> core 0 - OK[0m
iterations: 120
Total iterations: 1074247680 LUP
FLOP: 89
Total work: 95608043520 FLOP
performance: 0.075848 GLUP/s
Performance in GFLOP/s: 6.750503
size: 9000000
time: 14.163099
[1;34m[likwid-pin] Main PID -> core 0 - OK[0m
iterations: 120
Total iterations: 1074247680 LUP
FLOP: 89
Total work: 95608043520 FLOP
performance: 0.075850 GLUP/s
Performance in GFLOP/s: 6.750606
size: 9000000
time: 14.162882
[1;34m[likwid-pin] Main PID -> core 0 - OK[0m
iterations: 120
Total iterations: 1074247680 LUP
FLOP: 89
Total work: 95608043520 FLOP
performance: 0.076048 GLUP/s
Performance in GFLOP/s: 6.768287
size: 9000000
time: 14.125885
[1;34m[likwid-pin] Main PID -> core 0 - OK[0m
