[1;34m[pthread wrapper] 
[0m[1;34m[pthread wrapper] MAIN -> 0
[0m[1;34m[pthread wrapper] PIN_MASK: [0m[1;34m0->1  [0m[1;34m1->2  [0m[1;34m2->10  [0m[1;34m3->11  [0m[1;34m4->12  [0m[1;34m
[pthread wrapper] SKIP MASK: 0x0
[0m[1;34m	threadid 47538690762496 -> core 1 - OK[0m[1;34m
[0m[1;34m	threadid 47538692863744 -> core 2 - OK[0m[1;34m
[0m[1;34m	threadid 47538694964992 -> core 10 - OK[0m[1;34m
[0m[1;34m	threadid 47538697066240 -> core 11 - OK[0m[1;34m
[0m[1;34m	threadid 47538699167488 -> core 12 - OK[0m[1;34m
[0miterations: 120
Total iterations: 1074247680 LUP
FLOP: 89
Total work: 95608043520 FLOP
performance: 0.447214 GLUP/s
Performance in GFLOP/s: 39.802074
size: 9000000
time: 2.402087
[1;34m[pthread wrapper] 
[0m[1;34m[pthread wrapper] MAIN -> 0
[0m[1;34m[pthread wrapper] PIN_MASK: [0m[1;34m0->1  [0m[1;34m1->2  [0m[1;34m2->10  [0m[1;34m3->11  [0m[1;34m4->12  [0m[1;34m
[pthread wrapper] SKIP MASK: 0x0
[0m[1;34m	threadid 47883641112320 -> core 1 - OK[0m[1;34m
[0m[1;34m	threadid 47883643213568 -> core 2 - OK[0m[1;34m
[0m[1;34m	threadid 47883645314816 -> core 10 - OK[0m[1;34m
[0m[1;34m	threadid 47883647416064 -> core 11 - OK[0m[1;34m
[0m[1;34m	threadid 47883649517312 -> core 12 - OK[0m[1;34m
[0miterations: 120
Total iterations: 1074247680 LUP
FLOP: 89
Total work: 95608043520 FLOP
performance: 0.446247 GLUP/s
Performance in GFLOP/s: 39.716000
size: 9000000
time: 2.407293
[1;34m[pthread wrapper] 
[0m[1;34m[pthread wrapper] MAIN -> 0
[0m[1;34m[pthread wrapper] PIN_MASK: [0m[1;34m0->1  [0m[1;34m1->2  [0m[1;34m2->10  [0m[1;34m3->11  [0m[1;34m4->12  [0m[1;34m
[pthread wrapper] SKIP MASK: 0x0
[0m[1;34m	threadid 47143429330688 -> core 1 - OK[0m[1;34m
[0m[1;34m	threadid 47143431431936 -> core 2 - OK[0m[1;34m
[0m[1;34m	threadid 47143433533184 -> core 10 - OK[0m[1;34m
[0m[1;34m	threadid 47143435634432 -> core 11 - OK[0m[1;34m
[0m[1;34m	threadid 47143437735680 -> core 12 - OK[0m[1;34m
[0miterations: 120
Total iterations: 1074247680 LUP
FLOP: 89
Total work: 95608043520 FLOP
performance: 0.447922 GLUP/s
Performance in GFLOP/s: 39.865039
size: 9000000
time: 2.398293
[1;34m[pthread wrapper] 
[0m[1;34m[pthread wrapper] MAIN -> 0
[0m[1;34m[pthread wrapper] PIN_MASK: [0m[1;34m0->1  [0m[1;34m1->2  [0m[1;34m2->10  [0m[1;34m3->11  [0m[1;34m4->12  [0m[1;34m
[pthread wrapper] SKIP MASK: 0x0
[0m[1;34m	threadid 47707167180544 -> core 1 - OK[0m[1;34m
[0m[1;34m	threadid 47707169281792 -> core 2 - OK[0m[1;34m
[0m[1;34m	threadid 47707171383040 -> core 10 - OK[0m[1;34m
[0m[1;34m	threadid 47707173484288 -> core 11 - OK[0m[1;34m
[0m[1;34m	threadid 47707175585536 -> core 12 - OK[0m[1;34m
[0miterations: 120
Total iterations: 1074247680 LUP
FLOP: 89
Total work: 95608043520 FLOP
performance: 0.446738 GLUP/s
Performance in GFLOP/s: 39.759682
size: 9000000
time: 2.404648
[1;34m[pthread wrapper] 
[0m[1;34m[pthread wrapper] MAIN -> 0
[0m[1;34m[pthread wrapper] PIN_MASK: [0m[1;34m0->1  [0m[1;34m1->2  [0m[1;34m2->10  [0m[1;34m3->11  [0m[1;34m4->12  [0m[1;34m
[pthread wrapper] SKIP MASK: 0x0
[0m[1;34m	threadid 47211511338752 -> core 1 - OK[0m[1;34m
[0m[1;34m	threadid 47211513440000 -> core 2 - OK[0m[1;34m
[0m[1;34m	threadid 47211515541248 -> core 10 - OK[0m[1;34m
[0m[1;34m	threadid 47211517642496 -> core 11 - OK[0m[1;34m
[0m[1;34m	threadid 47211519743744 -> core 12 - OK[0m[1;34m
[0miterations: 120
Total iterations: 1074247680 LUP
FLOP: 89
Total work: 95608043520 FLOP
performance: 0.445959 GLUP/s
Performance in GFLOP/s: 39.690359
size: 9000000
time: 2.408848
[1;34m[pthread wrapper] 
[0m[1;34m[pthread wrapper] MAIN -> 0
[0m[1;34m[pthread wrapper] PIN_MASK: [0m[1;34m0->1  [0m[1;34m1->2  [0m[1;34m2->10  [0m[1;34m3->11  [0m[1;34m4->12  [0m[1;34m
[pthread wrapper] SKIP MASK: 0x0
[0m[1;34m	threadid 47454746232576 -> core 1 - OK[0m[1;34m
[0m[1;34m	threadid 47454748333824 -> core 2 - OK[0m[1;34m
[0m[1;34m	threadid 47454750435072 -> core 10 - OK[0m[1;34m
[0m[1;34m	threadid 47454752536320 -> core 11 - OK[0m[1;34m
[0m[1;34m	threadid 47454754637568 -> core 12 - OK[0m[1;34m
[0miterations: 120
Total iterations: 1074247680 LUP
FLOP: 89
Total work: 95608043520 FLOP
performance: 0.446930 GLUP/s
Performance in GFLOP/s: 39.776771
size: 9000000
time: 2.403615
[1;34m[pthread wrapper] 
[0m[1;34m[pthread wrapper] MAIN -> 0
[0m[1;34m[pthread wrapper] PIN_MASK: [0m[1;34m0->1  [0m[1;34m1->2  [0m[1;34m2->10  [0m[1;34m3->11  [0m[1;34m4->12  [0m[1;34m
[pthread wrapper] SKIP MASK: 0x0
[0m[1;34m	threadid 47304967964416 -> core 1 - OK[0m[1;34m
[0m[1;34m	threadid 47304970065664 -> core 2 - OK[0m[1;34m
[0m[1;34m	threadid 47304972166912 -> core 10 - OK[0m[1;34m
[0m[1;34m	threadid 47304974268160 -> core 11 - OK[0m[1;34m
[0m[1;34m	threadid 47304976369408 -> core 12 - OK[0m[1;34m
[0miterations: 120
Total iterations: 1074247680 LUP
FLOP: 89
Total work: 95608043520 FLOP
performance: 0.446977 GLUP/s
Performance in GFLOP/s: 39.780926
size: 9000000
time: 2.403364
[1;34m[pthread wrapper] 
[0m[1;34m[pthread wrapper] MAIN -> 0
[0m[1;34m[pthread wrapper] PIN_MASK: [0m[1;34m0->1  [0m[1;34m1->2  [0m[1;34m2->10  [0m[1;34m3->11  [0m[1;34m4->12  [0m[1;34m
[pthread wrapper] SKIP MASK: 0x0
[0m[1;34m	threadid 47083322779392 -> core 1 - OK[0m[1;34m
[0m[1;34m	threadid 47083324880640 -> core 2 - OK[0m[1;34m
[0m[1;34m	threadid 47083326981888 -> core 10 - OK[0m[1;34m
[0m[1;34m	threadid 47083329083136 -> core 11 - OK[0m[1;34m
[0m[1;34m	threadid 47083331184384 -> core 12 - OK[0m[1;34m
[0miterations: 120
Total iterations: 1074247680 LUP
FLOP: 89
Total work: 95608043520 FLOP
performance: 0.447030 GLUP/s
Performance in GFLOP/s: 39.785674
size: 9000000
time: 2.403077
[1;34m[pthread wrapper] 
[0m[1;34m[pthread wrapper] MAIN -> 0
[0m[1;34m[pthread wrapper] PIN_MASK: [0m[1;34m0->1  [0m[1;34m1->2  [0m[1;34m2->10  [0m[1;34m3->11  [0m[1;34m4->12  [0m[1;34m
[pthread wrapper] SKIP MASK: 0x0
[0m[1;34m	threadid 47911870265088 -> core 1 - OK[0m[1;34m
[0m[1;34m	threadid 47911872366336 -> core 2 - OK[0m[1;34m
[0m[1;34m	threadid 47911874467584 -> core 10 - OK[0m[1;34m
[0m[1;34m	threadid 47911876568832 -> core 11 - OK[0m[1;34m
[0m[1;34m	threadid 47911878670080 -> core 12 - OK[0m[1;34m
[0miterations: 120
Total iterations: 1074247680 LUP
FLOP: 89
Total work: 95608043520 FLOP
performance: 0.447897 GLUP/s
Performance in GFLOP/s: 39.862875
size: 9000000
time: 2.398423
[1;34m[pthread wrapper] 
[0m[1;34m[pthread wrapper] MAIN -> 0
[0m[1;34m[pthread wrapper] PIN_MASK: [0m[1;34m0->1  [0m[1;34m1->2  [0m[1;34m2->10  [0m[1;34m3->11  [0m[1;34m4->12  [0m[1;34m
[pthread wrapper] SKIP MASK: 0x0
[0m[1;34m	threadid 47708161771264 -> core 1 - OK[0m[1;34m
[0m[1;34m	threadid 47708163872512 -> core 2 - OK[0m[1;34m
[0m[1;34m	threadid 47708165973760 -> core 10 - OK[0m[1;34m
[0m[1;34m	threadid 47708168075008 -> core 11 - OK[0m[1;34m
[0m[1;34m	threadid 47708170176256 -> core 12 - OK[0m[1;34m
[0miterations: 120
Total iterations: 1074247680 LUP
FLOP: 89
Total work: 95608043520 FLOP
performance: 0.448335 GLUP/s
Performance in GFLOP/s: 39.901774
size: 9000000
time: 2.396085
