iterations: 200
Total iterations: 48412800 LUP
FLOP: 89
Total work: 4308739200 FLOP
performance: 1.018662 GLUP/s
Performance in GFLOP/s: 90.660898
size: 250000
time: 0.047526
iterations: 200
Total iterations: 48412800 LUP
FLOP: 89
Total work: 4308739200 FLOP
performance: 1.020336 GLUP/s
Performance in GFLOP/s: 90.809865
size: 250000
time: 0.047448
iterations: 200
Total iterations: 48412800 LUP
FLOP: 89
Total work: 4308739200 FLOP
performance: 1.018468 GLUP/s
Performance in GFLOP/s: 90.643618
size: 250000
time: 0.047535
iterations: 200
Total iterations: 48412800 LUP
FLOP: 89
Total work: 4308739200 FLOP
performance: 1.019516 GLUP/s
Performance in GFLOP/s: 90.736915
size: 250000
time: 0.047486
iterations: 200
Total iterations: 48412800 LUP
FLOP: 89
Total work: 4308739200 FLOP
performance: 1.017676 GLUP/s
Performance in GFLOP/s: 90.573204
size: 250000
time: 0.047572
iterations: 200
Total iterations: 48412800 LUP
FLOP: 89
Total work: 4308739200 FLOP
performance: 1.019071 GLUP/s
Performance in GFLOP/s: 90.697297
size: 250000
time: 0.047507
iterations: 200
Total iterations: 48412800 LUP
FLOP: 89
Total work: 4308739200 FLOP
performance: 1.019992 GLUP/s
Performance in GFLOP/s: 90.779303
size: 250000
time: 0.047464
iterations: 200
Total iterations: 48412800 LUP
FLOP: 89
Total work: 4308739200 FLOP
performance: 1.018682 GLUP/s
Performance in GFLOP/s: 90.662717
size: 250000
time: 0.047525
iterations: 200
Total iterations: 48412800 LUP
FLOP: 89
Total work: 4308739200 FLOP
performance: 1.018360 GLUP/s
Performance in GFLOP/s: 90.634072
size: 250000
time: 0.047540
iterations: 200
Total iterations: 48412800 LUP
FLOP: 89
Total work: 4308739200 FLOP
performance: 1.020961 GLUP/s
Performance in GFLOP/s: 90.865569
size: 250000
time: 0.047419
