iterations: 120
Total iterations: 1074247680 LUP
FLOP: 89
Total work: 95608043520 FLOP
performance: 0.075890 GLUP/s
Performance in GFLOP/s: 6.754249
size: 9000000
time: 14.155244
iterations: 120
Total iterations: 1074247680 LUP
FLOP: 89
Total work: 95608043520 FLOP
performance: 0.076006 GLUP/s
Performance in GFLOP/s: 6.764521
size: 9000000
time: 14.133749
iterations: 120
Total iterations: 1074247680 LUP
FLOP: 89
Total work: 95608043520 FLOP
performance: 0.075867 GLUP/s
Performance in GFLOP/s: 6.752164
size: 9000000
time: 14.159615
iterations: 120
Total iterations: 1074247680 LUP
FLOP: 89
Total work: 95608043520 FLOP
performance: 0.075959 GLUP/s
Performance in GFLOP/s: 6.760323
size: 9000000
time: 14.142526
iterations: 120
Total iterations: 1074247680 LUP
FLOP: 89
Total work: 95608043520 FLOP
performance: 0.075920 GLUP/s
Performance in GFLOP/s: 6.756862
size: 9000000
time: 14.149769
iterations: 120
Total iterations: 1074247680 LUP
FLOP: 89
Total work: 95608043520 FLOP
performance: 0.075954 GLUP/s
Performance in GFLOP/s: 6.759938
size: 9000000
time: 14.143332
iterations: 120
Total iterations: 1074247680 LUP
FLOP: 89
Total work: 95608043520 FLOP
performance: 0.075707 GLUP/s
Performance in GFLOP/s: 6.737947
size: 9000000
time: 14.189492
iterations: 120
Total iterations: 1074247680 LUP
FLOP: 89
Total work: 95608043520 FLOP
performance: 0.075976 GLUP/s
Performance in GFLOP/s: 6.761897
size: 9000000
time: 14.139234
iterations: 120
Total iterations: 1074247680 LUP
FLOP: 89
Total work: 95608043520 FLOP
performance: 0.076015 GLUP/s
Performance in GFLOP/s: 6.765372
size: 9000000
time: 14.131971
iterations: 120
Total iterations: 1074247680 LUP
FLOP: 89
Total work: 95608043520 FLOP
performance: 0.075978 GLUP/s
Performance in GFLOP/s: 6.762067
size: 9000000
time: 14.138878
