[1;34m[pthread wrapper] 
[0m[1;34m[pthread wrapper] MAIN -> 0
[0m[1;34m[pthread wrapper] PIN_MASK: [0m[1;34m0->1  [0m[1;34m1->2  [0m[1;34m2->3  [0m[1;34m3->4  [0m[1;34m4->5  [0m[1;34m5->6  [0m[1;34m6->7  [0m[1;34m
[pthread wrapper] SKIP MASK: 0x0
[0m[1;34m	threadid 47400266675968 -> core 1 - OK[0m[1;34m
[0m[1;34m	threadid 47400268777216 -> core 2 - OK[0m[1;34m
[0m[1;34m	threadid 47400270878464 -> core 3 - OK[0m[1;34m
[0m[1;34m	threadid 47400272979712 -> core 4 - OK[0m[1;34m
[0m[1;34m	threadid 47400275080960 -> core 5 - OK[0m[1;34m
[0m[1;34m	threadid 47400277182208 -> core 6 - OK[0m[1;34m
[0m[1;34m	threadid 47400279283456 -> core 7 - OK[0m[1;34m
[0miterations: 120
Total iterations: 1074247680 LUP
FLOP: 89
Total work: 95608043520 FLOP
performance: 0.601990 GLUP/s
Performance in GFLOP/s: 53.577091
size: 9000000
time: 1.784495
[1;34m[pthread wrapper] 
[0m[1;34m[pthread wrapper] MAIN -> 0
[0m[1;34m[pthread wrapper] PIN_MASK: [0m[1;34m0->1  [0m[1;34m1->2  [0m[1;34m2->3  [0m[1;34m3->4  [0m[1;34m4->5  [0m[1;34m5->6  [0m[1;34m6->7  [0m[1;34m
[pthread wrapper] SKIP MASK: 0x0
[0m[1;34m	threadid 47656855738112 -> core 1 - OK[0m[1;34m
[0m[1;34m	threadid 47656857839360 -> core 2 - OK[0m[1;34m
[0m[1;34m	threadid 47656859940608 -> core 3 - OK[0m[1;34m
[0m[1;34m	threadid 47656862041856 -> core 4 - OK[0m[1;34m
[0m[1;34m	threadid 47656864143104 -> core 5 - OK[0m[1;34m
[0m[1;34m	threadid 47656866244352 -> core 6 - OK[0m[1;34m
[0m[1;34m	threadid 47656868345600 -> core 7 - OK[0m[1;34m
[0miterations: 120
Total iterations: 1074247680 LUP
FLOP: 89
Total work: 95608043520 FLOP
performance: 0.601171 GLUP/s
Performance in GFLOP/s: 53.504262
size: 9000000
time: 1.786924
[1;34m[pthread wrapper] 
[0m[1;34m[pthread wrapper] MAIN -> 0
[0m[1;34m[pthread wrapper] PIN_MASK: [0m[1;34m0->1  [0m[1;34m1->2  [0m[1;34m2->3  [0m[1;34m3->4  [0m[1;34m4->5  [0m[1;34m5->6  [0m[1;34m6->7  [0m[1;34m
[pthread wrapper] SKIP MASK: 0x0
[0m[1;34m	threadid 46960388417280 -> core 1 - OK[0m[1;34m
[0m[1;34m	threadid 46960390518528 -> core 2 - OK[0m[1;34m
[0m[1;34m	threadid 46960392619776 -> core 3 - OK[0m[1;34m
[0m[1;34m	threadid 46960394721024 -> core 4 - OK[0m[1;34m
[0m[1;34m	threadid 46960396822272 -> core 5 - OK[0m[1;34m
[0m[1;34m	threadid 46960398923520 -> core 6 - OK[0m[1;34m
[0m[1;34m	threadid 46960401024768 -> core 7 - OK[0m[1;34m
[0miterations: 120
Total iterations: 1074247680 LUP
FLOP: 89
Total work: 95608043520 FLOP
performance: 0.602041 GLUP/s
Performance in GFLOP/s: 53.581651
size: 9000000
time: 1.784343
[1;34m[pthread wrapper] 
[0m[1;34m[pthread wrapper] MAIN -> 0
[0m[1;34m[pthread wrapper] PIN_MASK: [0m[1;34m0->1  [0m[1;34m1->2  [0m[1;34m2->3  [0m[1;34m3->4  [0m[1;34m4->5  [0m[1;34m5->6  [0m[1;34m6->7  [0m[1;34m
[pthread wrapper] SKIP MASK: 0x0
[0m[1;34m	threadid 46966873921280 -> core 1 - OK[0m[1;34m
[0m[1;34m	threadid 46966876022528 -> core 2 - OK[0m[1;34m
[0m[1;34m	threadid 46966878123776 -> core 3 - OK[0m[1;34m
[0m[1;34m	threadid 46966880225024 -> core 4 - OK[0m[1;34m
[0m[1;34m	threadid 46966882326272 -> core 5 - OK[0m[1;34m
[0m[1;34m	threadid 46966884427520 -> core 6 - OK[0m[1;34m
[0m[1;34m	threadid 46966886528768 -> core 7 - OK[0m[1;34m
[0miterations: 120
Total iterations: 1074247680 LUP
FLOP: 89
Total work: 95608043520 FLOP
performance: 0.601824 GLUP/s
Performance in GFLOP/s: 53.562320
size: 9000000
time: 1.784987
[1;34m[pthread wrapper] 
[0m[1;34m[pthread wrapper] MAIN -> 0
[0m[1;34m[pthread wrapper] PIN_MASK: [0m[1;34m0->1  [0m[1;34m1->2  [0m[1;34m2->3  [0m[1;34m3->4  [0m[1;34m4->5  [0m[1;34m5->6  [0m[1;34m6->7  [0m[1;34m
[pthread wrapper] SKIP MASK: 0x0
[0m[1;34m	threadid 47539044013824 -> core 1 - OK[0m[1;34m
[0m[1;34m	threadid 47539046115072 -> core 2 - OK[0m[1;34m
[0m[1;34m	threadid 47539048216320 -> core 3 - OK[0m[1;34m
[0m[1;34m	threadid 47539050317568 -> core 4 - OK[0m[1;34m
[0m[1;34m	threadid 47539052418816 -> core 5 - OK[0m[1;34m
[0m[1;34m	threadid 47539054520064 -> core 6 - OK[0m[1;34m
[0m[1;34m	threadid 47539056621312 -> core 7 - OK[0m[1;34m
[0miterations: 120
Total iterations: 1074247680 LUP
FLOP: 89
Total work: 95608043520 FLOP
performance: 0.601923 GLUP/s
Performance in GFLOP/s: 53.571143
size: 9000000
time: 1.784693
[1;34m[pthread wrapper] 
[0m[1;34m[pthread wrapper] MAIN -> 0
[0m[1;34m[pthread wrapper] PIN_MASK: [0m[1;34m0->1  [0m[1;34m1->2  [0m[1;34m2->3  [0m[1;34m3->4  [0m[1;34m4->5  [0m[1;34m5->6  [0m[1;34m6->7  [0m[1;34m
[pthread wrapper] SKIP MASK: 0x0
[0m[1;34m	threadid 47181127345920 -> core 1 - OK[0m[1;34m
[0m[1;34m	threadid 47181129447168 -> core 2 - OK[0m[1;34m
[0m[1;34m	threadid 47181131548416 -> core 3 - OK[0m[1;34m
[0m[1;34m	threadid 47181133649664 -> core 4 - OK[0m[1;34m
[0m[1;34m	threadid 47181135750912 -> core 5 - OK[0m[1;34m
[0m[1;34m	threadid 47181137852160 -> core 6 - OK[0m[1;34m
[0m[1;34m	threadid 47181139953408 -> core 7 - OK[0m[1;34m
[0miterations: 120
Total iterations: 1074247680 LUP
FLOP: 89
Total work: 95608043520 FLOP
performance: 0.601751 GLUP/s
Performance in GFLOP/s: 53.555868
size: 9000000
time: 1.785202
[1;34m[pthread wrapper] 
[0m[1;34m[pthread wrapper] MAIN -> 0
[0m[1;34m[pthread wrapper] PIN_MASK: [0m[1;34m0->1  [0m[1;34m1->2  [0m[1;34m2->3  [0m[1;34m3->4  [0m[1;34m4->5  [0m[1;34m5->6  [0m[1;34m6->7  [0m[1;34m
[pthread wrapper] SKIP MASK: 0x0
[0m[1;34m	threadid 47145002166016 -> core 1 - OK[0m[1;34m
[0m[1;34m	threadid 47145004267264 -> core 2 - OK[0m[1;34m
[0m[1;34m	threadid 47145006368512 -> core 3 - OK[0m[1;34m
[0m[1;34m	threadid 47145008469760 -> core 4 - OK[0m[1;34m
[0m[1;34m	threadid 47145010571008 -> core 5 - OK[0m[1;34m
[0m[1;34m	threadid 47145012672256 -> core 6 - OK[0m[1;34m
[0m[1;34m	threadid 47145014773504 -> core 7 - OK[0m[1;34m
[0miterations: 120
Total iterations: 1074247680 LUP
FLOP: 89
Total work: 95608043520 FLOP
performance: 0.601513 GLUP/s
Performance in GFLOP/s: 53.534697
size: 9000000
time: 1.785908
[1;34m[pthread wrapper] 
[0m[1;34m[pthread wrapper] MAIN -> 0
[0m[1;34m[pthread wrapper] PIN_MASK: [0m[1;34m0->1  [0m[1;34m1->2  [0m[1;34m2->3  [0m[1;34m3->4  [0m[1;34m4->5  [0m[1;34m5->6  [0m[1;34m6->7  [0m[1;34m
[pthread wrapper] SKIP MASK: 0x0
[0m[1;34m	threadid 47064891680512 -> core 1 - OK[0m[1;34m
[0m[1;34m	threadid 47064893781760 -> core 2 - OK[0m[1;34m
[0m[1;34m	threadid 47064895883008 -> core 3 - OK[0m[1;34m
[0m[1;34m	threadid 47064897984256 -> core 4 - OK[0m[1;34m
[0m[1;34m	threadid 47064900085504 -> core 5 - OK[0m[1;34m
[0m[1;34m	threadid 47064902186752 -> core 6 - OK[0m[1;34m
[0m[1;34m	threadid 47064904288000 -> core 7 - OK[0m[1;34m
[0miterations: 120
Total iterations: 1074247680 LUP
FLOP: 89
Total work: 95608043520 FLOP
performance: 0.601639 GLUP/s
Performance in GFLOP/s: 53.545849
size: 9000000
time: 1.785536
[1;34m[pthread wrapper] 
[0m[1;34m[pthread wrapper] MAIN -> 0
[0m[1;34m[pthread wrapper] PIN_MASK: [0m[1;34m0->1  [0m[1;34m1->2  [0m[1;34m2->3  [0m[1;34m3->4  [0m[1;34m4->5  [0m[1;34m5->6  [0m[1;34m6->7  [0m[1;34m
[pthread wrapper] SKIP MASK: 0x0
[0m[1;34m	threadid 47732382643968 -> core 1 - OK[0m[1;34m
[0m[1;34m	threadid 47732384745216 -> core 2 - OK[0m[1;34m
[0m[1;34m	threadid 47732386846464 -> core 3 - OK[0m[1;34m
[0m[1;34m	threadid 47732388947712 -> core 4 - OK[0m[1;34m
[0m[1;34m	threadid 47732391048960 -> core 5 - OK[0m[1;34m
[0m[1;34m	threadid 47732393150208 -> core 6 - OK[0m[1;34m
[0m[1;34m	threadid 47732395251456 -> core 7 - OK[0m[1;34m
[0miterations: 120
Total iterations: 1074247680 LUP
FLOP: 89
Total work: 95608043520 FLOP
performance: 0.601402 GLUP/s
Performance in GFLOP/s: 53.524751
size: 9000000
time: 1.786240
[1;34m[pthread wrapper] 
[0m[1;34m[pthread wrapper] MAIN -> 0
[0m[1;34m[pthread wrapper] PIN_MASK: [0m[1;34m0->1  [0m[1;34m1->2  [0m[1;34m2->3  [0m[1;34m3->4  [0m[1;34m4->5  [0m[1;34m5->6  [0m[1;34m6->7  [0m[1;34m
[pthread wrapper] SKIP MASK: 0x0
[0m[1;34m	threadid 47575784257280 -> core 1 - OK[0m[1;34m
[0m[1;34m	threadid 47575786358528 -> core 2 - OK[0m[1;34m
[0m[1;34m	threadid 47575788459776 -> core 3 - OK[0m[1;34m
[0m[1;34m	threadid 47575790561024 -> core 4 - OK[0m[1;34m
[0m[1;34m	threadid 47575792662272 -> core 5 - OK[0m[1;34m
[0m[1;34m	threadid 47575794763520 -> core 6 - OK[0m[1;34m
[0m[1;34m	threadid 47575796864768 -> core 7 - OK[0m[1;34m
[0miterations: 120
Total iterations: 1074247680 LUP
FLOP: 89
Total work: 95608043520 FLOP
performance: 0.601624 GLUP/s
Performance in GFLOP/s: 53.544562
size: 9000000
time: 1.785579
