iterations: 200
Total iterations: 48412800 LUP
FLOP: 89
Total work: 4308739200 FLOP
performance: 0.667662 GLUP/s
Performance in GFLOP/s: 59.421904
size: 250000
time: 0.072511
iterations: 200
Total iterations: 48412800 LUP
FLOP: 89
Total work: 4308739200 FLOP
performance: 0.666853 GLUP/s
Performance in GFLOP/s: 59.349896
size: 250000
time: 0.072599
iterations: 200
Total iterations: 48412800 LUP
FLOP: 89
Total work: 4308739200 FLOP
performance: 0.666881 GLUP/s
Performance in GFLOP/s: 59.352430
size: 250000
time: 0.072596
iterations: 200
Total iterations: 48412800 LUP
FLOP: 89
Total work: 4308739200 FLOP
performance: 0.668077 GLUP/s
Performance in GFLOP/s: 59.458854
size: 250000
time: 0.072466
iterations: 200
Total iterations: 48412800 LUP
FLOP: 89
Total work: 4308739200 FLOP
performance: 0.667357 GLUP/s
Performance in GFLOP/s: 59.394759
size: 250000
time: 0.072544
iterations: 200
Total iterations: 48412800 LUP
FLOP: 89
Total work: 4308739200 FLOP
performance: 0.667046 GLUP/s
Performance in GFLOP/s: 59.367053
size: 250000
time: 0.072578
iterations: 200
Total iterations: 48412800 LUP
FLOP: 89
Total work: 4308739200 FLOP
performance: 0.666908 GLUP/s
Performance in GFLOP/s: 59.354769
size: 250000
time: 0.072593
iterations: 200
Total iterations: 48412800 LUP
FLOP: 89
Total work: 4308739200 FLOP
performance: 0.667230 GLUP/s
Performance in GFLOP/s: 59.383439
size: 250000
time: 0.072558
iterations: 200
Total iterations: 48412800 LUP
FLOP: 89
Total work: 4308739200 FLOP
performance: 0.667864 GLUP/s
Performance in GFLOP/s: 59.439885
size: 250000
time: 0.072489
iterations: 200
Total iterations: 48412800 LUP
FLOP: 89
Total work: 4308739200 FLOP
performance: 0.667521 GLUP/s
Performance in GFLOP/s: 59.409403
size: 250000
time: 0.072526
