iterations: 120
Total iterations: 1074247680 LUP
FLOP: 89
Total work: 95608043520 FLOP
performance: 0.594999 GLUP/s
Performance in GFLOP/s: 52.954867
size: 9000000
time: 1.805463
iterations: 120
Total iterations: 1074247680 LUP
FLOP: 89
Total work: 95608043520 FLOP
performance: 0.593540 GLUP/s
Performance in GFLOP/s: 52.825075
size: 9000000
time: 1.809899
iterations: 120
Total iterations: 1074247680 LUP
FLOP: 89
Total work: 95608043520 FLOP
performance: 0.591972 GLUP/s
Performance in GFLOP/s: 52.685493
size: 9000000
time: 1.814694
iterations: 120
Total iterations: 1074247680 LUP
FLOP: 89
Total work: 95608043520 FLOP
performance: 0.587660 GLUP/s
Performance in GFLOP/s: 52.301712
size: 9000000
time: 1.828010
iterations: 120
Total iterations: 1074247680 LUP
FLOP: 89
Total work: 95608043520 FLOP
performance: 0.593563 GLUP/s
Performance in GFLOP/s: 52.827080
size: 9000000
time: 1.809830
iterations: 120
Total iterations: 1074247680 LUP
FLOP: 89
Total work: 95608043520 FLOP
performance: 0.593139 GLUP/s
Performance in GFLOP/s: 52.789402
size: 9000000
time: 1.811122
iterations: 120
Total iterations: 1074247680 LUP
FLOP: 89
Total work: 95608043520 FLOP
performance: 0.592304 GLUP/s
Performance in GFLOP/s: 52.715038
size: 9000000
time: 1.813677
iterations: 120
Total iterations: 1074247680 LUP
FLOP: 89
Total work: 95608043520 FLOP
performance: 0.593143 GLUP/s
Performance in GFLOP/s: 52.789687
size: 9000000
time: 1.811112
iterations: 120
Total iterations: 1074247680 LUP
FLOP: 89
Total work: 95608043520 FLOP
performance: 0.594809 GLUP/s
Performance in GFLOP/s: 52.938033
size: 9000000
time: 1.806037
iterations: 120
Total iterations: 1074247680 LUP
FLOP: 89
Total work: 95608043520 FLOP
performance: 0.591248 GLUP/s
Performance in GFLOP/s: 52.621031
size: 9000000
time: 1.816917
