iterations: 200
Total iterations: 48412800 LUP
FLOP: 89
Total work: 4308739200 FLOP
performance: 0.543048 GLUP/s
Performance in GFLOP/s: 48.331239
size: 250000
time: 0.089150
iterations: 200
Total iterations: 48412800 LUP
FLOP: 89
Total work: 4308739200 FLOP
performance: 0.541725 GLUP/s
Performance in GFLOP/s: 48.213518
size: 250000
time: 0.089368
iterations: 200
Total iterations: 48412800 LUP
FLOP: 89
Total work: 4308739200 FLOP
performance: 0.544234 GLUP/s
Performance in GFLOP/s: 48.436812
size: 250000
time: 0.088956
iterations: 200
Total iterations: 48412800 LUP
FLOP: 89
Total work: 4308739200 FLOP
performance: 0.543255 GLUP/s
Performance in GFLOP/s: 48.349730
size: 250000
time: 0.089116
iterations: 200
Total iterations: 48412800 LUP
FLOP: 89
Total work: 4308739200 FLOP
performance: 0.542696 GLUP/s
Performance in GFLOP/s: 48.299980
size: 250000
time: 0.089208
iterations: 200
Total iterations: 48412800 LUP
FLOP: 89
Total work: 4308739200 FLOP
performance: 0.541997 GLUP/s
Performance in GFLOP/s: 48.237711
size: 250000
time: 0.089323
iterations: 200
Total iterations: 48412800 LUP
FLOP: 89
Total work: 4308739200 FLOP
performance: 0.542885 GLUP/s
Performance in GFLOP/s: 48.316767
size: 250000
time: 0.089177
iterations: 200
Total iterations: 48412800 LUP
FLOP: 89
Total work: 4308739200 FLOP
performance: 0.542228 GLUP/s
Performance in GFLOP/s: 48.258321
size: 250000
time: 0.089285
iterations: 200
Total iterations: 48412800 LUP
FLOP: 89
Total work: 4308739200 FLOP
performance: 0.542696 GLUP/s
Performance in GFLOP/s: 48.299980
size: 250000
time: 0.089208
iterations: 200
Total iterations: 48412800 LUP
FLOP: 89
Total work: 4308739200 FLOP
performance: 0.542202 GLUP/s
Performance in GFLOP/s: 48.256001
size: 250000
time: 0.089289
