iterations: 120
Total iterations: 1074247680 LUP
FLOP: 89
Total work: 95608043520 FLOP
performance: 1.045775 GLUP/s
Performance in GFLOP/s: 93.074013
size: 9000000
time: 1.027226
iterations: 120
Total iterations: 1074247680 LUP
FLOP: 89
Total work: 95608043520 FLOP
performance: 1.059400 GLUP/s
Performance in GFLOP/s: 94.286620
size: 9000000
time: 1.014015
iterations: 120
Total iterations: 1074247680 LUP
FLOP: 89
Total work: 95608043520 FLOP
performance: 1.047744 GLUP/s
Performance in GFLOP/s: 93.249214
size: 9000000
time: 1.025296
iterations: 120
Total iterations: 1074247680 LUP
FLOP: 89
Total work: 95608043520 FLOP
performance: 1.064018 GLUP/s
Performance in GFLOP/s: 94.697621
size: 9000000
time: 1.009614
iterations: 120
Total iterations: 1074247680 LUP
FLOP: 89
Total work: 95608043520 FLOP
performance: 1.015776 GLUP/s
Performance in GFLOP/s: 90.404106
size: 9000000
time: 1.057563
iterations: 120
Total iterations: 1074247680 LUP
FLOP: 89
Total work: 95608043520 FLOP
performance: 1.052412 GLUP/s
Performance in GFLOP/s: 93.664676
size: 9000000
time: 1.020748
iterations: 120
Total iterations: 1074247680 LUP
FLOP: 89
Total work: 95608043520 FLOP
performance: 1.054079 GLUP/s
Performance in GFLOP/s: 93.813043
size: 9000000
time: 1.019134
iterations: 120
Total iterations: 1074247680 LUP
FLOP: 89
Total work: 95608043520 FLOP
performance: 1.033769 GLUP/s
Performance in GFLOP/s: 92.005481
size: 9000000
time: 1.039156
iterations: 120
Total iterations: 1074247680 LUP
FLOP: 89
Total work: 95608043520 FLOP
performance: 1.038035 GLUP/s
Performance in GFLOP/s: 92.385107
size: 9000000
time: 1.034886
iterations: 120
Total iterations: 1074247680 LUP
FLOP: 89
Total work: 95608043520 FLOP
performance: 1.033526 GLUP/s
Performance in GFLOP/s: 91.983785
size: 9000000
time: 1.039401
