[1;34m[pthread wrapper] 
[0m[1;34m[pthread wrapper] MAIN -> 0
[0m[1;34m[pthread wrapper] PIN_MASK: [0m[1;34m0->1  [0m[1;34m1->2  [0m[1;34m2->3  [0m[1;34m3->4  [0m[1;34m4->5  [0m[1;34m
[pthread wrapper] SKIP MASK: 0x0
[0m[1;34m	threadid 47941864060672 -> core 1 - OK[0m[1;34m
[0m[1;34m	threadid 47941866161920 -> core 2 - OK[0m[1;34m
[0m[1;34m	threadid 47941868263168 -> core 3 - OK[0m[1;34m
[0m[1;34m	threadid 47941870364416 -> core 4 - OK[0m[1;34m
[0m[1;34m	threadid 47941872465664 -> core 5 - OK[0m[1;34m
[0miterations: 120
Total iterations: 1074247680 LUP
FLOP: 89
Total work: 95608043520 FLOP
performance: 0.452084 GLUP/s
Performance in GFLOP/s: 40.235451
size: 9000000
time: 2.376214
[1;34m[pthread wrapper] 
[0m[1;34m[pthread wrapper] MAIN -> 0
[0m[1;34m[pthread wrapper] PIN_MASK: [0m[1;34m0->1  [0m[1;34m1->2  [0m[1;34m2->3  [0m[1;34m3->4  [0m[1;34m4->5  [0m[1;34m
[pthread wrapper] SKIP MASK: 0x0
[0m[1;34m	threadid 46995851110144 -> core 1 - OK[0m[1;34m
[0m[1;34m	threadid 46995853211392 -> core 2 - OK[0m[1;34m
[0m[1;34m	threadid 46995855312640 -> core 3 - OK[0m[1;34m
[0m[1;34m	threadid 46995857413888 -> core 4 - OK[0m[1;34m
[0m[1;34m	threadid 46995859515136 -> core 5 - OK[0m[1;34m
[0miterations: 120
Total iterations: 1074247680 LUP
FLOP: 89
Total work: 95608043520 FLOP
performance: 0.452098 GLUP/s
Performance in GFLOP/s: 40.236723
size: 9000000
time: 2.376139
[1;34m[pthread wrapper] 
[0m[1;34m[pthread wrapper] MAIN -> 0
[0m[1;34m[pthread wrapper] PIN_MASK: [0m[1;34m0->1  [0m[1;34m1->2  [0m[1;34m2->3  [0m[1;34m3->4  [0m[1;34m4->5  [0m[1;34m
[pthread wrapper] SKIP MASK: 0x0
[0m[1;34m	threadid 47105895859968 -> core 1 - OK[0m[1;34m
[0m[1;34m	threadid 47105897961216 -> core 2 - OK[0m[1;34m
[0m[1;34m	threadid 47105900062464 -> core 3 - OK[0m[1;34m
[0m[1;34m	threadid 47105902163712 -> core 4 - OK[0m[1;34m
[0m[1;34m	threadid 47105904264960 -> core 5 - OK[0m[1;34m
[0miterations: 120
Total iterations: 1074247680 LUP
FLOP: 89
Total work: 95608043520 FLOP
performance: 0.451981 GLUP/s
Performance in GFLOP/s: 40.226293
size: 9000000
time: 2.376755
[1;34m[pthread wrapper] 
[0m[1;34m[pthread wrapper] MAIN -> 0
[0m[1;34m[pthread wrapper] PIN_MASK: [0m[1;34m0->1  [0m[1;34m1->2  [0m[1;34m2->3  [0m[1;34m3->4  [0m[1;34m4->5  [0m[1;34m
[pthread wrapper] SKIP MASK: 0x0
[0m[1;34m	threadid 47552862963456 -> core 1 - OK[0m[1;34m
[0m[1;34m	threadid 47552865064704 -> core 2 - OK[0m[1;34m
[0m[1;34m	threadid 47552867165952 -> core 3 - OK[0m[1;34m
[0m[1;34m	threadid 47552869267200 -> core 4 - OK[0m[1;34m
[0m[1;34m	threadid 47552871368448 -> core 5 - OK[0m[1;34m
[0miterations: 120
Total iterations: 1074247680 LUP
FLOP: 89
Total work: 95608043520 FLOP
performance: 0.452078 GLUP/s
Performance in GFLOP/s: 40.234975
size: 9000000
time: 2.376242
[1;34m[pthread wrapper] 
[0m[1;34m[pthread wrapper] MAIN -> 0
[0m[1;34m[pthread wrapper] PIN_MASK: [0m[1;34m0->1  [0m[1;34m1->2  [0m[1;34m2->3  [0m[1;34m3->4  [0m[1;34m4->5  [0m[1;34m
[pthread wrapper] SKIP MASK: 0x0
[0m[1;34m	threadid 47926331860736 -> core 1 - OK[0m[1;34m
[0m[1;34m	threadid 47926333961984 -> core 2 - OK[0m[1;34m
[0m[1;34m	threadid 47926336063232 -> core 3 - OK[0m[1;34m
[0m[1;34m	threadid 47926338164480 -> core 4 - OK[0m[1;34m
[0m[1;34m	threadid 47926340265728 -> core 5 - OK[0m[1;34m
[0miterations: 120
Total iterations: 1074247680 LUP
FLOP: 89
Total work: 95608043520 FLOP
performance: 0.452144 GLUP/s
Performance in GFLOP/s: 40.240801
size: 9000000
time: 2.375898
[1;34m[pthread wrapper] 
[0m[1;34m[pthread wrapper] MAIN -> 0
[0m[1;34m[pthread wrapper] PIN_MASK: [0m[1;34m0->1  [0m[1;34m1->2  [0m[1;34m2->3  [0m[1;34m3->4  [0m[1;34m4->5  [0m[1;34m
[pthread wrapper] SKIP MASK: 0x0
[0m[1;34m	threadid 47229076289280 -> core 1 - OK[0m[1;34m
[0m[1;34m	threadid 47229078390528 -> core 2 - OK[0m[1;34m
[0m[1;34m	threadid 47229080491776 -> core 3 - OK[0m[1;34m
[0m[1;34m	threadid 47229082593024 -> core 4 - OK[0m[1;34m
[0m[1;34m	threadid 47229084694272 -> core 5 - OK[0m[1;34m
[0miterations: 120
Total iterations: 1074247680 LUP
FLOP: 89
Total work: 95608043520 FLOP
performance: 0.452219 GLUP/s
Performance in GFLOP/s: 40.247477
size: 9000000
time: 2.375504
[1;34m[pthread wrapper] 
[0m[1;34m[pthread wrapper] MAIN -> 0
[0m[1;34m[pthread wrapper] PIN_MASK: [0m[1;34m0->1  [0m[1;34m1->2  [0m[1;34m2->3  [0m[1;34m3->4  [0m[1;34m4->5  [0m[1;34m
[pthread wrapper] SKIP MASK: 0x0
[0m[1;34m	threadid 47783354275584 -> core 1 - OK[0m[1;34m
[0m[1;34m	threadid 47783356376832 -> core 2 - OK[0m[1;34m
[0m[1;34m	threadid 47783358478080 -> core 3 - OK[0m[1;34m
[0m[1;34m	threadid 47783360579328 -> core 4 - OK[0m[1;34m
[0m[1;34m	threadid 47783362680576 -> core 5 - OK[0m[1;34m
[0miterations: 120
Total iterations: 1074247680 LUP
FLOP: 89
Total work: 95608043520 FLOP
performance: 0.452096 GLUP/s
Performance in GFLOP/s: 40.236586
size: 9000000
time: 2.376147
[1;34m[pthread wrapper] 
[0m[1;34m[pthread wrapper] MAIN -> 0
[0m[1;34m[pthread wrapper] PIN_MASK: [0m[1;34m0->1  [0m[1;34m1->2  [0m[1;34m2->3  [0m[1;34m3->4  [0m[1;34m4->5  [0m[1;34m
[pthread wrapper] SKIP MASK: 0x0
[0m[1;34m	threadid 47463267714816 -> core 1 - OK[0m[1;34m
[0m[1;34m	threadid 47463269816064 -> core 2 - OK[0m[1;34m
[0m[1;34m	threadid 47463271917312 -> core 3 - OK[0m[1;34m
[0m[1;34m	threadid 47463274018560 -> core 4 - OK[0m[1;34m
[0m[1;34m	threadid 47463276119808 -> core 5 - OK[0m[1;34m
[0miterations: 120
Total iterations: 1074247680 LUP
FLOP: 89
Total work: 95608043520 FLOP
performance: 0.452094 GLUP/s
Performance in GFLOP/s: 40.236368
size: 9000000
time: 2.376160
[1;34m[pthread wrapper] 
[0m[1;34m[pthread wrapper] MAIN -> 0
[0m[1;34m[pthread wrapper] PIN_MASK: [0m[1;34m0->1  [0m[1;34m1->2  [0m[1;34m2->3  [0m[1;34m3->4  [0m[1;34m4->5  [0m[1;34m
[pthread wrapper] SKIP MASK: 0x0
[0m[1;34m	threadid 47302350526208 -> core 1 - OK[0m[1;34m
[0m[1;34m	threadid 47302352627456 -> core 2 - OK[0m[1;34m
[0m[1;34m	threadid 47302354728704 -> core 3 - OK[0m[1;34m
[0m[1;34m	threadid 47302356829952 -> core 4 - OK[0m[1;34m
[0m[1;34m	threadid 47302358931200 -> core 5 - OK[0m[1;34m
[0miterations: 120
Total iterations: 1074247680 LUP
FLOP: 89
Total work: 95608043520 FLOP
performance: 0.451948 GLUP/s
Performance in GFLOP/s: 40.223380
size: 9000000
time: 2.376927
[1;34m[pthread wrapper] 
[0m[1;34m[pthread wrapper] MAIN -> 0
[0m[1;34m[pthread wrapper] PIN_MASK: [0m[1;34m0->1  [0m[1;34m1->2  [0m[1;34m2->3  [0m[1;34m3->4  [0m[1;34m4->5  [0m[1;34m
[pthread wrapper] SKIP MASK: 0x0
[0m[1;34m	threadid 47681825756928 -> core 1 - OK[0m[1;34m
[0m[1;34m	threadid 47681827858176 -> core 2 - OK[0m[1;34m
[0m[1;34m	threadid 47681829959424 -> core 3 - OK[0m[1;34m
[0m[1;34m	threadid 47681832060672 -> core 4 - OK[0m[1;34m
[0m[1;34m	threadid 47681834161920 -> core 5 - OK[0m[1;34m
[0miterations: 120
Total iterations: 1074247680 LUP
FLOP: 89
Total work: 95608043520 FLOP
performance: 0.452188 GLUP/s
Performance in GFLOP/s: 40.244698
size: 9000000
time: 2.375668
