iterations: 120
Total iterations: 1074247680 LUP
FLOP: 89
Total work: 95608043520 FLOP
performance: 0.076020 GLUP/s
Performance in GFLOP/s: 6.765784
size: 9000000
time: 14.131111
iterations: 120
Total iterations: 1074247680 LUP
FLOP: 89
Total work: 95608043520 FLOP
performance: 0.075859 GLUP/s
Performance in GFLOP/s: 6.751459
size: 9000000
time: 14.161094
iterations: 120
Total iterations: 1074247680 LUP
FLOP: 89
Total work: 95608043520 FLOP
performance: 0.076100 GLUP/s
Performance in GFLOP/s: 6.772867
size: 9000000
time: 14.116333
iterations: 120
Total iterations: 1074247680 LUP
FLOP: 89
Total work: 95608043520 FLOP
performance: 0.075816 GLUP/s
Performance in GFLOP/s: 6.747667
size: 9000000
time: 14.169051
iterations: 120
Total iterations: 1074247680 LUP
FLOP: 89
Total work: 95608043520 FLOP
performance: 0.075927 GLUP/s
Performance in GFLOP/s: 6.757482
size: 9000000
time: 14.148473
iterations: 120
Total iterations: 1074247680 LUP
FLOP: 89
Total work: 95608043520 FLOP
performance: 0.075953 GLUP/s
Performance in GFLOP/s: 6.759812
size: 9000000
time: 14.143594
iterations: 120
Total iterations: 1074247680 LUP
FLOP: 89
Total work: 95608043520 FLOP
performance: 0.075975 GLUP/s
Performance in GFLOP/s: 6.761742
size: 9000000
time: 14.139558
iterations: 120
Total iterations: 1074247680 LUP
FLOP: 89
Total work: 95608043520 FLOP
performance: 0.076043 GLUP/s
Performance in GFLOP/s: 6.767784
size: 9000000
time: 14.126935
iterations: 120
Total iterations: 1074247680 LUP
FLOP: 89
Total work: 95608043520 FLOP
performance: 0.075866 GLUP/s
Performance in GFLOP/s: 6.752047
size: 9000000
time: 14.159860
iterations: 120
Total iterations: 1074247680 LUP
FLOP: 89
Total work: 95608043520 FLOP
performance: 0.075830 GLUP/s
Performance in GFLOP/s: 6.748848
size: 9000000
time: 14.166572
