iterations: 120
Total iterations: 29047680 LUP
FLOP: 89
Total work: 2585243520 FLOP
performance: 1.174776 GLUP/s
Performance in GFLOP/s: 104.555026
size: 250000
time: 0.024726
iterations: 120
Total iterations: 29047680 LUP
FLOP: 89
Total work: 2585243520 FLOP
performance: 1.178548 GLUP/s
Performance in GFLOP/s: 104.890810
size: 250000
time: 0.024647
iterations: 120
Total iterations: 29047680 LUP
FLOP: 89
Total work: 2585243520 FLOP
performance: 1.171421 GLUP/s
Performance in GFLOP/s: 104.256459
size: 250000
time: 0.024797
iterations: 120
Total iterations: 29047680 LUP
FLOP: 89
Total work: 2585243520 FLOP
performance: 1.175592 GLUP/s
Performance in GFLOP/s: 104.627664
size: 250000
time: 0.024709
iterations: 120
Total iterations: 29047680 LUP
FLOP: 89
Total work: 2585243520 FLOP
performance: 1.185867 GLUP/s
Performance in GFLOP/s: 105.542172
size: 250000
time: 0.024495
iterations: 120
Total iterations: 29047680 LUP
FLOP: 89
Total work: 2585243520 FLOP
performance: 1.175592 GLUP/s
Performance in GFLOP/s: 104.627664
size: 250000
time: 0.024709
iterations: 120
Total iterations: 29047680 LUP
FLOP: 89
Total work: 2585243520 FLOP
performance: 1.156455 GLUP/s
Performance in GFLOP/s: 102.924456
size: 250000
time: 0.025118
iterations: 120
Total iterations: 29047680 LUP
FLOP: 89
Total work: 2585243520 FLOP
performance: 1.177546 GLUP/s
Performance in GFLOP/s: 104.801597
size: 250000
time: 0.024668
iterations: 120
Total iterations: 29047680 LUP
FLOP: 89
Total work: 2585243520 FLOP
performance: 1.187312 GLUP/s
Performance in GFLOP/s: 105.670739
size: 250000
time: 0.024465
iterations: 120
Total iterations: 29047680 LUP
FLOP: 89
Total work: 2585243520 FLOP
performance: 1.172785 GLUP/s
Performance in GFLOP/s: 104.377891
size: 250000
time: 0.024768
