iterations: 120
Total iterations: 1074247680 LUP
FLOP: 89
Total work: 95608043520 FLOP
performance: 0.075930 GLUP/s
Performance in GFLOP/s: 6.757791
size: 9000000
time: 14.147825
iterations: 120
Total iterations: 1074247680 LUP
FLOP: 89
Total work: 95608043520 FLOP
performance: 0.076055 GLUP/s
Performance in GFLOP/s: 6.768938
size: 9000000
time: 14.124526
iterations: 120
Total iterations: 1074247680 LUP
FLOP: 89
Total work: 95608043520 FLOP
performance: 0.075997 GLUP/s
Performance in GFLOP/s: 6.763735
size: 9000000
time: 14.135392
iterations: 120
Total iterations: 1074247680 LUP
FLOP: 89
Total work: 95608043520 FLOP
performance: 0.075998 GLUP/s
Performance in GFLOP/s: 6.763810
size: 9000000
time: 14.135235
iterations: 120
Total iterations: 1074247680 LUP
FLOP: 89
Total work: 95608043520 FLOP
performance: 0.075988 GLUP/s
Performance in GFLOP/s: 6.762957
size: 9000000
time: 14.137017
iterations: 120
Total iterations: 1074247680 LUP
FLOP: 89
Total work: 95608043520 FLOP
performance: 0.075947 GLUP/s
Performance in GFLOP/s: 6.759267
size: 9000000
time: 14.144736
iterations: 120
Total iterations: 1074247680 LUP
FLOP: 89
Total work: 95608043520 FLOP
performance: 0.075883 GLUP/s
Performance in GFLOP/s: 6.753563
size: 9000000
time: 14.156683
iterations: 120
Total iterations: 1074247680 LUP
FLOP: 89
Total work: 95608043520 FLOP
performance: 0.075887 GLUP/s
Performance in GFLOP/s: 6.753904
size: 9000000
time: 14.155968
iterations: 120
Total iterations: 1074247680 LUP
FLOP: 89
Total work: 95608043520 FLOP
performance: 0.075874 GLUP/s
Performance in GFLOP/s: 6.752797
size: 9000000
time: 14.158288
iterations: 120
Total iterations: 1074247680 LUP
FLOP: 89
Total work: 95608043520 FLOP
performance: 0.076052 GLUP/s
Performance in GFLOP/s: 6.768596
size: 9000000
time: 14.125240
