iterations: 120
Total iterations: 1074247680 LUP
FLOP: 89
Total work: 95608043520 FLOP
performance: 0.737788 GLUP/s
Performance in GFLOP/s: 65.663108
size: 9000000
time: 1.456039
iterations: 120
Total iterations: 1074247680 LUP
FLOP: 89
Total work: 95608043520 FLOP
performance: 0.733289 GLUP/s
Performance in GFLOP/s: 65.262710
size: 9000000
time: 1.464972
iterations: 120
Total iterations: 1074247680 LUP
FLOP: 89
Total work: 95608043520 FLOP
performance: 0.730696 GLUP/s
Performance in GFLOP/s: 65.031964
size: 9000000
time: 1.470170
iterations: 120
Total iterations: 1074247680 LUP
FLOP: 89
Total work: 95608043520 FLOP
performance: 0.736633 GLUP/s
Performance in GFLOP/s: 65.560351
size: 9000000
time: 1.458321
iterations: 120
Total iterations: 1074247680 LUP
FLOP: 89
Total work: 95608043520 FLOP
performance: 0.735044 GLUP/s
Performance in GFLOP/s: 65.418950
size: 9000000
time: 1.461473
iterations: 120
Total iterations: 1074247680 LUP
FLOP: 89
Total work: 95608043520 FLOP
performance: 0.734766 GLUP/s
Performance in GFLOP/s: 65.394210
size: 9000000
time: 1.462026
iterations: 120
Total iterations: 1074247680 LUP
FLOP: 89
Total work: 95608043520 FLOP
performance: 0.735303 GLUP/s
Performance in GFLOP/s: 65.441978
size: 9000000
time: 1.460959
iterations: 120
Total iterations: 1074247680 LUP
FLOP: 89
Total work: 95608043520 FLOP
performance: 0.735481 GLUP/s
Performance in GFLOP/s: 65.457787
size: 9000000
time: 1.460606
iterations: 120
Total iterations: 1074247680 LUP
FLOP: 89
Total work: 95608043520 FLOP
performance: 0.734844 GLUP/s
Performance in GFLOP/s: 65.401100
size: 9000000
time: 1.461872
iterations: 120
Total iterations: 1074247680 LUP
FLOP: 89
Total work: 95608043520 FLOP
performance: 0.735629 GLUP/s
Performance in GFLOP/s: 65.470975
size: 9000000
time: 1.460312
