[1;34m[pthread wrapper] 
[0m[1;34m[pthread wrapper] MAIN -> 0
[0m[1;34m[pthread wrapper] PIN_MASK: [0m[1;34m0->1  [0m[1;34m1->10  [0m[1;34m2->11  [0m[1;34m
[pthread wrapper] SKIP MASK: 0x0
[0m[1;34m	threadid 47527433426688 -> core 1 - OK[0m[1;34m
[0m[1;34m	threadid 47527435527936 -> core 10 - OK[0m[1;34m
[0m[1;34m	threadid 47527437629184 -> core 11 - OK[0m[1;34m
[0miterations: 200
Total iterations: 48412800 LUP
FLOP: 89
Total work: 4308739200 FLOP
performance: 0.280110 GLUP/s
Performance in GFLOP/s: 24.929768
size: 250000
time: 0.172835
[1;34m[pthread wrapper] 
[0m[1;34m[pthread wrapper] MAIN -> 0
[0m[1;34m[pthread wrapper] PIN_MASK: [0m[1;34m0->1  [0m[1;34m1->10  [0m[1;34m2->11  [0m[1;34m
[pthread wrapper] SKIP MASK: 0x0
[0m[1;34m	threadid 47366473991936 -> core 1 - OK[0m[1;34m
[0m[1;34m	threadid 47366476093184 -> core 10 - OK[0m[1;34m
[0m[1;34m	threadid 47366478194432 -> core 11 - OK[0m[1;34m
[0miterations: 200
Total iterations: 48412800 LUP
FLOP: 89
Total work: 4308739200 FLOP
performance: 0.280032 GLUP/s
Performance in GFLOP/s: 24.922857
size: 250000
time: 0.172883
[1;34m[pthread wrapper] 
[0m[1;34m[pthread wrapper] MAIN -> 0
[0m[1;34m[pthread wrapper] PIN_MASK: [0m[1;34m0->1  [0m[1;34m1->10  [0m[1;34m2->11  [0m[1;34m
[pthread wrapper] SKIP MASK: 0x0
[0m[1;34m	threadid 47891149653760 -> core 1 - OK[0m[1;34m
[0m[1;34m	threadid 47891151755008 -> core 10 - OK[0m[1;34m
[0m[1;34m	threadid 47891153856256 -> core 11 - OK[0m[1;34m
[0miterations: 200
Total iterations: 48412800 LUP
FLOP: 89
Total work: 4308739200 FLOP
performance: 0.280162 GLUP/s
Performance in GFLOP/s: 24.934411
size: 250000
time: 0.172803
[1;34m[pthread wrapper] 
[0m[1;34m[pthread wrapper] MAIN -> 0
[0m[1;34m[pthread wrapper] PIN_MASK: [0m[1;34m0->1  [0m[1;34m1->10  [0m[1;34m2->11  [0m[1;34m
[pthread wrapper] SKIP MASK: 0x0
[0m[1;34m	threadid 47980659394304 -> core 1 - OK[0m[1;34m
[0m[1;34m	threadid 47980661495552 -> core 10 - OK[0m[1;34m
[0m[1;34m	threadid 47980663596800 -> core 11 - OK[0m[1;34m
[0miterations: 200
Total iterations: 48412800 LUP
FLOP: 89
Total work: 4308739200 FLOP
performance: 0.280570 GLUP/s
Performance in GFLOP/s: 24.970690
size: 250000
time: 0.172552
[1;34m[pthread wrapper] 
[0m[1;34m[pthread wrapper] MAIN -> 0
[0m[1;34m[pthread wrapper] PIN_MASK: [0m[1;34m0->1  [0m[1;34m1->10  [0m[1;34m2->11  [0m[1;34m
[pthread wrapper] SKIP MASK: 0x0
[0m[1;34m	threadid 47535199610624 -> core 1 - OK[0m[1;34m
[0m[1;34m	threadid 47535201711872 -> core 10 - OK[0m[1;34m
[0m[1;34m	threadid 47535203813120 -> core 11 - OK[0m[1;34m
[0miterations: 200
Total iterations: 48412800 LUP
FLOP: 89
Total work: 4308739200 FLOP
performance: 0.280373 GLUP/s
Performance in GFLOP/s: 24.953175
size: 250000
time: 0.172673
[1;34m[pthread wrapper] 
[0m[1;34m[pthread wrapper] MAIN -> 0
[0m[1;34m[pthread wrapper] PIN_MASK: [0m[1;34m0->1  [0m[1;34m1->10  [0m[1;34m2->11  [0m[1;34m
[pthread wrapper] SKIP MASK: 0x0
[0m[1;34m	threadid 47658000320256 -> core 1 - OK[0m[1;34m
[0m[1;34m	threadid 47658002421504 -> core 10 - OK[0m[1;34m
[0m[1;34m	threadid 47658004522752 -> core 11 - OK[0m[1;34m
[0miterations: 200
Total iterations: 48412800 LUP
FLOP: 89
Total work: 4308739200 FLOP
performance: 0.279978 GLUP/s
Performance in GFLOP/s: 24.918081
size: 250000
time: 0.172916
[1;34m[pthread wrapper] 
[0m[1;34m[pthread wrapper] MAIN -> 0
[0m[1;34m[pthread wrapper] PIN_MASK: [0m[1;34m0->1  [0m[1;34m1->10  [0m[1;34m2->11  [0m[1;34m
[pthread wrapper] SKIP MASK: 0x0
[0m[1;34m	threadid 47593901336320 -> core 1 - OK[0m[1;34m
[0m[1;34m	threadid 47593903437568 -> core 10 - OK[0m[1;34m
[0m[1;34m	threadid 47593905538816 -> core 11 - OK[0m[1;34m
[0miterations: 200
Total iterations: 48412800 LUP
FLOP: 89
Total work: 4308739200 FLOP
performance: 0.280714 GLUP/s
Performance in GFLOP/s: 24.983531
size: 250000
time: 0.172463
[1;34m[pthread wrapper] 
[0m[1;34m[pthread wrapper] MAIN -> 0
[0m[1;34m[pthread wrapper] PIN_MASK: [0m[1;34m0->1  [0m[1;34m1->10  [0m[1;34m2->11  [0m[1;34m
[pthread wrapper] SKIP MASK: 0x0
[0m[1;34m	threadid 47314895836928 -> core 1 - OK[0m[1;34m
[0m[1;34m	threadid 47314897938176 -> core 10 - OK[0m[1;34m
[0m[1;34m	threadid 47314900039424 -> core 11 - OK[0m[1;34m
[0miterations: 200
Total iterations: 48412800 LUP
FLOP: 89
Total work: 4308739200 FLOP
performance: 0.280649 GLUP/s
Performance in GFLOP/s: 24.977765
size: 250000
time: 0.172503
[1;34m[pthread wrapper] 
[0m[1;34m[pthread wrapper] MAIN -> 0
[0m[1;34m[pthread wrapper] PIN_MASK: [0m[1;34m0->1  [0m[1;34m1->10  [0m[1;34m2->11  [0m[1;34m
[pthread wrapper] SKIP MASK: 0x0
[0m[1;34m	threadid 47342159755008 -> core 1 - OK[0m[1;34m
[0m[1;34m	threadid 47342161856256 -> core 10 - OK[0m[1;34m
[0m[1;34m	threadid 47342163957504 -> core 11 - OK[0m[1;34m
[0miterations: 200
Total iterations: 48412800 LUP
FLOP: 89
Total work: 4308739200 FLOP
performance: 0.280540 GLUP/s
Performance in GFLOP/s: 24.968068
size: 250000
time: 0.172570
[1;34m[pthread wrapper] 
[0m[1;34m[pthread wrapper] MAIN -> 0
[0m[1;34m[pthread wrapper] PIN_MASK: [0m[1;34m0->1  [0m[1;34m1->10  [0m[1;34m2->11  [0m[1;34m
[pthread wrapper] SKIP MASK: 0x0
[0m[1;34m	threadid 47672116209408 -> core 1 - OK[0m[1;34m
[0m[1;34m	threadid 47672118310656 -> core 10 - OK[0m[1;34m
[0m[1;34m	threadid 47672120411904 -> core 11 - OK[0m[1;34m
[0miterations: 200
Total iterations: 48412800 LUP
FLOP: 89
Total work: 4308739200 FLOP
performance: 0.280201 GLUP/s
Performance in GFLOP/s: 24.937852
size: 250000
time: 0.172779
