[1;34m[pthread wrapper] 
[0m[1;34m[pthread wrapper] MAIN -> 0
[0m[1;34m[pthread wrapper] PIN_MASK: [0m[1;34m0->1  [0m[1;34m1->2  [0m[1;34m2->3  [0m[1;34m3->4  [0m[1;34m4->5  [0m[1;34m5->6  [0m[1;34m6->7  [0m[1;34m7->8  [0m[1;34m8->9  [0m[1;34m9->20  [0m[1;34m10->21  [0m[1;34m11->22  [0m[1;34m12->23  [0m[1;34m13->24  [0m[1;34m14->25  [0m[1;34m15->26  [0m[1;34m16->27  [0m[1;34m17->28  [0m[1;34m18->29  [0m[1;34m
[pthread wrapper] SKIP MASK: 0x0
[0m[1;34m	threadid 47457501148928 -> core 1 - OK[0m[1;34m
[0m[1;34m	threadid 47457503250176 -> core 2 - OK[0m[1;34m
[0m[1;34m	threadid 47457505351424 -> core 3 - OK[0m[1;34m
[0m[1;34m	threadid 47457507452672 -> core 4 - OK[0m[1;34m
[0m[1;34m	threadid 47457509553920 -> core 5 - OK[0m[1;34m
[0m[1;34m	threadid 47457511655168 -> core 6 - OK[0m[1;34m
[0m[1;34m	threadid 47457513756416 -> core 7 - OK[0m[1;34m
[0m[1;34m	threadid 47457515857664 -> core 8 - OK[0m[1;34m
[0m[1;34m	threadid 47457517958912 -> core 9 - OK[0m[1;34m
[0m[1;34m	threadid 47457520060160 -> core 20 - OK[0m[1;34m
[0m[1;34m	threadid 47457522161408 -> core 21 - OK[0m[1;34m
[0m[1;34m	threadid 47457524262656 -> core 22 - OK[0m[1;34m
[0m[1;34m	threadid 47457526363904 -> core 23 - OK[0m[1;34m
[0m[1;34m	threadid 47457528465152 -> core 24 - OK[0m[1;34m
[0m[1;34m	threadid 47457530566400 -> core 25 - OK[0m[1;34m
[0m[1;34m	threadid 47457532667648 -> core 26 - OK[0m[1;34m
[0m[1;34m	threadid 47457534768896 -> core 27 - OK[0m[1;34m
[0m[1;34m	threadid 47457536870144 -> core 28 - OK[0m[1;34m
[0m[1;34m	threadid 47457538971392 -> core 29 - OK[0m[1;34m
[0miterations: 120
Total iterations: 1074247680 LUP
FLOP: 89
Total work: 95608043520 FLOP
performance: 0.916707 GLUP/s
Performance in GFLOP/s: 81.586925
size: 9000000
time: 1.171855
[1;34m[pthread wrapper] 
[0m[1;34m[pthread wrapper] MAIN -> 0
[0m[1;34m[pthread wrapper] PIN_MASK: [0m[1;34m0->1  [0m[1;34m1->2  [0m[1;34m2->3  [0m[1;34m3->4  [0m[1;34m4->5  [0m[1;34m5->6  [0m[1;34m6->7  [0m[1;34m7->8  [0m[1;34m8->9  [0m[1;34m9->20  [0m[1;34m10->21  [0m[1;34m11->22  [0m[1;34m12->23  [0m[1;34m13->24  [0m[1;34m14->25  [0m[1;34m15->26  [0m[1;34m16->27  [0m[1;34m17->28  [0m[1;34m18->29  [0m[1;34m
[pthread wrapper] SKIP MASK: 0x0
[0m[1;34m	threadid 46971402618624 -> core 1 - OK[0m[1;34m
[0m[1;34m	threadid 46971404719872 -> core 2 - OK[0m[1;34m
[0m[1;34m	threadid 46971406821120 -> core 3 - OK[0m[1;34m
[0m[1;34m	threadid 46971408922368 -> core 4 - OK[0m[1;34m
[0m[1;34m	threadid 46971411023616 -> core 5 - OK[0m[1;34m
[0m[1;34m	threadid 46971413124864 -> core 6 - OK[0m[1;34m
[0m[1;34m	threadid 46971415226112 -> core 7 - OK[0m[1;34m
[0m[1;34m	threadid 46971417327360 -> core 8 - OK[0m[1;34m
[0m[1;34m	threadid 46971419428608 -> core 9 - OK[0m[1;34m
[0m[1;34m	threadid 46971421529856 -> core 20 - OK[0m[1;34m
[0m[1;34m	threadid 46971423631104 -> core 21 - OK[0m[1;34m
[0m[1;34m	threadid 46971425732352 -> core 22 - OK[0m[1;34m
[0m[1;34m	threadid 46971427833600 -> core 23 - OK[0m[1;34m
[0m[1;34m	threadid 46971429934848 -> core 24 - OK[0m[1;34m
[0m[1;34m	threadid 46971432036096 -> core 25 - OK[0m[1;34m
[0m[1;34m	threadid 46971434137344 -> core 26 - OK[0m[1;34m
[0m[1;34m	threadid 46971436238592 -> core 27 - OK[0m[1;34m
[0m[1;34m	threadid 46971438339840 -> core 28 - OK[0m[1;34m
[0m[1;34m	threadid 46971440441088 -> core 29 - OK[0m[1;34m
[0miterations: 120
Total iterations: 1074247680 LUP
FLOP: 89
Total work: 95608043520 FLOP
performance: 0.916637 GLUP/s
Performance in GFLOP/s: 81.580717
size: 9000000
time: 1.171944
[1;34m[pthread wrapper] 
[0m[1;34m[pthread wrapper] MAIN -> 0
[0m[1;34m[pthread wrapper] PIN_MASK: [0m[1;34m0->1  [0m[1;34m1->2  [0m[1;34m2->3  [0m[1;34m3->4  [0m[1;34m4->5  [0m[1;34m5->6  [0m[1;34m6->7  [0m[1;34m7->8  [0m[1;34m8->9  [0m[1;34m9->20  [0m[1;34m10->21  [0m[1;34m11->22  [0m[1;34m12->23  [0m[1;34m13->24  [0m[1;34m14->25  [0m[1;34m15->26  [0m[1;34m16->27  [0m[1;34m17->28  [0m[1;34m18->29  [0m[1;34m
[pthread wrapper] SKIP MASK: 0x0
[0m[1;34m	threadid 47077344958208 -> core 1 - OK[0m[1;34m
[0m[1;34m	threadid 47077347059456 -> core 2 - OK[0m[1;34m
[0m[1;34m	threadid 47077349160704 -> core 3 - OK[0m[1;34m
[0m[1;34m	threadid 47077351261952 -> core 4 - OK[0m[1;34m
[0m[1;34m	threadid 47077353363200 -> core 5 - OK[0m[1;34m
[0m[1;34m	threadid 47077355464448 -> core 6 - OK[0m[1;34m
[0m[1;34m	threadid 47077357565696 -> core 7 - OK[0m[1;34m
[0m[1;34m	threadid 47077359666944 -> core 8 - OK[0m[1;34m
[0m[1;34m	threadid 47077361768192 -> core 9 - OK[0m[1;34m
[0m[1;34m	threadid 47077363869440 -> core 20 - OK[0m[1;34m
[0m[1;34m	threadid 47077365970688 -> core 21 - OK[0m[1;34m
[0m[1;34m	threadid 47077368071936 -> core 22 - OK[0m[1;34m
[0m[1;34m	threadid 47077370173184 -> core 23 - OK[0m[1;34m
[0m[1;34m	threadid 47077372274432 -> core 24 - OK[0m[1;34m
[0m[1;34m	threadid 47077374375680 -> core 25 - OK[0m[1;34m
[0m[1;34m	threadid 47077376476928 -> core 26 - OK[0m[1;34m
[0m[1;34m	threadid 47077378578176 -> core 27 - OK[0m[1;34m
[0m[1;34m	threadid 47077380679424 -> core 28 - OK[0m[1;34m
[0m[1;34m	threadid 47077382780672 -> core 29 - OK[0m[1;34m
[0miterations: 120
Total iterations: 1074247680 LUP
FLOP: 89
Total work: 95608043520 FLOP
performance: 0.916673 GLUP/s
Performance in GFLOP/s: 81.583871
size: 9000000
time: 1.171899
[1;34m[pthread wrapper] 
[0m[1;34m[pthread wrapper] MAIN -> 0
[0m[1;34m[pthread wrapper] PIN_MASK: [0m[1;34m0->1  [0m[1;34m1->2  [0m[1;34m2->3  [0m[1;34m3->4  [0m[1;34m4->5  [0m[1;34m5->6  [0m[1;34m6->7  [0m[1;34m7->8  [0m[1;34m8->9  [0m[1;34m9->20  [0m[1;34m10->21  [0m[1;34m11->22  [0m[1;34m12->23  [0m[1;34m13->24  [0m[1;34m14->25  [0m[1;34m15->26  [0m[1;34m16->27  [0m[1;34m17->28  [0m[1;34m18->29  [0m[1;34m
[pthread wrapper] SKIP MASK: 0x0
[0m[1;34m	threadid 47253422421760 -> core 1 - OK[0m[1;34m
[0m[1;34m	threadid 47253424523008 -> core 2 - OK[0m[1;34m
[0m[1;34m	threadid 47253426624256 -> core 3 - OK[0m[1;34m
[0m[1;34m	threadid 47253428725504 -> core 4 - OK[0m[1;34m
[0m[1;34m	threadid 47253430826752 -> core 5 - OK[0m[1;34m
[0m[1;34m	threadid 47253432928000 -> core 6 - OK[0m[1;34m
[0m[1;34m	threadid 47253435029248 -> core 7 - OK[0m[1;34m
[0m[1;34m	threadid 47253437130496 -> core 8 - OK[0m[1;34m
[0m[1;34m	threadid 47253439231744 -> core 9 - OK[0m[1;34m
[0m[1;34m	threadid 47253441332992 -> core 20 - OK[0m[1;34m
[0m[1;34m	threadid 47253443434240 -> core 21 - OK[0m[1;34m
[0m[1;34m	threadid 47253445535488 -> core 22 - OK[0m[1;34m
[0m[1;34m	threadid 47253447636736 -> core 23 - OK[0m[1;34m
[0m[1;34m	threadid 47253449737984 -> core 24 - OK[0m[1;34m
[0m[1;34m	threadid 47253451839232 -> core 25 - OK[0m[1;34m
[0m[1;34m	threadid 47253453940480 -> core 26 - OK[0m[1;34m
[0m[1;34m	threadid 47253456041728 -> core 27 - OK[0m[1;34m
[0m[1;34m	threadid 47253458142976 -> core 28 - OK[0m[1;34m
[0m[1;34m	threadid 47253460244224 -> core 29 - OK[0m[1;34m
[0miterations: 120
Total iterations: 1074247680 LUP
FLOP: 89
Total work: 95608043520 FLOP
performance: 0.916684 GLUP/s
Performance in GFLOP/s: 81.584850
size: 9000000
time: 1.171885
[1;34m[pthread wrapper] 
[0m[1;34m[pthread wrapper] MAIN -> 0
[0m[1;34m[pthread wrapper] PIN_MASK: [0m[1;34m0->1  [0m[1;34m1->2  [0m[1;34m2->3  [0m[1;34m3->4  [0m[1;34m4->5  [0m[1;34m5->6  [0m[1;34m6->7  [0m[1;34m7->8  [0m[1;34m8->9  [0m[1;34m9->20  [0m[1;34m10->21  [0m[1;34m11->22  [0m[1;34m12->23  [0m[1;34m13->24  [0m[1;34m14->25  [0m[1;34m15->26  [0m[1;34m16->27  [0m[1;34m17->28  [0m[1;34m18->29  [0m[1;34m
[pthread wrapper] SKIP MASK: 0x0
[0m[1;34m	threadid 47584959518464 -> core 1 - OK[0m[1;34m
[0m[1;34m	threadid 47584961619712 -> core 2 - OK[0m[1;34m
[0m[1;34m	threadid 47584963720960 -> core 3 - OK[0m[1;34m
[0m[1;34m	threadid 47584965822208 -> core 4 - OK[0m[1;34m
[0m[1;34m	threadid 47584967923456 -> core 5 - OK[0m[1;34m
[0m[1;34m	threadid 47584970024704 -> core 6 - OK[0m[1;34m
[0m[1;34m	threadid 47584972125952 -> core 7 - OK[0m[1;34m
[0m[1;34m	threadid 47584974227200 -> core 8 - OK[0m[1;34m
[0m[1;34m	threadid 47584976328448 -> core 9 - OK[0m[1;34m
[0m[1;34m	threadid 47584978429696 -> core 20 - OK[0m[1;34m
[0m[1;34m	threadid 47584980530944 -> core 21 - OK[0m[1;34m
[0m[1;34m	threadid 47584982632192 -> core 22 - OK[0m[1;34m
[0m[1;34m	threadid 47584984733440 -> core 23 - OK[0m[1;34m
[0m[1;34m	threadid 47584986834688 -> core 24 - OK[0m[1;34m
[0m[1;34m	threadid 47584988935936 -> core 25 - OK[0m[1;34m
[0m[1;34m	threadid 47584991037184 -> core 26 - OK[0m[1;34m
[0m[1;34m	threadid 47584993138432 -> core 27 - OK[0m[1;34m
[0m[1;34m	threadid 47584995239680 -> core 28 - OK[0m[1;34m
[0m[1;34m	threadid 47584997340928 -> core 29 - OK[0m[1;34m
[0miterations: 120
Total iterations: 1074247680 LUP
FLOP: 89
Total work: 95608043520 FLOP
performance: 0.916342 GLUP/s
Performance in GFLOP/s: 81.554420
size: 9000000
time: 1.172322
[1;34m[pthread wrapper] 
[0m[1;34m[pthread wrapper] MAIN -> 0
[0m[1;34m[pthread wrapper] PIN_MASK: [0m[1;34m0->1  [0m[1;34m1->2  [0m[1;34m2->3  [0m[1;34m3->4  [0m[1;34m4->5  [0m[1;34m5->6  [0m[1;34m6->7  [0m[1;34m7->8  [0m[1;34m8->9  [0m[1;34m9->20  [0m[1;34m10->21  [0m[1;34m11->22  [0m[1;34m12->23  [0m[1;34m13->24  [0m[1;34m14->25  [0m[1;34m15->26  [0m[1;34m16->27  [0m[1;34m17->28  [0m[1;34m18->29  [0m[1;34m
[pthread wrapper] SKIP MASK: 0x0
[0m[1;34m	threadid 47554575460096 -> core 1 - OK[0m[1;34m
[0m[1;34m	threadid 47554577561344 -> core 2 - OK[0m[1;34m
[0m[1;34m	threadid 47554579662592 -> core 3 - OK[0m[1;34m
[0m[1;34m	threadid 47554581763840 -> core 4 - OK[0m[1;34m
[0m[1;34m	threadid 47554583865088 -> core 5 - OK[0m[1;34m
[0m[1;34m	threadid 47554585966336 -> core 6 - OK[0m[1;34m
[0m[1;34m	threadid 47554588067584 -> core 7 - OK[0m[1;34m
[0m[1;34m	threadid 47554590168832 -> core 8 - OK[0m[1;34m
[0m[1;34m	threadid 47554592270080 -> core 9 - OK[0m[1;34m
[0m[1;34m	threadid 47554594371328 -> core 20 - OK[0m[1;34m
[0m[1;34m	threadid 47554596472576 -> core 21 - OK[0m[1;34m
[0m[1;34m	threadid 47554598573824 -> core 22 - OK[0m[1;34m
[0m[1;34m	threadid 47554600675072 -> core 23 - OK[0m[1;34m
[0m[1;34m	threadid 47554602776320 -> core 24 - OK[0m[1;34m
[0m[1;34m	threadid 47554604877568 -> core 25 - OK[0m[1;34m
[0m[1;34m	threadid 47554606978816 -> core 26 - OK[0m[1;34m
[0m[1;34m	threadid 47554609080064 -> core 27 - OK[0m[1;34m
[0m[1;34m	threadid 47554611181312 -> core 28 - OK[0m[1;34m
[0m[1;34m	threadid 47554613282560 -> core 29 - OK[0m[1;34m
[0miterations: 120
Total iterations: 1074247680 LUP
FLOP: 89
Total work: 95608043520 FLOP
performance: 0.916792 GLUP/s
Performance in GFLOP/s: 81.594511
size: 9000000
time: 1.171746
[1;34m[pthread wrapper] 
[0m[1;34m[pthread wrapper] MAIN -> 0
[0m[1;34m[pthread wrapper] PIN_MASK: [0m[1;34m0->1  [0m[1;34m1->2  [0m[1;34m2->3  [0m[1;34m3->4  [0m[1;34m4->5  [0m[1;34m5->6  [0m[1;34m6->7  [0m[1;34m7->8  [0m[1;34m8->9  [0m[1;34m9->20  [0m[1;34m10->21  [0m[1;34m11->22  [0m[1;34m12->23  [0m[1;34m13->24  [0m[1;34m14->25  [0m[1;34m15->26  [0m[1;34m16->27  [0m[1;34m17->28  [0m[1;34m18->29  [0m[1;34m
[pthread wrapper] SKIP MASK: 0x0
[0m[1;34m	threadid 47993681962752 -> core 1 - OK[0m[1;34m
[0m[1;34m	threadid 47993684064000 -> core 2 - OK[0m[1;34m
[0m[1;34m	threadid 47993686165248 -> core 3 - OK[0m[1;34m
[0m[1;34m	threadid 47993688266496 -> core 4 - OK[0m[1;34m
[0m[1;34m	threadid 47993690367744 -> core 5 - OK[0m[1;34m
[0m[1;34m	threadid 47993692468992 -> core 6 - OK[0m[1;34m
[0m[1;34m	threadid 47993694570240 -> core 7 - OK[0m[1;34m
[0m[1;34m	threadid 47993696671488 -> core 8 - OK[0m[1;34m
[0m[1;34m	threadid 47993698772736 -> core 9 - OK[0m[1;34m
[0m[1;34m	threadid 47993700873984 -> core 20 - OK[0m[1;34m
[0m[1;34m	threadid 47993702975232 -> core 21 - OK[0m[1;34m
[0m[1;34m	threadid 47993705076480 -> core 22 - OK[0m[1;34m
[0m[1;34m	threadid 47993707177728 -> core 23 - OK[0m[1;34m
[0m[1;34m	threadid 47993709278976 -> core 24 - OK[0m[1;34m
[0m[1;34m	threadid 47993711380224 -> core 25 - OK[0m[1;34m
[0m[1;34m	threadid 47993713481472 -> core 26 - OK[0m[1;34m
[0m[1;34m	threadid 47993715582720 -> core 27 - OK[0m[1;34m
[0m[1;34m	threadid 47993717683968 -> core 28 - OK[0m[1;34m
[0m[1;34m	threadid 47993719785216 -> core 29 - OK[0m[1;34m
[0miterations: 120
Total iterations: 1074247680 LUP
FLOP: 89
Total work: 95608043520 FLOP
performance: 0.916866 GLUP/s
Performance in GFLOP/s: 81.601070
size: 9000000
time: 1.171652
[1;34m[pthread wrapper] 
[0m[1;34m[pthread wrapper] MAIN -> 0
[0m[1;34m[pthread wrapper] PIN_MASK: [0m[1;34m0->1  [0m[1;34m1->2  [0m[1;34m2->3  [0m[1;34m3->4  [0m[1;34m4->5  [0m[1;34m5->6  [0m[1;34m6->7  [0m[1;34m7->8  [0m[1;34m8->9  [0m[1;34m9->20  [0m[1;34m10->21  [0m[1;34m11->22  [0m[1;34m12->23  [0m[1;34m13->24  [0m[1;34m14->25  [0m[1;34m15->26  [0m[1;34m16->27  [0m[1;34m17->28  [0m[1;34m18->29  [0m[1;34m
[pthread wrapper] SKIP MASK: 0x0
[0m[1;34m	threadid 47691584079616 -> core 1 - OK[0m[1;34m
[0m[1;34m	threadid 47691586180864 -> core 2 - OK[0m[1;34m
[0m[1;34m	threadid 47691588282112 -> core 3 - OK[0m[1;34m
[0m[1;34m	threadid 47691590383360 -> core 4 - OK[0m[1;34m
[0m[1;34m	threadid 47691592484608 -> core 5 - OK[0m[1;34m
[0m[1;34m	threadid 47691594585856 -> core 6 - OK[0m[1;34m
[0m[1;34m	threadid 47691596687104 -> core 7 - OK[0m[1;34m
[0m[1;34m	threadid 47691598788352 -> core 8 - OK[0m[1;34m
[0m[1;34m	threadid 47691600889600 -> core 9 - OK[0m[1;34m
[0m[1;34m	threadid 47691602990848 -> core 20 - OK[0m[1;34m
[0m[1;34m	threadid 47691605092096 -> core 21 - OK[0m[1;34m
[0m[1;34m	threadid 47691607193344 -> core 22 - OK[0m[1;34m
[0m[1;34m	threadid 47691609294592 -> core 23 - OK[0m[1;34m
[0m[1;34m	threadid 47691611395840 -> core 24 - OK[0m[1;34m
[0m[1;34m	threadid 47691613497088 -> core 25 - OK[0m[1;34m
[0m[1;34m	threadid 47691615598336 -> core 26 - OK[0m[1;34m
[0m[1;34m	threadid 47691617699584 -> core 27 - OK[0m[1;34m
[0m[1;34m	threadid 47691619800832 -> core 28 - OK[0m[1;34m
[0m[1;34m	threadid 47691621902080 -> core 29 - OK[0m[1;34m
[0miterations: 120
Total iterations: 1074247680 LUP
FLOP: 89
Total work: 95608043520 FLOP
performance: 0.916964 GLUP/s
Performance in GFLOP/s: 81.609838
size: 9000000
time: 1.171526
[1;34m[pthread wrapper] 
[0m[1;34m[pthread wrapper] MAIN -> 0
[0m[1;34m[pthread wrapper] PIN_MASK: [0m[1;34m0->1  [0m[1;34m1->2  [0m[1;34m2->3  [0m[1;34m3->4  [0m[1;34m4->5  [0m[1;34m5->6  [0m[1;34m6->7  [0m[1;34m7->8  [0m[1;34m8->9  [0m[1;34m9->20  [0m[1;34m10->21  [0m[1;34m11->22  [0m[1;34m12->23  [0m[1;34m13->24  [0m[1;34m14->25  [0m[1;34m15->26  [0m[1;34m16->27  [0m[1;34m17->28  [0m[1;34m18->29  [0m[1;34m
[pthread wrapper] SKIP MASK: 0x0
[0m[1;34m	threadid 47375005652736 -> core 1 - OK[0m[1;34m
[0m[1;34m	threadid 47375007753984 -> core 2 - OK[0m[1;34m
[0m[1;34m	threadid 47375009855232 -> core 3 - OK[0m[1;34m
[0m[1;34m	threadid 47375011956480 -> core 4 - OK[0m[1;34m
[0m[1;34m	threadid 47375014057728 -> core 5 - OK[0m[1;34m
[0m[1;34m	threadid 47375016158976 -> core 6 - OK[0m[1;34m
[0m[1;34m	threadid 47375018260224 -> core 7 - OK[0m[1;34m
[0m[1;34m	threadid 47375020361472 -> core 8 - OK[0m[1;34m
[0m[1;34m	threadid 47375022462720 -> core 9 - OK[0m[1;34m
[0m[1;34m	threadid 47375024563968 -> core 20 - OK[0m[1;34m
[0m[1;34m	threadid 47375026665216 -> core 21 - OK[0m[1;34m
[0m[1;34m	threadid 47375028766464 -> core 22 - OK[0m[1;34m
[0m[1;34m	threadid 47375030867712 -> core 23 - OK[0m[1;34m
[0m[1;34m	threadid 47375032968960 -> core 24 - OK[0m[1;34m
[0m[1;34m	threadid 47375035070208 -> core 25 - OK[0m[1;34m
[0m[1;34m	threadid 47375037171456 -> core 26 - OK[0m[1;34m
[0m[1;34m	threadid 47375039272704 -> core 27 - OK[0m[1;34m
[0m[1;34m	threadid 47375041373952 -> core 28 - OK[0m[1;34m
[0m[1;34m	threadid 47375043475200 -> core 29 - OK[0m[1;34m
[0miterations: 120
Total iterations: 1074247680 LUP
FLOP: 89
Total work: 95608043520 FLOP
performance: 0.916883 GLUP/s
Performance in GFLOP/s: 81.602581
size: 9000000
time: 1.171630
[1;34m[pthread wrapper] 
[0m[1;34m[pthread wrapper] MAIN -> 0
[0m[1;34m[pthread wrapper] PIN_MASK: [0m[1;34m0->1  [0m[1;34m1->2  [0m[1;34m2->3  [0m[1;34m3->4  [0m[1;34m4->5  [0m[1;34m5->6  [0m[1;34m6->7  [0m[1;34m7->8  [0m[1;34m8->9  [0m[1;34m9->20  [0m[1;34m10->21  [0m[1;34m11->22  [0m[1;34m12->23  [0m[1;34m13->24  [0m[1;34m14->25  [0m[1;34m15->26  [0m[1;34m16->27  [0m[1;34m17->28  [0m[1;34m18->29  [0m[1;34m
[pthread wrapper] SKIP MASK: 0x0
[0m[1;34m	threadid 47724686272256 -> core 1 - OK[0m[1;34m
[0m[1;34m	threadid 47724688373504 -> core 2 - OK[0m[1;34m
[0m[1;34m	threadid 47724690474752 -> core 3 - OK[0m[1;34m
[0m[1;34m	threadid 47724692576000 -> core 4 - OK[0m[1;34m
[0m[1;34m	threadid 47724694677248 -> core 5 - OK[0m[1;34m
[0m[1;34m	threadid 47724696778496 -> core 6 - OK[0m[1;34m
[0m[1;34m	threadid 47724698879744 -> core 7 - OK[0m[1;34m
[0m[1;34m	threadid 47724700980992 -> core 8 - OK[0m[1;34m
[0m[1;34m	threadid 47724703082240 -> core 9 - OK[0m[1;34m
[0m[1;34m	threadid 47724705183488 -> core 20 - OK[0m[1;34m
[0m[1;34m	threadid 47724707284736 -> core 21 - OK[0m[1;34m
[0m[1;34m	threadid 47724709385984 -> core 22 - OK[0m[1;34m
[0m[1;34m	threadid 47724711487232 -> core 23 - OK[0m[1;34m
[0m[1;34m	threadid 47724713588480 -> core 24 - OK[0m[1;34m
[0m[1;34m	threadid 47724715689728 -> core 25 - OK[0m[1;34m
[0m[1;34m	threadid 47724717790976 -> core 26 - OK[0m[1;34m
[0m[1;34m	threadid 47724719892224 -> core 27 - OK[0m[1;34m
[0m[1;34m	threadid 47724721993472 -> core 28 - OK[0m[1;34m
[0m[1;34m	threadid 47724724094720 -> core 29 - OK[0m[1;34m
[0miterations: 120
Total iterations: 1074247680 LUP
FLOP: 89
Total work: 95608043520 FLOP
performance: 0.916986 GLUP/s
Performance in GFLOP/s: 81.611715
size: 9000000
time: 1.171499
