[1;34m[pthread wrapper] 
[0m[1;34m[pthread wrapper] MAIN -> 0
[0m[1;34m[pthread wrapper] PIN_MASK: [0m[1;34m0->1  [0m[1;34m1->2  [0m[1;34m2->3  [0m[1;34m
[pthread wrapper] SKIP MASK: 0x0
[0m[1;34m	threadid 47323269785344 -> core 1 - OK[0m[1;34m
[0m[1;34m	threadid 47323271886592 -> core 2 - OK[0m[1;34m
[0m[1;34m	threadid 47323273987840 -> core 3 - OK[0m[1;34m
[0miterations: 200
Total iterations: 48412800 LUP
FLOP: 89
Total work: 4308739200 FLOP
performance: 0.292783 GLUP/s
Performance in GFLOP/s: 26.057663
size: 250000
time: 0.165354
[1;34m[pthread wrapper] 
[0m[1;34m[pthread wrapper] MAIN -> 0
[0m[1;34m[pthread wrapper] PIN_MASK: [0m[1;34m0->1  [0m[1;34m1->2  [0m[1;34m2->3  [0m[1;34m
[pthread wrapper] SKIP MASK: 0x0
[0m[1;34m	threadid 47232876353280 -> core 1 - OK[0m[1;34m
[0m[1;34m	threadid 47232878454528 -> core 2 - OK[0m[1;34m
[0m[1;34m	threadid 47232880555776 -> core 3 - OK[0m[1;34m
[0miterations: 200
Total iterations: 48412800 LUP
FLOP: 89
Total work: 4308739200 FLOP
performance: 0.292772 GLUP/s
Performance in GFLOP/s: 26.056724
size: 250000
time: 0.165360
[1;34m[pthread wrapper] 
[0m[1;34m[pthread wrapper] MAIN -> 0
[0m[1;34m[pthread wrapper] PIN_MASK: [0m[1;34m0->1  [0m[1;34m1->2  [0m[1;34m2->3  [0m[1;34m
[pthread wrapper] SKIP MASK: 0x0
[0m[1;34m	threadid 47141425252096 -> core 1 - OK[0m[1;34m
[0m[1;34m	threadid 47141427353344 -> core 2 - OK[0m[1;34m
[0m[1;34m	threadid 47141429454592 -> core 3 - OK[0m[1;34m
[0miterations: 200
Total iterations: 48412800 LUP
FLOP: 89
Total work: 4308739200 FLOP
performance: 0.292178 GLUP/s
Performance in GFLOP/s: 26.003859
size: 250000
time: 0.165696
[1;34m[pthread wrapper] 
[0m[1;34m[pthread wrapper] MAIN -> 0
[0m[1;34m[pthread wrapper] PIN_MASK: [0m[1;34m0->1  [0m[1;34m1->2  [0m[1;34m2->3  [0m[1;34m
[pthread wrapper] SKIP MASK: 0x0
[0m[1;34m	threadid 47091764111104 -> core 1 - OK[0m[1;34m
[0m[1;34m	threadid 47091766212352 -> core 2 - OK[0m[1;34m
[0m[1;34m	threadid 47091768313600 -> core 3 - OK[0m[1;34m
[0miterations: 200
Total iterations: 48412800 LUP
FLOP: 89
Total work: 4308739200 FLOP
performance: 0.292277 GLUP/s
Performance in GFLOP/s: 26.012693
size: 250000
time: 0.165640
[1;34m[pthread wrapper] 
[0m[1;34m[pthread wrapper] MAIN -> 0
[0m[1;34m[pthread wrapper] PIN_MASK: [0m[1;34m0->1  [0m[1;34m1->2  [0m[1;34m2->3  [0m[1;34m
[pthread wrapper] SKIP MASK: 0x0
[0m[1;34m	threadid 47947266270976 -> core 1 - OK[0m[1;34m
[0m[1;34m	threadid 47947268372224 -> core 2 - OK[0m[1;34m
[0m[1;34m	threadid 47947270473472 -> core 3 - OK[0m[1;34m
[0miterations: 200
Total iterations: 48412800 LUP
FLOP: 89
Total work: 4308739200 FLOP
performance: 0.292935 GLUP/s
Performance in GFLOP/s: 26.071234
size: 250000
time: 0.165268
[1;34m[pthread wrapper] 
[0m[1;34m[pthread wrapper] MAIN -> 0
[0m[1;34m[pthread wrapper] PIN_MASK: [0m[1;34m0->1  [0m[1;34m1->2  [0m[1;34m2->3  [0m[1;34m
[pthread wrapper] SKIP MASK: 0x0
[0m[1;34m	threadid 46956290803456 -> core 1 - OK[0m[1;34m
[0m[1;34m	threadid 46956292904704 -> core 2 - OK[0m[1;34m
[0m[1;34m	threadid 46956295005952 -> core 3 - OK[0m[1;34m
[0miterations: 200
Total iterations: 48412800 LUP
FLOP: 89
Total work: 4308739200 FLOP
performance: 0.292829 GLUP/s
Performance in GFLOP/s: 26.061759
size: 250000
time: 0.165328
[1;34m[pthread wrapper] 
[0m[1;34m[pthread wrapper] MAIN -> 0
[0m[1;34m[pthread wrapper] PIN_MASK: [0m[1;34m0->1  [0m[1;34m1->2  [0m[1;34m2->3  [0m[1;34m
[pthread wrapper] SKIP MASK: 0x0
[0m[1;34m	threadid 47826220992256 -> core 1 - OK[0m[1;34m
[0m[1;34m	threadid 47826223093504 -> core 2 - OK[0m[1;34m
[0m[1;34m	threadid 47826225194752 -> core 3 - OK[0m[1;34m
[0miterations: 200
Total iterations: 48412800 LUP
FLOP: 89
Total work: 4308739200 FLOP
performance: 0.292120 GLUP/s
Performance in GFLOP/s: 25.998697
size: 250000
time: 0.165729
[1;34m[pthread wrapper] 
[0m[1;34m[pthread wrapper] MAIN -> 0
[0m[1;34m[pthread wrapper] PIN_MASK: [0m[1;34m0->1  [0m[1;34m1->2  [0m[1;34m2->3  [0m[1;34m
[pthread wrapper] SKIP MASK: 0x0
[0m[1;34m	threadid 47238160459520 -> core 1 - OK[0m[1;34m
[0m[1;34m	threadid 47238162560768 -> core 2 - OK[0m[1;34m
[0m[1;34m	threadid 47238164662016 -> core 3 - OK[0m[1;34m
[0miterations: 200
Total iterations: 48412800 LUP
FLOP: 89
Total work: 4308739200 FLOP
performance: 0.292068 GLUP/s
Performance in GFLOP/s: 25.994022
size: 250000
time: 0.165759
[1;34m[pthread wrapper] 
[0m[1;34m[pthread wrapper] MAIN -> 0
[0m[1;34m[pthread wrapper] PIN_MASK: [0m[1;34m0->1  [0m[1;34m1->2  [0m[1;34m2->3  [0m[1;34m
[pthread wrapper] SKIP MASK: 0x0
[0m[1;34m	threadid 47324889626368 -> core 1 - OK[0m[1;34m
[0m[1;34m	threadid 47324891727616 -> core 2 - OK[0m[1;34m
[0m[1;34m	threadid 47324893828864 -> core 3 - OK[0m[1;34m
[0miterations: 200
Total iterations: 48412800 LUP
FLOP: 89
Total work: 4308739200 FLOP
performance: 0.292074 GLUP/s
Performance in GFLOP/s: 25.994621
size: 250000
time: 0.165755
[1;34m[pthread wrapper] 
[0m[1;34m[pthread wrapper] MAIN -> 0
[0m[1;34m[pthread wrapper] PIN_MASK: [0m[1;34m0->1  [0m[1;34m1->2  [0m[1;34m2->3  [0m[1;34m
[pthread wrapper] SKIP MASK: 0x0
[0m[1;34m	threadid 47240205817600 -> core 1 - OK[0m[1;34m
[0m[1;34m	threadid 47240207918848 -> core 2 - OK[0m[1;34m
[0m[1;34m	threadid 47240210020096 -> core 3 - OK[0m[1;34m
[0miterations: 200
Total iterations: 48412800 LUP
FLOP: 89
Total work: 4308739200 FLOP
performance: 0.292966 GLUP/s
Performance in GFLOP/s: 26.073942
size: 250000
time: 0.165251
