[1;34m[pthread wrapper] 
[0m[1;34m[pthread wrapper] MAIN -> 0
[0m[1;34m[pthread wrapper] PIN_MASK: [0m[1;34m0->1  [0m[1;34m1->2  [0m[1;34m2->3  [0m[1;34m3->4  [0m[1;34m4->5  [0m[1;34m5->6  [0m[1;34m6->7  [0m[1;34m7->8  [0m[1;34m8->9  [0m[1;34m9->10  [0m[1;34m10->11  [0m[1;34m11->12  [0m[1;34m12->13  [0m[1;34m13->14  [0m[1;34m14->15  [0m[1;34m15->16  [0m[1;34m16->17  [0m[1;34m17->18  [0m[1;34m18->19  [0m[1;34m
[pthread wrapper] SKIP MASK: 0x0
[0m[1;34m	threadid 47828635518720 -> core 1 - OK[0m[1;34m
[0m[1;34m	threadid 47828637619968 -> core 2 - OK[0m[1;34m
[0m[1;34m	threadid 47828639721216 -> core 3 - OK[0m[1;34m
[0m[1;34m	threadid 47828641822464 -> core 4 - OK[0m[1;34m
[0m[1;34m	threadid 47828643923712 -> core 5 - OK[0m[1;34m
[0m[1;34m	threadid 47828646024960 -> core 6 - OK[0m[1;34m
[0m[1;34m	threadid 47828648126208 -> core 7 - OK[0m[1;34m
[0m[1;34m	threadid 47828650227456 -> core 8 - OK[0m[1;34m
[0m[1;34m	threadid 47828652328704 -> core 9 - OK[0m[1;34m
[0m[1;34m	threadid 47828654429952 -> core 10 - OK[0m[1;34m
[0m[1;34m	threadid 47828656531200 -> core 11 - OK[0m[1;34m
[0m[1;34m	threadid 47828658632448 -> core 12 - OK[0m[1;34m
[0m[1;34m	threadid 47828660733696 -> core 13 - OK[0m[1;34m
[0m[1;34m	threadid 47828662834944 -> core 14 - OK[0m[1;34m
[0m[1;34m	threadid 47828664936192 -> core 15 - OK[0m[1;34m
[0m[1;34m	threadid 47828667037440 -> core 16 - OK[0m[1;34m
[0m[1;34m	threadid 47828669138688 -> core 17 - OK[0m[1;34m
[0m[1;34m	threadid 47828671239936 -> core 18 - OK[0m[1;34m
[0m[1;34m	threadid 47828673341184 -> core 19 - OK[0m[1;34m
[0miterations: 200
Total iterations: 48412800 LUP
FLOP: 89
Total work: 4308739200 FLOP
performance: 1.220660 GLUP/s
Performance in GFLOP/s: 108.638734
size: 250000
time: 0.039661
[1;34m[pthread wrapper] 
[0m[1;34m[pthread wrapper] MAIN -> 0
[0m[1;34m[pthread wrapper] PIN_MASK: [0m[1;34m0->1  [0m[1;34m1->2  [0m[1;34m2->3  [0m[1;34m3->4  [0m[1;34m4->5  [0m[1;34m5->6  [0m[1;34m6->7  [0m[1;34m7->8  [0m[1;34m8->9  [0m[1;34m9->10  [0m[1;34m10->11  [0m[1;34m11->12  [0m[1;34m12->13  [0m[1;34m13->14  [0m[1;34m14->15  [0m[1;34m15->16  [0m[1;34m16->17  [0m[1;34m17->18  [0m[1;34m18->19  [0m[1;34m
[pthread wrapper] SKIP MASK: 0x0
[0m[1;34m	threadid 47319790372608 -> core 1 - OK[0m[1;34m
[0m[1;34m	threadid 47319792473856 -> core 2 - OK[0m[1;34m
[0m[1;34m	threadid 47319794575104 -> core 3 - OK[0m[1;34m
[0m[1;34m	threadid 47319796676352 -> core 4 - OK[0m[1;34m
[0m[1;34m	threadid 47319798777600 -> core 5 - OK[0m[1;34m
[0m[1;34m	threadid 47319800878848 -> core 6 - OK[0m[1;34m
[0m[1;34m	threadid 47319802980096 -> core 7 - OK[0m[1;34m
[0m[1;34m	threadid 47319805081344 -> core 8 - OK[0m[1;34m
[0m[1;34m	threadid 47319807182592 -> core 9 - OK[0m[1;34m
[0m[1;34m	threadid 47319809283840 -> core 10 - OK[0m[1;34m
[0m[1;34m	threadid 47319811385088 -> core 11 - OK[0m[1;34m
[0m[1;34m	threadid 47319813486336 -> core 12 - OK[0m[1;34m
[0m[1;34m	threadid 47319815587584 -> core 13 - OK[0m[1;34m
[0m[1;34m	threadid 47319817688832 -> core 14 - OK[0m[1;34m
[0m[1;34m	threadid 47319819790080 -> core 15 - OK[0m[1;34m
[0m[1;34m	threadid 47319821891328 -> core 16 - OK[0m[1;34m
[0m[1;34m	threadid 47319823992576 -> core 17 - OK[0m[1;34m
[0m[1;34m	threadid 47319826093824 -> core 18 - OK[0m[1;34m
[0m[1;34m	threadid 47319828195072 -> core 19 - OK[0m[1;34m
[0miterations: 200
Total iterations: 48412800 LUP
FLOP: 89
Total work: 4308739200 FLOP
performance: 1.222019 GLUP/s
Performance in GFLOP/s: 108.759686
size: 250000
time: 0.039617
[1;34m[pthread wrapper] 
[0m[1;34m[pthread wrapper] MAIN -> 0
[0m[1;34m[pthread wrapper] PIN_MASK: [0m[1;34m0->1  [0m[1;34m1->2  [0m[1;34m2->3  [0m[1;34m3->4  [0m[1;34m4->5  [0m[1;34m5->6  [0m[1;34m6->7  [0m[1;34m7->8  [0m[1;34m8->9  [0m[1;34m9->10  [0m[1;34m10->11  [0m[1;34m11->12  [0m[1;34m12->13  [0m[1;34m13->14  [0m[1;34m14->15  [0m[1;34m15->16  [0m[1;34m16->17  [0m[1;34m17->18  [0m[1;34m18->19  [0m[1;34m
[pthread wrapper] SKIP MASK: 0x0
[0m[1;34m	threadid 47665613670144 -> core 1 - OK[0m[1;34m
[0m[1;34m	threadid 47665615771392 -> core 2 - OK[0m[1;34m
[0m[1;34m	threadid 47665617872640 -> core 3 - OK[0m[1;34m
[0m[1;34m	threadid 47665619973888 -> core 4 - OK[0m[1;34m
[0m[1;34m	threadid 47665622075136 -> core 5 - OK[0m[1;34m
[0m[1;34m	threadid 47665624176384 -> core 6 - OK[0m[1;34m
[0m[1;34m	threadid 47665626277632 -> core 7 - OK[0m[1;34m
[0m[1;34m	threadid 47665628378880 -> core 8 - OK[0m[1;34m
[0m[1;34m	threadid 47665630480128 -> core 9 - OK[0m[1;34m
[0m[1;34m	threadid 47665632581376 -> core 10 - OK[0m[1;34m
[0m[1;34m	threadid 47665634682624 -> core 11 - OK[0m[1;34m
[0m[1;34m	threadid 47665636783872 -> core 12 - OK[0m[1;34m
[0m[1;34m	threadid 47665638885120 -> core 13 - OK[0m[1;34m
[0m[1;34m	threadid 47665640986368 -> core 14 - OK[0m[1;34m
[0m[1;34m	threadid 47665643087616 -> core 15 - OK[0m[1;34m
[0m[1;34m	threadid 47665645188864 -> core 16 - OK[0m[1;34m
[0m[1;34m	threadid 47665647290112 -> core 17 - OK[0m[1;34m
[0m[1;34m	threadid 47665649391360 -> core 18 - OK[0m[1;34m
[0m[1;34m	threadid 47665651492608 -> core 19 - OK[0m[1;34m
[0miterations: 200
Total iterations: 48412800 LUP
FLOP: 89
Total work: 4308739200 FLOP
performance: 1.221159 GLUP/s
Performance in GFLOP/s: 108.683161
size: 250000
time: 0.039645
[1;34m[pthread wrapper] 
[0m[1;34m[pthread wrapper] MAIN -> 0
[0m[1;34m[pthread wrapper] PIN_MASK: [0m[1;34m0->1  [0m[1;34m1->2  [0m[1;34m2->3  [0m[1;34m3->4  [0m[1;34m4->5  [0m[1;34m5->6  [0m[1;34m6->7  [0m[1;34m7->8  [0m[1;34m8->9  [0m[1;34m9->10  [0m[1;34m10->11  [0m[1;34m11->12  [0m[1;34m12->13  [0m[1;34m13->14  [0m[1;34m14->15  [0m[1;34m15->16  [0m[1;34m16->17  [0m[1;34m17->18  [0m[1;34m18->19  [0m[1;34m
[pthread wrapper] SKIP MASK: 0x0
[0m[1;34m	threadid 47978393589504 -> core 1 - OK[0m[1;34m
[0m[1;34m	threadid 47978395690752 -> core 2 - OK[0m[1;34m
[0m[1;34m	threadid 47978397792000 -> core 3 - OK[0m[1;34m
[0m[1;34m	threadid 47978399893248 -> core 4 - OK[0m[1;34m
[0m[1;34m	threadid 47978401994496 -> core 5 - OK[0m[1;34m
[0m[1;34m	threadid 47978404095744 -> core 6 - OK[0m[1;34m
[0m[1;34m	threadid 47978406196992 -> core 7 - OK[0m[1;34m
[0m[1;34m	threadid 47978408298240 -> core 8 - OK[0m[1;34m
[0m[1;34m	threadid 47978410399488 -> core 9 - OK[0m[1;34m
[0m[1;34m	threadid 47978412500736 -> core 10 - OK[0m[1;34m
[0m[1;34m	threadid 47978414601984 -> core 11 - OK[0m[1;34m
[0m[1;34m	threadid 47978416703232 -> core 12 - OK[0m[1;34m
[0m[1;34m	threadid 47978418804480 -> core 13 - OK[0m[1;34m
[0m[1;34m	threadid 47978420905728 -> core 14 - OK[0m[1;34m
[0m[1;34m	threadid 47978423006976 -> core 15 - OK[0m[1;34m
[0m[1;34m	threadid 47978425108224 -> core 16 - OK[0m[1;34m
[0m[1;34m	threadid 47978427209472 -> core 17 - OK[0m[1;34m
[0m[1;34m	threadid 47978429310720 -> core 18 - OK[0m[1;34m
[0m[1;34m	threadid 47978431411968 -> core 19 - OK[0m[1;34m
[0miterations: 200
Total iterations: 48412800 LUP
FLOP: 89
Total work: 4308739200 FLOP
performance: 1.219839 GLUP/s
Performance in GFLOP/s: 108.565640
size: 250000
time: 0.039688
[1;34m[pthread wrapper] 
[0m[1;34m[pthread wrapper] MAIN -> 0
[0m[1;34m[pthread wrapper] PIN_MASK: [0m[1;34m0->1  [0m[1;34m1->2  [0m[1;34m2->3  [0m[1;34m3->4  [0m[1;34m4->5  [0m[1;34m5->6  [0m[1;34m6->7  [0m[1;34m7->8  [0m[1;34m8->9  [0m[1;34m9->10  [0m[1;34m10->11  [0m[1;34m11->12  [0m[1;34m12->13  [0m[1;34m13->14  [0m[1;34m14->15  [0m[1;34m15->16  [0m[1;34m16->17  [0m[1;34m17->18  [0m[1;34m18->19  [0m[1;34m
[pthread wrapper] SKIP MASK: 0x0
[0m[1;34m	threadid 47620611847936 -> core 1 - OK[0m[1;34m
[0m[1;34m	threadid 47620613949184 -> core 2 - OK[0m[1;34m
[0m[1;34m	threadid 47620616050432 -> core 3 - OK[0m[1;34m
[0m[1;34m	threadid 47620618151680 -> core 4 - OK[0m[1;34m
[0m[1;34m	threadid 47620620252928 -> core 5 - OK[0m[1;34m
[0m[1;34m	threadid 47620622354176 -> core 6 - OK[0m[1;34m
[0m[1;34m	threadid 47620624455424 -> core 7 - OK[0m[1;34m
[0m[1;34m	threadid 47620626556672 -> core 8 - OK[0m[1;34m
[0m[1;34m	threadid 47620628657920 -> core 9 - OK[0m[1;34m
[0m[1;34m	threadid 47620630759168 -> core 10 - OK[0m[1;34m
[0m[1;34m	threadid 47620632860416 -> core 11 - OK[0m[1;34m
[0m[1;34m	threadid 47620634961664 -> core 12 - OK[0m[1;34m
[0m[1;34m	threadid 47620637062912 -> core 13 - OK[0m[1;34m
[0m[1;34m	threadid 47620639164160 -> core 14 - OK[0m[1;34m
[0m[1;34m	threadid 47620641265408 -> core 15 - OK[0m[1;34m
[0m[1;34m	threadid 47620643366656 -> core 16 - OK[0m[1;34m
[0m[1;34m	threadid 47620645467904 -> core 17 - OK[0m[1;34m
[0m[1;34m	threadid 47620647569152 -> core 18 - OK[0m[1;34m
[0m[1;34m	threadid 47620649670400 -> core 19 - OK[0m[1;34m
[0miterations: 200
Total iterations: 48412800 LUP
FLOP: 89
Total work: 4308739200 FLOP
performance: 1.221431 GLUP/s
Performance in GFLOP/s: 108.707350
size: 250000
time: 0.039636
[1;34m[pthread wrapper] 
[0m[1;34m[pthread wrapper] MAIN -> 0
[0m[1;34m[pthread wrapper] PIN_MASK: [0m[1;34m0->1  [0m[1;34m1->2  [0m[1;34m2->3  [0m[1;34m3->4  [0m[1;34m4->5  [0m[1;34m5->6  [0m[1;34m6->7  [0m[1;34m7->8  [0m[1;34m8->9  [0m[1;34m9->10  [0m[1;34m10->11  [0m[1;34m11->12  [0m[1;34m12->13  [0m[1;34m13->14  [0m[1;34m14->15  [0m[1;34m15->16  [0m[1;34m16->17  [0m[1;34m17->18  [0m[1;34m18->19  [0m[1;34m
[pthread wrapper] SKIP MASK: 0x0
[0m[1;34m	threadid 47880481806080 -> core 1 - OK[0m[1;34m
[0m[1;34m	threadid 47880483907328 -> core 2 - OK[0m[1;34m
[0m[1;34m	threadid 47880486008576 -> core 3 - OK[0m[1;34m
[0m[1;34m	threadid 47880488109824 -> core 4 - OK[0m[1;34m
[0m[1;34m	threadid 47880490211072 -> core 5 - OK[0m[1;34m
[0m[1;34m	threadid 47880492312320 -> core 6 - OK[0m[1;34m
[0m[1;34m	threadid 47880494413568 -> core 7 - OK[0m[1;34m
[0m[1;34m	threadid 47880496514816 -> core 8 - OK[0m[1;34m
[0m[1;34m	threadid 47880498616064 -> core 9 - OK[0m[1;34m
[0m[1;34m	threadid 47880500717312 -> core 10 - OK[0m[1;34m
[0m[1;34m	threadid 47880502818560 -> core 11 - OK[0m[1;34m
[0m[1;34m	threadid 47880504919808 -> core 12 - OK[0m[1;34m
[0m[1;34m	threadid 47880507021056 -> core 13 - OK[0m[1;34m
[0m[1;34m	threadid 47880509122304 -> core 14 - OK[0m[1;34m
[0m[1;34m	threadid 47880511223552 -> core 15 - OK[0m[1;34m
[0m[1;34m	threadid 47880513324800 -> core 16 - OK[0m[1;34m
[0m[1;34m	threadid 47880515426048 -> core 17 - OK[0m[1;34m
[0m[1;34m	threadid 47880517527296 -> core 18 - OK[0m[1;34m
[0m[1;34m	threadid 47880519628544 -> core 19 - OK[0m[1;34m
[0miterations: 200
Total iterations: 48412800 LUP
FLOP: 89
Total work: 4308739200 FLOP
performance: 1.220205 GLUP/s
Performance in GFLOP/s: 108.598259
size: 250000
time: 0.039676
[1;34m[pthread wrapper] 
[0m[1;34m[pthread wrapper] MAIN -> 0
[0m[1;34m[pthread wrapper] PIN_MASK: [0m[1;34m0->1  [0m[1;34m1->2  [0m[1;34m2->3  [0m[1;34m3->4  [0m[1;34m4->5  [0m[1;34m5->6  [0m[1;34m6->7  [0m[1;34m7->8  [0m[1;34m8->9  [0m[1;34m9->10  [0m[1;34m10->11  [0m[1;34m11->12  [0m[1;34m12->13  [0m[1;34m13->14  [0m[1;34m14->15  [0m[1;34m15->16  [0m[1;34m16->17  [0m[1;34m17->18  [0m[1;34m18->19  [0m[1;34m
[pthread wrapper] SKIP MASK: 0x0
[0m[1;34m	threadid 47628342646528 -> core 1 - OK[0m[1;34m
[0m[1;34m	threadid 47628344747776 -> core 2 - OK[0m[1;34m
[0m[1;34m	threadid 47628346849024 -> core 3 - OK[0m[1;34m
[0m[1;34m	threadid 47628348950272 -> core 4 - OK[0m[1;34m
[0m[1;34m	threadid 47628351051520 -> core 5 - OK[0m[1;34m
[0m[1;34m	threadid 47628353152768 -> core 6 - OK[0m[1;34m
[0m[1;34m	threadid 47628355254016 -> core 7 - OK[0m[1;34m
[0m[1;34m	threadid 47628357355264 -> core 8 - OK[0m[1;34m
[0m[1;34m	threadid 47628359456512 -> core 9 - OK[0m[1;34m
[0m[1;34m	threadid 47628361557760 -> core 10 - OK[0m[1;34m
[0m[1;34m	threadid 47628363659008 -> core 11 - OK[0m[1;34m
[0m[1;34m	threadid 47628365760256 -> core 12 - OK[0m[1;34m
[0m[1;34m	threadid 47628367861504 -> core 13 - OK[0m[1;34m
[0m[1;34m	threadid 47628369962752 -> core 14 - OK[0m[1;34m
[0m[1;34m	threadid 47628372064000 -> core 15 - OK[0m[1;34m
[0m[1;34m	threadid 47628374165248 -> core 16 - OK[0m[1;34m
[0m[1;34m	threadid 47628376266496 -> core 17 - OK[0m[1;34m
[0m[1;34m	threadid 47628378367744 -> core 18 - OK[0m[1;34m
[0m[1;34m	threadid 47628380468992 -> core 19 - OK[0m[1;34m
[0miterations: 200
Total iterations: 48412800 LUP
FLOP: 89
Total work: 4308739200 FLOP
performance: 1.221159 GLUP/s
Performance in GFLOP/s: 108.683161
size: 250000
time: 0.039645
[1;34m[pthread wrapper] 
[0m[1;34m[pthread wrapper] MAIN -> 0
[0m[1;34m[pthread wrapper] PIN_MASK: [0m[1;34m0->1  [0m[1;34m1->2  [0m[1;34m2->3  [0m[1;34m3->4  [0m[1;34m4->5  [0m[1;34m5->6  [0m[1;34m6->7  [0m[1;34m7->8  [0m[1;34m8->9  [0m[1;34m9->10  [0m[1;34m10->11  [0m[1;34m11->12  [0m[1;34m12->13  [0m[1;34m13->14  [0m[1;34m14->15  [0m[1;34m15->16  [0m[1;34m16->17  [0m[1;34m17->18  [0m[1;34m18->19  [0m[1;34m
[pthread wrapper] SKIP MASK: 0x0
[0m[1;34m	threadid 47967997912832 -> core 1 - OK[0m[1;34m
[0m[1;34m	threadid 47968000014080 -> core 2 - OK[0m[1;34m
[0m[1;34m	threadid 47968002115328 -> core 3 - OK[0m[1;34m
[0m[1;34m	threadid 47968004216576 -> core 4 - OK[0m[1;34m
[0m[1;34m	threadid 47968006317824 -> core 5 - OK[0m[1;34m
[0m[1;34m	threadid 47968008419072 -> core 6 - OK[0m[1;34m
[0m[1;34m	threadid 47968010520320 -> core 7 - OK[0m[1;34m
[0m[1;34m	threadid 47968012621568 -> core 8 - OK[0m[1;34m
[0m[1;34m	threadid 47968014722816 -> core 9 - OK[0m[1;34m
[0m[1;34m	threadid 47968016824064 -> core 10 - OK[0m[1;34m
[0m[1;34m	threadid 47968018925312 -> core 11 - OK[0m[1;34m
[0m[1;34m	threadid 47968021026560 -> core 12 - OK[0m[1;34m
[0m[1;34m	threadid 47968023127808 -> core 13 - OK[0m[1;34m
[0m[1;34m	threadid 47968025229056 -> core 14 - OK[0m[1;34m
[0m[1;34m	threadid 47968027330304 -> core 15 - OK[0m[1;34m
[0m[1;34m	threadid 47968029431552 -> core 16 - OK[0m[1;34m
[0m[1;34m	threadid 47968031532800 -> core 17 - OK[0m[1;34m
[0m[1;34m	threadid 47968033634048 -> core 18 - OK[0m[1;34m
[0m[1;34m	threadid 47968035735296 -> core 19 - OK[0m[1;34m
[0miterations: 200
Total iterations: 48412800 LUP
FLOP: 89
Total work: 4308739200 FLOP
performance: 1.222078 GLUP/s
Performance in GFLOP/s: 108.764923
size: 250000
time: 0.039615
[1;34m[pthread wrapper] 
[0m[1;34m[pthread wrapper] MAIN -> 0
[0m[1;34m[pthread wrapper] PIN_MASK: [0m[1;34m0->1  [0m[1;34m1->2  [0m[1;34m2->3  [0m[1;34m3->4  [0m[1;34m4->5  [0m[1;34m5->6  [0m[1;34m6->7  [0m[1;34m7->8  [0m[1;34m8->9  [0m[1;34m9->10  [0m[1;34m10->11  [0m[1;34m11->12  [0m[1;34m12->13  [0m[1;34m13->14  [0m[1;34m14->15  [0m[1;34m15->16  [0m[1;34m16->17  [0m[1;34m17->18  [0m[1;34m18->19  [0m[1;34m
[pthread wrapper] SKIP MASK: 0x0
[0m[1;34m	threadid 47693836289792 -> core 1 - OK[0m[1;34m
[0m[1;34m	threadid 47693838391040 -> core 2 - OK[0m[1;34m
[0m[1;34m	threadid 47693840492288 -> core 3 - OK[0m[1;34m
[0m[1;34m	threadid 47693842593536 -> core 4 - OK[0m[1;34m
[0m[1;34m	threadid 47693844694784 -> core 5 - OK[0m[1;34m
[0m[1;34m	threadid 47693846796032 -> core 6 - OK[0m[1;34m
[0m[1;34m	threadid 47693848897280 -> core 7 - OK[0m[1;34m
[0m[1;34m	threadid 47693850998528 -> core 8 - OK[0m[1;34m
[0m[1;34m	threadid 47693853099776 -> core 9 - OK[0m[1;34m
[0m[1;34m	threadid 47693855201024 -> core 10 - OK[0m[1;34m
[0m[1;34m	threadid 47693857302272 -> core 11 - OK[0m[1;34m
[0m[1;34m	threadid 47693859403520 -> core 12 - OK[0m[1;34m
[0m[1;34m	threadid 47693861504768 -> core 13 - OK[0m[1;34m
[0m[1;34m	threadid 47693863606016 -> core 14 - OK[0m[1;34m
[0m[1;34m	threadid 47693865707264 -> core 15 - OK[0m[1;34m
[0m[1;34m	threadid 47693867808512 -> core 16 - OK[0m[1;34m
[0m[1;34m	threadid 47693869909760 -> core 17 - OK[0m[1;34m
[0m[1;34m	threadid 47693872011008 -> core 18 - OK[0m[1;34m
[0m[1;34m	threadid 47693874112256 -> core 19 - OK[0m[1;34m
[0miterations: 200
Total iterations: 48412800 LUP
FLOP: 89
Total work: 4308739200 FLOP
performance: 1.221526 GLUP/s
Performance in GFLOP/s: 108.715851
size: 250000
time: 0.039633
[1;34m[pthread wrapper] 
[0m[1;34m[pthread wrapper] MAIN -> 0
[0m[1;34m[pthread wrapper] PIN_MASK: [0m[1;34m0->1  [0m[1;34m1->2  [0m[1;34m2->3  [0m[1;34m3->4  [0m[1;34m4->5  [0m[1;34m5->6  [0m[1;34m6->7  [0m[1;34m7->8  [0m[1;34m8->9  [0m[1;34m9->10  [0m[1;34m10->11  [0m[1;34m11->12  [0m[1;34m12->13  [0m[1;34m13->14  [0m[1;34m14->15  [0m[1;34m15->16  [0m[1;34m16->17  [0m[1;34m17->18  [0m[1;34m18->19  [0m[1;34m
[pthread wrapper] SKIP MASK: 0x0
[0m[1;34m	threadid 47364131923712 -> core 1 - OK[0m[1;34m
[0m[1;34m	threadid 47364134024960 -> core 2 - OK[0m[1;34m
[0m[1;34m	threadid 47364136126208 -> core 3 - OK[0m[1;34m
[0m[1;34m	threadid 47364138227456 -> core 4 - OK[0m[1;34m
[0m[1;34m	threadid 47364140328704 -> core 5 - OK[0m[1;34m
[0m[1;34m	threadid 47364142429952 -> core 6 - OK[0m[1;34m
[0m[1;34m	threadid 47364144531200 -> core 7 - OK[0m[1;34m
[0m[1;34m	threadid 47364146632448 -> core 8 - OK[0m[1;34m
[0m[1;34m	threadid 47364148733696 -> core 9 - OK[0m[1;34m
[0m[1;34m	threadid 47364150834944 -> core 10 - OK[0m[1;34m
[0m[1;34m	threadid 47364152936192 -> core 11 - OK[0m[1;34m
[0m[1;34m	threadid 47364155037440 -> core 12 - OK[0m[1;34m
[0m[1;34m	threadid 47364157138688 -> core 13 - OK[0m[1;34m
[0m[1;34m	threadid 47364159239936 -> core 14 - OK[0m[1;34m
[0m[1;34m	threadid 47364161341184 -> core 15 - OK[0m[1;34m
[0m[1;34m	threadid 47364163442432 -> core 16 - OK[0m[1;34m
[0m[1;34m	threadid 47364165543680 -> core 17 - OK[0m[1;34m
[0m[1;34m	threadid 47364167644928 -> core 18 - OK[0m[1;34m
[0m[1;34m	threadid 47364169746176 -> core 19 - OK[0m[1;34m
[0miterations: 200
Total iterations: 48412800 LUP
FLOP: 89
Total work: 4308739200 FLOP
performance: 1.221431 GLUP/s
Performance in GFLOP/s: 108.707350
size: 250000
time: 0.039636
