[1;34m[pthread wrapper] 
[0m[1;34m[pthread wrapper] MAIN -> 0
[0m[1;34m[pthread wrapper] PIN_MASK: [0m[1;34m0->1  [0m[1;34m1->2  [0m[1;34m2->3  [0m[1;34m
[pthread wrapper] SKIP MASK: 0x0
[0m[1;34m	threadid 47136341952256 -> core 1 - OK[0m[1;34m
[0m[1;34m	threadid 47136344053504 -> core 2 - OK[0m[1;34m
[0m[1;34m	threadid 47136346154752 -> core 3 - OK[0m[1;34m
[0miterations: 200
Total iterations: 48412800 LUP
FLOP: 89
Total work: 4308739200 FLOP
performance: 0.293038 GLUP/s
Performance in GFLOP/s: 26.080376
size: 250000
time: 0.165210
[1;34m[pthread wrapper] 
[0m[1;34m[pthread wrapper] MAIN -> 0
[0m[1;34m[pthread wrapper] PIN_MASK: [0m[1;34m0->1  [0m[1;34m1->2  [0m[1;34m2->3  [0m[1;34m
[pthread wrapper] SKIP MASK: 0x0
[0m[1;34m	threadid 47295680067328 -> core 1 - OK[0m[1;34m
[0m[1;34m	threadid 47295682168576 -> core 2 - OK[0m[1;34m
[0m[1;34m	threadid 47295684269824 -> core 3 - OK[0m[1;34m
[0miterations: 200
Total iterations: 48412800 LUP
FLOP: 89
Total work: 4308739200 FLOP
performance: 0.292900 GLUP/s
Performance in GFLOP/s: 26.068075
size: 250000
time: 0.165288
[1;34m[pthread wrapper] 
[0m[1;34m[pthread wrapper] MAIN -> 0
[0m[1;34m[pthread wrapper] PIN_MASK: [0m[1;34m0->1  [0m[1;34m1->2  [0m[1;34m2->3  [0m[1;34m
[pthread wrapper] SKIP MASK: 0x0
[0m[1;34m	threadid 47479340697344 -> core 1 - OK[0m[1;34m
[0m[1;34m	threadid 47479342798592 -> core 2 - OK[0m[1;34m
[0m[1;34m	threadid 47479344899840 -> core 3 - OK[0m[1;34m
[0miterations: 200
Total iterations: 48412800 LUP
FLOP: 89
Total work: 4308739200 FLOP
performance: 0.292002 GLUP/s
Performance in GFLOP/s: 25.988191
size: 250000
time: 0.165796
[1;34m[pthread wrapper] 
[0m[1;34m[pthread wrapper] MAIN -> 0
[0m[1;34m[pthread wrapper] PIN_MASK: [0m[1;34m0->1  [0m[1;34m1->2  [0m[1;34m2->3  [0m[1;34m
[pthread wrapper] SKIP MASK: 0x0
[0m[1;34m	threadid 47811706537728 -> core 1 - OK[0m[1;34m
[0m[1;34m	threadid 47811708638976 -> core 2 - OK[0m[1;34m
[0m[1;34m	threadid 47811710740224 -> core 3 - OK[0m[1;34m
[0miterations: 200
Total iterations: 48412800 LUP
FLOP: 89
Total work: 4308739200 FLOP
performance: 0.292740 GLUP/s
Performance in GFLOP/s: 26.053869
size: 250000
time: 0.165378
[1;34m[pthread wrapper] 
[0m[1;34m[pthread wrapper] MAIN -> 0
[0m[1;34m[pthread wrapper] PIN_MASK: [0m[1;34m0->1  [0m[1;34m1->2  [0m[1;34m2->3  [0m[1;34m
[pthread wrapper] SKIP MASK: 0x0
[0m[1;34m	threadid 46922299574016 -> core 1 - OK[0m[1;34m
[0m[1;34m	threadid 46922301675264 -> core 2 - OK[0m[1;34m
[0m[1;34m	threadid 46922303776512 -> core 3 - OK[0m[1;34m
[0miterations: 200
Total iterations: 48412800 LUP
FLOP: 89
Total work: 4308739200 FLOP
performance: 0.292855 GLUP/s
Performance in GFLOP/s: 26.064127
size: 250000
time: 0.165313
[1;34m[pthread wrapper] 
[0m[1;34m[pthread wrapper] MAIN -> 0
[0m[1;34m[pthread wrapper] PIN_MASK: [0m[1;34m0->1  [0m[1;34m1->2  [0m[1;34m2->3  [0m[1;34m
[pthread wrapper] SKIP MASK: 0x0
[0m[1;34m	threadid 47392171812608 -> core 1 - OK[0m[1;34m
[0m[1;34m	threadid 47392173913856 -> core 2 - OK[0m[1;34m
[0m[1;34m	threadid 47392176015104 -> core 3 - OK[0m[1;34m
[0miterations: 200
Total iterations: 48412800 LUP
FLOP: 89
Total work: 4308739200 FLOP
performance: 0.292061 GLUP/s
Performance in GFLOP/s: 25.993387
size: 250000
time: 0.165763
[1;34m[pthread wrapper] 
[0m[1;34m[pthread wrapper] MAIN -> 0
[0m[1;34m[pthread wrapper] PIN_MASK: [0m[1;34m0->1  [0m[1;34m1->2  [0m[1;34m2->3  [0m[1;34m
[pthread wrapper] SKIP MASK: 0x0
[0m[1;34m	threadid 47921951807232 -> core 1 - OK[0m[1;34m
[0m[1;34m	threadid 47921953908480 -> core 2 - OK[0m[1;34m
[0m[1;34m	threadid 47921956009728 -> core 3 - OK[0m[1;34m
[0miterations: 200
Total iterations: 48412800 LUP
FLOP: 89
Total work: 4308739200 FLOP
performance: 0.292041 GLUP/s
Performance in GFLOP/s: 25.991630
size: 250000
time: 0.165774
[1;34m[pthread wrapper] 
[0m[1;34m[pthread wrapper] MAIN -> 0
[0m[1;34m[pthread wrapper] PIN_MASK: [0m[1;34m0->1  [0m[1;34m1->2  [0m[1;34m2->3  [0m[1;34m
[pthread wrapper] SKIP MASK: 0x0
[0m[1;34m	threadid 47441826862848 -> core 1 - OK[0m[1;34m
[0m[1;34m	threadid 47441828964096 -> core 2 - OK[0m[1;34m
[0m[1;34m	threadid 47441831065344 -> core 3 - OK[0m[1;34m
[0miterations: 200
Total iterations: 48412800 LUP
FLOP: 89
Total work: 4308739200 FLOP
performance: 0.292926 GLUP/s
Performance in GFLOP/s: 26.070444
size: 250000
time: 0.165273
[1;34m[pthread wrapper] 
[0m[1;34m[pthread wrapper] MAIN -> 0
[0m[1;34m[pthread wrapper] PIN_MASK: [0m[1;34m0->1  [0m[1;34m1->2  [0m[1;34m2->3  [0m[1;34m
[pthread wrapper] SKIP MASK: 0x0
[0m[1;34m	threadid 47270258591488 -> core 1 - OK[0m[1;34m
[0m[1;34m	threadid 47270260692736 -> core 2 - OK[0m[1;34m
[0m[1;34m	threadid 47270262793984 -> core 3 - OK[0m[1;34m
[0miterations: 200
Total iterations: 48412800 LUP
FLOP: 89
Total work: 4308739200 FLOP
performance: 0.292820 GLUP/s
Performance in GFLOP/s: 26.060970
size: 250000
time: 0.165333
[1;34m[pthread wrapper] 
[0m[1;34m[pthread wrapper] MAIN -> 0
[0m[1;34m[pthread wrapper] PIN_MASK: [0m[1;34m0->1  [0m[1;34m1->2  [0m[1;34m2->3  [0m[1;34m
[pthread wrapper] SKIP MASK: 0x0
[0m[1;34m	threadid 47893420099328 -> core 1 - OK[0m[1;34m
[0m[1;34m	threadid 47893422200576 -> core 2 - OK[0m[1;34m
[0m[1;34m	threadid 47893424301824 -> core 3 - OK[0m[1;34m
[0miterations: 200
Total iterations: 48412800 LUP
FLOP: 89
Total work: 4308739200 FLOP
performance: 0.292025 GLUP/s
Performance in GFLOP/s: 25.990247
size: 250000
time: 0.165783
