iterations: 120
Total iterations: 1074247680 LUP
FLOP: 89
Total work: 95608043520 FLOP
performance: 0.734073 GLUP/s
Performance in GFLOP/s: 65.332502
size: 9000000
time: 1.463407
iterations: 120
Total iterations: 1074247680 LUP
FLOP: 89
Total work: 95608043520 FLOP
performance: 0.735875 GLUP/s
Performance in GFLOP/s: 65.492863
size: 9000000
time: 1.459824
iterations: 120
Total iterations: 1074247680 LUP
FLOP: 89
Total work: 95608043520 FLOP
performance: 0.735183 GLUP/s
Performance in GFLOP/s: 65.431278
size: 9000000
time: 1.461198
iterations: 120
Total iterations: 1074247680 LUP
FLOP: 89
Total work: 95608043520 FLOP
performance: 0.740749 GLUP/s
Performance in GFLOP/s: 65.926672
size: 9000000
time: 1.450218
iterations: 120
Total iterations: 1074247680 LUP
FLOP: 89
Total work: 95608043520 FLOP
performance: 0.734741 GLUP/s
Performance in GFLOP/s: 65.391982
size: 9000000
time: 1.462076
iterations: 120
Total iterations: 1074247680 LUP
FLOP: 89
Total work: 95608043520 FLOP
performance: 0.739037 GLUP/s
Performance in GFLOP/s: 65.774321
size: 9000000
time: 1.453577
iterations: 120
Total iterations: 1074247680 LUP
FLOP: 89
Total work: 95608043520 FLOP
performance: 0.741232 GLUP/s
Performance in GFLOP/s: 65.969653
size: 9000000
time: 1.449273
iterations: 120
Total iterations: 1074247680 LUP
FLOP: 89
Total work: 95608043520 FLOP
performance: 0.733387 GLUP/s
Performance in GFLOP/s: 65.271399
size: 9000000
time: 1.464777
iterations: 120
Total iterations: 1074247680 LUP
FLOP: 89
Total work: 95608043520 FLOP
performance: 0.735615 GLUP/s
Performance in GFLOP/s: 65.469714
size: 9000000
time: 1.460340
iterations: 120
Total iterations: 1074247680 LUP
FLOP: 89
Total work: 95608043520 FLOP
performance: 0.739807 GLUP/s
Performance in GFLOP/s: 65.842813
size: 9000000
time: 1.452065
