[1;34m[pthread wrapper] 
[0m[1;34m[pthread wrapper] MAIN -> 0
[0m[1;34m[pthread wrapper] PIN_MASK: [0m[1;34m0->1  [0m[1;34m1->2  [0m[1;34m2->3  [0m[1;34m
[pthread wrapper] SKIP MASK: 0x0
[0m[1;34m	threadid 47794378356480 -> core 1 - OK[0m[1;34m
[0m[1;34m	threadid 47794380457728 -> core 2 - OK[0m[1;34m
[0m[1;34m	threadid 47794382558976 -> core 3 - OK[0m[1;34m
[0miterations: 120
Total iterations: 1074247680 LUP
FLOP: 89
Total work: 95608043520 FLOP
performance: 0.301980 GLUP/s
Performance in GFLOP/s: 26.876213
size: 9000000
time: 3.557348
[1;34m[pthread wrapper] 
[0m[1;34m[pthread wrapper] MAIN -> 0
[0m[1;34m[pthread wrapper] PIN_MASK: [0m[1;34m0->1  [0m[1;34m1->2  [0m[1;34m2->3  [0m[1;34m
[pthread wrapper] SKIP MASK: 0x0
[0m[1;34m	threadid 47746357262080 -> core 1 - OK[0m[1;34m
[0m[1;34m	threadid 47746359363328 -> core 2 - OK[0m[1;34m
[0m[1;34m	threadid 47746361464576 -> core 3 - OK[0m[1;34m
[0miterations: 120
Total iterations: 1074247680 LUP
FLOP: 89
Total work: 95608043520 FLOP
performance: 0.301951 GLUP/s
Performance in GFLOP/s: 26.873683
size: 9000000
time: 3.557683
[1;34m[pthread wrapper] 
[0m[1;34m[pthread wrapper] MAIN -> 0
[0m[1;34m[pthread wrapper] PIN_MASK: [0m[1;34m0->1  [0m[1;34m1->2  [0m[1;34m2->3  [0m[1;34m
[pthread wrapper] SKIP MASK: 0x0
[0m[1;34m	threadid 47835360974592 -> core 1 - OK[0m[1;34m
[0m[1;34m	threadid 47835363075840 -> core 2 - OK[0m[1;34m
[0m[1;34m	threadid 47835365177088 -> core 3 - OK[0m[1;34m
[0miterations: 120
Total iterations: 1074247680 LUP
FLOP: 89
Total work: 95608043520 FLOP
performance: 0.293513 GLUP/s
Performance in GFLOP/s: 26.122639
size: 9000000
time: 3.659969
[1;34m[pthread wrapper] 
[0m[1;34m[pthread wrapper] MAIN -> 0
[0m[1;34m[pthread wrapper] PIN_MASK: [0m[1;34m0->1  [0m[1;34m1->2  [0m[1;34m2->3  [0m[1;34m
[pthread wrapper] SKIP MASK: 0x0
[0m[1;34m	threadid 47961681528576 -> core 1 - OK[0m[1;34m
[0m[1;34m	threadid 47961683629824 -> core 2 - OK[0m[1;34m
[0m[1;34m	threadid 47961685731072 -> core 3 - OK[0m[1;34m
[0miterations: 120
Total iterations: 1074247680 LUP
FLOP: 89
Total work: 95608043520 FLOP
performance: 0.298857 GLUP/s
Performance in GFLOP/s: 26.598264
size: 9000000
time: 3.594522
[1;34m[pthread wrapper] 
[0m[1;34m[pthread wrapper] MAIN -> 0
[0m[1;34m[pthread wrapper] PIN_MASK: [0m[1;34m0->1  [0m[1;34m1->2  [0m[1;34m2->3  [0m[1;34m
[pthread wrapper] SKIP MASK: 0x0
[0m[1;34m	threadid 47228124747520 -> core 1 - OK[0m[1;34m
[0m[1;34m	threadid 47228126848768 -> core 2 - OK[0m[1;34m
[0m[1;34m	threadid 47228128950016 -> core 3 - OK[0m[1;34m
[0miterations: 120
Total iterations: 1074247680 LUP
FLOP: 89
Total work: 95608043520 FLOP
performance: 0.301813 GLUP/s
Performance in GFLOP/s: 26.861375
size: 9000000
time: 3.559313
[1;34m[pthread wrapper] 
[0m[1;34m[pthread wrapper] MAIN -> 0
[0m[1;34m[pthread wrapper] PIN_MASK: [0m[1;34m0->1  [0m[1;34m1->2  [0m[1;34m2->3  [0m[1;34m
[pthread wrapper] SKIP MASK: 0x0
[0m[1;34m	threadid 47453792212736 -> core 1 - OK[0m[1;34m
[0m[1;34m	threadid 47453794313984 -> core 2 - OK[0m[1;34m
[0m[1;34m	threadid 47453796415232 -> core 3 - OK[0m[1;34m
[0miterations: 120
Total iterations: 1074247680 LUP
FLOP: 89
Total work: 95608043520 FLOP
performance: 0.290441 GLUP/s
Performance in GFLOP/s: 25.849268
size: 9000000
time: 3.698675
[1;34m[pthread wrapper] 
[0m[1;34m[pthread wrapper] MAIN -> 0
[0m[1;34m[pthread wrapper] PIN_MASK: [0m[1;34m0->1  [0m[1;34m1->2  [0m[1;34m2->3  [0m[1;34m
[pthread wrapper] SKIP MASK: 0x0
[0m[1;34m	threadid 47071115609856 -> core 1 - OK[0m[1;34m
[0m[1;34m	threadid 47071117711104 -> core 2 - OK[0m[1;34m
[0m[1;34m	threadid 47071119812352 -> core 3 - OK[0m[1;34m
[0miterations: 120
Total iterations: 1074247680 LUP
FLOP: 89
Total work: 95608043520 FLOP
performance: 0.302123 GLUP/s
Performance in GFLOP/s: 26.888911
size: 9000000
time: 3.555668
[1;34m[pthread wrapper] 
[0m[1;34m[pthread wrapper] MAIN -> 0
[0m[1;34m[pthread wrapper] PIN_MASK: [0m[1;34m0->1  [0m[1;34m1->2  [0m[1;34m2->3  [0m[1;34m
[pthread wrapper] SKIP MASK: 0x0
[0m[1;34m	threadid 47008188700416 -> core 1 - OK[0m[1;34m
[0m[1;34m	threadid 47008190801664 -> core 2 - OK[0m[1;34m
[0m[1;34m	threadid 47008192902912 -> core 3 - OK[0m[1;34m
[0miterations: 120
Total iterations: 1074247680 LUP
FLOP: 89
Total work: 95608043520 FLOP
performance: 0.301931 GLUP/s
Performance in GFLOP/s: 26.871855
size: 9000000
time: 3.557925
[1;34m[pthread wrapper] 
[0m[1;34m[pthread wrapper] MAIN -> 0
[0m[1;34m[pthread wrapper] PIN_MASK: [0m[1;34m0->1  [0m[1;34m1->2  [0m[1;34m2->3  [0m[1;34m
[pthread wrapper] SKIP MASK: 0x0
[0m[1;34m	threadid 47293083510528 -> core 1 - OK[0m[1;34m
[0m[1;34m	threadid 47293085611776 -> core 2 - OK[0m[1;34m
[0m[1;34m	threadid 47293087713024 -> core 3 - OK[0m[1;34m
[0miterations: 120
Total iterations: 1074247680 LUP
FLOP: 89
Total work: 95608043520 FLOP
performance: 0.301983 GLUP/s
Performance in GFLOP/s: 26.876485
size: 9000000
time: 3.557312
[1;34m[pthread wrapper] 
[0m[1;34m[pthread wrapper] MAIN -> 0
[0m[1;34m[pthread wrapper] PIN_MASK: [0m[1;34m0->1  [0m[1;34m1->2  [0m[1;34m2->3  [0m[1;34m
[pthread wrapper] SKIP MASK: 0x0
[0m[1;34m	threadid 47403618961152 -> core 1 - OK[0m[1;34m
[0m[1;34m	threadid 47403621062400 -> core 2 - OK[0m[1;34m
[0m[1;34m	threadid 47403623163648 -> core 3 - OK[0m[1;34m
[0miterations: 120
Total iterations: 1074247680 LUP
FLOP: 89
Total work: 95608043520 FLOP
performance: 0.302001 GLUP/s
Performance in GFLOP/s: 26.878124
size: 9000000
time: 3.557095
