[1;34m[pthread wrapper] 
[0m[1;34m[pthread wrapper] MAIN -> 0
[0m[1;34m[pthread wrapper] PIN_MASK: [0m[1;34m0->1  [0m[1;34m1->2  [0m[1;34m2->10  [0m[1;34m3->11  [0m[1;34m4->12  [0m[1;34m
[pthread wrapper] SKIP MASK: 0x0
[0m[1;34m	threadid 47392896579328 -> core 1 - OK[0m[1;34m
[0m[1;34m	threadid 47392898680576 -> core 2 - OK[0m[1;34m
[0m[1;34m	threadid 47392900781824 -> core 10 - OK[0m[1;34m
[0m[1;34m	threadid 47392902883072 -> core 11 - OK[0m[1;34m
[0m[1;34m	threadid 47392904984320 -> core 12 - OK[0m[1;34m
[0miterations: 120
Total iterations: 1074247680 LUP
FLOP: 89
Total work: 95608043520 FLOP
performance: 0.448057 GLUP/s
Performance in GFLOP/s: 39.877094
size: 9000000
time: 2.397568
[1;34m[pthread wrapper] 
[0m[1;34m[pthread wrapper] MAIN -> 0
[0m[1;34m[pthread wrapper] PIN_MASK: [0m[1;34m0->1  [0m[1;34m1->2  [0m[1;34m2->10  [0m[1;34m3->11  [0m[1;34m4->12  [0m[1;34m
[pthread wrapper] SKIP MASK: 0x0
[0m[1;34m	threadid 47543614953216 -> core 1 - OK[0m[1;34m
[0m[1;34m	threadid 47543617054464 -> core 2 - OK[0m[1;34m
[0m[1;34m	threadid 47543619155712 -> core 10 - OK[0m[1;34m
[0m[1;34m	threadid 47543621256960 -> core 11 - OK[0m[1;34m
[0m[1;34m	threadid 47543623358208 -> core 12 - OK[0m[1;34m
[0miterations: 120
Total iterations: 1074247680 LUP
FLOP: 89
Total work: 95608043520 FLOP
performance: 0.446385 GLUP/s
Performance in GFLOP/s: 39.728245
size: 9000000
time: 2.406551
[1;34m[pthread wrapper] 
[0m[1;34m[pthread wrapper] MAIN -> 0
[0m[1;34m[pthread wrapper] PIN_MASK: [0m[1;34m0->1  [0m[1;34m1->2  [0m[1;34m2->10  [0m[1;34m3->11  [0m[1;34m4->12  [0m[1;34m
[pthread wrapper] SKIP MASK: 0x0
[0m[1;34m	threadid 47040688170752 -> core 1 - OK[0m[1;34m
[0m[1;34m	threadid 47040690272000 -> core 2 - OK[0m[1;34m
[0m[1;34m	threadid 47040692373248 -> core 10 - OK[0m[1;34m
[0m[1;34m	threadid 47040694474496 -> core 11 - OK[0m[1;34m
[0m[1;34m	threadid 47040696575744 -> core 12 - OK[0m[1;34m
[0miterations: 120
Total iterations: 1074247680 LUP
FLOP: 89
Total work: 95608043520 FLOP
performance: 0.447281 GLUP/s
Performance in GFLOP/s: 39.808040
size: 9000000
time: 2.401727
[1;34m[pthread wrapper] 
[0m[1;34m[pthread wrapper] MAIN -> 0
[0m[1;34m[pthread wrapper] PIN_MASK: [0m[1;34m0->1  [0m[1;34m1->2  [0m[1;34m2->10  [0m[1;34m3->11  [0m[1;34m4->12  [0m[1;34m
[pthread wrapper] SKIP MASK: 0x0
[0m[1;34m	threadid 47774447601408 -> core 1 - OK[0m[1;34m
[0m[1;34m	threadid 47774449702656 -> core 2 - OK[0m[1;34m
[0m[1;34m	threadid 47774451803904 -> core 10 - OK[0m[1;34m
[0m[1;34m	threadid 47774453905152 -> core 11 - OK[0m[1;34m
[0m[1;34m	threadid 47774456006400 -> core 12 - OK[0m[1;34m
[0miterations: 120
Total iterations: 1074247680 LUP
FLOP: 89
Total work: 95608043520 FLOP
performance: 0.446940 GLUP/s
Performance in GFLOP/s: 39.777683
size: 9000000
time: 2.403560
[1;34m[pthread wrapper] 
[0m[1;34m[pthread wrapper] MAIN -> 0
[0m[1;34m[pthread wrapper] PIN_MASK: [0m[1;34m0->1  [0m[1;34m1->2  [0m[1;34m2->10  [0m[1;34m3->11  [0m[1;34m4->12  [0m[1;34m
[pthread wrapper] SKIP MASK: 0x0
[0m[1;34m	threadid 47860701968128 -> core 1 - OK[0m[1;34m
[0m[1;34m	threadid 47860704069376 -> core 2 - OK[0m[1;34m
[0m[1;34m	threadid 47860706170624 -> core 10 - OK[0m[1;34m
[0m[1;34m	threadid 47860708271872 -> core 11 - OK[0m[1;34m
[0m[1;34m	threadid 47860710373120 -> core 12 - OK[0m[1;34m
[0miterations: 120
Total iterations: 1074247680 LUP
FLOP: 89
Total work: 95608043520 FLOP
performance: 0.446615 GLUP/s
Performance in GFLOP/s: 39.748758
size: 9000000
time: 2.405309
[1;34m[pthread wrapper] 
[0m[1;34m[pthread wrapper] MAIN -> 0
[0m[1;34m[pthread wrapper] PIN_MASK: [0m[1;34m0->1  [0m[1;34m1->2  [0m[1;34m2->10  [0m[1;34m3->11  [0m[1;34m4->12  [0m[1;34m
[pthread wrapper] SKIP MASK: 0x0
[0m[1;34m	threadid 47716287567616 -> core 1 - OK[0m[1;34m
[0m[1;34m	threadid 47716289668864 -> core 2 - OK[0m[1;34m
[0m[1;34m	threadid 47716291770112 -> core 10 - OK[0m[1;34m
[0m[1;34m	threadid 47716293871360 -> core 11 - OK[0m[1;34m
[0m[1;34m	threadid 47716295972608 -> core 12 - OK[0m[1;34m
[0miterations: 120
Total iterations: 1074247680 LUP
FLOP: 89
Total work: 95608043520 FLOP
performance: 0.447300 GLUP/s
Performance in GFLOP/s: 39.809744
size: 9000000
time: 2.401624
[1;34m[pthread wrapper] 
[0m[1;34m[pthread wrapper] MAIN -> 0
[0m[1;34m[pthread wrapper] PIN_MASK: [0m[1;34m0->1  [0m[1;34m1->2  [0m[1;34m2->10  [0m[1;34m3->11  [0m[1;34m4->12  [0m[1;34m
[pthread wrapper] SKIP MASK: 0x0
[0m[1;34m	threadid 47335207532288 -> core 1 - OK[0m[1;34m
[0m[1;34m	threadid 47335209633536 -> core 2 - OK[0m[1;34m
[0m[1;34m	threadid 47335211734784 -> core 10 - OK[0m[1;34m
[0m[1;34m	threadid 47335213836032 -> core 11 - OK[0m[1;34m
[0m[1;34m	threadid 47335215937280 -> core 12 - OK[0m[1;34m
[0miterations: 120
Total iterations: 1074247680 LUP
FLOP: 89
Total work: 95608043520 FLOP
performance: 0.447011 GLUP/s
Performance in GFLOP/s: 39.784005
size: 9000000
time: 2.403178
[1;34m[pthread wrapper] 
[0m[1;34m[pthread wrapper] MAIN -> 0
[0m[1;34m[pthread wrapper] PIN_MASK: [0m[1;34m0->1  [0m[1;34m1->2  [0m[1;34m2->10  [0m[1;34m3->11  [0m[1;34m4->12  [0m[1;34m
[pthread wrapper] SKIP MASK: 0x0
[0m[1;34m	threadid 47708263560960 -> core 1 - OK[0m[1;34m
[0m[1;34m	threadid 47708265662208 -> core 2 - OK[0m[1;34m
[0m[1;34m	threadid 47708267763456 -> core 10 - OK[0m[1;34m
[0m[1;34m	threadid 47708269864704 -> core 11 - OK[0m[1;34m
[0m[1;34m	threadid 47708271965952 -> core 12 - OK[0m[1;34m
[0miterations: 120
Total iterations: 1074247680 LUP
FLOP: 89
Total work: 95608043520 FLOP
performance: 0.446397 GLUP/s
Performance in GFLOP/s: 39.729300
size: 9000000
time: 2.406487
[1;34m[pthread wrapper] 
[0m[1;34m[pthread wrapper] MAIN -> 0
[0m[1;34m[pthread wrapper] PIN_MASK: [0m[1;34m0->1  [0m[1;34m1->2  [0m[1;34m2->10  [0m[1;34m3->11  [0m[1;34m4->12  [0m[1;34m
[pthread wrapper] SKIP MASK: 0x0
[0m[1;34m	threadid 47009573959424 -> core 1 - OK[0m[1;34m
[0m[1;34m	threadid 47009576060672 -> core 2 - OK[0m[1;34m
[0m[1;34m	threadid 47009578161920 -> core 10 - OK[0m[1;34m
[0m[1;34m	threadid 47009580263168 -> core 11 - OK[0m[1;34m
[0m[1;34m	threadid 47009582364416 -> core 12 - OK[0m[1;34m
[0miterations: 120
Total iterations: 1074247680 LUP
FLOP: 89
Total work: 95608043520 FLOP
performance: 0.446162 GLUP/s
Performance in GFLOP/s: 39.708410
size: 9000000
time: 2.407753
[1;34m[pthread wrapper] 
[0m[1;34m[pthread wrapper] MAIN -> 0
[0m[1;34m[pthread wrapper] PIN_MASK: [0m[1;34m0->1  [0m[1;34m1->2  [0m[1;34m2->10  [0m[1;34m3->11  [0m[1;34m4->12  [0m[1;34m
[pthread wrapper] SKIP MASK: 0x0
[0m[1;34m	threadid 47658683336448 -> core 1 - OK[0m[1;34m
[0m[1;34m	threadid 47658685437696 -> core 2 - OK[0m[1;34m
[0m[1;34m	threadid 47658687538944 -> core 10 - OK[0m[1;34m
[0m[1;34m	threadid 47658689640192 -> core 11 - OK[0m[1;34m
[0m[1;34m	threadid 47658691741440 -> core 12 - OK[0m[1;34m
[0miterations: 120
Total iterations: 1074247680 LUP
FLOP: 89
Total work: 95608043520 FLOP
performance: 0.446881 GLUP/s
Performance in GFLOP/s: 39.772372
size: 9000000
time: 2.403881
