[1;34m[pthread wrapper] 
[0m[1;34m[pthread wrapper] MAIN -> 0
[0m[1;34m[pthread wrapper] PIN_MASK: [0m[1;34m0->1  [0m[1;34m1->2  [0m[1;34m2->3  [0m[1;34m3->10  [0m[1;34m4->11  [0m[1;34m5->12  [0m[1;34m6->13  [0m[1;34m
[pthread wrapper] SKIP MASK: 0x0
[0m[1;34m	threadid 46927450052352 -> core 1 - OK[0m[1;34m
[0m[1;34m	threadid 46927452153600 -> core 2 - OK[0m[1;34m
[0m[1;34m	threadid 46927454254848 -> core 3 - OK[0m[1;34m
[0m[1;34m	threadid 46927456356096 -> core 10 - OK[0m[1;34m
[0m[1;34m	threadid 46927458457344 -> core 11 - OK[0m[1;34m
[0m[1;34m	threadid 46927460558592 -> core 12 - OK[0m[1;34m
[0m[1;34m	threadid 46927462659840 -> core 13 - OK[0m[1;34m
[0miterations: 200
Total iterations: 48412800 LUP
FLOP: 89
Total work: 4308739200 FLOP
performance: 0.542775 GLUP/s
Performance in GFLOP/s: 48.306952
size: 250000
time: 0.089195
[1;34m[pthread wrapper] 
[0m[1;34m[pthread wrapper] MAIN -> 0
[0m[1;34m[pthread wrapper] PIN_MASK: [0m[1;34m0->1  [0m[1;34m1->2  [0m[1;34m2->3  [0m[1;34m3->10  [0m[1;34m4->11  [0m[1;34m5->12  [0m[1;34m6->13  [0m[1;34m
[pthread wrapper] SKIP MASK: 0x0
[0m[1;34m	threadid 47290554246912 -> core 1 - OK[0m[1;34m
[0m[1;34m	threadid 47290556348160 -> core 2 - OK[0m[1;34m
[0m[1;34m	threadid 47290558449408 -> core 3 - OK[0m[1;34m
[0m[1;34m	threadid 47290560550656 -> core 10 - OK[0m[1;34m
[0m[1;34m	threadid 47290562651904 -> core 11 - OK[0m[1;34m
[0m[1;34m	threadid 47290564753152 -> core 12 - OK[0m[1;34m
[0m[1;34m	threadid 47290566854400 -> core 13 - OK[0m[1;34m
[0miterations: 200
Total iterations: 48412800 LUP
FLOP: 89
Total work: 4308739200 FLOP
performance: 0.542933 GLUP/s
Performance in GFLOP/s: 48.321031
size: 250000
time: 0.089169
[1;34m[pthread wrapper] 
[0m[1;34m[pthread wrapper] MAIN -> 0
[0m[1;34m[pthread wrapper] PIN_MASK: [0m[1;34m0->1  [0m[1;34m1->2  [0m[1;34m2->3  [0m[1;34m3->10  [0m[1;34m4->11  [0m[1;34m5->12  [0m[1;34m6->13  [0m[1;34m
[pthread wrapper] SKIP MASK: 0x0
[0m[1;34m	threadid 47748741969664 -> core 1 - OK[0m[1;34m
[0m[1;34m	threadid 47748744070912 -> core 2 - OK[0m[1;34m
[0m[1;34m	threadid 47748746172160 -> core 3 - OK[0m[1;34m
[0m[1;34m	threadid 47748748273408 -> core 10 - OK[0m[1;34m
[0m[1;34m	threadid 47748750374656 -> core 11 - OK[0m[1;34m
[0m[1;34m	threadid 47748752475904 -> core 12 - OK[0m[1;34m
[0m[1;34m	threadid 47748754577152 -> core 13 - OK[0m[1;34m
[0miterations: 200
Total iterations: 48412800 LUP
FLOP: 89
Total work: 4308739200 FLOP
performance: 0.541173 GLUP/s
Performance in GFLOP/s: 48.164433
size: 250000
time: 0.089459
[1;34m[pthread wrapper] 
[0m[1;34m[pthread wrapper] MAIN -> 0
[0m[1;34m[pthread wrapper] PIN_MASK: [0m[1;34m0->1  [0m[1;34m1->2  [0m[1;34m2->3  [0m[1;34m3->10  [0m[1;34m4->11  [0m[1;34m5->12  [0m[1;34m6->13  [0m[1;34m
[pthread wrapper] SKIP MASK: 0x0
[0m[1;34m	threadid 47945406015232 -> core 1 - OK[0m[1;34m
[0m[1;34m	threadid 47945408116480 -> core 2 - OK[0m[1;34m
[0m[1;34m	threadid 47945410217728 -> core 3 - OK[0m[1;34m
[0m[1;34m	threadid 47945412318976 -> core 10 - OK[0m[1;34m
[0m[1;34m	threadid 47945414420224 -> core 11 - OK[0m[1;34m
[0m[1;34m	threadid 47945416521472 -> core 12 - OK[0m[1;34m
[0m[1;34m	threadid 47945418622720 -> core 13 - OK[0m[1;34m
[0miterations: 200
Total iterations: 48412800 LUP
FLOP: 89
Total work: 4308739200 FLOP
performance: 0.543080 GLUP/s
Performance in GFLOP/s: 48.334083
size: 250000
time: 0.089145
[1;34m[pthread wrapper] 
[0m[1;34m[pthread wrapper] MAIN -> 0
[0m[1;34m[pthread wrapper] PIN_MASK: [0m[1;34m0->1  [0m[1;34m1->2  [0m[1;34m2->3  [0m[1;34m3->10  [0m[1;34m4->11  [0m[1;34m5->12  [0m[1;34m6->13  [0m[1;34m
[pthread wrapper] SKIP MASK: 0x0
[0m[1;34m	threadid 47689397118720 -> core 1 - OK[0m[1;34m
[0m[1;34m	threadid 47689399219968 -> core 2 - OK[0m[1;34m
[0m[1;34m	threadid 47689401321216 -> core 3 - OK[0m[1;34m
[0m[1;34m	threadid 47689403422464 -> core 10 - OK[0m[1;34m
[0m[1;34m	threadid 47689405523712 -> core 11 - OK[0m[1;34m
[0m[1;34m	threadid 47689407624960 -> core 12 - OK[0m[1;34m
[0m[1;34m	threadid 47689409726208 -> core 13 - OK[0m[1;34m
[0miterations: 200
Total iterations: 48412800 LUP
FLOP: 89
Total work: 4308739200 FLOP
performance: 0.541276 GLUP/s
Performance in GFLOP/s: 48.173548
size: 250000
time: 0.089442
[1;34m[pthread wrapper] 
[0m[1;34m[pthread wrapper] MAIN -> 0
[0m[1;34m[pthread wrapper] PIN_MASK: [0m[1;34m0->1  [0m[1;34m1->2  [0m[1;34m2->3  [0m[1;34m3->10  [0m[1;34m4->11  [0m[1;34m5->12  [0m[1;34m6->13  [0m[1;34m
[pthread wrapper] SKIP MASK: 0x0
[0m[1;34m	threadid 47851494033152 -> core 1 - OK[0m[1;34m
[0m[1;34m	threadid 47851496134400 -> core 2 - OK[0m[1;34m
[0m[1;34m	threadid 47851498235648 -> core 3 - OK[0m[1;34m
[0m[1;34m	threadid 47851500336896 -> core 10 - OK[0m[1;34m
[0m[1;34m	threadid 47851502438144 -> core 11 - OK[0m[1;34m
[0m[1;34m	threadid 47851504539392 -> core 12 - OK[0m[1;34m
[0m[1;34m	threadid 47851506640640 -> core 13 - OK[0m[1;34m
[0miterations: 200
Total iterations: 48412800 LUP
FLOP: 89
Total work: 4308739200 FLOP
performance: 0.541513 GLUP/s
Performance in GFLOP/s: 48.194617
size: 250000
time: 0.089403
[1;34m[pthread wrapper] 
[0m[1;34m[pthread wrapper] MAIN -> 0
[0m[1;34m[pthread wrapper] PIN_MASK: [0m[1;34m0->1  [0m[1;34m1->2  [0m[1;34m2->3  [0m[1;34m3->10  [0m[1;34m4->11  [0m[1;34m5->12  [0m[1;34m6->13  [0m[1;34m
[pthread wrapper] SKIP MASK: 0x0
[0m[1;34m	threadid 47977893472000 -> core 1 - OK[0m[1;34m
[0m[1;34m	threadid 47977895573248 -> core 2 - OK[0m[1;34m
[0m[1;34m	threadid 47977897674496 -> core 3 - OK[0m[1;34m
[0m[1;34m	threadid 47977899775744 -> core 10 - OK[0m[1;34m
[0m[1;34m	threadid 47977901876992 -> core 11 - OK[0m[1;34m
[0m[1;34m	threadid 47977903978240 -> core 12 - OK[0m[1;34m
[0m[1;34m	threadid 47977906079488 -> core 13 - OK[0m[1;34m
[0miterations: 200
Total iterations: 48412800 LUP
FLOP: 89
Total work: 4308739200 FLOP
performance: 0.541234 GLUP/s
Performance in GFLOP/s: 48.169824
size: 250000
time: 0.089449
[1;34m[pthread wrapper] 
[0m[1;34m[pthread wrapper] MAIN -> 0
[0m[1;34m[pthread wrapper] PIN_MASK: [0m[1;34m0->1  [0m[1;34m1->2  [0m[1;34m2->3  [0m[1;34m3->10  [0m[1;34m4->11  [0m[1;34m5->12  [0m[1;34m6->13  [0m[1;34m
[pthread wrapper] SKIP MASK: 0x0
[0m[1;34m	threadid 47292982159104 -> core 1 - OK[0m[1;34m
[0m[1;34m	threadid 47292984260352 -> core 2 - OK[0m[1;34m
[0m[1;34m	threadid 47292986361600 -> core 3 - OK[0m[1;34m
[0m[1;34m	threadid 47292988462848 -> core 10 - OK[0m[1;34m
[0m[1;34m	threadid 47292990564096 -> core 11 - OK[0m[1;34m
[0m[1;34m	threadid 47292992665344 -> core 12 - OK[0m[1;34m
[0m[1;34m	threadid 47292994766592 -> core 13 - OK[0m[1;34m
[0miterations: 200
Total iterations: 48412800 LUP
FLOP: 89
Total work: 4308739200 FLOP
performance: 0.541723 GLUP/s
Performance in GFLOP/s: 48.213389
size: 250000
time: 0.089368
[1;34m[pthread wrapper] 
[0m[1;34m[pthread wrapper] MAIN -> 0
[0m[1;34m[pthread wrapper] PIN_MASK: [0m[1;34m0->1  [0m[1;34m1->2  [0m[1;34m2->3  [0m[1;34m3->10  [0m[1;34m4->11  [0m[1;34m5->12  [0m[1;34m6->13  [0m[1;34m
[pthread wrapper] SKIP MASK: 0x0
[0m[1;34m	threadid 47208679323392 -> core 1 - OK[0m[1;34m
[0m[1;34m	threadid 47208681424640 -> core 2 - OK[0m[1;34m
[0m[1;34m	threadid 47208683525888 -> core 3 - OK[0m[1;34m
[0m[1;34m	threadid 47208685627136 -> core 10 - OK[0m[1;34m
[0m[1;34m	threadid 47208687728384 -> core 11 - OK[0m[1;34m
[0m[1;34m	threadid 47208689829632 -> core 12 - OK[0m[1;34m
[0m[1;34m	threadid 47208691930880 -> core 13 - OK[0m[1;34m
[0miterations: 200
Total iterations: 48412800 LUP
FLOP: 89
Total work: 4308739200 FLOP
performance: 0.542897 GLUP/s
Performance in GFLOP/s: 48.317801
size: 250000
time: 0.089175
[1;34m[pthread wrapper] 
[0m[1;34m[pthread wrapper] MAIN -> 0
[0m[1;34m[pthread wrapper] PIN_MASK: [0m[1;34m0->1  [0m[1;34m1->2  [0m[1;34m2->3  [0m[1;34m3->10  [0m[1;34m4->11  [0m[1;34m5->12  [0m[1;34m6->13  [0m[1;34m
[pthread wrapper] SKIP MASK: 0x0
[0m[1;34m	threadid 47384091592448 -> core 1 - OK[0m[1;34m
[0m[1;34m	threadid 47384093693696 -> core 2 - OK[0m[1;34m
[0m[1;34m	threadid 47384095794944 -> core 3 - OK[0m[1;34m
[0m[1;34m	threadid 47384097896192 -> core 10 - OK[0m[1;34m
[0m[1;34m	threadid 47384099997440 -> core 11 - OK[0m[1;34m
[0m[1;34m	threadid 47384102098688 -> core 12 - OK[0m[1;34m
[0m[1;34m	threadid 47384104199936 -> core 13 - OK[0m[1;34m
[0miterations: 200
Total iterations: 48412800 LUP
FLOP: 89
Total work: 4308739200 FLOP
performance: 0.541287 GLUP/s
Performance in GFLOP/s: 48.174575
size: 250000
time: 0.089440
