[1;34m[pthread wrapper] 
[0m[1;34m[pthread wrapper] MAIN -> 0
[0m[1;34m[pthread wrapper] PIN_MASK: [0m[1;34m0->1  [0m[1;34m1->2  [0m[1;34m2->3  [0m[1;34m3->4  [0m[1;34m4->5  [0m[1;34m5->6  [0m[1;34m6->7  [0m[1;34m7->10  [0m[1;34m8->11  [0m[1;34m9->12  [0m[1;34m10->13  [0m[1;34m11->14  [0m[1;34m12->15  [0m[1;34m13->16  [0m[1;34m14->17  [0m[1;34m
[pthread wrapper] SKIP MASK: 0x0
[0m[1;34m	threadid 47010549044992 -> core 1 - OK[0m[1;34m
[0m[1;34m	threadid 47010551146240 -> core 2 - OK[0m[1;34m
[0m[1;34m	threadid 47010553247488 -> core 3 - OK[0m[1;34m
[0m[1;34m	threadid 47010555348736 -> core 4 - OK[0m[1;34m
[0m[1;34m	threadid 47010557449984 -> core 5 - OK[0m[1;34m
[0m[1;34m	threadid 47010559551232 -> core 6 - OK[0m[1;34m
[0m[1;34m	threadid 47010561652480 -> core 7 - OK[0m[1;34m
[0m[1;34m	threadid 47010563753728 -> core 10 - OK[0m[1;34m
[0m[1;34m	threadid 47010565854976 -> core 11 - OK[0m[1;34m
[0m[1;34m	threadid 47010567956224 -> core 12 - OK[0m[1;34m
[0m[1;34m	threadid 47010570057472 -> core 13 - OK[0m[1;34m
[0m[1;34m	threadid 47010572158720 -> core 14 - OK[0m[1;34m
[0m[1;34m	threadid 47010574259968 -> core 15 - OK[0m[1;34m
[0m[1;34m	threadid 47010576361216 -> core 16 - OK[0m[1;34m
[0m[1;34m	threadid 47010578462464 -> core 17 - OK[0m[1;34m
[0miterations: 120
Total iterations: 1074247680 LUP
FLOP: 89
Total work: 95608043520 FLOP
performance: 1.062961 GLUP/s
Performance in GFLOP/s: 94.603546
size: 9000000
time: 1.010618
[1;34m[pthread wrapper] 
[0m[1;34m[pthread wrapper] MAIN -> 0
[0m[1;34m[pthread wrapper] PIN_MASK: [0m[1;34m0->1  [0m[1;34m1->2  [0m[1;34m2->3  [0m[1;34m3->4  [0m[1;34m4->5  [0m[1;34m5->6  [0m[1;34m6->7  [0m[1;34m7->10  [0m[1;34m8->11  [0m[1;34m9->12  [0m[1;34m10->13  [0m[1;34m11->14  [0m[1;34m12->15  [0m[1;34m13->16  [0m[1;34m14->17  [0m[1;34m
[pthread wrapper] SKIP MASK: 0x0
[0m[1;34m	threadid 47448354178816 -> core 1 - OK[0m[1;34m
[0m[1;34m	threadid 47448356280064 -> core 2 - OK[0m[1;34m
[0m[1;34m	threadid 47448358381312 -> core 3 - OK[0m[1;34m
[0m[1;34m	threadid 47448360482560 -> core 4 - OK[0m[1;34m
[0m[1;34m	threadid 47448362583808 -> core 5 - OK[0m[1;34m
[0m[1;34m	threadid 47448364685056 -> core 6 - OK[0m[1;34m
[0m[1;34m	threadid 47448366786304 -> core 7 - OK[0m[1;34m
[0m[1;34m	threadid 47448368887552 -> core 10 - OK[0m[1;34m
[0m[1;34m	threadid 47448370988800 -> core 11 - OK[0m[1;34m
[0m[1;34m	threadid 47448373090048 -> core 12 - OK[0m[1;34m
[0m[1;34m	threadid 47448375191296 -> core 13 - OK[0m[1;34m
[0m[1;34m	threadid 47448377292544 -> core 14 - OK[0m[1;34m
[0m[1;34m	threadid 47448379393792 -> core 15 - OK[0m[1;34m
[0m[1;34m	threadid 47448381495040 -> core 16 - OK[0m[1;34m
[0m[1;34m	threadid 47448383596288 -> core 17 - OK[0m[1;34m
[0miterations: 120
Total iterations: 1074247680 LUP
FLOP: 89
Total work: 95608043520 FLOP
performance: 1.034513 GLUP/s
Performance in GFLOP/s: 92.071663
size: 9000000
time: 1.038409
[1;34m[pthread wrapper] 
[0m[1;34m[pthread wrapper] MAIN -> 0
[0m[1;34m[pthread wrapper] PIN_MASK: [0m[1;34m0->1  [0m[1;34m1->2  [0m[1;34m2->3  [0m[1;34m3->4  [0m[1;34m4->5  [0m[1;34m5->6  [0m[1;34m6->7  [0m[1;34m7->10  [0m[1;34m8->11  [0m[1;34m9->12  [0m[1;34m10->13  [0m[1;34m11->14  [0m[1;34m12->15  [0m[1;34m13->16  [0m[1;34m14->17  [0m[1;34m
[pthread wrapper] SKIP MASK: 0x0
[0m[1;34m	threadid 46923875104512 -> core 1 - OK[0m[1;34m
[0m[1;34m	threadid 46923877205760 -> core 2 - OK[0m[1;34m
[0m[1;34m	threadid 46923879307008 -> core 3 - OK[0m[1;34m
[0m[1;34m	threadid 46923881408256 -> core 4 - OK[0m[1;34m
[0m[1;34m	threadid 46923883509504 -> core 5 - OK[0m[1;34m
[0m[1;34m	threadid 46923885610752 -> core 6 - OK[0m[1;34m
[0m[1;34m	threadid 46923887712000 -> core 7 - OK[0m[1;34m
[0m[1;34m	threadid 46923889813248 -> core 10 - OK[0m[1;34m
[0m[1;34m	threadid 46923891914496 -> core 11 - OK[0m[1;34m
[0m[1;34m	threadid 46923894015744 -> core 12 - OK[0m[1;34m
[0m[1;34m	threadid 46923896116992 -> core 13 - OK[0m[1;34m
[0m[1;34m	threadid 46923898218240 -> core 14 - OK[0m[1;34m
[0m[1;34m	threadid 46923900319488 -> core 15 - OK[0m[1;34m
[0m[1;34m	threadid 46923902420736 -> core 16 - OK[0m[1;34m
[0m[1;34m	threadid 46923904521984 -> core 17 - OK[0m[1;34m
[0miterations: 120
Total iterations: 1074247680 LUP
FLOP: 89
Total work: 95608043520 FLOP
performance: 1.045856 GLUP/s
Performance in GFLOP/s: 93.081164
size: 9000000
time: 1.027147
[1;34m[pthread wrapper] 
[0m[1;34m[pthread wrapper] MAIN -> 0
[0m[1;34m[pthread wrapper] PIN_MASK: [0m[1;34m0->1  [0m[1;34m1->2  [0m[1;34m2->3  [0m[1;34m3->4  [0m[1;34m4->5  [0m[1;34m5->6  [0m[1;34m6->7  [0m[1;34m7->10  [0m[1;34m8->11  [0m[1;34m9->12  [0m[1;34m10->13  [0m[1;34m11->14  [0m[1;34m12->15  [0m[1;34m13->16  [0m[1;34m14->17  [0m[1;34m
[pthread wrapper] SKIP MASK: 0x0
[0m[1;34m	threadid 47410685740800 -> core 1 - OK[0m[1;34m
[0m[1;34m	threadid 47410687842048 -> core 2 - OK[0m[1;34m
[0m[1;34m	threadid 47410689943296 -> core 3 - OK[0m[1;34m
[0m[1;34m	threadid 47410692044544 -> core 4 - OK[0m[1;34m
[0m[1;34m	threadid 47410694145792 -> core 5 - OK[0m[1;34m
[0m[1;34m	threadid 47410696247040 -> core 6 - OK[0m[1;34m
[0m[1;34m	threadid 47410698348288 -> core 7 - OK[0m[1;34m
[0m[1;34m	threadid 47410700449536 -> core 10 - OK[0m[1;34m
[0m[1;34m	threadid 47410702550784 -> core 11 - OK[0m[1;34m
[0m[1;34m	threadid 47410704652032 -> core 12 - OK[0m[1;34m
[0m[1;34m	threadid 47410706753280 -> core 13 - OK[0m[1;34m
[0m[1;34m	threadid 47410708854528 -> core 14 - OK[0m[1;34m
[0m[1;34m	threadid 47410710955776 -> core 15 - OK[0m[1;34m
[0m[1;34m	threadid 47410713057024 -> core 16 - OK[0m[1;34m
[0m[1;34m	threadid 47410715158272 -> core 17 - OK[0m[1;34m
[0miterations: 120
Total iterations: 1074247680 LUP
FLOP: 89
Total work: 95608043520 FLOP
performance: 1.019517 GLUP/s
Performance in GFLOP/s: 90.737005
size: 9000000
time: 1.053683
[1;34m[pthread wrapper] 
[0m[1;34m[pthread wrapper] MAIN -> 0
[0m[1;34m[pthread wrapper] PIN_MASK: [0m[1;34m0->1  [0m[1;34m1->2  [0m[1;34m2->3  [0m[1;34m3->4  [0m[1;34m4->5  [0m[1;34m5->6  [0m[1;34m6->7  [0m[1;34m7->10  [0m[1;34m8->11  [0m[1;34m9->12  [0m[1;34m10->13  [0m[1;34m11->14  [0m[1;34m12->15  [0m[1;34m13->16  [0m[1;34m14->17  [0m[1;34m
[pthread wrapper] SKIP MASK: 0x0
[0m[1;34m	threadid 47092510009088 -> core 1 - OK[0m[1;34m
[0m[1;34m	threadid 47092512110336 -> core 2 - OK[0m[1;34m
[0m[1;34m	threadid 47092514211584 -> core 3 - OK[0m[1;34m
[0m[1;34m	threadid 47092516312832 -> core 4 - OK[0m[1;34m
[0m[1;34m	threadid 47092518414080 -> core 5 - OK[0m[1;34m
[0m[1;34m	threadid 47092520515328 -> core 6 - OK[0m[1;34m
[0m[1;34m	threadid 47092522616576 -> core 7 - OK[0m[1;34m
[0m[1;34m	threadid 47092524717824 -> core 10 - OK[0m[1;34m
[0m[1;34m	threadid 47092526819072 -> core 11 - OK[0m[1;34m
[0m[1;34m	threadid 47092528920320 -> core 12 - OK[0m[1;34m
[0m[1;34m	threadid 47092531021568 -> core 13 - OK[0m[1;34m
[0m[1;34m	threadid 47092533122816 -> core 14 - OK[0m[1;34m
[0m[1;34m	threadid 47092535224064 -> core 15 - OK[0m[1;34m
[0m[1;34m	threadid 47092537325312 -> core 16 - OK[0m[1;34m
[0m[1;34m	threadid 47092539426560 -> core 17 - OK[0m[1;34m
[0miterations: 120
Total iterations: 1074247680 LUP
FLOP: 89
Total work: 95608043520 FLOP
performance: 1.041084 GLUP/s
Performance in GFLOP/s: 92.656462
size: 9000000
time: 1.031855
[1;34m[pthread wrapper] 
[0m[1;34m[pthread wrapper] MAIN -> 0
[0m[1;34m[pthread wrapper] PIN_MASK: [0m[1;34m0->1  [0m[1;34m1->2  [0m[1;34m2->3  [0m[1;34m3->4  [0m[1;34m4->5  [0m[1;34m5->6  [0m[1;34m6->7  [0m[1;34m7->10  [0m[1;34m8->11  [0m[1;34m9->12  [0m[1;34m10->13  [0m[1;34m11->14  [0m[1;34m12->15  [0m[1;34m13->16  [0m[1;34m14->17  [0m[1;34m
[pthread wrapper] SKIP MASK: 0x0
[0m[1;34m	threadid 47348776216320 -> core 1 - OK[0m[1;34m
[0m[1;34m	threadid 47348778317568 -> core 2 - OK[0m[1;34m
[0m[1;34m	threadid 47348780418816 -> core 3 - OK[0m[1;34m
[0m[1;34m	threadid 47348782520064 -> core 4 - OK[0m[1;34m
[0m[1;34m	threadid 47348784621312 -> core 5 - OK[0m[1;34m
[0m[1;34m	threadid 47348786722560 -> core 6 - OK[0m[1;34m
[0m[1;34m	threadid 47348788823808 -> core 7 - OK[0m[1;34m
[0m[1;34m	threadid 47348790925056 -> core 10 - OK[0m[1;34m
[0m[1;34m	threadid 47348793026304 -> core 11 - OK[0m[1;34m
[0m[1;34m	threadid 47348795127552 -> core 12 - OK[0m[1;34m
[0m[1;34m	threadid 47348797228800 -> core 13 - OK[0m[1;34m
[0m[1;34m	threadid 47348799330048 -> core 14 - OK[0m[1;34m
[0m[1;34m	threadid 47348801431296 -> core 15 - OK[0m[1;34m
[0m[1;34m	threadid 47348803532544 -> core 16 - OK[0m[1;34m
[0m[1;34m	threadid 47348805633792 -> core 17 - OK[0m[1;34m
[0miterations: 120
Total iterations: 1074247680 LUP
FLOP: 89
Total work: 95608043520 FLOP
performance: 1.036462 GLUP/s
Performance in GFLOP/s: 92.245145
size: 9000000
time: 1.036456
[1;34m[pthread wrapper] 
[0m[1;34m[pthread wrapper] MAIN -> 0
[0m[1;34m[pthread wrapper] PIN_MASK: [0m[1;34m0->1  [0m[1;34m1->2  [0m[1;34m2->3  [0m[1;34m3->4  [0m[1;34m4->5  [0m[1;34m5->6  [0m[1;34m6->7  [0m[1;34m7->10  [0m[1;34m8->11  [0m[1;34m9->12  [0m[1;34m10->13  [0m[1;34m11->14  [0m[1;34m12->15  [0m[1;34m13->16  [0m[1;34m14->17  [0m[1;34m
[pthread wrapper] SKIP MASK: 0x0
[0m[1;34m	threadid 47756881331968 -> core 1 - OK[0m[1;34m
[0m[1;34m	threadid 47756883433216 -> core 2 - OK[0m[1;34m
[0m[1;34m	threadid 47756885534464 -> core 3 - OK[0m[1;34m
[0m[1;34m	threadid 47756887635712 -> core 4 - OK[0m[1;34m
[0m[1;34m	threadid 47756889736960 -> core 5 - OK[0m[1;34m
[0m[1;34m	threadid 47756891838208 -> core 6 - OK[0m[1;34m
[0m[1;34m	threadid 47756893939456 -> core 7 - OK[0m[1;34m
[0m[1;34m	threadid 47756896040704 -> core 10 - OK[0m[1;34m
[0m[1;34m	threadid 47756898141952 -> core 11 - OK[0m[1;34m
[0m[1;34m	threadid 47756900243200 -> core 12 - OK[0m[1;34m
[0m[1;34m	threadid 47756902344448 -> core 13 - OK[0m[1;34m
[0m[1;34m	threadid 47756904445696 -> core 14 - OK[0m[1;34m
[0m[1;34m	threadid 47756906546944 -> core 15 - OK[0m[1;34m
[0m[1;34m	threadid 47756908648192 -> core 16 - OK[0m[1;34m
[0m[1;34m	threadid 47756910749440 -> core 17 - OK[0m[1;34m
[0miterations: 120
Total iterations: 1074247680 LUP
FLOP: 89
Total work: 95608043520 FLOP
performance: 1.055566 GLUP/s
Performance in GFLOP/s: 93.945393
size: 9000000
time: 1.017698
[1;34m[pthread wrapper] 
[0m[1;34m[pthread wrapper] MAIN -> 0
[0m[1;34m[pthread wrapper] PIN_MASK: [0m[1;34m0->1  [0m[1;34m1->2  [0m[1;34m2->3  [0m[1;34m3->4  [0m[1;34m4->5  [0m[1;34m5->6  [0m[1;34m6->7  [0m[1;34m7->10  [0m[1;34m8->11  [0m[1;34m9->12  [0m[1;34m10->13  [0m[1;34m11->14  [0m[1;34m12->15  [0m[1;34m13->16  [0m[1;34m14->17  [0m[1;34m
[pthread wrapper] SKIP MASK: 0x0
[0m[1;34m	threadid 47563390256896 -> core 1 - OK[0m[1;34m
[0m[1;34m	threadid 47563392358144 -> core 2 - OK[0m[1;34m
[0m[1;34m	threadid 47563394459392 -> core 3 - OK[0m[1;34m
[0m[1;34m	threadid 47563396560640 -> core 4 - OK[0m[1;34m
[0m[1;34m	threadid 47563398661888 -> core 5 - OK[0m[1;34m
[0m[1;34m	threadid 47563400763136 -> core 6 - OK[0m[1;34m
[0m[1;34m	threadid 47563402864384 -> core 7 - OK[0m[1;34m
[0m[1;34m	threadid 47563404965632 -> core 10 - OK[0m[1;34m
[0m[1;34m	threadid 47563407066880 -> core 11 - OK[0m[1;34m
[0m[1;34m	threadid 47563409168128 -> core 12 - OK[0m[1;34m
[0m[1;34m	threadid 47563411269376 -> core 13 - OK[0m[1;34m
[0m[1;34m	threadid 47563413370624 -> core 14 - OK[0m[1;34m
[0m[1;34m	threadid 47563415471872 -> core 15 - OK[0m[1;34m
[0m[1;34m	threadid 47563417573120 -> core 16 - OK[0m[1;34m
[0m[1;34m	threadid 47563419674368 -> core 17 - OK[0m[1;34m
[0miterations: 120
Total iterations: 1074247680 LUP
FLOP: 89
Total work: 95608043520 FLOP
performance: 1.039692 GLUP/s
Performance in GFLOP/s: 92.532627
size: 9000000
time: 1.033236
[1;34m[pthread wrapper] 
[0m[1;34m[pthread wrapper] MAIN -> 0
[0m[1;34m[pthread wrapper] PIN_MASK: [0m[1;34m0->1  [0m[1;34m1->2  [0m[1;34m2->3  [0m[1;34m3->4  [0m[1;34m4->5  [0m[1;34m5->6  [0m[1;34m6->7  [0m[1;34m7->10  [0m[1;34m8->11  [0m[1;34m9->12  [0m[1;34m10->13  [0m[1;34m11->14  [0m[1;34m12->15  [0m[1;34m13->16  [0m[1;34m14->17  [0m[1;34m
[pthread wrapper] SKIP MASK: 0x0
[0m[1;34m	threadid 47176835290880 -> core 1 - OK[0m[1;34m
[0m[1;34m	threadid 47176837392128 -> core 2 - OK[0m[1;34m
[0m[1;34m	threadid 47176839493376 -> core 3 - OK[0m[1;34m
[0m[1;34m	threadid 47176841594624 -> core 4 - OK[0m[1;34m
[0m[1;34m	threadid 47176843695872 -> core 5 - OK[0m[1;34m
[0m[1;34m	threadid 47176845797120 -> core 6 - OK[0m[1;34m
[0m[1;34m	threadid 47176847898368 -> core 7 - OK[0m[1;34m
[0m[1;34m	threadid 47176849999616 -> core 10 - OK[0m[1;34m
[0m[1;34m	threadid 47176852100864 -> core 11 - OK[0m[1;34m
[0m[1;34m	threadid 47176854202112 -> core 12 - OK[0m[1;34m
[0m[1;34m	threadid 47176856303360 -> core 13 - OK[0m[1;34m
[0m[1;34m	threadid 47176858404608 -> core 14 - OK[0m[1;34m
[0m[1;34m	threadid 47176860505856 -> core 15 - OK[0m[1;34m
[0m[1;34m	threadid 47176862607104 -> core 16 - OK[0m[1;34m
[0m[1;34m	threadid 47176864708352 -> core 17 - OK[0m[1;34m
[0miterations: 120
Total iterations: 1074247680 LUP
FLOP: 89
Total work: 95608043520 FLOP
performance: 1.072841 GLUP/s
Performance in GFLOP/s: 95.482882
size: 9000000
time: 1.001311
[1;34m[pthread wrapper] 
[0m[1;34m[pthread wrapper] MAIN -> 0
[0m[1;34m[pthread wrapper] PIN_MASK: [0m[1;34m0->1  [0m[1;34m1->2  [0m[1;34m2->3  [0m[1;34m3->4  [0m[1;34m4->5  [0m[1;34m5->6  [0m[1;34m6->7  [0m[1;34m7->10  [0m[1;34m8->11  [0m[1;34m9->12  [0m[1;34m10->13  [0m[1;34m11->14  [0m[1;34m12->15  [0m[1;34m13->16  [0m[1;34m14->17  [0m[1;34m
[pthread wrapper] SKIP MASK: 0x0
[0m[1;34m	threadid 47218359715584 -> core 1 - OK[0m[1;34m
[0m[1;34m	threadid 47218361816832 -> core 2 - OK[0m[1;34m
[0m[1;34m	threadid 47218363918080 -> core 3 - OK[0m[1;34m
[0m[1;34m	threadid 47218366019328 -> core 4 - OK[0m[1;34m
[0m[1;34m	threadid 47218368120576 -> core 5 - OK[0m[1;34m
[0m[1;34m	threadid 47218370221824 -> core 6 - OK[0m[1;34m
[0m[1;34m	threadid 47218372323072 -> core 7 - OK[0m[1;34m
[0m[1;34m	threadid 47218374424320 -> core 10 - OK[0m[1;34m
[0m[1;34m	threadid 47218376525568 -> core 11 - OK[0m[1;34m
[0m[1;34m	threadid 47218378626816 -> core 12 - OK[0m[1;34m
[0m[1;34m	threadid 47218380728064 -> core 13 - OK[0m[1;34m
[0m[1;34m	threadid 47218382829312 -> core 14 - OK[0m[1;34m
[0m[1;34m	threadid 47218384930560 -> core 15 - OK[0m[1;34m
[0m[1;34m	threadid 47218387031808 -> core 16 - OK[0m[1;34m
[0m[1;34m	threadid 47218389133056 -> core 17 - OK[0m[1;34m
[0miterations: 120
Total iterations: 1074247680 LUP
FLOP: 89
Total work: 95608043520 FLOP
performance: 1.038460 GLUP/s
Performance in GFLOP/s: 92.422944
size: 9000000
time: 1.034462
