[1;34m[pthread wrapper] 
[0m[1;34m[pthread wrapper] MAIN -> 0
[0m[1;34m[pthread wrapper] PIN_MASK: [0m[1;34m0->1  [0m[1;34m1->2  [0m[1;34m2->10  [0m[1;34m3->11  [0m[1;34m4->12  [0m[1;34m
[pthread wrapper] SKIP MASK: 0x0
[0m[1;34m	threadid 47690171885312 -> core 1 - OK[0m[1;34m
[0m[1;34m	threadid 47690173986560 -> core 2 - OK[0m[1;34m
[0m[1;34m	threadid 47690176087808 -> core 10 - OK[0m[1;34m
[0m[1;34m	threadid 47690178189056 -> core 11 - OK[0m[1;34m
[0m[1;34m	threadid 47690180290304 -> core 12 - OK[0m[1;34m
[0miterations: 200
Total iterations: 1790412800 LUP
FLOP: 89
Total work: 159346739200 FLOP
performance: 0.448569 GLUP/s
Performance in GFLOP/s: 39.922637
size: 9000000
time: 3.991388
[1;34m[pthread wrapper] 
[0m[1;34m[pthread wrapper] MAIN -> 0
[0m[1;34m[pthread wrapper] PIN_MASK: [0m[1;34m0->1  [0m[1;34m1->2  [0m[1;34m2->10  [0m[1;34m3->11  [0m[1;34m4->12  [0m[1;34m
[pthread wrapper] SKIP MASK: 0x0
[0m[1;34m	threadid 47162680063744 -> core 1 - OK[0m[1;34m
[0m[1;34m	threadid 47162682164992 -> core 2 - OK[0m[1;34m
[0m[1;34m	threadid 47162684266240 -> core 10 - OK[0m[1;34m
[0m[1;34m	threadid 47162686367488 -> core 11 - OK[0m[1;34m
[0m[1;34m	threadid 47162688468736 -> core 12 - OK[0m[1;34m
[0miterations: 200
Total iterations: 1790412800 LUP
FLOP: 89
Total work: 159346739200 FLOP
performance: 0.448416 GLUP/s
Performance in GFLOP/s: 39.908999
size: 9000000
time: 3.992752
[1;34m[pthread wrapper] 
[0m[1;34m[pthread wrapper] MAIN -> 0
[0m[1;34m[pthread wrapper] PIN_MASK: [0m[1;34m0->1  [0m[1;34m1->2  [0m[1;34m2->10  [0m[1;34m3->11  [0m[1;34m4->12  [0m[1;34m
[pthread wrapper] SKIP MASK: 0x0
[0m[1;34m	threadid 47741067376384 -> core 1 - OK[0m[1;34m
[0m[1;34m	threadid 47741069477632 -> core 2 - OK[0m[1;34m
[0m[1;34m	threadid 47741071578880 -> core 10 - OK[0m[1;34m
[0m[1;34m	threadid 47741073680128 -> core 11 - OK[0m[1;34m
[0m[1;34m	threadid 47741075781376 -> core 12 - OK[0m[1;34m
[0miterations: 200
Total iterations: 1790412800 LUP
FLOP: 89
Total work: 159346739200 FLOP
performance: 0.448736 GLUP/s
Performance in GFLOP/s: 39.937516
size: 9000000
time: 3.989901
[1;34m[pthread wrapper] 
[0m[1;34m[pthread wrapper] MAIN -> 0
[0m[1;34m[pthread wrapper] PIN_MASK: [0m[1;34m0->1  [0m[1;34m1->2  [0m[1;34m2->10  [0m[1;34m3->11  [0m[1;34m4->12  [0m[1;34m
[pthread wrapper] SKIP MASK: 0x0
[0m[1;34m	threadid 47825216841472 -> core 1 - OK[0m[1;34m
[0m[1;34m	threadid 47825218942720 -> core 2 - OK[0m[1;34m
[0m[1;34m	threadid 47825221043968 -> core 10 - OK[0m[1;34m
[0m[1;34m	threadid 47825223145216 -> core 11 - OK[0m[1;34m
[0m[1;34m	threadid 47825225246464 -> core 12 - OK[0m[1;34m
[0miterations: 200
Total iterations: 1790412800 LUP
FLOP: 89
Total work: 159346739200 FLOP
performance: 0.447749 GLUP/s
Performance in GFLOP/s: 39.849618
size: 9000000
time: 3.998702
[1;34m[pthread wrapper] 
[0m[1;34m[pthread wrapper] MAIN -> 0
[0m[1;34m[pthread wrapper] PIN_MASK: [0m[1;34m0->1  [0m[1;34m1->2  [0m[1;34m2->10  [0m[1;34m3->11  [0m[1;34m4->12  [0m[1;34m
[pthread wrapper] SKIP MASK: 0x0
[0m[1;34m	threadid 47266512365312 -> core 1 - OK[0m[1;34m
[0m[1;34m	threadid 47266514466560 -> core 2 - OK[0m[1;34m
[0m[1;34m	threadid 47266516567808 -> core 10 - OK[0m[1;34m
[0m[1;34m	threadid 47266518669056 -> core 11 - OK[0m[1;34m
[0m[1;34m	threadid 47266520770304 -> core 12 - OK[0m[1;34m
[0miterations: 200
Total iterations: 1790412800 LUP
FLOP: 89
Total work: 159346739200 FLOP
performance: 0.448140 GLUP/s
Performance in GFLOP/s: 39.884457
size: 9000000
time: 3.995209
[1;34m[pthread wrapper] 
[0m[1;34m[pthread wrapper] MAIN -> 0
[0m[1;34m[pthread wrapper] PIN_MASK: [0m[1;34m0->1  [0m[1;34m1->2  [0m[1;34m2->10  [0m[1;34m3->11  [0m[1;34m4->12  [0m[1;34m
[pthread wrapper] SKIP MASK: 0x0
[0m[1;34m	threadid 46927811720960 -> core 1 - OK[0m[1;34m
[0m[1;34m	threadid 46927813822208 -> core 2 - OK[0m[1;34m
[0m[1;34m	threadid 46927815923456 -> core 10 - OK[0m[1;34m
[0m[1;34m	threadid 46927818024704 -> core 11 - OK[0m[1;34m
[0m[1;34m	threadid 46927820125952 -> core 12 - OK[0m[1;34m
[0miterations: 200
Total iterations: 1790412800 LUP
FLOP: 89
Total work: 159346739200 FLOP
performance: 0.448755 GLUP/s
Performance in GFLOP/s: 39.939208
size: 9000000
time: 3.989732
[1;34m[pthread wrapper] 
[0m[1;34m[pthread wrapper] MAIN -> 0
[0m[1;34m[pthread wrapper] PIN_MASK: [0m[1;34m0->1  [0m[1;34m1->2  [0m[1;34m2->10  [0m[1;34m3->11  [0m[1;34m4->12  [0m[1;34m
[pthread wrapper] SKIP MASK: 0x0
[0m[1;34m	threadid 47568786425600 -> core 1 - OK[0m[1;34m
[0m[1;34m	threadid 47568788526848 -> core 2 - OK[0m[1;34m
[0m[1;34m	threadid 47568790628096 -> core 10 - OK[0m[1;34m
[0m[1;34m	threadid 47568792729344 -> core 11 - OK[0m[1;34m
[0m[1;34m	threadid 47568794830592 -> core 12 - OK[0m[1;34m
[0miterations: 200
Total iterations: 1790412800 LUP
FLOP: 89
Total work: 159346739200 FLOP
performance: 0.449135 GLUP/s
Performance in GFLOP/s: 39.973023
size: 9000000
time: 3.986357
[1;34m[pthread wrapper] 
[0m[1;34m[pthread wrapper] MAIN -> 0
[0m[1;34m[pthread wrapper] PIN_MASK: [0m[1;34m0->1  [0m[1;34m1->2  [0m[1;34m2->10  [0m[1;34m3->11  [0m[1;34m4->12  [0m[1;34m
[pthread wrapper] SKIP MASK: 0x0
[0m[1;34m	threadid 47643963074304 -> core 1 - OK[0m[1;34m
[0m[1;34m	threadid 47643965175552 -> core 2 - OK[0m[1;34m
[0m[1;34m	threadid 47643967276800 -> core 10 - OK[0m[1;34m
[0m[1;34m	threadid 47643969378048 -> core 11 - OK[0m[1;34m
[0m[1;34m	threadid 47643971479296 -> core 12 - OK[0m[1;34m
[0miterations: 200
Total iterations: 1790412800 LUP
FLOP: 89
Total work: 159346739200 FLOP
performance: 0.449851 GLUP/s
Performance in GFLOP/s: 40.036759
size: 9000000
time: 3.980011
[1;34m[pthread wrapper] 
[0m[1;34m[pthread wrapper] MAIN -> 0
[0m[1;34m[pthread wrapper] PIN_MASK: [0m[1;34m0->1  [0m[1;34m1->2  [0m[1;34m2->10  [0m[1;34m3->11  [0m[1;34m4->12  [0m[1;34m
[pthread wrapper] SKIP MASK: 0x0
[0m[1;34m	threadid 47370846107392 -> core 1 - OK[0m[1;34m
[0m[1;34m	threadid 47370848208640 -> core 2 - OK[0m[1;34m
[0m[1;34m	threadid 47370850309888 -> core 10 - OK[0m[1;34m
[0m[1;34m	threadid 47370852411136 -> core 11 - OK[0m[1;34m
[0m[1;34m	threadid 47370854512384 -> core 12 - OK[0m[1;34m
[0miterations: 200
Total iterations: 1790412800 LUP
FLOP: 89
Total work: 159346739200 FLOP
performance: 0.448476 GLUP/s
Performance in GFLOP/s: 39.914369
size: 9000000
time: 3.992215
[1;34m[pthread wrapper] 
[0m[1;34m[pthread wrapper] MAIN -> 0
[0m[1;34m[pthread wrapper] PIN_MASK: [0m[1;34m0->1  [0m[1;34m1->2  [0m[1;34m2->10  [0m[1;34m3->11  [0m[1;34m4->12  [0m[1;34m
[pthread wrapper] SKIP MASK: 0x0
[0m[1;34m	threadid 47990797928192 -> core 1 - OK[0m[1;34m
[0m[1;34m	threadid 47990800029440 -> core 2 - OK[0m[1;34m
[0m[1;34m	threadid 47990802130688 -> core 10 - OK[0m[1;34m
[0m[1;34m	threadid 47990804231936 -> core 11 - OK[0m[1;34m
[0m[1;34m	threadid 47990806333184 -> core 12 - OK[0m[1;34m
[0miterations: 200
Total iterations: 1790412800 LUP
FLOP: 89
Total work: 159346739200 FLOP
performance: 0.447980 GLUP/s
Performance in GFLOP/s: 39.870245
size: 9000000
time: 3.996633
