[1;34m[pthread wrapper] 
[0m[1;34m[pthread wrapper] MAIN -> 0
[0m[1;34m[pthread wrapper] PIN_MASK: [0m[1;34m0->1  [0m[1;34m1->2  [0m[1;34m2->3  [0m[1;34m3->10  [0m[1;34m4->11  [0m[1;34m5->12  [0m[1;34m6->13  [0m[1;34m
[pthread wrapper] SKIP MASK: 0x0
[0m[1;34m	threadid 47662641407744 -> core 1 - OK[0m[1;34m
[0m[1;34m	threadid 47662643508992 -> core 2 - OK[0m[1;34m
[0m[1;34m	threadid 47662645610240 -> core 3 - OK[0m[1;34m
[0m[1;34m	threadid 47662647711488 -> core 10 - OK[0m[1;34m
[0m[1;34m	threadid 47662649812736 -> core 11 - OK[0m[1;34m
[0m[1;34m	threadid 47662651913984 -> core 12 - OK[0m[1;34m
[0m[1;34m	threadid 47662654015232 -> core 13 - OK[0m[1;34m
[0miterations: 200
Total iterations: 48412800 LUP
FLOP: 89
Total work: 4308739200 FLOP
performance: 0.541306 GLUP/s
Performance in GFLOP/s: 48.176245
size: 250000
time: 0.089437
[1;34m[pthread wrapper] 
[0m[1;34m[pthread wrapper] MAIN -> 0
[0m[1;34m[pthread wrapper] PIN_MASK: [0m[1;34m0->1  [0m[1;34m1->2  [0m[1;34m2->3  [0m[1;34m3->10  [0m[1;34m4->11  [0m[1;34m5->12  [0m[1;34m6->13  [0m[1;34m
[pthread wrapper] SKIP MASK: 0x0
[0m[1;34m	threadid 47919290742528 -> core 1 - OK[0m[1;34m
[0m[1;34m	threadid 47919292843776 -> core 2 - OK[0m[1;34m
[0m[1;34m	threadid 47919294945024 -> core 3 - OK[0m[1;34m
[0m[1;34m	threadid 47919297046272 -> core 10 - OK[0m[1;34m
[0m[1;34m	threadid 47919299147520 -> core 11 - OK[0m[1;34m
[0m[1;34m	threadid 47919301248768 -> core 12 - OK[0m[1;34m
[0m[1;34m	threadid 47919303350016 -> core 13 - OK[0m[1;34m
[0miterations: 200
Total iterations: 48412800 LUP
FLOP: 89
Total work: 4308739200 FLOP
performance: 0.541446 GLUP/s
Performance in GFLOP/s: 48.188706
size: 250000
time: 0.089414
[1;34m[pthread wrapper] 
[0m[1;34m[pthread wrapper] MAIN -> 0
[0m[1;34m[pthread wrapper] PIN_MASK: [0m[1;34m0->1  [0m[1;34m1->2  [0m[1;34m2->3  [0m[1;34m3->10  [0m[1;34m4->11  [0m[1;34m5->12  [0m[1;34m6->13  [0m[1;34m
[pthread wrapper] SKIP MASK: 0x0
[0m[1;34m	threadid 47572456630016 -> core 1 - OK[0m[1;34m
[0m[1;34m	threadid 47572458731264 -> core 2 - OK[0m[1;34m
[0m[1;34m	threadid 47572460832512 -> core 3 - OK[0m[1;34m
[0m[1;34m	threadid 47572462933760 -> core 10 - OK[0m[1;34m
[0m[1;34m	threadid 47572465035008 -> core 11 - OK[0m[1;34m
[0m[1;34m	threadid 47572467136256 -> core 12 - OK[0m[1;34m
[0m[1;34m	threadid 47572469237504 -> core 13 - OK[0m[1;34m
[0miterations: 200
Total iterations: 48412800 LUP
FLOP: 89
Total work: 4308739200 FLOP
performance: 0.543062 GLUP/s
Performance in GFLOP/s: 48.332532
size: 250000
time: 0.089148
[1;34m[pthread wrapper] 
[0m[1;34m[pthread wrapper] MAIN -> 0
[0m[1;34m[pthread wrapper] PIN_MASK: [0m[1;34m0->1  [0m[1;34m1->2  [0m[1;34m2->3  [0m[1;34m3->10  [0m[1;34m4->11  [0m[1;34m5->12  [0m[1;34m6->13  [0m[1;34m
[pthread wrapper] SKIP MASK: 0x0
[0m[1;34m	threadid 47293072541440 -> core 1 - OK[0m[1;34m
[0m[1;34m	threadid 47293074642688 -> core 2 - OK[0m[1;34m
[0m[1;34m	threadid 47293076743936 -> core 3 - OK[0m[1;34m
[0m[1;34m	threadid 47293078845184 -> core 10 - OK[0m[1;34m
[0m[1;34m	threadid 47293080946432 -> core 11 - OK[0m[1;34m
[0m[1;34m	threadid 47293083047680 -> core 12 - OK[0m[1;34m
[0m[1;34m	threadid 47293085148928 -> core 13 - OK[0m[1;34m
[0miterations: 200
Total iterations: 48412800 LUP
FLOP: 89
Total work: 4308739200 FLOP
performance: 0.542889 GLUP/s
Performance in GFLOP/s: 48.317155
size: 250000
time: 0.089176
[1;34m[pthread wrapper] 
[0m[1;34m[pthread wrapper] MAIN -> 0
[0m[1;34m[pthread wrapper] PIN_MASK: [0m[1;34m0->1  [0m[1;34m1->2  [0m[1;34m2->3  [0m[1;34m3->10  [0m[1;34m4->11  [0m[1;34m5->12  [0m[1;34m6->13  [0m[1;34m
[pthread wrapper] SKIP MASK: 0x0
[0m[1;34m	threadid 47371300144896 -> core 1 - OK[0m[1;34m
[0m[1;34m	threadid 47371302246144 -> core 2 - OK[0m[1;34m
[0m[1;34m	threadid 47371304347392 -> core 3 - OK[0m[1;34m
[0m[1;34m	threadid 47371306448640 -> core 10 - OK[0m[1;34m
[0m[1;34m	threadid 47371308549888 -> core 11 - OK[0m[1;34m
[0m[1;34m	threadid 47371310651136 -> core 12 - OK[0m[1;34m
[0m[1;34m	threadid 47371312752384 -> core 13 - OK[0m[1;34m
[0miterations: 200
Total iterations: 48412800 LUP
FLOP: 89
Total work: 4308739200 FLOP
performance: 0.543622 GLUP/s
Performance in GFLOP/s: 48.382349
size: 250000
time: 0.089056
[1;34m[pthread wrapper] 
[0m[1;34m[pthread wrapper] MAIN -> 0
[0m[1;34m[pthread wrapper] PIN_MASK: [0m[1;34m0->1  [0m[1;34m1->2  [0m[1;34m2->3  [0m[1;34m3->10  [0m[1;34m4->11  [0m[1;34m5->12  [0m[1;34m6->13  [0m[1;34m
[pthread wrapper] SKIP MASK: 0x0
[0m[1;34m	threadid 47880327907072 -> core 1 - OK[0m[1;34m
[0m[1;34m	threadid 47880330008320 -> core 2 - OK[0m[1;34m
[0m[1;34m	threadid 47880332109568 -> core 3 - OK[0m[1;34m
[0m[1;34m	threadid 47880334210816 -> core 10 - OK[0m[1;34m
[0m[1;34m	threadid 47880336312064 -> core 11 - OK[0m[1;34m
[0m[1;34m	threadid 47880338413312 -> core 12 - OK[0m[1;34m
[0m[1;34m	threadid 47880340514560 -> core 13 - OK[0m[1;34m
[0miterations: 200
Total iterations: 48412800 LUP
FLOP: 89
Total work: 4308739200 FLOP
performance: 0.542811 GLUP/s
Performance in GFLOP/s: 48.310180
size: 250000
time: 0.089189
[1;34m[pthread wrapper] 
[0m[1;34m[pthread wrapper] MAIN -> 0
[0m[1;34m[pthread wrapper] PIN_MASK: [0m[1;34m0->1  [0m[1;34m1->2  [0m[1;34m2->3  [0m[1;34m3->10  [0m[1;34m4->11  [0m[1;34m5->12  [0m[1;34m6->13  [0m[1;34m
[pthread wrapper] SKIP MASK: 0x0
[0m[1;34m	threadid 47002728236800 -> core 1 - OK[0m[1;34m
[0m[1;34m	threadid 47002730338048 -> core 2 - OK[0m[1;34m
[0m[1;34m	threadid 47002732439296 -> core 3 - OK[0m[1;34m
[0m[1;34m	threadid 47002734540544 -> core 10 - OK[0m[1;34m
[0m[1;34m	threadid 47002736641792 -> core 11 - OK[0m[1;34m
[0m[1;34m	threadid 47002738743040 -> core 12 - OK[0m[1;34m
[0m[1;34m	threadid 47002740844288 -> core 13 - OK[0m[1;34m
[0miterations: 200
Total iterations: 48412800 LUP
FLOP: 89
Total work: 4308739200 FLOP
performance: 0.543213 GLUP/s
Performance in GFLOP/s: 48.345979
size: 250000
time: 0.089123
[1;34m[pthread wrapper] 
[0m[1;34m[pthread wrapper] MAIN -> 0
[0m[1;34m[pthread wrapper] PIN_MASK: [0m[1;34m0->1  [0m[1;34m1->2  [0m[1;34m2->3  [0m[1;34m3->10  [0m[1;34m4->11  [0m[1;34m5->12  [0m[1;34m6->13  [0m[1;34m
[pthread wrapper] SKIP MASK: 0x0
[0m[1;34m	threadid 47513942513408 -> core 1 - OK[0m[1;34m
[0m[1;34m	threadid 47513944614656 -> core 2 - OK[0m[1;34m
[0m[1;34m	threadid 47513946715904 -> core 3 - OK[0m[1;34m
[0m[1;34m	threadid 47513948817152 -> core 10 - OK[0m[1;34m
[0m[1;34m	threadid 47513950918400 -> core 11 - OK[0m[1;34m
[0m[1;34m	threadid 47513953019648 -> core 12 - OK[0m[1;34m
[0m[1;34m	threadid 47513955120896 -> core 13 - OK[0m[1;34m
[0miterations: 200
Total iterations: 48412800 LUP
FLOP: 89
Total work: 4308739200 FLOP
performance: 0.541488 GLUP/s
Performance in GFLOP/s: 48.192432
size: 250000
time: 0.089407
[1;34m[pthread wrapper] 
[0m[1;34m[pthread wrapper] MAIN -> 0
[0m[1;34m[pthread wrapper] PIN_MASK: [0m[1;34m0->1  [0m[1;34m1->2  [0m[1;34m2->3  [0m[1;34m3->10  [0m[1;34m4->11  [0m[1;34m5->12  [0m[1;34m6->13  [0m[1;34m
[pthread wrapper] SKIP MASK: 0x0
[0m[1;34m	threadid 47456512464640 -> core 1 - OK[0m[1;34m
[0m[1;34m	threadid 47456514565888 -> core 2 - OK[0m[1;34m
[0m[1;34m	threadid 47456516667136 -> core 3 - OK[0m[1;34m
[0m[1;34m	threadid 47456518768384 -> core 10 - OK[0m[1;34m
[0m[1;34m	threadid 47456520869632 -> core 11 - OK[0m[1;34m
[0m[1;34m	threadid 47456522970880 -> core 12 - OK[0m[1;34m
[0m[1;34m	threadid 47456525072128 -> core 13 - OK[0m[1;34m
[0miterations: 200
Total iterations: 48412800 LUP
FLOP: 89
Total work: 4308739200 FLOP
performance: 0.542525 GLUP/s
Performance in GFLOP/s: 48.284753
size: 250000
time: 0.089236
[1;34m[pthread wrapper] 
[0m[1;34m[pthread wrapper] MAIN -> 0
[0m[1;34m[pthread wrapper] PIN_MASK: [0m[1;34m0->1  [0m[1;34m1->2  [0m[1;34m2->3  [0m[1;34m3->10  [0m[1;34m4->11  [0m[1;34m5->12  [0m[1;34m6->13  [0m[1;34m
[pthread wrapper] SKIP MASK: 0x0
[0m[1;34m	threadid 47600141330176 -> core 1 - OK[0m[1;34m
[0m[1;34m	threadid 47600143431424 -> core 2 - OK[0m[1;34m
[0m[1;34m	threadid 47600145532672 -> core 3 - OK[0m[1;34m
[0m[1;34m	threadid 47600147633920 -> core 10 - OK[0m[1;34m
[0m[1;34m	threadid 47600149735168 -> core 11 - OK[0m[1;34m
[0m[1;34m	threadid 47600151836416 -> core 12 - OK[0m[1;34m
[0m[1;34m	threadid 47600153937664 -> core 13 - OK[0m[1;34m
[0miterations: 200
Total iterations: 48412800 LUP
FLOP: 89
Total work: 4308739200 FLOP
performance: 0.543200 GLUP/s
Performance in GFLOP/s: 48.344815
size: 250000
time: 0.089125
