iterations: 200
Total iterations: 48412800 LUP
FLOP: 89
Total work: 4308739200 FLOP
performance: 0.413489 GLUP/s
Performance in GFLOP/s: 36.800477
size: 250000
time: 0.117084
iterations: 200
Total iterations: 48412800 LUP
FLOP: 89
Total work: 4308739200 FLOP
performance: 0.413241 GLUP/s
Performance in GFLOP/s: 36.778458
size: 250000
time: 0.117154
iterations: 200
Total iterations: 48412800 LUP
FLOP: 89
Total work: 4308739200 FLOP
performance: 0.413668 GLUP/s
Performance in GFLOP/s: 36.816445
size: 250000
time: 0.117033
iterations: 200
Total iterations: 48412800 LUP
FLOP: 89
Total work: 4308739200 FLOP
performance: 0.414674 GLUP/s
Performance in GFLOP/s: 36.905990
size: 250000
time: 0.116749
iterations: 200
Total iterations: 48412800 LUP
FLOP: 89
Total work: 4308739200 FLOP
performance: 0.413562 GLUP/s
Performance in GFLOP/s: 36.806997
size: 250000
time: 0.117063
iterations: 200
Total iterations: 48412800 LUP
FLOP: 89
Total work: 4308739200 FLOP
performance: 0.414075 GLUP/s
Performance in GFLOP/s: 36.852632
size: 250000
time: 0.116918
iterations: 200
Total iterations: 48412800 LUP
FLOP: 89
Total work: 4308739200 FLOP
performance: 0.413322 GLUP/s
Performance in GFLOP/s: 36.785645
size: 250000
time: 0.117131
iterations: 200
Total iterations: 48412800 LUP
FLOP: 89
Total work: 4308739200 FLOP
performance: 0.414234 GLUP/s
Performance in GFLOP/s: 36.866840
size: 250000
time: 0.116873
iterations: 200
Total iterations: 48412800 LUP
FLOP: 89
Total work: 4308739200 FLOP
performance: 0.414436 GLUP/s
Performance in GFLOP/s: 36.884824
size: 250000
time: 0.116816
iterations: 200
Total iterations: 48412800 LUP
FLOP: 89
Total work: 4308739200 FLOP
performance: 0.413290 GLUP/s
Performance in GFLOP/s: 36.782800
size: 250000
time: 0.117140
