iterations: 120
Total iterations: 1074247680 LUP
FLOP: 89
Total work: 95608043520 FLOP
performance: 0.592598 GLUP/s
Performance in GFLOP/s: 52.741266
size: 9000000
time: 1.812775
iterations: 120
Total iterations: 1074247680 LUP
FLOP: 89
Total work: 95608043520 FLOP
performance: 0.592421 GLUP/s
Performance in GFLOP/s: 52.725497
size: 9000000
time: 1.813317
iterations: 120
Total iterations: 1074247680 LUP
FLOP: 89
Total work: 95608043520 FLOP
performance: 0.593552 GLUP/s
Performance in GFLOP/s: 52.826126
size: 9000000
time: 1.809863
iterations: 120
Total iterations: 1074247680 LUP
FLOP: 89
Total work: 95608043520 FLOP
performance: 0.594398 GLUP/s
Performance in GFLOP/s: 52.901446
size: 9000000
time: 1.807286
iterations: 120
Total iterations: 1074247680 LUP
FLOP: 89
Total work: 95608043520 FLOP
performance: 0.591798 GLUP/s
Performance in GFLOP/s: 52.670047
size: 9000000
time: 1.815226
iterations: 120
Total iterations: 1074247680 LUP
FLOP: 89
Total work: 95608043520 FLOP
performance: 0.591953 GLUP/s
Performance in GFLOP/s: 52.683831
size: 9000000
time: 1.814751
iterations: 120
Total iterations: 1074247680 LUP
FLOP: 89
Total work: 95608043520 FLOP
performance: 0.592379 GLUP/s
Performance in GFLOP/s: 52.721747
size: 9000000
time: 1.813446
iterations: 120
Total iterations: 1074247680 LUP
FLOP: 89
Total work: 95608043520 FLOP
performance: 0.594137 GLUP/s
Performance in GFLOP/s: 52.878189
size: 9000000
time: 1.808081
iterations: 120
Total iterations: 1074247680 LUP
FLOP: 89
Total work: 95608043520 FLOP
performance: 0.593092 GLUP/s
Performance in GFLOP/s: 52.785205
size: 9000000
time: 1.811266
iterations: 120
Total iterations: 1074247680 LUP
FLOP: 89
Total work: 95608043520 FLOP
performance: 0.596288 GLUP/s
Performance in GFLOP/s: 53.069673
size: 9000000
time: 1.801557
