[1;34m[pthread wrapper] 
[0m[1;34m[pthread wrapper] MAIN -> 0
[0m[1;34m[pthread wrapper] PIN_MASK: [0m[1;34m0->1  [0m[1;34m1->2  [0m[1;34m2->3  [0m[1;34m3->4  [0m[1;34m4->5  [0m[1;34m5->6  [0m[1;34m6->7  [0m[1;34m7->8  [0m[1;34m8->9  [0m[1;34m
[pthread wrapper] SKIP MASK: 0x0
[0m[1;34m	threadid 47353494361856 -> core 1 - OK[0m[1;34m
[0m[1;34m	threadid 47353496463104 -> core 2 - OK[0m[1;34m
[0m[1;34m	threadid 47353498564352 -> core 3 - OK[0m[1;34m
[0m[1;34m	threadid 47353500665600 -> core 4 - OK[0m[1;34m
[0m[1;34m	threadid 47353502766848 -> core 5 - OK[0m[1;34m
[0m[1;34m	threadid 47353504868096 -> core 6 - OK[0m[1;34m
[0m[1;34m	threadid 47353506969344 -> core 7 - OK[0m[1;34m
[0m[1;34m	threadid 47353509070592 -> core 8 - OK[0m[1;34m
[0m[1;34m	threadid 47353511171840 -> core 9 - OK[0m[1;34m
[0miterations: 200
Total iterations: 48412800 LUP
FLOP: 89
Total work: 4308739200 FLOP
performance: 0.709034 GLUP/s
Performance in GFLOP/s: 63.103989
size: 250000
time: 0.068280
[1;34m[pthread wrapper] 
[0m[1;34m[pthread wrapper] MAIN -> 0
[0m[1;34m[pthread wrapper] PIN_MASK: [0m[1;34m0->1  [0m[1;34m1->2  [0m[1;34m2->3  [0m[1;34m3->4  [0m[1;34m4->5  [0m[1;34m5->6  [0m[1;34m6->7  [0m[1;34m7->8  [0m[1;34m8->9  [0m[1;34m
[pthread wrapper] SKIP MASK: 0x0
[0m[1;34m	threadid 47724112430848 -> core 1 - OK[0m[1;34m
[0m[1;34m	threadid 47724114532096 -> core 2 - OK[0m[1;34m
[0m[1;34m	threadid 47724116633344 -> core 3 - OK[0m[1;34m
[0m[1;34m	threadid 47724118734592 -> core 4 - OK[0m[1;34m
[0m[1;34m	threadid 47724120835840 -> core 5 - OK[0m[1;34m
[0m[1;34m	threadid 47724122937088 -> core 6 - OK[0m[1;34m
[0m[1;34m	threadid 47724125038336 -> core 7 - OK[0m[1;34m
[0m[1;34m	threadid 47724127139584 -> core 8 - OK[0m[1;34m
[0m[1;34m	threadid 47724129240832 -> core 9 - OK[0m[1;34m
[0miterations: 200
Total iterations: 48412800 LUP
FLOP: 89
Total work: 4308739200 FLOP
performance: 0.708660 GLUP/s
Performance in GFLOP/s: 63.070734
size: 250000
time: 0.068316
[1;34m[pthread wrapper] 
[0m[1;34m[pthread wrapper] MAIN -> 0
[0m[1;34m[pthread wrapper] PIN_MASK: [0m[1;34m0->1  [0m[1;34m1->2  [0m[1;34m2->3  [0m[1;34m3->4  [0m[1;34m4->5  [0m[1;34m5->6  [0m[1;34m6->7  [0m[1;34m7->8  [0m[1;34m8->9  [0m[1;34m
[pthread wrapper] SKIP MASK: 0x0
[0m[1;34m	threadid 47346825475840 -> core 1 - OK[0m[1;34m
[0m[1;34m	threadid 47346827577088 -> core 2 - OK[0m[1;34m
[0m[1;34m	threadid 47346829678336 -> core 3 - OK[0m[1;34m
[0m[1;34m	threadid 47346831779584 -> core 4 - OK[0m[1;34m
[0m[1;34m	threadid 47346833880832 -> core 5 - OK[0m[1;34m
[0m[1;34m	threadid 47346835982080 -> core 6 - OK[0m[1;34m
[0m[1;34m	threadid 47346838083328 -> core 7 - OK[0m[1;34m
[0m[1;34m	threadid 47346840184576 -> core 8 - OK[0m[1;34m
[0m[1;34m	threadid 47346842285824 -> core 9 - OK[0m[1;34m
[0miterations: 200
Total iterations: 48412800 LUP
FLOP: 89
Total work: 4308739200 FLOP
performance: 0.709076 GLUP/s
Performance in GFLOP/s: 63.107735
size: 250000
time: 0.068276
[1;34m[pthread wrapper] 
[0m[1;34m[pthread wrapper] MAIN -> 0
[0m[1;34m[pthread wrapper] PIN_MASK: [0m[1;34m0->1  [0m[1;34m1->2  [0m[1;34m2->3  [0m[1;34m3->4  [0m[1;34m4->5  [0m[1;34m5->6  [0m[1;34m6->7  [0m[1;34m7->8  [0m[1;34m8->9  [0m[1;34m
[pthread wrapper] SKIP MASK: 0x0
[0m[1;34m	threadid 47150501766912 -> core 1 - OK[0m[1;34m
[0m[1;34m	threadid 47150503868160 -> core 2 - OK[0m[1;34m
[0m[1;34m	threadid 47150505969408 -> core 3 - OK[0m[1;34m
[0m[1;34m	threadid 47150508070656 -> core 4 - OK[0m[1;34m
[0m[1;34m	threadid 47150510171904 -> core 5 - OK[0m[1;34m
[0m[1;34m	threadid 47150512273152 -> core 6 - OK[0m[1;34m
[0m[1;34m	threadid 47150514374400 -> core 7 - OK[0m[1;34m
[0m[1;34m	threadid 47150516475648 -> core 8 - OK[0m[1;34m
[0m[1;34m	threadid 47150518576896 -> core 9 - OK[0m[1;34m
[0miterations: 200
Total iterations: 48412800 LUP
FLOP: 89
Total work: 4308739200 FLOP
performance: 0.708722 GLUP/s
Performance in GFLOP/s: 63.076238
size: 250000
time: 0.068310
[1;34m[pthread wrapper] 
[0m[1;34m[pthread wrapper] MAIN -> 0
[0m[1;34m[pthread wrapper] PIN_MASK: [0m[1;34m0->1  [0m[1;34m1->2  [0m[1;34m2->3  [0m[1;34m3->4  [0m[1;34m4->5  [0m[1;34m5->6  [0m[1;34m6->7  [0m[1;34m7->8  [0m[1;34m8->9  [0m[1;34m
[pthread wrapper] SKIP MASK: 0x0
[0m[1;34m	threadid 46978229749504 -> core 1 - OK[0m[1;34m
[0m[1;34m	threadid 46978231850752 -> core 2 - OK[0m[1;34m
[0m[1;34m	threadid 46978233952000 -> core 3 - OK[0m[1;34m
[0m[1;34m	threadid 46978236053248 -> core 4 - OK[0m[1;34m
[0m[1;34m	threadid 46978238154496 -> core 5 - OK[0m[1;34m
[0m[1;34m	threadid 46978240255744 -> core 6 - OK[0m[1;34m
[0m[1;34m	threadid 46978242356992 -> core 7 - OK[0m[1;34m
[0m[1;34m	threadid 46978244458240 -> core 8 - OK[0m[1;34m
[0m[1;34m	threadid 46978246559488 -> core 9 - OK[0m[1;34m
[0miterations: 200
Total iterations: 48412800 LUP
FLOP: 89
Total work: 4308739200 FLOP
performance: 0.709024 GLUP/s
Performance in GFLOP/s: 63.103108
size: 250000
time: 0.068281
[1;34m[pthread wrapper] 
[0m[1;34m[pthread wrapper] MAIN -> 0
[0m[1;34m[pthread wrapper] PIN_MASK: [0m[1;34m0->1  [0m[1;34m1->2  [0m[1;34m2->3  [0m[1;34m3->4  [0m[1;34m4->5  [0m[1;34m5->6  [0m[1;34m6->7  [0m[1;34m7->8  [0m[1;34m8->9  [0m[1;34m
[pthread wrapper] SKIP MASK: 0x0
[0m[1;34m	threadid 47058195343104 -> core 1 - OK[0m[1;34m
[0m[1;34m	threadid 47058197444352 -> core 2 - OK[0m[1;34m
[0m[1;34m	threadid 47058199545600 -> core 3 - OK[0m[1;34m
[0m[1;34m	threadid 47058201646848 -> core 4 - OK[0m[1;34m
[0m[1;34m	threadid 47058203748096 -> core 5 - OK[0m[1;34m
[0m[1;34m	threadid 47058205849344 -> core 6 - OK[0m[1;34m
[0m[1;34m	threadid 47058207950592 -> core 7 - OK[0m[1;34m
[0m[1;34m	threadid 47058210051840 -> core 8 - OK[0m[1;34m
[0m[1;34m	threadid 47058212153088 -> core 9 - OK[0m[1;34m
[0miterations: 200
Total iterations: 48412800 LUP
FLOP: 89
Total work: 4308739200 FLOP
performance: 0.708920 GLUP/s
Performance in GFLOP/s: 63.093855
size: 250000
time: 0.068291
[1;34m[pthread wrapper] 
[0m[1;34m[pthread wrapper] MAIN -> 0
[0m[1;34m[pthread wrapper] PIN_MASK: [0m[1;34m0->1  [0m[1;34m1->2  [0m[1;34m2->3  [0m[1;34m3->4  [0m[1;34m4->5  [0m[1;34m5->6  [0m[1;34m6->7  [0m[1;34m7->8  [0m[1;34m8->9  [0m[1;34m
[pthread wrapper] SKIP MASK: 0x0
[0m[1;34m	threadid 47008192300800 -> core 1 - OK[0m[1;34m
[0m[1;34m	threadid 47008194402048 -> core 2 - OK[0m[1;34m
[0m[1;34m	threadid 47008196503296 -> core 3 - OK[0m[1;34m
[0m[1;34m	threadid 47008198604544 -> core 4 - OK[0m[1;34m
[0m[1;34m	threadid 47008200705792 -> core 5 - OK[0m[1;34m
[0m[1;34m	threadid 47008202807040 -> core 6 - OK[0m[1;34m
[0m[1;34m	threadid 47008204908288 -> core 7 - OK[0m[1;34m
[0m[1;34m	threadid 47008207009536 -> core 8 - OK[0m[1;34m
[0m[1;34m	threadid 47008209110784 -> core 9 - OK[0m[1;34m
[0miterations: 200
Total iterations: 48412800 LUP
FLOP: 89
Total work: 4308739200 FLOP
performance: 0.709011 GLUP/s
Performance in GFLOP/s: 63.102006
size: 250000
time: 0.068282
[1;34m[pthread wrapper] 
[0m[1;34m[pthread wrapper] MAIN -> 0
[0m[1;34m[pthread wrapper] PIN_MASK: [0m[1;34m0->1  [0m[1;34m1->2  [0m[1;34m2->3  [0m[1;34m3->4  [0m[1;34m4->5  [0m[1;34m5->6  [0m[1;34m6->7  [0m[1;34m7->8  [0m[1;34m8->9  [0m[1;34m
[pthread wrapper] SKIP MASK: 0x0
[0m[1;34m	threadid 46969751197440 -> core 1 - OK[0m[1;34m
[0m[1;34m	threadid 46969753298688 -> core 2 - OK[0m[1;34m
[0m[1;34m	threadid 46969755399936 -> core 3 - OK[0m[1;34m
[0m[1;34m	threadid 46969757501184 -> core 4 - OK[0m[1;34m
[0m[1;34m	threadid 46969759602432 -> core 5 - OK[0m[1;34m
[0m[1;34m	threadid 46969761703680 -> core 6 - OK[0m[1;34m
[0m[1;34m	threadid 46969763804928 -> core 7 - OK[0m[1;34m
[0m[1;34m	threadid 46969765906176 -> core 8 - OK[0m[1;34m
[0m[1;34m	threadid 46969768007424 -> core 9 - OK[0m[1;34m
[0miterations: 200
Total iterations: 48412800 LUP
FLOP: 89
Total work: 4308739200 FLOP
performance: 0.709086 GLUP/s
Performance in GFLOP/s: 63.108616
size: 250000
time: 0.068275
[1;34m[pthread wrapper] 
[0m[1;34m[pthread wrapper] MAIN -> 0
[0m[1;34m[pthread wrapper] PIN_MASK: [0m[1;34m0->1  [0m[1;34m1->2  [0m[1;34m2->3  [0m[1;34m3->4  [0m[1;34m4->5  [0m[1;34m5->6  [0m[1;34m6->7  [0m[1;34m7->8  [0m[1;34m8->9  [0m[1;34m
[pthread wrapper] SKIP MASK: 0x0
[0m[1;34m	threadid 47406566852352 -> core 1 - OK[0m[1;34m
[0m[1;34m	threadid 47406568953600 -> core 2 - OK[0m[1;34m
[0m[1;34m	threadid 47406571054848 -> core 3 - OK[0m[1;34m
[0m[1;34m	threadid 47406573156096 -> core 4 - OK[0m[1;34m
[0m[1;34m	threadid 47406575257344 -> core 5 - OK[0m[1;34m
[0m[1;34m	threadid 47406577358592 -> core 6 - OK[0m[1;34m
[0m[1;34m	threadid 47406579459840 -> core 7 - OK[0m[1;34m
[0m[1;34m	threadid 47406581561088 -> core 8 - OK[0m[1;34m
[0m[1;34m	threadid 47406583662336 -> core 9 - OK[0m[1;34m
[0miterations: 200
Total iterations: 48412800 LUP
FLOP: 89
Total work: 4308739200 FLOP
performance: 0.708962 GLUP/s
Performance in GFLOP/s: 63.097600
size: 250000
time: 0.068287
[1;34m[pthread wrapper] 
[0m[1;34m[pthread wrapper] MAIN -> 0
[0m[1;34m[pthread wrapper] PIN_MASK: [0m[1;34m0->1  [0m[1;34m1->2  [0m[1;34m2->3  [0m[1;34m3->4  [0m[1;34m4->5  [0m[1;34m5->6  [0m[1;34m6->7  [0m[1;34m7->8  [0m[1;34m8->9  [0m[1;34m
[pthread wrapper] SKIP MASK: 0x0
[0m[1;34m	threadid 47663136356096 -> core 1 - OK[0m[1;34m
[0m[1;34m	threadid 47663138457344 -> core 2 - OK[0m[1;34m
[0m[1;34m	threadid 47663140558592 -> core 3 - OK[0m[1;34m
[0m[1;34m	threadid 47663142659840 -> core 4 - OK[0m[1;34m
[0m[1;34m	threadid 47663144761088 -> core 5 - OK[0m[1;34m
[0m[1;34m	threadid 47663146862336 -> core 6 - OK[0m[1;34m
[0m[1;34m	threadid 47663148963584 -> core 7 - OK[0m[1;34m
[0m[1;34m	threadid 47663151064832 -> core 8 - OK[0m[1;34m
[0m[1;34m	threadid 47663153166080 -> core 9 - OK[0m[1;34m
[0miterations: 200
Total iterations: 48412800 LUP
FLOP: 89
Total work: 4308739200 FLOP
performance: 0.708806 GLUP/s
Performance in GFLOP/s: 63.083724
size: 250000
time: 0.068302
