[1;34m[pthread wrapper] 
[0m[1;34m[pthread wrapper] MAIN -> 0
[0m[1;34m[pthread wrapper] PIN_MASK: [0m[1;34m0->1  [0m[1;34m1->10  [0m[1;34m2->11  [0m[1;34m
[pthread wrapper] SKIP MASK: 0x0
[0m[1;34m	threadid 47616456210176 -> core 1 - OK[0m[1;34m
[0m[1;34m	threadid 47616458311424 -> core 10 - OK[0m[1;34m
[0m[1;34m	threadid 47616460412672 -> core 11 - OK[0m[1;34m
[0miterations: 120
Total iterations: 1074247680 LUP
FLOP: 89
Total work: 95608043520 FLOP
performance: 0.299656 GLUP/s
Performance in GFLOP/s: 26.669417
size: 9000000
time: 3.584932
[1;34m[pthread wrapper] 
[0m[1;34m[pthread wrapper] MAIN -> 0
[0m[1;34m[pthread wrapper] PIN_MASK: [0m[1;34m0->1  [0m[1;34m1->10  [0m[1;34m2->11  [0m[1;34m
[pthread wrapper] SKIP MASK: 0x0
[0m[1;34m	threadid 47312389216000 -> core 1 - OK[0m[1;34m
[0m[1;34m	threadid 47312391317248 -> core 10 - OK[0m[1;34m
[0m[1;34m	threadid 47312393418496 -> core 11 - OK[0m[1;34m
[0miterations: 120
Total iterations: 1074247680 LUP
FLOP: 89
Total work: 95608043520 FLOP
performance: 0.299777 GLUP/s
Performance in GFLOP/s: 26.680140
size: 9000000
time: 3.583491
[1;34m[pthread wrapper] 
[0m[1;34m[pthread wrapper] MAIN -> 0
[0m[1;34m[pthread wrapper] PIN_MASK: [0m[1;34m0->1  [0m[1;34m1->10  [0m[1;34m2->11  [0m[1;34m
[pthread wrapper] SKIP MASK: 0x0
[0m[1;34m	threadid 47058251429632 -> core 1 - OK[0m[1;34m
[0m[1;34m	threadid 47058253530880 -> core 10 - OK[0m[1;34m
[0m[1;34m	threadid 47058255632128 -> core 11 - OK[0m[1;34m
[0miterations: 120
Total iterations: 1074247680 LUP
FLOP: 89
Total work: 95608043520 FLOP
performance: 0.299401 GLUP/s
Performance in GFLOP/s: 26.646663
size: 9000000
time: 3.587993
[1;34m[pthread wrapper] 
[0m[1;34m[pthread wrapper] MAIN -> 0
[0m[1;34m[pthread wrapper] PIN_MASK: [0m[1;34m0->1  [0m[1;34m1->10  [0m[1;34m2->11  [0m[1;34m
[pthread wrapper] SKIP MASK: 0x0
[0m[1;34m	threadid 47159795427072 -> core 1 - OK[0m[1;34m
[0m[1;34m	threadid 47159797528320 -> core 10 - OK[0m[1;34m
[0m[1;34m	threadid 47159799629568 -> core 11 - OK[0m[1;34m
[0miterations: 120
Total iterations: 1074247680 LUP
FLOP: 89
Total work: 95608043520 FLOP
performance: 0.299083 GLUP/s
Performance in GFLOP/s: 26.618384
size: 9000000
time: 3.591805
[1;34m[pthread wrapper] 
[0m[1;34m[pthread wrapper] MAIN -> 0
[0m[1;34m[pthread wrapper] PIN_MASK: [0m[1;34m0->1  [0m[1;34m1->10  [0m[1;34m2->11  [0m[1;34m
[pthread wrapper] SKIP MASK: 0x0
[0m[1;34m	threadid 47127363098368 -> core 1 - OK[0m[1;34m
[0m[1;34m	threadid 47127365199616 -> core 10 - OK[0m[1;34m
[0m[1;34m	threadid 47127367300864 -> core 11 - OK[0m[1;34m
[0miterations: 120
Total iterations: 1074247680 LUP
FLOP: 89
Total work: 95608043520 FLOP
performance: 0.300231 GLUP/s
Performance in GFLOP/s: 26.720593
size: 9000000
time: 3.578066
[1;34m[pthread wrapper] 
[0m[1;34m[pthread wrapper] MAIN -> 0
[0m[1;34m[pthread wrapper] PIN_MASK: [0m[1;34m0->1  [0m[1;34m1->10  [0m[1;34m2->11  [0m[1;34m
[pthread wrapper] SKIP MASK: 0x0
[0m[1;34m	threadid 47007256049408 -> core 1 - OK[0m[1;34m
[0m[1;34m	threadid 47007258150656 -> core 10 - OK[0m[1;34m
[0m[1;34m	threadid 47007260251904 -> core 11 - OK[0m[1;34m
[0miterations: 120
Total iterations: 1074247680 LUP
FLOP: 89
Total work: 95608043520 FLOP
performance: 0.300064 GLUP/s
Performance in GFLOP/s: 26.705687
size: 9000000
time: 3.580063
[1;34m[pthread wrapper] 
[0m[1;34m[pthread wrapper] MAIN -> 0
[0m[1;34m[pthread wrapper] PIN_MASK: [0m[1;34m0->1  [0m[1;34m1->10  [0m[1;34m2->11  [0m[1;34m
[pthread wrapper] SKIP MASK: 0x0
[0m[1;34m	threadid 47705174042368 -> core 1 - OK[0m[1;34m
[0m[1;34m	threadid 47705176143616 -> core 10 - OK[0m[1;34m
[0m[1;34m	threadid 47705178244864 -> core 11 - OK[0m[1;34m
[0miterations: 120
Total iterations: 1074247680 LUP
FLOP: 89
Total work: 95608043520 FLOP
performance: 0.299393 GLUP/s
Performance in GFLOP/s: 26.645995
size: 9000000
time: 3.588083
[1;34m[pthread wrapper] 
[0m[1;34m[pthread wrapper] MAIN -> 0
[0m[1;34m[pthread wrapper] PIN_MASK: [0m[1;34m0->1  [0m[1;34m1->10  [0m[1;34m2->11  [0m[1;34m
[pthread wrapper] SKIP MASK: 0x0
[0m[1;34m	threadid 47616537745152 -> core 1 - OK[0m[1;34m
[0m[1;34m	threadid 47616539846400 -> core 10 - OK[0m[1;34m
[0m[1;34m	threadid 47616541947648 -> core 11 - OK[0m[1;34m
[0miterations: 120
Total iterations: 1074247680 LUP
FLOP: 89
Total work: 95608043520 FLOP
performance: 0.299294 GLUP/s
Performance in GFLOP/s: 26.637131
size: 9000000
time: 3.589277
[1;34m[pthread wrapper] 
[0m[1;34m[pthread wrapper] MAIN -> 0
[0m[1;34m[pthread wrapper] PIN_MASK: [0m[1;34m0->1  [0m[1;34m1->10  [0m[1;34m2->11  [0m[1;34m
[pthread wrapper] SKIP MASK: 0x0
[0m[1;34m	threadid 47393806325504 -> core 1 - OK[0m[1;34m
[0m[1;34m	threadid 47393808426752 -> core 10 - OK[0m[1;34m
[0m[1;34m	threadid 47393810528000 -> core 11 - OK[0m[1;34m
[0miterations: 120
Total iterations: 1074247680 LUP
FLOP: 89
Total work: 95608043520 FLOP
performance: 0.299626 GLUP/s
Performance in GFLOP/s: 26.666716
size: 9000000
time: 3.585295
[1;34m[pthread wrapper] 
[0m[1;34m[pthread wrapper] MAIN -> 0
[0m[1;34m[pthread wrapper] PIN_MASK: [0m[1;34m0->1  [0m[1;34m1->10  [0m[1;34m2->11  [0m[1;34m
[pthread wrapper] SKIP MASK: 0x0
[0m[1;34m	threadid 47280303494912 -> core 1 - OK[0m[1;34m
[0m[1;34m	threadid 47280305596160 -> core 10 - OK[0m[1;34m
[0m[1;34m	threadid 47280307697408 -> core 11 - OK[0m[1;34m
[0miterations: 120
Total iterations: 1074247680 LUP
FLOP: 89
Total work: 95608043520 FLOP
performance: 0.299248 GLUP/s
Performance in GFLOP/s: 26.633094
size: 9000000
time: 3.589821
