[1;34m[pthread wrapper] 
[0m[1;34m[pthread wrapper] MAIN -> 0
[0m[1;34m[pthread wrapper] PIN_MASK: [0m[1;34m0->1  [0m[1;34m1->10  [0m[1;34m2->11  [0m[1;34m
[pthread wrapper] SKIP MASK: 0x0
[0m[1;34m	threadid 47633596180224 -> core 1 - OK[0m[1;34m
[0m[1;34m	threadid 47633598281472 -> core 10 - OK[0m[1;34m
[0m[1;34m	threadid 47633600382720 -> core 11 - OK[0m[1;34m
[0miterations: 200
Total iterations: 1790412800 LUP
FLOP: 89
Total work: 159346739200 FLOP
performance: 0.300101 GLUP/s
Performance in GFLOP/s: 26.708994
size: 9000000
time: 5.966033
[1;34m[pthread wrapper] 
[0m[1;34m[pthread wrapper] MAIN -> 0
[0m[1;34m[pthread wrapper] PIN_MASK: [0m[1;34m0->1  [0m[1;34m1->10  [0m[1;34m2->11  [0m[1;34m
[pthread wrapper] SKIP MASK: 0x0
[0m[1;34m	threadid 47963739371264 -> core 1 - OK[0m[1;34m
[0m[1;34m	threadid 47963741472512 -> core 10 - OK[0m[1;34m
[0m[1;34m	threadid 47963743573760 -> core 11 - OK[0m[1;34m
[0miterations: 200
Total iterations: 1790412800 LUP
FLOP: 89
Total work: 159346739200 FLOP
performance: 0.300667 GLUP/s
Performance in GFLOP/s: 26.759395
size: 9000000
time: 5.954796
[1;34m[pthread wrapper] 
[0m[1;34m[pthread wrapper] MAIN -> 0
[0m[1;34m[pthread wrapper] PIN_MASK: [0m[1;34m0->1  [0m[1;34m1->10  [0m[1;34m2->11  [0m[1;34m
[pthread wrapper] SKIP MASK: 0x0
[0m[1;34m	threadid 47440643737344 -> core 1 - OK[0m[1;34m
[0m[1;34m	threadid 47440645838592 -> core 10 - OK[0m[1;34m
[0m[1;34m	threadid 47440647939840 -> core 11 - OK[0m[1;34m
[0miterations: 200
Total iterations: 1790412800 LUP
FLOP: 89
Total work: 159346739200 FLOP
performance: 0.299524 GLUP/s
Performance in GFLOP/s: 26.657605
size: 9000000
time: 5.977534
[1;34m[pthread wrapper] 
[0m[1;34m[pthread wrapper] MAIN -> 0
[0m[1;34m[pthread wrapper] PIN_MASK: [0m[1;34m0->1  [0m[1;34m1->10  [0m[1;34m2->11  [0m[1;34m
[pthread wrapper] SKIP MASK: 0x0
[0m[1;34m	threadid 47878017578752 -> core 1 - OK[0m[1;34m
[0m[1;34m	threadid 47878019680000 -> core 10 - OK[0m[1;34m
[0m[1;34m	threadid 47878021781248 -> core 11 - OK[0m[1;34m
[0miterations: 200
Total iterations: 1790412800 LUP
FLOP: 89
Total work: 159346739200 FLOP
performance: 0.299544 GLUP/s
Performance in GFLOP/s: 26.659415
size: 9000000
time: 5.977128
[1;34m[pthread wrapper] 
[0m[1;34m[pthread wrapper] MAIN -> 0
[0m[1;34m[pthread wrapper] PIN_MASK: [0m[1;34m0->1  [0m[1;34m1->10  [0m[1;34m2->11  [0m[1;34m
[pthread wrapper] SKIP MASK: 0x0
[0m[1;34m	threadid 46947336996608 -> core 1 - OK[0m[1;34m
[0m[1;34m	threadid 46947339097856 -> core 10 - OK[0m[1;34m
[0m[1;34m	threadid 46947341199104 -> core 11 - OK[0m[1;34m
[0miterations: 200
Total iterations: 1790412800 LUP
FLOP: 89
Total work: 159346739200 FLOP
performance: 0.299859 GLUP/s
Performance in GFLOP/s: 26.687487
size: 9000000
time: 5.970841
[1;34m[pthread wrapper] 
[0m[1;34m[pthread wrapper] MAIN -> 0
[0m[1;34m[pthread wrapper] PIN_MASK: [0m[1;34m0->1  [0m[1;34m1->10  [0m[1;34m2->11  [0m[1;34m
[pthread wrapper] SKIP MASK: 0x0
[0m[1;34m	threadid 47795713914624 -> core 1 - OK[0m[1;34m
[0m[1;34m	threadid 47795716015872 -> core 10 - OK[0m[1;34m
[0m[1;34m	threadid 47795718117120 -> core 11 - OK[0m[1;34m
[0miterations: 200
Total iterations: 1790412800 LUP
FLOP: 89
Total work: 159346739200 FLOP
performance: 0.299775 GLUP/s
Performance in GFLOP/s: 26.679993
size: 9000000
time: 5.972518
[1;34m[pthread wrapper] 
[0m[1;34m[pthread wrapper] MAIN -> 0
[0m[1;34m[pthread wrapper] PIN_MASK: [0m[1;34m0->1  [0m[1;34m1->10  [0m[1;34m2->11  [0m[1;34m
[pthread wrapper] SKIP MASK: 0x0
[0m[1;34m	threadid 47515280725760 -> core 1 - OK[0m[1;34m
[0m[1;34m	threadid 47515282827008 -> core 10 - OK[0m[1;34m
[0m[1;34m	threadid 47515284928256 -> core 11 - OK[0m[1;34m
[0miterations: 200
Total iterations: 1790412800 LUP
FLOP: 89
Total work: 159346739200 FLOP
performance: 0.299900 GLUP/s
Performance in GFLOP/s: 26.691112
size: 9000000
time: 5.970030
[1;34m[pthread wrapper] 
[0m[1;34m[pthread wrapper] MAIN -> 0
[0m[1;34m[pthread wrapper] PIN_MASK: [0m[1;34m0->1  [0m[1;34m1->10  [0m[1;34m2->11  [0m[1;34m
[pthread wrapper] SKIP MASK: 0x0
[0m[1;34m	threadid 47982148130560 -> core 1 - OK[0m[1;34m
[0m[1;34m	threadid 47982150231808 -> core 10 - OK[0m[1;34m
[0m[1;34m	threadid 47982152333056 -> core 11 - OK[0m[1;34m
[0miterations: 200
Total iterations: 1790412800 LUP
FLOP: 89
Total work: 159346739200 FLOP
performance: 0.300402 GLUP/s
Performance in GFLOP/s: 26.735748
size: 9000000
time: 5.960063
[1;34m[pthread wrapper] 
[0m[1;34m[pthread wrapper] MAIN -> 0
[0m[1;34m[pthread wrapper] PIN_MASK: [0m[1;34m0->1  [0m[1;34m1->10  [0m[1;34m2->11  [0m[1;34m
[pthread wrapper] SKIP MASK: 0x0
[0m[1;34m	threadid 47186714363648 -> core 1 - OK[0m[1;34m
[0m[1;34m	threadid 47186716464896 -> core 10 - OK[0m[1;34m
[0m[1;34m	threadid 47186718566144 -> core 11 - OK[0m[1;34m
[0miterations: 200
Total iterations: 1790412800 LUP
FLOP: 89
Total work: 159346739200 FLOP
performance: 0.300516 GLUP/s
Performance in GFLOP/s: 26.745943
size: 9000000
time: 5.957791
[1;34m[pthread wrapper] 
[0m[1;34m[pthread wrapper] MAIN -> 0
[0m[1;34m[pthread wrapper] PIN_MASK: [0m[1;34m0->1  [0m[1;34m1->10  [0m[1;34m2->11  [0m[1;34m
[pthread wrapper] SKIP MASK: 0x0
[0m[1;34m	threadid 47198264772352 -> core 1 - OK[0m[1;34m
[0m[1;34m	threadid 47198266873600 -> core 10 - OK[0m[1;34m
[0m[1;34m	threadid 47198268974848 -> core 11 - OK[0m[1;34m
[0miterations: 200
Total iterations: 1790412800 LUP
FLOP: 89
Total work: 159346739200 FLOP
performance: 0.299727 GLUP/s
Performance in GFLOP/s: 26.675719
size: 9000000
time: 5.973475
