iterations: 200
Total iterations: 48412800 LUP
FLOP: 89
Total work: 4308739200 FLOP
performance: 0.074375 GLUP/s
Performance in GFLOP/s: 6.619410
size: 250000
time: 0.650925
iterations: 200
Total iterations: 48412800 LUP
FLOP: 89
Total work: 4308739200 FLOP
performance: 0.074182 GLUP/s
Performance in GFLOP/s: 6.602178
size: 250000
time: 0.652624
iterations: 200
Total iterations: 48412800 LUP
FLOP: 89
Total work: 4308739200 FLOP
performance: 0.074164 GLUP/s
Performance in GFLOP/s: 6.600630
size: 250000
time: 0.652777
iterations: 200
Total iterations: 48412800 LUP
FLOP: 89
Total work: 4308739200 FLOP
performance: 0.074341 GLUP/s
Performance in GFLOP/s: 6.616381
size: 250000
time: 0.651223
iterations: 200
Total iterations: 48412800 LUP
FLOP: 89
Total work: 4308739200 FLOP
performance: 0.074187 GLUP/s
Performance in GFLOP/s: 6.602663
size: 250000
time: 0.652576
iterations: 200
Total iterations: 48412800 LUP
FLOP: 89
Total work: 4308739200 FLOP
performance: 0.074226 GLUP/s
Performance in GFLOP/s: 6.606095
size: 250000
time: 0.652237
iterations: 200
Total iterations: 48412800 LUP
FLOP: 89
Total work: 4308739200 FLOP
performance: 0.074235 GLUP/s
Performance in GFLOP/s: 6.606875
size: 250000
time: 0.652160
iterations: 200
Total iterations: 48412800 LUP
FLOP: 89
Total work: 4308739200 FLOP
performance: 0.074209 GLUP/s
Performance in GFLOP/s: 6.604627
size: 250000
time: 0.652382
iterations: 200
Total iterations: 48412800 LUP
FLOP: 89
Total work: 4308739200 FLOP
performance: 0.074302 GLUP/s
Performance in GFLOP/s: 6.612897
size: 250000
time: 0.651566
iterations: 200
Total iterations: 48412800 LUP
FLOP: 89
Total work: 4308739200 FLOP
performance: 0.074403 GLUP/s
Performance in GFLOP/s: 6.621853
size: 250000
time: 0.650685
