[1;34m[pthread wrapper] 
[0m[1;34m[pthread wrapper] MAIN -> 0
[0m[1;34m[pthread wrapper] PIN_MASK: [0m[1;34m0->1  [0m[1;34m1->2  [0m[1;34m2->3  [0m[1;34m
[pthread wrapper] SKIP MASK: 0x0
[0m[1;34m	threadid 47580499699456 -> core 1 - OK[0m[1;34m
[0m[1;34m	threadid 47580501800704 -> core 2 - OK[0m[1;34m
[0m[1;34m	threadid 47580503901952 -> core 3 - OK[0m[1;34m
[0miterations: 120
Total iterations: 1074247680 LUP
FLOP: 89
Total work: 95608043520 FLOP
performance: 0.302137 GLUP/s
Performance in GFLOP/s: 26.890189
size: 9000000
time: 3.555499
[1;34m[pthread wrapper] 
[0m[1;34m[pthread wrapper] MAIN -> 0
[0m[1;34m[pthread wrapper] PIN_MASK: [0m[1;34m0->1  [0m[1;34m1->2  [0m[1;34m2->3  [0m[1;34m
[pthread wrapper] SKIP MASK: 0x0
[0m[1;34m	threadid 47503531443968 -> core 1 - OK[0m[1;34m
[0m[1;34m	threadid 47503533545216 -> core 2 - OK[0m[1;34m
[0m[1;34m	threadid 47503535646464 -> core 3 - OK[0m[1;34m
[0miterations: 120
Total iterations: 1074247680 LUP
FLOP: 89
Total work: 95608043520 FLOP
performance: 0.302110 GLUP/s
Performance in GFLOP/s: 26.887748
size: 9000000
time: 3.555822
[1;34m[pthread wrapper] 
[0m[1;34m[pthread wrapper] MAIN -> 0
[0m[1;34m[pthread wrapper] PIN_MASK: [0m[1;34m0->1  [0m[1;34m1->2  [0m[1;34m2->3  [0m[1;34m
[pthread wrapper] SKIP MASK: 0x0
[0m[1;34m	threadid 47196475393792 -> core 1 - OK[0m[1;34m
[0m[1;34m	threadid 47196477495040 -> core 2 - OK[0m[1;34m
[0m[1;34m	threadid 47196479596288 -> core 3 - OK[0m[1;34m
[0miterations: 120
Total iterations: 1074247680 LUP
FLOP: 89
Total work: 95608043520 FLOP
performance: 0.302141 GLUP/s
Performance in GFLOP/s: 26.890537
size: 9000000
time: 3.555453
[1;34m[pthread wrapper] 
[0m[1;34m[pthread wrapper] MAIN -> 0
[0m[1;34m[pthread wrapper] PIN_MASK: [0m[1;34m0->1  [0m[1;34m1->2  [0m[1;34m2->3  [0m[1;34m
[pthread wrapper] SKIP MASK: 0x0
[0m[1;34m	threadid 47215141144320 -> core 1 - OK[0m[1;34m
[0m[1;34m	threadid 47215143245568 -> core 2 - OK[0m[1;34m
[0m[1;34m	threadid 47215145346816 -> core 3 - OK[0m[1;34m
[0miterations: 120
Total iterations: 1074247680 LUP
FLOP: 89
Total work: 95608043520 FLOP
performance: 0.301902 GLUP/s
Performance in GFLOP/s: 26.869311
size: 9000000
time: 3.558262
[1;34m[pthread wrapper] 
[0m[1;34m[pthread wrapper] MAIN -> 0
[0m[1;34m[pthread wrapper] PIN_MASK: [0m[1;34m0->1  [0m[1;34m1->2  [0m[1;34m2->3  [0m[1;34m
[pthread wrapper] SKIP MASK: 0x0
[0m[1;34m	threadid 47045181437696 -> core 1 - OK[0m[1;34m
[0m[1;34m	threadid 47045183538944 -> core 2 - OK[0m[1;34m
[0m[1;34m	threadid 47045185640192 -> core 3 - OK[0m[1;34m
[0miterations: 120
Total iterations: 1074247680 LUP
FLOP: 89
Total work: 95608043520 FLOP
performance: 0.302050 GLUP/s
Performance in GFLOP/s: 26.882409
size: 9000000
time: 3.556528
[1;34m[pthread wrapper] 
[0m[1;34m[pthread wrapper] MAIN -> 0
[0m[1;34m[pthread wrapper] PIN_MASK: [0m[1;34m0->1  [0m[1;34m1->2  [0m[1;34m2->3  [0m[1;34m
[pthread wrapper] SKIP MASK: 0x0
[0m[1;34m	threadid 47790813054720 -> core 1 - OK[0m[1;34m
[0m[1;34m	threadid 47790815155968 -> core 2 - OK[0m[1;34m
[0m[1;34m	threadid 47790817257216 -> core 3 - OK[0m[1;34m
[0miterations: 120
Total iterations: 1074247680 LUP
FLOP: 89
Total work: 95608043520 FLOP
performance: 0.301892 GLUP/s
Performance in GFLOP/s: 26.868365
size: 9000000
time: 3.558387
[1;34m[pthread wrapper] 
[0m[1;34m[pthread wrapper] MAIN -> 0
[0m[1;34m[pthread wrapper] PIN_MASK: [0m[1;34m0->1  [0m[1;34m1->2  [0m[1;34m2->3  [0m[1;34m
[pthread wrapper] SKIP MASK: 0x0
[0m[1;34m	threadid 47151176636160 -> core 1 - OK[0m[1;34m
[0m[1;34m	threadid 47151178737408 -> core 2 - OK[0m[1;34m
[0m[1;34m	threadid 47151180838656 -> core 3 - OK[0m[1;34m
[0miterations: 120
Total iterations: 1074247680 LUP
FLOP: 89
Total work: 95608043520 FLOP
performance: 0.302199 GLUP/s
Performance in GFLOP/s: 26.895750
size: 9000000
time: 3.554764
[1;34m[pthread wrapper] 
[0m[1;34m[pthread wrapper] MAIN -> 0
[0m[1;34m[pthread wrapper] PIN_MASK: [0m[1;34m0->1  [0m[1;34m1->2  [0m[1;34m2->3  [0m[1;34m
[pthread wrapper] SKIP MASK: 0x0
[0m[1;34m	threadid 47252035389184 -> core 1 - OK[0m[1;34m
[0m[1;34m	threadid 47252037490432 -> core 2 - OK[0m[1;34m
[0m[1;34m	threadid 47252039591680 -> core 3 - OK[0m[1;34m
[0miterations: 120
Total iterations: 1074247680 LUP
FLOP: 89
Total work: 95608043520 FLOP
performance: 0.302069 GLUP/s
Performance in GFLOP/s: 26.884111
size: 9000000
time: 3.556303
[1;34m[pthread wrapper] 
[0m[1;34m[pthread wrapper] MAIN -> 0
[0m[1;34m[pthread wrapper] PIN_MASK: [0m[1;34m0->1  [0m[1;34m1->2  [0m[1;34m2->3  [0m[1;34m
[pthread wrapper] SKIP MASK: 0x0
[0m[1;34m	threadid 47816812414720 -> core 1 - OK[0m[1;34m
[0m[1;34m	threadid 47816814515968 -> core 2 - OK[0m[1;34m
[0m[1;34m	threadid 47816816617216 -> core 3 - OK[0m[1;34m
[0miterations: 120
Total iterations: 1074247680 LUP
FLOP: 89
Total work: 95608043520 FLOP
performance: 0.301928 GLUP/s
Performance in GFLOP/s: 26.871567
size: 9000000
time: 3.557963
[1;34m[pthread wrapper] 
[0m[1;34m[pthread wrapper] MAIN -> 0
[0m[1;34m[pthread wrapper] PIN_MASK: [0m[1;34m0->1  [0m[1;34m1->2  [0m[1;34m2->3  [0m[1;34m
[pthread wrapper] SKIP MASK: 0x0
[0m[1;34m	threadid 47265936000768 -> core 1 - OK[0m[1;34m
[0m[1;34m	threadid 47265938102016 -> core 2 - OK[0m[1;34m
[0m[1;34m	threadid 47265940203264 -> core 3 - OK[0m[1;34m
[0miterations: 120
Total iterations: 1074247680 LUP
FLOP: 89
Total work: 95608043520 FLOP
performance: 0.302038 GLUP/s
Performance in GFLOP/s: 26.881389
size: 9000000
time: 3.556663
