iterations: 200
Total iterations: 48412800 LUP
FLOP: 89
Total work: 4308739200 FLOP
performance: 0.140464 GLUP/s
Performance in GFLOP/s: 12.501279
size: 250000
time: 0.344664
iterations: 200
Total iterations: 48412800 LUP
FLOP: 89
Total work: 4308739200 FLOP
performance: 0.140904 GLUP/s
Performance in GFLOP/s: 12.540463
size: 250000
time: 0.343587
iterations: 200
Total iterations: 48412800 LUP
FLOP: 89
Total work: 4308739200 FLOP
performance: 0.140643 GLUP/s
Performance in GFLOP/s: 12.517185
size: 250000
time: 0.344226
iterations: 200
Total iterations: 48412800 LUP
FLOP: 89
Total work: 4308739200 FLOP
performance: 0.140570 GLUP/s
Performance in GFLOP/s: 12.510704
size: 250000
time: 0.344404
iterations: 200
Total iterations: 48412800 LUP
FLOP: 89
Total work: 4308739200 FLOP
performance: 0.140886 GLUP/s
Performance in GFLOP/s: 12.538854
size: 250000
time: 0.343631
iterations: 200
Total iterations: 48412800 LUP
FLOP: 89
Total work: 4308739200 FLOP
performance: 0.140772 GLUP/s
Performance in GFLOP/s: 12.528718
size: 250000
time: 0.343909
iterations: 200
Total iterations: 48412800 LUP
FLOP: 89
Total work: 4308739200 FLOP
performance: 0.140468 GLUP/s
Performance in GFLOP/s: 12.501669
size: 250000
time: 0.344653
iterations: 200
Total iterations: 48412800 LUP
FLOP: 89
Total work: 4308739200 FLOP
performance: 0.140586 GLUP/s
Performance in GFLOP/s: 12.512168
size: 250000
time: 0.344364
iterations: 200
Total iterations: 48412800 LUP
FLOP: 89
Total work: 4308739200 FLOP
performance: 0.140817 GLUP/s
Performance in GFLOP/s: 12.532723
size: 250000
time: 0.343799
iterations: 200
Total iterations: 48412800 LUP
FLOP: 89
Total work: 4308739200 FLOP
performance: 0.140600 GLUP/s
Performance in GFLOP/s: 12.513441
size: 250000
time: 0.344329
