[1;34m[pthread wrapper] 
[0m[1;34m[pthread wrapper] MAIN -> 0
[0m[1;34m[pthread wrapper] PIN_MASK: [0m[1;34m0->1  [0m[1;34m1->2  [0m[1;34m2->3  [0m[1;34m3->4  [0m[1;34m4->5  [0m[1;34m5->6  [0m[1;34m6->7  [0m[1;34m7->8  [0m[1;34m8->9  [0m[1;34m
[pthread wrapper] SKIP MASK: 0x0
[0m[1;34m	threadid 47791303956224 -> core 1 - OK[0m[1;34m
[0m[1;34m	threadid 47791306057472 -> core 2 - OK[0m[1;34m
[0m[1;34m	threadid 47791308158720 -> core 3 - OK[0m[1;34m
[0m[1;34m	threadid 47791310259968 -> core 4 - OK[0m[1;34m
[0m[1;34m	threadid 47791312361216 -> core 5 - OK[0m[1;34m
[0m[1;34m	threadid 47791314462464 -> core 6 - OK[0m[1;34m
[0m[1;34m	threadid 47791316563712 -> core 7 - OK[0m[1;34m
[0m[1;34m	threadid 47791318664960 -> core 8 - OK[0m[1;34m
[0m[1;34m	threadid 47791320766208 -> core 9 - OK[0m[1;34m
[0miterations: 120
Total iterations: 1074247680 LUP
FLOP: 89
Total work: 95608043520 FLOP
performance: 0.749951 GLUP/s
Performance in GFLOP/s: 66.745672
size: 9000000
time: 1.432423
[1;34m[pthread wrapper] 
[0m[1;34m[pthread wrapper] MAIN -> 0
[0m[1;34m[pthread wrapper] PIN_MASK: [0m[1;34m0->1  [0m[1;34m1->2  [0m[1;34m2->3  [0m[1;34m3->4  [0m[1;34m4->5  [0m[1;34m5->6  [0m[1;34m6->7  [0m[1;34m7->8  [0m[1;34m8->9  [0m[1;34m
[pthread wrapper] SKIP MASK: 0x0
[0m[1;34m	threadid 47103352231680 -> core 1 - OK[0m[1;34m
[0m[1;34m	threadid 47103354332928 -> core 2 - OK[0m[1;34m
[0m[1;34m	threadid 47103356434176 -> core 3 - OK[0m[1;34m
[0m[1;34m	threadid 47103358535424 -> core 4 - OK[0m[1;34m
[0m[1;34m	threadid 47103360636672 -> core 5 - OK[0m[1;34m
[0m[1;34m	threadid 47103362737920 -> core 6 - OK[0m[1;34m
[0m[1;34m	threadid 47103364839168 -> core 7 - OK[0m[1;34m
[0m[1;34m	threadid 47103366940416 -> core 8 - OK[0m[1;34m
[0m[1;34m	threadid 47103369041664 -> core 9 - OK[0m[1;34m
[0miterations: 120
Total iterations: 1074247680 LUP
FLOP: 89
Total work: 95608043520 FLOP
performance: 0.749542 GLUP/s
Performance in GFLOP/s: 66.709209
size: 9000000
time: 1.433206
[1;34m[pthread wrapper] 
[0m[1;34m[pthread wrapper] MAIN -> 0
[0m[1;34m[pthread wrapper] PIN_MASK: [0m[1;34m0->1  [0m[1;34m1->2  [0m[1;34m2->3  [0m[1;34m3->4  [0m[1;34m4->5  [0m[1;34m5->6  [0m[1;34m6->7  [0m[1;34m7->8  [0m[1;34m8->9  [0m[1;34m
[pthread wrapper] SKIP MASK: 0x0
[0m[1;34m	threadid 47448717207296 -> core 1 - OK[0m[1;34m
[0m[1;34m	threadid 47448719308544 -> core 2 - OK[0m[1;34m
[0m[1;34m	threadid 47448721409792 -> core 3 - OK[0m[1;34m
[0m[1;34m	threadid 47448723511040 -> core 4 - OK[0m[1;34m
[0m[1;34m	threadid 47448725612288 -> core 5 - OK[0m[1;34m
[0m[1;34m	threadid 47448727713536 -> core 6 - OK[0m[1;34m
[0m[1;34m	threadid 47448729814784 -> core 7 - OK[0m[1;34m
[0m[1;34m	threadid 47448731916032 -> core 8 - OK[0m[1;34m
[0m[1;34m	threadid 47448734017280 -> core 9 - OK[0m[1;34m
[0miterations: 120
Total iterations: 1074247680 LUP
FLOP: 89
Total work: 95608043520 FLOP
performance: 0.749513 GLUP/s
Performance in GFLOP/s: 66.706645
size: 9000000
time: 1.433261
[1;34m[pthread wrapper] 
[0m[1;34m[pthread wrapper] MAIN -> 0
[0m[1;34m[pthread wrapper] PIN_MASK: [0m[1;34m0->1  [0m[1;34m1->2  [0m[1;34m2->3  [0m[1;34m3->4  [0m[1;34m4->5  [0m[1;34m5->6  [0m[1;34m6->7  [0m[1;34m7->8  [0m[1;34m8->9  [0m[1;34m
[pthread wrapper] SKIP MASK: 0x0
[0m[1;34m	threadid 47954088175360 -> core 1 - OK[0m[1;34m
[0m[1;34m	threadid 47954090276608 -> core 2 - OK[0m[1;34m
[0m[1;34m	threadid 47954092377856 -> core 3 - OK[0m[1;34m
[0m[1;34m	threadid 47954094479104 -> core 4 - OK[0m[1;34m
[0m[1;34m	threadid 47954096580352 -> core 5 - OK[0m[1;34m
[0m[1;34m	threadid 47954098681600 -> core 6 - OK[0m[1;34m
[0m[1;34m	threadid 47954100782848 -> core 7 - OK[0m[1;34m
[0m[1;34m	threadid 47954102884096 -> core 8 - OK[0m[1;34m
[0m[1;34m	threadid 47954104985344 -> core 9 - OK[0m[1;34m
[0miterations: 120
Total iterations: 1074247680 LUP
FLOP: 89
Total work: 95608043520 FLOP
performance: 0.749810 GLUP/s
Performance in GFLOP/s: 66.733054
size: 9000000
time: 1.432694
[1;34m[pthread wrapper] 
[0m[1;34m[pthread wrapper] MAIN -> 0
[0m[1;34m[pthread wrapper] PIN_MASK: [0m[1;34m0->1  [0m[1;34m1->2  [0m[1;34m2->3  [0m[1;34m3->4  [0m[1;34m4->5  [0m[1;34m5->6  [0m[1;34m6->7  [0m[1;34m7->8  [0m[1;34m8->9  [0m[1;34m
[pthread wrapper] SKIP MASK: 0x0
[0m[1;34m	threadid 47276488730368 -> core 1 - OK[0m[1;34m
[0m[1;34m	threadid 47276490831616 -> core 2 - OK[0m[1;34m
[0m[1;34m	threadid 47276492932864 -> core 3 - OK[0m[1;34m
[0m[1;34m	threadid 47276495034112 -> core 4 - OK[0m[1;34m
[0m[1;34m	threadid 47276497135360 -> core 5 - OK[0m[1;34m
[0m[1;34m	threadid 47276499236608 -> core 6 - OK[0m[1;34m
[0m[1;34m	threadid 47276501337856 -> core 7 - OK[0m[1;34m
[0m[1;34m	threadid 47276503439104 -> core 8 - OK[0m[1;34m
[0m[1;34m	threadid 47276505540352 -> core 9 - OK[0m[1;34m
[0miterations: 120
Total iterations: 1074247680 LUP
FLOP: 89
Total work: 95608043520 FLOP
performance: 0.749568 GLUP/s
Performance in GFLOP/s: 66.711595
size: 9000000
time: 1.433155
[1;34m[pthread wrapper] 
[0m[1;34m[pthread wrapper] MAIN -> 0
[0m[1;34m[pthread wrapper] PIN_MASK: [0m[1;34m0->1  [0m[1;34m1->2  [0m[1;34m2->3  [0m[1;34m3->4  [0m[1;34m4->5  [0m[1;34m5->6  [0m[1;34m6->7  [0m[1;34m7->8  [0m[1;34m8->9  [0m[1;34m
[pthread wrapper] SKIP MASK: 0x0
[0m[1;34m	threadid 47157940528896 -> core 1 - OK[0m[1;34m
[0m[1;34m	threadid 47157942630144 -> core 2 - OK[0m[1;34m
[0m[1;34m	threadid 47157944731392 -> core 3 - OK[0m[1;34m
[0m[1;34m	threadid 47157946832640 -> core 4 - OK[0m[1;34m
[0m[1;34m	threadid 47157948933888 -> core 5 - OK[0m[1;34m
[0m[1;34m	threadid 47157951035136 -> core 6 - OK[0m[1;34m
[0m[1;34m	threadid 47157953136384 -> core 7 - OK[0m[1;34m
[0m[1;34m	threadid 47157955237632 -> core 8 - OK[0m[1;34m
[0m[1;34m	threadid 47157957338880 -> core 9 - OK[0m[1;34m
[0miterations: 120
Total iterations: 1074247680 LUP
FLOP: 89
Total work: 95608043520 FLOP
performance: 0.749677 GLUP/s
Performance in GFLOP/s: 66.721262
size: 9000000
time: 1.432947
[1;34m[pthread wrapper] 
[0m[1;34m[pthread wrapper] MAIN -> 0
[0m[1;34m[pthread wrapper] PIN_MASK: [0m[1;34m0->1  [0m[1;34m1->2  [0m[1;34m2->3  [0m[1;34m3->4  [0m[1;34m4->5  [0m[1;34m5->6  [0m[1;34m6->7  [0m[1;34m7->8  [0m[1;34m8->9  [0m[1;34m
[pthread wrapper] SKIP MASK: 0x0
[0m[1;34m	threadid 47726112069376 -> core 1 - OK[0m[1;34m
[0m[1;34m	threadid 47726114170624 -> core 2 - OK[0m[1;34m
[0m[1;34m	threadid 47726116271872 -> core 3 - OK[0m[1;34m
[0m[1;34m	threadid 47726118373120 -> core 4 - OK[0m[1;34m
[0m[1;34m	threadid 47726120474368 -> core 5 - OK[0m[1;34m
[0m[1;34m	threadid 47726122575616 -> core 6 - OK[0m[1;34m
[0m[1;34m	threadid 47726124676864 -> core 7 - OK[0m[1;34m
[0m[1;34m	threadid 47726126778112 -> core 8 - OK[0m[1;34m
[0m[1;34m	threadid 47726128879360 -> core 9 - OK[0m[1;34m
[0miterations: 120
Total iterations: 1074247680 LUP
FLOP: 89
Total work: 95608043520 FLOP
performance: 0.749646 GLUP/s
Performance in GFLOP/s: 66.718532
size: 9000000
time: 1.433006
[1;34m[pthread wrapper] 
[0m[1;34m[pthread wrapper] MAIN -> 0
[0m[1;34m[pthread wrapper] PIN_MASK: [0m[1;34m0->1  [0m[1;34m1->2  [0m[1;34m2->3  [0m[1;34m3->4  [0m[1;34m4->5  [0m[1;34m5->6  [0m[1;34m6->7  [0m[1;34m7->8  [0m[1;34m8->9  [0m[1;34m
[pthread wrapper] SKIP MASK: 0x0
[0m[1;34m	threadid 47206692435712 -> core 1 - OK[0m[1;34m
[0m[1;34m	threadid 47206694536960 -> core 2 - OK[0m[1;34m
[0m[1;34m	threadid 47206696638208 -> core 3 - OK[0m[1;34m
[0m[1;34m	threadid 47206698739456 -> core 4 - OK[0m[1;34m
[0m[1;34m	threadid 47206700840704 -> core 5 - OK[0m[1;34m
[0m[1;34m	threadid 47206702941952 -> core 6 - OK[0m[1;34m
[0m[1;34m	threadid 47206705043200 -> core 7 - OK[0m[1;34m
[0m[1;34m	threadid 47206707144448 -> core 8 - OK[0m[1;34m
[0m[1;34m	threadid 47206709245696 -> core 9 - OK[0m[1;34m
[0miterations: 120
Total iterations: 1074247680 LUP
FLOP: 89
Total work: 95608043520 FLOP
performance: 0.749960 GLUP/s
Performance in GFLOP/s: 66.746461
size: 9000000
time: 1.432406
[1;34m[pthread wrapper] 
[0m[1;34m[pthread wrapper] MAIN -> 0
[0m[1;34m[pthread wrapper] PIN_MASK: [0m[1;34m0->1  [0m[1;34m1->2  [0m[1;34m2->3  [0m[1;34m3->4  [0m[1;34m4->5  [0m[1;34m5->6  [0m[1;34m6->7  [0m[1;34m7->8  [0m[1;34m8->9  [0m[1;34m
[pthread wrapper] SKIP MASK: 0x0
[0m[1;34m	threadid 47857900091136 -> core 1 - OK[0m[1;34m
[0m[1;34m	threadid 47857902192384 -> core 2 - OK[0m[1;34m
[0m[1;34m	threadid 47857904293632 -> core 3 - OK[0m[1;34m
[0m[1;34m	threadid 47857906394880 -> core 4 - OK[0m[1;34m
[0m[1;34m	threadid 47857908496128 -> core 5 - OK[0m[1;34m
[0m[1;34m	threadid 47857910597376 -> core 6 - OK[0m[1;34m
[0m[1;34m	threadid 47857912698624 -> core 7 - OK[0m[1;34m
[0m[1;34m	threadid 47857914799872 -> core 8 - OK[0m[1;34m
[0m[1;34m	threadid 47857916901120 -> core 9 - OK[0m[1;34m
[0miterations: 120
Total iterations: 1074247680 LUP
FLOP: 89
Total work: 95608043520 FLOP
performance: 0.750135 GLUP/s
Performance in GFLOP/s: 66.761985
size: 9000000
time: 1.432073
[1;34m[pthread wrapper] 
[0m[1;34m[pthread wrapper] MAIN -> 0
[0m[1;34m[pthread wrapper] PIN_MASK: [0m[1;34m0->1  [0m[1;34m1->2  [0m[1;34m2->3  [0m[1;34m3->4  [0m[1;34m4->5  [0m[1;34m5->6  [0m[1;34m6->7  [0m[1;34m7->8  [0m[1;34m8->9  [0m[1;34m
[pthread wrapper] SKIP MASK: 0x0
[0m[1;34m	threadid 47403004704512 -> core 1 - OK[0m[1;34m
[0m[1;34m	threadid 47403006805760 -> core 2 - OK[0m[1;34m
[0m[1;34m	threadid 47403008907008 -> core 3 - OK[0m[1;34m
[0m[1;34m	threadid 47403011008256 -> core 4 - OK[0m[1;34m
[0m[1;34m	threadid 47403013109504 -> core 5 - OK[0m[1;34m
[0m[1;34m	threadid 47403015210752 -> core 6 - OK[0m[1;34m
[0m[1;34m	threadid 47403017312000 -> core 7 - OK[0m[1;34m
[0m[1;34m	threadid 47403019413248 -> core 8 - OK[0m[1;34m
[0m[1;34m	threadid 47403021514496 -> core 9 - OK[0m[1;34m
[0miterations: 120
Total iterations: 1074247680 LUP
FLOP: 89
Total work: 95608043520 FLOP
performance: 0.749779 GLUP/s
Performance in GFLOP/s: 66.730345
size: 9000000
time: 1.432752
