[1;34m[pthread wrapper] 
[0m[1;34m[pthread wrapper] MAIN -> 0
[0m[1;34m[pthread wrapper] PIN_MASK: [0m[1;34m0->1  [0m[1;34m1->2  [0m[1;34m2->3  [0m[1;34m3->4  [0m[1;34m4->5  [0m[1;34m5->6  [0m[1;34m6->7  [0m[1;34m7->8  [0m[1;34m8->9  [0m[1;34m9->10  [0m[1;34m10->11  [0m[1;34m11->12  [0m[1;34m12->13  [0m[1;34m13->14  [0m[1;34m14->15  [0m[1;34m
[pthread wrapper] SKIP MASK: 0x0
[0m[1;34m	threadid 47256553584384 -> core 1 - OK[0m[1;34m
[0m[1;34m	threadid 47256555685632 -> core 2 - OK[0m[1;34m
[0m[1;34m	threadid 47256557786880 -> core 3 - OK[0m[1;34m
[0m[1;34m	threadid 47256559888128 -> core 4 - OK[0m[1;34m
[0m[1;34m	threadid 47256561989376 -> core 5 - OK[0m[1;34m
[0m[1;34m	threadid 47256564090624 -> core 6 - OK[0m[1;34m
[0m[1;34m	threadid 47256566191872 -> core 7 - OK[0m[1;34m
[0m[1;34m	threadid 47256568293120 -> core 8 - OK[0m[1;34m
[0m[1;34m	threadid 47256570394368 -> core 9 - OK[0m[1;34m
[0m[1;34m	threadid 47256572495616 -> core 10 - OK[0m[1;34m
[0m[1;34m	threadid 47256574596864 -> core 11 - OK[0m[1;34m
[0m[1;34m	threadid 47256576698112 -> core 12 - OK[0m[1;34m
[0m[1;34m	threadid 47256578799360 -> core 13 - OK[0m[1;34m
[0m[1;34m	threadid 47256580900608 -> core 14 - OK[0m[1;34m
[0m[1;34m	threadid 47256583001856 -> core 15 - OK[0m[1;34m
[0miterations: 120
Total iterations: 1074247680 LUP
FLOP: 89
Total work: 95608043520 FLOP
performance: 1.068985 GLUP/s
Performance in GFLOP/s: 95.139684
size: 9000000
time: 1.004923
[1;34m[pthread wrapper] 
[0m[1;34m[pthread wrapper] MAIN -> 0
[0m[1;34m[pthread wrapper] PIN_MASK: [0m[1;34m0->1  [0m[1;34m1->2  [0m[1;34m2->3  [0m[1;34m3->4  [0m[1;34m4->5  [0m[1;34m5->6  [0m[1;34m6->7  [0m[1;34m7->8  [0m[1;34m8->9  [0m[1;34m9->10  [0m[1;34m10->11  [0m[1;34m11->12  [0m[1;34m12->13  [0m[1;34m13->14  [0m[1;34m14->15  [0m[1;34m
[pthread wrapper] SKIP MASK: 0x0
[0m[1;34m	threadid 47217433757440 -> core 1 - OK[0m[1;34m
[0m[1;34m	threadid 47217435858688 -> core 2 - OK[0m[1;34m
[0m[1;34m	threadid 47217437959936 -> core 3 - OK[0m[1;34m
[0m[1;34m	threadid 47217440061184 -> core 4 - OK[0m[1;34m
[0m[1;34m	threadid 47217442162432 -> core 5 - OK[0m[1;34m
[0m[1;34m	threadid 47217444263680 -> core 6 - OK[0m[1;34m
[0m[1;34m	threadid 47217446364928 -> core 7 - OK[0m[1;34m
[0m[1;34m	threadid 47217448466176 -> core 8 - OK[0m[1;34m
[0m[1;34m	threadid 47217450567424 -> core 9 - OK[0m[1;34m
[0m[1;34m	threadid 47217452668672 -> core 10 - OK[0m[1;34m
[0m[1;34m	threadid 47217454769920 -> core 11 - OK[0m[1;34m
[0m[1;34m	threadid 47217456871168 -> core 12 - OK[0m[1;34m
[0m[1;34m	threadid 47217458972416 -> core 13 - OK[0m[1;34m
[0m[1;34m	threadid 47217461073664 -> core 14 - OK[0m[1;34m
[0m[1;34m	threadid 47217463174912 -> core 15 - OK[0m[1;34m
[0miterations: 120
Total iterations: 1074247680 LUP
FLOP: 89
Total work: 95608043520 FLOP
performance: 1.020761 GLUP/s
Performance in GFLOP/s: 90.847700
size: 9000000
time: 1.052399
[1;34m[pthread wrapper] 
[0m[1;34m[pthread wrapper] MAIN -> 0
[0m[1;34m[pthread wrapper] PIN_MASK: [0m[1;34m0->1  [0m[1;34m1->2  [0m[1;34m2->3  [0m[1;34m3->4  [0m[1;34m4->5  [0m[1;34m5->6  [0m[1;34m6->7  [0m[1;34m7->8  [0m[1;34m8->9  [0m[1;34m9->10  [0m[1;34m10->11  [0m[1;34m11->12  [0m[1;34m12->13  [0m[1;34m13->14  [0m[1;34m14->15  [0m[1;34m
[pthread wrapper] SKIP MASK: 0x0
[0m[1;34m	threadid 46992255178496 -> core 1 - OK[0m[1;34m
[0m[1;34m	threadid 46992257279744 -> core 2 - OK[0m[1;34m
[0m[1;34m	threadid 46992259380992 -> core 3 - OK[0m[1;34m
[0m[1;34m	threadid 46992261482240 -> core 4 - OK[0m[1;34m
[0m[1;34m	threadid 46992263583488 -> core 5 - OK[0m[1;34m
[0m[1;34m	threadid 46992265684736 -> core 6 - OK[0m[1;34m
[0m[1;34m	threadid 46992267785984 -> core 7 - OK[0m[1;34m
[0m[1;34m	threadid 46992269887232 -> core 8 - OK[0m[1;34m
[0m[1;34m	threadid 46992271988480 -> core 9 - OK[0m[1;34m
[0m[1;34m	threadid 46992274089728 -> core 10 - OK[0m[1;34m
[0m[1;34m	threadid 46992276190976 -> core 11 - OK[0m[1;34m
[0m[1;34m	threadid 46992278292224 -> core 12 - OK[0m[1;34m
[0m[1;34m	threadid 46992280393472 -> core 13 - OK[0m[1;34m
[0m[1;34m	threadid 46992282494720 -> core 14 - OK[0m[1;34m
[0m[1;34m	threadid 46992284595968 -> core 15 - OK[0m[1;34m
[0miterations: 120
Total iterations: 1074247680 LUP
FLOP: 89
Total work: 95608043520 FLOP
performance: 0.986335 GLUP/s
Performance in GFLOP/s: 87.783797
size: 9000000
time: 1.089131
[1;34m[pthread wrapper] 
[0m[1;34m[pthread wrapper] MAIN -> 0
[0m[1;34m[pthread wrapper] PIN_MASK: [0m[1;34m0->1  [0m[1;34m1->2  [0m[1;34m2->3  [0m[1;34m3->4  [0m[1;34m4->5  [0m[1;34m5->6  [0m[1;34m6->7  [0m[1;34m7->8  [0m[1;34m8->9  [0m[1;34m9->10  [0m[1;34m10->11  [0m[1;34m11->12  [0m[1;34m12->13  [0m[1;34m13->14  [0m[1;34m14->15  [0m[1;34m
[pthread wrapper] SKIP MASK: 0x0
[0m[1;34m	threadid 47236323477248 -> core 1 - OK[0m[1;34m
[0m[1;34m	threadid 47236325578496 -> core 2 - OK[0m[1;34m
[0m[1;34m	threadid 47236327679744 -> core 3 - OK[0m[1;34m
[0m[1;34m	threadid 47236329780992 -> core 4 - OK[0m[1;34m
[0m[1;34m	threadid 47236331882240 -> core 5 - OK[0m[1;34m
[0m[1;34m	threadid 47236333983488 -> core 6 - OK[0m[1;34m
[0m[1;34m	threadid 47236336084736 -> core 7 - OK[0m[1;34m
[0m[1;34m	threadid 47236338185984 -> core 8 - OK[0m[1;34m
[0m[1;34m	threadid 47236340287232 -> core 9 - OK[0m[1;34m
[0m[1;34m	threadid 47236342388480 -> core 10 - OK[0m[1;34m
[0m[1;34m	threadid 47236344489728 -> core 11 - OK[0m[1;34m
[0m[1;34m	threadid 47236346590976 -> core 12 - OK[0m[1;34m
[0m[1;34m	threadid 47236348692224 -> core 13 - OK[0m[1;34m
[0m[1;34m	threadid 47236350793472 -> core 14 - OK[0m[1;34m
[0m[1;34m	threadid 47236352894720 -> core 15 - OK[0m[1;34m
[0miterations: 120
Total iterations: 1074247680 LUP
FLOP: 89
Total work: 95608043520 FLOP
performance: 1.043370 GLUP/s
Performance in GFLOP/s: 92.859951
size: 9000000
time: 1.029594
[1;34m[pthread wrapper] 
[0m[1;34m[pthread wrapper] MAIN -> 0
[0m[1;34m[pthread wrapper] PIN_MASK: [0m[1;34m0->1  [0m[1;34m1->2  [0m[1;34m2->3  [0m[1;34m3->4  [0m[1;34m4->5  [0m[1;34m5->6  [0m[1;34m6->7  [0m[1;34m7->8  [0m[1;34m8->9  [0m[1;34m9->10  [0m[1;34m10->11  [0m[1;34m11->12  [0m[1;34m12->13  [0m[1;34m13->14  [0m[1;34m14->15  [0m[1;34m
[pthread wrapper] SKIP MASK: 0x0
[0m[1;34m	threadid 47112805779200 -> core 1 - OK[0m[1;34m
[0m[1;34m	threadid 47112807880448 -> core 2 - OK[0m[1;34m
[0m[1;34m	threadid 47112809981696 -> core 3 - OK[0m[1;34m
[0m[1;34m	threadid 47112812082944 -> core 4 - OK[0m[1;34m
[0m[1;34m	threadid 47112814184192 -> core 5 - OK[0m[1;34m
[0m[1;34m	threadid 47112816285440 -> core 6 - OK[0m[1;34m
[0m[1;34m	threadid 47112818386688 -> core 7 - OK[0m[1;34m
[0m[1;34m	threadid 47112820487936 -> core 8 - OK[0m[1;34m
[0m[1;34m	threadid 47112822589184 -> core 9 - OK[0m[1;34m
[0m[1;34m	threadid 47112824690432 -> core 10 - OK[0m[1;34m
[0m[1;34m	threadid 47112826791680 -> core 11 - OK[0m[1;34m
[0m[1;34m	threadid 47112828892928 -> core 12 - OK[0m[1;34m
[0m[1;34m	threadid 47112830994176 -> core 13 - OK[0m[1;34m
[0m[1;34m	threadid 47112833095424 -> core 14 - OK[0m[1;34m
[0m[1;34m	threadid 47112835196672 -> core 15 - OK[0m[1;34m
[0miterations: 120
Total iterations: 1074247680 LUP
FLOP: 89
Total work: 95608043520 FLOP
performance: 1.068474 GLUP/s
Performance in GFLOP/s: 95.094155
size: 9000000
time: 1.005404
[1;34m[pthread wrapper] 
[0m[1;34m[pthread wrapper] MAIN -> 0
[0m[1;34m[pthread wrapper] PIN_MASK: [0m[1;34m0->1  [0m[1;34m1->2  [0m[1;34m2->3  [0m[1;34m3->4  [0m[1;34m4->5  [0m[1;34m5->6  [0m[1;34m6->7  [0m[1;34m7->8  [0m[1;34m8->9  [0m[1;34m9->10  [0m[1;34m10->11  [0m[1;34m11->12  [0m[1;34m12->13  [0m[1;34m13->14  [0m[1;34m14->15  [0m[1;34m
[pthread wrapper] SKIP MASK: 0x0
[0m[1;34m	threadid 47577712555776 -> core 1 - OK[0m[1;34m
[0m[1;34m	threadid 47577714657024 -> core 2 - OK[0m[1;34m
[0m[1;34m	threadid 47577716758272 -> core 3 - OK[0m[1;34m
[0m[1;34m	threadid 47577718859520 -> core 4 - OK[0m[1;34m
[0m[1;34m	threadid 47577720960768 -> core 5 - OK[0m[1;34m
[0m[1;34m	threadid 47577723062016 -> core 6 - OK[0m[1;34m
[0m[1;34m	threadid 47577725163264 -> core 7 - OK[0m[1;34m
[0m[1;34m	threadid 47577727264512 -> core 8 - OK[0m[1;34m
[0m[1;34m	threadid 47577729365760 -> core 9 - OK[0m[1;34m
[0m[1;34m	threadid 47577731467008 -> core 10 - OK[0m[1;34m
[0m[1;34m	threadid 47577733568256 -> core 11 - OK[0m[1;34m
[0m[1;34m	threadid 47577735669504 -> core 12 - OK[0m[1;34m
[0m[1;34m	threadid 47577737770752 -> core 13 - OK[0m[1;34m
[0m[1;34m	threadid 47577739872000 -> core 14 - OK[0m[1;34m
[0m[1;34m	threadid 47577741973248 -> core 15 - OK[0m[1;34m
[0miterations: 120
Total iterations: 1074247680 LUP
FLOP: 89
Total work: 95608043520 FLOP
performance: 1.016671 GLUP/s
Performance in GFLOP/s: 90.483763
size: 9000000
time: 1.056632
[1;34m[pthread wrapper] 
[0m[1;34m[pthread wrapper] MAIN -> 0
[0m[1;34m[pthread wrapper] PIN_MASK: [0m[1;34m0->1  [0m[1;34m1->2  [0m[1;34m2->3  [0m[1;34m3->4  [0m[1;34m4->5  [0m[1;34m5->6  [0m[1;34m6->7  [0m[1;34m7->8  [0m[1;34m8->9  [0m[1;34m9->10  [0m[1;34m10->11  [0m[1;34m11->12  [0m[1;34m12->13  [0m[1;34m13->14  [0m[1;34m14->15  [0m[1;34m
[pthread wrapper] SKIP MASK: 0x0
[0m[1;34m	threadid 47086939899648 -> core 1 - OK[0m[1;34m
[0m[1;34m	threadid 47086942000896 -> core 2 - OK[0m[1;34m
[0m[1;34m	threadid 47086944102144 -> core 3 - OK[0m[1;34m
[0m[1;34m	threadid 47086946203392 -> core 4 - OK[0m[1;34m
[0m[1;34m	threadid 47086948304640 -> core 5 - OK[0m[1;34m
[0m[1;34m	threadid 47086950405888 -> core 6 - OK[0m[1;34m
[0m[1;34m	threadid 47086952507136 -> core 7 - OK[0m[1;34m
[0m[1;34m	threadid 47086954608384 -> core 8 - OK[0m[1;34m
[0m[1;34m	threadid 47086956709632 -> core 9 - OK[0m[1;34m
[0m[1;34m	threadid 47086958810880 -> core 10 - OK[0m[1;34m
[0m[1;34m	threadid 47086960912128 -> core 11 - OK[0m[1;34m
[0m[1;34m	threadid 47086963013376 -> core 12 - OK[0m[1;34m
[0m[1;34m	threadid 47086965114624 -> core 13 - OK[0m[1;34m
[0m[1;34m	threadid 47086967215872 -> core 14 - OK[0m[1;34m
[0m[1;34m	threadid 47086969317120 -> core 15 - OK[0m[1;34m
[0miterations: 120
Total iterations: 1074247680 LUP
FLOP: 89
Total work: 95608043520 FLOP
performance: 1.084411 GLUP/s
Performance in GFLOP/s: 96.512559
size: 9000000
time: 0.990628
[1;34m[pthread wrapper] 
[0m[1;34m[pthread wrapper] MAIN -> 0
[0m[1;34m[pthread wrapper] PIN_MASK: [0m[1;34m0->1  [0m[1;34m1->2  [0m[1;34m2->3  [0m[1;34m3->4  [0m[1;34m4->5  [0m[1;34m5->6  [0m[1;34m6->7  [0m[1;34m7->8  [0m[1;34m8->9  [0m[1;34m9->10  [0m[1;34m10->11  [0m[1;34m11->12  [0m[1;34m12->13  [0m[1;34m13->14  [0m[1;34m14->15  [0m[1;34m
[pthread wrapper] SKIP MASK: 0x0
[0m[1;34m	threadid 47431217891072 -> core 1 - OK[0m[1;34m
[0m[1;34m	threadid 47431219992320 -> core 2 - OK[0m[1;34m
[0m[1;34m	threadid 47431222093568 -> core 3 - OK[0m[1;34m
[0m[1;34m	threadid 47431224194816 -> core 4 - OK[0m[1;34m
[0m[1;34m	threadid 47431226296064 -> core 5 - OK[0m[1;34m
[0m[1;34m	threadid 47431228397312 -> core 6 - OK[0m[1;34m
[0m[1;34m	threadid 47431230498560 -> core 7 - OK[0m[1;34m
[0m[1;34m	threadid 47431232599808 -> core 8 - OK[0m[1;34m
[0m[1;34m	threadid 47431234701056 -> core 9 - OK[0m[1;34m
[0m[1;34m	threadid 47431236802304 -> core 10 - OK[0m[1;34m
[0m[1;34m	threadid 47431238903552 -> core 11 - OK[0m[1;34m
[0m[1;34m	threadid 47431241004800 -> core 12 - OK[0m[1;34m
[0m[1;34m	threadid 47431243106048 -> core 13 - OK[0m[1;34m
[0m[1;34m	threadid 47431245207296 -> core 14 - OK[0m[1;34m
[0m[1;34m	threadid 47431247308544 -> core 15 - OK[0m[1;34m
[0miterations: 120
Total iterations: 1074247680 LUP
FLOP: 89
Total work: 95608043520 FLOP
performance: 1.063940 GLUP/s
Performance in GFLOP/s: 94.690667
size: 9000000
time: 1.009688
[1;34m[pthread wrapper] 
[0m[1;34m[pthread wrapper] MAIN -> 0
[0m[1;34m[pthread wrapper] PIN_MASK: [0m[1;34m0->1  [0m[1;34m1->2  [0m[1;34m2->3  [0m[1;34m3->4  [0m[1;34m4->5  [0m[1;34m5->6  [0m[1;34m6->7  [0m[1;34m7->8  [0m[1;34m8->9  [0m[1;34m9->10  [0m[1;34m10->11  [0m[1;34m11->12  [0m[1;34m12->13  [0m[1;34m13->14  [0m[1;34m14->15  [0m[1;34m
[pthread wrapper] SKIP MASK: 0x0
[0m[1;34m	threadid 47700701562624 -> core 1 - OK[0m[1;34m
[0m[1;34m	threadid 47700703663872 -> core 2 - OK[0m[1;34m
[0m[1;34m	threadid 47700705765120 -> core 3 - OK[0m[1;34m
[0m[1;34m	threadid 47700707866368 -> core 4 - OK[0m[1;34m
[0m[1;34m	threadid 47700709967616 -> core 5 - OK[0m[1;34m
[0m[1;34m	threadid 47700712068864 -> core 6 - OK[0m[1;34m
[0m[1;34m	threadid 47700714170112 -> core 7 - OK[0m[1;34m
[0m[1;34m	threadid 47700716271360 -> core 8 - OK[0m[1;34m
[0m[1;34m	threadid 47700718372608 -> core 9 - OK[0m[1;34m
[0m[1;34m	threadid 47700720473856 -> core 10 - OK[0m[1;34m
[0m[1;34m	threadid 47700722575104 -> core 11 - OK[0m[1;34m
[0m[1;34m	threadid 47700724676352 -> core 12 - OK[0m[1;34m
[0m[1;34m	threadid 47700726777600 -> core 13 - OK[0m[1;34m
[0m[1;34m	threadid 47700728878848 -> core 14 - OK[0m[1;34m
[0m[1;34m	threadid 47700730980096 -> core 15 - OK[0m[1;34m
[0miterations: 120
Total iterations: 1074247680 LUP
FLOP: 89
Total work: 95608043520 FLOP
performance: 1.055891 GLUP/s
Performance in GFLOP/s: 93.974300
size: 9000000
time: 1.017385
[1;34m[pthread wrapper] 
[0m[1;34m[pthread wrapper] MAIN -> 0
[0m[1;34m[pthread wrapper] PIN_MASK: [0m[1;34m0->1  [0m[1;34m1->2  [0m[1;34m2->3  [0m[1;34m3->4  [0m[1;34m4->5  [0m[1;34m5->6  [0m[1;34m6->7  [0m[1;34m7->8  [0m[1;34m8->9  [0m[1;34m9->10  [0m[1;34m10->11  [0m[1;34m11->12  [0m[1;34m12->13  [0m[1;34m13->14  [0m[1;34m14->15  [0m[1;34m
[pthread wrapper] SKIP MASK: 0x0
[0m[1;34m	threadid 46937899964160 -> core 1 - OK[0m[1;34m
[0m[1;34m	threadid 46937902065408 -> core 2 - OK[0m[1;34m
[0m[1;34m	threadid 46937904166656 -> core 3 - OK[0m[1;34m
[0m[1;34m	threadid 46937906267904 -> core 4 - OK[0m[1;34m
[0m[1;34m	threadid 46937908369152 -> core 5 - OK[0m[1;34m
[0m[1;34m	threadid 46937910470400 -> core 6 - OK[0m[1;34m
[0m[1;34m	threadid 46937912571648 -> core 7 - OK[0m[1;34m
[0m[1;34m	threadid 46937914672896 -> core 8 - OK[0m[1;34m
[0m[1;34m	threadid 46937916774144 -> core 9 - OK[0m[1;34m
[0m[1;34m	threadid 46937918875392 -> core 10 - OK[0m[1;34m
[0m[1;34m	threadid 46937920976640 -> core 11 - OK[0m[1;34m
[0m[1;34m	threadid 46937923077888 -> core 12 - OK[0m[1;34m
[0m[1;34m	threadid 46937925179136 -> core 13 - OK[0m[1;34m
[0m[1;34m	threadid 46937927280384 -> core 14 - OK[0m[1;34m
[0m[1;34m	threadid 46937929381632 -> core 15 - OK[0m[1;34m
[0miterations: 120
Total iterations: 1074247680 LUP
FLOP: 89
Total work: 95608043520 FLOP
performance: 1.004244 GLUP/s
Performance in GFLOP/s: 89.377713
size: 9000000
time: 1.069708
