iterations: 120
Total iterations: 1074247680 LUP
FLOP: 89
Total work: 95608043520 FLOP
performance: 0.593191 GLUP/s
Performance in GFLOP/s: 52.793975
size: 9000000
time: 1.810965
iterations: 120
Total iterations: 1074247680 LUP
FLOP: 89
Total work: 95608043520 FLOP
performance: 0.593565 GLUP/s
Performance in GFLOP/s: 52.827288
size: 9000000
time: 1.809823
iterations: 120
Total iterations: 1074247680 LUP
FLOP: 89
Total work: 95608043520 FLOP
performance: 0.592619 GLUP/s
Performance in GFLOP/s: 52.743125
size: 9000000
time: 1.812711
iterations: 120
Total iterations: 1074247680 LUP
FLOP: 89
Total work: 95608043520 FLOP
performance: 0.592495 GLUP/s
Performance in GFLOP/s: 52.732035
size: 9000000
time: 1.813092
iterations: 120
Total iterations: 1074247680 LUP
FLOP: 89
Total work: 95608043520 FLOP
performance: 0.595062 GLUP/s
Performance in GFLOP/s: 52.960552
size: 9000000
time: 1.805269
iterations: 120
Total iterations: 1074247680 LUP
FLOP: 89
Total work: 95608043520 FLOP
performance: 0.595005 GLUP/s
Performance in GFLOP/s: 52.955482
size: 9000000
time: 1.805442
iterations: 120
Total iterations: 1074247680 LUP
FLOP: 89
Total work: 95608043520 FLOP
performance: 0.595922 GLUP/s
Performance in GFLOP/s: 53.037028
size: 9000000
time: 1.802666
iterations: 120
Total iterations: 1074247680 LUP
FLOP: 89
Total work: 95608043520 FLOP
performance: 0.591953 GLUP/s
Performance in GFLOP/s: 52.683776
size: 9000000
time: 1.814753
iterations: 120
Total iterations: 1074247680 LUP
FLOP: 89
Total work: 95608043520 FLOP
performance: 0.593705 GLUP/s
Performance in GFLOP/s: 52.839783
size: 9000000
time: 1.809395
iterations: 120
Total iterations: 1074247680 LUP
FLOP: 89
Total work: 95608043520 FLOP
performance: 0.593655 GLUP/s
Performance in GFLOP/s: 52.835258
size: 9000000
time: 1.809550
