[1;34m[pthread wrapper] 
[0m[1;34m[pthread wrapper] MAIN -> 0
[0m[1;34m[pthread wrapper] PIN_MASK: [0m[1;34m0->1  [0m[1;34m1->10  [0m[1;34m2->11  [0m[1;34m
[pthread wrapper] SKIP MASK: 0x0
[0m[1;34m	threadid 47050310084352 -> core 1 - OK[0m[1;34m
[0m[1;34m	threadid 47050312185600 -> core 10 - OK[0m[1;34m
[0m[1;34m	threadid 47050314286848 -> core 11 - OK[0m[1;34m
[0miterations: 200
Total iterations: 48412800 LUP
FLOP: 89
Total work: 4308739200 FLOP
performance: 0.280582 GLUP/s
Performance in GFLOP/s: 24.971828
size: 250000
time: 0.172544
[1;34m[pthread wrapper] 
[0m[1;34m[pthread wrapper] MAIN -> 0
[0m[1;34m[pthread wrapper] PIN_MASK: [0m[1;34m0->1  [0m[1;34m1->10  [0m[1;34m2->11  [0m[1;34m
[pthread wrapper] SKIP MASK: 0x0
[0m[1;34m	threadid 47087632660224 -> core 1 - OK[0m[1;34m
[0m[1;34m	threadid 47087634761472 -> core 10 - OK[0m[1;34m
[0m[1;34m	threadid 47087636862720 -> core 11 - OK[0m[1;34m
[0miterations: 200
Total iterations: 48412800 LUP
FLOP: 89
Total work: 4308739200 FLOP
performance: 0.280089 GLUP/s
Performance in GFLOP/s: 24.927911
size: 250000
time: 0.172848
[1;34m[pthread wrapper] 
[0m[1;34m[pthread wrapper] MAIN -> 0
[0m[1;34m[pthread wrapper] PIN_MASK: [0m[1;34m0->1  [0m[1;34m1->10  [0m[1;34m2->11  [0m[1;34m
[pthread wrapper] SKIP MASK: 0x0
[0m[1;34m	threadid 47991725008640 -> core 1 - OK[0m[1;34m
[0m[1;34m	threadid 47991727109888 -> core 10 - OK[0m[1;34m
[0m[1;34m	threadid 47991729211136 -> core 11 - OK[0m[1;34m
[0miterations: 200
Total iterations: 48412800 LUP
FLOP: 89
Total work: 4308739200 FLOP
performance: 0.279964 GLUP/s
Performance in GFLOP/s: 24.916810
size: 250000
time: 0.172925
[1;34m[pthread wrapper] 
[0m[1;34m[pthread wrapper] MAIN -> 0
[0m[1;34m[pthread wrapper] PIN_MASK: [0m[1;34m0->1  [0m[1;34m1->10  [0m[1;34m2->11  [0m[1;34m
[pthread wrapper] SKIP MASK: 0x0
[0m[1;34m	threadid 47316492297984 -> core 1 - OK[0m[1;34m
[0m[1;34m	threadid 47316494399232 -> core 10 - OK[0m[1;34m
[0m[1;34m	threadid 47316496500480 -> core 11 - OK[0m[1;34m
[0miterations: 200
Total iterations: 48412800 LUP
FLOP: 89
Total work: 4308739200 FLOP
performance: 0.280537 GLUP/s
Performance in GFLOP/s: 24.967792
size: 250000
time: 0.172572
[1;34m[pthread wrapper] 
[0m[1;34m[pthread wrapper] MAIN -> 0
[0m[1;34m[pthread wrapper] PIN_MASK: [0m[1;34m0->1  [0m[1;34m1->10  [0m[1;34m2->11  [0m[1;34m
[pthread wrapper] SKIP MASK: 0x0
[0m[1;34m	threadid 47576909788928 -> core 1 - OK[0m[1;34m
[0m[1;34m	threadid 47576911890176 -> core 10 - OK[0m[1;34m
[0m[1;34m	threadid 47576913991424 -> core 11 - OK[0m[1;34m
[0miterations: 200
Total iterations: 48412800 LUP
FLOP: 89
Total work: 4308739200 FLOP
performance: 0.280800 GLUP/s
Performance in GFLOP/s: 24.991236
size: 250000
time: 0.172410
[1;34m[pthread wrapper] 
[0m[1;34m[pthread wrapper] MAIN -> 0
[0m[1;34m[pthread wrapper] PIN_MASK: [0m[1;34m0->1  [0m[1;34m1->10  [0m[1;34m2->11  [0m[1;34m
[pthread wrapper] SKIP MASK: 0x0
[0m[1;34m	threadid 47569057822464 -> core 1 - OK[0m[1;34m
[0m[1;34m	threadid 47569059923712 -> core 10 - OK[0m[1;34m
[0m[1;34m	threadid 47569062024960 -> core 11 - OK[0m[1;34m
[0miterations: 200
Total iterations: 48412800 LUP
FLOP: 89
Total work: 4308739200 FLOP
performance: 0.280874 GLUP/s
Performance in GFLOP/s: 24.997769
size: 250000
time: 0.172365
[1;34m[pthread wrapper] 
[0m[1;34m[pthread wrapper] MAIN -> 0
[0m[1;34m[pthread wrapper] PIN_MASK: [0m[1;34m0->1  [0m[1;34m1->10  [0m[1;34m2->11  [0m[1;34m
[pthread wrapper] SKIP MASK: 0x0
[0m[1;34m	threadid 47868550432512 -> core 1 - OK[0m[1;34m
[0m[1;34m	threadid 47868552533760 -> core 10 - OK[0m[1;34m
[0m[1;34m	threadid 47868554635008 -> core 11 - OK[0m[1;34m
[0miterations: 200
Total iterations: 48412800 LUP
FLOP: 89
Total work: 4308739200 FLOP
performance: 0.280095 GLUP/s
Performance in GFLOP/s: 24.928495
size: 250000
time: 0.172844
[1;34m[pthread wrapper] 
[0m[1;34m[pthread wrapper] MAIN -> 0
[0m[1;34m[pthread wrapper] PIN_MASK: [0m[1;34m0->1  [0m[1;34m1->10  [0m[1;34m2->11  [0m[1;34m
[pthread wrapper] SKIP MASK: 0x0
[0m[1;34m	threadid 47150518650624 -> core 1 - OK[0m[1;34m
[0m[1;34m	threadid 47150520751872 -> core 10 - OK[0m[1;34m
[0m[1;34m	threadid 47150522853120 -> core 11 - OK[0m[1;34m
[0miterations: 200
Total iterations: 48412800 LUP
FLOP: 89
Total work: 4308739200 FLOP
performance: 0.280503 GLUP/s
Performance in GFLOP/s: 24.964757
size: 250000
time: 0.172593
[1;34m[pthread wrapper] 
[0m[1;34m[pthread wrapper] MAIN -> 0
[0m[1;34m[pthread wrapper] PIN_MASK: [0m[1;34m0->1  [0m[1;34m1->10  [0m[1;34m2->11  [0m[1;34m
[pthread wrapper] SKIP MASK: 0x0
[0m[1;34m	threadid 47893411002112 -> core 1 - OK[0m[1;34m
[0m[1;34m	threadid 47893413103360 -> core 10 - OK[0m[1;34m
[0m[1;34m	threadid 47893415204608 -> core 11 - OK[0m[1;34m
[0miterations: 200
Total iterations: 48412800 LUP
FLOP: 89
Total work: 4308739200 FLOP
performance: 0.280680 GLUP/s
Performance in GFLOP/s: 24.980527
size: 250000
time: 0.172484
[1;34m[pthread wrapper] 
[0m[1;34m[pthread wrapper] MAIN -> 0
[0m[1;34m[pthread wrapper] PIN_MASK: [0m[1;34m0->1  [0m[1;34m1->10  [0m[1;34m2->11  [0m[1;34m
[pthread wrapper] SKIP MASK: 0x0
[0m[1;34m	threadid 47245600024320 -> core 1 - OK[0m[1;34m
[0m[1;34m	threadid 47245602125568 -> core 10 - OK[0m[1;34m
[0m[1;34m	threadid 47245604226816 -> core 11 - OK[0m[1;34m
[0miterations: 200
Total iterations: 48412800 LUP
FLOP: 89
Total work: 4308739200 FLOP
performance: 0.280827 GLUP/s
Performance in GFLOP/s: 24.993586
size: 250000
time: 0.172394
