iterations: 200
Total iterations: 1790412800 LUP
FLOP: 89
Total work: 159346739200 FLOP
performance: 0.300047 GLUP/s
Performance in GFLOP/s: 26.704174
size: 9000000
time: 5.967110
iterations: 200
Total iterations: 1790412800 LUP
FLOP: 89
Total work: 159346739200 FLOP
performance: 0.300012 GLUP/s
Performance in GFLOP/s: 26.701072
size: 9000000
time: 5.967803
iterations: 200
Total iterations: 1790412800 LUP
FLOP: 89
Total work: 159346739200 FLOP
performance: 0.300578 GLUP/s
Performance in GFLOP/s: 26.751399
size: 9000000
time: 5.956576
iterations: 200
Total iterations: 1790412800 LUP
FLOP: 89
Total work: 159346739200 FLOP
performance: 0.300764 GLUP/s
Performance in GFLOP/s: 26.768021
size: 9000000
time: 5.952877
iterations: 200
Total iterations: 1790412800 LUP
FLOP: 89
Total work: 159346739200 FLOP
performance: 0.299573 GLUP/s
Performance in GFLOP/s: 26.662016
size: 9000000
time: 5.976545
iterations: 200
Total iterations: 1790412800 LUP
FLOP: 89
Total work: 159346739200 FLOP
performance: 0.295463 GLUP/s
Performance in GFLOP/s: 26.296247
size: 9000000
time: 6.059676
iterations: 200
Total iterations: 1790412800 LUP
FLOP: 89
Total work: 159346739200 FLOP
performance: 0.299969 GLUP/s
Performance in GFLOP/s: 26.697221
size: 9000000
time: 5.968664
iterations: 200
Total iterations: 1790412800 LUP
FLOP: 89
Total work: 159346739200 FLOP
performance: 0.299980 GLUP/s
Performance in GFLOP/s: 26.698196
size: 9000000
time: 5.968446
iterations: 200
Total iterations: 1790412800 LUP
FLOP: 89
Total work: 159346739200 FLOP
performance: 0.300939 GLUP/s
Performance in GFLOP/s: 26.783539
size: 9000000
time: 5.949428
iterations: 200
Total iterations: 1790412800 LUP
FLOP: 89
Total work: 159346739200 FLOP
performance: 0.300073 GLUP/s
Performance in GFLOP/s: 26.706519
size: 9000000
time: 5.966586
