[1;34m[pthread wrapper] 
[0m[1;34m[pthread wrapper] MAIN -> 0
[0m[1;34m[pthread wrapper] PIN_MASK: [0m[1;34m0->1  [0m[1;34m1->2  [0m[1;34m2->3  [0m[1;34m3->4  [0m[1;34m4->5  [0m[1;34m
[pthread wrapper] SKIP MASK: 0x0
[0m[1;34m	threadid 46953802381056 -> core 1 - OK[0m[1;34m
[0m[1;34m	threadid 46953804482304 -> core 2 - OK[0m[1;34m
[0m[1;34m	threadid 46953806583552 -> core 3 - OK[0m[1;34m
[0m[1;34m	threadid 46953808684800 -> core 4 - OK[0m[1;34m
[0m[1;34m	threadid 46953810786048 -> core 5 - OK[0m[1;34m
[0miterations: 200
Total iterations: 48412800 LUP
FLOP: 89
Total work: 4308739200 FLOP
performance: 0.433345 GLUP/s
Performance in GFLOP/s: 38.567686
size: 250000
time: 0.111719
[1;34m[pthread wrapper] 
[0m[1;34m[pthread wrapper] MAIN -> 0
[0m[1;34m[pthread wrapper] PIN_MASK: [0m[1;34m0->1  [0m[1;34m1->2  [0m[1;34m2->3  [0m[1;34m3->4  [0m[1;34m4->5  [0m[1;34m
[pthread wrapper] SKIP MASK: 0x0
[0m[1;34m	threadid 47503250884352 -> core 1 - OK[0m[1;34m
[0m[1;34m	threadid 47503252985600 -> core 2 - OK[0m[1;34m
[0m[1;34m	threadid 47503255086848 -> core 3 - OK[0m[1;34m
[0m[1;34m	threadid 47503257188096 -> core 4 - OK[0m[1;34m
[0m[1;34m	threadid 47503259289344 -> core 5 - OK[0m[1;34m
[0miterations: 200
Total iterations: 48412800 LUP
FLOP: 89
Total work: 4308739200 FLOP
performance: 0.433674 GLUP/s
Performance in GFLOP/s: 38.597010
size: 250000
time: 0.111634
[1;34m[pthread wrapper] 
[0m[1;34m[pthread wrapper] MAIN -> 0
[0m[1;34m[pthread wrapper] PIN_MASK: [0m[1;34m0->1  [0m[1;34m1->2  [0m[1;34m2->3  [0m[1;34m3->4  [0m[1;34m4->5  [0m[1;34m
[pthread wrapper] SKIP MASK: 0x0
[0m[1;34m	threadid 47744943867648 -> core 1 - OK[0m[1;34m
[0m[1;34m	threadid 47744945968896 -> core 2 - OK[0m[1;34m
[0m[1;34m	threadid 47744948070144 -> core 3 - OK[0m[1;34m
[0m[1;34m	threadid 47744950171392 -> core 4 - OK[0m[1;34m
[0m[1;34m	threadid 47744952272640 -> core 5 - OK[0m[1;34m
[0miterations: 200
Total iterations: 48412800 LUP
FLOP: 89
Total work: 4308739200 FLOP
performance: 0.433204 GLUP/s
Performance in GFLOP/s: 38.555179
size: 250000
time: 0.111755
[1;34m[pthread wrapper] 
[0m[1;34m[pthread wrapper] MAIN -> 0
[0m[1;34m[pthread wrapper] PIN_MASK: [0m[1;34m0->1  [0m[1;34m1->2  [0m[1;34m2->3  [0m[1;34m3->4  [0m[1;34m4->5  [0m[1;34m
[pthread wrapper] SKIP MASK: 0x0
[0m[1;34m	threadid 47215357593344 -> core 1 - OK[0m[1;34m
[0m[1;34m	threadid 47215359694592 -> core 2 - OK[0m[1;34m
[0m[1;34m	threadid 47215361795840 -> core 3 - OK[0m[1;34m
[0m[1;34m	threadid 47215363897088 -> core 4 - OK[0m[1;34m
[0m[1;34m	threadid 47215365998336 -> core 5 - OK[0m[1;34m
[0miterations: 200
Total iterations: 48412800 LUP
FLOP: 89
Total work: 4308739200 FLOP
performance: 0.433227 GLUP/s
Performance in GFLOP/s: 38.557236
size: 250000
time: 0.111749
[1;34m[pthread wrapper] 
[0m[1;34m[pthread wrapper] MAIN -> 0
[0m[1;34m[pthread wrapper] PIN_MASK: [0m[1;34m0->1  [0m[1;34m1->2  [0m[1;34m2->3  [0m[1;34m3->4  [0m[1;34m4->5  [0m[1;34m
[pthread wrapper] SKIP MASK: 0x0
[0m[1;34m	threadid 47552912746240 -> core 1 - OK[0m[1;34m
[0m[1;34m	threadid 47552914847488 -> core 2 - OK[0m[1;34m
[0m[1;34m	threadid 47552916948736 -> core 3 - OK[0m[1;34m
[0m[1;34m	threadid 47552919049984 -> core 4 - OK[0m[1;34m
[0m[1;34m	threadid 47552921151232 -> core 5 - OK[0m[1;34m
[0miterations: 200
Total iterations: 48412800 LUP
FLOP: 89
Total work: 4308739200 FLOP
performance: 0.433977 GLUP/s
Performance in GFLOP/s: 38.623984
size: 250000
time: 0.111556
[1;34m[pthread wrapper] 
[0m[1;34m[pthread wrapper] MAIN -> 0
[0m[1;34m[pthread wrapper] PIN_MASK: [0m[1;34m0->1  [0m[1;34m1->2  [0m[1;34m2->3  [0m[1;34m3->4  [0m[1;34m4->5  [0m[1;34m
[pthread wrapper] SKIP MASK: 0x0
[0m[1;34m	threadid 47261583787776 -> core 1 - OK[0m[1;34m
[0m[1;34m	threadid 47261585889024 -> core 2 - OK[0m[1;34m
[0m[1;34m	threadid 47261587990272 -> core 3 - OK[0m[1;34m
[0m[1;34m	threadid 47261590091520 -> core 4 - OK[0m[1;34m
[0m[1;34m	threadid 47261592192768 -> core 5 - OK[0m[1;34m
[0miterations: 200
Total iterations: 48412800 LUP
FLOP: 89
Total work: 4308739200 FLOP
performance: 0.434094 GLUP/s
Performance in GFLOP/s: 38.634388
size: 250000
time: 0.111526
[1;34m[pthread wrapper] 
[0m[1;34m[pthread wrapper] MAIN -> 0
[0m[1;34m[pthread wrapper] PIN_MASK: [0m[1;34m0->1  [0m[1;34m1->2  [0m[1;34m2->3  [0m[1;34m3->4  [0m[1;34m4->5  [0m[1;34m
[pthread wrapper] SKIP MASK: 0x0
[0m[1;34m	threadid 46970868688640 -> core 1 - OK[0m[1;34m
[0m[1;34m	threadid 46970870789888 -> core 2 - OK[0m[1;34m
[0m[1;34m	threadid 46970872891136 -> core 3 - OK[0m[1;34m
[0m[1;34m	threadid 46970874992384 -> core 4 - OK[0m[1;34m
[0m[1;34m	threadid 46970877093632 -> core 5 - OK[0m[1;34m
[0miterations: 200
Total iterations: 48412800 LUP
FLOP: 89
Total work: 4308739200 FLOP
performance: 0.433775 GLUP/s
Performance in GFLOP/s: 38.605997
size: 250000
time: 0.111608
[1;34m[pthread wrapper] 
[0m[1;34m[pthread wrapper] MAIN -> 0
[0m[1;34m[pthread wrapper] PIN_MASK: [0m[1;34m0->1  [0m[1;34m1->2  [0m[1;34m2->3  [0m[1;34m3->4  [0m[1;34m4->5  [0m[1;34m
[pthread wrapper] SKIP MASK: 0x0
[0m[1;34m	threadid 47384345216768 -> core 1 - OK[0m[1;34m
[0m[1;34m	threadid 47384347318016 -> core 2 - OK[0m[1;34m
[0m[1;34m	threadid 47384349419264 -> core 3 - OK[0m[1;34m
[0m[1;34m	threadid 47384351520512 -> core 4 - OK[0m[1;34m
[0m[1;34m	threadid 47384353621760 -> core 5 - OK[0m[1;34m
[0miterations: 200
Total iterations: 48412800 LUP
FLOP: 89
Total work: 4308739200 FLOP
performance: 0.433810 GLUP/s
Performance in GFLOP/s: 38.609131
size: 250000
time: 0.111599
[1;34m[pthread wrapper] 
[0m[1;34m[pthread wrapper] MAIN -> 0
[0m[1;34m[pthread wrapper] PIN_MASK: [0m[1;34m0->1  [0m[1;34m1->2  [0m[1;34m2->3  [0m[1;34m3->4  [0m[1;34m4->5  [0m[1;34m
[pthread wrapper] SKIP MASK: 0x0
[0m[1;34m	threadid 46956657174272 -> core 1 - OK[0m[1;34m
[0m[1;34m	threadid 46956659275520 -> core 2 - OK[0m[1;34m
[0m[1;34m	threadid 46956661376768 -> core 3 - OK[0m[1;34m
[0m[1;34m	threadid 46956663478016 -> core 4 - OK[0m[1;34m
[0m[1;34m	threadid 46956665579264 -> core 5 - OK[0m[1;34m
[0miterations: 200
Total iterations: 48412800 LUP
FLOP: 89
Total work: 4308739200 FLOP
performance: 0.433305 GLUP/s
Performance in GFLOP/s: 38.564147
size: 250000
time: 0.111729
[1;34m[pthread wrapper] 
[0m[1;34m[pthread wrapper] MAIN -> 0
[0m[1;34m[pthread wrapper] PIN_MASK: [0m[1;34m0->1  [0m[1;34m1->2  [0m[1;34m2->3  [0m[1;34m3->4  [0m[1;34m4->5  [0m[1;34m
[pthread wrapper] SKIP MASK: 0x0
[0m[1;34m	threadid 47545791133440 -> core 1 - OK[0m[1;34m
[0m[1;34m	threadid 47545793234688 -> core 2 - OK[0m[1;34m
[0m[1;34m	threadid 47545795335936 -> core 3 - OK[0m[1;34m
[0m[1;34m	threadid 47545797437184 -> core 4 - OK[0m[1;34m
[0m[1;34m	threadid 47545799538432 -> core 5 - OK[0m[1;34m
[0miterations: 200
Total iterations: 48412800 LUP
FLOP: 89
Total work: 4308739200 FLOP
performance: 0.433227 GLUP/s
Performance in GFLOP/s: 38.557236
size: 250000
time: 0.111749
