[1;34m[pthread wrapper] 
[0m[1;34m[pthread wrapper] MAIN -> 0
[0m[1;34m[pthread wrapper] PIN_MASK: [0m[1;34m0->1  [0m[1;34m1->2  [0m[1;34m2->3  [0m[1;34m3->4  [0m[1;34m4->5  [0m[1;34m5->6  [0m[1;34m6->7  [0m[1;34m7->8  [0m[1;34m8->9  [0m[1;34m
[pthread wrapper] SKIP MASK: 0x0
[0m[1;34m	threadid 47487877814016 -> core 1 - OK[0m[1;34m
[0m[1;34m	threadid 47487879915264 -> core 2 - OK[0m[1;34m
[0m[1;34m	threadid 47487882016512 -> core 3 - OK[0m[1;34m
[0m[1;34m	threadid 47487884117760 -> core 4 - OK[0m[1;34m
[0m[1;34m	threadid 47487886219008 -> core 5 - OK[0m[1;34m
[0m[1;34m	threadid 47487888320256 -> core 6 - OK[0m[1;34m
[0m[1;34m	threadid 47487890421504 -> core 7 - OK[0m[1;34m
[0m[1;34m	threadid 47487892522752 -> core 8 - OK[0m[1;34m
[0m[1;34m	threadid 47487894624000 -> core 9 - OK[0m[1;34m
[0miterations: 200
Total iterations: 48412800 LUP
FLOP: 89
Total work: 4308739200 FLOP
performance: 0.708959 GLUP/s
Performance in GFLOP/s: 63.097379
size: 250000
time: 0.068287
[1;34m[pthread wrapper] 
[0m[1;34m[pthread wrapper] MAIN -> 0
[0m[1;34m[pthread wrapper] PIN_MASK: [0m[1;34m0->1  [0m[1;34m1->2  [0m[1;34m2->3  [0m[1;34m3->4  [0m[1;34m4->5  [0m[1;34m5->6  [0m[1;34m6->7  [0m[1;34m7->8  [0m[1;34m8->9  [0m[1;34m
[pthread wrapper] SKIP MASK: 0x0
[0m[1;34m	threadid 47277443897088 -> core 1 - OK[0m[1;34m
[0m[1;34m	threadid 47277445998336 -> core 2 - OK[0m[1;34m
[0m[1;34m	threadid 47277448099584 -> core 3 - OK[0m[1;34m
[0m[1;34m	threadid 47277450200832 -> core 4 - OK[0m[1;34m
[0m[1;34m	threadid 47277452302080 -> core 5 - OK[0m[1;34m
[0m[1;34m	threadid 47277454403328 -> core 6 - OK[0m[1;34m
[0m[1;34m	threadid 47277456504576 -> core 7 - OK[0m[1;34m
[0m[1;34m	threadid 47277458605824 -> core 8 - OK[0m[1;34m
[0m[1;34m	threadid 47277460707072 -> core 9 - OK[0m[1;34m
[0miterations: 200
Total iterations: 48412800 LUP
FLOP: 89
Total work: 4308739200 FLOP
performance: 0.709011 GLUP/s
Performance in GFLOP/s: 63.102006
size: 250000
time: 0.068282
[1;34m[pthread wrapper] 
[0m[1;34m[pthread wrapper] MAIN -> 0
[0m[1;34m[pthread wrapper] PIN_MASK: [0m[1;34m0->1  [0m[1;34m1->2  [0m[1;34m2->3  [0m[1;34m3->4  [0m[1;34m4->5  [0m[1;34m5->6  [0m[1;34m6->7  [0m[1;34m7->8  [0m[1;34m8->9  [0m[1;34m
[pthread wrapper] SKIP MASK: 0x0
[0m[1;34m	threadid 47721778956032 -> core 1 - OK[0m[1;34m
[0m[1;34m	threadid 47721781057280 -> core 2 - OK[0m[1;34m
[0m[1;34m	threadid 47721783158528 -> core 3 - OK[0m[1;34m
[0m[1;34m	threadid 47721785259776 -> core 4 - OK[0m[1;34m
[0m[1;34m	threadid 47721787361024 -> core 5 - OK[0m[1;34m
[0m[1;34m	threadid 47721789462272 -> core 6 - OK[0m[1;34m
[0m[1;34m	threadid 47721791563520 -> core 7 - OK[0m[1;34m
[0m[1;34m	threadid 47721793664768 -> core 8 - OK[0m[1;34m
[0m[1;34m	threadid 47721795766016 -> core 9 - OK[0m[1;34m
[0miterations: 200
Total iterations: 48412800 LUP
FLOP: 89
Total work: 4308739200 FLOP
performance: 0.708732 GLUP/s
Performance in GFLOP/s: 63.077118
size: 250000
time: 0.068309
[1;34m[pthread wrapper] 
[0m[1;34m[pthread wrapper] MAIN -> 0
[0m[1;34m[pthread wrapper] PIN_MASK: [0m[1;34m0->1  [0m[1;34m1->2  [0m[1;34m2->3  [0m[1;34m3->4  [0m[1;34m4->5  [0m[1;34m5->6  [0m[1;34m6->7  [0m[1;34m7->8  [0m[1;34m8->9  [0m[1;34m
[pthread wrapper] SKIP MASK: 0x0
[0m[1;34m	threadid 47386285049600 -> core 1 - OK[0m[1;34m
[0m[1;34m	threadid 47386287150848 -> core 2 - OK[0m[1;34m
[0m[1;34m	threadid 47386289252096 -> core 3 - OK[0m[1;34m
[0m[1;34m	threadid 47386291353344 -> core 4 - OK[0m[1;34m
[0m[1;34m	threadid 47386293454592 -> core 5 - OK[0m[1;34m
[0m[1;34m	threadid 47386295555840 -> core 6 - OK[0m[1;34m
[0m[1;34m	threadid 47386297657088 -> core 7 - OK[0m[1;34m
[0m[1;34m	threadid 47386299758336 -> core 8 - OK[0m[1;34m
[0m[1;34m	threadid 47386301859584 -> core 9 - OK[0m[1;34m
[0miterations: 200
Total iterations: 48412800 LUP
FLOP: 89
Total work: 4308739200 FLOP
performance: 0.709014 GLUP/s
Performance in GFLOP/s: 63.102226
size: 250000
time: 0.068282
[1;34m[pthread wrapper] 
[0m[1;34m[pthread wrapper] MAIN -> 0
[0m[1;34m[pthread wrapper] PIN_MASK: [0m[1;34m0->1  [0m[1;34m1->2  [0m[1;34m2->3  [0m[1;34m3->4  [0m[1;34m4->5  [0m[1;34m5->6  [0m[1;34m6->7  [0m[1;34m7->8  [0m[1;34m8->9  [0m[1;34m
[pthread wrapper] SKIP MASK: 0x0
[0m[1;34m	threadid 47463487772416 -> core 1 - OK[0m[1;34m
[0m[1;34m	threadid 47463489873664 -> core 2 - OK[0m[1;34m
[0m[1;34m	threadid 47463491974912 -> core 3 - OK[0m[1;34m
[0m[1;34m	threadid 47463494076160 -> core 4 - OK[0m[1;34m
[0m[1;34m	threadid 47463496177408 -> core 5 - OK[0m[1;34m
[0m[1;34m	threadid 47463498278656 -> core 6 - OK[0m[1;34m
[0m[1;34m	threadid 47463500379904 -> core 7 - OK[0m[1;34m
[0m[1;34m	threadid 47463502481152 -> core 8 - OK[0m[1;34m
[0m[1;34m	threadid 47463504582400 -> core 9 - OK[0m[1;34m
[0miterations: 200
Total iterations: 48412800 LUP
FLOP: 89
Total work: 4308739200 FLOP
performance: 0.709076 GLUP/s
Performance in GFLOP/s: 63.107735
size: 250000
time: 0.068276
[1;34m[pthread wrapper] 
[0m[1;34m[pthread wrapper] MAIN -> 0
[0m[1;34m[pthread wrapper] PIN_MASK: [0m[1;34m0->1  [0m[1;34m1->2  [0m[1;34m2->3  [0m[1;34m3->4  [0m[1;34m4->5  [0m[1;34m5->6  [0m[1;34m6->7  [0m[1;34m7->8  [0m[1;34m8->9  [0m[1;34m
[pthread wrapper] SKIP MASK: 0x0
[0m[1;34m	threadid 46952662734592 -> core 1 - OK[0m[1;34m
[0m[1;34m	threadid 46952664835840 -> core 2 - OK[0m[1;34m
[0m[1;34m	threadid 46952666937088 -> core 3 - OK[0m[1;34m
[0m[1;34m	threadid 46952669038336 -> core 4 - OK[0m[1;34m
[0m[1;34m	threadid 46952671139584 -> core 5 - OK[0m[1;34m
[0m[1;34m	threadid 46952673240832 -> core 6 - OK[0m[1;34m
[0m[1;34m	threadid 46952675342080 -> core 7 - OK[0m[1;34m
[0m[1;34m	threadid 46952677443328 -> core 8 - OK[0m[1;34m
[0m[1;34m	threadid 46952679544576 -> core 9 - OK[0m[1;34m
[0miterations: 200
Total iterations: 48412800 LUP
FLOP: 89
Total work: 4308739200 FLOP
performance: 0.709034 GLUP/s
Performance in GFLOP/s: 63.103989
size: 250000
time: 0.068280
[1;34m[pthread wrapper] 
[0m[1;34m[pthread wrapper] MAIN -> 0
[0m[1;34m[pthread wrapper] PIN_MASK: [0m[1;34m0->1  [0m[1;34m1->2  [0m[1;34m2->3  [0m[1;34m3->4  [0m[1;34m4->5  [0m[1;34m5->6  [0m[1;34m6->7  [0m[1;34m7->8  [0m[1;34m8->9  [0m[1;34m
[pthread wrapper] SKIP MASK: 0x0
[0m[1;34m	threadid 47507972757248 -> core 1 - OK[0m[1;34m
[0m[1;34m	threadid 47507974858496 -> core 2 - OK[0m[1;34m
[0m[1;34m	threadid 47507976959744 -> core 3 - OK[0m[1;34m
[0m[1;34m	threadid 47507979060992 -> core 4 - OK[0m[1;34m
[0m[1;34m	threadid 47507981162240 -> core 5 - OK[0m[1;34m
[0m[1;34m	threadid 47507983263488 -> core 6 - OK[0m[1;34m
[0m[1;34m	threadid 47507985364736 -> core 7 - OK[0m[1;34m
[0m[1;34m	threadid 47507987465984 -> core 8 - OK[0m[1;34m
[0m[1;34m	threadid 47507989567232 -> core 9 - OK[0m[1;34m
[0miterations: 200
Total iterations: 48412800 LUP
FLOP: 89
Total work: 4308739200 FLOP
performance: 0.708900 GLUP/s
Performance in GFLOP/s: 63.092092
size: 250000
time: 0.068293
[1;34m[pthread wrapper] 
[0m[1;34m[pthread wrapper] MAIN -> 0
[0m[1;34m[pthread wrapper] PIN_MASK: [0m[1;34m0->1  [0m[1;34m1->2  [0m[1;34m2->3  [0m[1;34m3->4  [0m[1;34m4->5  [0m[1;34m5->6  [0m[1;34m6->7  [0m[1;34m7->8  [0m[1;34m8->9  [0m[1;34m
[pthread wrapper] SKIP MASK: 0x0
[0m[1;34m	threadid 47682602620672 -> core 1 - OK[0m[1;34m
[0m[1;34m	threadid 47682604721920 -> core 2 - OK[0m[1;34m
[0m[1;34m	threadid 47682606823168 -> core 3 - OK[0m[1;34m
[0m[1;34m	threadid 47682608924416 -> core 4 - OK[0m[1;34m
[0m[1;34m	threadid 47682611025664 -> core 5 - OK[0m[1;34m
[0m[1;34m	threadid 47682613126912 -> core 6 - OK[0m[1;34m
[0m[1;34m	threadid 47682615228160 -> core 7 - OK[0m[1;34m
[0m[1;34m	threadid 47682617329408 -> core 8 - OK[0m[1;34m
[0m[1;34m	threadid 47682619430656 -> core 9 - OK[0m[1;34m
[0miterations: 200
Total iterations: 48412800 LUP
FLOP: 89
Total work: 4308739200 FLOP
performance: 0.709118 GLUP/s
Performance in GFLOP/s: 63.111481
size: 250000
time: 0.068272
[1;34m[pthread wrapper] 
[0m[1;34m[pthread wrapper] MAIN -> 0
[0m[1;34m[pthread wrapper] PIN_MASK: [0m[1;34m0->1  [0m[1;34m1->2  [0m[1;34m2->3  [0m[1;34m3->4  [0m[1;34m4->5  [0m[1;34m5->6  [0m[1;34m6->7  [0m[1;34m7->8  [0m[1;34m8->9  [0m[1;34m
[pthread wrapper] SKIP MASK: 0x0
[0m[1;34m	threadid 47001630066432 -> core 1 - OK[0m[1;34m
[0m[1;34m	threadid 47001632167680 -> core 2 - OK[0m[1;34m
[0m[1;34m	threadid 47001634268928 -> core 3 - OK[0m[1;34m
[0m[1;34m	threadid 47001636370176 -> core 4 - OK[0m[1;34m
[0m[1;34m	threadid 47001638471424 -> core 5 - OK[0m[1;34m
[0m[1;34m	threadid 47001640572672 -> core 6 - OK[0m[1;34m
[0m[1;34m	threadid 47001642673920 -> core 7 - OK[0m[1;34m
[0m[1;34m	threadid 47001644775168 -> core 8 - OK[0m[1;34m
[0m[1;34m	threadid 47001646876416 -> core 9 - OK[0m[1;34m
[0miterations: 200
Total iterations: 48412800 LUP
FLOP: 89
Total work: 4308739200 FLOP
performance: 0.709095 GLUP/s
Performance in GFLOP/s: 63.109498
size: 250000
time: 0.068274
[1;34m[pthread wrapper] 
[0m[1;34m[pthread wrapper] MAIN -> 0
[0m[1;34m[pthread wrapper] PIN_MASK: [0m[1;34m0->1  [0m[1;34m1->2  [0m[1;34m2->3  [0m[1;34m3->4  [0m[1;34m4->5  [0m[1;34m5->6  [0m[1;34m6->7  [0m[1;34m7->8  [0m[1;34m8->9  [0m[1;34m
[pthread wrapper] SKIP MASK: 0x0
[0m[1;34m	threadid 47013766100736 -> core 1 - OK[0m[1;34m
[0m[1;34m	threadid 47013768201984 -> core 2 - OK[0m[1;34m
[0m[1;34m	threadid 47013770303232 -> core 3 - OK[0m[1;34m
[0m[1;34m	threadid 47013772404480 -> core 4 - OK[0m[1;34m
[0m[1;34m	threadid 47013774505728 -> core 5 - OK[0m[1;34m
[0m[1;34m	threadid 47013776606976 -> core 6 - OK[0m[1;34m
[0m[1;34m	threadid 47013778708224 -> core 7 - OK[0m[1;34m
[0m[1;34m	threadid 47013780809472 -> core 8 - OK[0m[1;34m
[0m[1;34m	threadid 47013782910720 -> core 9 - OK[0m[1;34m
[0miterations: 200
Total iterations: 48412800 LUP
FLOP: 89
Total work: 4308739200 FLOP
performance: 0.708991 GLUP/s
Performance in GFLOP/s: 63.100243
size: 250000
time: 0.068284
