iterations: 120
Total iterations: 29047680 LUP
FLOP: 89
Total work: 2585243520 FLOP
performance: 0.413414 GLUP/s
Performance in GFLOP/s: 36.793858
size: 250000
time: 0.070263
iterations: 120
Total iterations: 29047680 LUP
FLOP: 89
Total work: 2585243520 FLOP
performance: 0.413008 GLUP/s
Performance in GFLOP/s: 36.757687
size: 250000
time: 0.070332
iterations: 120
Total iterations: 29047680 LUP
FLOP: 89
Total work: 2585243520 FLOP
performance: 0.413127 GLUP/s
Performance in GFLOP/s: 36.768282
size: 250000
time: 0.070312
iterations: 120
Total iterations: 29047680 LUP
FLOP: 89
Total work: 2585243520 FLOP
performance: 0.414280 GLUP/s
Performance in GFLOP/s: 36.870927
size: 250000
time: 0.070116
iterations: 120
Total iterations: 29047680 LUP
FLOP: 89
Total work: 2585243520 FLOP
performance: 0.413219 GLUP/s
Performance in GFLOP/s: 36.776512
size: 250000
time: 0.070296
iterations: 120
Total iterations: 29047680 LUP
FLOP: 89
Total work: 2585243520 FLOP
performance: 0.413050 GLUP/s
Performance in GFLOP/s: 36.761426
size: 250000
time: 0.070325
iterations: 120
Total iterations: 29047680 LUP
FLOP: 89
Total work: 2585243520 FLOP
performance: 0.414658 GLUP/s
Performance in GFLOP/s: 36.904558
size: 250000
time: 0.070052
iterations: 120
Total iterations: 29047680 LUP
FLOP: 89
Total work: 2585243520 FLOP
performance: 0.413090 GLUP/s
Performance in GFLOP/s: 36.765041
size: 250000
time: 0.070318
iterations: 120
Total iterations: 29047680 LUP
FLOP: 89
Total work: 2585243520 FLOP
performance: 0.414369 GLUP/s
Performance in GFLOP/s: 36.878827
size: 250000
time: 0.070101
iterations: 120
Total iterations: 29047680 LUP
FLOP: 89
Total work: 2585243520 FLOP
performance: 0.399193 GLUP/s
Performance in GFLOP/s: 35.528148
size: 250000
time: 0.072766
