iterations: 200
Total iterations: 48412800 LUP
FLOP: 89
Total work: 4308739200 FLOP
performance: 0.541488 GLUP/s
Performance in GFLOP/s: 48.192432
size: 250000
time: 0.089407
iterations: 200
Total iterations: 48412800 LUP
FLOP: 89
Total work: 4308739200 FLOP
performance: 0.541930 GLUP/s
Performance in GFLOP/s: 48.231789
size: 250000
time: 0.089334
iterations: 200
Total iterations: 48412800 LUP
FLOP: 89
Total work: 4308739200 FLOP
performance: 0.541790 GLUP/s
Performance in GFLOP/s: 48.219306
size: 250000
time: 0.089357
iterations: 200
Total iterations: 48412800 LUP
FLOP: 89
Total work: 4308739200 FLOP
performance: 0.541676 GLUP/s
Performance in GFLOP/s: 48.209145
size: 250000
time: 0.089376
iterations: 200
Total iterations: 48412800 LUP
FLOP: 89
Total work: 4308739200 FLOP
performance: 0.543128 GLUP/s
Performance in GFLOP/s: 48.338350
size: 250000
time: 0.089137
iterations: 200
Total iterations: 48412800 LUP
FLOP: 89
Total work: 4308739200 FLOP
performance: 0.542708 GLUP/s
Performance in GFLOP/s: 48.301013
size: 250000
time: 0.089206
iterations: 200
Total iterations: 48412800 LUP
FLOP: 89
Total work: 4308739200 FLOP
performance: 0.542058 GLUP/s
Performance in GFLOP/s: 48.243120
size: 250000
time: 0.089313
iterations: 200
Total iterations: 48412800 LUP
FLOP: 89
Total work: 4308739200 FLOP
performance: 0.542725 GLUP/s
Performance in GFLOP/s: 48.302562
size: 250000
time: 0.089203
iterations: 200
Total iterations: 48412800 LUP
FLOP: 89
Total work: 4308739200 FLOP
performance: 0.543629 GLUP/s
Performance in GFLOP/s: 48.382997
size: 250000
time: 0.089055
iterations: 200
Total iterations: 48412800 LUP
FLOP: 89
Total work: 4308739200 FLOP
performance: 0.541888 GLUP/s
Performance in GFLOP/s: 48.228057
size: 250000
time: 0.089341
