[1;34m[pthread wrapper] 
[0m[1;34m[pthread wrapper] MAIN -> 0
[0m[1;34m[pthread wrapper] PIN_MASK: [0m[1;34m0->1  [0m[1;34m1->2  [0m[1;34m2->3  [0m[1;34m3->4  [0m[1;34m4->5  [0m[1;34m5->6  [0m[1;34m6->7  [0m[1;34m7->8  [0m[1;34m8->9  [0m[1;34m9->10  [0m[1;34m10->11  [0m[1;34m11->12  [0m[1;34m12->13  [0m[1;34m13->14  [0m[1;34m14->15  [0m[1;34m
[pthread wrapper] SKIP MASK: 0x0
[0m[1;34m	threadid 47243146573568 -> core 1 - OK[0m[1;34m
[0m[1;34m	threadid 47243148674816 -> core 2 - OK[0m[1;34m
[0m[1;34m	threadid 47243150776064 -> core 3 - OK[0m[1;34m
[0m[1;34m	threadid 47243152877312 -> core 4 - OK[0m[1;34m
[0m[1;34m	threadid 47243154978560 -> core 5 - OK[0m[1;34m
[0m[1;34m	threadid 47243157079808 -> core 6 - OK[0m[1;34m
[0m[1;34m	threadid 47243159181056 -> core 7 - OK[0m[1;34m
[0m[1;34m	threadid 47243161282304 -> core 8 - OK[0m[1;34m
[0m[1;34m	threadid 47243163383552 -> core 9 - OK[0m[1;34m
[0m[1;34m	threadid 47243165484800 -> core 10 - OK[0m[1;34m
[0m[1;34m	threadid 47243167586048 -> core 11 - OK[0m[1;34m
[0m[1;34m	threadid 47243169687296 -> core 12 - OK[0m[1;34m
[0m[1;34m	threadid 47243171788544 -> core 13 - OK[0m[1;34m
[0m[1;34m	threadid 47243173889792 -> core 14 - OK[0m[1;34m
[0m[1;34m	threadid 47243175991040 -> core 15 - OK[0m[1;34m
[0miterations: 120
Total iterations: 29047680 LUP
FLOP: 89
Total work: 2585243520 FLOP
performance: 1.007965 GLUP/s
Performance in GFLOP/s: 89.708925
size: 250000
time: 0.028818
[1;34m[pthread wrapper] 
[0m[1;34m[pthread wrapper] MAIN -> 0
[0m[1;34m[pthread wrapper] PIN_MASK: [0m[1;34m0->1  [0m[1;34m1->2  [0m[1;34m2->3  [0m[1;34m3->4  [0m[1;34m4->5  [0m[1;34m5->6  [0m[1;34m6->7  [0m[1;34m7->8  [0m[1;34m8->9  [0m[1;34m9->10  [0m[1;34m10->11  [0m[1;34m11->12  [0m[1;34m12->13  [0m[1;34m13->14  [0m[1;34m14->15  [0m[1;34m
[pthread wrapper] SKIP MASK: 0x0
[0m[1;34m	threadid 47695345198848 -> core 1 - OK[0m[1;34m
[0m[1;34m	threadid 47695347300096 -> core 2 - OK[0m[1;34m
[0m[1;34m	threadid 47695349401344 -> core 3 - OK[0m[1;34m
[0m[1;34m	threadid 47695351502592 -> core 4 - OK[0m[1;34m
[0m[1;34m	threadid 47695353603840 -> core 5 - OK[0m[1;34m
[0m[1;34m	threadid 47695355705088 -> core 6 - OK[0m[1;34m
[0m[1;34m	threadid 47695357806336 -> core 7 - OK[0m[1;34m
[0m[1;34m	threadid 47695359907584 -> core 8 - OK[0m[1;34m
[0m[1;34m	threadid 47695362008832 -> core 9 - OK[0m[1;34m
[0m[1;34m	threadid 47695364110080 -> core 10 - OK[0m[1;34m
[0m[1;34m	threadid 47695366211328 -> core 11 - OK[0m[1;34m
[0m[1;34m	threadid 47695368312576 -> core 12 - OK[0m[1;34m
[0m[1;34m	threadid 47695370413824 -> core 13 - OK[0m[1;34m
[0m[1;34m	threadid 47695372515072 -> core 14 - OK[0m[1;34m
[0m[1;34m	threadid 47695374616320 -> core 15 - OK[0m[1;34m
[0miterations: 120
Total iterations: 29047680 LUP
FLOP: 89
Total work: 2585243520 FLOP
performance: 1.007024 GLUP/s
Performance in GFLOP/s: 89.625137
size: 250000
time: 0.028845
[1;34m[pthread wrapper] 
[0m[1;34m[pthread wrapper] MAIN -> 0
[0m[1;34m[pthread wrapper] PIN_MASK: [0m[1;34m0->1  [0m[1;34m1->2  [0m[1;34m2->3  [0m[1;34m3->4  [0m[1;34m4->5  [0m[1;34m5->6  [0m[1;34m6->7  [0m[1;34m7->8  [0m[1;34m8->9  [0m[1;34m9->10  [0m[1;34m10->11  [0m[1;34m11->12  [0m[1;34m12->13  [0m[1;34m13->14  [0m[1;34m14->15  [0m[1;34m
[pthread wrapper] SKIP MASK: 0x0
[0m[1;34m	threadid 47342664034048 -> core 1 - OK[0m[1;34m
[0m[1;34m	threadid 47342666135296 -> core 2 - OK[0m[1;34m
[0m[1;34m	threadid 47342668236544 -> core 3 - OK[0m[1;34m
[0m[1;34m	threadid 47342670337792 -> core 4 - OK[0m[1;34m
[0m[1;34m	threadid 47342672439040 -> core 5 - OK[0m[1;34m
[0m[1;34m	threadid 47342674540288 -> core 6 - OK[0m[1;34m
[0m[1;34m	threadid 47342676641536 -> core 7 - OK[0m[1;34m
[0m[1;34m	threadid 47342678742784 -> core 8 - OK[0m[1;34m
[0m[1;34m	threadid 47342680844032 -> core 9 - OK[0m[1;34m
[0m[1;34m	threadid 47342682945280 -> core 10 - OK[0m[1;34m
[0m[1;34m	threadid 47342685046528 -> core 11 - OK[0m[1;34m
[0m[1;34m	threadid 47342687147776 -> core 12 - OK[0m[1;34m
[0m[1;34m	threadid 47342689249024 -> core 13 - OK[0m[1;34m
[0m[1;34m	threadid 47342691350272 -> core 14 - OK[0m[1;34m
[0m[1;34m	threadid 47342693451520 -> core 15 - OK[0m[1;34m
[0miterations: 120
Total iterations: 29047680 LUP
FLOP: 89
Total work: 2585243520 FLOP
performance: 1.009686 GLUP/s
Performance in GFLOP/s: 89.862076
size: 250000
time: 0.028769
[1;34m[pthread wrapper] 
[0m[1;34m[pthread wrapper] MAIN -> 0
[0m[1;34m[pthread wrapper] PIN_MASK: [0m[1;34m0->1  [0m[1;34m1->2  [0m[1;34m2->3  [0m[1;34m3->4  [0m[1;34m4->5  [0m[1;34m5->6  [0m[1;34m6->7  [0m[1;34m7->8  [0m[1;34m8->9  [0m[1;34m9->10  [0m[1;34m10->11  [0m[1;34m11->12  [0m[1;34m12->13  [0m[1;34m13->14  [0m[1;34m14->15  [0m[1;34m
[pthread wrapper] SKIP MASK: 0x0
[0m[1;34m	threadid 47493731804928 -> core 1 - OK[0m[1;34m
[0m[1;34m	threadid 47493733906176 -> core 2 - OK[0m[1;34m
[0m[1;34m	threadid 47493736007424 -> core 3 - OK[0m[1;34m
[0m[1;34m	threadid 47493738108672 -> core 4 - OK[0m[1;34m
[0m[1;34m	threadid 47493740209920 -> core 5 - OK[0m[1;34m
[0m[1;34m	threadid 47493742311168 -> core 6 - OK[0m[1;34m
[0m[1;34m	threadid 47493744412416 -> core 7 - OK[0m[1;34m
[0m[1;34m	threadid 47493746513664 -> core 8 - OK[0m[1;34m
[0m[1;34m	threadid 47493748614912 -> core 9 - OK[0m[1;34m
[0m[1;34m	threadid 47493750716160 -> core 10 - OK[0m[1;34m
[0m[1;34m	threadid 47493752817408 -> core 11 - OK[0m[1;34m
[0m[1;34m	threadid 47493754918656 -> core 12 - OK[0m[1;34m
[0m[1;34m	threadid 47493757019904 -> core 13 - OK[0m[1;34m
[0m[1;34m	threadid 47493759121152 -> core 14 - OK[0m[1;34m
[0m[1;34m	threadid 47493761222400 -> core 15 - OK[0m[1;34m
[0miterations: 120
Total iterations: 29047680 LUP
FLOP: 89
Total work: 2585243520 FLOP
performance: 1.006957 GLUP/s
Performance in GFLOP/s: 89.619211
size: 250000
time: 0.028847
[1;34m[pthread wrapper] 
[0m[1;34m[pthread wrapper] MAIN -> 0
[0m[1;34m[pthread wrapper] PIN_MASK: [0m[1;34m0->1  [0m[1;34m1->2  [0m[1;34m2->3  [0m[1;34m3->4  [0m[1;34m4->5  [0m[1;34m5->6  [0m[1;34m6->7  [0m[1;34m7->8  [0m[1;34m8->9  [0m[1;34m9->10  [0m[1;34m10->11  [0m[1;34m11->12  [0m[1;34m12->13  [0m[1;34m13->14  [0m[1;34m14->15  [0m[1;34m
[pthread wrapper] SKIP MASK: 0x0
[0m[1;34m	threadid 47434834347776 -> core 1 - OK[0m[1;34m
[0m[1;34m	threadid 47434836449024 -> core 2 - OK[0m[1;34m
[0m[1;34m	threadid 47434838550272 -> core 3 - OK[0m[1;34m
[0m[1;34m	threadid 47434840651520 -> core 4 - OK[0m[1;34m
[0m[1;34m	threadid 47434842752768 -> core 5 - OK[0m[1;34m
[0m[1;34m	threadid 47434844854016 -> core 6 - OK[0m[1;34m
[0m[1;34m	threadid 47434846955264 -> core 7 - OK[0m[1;34m
[0m[1;34m	threadid 47434849056512 -> core 8 - OK[0m[1;34m
[0m[1;34m	threadid 47434851157760 -> core 9 - OK[0m[1;34m
[0m[1;34m	threadid 47434853259008 -> core 10 - OK[0m[1;34m
[0m[1;34m	threadid 47434855360256 -> core 11 - OK[0m[1;34m
[0m[1;34m	threadid 47434857461504 -> core 12 - OK[0m[1;34m
[0m[1;34m	threadid 47434859562752 -> core 13 - OK[0m[1;34m
[0m[1;34m	threadid 47434861664000 -> core 14 - OK[0m[1;34m
[0m[1;34m	threadid 47434863765248 -> core 15 - OK[0m[1;34m
[0miterations: 120
Total iterations: 29047680 LUP
FLOP: 89
Total work: 2585243520 FLOP
performance: 1.007649 GLUP/s
Performance in GFLOP/s: 89.680731
size: 250000
time: 0.028827
[1;34m[pthread wrapper] 
[0m[1;34m[pthread wrapper] MAIN -> 0
[0m[1;34m[pthread wrapper] PIN_MASK: [0m[1;34m0->1  [0m[1;34m1->2  [0m[1;34m2->3  [0m[1;34m3->4  [0m[1;34m4->5  [0m[1;34m5->6  [0m[1;34m6->7  [0m[1;34m7->8  [0m[1;34m8->9  [0m[1;34m9->10  [0m[1;34m10->11  [0m[1;34m11->12  [0m[1;34m12->13  [0m[1;34m13->14  [0m[1;34m14->15  [0m[1;34m
[pthread wrapper] SKIP MASK: 0x0
[0m[1;34m	threadid 46931904739072 -> core 1 - OK[0m[1;34m
[0m[1;34m	threadid 46931906840320 -> core 2 - OK[0m[1;34m
[0m[1;34m	threadid 46931908941568 -> core 3 - OK[0m[1;34m
[0m[1;34m	threadid 46931911042816 -> core 4 - OK[0m[1;34m
[0m[1;34m	threadid 46931913144064 -> core 5 - OK[0m[1;34m
[0m[1;34m	threadid 46931915245312 -> core 6 - OK[0m[1;34m
[0m[1;34m	threadid 46931917346560 -> core 7 - OK[0m[1;34m
[0m[1;34m	threadid 46931919447808 -> core 8 - OK[0m[1;34m
[0m[1;34m	threadid 46931921549056 -> core 9 - OK[0m[1;34m
[0m[1;34m	threadid 46931923650304 -> core 10 - OK[0m[1;34m
[0m[1;34m	threadid 46931925751552 -> core 11 - OK[0m[1;34m
[0m[1;34m	threadid 46931927852800 -> core 12 - OK[0m[1;34m
[0m[1;34m	threadid 46931929954048 -> core 13 - OK[0m[1;34m
[0m[1;34m	threadid 46931932055296 -> core 14 - OK[0m[1;34m
[0m[1;34m	threadid 46931934156544 -> core 15 - OK[0m[1;34m
[0miterations: 120
Total iterations: 29047680 LUP
FLOP: 89
Total work: 2585243520 FLOP
performance: 1.009017 GLUP/s
Performance in GFLOP/s: 89.802538
size: 250000
time: 0.028788
[1;34m[pthread wrapper] 
[0m[1;34m[pthread wrapper] MAIN -> 0
[0m[1;34m[pthread wrapper] PIN_MASK: [0m[1;34m0->1  [0m[1;34m1->2  [0m[1;34m2->3  [0m[1;34m3->4  [0m[1;34m4->5  [0m[1;34m5->6  [0m[1;34m6->7  [0m[1;34m7->8  [0m[1;34m8->9  [0m[1;34m9->10  [0m[1;34m10->11  [0m[1;34m11->12  [0m[1;34m12->13  [0m[1;34m13->14  [0m[1;34m14->15  [0m[1;34m
[pthread wrapper] SKIP MASK: 0x0
[0m[1;34m	threadid 47643140892416 -> core 1 - OK[0m[1;34m
[0m[1;34m	threadid 47643142993664 -> core 2 - OK[0m[1;34m
[0m[1;34m	threadid 47643145094912 -> core 3 - OK[0m[1;34m
[0m[1;34m	threadid 47643147196160 -> core 4 - OK[0m[1;34m
[0m[1;34m	threadid 47643149297408 -> core 5 - OK[0m[1;34m
[0m[1;34m	threadid 47643151398656 -> core 6 - OK[0m[1;34m
[0m[1;34m	threadid 47643153499904 -> core 7 - OK[0m[1;34m
[0m[1;34m	threadid 47643155601152 -> core 8 - OK[0m[1;34m
[0m[1;34m	threadid 47643157702400 -> core 9 - OK[0m[1;34m
[0m[1;34m	threadid 47643159803648 -> core 10 - OK[0m[1;34m
[0m[1;34m	threadid 47643161904896 -> core 11 - OK[0m[1;34m
[0m[1;34m	threadid 47643164006144 -> core 12 - OK[0m[1;34m
[0m[1;34m	threadid 47643166107392 -> core 13 - OK[0m[1;34m
[0m[1;34m	threadid 47643168208640 -> core 14 - OK[0m[1;34m
[0m[1;34m	threadid 47643170309888 -> core 15 - OK[0m[1;34m
[0miterations: 120
Total iterations: 29047680 LUP
FLOP: 89
Total work: 2585243520 FLOP
performance: 1.008458 GLUP/s
Performance in GFLOP/s: 89.752736
size: 250000
time: 0.028804
[1;34m[pthread wrapper] 
[0m[1;34m[pthread wrapper] MAIN -> 0
[0m[1;34m[pthread wrapper] PIN_MASK: [0m[1;34m0->1  [0m[1;34m1->2  [0m[1;34m2->3  [0m[1;34m3->4  [0m[1;34m4->5  [0m[1;34m5->6  [0m[1;34m6->7  [0m[1;34m7->8  [0m[1;34m8->9  [0m[1;34m9->10  [0m[1;34m10->11  [0m[1;34m11->12  [0m[1;34m12->13  [0m[1;34m13->14  [0m[1;34m14->15  [0m[1;34m
[pthread wrapper] SKIP MASK: 0x0
[0m[1;34m	threadid 47503699191552 -> core 1 - OK[0m[1;34m
[0m[1;34m	threadid 47503701292800 -> core 2 - OK[0m[1;34m
[0m[1;34m	threadid 47503703394048 -> core 3 - OK[0m[1;34m
[0m[1;34m	threadid 47503705495296 -> core 4 - OK[0m[1;34m
[0m[1;34m	threadid 47503707596544 -> core 5 - OK[0m[1;34m
[0m[1;34m	threadid 47503709697792 -> core 6 - OK[0m[1;34m
[0m[1;34m	threadid 47503711799040 -> core 7 - OK[0m[1;34m
[0m[1;34m	threadid 47503713900288 -> core 8 - OK[0m[1;34m
[0m[1;34m	threadid 47503716001536 -> core 9 - OK[0m[1;34m
[0m[1;34m	threadid 47503718102784 -> core 10 - OK[0m[1;34m
[0m[1;34m	threadid 47503720204032 -> core 11 - OK[0m[1;34m
[0m[1;34m	threadid 47503722305280 -> core 12 - OK[0m[1;34m
[0m[1;34m	threadid 47503724406528 -> core 13 - OK[0m[1;34m
[0m[1;34m	threadid 47503726507776 -> core 14 - OK[0m[1;34m
[0m[1;34m	threadid 47503728609024 -> core 15 - OK[0m[1;34m
[0miterations: 120
Total iterations: 29047680 LUP
FLOP: 89
Total work: 2585243520 FLOP
performance: 1.003548 GLUP/s
Performance in GFLOP/s: 89.315815
size: 250000
time: 0.028945
[1;34m[pthread wrapper] 
[0m[1;34m[pthread wrapper] MAIN -> 0
[0m[1;34m[pthread wrapper] PIN_MASK: [0m[1;34m0->1  [0m[1;34m1->2  [0m[1;34m2->3  [0m[1;34m3->4  [0m[1;34m4->5  [0m[1;34m5->6  [0m[1;34m6->7  [0m[1;34m7->8  [0m[1;34m8->9  [0m[1;34m9->10  [0m[1;34m10->11  [0m[1;34m11->12  [0m[1;34m12->13  [0m[1;34m13->14  [0m[1;34m14->15  [0m[1;34m
[pthread wrapper] SKIP MASK: 0x0
[0m[1;34m	threadid 47795672024832 -> core 1 - OK[0m[1;34m
[0m[1;34m	threadid 47795674126080 -> core 2 - OK[0m[1;34m
[0m[1;34m	threadid 47795676227328 -> core 3 - OK[0m[1;34m
[0m[1;34m	threadid 47795678328576 -> core 4 - OK[0m[1;34m
[0m[1;34m	threadid 47795680429824 -> core 5 - OK[0m[1;34m
[0m[1;34m	threadid 47795682531072 -> core 6 - OK[0m[1;34m
[0m[1;34m	threadid 47795684632320 -> core 7 - OK[0m[1;34m
[0m[1;34m	threadid 47795686733568 -> core 8 - OK[0m[1;34m
[0m[1;34m	threadid 47795688834816 -> core 9 - OK[0m[1;34m
[0m[1;34m	threadid 47795690936064 -> core 10 - OK[0m[1;34m
[0m[1;34m	threadid 47795693037312 -> core 11 - OK[0m[1;34m
[0m[1;34m	threadid 47795695138560 -> core 12 - OK[0m[1;34m
[0m[1;34m	threadid 47795697239808 -> core 13 - OK[0m[1;34m
[0m[1;34m	threadid 47795699341056 -> core 14 - OK[0m[1;34m
[0m[1;34m	threadid 47795701442304 -> core 15 - OK[0m[1;34m
[0miterations: 120
Total iterations: 29047680 LUP
FLOP: 89
Total work: 2585243520 FLOP
performance: 1.006608 GLUP/s
Performance in GFLOP/s: 89.588113
size: 250000
time: 0.028857
[1;34m[pthread wrapper] 
[0m[1;34m[pthread wrapper] MAIN -> 0
[0m[1;34m[pthread wrapper] PIN_MASK: [0m[1;34m0->1  [0m[1;34m1->2  [0m[1;34m2->3  [0m[1;34m3->4  [0m[1;34m4->5  [0m[1;34m5->6  [0m[1;34m6->7  [0m[1;34m7->8  [0m[1;34m8->9  [0m[1;34m9->10  [0m[1;34m10->11  [0m[1;34m11->12  [0m[1;34m12->13  [0m[1;34m13->14  [0m[1;34m14->15  [0m[1;34m
[pthread wrapper] SKIP MASK: 0x0
[0m[1;34m	threadid 47073674327808 -> core 1 - OK[0m[1;34m
[0m[1;34m	threadid 47073676429056 -> core 2 - OK[0m[1;34m
[0m[1;34m	threadid 47073678530304 -> core 3 - OK[0m[1;34m
[0m[1;34m	threadid 47073680631552 -> core 4 - OK[0m[1;34m
[0m[1;34m	threadid 47073682732800 -> core 5 - OK[0m[1;34m
[0m[1;34m	threadid 47073684834048 -> core 6 - OK[0m[1;34m
[0m[1;34m	threadid 47073686935296 -> core 7 - OK[0m[1;34m
[0m[1;34m	threadid 47073689036544 -> core 8 - OK[0m[1;34m
[0m[1;34m	threadid 47073691137792 -> core 9 - OK[0m[1;34m
[0m[1;34m	threadid 47073693239040 -> core 10 - OK[0m[1;34m
[0m[1;34m	threadid 47073695340288 -> core 11 - OK[0m[1;34m
[0m[1;34m	threadid 47073697441536 -> core 12 - OK[0m[1;34m
[0m[1;34m	threadid 47073699542784 -> core 13 - OK[0m[1;34m
[0m[1;34m	threadid 47073701644032 -> core 14 - OK[0m[1;34m
[0m[1;34m	threadid 47073703745280 -> core 15 - OK[0m[1;34m
[0miterations: 120
Total iterations: 29047680 LUP
FLOP: 89
Total work: 2585243520 FLOP
performance: 1.008249 GLUP/s
Performance in GFLOP/s: 89.734167
size: 250000
time: 0.028810
