[1;34m[pthread wrapper] 
[0m[1;34m[pthread wrapper] MAIN -> 0
[0m[1;34m[pthread wrapper] PIN_MASK: [0m[1;34m0->1  [0m[1;34m
[pthread wrapper] SKIP MASK: 0x0
[0m[1;34m	threadid 47440008464128 -> core 1 - OK[0m[1;34m
[0miterations: 120
Total iterations: 1074247680 LUP
FLOP: 89
Total work: 95608043520 FLOP
performance: 0.151320 GLUP/s
Performance in GFLOP/s: 13.467447
size: 9000000
time: 7.099196
[1;34m[pthread wrapper] 
[0m[1;34m[pthread wrapper] MAIN -> 0
[0m[1;34m[pthread wrapper] PIN_MASK: [0m[1;34m0->1  [0m[1;34m
[pthread wrapper] SKIP MASK: 0x0
[0m[1;34m	threadid 47422011508480 -> core 1 - OK[0m[1;34m
[0miterations: 120
Total iterations: 1074247680 LUP
FLOP: 89
Total work: 95608043520 FLOP
performance: 0.151290 GLUP/s
Performance in GFLOP/s: 13.464852
size: 9000000
time: 7.100564
[1;34m[pthread wrapper] 
[0m[1;34m[pthread wrapper] MAIN -> 0
[0m[1;34m[pthread wrapper] PIN_MASK: [0m[1;34m0->1  [0m[1;34m
[pthread wrapper] SKIP MASK: 0x0
[0m[1;34m	threadid 47322102089472 -> core 1 - OK[0m[1;34m
[0miterations: 120
Total iterations: 1074247680 LUP
FLOP: 89
Total work: 95608043520 FLOP
performance: 0.151170 GLUP/s
Performance in GFLOP/s: 13.454094
size: 9000000
time: 7.106242
[1;34m[pthread wrapper] 
[0m[1;34m[pthread wrapper] MAIN -> 0
[0m[1;34m[pthread wrapper] PIN_MASK: [0m[1;34m0->1  [0m[1;34m
[pthread wrapper] SKIP MASK: 0x0
[0m[1;34m	threadid 47862829647616 -> core 1 - OK[0m[1;34m
[0miterations: 120
Total iterations: 1074247680 LUP
FLOP: 89
Total work: 95608043520 FLOP
performance: 0.151292 GLUP/s
Performance in GFLOP/s: 13.465023
size: 9000000
time: 7.100474
[1;34m[pthread wrapper] 
[0m[1;34m[pthread wrapper] MAIN -> 0
[0m[1;34m[pthread wrapper] PIN_MASK: [0m[1;34m0->1  [0m[1;34m
[pthread wrapper] SKIP MASK: 0x0
[0m[1;34m	threadid 47375116752640 -> core 1 - OK[0m[1;34m
[0miterations: 120
Total iterations: 1074247680 LUP
FLOP: 89
Total work: 95608043520 FLOP
performance: 0.151231 GLUP/s
Performance in GFLOP/s: 13.459562
size: 9000000
time: 7.103355
[1;34m[pthread wrapper] 
[0m[1;34m[pthread wrapper] MAIN -> 0
[0m[1;34m[pthread wrapper] PIN_MASK: [0m[1;34m0->1  [0m[1;34m
[pthread wrapper] SKIP MASK: 0x0
[0m[1;34m	threadid 47344897115904 -> core 1 - OK[0m[1;34m
[0miterations: 120
Total iterations: 1074247680 LUP
FLOP: 89
Total work: 95608043520 FLOP
performance: 0.151323 GLUP/s
Performance in GFLOP/s: 13.467769
size: 9000000
time: 7.099026
[1;34m[pthread wrapper] 
[0m[1;34m[pthread wrapper] MAIN -> 0
[0m[1;34m[pthread wrapper] PIN_MASK: [0m[1;34m0->1  [0m[1;34m
[pthread wrapper] SKIP MASK: 0x0
[0m[1;34m	threadid 47597965944576 -> core 1 - OK[0m[1;34m
[0miterations: 120
Total iterations: 1074247680 LUP
FLOP: 89
Total work: 95608043520 FLOP
performance: 0.151186 GLUP/s
Performance in GFLOP/s: 13.455523
size: 9000000
time: 7.105487
[1;34m[pthread wrapper] 
[0m[1;34m[pthread wrapper] MAIN -> 0
[0m[1;34m[pthread wrapper] PIN_MASK: [0m[1;34m0->1  [0m[1;34m
[pthread wrapper] SKIP MASK: 0x0
[0m[1;34m	threadid 47967651677952 -> core 1 - OK[0m[1;34m
[0miterations: 120
Total iterations: 1074247680 LUP
FLOP: 89
Total work: 95608043520 FLOP
performance: 0.151387 GLUP/s
Performance in GFLOP/s: 13.473429
size: 9000000
time: 7.096044
[1;34m[pthread wrapper] 
[0m[1;34m[pthread wrapper] MAIN -> 0
[0m[1;34m[pthread wrapper] PIN_MASK: [0m[1;34m0->1  [0m[1;34m
[pthread wrapper] SKIP MASK: 0x0
[0m[1;34m	threadid 47388283741952 -> core 1 - OK[0m[1;34m
[0miterations: 120
Total iterations: 1074247680 LUP
FLOP: 89
Total work: 95608043520 FLOP
performance: 0.151221 GLUP/s
Performance in GFLOP/s: 13.458652
size: 9000000
time: 7.103835
[1;34m[pthread wrapper] 
[0m[1;34m[pthread wrapper] MAIN -> 0
[0m[1;34m[pthread wrapper] PIN_MASK: [0m[1;34m0->1  [0m[1;34m
[pthread wrapper] SKIP MASK: 0x0
[0m[1;34m	threadid 47674960316160 -> core 1 - OK[0m[1;34m
[0miterations: 120
Total iterations: 1074247680 LUP
FLOP: 89
Total work: 95608043520 FLOP
performance: 0.151263 GLUP/s
Performance in GFLOP/s: 13.462427
size: 9000000
time: 7.101843
