[1;34m[pthread wrapper] 
[0m[1;34m[pthread wrapper] MAIN -> 0
[0m[1;34m[pthread wrapper] PIN_MASK: [0m[1;34m0->1  [0m[1;34m1->2  [0m[1;34m2->3  [0m[1;34m3->4  [0m[1;34m4->5  [0m[1;34m5->6  [0m[1;34m6->7  [0m[1;34m7->10  [0m[1;34m8->11  [0m[1;34m9->12  [0m[1;34m10->13  [0m[1;34m11->14  [0m[1;34m12->15  [0m[1;34m13->16  [0m[1;34m14->17  [0m[1;34m
[pthread wrapper] SKIP MASK: 0x0
[0m[1;34m	threadid 47863926605568 -> core 1 - OK[0m[1;34m
[0m[1;34m	threadid 47863928706816 -> core 2 - OK[0m[1;34m
[0m[1;34m	threadid 47863930808064 -> core 3 - OK[0m[1;34m
[0m[1;34m	threadid 47863932909312 -> core 4 - OK[0m[1;34m
[0m[1;34m	threadid 47863935010560 -> core 5 - OK[0m[1;34m
[0m[1;34m	threadid 47863937111808 -> core 6 - OK[0m[1;34m
[0m[1;34m	threadid 47863939213056 -> core 7 - OK[0m[1;34m
[0m[1;34m	threadid 47863941314304 -> core 10 - OK[0m[1;34m
[0m[1;34m	threadid 47863943415552 -> core 11 - OK[0m[1;34m
[0m[1;34m	threadid 47863945516800 -> core 12 - OK[0m[1;34m
[0m[1;34m	threadid 47863947618048 -> core 13 - OK[0m[1;34m
[0m[1;34m	threadid 47863949719296 -> core 14 - OK[0m[1;34m
[0m[1;34m	threadid 47863951820544 -> core 15 - OK[0m[1;34m
[0m[1;34m	threadid 47863953921792 -> core 16 - OK[0m[1;34m
[0m[1;34m	threadid 47863956023040 -> core 17 - OK[0m[1;34m
[0miterations: 200
Total iterations: 48412800 LUP
FLOP: 89
Total work: 4308739200 FLOP
performance: 1.019649 GLUP/s
Performance in GFLOP/s: 90.748761
size: 250000
time: 0.047480
[1;34m[pthread wrapper] 
[0m[1;34m[pthread wrapper] MAIN -> 0
[0m[1;34m[pthread wrapper] PIN_MASK: [0m[1;34m0->1  [0m[1;34m1->2  [0m[1;34m2->3  [0m[1;34m3->4  [0m[1;34m4->5  [0m[1;34m5->6  [0m[1;34m6->7  [0m[1;34m7->10  [0m[1;34m8->11  [0m[1;34m9->12  [0m[1;34m10->13  [0m[1;34m11->14  [0m[1;34m12->15  [0m[1;34m13->16  [0m[1;34m14->17  [0m[1;34m
[pthread wrapper] SKIP MASK: 0x0
[0m[1;34m	threadid 46913188685568 -> core 1 - OK[0m[1;34m
[0m[1;34m	threadid 46913190786816 -> core 2 - OK[0m[1;34m
[0m[1;34m	threadid 46913192888064 -> core 3 - OK[0m[1;34m
[0m[1;34m	threadid 46913194989312 -> core 4 - OK[0m[1;34m
[0m[1;34m	threadid 46913197090560 -> core 5 - OK[0m[1;34m
[0m[1;34m	threadid 46913199191808 -> core 6 - OK[0m[1;34m
[0m[1;34m	threadid 46913201293056 -> core 7 - OK[0m[1;34m
[0m[1;34m	threadid 46913203394304 -> core 10 - OK[0m[1;34m
[0m[1;34m	threadid 46913205495552 -> core 11 - OK[0m[1;34m
[0m[1;34m	threadid 46913207596800 -> core 12 - OK[0m[1;34m
[0m[1;34m	threadid 46913209698048 -> core 13 - OK[0m[1;34m
[0m[1;34m	threadid 46913211799296 -> core 14 - OK[0m[1;34m
[0m[1;34m	threadid 46913213900544 -> core 15 - OK[0m[1;34m
[0m[1;34m	threadid 46913216001792 -> core 16 - OK[0m[1;34m
[0m[1;34m	threadid 46913218103040 -> core 17 - OK[0m[1;34m
[0miterations: 200
Total iterations: 48412800 LUP
FLOP: 89
Total work: 4308739200 FLOP
performance: 1.017676 GLUP/s
Performance in GFLOP/s: 90.573204
size: 250000
time: 0.047572
[1;34m[pthread wrapper] 
[0m[1;34m[pthread wrapper] MAIN -> 0
[0m[1;34m[pthread wrapper] PIN_MASK: [0m[1;34m0->1  [0m[1;34m1->2  [0m[1;34m2->3  [0m[1;34m3->4  [0m[1;34m4->5  [0m[1;34m5->6  [0m[1;34m6->7  [0m[1;34m7->10  [0m[1;34m8->11  [0m[1;34m9->12  [0m[1;34m10->13  [0m[1;34m11->14  [0m[1;34m12->15  [0m[1;34m13->16  [0m[1;34m14->17  [0m[1;34m
[pthread wrapper] SKIP MASK: 0x0
[0m[1;34m	threadid 47751828133632 -> core 1 - OK[0m[1;34m
[0m[1;34m	threadid 47751830234880 -> core 2 - OK[0m[1;34m
[0m[1;34m	threadid 47751832336128 -> core 3 - OK[0m[1;34m
[0m[1;34m	threadid 47751834437376 -> core 4 - OK[0m[1;34m
[0m[1;34m	threadid 47751836538624 -> core 5 - OK[0m[1;34m
[0m[1;34m	threadid 47751838639872 -> core 6 - OK[0m[1;34m
[0m[1;34m	threadid 47751840741120 -> core 7 - OK[0m[1;34m
[0m[1;34m	threadid 47751842842368 -> core 10 - OK[0m[1;34m
[0m[1;34m	threadid 47751844943616 -> core 11 - OK[0m[1;34m
[0m[1;34m	threadid 47751847044864 -> core 12 - OK[0m[1;34m
[0m[1;34m	threadid 47751849146112 -> core 13 - OK[0m[1;34m
[0m[1;34m	threadid 47751851247360 -> core 14 - OK[0m[1;34m
[0m[1;34m	threadid 47751853348608 -> core 15 - OK[0m[1;34m
[0m[1;34m	threadid 47751855449856 -> core 16 - OK[0m[1;34m
[0m[1;34m	threadid 47751857551104 -> core 17 - OK[0m[1;34m
[0miterations: 200
Total iterations: 48412800 LUP
FLOP: 89
Total work: 4308739200 FLOP
performance: 1.019091 GLUP/s
Performance in GFLOP/s: 90.699118
size: 250000
time: 0.047506
[1;34m[pthread wrapper] 
[0m[1;34m[pthread wrapper] MAIN -> 0
[0m[1;34m[pthread wrapper] PIN_MASK: [0m[1;34m0->1  [0m[1;34m1->2  [0m[1;34m2->3  [0m[1;34m3->4  [0m[1;34m4->5  [0m[1;34m5->6  [0m[1;34m6->7  [0m[1;34m7->10  [0m[1;34m8->11  [0m[1;34m9->12  [0m[1;34m10->13  [0m[1;34m11->14  [0m[1;34m12->15  [0m[1;34m13->16  [0m[1;34m14->17  [0m[1;34m
[pthread wrapper] SKIP MASK: 0x0
[0m[1;34m	threadid 47607433471744 -> core 1 - OK[0m[1;34m
[0m[1;34m	threadid 47607435572992 -> core 2 - OK[0m[1;34m
[0m[1;34m	threadid 47607437674240 -> core 3 - OK[0m[1;34m
[0m[1;34m	threadid 47607439775488 -> core 4 - OK[0m[1;34m
[0m[1;34m	threadid 47607441876736 -> core 5 - OK[0m[1;34m
[0m[1;34m	threadid 47607443977984 -> core 6 - OK[0m[1;34m
[0m[1;34m	threadid 47607446079232 -> core 7 - OK[0m[1;34m
[0m[1;34m	threadid 47607448180480 -> core 10 - OK[0m[1;34m
[0m[1;34m	threadid 47607450281728 -> core 11 - OK[0m[1;34m
[0m[1;34m	threadid 47607452382976 -> core 12 - OK[0m[1;34m
[0m[1;34m	threadid 47607454484224 -> core 13 - OK[0m[1;34m
[0m[1;34m	threadid 47607456585472 -> core 14 - OK[0m[1;34m
[0m[1;34m	threadid 47607458686720 -> core 15 - OK[0m[1;34m
[0m[1;34m	threadid 47607460787968 -> core 16 - OK[0m[1;34m
[0m[1;34m	threadid 47607462889216 -> core 17 - OK[0m[1;34m
[0miterations: 200
Total iterations: 48412800 LUP
FLOP: 89
Total work: 4308739200 FLOP
performance: 1.018406 GLUP/s
Performance in GFLOP/s: 90.638163
size: 250000
time: 0.047538
[1;34m[pthread wrapper] 
[0m[1;34m[pthread wrapper] MAIN -> 0
[0m[1;34m[pthread wrapper] PIN_MASK: [0m[1;34m0->1  [0m[1;34m1->2  [0m[1;34m2->3  [0m[1;34m3->4  [0m[1;34m4->5  [0m[1;34m5->6  [0m[1;34m6->7  [0m[1;34m7->10  [0m[1;34m8->11  [0m[1;34m9->12  [0m[1;34m10->13  [0m[1;34m11->14  [0m[1;34m12->15  [0m[1;34m13->16  [0m[1;34m14->17  [0m[1;34m
[pthread wrapper] SKIP MASK: 0x0
[0m[1;34m	threadid 47559033784064 -> core 1 - OK[0m[1;34m
[0m[1;34m	threadid 47559035885312 -> core 2 - OK[0m[1;34m
[0m[1;34m	threadid 47559037986560 -> core 3 - OK[0m[1;34m
[0m[1;34m	threadid 47559040087808 -> core 4 - OK[0m[1;34m
[0m[1;34m	threadid 47559042189056 -> core 5 - OK[0m[1;34m
[0m[1;34m	threadid 47559044290304 -> core 6 - OK[0m[1;34m
[0m[1;34m	threadid 47559046391552 -> core 7 - OK[0m[1;34m
[0m[1;34m	threadid 47559048492800 -> core 10 - OK[0m[1;34m
[0m[1;34m	threadid 47559050594048 -> core 11 - OK[0m[1;34m
[0m[1;34m	threadid 47559052695296 -> core 12 - OK[0m[1;34m
[0m[1;34m	threadid 47559054796544 -> core 13 - OK[0m[1;34m
[0m[1;34m	threadid 47559056897792 -> core 14 - OK[0m[1;34m
[0m[1;34m	threadid 47559058999040 -> core 15 - OK[0m[1;34m
[0m[1;34m	threadid 47559061100288 -> core 16 - OK[0m[1;34m
[0m[1;34m	threadid 47559063201536 -> core 17 - OK[0m[1;34m
[0miterations: 200
Total iterations: 48412800 LUP
FLOP: 89
Total work: 4308739200 FLOP
performance: 1.018360 GLUP/s
Performance in GFLOP/s: 90.634072
size: 250000
time: 0.047540
[1;34m[pthread wrapper] 
[0m[1;34m[pthread wrapper] MAIN -> 0
[0m[1;34m[pthread wrapper] PIN_MASK: [0m[1;34m0->1  [0m[1;34m1->2  [0m[1;34m2->3  [0m[1;34m3->4  [0m[1;34m4->5  [0m[1;34m5->6  [0m[1;34m6->7  [0m[1;34m7->10  [0m[1;34m8->11  [0m[1;34m9->12  [0m[1;34m10->13  [0m[1;34m11->14  [0m[1;34m12->15  [0m[1;34m13->16  [0m[1;34m14->17  [0m[1;34m
[pthread wrapper] SKIP MASK: 0x0
[0m[1;34m	threadid 47101691983616 -> core 1 - OK[0m[1;34m
[0m[1;34m	threadid 47101694084864 -> core 2 - OK[0m[1;34m
[0m[1;34m	threadid 47101696186112 -> core 3 - OK[0m[1;34m
[0m[1;34m	threadid 47101698287360 -> core 4 - OK[0m[1;34m
[0m[1;34m	threadid 47101700388608 -> core 5 - OK[0m[1;34m
[0m[1;34m	threadid 47101702489856 -> core 6 - OK[0m[1;34m
[0m[1;34m	threadid 47101704591104 -> core 7 - OK[0m[1;34m
[0m[1;34m	threadid 47101706692352 -> core 10 - OK[0m[1;34m
[0m[1;34m	threadid 47101708793600 -> core 11 - OK[0m[1;34m
[0m[1;34m	threadid 47101710894848 -> core 12 - OK[0m[1;34m
[0m[1;34m	threadid 47101712996096 -> core 13 - OK[0m[1;34m
[0m[1;34m	threadid 47101715097344 -> core 14 - OK[0m[1;34m
[0m[1;34m	threadid 47101717198592 -> core 15 - OK[0m[1;34m
[0m[1;34m	threadid 47101719299840 -> core 16 - OK[0m[1;34m
[0m[1;34m	threadid 47101721401088 -> core 17 - OK[0m[1;34m
[0miterations: 200
Total iterations: 48412800 LUP
FLOP: 89
Total work: 4308739200 FLOP
performance: 1.018080 GLUP/s
Performance in GFLOP/s: 90.609079
size: 250000
time: 0.047553
[1;34m[pthread wrapper] 
[0m[1;34m[pthread wrapper] MAIN -> 0
[0m[1;34m[pthread wrapper] PIN_MASK: [0m[1;34m0->1  [0m[1;34m1->2  [0m[1;34m2->3  [0m[1;34m3->4  [0m[1;34m4->5  [0m[1;34m5->6  [0m[1;34m6->7  [0m[1;34m7->10  [0m[1;34m8->11  [0m[1;34m9->12  [0m[1;34m10->13  [0m[1;34m11->14  [0m[1;34m12->15  [0m[1;34m13->16  [0m[1;34m14->17  [0m[1;34m
[pthread wrapper] SKIP MASK: 0x0
[0m[1;34m	threadid 47050338129664 -> core 1 - OK[0m[1;34m
[0m[1;34m	threadid 47050340230912 -> core 2 - OK[0m[1;34m
[0m[1;34m	threadid 47050342332160 -> core 3 - OK[0m[1;34m
[0m[1;34m	threadid 47050344433408 -> core 4 - OK[0m[1;34m
[0m[1;34m	threadid 47050346534656 -> core 5 - OK[0m[1;34m
[0m[1;34m	threadid 47050348635904 -> core 6 - OK[0m[1;34m
[0m[1;34m	threadid 47050350737152 -> core 7 - OK[0m[1;34m
[0m[1;34m	threadid 47050352838400 -> core 10 - OK[0m[1;34m
[0m[1;34m	threadid 47050354939648 -> core 11 - OK[0m[1;34m
[0m[1;34m	threadid 47050357040896 -> core 12 - OK[0m[1;34m
[0m[1;34m	threadid 47050359142144 -> core 13 - OK[0m[1;34m
[0m[1;34m	threadid 47050361243392 -> core 14 - OK[0m[1;34m
[0m[1;34m	threadid 47050363344640 -> core 15 - OK[0m[1;34m
[0m[1;34m	threadid 47050365445888 -> core 16 - OK[0m[1;34m
[0m[1;34m	threadid 47050367547136 -> core 17 - OK[0m[1;34m
[0miterations: 200
Total iterations: 48412800 LUP
FLOP: 89
Total work: 4308739200 FLOP
performance: 1.017228 GLUP/s
Performance in GFLOP/s: 90.533276
size: 250000
time: 0.047593
[1;34m[pthread wrapper] 
[0m[1;34m[pthread wrapper] MAIN -> 0
[0m[1;34m[pthread wrapper] PIN_MASK: [0m[1;34m0->1  [0m[1;34m1->2  [0m[1;34m2->3  [0m[1;34m3->4  [0m[1;34m4->5  [0m[1;34m5->6  [0m[1;34m6->7  [0m[1;34m7->10  [0m[1;34m8->11  [0m[1;34m9->12  [0m[1;34m10->13  [0m[1;34m11->14  [0m[1;34m12->15  [0m[1;34m13->16  [0m[1;34m14->17  [0m[1;34m
[pthread wrapper] SKIP MASK: 0x0
[0m[1;34m	threadid 47140835084032 -> core 1 - OK[0m[1;34m
[0m[1;34m	threadid 47140837185280 -> core 2 - OK[0m[1;34m
[0m[1;34m	threadid 47140839286528 -> core 3 - OK[0m[1;34m
[0m[1;34m	threadid 47140841387776 -> core 4 - OK[0m[1;34m
[0m[1;34m	threadid 47140843489024 -> core 5 - OK[0m[1;34m
[0m[1;34m	threadid 47140845590272 -> core 6 - OK[0m[1;34m
[0m[1;34m	threadid 47140847691520 -> core 7 - OK[0m[1;34m
[0m[1;34m	threadid 47140849792768 -> core 10 - OK[0m[1;34m
[0m[1;34m	threadid 47140851894016 -> core 11 - OK[0m[1;34m
[0m[1;34m	threadid 47140853995264 -> core 12 - OK[0m[1;34m
[0m[1;34m	threadid 47140856096512 -> core 13 - OK[0m[1;34m
[0m[1;34m	threadid 47140858197760 -> core 14 - OK[0m[1;34m
[0m[1;34m	threadid 47140860299008 -> core 15 - OK[0m[1;34m
[0m[1;34m	threadid 47140862400256 -> core 16 - OK[0m[1;34m
[0m[1;34m	threadid 47140864501504 -> core 17 - OK[0m[1;34m
[0miterations: 200
Total iterations: 48412800 LUP
FLOP: 89
Total work: 4308739200 FLOP
performance: 1.019071 GLUP/s
Performance in GFLOP/s: 90.697297
size: 250000
time: 0.047507
[1;34m[pthread wrapper] 
[0m[1;34m[pthread wrapper] MAIN -> 0
[0m[1;34m[pthread wrapper] PIN_MASK: [0m[1;34m0->1  [0m[1;34m1->2  [0m[1;34m2->3  [0m[1;34m3->4  [0m[1;34m4->5  [0m[1;34m5->6  [0m[1;34m6->7  [0m[1;34m7->10  [0m[1;34m8->11  [0m[1;34m9->12  [0m[1;34m10->13  [0m[1;34m11->14  [0m[1;34m12->15  [0m[1;34m13->16  [0m[1;34m14->17  [0m[1;34m
[pthread wrapper] SKIP MASK: 0x0
[0m[1;34m	threadid 47520173119232 -> core 1 - OK[0m[1;34m
[0m[1;34m	threadid 47520175220480 -> core 2 - OK[0m[1;34m
[0m[1;34m	threadid 47520177321728 -> core 3 - OK[0m[1;34m
[0m[1;34m	threadid 47520179422976 -> core 4 - OK[0m[1;34m
[0m[1;34m	threadid 47520181524224 -> core 5 - OK[0m[1;34m
[0m[1;34m	threadid 47520183625472 -> core 6 - OK[0m[1;34m
[0m[1;34m	threadid 47520185726720 -> core 7 - OK[0m[1;34m
[0m[1;34m	threadid 47520187827968 -> core 10 - OK[0m[1;34m
[0m[1;34m	threadid 47520189929216 -> core 11 - OK[0m[1;34m
[0m[1;34m	threadid 47520192030464 -> core 12 - OK[0m[1;34m
[0m[1;34m	threadid 47520194131712 -> core 13 - OK[0m[1;34m
[0m[1;34m	threadid 47520196232960 -> core 14 - OK[0m[1;34m
[0m[1;34m	threadid 47520198334208 -> core 15 - OK[0m[1;34m
[0m[1;34m	threadid 47520200435456 -> core 16 - OK[0m[1;34m
[0m[1;34m	threadid 47520202536704 -> core 17 - OK[0m[1;34m
[0miterations: 200
Total iterations: 48412800 LUP
FLOP: 89
Total work: 4308739200 FLOP
performance: 1.017697 GLUP/s
Performance in GFLOP/s: 90.575020
size: 250000
time: 0.047571
[1;34m[pthread wrapper] 
[0m[1;34m[pthread wrapper] MAIN -> 0
[0m[1;34m[pthread wrapper] PIN_MASK: [0m[1;34m0->1  [0m[1;34m1->2  [0m[1;34m2->3  [0m[1;34m3->4  [0m[1;34m4->5  [0m[1;34m5->6  [0m[1;34m6->7  [0m[1;34m7->10  [0m[1;34m8->11  [0m[1;34m9->12  [0m[1;34m10->13  [0m[1;34m11->14  [0m[1;34m12->15  [0m[1;34m13->16  [0m[1;34m14->17  [0m[1;34m
[pthread wrapper] SKIP MASK: 0x0
[0m[1;34m	threadid 46993779328768 -> core 1 - OK[0m[1;34m
[0m[1;34m	threadid 46993781430016 -> core 2 - OK[0m[1;34m
[0m[1;34m	threadid 46993783531264 -> core 3 - OK[0m[1;34m
[0m[1;34m	threadid 46993785632512 -> core 4 - OK[0m[1;34m
[0m[1;34m	threadid 46993787733760 -> core 5 - OK[0m[1;34m
[0m[1;34m	threadid 46993789835008 -> core 6 - OK[0m[1;34m
[0m[1;34m	threadid 46993791936256 -> core 7 - OK[0m[1;34m
[0m[1;34m	threadid 46993794037504 -> core 10 - OK[0m[1;34m
[0m[1;34m	threadid 46993796138752 -> core 11 - OK[0m[1;34m
[0m[1;34m	threadid 46993798240000 -> core 12 - OK[0m[1;34m
[0m[1;34m	threadid 46993800341248 -> core 13 - OK[0m[1;34m
[0m[1;34m	threadid 46993802442496 -> core 14 - OK[0m[1;34m
[0m[1;34m	threadid 46993804543744 -> core 15 - OK[0m[1;34m
[0m[1;34m	threadid 46993806644992 -> core 16 - OK[0m[1;34m
[0m[1;34m	threadid 46993808746240 -> core 17 - OK[0m[1;34m
[0miterations: 200
Total iterations: 48412800 LUP
FLOP: 89
Total work: 4308739200 FLOP
performance: 1.017610 GLUP/s
Performance in GFLOP/s: 90.567304
size: 250000
time: 0.047575
