[1;34m[pthread wrapper] 
[0m[1;34m[pthread wrapper] MAIN -> 0
[0m[1;34m[pthread wrapper] PIN_MASK: [0m[1;34m0->1  [0m[1;34m1->2  [0m[1;34m2->3  [0m[1;34m3->4  [0m[1;34m4->5  [0m[1;34m5->6  [0m[1;34m6->7  [0m[1;34m7->8  [0m[1;34m8->9  [0m[1;34m
[pthread wrapper] SKIP MASK: 0x0
[0m[1;34m	threadid 47386248525568 -> core 1 - OK[0m[1;34m
[0m[1;34m	threadid 47386250626816 -> core 2 - OK[0m[1;34m
[0m[1;34m	threadid 47386252728064 -> core 3 - OK[0m[1;34m
[0m[1;34m	threadid 47386254829312 -> core 4 - OK[0m[1;34m
[0m[1;34m	threadid 47386256930560 -> core 5 - OK[0m[1;34m
[0m[1;34m	threadid 47386259031808 -> core 6 - OK[0m[1;34m
[0m[1;34m	threadid 47386261133056 -> core 7 - OK[0m[1;34m
[0m[1;34m	threadid 47386263234304 -> core 8 - OK[0m[1;34m
[0m[1;34m	threadid 47386265335552 -> core 9 - OK[0m[1;34m
[0miterations: 120
Total iterations: 1074247680 LUP
FLOP: 89
Total work: 95608043520 FLOP
performance: 0.749961 GLUP/s
Performance in GFLOP/s: 66.746516
size: 9000000
time: 1.432405
[1;34m[pthread wrapper] 
[0m[1;34m[pthread wrapper] MAIN -> 0
[0m[1;34m[pthread wrapper] PIN_MASK: [0m[1;34m0->1  [0m[1;34m1->2  [0m[1;34m2->3  [0m[1;34m3->4  [0m[1;34m4->5  [0m[1;34m5->6  [0m[1;34m6->7  [0m[1;34m7->8  [0m[1;34m8->9  [0m[1;34m
[pthread wrapper] SKIP MASK: 0x0
[0m[1;34m	threadid 47608112891648 -> core 1 - OK[0m[1;34m
[0m[1;34m	threadid 47608114992896 -> core 2 - OK[0m[1;34m
[0m[1;34m	threadid 47608117094144 -> core 3 - OK[0m[1;34m
[0m[1;34m	threadid 47608119195392 -> core 4 - OK[0m[1;34m
[0m[1;34m	threadid 47608121296640 -> core 5 - OK[0m[1;34m
[0m[1;34m	threadid 47608123397888 -> core 6 - OK[0m[1;34m
[0m[1;34m	threadid 47608125499136 -> core 7 - OK[0m[1;34m
[0m[1;34m	threadid 47608127600384 -> core 8 - OK[0m[1;34m
[0m[1;34m	threadid 47608129701632 -> core 9 - OK[0m[1;34m
[0miterations: 120
Total iterations: 1074247680 LUP
FLOP: 89
Total work: 95608043520 FLOP
performance: 0.750028 GLUP/s
Performance in GFLOP/s: 66.752527
size: 9000000
time: 1.432276
[1;34m[pthread wrapper] 
[0m[1;34m[pthread wrapper] MAIN -> 0
[0m[1;34m[pthread wrapper] PIN_MASK: [0m[1;34m0->1  [0m[1;34m1->2  [0m[1;34m2->3  [0m[1;34m3->4  [0m[1;34m4->5  [0m[1;34m5->6  [0m[1;34m6->7  [0m[1;34m7->8  [0m[1;34m8->9  [0m[1;34m
[pthread wrapper] SKIP MASK: 0x0
[0m[1;34m	threadid 47574545561344 -> core 1 - OK[0m[1;34m
[0m[1;34m	threadid 47574547662592 -> core 2 - OK[0m[1;34m
[0m[1;34m	threadid 47574549763840 -> core 3 - OK[0m[1;34m
[0m[1;34m	threadid 47574551865088 -> core 4 - OK[0m[1;34m
[0m[1;34m	threadid 47574553966336 -> core 5 - OK[0m[1;34m
[0m[1;34m	threadid 47574556067584 -> core 6 - OK[0m[1;34m
[0m[1;34m	threadid 47574558168832 -> core 7 - OK[0m[1;34m
[0m[1;34m	threadid 47574560270080 -> core 8 - OK[0m[1;34m
[0m[1;34m	threadid 47574562371328 -> core 9 - OK[0m[1;34m
[0miterations: 120
Total iterations: 1074247680 LUP
FLOP: 89
Total work: 95608043520 FLOP
performance: 0.749833 GLUP/s
Performance in GFLOP/s: 66.735153
size: 9000000
time: 1.432649
[1;34m[pthread wrapper] 
[0m[1;34m[pthread wrapper] MAIN -> 0
[0m[1;34m[pthread wrapper] PIN_MASK: [0m[1;34m0->1  [0m[1;34m1->2  [0m[1;34m2->3  [0m[1;34m3->4  [0m[1;34m4->5  [0m[1;34m5->6  [0m[1;34m6->7  [0m[1;34m7->8  [0m[1;34m8->9  [0m[1;34m
[pthread wrapper] SKIP MASK: 0x0
[0m[1;34m	threadid 47722335827712 -> core 1 - OK[0m[1;34m
[0m[1;34m	threadid 47722337928960 -> core 2 - OK[0m[1;34m
[0m[1;34m	threadid 47722340030208 -> core 3 - OK[0m[1;34m
[0m[1;34m	threadid 47722342131456 -> core 4 - OK[0m[1;34m
[0m[1;34m	threadid 47722344232704 -> core 5 - OK[0m[1;34m
[0m[1;34m	threadid 47722346333952 -> core 6 - OK[0m[1;34m
[0m[1;34m	threadid 47722348435200 -> core 7 - OK[0m[1;34m
[0m[1;34m	threadid 47722350536448 -> core 8 - OK[0m[1;34m
[0m[1;34m	threadid 47722352637696 -> core 9 - OK[0m[1;34m
[0miterations: 120
Total iterations: 1074247680 LUP
FLOP: 89
Total work: 95608043520 FLOP
performance: 0.749610 GLUP/s
Performance in GFLOP/s: 66.715268
size: 9000000
time: 1.433076
[1;34m[pthread wrapper] 
[0m[1;34m[pthread wrapper] MAIN -> 0
[0m[1;34m[pthread wrapper] PIN_MASK: [0m[1;34m0->1  [0m[1;34m1->2  [0m[1;34m2->3  [0m[1;34m3->4  [0m[1;34m4->5  [0m[1;34m5->6  [0m[1;34m6->7  [0m[1;34m7->8  [0m[1;34m8->9  [0m[1;34m
[pthread wrapper] SKIP MASK: 0x0
[0m[1;34m	threadid 47493628028672 -> core 1 - OK[0m[1;34m
[0m[1;34m	threadid 47493630129920 -> core 2 - OK[0m[1;34m
[0m[1;34m	threadid 47493632231168 -> core 3 - OK[0m[1;34m
[0m[1;34m	threadid 47493634332416 -> core 4 - OK[0m[1;34m
[0m[1;34m	threadid 47493636433664 -> core 5 - OK[0m[1;34m
[0m[1;34m	threadid 47493638534912 -> core 6 - OK[0m[1;34m
[0m[1;34m	threadid 47493640636160 -> core 7 - OK[0m[1;34m
[0m[1;34m	threadid 47493642737408 -> core 8 - OK[0m[1;34m
[0m[1;34m	threadid 47493644838656 -> core 9 - OK[0m[1;34m
[0miterations: 120
Total iterations: 1074247680 LUP
FLOP: 89
Total work: 95608043520 FLOP
performance: 0.749516 GLUP/s
Performance in GFLOP/s: 66.706934
size: 9000000
time: 1.433255
[1;34m[pthread wrapper] 
[0m[1;34m[pthread wrapper] MAIN -> 0
[0m[1;34m[pthread wrapper] PIN_MASK: [0m[1;34m0->1  [0m[1;34m1->2  [0m[1;34m2->3  [0m[1;34m3->4  [0m[1;34m4->5  [0m[1;34m5->6  [0m[1;34m6->7  [0m[1;34m7->8  [0m[1;34m8->9  [0m[1;34m
[pthread wrapper] SKIP MASK: 0x0
[0m[1;34m	threadid 47765604468480 -> core 1 - OK[0m[1;34m
[0m[1;34m	threadid 47765606569728 -> core 2 - OK[0m[1;34m
[0m[1;34m	threadid 47765608670976 -> core 3 - OK[0m[1;34m
[0m[1;34m	threadid 47765610772224 -> core 4 - OK[0m[1;34m
[0m[1;34m	threadid 47765612873472 -> core 5 - OK[0m[1;34m
[0m[1;34m	threadid 47765614974720 -> core 6 - OK[0m[1;34m
[0m[1;34m	threadid 47765617075968 -> core 7 - OK[0m[1;34m
[0m[1;34m	threadid 47765619177216 -> core 8 - OK[0m[1;34m
[0m[1;34m	threadid 47765621278464 -> core 9 - OK[0m[1;34m
[0miterations: 120
Total iterations: 1074247680 LUP
FLOP: 89
Total work: 95608043520 FLOP
performance: 0.749739 GLUP/s
Performance in GFLOP/s: 66.726758
size: 9000000
time: 1.432829
[1;34m[pthread wrapper] 
[0m[1;34m[pthread wrapper] MAIN -> 0
[0m[1;34m[pthread wrapper] PIN_MASK: [0m[1;34m0->1  [0m[1;34m1->2  [0m[1;34m2->3  [0m[1;34m3->4  [0m[1;34m4->5  [0m[1;34m5->6  [0m[1;34m6->7  [0m[1;34m7->8  [0m[1;34m8->9  [0m[1;34m
[pthread wrapper] SKIP MASK: 0x0
[0m[1;34m	threadid 47891499316992 -> core 1 - OK[0m[1;34m
[0m[1;34m	threadid 47891501418240 -> core 2 - OK[0m[1;34m
[0m[1;34m	threadid 47891503519488 -> core 3 - OK[0m[1;34m
[0m[1;34m	threadid 47891505620736 -> core 4 - OK[0m[1;34m
[0m[1;34m	threadid 47891507721984 -> core 5 - OK[0m[1;34m
[0m[1;34m	threadid 47891509823232 -> core 6 - OK[0m[1;34m
[0m[1;34m	threadid 47891511924480 -> core 7 - OK[0m[1;34m
[0m[1;34m	threadid 47891514025728 -> core 8 - OK[0m[1;34m
[0m[1;34m	threadid 47891516126976 -> core 9 - OK[0m[1;34m
[0miterations: 120
Total iterations: 1074247680 LUP
FLOP: 89
Total work: 95608043520 FLOP
performance: 0.749538 GLUP/s
Performance in GFLOP/s: 66.708887
size: 9000000
time: 1.433213
[1;34m[pthread wrapper] 
[0m[1;34m[pthread wrapper] MAIN -> 0
[0m[1;34m[pthread wrapper] PIN_MASK: [0m[1;34m0->1  [0m[1;34m1->2  [0m[1;34m2->3  [0m[1;34m3->4  [0m[1;34m4->5  [0m[1;34m5->6  [0m[1;34m6->7  [0m[1;34m7->8  [0m[1;34m8->9  [0m[1;34m
[pthread wrapper] SKIP MASK: 0x0
[0m[1;34m	threadid 47585341892352 -> core 1 - OK[0m[1;34m
[0m[1;34m	threadid 47585343993600 -> core 2 - OK[0m[1;34m
[0m[1;34m	threadid 47585346094848 -> core 3 - OK[0m[1;34m
[0m[1;34m	threadid 47585348196096 -> core 4 - OK[0m[1;34m
[0m[1;34m	threadid 47585350297344 -> core 5 - OK[0m[1;34m
[0m[1;34m	threadid 47585352398592 -> core 6 - OK[0m[1;34m
[0m[1;34m	threadid 47585354499840 -> core 7 - OK[0m[1;34m
[0m[1;34m	threadid 47585356601088 -> core 8 - OK[0m[1;34m
[0m[1;34m	threadid 47585358702336 -> core 9 - OK[0m[1;34m
[0miterations: 120
Total iterations: 1074247680 LUP
FLOP: 89
Total work: 95608043520 FLOP
performance: 0.749963 GLUP/s
Performance in GFLOP/s: 66.746694
size: 9000000
time: 1.432401
[1;34m[pthread wrapper] 
[0m[1;34m[pthread wrapper] MAIN -> 0
[0m[1;34m[pthread wrapper] PIN_MASK: [0m[1;34m0->1  [0m[1;34m1->2  [0m[1;34m2->3  [0m[1;34m3->4  [0m[1;34m4->5  [0m[1;34m5->6  [0m[1;34m6->7  [0m[1;34m7->8  [0m[1;34m8->9  [0m[1;34m
[pthread wrapper] SKIP MASK: 0x0
[0m[1;34m	threadid 47214193673984 -> core 1 - OK[0m[1;34m
[0m[1;34m	threadid 47214195775232 -> core 2 - OK[0m[1;34m
[0m[1;34m	threadid 47214197876480 -> core 3 - OK[0m[1;34m
[0m[1;34m	threadid 47214199977728 -> core 4 - OK[0m[1;34m
[0m[1;34m	threadid 47214202078976 -> core 5 - OK[0m[1;34m
[0m[1;34m	threadid 47214204180224 -> core 6 - OK[0m[1;34m
[0m[1;34m	threadid 47214206281472 -> core 7 - OK[0m[1;34m
[0m[1;34m	threadid 47214208382720 -> core 8 - OK[0m[1;34m
[0m[1;34m	threadid 47214210483968 -> core 9 - OK[0m[1;34m
[0miterations: 120
Total iterations: 1074247680 LUP
FLOP: 89
Total work: 95608043520 FLOP
performance: 0.749864 GLUP/s
Performance in GFLOP/s: 66.737852
size: 9000000
time: 1.432591
[1;34m[pthread wrapper] 
[0m[1;34m[pthread wrapper] MAIN -> 0
[0m[1;34m[pthread wrapper] PIN_MASK: [0m[1;34m0->1  [0m[1;34m1->2  [0m[1;34m2->3  [0m[1;34m3->4  [0m[1;34m4->5  [0m[1;34m5->6  [0m[1;34m6->7  [0m[1;34m7->8  [0m[1;34m8->9  [0m[1;34m
[pthread wrapper] SKIP MASK: 0x0
[0m[1;34m	threadid 47536941659904 -> core 1 - OK[0m[1;34m
[0m[1;34m	threadid 47536943761152 -> core 2 - OK[0m[1;34m
[0m[1;34m	threadid 47536945862400 -> core 3 - OK[0m[1;34m
[0m[1;34m	threadid 47536947963648 -> core 4 - OK[0m[1;34m
[0m[1;34m	threadid 47536950064896 -> core 5 - OK[0m[1;34m
[0m[1;34m	threadid 47536952166144 -> core 6 - OK[0m[1;34m
[0m[1;34m	threadid 47536954267392 -> core 7 - OK[0m[1;34m
[0m[1;34m	threadid 47536956368640 -> core 8 - OK[0m[1;34m
[0m[1;34m	threadid 47536958469888 -> core 9 - OK[0m[1;34m
[0miterations: 120
Total iterations: 1074247680 LUP
FLOP: 89
Total work: 95608043520 FLOP
performance: 0.749945 GLUP/s
Performance in GFLOP/s: 66.745072
size: 9000000
time: 1.432436
