[1;34m[pthread wrapper] 
[0m[1;34m[pthread wrapper] MAIN -> 0
[0m[1;34m[pthread wrapper] PIN_MASK: [0m[1;34m0->1  [0m[1;34m1->2  [0m[1;34m2->3  [0m[1;34m3->4  [0m[1;34m4->5  [0m[1;34m5->6  [0m[1;34m6->7  [0m[1;34m
[pthread wrapper] SKIP MASK: 0x0
[0m[1;34m	threadid 47383597082368 -> core 1 - OK[0m[1;34m
[0m[1;34m	threadid 47383599183616 -> core 2 - OK[0m[1;34m
[0m[1;34m	threadid 47383601284864 -> core 3 - OK[0m[1;34m
[0m[1;34m	threadid 47383603386112 -> core 4 - OK[0m[1;34m
[0m[1;34m	threadid 47383605487360 -> core 5 - OK[0m[1;34m
[0m[1;34m	threadid 47383607588608 -> core 6 - OK[0m[1;34m
[0m[1;34m	threadid 47383609689856 -> core 7 - OK[0m[1;34m
[0miterations: 200
Total iterations: 48412800 LUP
FLOP: 89
Total work: 4308739200 FLOP
performance: 0.574591 GLUP/s
Performance in GFLOP/s: 51.138559
size: 250000
time: 0.084256
[1;34m[pthread wrapper] 
[0m[1;34m[pthread wrapper] MAIN -> 0
[0m[1;34m[pthread wrapper] PIN_MASK: [0m[1;34m0->1  [0m[1;34m1->2  [0m[1;34m2->3  [0m[1;34m3->4  [0m[1;34m4->5  [0m[1;34m5->6  [0m[1;34m6->7  [0m[1;34m
[pthread wrapper] SKIP MASK: 0x0
[0m[1;34m	threadid 47059365574400 -> core 1 - OK[0m[1;34m
[0m[1;34m	threadid 47059367675648 -> core 2 - OK[0m[1;34m
[0m[1;34m	threadid 47059369776896 -> core 3 - OK[0m[1;34m
[0m[1;34m	threadid 47059371878144 -> core 4 - OK[0m[1;34m
[0m[1;34m	threadid 47059373979392 -> core 5 - OK[0m[1;34m
[0m[1;34m	threadid 47059376080640 -> core 6 - OK[0m[1;34m
[0m[1;34m	threadid 47059378181888 -> core 7 - OK[0m[1;34m
[0miterations: 200
Total iterations: 48412800 LUP
FLOP: 89
Total work: 4308739200 FLOP
performance: 0.574579 GLUP/s
Performance in GFLOP/s: 51.137546
size: 250000
time: 0.084258
[1;34m[pthread wrapper] 
[0m[1;34m[pthread wrapper] MAIN -> 0
[0m[1;34m[pthread wrapper] PIN_MASK: [0m[1;34m0->1  [0m[1;34m1->2  [0m[1;34m2->3  [0m[1;34m3->4  [0m[1;34m4->5  [0m[1;34m5->6  [0m[1;34m6->7  [0m[1;34m
[pthread wrapper] SKIP MASK: 0x0
[0m[1;34m	threadid 47318374242048 -> core 1 - OK[0m[1;34m
[0m[1;34m	threadid 47318376343296 -> core 2 - OK[0m[1;34m
[0m[1;34m	threadid 47318378444544 -> core 3 - OK[0m[1;34m
[0m[1;34m	threadid 47318380545792 -> core 4 - OK[0m[1;34m
[0m[1;34m	threadid 47318382647040 -> core 5 - OK[0m[1;34m
[0m[1;34m	threadid 47318384748288 -> core 6 - OK[0m[1;34m
[0m[1;34m	threadid 47318386849536 -> core 7 - OK[0m[1;34m
[0miterations: 200
Total iterations: 48412800 LUP
FLOP: 89
Total work: 4308739200 FLOP
performance: 0.574579 GLUP/s
Performance in GFLOP/s: 51.137546
size: 250000
time: 0.084258
[1;34m[pthread wrapper] 
[0m[1;34m[pthread wrapper] MAIN -> 0
[0m[1;34m[pthread wrapper] PIN_MASK: [0m[1;34m0->1  [0m[1;34m1->2  [0m[1;34m2->3  [0m[1;34m3->4  [0m[1;34m4->5  [0m[1;34m5->6  [0m[1;34m6->7  [0m[1;34m
[pthread wrapper] SKIP MASK: 0x0
[0m[1;34m	threadid 47597815863040 -> core 1 - OK[0m[1;34m
[0m[1;34m	threadid 47597817964288 -> core 2 - OK[0m[1;34m
[0m[1;34m	threadid 47597820065536 -> core 3 - OK[0m[1;34m
[0m[1;34m	threadid 47597822166784 -> core 4 - OK[0m[1;34m
[0m[1;34m	threadid 47597824268032 -> core 5 - OK[0m[1;34m
[0m[1;34m	threadid 47597826369280 -> core 6 - OK[0m[1;34m
[0m[1;34m	threadid 47597828470528 -> core 7 - OK[0m[1;34m
[0miterations: 200
Total iterations: 48412800 LUP
FLOP: 89
Total work: 4308739200 FLOP
performance: 0.574742 GLUP/s
Performance in GFLOP/s: 51.152020
size: 250000
time: 0.084234
[1;34m[pthread wrapper] 
[0m[1;34m[pthread wrapper] MAIN -> 0
[0m[1;34m[pthread wrapper] PIN_MASK: [0m[1;34m0->1  [0m[1;34m1->2  [0m[1;34m2->3  [0m[1;34m3->4  [0m[1;34m4->5  [0m[1;34m5->6  [0m[1;34m6->7  [0m[1;34m
[pthread wrapper] SKIP MASK: 0x0
[0m[1;34m	threadid 47388328875776 -> core 1 - OK[0m[1;34m
[0m[1;34m	threadid 47388330977024 -> core 2 - OK[0m[1;34m
[0m[1;34m	threadid 47388333078272 -> core 3 - OK[0m[1;34m
[0m[1;34m	threadid 47388335179520 -> core 4 - OK[0m[1;34m
[0m[1;34m	threadid 47388337280768 -> core 5 - OK[0m[1;34m
[0m[1;34m	threadid 47388339382016 -> core 6 - OK[0m[1;34m
[0m[1;34m	threadid 47388341483264 -> core 7 - OK[0m[1;34m
[0miterations: 200
Total iterations: 48412800 LUP
FLOP: 89
Total work: 4308739200 FLOP
performance: 0.574189 GLUP/s
Performance in GFLOP/s: 51.102841
size: 250000
time: 0.084315
[1;34m[pthread wrapper] 
[0m[1;34m[pthread wrapper] MAIN -> 0
[0m[1;34m[pthread wrapper] PIN_MASK: [0m[1;34m0->1  [0m[1;34m1->2  [0m[1;34m2->3  [0m[1;34m3->4  [0m[1;34m4->5  [0m[1;34m5->6  [0m[1;34m6->7  [0m[1;34m
[pthread wrapper] SKIP MASK: 0x0
[0m[1;34m	threadid 47220128560896 -> core 1 - OK[0m[1;34m
[0m[1;34m	threadid 47220130662144 -> core 2 - OK[0m[1;34m
[0m[1;34m	threadid 47220132763392 -> core 3 - OK[0m[1;34m
[0m[1;34m	threadid 47220134864640 -> core 4 - OK[0m[1;34m
[0m[1;34m	threadid 47220136965888 -> core 5 - OK[0m[1;34m
[0m[1;34m	threadid 47220139067136 -> core 6 - OK[0m[1;34m
[0m[1;34m	threadid 47220141168384 -> core 7 - OK[0m[1;34m
[0miterations: 200
Total iterations: 48412800 LUP
FLOP: 89
Total work: 4308739200 FLOP
performance: 0.574236 GLUP/s
Performance in GFLOP/s: 51.107032
size: 250000
time: 0.084308
[1;34m[pthread wrapper] 
[0m[1;34m[pthread wrapper] MAIN -> 0
[0m[1;34m[pthread wrapper] PIN_MASK: [0m[1;34m0->1  [0m[1;34m1->2  [0m[1;34m2->3  [0m[1;34m3->4  [0m[1;34m4->5  [0m[1;34m5->6  [0m[1;34m6->7  [0m[1;34m
[pthread wrapper] SKIP MASK: 0x0
[0m[1;34m	threadid 47332944103168 -> core 1 - OK[0m[1;34m
[0m[1;34m	threadid 47332946204416 -> core 2 - OK[0m[1;34m
[0m[1;34m	threadid 47332948305664 -> core 3 - OK[0m[1;34m
[0m[1;34m	threadid 47332950406912 -> core 4 - OK[0m[1;34m
[0m[1;34m	threadid 47332952508160 -> core 5 - OK[0m[1;34m
[0m[1;34m	threadid 47332954609408 -> core 6 - OK[0m[1;34m
[0m[1;34m	threadid 47332956710656 -> core 7 - OK[0m[1;34m
[0miterations: 200
Total iterations: 48412800 LUP
FLOP: 89
Total work: 4308739200 FLOP
performance: 0.574592 GLUP/s
Performance in GFLOP/s: 51.138703
size: 250000
time: 0.084256
[1;34m[pthread wrapper] 
[0m[1;34m[pthread wrapper] MAIN -> 0
[0m[1;34m[pthread wrapper] PIN_MASK: [0m[1;34m0->1  [0m[1;34m1->2  [0m[1;34m2->3  [0m[1;34m3->4  [0m[1;34m4->5  [0m[1;34m5->6  [0m[1;34m6->7  [0m[1;34m
[pthread wrapper] SKIP MASK: 0x0
[0m[1;34m	threadid 47360649778944 -> core 1 - OK[0m[1;34m
[0m[1;34m	threadid 47360651880192 -> core 2 - OK[0m[1;34m
[0m[1;34m	threadid 47360653981440 -> core 3 - OK[0m[1;34m
[0m[1;34m	threadid 47360656082688 -> core 4 - OK[0m[1;34m
[0m[1;34m	threadid 47360658183936 -> core 5 - OK[0m[1;34m
[0m[1;34m	threadid 47360660285184 -> core 6 - OK[0m[1;34m
[0m[1;34m	threadid 47360662386432 -> core 7 - OK[0m[1;34m
[0miterations: 200
Total iterations: 48412800 LUP
FLOP: 89
Total work: 4308739200 FLOP
performance: 0.574680 GLUP/s
Performance in GFLOP/s: 51.146519
size: 250000
time: 0.084243
[1;34m[pthread wrapper] 
[0m[1;34m[pthread wrapper] MAIN -> 0
[0m[1;34m[pthread wrapper] PIN_MASK: [0m[1;34m0->1  [0m[1;34m1->2  [0m[1;34m2->3  [0m[1;34m3->4  [0m[1;34m4->5  [0m[1;34m5->6  [0m[1;34m6->7  [0m[1;34m
[pthread wrapper] SKIP MASK: 0x0
[0m[1;34m	threadid 46921216296704 -> core 1 - OK[0m[1;34m
[0m[1;34m	threadid 46921218397952 -> core 2 - OK[0m[1;34m
[0m[1;34m	threadid 46921220499200 -> core 3 - OK[0m[1;34m
[0m[1;34m	threadid 46921222600448 -> core 4 - OK[0m[1;34m
[0m[1;34m	threadid 46921224701696 -> core 5 - OK[0m[1;34m
[0m[1;34m	threadid 46921226802944 -> core 6 - OK[0m[1;34m
[0m[1;34m	threadid 46921228904192 -> core 7 - OK[0m[1;34m
[0miterations: 200
Total iterations: 48412800 LUP
FLOP: 89
Total work: 4308739200 FLOP
performance: 0.574080 GLUP/s
Performance in GFLOP/s: 51.093161
size: 250000
time: 0.084331
[1;34m[pthread wrapper] 
[0m[1;34m[pthread wrapper] MAIN -> 0
[0m[1;34m[pthread wrapper] PIN_MASK: [0m[1;34m0->1  [0m[1;34m1->2  [0m[1;34m2->3  [0m[1;34m3->4  [0m[1;34m4->5  [0m[1;34m5->6  [0m[1;34m6->7  [0m[1;34m
[pthread wrapper] SKIP MASK: 0x0
[0m[1;34m	threadid 47984188311296 -> core 1 - OK[0m[1;34m
[0m[1;34m	threadid 47984190412544 -> core 2 - OK[0m[1;34m
[0m[1;34m	threadid 47984192513792 -> core 3 - OK[0m[1;34m
[0m[1;34m	threadid 47984194615040 -> core 4 - OK[0m[1;34m
[0m[1;34m	threadid 47984196716288 -> core 5 - OK[0m[1;34m
[0m[1;34m	threadid 47984198817536 -> core 6 - OK[0m[1;34m
[0m[1;34m	threadid 47984200918784 -> core 7 - OK[0m[1;34m
[0miterations: 200
Total iterations: 48412800 LUP
FLOP: 89
Total work: 4308739200 FLOP
performance: 0.574565 GLUP/s
Performance in GFLOP/s: 51.136243
size: 250000
time: 0.084260
