[1;34m[pthread wrapper] 
[0m[1;34m[pthread wrapper] MAIN -> 0
[0m[1;34m[pthread wrapper] PIN_MASK: [0m[1;34m0->1  [0m[1;34m1->2  [0m[1;34m2->3  [0m[1;34m3->4  [0m[1;34m4->5  [0m[1;34m5->6  [0m[1;34m6->7  [0m[1;34m7->8  [0m[1;34m8->9  [0m[1;34m9->10  [0m[1;34m10->11  [0m[1;34m11->12  [0m[1;34m12->13  [0m[1;34m13->14  [0m[1;34m14->15  [0m[1;34m
[pthread wrapper] SKIP MASK: 0x0
[0m[1;34m	threadid 47531402667776 -> core 1 - OK[0m[1;34m
[0m[1;34m	threadid 47531404769024 -> core 2 - OK[0m[1;34m
[0m[1;34m	threadid 47531406870272 -> core 3 - OK[0m[1;34m
[0m[1;34m	threadid 47531408971520 -> core 4 - OK[0m[1;34m
[0m[1;34m	threadid 47531411072768 -> core 5 - OK[0m[1;34m
[0m[1;34m	threadid 47531413174016 -> core 6 - OK[0m[1;34m
[0m[1;34m	threadid 47531415275264 -> core 7 - OK[0m[1;34m
[0m[1;34m	threadid 47531417376512 -> core 8 - OK[0m[1;34m
[0m[1;34m	threadid 47531419477760 -> core 9 - OK[0m[1;34m
[0m[1;34m	threadid 47531421579008 -> core 10 - OK[0m[1;34m
[0m[1;34m	threadid 47531423680256 -> core 11 - OK[0m[1;34m
[0m[1;34m	threadid 47531425781504 -> core 12 - OK[0m[1;34m
[0m[1;34m	threadid 47531427882752 -> core 13 - OK[0m[1;34m
[0m[1;34m	threadid 47531429984000 -> core 14 - OK[0m[1;34m
[0m[1;34m	threadid 47531432085248 -> core 15 - OK[0m[1;34m
[0miterations: 200
Total iterations: 48412800 LUP
FLOP: 89
Total work: 4308739200 FLOP
performance: 1.008623 GLUP/s
Performance in GFLOP/s: 89.767447
size: 250000
time: 0.047999
[1;34m[pthread wrapper] 
[0m[1;34m[pthread wrapper] MAIN -> 0
[0m[1;34m[pthread wrapper] PIN_MASK: [0m[1;34m0->1  [0m[1;34m1->2  [0m[1;34m2->3  [0m[1;34m3->4  [0m[1;34m4->5  [0m[1;34m5->6  [0m[1;34m6->7  [0m[1;34m7->8  [0m[1;34m8->9  [0m[1;34m9->10  [0m[1;34m10->11  [0m[1;34m11->12  [0m[1;34m12->13  [0m[1;34m13->14  [0m[1;34m14->15  [0m[1;34m
[pthread wrapper] SKIP MASK: 0x0
[0m[1;34m	threadid 47198087833344 -> core 1 - OK[0m[1;34m
[0m[1;34m	threadid 47198089934592 -> core 2 - OK[0m[1;34m
[0m[1;34m	threadid 47198092035840 -> core 3 - OK[0m[1;34m
[0m[1;34m	threadid 47198094137088 -> core 4 - OK[0m[1;34m
[0m[1;34m	threadid 47198096238336 -> core 5 - OK[0m[1;34m
[0m[1;34m	threadid 47198098339584 -> core 6 - OK[0m[1;34m
[0m[1;34m	threadid 47198100440832 -> core 7 - OK[0m[1;34m
[0m[1;34m	threadid 47198102542080 -> core 8 - OK[0m[1;34m
[0m[1;34m	threadid 47198104643328 -> core 9 - OK[0m[1;34m
[0m[1;34m	threadid 47198106744576 -> core 10 - OK[0m[1;34m
[0m[1;34m	threadid 47198108845824 -> core 11 - OK[0m[1;34m
[0m[1;34m	threadid 47198110947072 -> core 12 - OK[0m[1;34m
[0m[1;34m	threadid 47198113048320 -> core 13 - OK[0m[1;34m
[0m[1;34m	threadid 47198115149568 -> core 14 - OK[0m[1;34m
[0m[1;34m	threadid 47198117250816 -> core 15 - OK[0m[1;34m
[0miterations: 200
Total iterations: 48412800 LUP
FLOP: 89
Total work: 4308739200 FLOP
performance: 1.010118 GLUP/s
Performance in GFLOP/s: 89.900520
size: 250000
time: 0.047928
[1;34m[pthread wrapper] 
[0m[1;34m[pthread wrapper] MAIN -> 0
[0m[1;34m[pthread wrapper] PIN_MASK: [0m[1;34m0->1  [0m[1;34m1->2  [0m[1;34m2->3  [0m[1;34m3->4  [0m[1;34m4->5  [0m[1;34m5->6  [0m[1;34m6->7  [0m[1;34m7->8  [0m[1;34m8->9  [0m[1;34m9->10  [0m[1;34m10->11  [0m[1;34m11->12  [0m[1;34m12->13  [0m[1;34m13->14  [0m[1;34m14->15  [0m[1;34m
[pthread wrapper] SKIP MASK: 0x0
[0m[1;34m	threadid 47586550331136 -> core 1 - OK[0m[1;34m
[0m[1;34m	threadid 47586552432384 -> core 2 - OK[0m[1;34m
[0m[1;34m	threadid 47586554533632 -> core 3 - OK[0m[1;34m
[0m[1;34m	threadid 47586556634880 -> core 4 - OK[0m[1;34m
[0m[1;34m	threadid 47586558736128 -> core 5 - OK[0m[1;34m
[0m[1;34m	threadid 47586560837376 -> core 6 - OK[0m[1;34m
[0m[1;34m	threadid 47586562938624 -> core 7 - OK[0m[1;34m
[0m[1;34m	threadid 47586565039872 -> core 8 - OK[0m[1;34m
[0m[1;34m	threadid 47586567141120 -> core 9 - OK[0m[1;34m
[0m[1;34m	threadid 47586569242368 -> core 10 - OK[0m[1;34m
[0m[1;34m	threadid 47586571343616 -> core 11 - OK[0m[1;34m
[0m[1;34m	threadid 47586573444864 -> core 12 - OK[0m[1;34m
[0m[1;34m	threadid 47586575546112 -> core 13 - OK[0m[1;34m
[0m[1;34m	threadid 47586577647360 -> core 14 - OK[0m[1;34m
[0m[1;34m	threadid 47586579748608 -> core 15 - OK[0m[1;34m
[0miterations: 200
Total iterations: 48412800 LUP
FLOP: 89
Total work: 4308739200 FLOP
performance: 1.010832 GLUP/s
Performance in GFLOP/s: 89.964069
size: 250000
time: 0.047894
[1;34m[pthread wrapper] 
[0m[1;34m[pthread wrapper] MAIN -> 0
[0m[1;34m[pthread wrapper] PIN_MASK: [0m[1;34m0->1  [0m[1;34m1->2  [0m[1;34m2->3  [0m[1;34m3->4  [0m[1;34m4->5  [0m[1;34m5->6  [0m[1;34m6->7  [0m[1;34m7->8  [0m[1;34m8->9  [0m[1;34m9->10  [0m[1;34m10->11  [0m[1;34m11->12  [0m[1;34m12->13  [0m[1;34m13->14  [0m[1;34m14->15  [0m[1;34m
[pthread wrapper] SKIP MASK: 0x0
[0m[1;34m	threadid 47530594010880 -> core 1 - OK[0m[1;34m
[0m[1;34m	threadid 47530596112128 -> core 2 - OK[0m[1;34m
[0m[1;34m	threadid 47530598213376 -> core 3 - OK[0m[1;34m
[0m[1;34m	threadid 47530600314624 -> core 4 - OK[0m[1;34m
[0m[1;34m	threadid 47530602415872 -> core 5 - OK[0m[1;34m
[0m[1;34m	threadid 47530604517120 -> core 6 - OK[0m[1;34m
[0m[1;34m	threadid 47530606618368 -> core 7 - OK[0m[1;34m
[0m[1;34m	threadid 47530608719616 -> core 8 - OK[0m[1;34m
[0m[1;34m	threadid 47530610820864 -> core 9 - OK[0m[1;34m
[0m[1;34m	threadid 47530612922112 -> core 10 - OK[0m[1;34m
[0m[1;34m	threadid 47530615023360 -> core 11 - OK[0m[1;34m
[0m[1;34m	threadid 47530617124608 -> core 12 - OK[0m[1;34m
[0m[1;34m	threadid 47530619225856 -> core 13 - OK[0m[1;34m
[0m[1;34m	threadid 47530621327104 -> core 14 - OK[0m[1;34m
[0m[1;34m	threadid 47530623428352 -> core 15 - OK[0m[1;34m
[0miterations: 200
Total iterations: 48412800 LUP
FLOP: 89
Total work: 4308739200 FLOP
performance: 1.012188 GLUP/s
Performance in GFLOP/s: 90.084701
size: 250000
time: 0.047830
[1;34m[pthread wrapper] 
[0m[1;34m[pthread wrapper] MAIN -> 0
[0m[1;34m[pthread wrapper] PIN_MASK: [0m[1;34m0->1  [0m[1;34m1->2  [0m[1;34m2->3  [0m[1;34m3->4  [0m[1;34m4->5  [0m[1;34m5->6  [0m[1;34m6->7  [0m[1;34m7->8  [0m[1;34m8->9  [0m[1;34m9->10  [0m[1;34m10->11  [0m[1;34m11->12  [0m[1;34m12->13  [0m[1;34m13->14  [0m[1;34m14->15  [0m[1;34m
[pthread wrapper] SKIP MASK: 0x0
[0m[1;34m	threadid 47409344915200 -> core 1 - OK[0m[1;34m
[0m[1;34m	threadid 47409347016448 -> core 2 - OK[0m[1;34m
[0m[1;34m	threadid 47409349117696 -> core 3 - OK[0m[1;34m
[0m[1;34m	threadid 47409351218944 -> core 4 - OK[0m[1;34m
[0m[1;34m	threadid 47409353320192 -> core 5 - OK[0m[1;34m
[0m[1;34m	threadid 47409355421440 -> core 6 - OK[0m[1;34m
[0m[1;34m	threadid 47409357522688 -> core 7 - OK[0m[1;34m
[0m[1;34m	threadid 47409359623936 -> core 8 - OK[0m[1;34m
[0m[1;34m	threadid 47409361725184 -> core 9 - OK[0m[1;34m
[0m[1;34m	threadid 47409363826432 -> core 10 - OK[0m[1;34m
[0m[1;34m	threadid 47409365927680 -> core 11 - OK[0m[1;34m
[0m[1;34m	threadid 47409368028928 -> core 12 - OK[0m[1;34m
[0m[1;34m	threadid 47409370130176 -> core 13 - OK[0m[1;34m
[0m[1;34m	threadid 47409372231424 -> core 14 - OK[0m[1;34m
[0m[1;34m	threadid 47409374332672 -> core 15 - OK[0m[1;34m
[0miterations: 200
Total iterations: 48412800 LUP
FLOP: 89
Total work: 4308739200 FLOP
performance: 1.011552 GLUP/s
Performance in GFLOP/s: 90.028156
size: 250000
time: 0.047860
[1;34m[pthread wrapper] 
[0m[1;34m[pthread wrapper] MAIN -> 0
[0m[1;34m[pthread wrapper] PIN_MASK: [0m[1;34m0->1  [0m[1;34m1->2  [0m[1;34m2->3  [0m[1;34m3->4  [0m[1;34m4->5  [0m[1;34m5->6  [0m[1;34m6->7  [0m[1;34m7->8  [0m[1;34m8->9  [0m[1;34m9->10  [0m[1;34m10->11  [0m[1;34m11->12  [0m[1;34m12->13  [0m[1;34m13->14  [0m[1;34m14->15  [0m[1;34m
[pthread wrapper] SKIP MASK: 0x0
[0m[1;34m	threadid 47272237725440 -> core 1 - OK[0m[1;34m
[0m[1;34m	threadid 47272239826688 -> core 2 - OK[0m[1;34m
[0m[1;34m	threadid 47272241927936 -> core 3 - OK[0m[1;34m
[0m[1;34m	threadid 47272244029184 -> core 4 - OK[0m[1;34m
[0m[1;34m	threadid 47272246130432 -> core 5 - OK[0m[1;34m
[0m[1;34m	threadid 47272248231680 -> core 6 - OK[0m[1;34m
[0m[1;34m	threadid 47272250332928 -> core 7 - OK[0m[1;34m
[0m[1;34m	threadid 47272252434176 -> core 8 - OK[0m[1;34m
[0m[1;34m	threadid 47272254535424 -> core 9 - OK[0m[1;34m
[0m[1;34m	threadid 47272256636672 -> core 10 - OK[0m[1;34m
[0m[1;34m	threadid 47272258737920 -> core 11 - OK[0m[1;34m
[0m[1;34m	threadid 47272260839168 -> core 12 - OK[0m[1;34m
[0m[1;34m	threadid 47272262940416 -> core 13 - OK[0m[1;34m
[0m[1;34m	threadid 47272265041664 -> core 14 - OK[0m[1;34m
[0m[1;34m	threadid 47272267142912 -> core 15 - OK[0m[1;34m
[0miterations: 200
Total iterations: 48412800 LUP
FLOP: 89
Total work: 4308739200 FLOP
performance: 1.011487 GLUP/s
Performance in GFLOP/s: 90.022326
size: 250000
time: 0.047863
[1;34m[pthread wrapper] 
[0m[1;34m[pthread wrapper] MAIN -> 0
[0m[1;34m[pthread wrapper] PIN_MASK: [0m[1;34m0->1  [0m[1;34m1->2  [0m[1;34m2->3  [0m[1;34m3->4  [0m[1;34m4->5  [0m[1;34m5->6  [0m[1;34m6->7  [0m[1;34m7->8  [0m[1;34m8->9  [0m[1;34m9->10  [0m[1;34m10->11  [0m[1;34m11->12  [0m[1;34m12->13  [0m[1;34m13->14  [0m[1;34m14->15  [0m[1;34m
[pthread wrapper] SKIP MASK: 0x0
[0m[1;34m	threadid 47794386069248 -> core 1 - OK[0m[1;34m
[0m[1;34m	threadid 47794388170496 -> core 2 - OK[0m[1;34m
[0m[1;34m	threadid 47794390271744 -> core 3 - OK[0m[1;34m
[0m[1;34m	threadid 47794392372992 -> core 4 - OK[0m[1;34m
[0m[1;34m	threadid 47794394474240 -> core 5 - OK[0m[1;34m
[0m[1;34m	threadid 47794396575488 -> core 6 - OK[0m[1;34m
[0m[1;34m	threadid 47794398676736 -> core 7 - OK[0m[1;34m
[0m[1;34m	threadid 47794400777984 -> core 8 - OK[0m[1;34m
[0m[1;34m	threadid 47794402879232 -> core 9 - OK[0m[1;34m
[0m[1;34m	threadid 47794404980480 -> core 10 - OK[0m[1;34m
[0m[1;34m	threadid 47794407081728 -> core 11 - OK[0m[1;34m
[0m[1;34m	threadid 47794409182976 -> core 12 - OK[0m[1;34m
[0m[1;34m	threadid 47794411284224 -> core 13 - OK[0m[1;34m
[0m[1;34m	threadid 47794413385472 -> core 14 - OK[0m[1;34m
[0m[1;34m	threadid 47794415486720 -> core 15 - OK[0m[1;34m
[0miterations: 200
Total iterations: 48412800 LUP
FLOP: 89
Total work: 4308739200 FLOP
performance: 1.010515 GLUP/s
Performance in GFLOP/s: 89.935863
size: 250000
time: 0.047909
[1;34m[pthread wrapper] 
[0m[1;34m[pthread wrapper] MAIN -> 0
[0m[1;34m[pthread wrapper] PIN_MASK: [0m[1;34m0->1  [0m[1;34m1->2  [0m[1;34m2->3  [0m[1;34m3->4  [0m[1;34m4->5  [0m[1;34m5->6  [0m[1;34m6->7  [0m[1;34m7->8  [0m[1;34m8->9  [0m[1;34m9->10  [0m[1;34m10->11  [0m[1;34m11->12  [0m[1;34m12->13  [0m[1;34m13->14  [0m[1;34m14->15  [0m[1;34m
[pthread wrapper] SKIP MASK: 0x0
[0m[1;34m	threadid 47551638591232 -> core 1 - OK[0m[1;34m
[0m[1;34m	threadid 47551640692480 -> core 2 - OK[0m[1;34m
[0m[1;34m	threadid 47551642793728 -> core 3 - OK[0m[1;34m
[0m[1;34m	threadid 47551644894976 -> core 4 - OK[0m[1;34m
[0m[1;34m	threadid 47551646996224 -> core 5 - OK[0m[1;34m
[0m[1;34m	threadid 47551649097472 -> core 6 - OK[0m[1;34m
[0m[1;34m	threadid 47551651198720 -> core 7 - OK[0m[1;34m
[0m[1;34m	threadid 47551653299968 -> core 8 - OK[0m[1;34m
[0m[1;34m	threadid 47551655401216 -> core 9 - OK[0m[1;34m
[0m[1;34m	threadid 47551657502464 -> core 10 - OK[0m[1;34m
[0m[1;34m	threadid 47551659603712 -> core 11 - OK[0m[1;34m
[0m[1;34m	threadid 47551661704960 -> core 12 - OK[0m[1;34m
[0m[1;34m	threadid 47551663806208 -> core 13 - OK[0m[1;34m
[0m[1;34m	threadid 47551665907456 -> core 14 - OK[0m[1;34m
[0m[1;34m	threadid 47551668008704 -> core 15 - OK[0m[1;34m
[0miterations: 200
Total iterations: 48412800 LUP
FLOP: 89
Total work: 4308739200 FLOP
performance: 1.012647 GLUP/s
Performance in GFLOP/s: 90.125583
size: 250000
time: 0.047808
[1;34m[pthread wrapper] 
[0m[1;34m[pthread wrapper] MAIN -> 0
[0m[1;34m[pthread wrapper] PIN_MASK: [0m[1;34m0->1  [0m[1;34m1->2  [0m[1;34m2->3  [0m[1;34m3->4  [0m[1;34m4->5  [0m[1;34m5->6  [0m[1;34m6->7  [0m[1;34m7->8  [0m[1;34m8->9  [0m[1;34m9->10  [0m[1;34m10->11  [0m[1;34m11->12  [0m[1;34m12->13  [0m[1;34m13->14  [0m[1;34m14->15  [0m[1;34m
[pthread wrapper] SKIP MASK: 0x0
[0m[1;34m	threadid 46989550249728 -> core 1 - OK[0m[1;34m
[0m[1;34m	threadid 46989552350976 -> core 2 - OK[0m[1;34m
[0m[1;34m	threadid 46989554452224 -> core 3 - OK[0m[1;34m
[0m[1;34m	threadid 46989556553472 -> core 4 - OK[0m[1;34m
[0m[1;34m	threadid 46989558654720 -> core 5 - OK[0m[1;34m
[0m[1;34m	threadid 46989560755968 -> core 6 - OK[0m[1;34m
[0m[1;34m	threadid 46989562857216 -> core 7 - OK[0m[1;34m
[0m[1;34m	threadid 46989564958464 -> core 8 - OK[0m[1;34m
[0m[1;34m	threadid 46989567059712 -> core 9 - OK[0m[1;34m
[0m[1;34m	threadid 46989569160960 -> core 10 - OK[0m[1;34m
[0m[1;34m	threadid 46989571262208 -> core 11 - OK[0m[1;34m
[0m[1;34m	threadid 46989573363456 -> core 12 - OK[0m[1;34m
[0m[1;34m	threadid 46989575464704 -> core 13 - OK[0m[1;34m
[0m[1;34m	threadid 46989577565952 -> core 14 - OK[0m[1;34m
[0m[1;34m	threadid 46989579667200 -> core 15 - OK[0m[1;34m
[0miterations: 200
Total iterations: 48412800 LUP
FLOP: 89
Total work: 4308739200 FLOP
performance: 1.010787 GLUP/s
Performance in GFLOP/s: 89.960038
size: 250000
time: 0.047896
[1;34m[pthread wrapper] 
[0m[1;34m[pthread wrapper] MAIN -> 0
[0m[1;34m[pthread wrapper] PIN_MASK: [0m[1;34m0->1  [0m[1;34m1->2  [0m[1;34m2->3  [0m[1;34m3->4  [0m[1;34m4->5  [0m[1;34m5->6  [0m[1;34m6->7  [0m[1;34m7->8  [0m[1;34m8->9  [0m[1;34m9->10  [0m[1;34m10->11  [0m[1;34m11->12  [0m[1;34m12->13  [0m[1;34m13->14  [0m[1;34m14->15  [0m[1;34m
[pthread wrapper] SKIP MASK: 0x0
[0m[1;34m	threadid 47167405324032 -> core 1 - OK[0m[1;34m
[0m[1;34m	threadid 47167407425280 -> core 2 - OK[0m[1;34m
[0m[1;34m	threadid 47167409526528 -> core 3 - OK[0m[1;34m
[0m[1;34m	threadid 47167411627776 -> core 4 - OK[0m[1;34m
[0m[1;34m	threadid 47167413729024 -> core 5 - OK[0m[1;34m
[0m[1;34m	threadid 47167415830272 -> core 6 - OK[0m[1;34m
[0m[1;34m	threadid 47167417931520 -> core 7 - OK[0m[1;34m
[0m[1;34m	threadid 47167420032768 -> core 8 - OK[0m[1;34m
[0m[1;34m	threadid 47167422134016 -> core 9 - OK[0m[1;34m
[0m[1;34m	threadid 47167424235264 -> core 10 - OK[0m[1;34m
[0m[1;34m	threadid 47167426336512 -> core 11 - OK[0m[1;34m
[0m[1;34m	threadid 47167428437760 -> core 12 - OK[0m[1;34m
[0m[1;34m	threadid 47167430539008 -> core 13 - OK[0m[1;34m
[0m[1;34m	threadid 47167432640256 -> core 14 - OK[0m[1;34m
[0m[1;34m	threadid 47167434741504 -> core 15 - OK[0m[1;34m
[0miterations: 200
Total iterations: 48412800 LUP
FLOP: 89
Total work: 4308739200 FLOP
performance: 1.011658 GLUP/s
Performance in GFLOP/s: 90.037575
size: 250000
time: 0.047855
