[1;34m[pthread wrapper] 
[0m[1;34m[pthread wrapper] MAIN -> 0
[0m[1;34m[pthread wrapper] PIN_MASK: [0m[1;34m0->1  [0m[1;34m1->10  [0m[1;34m2->11  [0m[1;34m
[pthread wrapper] SKIP MASK: 0x0
[0m[1;34m	threadid 47893938022144 -> core 1 - OK[0m[1;34m
[0m[1;34m	threadid 47893940123392 -> core 10 - OK[0m[1;34m
[0m[1;34m	threadid 47893942224640 -> core 11 - OK[0m[1;34m
[0miterations: 120
Total iterations: 1074247680 LUP
FLOP: 89
Total work: 95608043520 FLOP
performance: 0.298037 GLUP/s
Performance in GFLOP/s: 26.525260
size: 9000000
time: 3.604415
[1;34m[pthread wrapper] 
[0m[1;34m[pthread wrapper] MAIN -> 0
[0m[1;34m[pthread wrapper] PIN_MASK: [0m[1;34m0->1  [0m[1;34m1->10  [0m[1;34m2->11  [0m[1;34m
[pthread wrapper] SKIP MASK: 0x0
[0m[1;34m	threadid 47421527074560 -> core 1 - OK[0m[1;34m
[0m[1;34m	threadid 47421529175808 -> core 10 - OK[0m[1;34m
[0m[1;34m	threadid 47421531277056 -> core 11 - OK[0m[1;34m
[0miterations: 120
Total iterations: 1074247680 LUP
FLOP: 89
Total work: 95608043520 FLOP
performance: 0.299243 GLUP/s
Performance in GFLOP/s: 26.632611
size: 9000000
time: 3.589886
[1;34m[pthread wrapper] 
[0m[1;34m[pthread wrapper] MAIN -> 0
[0m[1;34m[pthread wrapper] PIN_MASK: [0m[1;34m0->1  [0m[1;34m1->10  [0m[1;34m2->11  [0m[1;34m
[pthread wrapper] SKIP MASK: 0x0
[0m[1;34m	threadid 47810311509760 -> core 1 - OK[0m[1;34m
[0m[1;34m	threadid 47810313611008 -> core 10 - OK[0m[1;34m
[0m[1;34m	threadid 47810315712256 -> core 11 - OK[0m[1;34m
[0miterations: 120
Total iterations: 1074247680 LUP
FLOP: 89
Total work: 95608043520 FLOP
performance: 0.299511 GLUP/s
Performance in GFLOP/s: 26.656449
size: 9000000
time: 3.586676
[1;34m[pthread wrapper] 
[0m[1;34m[pthread wrapper] MAIN -> 0
[0m[1;34m[pthread wrapper] PIN_MASK: [0m[1;34m0->1  [0m[1;34m1->10  [0m[1;34m2->11  [0m[1;34m
[pthread wrapper] SKIP MASK: 0x0
[0m[1;34m	threadid 47001008117504 -> core 1 - OK[0m[1;34m
[0m[1;34m	threadid 47001010218752 -> core 10 - OK[0m[1;34m
[0m[1;34m	threadid 47001012320000 -> core 11 - OK[0m[1;34m
[0miterations: 120
Total iterations: 1074247680 LUP
FLOP: 89
Total work: 95608043520 FLOP
performance: 0.299283 GLUP/s
Performance in GFLOP/s: 26.636153
size: 9000000
time: 3.589409
[1;34m[pthread wrapper] 
[0m[1;34m[pthread wrapper] MAIN -> 0
[0m[1;34m[pthread wrapper] PIN_MASK: [0m[1;34m0->1  [0m[1;34m1->10  [0m[1;34m2->11  [0m[1;34m
[pthread wrapper] SKIP MASK: 0x0
[0m[1;34m	threadid 47737454753536 -> core 1 - OK[0m[1;34m
[0m[1;34m	threadid 47737456854784 -> core 10 - OK[0m[1;34m
[0m[1;34m	threadid 47737458956032 -> core 11 - OK[0m[1;34m
[0miterations: 120
Total iterations: 1074247680 LUP
FLOP: 89
Total work: 95608043520 FLOP
performance: 0.299125 GLUP/s
Performance in GFLOP/s: 26.622082
size: 9000000
time: 3.591306
[1;34m[pthread wrapper] 
[0m[1;34m[pthread wrapper] MAIN -> 0
[0m[1;34m[pthread wrapper] PIN_MASK: [0m[1;34m0->1  [0m[1;34m1->10  [0m[1;34m2->11  [0m[1;34m
[pthread wrapper] SKIP MASK: 0x0
[0m[1;34m	threadid 47627934050048 -> core 1 - OK[0m[1;34m
[0m[1;34m	threadid 47627936151296 -> core 10 - OK[0m[1;34m
[0m[1;34m	threadid 47627938252544 -> core 11 - OK[0m[1;34m
[0miterations: 120
Total iterations: 1074247680 LUP
FLOP: 89
Total work: 95608043520 FLOP
performance: 0.299457 GLUP/s
Performance in GFLOP/s: 26.651639
size: 9000000
time: 3.587323
[1;34m[pthread wrapper] 
[0m[1;34m[pthread wrapper] MAIN -> 0
[0m[1;34m[pthread wrapper] PIN_MASK: [0m[1;34m0->1  [0m[1;34m1->10  [0m[1;34m2->11  [0m[1;34m
[pthread wrapper] SKIP MASK: 0x0
[0m[1;34m	threadid 47335816001280 -> core 1 - OK[0m[1;34m
[0m[1;34m	threadid 47335818102528 -> core 10 - OK[0m[1;34m
[0m[1;34m	threadid 47335820203776 -> core 11 - OK[0m[1;34m
[0miterations: 120
Total iterations: 1074247680 LUP
FLOP: 89
Total work: 95608043520 FLOP
performance: 0.299244 GLUP/s
Performance in GFLOP/s: 26.632716
size: 9000000
time: 3.589872
[1;34m[pthread wrapper] 
[0m[1;34m[pthread wrapper] MAIN -> 0
[0m[1;34m[pthread wrapper] PIN_MASK: [0m[1;34m0->1  [0m[1;34m1->10  [0m[1;34m2->11  [0m[1;34m
[pthread wrapper] SKIP MASK: 0x0
[0m[1;34m	threadid 47959475963648 -> core 1 - OK[0m[1;34m
[0m[1;34m	threadid 47959478064896 -> core 10 - OK[0m[1;34m
[0m[1;34m	threadid 47959480166144 -> core 11 - OK[0m[1;34m
[0miterations: 120
Total iterations: 1074247680 LUP
FLOP: 89
Total work: 95608043520 FLOP
performance: 0.299454 GLUP/s
Performance in GFLOP/s: 26.651418
size: 9000000
time: 3.587353
[1;34m[pthread wrapper] 
[0m[1;34m[pthread wrapper] MAIN -> 0
[0m[1;34m[pthread wrapper] PIN_MASK: [0m[1;34m0->1  [0m[1;34m1->10  [0m[1;34m2->11  [0m[1;34m
[pthread wrapper] SKIP MASK: 0x0
[0m[1;34m	threadid 47840071456512 -> core 1 - OK[0m[1;34m
[0m[1;34m	threadid 47840073557760 -> core 10 - OK[0m[1;34m
[0m[1;34m	threadid 47840075659008 -> core 11 - OK[0m[1;34m
[0miterations: 120
Total iterations: 1074247680 LUP
FLOP: 89
Total work: 95608043520 FLOP
performance: 0.299493 GLUP/s
Performance in GFLOP/s: 26.654879
size: 9000000
time: 3.586887
[1;34m[pthread wrapper] 
[0m[1;34m[pthread wrapper] MAIN -> 0
[0m[1;34m[pthread wrapper] PIN_MASK: [0m[1;34m0->1  [0m[1;34m1->10  [0m[1;34m2->11  [0m[1;34m
[pthread wrapper] SKIP MASK: 0x0
[0m[1;34m	threadid 47036379461376 -> core 1 - OK[0m[1;34m
[0m[1;34m	threadid 47036381562624 -> core 10 - OK[0m[1;34m
[0m[1;34m	threadid 47036383663872 -> core 11 - OK[0m[1;34m
[0miterations: 120
Total iterations: 1074247680 LUP
FLOP: 89
Total work: 95608043520 FLOP
performance: 0.299472 GLUP/s
Performance in GFLOP/s: 26.653023
size: 9000000
time: 3.587137
