[1;34m[pthread wrapper] 
[0m[1;34m[pthread wrapper] MAIN -> 0
[0m[1;34m[pthread wrapper] PIN_MASK: [0m[1;34m0->1  [0m[1;34m1->2  [0m[1;34m2->10  [0m[1;34m3->11  [0m[1;34m4->12  [0m[1;34m
[pthread wrapper] SKIP MASK: 0x0
[0m[1;34m	threadid 47036127627008 -> core 1 - OK[0m[1;34m
[0m[1;34m	threadid 47036129728256 -> core 2 - OK[0m[1;34m
[0m[1;34m	threadid 47036131829504 -> core 10 - OK[0m[1;34m
[0m[1;34m	threadid 47036133930752 -> core 11 - OK[0m[1;34m
[0m[1;34m	threadid 47036136032000 -> core 12 - OK[0m[1;34m
[0miterations: 200
Total iterations: 48412800 LUP
FLOP: 89
Total work: 4308739200 FLOP
performance: 0.414358 GLUP/s
Performance in GFLOP/s: 36.877899
size: 250000
time: 0.116838
[1;34m[pthread wrapper] 
[0m[1;34m[pthread wrapper] MAIN -> 0
[0m[1;34m[pthread wrapper] PIN_MASK: [0m[1;34m0->1  [0m[1;34m1->2  [0m[1;34m2->10  [0m[1;34m3->11  [0m[1;34m4->12  [0m[1;34m
[pthread wrapper] SKIP MASK: 0x0
[0m[1;34m	threadid 47745063778048 -> core 1 - OK[0m[1;34m
[0m[1;34m	threadid 47745065879296 -> core 2 - OK[0m[1;34m
[0m[1;34m	threadid 47745067980544 -> core 10 - OK[0m[1;34m
[0m[1;34m	threadid 47745070081792 -> core 11 - OK[0m[1;34m
[0m[1;34m	threadid 47745072183040 -> core 12 - OK[0m[1;34m
[0miterations: 200
Total iterations: 48412800 LUP
FLOP: 89
Total work: 4308739200 FLOP
performance: 0.414358 GLUP/s
Performance in GFLOP/s: 36.877824
size: 250000
time: 0.116838
[1;34m[pthread wrapper] 
[0m[1;34m[pthread wrapper] MAIN -> 0
[0m[1;34m[pthread wrapper] PIN_MASK: [0m[1;34m0->1  [0m[1;34m1->2  [0m[1;34m2->10  [0m[1;34m3->11  [0m[1;34m4->12  [0m[1;34m
[pthread wrapper] SKIP MASK: 0x0
[0m[1;34m	threadid 47693125125888 -> core 1 - OK[0m[1;34m
[0m[1;34m	threadid 47693127227136 -> core 2 - OK[0m[1;34m
[0m[1;34m	threadid 47693129328384 -> core 10 - OK[0m[1;34m
[0m[1;34m	threadid 47693131429632 -> core 11 - OK[0m[1;34m
[0m[1;34m	threadid 47693133530880 -> core 12 - OK[0m[1;34m
[0miterations: 200
Total iterations: 48412800 LUP
FLOP: 89
Total work: 4308739200 FLOP
performance: 0.414511 GLUP/s
Performance in GFLOP/s: 36.891450
size: 250000
time: 0.116795
[1;34m[pthread wrapper] 
[0m[1;34m[pthread wrapper] MAIN -> 0
[0m[1;34m[pthread wrapper] PIN_MASK: [0m[1;34m0->1  [0m[1;34m1->2  [0m[1;34m2->10  [0m[1;34m3->11  [0m[1;34m4->12  [0m[1;34m
[pthread wrapper] SKIP MASK: 0x0
[0m[1;34m	threadid 46944321636096 -> core 1 - OK[0m[1;34m
[0m[1;34m	threadid 46944323737344 -> core 2 - OK[0m[1;34m
[0m[1;34m	threadid 46944325838592 -> core 10 - OK[0m[1;34m
[0m[1;34m	threadid 46944327939840 -> core 11 - OK[0m[1;34m
[0m[1;34m	threadid 46944330041088 -> core 12 - OK[0m[1;34m
[0miterations: 200
Total iterations: 48412800 LUP
FLOP: 89
Total work: 4308739200 FLOP
performance: 0.413082 GLUP/s
Performance in GFLOP/s: 36.764318
size: 250000
time: 0.117199
[1;34m[pthread wrapper] 
[0m[1;34m[pthread wrapper] MAIN -> 0
[0m[1;34m[pthread wrapper] PIN_MASK: [0m[1;34m0->1  [0m[1;34m1->2  [0m[1;34m2->10  [0m[1;34m3->11  [0m[1;34m4->12  [0m[1;34m
[pthread wrapper] SKIP MASK: 0x0
[0m[1;34m	threadid 47384677693184 -> core 1 - OK[0m[1;34m
[0m[1;34m	threadid 47384679794432 -> core 2 - OK[0m[1;34m
[0m[1;34m	threadid 47384681895680 -> core 10 - OK[0m[1;34m
[0m[1;34m	threadid 47384683996928 -> core 11 - OK[0m[1;34m
[0m[1;34m	threadid 47384686098176 -> core 12 - OK[0m[1;34m
[0miterations: 200
Total iterations: 48412800 LUP
FLOP: 89
Total work: 4308739200 FLOP
performance: 0.412927 GLUP/s
Performance in GFLOP/s: 36.750487
size: 250000
time: 0.117243
[1;34m[pthread wrapper] 
[0m[1;34m[pthread wrapper] MAIN -> 0
[0m[1;34m[pthread wrapper] PIN_MASK: [0m[1;34m0->1  [0m[1;34m1->2  [0m[1;34m2->10  [0m[1;34m3->11  [0m[1;34m4->12  [0m[1;34m
[pthread wrapper] SKIP MASK: 0x0
[0m[1;34m	threadid 47665301030656 -> core 1 - OK[0m[1;34m
[0m[1;34m	threadid 47665303131904 -> core 2 - OK[0m[1;34m
[0m[1;34m	threadid 47665305233152 -> core 10 - OK[0m[1;34m
[0m[1;34m	threadid 47665307334400 -> core 11 - OK[0m[1;34m
[0m[1;34m	threadid 47665309435648 -> core 12 - OK[0m[1;34m
[0miterations: 200
Total iterations: 48412800 LUP
FLOP: 89
Total work: 4308739200 FLOP
performance: 0.414220 GLUP/s
Performance in GFLOP/s: 36.865562
size: 250000
time: 0.116877
[1;34m[pthread wrapper] 
[0m[1;34m[pthread wrapper] MAIN -> 0
[0m[1;34m[pthread wrapper] PIN_MASK: [0m[1;34m0->1  [0m[1;34m1->2  [0m[1;34m2->10  [0m[1;34m3->11  [0m[1;34m4->12  [0m[1;34m
[pthread wrapper] SKIP MASK: 0x0
[0m[1;34m	threadid 47411952514816 -> core 1 - OK[0m[1;34m
[0m[1;34m	threadid 47411954616064 -> core 2 - OK[0m[1;34m
[0m[1;34m	threadid 47411956717312 -> core 10 - OK[0m[1;34m
[0m[1;34m	threadid 47411958818560 -> core 11 - OK[0m[1;34m
[0m[1;34m	threadid 47411960919808 -> core 12 - OK[0m[1;34m
[0miterations: 200
Total iterations: 48412800 LUP
FLOP: 89
Total work: 4308739200 FLOP
performance: 0.414281 GLUP/s
Performance in GFLOP/s: 36.870977
size: 250000
time: 0.116860
[1;34m[pthread wrapper] 
[0m[1;34m[pthread wrapper] MAIN -> 0
[0m[1;34m[pthread wrapper] PIN_MASK: [0m[1;34m0->1  [0m[1;34m1->2  [0m[1;34m2->10  [0m[1;34m3->11  [0m[1;34m4->12  [0m[1;34m
[pthread wrapper] SKIP MASK: 0x0
[0m[1;34m	threadid 47907528603392 -> core 1 - OK[0m[1;34m
[0m[1;34m	threadid 47907530704640 -> core 2 - OK[0m[1;34m
[0m[1;34m	threadid 47907532805888 -> core 10 - OK[0m[1;34m
[0m[1;34m	threadid 47907534907136 -> core 11 - OK[0m[1;34m
[0m[1;34m	threadid 47907537008384 -> core 12 - OK[0m[1;34m
[0miterations: 200
Total iterations: 48412800 LUP
FLOP: 89
Total work: 4308739200 FLOP
performance: 0.413170 GLUP/s
Performance in GFLOP/s: 36.772097
size: 250000
time: 0.117174
[1;34m[pthread wrapper] 
[0m[1;34m[pthread wrapper] MAIN -> 0
[0m[1;34m[pthread wrapper] PIN_MASK: [0m[1;34m0->1  [0m[1;34m1->2  [0m[1;34m2->10  [0m[1;34m3->11  [0m[1;34m4->12  [0m[1;34m
[pthread wrapper] SKIP MASK: 0x0
[0m[1;34m	threadid 47082385151744 -> core 1 - OK[0m[1;34m
[0m[1;34m	threadid 47082387252992 -> core 2 - OK[0m[1;34m
[0m[1;34m	threadid 47082389354240 -> core 10 - OK[0m[1;34m
[0m[1;34m	threadid 47082391455488 -> core 11 - OK[0m[1;34m
[0m[1;34m	threadid 47082393556736 -> core 12 - OK[0m[1;34m
[0miterations: 200
Total iterations: 48412800 LUP
FLOP: 89
Total work: 4308739200 FLOP
performance: 0.413499 GLUP/s
Performance in GFLOP/s: 36.801376
size: 250000
time: 0.117081
[1;34m[pthread wrapper] 
[0m[1;34m[pthread wrapper] MAIN -> 0
[0m[1;34m[pthread wrapper] PIN_MASK: [0m[1;34m0->1  [0m[1;34m1->2  [0m[1;34m2->10  [0m[1;34m3->11  [0m[1;34m4->12  [0m[1;34m
[pthread wrapper] SKIP MASK: 0x0
[0m[1;34m	threadid 46991040595712 -> core 1 - OK[0m[1;34m
[0m[1;34m	threadid 46991042696960 -> core 2 - OK[0m[1;34m
[0m[1;34m	threadid 46991044798208 -> core 10 - OK[0m[1;34m
[0m[1;34m	threadid 46991046899456 -> core 11 - OK[0m[1;34m
[0m[1;34m	threadid 46991049000704 -> core 12 - OK[0m[1;34m
[0miterations: 200
Total iterations: 48412800 LUP
FLOP: 89
Total work: 4308739200 FLOP
performance: 0.413739 GLUP/s
Performance in GFLOP/s: 36.822746
size: 250000
time: 0.117013
