[1;34m[pthread wrapper] 
[0m[1;34m[pthread wrapper] MAIN -> 0
[0m[1;34m[pthread wrapper] PIN_MASK: [0m[1;34m0->1  [0m[1;34m1->10  [0m[1;34m2->11  [0m[1;34m
[pthread wrapper] SKIP MASK: 0x0
[0m[1;34m	threadid 47359582324480 -> core 1 - OK[0m[1;34m
[0m[1;34m	threadid 47359584425728 -> core 10 - OK[0m[1;34m
[0m[1;34m	threadid 47359586526976 -> core 11 - OK[0m[1;34m
[0miterations: 200
Total iterations: 48412800 LUP
FLOP: 89
Total work: 4308739200 FLOP
performance: 0.280524 GLUP/s
Performance in GFLOP/s: 24.966619
size: 250000
time: 0.172580
[1;34m[pthread wrapper] 
[0m[1;34m[pthread wrapper] MAIN -> 0
[0m[1;34m[pthread wrapper] PIN_MASK: [0m[1;34m0->1  [0m[1;34m1->10  [0m[1;34m2->11  [0m[1;34m
[pthread wrapper] SKIP MASK: 0x0
[0m[1;34m	threadid 47392006547200 -> core 1 - OK[0m[1;34m
[0m[1;34m	threadid 47392008648448 -> core 10 - OK[0m[1;34m
[0m[1;34m	threadid 47392010749696 -> core 11 - OK[0m[1;34m
[0miterations: 200
Total iterations: 48412800 LUP
FLOP: 89
Total work: 4308739200 FLOP
performance: 0.279853 GLUP/s
Performance in GFLOP/s: 24.906885
size: 250000
time: 0.172994
[1;34m[pthread wrapper] 
[0m[1;34m[pthread wrapper] MAIN -> 0
[0m[1;34m[pthread wrapper] PIN_MASK: [0m[1;34m0->1  [0m[1;34m1->10  [0m[1;34m2->11  [0m[1;34m
[pthread wrapper] SKIP MASK: 0x0
[0m[1;34m	threadid 46987573815040 -> core 1 - OK[0m[1;34m
[0m[1;34m	threadid 46987575916288 -> core 10 - OK[0m[1;34m
[0m[1;34m	threadid 46987578017536 -> core 11 - OK[0m[1;34m
[0miterations: 200
Total iterations: 48412800 LUP
FLOP: 89
Total work: 4308739200 FLOP
performance: 0.280797 GLUP/s
Performance in GFLOP/s: 24.990925
size: 250000
time: 0.172412
[1;34m[pthread wrapper] 
[0m[1;34m[pthread wrapper] MAIN -> 0
[0m[1;34m[pthread wrapper] PIN_MASK: [0m[1;34m0->1  [0m[1;34m1->10  [0m[1;34m2->11  [0m[1;34m
[pthread wrapper] SKIP MASK: 0x0
[0m[1;34m	threadid 47825210836736 -> core 1 - OK[0m[1;34m
[0m[1;34m	threadid 47825212937984 -> core 10 - OK[0m[1;34m
[0m[1;34m	threadid 47825215039232 -> core 11 - OK[0m[1;34m
[0miterations: 200
Total iterations: 48412800 LUP
FLOP: 89
Total work: 4308739200 FLOP
performance: 0.280192 GLUP/s
Performance in GFLOP/s: 24.937129
size: 250000
time: 0.172784
[1;34m[pthread wrapper] 
[0m[1;34m[pthread wrapper] MAIN -> 0
[0m[1;34m[pthread wrapper] PIN_MASK: [0m[1;34m0->1  [0m[1;34m1->10  [0m[1;34m2->11  [0m[1;34m
[pthread wrapper] SKIP MASK: 0x0
[0m[1;34m	threadid 47623438542592 -> core 1 - OK[0m[1;34m
[0m[1;34m	threadid 47623440643840 -> core 10 - OK[0m[1;34m
[0m[1;34m	threadid 47623442745088 -> core 11 - OK[0m[1;34m
[0miterations: 200
Total iterations: 48412800 LUP
FLOP: 89
Total work: 4308739200 FLOP
performance: 0.280664 GLUP/s
Performance in GFLOP/s: 24.979077
size: 250000
time: 0.172494
[1;34m[pthread wrapper] 
[0m[1;34m[pthread wrapper] MAIN -> 0
[0m[1;34m[pthread wrapper] PIN_MASK: [0m[1;34m0->1  [0m[1;34m1->10  [0m[1;34m2->11  [0m[1;34m
[pthread wrapper] SKIP MASK: 0x0
[0m[1;34m	threadid 47222786664192 -> core 1 - OK[0m[1;34m
[0m[1;34m	threadid 47222788765440 -> core 10 - OK[0m[1;34m
[0m[1;34m	threadid 47222790866688 -> core 11 - OK[0m[1;34m
[0miterations: 200
Total iterations: 48412800 LUP
FLOP: 89
Total work: 4308739200 FLOP
performance: 0.280230 GLUP/s
Performance in GFLOP/s: 24.940433
size: 250000
time: 0.172761
[1;34m[pthread wrapper] 
[0m[1;34m[pthread wrapper] MAIN -> 0
[0m[1;34m[pthread wrapper] PIN_MASK: [0m[1;34m0->1  [0m[1;34m1->10  [0m[1;34m2->11  [0m[1;34m
[pthread wrapper] SKIP MASK: 0x0
[0m[1;34m	threadid 47939632117504 -> core 1 - OK[0m[1;34m
[0m[1;34m	threadid 47939634218752 -> core 10 - OK[0m[1;34m
[0m[1;34m	threadid 47939636320000 -> core 11 - OK[0m[1;34m
[0miterations: 200
Total iterations: 48412800 LUP
FLOP: 89
Total work: 4308739200 FLOP
performance: 0.280397 GLUP/s
Performance in GFLOP/s: 24.955345
size: 250000
time: 0.172658
[1;34m[pthread wrapper] 
[0m[1;34m[pthread wrapper] MAIN -> 0
[0m[1;34m[pthread wrapper] PIN_MASK: [0m[1;34m0->1  [0m[1;34m1->10  [0m[1;34m2->11  [0m[1;34m
[pthread wrapper] SKIP MASK: 0x0
[0m[1;34m	threadid 47870060762880 -> core 1 - OK[0m[1;34m
[0m[1;34m	threadid 47870062864128 -> core 10 - OK[0m[1;34m
[0m[1;34m	threadid 47870064965376 -> core 11 - OK[0m[1;34m
[0miterations: 200
Total iterations: 48412800 LUP
FLOP: 89
Total work: 4308739200 FLOP
performance: 0.280848 GLUP/s
Performance in GFLOP/s: 24.995452
size: 250000
time: 0.172381
[1;34m[pthread wrapper] 
[0m[1;34m[pthread wrapper] MAIN -> 0
[0m[1;34m[pthread wrapper] PIN_MASK: [0m[1;34m0->1  [0m[1;34m1->10  [0m[1;34m2->11  [0m[1;34m
[pthread wrapper] SKIP MASK: 0x0
[0m[1;34m	threadid 47542416074496 -> core 1 - OK[0m[1;34m
[0m[1;34m	threadid 47542418175744 -> core 10 - OK[0m[1;34m
[0m[1;34m	threadid 47542420276992 -> core 11 - OK[0m[1;34m
[0miterations: 200
Total iterations: 48412800 LUP
FLOP: 89
Total work: 4308739200 FLOP
performance: 0.280214 GLUP/s
Performance in GFLOP/s: 24.939022
size: 250000
time: 0.172771
[1;34m[pthread wrapper] 
[0m[1;34m[pthread wrapper] MAIN -> 0
[0m[1;34m[pthread wrapper] PIN_MASK: [0m[1;34m0->1  [0m[1;34m1->10  [0m[1;34m2->11  [0m[1;34m
[pthread wrapper] SKIP MASK: 0x0
[0m[1;34m	threadid 47114920773376 -> core 1 - OK[0m[1;34m
[0m[1;34m	threadid 47114922874624 -> core 10 - OK[0m[1;34m
[0m[1;34m	threadid 47114924975872 -> core 11 - OK[0m[1;34m
[0miterations: 200
Total iterations: 48412800 LUP
FLOP: 89
Total work: 4308739200 FLOP
performance: 0.280719 GLUP/s
Performance in GFLOP/s: 24.983980
size: 250000
time: 0.172460
