iterations: 200
Total iterations: 48412800 LUP
FLOP: 89
Total work: 4308739200 FLOP
performance: 0.281084 GLUP/s
Performance in GFLOP/s: 25.016455
size: 250000
time: 0.172236
iterations: 200
Total iterations: 48412800 LUP
FLOP: 89
Total work: 4308739200 FLOP
performance: 0.280654 GLUP/s
Performance in GFLOP/s: 24.978213
size: 250000
time: 0.172500
iterations: 200
Total iterations: 48412800 LUP
FLOP: 89
Total work: 4308739200 FLOP
performance: 0.280817 GLUP/s
Performance in GFLOP/s: 24.992687
size: 250000
time: 0.172400
iterations: 200
Total iterations: 48412800 LUP
FLOP: 89
Total work: 4308739200 FLOP
performance: 0.280186 GLUP/s
Performance in GFLOP/s: 24.936579
size: 250000
time: 0.172788
iterations: 200
Total iterations: 48412800 LUP
FLOP: 89
Total work: 4308739200 FLOP
performance: 0.280857 GLUP/s
Performance in GFLOP/s: 24.996317
size: 250000
time: 0.172375
iterations: 200
Total iterations: 48412800 LUP
FLOP: 89
Total work: 4308739200 FLOP
performance: 0.280319 GLUP/s
Performance in GFLOP/s: 24.948386
size: 250000
time: 0.172706
iterations: 200
Total iterations: 48412800 LUP
FLOP: 89
Total work: 4308739200 FLOP
performance: 0.280230 GLUP/s
Performance in GFLOP/s: 24.940468
size: 250000
time: 0.172761
iterations: 200
Total iterations: 48412800 LUP
FLOP: 89
Total work: 4308739200 FLOP
performance: 0.280821 GLUP/s
Performance in GFLOP/s: 24.993102
size: 250000
time: 0.172397
iterations: 200
Total iterations: 48412800 LUP
FLOP: 89
Total work: 4308739200 FLOP
performance: 0.280732 GLUP/s
Performance in GFLOP/s: 24.985155
size: 250000
time: 0.172452
iterations: 200
Total iterations: 48412800 LUP
FLOP: 89
Total work: 4308739200 FLOP
performance: 0.280864 GLUP/s
Performance in GFLOP/s: 24.996905
size: 250000
time: 0.172371
