iterations: 200
Total iterations: 1790412800 LUP
FLOP: 89
Total work: 159346739200 FLOP
performance: 0.075926 GLUP/s
Performance in GFLOP/s: 6.757374
size: 9000000
time: 23.581164
[1;34m[likwid-pin] Main PID -> core 0 - OK[0m
iterations: 200
Total iterations: 1790412800 LUP
FLOP: 89
Total work: 159346739200 FLOP
performance: 0.076080 GLUP/s
Performance in GFLOP/s: 6.771118
size: 9000000
time: 23.533299
[1;34m[likwid-pin] Main PID -> core 0 - OK[0m
iterations: 200
Total iterations: 1790412800 LUP
FLOP: 89
Total work: 159346739200 FLOP
performance: 0.076056 GLUP/s
Performance in GFLOP/s: 6.768969
size: 9000000
time: 23.540769
[1;34m[likwid-pin] Main PID -> core 0 - OK[0m
iterations: 200
Total iterations: 1790412800 LUP
FLOP: 89
Total work: 159346739200 FLOP
performance: 0.075883 GLUP/s
Performance in GFLOP/s: 6.753577
size: 9000000
time: 23.594421
[1;34m[likwid-pin] Main PID -> core 0 - OK[0m
iterations: 200
Total iterations: 1790412800 LUP
FLOP: 89
Total work: 159346739200 FLOP
performance: 0.075937 GLUP/s
Performance in GFLOP/s: 6.758404
size: 9000000
time: 23.577568
[1;34m[likwid-pin] Main PID -> core 0 - OK[0m
iterations: 200
Total iterations: 1790412800 LUP
FLOP: 89
Total work: 159346739200 FLOP
performance: 0.075968 GLUP/s
Performance in GFLOP/s: 6.761124
size: 9000000
time: 23.568084
[1;34m[likwid-pin] Main PID -> core 0 - OK[0m
iterations: 200
Total iterations: 1790412800 LUP
FLOP: 89
Total work: 159346739200 FLOP
performance: 0.075869 GLUP/s
Performance in GFLOP/s: 6.752362
size: 9000000
time: 23.598665
[1;34m[likwid-pin] Main PID -> core 0 - OK[0m
iterations: 200
Total iterations: 1790412800 LUP
FLOP: 89
Total work: 159346739200 FLOP
performance: 0.075899 GLUP/s
Performance in GFLOP/s: 6.755018
size: 9000000
time: 23.589387
[1;34m[likwid-pin] Main PID -> core 0 - OK[0m
iterations: 200
Total iterations: 1790412800 LUP
FLOP: 89
Total work: 159346739200 FLOP
performance: 0.075898 GLUP/s
Performance in GFLOP/s: 6.754927
size: 9000000
time: 23.589706
[1;34m[likwid-pin] Main PID -> core 0 - OK[0m
iterations: 200
Total iterations: 1790412800 LUP
FLOP: 89
Total work: 159346739200 FLOP
performance: 0.076042 GLUP/s
Performance in GFLOP/s: 6.767777
size: 9000000
time: 23.544914
[1;34m[likwid-pin] Main PID -> core 0 - OK[0m
