iterations: 120
Total iterations: 29047680 LUP
FLOP: 89
Total work: 2585243520 FLOP
performance: 0.140724 GLUP/s
Performance in GFLOP/s: 12.524440
size: 250000
time: 0.206416
iterations: 120
Total iterations: 29047680 LUP
FLOP: 89
Total work: 2585243520 FLOP
performance: 0.140637 GLUP/s
Performance in GFLOP/s: 12.516720
size: 250000
time: 0.206543
iterations: 120
Total iterations: 29047680 LUP
FLOP: 89
Total work: 2585243520 FLOP
performance: 0.140895 GLUP/s
Performance in GFLOP/s: 12.539619
size: 250000
time: 0.206166
iterations: 120
Total iterations: 29047680 LUP
FLOP: 89
Total work: 2585243520 FLOP
performance: 0.140753 GLUP/s
Performance in GFLOP/s: 12.526987
size: 250000
time: 0.206374
iterations: 120
Total iterations: 29047680 LUP
FLOP: 89
Total work: 2585243520 FLOP
performance: 0.140804 GLUP/s
Performance in GFLOP/s: 12.531547
size: 250000
time: 0.206299
iterations: 120
Total iterations: 29047680 LUP
FLOP: 89
Total work: 2585243520 FLOP
performance: 0.140787 GLUP/s
Performance in GFLOP/s: 12.530027
size: 250000
time: 0.206324
iterations: 120
Total iterations: 29047680 LUP
FLOP: 89
Total work: 2585243520 FLOP
performance: 0.140549 GLUP/s
Performance in GFLOP/s: 12.508865
size: 250000
time: 0.206673
iterations: 120
Total iterations: 29047680 LUP
FLOP: 89
Total work: 2585243520 FLOP
performance: 0.140565 GLUP/s
Performance in GFLOP/s: 12.510251
size: 250000
time: 0.206650
iterations: 120
Total iterations: 29047680 LUP
FLOP: 89
Total work: 2585243520 FLOP
performance: 0.140640 GLUP/s
Performance in GFLOP/s: 12.516980
size: 250000
time: 0.206539
iterations: 120
Total iterations: 29047680 LUP
FLOP: 89
Total work: 2585243520 FLOP
performance: 0.140711 GLUP/s
Performance in GFLOP/s: 12.523283
size: 250000
time: 0.206435
