[1;34m[pthread wrapper] 
[0m[1;34m[pthread wrapper] MAIN -> 0
[0m[1;34m[pthread wrapper] PIN_MASK: [0m[1;34m0->1  [0m[1;34m1->2  [0m[1;34m2->3  [0m[1;34m
[pthread wrapper] SKIP MASK: 0x0
[0m[1;34m	threadid 46936673806080 -> core 1 - OK[0m[1;34m
[0m[1;34m	threadid 46936675907328 -> core 2 - OK[0m[1;34m
[0m[1;34m	threadid 46936678008576 -> core 3 - OK[0m[1;34m
[0miterations: 200
Total iterations: 48412800 LUP
FLOP: 89
Total work: 4308739200 FLOP
performance: 0.292834 GLUP/s
Performance in GFLOP/s: 26.062210
size: 250000
time: 0.165325
[1;34m[pthread wrapper] 
[0m[1;34m[pthread wrapper] MAIN -> 0
[0m[1;34m[pthread wrapper] PIN_MASK: [0m[1;34m0->1  [0m[1;34m1->2  [0m[1;34m2->3  [0m[1;34m
[pthread wrapper] SKIP MASK: 0x0
[0m[1;34m	threadid 47846920509184 -> core 1 - OK[0m[1;34m
[0m[1;34m	threadid 47846922610432 -> core 2 - OK[0m[1;34m
[0m[1;34m	threadid 47846924711680 -> core 3 - OK[0m[1;34m
[0miterations: 200
Total iterations: 48412800 LUP
FLOP: 89
Total work: 4308739200 FLOP
performance: 0.292217 GLUP/s
Performance in GFLOP/s: 26.007339
size: 250000
time: 0.165674
[1;34m[pthread wrapper] 
[0m[1;34m[pthread wrapper] MAIN -> 0
[0m[1;34m[pthread wrapper] PIN_MASK: [0m[1;34m0->1  [0m[1;34m1->2  [0m[1;34m2->3  [0m[1;34m
[pthread wrapper] SKIP MASK: 0x0
[0m[1;34m	threadid 46943744689920 -> core 1 - OK[0m[1;34m
[0m[1;34m	threadid 46943746791168 -> core 2 - OK[0m[1;34m
[0m[1;34m	threadid 46943748892416 -> core 3 - OK[0m[1;34m
[0miterations: 200
Total iterations: 48412800 LUP
FLOP: 89
Total work: 4308739200 FLOP
performance: 0.292180 GLUP/s
Performance in GFLOP/s: 26.004046
size: 250000
time: 0.165695
[1;34m[pthread wrapper] 
[0m[1;34m[pthread wrapper] MAIN -> 0
[0m[1;34m[pthread wrapper] PIN_MASK: [0m[1;34m0->1  [0m[1;34m1->2  [0m[1;34m2->3  [0m[1;34m
[pthread wrapper] SKIP MASK: 0x0
[0m[1;34m	threadid 47153964070656 -> core 1 - OK[0m[1;34m
[0m[1;34m	threadid 47153966171904 -> core 2 - OK[0m[1;34m
[0m[1;34m	threadid 47153968273152 -> core 3 - OK[0m[1;34m
[0miterations: 200
Total iterations: 48412800 LUP
FLOP: 89
Total work: 4308739200 FLOP
performance: 0.292129 GLUP/s
Performance in GFLOP/s: 25.999482
size: 250000
time: 0.165724
[1;34m[pthread wrapper] 
[0m[1;34m[pthread wrapper] MAIN -> 0
[0m[1;34m[pthread wrapper] PIN_MASK: [0m[1;34m0->1  [0m[1;34m1->2  [0m[1;34m2->3  [0m[1;34m
[pthread wrapper] SKIP MASK: 0x0
[0m[1;34m	threadid 47690979641088 -> core 1 - OK[0m[1;34m
[0m[1;34m	threadid 47690981742336 -> core 2 - OK[0m[1;34m
[0m[1;34m	threadid 47690983843584 -> core 3 - OK[0m[1;34m
[0miterations: 200
Total iterations: 48412800 LUP
FLOP: 89
Total work: 4308739200 FLOP
performance: 0.293018 GLUP/s
Performance in GFLOP/s: 26.078645
size: 250000
time: 0.165221
[1;34m[pthread wrapper] 
[0m[1;34m[pthread wrapper] MAIN -> 0
[0m[1;34m[pthread wrapper] PIN_MASK: [0m[1;34m0->1  [0m[1;34m1->2  [0m[1;34m2->3  [0m[1;34m
[pthread wrapper] SKIP MASK: 0x0
[0m[1;34m	threadid 47159058958080 -> core 1 - OK[0m[1;34m
[0m[1;34m	threadid 47159061059328 -> core 2 - OK[0m[1;34m
[0m[1;34m	threadid 47159063160576 -> core 3 - OK[0m[1;34m
[0miterations: 200
Total iterations: 48412800 LUP
FLOP: 89
Total work: 4308739200 FLOP
performance: 0.292089 GLUP/s
Performance in GFLOP/s: 25.995892
size: 250000
time: 0.165747
[1;34m[pthread wrapper] 
[0m[1;34m[pthread wrapper] MAIN -> 0
[0m[1;34m[pthread wrapper] PIN_MASK: [0m[1;34m0->1  [0m[1;34m1->2  [0m[1;34m2->3  [0m[1;34m
[pthread wrapper] SKIP MASK: 0x0
[0m[1;34m	threadid 46919484540672 -> core 1 - OK[0m[1;34m
[0m[1;34m	threadid 46919486641920 -> core 2 - OK[0m[1;34m
[0m[1;34m	threadid 46919488743168 -> core 3 - OK[0m[1;34m
[0miterations: 200
Total iterations: 48412800 LUP
FLOP: 89
Total work: 4308739200 FLOP
performance: 0.292760 GLUP/s
Performance in GFLOP/s: 26.055635
size: 250000
time: 0.165367
[1;34m[pthread wrapper] 
[0m[1;34m[pthread wrapper] MAIN -> 0
[0m[1;34m[pthread wrapper] PIN_MASK: [0m[1;34m0->1  [0m[1;34m1->2  [0m[1;34m2->3  [0m[1;34m
[pthread wrapper] SKIP MASK: 0x0
[0m[1;34m	threadid 47160083805952 -> core 1 - OK[0m[1;34m
[0m[1;34m	threadid 47160085907200 -> core 2 - OK[0m[1;34m
[0m[1;34m	threadid 47160088008448 -> core 3 - OK[0m[1;34m
[0miterations: 200
Total iterations: 48412800 LUP
FLOP: 89
Total work: 4308739200 FLOP
performance: 0.292889 GLUP/s
Performance in GFLOP/s: 26.067135
size: 250000
time: 0.165294
[1;34m[pthread wrapper] 
[0m[1;34m[pthread wrapper] MAIN -> 0
[0m[1;34m[pthread wrapper] PIN_MASK: [0m[1;34m0->1  [0m[1;34m1->2  [0m[1;34m2->3  [0m[1;34m
[pthread wrapper] SKIP MASK: 0x0
[0m[1;34m	threadid 47421637859072 -> core 1 - OK[0m[1;34m
[0m[1;34m	threadid 47421639960320 -> core 2 - OK[0m[1;34m
[0m[1;34m	threadid 47421642061568 -> core 3 - OK[0m[1;34m
[0miterations: 200
Total iterations: 48412800 LUP
FLOP: 89
Total work: 4308739200 FLOP
performance: 0.292799 GLUP/s
Performance in GFLOP/s: 26.059091
size: 250000
time: 0.165345
[1;34m[pthread wrapper] 
[0m[1;34m[pthread wrapper] MAIN -> 0
[0m[1;34m[pthread wrapper] PIN_MASK: [0m[1;34m0->1  [0m[1;34m1->2  [0m[1;34m2->3  [0m[1;34m
[pthread wrapper] SKIP MASK: 0x0
[0m[1;34m	threadid 47851928409856 -> core 1 - OK[0m[1;34m
[0m[1;34m	threadid 47851930511104 -> core 2 - OK[0m[1;34m
[0m[1;34m	threadid 47851932612352 -> core 3 - OK[0m[1;34m
[0miterations: 200
Total iterations: 48412800 LUP
FLOP: 89
Total work: 4308739200 FLOP
performance: 0.292855 GLUP/s
Performance in GFLOP/s: 26.064127
size: 250000
time: 0.165313
