[1;34m[pthread wrapper] 
[0m[1;34m[pthread wrapper] MAIN -> 0
[0m[1;34m[pthread wrapper] PIN_MASK: [0m[1;34m0->1  [0m[1;34m1->2  [0m[1;34m2->3  [0m[1;34m
[pthread wrapper] SKIP MASK: 0x0
[0m[1;34m	threadid 47450724824832 -> core 1 - OK[0m[1;34m
[0m[1;34m	threadid 47450726926080 -> core 2 - OK[0m[1;34m
[0m[1;34m	threadid 47450729027328 -> core 3 - OK[0m[1;34m
[0miterations: 120
Total iterations: 29047680 LUP
FLOP: 89
Total work: 2585243520 FLOP
performance: 0.292163 GLUP/s
Performance in GFLOP/s: 26.002487
size: 250000
time: 0.099423
[1;34m[pthread wrapper] 
[0m[1;34m[pthread wrapper] MAIN -> 0
[0m[1;34m[pthread wrapper] PIN_MASK: [0m[1;34m0->1  [0m[1;34m1->2  [0m[1;34m2->3  [0m[1;34m
[pthread wrapper] SKIP MASK: 0x0
[0m[1;34m	threadid 47074641086208 -> core 1 - OK[0m[1;34m
[0m[1;34m	threadid 47074643187456 -> core 2 - OK[0m[1;34m
[0m[1;34m	threadid 47074645288704 -> core 3 - OK[0m[1;34m
[0miterations: 120
Total iterations: 29047680 LUP
FLOP: 89
Total work: 2585243520 FLOP
performance: 0.292042 GLUP/s
Performance in GFLOP/s: 25.991704
size: 250000
time: 0.099464
[1;34m[pthread wrapper] 
[0m[1;34m[pthread wrapper] MAIN -> 0
[0m[1;34m[pthread wrapper] PIN_MASK: [0m[1;34m0->1  [0m[1;34m1->2  [0m[1;34m2->3  [0m[1;34m
[pthread wrapper] SKIP MASK: 0x0
[0m[1;34m	threadid 47301554812672 -> core 1 - OK[0m[1;34m
[0m[1;34m	threadid 47301556913920 -> core 2 - OK[0m[1;34m
[0m[1;34m	threadid 47301559015168 -> core 3 - OK[0m[1;34m
[0miterations: 120
Total iterations: 29047680 LUP
FLOP: 89
Total work: 2585243520 FLOP
performance: 0.292174 GLUP/s
Performance in GFLOP/s: 26.003485
size: 250000
time: 0.099419
[1;34m[pthread wrapper] 
[0m[1;34m[pthread wrapper] MAIN -> 0
[0m[1;34m[pthread wrapper] PIN_MASK: [0m[1;34m0->1  [0m[1;34m1->2  [0m[1;34m2->3  [0m[1;34m
[pthread wrapper] SKIP MASK: 0x0
[0m[1;34m	threadid 46932404733696 -> core 1 - OK[0m[1;34m
[0m[1;34m	threadid 46932406834944 -> core 2 - OK[0m[1;34m
[0m[1;34m	threadid 46932408936192 -> core 3 - OK[0m[1;34m
[0miterations: 120
Total iterations: 29047680 LUP
FLOP: 89
Total work: 2585243520 FLOP
performance: 0.292955 GLUP/s
Performance in GFLOP/s: 26.073014
size: 250000
time: 0.099154
[1;34m[pthread wrapper] 
[0m[1;34m[pthread wrapper] MAIN -> 0
[0m[1;34m[pthread wrapper] PIN_MASK: [0m[1;34m0->1  [0m[1;34m1->2  [0m[1;34m2->3  [0m[1;34m
[pthread wrapper] SKIP MASK: 0x0
[0m[1;34m	threadid 47852793104128 -> core 1 - OK[0m[1;34m
[0m[1;34m	threadid 47852795205376 -> core 2 - OK[0m[1;34m
[0m[1;34m	threadid 47852797306624 -> core 3 - OK[0m[1;34m
[0miterations: 120
Total iterations: 29047680 LUP
FLOP: 89
Total work: 2585243520 FLOP
performance: 0.291831 GLUP/s
Performance in GFLOP/s: 25.972965
size: 250000
time: 0.099536
[1;34m[pthread wrapper] 
[0m[1;34m[pthread wrapper] MAIN -> 0
[0m[1;34m[pthread wrapper] PIN_MASK: [0m[1;34m0->1  [0m[1;34m1->2  [0m[1;34m2->3  [0m[1;34m
[pthread wrapper] SKIP MASK: 0x0
[0m[1;34m	threadid 47722490574592 -> core 1 - OK[0m[1;34m
[0m[1;34m	threadid 47722492675840 -> core 2 - OK[0m[1;34m
[0m[1;34m	threadid 47722494777088 -> core 3 - OK[0m[1;34m
[0miterations: 120
Total iterations: 29047680 LUP
FLOP: 89
Total work: 2585243520 FLOP
performance: 0.292086 GLUP/s
Performance in GFLOP/s: 25.995630
size: 250000
time: 0.099449
[1;34m[pthread wrapper] 
[0m[1;34m[pthread wrapper] MAIN -> 0
[0m[1;34m[pthread wrapper] PIN_MASK: [0m[1;34m0->1  [0m[1;34m1->2  [0m[1;34m2->3  [0m[1;34m
[pthread wrapper] SKIP MASK: 0x0
[0m[1;34m	threadid 47552736962304 -> core 1 - OK[0m[1;34m
[0m[1;34m	threadid 47552739063552 -> core 2 - OK[0m[1;34m
[0m[1;34m	threadid 47552741164800 -> core 3 - OK[0m[1;34m
[0miterations: 120
Total iterations: 29047680 LUP
FLOP: 89
Total work: 2585243520 FLOP
performance: 0.292958 GLUP/s
Performance in GFLOP/s: 26.073265
size: 250000
time: 0.099153
[1;34m[pthread wrapper] 
[0m[1;34m[pthread wrapper] MAIN -> 0
[0m[1;34m[pthread wrapper] PIN_MASK: [0m[1;34m0->1  [0m[1;34m1->2  [0m[1;34m2->3  [0m[1;34m
[pthread wrapper] SKIP MASK: 0x0
[0m[1;34m	threadid 47300535211776 -> core 1 - OK[0m[1;34m
[0m[1;34m	threadid 47300537313024 -> core 2 - OK[0m[1;34m
[0m[1;34m	threadid 47300539414272 -> core 3 - OK[0m[1;34m
[0miterations: 120
Total iterations: 29047680 LUP
FLOP: 89
Total work: 2585243520 FLOP
performance: 0.292042 GLUP/s
Performance in GFLOP/s: 25.991704
size: 250000
time: 0.099464
[1;34m[pthread wrapper] 
[0m[1;34m[pthread wrapper] MAIN -> 0
[0m[1;34m[pthread wrapper] PIN_MASK: [0m[1;34m0->1  [0m[1;34m1->2  [0m[1;34m2->3  [0m[1;34m
[pthread wrapper] SKIP MASK: 0x0
[0m[1;34m	threadid 47105423795968 -> core 1 - OK[0m[1;34m
[0m[1;34m	threadid 47105425897216 -> core 2 - OK[0m[1;34m
[0m[1;34m	threadid 47105427998464 -> core 3 - OK[0m[1;34m
[0miterations: 120
Total iterations: 29047680 LUP
FLOP: 89
Total work: 2585243520 FLOP
performance: 0.292201 GLUP/s
Performance in GFLOP/s: 26.005855
size: 250000
time: 0.099410
[1;34m[pthread wrapper] 
[0m[1;34m[pthread wrapper] MAIN -> 0
[0m[1;34m[pthread wrapper] PIN_MASK: [0m[1;34m0->1  [0m[1;34m1->2  [0m[1;34m2->3  [0m[1;34m
[pthread wrapper] SKIP MASK: 0x0
[0m[1;34m	threadid 47776212571904 -> core 1 - OK[0m[1;34m
[0m[1;34m	threadid 47776214673152 -> core 2 - OK[0m[1;34m
[0m[1;34m	threadid 47776216774400 -> core 3 - OK[0m[1;34m
[0miterations: 120
Total iterations: 29047680 LUP
FLOP: 89
Total work: 2585243520 FLOP
performance: 0.292802 GLUP/s
Performance in GFLOP/s: 26.059354
size: 250000
time: 0.099206
