[1;34m[pthread wrapper] 
[0m[1;34m[pthread wrapper] MAIN -> 0
[0m[1;34m[pthread wrapper] PIN_MASK: [0m[1;34m0->1  [0m[1;34m1->2  [0m[1;34m2->3  [0m[1;34m3->4  [0m[1;34m4->5  [0m[1;34m5->6  [0m[1;34m6->7  [0m[1;34m
[pthread wrapper] SKIP MASK: 0x0
[0m[1;34m	threadid 47874729977600 -> core 1 - OK[0m[1;34m
[0m[1;34m	threadid 47874732078848 -> core 2 - OK[0m[1;34m
[0m[1;34m	threadid 47874734180096 -> core 3 - OK[0m[1;34m
[0m[1;34m	threadid 47874736281344 -> core 4 - OK[0m[1;34m
[0m[1;34m	threadid 47874738382592 -> core 5 - OK[0m[1;34m
[0m[1;34m	threadid 47874740483840 -> core 6 - OK[0m[1;34m
[0m[1;34m	threadid 47874742585088 -> core 7 - OK[0m[1;34m
[0miterations: 200
Total iterations: 48412800 LUP
FLOP: 89
Total work: 4308739200 FLOP
performance: 0.574537 GLUP/s
Performance in GFLOP/s: 51.133784
size: 250000
time: 0.084264
[1;34m[pthread wrapper] 
[0m[1;34m[pthread wrapper] MAIN -> 0
[0m[1;34m[pthread wrapper] PIN_MASK: [0m[1;34m0->1  [0m[1;34m1->2  [0m[1;34m2->3  [0m[1;34m3->4  [0m[1;34m4->5  [0m[1;34m5->6  [0m[1;34m6->7  [0m[1;34m
[pthread wrapper] SKIP MASK: 0x0
[0m[1;34m	threadid 47270709221120 -> core 1 - OK[0m[1;34m
[0m[1;34m	threadid 47270711322368 -> core 2 - OK[0m[1;34m
[0m[1;34m	threadid 47270713423616 -> core 3 - OK[0m[1;34m
[0m[1;34m	threadid 47270715524864 -> core 4 - OK[0m[1;34m
[0m[1;34m	threadid 47270717626112 -> core 5 - OK[0m[1;34m
[0m[1;34m	threadid 47270719727360 -> core 6 - OK[0m[1;34m
[0m[1;34m	threadid 47270721828608 -> core 7 - OK[0m[1;34m
[0miterations: 200
Total iterations: 48412800 LUP
FLOP: 89
Total work: 4308739200 FLOP
performance: 0.574605 GLUP/s
Performance in GFLOP/s: 51.139861
size: 250000
time: 0.084254
[1;34m[pthread wrapper] 
[0m[1;34m[pthread wrapper] MAIN -> 0
[0m[1;34m[pthread wrapper] PIN_MASK: [0m[1;34m0->1  [0m[1;34m1->2  [0m[1;34m2->3  [0m[1;34m3->4  [0m[1;34m4->5  [0m[1;34m5->6  [0m[1;34m6->7  [0m[1;34m
[pthread wrapper] SKIP MASK: 0x0
[0m[1;34m	threadid 47851040986880 -> core 1 - OK[0m[1;34m
[0m[1;34m	threadid 47851043088128 -> core 2 - OK[0m[1;34m
[0m[1;34m	threadid 47851045189376 -> core 3 - OK[0m[1;34m
[0m[1;34m	threadid 47851047290624 -> core 4 - OK[0m[1;34m
[0m[1;34m	threadid 47851049391872 -> core 5 - OK[0m[1;34m
[0m[1;34m	threadid 47851051493120 -> core 6 - OK[0m[1;34m
[0m[1;34m	threadid 47851053594368 -> core 7 - OK[0m[1;34m
[0miterations: 200
Total iterations: 48412800 LUP
FLOP: 89
Total work: 4308739200 FLOP
performance: 0.574374 GLUP/s
Performance in GFLOP/s: 51.119320
size: 250000
time: 0.084288
[1;34m[pthread wrapper] 
[0m[1;34m[pthread wrapper] MAIN -> 0
[0m[1;34m[pthread wrapper] PIN_MASK: [0m[1;34m0->1  [0m[1;34m1->2  [0m[1;34m2->3  [0m[1;34m3->4  [0m[1;34m4->5  [0m[1;34m5->6  [0m[1;34m6->7  [0m[1;34m
[pthread wrapper] SKIP MASK: 0x0
[0m[1;34m	threadid 47557377410816 -> core 1 - OK[0m[1;34m
[0m[1;34m	threadid 47557379512064 -> core 2 - OK[0m[1;34m
[0m[1;34m	threadid 47557381613312 -> core 3 - OK[0m[1;34m
[0m[1;34m	threadid 47557383714560 -> core 4 - OK[0m[1;34m
[0m[1;34m	threadid 47557385815808 -> core 5 - OK[0m[1;34m
[0m[1;34m	threadid 47557387917056 -> core 6 - OK[0m[1;34m
[0m[1;34m	threadid 47557390018304 -> core 7 - OK[0m[1;34m
[0miterations: 200
Total iterations: 48412800 LUP
FLOP: 89
Total work: 4308739200 FLOP
performance: 0.573891 GLUP/s
Performance in GFLOP/s: 51.076266
size: 250000
time: 0.084359
[1;34m[pthread wrapper] 
[0m[1;34m[pthread wrapper] MAIN -> 0
[0m[1;34m[pthread wrapper] PIN_MASK: [0m[1;34m0->1  [0m[1;34m1->2  [0m[1;34m2->3  [0m[1;34m3->4  [0m[1;34m4->5  [0m[1;34m5->6  [0m[1;34m6->7  [0m[1;34m
[pthread wrapper] SKIP MASK: 0x0
[0m[1;34m	threadid 47087931643648 -> core 1 - OK[0m[1;34m
[0m[1;34m	threadid 47087933744896 -> core 2 - OK[0m[1;34m
[0m[1;34m	threadid 47087935846144 -> core 3 - OK[0m[1;34m
[0m[1;34m	threadid 47087937947392 -> core 4 - OK[0m[1;34m
[0m[1;34m	threadid 47087940048640 -> core 5 - OK[0m[1;34m
[0m[1;34m	threadid 47087942149888 -> core 6 - OK[0m[1;34m
[0m[1;34m	threadid 47087944251136 -> core 7 - OK[0m[1;34m
[0miterations: 200
Total iterations: 48412800 LUP
FLOP: 89
Total work: 4308739200 FLOP
performance: 0.574552 GLUP/s
Performance in GFLOP/s: 51.135086
size: 250000
time: 0.084262
[1;34m[pthread wrapper] 
[0m[1;34m[pthread wrapper] MAIN -> 0
[0m[1;34m[pthread wrapper] PIN_MASK: [0m[1;34m0->1  [0m[1;34m1->2  [0m[1;34m2->3  [0m[1;34m3->4  [0m[1;34m4->5  [0m[1;34m5->6  [0m[1;34m6->7  [0m[1;34m
[pthread wrapper] SKIP MASK: 0x0
[0m[1;34m	threadid 47053603612416 -> core 1 - OK[0m[1;34m
[0m[1;34m	threadid 47053605713664 -> core 2 - OK[0m[1;34m
[0m[1;34m	threadid 47053607814912 -> core 3 - OK[0m[1;34m
[0m[1;34m	threadid 47053609916160 -> core 4 - OK[0m[1;34m
[0m[1;34m	threadid 47053612017408 -> core 5 - OK[0m[1;34m
[0m[1;34m	threadid 47053614118656 -> core 6 - OK[0m[1;34m
[0m[1;34m	threadid 47053616219904 -> core 7 - OK[0m[1;34m
[0miterations: 200
Total iterations: 48412800 LUP
FLOP: 89
Total work: 4308739200 FLOP
performance: 0.574565 GLUP/s
Performance in GFLOP/s: 51.136243
size: 250000
time: 0.084260
[1;34m[pthread wrapper] 
[0m[1;34m[pthread wrapper] MAIN -> 0
[0m[1;34m[pthread wrapper] PIN_MASK: [0m[1;34m0->1  [0m[1;34m1->2  [0m[1;34m2->3  [0m[1;34m3->4  [0m[1;34m4->5  [0m[1;34m5->6  [0m[1;34m6->7  [0m[1;34m
[pthread wrapper] SKIP MASK: 0x0
[0m[1;34m	threadid 47501914359552 -> core 1 - OK[0m[1;34m
[0m[1;34m	threadid 47501916460800 -> core 2 - OK[0m[1;34m
[0m[1;34m	threadid 47501918562048 -> core 3 - OK[0m[1;34m
[0m[1;34m	threadid 47501920663296 -> core 4 - OK[0m[1;34m
[0m[1;34m	threadid 47501922764544 -> core 5 - OK[0m[1;34m
[0m[1;34m	threadid 47501924865792 -> core 6 - OK[0m[1;34m
[0m[1;34m	threadid 47501926967040 -> core 7 - OK[0m[1;34m
[0miterations: 200
Total iterations: 48412800 LUP
FLOP: 89
Total work: 4308739200 FLOP
performance: 0.574742 GLUP/s
Performance in GFLOP/s: 51.152020
size: 250000
time: 0.084234
[1;34m[pthread wrapper] 
[0m[1;34m[pthread wrapper] MAIN -> 0
[0m[1;34m[pthread wrapper] PIN_MASK: [0m[1;34m0->1  [0m[1;34m1->2  [0m[1;34m2->3  [0m[1;34m3->4  [0m[1;34m4->5  [0m[1;34m5->6  [0m[1;34m6->7  [0m[1;34m
[pthread wrapper] SKIP MASK: 0x0
[0m[1;34m	threadid 47525612480256 -> core 1 - OK[0m[1;34m
[0m[1;34m	threadid 47525614581504 -> core 2 - OK[0m[1;34m
[0m[1;34m	threadid 47525616682752 -> core 3 - OK[0m[1;34m
[0m[1;34m	threadid 47525618784000 -> core 4 - OK[0m[1;34m
[0m[1;34m	threadid 47525620885248 -> core 5 - OK[0m[1;34m
[0m[1;34m	threadid 47525622986496 -> core 6 - OK[0m[1;34m
[0m[1;34m	threadid 47525625087744 -> core 7 - OK[0m[1;34m
[0miterations: 200
Total iterations: 48412800 LUP
FLOP: 89
Total work: 4308739200 FLOP
performance: 0.574142 GLUP/s
Performance in GFLOP/s: 51.098651
size: 250000
time: 0.084322
[1;34m[pthread wrapper] 
[0m[1;34m[pthread wrapper] MAIN -> 0
[0m[1;34m[pthread wrapper] PIN_MASK: [0m[1;34m0->1  [0m[1;34m1->2  [0m[1;34m2->3  [0m[1;34m3->4  [0m[1;34m4->5  [0m[1;34m5->6  [0m[1;34m6->7  [0m[1;34m
[pthread wrapper] SKIP MASK: 0x0
[0m[1;34m	threadid 47440998000384 -> core 1 - OK[0m[1;34m
[0m[1;34m	threadid 47441000101632 -> core 2 - OK[0m[1;34m
[0m[1;34m	threadid 47441002202880 -> core 3 - OK[0m[1;34m
[0m[1;34m	threadid 47441004304128 -> core 4 - OK[0m[1;34m
[0m[1;34m	threadid 47441006405376 -> core 5 - OK[0m[1;34m
[0m[1;34m	threadid 47441008506624 -> core 6 - OK[0m[1;34m
[0m[1;34m	threadid 47441010607872 -> core 7 - OK[0m[1;34m
[0miterations: 200
Total iterations: 48412800 LUP
FLOP: 89
Total work: 4308739200 FLOP
performance: 0.574680 GLUP/s
Performance in GFLOP/s: 51.146519
size: 250000
time: 0.084243
[1;34m[pthread wrapper] 
[0m[1;34m[pthread wrapper] MAIN -> 0
[0m[1;34m[pthread wrapper] PIN_MASK: [0m[1;34m0->1  [0m[1;34m1->2  [0m[1;34m2->3  [0m[1;34m3->4  [0m[1;34m4->5  [0m[1;34m5->6  [0m[1;34m6->7  [0m[1;34m
[pthread wrapper] SKIP MASK: 0x0
[0m[1;34m	threadid 47377044817664 -> core 1 - OK[0m[1;34m
[0m[1;34m	threadid 47377046918912 -> core 2 - OK[0m[1;34m
[0m[1;34m	threadid 47377049020160 -> core 3 - OK[0m[1;34m
[0m[1;34m	threadid 47377051121408 -> core 4 - OK[0m[1;34m
[0m[1;34m	threadid 47377053222656 -> core 5 - OK[0m[1;34m
[0m[1;34m	threadid 47377055323904 -> core 6 - OK[0m[1;34m
[0m[1;34m	threadid 47377057425152 -> core 7 - OK[0m[1;34m
[0miterations: 200
Total iterations: 48412800 LUP
FLOP: 89
Total work: 4308739200 FLOP
performance: 0.574053 GLUP/s
Performance in GFLOP/s: 51.090706
size: 250000
time: 0.084335
