[1;34m[pthread wrapper] 
[0m[1;34m[pthread wrapper] MAIN -> 0
[0m[1;34m[pthread wrapper] PIN_MASK: [0m[1;34m0->1  [0m[1;34m1->2  [0m[1;34m2->3  [0m[1;34m3->4  [0m[1;34m4->5  [0m[1;34m5->6  [0m[1;34m6->7  [0m[1;34m7->8  [0m[1;34m8->9  [0m[1;34m
[pthread wrapper] SKIP MASK: 0x0
[0m[1;34m	threadid 47376193578752 -> core 1 - OK[0m[1;34m
[0m[1;34m	threadid 47376195680000 -> core 2 - OK[0m[1;34m
[0m[1;34m	threadid 47376197781248 -> core 3 - OK[0m[1;34m
[0m[1;34m	threadid 47376199882496 -> core 4 - OK[0m[1;34m
[0m[1;34m	threadid 47376201983744 -> core 5 - OK[0m[1;34m
[0m[1;34m	threadid 47376204084992 -> core 6 - OK[0m[1;34m
[0m[1;34m	threadid 47376206186240 -> core 7 - OK[0m[1;34m
[0m[1;34m	threadid 47376208287488 -> core 8 - OK[0m[1;34m
[0m[1;34m	threadid 47376210388736 -> core 9 - OK[0m[1;34m
[0miterations: 120
Total iterations: 29047680 LUP
FLOP: 89
Total work: 2585243520 FLOP
performance: 0.709014 GLUP/s
Performance in GFLOP/s: 63.102226
size: 250000
time: 0.040969
[1;34m[pthread wrapper] 
[0m[1;34m[pthread wrapper] MAIN -> 0
[0m[1;34m[pthread wrapper] PIN_MASK: [0m[1;34m0->1  [0m[1;34m1->2  [0m[1;34m2->3  [0m[1;34m3->4  [0m[1;34m4->5  [0m[1;34m5->6  [0m[1;34m6->7  [0m[1;34m7->8  [0m[1;34m8->9  [0m[1;34m
[pthread wrapper] SKIP MASK: 0x0
[0m[1;34m	threadid 47900801246976 -> core 1 - OK[0m[1;34m
[0m[1;34m	threadid 47900803348224 -> core 2 - OK[0m[1;34m
[0m[1;34m	threadid 47900805449472 -> core 3 - OK[0m[1;34m
[0m[1;34m	threadid 47900807550720 -> core 4 - OK[0m[1;34m
[0m[1;34m	threadid 47900809651968 -> core 5 - OK[0m[1;34m
[0m[1;34m	threadid 47900811753216 -> core 6 - OK[0m[1;34m
[0m[1;34m	threadid 47900813854464 -> core 7 - OK[0m[1;34m
[0m[1;34m	threadid 47900815955712 -> core 8 - OK[0m[1;34m
[0m[1;34m	threadid 47900818056960 -> core 9 - OK[0m[1;34m
[0miterations: 120
Total iterations: 29047680 LUP
FLOP: 89
Total work: 2585243520 FLOP
performance: 0.708824 GLUP/s
Performance in GFLOP/s: 63.085338
size: 250000
time: 0.040980
[1;34m[pthread wrapper] 
[0m[1;34m[pthread wrapper] MAIN -> 0
[0m[1;34m[pthread wrapper] PIN_MASK: [0m[1;34m0->1  [0m[1;34m1->2  [0m[1;34m2->3  [0m[1;34m3->4  [0m[1;34m4->5  [0m[1;34m5->6  [0m[1;34m6->7  [0m[1;34m7->8  [0m[1;34m8->9  [0m[1;34m
[pthread wrapper] SKIP MASK: 0x0
[0m[1;34m	threadid 47732952688384 -> core 1 - OK[0m[1;34m
[0m[1;34m	threadid 47732954789632 -> core 2 - OK[0m[1;34m
[0m[1;34m	threadid 47732956890880 -> core 3 - OK[0m[1;34m
[0m[1;34m	threadid 47732958992128 -> core 4 - OK[0m[1;34m
[0m[1;34m	threadid 47732961093376 -> core 5 - OK[0m[1;34m
[0m[1;34m	threadid 47732963194624 -> core 6 - OK[0m[1;34m
[0m[1;34m	threadid 47732965295872 -> core 7 - OK[0m[1;34m
[0m[1;34m	threadid 47732967397120 -> core 8 - OK[0m[1;34m
[0m[1;34m	threadid 47732969498368 -> core 9 - OK[0m[1;34m
[0miterations: 120
Total iterations: 29047680 LUP
FLOP: 89
Total work: 2585243520 FLOP
performance: 0.709051 GLUP/s
Performance in GFLOP/s: 63.105531
size: 250000
time: 0.040967
[1;34m[pthread wrapper] 
[0m[1;34m[pthread wrapper] MAIN -> 0
[0m[1;34m[pthread wrapper] PIN_MASK: [0m[1;34m0->1  [0m[1;34m1->2  [0m[1;34m2->3  [0m[1;34m3->4  [0m[1;34m4->5  [0m[1;34m5->6  [0m[1;34m6->7  [0m[1;34m7->8  [0m[1;34m8->9  [0m[1;34m
[pthread wrapper] SKIP MASK: 0x0
[0m[1;34m	threadid 47267675244288 -> core 1 - OK[0m[1;34m
[0m[1;34m	threadid 47267677345536 -> core 2 - OK[0m[1;34m
[0m[1;34m	threadid 47267679446784 -> core 3 - OK[0m[1;34m
[0m[1;34m	threadid 47267681548032 -> core 4 - OK[0m[1;34m
[0m[1;34m	threadid 47267683649280 -> core 5 - OK[0m[1;34m
[0m[1;34m	threadid 47267685750528 -> core 6 - OK[0m[1;34m
[0m[1;34m	threadid 47267687851776 -> core 7 - OK[0m[1;34m
[0m[1;34m	threadid 47267689953024 -> core 8 - OK[0m[1;34m
[0m[1;34m	threadid 47267692054272 -> core 9 - OK[0m[1;34m
[0miterations: 120
Total iterations: 29047680 LUP
FLOP: 89
Total work: 2585243520 FLOP
performance: 0.709001 GLUP/s
Performance in GFLOP/s: 63.101125
size: 250000
time: 0.040970
[1;34m[pthread wrapper] 
[0m[1;34m[pthread wrapper] MAIN -> 0
[0m[1;34m[pthread wrapper] PIN_MASK: [0m[1;34m0->1  [0m[1;34m1->2  [0m[1;34m2->3  [0m[1;34m3->4  [0m[1;34m4->5  [0m[1;34m5->6  [0m[1;34m6->7  [0m[1;34m7->8  [0m[1;34m8->9  [0m[1;34m
[pthread wrapper] SKIP MASK: 0x0
[0m[1;34m	threadid 47299413956352 -> core 1 - OK[0m[1;34m
[0m[1;34m	threadid 47299416057600 -> core 2 - OK[0m[1;34m
[0m[1;34m	threadid 47299418158848 -> core 3 - OK[0m[1;34m
[0m[1;34m	threadid 47299420260096 -> core 4 - OK[0m[1;34m
[0m[1;34m	threadid 47299422361344 -> core 5 - OK[0m[1;34m
[0m[1;34m	threadid 47299424462592 -> core 6 - OK[0m[1;34m
[0m[1;34m	threadid 47299426563840 -> core 7 - OK[0m[1;34m
[0m[1;34m	threadid 47299428665088 -> core 8 - OK[0m[1;34m
[0m[1;34m	threadid 47299430766336 -> core 9 - OK[0m[1;34m
[0miterations: 120
Total iterations: 29047680 LUP
FLOP: 89
Total work: 2585243520 FLOP
performance: 0.709067 GLUP/s
Performance in GFLOP/s: 63.107000
size: 250000
time: 0.040966
[1;34m[pthread wrapper] 
[0m[1;34m[pthread wrapper] MAIN -> 0
[0m[1;34m[pthread wrapper] PIN_MASK: [0m[1;34m0->1  [0m[1;34m1->2  [0m[1;34m2->3  [0m[1;34m3->4  [0m[1;34m4->5  [0m[1;34m5->6  [0m[1;34m6->7  [0m[1;34m7->8  [0m[1;34m8->9  [0m[1;34m
[pthread wrapper] SKIP MASK: 0x0
[0m[1;34m	threadid 47023235561216 -> core 1 - OK[0m[1;34m
[0m[1;34m	threadid 47023237662464 -> core 2 - OK[0m[1;34m
[0m[1;34m	threadid 47023239763712 -> core 3 - OK[0m[1;34m
[0m[1;34m	threadid 47023241864960 -> core 4 - OK[0m[1;34m
[0m[1;34m	threadid 47023243966208 -> core 5 - OK[0m[1;34m
[0m[1;34m	threadid 47023246067456 -> core 6 - OK[0m[1;34m
[0m[1;34m	threadid 47023248168704 -> core 7 - OK[0m[1;34m
[0m[1;34m	threadid 47023250269952 -> core 8 - OK[0m[1;34m
[0m[1;34m	threadid 47023252371200 -> core 9 - OK[0m[1;34m
[0miterations: 120
Total iterations: 29047680 LUP
FLOP: 89
Total work: 2585243520 FLOP
performance: 0.708704 GLUP/s
Performance in GFLOP/s: 63.074697
size: 250000
time: 0.040987
[1;34m[pthread wrapper] 
[0m[1;34m[pthread wrapper] MAIN -> 0
[0m[1;34m[pthread wrapper] PIN_MASK: [0m[1;34m0->1  [0m[1;34m1->2  [0m[1;34m2->3  [0m[1;34m3->4  [0m[1;34m4->5  [0m[1;34m5->6  [0m[1;34m6->7  [0m[1;34m7->8  [0m[1;34m8->9  [0m[1;34m
[pthread wrapper] SKIP MASK: 0x0
[0m[1;34m	threadid 47822125831936 -> core 1 - OK[0m[1;34m
[0m[1;34m	threadid 47822127933184 -> core 2 - OK[0m[1;34m
[0m[1;34m	threadid 47822130034432 -> core 3 - OK[0m[1;34m
[0m[1;34m	threadid 47822132135680 -> core 4 - OK[0m[1;34m
[0m[1;34m	threadid 47822134236928 -> core 5 - OK[0m[1;34m
[0m[1;34m	threadid 47822136338176 -> core 6 - OK[0m[1;34m
[0m[1;34m	threadid 47822138439424 -> core 7 - OK[0m[1;34m
[0m[1;34m	threadid 47822140540672 -> core 8 - OK[0m[1;34m
[0m[1;34m	threadid 47822142641920 -> core 9 - OK[0m[1;34m
[0miterations: 120
Total iterations: 29047680 LUP
FLOP: 89
Total work: 2585243520 FLOP
performance: 0.709014 GLUP/s
Performance in GFLOP/s: 63.102226
size: 250000
time: 0.040969
[1;34m[pthread wrapper] 
[0m[1;34m[pthread wrapper] MAIN -> 0
[0m[1;34m[pthread wrapper] PIN_MASK: [0m[1;34m0->1  [0m[1;34m1->2  [0m[1;34m2->3  [0m[1;34m3->4  [0m[1;34m4->5  [0m[1;34m5->6  [0m[1;34m6->7  [0m[1;34m7->8  [0m[1;34m8->9  [0m[1;34m
[pthread wrapper] SKIP MASK: 0x0
[0m[1;34m	threadid 47184143959808 -> core 1 - OK[0m[1;34m
[0m[1;34m	threadid 47184146061056 -> core 2 - OK[0m[1;34m
[0m[1;34m	threadid 47184148162304 -> core 3 - OK[0m[1;34m
[0m[1;34m	threadid 47184150263552 -> core 4 - OK[0m[1;34m
[0m[1;34m	threadid 47184152364800 -> core 5 - OK[0m[1;34m
[0m[1;34m	threadid 47184154466048 -> core 6 - OK[0m[1;34m
[0m[1;34m	threadid 47184156567296 -> core 7 - OK[0m[1;34m
[0m[1;34m	threadid 47184158668544 -> core 8 - OK[0m[1;34m
[0m[1;34m	threadid 47184160769792 -> core 9 - OK[0m[1;34m
[0miterations: 120
Total iterations: 29047680 LUP
FLOP: 89
Total work: 2585243520 FLOP
performance: 0.708911 GLUP/s
Performance in GFLOP/s: 63.093047
size: 250000
time: 0.040975
[1;34m[pthread wrapper] 
[0m[1;34m[pthread wrapper] MAIN -> 0
[0m[1;34m[pthread wrapper] PIN_MASK: [0m[1;34m0->1  [0m[1;34m1->2  [0m[1;34m2->3  [0m[1;34m3->4  [0m[1;34m4->5  [0m[1;34m5->6  [0m[1;34m6->7  [0m[1;34m7->8  [0m[1;34m8->9  [0m[1;34m
[pthread wrapper] SKIP MASK: 0x0
[0m[1;34m	threadid 47466226214656 -> core 1 - OK[0m[1;34m
[0m[1;34m	threadid 47466228315904 -> core 2 - OK[0m[1;34m
[0m[1;34m	threadid 47466230417152 -> core 3 - OK[0m[1;34m
[0m[1;34m	threadid 47466232518400 -> core 4 - OK[0m[1;34m
[0m[1;34m	threadid 47466234619648 -> core 5 - OK[0m[1;34m
[0m[1;34m	threadid 47466236720896 -> core 6 - OK[0m[1;34m
[0m[1;34m	threadid 47466238822144 -> core 7 - OK[0m[1;34m
[0m[1;34m	threadid 47466240923392 -> core 8 - OK[0m[1;34m
[0m[1;34m	threadid 47466243024640 -> core 9 - OK[0m[1;34m
[0miterations: 120
Total iterations: 29047680 LUP
FLOP: 89
Total work: 2585243520 FLOP
performance: 0.708948 GLUP/s
Performance in GFLOP/s: 63.096351
size: 250000
time: 0.040973
[1;34m[pthread wrapper] 
[0m[1;34m[pthread wrapper] MAIN -> 0
[0m[1;34m[pthread wrapper] PIN_MASK: [0m[1;34m0->1  [0m[1;34m1->2  [0m[1;34m2->3  [0m[1;34m3->4  [0m[1;34m4->5  [0m[1;34m5->6  [0m[1;34m6->7  [0m[1;34m7->8  [0m[1;34m8->9  [0m[1;34m
[pthread wrapper] SKIP MASK: 0x0
[0m[1;34m	threadid 47070904526592 -> core 1 - OK[0m[1;34m
[0m[1;34m	threadid 47070906627840 -> core 2 - OK[0m[1;34m
[0m[1;34m	threadid 47070908729088 -> core 3 - OK[0m[1;34m
[0m[1;34m	threadid 47070910830336 -> core 4 - OK[0m[1;34m
[0m[1;34m	threadid 47070912931584 -> core 5 - OK[0m[1;34m
[0m[1;34m	threadid 47070915032832 -> core 6 - OK[0m[1;34m
[0m[1;34m	threadid 47070917134080 -> core 7 - OK[0m[1;34m
[0m[1;34m	threadid 47070919235328 -> core 8 - OK[0m[1;34m
[0m[1;34m	threadid 47070921336576 -> core 9 - OK[0m[1;34m
[0miterations: 120
Total iterations: 29047680 LUP
FLOP: 89
Total work: 2585243520 FLOP
performance: 0.707893 GLUP/s
Performance in GFLOP/s: 63.002500
size: 250000
time: 0.041034
