[1;34m[pthread wrapper] 
[0m[1;34m[pthread wrapper] MAIN -> 0
[0m[1;34m[pthread wrapper] PIN_MASK: [0m[1;34m0->1  [0m[1;34m1->2  [0m[1;34m2->3  [0m[1;34m3->4  [0m[1;34m4->5  [0m[1;34m5->6  [0m[1;34m6->7  [0m[1;34m
[pthread wrapper] SKIP MASK: 0x0
[0m[1;34m	threadid 47619184576256 -> core 1 - OK[0m[1;34m
[0m[1;34m	threadid 47619186677504 -> core 2 - OK[0m[1;34m
[0m[1;34m	threadid 47619188778752 -> core 3 - OK[0m[1;34m
[0m[1;34m	threadid 47619190880000 -> core 4 - OK[0m[1;34m
[0m[1;34m	threadid 47619192981248 -> core 5 - OK[0m[1;34m
[0m[1;34m	threadid 47619195082496 -> core 6 - OK[0m[1;34m
[0m[1;34m	threadid 47619197183744 -> core 7 - OK[0m[1;34m
[0miterations: 120
Total iterations: 1074247680 LUP
FLOP: 89
Total work: 95608043520 FLOP
performance: 0.601606 GLUP/s
Performance in GFLOP/s: 53.542946
size: 9000000
time: 1.785633
[1;34m[pthread wrapper] 
[0m[1;34m[pthread wrapper] MAIN -> 0
[0m[1;34m[pthread wrapper] PIN_MASK: [0m[1;34m0->1  [0m[1;34m1->2  [0m[1;34m2->3  [0m[1;34m3->4  [0m[1;34m4->5  [0m[1;34m5->6  [0m[1;34m6->7  [0m[1;34m
[pthread wrapper] SKIP MASK: 0x0
[0m[1;34m	threadid 47102223271680 -> core 1 - OK[0m[1;34m
[0m[1;34m	threadid 47102225372928 -> core 2 - OK[0m[1;34m
[0m[1;34m	threadid 47102227474176 -> core 3 - OK[0m[1;34m
[0m[1;34m	threadid 47102229575424 -> core 4 - OK[0m[1;34m
[0m[1;34m	threadid 47102231676672 -> core 5 - OK[0m[1;34m
[0m[1;34m	threadid 47102233777920 -> core 6 - OK[0m[1;34m
[0m[1;34m	threadid 47102235879168 -> core 7 - OK[0m[1;34m
[0miterations: 120
Total iterations: 1074247680 LUP
FLOP: 89
Total work: 95608043520 FLOP
performance: 0.601588 GLUP/s
Performance in GFLOP/s: 53.541316
size: 9000000
time: 1.785687
[1;34m[pthread wrapper] 
[0m[1;34m[pthread wrapper] MAIN -> 0
[0m[1;34m[pthread wrapper] PIN_MASK: [0m[1;34m0->1  [0m[1;34m1->2  [0m[1;34m2->3  [0m[1;34m3->4  [0m[1;34m4->5  [0m[1;34m5->6  [0m[1;34m6->7  [0m[1;34m
[pthread wrapper] SKIP MASK: 0x0
[0m[1;34m	threadid 47437151762176 -> core 1 - OK[0m[1;34m
[0m[1;34m	threadid 47437153863424 -> core 2 - OK[0m[1;34m
[0m[1;34m	threadid 47437155964672 -> core 3 - OK[0m[1;34m
[0m[1;34m	threadid 47437158065920 -> core 4 - OK[0m[1;34m
[0m[1;34m	threadid 47437160167168 -> core 5 - OK[0m[1;34m
[0m[1;34m	threadid 47437162268416 -> core 6 - OK[0m[1;34m
[0m[1;34m	threadid 47437164369664 -> core 7 - OK[0m[1;34m
[0miterations: 120
Total iterations: 1074247680 LUP
FLOP: 89
Total work: 95608043520 FLOP
performance: 0.601449 GLUP/s
Performance in GFLOP/s: 53.529002
size: 9000000
time: 1.786098
[1;34m[pthread wrapper] 
[0m[1;34m[pthread wrapper] MAIN -> 0
[0m[1;34m[pthread wrapper] PIN_MASK: [0m[1;34m0->1  [0m[1;34m1->2  [0m[1;34m2->3  [0m[1;34m3->4  [0m[1;34m4->5  [0m[1;34m5->6  [0m[1;34m6->7  [0m[1;34m
[pthread wrapper] SKIP MASK: 0x0
[0m[1;34m	threadid 47676494051072 -> core 1 - OK[0m[1;34m
[0m[1;34m	threadid 47676496152320 -> core 2 - OK[0m[1;34m
[0m[1;34m	threadid 47676498253568 -> core 3 - OK[0m[1;34m
[0m[1;34m	threadid 47676500354816 -> core 4 - OK[0m[1;34m
[0m[1;34m	threadid 47676502456064 -> core 5 - OK[0m[1;34m
[0m[1;34m	threadid 47676504557312 -> core 6 - OK[0m[1;34m
[0m[1;34m	threadid 47676506658560 -> core 7 - OK[0m[1;34m
[0miterations: 120
Total iterations: 1074247680 LUP
FLOP: 89
Total work: 95608043520 FLOP
performance: 0.601662 GLUP/s
Performance in GFLOP/s: 53.547951
size: 9000000
time: 1.785466
[1;34m[pthread wrapper] 
[0m[1;34m[pthread wrapper] MAIN -> 0
[0m[1;34m[pthread wrapper] PIN_MASK: [0m[1;34m0->1  [0m[1;34m1->2  [0m[1;34m2->3  [0m[1;34m3->4  [0m[1;34m4->5  [0m[1;34m5->6  [0m[1;34m6->7  [0m[1;34m
[pthread wrapper] SKIP MASK: 0x0
[0m[1;34m	threadid 46932560606976 -> core 1 - OK[0m[1;34m
[0m[1;34m	threadid 46932562708224 -> core 2 - OK[0m[1;34m
[0m[1;34m	threadid 46932564809472 -> core 3 - OK[0m[1;34m
[0m[1;34m	threadid 46932566910720 -> core 4 - OK[0m[1;34m
[0m[1;34m	threadid 46932569011968 -> core 5 - OK[0m[1;34m
[0m[1;34m	threadid 46932571113216 -> core 6 - OK[0m[1;34m
[0m[1;34m	threadid 46932573214464 -> core 7 - OK[0m[1;34m
[0miterations: 120
Total iterations: 1074247680 LUP
FLOP: 89
Total work: 95608043520 FLOP
performance: 0.601273 GLUP/s
Performance in GFLOP/s: 53.513273
size: 9000000
time: 1.786623
[1;34m[pthread wrapper] 
[0m[1;34m[pthread wrapper] MAIN -> 0
[0m[1;34m[pthread wrapper] PIN_MASK: [0m[1;34m0->1  [0m[1;34m1->2  [0m[1;34m2->3  [0m[1;34m3->4  [0m[1;34m4->5  [0m[1;34m5->6  [0m[1;34m6->7  [0m[1;34m
[pthread wrapper] SKIP MASK: 0x0
[0m[1;34m	threadid 47469255386880 -> core 1 - OK[0m[1;34m
[0m[1;34m	threadid 47469257488128 -> core 2 - OK[0m[1;34m
[0m[1;34m	threadid 47469259589376 -> core 3 - OK[0m[1;34m
[0m[1;34m	threadid 47469261690624 -> core 4 - OK[0m[1;34m
[0m[1;34m	threadid 47469263791872 -> core 5 - OK[0m[1;34m
[0m[1;34m	threadid 47469265893120 -> core 6 - OK[0m[1;34m
[0m[1;34m	threadid 47469267994368 -> core 7 - OK[0m[1;34m
[0miterations: 120
Total iterations: 1074247680 LUP
FLOP: 89
Total work: 95608043520 FLOP
performance: 0.601948 GLUP/s
Performance in GFLOP/s: 53.573397
size: 9000000
time: 1.784618
[1;34m[pthread wrapper] 
[0m[1;34m[pthread wrapper] MAIN -> 0
[0m[1;34m[pthread wrapper] PIN_MASK: [0m[1;34m0->1  [0m[1;34m1->2  [0m[1;34m2->3  [0m[1;34m3->4  [0m[1;34m4->5  [0m[1;34m5->6  [0m[1;34m6->7  [0m[1;34m
[pthread wrapper] SKIP MASK: 0x0
[0m[1;34m	threadid 47240238065408 -> core 1 - OK[0m[1;34m
[0m[1;34m	threadid 47240240166656 -> core 2 - OK[0m[1;34m
[0m[1;34m	threadid 47240242267904 -> core 3 - OK[0m[1;34m
[0m[1;34m	threadid 47240244369152 -> core 4 - OK[0m[1;34m
[0m[1;34m	threadid 47240246470400 -> core 5 - OK[0m[1;34m
[0m[1;34m	threadid 47240248571648 -> core 6 - OK[0m[1;34m
[0m[1;34m	threadid 47240250672896 -> core 7 - OK[0m[1;34m
[0miterations: 120
Total iterations: 1074247680 LUP
FLOP: 89
Total work: 95608043520 FLOP
performance: 0.601660 GLUP/s
Performance in GFLOP/s: 53.547708
size: 9000000
time: 1.785474
[1;34m[pthread wrapper] 
[0m[1;34m[pthread wrapper] MAIN -> 0
[0m[1;34m[pthread wrapper] PIN_MASK: [0m[1;34m0->1  [0m[1;34m1->2  [0m[1;34m2->3  [0m[1;34m3->4  [0m[1;34m4->5  [0m[1;34m5->6  [0m[1;34m6->7  [0m[1;34m
[pthread wrapper] SKIP MASK: 0x0
[0m[1;34m	threadid 47159807969024 -> core 1 - OK[0m[1;34m
[0m[1;34m	threadid 47159810070272 -> core 2 - OK[0m[1;34m
[0m[1;34m	threadid 47159812171520 -> core 3 - OK[0m[1;34m
[0m[1;34m	threadid 47159814272768 -> core 4 - OK[0m[1;34m
[0m[1;34m	threadid 47159816374016 -> core 5 - OK[0m[1;34m
[0m[1;34m	threadid 47159818475264 -> core 6 - OK[0m[1;34m
[0m[1;34m	threadid 47159820576512 -> core 7 - OK[0m[1;34m
[0miterations: 120
Total iterations: 1074247680 LUP
FLOP: 89
Total work: 95608043520 FLOP
performance: 0.601921 GLUP/s
Performance in GFLOP/s: 53.570928
size: 9000000
time: 1.784700
[1;34m[pthread wrapper] 
[0m[1;34m[pthread wrapper] MAIN -> 0
[0m[1;34m[pthread wrapper] PIN_MASK: [0m[1;34m0->1  [0m[1;34m1->2  [0m[1;34m2->3  [0m[1;34m3->4  [0m[1;34m4->5  [0m[1;34m5->6  [0m[1;34m6->7  [0m[1;34m
[pthread wrapper] SKIP MASK: 0x0
[0m[1;34m	threadid 47930310100736 -> core 1 - OK[0m[1;34m
[0m[1;34m	threadid 47930312201984 -> core 2 - OK[0m[1;34m
[0m[1;34m	threadid 47930314303232 -> core 3 - OK[0m[1;34m
[0m[1;34m	threadid 47930316404480 -> core 4 - OK[0m[1;34m
[0m[1;34m	threadid 47930318505728 -> core 5 - OK[0m[1;34m
[0m[1;34m	threadid 47930320606976 -> core 6 - OK[0m[1;34m
[0m[1;34m	threadid 47930322708224 -> core 7 - OK[0m[1;34m
[0miterations: 120
Total iterations: 1074247680 LUP
FLOP: 89
Total work: 95608043520 FLOP
performance: 0.601822 GLUP/s
Performance in GFLOP/s: 53.562198
size: 9000000
time: 1.784991
[1;34m[pthread wrapper] 
[0m[1;34m[pthread wrapper] MAIN -> 0
[0m[1;34m[pthread wrapper] PIN_MASK: [0m[1;34m0->1  [0m[1;34m1->2  [0m[1;34m2->3  [0m[1;34m3->4  [0m[1;34m4->5  [0m[1;34m5->6  [0m[1;34m6->7  [0m[1;34m
[pthread wrapper] SKIP MASK: 0x0
[0m[1;34m	threadid 47826589271808 -> core 1 - OK[0m[1;34m
[0m[1;34m	threadid 47826591373056 -> core 2 - OK[0m[1;34m
[0m[1;34m	threadid 47826593474304 -> core 3 - OK[0m[1;34m
[0m[1;34m	threadid 47826595575552 -> core 4 - OK[0m[1;34m
[0m[1;34m	threadid 47826597676800 -> core 5 - OK[0m[1;34m
[0m[1;34m	threadid 47826599778048 -> core 6 - OK[0m[1;34m
[0m[1;34m	threadid 47826601879296 -> core 7 - OK[0m[1;34m
[0miterations: 120
Total iterations: 1074247680 LUP
FLOP: 89
Total work: 95608043520 FLOP
performance: 0.601815 GLUP/s
Performance in GFLOP/s: 53.561569
size: 9000000
time: 1.785012
