iterations: 200
Total iterations: 48412800 LUP
FLOP: 89
Total work: 4308739200 FLOP
performance: 1.188802 GLUP/s
Performance in GFLOP/s: 105.803336
size: 250000
time: 0.040724
iterations: 200
Total iterations: 48412800 LUP
FLOP: 89
Total work: 4308739200 FLOP
performance: 1.187522 GLUP/s
Performance in GFLOP/s: 105.689485
size: 250000
time: 0.040768
iterations: 200
Total iterations: 48412800 LUP
FLOP: 89
Total work: 4308739200 FLOP
performance: 1.190181 GLUP/s
Performance in GFLOP/s: 105.926125
size: 250000
time: 0.040677
iterations: 200
Total iterations: 48412800 LUP
FLOP: 89
Total work: 4308739200 FLOP
performance: 1.191760 GLUP/s
Performance in GFLOP/s: 106.066626
size: 250000
time: 0.040623
iterations: 200
Total iterations: 48412800 LUP
FLOP: 89
Total work: 4308739200 FLOP
performance: 1.184122 GLUP/s
Performance in GFLOP/s: 105.386870
size: 250000
time: 0.040885
iterations: 200
Total iterations: 48412800 LUP
FLOP: 89
Total work: 4308739200 FLOP
performance: 1.190705 GLUP/s
Performance in GFLOP/s: 105.972710
size: 250000
time: 0.040659
iterations: 200
Total iterations: 48412800 LUP
FLOP: 89
Total work: 4308739200 FLOP
performance: 1.189561 GLUP/s
Performance in GFLOP/s: 105.870897
size: 250000
time: 0.040698
iterations: 200
Total iterations: 48412800 LUP
FLOP: 89
Total work: 4308739200 FLOP
performance: 1.188983 GLUP/s
Performance in GFLOP/s: 105.819444
size: 250000
time: 0.040718
iterations: 200
Total iterations: 48412800 LUP
FLOP: 89
Total work: 4308739200 FLOP
performance: 1.186794 GLUP/s
Performance in GFLOP/s: 105.624625
size: 250000
time: 0.040793
iterations: 200
Total iterations: 48412800 LUP
FLOP: 89
Total work: 4308739200 FLOP
performance: 1.187668 GLUP/s
Performance in GFLOP/s: 105.702466
size: 250000
time: 0.040763
