iterations: 120
Total iterations: 1074247680 LUP
FLOP: 89
Total work: 95608043520 FLOP
performance: 1.015299 GLUP/s
Performance in GFLOP/s: 90.361571
size: 9000000
time: 1.058061
iterations: 120
Total iterations: 1074247680 LUP
FLOP: 89
Total work: 95608043520 FLOP
performance: 1.058244 GLUP/s
Performance in GFLOP/s: 94.183691
size: 9000000
time: 1.015123
iterations: 120
Total iterations: 1074247680 LUP
FLOP: 89
Total work: 95608043520 FLOP
performance: 1.033865 GLUP/s
Performance in GFLOP/s: 92.013988
size: 9000000
time: 1.039060
iterations: 120
Total iterations: 1074247680 LUP
FLOP: 89
Total work: 95608043520 FLOP
performance: 1.048466 GLUP/s
Performance in GFLOP/s: 93.313464
size: 9000000
time: 1.024590
iterations: 120
Total iterations: 1074247680 LUP
FLOP: 89
Total work: 95608043520 FLOP
performance: 1.044314 GLUP/s
Performance in GFLOP/s: 92.943911
size: 9000000
time: 1.028664
iterations: 120
Total iterations: 1074247680 LUP
FLOP: 89
Total work: 95608043520 FLOP
performance: 1.050108 GLUP/s
Performance in GFLOP/s: 93.459609
size: 9000000
time: 1.022988
iterations: 120
Total iterations: 1074247680 LUP
FLOP: 89
Total work: 95608043520 FLOP
performance: 1.030259 GLUP/s
Performance in GFLOP/s: 91.693031
size: 9000000
time: 1.042697
iterations: 120
Total iterations: 1074247680 LUP
FLOP: 89
Total work: 95608043520 FLOP
performance: 1.022989 GLUP/s
Performance in GFLOP/s: 91.046001
size: 9000000
time: 1.050107
iterations: 120
Total iterations: 1074247680 LUP
FLOP: 89
Total work: 95608043520 FLOP
performance: 1.044171 GLUP/s
Performance in GFLOP/s: 92.931246
size: 9000000
time: 1.028804
iterations: 120
Total iterations: 1074247680 LUP
FLOP: 89
Total work: 95608043520 FLOP
performance: 1.051823 GLUP/s
Performance in GFLOP/s: 93.612221
size: 9000000
time: 1.021320
