iterations: 200
Total iterations: 48412800 LUP
FLOP: 89
Total work: 4308739200 FLOP
performance: 1.187203 GLUP/s
Performance in GFLOP/s: 105.661060
size: 250000
time: 0.040779
iterations: 200
Total iterations: 48412800 LUP
FLOP: 89
Total work: 4308739200 FLOP
performance: 1.188481 GLUP/s
Performance in GFLOP/s: 105.774850
size: 250000
time: 0.040735
iterations: 200
Total iterations: 48412800 LUP
FLOP: 89
Total work: 4308739200 FLOP
performance: 1.188162 GLUP/s
Performance in GFLOP/s: 105.746380
size: 250000
time: 0.040746
iterations: 200
Total iterations: 48412800 LUP
FLOP: 89
Total work: 4308739200 FLOP
performance: 1.189122 GLUP/s
Performance in GFLOP/s: 105.831837
size: 250000
time: 0.040713
iterations: 200
Total iterations: 48412800 LUP
FLOP: 89
Total work: 4308739200 FLOP
performance: 1.189066 GLUP/s
Performance in GFLOP/s: 105.826880
size: 250000
time: 0.040715
iterations: 200
Total iterations: 48412800 LUP
FLOP: 89
Total work: 4308739200 FLOP
performance: 1.190181 GLUP/s
Performance in GFLOP/s: 105.926125
size: 250000
time: 0.040677
iterations: 200
Total iterations: 48412800 LUP
FLOP: 89
Total work: 4308739200 FLOP
performance: 1.188071 GLUP/s
Performance in GFLOP/s: 105.738337
size: 250000
time: 0.040749
iterations: 200
Total iterations: 48412800 LUP
FLOP: 89
Total work: 4308739200 FLOP
performance: 1.187870 GLUP/s
Performance in GFLOP/s: 105.720398
size: 250000
time: 0.040756
iterations: 200
Total iterations: 48412800 LUP
FLOP: 89
Total work: 4308739200 FLOP
performance: 1.189505 GLUP/s
Performance in GFLOP/s: 105.865935
size: 250000
time: 0.040700
iterations: 200
Total iterations: 48412800 LUP
FLOP: 89
Total work: 4308739200 FLOP
performance: 1.187633 GLUP/s
Performance in GFLOP/s: 105.699375
size: 250000
time: 0.040764
