iterations: 120
Total iterations: 1074247680 LUP
FLOP: 89
Total work: 95608043520 FLOP
performance: 0.075930 GLUP/s
Performance in GFLOP/s: 6.757742
size: 9000000
time: 14.147927
[1;34m[likwid-pin] Main PID -> core 0 - OK[0m
iterations: 120
Total iterations: 1074247680 LUP
FLOP: 89
Total work: 95608043520 FLOP
performance: 0.075901 GLUP/s
Performance in GFLOP/s: 6.755166
size: 9000000
time: 14.153323
[1;34m[likwid-pin] Main PID -> core 0 - OK[0m
iterations: 120
Total iterations: 1074247680 LUP
FLOP: 89
Total work: 95608043520 FLOP
performance: 0.075866 GLUP/s
Performance in GFLOP/s: 6.752106
size: 9000000
time: 14.159737
[1;34m[likwid-pin] Main PID -> core 0 - OK[0m
iterations: 120
Total iterations: 1074247680 LUP
FLOP: 89
Total work: 95608043520 FLOP
performance: 0.076060 GLUP/s
Performance in GFLOP/s: 6.769336
size: 9000000
time: 14.123697
[1;34m[likwid-pin] Main PID -> core 0 - OK[0m
iterations: 120
Total iterations: 1074247680 LUP
FLOP: 89
Total work: 95608043520 FLOP
performance: 0.075855 GLUP/s
Performance in GFLOP/s: 6.751105
size: 9000000
time: 14.161836
[1;34m[likwid-pin] Main PID -> core 0 - OK[0m
iterations: 120
Total iterations: 1074247680 LUP
FLOP: 89
Total work: 95608043520 FLOP
performance: 0.076066 GLUP/s
Performance in GFLOP/s: 6.769913
size: 9000000
time: 14.122492
[1;34m[likwid-pin] Main PID -> core 0 - OK[0m
iterations: 120
Total iterations: 1074247680 LUP
FLOP: 89
Total work: 95608043520 FLOP
performance: 0.076090 GLUP/s
Performance in GFLOP/s: 6.771978
size: 9000000
time: 14.118185
[1;34m[likwid-pin] Main PID -> core 0 - OK[0m
iterations: 120
Total iterations: 1074247680 LUP
FLOP: 89
Total work: 95608043520 FLOP
performance: 0.076025 GLUP/s
Performance in GFLOP/s: 6.766204
size: 9000000
time: 14.130234
[1;34m[likwid-pin] Main PID -> core 0 - OK[0m
iterations: 120
Total iterations: 1074247680 LUP
FLOP: 89
Total work: 95608043520 FLOP
performance: 0.076068 GLUP/s
Performance in GFLOP/s: 6.770092
size: 9000000
time: 14.122119
[1;34m[likwid-pin] Main PID -> core 0 - OK[0m
iterations: 120
Total iterations: 1074247680 LUP
FLOP: 89
Total work: 95608043520 FLOP
performance: 0.075890 GLUP/s
Performance in GFLOP/s: 6.754210
size: 9000000
time: 14.155327
[1;34m[likwid-pin] Main PID -> core 0 - OK[0m
