iterations: 120
Total iterations: 1074247680 LUP
FLOP: 89
Total work: 95608043520 FLOP
performance: 0.151044 GLUP/s
Performance in GFLOP/s: 13.442923
size: 9000000
time: 7.112147
iterations: 120
Total iterations: 1074247680 LUP
FLOP: 89
Total work: 95608043520 FLOP
performance: 0.150106 GLUP/s
Performance in GFLOP/s: 13.359458
size: 9000000
time: 7.156581
iterations: 120
Total iterations: 1074247680 LUP
FLOP: 89
Total work: 95608043520 FLOP
performance: 0.150144 GLUP/s
Performance in GFLOP/s: 13.362834
size: 9000000
time: 7.154773
iterations: 120
Total iterations: 1074247680 LUP
FLOP: 89
Total work: 95608043520 FLOP
performance: 0.150015 GLUP/s
Performance in GFLOP/s: 13.351309
size: 9000000
time: 7.160949
iterations: 120
Total iterations: 1074247680 LUP
FLOP: 89
Total work: 95608043520 FLOP
performance: 0.150392 GLUP/s
Performance in GFLOP/s: 13.384860
size: 9000000
time: 7.142999
iterations: 120
Total iterations: 1074247680 LUP
FLOP: 89
Total work: 95608043520 FLOP
performance: 0.150261 GLUP/s
Performance in GFLOP/s: 13.373273
size: 9000000
time: 7.149188
iterations: 120
Total iterations: 1074247680 LUP
FLOP: 89
Total work: 95608043520 FLOP
performance: 0.150206 GLUP/s
Performance in GFLOP/s: 13.368374
size: 9000000
time: 7.151808
iterations: 120
Total iterations: 1074247680 LUP
FLOP: 89
Total work: 95608043520 FLOP
performance: 0.149958 GLUP/s
Performance in GFLOP/s: 13.346258
size: 9000000
time: 7.163659
iterations: 120
Total iterations: 1074247680 LUP
FLOP: 89
Total work: 95608043520 FLOP
performance: 0.150280 GLUP/s
Performance in GFLOP/s: 13.374920
size: 9000000
time: 7.148308
iterations: 120
Total iterations: 1074247680 LUP
FLOP: 89
Total work: 95608043520 FLOP
performance: 0.150030 GLUP/s
Performance in GFLOP/s: 13.352676
size: 9000000
time: 7.160216
