[1;34m[pthread wrapper] 
[0m[1;34m[pthread wrapper] MAIN -> 0
[0m[1;34m[pthread wrapper] PIN_MASK: [0m[1;34m0->1  [0m[1;34m1->2  [0m[1;34m2->3  [0m[1;34m3->4  [0m[1;34m4->5  [0m[1;34m5->6  [0m[1;34m6->7  [0m[1;34m7->8  [0m[1;34m8->9  [0m[1;34m9->10  [0m[1;34m10->11  [0m[1;34m11->12  [0m[1;34m12->13  [0m[1;34m13->14  [0m[1;34m14->15  [0m[1;34m15->16  [0m[1;34m16->17  [0m[1;34m17->18  [0m[1;34m18->19  [0m[1;34m
[pthread wrapper] SKIP MASK: 0x0
[0m[1;34m	threadid 47138030540544 -> core 1 - OK[0m[1;34m
[0m[1;34m	threadid 47138032641792 -> core 2 - OK[0m[1;34m
[0m[1;34m	threadid 47138034743040 -> core 3 - OK[0m[1;34m
[0m[1;34m	threadid 47138036844288 -> core 4 - OK[0m[1;34m
[0m[1;34m	threadid 47138038945536 -> core 5 - OK[0m[1;34m
[0m[1;34m	threadid 47138041046784 -> core 6 - OK[0m[1;34m
[0m[1;34m	threadid 47138043148032 -> core 7 - OK[0m[1;34m
[0m[1;34m	threadid 47138045249280 -> core 8 - OK[0m[1;34m
[0m[1;34m	threadid 47138047350528 -> core 9 - OK[0m[1;34m
[0m[1;34m	threadid 47138049451776 -> core 10 - OK[0m[1;34m
[0m[1;34m	threadid 47138051553024 -> core 11 - OK[0m[1;34m
[0m[1;34m	threadid 47138053654272 -> core 12 - OK[0m[1;34m
[0m[1;34m	threadid 47138055755520 -> core 13 - OK[0m[1;34m
[0m[1;34m	threadid 47138057856768 -> core 14 - OK[0m[1;34m
[0m[1;34m	threadid 47138059958016 -> core 15 - OK[0m[1;34m
[0m[1;34m	threadid 47138062059264 -> core 16 - OK[0m[1;34m
[0m[1;34m	threadid 47138064160512 -> core 17 - OK[0m[1;34m
[0m[1;34m	threadid 47138066261760 -> core 18 - OK[0m[1;34m
[0m[1;34m	threadid 47138068363008 -> core 19 - OK[0m[1;34m
[0miterations: 120
Total iterations: 1074247680 LUP
FLOP: 89
Total work: 95608043520 FLOP
performance: 1.152286 GLUP/s
Performance in GFLOP/s: 102.553472
size: 9000000
time: 0.932275
[1;34m[pthread wrapper] 
[0m[1;34m[pthread wrapper] MAIN -> 0
[0m[1;34m[pthread wrapper] PIN_MASK: [0m[1;34m0->1  [0m[1;34m1->2  [0m[1;34m2->3  [0m[1;34m3->4  [0m[1;34m4->5  [0m[1;34m5->6  [0m[1;34m6->7  [0m[1;34m7->8  [0m[1;34m8->9  [0m[1;34m9->10  [0m[1;34m10->11  [0m[1;34m11->12  [0m[1;34m12->13  [0m[1;34m13->14  [0m[1;34m14->15  [0m[1;34m15->16  [0m[1;34m16->17  [0m[1;34m17->18  [0m[1;34m18->19  [0m[1;34m
[pthread wrapper] SKIP MASK: 0x0
[0m[1;34m	threadid 47034994861824 -> core 1 - OK[0m[1;34m
[0m[1;34m	threadid 47034996963072 -> core 2 - OK[0m[1;34m
[0m[1;34m	threadid 47034999064320 -> core 3 - OK[0m[1;34m
[0m[1;34m	threadid 47035001165568 -> core 4 - OK[0m[1;34m
[0m[1;34m	threadid 47035003266816 -> core 5 - OK[0m[1;34m
[0m[1;34m	threadid 47035005368064 -> core 6 - OK[0m[1;34m
[0m[1;34m	threadid 47035007469312 -> core 7 - OK[0m[1;34m
[0m[1;34m	threadid 47035009570560 -> core 8 - OK[0m[1;34m
[0m[1;34m	threadid 47035011671808 -> core 9 - OK[0m[1;34m
[0m[1;34m	threadid 47035013773056 -> core 10 - OK[0m[1;34m
[0m[1;34m	threadid 47035015874304 -> core 11 - OK[0m[1;34m
[0m[1;34m	threadid 47035017975552 -> core 12 - OK[0m[1;34m
[0m[1;34m	threadid 47035020076800 -> core 13 - OK[0m[1;34m
[0m[1;34m	threadid 47035022178048 -> core 14 - OK[0m[1;34m
[0m[1;34m	threadid 47035024279296 -> core 15 - OK[0m[1;34m
[0m[1;34m	threadid 47035026380544 -> core 16 - OK[0m[1;34m
[0m[1;34m	threadid 47035028481792 -> core 17 - OK[0m[1;34m
[0m[1;34m	threadid 47035030583040 -> core 18 - OK[0m[1;34m
[0m[1;34m	threadid 47035032684288 -> core 19 - OK[0m[1;34m
[0miterations: 120
Total iterations: 1074247680 LUP
FLOP: 89
Total work: 95608043520 FLOP
performance: 1.166789 GLUP/s
Performance in GFLOP/s: 103.844246
size: 9000000
time: 0.920687
[1;34m[pthread wrapper] 
[0m[1;34m[pthread wrapper] MAIN -> 0
[0m[1;34m[pthread wrapper] PIN_MASK: [0m[1;34m0->1  [0m[1;34m1->2  [0m[1;34m2->3  [0m[1;34m3->4  [0m[1;34m4->5  [0m[1;34m5->6  [0m[1;34m6->7  [0m[1;34m7->8  [0m[1;34m8->9  [0m[1;34m9->10  [0m[1;34m10->11  [0m[1;34m11->12  [0m[1;34m12->13  [0m[1;34m13->14  [0m[1;34m14->15  [0m[1;34m15->16  [0m[1;34m16->17  [0m[1;34m17->18  [0m[1;34m18->19  [0m[1;34m
[pthread wrapper] SKIP MASK: 0x0
[0m[1;34m	threadid 47310673295104 -> core 1 - OK[0m[1;34m
[0m[1;34m	threadid 47310675396352 -> core 2 - OK[0m[1;34m
[0m[1;34m	threadid 47310677497600 -> core 3 - OK[0m[1;34m
[0m[1;34m	threadid 47310679598848 -> core 4 - OK[0m[1;34m
[0m[1;34m	threadid 47310681700096 -> core 5 - OK[0m[1;34m
[0m[1;34m	threadid 47310683801344 -> core 6 - OK[0m[1;34m
[0m[1;34m	threadid 47310685902592 -> core 7 - OK[0m[1;34m
[0m[1;34m	threadid 47310688003840 -> core 8 - OK[0m[1;34m
[0m[1;34m	threadid 47310690105088 -> core 9 - OK[0m[1;34m
[0m[1;34m	threadid 47310692206336 -> core 10 - OK[0m[1;34m
[0m[1;34m	threadid 47310694307584 -> core 11 - OK[0m[1;34m
[0m[1;34m	threadid 47310696408832 -> core 12 - OK[0m[1;34m
[0m[1;34m	threadid 47310698510080 -> core 13 - OK[0m[1;34m
[0m[1;34m	threadid 47310700611328 -> core 14 - OK[0m[1;34m
[0m[1;34m	threadid 47310702712576 -> core 15 - OK[0m[1;34m
[0m[1;34m	threadid 47310704813824 -> core 16 - OK[0m[1;34m
[0m[1;34m	threadid 47310706915072 -> core 17 - OK[0m[1;34m
[0m[1;34m	threadid 47310709016320 -> core 18 - OK[0m[1;34m
[0m[1;34m	threadid 47310711117568 -> core 19 - OK[0m[1;34m
[0miterations: 120
Total iterations: 1074247680 LUP
FLOP: 89
Total work: 95608043520 FLOP
performance: 1.174584 GLUP/s
Performance in GFLOP/s: 104.537992
size: 9000000
time: 0.914577
[1;34m[pthread wrapper] 
[0m[1;34m[pthread wrapper] MAIN -> 0
[0m[1;34m[pthread wrapper] PIN_MASK: [0m[1;34m0->1  [0m[1;34m1->2  [0m[1;34m2->3  [0m[1;34m3->4  [0m[1;34m4->5  [0m[1;34m5->6  [0m[1;34m6->7  [0m[1;34m7->8  [0m[1;34m8->9  [0m[1;34m9->10  [0m[1;34m10->11  [0m[1;34m11->12  [0m[1;34m12->13  [0m[1;34m13->14  [0m[1;34m14->15  [0m[1;34m15->16  [0m[1;34m16->17  [0m[1;34m17->18  [0m[1;34m18->19  [0m[1;34m
[pthread wrapper] SKIP MASK: 0x0
[0m[1;34m	threadid 47434644248320 -> core 1 - OK[0m[1;34m
[0m[1;34m	threadid 47434646349568 -> core 2 - OK[0m[1;34m
[0m[1;34m	threadid 47434648450816 -> core 3 - OK[0m[1;34m
[0m[1;34m	threadid 47434650552064 -> core 4 - OK[0m[1;34m
[0m[1;34m	threadid 47434652653312 -> core 5 - OK[0m[1;34m
[0m[1;34m	threadid 47434654754560 -> core 6 - OK[0m[1;34m
[0m[1;34m	threadid 47434656855808 -> core 7 - OK[0m[1;34m
[0m[1;34m	threadid 47434658957056 -> core 8 - OK[0m[1;34m
[0m[1;34m	threadid 47434661058304 -> core 9 - OK[0m[1;34m
[0m[1;34m	threadid 47434663159552 -> core 10 - OK[0m[1;34m
[0m[1;34m	threadid 47434665260800 -> core 11 - OK[0m[1;34m
[0m[1;34m	threadid 47434667362048 -> core 12 - OK[0m[1;34m
[0m[1;34m	threadid 47434669463296 -> core 13 - OK[0m[1;34m
[0m[1;34m	threadid 47434671564544 -> core 14 - OK[0m[1;34m
[0m[1;34m	threadid 47434673665792 -> core 15 - OK[0m[1;34m
[0m[1;34m	threadid 47434675767040 -> core 16 - OK[0m[1;34m
[0m[1;34m	threadid 47434677868288 -> core 17 - OK[0m[1;34m
[0m[1;34m	threadid 47434679969536 -> core 18 - OK[0m[1;34m
[0m[1;34m	threadid 47434682070784 -> core 19 - OK[0m[1;34m
[0miterations: 120
Total iterations: 1074247680 LUP
FLOP: 89
Total work: 95608043520 FLOP
performance: 1.154559 GLUP/s
Performance in GFLOP/s: 102.755738
size: 9000000
time: 0.930440
[1;34m[pthread wrapper] 
[0m[1;34m[pthread wrapper] MAIN -> 0
[0m[1;34m[pthread wrapper] PIN_MASK: [0m[1;34m0->1  [0m[1;34m1->2  [0m[1;34m2->3  [0m[1;34m3->4  [0m[1;34m4->5  [0m[1;34m5->6  [0m[1;34m6->7  [0m[1;34m7->8  [0m[1;34m8->9  [0m[1;34m9->10  [0m[1;34m10->11  [0m[1;34m11->12  [0m[1;34m12->13  [0m[1;34m13->14  [0m[1;34m14->15  [0m[1;34m15->16  [0m[1;34m16->17  [0m[1;34m17->18  [0m[1;34m18->19  [0m[1;34m
[pthread wrapper] SKIP MASK: 0x0
[0m[1;34m	threadid 47012343162624 -> core 1 - OK[0m[1;34m
[0m[1;34m	threadid 47012345263872 -> core 2 - OK[0m[1;34m
[0m[1;34m	threadid 47012347365120 -> core 3 - OK[0m[1;34m
[0m[1;34m	threadid 47012349466368 -> core 4 - OK[0m[1;34m
[0m[1;34m	threadid 47012351567616 -> core 5 - OK[0m[1;34m
[0m[1;34m	threadid 47012353668864 -> core 6 - OK[0m[1;34m
[0m[1;34m	threadid 47012355770112 -> core 7 - OK[0m[1;34m
[0m[1;34m	threadid 47012357871360 -> core 8 - OK[0m[1;34m
[0m[1;34m	threadid 47012359972608 -> core 9 - OK[0m[1;34m
[0m[1;34m	threadid 47012362073856 -> core 10 - OK[0m[1;34m
[0m[1;34m	threadid 47012364175104 -> core 11 - OK[0m[1;34m
[0m[1;34m	threadid 47012366276352 -> core 12 - OK[0m[1;34m
[0m[1;34m	threadid 47012368377600 -> core 13 - OK[0m[1;34m
[0m[1;34m	threadid 47012370478848 -> core 14 - OK[0m[1;34m
[0m[1;34m	threadid 47012372580096 -> core 15 - OK[0m[1;34m
[0m[1;34m	threadid 47012374681344 -> core 16 - OK[0m[1;34m
[0m[1;34m	threadid 47012376782592 -> core 17 - OK[0m[1;34m
[0m[1;34m	threadid 47012378883840 -> core 18 - OK[0m[1;34m
[0m[1;34m	threadid 47012380985088 -> core 19 - OK[0m[1;34m
[0miterations: 120
Total iterations: 1074247680 LUP
FLOP: 89
Total work: 95608043520 FLOP
performance: 1.192842 GLUP/s
Performance in GFLOP/s: 106.162977
size: 9000000
time: 0.900578
[1;34m[pthread wrapper] 
[0m[1;34m[pthread wrapper] MAIN -> 0
[0m[1;34m[pthread wrapper] PIN_MASK: [0m[1;34m0->1  [0m[1;34m1->2  [0m[1;34m2->3  [0m[1;34m3->4  [0m[1;34m4->5  [0m[1;34m5->6  [0m[1;34m6->7  [0m[1;34m7->8  [0m[1;34m8->9  [0m[1;34m9->10  [0m[1;34m10->11  [0m[1;34m11->12  [0m[1;34m12->13  [0m[1;34m13->14  [0m[1;34m14->15  [0m[1;34m15->16  [0m[1;34m16->17  [0m[1;34m17->18  [0m[1;34m18->19  [0m[1;34m
[pthread wrapper] SKIP MASK: 0x0
[0m[1;34m	threadid 47466422736640 -> core 1 - OK[0m[1;34m
[0m[1;34m	threadid 47466424837888 -> core 2 - OK[0m[1;34m
[0m[1;34m	threadid 47466426939136 -> core 3 - OK[0m[1;34m
[0m[1;34m	threadid 47466429040384 -> core 4 - OK[0m[1;34m
[0m[1;34m	threadid 47466431141632 -> core 5 - OK[0m[1;34m
[0m[1;34m	threadid 47466433242880 -> core 6 - OK[0m[1;34m
[0m[1;34m	threadid 47466435344128 -> core 7 - OK[0m[1;34m
[0m[1;34m	threadid 47466437445376 -> core 8 - OK[0m[1;34m
[0m[1;34m	threadid 47466439546624 -> core 9 - OK[0m[1;34m
[0m[1;34m	threadid 47466441647872 -> core 10 - OK[0m[1;34m
[0m[1;34m	threadid 47466443749120 -> core 11 - OK[0m[1;34m
[0m[1;34m	threadid 47466445850368 -> core 12 - OK[0m[1;34m
[0m[1;34m	threadid 47466447951616 -> core 13 - OK[0m[1;34m
[0m[1;34m	threadid 47466450052864 -> core 14 - OK[0m[1;34m
[0m[1;34m	threadid 47466452154112 -> core 15 - OK[0m[1;34m
[0m[1;34m	threadid 47466454255360 -> core 16 - OK[0m[1;34m
[0m[1;34m	threadid 47466456356608 -> core 17 - OK[0m[1;34m
[0m[1;34m	threadid 47466458457856 -> core 18 - OK[0m[1;34m
[0m[1;34m	threadid 47466460559104 -> core 19 - OK[0m[1;34m
[0miterations: 120
Total iterations: 1074247680 LUP
FLOP: 89
Total work: 95608043520 FLOP
performance: 1.174164 GLUP/s
Performance in GFLOP/s: 104.500616
size: 9000000
time: 0.914904
[1;34m[pthread wrapper] 
[0m[1;34m[pthread wrapper] MAIN -> 0
[0m[1;34m[pthread wrapper] PIN_MASK: [0m[1;34m0->1  [0m[1;34m1->2  [0m[1;34m2->3  [0m[1;34m3->4  [0m[1;34m4->5  [0m[1;34m5->6  [0m[1;34m6->7  [0m[1;34m7->8  [0m[1;34m8->9  [0m[1;34m9->10  [0m[1;34m10->11  [0m[1;34m11->12  [0m[1;34m12->13  [0m[1;34m13->14  [0m[1;34m14->15  [0m[1;34m15->16  [0m[1;34m16->17  [0m[1;34m17->18  [0m[1;34m18->19  [0m[1;34m
[pthread wrapper] SKIP MASK: 0x0
[0m[1;34m	threadid 47234636596992 -> core 1 - OK[0m[1;34m
[0m[1;34m	threadid 47234638698240 -> core 2 - OK[0m[1;34m
[0m[1;34m	threadid 47234640799488 -> core 3 - OK[0m[1;34m
[0m[1;34m	threadid 47234642900736 -> core 4 - OK[0m[1;34m
[0m[1;34m	threadid 47234645001984 -> core 5 - OK[0m[1;34m
[0m[1;34m	threadid 47234647103232 -> core 6 - OK[0m[1;34m
[0m[1;34m	threadid 47234649204480 -> core 7 - OK[0m[1;34m
[0m[1;34m	threadid 47234651305728 -> core 8 - OK[0m[1;34m
[0m[1;34m	threadid 47234653406976 -> core 9 - OK[0m[1;34m
[0m[1;34m	threadid 47234655508224 -> core 10 - OK[0m[1;34m
[0m[1;34m	threadid 47234657609472 -> core 11 - OK[0m[1;34m
[0m[1;34m	threadid 47234659710720 -> core 12 - OK[0m[1;34m
[0m[1;34m	threadid 47234661811968 -> core 13 - OK[0m[1;34m
[0m[1;34m	threadid 47234663913216 -> core 14 - OK[0m[1;34m
[0m[1;34m	threadid 47234666014464 -> core 15 - OK[0m[1;34m
[0m[1;34m	threadid 47234668115712 -> core 16 - OK[0m[1;34m
[0m[1;34m	threadid 47234670216960 -> core 17 - OK[0m[1;34m
[0m[1;34m	threadid 47234672318208 -> core 18 - OK[0m[1;34m
[0m[1;34m	threadid 47234674419456 -> core 19 - OK[0m[1;34m
[0miterations: 120
Total iterations: 1074247680 LUP
FLOP: 89
Total work: 95608043520 FLOP
performance: 1.177546 GLUP/s
Performance in GFLOP/s: 104.801552
size: 9000000
time: 0.912277
[1;34m[pthread wrapper] 
[0m[1;34m[pthread wrapper] MAIN -> 0
[0m[1;34m[pthread wrapper] PIN_MASK: [0m[1;34m0->1  [0m[1;34m1->2  [0m[1;34m2->3  [0m[1;34m3->4  [0m[1;34m4->5  [0m[1;34m5->6  [0m[1;34m6->7  [0m[1;34m7->8  [0m[1;34m8->9  [0m[1;34m9->10  [0m[1;34m10->11  [0m[1;34m11->12  [0m[1;34m12->13  [0m[1;34m13->14  [0m[1;34m14->15  [0m[1;34m15->16  [0m[1;34m16->17  [0m[1;34m17->18  [0m[1;34m18->19  [0m[1;34m
[pthread wrapper] SKIP MASK: 0x0
[0m[1;34m	threadid 47928428914432 -> core 1 - OK[0m[1;34m
[0m[1;34m	threadid 47928431015680 -> core 2 - OK[0m[1;34m
[0m[1;34m	threadid 47928433116928 -> core 3 - OK[0m[1;34m
[0m[1;34m	threadid 47928435218176 -> core 4 - OK[0m[1;34m
[0m[1;34m	threadid 47928437319424 -> core 5 - OK[0m[1;34m
[0m[1;34m	threadid 47928439420672 -> core 6 - OK[0m[1;34m
[0m[1;34m	threadid 47928441521920 -> core 7 - OK[0m[1;34m
[0m[1;34m	threadid 47928443623168 -> core 8 - OK[0m[1;34m
[0m[1;34m	threadid 47928445724416 -> core 9 - OK[0m[1;34m
[0m[1;34m	threadid 47928447825664 -> core 10 - OK[0m[1;34m
[0m[1;34m	threadid 47928449926912 -> core 11 - OK[0m[1;34m
[0m[1;34m	threadid 47928452028160 -> core 12 - OK[0m[1;34m
[0m[1;34m	threadid 47928454129408 -> core 13 - OK[0m[1;34m
[0m[1;34m	threadid 47928456230656 -> core 14 - OK[0m[1;34m
[0m[1;34m	threadid 47928458331904 -> core 15 - OK[0m[1;34m
[0m[1;34m	threadid 47928460433152 -> core 16 - OK[0m[1;34m
[0m[1;34m	threadid 47928462534400 -> core 17 - OK[0m[1;34m
[0m[1;34m	threadid 47928464635648 -> core 18 - OK[0m[1;34m
[0m[1;34m	threadid 47928466736896 -> core 19 - OK[0m[1;34m
[0miterations: 120
Total iterations: 1074247680 LUP
FLOP: 89
Total work: 95608043520 FLOP
performance: 1.166679 GLUP/s
Performance in GFLOP/s: 103.834432
size: 9000000
time: 0.920774
[1;34m[pthread wrapper] 
[0m[1;34m[pthread wrapper] MAIN -> 0
[0m[1;34m[pthread wrapper] PIN_MASK: [0m[1;34m0->1  [0m[1;34m1->2  [0m[1;34m2->3  [0m[1;34m3->4  [0m[1;34m4->5  [0m[1;34m5->6  [0m[1;34m6->7  [0m[1;34m7->8  [0m[1;34m8->9  [0m[1;34m9->10  [0m[1;34m10->11  [0m[1;34m11->12  [0m[1;34m12->13  [0m[1;34m13->14  [0m[1;34m14->15  [0m[1;34m15->16  [0m[1;34m16->17  [0m[1;34m17->18  [0m[1;34m18->19  [0m[1;34m
[pthread wrapper] SKIP MASK: 0x0
[0m[1;34m	threadid 47716990191360 -> core 1 - OK[0m[1;34m
[0m[1;34m	threadid 47716992292608 -> core 2 - OK[0m[1;34m
[0m[1;34m	threadid 47716994393856 -> core 3 - OK[0m[1;34m
[0m[1;34m	threadid 47716996495104 -> core 4 - OK[0m[1;34m
[0m[1;34m	threadid 47716998596352 -> core 5 - OK[0m[1;34m
[0m[1;34m	threadid 47717000697600 -> core 6 - OK[0m[1;34m
[0m[1;34m	threadid 47717002798848 -> core 7 - OK[0m[1;34m
[0m[1;34m	threadid 47717004900096 -> core 8 - OK[0m[1;34m
[0m[1;34m	threadid 47717007001344 -> core 9 - OK[0m[1;34m
[0m[1;34m	threadid 47717009102592 -> core 10 - OK[0m[1;34m
[0m[1;34m	threadid 47717011203840 -> core 11 - OK[0m[1;34m
[0m[1;34m	threadid 47717013305088 -> core 12 - OK[0m[1;34m
[0m[1;34m	threadid 47717015406336 -> core 13 - OK[0m[1;34m
[0m[1;34m	threadid 47717017507584 -> core 14 - OK[0m[1;34m
[0m[1;34m	threadid 47717019608832 -> core 15 - OK[0m[1;34m
[0m[1;34m	threadid 47717021710080 -> core 16 - OK[0m[1;34m
[0m[1;34m	threadid 47717023811328 -> core 17 - OK[0m[1;34m
[0m[1;34m	threadid 47717025912576 -> core 18 - OK[0m[1;34m
[0m[1;34m	threadid 47717028013824 -> core 19 - OK[0m[1;34m
[0miterations: 120
Total iterations: 1074247680 LUP
FLOP: 89
Total work: 95608043520 FLOP
performance: 1.164422 GLUP/s
Performance in GFLOP/s: 103.633525
size: 9000000
time: 0.922559
[1;34m[pthread wrapper] 
[0m[1;34m[pthread wrapper] MAIN -> 0
[0m[1;34m[pthread wrapper] PIN_MASK: [0m[1;34m0->1  [0m[1;34m1->2  [0m[1;34m2->3  [0m[1;34m3->4  [0m[1;34m4->5  [0m[1;34m5->6  [0m[1;34m6->7  [0m[1;34m7->8  [0m[1;34m8->9  [0m[1;34m9->10  [0m[1;34m10->11  [0m[1;34m11->12  [0m[1;34m12->13  [0m[1;34m13->14  [0m[1;34m14->15  [0m[1;34m15->16  [0m[1;34m16->17  [0m[1;34m17->18  [0m[1;34m18->19  [0m[1;34m
[pthread wrapper] SKIP MASK: 0x0
[0m[1;34m	threadid 47321965741824 -> core 1 - OK[0m[1;34m
[0m[1;34m	threadid 47321967843072 -> core 2 - OK[0m[1;34m
[0m[1;34m	threadid 47321969944320 -> core 3 - OK[0m[1;34m
[0m[1;34m	threadid 47321972045568 -> core 4 - OK[0m[1;34m
[0m[1;34m	threadid 47321974146816 -> core 5 - OK[0m[1;34m
[0m[1;34m	threadid 47321976248064 -> core 6 - OK[0m[1;34m
[0m[1;34m	threadid 47321978349312 -> core 7 - OK[0m[1;34m
[0m[1;34m	threadid 47321980450560 -> core 8 - OK[0m[1;34m
[0m[1;34m	threadid 47321982551808 -> core 9 - OK[0m[1;34m
[0m[1;34m	threadid 47321984653056 -> core 10 - OK[0m[1;34m
[0m[1;34m	threadid 47321986754304 -> core 11 - OK[0m[1;34m
[0m[1;34m	threadid 47321988855552 -> core 12 - OK[0m[1;34m
[0m[1;34m	threadid 47321990956800 -> core 13 - OK[0m[1;34m
[0m[1;34m	threadid 47321993058048 -> core 14 - OK[0m[1;34m
[0m[1;34m	threadid 47321995159296 -> core 15 - OK[0m[1;34m
[0m[1;34m	threadid 47321997260544 -> core 16 - OK[0m[1;34m
[0m[1;34m	threadid 47321999361792 -> core 17 - OK[0m[1;34m
[0m[1;34m	threadid 47322001463040 -> core 18 - OK[0m[1;34m
[0m[1;34m	threadid 47322003564288 -> core 19 - OK[0m[1;34m
[0miterations: 120
Total iterations: 1074247680 LUP
FLOP: 89
Total work: 95608043520 FLOP
performance: 1.138110 GLUP/s
Performance in GFLOP/s: 101.291833
size: 9000000
time: 0.943887
