iterations: 120
Total iterations: 29047680 LUP
FLOP: 89
Total work: 2585243520 FLOP
performance: 0.074259 GLUP/s
Performance in GFLOP/s: 6.609034
size: 250000
time: 0.391168
iterations: 120
Total iterations: 29047680 LUP
FLOP: 89
Total work: 2585243520 FLOP
performance: 0.074220 GLUP/s
Performance in GFLOP/s: 6.605592
size: 250000
time: 0.391372
iterations: 120
Total iterations: 29047680 LUP
FLOP: 89
Total work: 2585243520 FLOP
performance: 0.074362 GLUP/s
Performance in GFLOP/s: 6.618256
size: 250000
time: 0.390623
iterations: 120
Total iterations: 29047680 LUP
FLOP: 89
Total work: 2585243520 FLOP
performance: 0.074097 GLUP/s
Performance in GFLOP/s: 6.594673
size: 250000
time: 0.392020
iterations: 120
Total iterations: 29047680 LUP
FLOP: 89
Total work: 2585243520 FLOP
performance: 0.074255 GLUP/s
Performance in GFLOP/s: 6.608684
size: 250000
time: 0.391189
iterations: 120
Total iterations: 29047680 LUP
FLOP: 89
Total work: 2585243520 FLOP
performance: 0.074177 GLUP/s
Performance in GFLOP/s: 6.601711
size: 250000
time: 0.391602
iterations: 120
Total iterations: 29047680 LUP
FLOP: 89
Total work: 2585243520 FLOP
performance: 0.074154 GLUP/s
Performance in GFLOP/s: 6.599706
size: 250000
time: 0.391721
iterations: 120
Total iterations: 29047680 LUP
FLOP: 89
Total work: 2585243520 FLOP
performance: 0.074216 GLUP/s
Performance in GFLOP/s: 6.605206
size: 250000
time: 0.391395
iterations: 120
Total iterations: 29047680 LUP
FLOP: 89
Total work: 2585243520 FLOP
performance: 0.074229 GLUP/s
Performance in GFLOP/s: 6.606349
size: 250000
time: 0.391327
iterations: 120
Total iterations: 29047680 LUP
FLOP: 89
Total work: 2585243520 FLOP
performance: 0.074217 GLUP/s
Performance in GFLOP/s: 6.605355
size: 250000
time: 0.391386
