[1;34m[pthread wrapper] 
[0m[1;34m[pthread wrapper] MAIN -> 0
[0m[1;34m[pthread wrapper] PIN_MASK: [0m[1;34m0->1  [0m[1;34m1->2  [0m[1;34m2->3  [0m[1;34m3->4  [0m[1;34m4->5  [0m[1;34m5->6  [0m[1;34m6->7  [0m[1;34m7->8  [0m[1;34m8->9  [0m[1;34m9->10  [0m[1;34m10->11  [0m[1;34m11->12  [0m[1;34m12->13  [0m[1;34m13->14  [0m[1;34m14->15  [0m[1;34m
[pthread wrapper] SKIP MASK: 0x0
[0m[1;34m	threadid 47301452949248 -> core 1 - OK[0m[1;34m
[0m[1;34m	threadid 47301455050496 -> core 2 - OK[0m[1;34m
[0m[1;34m	threadid 47301457151744 -> core 3 - OK[0m[1;34m
[0m[1;34m	threadid 47301459252992 -> core 4 - OK[0m[1;34m
[0m[1;34m	threadid 47301461354240 -> core 5 - OK[0m[1;34m
[0m[1;34m	threadid 47301463455488 -> core 6 - OK[0m[1;34m
[0m[1;34m	threadid 47301465556736 -> core 7 - OK[0m[1;34m
[0m[1;34m	threadid 47301467657984 -> core 8 - OK[0m[1;34m
[0m[1;34m	threadid 47301469759232 -> core 9 - OK[0m[1;34m
[0m[1;34m	threadid 47301471860480 -> core 10 - OK[0m[1;34m
[0m[1;34m	threadid 47301473961728 -> core 11 - OK[0m[1;34m
[0m[1;34m	threadid 47301476062976 -> core 12 - OK[0m[1;34m
[0m[1;34m	threadid 47301478164224 -> core 13 - OK[0m[1;34m
[0m[1;34m	threadid 47301480265472 -> core 14 - OK[0m[1;34m
[0m[1;34m	threadid 47301482366720 -> core 15 - OK[0m[1;34m
[0miterations: 200
Total iterations: 1790412800 LUP
FLOP: 89
Total work: 159346739200 FLOP
performance: 1.029469 GLUP/s
Performance in GFLOP/s: 91.622701
size: 9000000
time: 1.739162
[1;34m[pthread wrapper] 
[0m[1;34m[pthread wrapper] MAIN -> 0
[0m[1;34m[pthread wrapper] PIN_MASK: [0m[1;34m0->1  [0m[1;34m1->2  [0m[1;34m2->3  [0m[1;34m3->4  [0m[1;34m4->5  [0m[1;34m5->6  [0m[1;34m6->7  [0m[1;34m7->8  [0m[1;34m8->9  [0m[1;34m9->10  [0m[1;34m10->11  [0m[1;34m11->12  [0m[1;34m12->13  [0m[1;34m13->14  [0m[1;34m14->15  [0m[1;34m
[pthread wrapper] SKIP MASK: 0x0
[0m[1;34m	threadid 47754309867264 -> core 1 - OK[0m[1;34m
[0m[1;34m	threadid 47754311968512 -> core 2 - OK[0m[1;34m
[0m[1;34m	threadid 47754314069760 -> core 3 - OK[0m[1;34m
[0m[1;34m	threadid 47754316171008 -> core 4 - OK[0m[1;34m
[0m[1;34m	threadid 47754318272256 -> core 5 - OK[0m[1;34m
[0m[1;34m	threadid 47754320373504 -> core 6 - OK[0m[1;34m
[0m[1;34m	threadid 47754322474752 -> core 7 - OK[0m[1;34m
[0m[1;34m	threadid 47754324576000 -> core 8 - OK[0m[1;34m
[0m[1;34m	threadid 47754326677248 -> core 9 - OK[0m[1;34m
[0m[1;34m	threadid 47754328778496 -> core 10 - OK[0m[1;34m
[0m[1;34m	threadid 47754330879744 -> core 11 - OK[0m[1;34m
[0m[1;34m	threadid 47754332980992 -> core 12 - OK[0m[1;34m
[0m[1;34m	threadid 47754335082240 -> core 13 - OK[0m[1;34m
[0m[1;34m	threadid 47754337183488 -> core 14 - OK[0m[1;34m
[0m[1;34m	threadid 47754339284736 -> core 15 - OK[0m[1;34m
[0miterations: 200
Total iterations: 1790412800 LUP
FLOP: 89
Total work: 159346739200 FLOP
performance: 1.051997 GLUP/s
Performance in GFLOP/s: 93.627735
size: 9000000
time: 1.701918
[1;34m[pthread wrapper] 
[0m[1;34m[pthread wrapper] MAIN -> 0
[0m[1;34m[pthread wrapper] PIN_MASK: [0m[1;34m0->1  [0m[1;34m1->2  [0m[1;34m2->3  [0m[1;34m3->4  [0m[1;34m4->5  [0m[1;34m5->6  [0m[1;34m6->7  [0m[1;34m7->8  [0m[1;34m8->9  [0m[1;34m9->10  [0m[1;34m10->11  [0m[1;34m11->12  [0m[1;34m12->13  [0m[1;34m13->14  [0m[1;34m14->15  [0m[1;34m
[pthread wrapper] SKIP MASK: 0x0
[0m[1;34m	threadid 47800052733696 -> core 1 - OK[0m[1;34m
[0m[1;34m	threadid 47800054834944 -> core 2 - OK[0m[1;34m
[0m[1;34m	threadid 47800056936192 -> core 3 - OK[0m[1;34m
[0m[1;34m	threadid 47800059037440 -> core 4 - OK[0m[1;34m
[0m[1;34m	threadid 47800061138688 -> core 5 - OK[0m[1;34m
[0m[1;34m	threadid 47800063239936 -> core 6 - OK[0m[1;34m
[0m[1;34m	threadid 47800065341184 -> core 7 - OK[0m[1;34m
[0m[1;34m	threadid 47800067442432 -> core 8 - OK[0m[1;34m
[0m[1;34m	threadid 47800069543680 -> core 9 - OK[0m[1;34m
[0m[1;34m	threadid 47800071644928 -> core 10 - OK[0m[1;34m
[0m[1;34m	threadid 47800073746176 -> core 11 - OK[0m[1;34m
[0m[1;34m	threadid 47800075847424 -> core 12 - OK[0m[1;34m
[0m[1;34m	threadid 47800077948672 -> core 13 - OK[0m[1;34m
[0m[1;34m	threadid 47800080049920 -> core 14 - OK[0m[1;34m
[0m[1;34m	threadid 47800082151168 -> core 15 - OK[0m[1;34m
[0miterations: 200
Total iterations: 1790412800 LUP
FLOP: 89
Total work: 159346739200 FLOP
performance: 1.051558 GLUP/s
Performance in GFLOP/s: 93.588639
size: 9000000
time: 1.702629
[1;34m[pthread wrapper] 
[0m[1;34m[pthread wrapper] MAIN -> 0
[0m[1;34m[pthread wrapper] PIN_MASK: [0m[1;34m0->1  [0m[1;34m1->2  [0m[1;34m2->3  [0m[1;34m3->4  [0m[1;34m4->5  [0m[1;34m5->6  [0m[1;34m6->7  [0m[1;34m7->8  [0m[1;34m8->9  [0m[1;34m9->10  [0m[1;34m10->11  [0m[1;34m11->12  [0m[1;34m12->13  [0m[1;34m13->14  [0m[1;34m14->15  [0m[1;34m
[pthread wrapper] SKIP MASK: 0x0
[0m[1;34m	threadid 46961887545088 -> core 1 - OK[0m[1;34m
[0m[1;34m	threadid 46961889646336 -> core 2 - OK[0m[1;34m
[0m[1;34m	threadid 46961891747584 -> core 3 - OK[0m[1;34m
[0m[1;34m	threadid 46961893848832 -> core 4 - OK[0m[1;34m
[0m[1;34m	threadid 46961895950080 -> core 5 - OK[0m[1;34m
[0m[1;34m	threadid 46961898051328 -> core 6 - OK[0m[1;34m
[0m[1;34m	threadid 46961900152576 -> core 7 - OK[0m[1;34m
[0m[1;34m	threadid 46961902253824 -> core 8 - OK[0m[1;34m
[0m[1;34m	threadid 46961904355072 -> core 9 - OK[0m[1;34m
[0m[1;34m	threadid 46961906456320 -> core 10 - OK[0m[1;34m
[0m[1;34m	threadid 46961908557568 -> core 11 - OK[0m[1;34m
[0m[1;34m	threadid 46961910658816 -> core 12 - OK[0m[1;34m
[0m[1;34m	threadid 46961912760064 -> core 13 - OK[0m[1;34m
[0m[1;34m	threadid 46961914861312 -> core 14 - OK[0m[1;34m
[0m[1;34m	threadid 46961916962560 -> core 15 - OK[0m[1;34m
[0miterations: 200
Total iterations: 1790412800 LUP
FLOP: 89
Total work: 159346739200 FLOP
performance: 1.041033 GLUP/s
Performance in GFLOP/s: 92.651966
size: 9000000
time: 1.719842
[1;34m[pthread wrapper] 
[0m[1;34m[pthread wrapper] MAIN -> 0
[0m[1;34m[pthread wrapper] PIN_MASK: [0m[1;34m0->1  [0m[1;34m1->2  [0m[1;34m2->3  [0m[1;34m3->4  [0m[1;34m4->5  [0m[1;34m5->6  [0m[1;34m6->7  [0m[1;34m7->8  [0m[1;34m8->9  [0m[1;34m9->10  [0m[1;34m10->11  [0m[1;34m11->12  [0m[1;34m12->13  [0m[1;34m13->14  [0m[1;34m14->15  [0m[1;34m
[pthread wrapper] SKIP MASK: 0x0
[0m[1;34m	threadid 47151025518336 -> core 1 - OK[0m[1;34m
[0m[1;34m	threadid 47151027619584 -> core 2 - OK[0m[1;34m
[0m[1;34m	threadid 47151029720832 -> core 3 - OK[0m[1;34m
[0m[1;34m	threadid 47151031822080 -> core 4 - OK[0m[1;34m
[0m[1;34m	threadid 47151033923328 -> core 5 - OK[0m[1;34m
[0m[1;34m	threadid 47151036024576 -> core 6 - OK[0m[1;34m
[0m[1;34m	threadid 47151038125824 -> core 7 - OK[0m[1;34m
[0m[1;34m	threadid 47151040227072 -> core 8 - OK[0m[1;34m
[0m[1;34m	threadid 47151042328320 -> core 9 - OK[0m[1;34m
[0m[1;34m	threadid 47151044429568 -> core 10 - OK[0m[1;34m
[0m[1;34m	threadid 47151046530816 -> core 11 - OK[0m[1;34m
[0m[1;34m	threadid 47151048632064 -> core 12 - OK[0m[1;34m
[0m[1;34m	threadid 47151050733312 -> core 13 - OK[0m[1;34m
[0m[1;34m	threadid 47151052834560 -> core 14 - OK[0m[1;34m
[0m[1;34m	threadid 47151054935808 -> core 15 - OK[0m[1;34m
[0miterations: 200
Total iterations: 1790412800 LUP
FLOP: 89
Total work: 159346739200 FLOP
performance: 1.058878 GLUP/s
Performance in GFLOP/s: 94.240106
size: 9000000
time: 1.690859
[1;34m[pthread wrapper] 
[0m[1;34m[pthread wrapper] MAIN -> 0
[0m[1;34m[pthread wrapper] PIN_MASK: [0m[1;34m0->1  [0m[1;34m1->2  [0m[1;34m2->3  [0m[1;34m3->4  [0m[1;34m4->5  [0m[1;34m5->6  [0m[1;34m6->7  [0m[1;34m7->8  [0m[1;34m8->9  [0m[1;34m9->10  [0m[1;34m10->11  [0m[1;34m11->12  [0m[1;34m12->13  [0m[1;34m13->14  [0m[1;34m14->15  [0m[1;34m
[pthread wrapper] SKIP MASK: 0x0
[0m[1;34m	threadid 47434241890048 -> core 1 - OK[0m[1;34m
[0m[1;34m	threadid 47434243991296 -> core 2 - OK[0m[1;34m
[0m[1;34m	threadid 47434246092544 -> core 3 - OK[0m[1;34m
[0m[1;34m	threadid 47434248193792 -> core 4 - OK[0m[1;34m
[0m[1;34m	threadid 47434250295040 -> core 5 - OK[0m[1;34m
[0m[1;34m	threadid 47434252396288 -> core 6 - OK[0m[1;34m
[0m[1;34m	threadid 47434254497536 -> core 7 - OK[0m[1;34m
[0m[1;34m	threadid 47434256598784 -> core 8 - OK[0m[1;34m
[0m[1;34m	threadid 47434258700032 -> core 9 - OK[0m[1;34m
[0m[1;34m	threadid 47434260801280 -> core 10 - OK[0m[1;34m
[0m[1;34m	threadid 47434262902528 -> core 11 - OK[0m[1;34m
[0m[1;34m	threadid 47434265003776 -> core 12 - OK[0m[1;34m
[0m[1;34m	threadid 47434267105024 -> core 13 - OK[0m[1;34m
[0m[1;34m	threadid 47434269206272 -> core 14 - OK[0m[1;34m
[0m[1;34m	threadid 47434271307520 -> core 15 - OK[0m[1;34m
[0miterations: 200
Total iterations: 1790412800 LUP
FLOP: 89
Total work: 159346739200 FLOP
performance: 0.998076 GLUP/s
Performance in GFLOP/s: 88.828773
size: 9000000
time: 1.793864
[1;34m[pthread wrapper] 
[0m[1;34m[pthread wrapper] MAIN -> 0
[0m[1;34m[pthread wrapper] PIN_MASK: [0m[1;34m0->1  [0m[1;34m1->2  [0m[1;34m2->3  [0m[1;34m3->4  [0m[1;34m4->5  [0m[1;34m5->6  [0m[1;34m6->7  [0m[1;34m7->8  [0m[1;34m8->9  [0m[1;34m9->10  [0m[1;34m10->11  [0m[1;34m11->12  [0m[1;34m12->13  [0m[1;34m13->14  [0m[1;34m14->15  [0m[1;34m
[pthread wrapper] SKIP MASK: 0x0
[0m[1;34m	threadid 47961305986816 -> core 1 - OK[0m[1;34m
[0m[1;34m	threadid 47961308088064 -> core 2 - OK[0m[1;34m
[0m[1;34m	threadid 47961310189312 -> core 3 - OK[0m[1;34m
[0m[1;34m	threadid 47961312290560 -> core 4 - OK[0m[1;34m
[0m[1;34m	threadid 47961314391808 -> core 5 - OK[0m[1;34m
[0m[1;34m	threadid 47961316493056 -> core 6 - OK[0m[1;34m
[0m[1;34m	threadid 47961318594304 -> core 7 - OK[0m[1;34m
[0m[1;34m	threadid 47961320695552 -> core 8 - OK[0m[1;34m
[0m[1;34m	threadid 47961322796800 -> core 9 - OK[0m[1;34m
[0m[1;34m	threadid 47961324898048 -> core 10 - OK[0m[1;34m
[0m[1;34m	threadid 47961326999296 -> core 11 - OK[0m[1;34m
[0m[1;34m	threadid 47961329100544 -> core 12 - OK[0m[1;34m
[0m[1;34m	threadid 47961331201792 -> core 13 - OK[0m[1;34m
[0m[1;34m	threadid 47961333303040 -> core 14 - OK[0m[1;34m
[0m[1;34m	threadid 47961335404288 -> core 15 - OK[0m[1;34m
[0miterations: 200
Total iterations: 1790412800 LUP
FLOP: 89
Total work: 159346739200 FLOP
performance: 1.067628 GLUP/s
Performance in GFLOP/s: 95.018870
size: 9000000
time: 1.677001
[1;34m[pthread wrapper] 
[0m[1;34m[pthread wrapper] MAIN -> 0
[0m[1;34m[pthread wrapper] PIN_MASK: [0m[1;34m0->1  [0m[1;34m1->2  [0m[1;34m2->3  [0m[1;34m3->4  [0m[1;34m4->5  [0m[1;34m5->6  [0m[1;34m6->7  [0m[1;34m7->8  [0m[1;34m8->9  [0m[1;34m9->10  [0m[1;34m10->11  [0m[1;34m11->12  [0m[1;34m12->13  [0m[1;34m13->14  [0m[1;34m14->15  [0m[1;34m
[pthread wrapper] SKIP MASK: 0x0
[0m[1;34m	threadid 47586621560576 -> core 1 - OK[0m[1;34m
[0m[1;34m	threadid 47586623661824 -> core 2 - OK[0m[1;34m
[0m[1;34m	threadid 47586625763072 -> core 3 - OK[0m[1;34m
[0m[1;34m	threadid 47586627864320 -> core 4 - OK[0m[1;34m
[0m[1;34m	threadid 47586629965568 -> core 5 - OK[0m[1;34m
[0m[1;34m	threadid 47586632066816 -> core 6 - OK[0m[1;34m
[0m[1;34m	threadid 47586634168064 -> core 7 - OK[0m[1;34m
[0m[1;34m	threadid 47586636269312 -> core 8 - OK[0m[1;34m
[0m[1;34m	threadid 47586638370560 -> core 9 - OK[0m[1;34m
[0m[1;34m	threadid 47586640471808 -> core 10 - OK[0m[1;34m
[0m[1;34m	threadid 47586642573056 -> core 11 - OK[0m[1;34m
[0m[1;34m	threadid 47586644674304 -> core 12 - OK[0m[1;34m
[0m[1;34m	threadid 47586646775552 -> core 13 - OK[0m[1;34m
[0m[1;34m	threadid 47586648876800 -> core 14 - OK[0m[1;34m
[0m[1;34m	threadid 47586650978048 -> core 15 - OK[0m[1;34m
[0miterations: 200
Total iterations: 1790412800 LUP
FLOP: 89
Total work: 159346739200 FLOP
performance: 1.039576 GLUP/s
Performance in GFLOP/s: 92.522255
size: 9000000
time: 1.722253
[1;34m[pthread wrapper] 
[0m[1;34m[pthread wrapper] MAIN -> 0
[0m[1;34m[pthread wrapper] PIN_MASK: [0m[1;34m0->1  [0m[1;34m1->2  [0m[1;34m2->3  [0m[1;34m3->4  [0m[1;34m4->5  [0m[1;34m5->6  [0m[1;34m6->7  [0m[1;34m7->8  [0m[1;34m8->9  [0m[1;34m9->10  [0m[1;34m10->11  [0m[1;34m11->12  [0m[1;34m12->13  [0m[1;34m13->14  [0m[1;34m14->15  [0m[1;34m
[pthread wrapper] SKIP MASK: 0x0
[0m[1;34m	threadid 47365916514048 -> core 1 - OK[0m[1;34m
[0m[1;34m	threadid 47365918615296 -> core 2 - OK[0m[1;34m
[0m[1;34m	threadid 47365920716544 -> core 3 - OK[0m[1;34m
[0m[1;34m	threadid 47365922817792 -> core 4 - OK[0m[1;34m
[0m[1;34m	threadid 47365924919040 -> core 5 - OK[0m[1;34m
[0m[1;34m	threadid 47365927020288 -> core 6 - OK[0m[1;34m
[0m[1;34m	threadid 47365929121536 -> core 7 - OK[0m[1;34m
[0m[1;34m	threadid 47365931222784 -> core 8 - OK[0m[1;34m
[0m[1;34m	threadid 47365933324032 -> core 9 - OK[0m[1;34m
[0m[1;34m	threadid 47365935425280 -> core 10 - OK[0m[1;34m
[0m[1;34m	threadid 47365937526528 -> core 11 - OK[0m[1;34m
[0m[1;34m	threadid 47365939627776 -> core 12 - OK[0m[1;34m
[0m[1;34m	threadid 47365941729024 -> core 13 - OK[0m[1;34m
[0m[1;34m	threadid 47365943830272 -> core 14 - OK[0m[1;34m
[0m[1;34m	threadid 47365945931520 -> core 15 - OK[0m[1;34m
[0miterations: 200
Total iterations: 1790412800 LUP
FLOP: 89
Total work: 159346739200 FLOP
performance: 1.073078 GLUP/s
Performance in GFLOP/s: 95.503962
size: 9000000
time: 1.668483
[1;34m[pthread wrapper] 
[0m[1;34m[pthread wrapper] MAIN -> 0
[0m[1;34m[pthread wrapper] PIN_MASK: [0m[1;34m0->1  [0m[1;34m1->2  [0m[1;34m2->3  [0m[1;34m3->4  [0m[1;34m4->5  [0m[1;34m5->6  [0m[1;34m6->7  [0m[1;34m7->8  [0m[1;34m8->9  [0m[1;34m9->10  [0m[1;34m10->11  [0m[1;34m11->12  [0m[1;34m12->13  [0m[1;34m13->14  [0m[1;34m14->15  [0m[1;34m
[pthread wrapper] SKIP MASK: 0x0
[0m[1;34m	threadid 47782114006784 -> core 1 - OK[0m[1;34m
[0m[1;34m	threadid 47782116108032 -> core 2 - OK[0m[1;34m
[0m[1;34m	threadid 47782118209280 -> core 3 - OK[0m[1;34m
[0m[1;34m	threadid 47782120310528 -> core 4 - OK[0m[1;34m
[0m[1;34m	threadid 47782122411776 -> core 5 - OK[0m[1;34m
[0m[1;34m	threadid 47782124513024 -> core 6 - OK[0m[1;34m
[0m[1;34m	threadid 47782126614272 -> core 7 - OK[0m[1;34m
[0m[1;34m	threadid 47782128715520 -> core 8 - OK[0m[1;34m
[0m[1;34m	threadid 47782130816768 -> core 9 - OK[0m[1;34m
[0m[1;34m	threadid 47782132918016 -> core 10 - OK[0m[1;34m
[0m[1;34m	threadid 47782135019264 -> core 11 - OK[0m[1;34m
[0m[1;34m	threadid 47782137120512 -> core 12 - OK[0m[1;34m
[0m[1;34m	threadid 47782139221760 -> core 13 - OK[0m[1;34m
[0m[1;34m	threadid 47782141323008 -> core 14 - OK[0m[1;34m
[0m[1;34m	threadid 47782143424256 -> core 15 - OK[0m[1;34m
[0miterations: 200
Total iterations: 1790412800 LUP
FLOP: 89
Total work: 159346739200 FLOP
performance: 1.042921 GLUP/s
Performance in GFLOP/s: 92.819977
size: 9000000
time: 1.716729
