[1;34m[pthread wrapper] 
[0m[1;34m[pthread wrapper] MAIN -> 0
[0m[1;34m[pthread wrapper] PIN_MASK: [0m[1;34m0->1  [0m[1;34m1->2  [0m[1;34m2->3  [0m[1;34m3->4  [0m[1;34m4->10  [0m[1;34m5->11  [0m[1;34m6->12  [0m[1;34m7->13  [0m[1;34m8->14  [0m[1;34m
[pthread wrapper] SKIP MASK: 0x0
[0m[1;34m	threadid 47535557064448 -> core 1 - OK[0m[1;34m
[0m[1;34m	threadid 47535559165696 -> core 2 - OK[0m[1;34m
[0m[1;34m	threadid 47535561266944 -> core 3 - OK[0m[1;34m
[0m[1;34m	threadid 47535563368192 -> core 4 - OK[0m[1;34m
[0m[1;34m	threadid 47535565469440 -> core 10 - OK[0m[1;34m
[0m[1;34m	threadid 47535567570688 -> core 11 - OK[0m[1;34m
[0m[1;34m	threadid 47535569671936 -> core 12 - OK[0m[1;34m
[0m[1;34m	threadid 47535571773184 -> core 13 - OK[0m[1;34m
[0m[1;34m	threadid 47535573874432 -> core 14 - OK[0m[1;34m
[0miterations: 120
Total iterations: 29047680 LUP
FLOP: 89
Total work: 2585243520 FLOP
performance: 0.666704 GLUP/s
Performance in GFLOP/s: 59.336645
size: 250000
time: 0.043569
[1;34m[pthread wrapper] 
[0m[1;34m[pthread wrapper] MAIN -> 0
[0m[1;34m[pthread wrapper] PIN_MASK: [0m[1;34m0->1  [0m[1;34m1->2  [0m[1;34m2->3  [0m[1;34m3->4  [0m[1;34m4->10  [0m[1;34m5->11  [0m[1;34m6->12  [0m[1;34m7->13  [0m[1;34m8->14  [0m[1;34m
[pthread wrapper] SKIP MASK: 0x0
[0m[1;34m	threadid 46981056362240 -> core 1 - OK[0m[1;34m
[0m[1;34m	threadid 46981058463488 -> core 2 - OK[0m[1;34m
[0m[1;34m	threadid 46981060564736 -> core 3 - OK[0m[1;34m
[0m[1;34m	threadid 46981062665984 -> core 4 - OK[0m[1;34m
[0m[1;34m	threadid 46981064767232 -> core 10 - OK[0m[1;34m
[0m[1;34m	threadid 46981066868480 -> core 11 - OK[0m[1;34m
[0m[1;34m	threadid 46981068969728 -> core 12 - OK[0m[1;34m
[0m[1;34m	threadid 46981071070976 -> core 13 - OK[0m[1;34m
[0m[1;34m	threadid 46981073172224 -> core 14 - OK[0m[1;34m
[0miterations: 120
Total iterations: 29047680 LUP
FLOP: 89
Total work: 2585243520 FLOP
performance: 0.666584 GLUP/s
Performance in GFLOP/s: 59.325932
size: 250000
time: 0.043577
[1;34m[pthread wrapper] 
[0m[1;34m[pthread wrapper] MAIN -> 0
[0m[1;34m[pthread wrapper] PIN_MASK: [0m[1;34m0->1  [0m[1;34m1->2  [0m[1;34m2->3  [0m[1;34m3->4  [0m[1;34m4->10  [0m[1;34m5->11  [0m[1;34m6->12  [0m[1;34m7->13  [0m[1;34m8->14  [0m[1;34m
[pthread wrapper] SKIP MASK: 0x0
[0m[1;34m	threadid 47690660067072 -> core 1 - OK[0m[1;34m
[0m[1;34m	threadid 47690662168320 -> core 2 - OK[0m[1;34m
[0m[1;34m	threadid 47690664269568 -> core 3 - OK[0m[1;34m
[0m[1;34m	threadid 47690666370816 -> core 4 - OK[0m[1;34m
[0m[1;34m	threadid 47690668472064 -> core 10 - OK[0m[1;34m
[0m[1;34m	threadid 47690670573312 -> core 11 - OK[0m[1;34m
[0m[1;34m	threadid 47690672674560 -> core 12 - OK[0m[1;34m
[0m[1;34m	threadid 47690674775808 -> core 13 - OK[0m[1;34m
[0m[1;34m	threadid 47690676877056 -> core 14 - OK[0m[1;34m
[0miterations: 120
Total iterations: 29047680 LUP
FLOP: 89
Total work: 2585243520 FLOP
performance: 0.667058 GLUP/s
Performance in GFLOP/s: 59.368158
size: 250000
time: 0.043546
[1;34m[pthread wrapper] 
[0m[1;34m[pthread wrapper] MAIN -> 0
[0m[1;34m[pthread wrapper] PIN_MASK: [0m[1;34m0->1  [0m[1;34m1->2  [0m[1;34m2->3  [0m[1;34m3->4  [0m[1;34m4->10  [0m[1;34m5->11  [0m[1;34m6->12  [0m[1;34m7->13  [0m[1;34m8->14  [0m[1;34m
[pthread wrapper] SKIP MASK: 0x0
[0m[1;34m	threadid 47433513469696 -> core 1 - OK[0m[1;34m
[0m[1;34m	threadid 47433515570944 -> core 2 - OK[0m[1;34m
[0m[1;34m	threadid 47433517672192 -> core 3 - OK[0m[1;34m
[0m[1;34m	threadid 47433519773440 -> core 4 - OK[0m[1;34m
[0m[1;34m	threadid 47433521874688 -> core 10 - OK[0m[1;34m
[0m[1;34m	threadid 47433523975936 -> core 11 - OK[0m[1;34m
[0m[1;34m	threadid 47433526077184 -> core 12 - OK[0m[1;34m
[0m[1;34m	threadid 47433528178432 -> core 13 - OK[0m[1;34m
[0m[1;34m	threadid 47433530279680 -> core 14 - OK[0m[1;34m
[0miterations: 120
Total iterations: 29047680 LUP
FLOP: 89
Total work: 2585243520 FLOP
performance: 0.665498 GLUP/s
Performance in GFLOP/s: 59.229363
size: 250000
time: 0.043648
[1;34m[pthread wrapper] 
[0m[1;34m[pthread wrapper] MAIN -> 0
[0m[1;34m[pthread wrapper] PIN_MASK: [0m[1;34m0->1  [0m[1;34m1->2  [0m[1;34m2->3  [0m[1;34m3->4  [0m[1;34m4->10  [0m[1;34m5->11  [0m[1;34m6->12  [0m[1;34m7->13  [0m[1;34m8->14  [0m[1;34m
[pthread wrapper] SKIP MASK: 0x0
[0m[1;34m	threadid 47668631246592 -> core 1 - OK[0m[1;34m
[0m[1;34m	threadid 47668633347840 -> core 2 - OK[0m[1;34m
[0m[1;34m	threadid 47668635449088 -> core 3 - OK[0m[1;34m
[0m[1;34m	threadid 47668637550336 -> core 4 - OK[0m[1;34m
[0m[1;34m	threadid 47668639651584 -> core 10 - OK[0m[1;34m
[0m[1;34m	threadid 47668641752832 -> core 11 - OK[0m[1;34m
[0m[1;34m	threadid 47668643854080 -> core 12 - OK[0m[1;34m
[0m[1;34m	threadid 47668645955328 -> core 13 - OK[0m[1;34m
[0m[1;34m	threadid 47668648056576 -> core 14 - OK[0m[1;34m
[0miterations: 120
Total iterations: 29047680 LUP
FLOP: 89
Total work: 2585243520 FLOP
performance: 0.666015 GLUP/s
Performance in GFLOP/s: 59.275340
size: 250000
time: 0.043614
[1;34m[pthread wrapper] 
[0m[1;34m[pthread wrapper] MAIN -> 0
[0m[1;34m[pthread wrapper] PIN_MASK: [0m[1;34m0->1  [0m[1;34m1->2  [0m[1;34m2->3  [0m[1;34m3->4  [0m[1;34m4->10  [0m[1;34m5->11  [0m[1;34m6->12  [0m[1;34m7->13  [0m[1;34m8->14  [0m[1;34m
[pthread wrapper] SKIP MASK: 0x0
[0m[1;34m	threadid 47415700072192 -> core 1 - OK[0m[1;34m
[0m[1;34m	threadid 47415702173440 -> core 2 - OK[0m[1;34m
[0m[1;34m	threadid 47415704274688 -> core 3 - OK[0m[1;34m
[0m[1;34m	threadid 47415706375936 -> core 4 - OK[0m[1;34m
[0m[1;34m	threadid 47415708477184 -> core 10 - OK[0m[1;34m
[0m[1;34m	threadid 47415710578432 -> core 11 - OK[0m[1;34m
[0m[1;34m	threadid 47415712679680 -> core 12 - OK[0m[1;34m
[0m[1;34m	threadid 47415714780928 -> core 13 - OK[0m[1;34m
[0m[1;34m	threadid 47415716882176 -> core 14 - OK[0m[1;34m
[0miterations: 120
Total iterations: 29047680 LUP
FLOP: 89
Total work: 2585243520 FLOP
performance: 0.666890 GLUP/s
Performance in GFLOP/s: 59.353210
size: 250000
time: 0.043557
[1;34m[pthread wrapper] 
[0m[1;34m[pthread wrapper] MAIN -> 0
[0m[1;34m[pthread wrapper] PIN_MASK: [0m[1;34m0->1  [0m[1;34m1->2  [0m[1;34m2->3  [0m[1;34m3->4  [0m[1;34m4->10  [0m[1;34m5->11  [0m[1;34m6->12  [0m[1;34m7->13  [0m[1;34m8->14  [0m[1;34m
[pthread wrapper] SKIP MASK: 0x0
[0m[1;34m	threadid 47348079015680 -> core 1 - OK[0m[1;34m
[0m[1;34m	threadid 47348081116928 -> core 2 - OK[0m[1;34m
[0m[1;34m	threadid 47348083218176 -> core 3 - OK[0m[1;34m
[0m[1;34m	threadid 47348085319424 -> core 4 - OK[0m[1;34m
[0m[1;34m	threadid 47348087420672 -> core 10 - OK[0m[1;34m
[0m[1;34m	threadid 47348089521920 -> core 11 - OK[0m[1;34m
[0m[1;34m	threadid 47348091623168 -> core 12 - OK[0m[1;34m
[0m[1;34m	threadid 47348093724416 -> core 13 - OK[0m[1;34m
[0m[1;34m	threadid 47348095825664 -> core 14 - OK[0m[1;34m
[0miterations: 120
Total iterations: 29047680 LUP
FLOP: 89
Total work: 2585243520 FLOP
performance: 0.667116 GLUP/s
Performance in GFLOP/s: 59.373359
size: 250000
time: 0.043542
[1;34m[pthread wrapper] 
[0m[1;34m[pthread wrapper] MAIN -> 0
[0m[1;34m[pthread wrapper] PIN_MASK: [0m[1;34m0->1  [0m[1;34m1->2  [0m[1;34m2->3  [0m[1;34m3->4  [0m[1;34m4->10  [0m[1;34m5->11  [0m[1;34m6->12  [0m[1;34m7->13  [0m[1;34m8->14  [0m[1;34m
[pthread wrapper] SKIP MASK: 0x0
[0m[1;34m	threadid 46943136728832 -> core 1 - OK[0m[1;34m
[0m[1;34m	threadid 46943138830080 -> core 2 - OK[0m[1;34m
[0m[1;34m	threadid 46943140931328 -> core 3 - OK[0m[1;34m
[0m[1;34m	threadid 46943143032576 -> core 4 - OK[0m[1;34m
[0m[1;34m	threadid 46943145133824 -> core 10 - OK[0m[1;34m
[0m[1;34m	threadid 46943147235072 -> core 11 - OK[0m[1;34m
[0m[1;34m	threadid 46943149336320 -> core 12 - OK[0m[1;34m
[0m[1;34m	threadid 46943151437568 -> core 13 - OK[0m[1;34m
[0m[1;34m	threadid 46943153538816 -> core 14 - OK[0m[1;34m
[0miterations: 120
Total iterations: 29047680 LUP
FLOP: 89
Total work: 2585243520 FLOP
performance: 0.666048 GLUP/s
Performance in GFLOP/s: 59.278257
size: 250000
time: 0.043612
[1;34m[pthread wrapper] 
[0m[1;34m[pthread wrapper] MAIN -> 0
[0m[1;34m[pthread wrapper] PIN_MASK: [0m[1;34m0->1  [0m[1;34m1->2  [0m[1;34m2->3  [0m[1;34m3->4  [0m[1;34m4->10  [0m[1;34m5->11  [0m[1;34m6->12  [0m[1;34m7->13  [0m[1;34m8->14  [0m[1;34m
[pthread wrapper] SKIP MASK: 0x0
[0m[1;34m	threadid 47374189573888 -> core 1 - OK[0m[1;34m
[0m[1;34m	threadid 47374191675136 -> core 2 - OK[0m[1;34m
[0m[1;34m	threadid 47374193776384 -> core 3 - OK[0m[1;34m
[0m[1;34m	threadid 47374195877632 -> core 4 - OK[0m[1;34m
[0m[1;34m	threadid 47374197978880 -> core 10 - OK[0m[1;34m
[0m[1;34m	threadid 47374200080128 -> core 11 - OK[0m[1;34m
[0m[1;34m	threadid 47374202181376 -> core 12 - OK[0m[1;34m
[0m[1;34m	threadid 47374204282624 -> core 13 - OK[0m[1;34m
[0m[1;34m	threadid 47374206383872 -> core 14 - OK[0m[1;34m
[0miterations: 120
Total iterations: 29047680 LUP
FLOP: 89
Total work: 2585243520 FLOP
performance: 0.665895 GLUP/s
Performance in GFLOP/s: 59.264649
size: 250000
time: 0.043622
[1;34m[pthread wrapper] 
[0m[1;34m[pthread wrapper] MAIN -> 0
[0m[1;34m[pthread wrapper] PIN_MASK: [0m[1;34m0->1  [0m[1;34m1->2  [0m[1;34m2->3  [0m[1;34m3->4  [0m[1;34m4->10  [0m[1;34m5->11  [0m[1;34m6->12  [0m[1;34m7->13  [0m[1;34m8->14  [0m[1;34m
[pthread wrapper] SKIP MASK: 0x0
[0m[1;34m	threadid 47960929847040 -> core 1 - OK[0m[1;34m
[0m[1;34m	threadid 47960931948288 -> core 2 - OK[0m[1;34m
[0m[1;34m	threadid 47960934049536 -> core 3 - OK[0m[1;34m
[0m[1;34m	threadid 47960936150784 -> core 4 - OK[0m[1;34m
[0m[1;34m	threadid 47960938252032 -> core 10 - OK[0m[1;34m
[0m[1;34m	threadid 47960940353280 -> core 11 - OK[0m[1;34m
[0m[1;34m	threadid 47960942454528 -> core 12 - OK[0m[1;34m
[0m[1;34m	threadid 47960944555776 -> core 13 - OK[0m[1;34m
[0m[1;34m	threadid 47960946657024 -> core 14 - OK[0m[1;34m
[0miterations: 120
Total iterations: 29047680 LUP
FLOP: 89
Total work: 2585243520 FLOP
performance: 0.667102 GLUP/s
Performance in GFLOP/s: 59.372059
size: 250000
time: 0.043543
