[1;34m[pthread wrapper] 
[0m[1;34m[pthread wrapper] MAIN -> 0
[0m[1;34m[pthread wrapper] PIN_MASK: [0m[1;34m0->1  [0m[1;34m1->2  [0m[1;34m2->3  [0m[1;34m3->4  [0m[1;34m4->5  [0m[1;34m5->6  [0m[1;34m6->7  [0m[1;34m
[pthread wrapper] SKIP MASK: 0x0
[0m[1;34m	threadid 47721513686784 -> core 1 - OK[0m[1;34m
[0m[1;34m	threadid 47721515788032 -> core 2 - OK[0m[1;34m
[0m[1;34m	threadid 47721517889280 -> core 3 - OK[0m[1;34m
[0m[1;34m	threadid 47721519990528 -> core 4 - OK[0m[1;34m
[0m[1;34m	threadid 47721522091776 -> core 5 - OK[0m[1;34m
[0m[1;34m	threadid 47721524193024 -> core 6 - OK[0m[1;34m
[0m[1;34m	threadid 47721526294272 -> core 7 - OK[0m[1;34m
[0miterations: 120
Total iterations: 1074247680 LUP
FLOP: 89
Total work: 95608043520 FLOP
performance: 0.602157 GLUP/s
Performance in GFLOP/s: 53.591984
size: 9000000
time: 1.783999
[1;34m[pthread wrapper] 
[0m[1;34m[pthread wrapper] MAIN -> 0
[0m[1;34m[pthread wrapper] PIN_MASK: [0m[1;34m0->1  [0m[1;34m1->2  [0m[1;34m2->3  [0m[1;34m3->4  [0m[1;34m4->5  [0m[1;34m5->6  [0m[1;34m6->7  [0m[1;34m
[pthread wrapper] SKIP MASK: 0x0
[0m[1;34m	threadid 47365562459904 -> core 1 - OK[0m[1;34m
[0m[1;34m	threadid 47365564561152 -> core 2 - OK[0m[1;34m
[0m[1;34m	threadid 47365566662400 -> core 3 - OK[0m[1;34m
[0m[1;34m	threadid 47365568763648 -> core 4 - OK[0m[1;34m
[0m[1;34m	threadid 47365570864896 -> core 5 - OK[0m[1;34m
[0m[1;34m	threadid 47365572966144 -> core 6 - OK[0m[1;34m
[0m[1;34m	threadid 47365575067392 -> core 7 - OK[0m[1;34m
[0miterations: 120
Total iterations: 1074247680 LUP
FLOP: 89
Total work: 95608043520 FLOP
performance: 0.601736 GLUP/s
Performance in GFLOP/s: 53.554523
size: 9000000
time: 1.785247
[1;34m[pthread wrapper] 
[0m[1;34m[pthread wrapper] MAIN -> 0
[0m[1;34m[pthread wrapper] PIN_MASK: [0m[1;34m0->1  [0m[1;34m1->2  [0m[1;34m2->3  [0m[1;34m3->4  [0m[1;34m4->5  [0m[1;34m5->6  [0m[1;34m6->7  [0m[1;34m
[pthread wrapper] SKIP MASK: 0x0
[0m[1;34m	threadid 47343823890176 -> core 1 - OK[0m[1;34m
[0m[1;34m	threadid 47343825991424 -> core 2 - OK[0m[1;34m
[0m[1;34m	threadid 47343828092672 -> core 3 - OK[0m[1;34m
[0m[1;34m	threadid 47343830193920 -> core 4 - OK[0m[1;34m
[0m[1;34m	threadid 47343832295168 -> core 5 - OK[0m[1;34m
[0m[1;34m	threadid 47343834396416 -> core 6 - OK[0m[1;34m
[0m[1;34m	threadid 47343836497664 -> core 7 - OK[0m[1;34m
[0miterations: 120
Total iterations: 1074247680 LUP
FLOP: 89
Total work: 95608043520 FLOP
performance: 0.601344 GLUP/s
Performance in GFLOP/s: 53.519593
size: 9000000
time: 1.786412
[1;34m[pthread wrapper] 
[0m[1;34m[pthread wrapper] MAIN -> 0
[0m[1;34m[pthread wrapper] PIN_MASK: [0m[1;34m0->1  [0m[1;34m1->2  [0m[1;34m2->3  [0m[1;34m3->4  [0m[1;34m4->5  [0m[1;34m5->6  [0m[1;34m6->7  [0m[1;34m
[pthread wrapper] SKIP MASK: 0x0
[0m[1;34m	threadid 47221068154624 -> core 1 - OK[0m[1;34m
[0m[1;34m	threadid 47221070255872 -> core 2 - OK[0m[1;34m
[0m[1;34m	threadid 47221072357120 -> core 3 - OK[0m[1;34m
[0m[1;34m	threadid 47221074458368 -> core 4 - OK[0m[1;34m
[0m[1;34m	threadid 47221076559616 -> core 5 - OK[0m[1;34m
[0m[1;34m	threadid 47221078660864 -> core 6 - OK[0m[1;34m
[0m[1;34m	threadid 47221080762112 -> core 7 - OK[0m[1;34m
[0miterations: 120
Total iterations: 1074247680 LUP
FLOP: 89
Total work: 95608043520 FLOP
performance: 0.601491 GLUP/s
Performance in GFLOP/s: 53.532661
size: 9000000
time: 1.785976
[1;34m[pthread wrapper] 
[0m[1;34m[pthread wrapper] MAIN -> 0
[0m[1;34m[pthread wrapper] PIN_MASK: [0m[1;34m0->1  [0m[1;34m1->2  [0m[1;34m2->3  [0m[1;34m3->4  [0m[1;34m4->5  [0m[1;34m5->6  [0m[1;34m6->7  [0m[1;34m
[pthread wrapper] SKIP MASK: 0x0
[0m[1;34m	threadid 47904343410432 -> core 1 - OK[0m[1;34m
[0m[1;34m	threadid 47904345511680 -> core 2 - OK[0m[1;34m
[0m[1;34m	threadid 47904347612928 -> core 3 - OK[0m[1;34m
[0m[1;34m	threadid 47904349714176 -> core 4 - OK[0m[1;34m
[0m[1;34m	threadid 47904351815424 -> core 5 - OK[0m[1;34m
[0m[1;34m	threadid 47904353916672 -> core 6 - OK[0m[1;34m
[0m[1;34m	threadid 47904356017920 -> core 7 - OK[0m[1;34m
[0miterations: 120
Total iterations: 1074247680 LUP
FLOP: 89
Total work: 95608043520 FLOP
performance: 0.601640 GLUP/s
Performance in GFLOP/s: 53.545942
size: 9000000
time: 1.785533
[1;34m[pthread wrapper] 
[0m[1;34m[pthread wrapper] MAIN -> 0
[0m[1;34m[pthread wrapper] PIN_MASK: [0m[1;34m0->1  [0m[1;34m1->2  [0m[1;34m2->3  [0m[1;34m3->4  [0m[1;34m4->5  [0m[1;34m5->6  [0m[1;34m6->7  [0m[1;34m
[pthread wrapper] SKIP MASK: 0x0
[0m[1;34m	threadid 47117305767680 -> core 1 - OK[0m[1;34m
[0m[1;34m	threadid 47117307868928 -> core 2 - OK[0m[1;34m
[0m[1;34m	threadid 47117309970176 -> core 3 - OK[0m[1;34m
[0m[1;34m	threadid 47117312071424 -> core 4 - OK[0m[1;34m
[0m[1;34m	threadid 47117314172672 -> core 5 - OK[0m[1;34m
[0m[1;34m	threadid 47117316273920 -> core 6 - OK[0m[1;34m
[0m[1;34m	threadid 47117318375168 -> core 7 - OK[0m[1;34m
[0miterations: 120
Total iterations: 1074247680 LUP
FLOP: 89
Total work: 95608043520 FLOP
performance: 0.601623 GLUP/s
Performance in GFLOP/s: 53.544412
size: 9000000
time: 1.785584
[1;34m[pthread wrapper] 
[0m[1;34m[pthread wrapper] MAIN -> 0
[0m[1;34m[pthread wrapper] PIN_MASK: [0m[1;34m0->1  [0m[1;34m1->2  [0m[1;34m2->3  [0m[1;34m3->4  [0m[1;34m4->5  [0m[1;34m5->6  [0m[1;34m6->7  [0m[1;34m
[pthread wrapper] SKIP MASK: 0x0
[0m[1;34m	threadid 47911388370688 -> core 1 - OK[0m[1;34m
[0m[1;34m	threadid 47911390471936 -> core 2 - OK[0m[1;34m
[0m[1;34m	threadid 47911392573184 -> core 3 - OK[0m[1;34m
[0m[1;34m	threadid 47911394674432 -> core 4 - OK[0m[1;34m
[0m[1;34m	threadid 47911396775680 -> core 5 - OK[0m[1;34m
[0m[1;34m	threadid 47911398876928 -> core 6 - OK[0m[1;34m
[0m[1;34m	threadid 47911400978176 -> core 7 - OK[0m[1;34m
[0miterations: 120
Total iterations: 1074247680 LUP
FLOP: 89
Total work: 95608043520 FLOP
performance: 0.601707 GLUP/s
Performance in GFLOP/s: 53.551905
size: 9000000
time: 1.785334
[1;34m[pthread wrapper] 
[0m[1;34m[pthread wrapper] MAIN -> 0
[0m[1;34m[pthread wrapper] PIN_MASK: [0m[1;34m0->1  [0m[1;34m1->2  [0m[1;34m2->3  [0m[1;34m3->4  [0m[1;34m4->5  [0m[1;34m5->6  [0m[1;34m6->7  [0m[1;34m
[pthread wrapper] SKIP MASK: 0x0
[0m[1;34m	threadid 47407796635392 -> core 1 - OK[0m[1;34m
[0m[1;34m	threadid 47407798736640 -> core 2 - OK[0m[1;34m
[0m[1;34m	threadid 47407800837888 -> core 3 - OK[0m[1;34m
[0m[1;34m	threadid 47407802939136 -> core 4 - OK[0m[1;34m
[0m[1;34m	threadid 47407805040384 -> core 5 - OK[0m[1;34m
[0m[1;34m	threadid 47407807141632 -> core 6 - OK[0m[1;34m
[0m[1;34m	threadid 47407809242880 -> core 7 - OK[0m[1;34m
[0miterations: 120
Total iterations: 1074247680 LUP
FLOP: 89
Total work: 95608043520 FLOP
performance: 0.601478 GLUP/s
Performance in GFLOP/s: 53.531524
size: 9000000
time: 1.786014
[1;34m[pthread wrapper] 
[0m[1;34m[pthread wrapper] MAIN -> 0
[0m[1;34m[pthread wrapper] PIN_MASK: [0m[1;34m0->1  [0m[1;34m1->2  [0m[1;34m2->3  [0m[1;34m3->4  [0m[1;34m4->5  [0m[1;34m5->6  [0m[1;34m6->7  [0m[1;34m
[pthread wrapper] SKIP MASK: 0x0
[0m[1;34m	threadid 47476744365824 -> core 1 - OK[0m[1;34m
[0m[1;34m	threadid 47476746467072 -> core 2 - OK[0m[1;34m
[0m[1;34m	threadid 47476748568320 -> core 3 - OK[0m[1;34m
[0m[1;34m	threadid 47476750669568 -> core 4 - OK[0m[1;34m
[0m[1;34m	threadid 47476752770816 -> core 5 - OK[0m[1;34m
[0m[1;34m	threadid 47476754872064 -> core 6 - OK[0m[1;34m
[0m[1;34m	threadid 47476756973312 -> core 7 - OK[0m[1;34m
[0miterations: 120
Total iterations: 1074247680 LUP
FLOP: 89
Total work: 95608043520 FLOP
performance: 0.601585 GLUP/s
Performance in GFLOP/s: 53.541109
size: 9000000
time: 1.785694
[1;34m[pthread wrapper] 
[0m[1;34m[pthread wrapper] MAIN -> 0
[0m[1;34m[pthread wrapper] PIN_MASK: [0m[1;34m0->1  [0m[1;34m1->2  [0m[1;34m2->3  [0m[1;34m3->4  [0m[1;34m4->5  [0m[1;34m5->6  [0m[1;34m6->7  [0m[1;34m
[pthread wrapper] SKIP MASK: 0x0
[0m[1;34m	threadid 47905939777280 -> core 1 - OK[0m[1;34m
[0m[1;34m	threadid 47905941878528 -> core 2 - OK[0m[1;34m
[0m[1;34m	threadid 47905943979776 -> core 3 - OK[0m[1;34m
[0m[1;34m	threadid 47905946081024 -> core 4 - OK[0m[1;34m
[0m[1;34m	threadid 47905948182272 -> core 5 - OK[0m[1;34m
[0m[1;34m	threadid 47905950283520 -> core 6 - OK[0m[1;34m
[0m[1;34m	threadid 47905952384768 -> core 7 - OK[0m[1;34m
[0miterations: 120
Total iterations: 1074247680 LUP
FLOP: 89
Total work: 95608043520 FLOP
performance: 0.601877 GLUP/s
Performance in GFLOP/s: 53.567035
size: 9000000
time: 1.784830
