[1;34m[pthread wrapper] 
[0m[1;34m[pthread wrapper] MAIN -> 0
[0m[1;34m[pthread wrapper] PIN_MASK: [0m[1;34m0->1  [0m[1;34m1->2  [0m[1;34m2->3  [0m[1;34m3->4  [0m[1;34m4->5  [0m[1;34m
[pthread wrapper] SKIP MASK: 0x0
[0m[1;34m	threadid 47076212729600 -> core 1 - OK[0m[1;34m
[0m[1;34m	threadid 47076214830848 -> core 2 - OK[0m[1;34m
[0m[1;34m	threadid 47076216932096 -> core 3 - OK[0m[1;34m
[0m[1;34m	threadid 47076219033344 -> core 4 - OK[0m[1;34m
[0m[1;34m	threadid 47076221134592 -> core 5 - OK[0m[1;34m
[0miterations: 120
Total iterations: 1074247680 LUP
FLOP: 89
Total work: 95608043520 FLOP
performance: 0.452086 GLUP/s
Performance in GFLOP/s: 40.235673
size: 9000000
time: 2.376201
[1;34m[pthread wrapper] 
[0m[1;34m[pthread wrapper] MAIN -> 0
[0m[1;34m[pthread wrapper] PIN_MASK: [0m[1;34m0->1  [0m[1;34m1->2  [0m[1;34m2->3  [0m[1;34m3->4  [0m[1;34m4->5  [0m[1;34m
[pthread wrapper] SKIP MASK: 0x0
[0m[1;34m	threadid 47032066094848 -> core 1 - OK[0m[1;34m
[0m[1;34m	threadid 47032068196096 -> core 2 - OK[0m[1;34m
[0m[1;34m	threadid 47032070297344 -> core 3 - OK[0m[1;34m
[0m[1;34m	threadid 47032072398592 -> core 4 - OK[0m[1;34m
[0m[1;34m	threadid 47032074499840 -> core 5 - OK[0m[1;34m
[0miterations: 120
Total iterations: 1074247680 LUP
FLOP: 89
Total work: 95608043520 FLOP
performance: 0.452154 GLUP/s
Performance in GFLOP/s: 40.241750
size: 9000000
time: 2.375842
[1;34m[pthread wrapper] 
[0m[1;34m[pthread wrapper] MAIN -> 0
[0m[1;34m[pthread wrapper] PIN_MASK: [0m[1;34m0->1  [0m[1;34m1->2  [0m[1;34m2->3  [0m[1;34m3->4  [0m[1;34m4->5  [0m[1;34m
[pthread wrapper] SKIP MASK: 0x0
[0m[1;34m	threadid 47181226669824 -> core 1 - OK[0m[1;34m
[0m[1;34m	threadid 47181228771072 -> core 2 - OK[0m[1;34m
[0m[1;34m	threadid 47181230872320 -> core 3 - OK[0m[1;34m
[0m[1;34m	threadid 47181232973568 -> core 4 - OK[0m[1;34m
[0m[1;34m	threadid 47181235074816 -> core 5 - OK[0m[1;34m
[0miterations: 120
Total iterations: 1074247680 LUP
FLOP: 89
Total work: 95608043520 FLOP
performance: 0.452102 GLUP/s
Performance in GFLOP/s: 40.237078
size: 9000000
time: 2.376118
[1;34m[pthread wrapper] 
[0m[1;34m[pthread wrapper] MAIN -> 0
[0m[1;34m[pthread wrapper] PIN_MASK: [0m[1;34m0->1  [0m[1;34m1->2  [0m[1;34m2->3  [0m[1;34m3->4  [0m[1;34m4->5  [0m[1;34m
[pthread wrapper] SKIP MASK: 0x0
[0m[1;34m	threadid 47186340304640 -> core 1 - OK[0m[1;34m
[0m[1;34m	threadid 47186342405888 -> core 2 - OK[0m[1;34m
[0m[1;34m	threadid 47186344507136 -> core 3 - OK[0m[1;34m
[0m[1;34m	threadid 47186346608384 -> core 4 - OK[0m[1;34m
[0m[1;34m	threadid 47186348709632 -> core 5 - OK[0m[1;34m
[0miterations: 120
Total iterations: 1074247680 LUP
FLOP: 89
Total work: 95608043520 FLOP
performance: 0.452014 GLUP/s
Performance in GFLOP/s: 40.229255
size: 9000000
time: 2.376580
[1;34m[pthread wrapper] 
[0m[1;34m[pthread wrapper] MAIN -> 0
[0m[1;34m[pthread wrapper] PIN_MASK: [0m[1;34m0->1  [0m[1;34m1->2  [0m[1;34m2->3  [0m[1;34m3->4  [0m[1;34m4->5  [0m[1;34m
[pthread wrapper] SKIP MASK: 0x0
[0m[1;34m	threadid 47545180296960 -> core 1 - OK[0m[1;34m
[0m[1;34m	threadid 47545182398208 -> core 2 - OK[0m[1;34m
[0m[1;34m	threadid 47545184499456 -> core 3 - OK[0m[1;34m
[0m[1;34m	threadid 47545186600704 -> core 4 - OK[0m[1;34m
[0m[1;34m	threadid 47545188701952 -> core 5 - OK[0m[1;34m
[0miterations: 120
Total iterations: 1074247680 LUP
FLOP: 89
Total work: 95608043520 FLOP
performance: 0.452129 GLUP/s
Performance in GFLOP/s: 40.239448
size: 9000000
time: 2.375978
[1;34m[pthread wrapper] 
[0m[1;34m[pthread wrapper] MAIN -> 0
[0m[1;34m[pthread wrapper] PIN_MASK: [0m[1;34m0->1  [0m[1;34m1->2  [0m[1;34m2->3  [0m[1;34m3->4  [0m[1;34m4->5  [0m[1;34m
[pthread wrapper] SKIP MASK: 0x0
[0m[1;34m	threadid 46957328795392 -> core 1 - OK[0m[1;34m
[0m[1;34m	threadid 46957330896640 -> core 2 - OK[0m[1;34m
[0m[1;34m	threadid 46957332997888 -> core 3 - OK[0m[1;34m
[0m[1;34m	threadid 46957335099136 -> core 4 - OK[0m[1;34m
[0m[1;34m	threadid 46957337200384 -> core 5 - OK[0m[1;34m
[0miterations: 120
Total iterations: 1074247680 LUP
FLOP: 89
Total work: 95608043520 FLOP
performance: 0.452089 GLUP/s
Performance in GFLOP/s: 40.235907
size: 9000000
time: 2.376187
[1;34m[pthread wrapper] 
[0m[1;34m[pthread wrapper] MAIN -> 0
[0m[1;34m[pthread wrapper] PIN_MASK: [0m[1;34m0->1  [0m[1;34m1->2  [0m[1;34m2->3  [0m[1;34m3->4  [0m[1;34m4->5  [0m[1;34m
[pthread wrapper] SKIP MASK: 0x0
[0m[1;34m	threadid 47485824939776 -> core 1 - OK[0m[1;34m
[0m[1;34m	threadid 47485827041024 -> core 2 - OK[0m[1;34m
[0m[1;34m	threadid 47485829142272 -> core 3 - OK[0m[1;34m
[0m[1;34m	threadid 47485831243520 -> core 4 - OK[0m[1;34m
[0m[1;34m	threadid 47485833344768 -> core 5 - OK[0m[1;34m
[0miterations: 120
Total iterations: 1074247680 LUP
FLOP: 89
Total work: 95608043520 FLOP
performance: 0.451835 GLUP/s
Performance in GFLOP/s: 40.213284
size: 9000000
time: 2.377524
[1;34m[pthread wrapper] 
[0m[1;34m[pthread wrapper] MAIN -> 0
[0m[1;34m[pthread wrapper] PIN_MASK: [0m[1;34m0->1  [0m[1;34m1->2  [0m[1;34m2->3  [0m[1;34m3->4  [0m[1;34m4->5  [0m[1;34m
[pthread wrapper] SKIP MASK: 0x0
[0m[1;34m	threadid 47709945689856 -> core 1 - OK[0m[1;34m
[0m[1;34m	threadid 47709947791104 -> core 2 - OK[0m[1;34m
[0m[1;34m	threadid 47709949892352 -> core 3 - OK[0m[1;34m
[0m[1;34m	threadid 47709951993600 -> core 4 - OK[0m[1;34m
[0m[1;34m	threadid 47709954094848 -> core 5 - OK[0m[1;34m
[0miterations: 120
Total iterations: 1074247680 LUP
FLOP: 89
Total work: 95608043520 FLOP
performance: 0.451877 GLUP/s
Performance in GFLOP/s: 40.217035
size: 9000000
time: 2.377302
[1;34m[pthread wrapper] 
[0m[1;34m[pthread wrapper] MAIN -> 0
[0m[1;34m[pthread wrapper] PIN_MASK: [0m[1;34m0->1  [0m[1;34m1->2  [0m[1;34m2->3  [0m[1;34m3->4  [0m[1;34m4->5  [0m[1;34m
[pthread wrapper] SKIP MASK: 0x0
[0m[1;34m	threadid 47404610209536 -> core 1 - OK[0m[1;34m
[0m[1;34m	threadid 47404612310784 -> core 2 - OK[0m[1;34m
[0m[1;34m	threadid 47404614412032 -> core 3 - OK[0m[1;34m
[0m[1;34m	threadid 47404616513280 -> core 4 - OK[0m[1;34m
[0m[1;34m	threadid 47404618614528 -> core 5 - OK[0m[1;34m
[0miterations: 120
Total iterations: 1074247680 LUP
FLOP: 89
Total work: 95608043520 FLOP
performance: 0.452075 GLUP/s
Performance in GFLOP/s: 40.234688
size: 9000000
time: 2.376259
[1;34m[pthread wrapper] 
[0m[1;34m[pthread wrapper] MAIN -> 0
[0m[1;34m[pthread wrapper] PIN_MASK: [0m[1;34m0->1  [0m[1;34m1->2  [0m[1;34m2->3  [0m[1;34m3->4  [0m[1;34m4->5  [0m[1;34m
[pthread wrapper] SKIP MASK: 0x0
[0m[1;34m	threadid 47965288789760 -> core 1 - OK[0m[1;34m
[0m[1;34m	threadid 47965290891008 -> core 2 - OK[0m[1;34m
[0m[1;34m	threadid 47965292992256 -> core 3 - OK[0m[1;34m
[0m[1;34m	threadid 47965295093504 -> core 4 - OK[0m[1;34m
[0m[1;34m	threadid 47965297194752 -> core 5 - OK[0m[1;34m
[0miterations: 120
Total iterations: 1074247680 LUP
FLOP: 89
Total work: 95608043520 FLOP
performance: 0.451991 GLUP/s
Performance in GFLOP/s: 40.227189
size: 9000000
time: 2.376702
