iterations: 120
Total iterations: 1074247680 LUP
FLOP: 89
Total work: 95608043520 FLOP
performance: 0.447917 GLUP/s
Performance in GFLOP/s: 39.864622
size: 9000000
time: 2.398318
iterations: 120
Total iterations: 1074247680 LUP
FLOP: 89
Total work: 95608043520 FLOP
performance: 0.448182 GLUP/s
Performance in GFLOP/s: 39.888172
size: 9000000
time: 2.396902
iterations: 120
Total iterations: 1074247680 LUP
FLOP: 89
Total work: 95608043520 FLOP
performance: 0.447674 GLUP/s
Performance in GFLOP/s: 39.843008
size: 9000000
time: 2.399619
iterations: 120
Total iterations: 1074247680 LUP
FLOP: 89
Total work: 95608043520 FLOP
performance: 0.447686 GLUP/s
Performance in GFLOP/s: 39.844037
size: 9000000
time: 2.399557
iterations: 120
Total iterations: 1074247680 LUP
FLOP: 89
Total work: 95608043520 FLOP
performance: 0.448078 GLUP/s
Performance in GFLOP/s: 39.878942
size: 9000000
time: 2.397457
iterations: 120
Total iterations: 1074247680 LUP
FLOP: 89
Total work: 95608043520 FLOP
performance: 0.447703 GLUP/s
Performance in GFLOP/s: 39.845534
size: 9000000
time: 2.399467
iterations: 120
Total iterations: 1074247680 LUP
FLOP: 89
Total work: 95608043520 FLOP
performance: 0.448038 GLUP/s
Performance in GFLOP/s: 39.875345
size: 9000000
time: 2.397673
iterations: 120
Total iterations: 1074247680 LUP
FLOP: 89
Total work: 95608043520 FLOP
performance: 0.447097 GLUP/s
Performance in GFLOP/s: 39.791651
size: 9000000
time: 2.402716
iterations: 120
Total iterations: 1074247680 LUP
FLOP: 89
Total work: 95608043520 FLOP
performance: 0.446626 GLUP/s
Performance in GFLOP/s: 39.749700
size: 9000000
time: 2.405252
iterations: 120
Total iterations: 1074247680 LUP
FLOP: 89
Total work: 95608043520 FLOP
performance: 0.447200 GLUP/s
Performance in GFLOP/s: 39.800762
size: 9000000
time: 2.402166
