iterations: 120
Total iterations: 1074247680 LUP
FLOP: 89
Total work: 95608043520 FLOP
performance: 0.299383 GLUP/s
Performance in GFLOP/s: 26.645091
size: 9000000
time: 3.588205
iterations: 120
Total iterations: 1074247680 LUP
FLOP: 89
Total work: 95608043520 FLOP
performance: 0.300211 GLUP/s
Performance in GFLOP/s: 26.718770
size: 9000000
time: 3.578310
iterations: 120
Total iterations: 1074247680 LUP
FLOP: 89
Total work: 95608043520 FLOP
performance: 0.299494 GLUP/s
Performance in GFLOP/s: 26.654991
size: 9000000
time: 3.586872
iterations: 120
Total iterations: 1074247680 LUP
FLOP: 89
Total work: 95608043520 FLOP
performance: 0.299460 GLUP/s
Performance in GFLOP/s: 26.651946
size: 9000000
time: 3.587282
iterations: 120
Total iterations: 1074247680 LUP
FLOP: 89
Total work: 95608043520 FLOP
performance: 0.299897 GLUP/s
Performance in GFLOP/s: 26.690836
size: 9000000
time: 3.582055
iterations: 120
Total iterations: 1074247680 LUP
FLOP: 89
Total work: 95608043520 FLOP
performance: 0.299803 GLUP/s
Performance in GFLOP/s: 26.682449
size: 9000000
time: 3.583181
iterations: 120
Total iterations: 1074247680 LUP
FLOP: 89
Total work: 95608043520 FLOP
performance: 0.299416 GLUP/s
Performance in GFLOP/s: 26.648009
size: 9000000
time: 3.587812
iterations: 120
Total iterations: 1074247680 LUP
FLOP: 89
Total work: 95608043520 FLOP
performance: 0.300350 GLUP/s
Performance in GFLOP/s: 26.731186
size: 9000000
time: 3.576648
iterations: 120
Total iterations: 1074247680 LUP
FLOP: 89
Total work: 95608043520 FLOP
performance: 0.300200 GLUP/s
Performance in GFLOP/s: 26.717823
size: 9000000
time: 3.578437
iterations: 120
Total iterations: 1074247680 LUP
FLOP: 89
Total work: 95608043520 FLOP
performance: 0.300216 GLUP/s
Performance in GFLOP/s: 26.719196
size: 9000000
time: 3.578253
