[1;34m[pthread wrapper] 
[0m[1;34m[pthread wrapper] MAIN -> 0
[0m[1;34m[pthread wrapper] PIN_MASK: [0m[1;34m0->1  [0m[1;34m1->2  [0m[1;34m2->10  [0m[1;34m3->11  [0m[1;34m4->12  [0m[1;34m
[pthread wrapper] SKIP MASK: 0x0
[0m[1;34m	threadid 47500992059136 -> core 1 - OK[0m[1;34m
[0m[1;34m	threadid 47500994160384 -> core 2 - OK[0m[1;34m
[0m[1;34m	threadid 47500996261632 -> core 10 - OK[0m[1;34m
[0m[1;34m	threadid 47500998362880 -> core 11 - OK[0m[1;34m
[0m[1;34m	threadid 47501000464128 -> core 12 - OK[0m[1;34m
[0miterations: 200
Total iterations: 48412800 LUP
FLOP: 89
Total work: 4308739200 FLOP
performance: 0.414451 GLUP/s
Performance in GFLOP/s: 36.886104
size: 250000
time: 0.116812
[1;34m[pthread wrapper] 
[0m[1;34m[pthread wrapper] MAIN -> 0
[0m[1;34m[pthread wrapper] PIN_MASK: [0m[1;34m0->1  [0m[1;34m1->2  [0m[1;34m2->10  [0m[1;34m3->11  [0m[1;34m4->12  [0m[1;34m
[pthread wrapper] SKIP MASK: 0x0
[0m[1;34m	threadid 47310459832064 -> core 1 - OK[0m[1;34m
[0m[1;34m	threadid 47310461933312 -> core 2 - OK[0m[1;34m
[0m[1;34m	threadid 47310464034560 -> core 10 - OK[0m[1;34m
[0m[1;34m	threadid 47310466135808 -> core 11 - OK[0m[1;34m
[0m[1;34m	threadid 47310468237056 -> core 12 - OK[0m[1;34m
[0miterations: 200
Total iterations: 48412800 LUP
FLOP: 89
Total work: 4308739200 FLOP
performance: 0.414181 GLUP/s
Performance in GFLOP/s: 36.862103
size: 250000
time: 0.116888
[1;34m[pthread wrapper] 
[0m[1;34m[pthread wrapper] MAIN -> 0
[0m[1;34m[pthread wrapper] PIN_MASK: [0m[1;34m0->1  [0m[1;34m1->2  [0m[1;34m2->10  [0m[1;34m3->11  [0m[1;34m4->12  [0m[1;34m
[pthread wrapper] SKIP MASK: 0x0
[0m[1;34m	threadid 47688954685184 -> core 1 - OK[0m[1;34m
[0m[1;34m	threadid 47688956786432 -> core 2 - OK[0m[1;34m
[0m[1;34m	threadid 47688958887680 -> core 10 - OK[0m[1;34m
[0m[1;34m	threadid 47688960988928 -> core 11 - OK[0m[1;34m
[0m[1;34m	threadid 47688963090176 -> core 12 - OK[0m[1;34m
[0miterations: 200
Total iterations: 48412800 LUP
FLOP: 89
Total work: 4308739200 FLOP
performance: 0.414320 GLUP/s
Performance in GFLOP/s: 36.874438
size: 250000
time: 0.116849
[1;34m[pthread wrapper] 
[0m[1;34m[pthread wrapper] MAIN -> 0
[0m[1;34m[pthread wrapper] PIN_MASK: [0m[1;34m0->1  [0m[1;34m1->2  [0m[1;34m2->10  [0m[1;34m3->11  [0m[1;34m4->12  [0m[1;34m
[pthread wrapper] SKIP MASK: 0x0
[0m[1;34m	threadid 47339299829504 -> core 1 - OK[0m[1;34m
[0m[1;34m	threadid 47339301930752 -> core 2 - OK[0m[1;34m
[0m[1;34m	threadid 47339304032000 -> core 10 - OK[0m[1;34m
[0m[1;34m	threadid 47339306133248 -> core 11 - OK[0m[1;34m
[0m[1;34m	threadid 47339308234496 -> core 12 - OK[0m[1;34m
[0miterations: 200
Total iterations: 48412800 LUP
FLOP: 89
Total work: 4308739200 FLOP
performance: 0.414145 GLUP/s
Performance in GFLOP/s: 36.858945
size: 250000
time: 0.116898
[1;34m[pthread wrapper] 
[0m[1;34m[pthread wrapper] MAIN -> 0
[0m[1;34m[pthread wrapper] PIN_MASK: [0m[1;34m0->1  [0m[1;34m1->2  [0m[1;34m2->10  [0m[1;34m3->11  [0m[1;34m4->12  [0m[1;34m
[pthread wrapper] SKIP MASK: 0x0
[0m[1;34m	threadid 47110025844480 -> core 1 - OK[0m[1;34m
[0m[1;34m	threadid 47110027945728 -> core 2 - OK[0m[1;34m
[0m[1;34m	threadid 47110030046976 -> core 10 - OK[0m[1;34m
[0m[1;34m	threadid 47110032148224 -> core 11 - OK[0m[1;34m
[0m[1;34m	threadid 47110034249472 -> core 12 - OK[0m[1;34m
[0miterations: 200
Total iterations: 48412800 LUP
FLOP: 89
Total work: 4308739200 FLOP
performance: 0.414156 GLUP/s
Performance in GFLOP/s: 36.859847
size: 250000
time: 0.116895
[1;34m[pthread wrapper] 
[0m[1;34m[pthread wrapper] MAIN -> 0
[0m[1;34m[pthread wrapper] PIN_MASK: [0m[1;34m0->1  [0m[1;34m1->2  [0m[1;34m2->10  [0m[1;34m3->11  [0m[1;34m4->12  [0m[1;34m
[pthread wrapper] SKIP MASK: 0x0
[0m[1;34m	threadid 47214204385024 -> core 1 - OK[0m[1;34m
[0m[1;34m	threadid 47214206486272 -> core 2 - OK[0m[1;34m
[0m[1;34m	threadid 47214208587520 -> core 10 - OK[0m[1;34m
[0m[1;34m	threadid 47214210688768 -> core 11 - OK[0m[1;34m
[0m[1;34m	threadid 47214212790016 -> core 12 - OK[0m[1;34m
[0miterations: 200
Total iterations: 48412800 LUP
FLOP: 89
Total work: 4308739200 FLOP
performance: 0.412829 GLUP/s
Performance in GFLOP/s: 36.741745
size: 250000
time: 0.117271
[1;34m[pthread wrapper] 
[0m[1;34m[pthread wrapper] MAIN -> 0
[0m[1;34m[pthread wrapper] PIN_MASK: [0m[1;34m0->1  [0m[1;34m1->2  [0m[1;34m2->10  [0m[1;34m3->11  [0m[1;34m4->12  [0m[1;34m
[pthread wrapper] SKIP MASK: 0x0
[0m[1;34m	threadid 47991915755264 -> core 1 - OK[0m[1;34m
[0m[1;34m	threadid 47991917856512 -> core 2 - OK[0m[1;34m
[0m[1;34m	threadid 47991919957760 -> core 10 - OK[0m[1;34m
[0m[1;34m	threadid 47991922059008 -> core 11 - OK[0m[1;34m
[0m[1;34m	threadid 47991924160256 -> core 12 - OK[0m[1;34m
[0miterations: 200
Total iterations: 48412800 LUP
FLOP: 89
Total work: 4308739200 FLOP
performance: 0.413357 GLUP/s
Performance in GFLOP/s: 36.788790
size: 250000
time: 0.117121
[1;34m[pthread wrapper] 
[0m[1;34m[pthread wrapper] MAIN -> 0
[0m[1;34m[pthread wrapper] PIN_MASK: [0m[1;34m0->1  [0m[1;34m1->2  [0m[1;34m2->10  [0m[1;34m3->11  [0m[1;34m4->12  [0m[1;34m
[pthread wrapper] SKIP MASK: 0x0
[0m[1;34m	threadid 46929834055424 -> core 1 - OK[0m[1;34m
[0m[1;34m	threadid 46929836156672 -> core 2 - OK[0m[1;34m
[0m[1;34m	threadid 46929838257920 -> core 10 - OK[0m[1;34m
[0m[1;34m	threadid 46929840359168 -> core 11 - OK[0m[1;34m
[0m[1;34m	threadid 46929842460416 -> core 12 - OK[0m[1;34m
[0miterations: 200
Total iterations: 48412800 LUP
FLOP: 89
Total work: 4308739200 FLOP
performance: 0.413124 GLUP/s
Performance in GFLOP/s: 36.768057
size: 250000
time: 0.117187
[1;34m[pthread wrapper] 
[0m[1;34m[pthread wrapper] MAIN -> 0
[0m[1;34m[pthread wrapper] PIN_MASK: [0m[1;34m0->1  [0m[1;34m1->2  [0m[1;34m2->10  [0m[1;34m3->11  [0m[1;34m4->12  [0m[1;34m
[pthread wrapper] SKIP MASK: 0x0
[0m[1;34m	threadid 47416214271744 -> core 1 - OK[0m[1;34m
[0m[1;34m	threadid 47416216372992 -> core 2 - OK[0m[1;34m
[0m[1;34m	threadid 47416218474240 -> core 10 - OK[0m[1;34m
[0m[1;34m	threadid 47416220575488 -> core 11 - OK[0m[1;34m
[0m[1;34m	threadid 47416222676736 -> core 12 - OK[0m[1;34m
[0miterations: 200
Total iterations: 48412800 LUP
FLOP: 89
Total work: 4308739200 FLOP
performance: 0.413866 GLUP/s
Performance in GFLOP/s: 36.834079
size: 250000
time: 0.116977
[1;34m[pthread wrapper] 
[0m[1;34m[pthread wrapper] MAIN -> 0
[0m[1;34m[pthread wrapper] PIN_MASK: [0m[1;34m0->1  [0m[1;34m1->2  [0m[1;34m2->10  [0m[1;34m3->11  [0m[1;34m4->12  [0m[1;34m
[pthread wrapper] SKIP MASK: 0x0
[0m[1;34m	threadid 47613842859776 -> core 1 - OK[0m[1;34m
[0m[1;34m	threadid 47613844961024 -> core 2 - OK[0m[1;34m
[0m[1;34m	threadid 47613847062272 -> core 10 - OK[0m[1;34m
[0m[1;34m	threadid 47613849163520 -> core 11 - OK[0m[1;34m
[0m[1;34m	threadid 47613851264768 -> core 12 - OK[0m[1;34m
[0miterations: 200
Total iterations: 48412800 LUP
FLOP: 89
Total work: 4308739200 FLOP
performance: 0.414444 GLUP/s
Performance in GFLOP/s: 36.885501
size: 250000
time: 0.116814
