iterations: 120
Total iterations: 1074247680 LUP
FLOP: 89
Total work: 95608043520 FLOP
performance: 0.150239 GLUP/s
Performance in GFLOP/s: 13.371237
size: 9000000
time: 7.150277
iterations: 120
Total iterations: 1074247680 LUP
FLOP: 89
Total work: 95608043520 FLOP
performance: 0.150005 GLUP/s
Performance in GFLOP/s: 13.350483
size: 9000000
time: 7.161392
iterations: 120
Total iterations: 1074247680 LUP
FLOP: 89
Total work: 95608043520 FLOP
performance: 0.150324 GLUP/s
Performance in GFLOP/s: 13.378857
size: 9000000
time: 7.146204
iterations: 120
Total iterations: 1074247680 LUP
FLOP: 89
Total work: 95608043520 FLOP
performance: 0.150105 GLUP/s
Performance in GFLOP/s: 13.359313
size: 9000000
time: 7.156659
iterations: 120
Total iterations: 1074247680 LUP
FLOP: 89
Total work: 95608043520 FLOP
performance: 0.150168 GLUP/s
Performance in GFLOP/s: 13.364939
size: 9000000
time: 7.153646
iterations: 120
Total iterations: 1074247680 LUP
FLOP: 89
Total work: 95608043520 FLOP
performance: 0.150205 GLUP/s
Performance in GFLOP/s: 13.368239
size: 9000000
time: 7.151880
iterations: 120
Total iterations: 1074247680 LUP
FLOP: 89
Total work: 95608043520 FLOP
performance: 0.150006 GLUP/s
Performance in GFLOP/s: 13.350574
size: 9000000
time: 7.161343
iterations: 120
Total iterations: 1074247680 LUP
FLOP: 89
Total work: 95608043520 FLOP
performance: 0.150181 GLUP/s
Performance in GFLOP/s: 13.366150
size: 9000000
time: 7.152998
iterations: 120
Total iterations: 1074247680 LUP
FLOP: 89
Total work: 95608043520 FLOP
performance: 0.150186 GLUP/s
Performance in GFLOP/s: 13.366565
size: 9000000
time: 7.152776
iterations: 120
Total iterations: 1074247680 LUP
FLOP: 89
Total work: 95608043520 FLOP
performance: 0.150097 GLUP/s
Performance in GFLOP/s: 13.358672
size: 9000000
time: 7.157002
