[1;34m[pthread wrapper] 
[0m[1;34m[pthread wrapper] MAIN -> 0
[0m[1;34m[pthread wrapper] PIN_MASK: [0m[1;34m0->1  [0m[1;34m1->2  [0m[1;34m2->3  [0m[1;34m3->4  [0m[1;34m4->5  [0m[1;34m5->6  [0m[1;34m6->7  [0m[1;34m7->8  [0m[1;34m8->9  [0m[1;34m9->10  [0m[1;34m10->11  [0m[1;34m11->12  [0m[1;34m12->13  [0m[1;34m13->14  [0m[1;34m14->15  [0m[1;34m15->16  [0m[1;34m16->17  [0m[1;34m17->18  [0m[1;34m18->19  [0m[1;34m
[pthread wrapper] SKIP MASK: 0x0
[0m[1;34m	threadid 47498931894016 -> core 1 - OK[0m[1;34m
[0m[1;34m	threadid 47498933995264 -> core 2 - OK[0m[1;34m
[0m[1;34m	threadid 47498936096512 -> core 3 - OK[0m[1;34m
[0m[1;34m	threadid 47498938197760 -> core 4 - OK[0m[1;34m
[0m[1;34m	threadid 47498940299008 -> core 5 - OK[0m[1;34m
[0m[1;34m	threadid 47498942400256 -> core 6 - OK[0m[1;34m
[0m[1;34m	threadid 47498944501504 -> core 7 - OK[0m[1;34m
[0m[1;34m	threadid 47498946602752 -> core 8 - OK[0m[1;34m
[0m[1;34m	threadid 47498948704000 -> core 9 - OK[0m[1;34m
[0m[1;34m	threadid 47498950805248 -> core 10 - OK[0m[1;34m
[0m[1;34m	threadid 47498952906496 -> core 11 - OK[0m[1;34m
[0m[1;34m	threadid 47498955007744 -> core 12 - OK[0m[1;34m
[0m[1;34m	threadid 47498957108992 -> core 13 - OK[0m[1;34m
[0m[1;34m	threadid 47498959210240 -> core 14 - OK[0m[1;34m
[0m[1;34m	threadid 47498961311488 -> core 15 - OK[0m[1;34m
[0m[1;34m	threadid 47498963412736 -> core 16 - OK[0m[1;34m
[0m[1;34m	threadid 47498965513984 -> core 17 - OK[0m[1;34m
[0m[1;34m	threadid 47498967615232 -> core 18 - OK[0m[1;34m
[0m[1;34m	threadid 47498969716480 -> core 19 - OK[0m[1;34m
[0miterations: 200
Total iterations: 1790412800 LUP
FLOP: 89
Total work: 159346739200 FLOP
performance: 1.165439 GLUP/s
Performance in GFLOP/s: 103.724074
size: 9000000
time: 1.536256
[1;34m[pthread wrapper] 
[0m[1;34m[pthread wrapper] MAIN -> 0
[0m[1;34m[pthread wrapper] PIN_MASK: [0m[1;34m0->1  [0m[1;34m1->2  [0m[1;34m2->3  [0m[1;34m3->4  [0m[1;34m4->5  [0m[1;34m5->6  [0m[1;34m6->7  [0m[1;34m7->8  [0m[1;34m8->9  [0m[1;34m9->10  [0m[1;34m10->11  [0m[1;34m11->12  [0m[1;34m12->13  [0m[1;34m13->14  [0m[1;34m14->15  [0m[1;34m15->16  [0m[1;34m16->17  [0m[1;34m17->18  [0m[1;34m18->19  [0m[1;34m
[pthread wrapper] SKIP MASK: 0x0
[0m[1;34m	threadid 47079433918208 -> core 1 - OK[0m[1;34m
[0m[1;34m	threadid 47079436019456 -> core 2 - OK[0m[1;34m
[0m[1;34m	threadid 47079438120704 -> core 3 - OK[0m[1;34m
[0m[1;34m	threadid 47079440221952 -> core 4 - OK[0m[1;34m
[0m[1;34m	threadid 47079442323200 -> core 5 - OK[0m[1;34m
[0m[1;34m	threadid 47079444424448 -> core 6 - OK[0m[1;34m
[0m[1;34m	threadid 47079446525696 -> core 7 - OK[0m[1;34m
[0m[1;34m	threadid 47079448626944 -> core 8 - OK[0m[1;34m
[0m[1;34m	threadid 47079450728192 -> core 9 - OK[0m[1;34m
[0m[1;34m	threadid 47079452829440 -> core 10 - OK[0m[1;34m
[0m[1;34m	threadid 47079454930688 -> core 11 - OK[0m[1;34m
[0m[1;34m	threadid 47079457031936 -> core 12 - OK[0m[1;34m
[0m[1;34m	threadid 47079459133184 -> core 13 - OK[0m[1;34m
[0m[1;34m	threadid 47079461234432 -> core 14 - OK[0m[1;34m
[0m[1;34m	threadid 47079463335680 -> core 15 - OK[0m[1;34m
[0m[1;34m	threadid 47079465436928 -> core 16 - OK[0m[1;34m
[0m[1;34m	threadid 47079467538176 -> core 17 - OK[0m[1;34m
[0m[1;34m	threadid 47079469639424 -> core 18 - OK[0m[1;34m
[0m[1;34m	threadid 47079471740672 -> core 19 - OK[0m[1;34m
[0miterations: 200
Total iterations: 1790412800 LUP
FLOP: 89
Total work: 159346739200 FLOP
performance: 1.184071 GLUP/s
Performance in GFLOP/s: 105.382333
size: 9000000
time: 1.512082
[1;34m[pthread wrapper] 
[0m[1;34m[pthread wrapper] MAIN -> 0
[0m[1;34m[pthread wrapper] PIN_MASK: [0m[1;34m0->1  [0m[1;34m1->2  [0m[1;34m2->3  [0m[1;34m3->4  [0m[1;34m4->5  [0m[1;34m5->6  [0m[1;34m6->7  [0m[1;34m7->8  [0m[1;34m8->9  [0m[1;34m9->10  [0m[1;34m10->11  [0m[1;34m11->12  [0m[1;34m12->13  [0m[1;34m13->14  [0m[1;34m14->15  [0m[1;34m15->16  [0m[1;34m16->17  [0m[1;34m17->18  [0m[1;34m18->19  [0m[1;34m
[pthread wrapper] SKIP MASK: 0x0
[0m[1;34m	threadid 47767945725696 -> core 1 - OK[0m[1;34m
[0m[1;34m	threadid 47767947826944 -> core 2 - OK[0m[1;34m
[0m[1;34m	threadid 47767949928192 -> core 3 - OK[0m[1;34m
[0m[1;34m	threadid 47767952029440 -> core 4 - OK[0m[1;34m
[0m[1;34m	threadid 47767954130688 -> core 5 - OK[0m[1;34m
[0m[1;34m	threadid 47767956231936 -> core 6 - OK[0m[1;34m
[0m[1;34m	threadid 47767958333184 -> core 7 - OK[0m[1;34m
[0m[1;34m	threadid 47767960434432 -> core 8 - OK[0m[1;34m
[0m[1;34m	threadid 47767962535680 -> core 9 - OK[0m[1;34m
[0m[1;34m	threadid 47767964636928 -> core 10 - OK[0m[1;34m
[0m[1;34m	threadid 47767966738176 -> core 11 - OK[0m[1;34m
[0m[1;34m	threadid 47767968839424 -> core 12 - OK[0m[1;34m
[0m[1;34m	threadid 47767970940672 -> core 13 - OK[0m[1;34m
[0m[1;34m	threadid 47767973041920 -> core 14 - OK[0m[1;34m
[0m[1;34m	threadid 47767975143168 -> core 15 - OK[0m[1;34m
[0m[1;34m	threadid 47767977244416 -> core 16 - OK[0m[1;34m
[0m[1;34m	threadid 47767979345664 -> core 17 - OK[0m[1;34m
[0m[1;34m	threadid 47767981446912 -> core 18 - OK[0m[1;34m
[0m[1;34m	threadid 47767983548160 -> core 19 - OK[0m[1;34m
[0miterations: 200
Total iterations: 1790412800 LUP
FLOP: 89
Total work: 159346739200 FLOP
performance: 1.200329 GLUP/s
Performance in GFLOP/s: 106.829265
size: 9000000
time: 1.491602
[1;34m[pthread wrapper] 
[0m[1;34m[pthread wrapper] MAIN -> 0
[0m[1;34m[pthread wrapper] PIN_MASK: [0m[1;34m0->1  [0m[1;34m1->2  [0m[1;34m2->3  [0m[1;34m3->4  [0m[1;34m4->5  [0m[1;34m5->6  [0m[1;34m6->7  [0m[1;34m7->8  [0m[1;34m8->9  [0m[1;34m9->10  [0m[1;34m10->11  [0m[1;34m11->12  [0m[1;34m12->13  [0m[1;34m13->14  [0m[1;34m14->15  [0m[1;34m15->16  [0m[1;34m16->17  [0m[1;34m17->18  [0m[1;34m18->19  [0m[1;34m
[pthread wrapper] SKIP MASK: 0x0
[0m[1;34m	threadid 47859330561792 -> core 1 - OK[0m[1;34m
[0m[1;34m	threadid 47859332663040 -> core 2 - OK[0m[1;34m
[0m[1;34m	threadid 47859334764288 -> core 3 - OK[0m[1;34m
[0m[1;34m	threadid 47859336865536 -> core 4 - OK[0m[1;34m
[0m[1;34m	threadid 47859338966784 -> core 5 - OK[0m[1;34m
[0m[1;34m	threadid 47859341068032 -> core 6 - OK[0m[1;34m
[0m[1;34m	threadid 47859343169280 -> core 7 - OK[0m[1;34m
[0m[1;34m	threadid 47859345270528 -> core 8 - OK[0m[1;34m
[0m[1;34m	threadid 47859347371776 -> core 9 - OK[0m[1;34m
[0m[1;34m	threadid 47859349473024 -> core 10 - OK[0m[1;34m
[0m[1;34m	threadid 47859351574272 -> core 11 - OK[0m[1;34m
[0m[1;34m	threadid 47859353675520 -> core 12 - OK[0m[1;34m
[0m[1;34m	threadid 47859355776768 -> core 13 - OK[0m[1;34m
[0m[1;34m	threadid 47859357878016 -> core 14 - OK[0m[1;34m
[0m[1;34m	threadid 47859359979264 -> core 15 - OK[0m[1;34m
[0m[1;34m	threadid 47859362080512 -> core 16 - OK[0m[1;34m
[0m[1;34m	threadid 47859364181760 -> core 17 - OK[0m[1;34m
[0m[1;34m	threadid 47859366283008 -> core 18 - OK[0m[1;34m
[0m[1;34m	threadid 47859368384256 -> core 19 - OK[0m[1;34m
[0miterations: 200
Total iterations: 1790412800 LUP
FLOP: 89
Total work: 159346739200 FLOP
performance: 1.174137 GLUP/s
Performance in GFLOP/s: 104.498236
size: 9000000
time: 1.524875
[1;34m[pthread wrapper] 
[0m[1;34m[pthread wrapper] MAIN -> 0
[0m[1;34m[pthread wrapper] PIN_MASK: [0m[1;34m0->1  [0m[1;34m1->2  [0m[1;34m2->3  [0m[1;34m3->4  [0m[1;34m4->5  [0m[1;34m5->6  [0m[1;34m6->7  [0m[1;34m7->8  [0m[1;34m8->9  [0m[1;34m9->10  [0m[1;34m10->11  [0m[1;34m11->12  [0m[1;34m12->13  [0m[1;34m13->14  [0m[1;34m14->15  [0m[1;34m15->16  [0m[1;34m16->17  [0m[1;34m17->18  [0m[1;34m18->19  [0m[1;34m
[pthread wrapper] SKIP MASK: 0x0
[0m[1;34m	threadid 47930389083904 -> core 1 - OK[0m[1;34m
[0m[1;34m	threadid 47930391185152 -> core 2 - OK[0m[1;34m
[0m[1;34m	threadid 47930393286400 -> core 3 - OK[0m[1;34m
[0m[1;34m	threadid 47930395387648 -> core 4 - OK[0m[1;34m
[0m[1;34m	threadid 47930397488896 -> core 5 - OK[0m[1;34m
[0m[1;34m	threadid 47930399590144 -> core 6 - OK[0m[1;34m
[0m[1;34m	threadid 47930401691392 -> core 7 - OK[0m[1;34m
[0m[1;34m	threadid 47930403792640 -> core 8 - OK[0m[1;34m
[0m[1;34m	threadid 47930405893888 -> core 9 - OK[0m[1;34m
[0m[1;34m	threadid 47930407995136 -> core 10 - OK[0m[1;34m
[0m[1;34m	threadid 47930410096384 -> core 11 - OK[0m[1;34m
[0m[1;34m	threadid 47930412197632 -> core 12 - OK[0m[1;34m
[0m[1;34m	threadid 47930414298880 -> core 13 - OK[0m[1;34m
[0m[1;34m	threadid 47930416400128 -> core 14 - OK[0m[1;34m
[0m[1;34m	threadid 47930418501376 -> core 15 - OK[0m[1;34m
[0m[1;34m	threadid 47930420602624 -> core 16 - OK[0m[1;34m
[0m[1;34m	threadid 47930422703872 -> core 17 - OK[0m[1;34m
[0m[1;34m	threadid 47930424805120 -> core 18 - OK[0m[1;34m
[0m[1;34m	threadid 47930426906368 -> core 19 - OK[0m[1;34m
[0miterations: 200
Total iterations: 1790412800 LUP
FLOP: 89
Total work: 159346739200 FLOP
performance: 1.176209 GLUP/s
Performance in GFLOP/s: 104.682615
size: 9000000
time: 1.522189
[1;34m[pthread wrapper] 
[0m[1;34m[pthread wrapper] MAIN -> 0
[0m[1;34m[pthread wrapper] PIN_MASK: [0m[1;34m0->1  [0m[1;34m1->2  [0m[1;34m2->3  [0m[1;34m3->4  [0m[1;34m4->5  [0m[1;34m5->6  [0m[1;34m6->7  [0m[1;34m7->8  [0m[1;34m8->9  [0m[1;34m9->10  [0m[1;34m10->11  [0m[1;34m11->12  [0m[1;34m12->13  [0m[1;34m13->14  [0m[1;34m14->15  [0m[1;34m15->16  [0m[1;34m16->17  [0m[1;34m17->18  [0m[1;34m18->19  [0m[1;34m
[pthread wrapper] SKIP MASK: 0x0
[0m[1;34m	threadid 47824544114432 -> core 1 - OK[0m[1;34m
[0m[1;34m	threadid 47824546215680 -> core 2 - OK[0m[1;34m
[0m[1;34m	threadid 47824548316928 -> core 3 - OK[0m[1;34m
[0m[1;34m	threadid 47824550418176 -> core 4 - OK[0m[1;34m
[0m[1;34m	threadid 47824552519424 -> core 5 - OK[0m[1;34m
[0m[1;34m	threadid 47824554620672 -> core 6 - OK[0m[1;34m
[0m[1;34m	threadid 47824556721920 -> core 7 - OK[0m[1;34m
[0m[1;34m	threadid 47824558823168 -> core 8 - OK[0m[1;34m
[0m[1;34m	threadid 47824560924416 -> core 9 - OK[0m[1;34m
[0m[1;34m	threadid 47824563025664 -> core 10 - OK[0m[1;34m
[0m[1;34m	threadid 47824565126912 -> core 11 - OK[0m[1;34m
[0m[1;34m	threadid 47824567228160 -> core 12 - OK[0m[1;34m
[0m[1;34m	threadid 47824569329408 -> core 13 - OK[0m[1;34m
[0m[1;34m	threadid 47824571430656 -> core 14 - OK[0m[1;34m
[0m[1;34m	threadid 47824573531904 -> core 15 - OK[0m[1;34m
[0m[1;34m	threadid 47824575633152 -> core 16 - OK[0m[1;34m
[0m[1;34m	threadid 47824577734400 -> core 17 - OK[0m[1;34m
[0m[1;34m	threadid 47824579835648 -> core 18 - OK[0m[1;34m
[0m[1;34m	threadid 47824581936896 -> core 19 - OK[0m[1;34m
[0miterations: 200
Total iterations: 1790412800 LUP
FLOP: 89
Total work: 159346739200 FLOP
performance: 1.197893 GLUP/s
Performance in GFLOP/s: 106.612469
size: 9000000
time: 1.494635
[1;34m[pthread wrapper] 
[0m[1;34m[pthread wrapper] MAIN -> 0
[0m[1;34m[pthread wrapper] PIN_MASK: [0m[1;34m0->1  [0m[1;34m1->2  [0m[1;34m2->3  [0m[1;34m3->4  [0m[1;34m4->5  [0m[1;34m5->6  [0m[1;34m6->7  [0m[1;34m7->8  [0m[1;34m8->9  [0m[1;34m9->10  [0m[1;34m10->11  [0m[1;34m11->12  [0m[1;34m12->13  [0m[1;34m13->14  [0m[1;34m14->15  [0m[1;34m15->16  [0m[1;34m16->17  [0m[1;34m17->18  [0m[1;34m18->19  [0m[1;34m
[pthread wrapper] SKIP MASK: 0x0
[0m[1;34m	threadid 47835046577920 -> core 1 - OK[0m[1;34m
[0m[1;34m	threadid 47835048679168 -> core 2 - OK[0m[1;34m
[0m[1;34m	threadid 47835050780416 -> core 3 - OK[0m[1;34m
[0m[1;34m	threadid 47835052881664 -> core 4 - OK[0m[1;34m
[0m[1;34m	threadid 47835054982912 -> core 5 - OK[0m[1;34m
[0m[1;34m	threadid 47835057084160 -> core 6 - OK[0m[1;34m
[0m[1;34m	threadid 47835059185408 -> core 7 - OK[0m[1;34m
[0m[1;34m	threadid 47835061286656 -> core 8 - OK[0m[1;34m
[0m[1;34m	threadid 47835063387904 -> core 9 - OK[0m[1;34m
[0m[1;34m	threadid 47835065489152 -> core 10 - OK[0m[1;34m
[0m[1;34m	threadid 47835067590400 -> core 11 - OK[0m[1;34m
[0m[1;34m	threadid 47835069691648 -> core 12 - OK[0m[1;34m
[0m[1;34m	threadid 47835071792896 -> core 13 - OK[0m[1;34m
[0m[1;34m	threadid 47835073894144 -> core 14 - OK[0m[1;34m
[0m[1;34m	threadid 47835075995392 -> core 15 - OK[0m[1;34m
[0m[1;34m	threadid 47835078096640 -> core 16 - OK[0m[1;34m
[0m[1;34m	threadid 47835080197888 -> core 17 - OK[0m[1;34m
[0m[1;34m	threadid 47835082299136 -> core 18 - OK[0m[1;34m
[0m[1;34m	threadid 47835084400384 -> core 19 - OK[0m[1;34m
[0miterations: 200
Total iterations: 1790412800 LUP
FLOP: 89
Total work: 159346739200 FLOP
performance: 1.217888 GLUP/s
Performance in GFLOP/s: 108.392003
size: 9000000
time: 1.470097
[1;34m[pthread wrapper] 
[0m[1;34m[pthread wrapper] MAIN -> 0
[0m[1;34m[pthread wrapper] PIN_MASK: [0m[1;34m0->1  [0m[1;34m1->2  [0m[1;34m2->3  [0m[1;34m3->4  [0m[1;34m4->5  [0m[1;34m5->6  [0m[1;34m6->7  [0m[1;34m7->8  [0m[1;34m8->9  [0m[1;34m9->10  [0m[1;34m10->11  [0m[1;34m11->12  [0m[1;34m12->13  [0m[1;34m13->14  [0m[1;34m14->15  [0m[1;34m15->16  [0m[1;34m16->17  [0m[1;34m17->18  [0m[1;34m18->19  [0m[1;34m
[pthread wrapper] SKIP MASK: 0x0
[0m[1;34m	threadid 47068350076672 -> core 1 - OK[0m[1;34m
[0m[1;34m	threadid 47068352177920 -> core 2 - OK[0m[1;34m
[0m[1;34m	threadid 47068354279168 -> core 3 - OK[0m[1;34m
[0m[1;34m	threadid 47068356380416 -> core 4 - OK[0m[1;34m
[0m[1;34m	threadid 47068358481664 -> core 5 - OK[0m[1;34m
[0m[1;34m	threadid 47068360582912 -> core 6 - OK[0m[1;34m
[0m[1;34m	threadid 47068362684160 -> core 7 - OK[0m[1;34m
[0m[1;34m	threadid 47068364785408 -> core 8 - OK[0m[1;34m
[0m[1;34m	threadid 47068366886656 -> core 9 - OK[0m[1;34m
[0m[1;34m	threadid 47068368987904 -> core 10 - OK[0m[1;34m
[0m[1;34m	threadid 47068371089152 -> core 11 - OK[0m[1;34m
[0m[1;34m	threadid 47068373190400 -> core 12 - OK[0m[1;34m
[0m[1;34m	threadid 47068375291648 -> core 13 - OK[0m[1;34m
[0m[1;34m	threadid 47068377392896 -> core 14 - OK[0m[1;34m
[0m[1;34m	threadid 47068379494144 -> core 15 - OK[0m[1;34m
[0m[1;34m	threadid 47068381595392 -> core 16 - OK[0m[1;34m
[0m[1;34m	threadid 47068383696640 -> core 17 - OK[0m[1;34m
[0m[1;34m	threadid 47068385797888 -> core 18 - OK[0m[1;34m
[0m[1;34m	threadid 47068387899136 -> core 19 - OK[0m[1;34m
[0miterations: 200
Total iterations: 1790412800 LUP
FLOP: 89
Total work: 159346739200 FLOP
performance: 1.137569 GLUP/s
Performance in GFLOP/s: 101.243627
size: 9000000
time: 1.573894
[1;34m[pthread wrapper] 
[0m[1;34m[pthread wrapper] MAIN -> 0
[0m[1;34m[pthread wrapper] PIN_MASK: [0m[1;34m0->1  [0m[1;34m1->2  [0m[1;34m2->3  [0m[1;34m3->4  [0m[1;34m4->5  [0m[1;34m5->6  [0m[1;34m6->7  [0m[1;34m7->8  [0m[1;34m8->9  [0m[1;34m9->10  [0m[1;34m10->11  [0m[1;34m11->12  [0m[1;34m12->13  [0m[1;34m13->14  [0m[1;34m14->15  [0m[1;34m15->16  [0m[1;34m16->17  [0m[1;34m17->18  [0m[1;34m18->19  [0m[1;34m
[pthread wrapper] SKIP MASK: 0x0
[0m[1;34m	threadid 47478214227712 -> core 1 - OK[0m[1;34m
[0m[1;34m	threadid 47478216328960 -> core 2 - OK[0m[1;34m
[0m[1;34m	threadid 47478218430208 -> core 3 - OK[0m[1;34m
[0m[1;34m	threadid 47478220531456 -> core 4 - OK[0m[1;34m
[0m[1;34m	threadid 47478222632704 -> core 5 - OK[0m[1;34m
[0m[1;34m	threadid 47478224733952 -> core 6 - OK[0m[1;34m
[0m[1;34m	threadid 47478226835200 -> core 7 - OK[0m[1;34m
[0m[1;34m	threadid 47478228936448 -> core 8 - OK[0m[1;34m
[0m[1;34m	threadid 47478231037696 -> core 9 - OK[0m[1;34m
[0m[1;34m	threadid 47478233138944 -> core 10 - OK[0m[1;34m
[0m[1;34m	threadid 47478235240192 -> core 11 - OK[0m[1;34m
[0m[1;34m	threadid 47478237341440 -> core 12 - OK[0m[1;34m
[0m[1;34m	threadid 47478239442688 -> core 13 - OK[0m[1;34m
[0m[1;34m	threadid 47478241543936 -> core 14 - OK[0m[1;34m
[0m[1;34m	threadid 47478243645184 -> core 15 - OK[0m[1;34m
[0m[1;34m	threadid 47478245746432 -> core 16 - OK[0m[1;34m
[0m[1;34m	threadid 47478247847680 -> core 17 - OK[0m[1;34m
[0m[1;34m	threadid 47478249948928 -> core 18 - OK[0m[1;34m
[0m[1;34m	threadid 47478252050176 -> core 19 - OK[0m[1;34m
[0miterations: 200
Total iterations: 1790412800 LUP
FLOP: 89
Total work: 159346739200 FLOP
performance: 1.214899 GLUP/s
Performance in GFLOP/s: 108.126038
size: 9000000
time: 1.473713
[1;34m[pthread wrapper] 
[0m[1;34m[pthread wrapper] MAIN -> 0
[0m[1;34m[pthread wrapper] PIN_MASK: [0m[1;34m0->1  [0m[1;34m1->2  [0m[1;34m2->3  [0m[1;34m3->4  [0m[1;34m4->5  [0m[1;34m5->6  [0m[1;34m6->7  [0m[1;34m7->8  [0m[1;34m8->9  [0m[1;34m9->10  [0m[1;34m10->11  [0m[1;34m11->12  [0m[1;34m12->13  [0m[1;34m13->14  [0m[1;34m14->15  [0m[1;34m15->16  [0m[1;34m16->17  [0m[1;34m17->18  [0m[1;34m18->19  [0m[1;34m
[pthread wrapper] SKIP MASK: 0x0
[0m[1;34m	threadid 47151773406976 -> core 1 - OK[0m[1;34m
[0m[1;34m	threadid 47151775508224 -> core 2 - OK[0m[1;34m
[0m[1;34m	threadid 47151777609472 -> core 3 - OK[0m[1;34m
[0m[1;34m	threadid 47151779710720 -> core 4 - OK[0m[1;34m
[0m[1;34m	threadid 47151781811968 -> core 5 - OK[0m[1;34m
[0m[1;34m	threadid 47151783913216 -> core 6 - OK[0m[1;34m
[0m[1;34m	threadid 47151786014464 -> core 7 - OK[0m[1;34m
[0m[1;34m	threadid 47151788115712 -> core 8 - OK[0m[1;34m
[0m[1;34m	threadid 47151790216960 -> core 9 - OK[0m[1;34m
[0m[1;34m	threadid 47151792318208 -> core 10 - OK[0m[1;34m
[0m[1;34m	threadid 47151794419456 -> core 11 - OK[0m[1;34m
[0m[1;34m	threadid 47151796520704 -> core 12 - OK[0m[1;34m
[0m[1;34m	threadid 47151798621952 -> core 13 - OK[0m[1;34m
[0m[1;34m	threadid 47151800723200 -> core 14 - OK[0m[1;34m
[0m[1;34m	threadid 47151802824448 -> core 15 - OK[0m[1;34m
[0m[1;34m	threadid 47151804925696 -> core 16 - OK[0m[1;34m
[0m[1;34m	threadid 47151807026944 -> core 17 - OK[0m[1;34m
[0m[1;34m	threadid 47151809128192 -> core 18 - OK[0m[1;34m
[0m[1;34m	threadid 47151811229440 -> core 19 - OK[0m[1;34m
[0miterations: 200
Total iterations: 1790412800 LUP
FLOP: 89
Total work: 159346739200 FLOP
performance: 1.206395 GLUP/s
Performance in GFLOP/s: 107.369197
size: 9000000
time: 1.484101
