[1;34m[pthread wrapper] 
[0m[1;34m[pthread wrapper] MAIN -> 0
[0m[1;34m[pthread wrapper] PIN_MASK: [0m[1;34m0->1  [0m[1;34m1->2  [0m[1;34m2->3  [0m[1;34m3->4  [0m[1;34m4->5  [0m[1;34m
[pthread wrapper] SKIP MASK: 0x0
[0m[1;34m	threadid 47900234725120 -> core 1 - OK[0m[1;34m
[0m[1;34m	threadid 47900236826368 -> core 2 - OK[0m[1;34m
[0m[1;34m	threadid 47900238927616 -> core 3 - OK[0m[1;34m
[0m[1;34m	threadid 47900241028864 -> core 4 - OK[0m[1;34m
[0m[1;34m	threadid 47900243130112 -> core 5 - OK[0m[1;34m
[0miterations: 120
Total iterations: 29047680 LUP
FLOP: 89
Total work: 2585243520 FLOP
performance: 0.434118 GLUP/s
Performance in GFLOP/s: 38.636508
size: 250000
time: 0.066912
[1;34m[pthread wrapper] 
[0m[1;34m[pthread wrapper] MAIN -> 0
[0m[1;34m[pthread wrapper] PIN_MASK: [0m[1;34m0->1  [0m[1;34m1->2  [0m[1;34m2->3  [0m[1;34m3->4  [0m[1;34m4->5  [0m[1;34m
[pthread wrapper] SKIP MASK: 0x0
[0m[1;34m	threadid 47771995395840 -> core 1 - OK[0m[1;34m
[0m[1;34m	threadid 47771997497088 -> core 2 - OK[0m[1;34m
[0m[1;34m	threadid 47771999598336 -> core 3 - OK[0m[1;34m
[0m[1;34m	threadid 47772001699584 -> core 4 - OK[0m[1;34m
[0m[1;34m	threadid 47772003800832 -> core 5 - OK[0m[1;34m
[0miterations: 120
Total iterations: 29047680 LUP
FLOP: 89
Total work: 2585243520 FLOP
performance: 0.433437 GLUP/s
Performance in GFLOP/s: 38.575891
size: 250000
time: 0.067017
[1;34m[pthread wrapper] 
[0m[1;34m[pthread wrapper] MAIN -> 0
[0m[1;34m[pthread wrapper] PIN_MASK: [0m[1;34m0->1  [0m[1;34m1->2  [0m[1;34m2->3  [0m[1;34m3->4  [0m[1;34m4->5  [0m[1;34m
[pthread wrapper] SKIP MASK: 0x0
[0m[1;34m	threadid 47873801041664 -> core 1 - OK[0m[1;34m
[0m[1;34m	threadid 47873803142912 -> core 2 - OK[0m[1;34m
[0m[1;34m	threadid 47873805244160 -> core 3 - OK[0m[1;34m
[0m[1;34m	threadid 47873807345408 -> core 4 - OK[0m[1;34m
[0m[1;34m	threadid 47873809446656 -> core 5 - OK[0m[1;34m
[0miterations: 120
Total iterations: 29047680 LUP
FLOP: 89
Total work: 2585243520 FLOP
performance: 0.433089 GLUP/s
Performance in GFLOP/s: 38.544901
size: 250000
time: 0.067071
[1;34m[pthread wrapper] 
[0m[1;34m[pthread wrapper] MAIN -> 0
[0m[1;34m[pthread wrapper] PIN_MASK: [0m[1;34m0->1  [0m[1;34m1->2  [0m[1;34m2->3  [0m[1;34m3->4  [0m[1;34m4->5  [0m[1;34m
[pthread wrapper] SKIP MASK: 0x0
[0m[1;34m	threadid 47819886843648 -> core 1 - OK[0m[1;34m
[0m[1;34m	threadid 47819888944896 -> core 2 - OK[0m[1;34m
[0m[1;34m	threadid 47819891046144 -> core 3 - OK[0m[1;34m
[0m[1;34m	threadid 47819893147392 -> core 4 - OK[0m[1;34m
[0m[1;34m	threadid 47819895248640 -> core 5 - OK[0m[1;34m
[0miterations: 120
Total iterations: 29047680 LUP
FLOP: 89
Total work: 2585243520 FLOP
performance: 0.433488 GLUP/s
Performance in GFLOP/s: 38.580420
size: 250000
time: 0.067009
[1;34m[pthread wrapper] 
[0m[1;34m[pthread wrapper] MAIN -> 0
[0m[1;34m[pthread wrapper] PIN_MASK: [0m[1;34m0->1  [0m[1;34m1->2  [0m[1;34m2->3  [0m[1;34m3->4  [0m[1;34m4->5  [0m[1;34m
[pthread wrapper] SKIP MASK: 0x0
[0m[1;34m	threadid 47231361898240 -> core 1 - OK[0m[1;34m
[0m[1;34m	threadid 47231363999488 -> core 2 - OK[0m[1;34m
[0m[1;34m	threadid 47231366100736 -> core 3 - OK[0m[1;34m
[0m[1;34m	threadid 47231368201984 -> core 4 - OK[0m[1;34m
[0m[1;34m	threadid 47231370303232 -> core 5 - OK[0m[1;34m
[0miterations: 120
Total iterations: 29047680 LUP
FLOP: 89
Total work: 2585243520 FLOP
performance: 0.433340 GLUP/s
Performance in GFLOP/s: 38.567247
size: 250000
time: 0.067032
[1;34m[pthread wrapper] 
[0m[1;34m[pthread wrapper] MAIN -> 0
[0m[1;34m[pthread wrapper] PIN_MASK: [0m[1;34m0->1  [0m[1;34m1->2  [0m[1;34m2->3  [0m[1;34m3->4  [0m[1;34m4->5  [0m[1;34m
[pthread wrapper] SKIP MASK: 0x0
[0m[1;34m	threadid 47873189070592 -> core 1 - OK[0m[1;34m
[0m[1;34m	threadid 47873191171840 -> core 2 - OK[0m[1;34m
[0m[1;34m	threadid 47873193273088 -> core 3 - OK[0m[1;34m
[0m[1;34m	threadid 47873195374336 -> core 4 - OK[0m[1;34m
[0m[1;34m	threadid 47873197475584 -> core 5 - OK[0m[1;34m
[0miterations: 120
Total iterations: 29047680 LUP
FLOP: 89
Total work: 2585243520 FLOP
performance: 0.434002 GLUP/s
Performance in GFLOP/s: 38.626185
size: 250000
time: 0.066930
[1;34m[pthread wrapper] 
[0m[1;34m[pthread wrapper] MAIN -> 0
[0m[1;34m[pthread wrapper] PIN_MASK: [0m[1;34m0->1  [0m[1;34m1->2  [0m[1;34m2->3  [0m[1;34m3->4  [0m[1;34m4->5  [0m[1;34m
[pthread wrapper] SKIP MASK: 0x0
[0m[1;34m	threadid 47283415275264 -> core 1 - OK[0m[1;34m
[0m[1;34m	threadid 47283417376512 -> core 2 - OK[0m[1;34m
[0m[1;34m	threadid 47283419477760 -> core 3 - OK[0m[1;34m
[0m[1;34m	threadid 47283421579008 -> core 4 - OK[0m[1;34m
[0m[1;34m	threadid 47283423680256 -> core 5 - OK[0m[1;34m
[0miterations: 120
Total iterations: 29047680 LUP
FLOP: 89
Total work: 2585243520 FLOP
performance: 0.433360 GLUP/s
Performance in GFLOP/s: 38.569031
size: 250000
time: 0.067029
[1;34m[pthread wrapper] 
[0m[1;34m[pthread wrapper] MAIN -> 0
[0m[1;34m[pthread wrapper] PIN_MASK: [0m[1;34m0->1  [0m[1;34m1->2  [0m[1;34m2->3  [0m[1;34m3->4  [0m[1;34m4->5  [0m[1;34m
[pthread wrapper] SKIP MASK: 0x0
[0m[1;34m	threadid 47927535871744 -> core 1 - OK[0m[1;34m
[0m[1;34m	threadid 47927537972992 -> core 2 - OK[0m[1;34m
[0m[1;34m	threadid 47927540074240 -> core 3 - OK[0m[1;34m
[0m[1;34m	threadid 47927542175488 -> core 4 - OK[0m[1;34m
[0m[1;34m	threadid 47927544276736 -> core 5 - OK[0m[1;34m
[0miterations: 120
Total iterations: 29047680 LUP
FLOP: 89
Total work: 2585243520 FLOP
performance: 0.433224 GLUP/s
Performance in GFLOP/s: 38.556962
size: 250000
time: 0.067050
[1;34m[pthread wrapper] 
[0m[1;34m[pthread wrapper] MAIN -> 0
[0m[1;34m[pthread wrapper] PIN_MASK: [0m[1;34m0->1  [0m[1;34m1->2  [0m[1;34m2->3  [0m[1;34m3->4  [0m[1;34m4->5  [0m[1;34m
[pthread wrapper] SKIP MASK: 0x0
[0m[1;34m	threadid 47219736098560 -> core 1 - OK[0m[1;34m
[0m[1;34m	threadid 47219738199808 -> core 2 - OK[0m[1;34m
[0m[1;34m	threadid 47219740301056 -> core 3 - OK[0m[1;34m
[0m[1;34m	threadid 47219742402304 -> core 4 - OK[0m[1;34m
[0m[1;34m	threadid 47219744503552 -> core 5 - OK[0m[1;34m
[0miterations: 120
Total iterations: 29047680 LUP
FLOP: 89
Total work: 2585243520 FLOP
performance: 0.432909 GLUP/s
Performance in GFLOP/s: 38.528876
size: 250000
time: 0.067099
[1;34m[pthread wrapper] 
[0m[1;34m[pthread wrapper] MAIN -> 0
[0m[1;34m[pthread wrapper] PIN_MASK: [0m[1;34m0->1  [0m[1;34m1->2  [0m[1;34m2->3  [0m[1;34m3->4  [0m[1;34m4->5  [0m[1;34m
[pthread wrapper] SKIP MASK: 0x0
[0m[1;34m	threadid 47344889304832 -> core 1 - OK[0m[1;34m
[0m[1;34m	threadid 47344891406080 -> core 2 - OK[0m[1;34m
[0m[1;34m	threadid 47344893507328 -> core 3 - OK[0m[1;34m
[0m[1;34m	threadid 47344895608576 -> core 4 - OK[0m[1;34m
[0m[1;34m	threadid 47344897709824 -> core 5 - OK[0m[1;34m
[0miterations: 120
Total iterations: 29047680 LUP
FLOP: 89
Total work: 2585243520 FLOP
performance: 0.433249 GLUP/s
Performance in GFLOP/s: 38.559156
size: 250000
time: 0.067046
