iterations: 120
Total iterations: 1074247680 LUP
FLOP: 89
Total work: 95608043520 FLOP
performance: 0.075785 GLUP/s
Performance in GFLOP/s: 6.744903
size: 9000000
time: 14.174859
[1;34m[likwid-pin] Main PID -> core 0 - OK[0m
iterations: 120
Total iterations: 1074247680 LUP
FLOP: 89
Total work: 95608043520 FLOP
performance: 0.075941 GLUP/s
Performance in GFLOP/s: 6.758747
size: 9000000
time: 14.145824
[1;34m[likwid-pin] Main PID -> core 0 - OK[0m
iterations: 120
Total iterations: 1074247680 LUP
FLOP: 89
Total work: 95608043520 FLOP
performance: 0.075826 GLUP/s
Performance in GFLOP/s: 6.748518
size: 9000000
time: 14.167266
[1;34m[likwid-pin] Main PID -> core 0 - OK[0m
iterations: 120
Total iterations: 1074247680 LUP
FLOP: 89
Total work: 95608043520 FLOP
performance: 0.075995 GLUP/s
Performance in GFLOP/s: 6.763527
size: 9000000
time: 14.135826
[1;34m[likwid-pin] Main PID -> core 0 - OK[0m
iterations: 120
Total iterations: 1074247680 LUP
FLOP: 89
Total work: 95608043520 FLOP
performance: 0.076004 GLUP/s
Performance in GFLOP/s: 6.764326
size: 9000000
time: 14.134156
[1;34m[likwid-pin] Main PID -> core 0 - OK[0m
iterations: 120
Total iterations: 1074247680 LUP
FLOP: 89
Total work: 95608043520 FLOP
performance: 0.075998 GLUP/s
Performance in GFLOP/s: 6.763828
size: 9000000
time: 14.135197
[1;34m[likwid-pin] Main PID -> core 0 - OK[0m
iterations: 120
Total iterations: 1074247680 LUP
FLOP: 89
Total work: 95608043520 FLOP
performance: 0.075998 GLUP/s
Performance in GFLOP/s: 6.763852
size: 9000000
time: 14.135146
[1;34m[likwid-pin] Main PID -> core 0 - OK[0m
iterations: 120
Total iterations: 1074247680 LUP
FLOP: 89
Total work: 95608043520 FLOP
performance: 0.075973 GLUP/s
Performance in GFLOP/s: 6.761561
size: 9000000
time: 14.139937
[1;34m[likwid-pin] Main PID -> core 0 - OK[0m
iterations: 120
Total iterations: 1074247680 LUP
FLOP: 89
Total work: 95608043520 FLOP
performance: 0.075937 GLUP/s
Performance in GFLOP/s: 6.758383
size: 9000000
time: 14.146585
[1;34m[likwid-pin] Main PID -> core 0 - OK[0m
iterations: 120
Total iterations: 1074247680 LUP
FLOP: 89
Total work: 95608043520 FLOP
performance: 0.075844 GLUP/s
Performance in GFLOP/s: 6.750148
size: 9000000
time: 14.163844
[1;34m[likwid-pin] Main PID -> core 0 - OK[0m
