[1;34m[pthread wrapper] 
[0m[1;34m[pthread wrapper] MAIN -> 0
[0m[1;34m[pthread wrapper] PIN_MASK: [0m[1;34m0->1  [0m[1;34m1->2  [0m[1;34m2->3  [0m[1;34m3->10  [0m[1;34m4->11  [0m[1;34m5->12  [0m[1;34m6->13  [0m[1;34m
[pthread wrapper] SKIP MASK: 0x0
[0m[1;34m	threadid 47109998896896 -> core 1 - OK[0m[1;34m
[0m[1;34m	threadid 47110000998144 -> core 2 - OK[0m[1;34m
[0m[1;34m	threadid 47110003099392 -> core 3 - OK[0m[1;34m
[0m[1;34m	threadid 47110005200640 -> core 10 - OK[0m[1;34m
[0m[1;34m	threadid 47110007301888 -> core 11 - OK[0m[1;34m
[0m[1;34m	threadid 47110009403136 -> core 12 - OK[0m[1;34m
[0m[1;34m	threadid 47110011504384 -> core 13 - OK[0m[1;34m
[0miterations: 200
Total iterations: 48412800 LUP
FLOP: 89
Total work: 4308739200 FLOP
performance: 0.541439 GLUP/s
Performance in GFLOP/s: 48.188063
size: 250000
time: 0.089415
[1;34m[pthread wrapper] 
[0m[1;34m[pthread wrapper] MAIN -> 0
[0m[1;34m[pthread wrapper] PIN_MASK: [0m[1;34m0->1  [0m[1;34m1->2  [0m[1;34m2->3  [0m[1;34m3->10  [0m[1;34m4->11  [0m[1;34m5->12  [0m[1;34m6->13  [0m[1;34m
[pthread wrapper] SKIP MASK: 0x0
[0m[1;34m	threadid 47426691053312 -> core 1 - OK[0m[1;34m
[0m[1;34m	threadid 47426693154560 -> core 2 - OK[0m[1;34m
[0m[1;34m	threadid 47426695255808 -> core 3 - OK[0m[1;34m
[0m[1;34m	threadid 47426697357056 -> core 10 - OK[0m[1;34m
[0m[1;34m	threadid 47426699458304 -> core 11 - OK[0m[1;34m
[0m[1;34m	threadid 47426701559552 -> core 12 - OK[0m[1;34m
[0m[1;34m	threadid 47426703660800 -> core 13 - OK[0m[1;34m
[0miterations: 200
Total iterations: 48412800 LUP
FLOP: 89
Total work: 4308739200 FLOP
performance: 0.543159 GLUP/s
Performance in GFLOP/s: 48.341194
size: 250000
time: 0.089132
[1;34m[pthread wrapper] 
[0m[1;34m[pthread wrapper] MAIN -> 0
[0m[1;34m[pthread wrapper] PIN_MASK: [0m[1;34m0->1  [0m[1;34m1->2  [0m[1;34m2->3  [0m[1;34m3->10  [0m[1;34m4->11  [0m[1;34m5->12  [0m[1;34m6->13  [0m[1;34m
[pthread wrapper] SKIP MASK: 0x0
[0m[1;34m	threadid 47193160296192 -> core 1 - OK[0m[1;34m
[0m[1;34m	threadid 47193162397440 -> core 2 - OK[0m[1;34m
[0m[1;34m	threadid 47193164498688 -> core 3 - OK[0m[1;34m
[0m[1;34m	threadid 47193166599936 -> core 10 - OK[0m[1;34m
[0m[1;34m	threadid 47193168701184 -> core 11 - OK[0m[1;34m
[0m[1;34m	threadid 47193170802432 -> core 12 - OK[0m[1;34m
[0m[1;34m	threadid 47193172903680 -> core 13 - OK[0m[1;34m
[0miterations: 200
Total iterations: 48412800 LUP
FLOP: 89
Total work: 4308739200 FLOP
performance: 0.541809 GLUP/s
Performance in GFLOP/s: 48.220979
size: 250000
time: 0.089354
[1;34m[pthread wrapper] 
[0m[1;34m[pthread wrapper] MAIN -> 0
[0m[1;34m[pthread wrapper] PIN_MASK: [0m[1;34m0->1  [0m[1;34m1->2  [0m[1;34m2->3  [0m[1;34m3->10  [0m[1;34m4->11  [0m[1;34m5->12  [0m[1;34m6->13  [0m[1;34m
[pthread wrapper] SKIP MASK: 0x0
[0m[1;34m	threadid 47362898659072 -> core 1 - OK[0m[1;34m
[0m[1;34m	threadid 47362900760320 -> core 2 - OK[0m[1;34m
[0m[1;34m	threadid 47362902861568 -> core 3 - OK[0m[1;34m
[0m[1;34m	threadid 47362904962816 -> core 10 - OK[0m[1;34m
[0m[1;34m	threadid 47362907064064 -> core 11 - OK[0m[1;34m
[0m[1;34m	threadid 47362909165312 -> core 12 - OK[0m[1;34m
[0m[1;34m	threadid 47362911266560 -> core 13 - OK[0m[1;34m
[0miterations: 200
Total iterations: 48412800 LUP
FLOP: 89
Total work: 4308739200 FLOP
performance: 0.541911 GLUP/s
Performance in GFLOP/s: 48.230116
size: 250000
time: 0.089337
[1;34m[pthread wrapper] 
[0m[1;34m[pthread wrapper] MAIN -> 0
[0m[1;34m[pthread wrapper] PIN_MASK: [0m[1;34m0->1  [0m[1;34m1->2  [0m[1;34m2->3  [0m[1;34m3->10  [0m[1;34m4->11  [0m[1;34m5->12  [0m[1;34m6->13  [0m[1;34m
[pthread wrapper] SKIP MASK: 0x0
[0m[1;34m	threadid 47241752368896 -> core 1 - OK[0m[1;34m
[0m[1;34m	threadid 47241754470144 -> core 2 - OK[0m[1;34m
[0m[1;34m	threadid 47241756571392 -> core 3 - OK[0m[1;34m
[0m[1;34m	threadid 47241758672640 -> core 10 - OK[0m[1;34m
[0m[1;34m	threadid 47241760773888 -> core 11 - OK[0m[1;34m
[0m[1;34m	threadid 47241762875136 -> core 12 - OK[0m[1;34m
[0m[1;34m	threadid 47241764976384 -> core 13 - OK[0m[1;34m
[0miterations: 200
Total iterations: 48412800 LUP
FLOP: 89
Total work: 4308739200 FLOP
performance: 0.541572 GLUP/s
Performance in GFLOP/s: 48.199887
size: 250000
time: 0.089393
[1;34m[pthread wrapper] 
[0m[1;34m[pthread wrapper] MAIN -> 0
[0m[1;34m[pthread wrapper] PIN_MASK: [0m[1;34m0->1  [0m[1;34m1->2  [0m[1;34m2->3  [0m[1;34m3->10  [0m[1;34m4->11  [0m[1;34m5->12  [0m[1;34m6->13  [0m[1;34m
[pthread wrapper] SKIP MASK: 0x0
[0m[1;34m	threadid 47785312462592 -> core 1 - OK[0m[1;34m
[0m[1;34m	threadid 47785314563840 -> core 2 - OK[0m[1;34m
[0m[1;34m	threadid 47785316665088 -> core 3 - OK[0m[1;34m
[0m[1;34m	threadid 47785318766336 -> core 10 - OK[0m[1;34m
[0m[1;34m	threadid 47785320867584 -> core 11 - OK[0m[1;34m
[0m[1;34m	threadid 47785322968832 -> core 12 - OK[0m[1;34m
[0m[1;34m	threadid 47785325070080 -> core 13 - OK[0m[1;34m
[0miterations: 200
Total iterations: 48412800 LUP
FLOP: 89
Total work: 4308739200 FLOP
performance: 0.541172 GLUP/s
Performance in GFLOP/s: 48.164304
size: 250000
time: 0.089459
[1;34m[pthread wrapper] 
[0m[1;34m[pthread wrapper] MAIN -> 0
[0m[1;34m[pthread wrapper] PIN_MASK: [0m[1;34m0->1  [0m[1;34m1->2  [0m[1;34m2->3  [0m[1;34m3->10  [0m[1;34m4->11  [0m[1;34m5->12  [0m[1;34m6->13  [0m[1;34m
[pthread wrapper] SKIP MASK: 0x0
[0m[1;34m	threadid 46946032346880 -> core 1 - OK[0m[1;34m
[0m[1;34m	threadid 46946034448128 -> core 2 - OK[0m[1;34m
[0m[1;34m	threadid 46946036549376 -> core 3 - OK[0m[1;34m
[0m[1;34m	threadid 46946038650624 -> core 10 - OK[0m[1;34m
[0m[1;34m	threadid 46946040751872 -> core 11 - OK[0m[1;34m
[0m[1;34m	threadid 46946042853120 -> core 12 - OK[0m[1;34m
[0m[1;34m	threadid 46946044954368 -> core 13 - OK[0m[1;34m
[0miterations: 200
Total iterations: 48412800 LUP
FLOP: 89
Total work: 4308739200 FLOP
performance: 0.542920 GLUP/s
Performance in GFLOP/s: 48.319868
size: 250000
time: 0.089171
[1;34m[pthread wrapper] 
[0m[1;34m[pthread wrapper] MAIN -> 0
[0m[1;34m[pthread wrapper] PIN_MASK: [0m[1;34m0->1  [0m[1;34m1->2  [0m[1;34m2->3  [0m[1;34m3->10  [0m[1;34m4->11  [0m[1;34m5->12  [0m[1;34m6->13  [0m[1;34m
[pthread wrapper] SKIP MASK: 0x0
[0m[1;34m	threadid 47586045085440 -> core 1 - OK[0m[1;34m
[0m[1;34m	threadid 47586047186688 -> core 2 - OK[0m[1;34m
[0m[1;34m	threadid 47586049287936 -> core 3 - OK[0m[1;34m
[0m[1;34m	threadid 47586051389184 -> core 10 - OK[0m[1;34m
[0m[1;34m	threadid 47586053490432 -> core 11 - OK[0m[1;34m
[0m[1;34m	threadid 47586055591680 -> core 12 - OK[0m[1;34m
[0m[1;34m	threadid 47586057692928 -> core 13 - OK[0m[1;34m
[0miterations: 200
Total iterations: 48412800 LUP
FLOP: 89
Total work: 4308739200 FLOP
performance: 0.541234 GLUP/s
Performance in GFLOP/s: 48.169824
size: 250000
time: 0.089449
[1;34m[pthread wrapper] 
[0m[1;34m[pthread wrapper] MAIN -> 0
[0m[1;34m[pthread wrapper] PIN_MASK: [0m[1;34m0->1  [0m[1;34m1->2  [0m[1;34m2->3  [0m[1;34m3->10  [0m[1;34m4->11  [0m[1;34m5->12  [0m[1;34m6->13  [0m[1;34m
[pthread wrapper] SKIP MASK: 0x0
[0m[1;34m	threadid 47058432251648 -> core 1 - OK[0m[1;34m
[0m[1;34m	threadid 47058434352896 -> core 2 - OK[0m[1;34m
[0m[1;34m	threadid 47058436454144 -> core 3 - OK[0m[1;34m
[0m[1;34m	threadid 47058438555392 -> core 10 - OK[0m[1;34m
[0m[1;34m	threadid 47058440656640 -> core 11 - OK[0m[1;34m
[0m[1;34m	threadid 47058442757888 -> core 12 - OK[0m[1;34m
[0m[1;34m	threadid 47058444859136 -> core 13 - OK[0m[1;34m
[0miterations: 200
Total iterations: 48412800 LUP
FLOP: 89
Total work: 4308739200 FLOP
performance: 0.541058 GLUP/s
Performance in GFLOP/s: 48.154166
size: 250000
time: 0.089478
[1;34m[pthread wrapper] 
[0m[1;34m[pthread wrapper] MAIN -> 0
[0m[1;34m[pthread wrapper] PIN_MASK: [0m[1;34m0->1  [0m[1;34m1->2  [0m[1;34m2->3  [0m[1;34m3->10  [0m[1;34m4->11  [0m[1;34m5->12  [0m[1;34m6->13  [0m[1;34m
[pthread wrapper] SKIP MASK: 0x0
[0m[1;34m	threadid 47908890916608 -> core 1 - OK[0m[1;34m
[0m[1;34m	threadid 47908893017856 -> core 2 - OK[0m[1;34m
[0m[1;34m	threadid 47908895119104 -> core 3 - OK[0m[1;34m
[0m[1;34m	threadid 47908897220352 -> core 10 - OK[0m[1;34m
[0m[1;34m	threadid 47908899321600 -> core 11 - OK[0m[1;34m
[0m[1;34m	threadid 47908901422848 -> core 12 - OK[0m[1;34m
[0m[1;34m	threadid 47908903524096 -> core 13 - OK[0m[1;34m
[0miterations: 200
Total iterations: 48412800 LUP
FLOP: 89
Total work: 4308739200 FLOP
performance: 0.542040 GLUP/s
Performance in GFLOP/s: 48.241574
size: 250000
time: 0.089316
