[1;34m[pthread wrapper] 
[0m[1;34m[pthread wrapper] MAIN -> 0
[0m[1;34m[pthread wrapper] PIN_MASK: [0m[1;34m0->1  [0m[1;34m1->2  [0m[1;34m2->10  [0m[1;34m3->11  [0m[1;34m4->12  [0m[1;34m
[pthread wrapper] SKIP MASK: 0x0
[0m[1;34m	threadid 47064436172544 -> core 1 - OK[0m[1;34m
[0m[1;34m	threadid 47064438273792 -> core 2 - OK[0m[1;34m
[0m[1;34m	threadid 47064440375040 -> core 10 - OK[0m[1;34m
[0m[1;34m	threadid 47064442476288 -> core 11 - OK[0m[1;34m
[0m[1;34m	threadid 47064444577536 -> core 12 - OK[0m[1;34m
[0miterations: 200
Total iterations: 48412800 LUP
FLOP: 89
Total work: 4308739200 FLOP
performance: 0.413145 GLUP/s
Performance in GFLOP/s: 36.769928
size: 250000
time: 0.117181
[1;34m[pthread wrapper] 
[0m[1;34m[pthread wrapper] MAIN -> 0
[0m[1;34m[pthread wrapper] PIN_MASK: [0m[1;34m0->1  [0m[1;34m1->2  [0m[1;34m2->10  [0m[1;34m3->11  [0m[1;34m4->12  [0m[1;34m
[pthread wrapper] SKIP MASK: 0x0
[0m[1;34m	threadid 47318077454080 -> core 1 - OK[0m[1;34m
[0m[1;34m	threadid 47318079555328 -> core 2 - OK[0m[1;34m
[0m[1;34m	threadid 47318081656576 -> core 10 - OK[0m[1;34m
[0m[1;34m	threadid 47318083757824 -> core 11 - OK[0m[1;34m
[0m[1;34m	threadid 47318085859072 -> core 12 - OK[0m[1;34m
[0miterations: 200
Total iterations: 48412800 LUP
FLOP: 89
Total work: 4308739200 FLOP
performance: 0.413329 GLUP/s
Performance in GFLOP/s: 36.786244
size: 250000
time: 0.117129
[1;34m[pthread wrapper] 
[0m[1;34m[pthread wrapper] MAIN -> 0
[0m[1;34m[pthread wrapper] PIN_MASK: [0m[1;34m0->1  [0m[1;34m1->2  [0m[1;34m2->10  [0m[1;34m3->11  [0m[1;34m4->12  [0m[1;34m
[pthread wrapper] SKIP MASK: 0x0
[0m[1;34m	threadid 47845525620480 -> core 1 - OK[0m[1;34m
[0m[1;34m	threadid 47845527721728 -> core 2 - OK[0m[1;34m
[0m[1;34m	threadid 47845529822976 -> core 10 - OK[0m[1;34m
[0m[1;34m	threadid 47845531924224 -> core 11 - OK[0m[1;34m
[0m[1;34m	threadid 47845534025472 -> core 12 - OK[0m[1;34m
[0miterations: 200
Total iterations: 48412800 LUP
FLOP: 89
Total work: 4308739200 FLOP
performance: 0.413018 GLUP/s
Performance in GFLOP/s: 36.758634
size: 250000
time: 0.117217
[1;34m[pthread wrapper] 
[0m[1;34m[pthread wrapper] MAIN -> 0
[0m[1;34m[pthread wrapper] PIN_MASK: [0m[1;34m0->1  [0m[1;34m1->2  [0m[1;34m2->10  [0m[1;34m3->11  [0m[1;34m4->12  [0m[1;34m
[pthread wrapper] SKIP MASK: 0x0
[0m[1;34m	threadid 47843016382208 -> core 1 - OK[0m[1;34m
[0m[1;34m	threadid 47843018483456 -> core 2 - OK[0m[1;34m
[0m[1;34m	threadid 47843020584704 -> core 10 - OK[0m[1;34m
[0m[1;34m	threadid 47843022685952 -> core 11 - OK[0m[1;34m
[0m[1;34m	threadid 47843024787200 -> core 12 - OK[0m[1;34m
[0miterations: 200
Total iterations: 48412800 LUP
FLOP: 89
Total work: 4308739200 FLOP
performance: 0.413948 GLUP/s
Performance in GFLOP/s: 36.841363
size: 250000
time: 0.116954
[1;34m[pthread wrapper] 
[0m[1;34m[pthread wrapper] MAIN -> 0
[0m[1;34m[pthread wrapper] PIN_MASK: [0m[1;34m0->1  [0m[1;34m1->2  [0m[1;34m2->10  [0m[1;34m3->11  [0m[1;34m4->12  [0m[1;34m
[pthread wrapper] SKIP MASK: 0x0
[0m[1;34m	threadid 47559749216000 -> core 1 - OK[0m[1;34m
[0m[1;34m	threadid 47559751317248 -> core 2 - OK[0m[1;34m
[0m[1;34m	threadid 47559753418496 -> core 10 - OK[0m[1;34m
[0m[1;34m	threadid 47559755519744 -> core 11 - OK[0m[1;34m
[0m[1;34m	threadid 47559757620992 -> core 12 - OK[0m[1;34m
[0miterations: 200
Total iterations: 48412800 LUP
FLOP: 89
Total work: 4308739200 FLOP
performance: 0.413371 GLUP/s
Performance in GFLOP/s: 36.790063
size: 250000
time: 0.117117
[1;34m[pthread wrapper] 
[0m[1;34m[pthread wrapper] MAIN -> 0
[0m[1;34m[pthread wrapper] PIN_MASK: [0m[1;34m0->1  [0m[1;34m1->2  [0m[1;34m2->10  [0m[1;34m3->11  [0m[1;34m4->12  [0m[1;34m
[pthread wrapper] SKIP MASK: 0x0
[0m[1;34m	threadid 47528224040704 -> core 1 - OK[0m[1;34m
[0m[1;34m	threadid 47528226141952 -> core 2 - OK[0m[1;34m
[0m[1;34m	threadid 47528228243200 -> core 10 - OK[0m[1;34m
[0m[1;34m	threadid 47528230344448 -> core 11 - OK[0m[1;34m
[0m[1;34m	threadid 47528232445696 -> core 12 - OK[0m[1;34m
[0miterations: 200
Total iterations: 48412800 LUP
FLOP: 89
Total work: 4308739200 FLOP
performance: 0.413418 GLUP/s
Performance in GFLOP/s: 36.794183
size: 250000
time: 0.117104
[1;34m[pthread wrapper] 
[0m[1;34m[pthread wrapper] MAIN -> 0
[0m[1;34m[pthread wrapper] PIN_MASK: [0m[1;34m0->1  [0m[1;34m1->2  [0m[1;34m2->10  [0m[1;34m3->11  [0m[1;34m4->12  [0m[1;34m
[pthread wrapper] SKIP MASK: 0x0
[0m[1;34m	threadid 47705455019776 -> core 1 - OK[0m[1;34m
[0m[1;34m	threadid 47705457121024 -> core 2 - OK[0m[1;34m
[0m[1;34m	threadid 47705459222272 -> core 10 - OK[0m[1;34m
[0m[1;34m	threadid 47705461323520 -> core 11 - OK[0m[1;34m
[0m[1;34m	threadid 47705463424768 -> core 12 - OK[0m[1;34m
[0miterations: 200
Total iterations: 48412800 LUP
FLOP: 89
Total work: 4308739200 FLOP
performance: 0.413509 GLUP/s
Performance in GFLOP/s: 36.802275
size: 250000
time: 0.117078
[1;34m[pthread wrapper] 
[0m[1;34m[pthread wrapper] MAIN -> 0
[0m[1;34m[pthread wrapper] PIN_MASK: [0m[1;34m0->1  [0m[1;34m1->2  [0m[1;34m2->10  [0m[1;34m3->11  [0m[1;34m4->12  [0m[1;34m
[pthread wrapper] SKIP MASK: 0x0
[0m[1;34m	threadid 47579256264448 -> core 1 - OK[0m[1;34m
[0m[1;34m	threadid 47579258365696 -> core 2 - OK[0m[1;34m
[0m[1;34m	threadid 47579260466944 -> core 10 - OK[0m[1;34m
[0m[1;34m	threadid 47579262568192 -> core 11 - OK[0m[1;34m
[0m[1;34m	threadid 47579264669440 -> core 12 - OK[0m[1;34m
[0miterations: 200
Total iterations: 48412800 LUP
FLOP: 89
Total work: 4308739200 FLOP
performance: 0.412885 GLUP/s
Performance in GFLOP/s: 36.746750
size: 250000
time: 0.117255
[1;34m[pthread wrapper] 
[0m[1;34m[pthread wrapper] MAIN -> 0
[0m[1;34m[pthread wrapper] PIN_MASK: [0m[1;34m0->1  [0m[1;34m1->2  [0m[1;34m2->10  [0m[1;34m3->11  [0m[1;34m4->12  [0m[1;34m
[pthread wrapper] SKIP MASK: 0x0
[0m[1;34m	threadid 47626682918656 -> core 1 - OK[0m[1;34m
[0m[1;34m	threadid 47626685019904 -> core 2 - OK[0m[1;34m
[0m[1;34m	threadid 47626687121152 -> core 10 - OK[0m[1;34m
[0m[1;34m	threadid 47626689222400 -> core 11 - OK[0m[1;34m
[0m[1;34m	threadid 47626691323648 -> core 12 - OK[0m[1;34m
[0miterations: 200
Total iterations: 48412800 LUP
FLOP: 89
Total work: 4308739200 FLOP
performance: 0.413004 GLUP/s
Performance in GFLOP/s: 36.757363
size: 250000
time: 0.117221
[1;34m[pthread wrapper] 
[0m[1;34m[pthread wrapper] MAIN -> 0
[0m[1;34m[pthread wrapper] PIN_MASK: [0m[1;34m0->1  [0m[1;34m1->2  [0m[1;34m2->10  [0m[1;34m3->11  [0m[1;34m4->12  [0m[1;34m
[pthread wrapper] SKIP MASK: 0x0
[0m[1;34m	threadid 47084743100160 -> core 1 - OK[0m[1;34m
[0m[1;34m	threadid 47084745201408 -> core 2 - OK[0m[1;34m
[0m[1;34m	threadid 47084747302656 -> core 10 - OK[0m[1;34m
[0m[1;34m	threadid 47084749403904 -> core 11 - OK[0m[1;34m
[0m[1;34m	threadid 47084751505152 -> core 12 - OK[0m[1;34m
[0miterations: 200
Total iterations: 48412800 LUP
FLOP: 89
Total work: 4308739200 FLOP
performance: 0.414209 GLUP/s
Performance in GFLOP/s: 36.864584
size: 250000
time: 0.116880
