[1;34m[pthread wrapper] 
[0m[1;34m[pthread wrapper] MAIN -> 0
[0m[1;34m[pthread wrapper] PIN_MASK: [0m[1;34m0->1  [0m[1;34m1->10  [0m[1;34m2->11  [0m[1;34m
[pthread wrapper] SKIP MASK: 0x0
[0m[1;34m	threadid 47730436933376 -> core 1 - OK[0m[1;34m
[0m[1;34m	threadid 47730439034624 -> core 10 - OK[0m[1;34m
[0m[1;34m	threadid 47730441135872 -> core 11 - OK[0m[1;34m
[0miterations: 120
Total iterations: 1074247680 LUP
FLOP: 89
Total work: 95608043520 FLOP
performance: 0.299311 GLUP/s
Performance in GFLOP/s: 26.638681
size: 9000000
time: 3.589068
[1;34m[pthread wrapper] 
[0m[1;34m[pthread wrapper] MAIN -> 0
[0m[1;34m[pthread wrapper] PIN_MASK: [0m[1;34m0->1  [0m[1;34m1->10  [0m[1;34m2->11  [0m[1;34m
[pthread wrapper] SKIP MASK: 0x0
[0m[1;34m	threadid 47365434554112 -> core 1 - OK[0m[1;34m
[0m[1;34m	threadid 47365436655360 -> core 10 - OK[0m[1;34m
[0m[1;34m	threadid 47365438756608 -> core 11 - OK[0m[1;34m
[0miterations: 120
Total iterations: 1074247680 LUP
FLOP: 89
Total work: 95608043520 FLOP
performance: 0.299397 GLUP/s
Performance in GFLOP/s: 26.646307
size: 9000000
time: 3.588041
[1;34m[pthread wrapper] 
[0m[1;34m[pthread wrapper] MAIN -> 0
[0m[1;34m[pthread wrapper] PIN_MASK: [0m[1;34m0->1  [0m[1;34m1->10  [0m[1;34m2->11  [0m[1;34m
[pthread wrapper] SKIP MASK: 0x0
[0m[1;34m	threadid 46922492020480 -> core 1 - OK[0m[1;34m
[0m[1;34m	threadid 46922494121728 -> core 10 - OK[0m[1;34m
[0m[1;34m	threadid 46922496222976 -> core 11 - OK[0m[1;34m
[0miterations: 120
Total iterations: 1074247680 LUP
FLOP: 89
Total work: 95608043520 FLOP
performance: 0.299630 GLUP/s
Performance in GFLOP/s: 26.667103
size: 9000000
time: 3.585243
[1;34m[pthread wrapper] 
[0m[1;34m[pthread wrapper] MAIN -> 0
[0m[1;34m[pthread wrapper] PIN_MASK: [0m[1;34m0->1  [0m[1;34m1->10  [0m[1;34m2->11  [0m[1;34m
[pthread wrapper] SKIP MASK: 0x0
[0m[1;34m	threadid 47616961525504 -> core 1 - OK[0m[1;34m
[0m[1;34m	threadid 47616963626752 -> core 10 - OK[0m[1;34m
[0m[1;34m	threadid 47616965728000 -> core 11 - OK[0m[1;34m
[0miterations: 120
Total iterations: 1074247680 LUP
FLOP: 89
Total work: 95608043520 FLOP
performance: 0.299014 GLUP/s
Performance in GFLOP/s: 26.612242
size: 9000000
time: 3.592634
[1;34m[pthread wrapper] 
[0m[1;34m[pthread wrapper] MAIN -> 0
[0m[1;34m[pthread wrapper] PIN_MASK: [0m[1;34m0->1  [0m[1;34m1->10  [0m[1;34m2->11  [0m[1;34m
[pthread wrapper] SKIP MASK: 0x0
[0m[1;34m	threadid 47571803006720 -> core 1 - OK[0m[1;34m
[0m[1;34m	threadid 47571805107968 -> core 10 - OK[0m[1;34m
[0m[1;34m	threadid 47571807209216 -> core 11 - OK[0m[1;34m
[0miterations: 120
Total iterations: 1074247680 LUP
FLOP: 89
Total work: 95608043520 FLOP
performance: 0.299484 GLUP/s
Performance in GFLOP/s: 26.654093
size: 9000000
time: 3.586993
[1;34m[pthread wrapper] 
[0m[1;34m[pthread wrapper] MAIN -> 0
[0m[1;34m[pthread wrapper] PIN_MASK: [0m[1;34m0->1  [0m[1;34m1->10  [0m[1;34m2->11  [0m[1;34m
[pthread wrapper] SKIP MASK: 0x0
[0m[1;34m	threadid 47372916262656 -> core 1 - OK[0m[1;34m
[0m[1;34m	threadid 47372918363904 -> core 10 - OK[0m[1;34m
[0m[1;34m	threadid 47372920465152 -> core 11 - OK[0m[1;34m
[0miterations: 120
Total iterations: 1074247680 LUP
FLOP: 89
Total work: 95608043520 FLOP
performance: 0.299860 GLUP/s
Performance in GFLOP/s: 26.687580
size: 9000000
time: 3.582492
[1;34m[pthread wrapper] 
[0m[1;34m[pthread wrapper] MAIN -> 0
[0m[1;34m[pthread wrapper] PIN_MASK: [0m[1;34m0->1  [0m[1;34m1->10  [0m[1;34m2->11  [0m[1;34m
[pthread wrapper] SKIP MASK: 0x0
[0m[1;34m	threadid 46972434523904 -> core 1 - OK[0m[1;34m
[0m[1;34m	threadid 46972436625152 -> core 10 - OK[0m[1;34m
[0m[1;34m	threadid 46972438726400 -> core 11 - OK[0m[1;34m
[0miterations: 120
Total iterations: 1074247680 LUP
FLOP: 89
Total work: 95608043520 FLOP
performance: 0.300363 GLUP/s
Performance in GFLOP/s: 26.732293
size: 9000000
time: 3.576500
[1;34m[pthread wrapper] 
[0m[1;34m[pthread wrapper] MAIN -> 0
[0m[1;34m[pthread wrapper] PIN_MASK: [0m[1;34m0->1  [0m[1;34m1->10  [0m[1;34m2->11  [0m[1;34m
[pthread wrapper] SKIP MASK: 0x0
[0m[1;34m	threadid 47317172188928 -> core 1 - OK[0m[1;34m
[0m[1;34m	threadid 47317174290176 -> core 10 - OK[0m[1;34m
[0m[1;34m	threadid 47317176391424 -> core 11 - OK[0m[1;34m
[0miterations: 120
Total iterations: 1074247680 LUP
FLOP: 89
Total work: 95608043520 FLOP
performance: 0.282003 GLUP/s
Performance in GFLOP/s: 25.098256
size: 9000000
time: 3.809350
[1;34m[pthread wrapper] 
[0m[1;34m[pthread wrapper] MAIN -> 0
[0m[1;34m[pthread wrapper] PIN_MASK: [0m[1;34m0->1  [0m[1;34m1->10  [0m[1;34m2->11  [0m[1;34m
[pthread wrapper] SKIP MASK: 0x0
[0m[1;34m	threadid 47028733781760 -> core 1 - OK[0m[1;34m
[0m[1;34m	threadid 47028735883008 -> core 10 - OK[0m[1;34m
[0m[1;34m	threadid 47028737984256 -> core 11 - OK[0m[1;34m
[0miterations: 120
Total iterations: 1074247680 LUP
FLOP: 89
Total work: 95608043520 FLOP
performance: 0.299735 GLUP/s
Performance in GFLOP/s: 26.676411
size: 9000000
time: 3.583992
[1;34m[pthread wrapper] 
[0m[1;34m[pthread wrapper] MAIN -> 0
[0m[1;34m[pthread wrapper] PIN_MASK: [0m[1;34m0->1  [0m[1;34m1->10  [0m[1;34m2->11  [0m[1;34m
[pthread wrapper] SKIP MASK: 0x0
[0m[1;34m	threadid 47722314413824 -> core 1 - OK[0m[1;34m
[0m[1;34m	threadid 47722316515072 -> core 10 - OK[0m[1;34m
[0m[1;34m	threadid 47722318616320 -> core 11 - OK[0m[1;34m
[0miterations: 120
Total iterations: 1074247680 LUP
FLOP: 89
Total work: 95608043520 FLOP
performance: 0.298536 GLUP/s
Performance in GFLOP/s: 26.569702
size: 9000000
time: 3.598386
