iterations: 200
Total iterations: 48412800 LUP
FLOP: 89
Total work: 4308739200 FLOP
performance: 0.074211 GLUP/s
Performance in GFLOP/s: 6.604789
size: 250000
time: 0.652366
[1;34m[likwid-pin] Main PID -> core 0 - OK[0m
iterations: 200
Total iterations: 48412800 LUP
FLOP: 89
Total work: 4308739200 FLOP
performance: 0.074406 GLUP/s
Performance in GFLOP/s: 6.622105
size: 250000
time: 0.650660
[1;34m[likwid-pin] Main PID -> core 0 - OK[0m
iterations: 200
Total iterations: 48412800 LUP
FLOP: 89
Total work: 4308739200 FLOP
performance: 0.074364 GLUP/s
Performance in GFLOP/s: 6.618353
size: 250000
time: 0.651029
[1;34m[likwid-pin] Main PID -> core 0 - OK[0m
iterations: 200
Total iterations: 48412800 LUP
FLOP: 89
Total work: 4308739200 FLOP
performance: 0.074347 GLUP/s
Performance in GFLOP/s: 6.616878
size: 250000
time: 0.651174
[1;34m[likwid-pin] Main PID -> core 0 - OK[0m
iterations: 200
Total iterations: 48412800 LUP
FLOP: 89
Total work: 4308739200 FLOP
performance: 0.074392 GLUP/s
Performance in GFLOP/s: 6.620895
size: 250000
time: 0.650779
[1;34m[likwid-pin] Main PID -> core 0 - OK[0m
iterations: 200
Total iterations: 48412800 LUP
FLOP: 89
Total work: 4308739200 FLOP
performance: 0.074357 GLUP/s
Performance in GFLOP/s: 6.617784
size: 250000
time: 0.651085
[1;34m[likwid-pin] Main PID -> core 0 - OK[0m
iterations: 200
Total iterations: 48412800 LUP
FLOP: 89
Total work: 4308739200 FLOP
performance: 0.074422 GLUP/s
Performance in GFLOP/s: 6.623581
size: 250000
time: 0.650515
[1;34m[likwid-pin] Main PID -> core 0 - OK[0m
iterations: 200
Total iterations: 48412800 LUP
FLOP: 89
Total work: 4308739200 FLOP
performance: 0.074144 GLUP/s
Performance in GFLOP/s: 6.598781
size: 250000
time: 0.652960
[1;34m[likwid-pin] Main PID -> core 0 - OK[0m
iterations: 200
Total iterations: 48412800 LUP
FLOP: 89
Total work: 4308739200 FLOP
performance: 0.074164 GLUP/s
Performance in GFLOP/s: 6.600558
size: 250000
time: 0.652784
[1;34m[likwid-pin] Main PID -> core 0 - OK[0m
iterations: 200
Total iterations: 48412800 LUP
FLOP: 89
Total work: 4308739200 FLOP
performance: 0.074314 GLUP/s
Performance in GFLOP/s: 6.613914
size: 250000
time: 0.651466
[1;34m[likwid-pin] Main PID -> core 0 - OK[0m
