iterations: 120
Total iterations: 1074247680 LUP
FLOP: 89
Total work: 95608043520 FLOP
performance: 0.299801 GLUP/s
Performance in GFLOP/s: 26.682284
size: 9000000
time: 3.583203
iterations: 120
Total iterations: 1074247680 LUP
FLOP: 89
Total work: 95608043520 FLOP
performance: 0.299965 GLUP/s
Performance in GFLOP/s: 26.696918
size: 9000000
time: 3.581239
iterations: 120
Total iterations: 1074247680 LUP
FLOP: 89
Total work: 95608043520 FLOP
performance: 0.299261 GLUP/s
Performance in GFLOP/s: 26.634230
size: 9000000
time: 3.589668
iterations: 120
Total iterations: 1074247680 LUP
FLOP: 89
Total work: 95608043520 FLOP
performance: 0.299796 GLUP/s
Performance in GFLOP/s: 26.681816
size: 9000000
time: 3.583266
iterations: 120
Total iterations: 1074247680 LUP
FLOP: 89
Total work: 95608043520 FLOP
performance: 0.299749 GLUP/s
Performance in GFLOP/s: 26.677669
size: 9000000
time: 3.583823
iterations: 120
Total iterations: 1074247680 LUP
FLOP: 89
Total work: 95608043520 FLOP
performance: 0.299685 GLUP/s
Performance in GFLOP/s: 26.672005
size: 9000000
time: 3.584584
iterations: 120
Total iterations: 1074247680 LUP
FLOP: 89
Total work: 95608043520 FLOP
performance: 0.301103 GLUP/s
Performance in GFLOP/s: 26.798139
size: 9000000
time: 3.567712
iterations: 120
Total iterations: 1074247680 LUP
FLOP: 89
Total work: 95608043520 FLOP
performance: 0.299275 GLUP/s
Performance in GFLOP/s: 26.635500
size: 9000000
time: 3.589497
iterations: 120
Total iterations: 1074247680 LUP
FLOP: 89
Total work: 95608043520 FLOP
performance: 0.299160 GLUP/s
Performance in GFLOP/s: 26.625232
size: 9000000
time: 3.590881
iterations: 120
Total iterations: 1074247680 LUP
FLOP: 89
Total work: 95608043520 FLOP
performance: 0.299919 GLUP/s
Performance in GFLOP/s: 26.692781
size: 9000000
time: 3.581794
