[1;34m[pthread wrapper] 
[0m[1;34m[pthread wrapper] MAIN -> 0
[0m[1;34m[pthread wrapper] PIN_MASK: [0m[1;34m0->1  [0m[1;34m1->2  [0m[1;34m2->3  [0m[1;34m3->4  [0m[1;34m4->5  [0m[1;34m5->6  [0m[1;34m6->7  [0m[1;34m7->8  [0m[1;34m8->9  [0m[1;34m9->10  [0m[1;34m10->11  [0m[1;34m11->12  [0m[1;34m12->13  [0m[1;34m13->14  [0m[1;34m14->15  [0m[1;34m15->16  [0m[1;34m16->17  [0m[1;34m17->18  [0m[1;34m18->19  [0m[1;34m
[pthread wrapper] SKIP MASK: 0x0
[0m[1;34m	threadid 47725688354560 -> core 1 - OK[0m[1;34m
[0m[1;34m	threadid 47725690455808 -> core 2 - OK[0m[1;34m
[0m[1;34m	threadid 47725692557056 -> core 3 - OK[0m[1;34m
[0m[1;34m	threadid 47725694658304 -> core 4 - OK[0m[1;34m
[0m[1;34m	threadid 47725696759552 -> core 5 - OK[0m[1;34m
[0m[1;34m	threadid 47725698860800 -> core 6 - OK[0m[1;34m
[0m[1;34m	threadid 47725700962048 -> core 7 - OK[0m[1;34m
[0m[1;34m	threadid 47725703063296 -> core 8 - OK[0m[1;34m
[0m[1;34m	threadid 47725705164544 -> core 9 - OK[0m[1;34m
[0m[1;34m	threadid 47725707265792 -> core 10 - OK[0m[1;34m
[0m[1;34m	threadid 47725709367040 -> core 11 - OK[0m[1;34m
[0m[1;34m	threadid 47725711468288 -> core 12 - OK[0m[1;34m
[0m[1;34m	threadid 47725713569536 -> core 13 - OK[0m[1;34m
[0m[1;34m	threadid 47725715670784 -> core 14 - OK[0m[1;34m
[0m[1;34m	threadid 47725717772032 -> core 15 - OK[0m[1;34m
[0m[1;34m	threadid 47725719873280 -> core 16 - OK[0m[1;34m
[0m[1;34m	threadid 47725721974528 -> core 17 - OK[0m[1;34m
[0m[1;34m	threadid 47725724075776 -> core 18 - OK[0m[1;34m
[0m[1;34m	threadid 47725726177024 -> core 19 - OK[0m[1;34m
[0miterations: 120
Total iterations: 1074247680 LUP
FLOP: 89
Total work: 95608043520 FLOP
performance: 1.189095 GLUP/s
Performance in GFLOP/s: 105.829487
size: 9000000
time: 0.903416
[1;34m[pthread wrapper] 
[0m[1;34m[pthread wrapper] MAIN -> 0
[0m[1;34m[pthread wrapper] PIN_MASK: [0m[1;34m0->1  [0m[1;34m1->2  [0m[1;34m2->3  [0m[1;34m3->4  [0m[1;34m4->5  [0m[1;34m5->6  [0m[1;34m6->7  [0m[1;34m7->8  [0m[1;34m8->9  [0m[1;34m9->10  [0m[1;34m10->11  [0m[1;34m11->12  [0m[1;34m12->13  [0m[1;34m13->14  [0m[1;34m14->15  [0m[1;34m15->16  [0m[1;34m16->17  [0m[1;34m17->18  [0m[1;34m18->19  [0m[1;34m
[pthread wrapper] SKIP MASK: 0x0
[0m[1;34m	threadid 47141207648000 -> core 1 - OK[0m[1;34m
[0m[1;34m	threadid 47141209749248 -> core 2 - OK[0m[1;34m
[0m[1;34m	threadid 47141211850496 -> core 3 - OK[0m[1;34m
[0m[1;34m	threadid 47141213951744 -> core 4 - OK[0m[1;34m
[0m[1;34m	threadid 47141216052992 -> core 5 - OK[0m[1;34m
[0m[1;34m	threadid 47141218154240 -> core 6 - OK[0m[1;34m
[0m[1;34m	threadid 47141220255488 -> core 7 - OK[0m[1;34m
[0m[1;34m	threadid 47141222356736 -> core 8 - OK[0m[1;34m
[0m[1;34m	threadid 47141224457984 -> core 9 - OK[0m[1;34m
[0m[1;34m	threadid 47141226559232 -> core 10 - OK[0m[1;34m
[0m[1;34m	threadid 47141228660480 -> core 11 - OK[0m[1;34m
[0m[1;34m	threadid 47141230761728 -> core 12 - OK[0m[1;34m
[0m[1;34m	threadid 47141232862976 -> core 13 - OK[0m[1;34m
[0m[1;34m	threadid 47141234964224 -> core 14 - OK[0m[1;34m
[0m[1;34m	threadid 47141237065472 -> core 15 - OK[0m[1;34m
[0m[1;34m	threadid 47141239166720 -> core 16 - OK[0m[1;34m
[0m[1;34m	threadid 47141241267968 -> core 17 - OK[0m[1;34m
[0m[1;34m	threadid 47141243369216 -> core 18 - OK[0m[1;34m
[0m[1;34m	threadid 47141245470464 -> core 19 - OK[0m[1;34m
[0miterations: 120
Total iterations: 1074247680 LUP
FLOP: 89
Total work: 95608043520 FLOP
performance: 1.164155 GLUP/s
Performance in GFLOP/s: 103.609828
size: 9000000
time: 0.922770
[1;34m[pthread wrapper] 
[0m[1;34m[pthread wrapper] MAIN -> 0
[0m[1;34m[pthread wrapper] PIN_MASK: [0m[1;34m0->1  [0m[1;34m1->2  [0m[1;34m2->3  [0m[1;34m3->4  [0m[1;34m4->5  [0m[1;34m5->6  [0m[1;34m6->7  [0m[1;34m7->8  [0m[1;34m8->9  [0m[1;34m9->10  [0m[1;34m10->11  [0m[1;34m11->12  [0m[1;34m12->13  [0m[1;34m13->14  [0m[1;34m14->15  [0m[1;34m15->16  [0m[1;34m16->17  [0m[1;34m17->18  [0m[1;34m18->19  [0m[1;34m
[pthread wrapper] SKIP MASK: 0x0
[0m[1;34m	threadid 47881675859712 -> core 1 - OK[0m[1;34m
[0m[1;34m	threadid 47881677960960 -> core 2 - OK[0m[1;34m
[0m[1;34m	threadid 47881680062208 -> core 3 - OK[0m[1;34m
[0m[1;34m	threadid 47881682163456 -> core 4 - OK[0m[1;34m
[0m[1;34m	threadid 47881684264704 -> core 5 - OK[0m[1;34m
[0m[1;34m	threadid 47881686365952 -> core 6 - OK[0m[1;34m
[0m[1;34m	threadid 47881688467200 -> core 7 - OK[0m[1;34m
[0m[1;34m	threadid 47881690568448 -> core 8 - OK[0m[1;34m
[0m[1;34m	threadid 47881692669696 -> core 9 - OK[0m[1;34m
[0m[1;34m	threadid 47881694770944 -> core 10 - OK[0m[1;34m
[0m[1;34m	threadid 47881696872192 -> core 11 - OK[0m[1;34m
[0m[1;34m	threadid 47881698973440 -> core 12 - OK[0m[1;34m
[0m[1;34m	threadid 47881701074688 -> core 13 - OK[0m[1;34m
[0m[1;34m	threadid 47881703175936 -> core 14 - OK[0m[1;34m
[0m[1;34m	threadid 47881705277184 -> core 15 - OK[0m[1;34m
[0m[1;34m	threadid 47881707378432 -> core 16 - OK[0m[1;34m
[0m[1;34m	threadid 47881709479680 -> core 17 - OK[0m[1;34m
[0m[1;34m	threadid 47881711580928 -> core 18 - OK[0m[1;34m
[0m[1;34m	threadid 47881713682176 -> core 19 - OK[0m[1;34m
[0miterations: 120
Total iterations: 1074247680 LUP
FLOP: 89
Total work: 95608043520 FLOP
performance: 1.183101 GLUP/s
Performance in GFLOP/s: 105.296005
size: 9000000
time: 0.907993
[1;34m[pthread wrapper] 
[0m[1;34m[pthread wrapper] MAIN -> 0
[0m[1;34m[pthread wrapper] PIN_MASK: [0m[1;34m0->1  [0m[1;34m1->2  [0m[1;34m2->3  [0m[1;34m3->4  [0m[1;34m4->5  [0m[1;34m5->6  [0m[1;34m6->7  [0m[1;34m7->8  [0m[1;34m8->9  [0m[1;34m9->10  [0m[1;34m10->11  [0m[1;34m11->12  [0m[1;34m12->13  [0m[1;34m13->14  [0m[1;34m14->15  [0m[1;34m15->16  [0m[1;34m16->17  [0m[1;34m17->18  [0m[1;34m18->19  [0m[1;34m
[pthread wrapper] SKIP MASK: 0x0
[0m[1;34m	threadid 47159047497472 -> core 1 - OK[0m[1;34m
[0m[1;34m	threadid 47159049598720 -> core 2 - OK[0m[1;34m
[0m[1;34m	threadid 47159051699968 -> core 3 - OK[0m[1;34m
[0m[1;34m	threadid 47159053801216 -> core 4 - OK[0m[1;34m
[0m[1;34m	threadid 47159055902464 -> core 5 - OK[0m[1;34m
[0m[1;34m	threadid 47159058003712 -> core 6 - OK[0m[1;34m
[0m[1;34m	threadid 47159060104960 -> core 7 - OK[0m[1;34m
[0m[1;34m	threadid 47159062206208 -> core 8 - OK[0m[1;34m
[0m[1;34m	threadid 47159064307456 -> core 9 - OK[0m[1;34m
[0m[1;34m	threadid 47159066408704 -> core 10 - OK[0m[1;34m
[0m[1;34m	threadid 47159068509952 -> core 11 - OK[0m[1;34m
[0m[1;34m	threadid 47159070611200 -> core 12 - OK[0m[1;34m
[0m[1;34m	threadid 47159072712448 -> core 13 - OK[0m[1;34m
[0m[1;34m	threadid 47159074813696 -> core 14 - OK[0m[1;34m
[0m[1;34m	threadid 47159076914944 -> core 15 - OK[0m[1;34m
[0m[1;34m	threadid 47159079016192 -> core 16 - OK[0m[1;34m
[0m[1;34m	threadid 47159081117440 -> core 17 - OK[0m[1;34m
[0m[1;34m	threadid 47159083218688 -> core 18 - OK[0m[1;34m
[0m[1;34m	threadid 47159085319936 -> core 19 - OK[0m[1;34m
[0miterations: 120
Total iterations: 1074247680 LUP
FLOP: 89
Total work: 95608043520 FLOP
performance: 1.191194 GLUP/s
Performance in GFLOP/s: 106.016300
size: 9000000
time: 0.901824
[1;34m[pthread wrapper] 
[0m[1;34m[pthread wrapper] MAIN -> 0
[0m[1;34m[pthread wrapper] PIN_MASK: [0m[1;34m0->1  [0m[1;34m1->2  [0m[1;34m2->3  [0m[1;34m3->4  [0m[1;34m4->5  [0m[1;34m5->6  [0m[1;34m6->7  [0m[1;34m7->8  [0m[1;34m8->9  [0m[1;34m9->10  [0m[1;34m10->11  [0m[1;34m11->12  [0m[1;34m12->13  [0m[1;34m13->14  [0m[1;34m14->15  [0m[1;34m15->16  [0m[1;34m16->17  [0m[1;34m17->18  [0m[1;34m18->19  [0m[1;34m
[pthread wrapper] SKIP MASK: 0x0
[0m[1;34m	threadid 47015285462784 -> core 1 - OK[0m[1;34m
[0m[1;34m	threadid 47015287564032 -> core 2 - OK[0m[1;34m
[0m[1;34m	threadid 47015289665280 -> core 3 - OK[0m[1;34m
[0m[1;34m	threadid 47015291766528 -> core 4 - OK[0m[1;34m
[0m[1;34m	threadid 47015293867776 -> core 5 - OK[0m[1;34m
[0m[1;34m	threadid 47015295969024 -> core 6 - OK[0m[1;34m
[0m[1;34m	threadid 47015298070272 -> core 7 - OK[0m[1;34m
[0m[1;34m	threadid 47015300171520 -> core 8 - OK[0m[1;34m
[0m[1;34m	threadid 47015302272768 -> core 9 - OK[0m[1;34m
[0m[1;34m	threadid 47015304374016 -> core 10 - OK[0m[1;34m
[0m[1;34m	threadid 47015306475264 -> core 11 - OK[0m[1;34m
[0m[1;34m	threadid 47015308576512 -> core 12 - OK[0m[1;34m
[0m[1;34m	threadid 47015310677760 -> core 13 - OK[0m[1;34m
[0m[1;34m	threadid 47015312779008 -> core 14 - OK[0m[1;34m
[0m[1;34m	threadid 47015314880256 -> core 15 - OK[0m[1;34m
[0m[1;34m	threadid 47015316981504 -> core 16 - OK[0m[1;34m
[0m[1;34m	threadid 47015319082752 -> core 17 - OK[0m[1;34m
[0m[1;34m	threadid 47015321184000 -> core 18 - OK[0m[1;34m
[0m[1;34m	threadid 47015323285248 -> core 19 - OK[0m[1;34m
[0miterations: 120
Total iterations: 1074247680 LUP
FLOP: 89
Total work: 95608043520 FLOP
performance: 1.205454 GLUP/s
Performance in GFLOP/s: 107.285423
size: 9000000
time: 0.891156
[1;34m[pthread wrapper] 
[0m[1;34m[pthread wrapper] MAIN -> 0
[0m[1;34m[pthread wrapper] PIN_MASK: [0m[1;34m0->1  [0m[1;34m1->2  [0m[1;34m2->3  [0m[1;34m3->4  [0m[1;34m4->5  [0m[1;34m5->6  [0m[1;34m6->7  [0m[1;34m7->8  [0m[1;34m8->9  [0m[1;34m9->10  [0m[1;34m10->11  [0m[1;34m11->12  [0m[1;34m12->13  [0m[1;34m13->14  [0m[1;34m14->15  [0m[1;34m15->16  [0m[1;34m16->17  [0m[1;34m17->18  [0m[1;34m18->19  [0m[1;34m
[pthread wrapper] SKIP MASK: 0x0
[0m[1;34m	threadid 47440717104896 -> core 1 - OK[0m[1;34m
[0m[1;34m	threadid 47440719206144 -> core 2 - OK[0m[1;34m
[0m[1;34m	threadid 47440721307392 -> core 3 - OK[0m[1;34m
[0m[1;34m	threadid 47440723408640 -> core 4 - OK[0m[1;34m
[0m[1;34m	threadid 47440725509888 -> core 5 - OK[0m[1;34m
[0m[1;34m	threadid 47440727611136 -> core 6 - OK[0m[1;34m
[0m[1;34m	threadid 47440729712384 -> core 7 - OK[0m[1;34m
[0m[1;34m	threadid 47440731813632 -> core 8 - OK[0m[1;34m
[0m[1;34m	threadid 47440733914880 -> core 9 - OK[0m[1;34m
[0m[1;34m	threadid 47440736016128 -> core 10 - OK[0m[1;34m
[0m[1;34m	threadid 47440738117376 -> core 11 - OK[0m[1;34m
[0m[1;34m	threadid 47440740218624 -> core 12 - OK[0m[1;34m
[0m[1;34m	threadid 47440742319872 -> core 13 - OK[0m[1;34m
[0m[1;34m	threadid 47440744421120 -> core 14 - OK[0m[1;34m
[0m[1;34m	threadid 47440746522368 -> core 15 - OK[0m[1;34m
[0m[1;34m	threadid 47440748623616 -> core 16 - OK[0m[1;34m
[0m[1;34m	threadid 47440750724864 -> core 17 - OK[0m[1;34m
[0m[1;34m	threadid 47440752826112 -> core 18 - OK[0m[1;34m
[0m[1;34m	threadid 47440754927360 -> core 19 - OK[0m[1;34m
[0miterations: 120
Total iterations: 1074247680 LUP
FLOP: 89
Total work: 95608043520 FLOP
performance: 1.163353 GLUP/s
Performance in GFLOP/s: 103.538455
size: 9000000
time: 0.923406
[1;34m[pthread wrapper] 
[0m[1;34m[pthread wrapper] MAIN -> 0
[0m[1;34m[pthread wrapper] PIN_MASK: [0m[1;34m0->1  [0m[1;34m1->2  [0m[1;34m2->3  [0m[1;34m3->4  [0m[1;34m4->5  [0m[1;34m5->6  [0m[1;34m6->7  [0m[1;34m7->8  [0m[1;34m8->9  [0m[1;34m9->10  [0m[1;34m10->11  [0m[1;34m11->12  [0m[1;34m12->13  [0m[1;34m13->14  [0m[1;34m14->15  [0m[1;34m15->16  [0m[1;34m16->17  [0m[1;34m17->18  [0m[1;34m18->19  [0m[1;34m
[pthread wrapper] SKIP MASK: 0x0
[0m[1;34m	threadid 47439081088768 -> core 1 - OK[0m[1;34m
[0m[1;34m	threadid 47439083190016 -> core 2 - OK[0m[1;34m
[0m[1;34m	threadid 47439085291264 -> core 3 - OK[0m[1;34m
[0m[1;34m	threadid 47439087392512 -> core 4 - OK[0m[1;34m
[0m[1;34m	threadid 47439089493760 -> core 5 - OK[0m[1;34m
[0m[1;34m	threadid 47439091595008 -> core 6 - OK[0m[1;34m
[0m[1;34m	threadid 47439093696256 -> core 7 - OK[0m[1;34m
[0m[1;34m	threadid 47439095797504 -> core 8 - OK[0m[1;34m
[0m[1;34m	threadid 47439097898752 -> core 9 - OK[0m[1;34m
[0m[1;34m	threadid 47439100000000 -> core 10 - OK[0m[1;34m
[0m[1;34m	threadid 47439102101248 -> core 11 - OK[0m[1;34m
[0m[1;34m	threadid 47439104202496 -> core 12 - OK[0m[1;34m
[0m[1;34m	threadid 47439106303744 -> core 13 - OK[0m[1;34m
[0m[1;34m	threadid 47439108404992 -> core 14 - OK[0m[1;34m
[0m[1;34m	threadid 47439110506240 -> core 15 - OK[0m[1;34m
[0m[1;34m	threadid 47439112607488 -> core 16 - OK[0m[1;34m
[0m[1;34m	threadid 47439114708736 -> core 17 - OK[0m[1;34m
[0m[1;34m	threadid 47439116809984 -> core 18 - OK[0m[1;34m
[0m[1;34m	threadid 47439118911232 -> core 19 - OK[0m[1;34m
[0miterations: 120
Total iterations: 1074247680 LUP
FLOP: 89
Total work: 95608043520 FLOP
performance: 1.185804 GLUP/s
Performance in GFLOP/s: 105.536596
size: 9000000
time: 0.905923
[1;34m[pthread wrapper] 
[0m[1;34m[pthread wrapper] MAIN -> 0
[0m[1;34m[pthread wrapper] PIN_MASK: [0m[1;34m0->1  [0m[1;34m1->2  [0m[1;34m2->3  [0m[1;34m3->4  [0m[1;34m4->5  [0m[1;34m5->6  [0m[1;34m6->7  [0m[1;34m7->8  [0m[1;34m8->9  [0m[1;34m9->10  [0m[1;34m10->11  [0m[1;34m11->12  [0m[1;34m12->13  [0m[1;34m13->14  [0m[1;34m14->15  [0m[1;34m15->16  [0m[1;34m16->17  [0m[1;34m17->18  [0m[1;34m18->19  [0m[1;34m
[pthread wrapper] SKIP MASK: 0x0
[0m[1;34m	threadid 46962781878016 -> core 1 - OK[0m[1;34m
[0m[1;34m	threadid 46962783979264 -> core 2 - OK[0m[1;34m
[0m[1;34m	threadid 46962786080512 -> core 3 - OK[0m[1;34m
[0m[1;34m	threadid 46962788181760 -> core 4 - OK[0m[1;34m
[0m[1;34m	threadid 46962790283008 -> core 5 - OK[0m[1;34m
[0m[1;34m	threadid 46962792384256 -> core 6 - OK[0m[1;34m
[0m[1;34m	threadid 46962794485504 -> core 7 - OK[0m[1;34m
[0m[1;34m	threadid 46962796586752 -> core 8 - OK[0m[1;34m
[0m[1;34m	threadid 46962798688000 -> core 9 - OK[0m[1;34m
[0m[1;34m	threadid 46962800789248 -> core 10 - OK[0m[1;34m
[0m[1;34m	threadid 46962802890496 -> core 11 - OK[0m[1;34m
[0m[1;34m	threadid 46962804991744 -> core 12 - OK[0m[1;34m
[0m[1;34m	threadid 46962807092992 -> core 13 - OK[0m[1;34m
[0m[1;34m	threadid 46962809194240 -> core 14 - OK[0m[1;34m
[0m[1;34m	threadid 46962811295488 -> core 15 - OK[0m[1;34m
[0m[1;34m	threadid 46962813396736 -> core 16 - OK[0m[1;34m
[0m[1;34m	threadid 46962815497984 -> core 17 - OK[0m[1;34m
[0m[1;34m	threadid 46962817599232 -> core 18 - OK[0m[1;34m
[0m[1;34m	threadid 46962819700480 -> core 19 - OK[0m[1;34m
[0miterations: 120
Total iterations: 1074247680 LUP
FLOP: 89
Total work: 95608043520 FLOP
performance: 1.191342 GLUP/s
Performance in GFLOP/s: 106.029475
size: 9000000
time: 0.901712
[1;34m[pthread wrapper] 
[0m[1;34m[pthread wrapper] MAIN -> 0
[0m[1;34m[pthread wrapper] PIN_MASK: [0m[1;34m0->1  [0m[1;34m1->2  [0m[1;34m2->3  [0m[1;34m3->4  [0m[1;34m4->5  [0m[1;34m5->6  [0m[1;34m6->7  [0m[1;34m7->8  [0m[1;34m8->9  [0m[1;34m9->10  [0m[1;34m10->11  [0m[1;34m11->12  [0m[1;34m12->13  [0m[1;34m13->14  [0m[1;34m14->15  [0m[1;34m15->16  [0m[1;34m16->17  [0m[1;34m17->18  [0m[1;34m18->19  [0m[1;34m
[pthread wrapper] SKIP MASK: 0x0
[0m[1;34m	threadid 47106090821376 -> core 1 - OK[0m[1;34m
[0m[1;34m	threadid 47106092922624 -> core 2 - OK[0m[1;34m
[0m[1;34m	threadid 47106095023872 -> core 3 - OK[0m[1;34m
[0m[1;34m	threadid 47106097125120 -> core 4 - OK[0m[1;34m
[0m[1;34m	threadid 47106099226368 -> core 5 - OK[0m[1;34m
[0m[1;34m	threadid 47106101327616 -> core 6 - OK[0m[1;34m
[0m[1;34m	threadid 47106103428864 -> core 7 - OK[0m[1;34m
[0m[1;34m	threadid 47106105530112 -> core 8 - OK[0m[1;34m
[0m[1;34m	threadid 47106107631360 -> core 9 - OK[0m[1;34m
[0m[1;34m	threadid 47106109732608 -> core 10 - OK[0m[1;34m
[0m[1;34m	threadid 47106111833856 -> core 11 - OK[0m[1;34m
[0m[1;34m	threadid 47106113935104 -> core 12 - OK[0m[1;34m
[0m[1;34m	threadid 47106116036352 -> core 13 - OK[0m[1;34m
[0m[1;34m	threadid 47106118137600 -> core 14 - OK[0m[1;34m
[0m[1;34m	threadid 47106120238848 -> core 15 - OK[0m[1;34m
[0m[1;34m	threadid 47106122340096 -> core 16 - OK[0m[1;34m
[0m[1;34m	threadid 47106124441344 -> core 17 - OK[0m[1;34m
[0m[1;34m	threadid 47106126542592 -> core 18 - OK[0m[1;34m
[0m[1;34m	threadid 47106128643840 -> core 19 - OK[0m[1;34m
[0miterations: 120
Total iterations: 1074247680 LUP
FLOP: 89
Total work: 95608043520 FLOP
performance: 1.172684 GLUP/s
Performance in GFLOP/s: 104.368869
size: 9000000
time: 0.916059
[1;34m[pthread wrapper] 
[0m[1;34m[pthread wrapper] MAIN -> 0
[0m[1;34m[pthread wrapper] PIN_MASK: [0m[1;34m0->1  [0m[1;34m1->2  [0m[1;34m2->3  [0m[1;34m3->4  [0m[1;34m4->5  [0m[1;34m5->6  [0m[1;34m6->7  [0m[1;34m7->8  [0m[1;34m8->9  [0m[1;34m9->10  [0m[1;34m10->11  [0m[1;34m11->12  [0m[1;34m12->13  [0m[1;34m13->14  [0m[1;34m14->15  [0m[1;34m15->16  [0m[1;34m16->17  [0m[1;34m17->18  [0m[1;34m18->19  [0m[1;34m
[pthread wrapper] SKIP MASK: 0x0
[0m[1;34m	threadid 47062385895168 -> core 1 - OK[0m[1;34m
[0m[1;34m	threadid 47062387996416 -> core 2 - OK[0m[1;34m
[0m[1;34m	threadid 47062390097664 -> core 3 - OK[0m[1;34m
[0m[1;34m	threadid 47062392198912 -> core 4 - OK[0m[1;34m
[0m[1;34m	threadid 47062394300160 -> core 5 - OK[0m[1;34m
[0m[1;34m	threadid 47062396401408 -> core 6 - OK[0m[1;34m
[0m[1;34m	threadid 47062398502656 -> core 7 - OK[0m[1;34m
[0m[1;34m	threadid 47062400603904 -> core 8 - OK[0m[1;34m
[0m[1;34m	threadid 47062402705152 -> core 9 - OK[0m[1;34m
[0m[1;34m	threadid 47062404806400 -> core 10 - OK[0m[1;34m
[0m[1;34m	threadid 47062406907648 -> core 11 - OK[0m[1;34m
[0m[1;34m	threadid 47062409008896 -> core 12 - OK[0m[1;34m
[0m[1;34m	threadid 47062411110144 -> core 13 - OK[0m[1;34m
[0m[1;34m	threadid 47062413211392 -> core 14 - OK[0m[1;34m
[0m[1;34m	threadid 47062415312640 -> core 15 - OK[0m[1;34m
[0m[1;34m	threadid 47062417413888 -> core 16 - OK[0m[1;34m
[0m[1;34m	threadid 47062419515136 -> core 17 - OK[0m[1;34m
[0m[1;34m	threadid 47062421616384 -> core 18 - OK[0m[1;34m
[0m[1;34m	threadid 47062423717632 -> core 19 - OK[0m[1;34m
[0miterations: 120
Total iterations: 1074247680 LUP
FLOP: 89
Total work: 95608043520 FLOP
performance: 1.168973 GLUP/s
Performance in GFLOP/s: 104.038603
size: 9000000
time: 0.918967
