iterations: 120
Total iterations: 29047680 LUP
FLOP: 89
Total work: 2585243520 FLOP
performance: 0.074171 GLUP/s
Performance in GFLOP/s: 6.601257
size: 250000
time: 0.391629
[1;34m[likwid-pin] Main PID -> core 0 - OK[0m
iterations: 120
Total iterations: 29047680 LUP
FLOP: 89
Total work: 2585243520 FLOP
performance: 0.074260 GLUP/s
Performance in GFLOP/s: 6.609123
size: 250000
time: 0.391163
[1;34m[likwid-pin] Main PID -> core 0 - OK[0m
iterations: 120
Total iterations: 29047680 LUP
FLOP: 89
Total work: 2585243520 FLOP
performance: 0.074251 GLUP/s
Performance in GFLOP/s: 6.608358
size: 250000
time: 0.391208
[1;34m[likwid-pin] Main PID -> core 0 - OK[0m
iterations: 120
Total iterations: 29047680 LUP
FLOP: 89
Total work: 2585243520 FLOP
performance: 0.074397 GLUP/s
Performance in GFLOP/s: 6.621343
size: 250000
time: 0.390441
[1;34m[likwid-pin] Main PID -> core 0 - OK[0m
iterations: 120
Total iterations: 29047680 LUP
FLOP: 89
Total work: 2585243520 FLOP
performance: 0.074198 GLUP/s
Performance in GFLOP/s: 6.603665
size: 250000
time: 0.391486
[1;34m[likwid-pin] Main PID -> core 0 - OK[0m
iterations: 120
Total iterations: 29047680 LUP
FLOP: 89
Total work: 2585243520 FLOP
performance: 0.074371 GLUP/s
Performance in GFLOP/s: 6.619019
size: 250000
time: 0.390578
[1;34m[likwid-pin] Main PID -> core 0 - OK[0m
iterations: 120
Total iterations: 29047680 LUP
FLOP: 89
Total work: 2585243520 FLOP
performance: 0.074394 GLUP/s
Performance in GFLOP/s: 6.621089
size: 250000
time: 0.390456
[1;34m[likwid-pin] Main PID -> core 0 - OK[0m
iterations: 120
Total iterations: 29047680 LUP
FLOP: 89
Total work: 2585243520 FLOP
performance: 0.074256 GLUP/s
Performance in GFLOP/s: 6.608817
size: 250000
time: 0.391181
[1;34m[likwid-pin] Main PID -> core 0 - OK[0m
iterations: 120
Total iterations: 29047680 LUP
FLOP: 89
Total work: 2585243520 FLOP
performance: 0.074190 GLUP/s
Performance in GFLOP/s: 6.602873
size: 250000
time: 0.391533
[1;34m[likwid-pin] Main PID -> core 0 - OK[0m
iterations: 120
Total iterations: 29047680 LUP
FLOP: 89
Total work: 2585243520 FLOP
performance: 0.074256 GLUP/s
Performance in GFLOP/s: 6.608817
size: 250000
time: 0.391181
[1;34m[likwid-pin] Main PID -> core 0 - OK[0m
