[1;34m[pthread wrapper] 
[0m[1;34m[pthread wrapper] MAIN -> 0
[0m[1;34m[pthread wrapper] PIN_MASK: [0m[1;34m0->1  [0m[1;34m1->2  [0m[1;34m2->3  [0m[1;34m3->4  [0m[1;34m4->5  [0m[1;34m
[pthread wrapper] SKIP MASK: 0x0
[0m[1;34m	threadid 47306008270592 -> core 1 - OK[0m[1;34m
[0m[1;34m	threadid 47306010371840 -> core 2 - OK[0m[1;34m
[0m[1;34m	threadid 47306012473088 -> core 3 - OK[0m[1;34m
[0m[1;34m	threadid 47306014574336 -> core 4 - OK[0m[1;34m
[0m[1;34m	threadid 47306016675584 -> core 5 - OK[0m[1;34m
[0miterations: 120
Total iterations: 1074247680 LUP
FLOP: 89
Total work: 95608043520 FLOP
performance: 0.452083 GLUP/s
Performance in GFLOP/s: 40.235399
size: 9000000
time: 2.376217
[1;34m[pthread wrapper] 
[0m[1;34m[pthread wrapper] MAIN -> 0
[0m[1;34m[pthread wrapper] PIN_MASK: [0m[1;34m0->1  [0m[1;34m1->2  [0m[1;34m2->3  [0m[1;34m3->4  [0m[1;34m4->5  [0m[1;34m
[pthread wrapper] SKIP MASK: 0x0
[0m[1;34m	threadid 47168367564544 -> core 1 - OK[0m[1;34m
[0m[1;34m	threadid 47168369665792 -> core 2 - OK[0m[1;34m
[0m[1;34m	threadid 47168371767040 -> core 3 - OK[0m[1;34m
[0m[1;34m	threadid 47168373868288 -> core 4 - OK[0m[1;34m
[0m[1;34m	threadid 47168375969536 -> core 5 - OK[0m[1;34m
[0miterations: 120
Total iterations: 1074247680 LUP
FLOP: 89
Total work: 95608043520 FLOP
performance: 0.451915 GLUP/s
Performance in GFLOP/s: 40.220419
size: 9000000
time: 2.377102
[1;34m[pthread wrapper] 
[0m[1;34m[pthread wrapper] MAIN -> 0
[0m[1;34m[pthread wrapper] PIN_MASK: [0m[1;34m0->1  [0m[1;34m1->2  [0m[1;34m2->3  [0m[1;34m3->4  [0m[1;34m4->5  [0m[1;34m
[pthread wrapper] SKIP MASK: 0x0
[0m[1;34m	threadid 47888857671424 -> core 1 - OK[0m[1;34m
[0m[1;34m	threadid 47888859772672 -> core 2 - OK[0m[1;34m
[0m[1;34m	threadid 47888861873920 -> core 3 - OK[0m[1;34m
[0m[1;34m	threadid 47888863975168 -> core 4 - OK[0m[1;34m
[0m[1;34m	threadid 47888866076416 -> core 5 - OK[0m[1;34m
[0miterations: 120
Total iterations: 1074247680 LUP
FLOP: 89
Total work: 95608043520 FLOP
performance: 0.452004 GLUP/s
Performance in GFLOP/s: 40.228343
size: 9000000
time: 2.376634
[1;34m[pthread wrapper] 
[0m[1;34m[pthread wrapper] MAIN -> 0
[0m[1;34m[pthread wrapper] PIN_MASK: [0m[1;34m0->1  [0m[1;34m1->2  [0m[1;34m2->3  [0m[1;34m3->4  [0m[1;34m4->5  [0m[1;34m
[pthread wrapper] SKIP MASK: 0x0
[0m[1;34m	threadid 47134520121088 -> core 1 - OK[0m[1;34m
[0m[1;34m	threadid 47134522222336 -> core 2 - OK[0m[1;34m
[0m[1;34m	threadid 47134524323584 -> core 3 - OK[0m[1;34m
[0m[1;34m	threadid 47134526424832 -> core 4 - OK[0m[1;34m
[0m[1;34m	threadid 47134528526080 -> core 5 - OK[0m[1;34m
[0miterations: 120
Total iterations: 1074247680 LUP
FLOP: 89
Total work: 95608043520 FLOP
performance: 0.452006 GLUP/s
Performance in GFLOP/s: 40.228509
size: 9000000
time: 2.376624
[1;34m[pthread wrapper] 
[0m[1;34m[pthread wrapper] MAIN -> 0
[0m[1;34m[pthread wrapper] PIN_MASK: [0m[1;34m0->1  [0m[1;34m1->2  [0m[1;34m2->3  [0m[1;34m3->4  [0m[1;34m4->5  [0m[1;34m
[pthread wrapper] SKIP MASK: 0x0
[0m[1;34m	threadid 47524913317632 -> core 1 - OK[0m[1;34m
[0m[1;34m	threadid 47524915418880 -> core 2 - OK[0m[1;34m
[0m[1;34m	threadid 47524917520128 -> core 3 - OK[0m[1;34m
[0m[1;34m	threadid 47524919621376 -> core 4 - OK[0m[1;34m
[0m[1;34m	threadid 47524921722624 -> core 5 - OK[0m[1;34m
[0miterations: 120
Total iterations: 1074247680 LUP
FLOP: 89
Total work: 95608043520 FLOP
performance: 0.452048 GLUP/s
Performance in GFLOP/s: 40.232250
size: 9000000
time: 2.376403
[1;34m[pthread wrapper] 
[0m[1;34m[pthread wrapper] MAIN -> 0
[0m[1;34m[pthread wrapper] PIN_MASK: [0m[1;34m0->1  [0m[1;34m1->2  [0m[1;34m2->3  [0m[1;34m3->4  [0m[1;34m4->5  [0m[1;34m
[pthread wrapper] SKIP MASK: 0x0
[0m[1;34m	threadid 47869742487296 -> core 1 - OK[0m[1;34m
[0m[1;34m	threadid 47869744588544 -> core 2 - OK[0m[1;34m
[0m[1;34m	threadid 47869746689792 -> core 3 - OK[0m[1;34m
[0m[1;34m	threadid 47869748791040 -> core 4 - OK[0m[1;34m
[0m[1;34m	threadid 47869750892288 -> core 5 - OK[0m[1;34m
[0miterations: 120
Total iterations: 1074247680 LUP
FLOP: 89
Total work: 95608043520 FLOP
performance: 0.452026 GLUP/s
Performance in GFLOP/s: 40.230305
size: 9000000
time: 2.376518
[1;34m[pthread wrapper] 
[0m[1;34m[pthread wrapper] MAIN -> 0
[0m[1;34m[pthread wrapper] PIN_MASK: [0m[1;34m0->1  [0m[1;34m1->2  [0m[1;34m2->3  [0m[1;34m3->4  [0m[1;34m4->5  [0m[1;34m
[pthread wrapper] SKIP MASK: 0x0
[0m[1;34m	threadid 47620256769792 -> core 1 - OK[0m[1;34m
[0m[1;34m	threadid 47620258871040 -> core 2 - OK[0m[1;34m
[0m[1;34m	threadid 47620260972288 -> core 3 - OK[0m[1;34m
[0m[1;34m	threadid 47620263073536 -> core 4 - OK[0m[1;34m
[0m[1;34m	threadid 47620265174784 -> core 5 - OK[0m[1;34m
[0miterations: 120
Total iterations: 1074247680 LUP
FLOP: 89
Total work: 95608043520 FLOP
performance: 0.451947 GLUP/s
Performance in GFLOP/s: 40.223247
size: 9000000
time: 2.376935
[1;34m[pthread wrapper] 
[0m[1;34m[pthread wrapper] MAIN -> 0
[0m[1;34m[pthread wrapper] PIN_MASK: [0m[1;34m0->1  [0m[1;34m1->2  [0m[1;34m2->3  [0m[1;34m3->4  [0m[1;34m4->5  [0m[1;34m
[pthread wrapper] SKIP MASK: 0x0
[0m[1;34m	threadid 47650684876544 -> core 1 - OK[0m[1;34m
[0m[1;34m	threadid 47650686977792 -> core 2 - OK[0m[1;34m
[0m[1;34m	threadid 47650689079040 -> core 3 - OK[0m[1;34m
[0m[1;34m	threadid 47650691180288 -> core 4 - OK[0m[1;34m
[0m[1;34m	threadid 47650693281536 -> core 5 - OK[0m[1;34m
[0miterations: 120
Total iterations: 1074247680 LUP
FLOP: 89
Total work: 95608043520 FLOP
performance: 0.452062 GLUP/s
Performance in GFLOP/s: 40.233554
size: 9000000
time: 2.376326
[1;34m[pthread wrapper] 
[0m[1;34m[pthread wrapper] MAIN -> 0
[0m[1;34m[pthread wrapper] PIN_MASK: [0m[1;34m0->1  [0m[1;34m1->2  [0m[1;34m2->3  [0m[1;34m3->4  [0m[1;34m4->5  [0m[1;34m
[pthread wrapper] SKIP MASK: 0x0
[0m[1;34m	threadid 46913497261824 -> core 1 - OK[0m[1;34m
[0m[1;34m	threadid 46913499363072 -> core 2 - OK[0m[1;34m
[0m[1;34m	threadid 46913501464320 -> core 3 - OK[0m[1;34m
[0m[1;34m	threadid 46913503565568 -> core 4 - OK[0m[1;34m
[0m[1;34m	threadid 46913505666816 -> core 5 - OK[0m[1;34m
[0miterations: 120
Total iterations: 1074247680 LUP
FLOP: 89
Total work: 95608043520 FLOP
performance: 0.452047 GLUP/s
Performance in GFLOP/s: 40.232165
size: 9000000
time: 2.376408
[1;34m[pthread wrapper] 
[0m[1;34m[pthread wrapper] MAIN -> 0
[0m[1;34m[pthread wrapper] PIN_MASK: [0m[1;34m0->1  [0m[1;34m1->2  [0m[1;34m2->3  [0m[1;34m3->4  [0m[1;34m4->5  [0m[1;34m
[pthread wrapper] SKIP MASK: 0x0
[0m[1;34m	threadid 47125967202048 -> core 1 - OK[0m[1;34m
[0m[1;34m	threadid 47125969303296 -> core 2 - OK[0m[1;34m
[0m[1;34m	threadid 47125971404544 -> core 3 - OK[0m[1;34m
[0m[1;34m	threadid 47125973505792 -> core 4 - OK[0m[1;34m
[0m[1;34m	threadid 47125975607040 -> core 5 - OK[0m[1;34m
[0miterations: 120
Total iterations: 1074247680 LUP
FLOP: 89
Total work: 95608043520 FLOP
performance: 0.451977 GLUP/s
Performance in GFLOP/s: 40.225970
size: 9000000
time: 2.376774
