[1;34m[pthread wrapper] 
[0m[1;34m[pthread wrapper] MAIN -> 0
[0m[1;34m[pthread wrapper] PIN_MASK: [0m[1;34m0->1  [0m[1;34m1->2  [0m[1;34m2->3  [0m[1;34m3->4  [0m[1;34m4->5  [0m[1;34m5->6  [0m[1;34m6->7  [0m[1;34m
[pthread wrapper] SKIP MASK: 0x0
[0m[1;34m	threadid 47502216603392 -> core 1 - OK[0m[1;34m
[0m[1;34m	threadid 47502218704640 -> core 2 - OK[0m[1;34m
[0m[1;34m	threadid 47502220805888 -> core 3 - OK[0m[1;34m
[0m[1;34m	threadid 47502222907136 -> core 4 - OK[0m[1;34m
[0m[1;34m	threadid 47502225008384 -> core 5 - OK[0m[1;34m
[0m[1;34m	threadid 47502227109632 -> core 6 - OK[0m[1;34m
[0m[1;34m	threadid 47502229210880 -> core 7 - OK[0m[1;34m
[0miterations: 120
Total iterations: 1074247680 LUP
FLOP: 89
Total work: 95608043520 FLOP
performance: 0.601697 GLUP/s
Performance in GFLOP/s: 53.551004
size: 9000000
time: 1.785364
[1;34m[pthread wrapper] 
[0m[1;34m[pthread wrapper] MAIN -> 0
[0m[1;34m[pthread wrapper] PIN_MASK: [0m[1;34m0->1  [0m[1;34m1->2  [0m[1;34m2->3  [0m[1;34m3->4  [0m[1;34m4->5  [0m[1;34m5->6  [0m[1;34m6->7  [0m[1;34m
[pthread wrapper] SKIP MASK: 0x0
[0m[1;34m	threadid 47052451153664 -> core 1 - OK[0m[1;34m
[0m[1;34m	threadid 47052453254912 -> core 2 - OK[0m[1;34m
[0m[1;34m	threadid 47052455356160 -> core 3 - OK[0m[1;34m
[0m[1;34m	threadid 47052457457408 -> core 4 - OK[0m[1;34m
[0m[1;34m	threadid 47052459558656 -> core 5 - OK[0m[1;34m
[0m[1;34m	threadid 47052461659904 -> core 6 - OK[0m[1;34m
[0m[1;34m	threadid 47052463761152 -> core 7 - OK[0m[1;34m
[0miterations: 120
Total iterations: 1074247680 LUP
FLOP: 89
Total work: 95608043520 FLOP
performance: 0.601718 GLUP/s
Performance in GFLOP/s: 53.552928
size: 9000000
time: 1.785300
[1;34m[pthread wrapper] 
[0m[1;34m[pthread wrapper] MAIN -> 0
[0m[1;34m[pthread wrapper] PIN_MASK: [0m[1;34m0->1  [0m[1;34m1->2  [0m[1;34m2->3  [0m[1;34m3->4  [0m[1;34m4->5  [0m[1;34m5->6  [0m[1;34m6->7  [0m[1;34m
[pthread wrapper] SKIP MASK: 0x0
[0m[1;34m	threadid 47283774080768 -> core 1 - OK[0m[1;34m
[0m[1;34m	threadid 47283776182016 -> core 2 - OK[0m[1;34m
[0m[1;34m	threadid 47283778283264 -> core 3 - OK[0m[1;34m
[0m[1;34m	threadid 47283780384512 -> core 4 - OK[0m[1;34m
[0m[1;34m	threadid 47283782485760 -> core 5 - OK[0m[1;34m
[0m[1;34m	threadid 47283784587008 -> core 6 - OK[0m[1;34m
[0m[1;34m	threadid 47283786688256 -> core 7 - OK[0m[1;34m
[0miterations: 120
Total iterations: 1074247680 LUP
FLOP: 89
Total work: 95608043520 FLOP
performance: 0.601741 GLUP/s
Performance in GFLOP/s: 53.554966
size: 9000000
time: 1.785232
[1;34m[pthread wrapper] 
[0m[1;34m[pthread wrapper] MAIN -> 0
[0m[1;34m[pthread wrapper] PIN_MASK: [0m[1;34m0->1  [0m[1;34m1->2  [0m[1;34m2->3  [0m[1;34m3->4  [0m[1;34m4->5  [0m[1;34m5->6  [0m[1;34m6->7  [0m[1;34m
[pthread wrapper] SKIP MASK: 0x0
[0m[1;34m	threadid 47784792753920 -> core 1 - OK[0m[1;34m
[0m[1;34m	threadid 47784794855168 -> core 2 - OK[0m[1;34m
[0m[1;34m	threadid 47784796956416 -> core 3 - OK[0m[1;34m
[0m[1;34m	threadid 47784799057664 -> core 4 - OK[0m[1;34m
[0m[1;34m	threadid 47784801158912 -> core 5 - OK[0m[1;34m
[0m[1;34m	threadid 47784803260160 -> core 6 - OK[0m[1;34m
[0m[1;34m	threadid 47784805361408 -> core 7 - OK[0m[1;34m
[0miterations: 120
Total iterations: 1074247680 LUP
FLOP: 89
Total work: 95608043520 FLOP
performance: 0.601835 GLUP/s
Performance in GFLOP/s: 53.563336
size: 9000000
time: 1.784953
[1;34m[pthread wrapper] 
[0m[1;34m[pthread wrapper] MAIN -> 0
[0m[1;34m[pthread wrapper] PIN_MASK: [0m[1;34m0->1  [0m[1;34m1->2  [0m[1;34m2->3  [0m[1;34m3->4  [0m[1;34m4->5  [0m[1;34m5->6  [0m[1;34m6->7  [0m[1;34m
[pthread wrapper] SKIP MASK: 0x0
[0m[1;34m	threadid 47217831429888 -> core 1 - OK[0m[1;34m
[0m[1;34m	threadid 47217833531136 -> core 2 - OK[0m[1;34m
[0m[1;34m	threadid 47217835632384 -> core 3 - OK[0m[1;34m
[0m[1;34m	threadid 47217837733632 -> core 4 - OK[0m[1;34m
[0m[1;34m	threadid 47217839834880 -> core 5 - OK[0m[1;34m
[0m[1;34m	threadid 47217841936128 -> core 6 - OK[0m[1;34m
[0m[1;34m	threadid 47217844037376 -> core 7 - OK[0m[1;34m
[0miterations: 120
Total iterations: 1074247680 LUP
FLOP: 89
Total work: 95608043520 FLOP
performance: 0.601758 GLUP/s
Performance in GFLOP/s: 53.556497
size: 9000000
time: 1.785181
[1;34m[pthread wrapper] 
[0m[1;34m[pthread wrapper] MAIN -> 0
[0m[1;34m[pthread wrapper] PIN_MASK: [0m[1;34m0->1  [0m[1;34m1->2  [0m[1;34m2->3  [0m[1;34m3->4  [0m[1;34m4->5  [0m[1;34m5->6  [0m[1;34m6->7  [0m[1;34m
[pthread wrapper] SKIP MASK: 0x0
[0m[1;34m	threadid 47086517065472 -> core 1 - OK[0m[1;34m
[0m[1;34m	threadid 47086519166720 -> core 2 - OK[0m[1;34m
[0m[1;34m	threadid 47086521267968 -> core 3 - OK[0m[1;34m
[0m[1;34m	threadid 47086523369216 -> core 4 - OK[0m[1;34m
[0m[1;34m	threadid 47086525470464 -> core 5 - OK[0m[1;34m
[0m[1;34m	threadid 47086527571712 -> core 6 - OK[0m[1;34m
[0m[1;34m	threadid 47086529672960 -> core 7 - OK[0m[1;34m
[0miterations: 120
Total iterations: 1074247680 LUP
FLOP: 89
Total work: 95608043520 FLOP
performance: 0.601710 GLUP/s
Performance in GFLOP/s: 53.552149
size: 9000000
time: 1.785326
[1;34m[pthread wrapper] 
[0m[1;34m[pthread wrapper] MAIN -> 0
[0m[1;34m[pthread wrapper] PIN_MASK: [0m[1;34m0->1  [0m[1;34m1->2  [0m[1;34m2->3  [0m[1;34m3->4  [0m[1;34m4->5  [0m[1;34m5->6  [0m[1;34m6->7  [0m[1;34m
[pthread wrapper] SKIP MASK: 0x0
[0m[1;34m	threadid 47282391410432 -> core 1 - OK[0m[1;34m
[0m[1;34m	threadid 47282393511680 -> core 2 - OK[0m[1;34m
[0m[1;34m	threadid 47282395612928 -> core 3 - OK[0m[1;34m
[0m[1;34m	threadid 47282397714176 -> core 4 - OK[0m[1;34m
[0m[1;34m	threadid 47282399815424 -> core 5 - OK[0m[1;34m
[0m[1;34m	threadid 47282401916672 -> core 6 - OK[0m[1;34m
[0m[1;34m	threadid 47282404017920 -> core 7 - OK[0m[1;34m
[0miterations: 120
Total iterations: 1074247680 LUP
FLOP: 89
Total work: 95608043520 FLOP
performance: 0.602016 GLUP/s
Performance in GFLOP/s: 53.579460
size: 9000000
time: 1.784416
[1;34m[pthread wrapper] 
[0m[1;34m[pthread wrapper] MAIN -> 0
[0m[1;34m[pthread wrapper] PIN_MASK: [0m[1;34m0->1  [0m[1;34m1->2  [0m[1;34m2->3  [0m[1;34m3->4  [0m[1;34m4->5  [0m[1;34m5->6  [0m[1;34m6->7  [0m[1;34m
[pthread wrapper] SKIP MASK: 0x0
[0m[1;34m	threadid 47008230020864 -> core 1 - OK[0m[1;34m
[0m[1;34m	threadid 47008232122112 -> core 2 - OK[0m[1;34m
[0m[1;34m	threadid 47008234223360 -> core 3 - OK[0m[1;34m
[0m[1;34m	threadid 47008236324608 -> core 4 - OK[0m[1;34m
[0m[1;34m	threadid 47008238425856 -> core 5 - OK[0m[1;34m
[0m[1;34m	threadid 47008240527104 -> core 6 - OK[0m[1;34m
[0m[1;34m	threadid 47008242628352 -> core 7 - OK[0m[1;34m
[0miterations: 120
Total iterations: 1074247680 LUP
FLOP: 89
Total work: 95608043520 FLOP
performance: 0.601954 GLUP/s
Performance in GFLOP/s: 53.573905
size: 9000000
time: 1.784601
[1;34m[pthread wrapper] 
[0m[1;34m[pthread wrapper] MAIN -> 0
[0m[1;34m[pthread wrapper] PIN_MASK: [0m[1;34m0->1  [0m[1;34m1->2  [0m[1;34m2->3  [0m[1;34m3->4  [0m[1;34m4->5  [0m[1;34m5->6  [0m[1;34m6->7  [0m[1;34m
[pthread wrapper] SKIP MASK: 0x0
[0m[1;34m	threadid 47609218750208 -> core 1 - OK[0m[1;34m
[0m[1;34m	threadid 47609220851456 -> core 2 - OK[0m[1;34m
[0m[1;34m	threadid 47609222952704 -> core 3 - OK[0m[1;34m
[0m[1;34m	threadid 47609225053952 -> core 4 - OK[0m[1;34m
[0m[1;34m	threadid 47609227155200 -> core 5 - OK[0m[1;34m
[0m[1;34m	threadid 47609229256448 -> core 6 - OK[0m[1;34m
[0m[1;34m	threadid 47609231357696 -> core 7 - OK[0m[1;34m
[0miterations: 120
Total iterations: 1074247680 LUP
FLOP: 89
Total work: 95608043520 FLOP
performance: 0.601947 GLUP/s
Performance in GFLOP/s: 53.573240
size: 9000000
time: 1.784623
[1;34m[pthread wrapper] 
[0m[1;34m[pthread wrapper] MAIN -> 0
[0m[1;34m[pthread wrapper] PIN_MASK: [0m[1;34m0->1  [0m[1;34m1->2  [0m[1;34m2->3  [0m[1;34m3->4  [0m[1;34m4->5  [0m[1;34m5->6  [0m[1;34m6->7  [0m[1;34m
[pthread wrapper] SKIP MASK: 0x0
[0m[1;34m	threadid 47756342486784 -> core 1 - OK[0m[1;34m
[0m[1;34m	threadid 47756344588032 -> core 2 - OK[0m[1;34m
[0m[1;34m	threadid 47756346689280 -> core 3 - OK[0m[1;34m
[0m[1;34m	threadid 47756348790528 -> core 4 - OK[0m[1;34m
[0m[1;34m	threadid 47756350891776 -> core 5 - OK[0m[1;34m
[0m[1;34m	threadid 47756352993024 -> core 6 - OK[0m[1;34m
[0m[1;34m	threadid 47756355094272 -> core 7 - OK[0m[1;34m
[0miterations: 120
Total iterations: 1074247680 LUP
FLOP: 89
Total work: 95608043520 FLOP
performance: 0.601860 GLUP/s
Performance in GFLOP/s: 53.565561
size: 9000000
time: 1.784879
