[1;34m[pthread wrapper] 
[0m[1;34m[pthread wrapper] MAIN -> 0
[0m[1;34m[pthread wrapper] PIN_MASK: [0m[1;34m0->1  [0m[1;34m1->2  [0m[1;34m2->3  [0m[1;34m3->4  [0m[1;34m4->10  [0m[1;34m5->11  [0m[1;34m6->12  [0m[1;34m7->13  [0m[1;34m8->14  [0m[1;34m
[pthread wrapper] SKIP MASK: 0x0
[0m[1;34m	threadid 47575016601344 -> core 1 - OK[0m[1;34m
[0m[1;34m	threadid 47575018702592 -> core 2 - OK[0m[1;34m
[0m[1;34m	threadid 47575020803840 -> core 3 - OK[0m[1;34m
[0m[1;34m	threadid 47575022905088 -> core 4 - OK[0m[1;34m
[0m[1;34m	threadid 47575025006336 -> core 10 - OK[0m[1;34m
[0m[1;34m	threadid 47575027107584 -> core 11 - OK[0m[1;34m
[0m[1;34m	threadid 47575029208832 -> core 12 - OK[0m[1;34m
[0m[1;34m	threadid 47575031310080 -> core 13 - OK[0m[1;34m
[0m[1;34m	threadid 47575033411328 -> core 14 - OK[0m[1;34m
[0miterations: 200
Total iterations: 48412800 LUP
FLOP: 89
Total work: 4308739200 FLOP
performance: 0.667357 GLUP/s
Performance in GFLOP/s: 59.394759
size: 250000
time: 0.072544
[1;34m[pthread wrapper] 
[0m[1;34m[pthread wrapper] MAIN -> 0
[0m[1;34m[pthread wrapper] PIN_MASK: [0m[1;34m0->1  [0m[1;34m1->2  [0m[1;34m2->3  [0m[1;34m3->4  [0m[1;34m4->10  [0m[1;34m5->11  [0m[1;34m6->12  [0m[1;34m7->13  [0m[1;34m8->14  [0m[1;34m
[pthread wrapper] SKIP MASK: 0x0
[0m[1;34m	threadid 47140117849856 -> core 1 - OK[0m[1;34m
[0m[1;34m	threadid 47140119951104 -> core 2 - OK[0m[1;34m
[0m[1;34m	threadid 47140122052352 -> core 3 - OK[0m[1;34m
[0m[1;34m	threadid 47140124153600 -> core 4 - OK[0m[1;34m
[0m[1;34m	threadid 47140126254848 -> core 10 - OK[0m[1;34m
[0m[1;34m	threadid 47140128356096 -> core 11 - OK[0m[1;34m
[0m[1;34m	threadid 47140130457344 -> core 12 - OK[0m[1;34m
[0m[1;34m	threadid 47140132558592 -> core 13 - OK[0m[1;34m
[0m[1;34m	threadid 47140134659840 -> core 14 - OK[0m[1;34m
[0miterations: 200
Total iterations: 48412800 LUP
FLOP: 89
Total work: 4308739200 FLOP
performance: 0.666899 GLUP/s
Performance in GFLOP/s: 59.353989
size: 250000
time: 0.072594
[1;34m[pthread wrapper] 
[0m[1;34m[pthread wrapper] MAIN -> 0
[0m[1;34m[pthread wrapper] PIN_MASK: [0m[1;34m0->1  [0m[1;34m1->2  [0m[1;34m2->3  [0m[1;34m3->4  [0m[1;34m4->10  [0m[1;34m5->11  [0m[1;34m6->12  [0m[1;34m7->13  [0m[1;34m8->14  [0m[1;34m
[pthread wrapper] SKIP MASK: 0x0
[0m[1;34m	threadid 47928150681344 -> core 1 - OK[0m[1;34m
[0m[1;34m	threadid 47928152782592 -> core 2 - OK[0m[1;34m
[0m[1;34m	threadid 47928154883840 -> core 3 - OK[0m[1;34m
[0m[1;34m	threadid 47928156985088 -> core 4 - OK[0m[1;34m
[0m[1;34m	threadid 47928159086336 -> core 10 - OK[0m[1;34m
[0m[1;34m	threadid 47928161187584 -> core 11 - OK[0m[1;34m
[0m[1;34m	threadid 47928163288832 -> core 12 - OK[0m[1;34m
[0m[1;34m	threadid 47928165390080 -> core 13 - OK[0m[1;34m
[0m[1;34m	threadid 47928167491328 -> core 14 - OK[0m[1;34m
[0miterations: 200
Total iterations: 48412800 LUP
FLOP: 89
Total work: 4308739200 FLOP
performance: 0.665578 GLUP/s
Performance in GFLOP/s: 59.236482
size: 250000
time: 0.072738
[1;34m[pthread wrapper] 
[0m[1;34m[pthread wrapper] MAIN -> 0
[0m[1;34m[pthread wrapper] PIN_MASK: [0m[1;34m0->1  [0m[1;34m1->2  [0m[1;34m2->3  [0m[1;34m3->4  [0m[1;34m4->10  [0m[1;34m5->11  [0m[1;34m6->12  [0m[1;34m7->13  [0m[1;34m8->14  [0m[1;34m
[pthread wrapper] SKIP MASK: 0x0
[0m[1;34m	threadid 47545945679616 -> core 1 - OK[0m[1;34m
[0m[1;34m	threadid 47545947780864 -> core 2 - OK[0m[1;34m
[0m[1;34m	threadid 47545949882112 -> core 3 - OK[0m[1;34m
[0m[1;34m	threadid 47545951983360 -> core 4 - OK[0m[1;34m
[0m[1;34m	threadid 47545954084608 -> core 10 - OK[0m[1;34m
[0m[1;34m	threadid 47545956185856 -> core 11 - OK[0m[1;34m
[0m[1;34m	threadid 47545958287104 -> core 12 - OK[0m[1;34m
[0m[1;34m	threadid 47545960388352 -> core 13 - OK[0m[1;34m
[0m[1;34m	threadid 47545962489600 -> core 14 - OK[0m[1;34m
[0miterations: 200
Total iterations: 48412800 LUP
FLOP: 89
Total work: 4308739200 FLOP
performance: 0.666881 GLUP/s
Performance in GFLOP/s: 59.352430
size: 250000
time: 0.072596
[1;34m[pthread wrapper] 
[0m[1;34m[pthread wrapper] MAIN -> 0
[0m[1;34m[pthread wrapper] PIN_MASK: [0m[1;34m0->1  [0m[1;34m1->2  [0m[1;34m2->3  [0m[1;34m3->4  [0m[1;34m4->10  [0m[1;34m5->11  [0m[1;34m6->12  [0m[1;34m7->13  [0m[1;34m8->14  [0m[1;34m
[pthread wrapper] SKIP MASK: 0x0
[0m[1;34m	threadid 47297974994688 -> core 1 - OK[0m[1;34m
[0m[1;34m	threadid 47297977095936 -> core 2 - OK[0m[1;34m
[0m[1;34m	threadid 47297979197184 -> core 3 - OK[0m[1;34m
[0m[1;34m	threadid 47297981298432 -> core 4 - OK[0m[1;34m
[0m[1;34m	threadid 47297983399680 -> core 10 - OK[0m[1;34m
[0m[1;34m	threadid 47297985500928 -> core 11 - OK[0m[1;34m
[0m[1;34m	threadid 47297987602176 -> core 12 - OK[0m[1;34m
[0m[1;34m	threadid 47297989703424 -> core 13 - OK[0m[1;34m
[0m[1;34m	threadid 47297991804672 -> core 14 - OK[0m[1;34m
[0miterations: 200
Total iterations: 48412800 LUP
FLOP: 89
Total work: 4308739200 FLOP
performance: 0.667265 GLUP/s
Performance in GFLOP/s: 59.386561
size: 250000
time: 0.072554
[1;34m[pthread wrapper] 
[0m[1;34m[pthread wrapper] MAIN -> 0
[0m[1;34m[pthread wrapper] PIN_MASK: [0m[1;34m0->1  [0m[1;34m1->2  [0m[1;34m2->3  [0m[1;34m3->4  [0m[1;34m4->10  [0m[1;34m5->11  [0m[1;34m6->12  [0m[1;34m7->13  [0m[1;34m8->14  [0m[1;34m
[pthread wrapper] SKIP MASK: 0x0
[0m[1;34m	threadid 47852033832704 -> core 1 - OK[0m[1;34m
[0m[1;34m	threadid 47852035933952 -> core 2 - OK[0m[1;34m
[0m[1;34m	threadid 47852038035200 -> core 3 - OK[0m[1;34m
[0m[1;34m	threadid 47852040136448 -> core 4 - OK[0m[1;34m
[0m[1;34m	threadid 47852042237696 -> core 10 - OK[0m[1;34m
[0m[1;34m	threadid 47852044338944 -> core 11 - OK[0m[1;34m
[0m[1;34m	threadid 47852046440192 -> core 12 - OK[0m[1;34m
[0m[1;34m	threadid 47852048541440 -> core 13 - OK[0m[1;34m
[0m[1;34m	threadid 47852050642688 -> core 14 - OK[0m[1;34m
[0miterations: 200
Total iterations: 48412800 LUP
FLOP: 89
Total work: 4308739200 FLOP
performance: 0.665064 GLUP/s
Performance in GFLOP/s: 59.190695
size: 250000
time: 0.072794
[1;34m[pthread wrapper] 
[0m[1;34m[pthread wrapper] MAIN -> 0
[0m[1;34m[pthread wrapper] PIN_MASK: [0m[1;34m0->1  [0m[1;34m1->2  [0m[1;34m2->3  [0m[1;34m3->4  [0m[1;34m4->10  [0m[1;34m5->11  [0m[1;34m6->12  [0m[1;34m7->13  [0m[1;34m8->14  [0m[1;34m
[pthread wrapper] SKIP MASK: 0x0
[0m[1;34m	threadid 46943722796800 -> core 1 - OK[0m[1;34m
[0m[1;34m	threadid 46943724898048 -> core 2 - OK[0m[1;34m
[0m[1;34m	threadid 46943726999296 -> core 3 - OK[0m[1;34m
[0m[1;34m	threadid 46943729100544 -> core 4 - OK[0m[1;34m
[0m[1;34m	threadid 46943731201792 -> core 10 - OK[0m[1;34m
[0m[1;34m	threadid 46943733303040 -> core 11 - OK[0m[1;34m
[0m[1;34m	threadid 46943735404288 -> core 12 - OK[0m[1;34m
[0m[1;34m	threadid 46943737505536 -> core 13 - OK[0m[1;34m
[0m[1;34m	threadid 46943739606784 -> core 14 - OK[0m[1;34m
[0miterations: 200
Total iterations: 48412800 LUP
FLOP: 89
Total work: 4308739200 FLOP
performance: 0.665221 GLUP/s
Performance in GFLOP/s: 59.204656
size: 250000
time: 0.072777
[1;34m[pthread wrapper] 
[0m[1;34m[pthread wrapper] MAIN -> 0
[0m[1;34m[pthread wrapper] PIN_MASK: [0m[1;34m0->1  [0m[1;34m1->2  [0m[1;34m2->3  [0m[1;34m3->4  [0m[1;34m4->10  [0m[1;34m5->11  [0m[1;34m6->12  [0m[1;34m7->13  [0m[1;34m8->14  [0m[1;34m
[pthread wrapper] SKIP MASK: 0x0
[0m[1;34m	threadid 47611015890688 -> core 1 - OK[0m[1;34m
[0m[1;34m	threadid 47611017991936 -> core 2 - OK[0m[1;34m
[0m[1;34m	threadid 47611020093184 -> core 3 - OK[0m[1;34m
[0m[1;34m	threadid 47611022194432 -> core 4 - OK[0m[1;34m
[0m[1;34m	threadid 47611024295680 -> core 10 - OK[0m[1;34m
[0m[1;34m	threadid 47611026396928 -> core 11 - OK[0m[1;34m
[0m[1;34m	threadid 47611028498176 -> core 12 - OK[0m[1;34m
[0m[1;34m	threadid 47611030599424 -> core 13 - OK[0m[1;34m
[0m[1;34m	threadid 47611032700672 -> core 14 - OK[0m[1;34m
[0miterations: 200
Total iterations: 48412800 LUP
FLOP: 89
Total work: 4308739200 FLOP
performance: 0.665487 GLUP/s
Performance in GFLOP/s: 59.228328
size: 250000
time: 0.072748
[1;34m[pthread wrapper] 
[0m[1;34m[pthread wrapper] MAIN -> 0
[0m[1;34m[pthread wrapper] PIN_MASK: [0m[1;34m0->1  [0m[1;34m1->2  [0m[1;34m2->3  [0m[1;34m3->4  [0m[1;34m4->10  [0m[1;34m5->11  [0m[1;34m6->12  [0m[1;34m7->13  [0m[1;34m8->14  [0m[1;34m
[pthread wrapper] SKIP MASK: 0x0
[0m[1;34m	threadid 47670689990400 -> core 1 - OK[0m[1;34m
[0m[1;34m	threadid 47670692091648 -> core 2 - OK[0m[1;34m
[0m[1;34m	threadid 47670694192896 -> core 3 - OK[0m[1;34m
[0m[1;34m	threadid 47670696294144 -> core 4 - OK[0m[1;34m
[0m[1;34m	threadid 47670698395392 -> core 10 - OK[0m[1;34m
[0m[1;34m	threadid 47670700496640 -> core 11 - OK[0m[1;34m
[0m[1;34m	threadid 47670702597888 -> core 12 - OK[0m[1;34m
[0m[1;34m	threadid 47670704699136 -> core 13 - OK[0m[1;34m
[0m[1;34m	threadid 47670706800384 -> core 14 - OK[0m[1;34m
[0miterations: 200
Total iterations: 48412800 LUP
FLOP: 89
Total work: 4308739200 FLOP
performance: 0.666448 GLUP/s
Performance in GFLOP/s: 59.313860
size: 250000
time: 0.072643
[1;34m[pthread wrapper] 
[0m[1;34m[pthread wrapper] MAIN -> 0
[0m[1;34m[pthread wrapper] PIN_MASK: [0m[1;34m0->1  [0m[1;34m1->2  [0m[1;34m2->3  [0m[1;34m3->4  [0m[1;34m4->10  [0m[1;34m5->11  [0m[1;34m6->12  [0m[1;34m7->13  [0m[1;34m8->14  [0m[1;34m
[pthread wrapper] SKIP MASK: 0x0
[0m[1;34m	threadid 47437709043456 -> core 1 - OK[0m[1;34m
[0m[1;34m	threadid 47437711144704 -> core 2 - OK[0m[1;34m
[0m[1;34m	threadid 47437713245952 -> core 3 - OK[0m[1;34m
[0m[1;34m	threadid 47437715347200 -> core 4 - OK[0m[1;34m
[0m[1;34m	threadid 47437717448448 -> core 10 - OK[0m[1;34m
[0m[1;34m	threadid 47437719549696 -> core 11 - OK[0m[1;34m
[0m[1;34m	threadid 47437721650944 -> core 12 - OK[0m[1;34m
[0m[1;34m	threadid 47437723752192 -> core 13 - OK[0m[1;34m
[0m[1;34m	threadid 47437725853440 -> core 14 - OK[0m[1;34m
[0miterations: 200
Total iterations: 48412800 LUP
FLOP: 89
Total work: 4308739200 FLOP
performance: 0.667350 GLUP/s
Performance in GFLOP/s: 59.394173
size: 250000
time: 0.072545
