[1;34m[pthread wrapper] 
[0m[1;34m[pthread wrapper] MAIN -> 0
[0m[1;34m[pthread wrapper] PIN_MASK: [0m[1;34m0->1  [0m[1;34m1->2  [0m[1;34m2->3  [0m[1;34m3->4  [0m[1;34m4->5  [0m[1;34m
[pthread wrapper] SKIP MASK: 0x0
[0m[1;34m	threadid 47586597144320 -> core 1 - OK[0m[1;34m
[0m[1;34m	threadid 47586599245568 -> core 2 - OK[0m[1;34m
[0m[1;34m	threadid 47586601346816 -> core 3 - OK[0m[1;34m
[0m[1;34m	threadid 47586603448064 -> core 4 - OK[0m[1;34m
[0m[1;34m	threadid 47586605549312 -> core 5 - OK[0m[1;34m
[0miterations: 200
Total iterations: 48412800 LUP
FLOP: 89
Total work: 4308739200 FLOP
performance: 0.433236 GLUP/s
Performance in GFLOP/s: 38.557976
size: 250000
time: 0.111747
[1;34m[pthread wrapper] 
[0m[1;34m[pthread wrapper] MAIN -> 0
[0m[1;34m[pthread wrapper] PIN_MASK: [0m[1;34m0->1  [0m[1;34m1->2  [0m[1;34m2->3  [0m[1;34m3->4  [0m[1;34m4->5  [0m[1;34m
[pthread wrapper] SKIP MASK: 0x0
[0m[1;34m	threadid 47584517781248 -> core 1 - OK[0m[1;34m
[0m[1;34m	threadid 47584519882496 -> core 2 - OK[0m[1;34m
[0m[1;34m	threadid 47584521983744 -> core 3 - OK[0m[1;34m
[0m[1;34m	threadid 47584524084992 -> core 4 - OK[0m[1;34m
[0m[1;34m	threadid 47584526186240 -> core 5 - OK[0m[1;34m
[0miterations: 200
Total iterations: 48412800 LUP
FLOP: 89
Total work: 4308739200 FLOP
performance: 0.433784 GLUP/s
Performance in GFLOP/s: 38.606739
size: 250000
time: 0.111606
[1;34m[pthread wrapper] 
[0m[1;34m[pthread wrapper] MAIN -> 0
[0m[1;34m[pthread wrapper] PIN_MASK: [0m[1;34m0->1  [0m[1;34m1->2  [0m[1;34m2->3  [0m[1;34m3->4  [0m[1;34m4->5  [0m[1;34m
[pthread wrapper] SKIP MASK: 0x0
[0m[1;34m	threadid 47527493428992 -> core 1 - OK[0m[1;34m
[0m[1;34m	threadid 47527495530240 -> core 2 - OK[0m[1;34m
[0m[1;34m	threadid 47527497631488 -> core 3 - OK[0m[1;34m
[0m[1;34m	threadid 47527499732736 -> core 4 - OK[0m[1;34m
[0m[1;34m	threadid 47527501833984 -> core 5 - OK[0m[1;34m
[0miterations: 200
Total iterations: 48412800 LUP
FLOP: 89
Total work: 4308739200 FLOP
performance: 0.434027 GLUP/s
Performance in GFLOP/s: 38.628442
size: 250000
time: 0.111543
[1;34m[pthread wrapper] 
[0m[1;34m[pthread wrapper] MAIN -> 0
[0m[1;34m[pthread wrapper] PIN_MASK: [0m[1;34m0->1  [0m[1;34m1->2  [0m[1;34m2->3  [0m[1;34m3->4  [0m[1;34m4->5  [0m[1;34m
[pthread wrapper] SKIP MASK: 0x0
[0m[1;34m	threadid 47347517740800 -> core 1 - OK[0m[1;34m
[0m[1;34m	threadid 47347519842048 -> core 2 - OK[0m[1;34m
[0m[1;34m	threadid 47347521943296 -> core 3 - OK[0m[1;34m
[0m[1;34m	threadid 47347524044544 -> core 4 - OK[0m[1;34m
[0m[1;34m	threadid 47347526145792 -> core 5 - OK[0m[1;34m
[0miterations: 200
Total iterations: 48412800 LUP
FLOP: 89
Total work: 4308739200 FLOP
performance: 0.434071 GLUP/s
Performance in GFLOP/s: 38.632323
size: 250000
time: 0.111532
[1;34m[pthread wrapper] 
[0m[1;34m[pthread wrapper] MAIN -> 0
[0m[1;34m[pthread wrapper] PIN_MASK: [0m[1;34m0->1  [0m[1;34m1->2  [0m[1;34m2->3  [0m[1;34m3->4  [0m[1;34m4->5  [0m[1;34m
[pthread wrapper] SKIP MASK: 0x0
[0m[1;34m	threadid 47808313218816 -> core 1 - OK[0m[1;34m
[0m[1;34m	threadid 47808315320064 -> core 2 - OK[0m[1;34m
[0m[1;34m	threadid 47808317421312 -> core 3 - OK[0m[1;34m
[0m[1;34m	threadid 47808319522560 -> core 4 - OK[0m[1;34m
[0m[1;34m	threadid 47808321623808 -> core 5 - OK[0m[1;34m
[0miterations: 200
Total iterations: 48412800 LUP
FLOP: 89
Total work: 4308739200 FLOP
performance: 0.434200 GLUP/s
Performance in GFLOP/s: 38.643805
size: 250000
time: 0.111499
[1;34m[pthread wrapper] 
[0m[1;34m[pthread wrapper] MAIN -> 0
[0m[1;34m[pthread wrapper] PIN_MASK: [0m[1;34m0->1  [0m[1;34m1->2  [0m[1;34m2->3  [0m[1;34m3->4  [0m[1;34m4->5  [0m[1;34m
[pthread wrapper] SKIP MASK: 0x0
[0m[1;34m	threadid 47280505988864 -> core 1 - OK[0m[1;34m
[0m[1;34m	threadid 47280508090112 -> core 2 - OK[0m[1;34m
[0m[1;34m	threadid 47280510191360 -> core 3 - OK[0m[1;34m
[0m[1;34m	threadid 47280512292608 -> core 4 - OK[0m[1;34m
[0m[1;34m	threadid 47280514393856 -> core 5 - OK[0m[1;34m
[0miterations: 200
Total iterations: 48412800 LUP
FLOP: 89
Total work: 4308739200 FLOP
performance: 0.433402 GLUP/s
Performance in GFLOP/s: 38.572790
size: 250000
time: 0.111704
[1;34m[pthread wrapper] 
[0m[1;34m[pthread wrapper] MAIN -> 0
[0m[1;34m[pthread wrapper] PIN_MASK: [0m[1;34m0->1  [0m[1;34m1->2  [0m[1;34m2->3  [0m[1;34m3->4  [0m[1;34m4->5  [0m[1;34m
[pthread wrapper] SKIP MASK: 0x0
[0m[1;34m	threadid 47897272379136 -> core 1 - OK[0m[1;34m
[0m[1;34m	threadid 47897274480384 -> core 2 - OK[0m[1;34m
[0m[1;34m	threadid 47897276581632 -> core 3 - OK[0m[1;34m
[0m[1;34m	threadid 47897278682880 -> core 4 - OK[0m[1;34m
[0m[1;34m	threadid 47897280784128 -> core 5 - OK[0m[1;34m
[0miterations: 200
Total iterations: 48412800 LUP
FLOP: 89
Total work: 4308739200 FLOP
performance: 0.434339 GLUP/s
Performance in GFLOP/s: 38.656204
size: 250000
time: 0.111463
[1;34m[pthread wrapper] 
[0m[1;34m[pthread wrapper] MAIN -> 0
[0m[1;34m[pthread wrapper] PIN_MASK: [0m[1;34m0->1  [0m[1;34m1->2  [0m[1;34m2->3  [0m[1;34m3->4  [0m[1;34m4->5  [0m[1;34m
[pthread wrapper] SKIP MASK: 0x0
[0m[1;34m	threadid 47177589528320 -> core 1 - OK[0m[1;34m
[0m[1;34m	threadid 47177591629568 -> core 2 - OK[0m[1;34m
[0m[1;34m	threadid 47177593730816 -> core 3 - OK[0m[1;34m
[0m[1;34m	threadid 47177595832064 -> core 4 - OK[0m[1;34m
[0m[1;34m	threadid 47177597933312 -> core 5 - OK[0m[1;34m
[0miterations: 200
Total iterations: 48412800 LUP
FLOP: 89
Total work: 4308739200 FLOP
performance: 0.433104 GLUP/s
Performance in GFLOP/s: 38.546216
size: 250000
time: 0.111781
[1;34m[pthread wrapper] 
[0m[1;34m[pthread wrapper] MAIN -> 0
[0m[1;34m[pthread wrapper] PIN_MASK: [0m[1;34m0->1  [0m[1;34m1->2  [0m[1;34m2->3  [0m[1;34m3->4  [0m[1;34m4->5  [0m[1;34m
[pthread wrapper] SKIP MASK: 0x0
[0m[1;34m	threadid 47775307560704 -> core 1 - OK[0m[1;34m
[0m[1;34m	threadid 47775309661952 -> core 2 - OK[0m[1;34m
[0m[1;34m	threadid 47775311763200 -> core 3 - OK[0m[1;34m
[0m[1;34m	threadid 47775313864448 -> core 4 - OK[0m[1;34m
[0m[1;34m	threadid 47775315965696 -> core 5 - OK[0m[1;34m
[0miterations: 200
Total iterations: 48412800 LUP
FLOP: 89
Total work: 4308739200 FLOP
performance: 0.434025 GLUP/s
Performance in GFLOP/s: 38.628194
size: 250000
time: 0.111544
[1;34m[pthread wrapper] 
[0m[1;34m[pthread wrapper] MAIN -> 0
[0m[1;34m[pthread wrapper] PIN_MASK: [0m[1;34m0->1  [0m[1;34m1->2  [0m[1;34m2->3  [0m[1;34m3->4  [0m[1;34m4->5  [0m[1;34m
[pthread wrapper] SKIP MASK: 0x0
[0m[1;34m	threadid 46928741807872 -> core 1 - OK[0m[1;34m
[0m[1;34m	threadid 46928743909120 -> core 2 - OK[0m[1;34m
[0m[1;34m	threadid 46928746010368 -> core 3 - OK[0m[1;34m
[0m[1;34m	threadid 46928748111616 -> core 4 - OK[0m[1;34m
[0m[1;34m	threadid 46928750212864 -> core 5 - OK[0m[1;34m
[0miterations: 200
Total iterations: 48412800 LUP
FLOP: 89
Total work: 4308739200 FLOP
performance: 0.432469 GLUP/s
Performance in GFLOP/s: 38.489735
size: 250000
time: 0.111945
