iterations: 120
Total iterations: 1074247680 LUP
FLOP: 89
Total work: 95608043520 FLOP
performance: 1.170822 GLUP/s
Performance in GFLOP/s: 104.203136
size: 9000000
time: 0.917516
iterations: 120
Total iterations: 1074247680 LUP
FLOP: 89
Total work: 95608043520 FLOP
performance: 1.174200 GLUP/s
Performance in GFLOP/s: 104.503829
size: 9000000
time: 0.914876
iterations: 120
Total iterations: 1074247680 LUP
FLOP: 89
Total work: 95608043520 FLOP
performance: 1.198319 GLUP/s
Performance in GFLOP/s: 106.650418
size: 9000000
time: 0.896462
iterations: 120
Total iterations: 1074247680 LUP
FLOP: 89
Total work: 95608043520 FLOP
performance: 1.144913 GLUP/s
Performance in GFLOP/s: 101.897253
size: 9000000
time: 0.938279
iterations: 120
Total iterations: 1074247680 LUP
FLOP: 89
Total work: 95608043520 FLOP
performance: 1.213697 GLUP/s
Performance in GFLOP/s: 108.019001
size: 9000000
time: 0.885104
iterations: 120
Total iterations: 1074247680 LUP
FLOP: 89
Total work: 95608043520 FLOP
performance: 1.200208 GLUP/s
Performance in GFLOP/s: 106.818542
size: 9000000
time: 0.895051
iterations: 120
Total iterations: 1074247680 LUP
FLOP: 89
Total work: 95608043520 FLOP
performance: 1.218797 GLUP/s
Performance in GFLOP/s: 108.472949
size: 9000000
time: 0.881400
iterations: 120
Total iterations: 1074247680 LUP
FLOP: 89
Total work: 95608043520 FLOP
performance: 1.154728 GLUP/s
Performance in GFLOP/s: 102.770748
size: 9000000
time: 0.930304
iterations: 120
Total iterations: 1074247680 LUP
FLOP: 89
Total work: 95608043520 FLOP
performance: 1.213199 GLUP/s
Performance in GFLOP/s: 107.974705
size: 9000000
time: 0.885467
iterations: 120
Total iterations: 1074247680 LUP
FLOP: 89
Total work: 95608043520 FLOP
performance: 1.182218 GLUP/s
Performance in GFLOP/s: 105.217432
size: 9000000
time: 0.908671
