[1;34m[pthread wrapper] 
[0m[1;34m[pthread wrapper] MAIN -> 0
[0m[1;34m[pthread wrapper] PIN_MASK: [0m[1;34m0->1  [0m[1;34m1->2  [0m[1;34m2->3  [0m[1;34m3->4  [0m[1;34m4->5  [0m[1;34m5->6  [0m[1;34m6->7  [0m[1;34m7->8  [0m[1;34m8->9  [0m[1;34m9->10  [0m[1;34m10->11  [0m[1;34m11->12  [0m[1;34m12->13  [0m[1;34m13->14  [0m[1;34m14->15  [0m[1;34m
[pthread wrapper] SKIP MASK: 0x0
[0m[1;34m	threadid 47640095610624 -> core 1 - OK[0m[1;34m
[0m[1;34m	threadid 47640097711872 -> core 2 - OK[0m[1;34m
[0m[1;34m	threadid 47640099813120 -> core 3 - OK[0m[1;34m
[0m[1;34m	threadid 47640101914368 -> core 4 - OK[0m[1;34m
[0m[1;34m	threadid 47640104015616 -> core 5 - OK[0m[1;34m
[0m[1;34m	threadid 47640106116864 -> core 6 - OK[0m[1;34m
[0m[1;34m	threadid 47640108218112 -> core 7 - OK[0m[1;34m
[0m[1;34m	threadid 47640110319360 -> core 8 - OK[0m[1;34m
[0m[1;34m	threadid 47640112420608 -> core 9 - OK[0m[1;34m
[0m[1;34m	threadid 47640114521856 -> core 10 - OK[0m[1;34m
[0m[1;34m	threadid 47640116623104 -> core 11 - OK[0m[1;34m
[0m[1;34m	threadid 47640118724352 -> core 12 - OK[0m[1;34m
[0m[1;34m	threadid 47640120825600 -> core 13 - OK[0m[1;34m
[0m[1;34m	threadid 47640122926848 -> core 14 - OK[0m[1;34m
[0m[1;34m	threadid 47640125028096 -> core 15 - OK[0m[1;34m
[0miterations: 120
Total iterations: 1074247680 LUP
FLOP: 89
Total work: 95608043520 FLOP
performance: 1.038184 GLUP/s
Performance in GFLOP/s: 92.398390
size: 9000000
time: 1.034737
[1;34m[pthread wrapper] 
[0m[1;34m[pthread wrapper] MAIN -> 0
[0m[1;34m[pthread wrapper] PIN_MASK: [0m[1;34m0->1  [0m[1;34m1->2  [0m[1;34m2->3  [0m[1;34m3->4  [0m[1;34m4->5  [0m[1;34m5->6  [0m[1;34m6->7  [0m[1;34m7->8  [0m[1;34m8->9  [0m[1;34m9->10  [0m[1;34m10->11  [0m[1;34m11->12  [0m[1;34m12->13  [0m[1;34m13->14  [0m[1;34m14->15  [0m[1;34m
[pthread wrapper] SKIP MASK: 0x0
[0m[1;34m	threadid 47053816968960 -> core 1 - OK[0m[1;34m
[0m[1;34m	threadid 47053819070208 -> core 2 - OK[0m[1;34m
[0m[1;34m	threadid 47053821171456 -> core 3 - OK[0m[1;34m
[0m[1;34m	threadid 47053823272704 -> core 4 - OK[0m[1;34m
[0m[1;34m	threadid 47053825373952 -> core 5 - OK[0m[1;34m
[0m[1;34m	threadid 47053827475200 -> core 6 - OK[0m[1;34m
[0m[1;34m	threadid 47053829576448 -> core 7 - OK[0m[1;34m
[0m[1;34m	threadid 47053831677696 -> core 8 - OK[0m[1;34m
[0m[1;34m	threadid 47053833778944 -> core 9 - OK[0m[1;34m
[0m[1;34m	threadid 47053835880192 -> core 10 - OK[0m[1;34m
[0m[1;34m	threadid 47053837981440 -> core 11 - OK[0m[1;34m
[0m[1;34m	threadid 47053840082688 -> core 12 - OK[0m[1;34m
[0m[1;34m	threadid 47053842183936 -> core 13 - OK[0m[1;34m
[0m[1;34m	threadid 47053844285184 -> core 14 - OK[0m[1;34m
[0m[1;34m	threadid 47053846386432 -> core 15 - OK[0m[1;34m
[0miterations: 120
Total iterations: 1074247680 LUP
FLOP: 89
Total work: 95608043520 FLOP
performance: 1.074586 GLUP/s
Performance in GFLOP/s: 95.638188
size: 9000000
time: 0.999685
[1;34m[pthread wrapper] 
[0m[1;34m[pthread wrapper] MAIN -> 0
[0m[1;34m[pthread wrapper] PIN_MASK: [0m[1;34m0->1  [0m[1;34m1->2  [0m[1;34m2->3  [0m[1;34m3->4  [0m[1;34m4->5  [0m[1;34m5->6  [0m[1;34m6->7  [0m[1;34m7->8  [0m[1;34m8->9  [0m[1;34m9->10  [0m[1;34m10->11  [0m[1;34m11->12  [0m[1;34m12->13  [0m[1;34m13->14  [0m[1;34m14->15  [0m[1;34m
[pthread wrapper] SKIP MASK: 0x0
[0m[1;34m	threadid 47358555137792 -> core 1 - OK[0m[1;34m
[0m[1;34m	threadid 47358557239040 -> core 2 - OK[0m[1;34m
[0m[1;34m	threadid 47358559340288 -> core 3 - OK[0m[1;34m
[0m[1;34m	threadid 47358561441536 -> core 4 - OK[0m[1;34m
[0m[1;34m	threadid 47358563542784 -> core 5 - OK[0m[1;34m
[0m[1;34m	threadid 47358565644032 -> core 6 - OK[0m[1;34m
[0m[1;34m	threadid 47358567745280 -> core 7 - OK[0m[1;34m
[0m[1;34m	threadid 47358569846528 -> core 8 - OK[0m[1;34m
[0m[1;34m	threadid 47358571947776 -> core 9 - OK[0m[1;34m
[0m[1;34m	threadid 47358574049024 -> core 10 - OK[0m[1;34m
[0m[1;34m	threadid 47358576150272 -> core 11 - OK[0m[1;34m
[0m[1;34m	threadid 47358578251520 -> core 12 - OK[0m[1;34m
[0m[1;34m	threadid 47358580352768 -> core 13 - OK[0m[1;34m
[0m[1;34m	threadid 47358582454016 -> core 14 - OK[0m[1;34m
[0m[1;34m	threadid 47358584555264 -> core 15 - OK[0m[1;34m
[0miterations: 120
Total iterations: 1074247680 LUP
FLOP: 89
Total work: 95608043520 FLOP
performance: 1.033270 GLUP/s
Performance in GFLOP/s: 91.961046
size: 9000000
time: 1.039658
[1;34m[pthread wrapper] 
[0m[1;34m[pthread wrapper] MAIN -> 0
[0m[1;34m[pthread wrapper] PIN_MASK: [0m[1;34m0->1  [0m[1;34m1->2  [0m[1;34m2->3  [0m[1;34m3->4  [0m[1;34m4->5  [0m[1;34m5->6  [0m[1;34m6->7  [0m[1;34m7->8  [0m[1;34m8->9  [0m[1;34m9->10  [0m[1;34m10->11  [0m[1;34m11->12  [0m[1;34m12->13  [0m[1;34m13->14  [0m[1;34m14->15  [0m[1;34m
[pthread wrapper] SKIP MASK: 0x0
[0m[1;34m	threadid 47827859777280 -> core 1 - OK[0m[1;34m
[0m[1;34m	threadid 47827861878528 -> core 2 - OK[0m[1;34m
[0m[1;34m	threadid 47827863979776 -> core 3 - OK[0m[1;34m
[0m[1;34m	threadid 47827866081024 -> core 4 - OK[0m[1;34m
[0m[1;34m	threadid 47827868182272 -> core 5 - OK[0m[1;34m
[0m[1;34m	threadid 47827870283520 -> core 6 - OK[0m[1;34m
[0m[1;34m	threadid 47827872384768 -> core 7 - OK[0m[1;34m
[0m[1;34m	threadid 47827874486016 -> core 8 - OK[0m[1;34m
[0m[1;34m	threadid 47827876587264 -> core 9 - OK[0m[1;34m
[0m[1;34m	threadid 47827878688512 -> core 10 - OK[0m[1;34m
[0m[1;34m	threadid 47827880789760 -> core 11 - OK[0m[1;34m
[0m[1;34m	threadid 47827882891008 -> core 12 - OK[0m[1;34m
[0m[1;34m	threadid 47827884992256 -> core 13 - OK[0m[1;34m
[0m[1;34m	threadid 47827887093504 -> core 14 - OK[0m[1;34m
[0m[1;34m	threadid 47827889194752 -> core 15 - OK[0m[1;34m
[0miterations: 120
Total iterations: 1074247680 LUP
FLOP: 89
Total work: 95608043520 FLOP
performance: 1.066622 GLUP/s
Performance in GFLOP/s: 94.929395
size: 9000000
time: 1.007149
[1;34m[pthread wrapper] 
[0m[1;34m[pthread wrapper] MAIN -> 0
[0m[1;34m[pthread wrapper] PIN_MASK: [0m[1;34m0->1  [0m[1;34m1->2  [0m[1;34m2->3  [0m[1;34m3->4  [0m[1;34m4->5  [0m[1;34m5->6  [0m[1;34m6->7  [0m[1;34m7->8  [0m[1;34m8->9  [0m[1;34m9->10  [0m[1;34m10->11  [0m[1;34m11->12  [0m[1;34m12->13  [0m[1;34m13->14  [0m[1;34m14->15  [0m[1;34m
[pthread wrapper] SKIP MASK: 0x0
[0m[1;34m	threadid 47869126170368 -> core 1 - OK[0m[1;34m
[0m[1;34m	threadid 47869128271616 -> core 2 - OK[0m[1;34m
[0m[1;34m	threadid 47869130372864 -> core 3 - OK[0m[1;34m
[0m[1;34m	threadid 47869132474112 -> core 4 - OK[0m[1;34m
[0m[1;34m	threadid 47869134575360 -> core 5 - OK[0m[1;34m
[0m[1;34m	threadid 47869136676608 -> core 6 - OK[0m[1;34m
[0m[1;34m	threadid 47869138777856 -> core 7 - OK[0m[1;34m
[0m[1;34m	threadid 47869140879104 -> core 8 - OK[0m[1;34m
[0m[1;34m	threadid 47869142980352 -> core 9 - OK[0m[1;34m
[0m[1;34m	threadid 47869145081600 -> core 10 - OK[0m[1;34m
[0m[1;34m	threadid 47869147182848 -> core 11 - OK[0m[1;34m
[0m[1;34m	threadid 47869149284096 -> core 12 - OK[0m[1;34m
[0m[1;34m	threadid 47869151385344 -> core 13 - OK[0m[1;34m
[0m[1;34m	threadid 47869153486592 -> core 14 - OK[0m[1;34m
[0m[1;34m	threadid 47869155587840 -> core 15 - OK[0m[1;34m
[0miterations: 120
Total iterations: 1074247680 LUP
FLOP: 89
Total work: 95608043520 FLOP
performance: 1.083418 GLUP/s
Performance in GFLOP/s: 96.424187
size: 9000000
time: 0.991536
[1;34m[pthread wrapper] 
[0m[1;34m[pthread wrapper] MAIN -> 0
[0m[1;34m[pthread wrapper] PIN_MASK: [0m[1;34m0->1  [0m[1;34m1->2  [0m[1;34m2->3  [0m[1;34m3->4  [0m[1;34m4->5  [0m[1;34m5->6  [0m[1;34m6->7  [0m[1;34m7->8  [0m[1;34m8->9  [0m[1;34m9->10  [0m[1;34m10->11  [0m[1;34m11->12  [0m[1;34m12->13  [0m[1;34m13->14  [0m[1;34m14->15  [0m[1;34m
[pthread wrapper] SKIP MASK: 0x0
[0m[1;34m	threadid 47514242479872 -> core 1 - OK[0m[1;34m
[0m[1;34m	threadid 47514244581120 -> core 2 - OK[0m[1;34m
[0m[1;34m	threadid 47514246682368 -> core 3 - OK[0m[1;34m
[0m[1;34m	threadid 47514248783616 -> core 4 - OK[0m[1;34m
[0m[1;34m	threadid 47514250884864 -> core 5 - OK[0m[1;34m
[0m[1;34m	threadid 47514252986112 -> core 6 - OK[0m[1;34m
[0m[1;34m	threadid 47514255087360 -> core 7 - OK[0m[1;34m
[0m[1;34m	threadid 47514257188608 -> core 8 - OK[0m[1;34m
[0m[1;34m	threadid 47514259289856 -> core 9 - OK[0m[1;34m
[0m[1;34m	threadid 47514261391104 -> core 10 - OK[0m[1;34m
[0m[1;34m	threadid 47514263492352 -> core 11 - OK[0m[1;34m
[0m[1;34m	threadid 47514265593600 -> core 12 - OK[0m[1;34m
[0m[1;34m	threadid 47514267694848 -> core 13 - OK[0m[1;34m
[0m[1;34m	threadid 47514269796096 -> core 14 - OK[0m[1;34m
[0m[1;34m	threadid 47514271897344 -> core 15 - OK[0m[1;34m
[0miterations: 120
Total iterations: 1074247680 LUP
FLOP: 89
Total work: 95608043520 FLOP
performance: 1.066352 GLUP/s
Performance in GFLOP/s: 94.905356
size: 9000000
time: 1.007404
[1;34m[pthread wrapper] 
[0m[1;34m[pthread wrapper] MAIN -> 0
[0m[1;34m[pthread wrapper] PIN_MASK: [0m[1;34m0->1  [0m[1;34m1->2  [0m[1;34m2->3  [0m[1;34m3->4  [0m[1;34m4->5  [0m[1;34m5->6  [0m[1;34m6->7  [0m[1;34m7->8  [0m[1;34m8->9  [0m[1;34m9->10  [0m[1;34m10->11  [0m[1;34m11->12  [0m[1;34m12->13  [0m[1;34m13->14  [0m[1;34m14->15  [0m[1;34m
[pthread wrapper] SKIP MASK: 0x0
[0m[1;34m	threadid 47167528347392 -> core 1 - OK[0m[1;34m
[0m[1;34m	threadid 47167530448640 -> core 2 - OK[0m[1;34m
[0m[1;34m	threadid 47167532549888 -> core 3 - OK[0m[1;34m
[0m[1;34m	threadid 47167534651136 -> core 4 - OK[0m[1;34m
[0m[1;34m	threadid 47167536752384 -> core 5 - OK[0m[1;34m
[0m[1;34m	threadid 47167538853632 -> core 6 - OK[0m[1;34m
[0m[1;34m	threadid 47167540954880 -> core 7 - OK[0m[1;34m
[0m[1;34m	threadid 47167543056128 -> core 8 - OK[0m[1;34m
[0m[1;34m	threadid 47167545157376 -> core 9 - OK[0m[1;34m
[0m[1;34m	threadid 47167547258624 -> core 10 - OK[0m[1;34m
[0m[1;34m	threadid 47167549359872 -> core 11 - OK[0m[1;34m
[0m[1;34m	threadid 47167551461120 -> core 12 - OK[0m[1;34m
[0m[1;34m	threadid 47167553562368 -> core 13 - OK[0m[1;34m
[0m[1;34m	threadid 47167555663616 -> core 14 - OK[0m[1;34m
[0m[1;34m	threadid 47167557764864 -> core 15 - OK[0m[1;34m
[0miterations: 120
Total iterations: 1074247680 LUP
FLOP: 89
Total work: 95608043520 FLOP
performance: 1.082767 GLUP/s
Performance in GFLOP/s: 96.366258
size: 9000000
time: 0.992132
[1;34m[pthread wrapper] 
[0m[1;34m[pthread wrapper] MAIN -> 0
[0m[1;34m[pthread wrapper] PIN_MASK: [0m[1;34m0->1  [0m[1;34m1->2  [0m[1;34m2->3  [0m[1;34m3->4  [0m[1;34m4->5  [0m[1;34m5->6  [0m[1;34m6->7  [0m[1;34m7->8  [0m[1;34m8->9  [0m[1;34m9->10  [0m[1;34m10->11  [0m[1;34m11->12  [0m[1;34m12->13  [0m[1;34m13->14  [0m[1;34m14->15  [0m[1;34m
[pthread wrapper] SKIP MASK: 0x0
[0m[1;34m	threadid 47455198996224 -> core 1 - OK[0m[1;34m
[0m[1;34m	threadid 47455201097472 -> core 2 - OK[0m[1;34m
[0m[1;34m	threadid 47455203198720 -> core 3 - OK[0m[1;34m
[0m[1;34m	threadid 47455205299968 -> core 4 - OK[0m[1;34m
[0m[1;34m	threadid 47455207401216 -> core 5 - OK[0m[1;34m
[0m[1;34m	threadid 47455209502464 -> core 6 - OK[0m[1;34m
[0m[1;34m	threadid 47455211603712 -> core 7 - OK[0m[1;34m
[0m[1;34m	threadid 47455213704960 -> core 8 - OK[0m[1;34m
[0m[1;34m	threadid 47455215806208 -> core 9 - OK[0m[1;34m
[0m[1;34m	threadid 47455217907456 -> core 10 - OK[0m[1;34m
[0m[1;34m	threadid 47455220008704 -> core 11 - OK[0m[1;34m
[0m[1;34m	threadid 47455222109952 -> core 12 - OK[0m[1;34m
[0m[1;34m	threadid 47455224211200 -> core 13 - OK[0m[1;34m
[0m[1;34m	threadid 47455226312448 -> core 14 - OK[0m[1;34m
[0m[1;34m	threadid 47455228413696 -> core 15 - OK[0m[1;34m
[0miterations: 120
Total iterations: 1074247680 LUP
FLOP: 89
Total work: 95608043520 FLOP
performance: 1.036721 GLUP/s
Performance in GFLOP/s: 92.268195
size: 9000000
time: 1.036197
[1;34m[pthread wrapper] 
[0m[1;34m[pthread wrapper] MAIN -> 0
[0m[1;34m[pthread wrapper] PIN_MASK: [0m[1;34m0->1  [0m[1;34m1->2  [0m[1;34m2->3  [0m[1;34m3->4  [0m[1;34m4->5  [0m[1;34m5->6  [0m[1;34m6->7  [0m[1;34m7->8  [0m[1;34m8->9  [0m[1;34m9->10  [0m[1;34m10->11  [0m[1;34m11->12  [0m[1;34m12->13  [0m[1;34m13->14  [0m[1;34m14->15  [0m[1;34m
[pthread wrapper] SKIP MASK: 0x0
[0m[1;34m	threadid 47770576930560 -> core 1 - OK[0m[1;34m
[0m[1;34m	threadid 47770579031808 -> core 2 - OK[0m[1;34m
[0m[1;34m	threadid 47770581133056 -> core 3 - OK[0m[1;34m
[0m[1;34m	threadid 47770583234304 -> core 4 - OK[0m[1;34m
[0m[1;34m	threadid 47770585335552 -> core 5 - OK[0m[1;34m
[0m[1;34m	threadid 47770587436800 -> core 6 - OK[0m[1;34m
[0m[1;34m	threadid 47770589538048 -> core 7 - OK[0m[1;34m
[0m[1;34m	threadid 47770591639296 -> core 8 - OK[0m[1;34m
[0m[1;34m	threadid 47770593740544 -> core 9 - OK[0m[1;34m
[0m[1;34m	threadid 47770595841792 -> core 10 - OK[0m[1;34m
[0m[1;34m	threadid 47770597943040 -> core 11 - OK[0m[1;34m
[0m[1;34m	threadid 47770600044288 -> core 12 - OK[0m[1;34m
[0m[1;34m	threadid 47770602145536 -> core 13 - OK[0m[1;34m
[0m[1;34m	threadid 47770604246784 -> core 14 - OK[0m[1;34m
[0m[1;34m	threadid 47770606348032 -> core 15 - OK[0m[1;34m
[0miterations: 120
Total iterations: 1074247680 LUP
FLOP: 89
Total work: 95608043520 FLOP
performance: 1.029570 GLUP/s
Performance in GFLOP/s: 91.631767
size: 9000000
time: 1.043394
[1;34m[pthread wrapper] 
[0m[1;34m[pthread wrapper] MAIN -> 0
[0m[1;34m[pthread wrapper] PIN_MASK: [0m[1;34m0->1  [0m[1;34m1->2  [0m[1;34m2->3  [0m[1;34m3->4  [0m[1;34m4->5  [0m[1;34m5->6  [0m[1;34m6->7  [0m[1;34m7->8  [0m[1;34m8->9  [0m[1;34m9->10  [0m[1;34m10->11  [0m[1;34m11->12  [0m[1;34m12->13  [0m[1;34m13->14  [0m[1;34m14->15  [0m[1;34m
[pthread wrapper] SKIP MASK: 0x0
[0m[1;34m	threadid 47336264046336 -> core 1 - OK[0m[1;34m
[0m[1;34m	threadid 47336266147584 -> core 2 - OK[0m[1;34m
[0m[1;34m	threadid 47336268248832 -> core 3 - OK[0m[1;34m
[0m[1;34m	threadid 47336270350080 -> core 4 - OK[0m[1;34m
[0m[1;34m	threadid 47336272451328 -> core 5 - OK[0m[1;34m
[0m[1;34m	threadid 47336274552576 -> core 6 - OK[0m[1;34m
[0m[1;34m	threadid 47336276653824 -> core 7 - OK[0m[1;34m
[0m[1;34m	threadid 47336278755072 -> core 8 - OK[0m[1;34m
[0m[1;34m	threadid 47336280856320 -> core 9 - OK[0m[1;34m
[0m[1;34m	threadid 47336282957568 -> core 10 - OK[0m[1;34m
[0m[1;34m	threadid 47336285058816 -> core 11 - OK[0m[1;34m
[0m[1;34m	threadid 47336287160064 -> core 12 - OK[0m[1;34m
[0m[1;34m	threadid 47336289261312 -> core 13 - OK[0m[1;34m
[0m[1;34m	threadid 47336291362560 -> core 14 - OK[0m[1;34m
[0m[1;34m	threadid 47336293463808 -> core 15 - OK[0m[1;34m
[0miterations: 120
Total iterations: 1074247680 LUP
FLOP: 89
Total work: 95608043520 FLOP
performance: 1.026169 GLUP/s
Performance in GFLOP/s: 91.329083
size: 9000000
time: 1.046852
