[1;34m[pthread wrapper] 
[0m[1;34m[pthread wrapper] MAIN -> 0
[0m[1;34m[pthread wrapper] PIN_MASK: [0m[1;34m0->1  [0m[1;34m1->2  [0m[1;34m2->3  [0m[1;34m3->4  [0m[1;34m4->5  [0m[1;34m5->6  [0m[1;34m6->7  [0m[1;34m7->8  [0m[1;34m8->9  [0m[1;34m
[pthread wrapper] SKIP MASK: 0x0
[0m[1;34m	threadid 47562663700224 -> core 1 - OK[0m[1;34m
[0m[1;34m	threadid 47562665801472 -> core 2 - OK[0m[1;34m
[0m[1;34m	threadid 47562667902720 -> core 3 - OK[0m[1;34m
[0m[1;34m	threadid 47562670003968 -> core 4 - OK[0m[1;34m
[0m[1;34m	threadid 47562672105216 -> core 5 - OK[0m[1;34m
[0m[1;34m	threadid 47562674206464 -> core 6 - OK[0m[1;34m
[0m[1;34m	threadid 47562676307712 -> core 7 - OK[0m[1;34m
[0m[1;34m	threadid 47562678408960 -> core 8 - OK[0m[1;34m
[0m[1;34m	threadid 47562680510208 -> core 9 - OK[0m[1;34m
[0miterations: 200
Total iterations: 1790412800 LUP
FLOP: 89
Total work: 159346739200 FLOP
performance: 0.749992 GLUP/s
Performance in GFLOP/s: 66.749301
size: 9000000
time: 2.387242
[1;34m[pthread wrapper] 
[0m[1;34m[pthread wrapper] MAIN -> 0
[0m[1;34m[pthread wrapper] PIN_MASK: [0m[1;34m0->1  [0m[1;34m1->2  [0m[1;34m2->3  [0m[1;34m3->4  [0m[1;34m4->5  [0m[1;34m5->6  [0m[1;34m6->7  [0m[1;34m7->8  [0m[1;34m8->9  [0m[1;34m
[pthread wrapper] SKIP MASK: 0x0
[0m[1;34m	threadid 46973327169280 -> core 1 - OK[0m[1;34m
[0m[1;34m	threadid 46973329270528 -> core 2 - OK[0m[1;34m
[0m[1;34m	threadid 46973331371776 -> core 3 - OK[0m[1;34m
[0m[1;34m	threadid 46973333473024 -> core 4 - OK[0m[1;34m
[0m[1;34m	threadid 46973335574272 -> core 5 - OK[0m[1;34m
[0m[1;34m	threadid 46973337675520 -> core 6 - OK[0m[1;34m
[0m[1;34m	threadid 46973339776768 -> core 7 - OK[0m[1;34m
[0m[1;34m	threadid 46973341878016 -> core 8 - OK[0m[1;34m
[0m[1;34m	threadid 46973343979264 -> core 9 - OK[0m[1;34m
[0miterations: 200
Total iterations: 1790412800 LUP
FLOP: 89
Total work: 159346739200 FLOP
performance: 0.750088 GLUP/s
Performance in GFLOP/s: 66.757835
size: 9000000
time: 2.386937
[1;34m[pthread wrapper] 
[0m[1;34m[pthread wrapper] MAIN -> 0
[0m[1;34m[pthread wrapper] PIN_MASK: [0m[1;34m0->1  [0m[1;34m1->2  [0m[1;34m2->3  [0m[1;34m3->4  [0m[1;34m4->5  [0m[1;34m5->6  [0m[1;34m6->7  [0m[1;34m7->8  [0m[1;34m8->9  [0m[1;34m
[pthread wrapper] SKIP MASK: 0x0
[0m[1;34m	threadid 47072987531008 -> core 1 - OK[0m[1;34m
[0m[1;34m	threadid 47072989632256 -> core 2 - OK[0m[1;34m
[0m[1;34m	threadid 47072991733504 -> core 3 - OK[0m[1;34m
[0m[1;34m	threadid 47072993834752 -> core 4 - OK[0m[1;34m
[0m[1;34m	threadid 47072995936000 -> core 5 - OK[0m[1;34m
[0m[1;34m	threadid 47072998037248 -> core 6 - OK[0m[1;34m
[0m[1;34m	threadid 47073000138496 -> core 7 - OK[0m[1;34m
[0m[1;34m	threadid 47073002239744 -> core 8 - OK[0m[1;34m
[0m[1;34m	threadid 47073004340992 -> core 9 - OK[0m[1;34m
[0miterations: 200
Total iterations: 1790412800 LUP
FLOP: 89
Total work: 159346739200 FLOP
performance: 0.750287 GLUP/s
Performance in GFLOP/s: 66.775536
size: 9000000
time: 2.386304
[1;34m[pthread wrapper] 
[0m[1;34m[pthread wrapper] MAIN -> 0
[0m[1;34m[pthread wrapper] PIN_MASK: [0m[1;34m0->1  [0m[1;34m1->2  [0m[1;34m2->3  [0m[1;34m3->4  [0m[1;34m4->5  [0m[1;34m5->6  [0m[1;34m6->7  [0m[1;34m7->8  [0m[1;34m8->9  [0m[1;34m
[pthread wrapper] SKIP MASK: 0x0
[0m[1;34m	threadid 47398104336128 -> core 1 - OK[0m[1;34m
[0m[1;34m	threadid 47398106437376 -> core 2 - OK[0m[1;34m
[0m[1;34m	threadid 47398108538624 -> core 3 - OK[0m[1;34m
[0m[1;34m	threadid 47398110639872 -> core 4 - OK[0m[1;34m
[0m[1;34m	threadid 47398112741120 -> core 5 - OK[0m[1;34m
[0m[1;34m	threadid 47398114842368 -> core 6 - OK[0m[1;34m
[0m[1;34m	threadid 47398116943616 -> core 7 - OK[0m[1;34m
[0m[1;34m	threadid 47398119044864 -> core 8 - OK[0m[1;34m
[0m[1;34m	threadid 47398121146112 -> core 9 - OK[0m[1;34m
[0miterations: 200
Total iterations: 1790412800 LUP
FLOP: 89
Total work: 159346739200 FLOP
performance: 0.750150 GLUP/s
Performance in GFLOP/s: 66.763343
size: 9000000
time: 2.386740
[1;34m[pthread wrapper] 
[0m[1;34m[pthread wrapper] MAIN -> 0
[0m[1;34m[pthread wrapper] PIN_MASK: [0m[1;34m0->1  [0m[1;34m1->2  [0m[1;34m2->3  [0m[1;34m3->4  [0m[1;34m4->5  [0m[1;34m5->6  [0m[1;34m6->7  [0m[1;34m7->8  [0m[1;34m8->9  [0m[1;34m
[pthread wrapper] SKIP MASK: 0x0
[0m[1;34m	threadid 48009803020032 -> core 1 - OK[0m[1;34m
[0m[1;34m	threadid 48009805121280 -> core 2 - OK[0m[1;34m
[0m[1;34m	threadid 48009807222528 -> core 3 - OK[0m[1;34m
[0m[1;34m	threadid 48009809323776 -> core 4 - OK[0m[1;34m
[0m[1;34m	threadid 48009811425024 -> core 5 - OK[0m[1;34m
[0m[1;34m	threadid 48009813526272 -> core 6 - OK[0m[1;34m
[0m[1;34m	threadid 48009815627520 -> core 7 - OK[0m[1;34m
[0m[1;34m	threadid 48009817728768 -> core 8 - OK[0m[1;34m
[0m[1;34m	threadid 48009819830016 -> core 9 - OK[0m[1;34m
[0miterations: 200
Total iterations: 1790412800 LUP
FLOP: 89
Total work: 159346739200 FLOP
performance: 0.749893 GLUP/s
Performance in GFLOP/s: 66.740462
size: 9000000
time: 2.387558
[1;34m[pthread wrapper] 
[0m[1;34m[pthread wrapper] MAIN -> 0
[0m[1;34m[pthread wrapper] PIN_MASK: [0m[1;34m0->1  [0m[1;34m1->2  [0m[1;34m2->3  [0m[1;34m3->4  [0m[1;34m4->5  [0m[1;34m5->6  [0m[1;34m6->7  [0m[1;34m7->8  [0m[1;34m8->9  [0m[1;34m
[pthread wrapper] SKIP MASK: 0x0
[0m[1;34m	threadid 47260828382976 -> core 1 - OK[0m[1;34m
[0m[1;34m	threadid 47260830484224 -> core 2 - OK[0m[1;34m
[0m[1;34m	threadid 47260832585472 -> core 3 - OK[0m[1;34m
[0m[1;34m	threadid 47260834686720 -> core 4 - OK[0m[1;34m
[0m[1;34m	threadid 47260836787968 -> core 5 - OK[0m[1;34m
[0m[1;34m	threadid 47260838889216 -> core 6 - OK[0m[1;34m
[0m[1;34m	threadid 47260840990464 -> core 7 - OK[0m[1;34m
[0m[1;34m	threadid 47260843091712 -> core 8 - OK[0m[1;34m
[0m[1;34m	threadid 47260845192960 -> core 9 - OK[0m[1;34m
[0miterations: 200
Total iterations: 1790412800 LUP
FLOP: 89
Total work: 159346739200 FLOP
performance: 0.750124 GLUP/s
Performance in GFLOP/s: 66.761022
size: 9000000
time: 2.386823
[1;34m[pthread wrapper] 
[0m[1;34m[pthread wrapper] MAIN -> 0
[0m[1;34m[pthread wrapper] PIN_MASK: [0m[1;34m0->1  [0m[1;34m1->2  [0m[1;34m2->3  [0m[1;34m3->4  [0m[1;34m4->5  [0m[1;34m5->6  [0m[1;34m6->7  [0m[1;34m7->8  [0m[1;34m8->9  [0m[1;34m
[pthread wrapper] SKIP MASK: 0x0
[0m[1;34m	threadid 47241338296064 -> core 1 - OK[0m[1;34m
[0m[1;34m	threadid 47241340397312 -> core 2 - OK[0m[1;34m
[0m[1;34m	threadid 47241342498560 -> core 3 - OK[0m[1;34m
[0m[1;34m	threadid 47241344599808 -> core 4 - OK[0m[1;34m
[0m[1;34m	threadid 47241346701056 -> core 5 - OK[0m[1;34m
[0m[1;34m	threadid 47241348802304 -> core 6 - OK[0m[1;34m
[0m[1;34m	threadid 47241350903552 -> core 7 - OK[0m[1;34m
[0m[1;34m	threadid 47241353004800 -> core 8 - OK[0m[1;34m
[0m[1;34m	threadid 47241355106048 -> core 9 - OK[0m[1;34m
[0miterations: 200
Total iterations: 1790412800 LUP
FLOP: 89
Total work: 159346739200 FLOP
performance: 0.749975 GLUP/s
Performance in GFLOP/s: 66.747761
size: 9000000
time: 2.387297
[1;34m[pthread wrapper] 
[0m[1;34m[pthread wrapper] MAIN -> 0
[0m[1;34m[pthread wrapper] PIN_MASK: [0m[1;34m0->1  [0m[1;34m1->2  [0m[1;34m2->3  [0m[1;34m3->4  [0m[1;34m4->5  [0m[1;34m5->6  [0m[1;34m6->7  [0m[1;34m7->8  [0m[1;34m8->9  [0m[1;34m
[pthread wrapper] SKIP MASK: 0x0
[0m[1;34m	threadid 47758729856768 -> core 1 - OK[0m[1;34m
[0m[1;34m	threadid 47758731958016 -> core 2 - OK[0m[1;34m
[0m[1;34m	threadid 47758734059264 -> core 3 - OK[0m[1;34m
[0m[1;34m	threadid 47758736160512 -> core 4 - OK[0m[1;34m
[0m[1;34m	threadid 47758738261760 -> core 5 - OK[0m[1;34m
[0m[1;34m	threadid 47758740363008 -> core 6 - OK[0m[1;34m
[0m[1;34m	threadid 47758742464256 -> core 7 - OK[0m[1;34m
[0m[1;34m	threadid 47758744565504 -> core 8 - OK[0m[1;34m
[0m[1;34m	threadid 47758746666752 -> core 9 - OK[0m[1;34m
[0miterations: 200
Total iterations: 1790412800 LUP
FLOP: 89
Total work: 159346739200 FLOP
performance: 0.749917 GLUP/s
Performance in GFLOP/s: 66.742595
size: 9000000
time: 2.387482
[1;34m[pthread wrapper] 
[0m[1;34m[pthread wrapper] MAIN -> 0
[0m[1;34m[pthread wrapper] PIN_MASK: [0m[1;34m0->1  [0m[1;34m1->2  [0m[1;34m2->3  [0m[1;34m3->4  [0m[1;34m4->5  [0m[1;34m5->6  [0m[1;34m6->7  [0m[1;34m7->8  [0m[1;34m8->9  [0m[1;34m
[pthread wrapper] SKIP MASK: 0x0
[0m[1;34m	threadid 47232928745216 -> core 1 - OK[0m[1;34m
[0m[1;34m	threadid 47232930846464 -> core 2 - OK[0m[1;34m
[0m[1;34m	threadid 47232932947712 -> core 3 - OK[0m[1;34m
[0m[1;34m	threadid 47232935048960 -> core 4 - OK[0m[1;34m
[0m[1;34m	threadid 47232937150208 -> core 5 - OK[0m[1;34m
[0m[1;34m	threadid 47232939251456 -> core 6 - OK[0m[1;34m
[0m[1;34m	threadid 47232941352704 -> core 7 - OK[0m[1;34m
[0m[1;34m	threadid 47232943453952 -> core 8 - OK[0m[1;34m
[0m[1;34m	threadid 47232945555200 -> core 9 - OK[0m[1;34m
[0miterations: 200
Total iterations: 1790412800 LUP
FLOP: 89
Total work: 159346739200 FLOP
performance: 0.749799 GLUP/s
Performance in GFLOP/s: 66.732139
size: 9000000
time: 2.387856
[1;34m[pthread wrapper] 
[0m[1;34m[pthread wrapper] MAIN -> 0
[0m[1;34m[pthread wrapper] PIN_MASK: [0m[1;34m0->1  [0m[1;34m1->2  [0m[1;34m2->3  [0m[1;34m3->4  [0m[1;34m4->5  [0m[1;34m5->6  [0m[1;34m6->7  [0m[1;34m7->8  [0m[1;34m8->9  [0m[1;34m
[pthread wrapper] SKIP MASK: 0x0
[0m[1;34m	threadid 47191154743040 -> core 1 - OK[0m[1;34m
[0m[1;34m	threadid 47191156844288 -> core 2 - OK[0m[1;34m
[0m[1;34m	threadid 47191158945536 -> core 3 - OK[0m[1;34m
[0m[1;34m	threadid 47191161046784 -> core 4 - OK[0m[1;34m
[0m[1;34m	threadid 47191163148032 -> core 5 - OK[0m[1;34m
[0m[1;34m	threadid 47191165249280 -> core 6 - OK[0m[1;34m
[0m[1;34m	threadid 47191167350528 -> core 7 - OK[0m[1;34m
[0m[1;34m	threadid 47191169451776 -> core 8 - OK[0m[1;34m
[0m[1;34m	threadid 47191171553024 -> core 9 - OK[0m[1;34m
[0miterations: 200
Total iterations: 1790412800 LUP
FLOP: 89
Total work: 159346739200 FLOP
performance: 0.750297 GLUP/s
Performance in GFLOP/s: 66.776431
size: 9000000
time: 2.386272
