[1;34m[pthread wrapper] 
[0m[1;34m[pthread wrapper] MAIN -> 0
[0m[1;34m[pthread wrapper] PIN_MASK: [0m[1;34m0->1  [0m[1;34m1->2  [0m[1;34m2->3  [0m[1;34m
[pthread wrapper] SKIP MASK: 0x0
[0m[1;34m	threadid 47988612486912 -> core 1 - OK[0m[1;34m
[0m[1;34m	threadid 47988614588160 -> core 2 - OK[0m[1;34m
[0m[1;34m	threadid 47988616689408 -> core 3 - OK[0m[1;34m
[0miterations: 200
Total iterations: 1790412800 LUP
FLOP: 89
Total work: 159346739200 FLOP
performance: 0.302087 GLUP/s
Performance in GFLOP/s: 26.885742
size: 9000000
time: 5.926812
[1;34m[pthread wrapper] 
[0m[1;34m[pthread wrapper] MAIN -> 0
[0m[1;34m[pthread wrapper] PIN_MASK: [0m[1;34m0->1  [0m[1;34m1->2  [0m[1;34m2->3  [0m[1;34m
[pthread wrapper] SKIP MASK: 0x0
[0m[1;34m	threadid 47457725138688 -> core 1 - OK[0m[1;34m
[0m[1;34m	threadid 47457727239936 -> core 2 - OK[0m[1;34m
[0m[1;34m	threadid 47457729341184 -> core 3 - OK[0m[1;34m
[0miterations: 200
Total iterations: 1790412800 LUP
FLOP: 89
Total work: 159346739200 FLOP
performance: 0.302180 GLUP/s
Performance in GFLOP/s: 26.894060
size: 9000000
time: 5.924979
[1;34m[pthread wrapper] 
[0m[1;34m[pthread wrapper] MAIN -> 0
[0m[1;34m[pthread wrapper] PIN_MASK: [0m[1;34m0->1  [0m[1;34m1->2  [0m[1;34m2->3  [0m[1;34m
[pthread wrapper] SKIP MASK: 0x0
[0m[1;34m	threadid 47880919541504 -> core 1 - OK[0m[1;34m
[0m[1;34m	threadid 47880921642752 -> core 2 - OK[0m[1;34m
[0m[1;34m	threadid 47880923744000 -> core 3 - OK[0m[1;34m
[0miterations: 200
Total iterations: 1790412800 LUP
FLOP: 89
Total work: 159346739200 FLOP
performance: 0.302346 GLUP/s
Performance in GFLOP/s: 26.908775
size: 9000000
time: 5.921739
[1;34m[pthread wrapper] 
[0m[1;34m[pthread wrapper] MAIN -> 0
[0m[1;34m[pthread wrapper] PIN_MASK: [0m[1;34m0->1  [0m[1;34m1->2  [0m[1;34m2->3  [0m[1;34m
[pthread wrapper] SKIP MASK: 0x0
[0m[1;34m	threadid 47923296483072 -> core 1 - OK[0m[1;34m
[0m[1;34m	threadid 47923298584320 -> core 2 - OK[0m[1;34m
[0m[1;34m	threadid 47923300685568 -> core 3 - OK[0m[1;34m
[0miterations: 200
Total iterations: 1790412800 LUP
FLOP: 89
Total work: 159346739200 FLOP
performance: 0.302144 GLUP/s
Performance in GFLOP/s: 26.890774
size: 9000000
time: 5.925703
[1;34m[pthread wrapper] 
[0m[1;34m[pthread wrapper] MAIN -> 0
[0m[1;34m[pthread wrapper] PIN_MASK: [0m[1;34m0->1  [0m[1;34m1->2  [0m[1;34m2->3  [0m[1;34m
[pthread wrapper] SKIP MASK: 0x0
[0m[1;34m	threadid 47019583973120 -> core 1 - OK[0m[1;34m
[0m[1;34m	threadid 47019586074368 -> core 2 - OK[0m[1;34m
[0m[1;34m	threadid 47019588175616 -> core 3 - OK[0m[1;34m
[0miterations: 200
Total iterations: 1790412800 LUP
FLOP: 89
Total work: 159346739200 FLOP
performance: 0.302080 GLUP/s
Performance in GFLOP/s: 26.885143
size: 9000000
time: 5.926944
[1;34m[pthread wrapper] 
[0m[1;34m[pthread wrapper] MAIN -> 0
[0m[1;34m[pthread wrapper] PIN_MASK: [0m[1;34m0->1  [0m[1;34m1->2  [0m[1;34m2->3  [0m[1;34m
[pthread wrapper] SKIP MASK: 0x0
[0m[1;34m	threadid 47102920247040 -> core 1 - OK[0m[1;34m
[0m[1;34m	threadid 47102922348288 -> core 2 - OK[0m[1;34m
[0m[1;34m	threadid 47102924449536 -> core 3 - OK[0m[1;34m
[0miterations: 200
Total iterations: 1790412800 LUP
FLOP: 89
Total work: 159346739200 FLOP
performance: 0.302152 GLUP/s
Performance in GFLOP/s: 26.891541
size: 9000000
time: 5.925534
[1;34m[pthread wrapper] 
[0m[1;34m[pthread wrapper] MAIN -> 0
[0m[1;34m[pthread wrapper] PIN_MASK: [0m[1;34m0->1  [0m[1;34m1->2  [0m[1;34m2->3  [0m[1;34m
[pthread wrapper] SKIP MASK: 0x0
[0m[1;34m	threadid 47828103419648 -> core 1 - OK[0m[1;34m
[0m[1;34m	threadid 47828105520896 -> core 2 - OK[0m[1;34m
[0m[1;34m	threadid 47828107622144 -> core 3 - OK[0m[1;34m
[0miterations: 200
Total iterations: 1790412800 LUP
FLOP: 89
Total work: 159346739200 FLOP
performance: 0.302253 GLUP/s
Performance in GFLOP/s: 26.900534
size: 9000000
time: 5.923553
[1;34m[pthread wrapper] 
[0m[1;34m[pthread wrapper] MAIN -> 0
[0m[1;34m[pthread wrapper] PIN_MASK: [0m[1;34m0->1  [0m[1;34m1->2  [0m[1;34m2->3  [0m[1;34m
[pthread wrapper] SKIP MASK: 0x0
[0m[1;34m	threadid 47363627890432 -> core 1 - OK[0m[1;34m
[0m[1;34m	threadid 47363629991680 -> core 2 - OK[0m[1;34m
[0m[1;34m	threadid 47363632092928 -> core 3 - OK[0m[1;34m
[0miterations: 200
Total iterations: 1790412800 LUP
FLOP: 89
Total work: 159346739200 FLOP
performance: 0.302232 GLUP/s
Performance in GFLOP/s: 26.898613
size: 9000000
time: 5.923976
[1;34m[pthread wrapper] 
[0m[1;34m[pthread wrapper] MAIN -> 0
[0m[1;34m[pthread wrapper] PIN_MASK: [0m[1;34m0->1  [0m[1;34m1->2  [0m[1;34m2->3  [0m[1;34m
[pthread wrapper] SKIP MASK: 0x0
[0m[1;34m	threadid 47958948742912 -> core 1 - OK[0m[1;34m
[0m[1;34m	threadid 47958950844160 -> core 2 - OK[0m[1;34m
[0m[1;34m	threadid 47958952945408 -> core 3 - OK[0m[1;34m
[0miterations: 200
Total iterations: 1790412800 LUP
FLOP: 89
Total work: 159346739200 FLOP
performance: 0.302154 GLUP/s
Performance in GFLOP/s: 26.891714
size: 9000000
time: 5.925496
[1;34m[pthread wrapper] 
[0m[1;34m[pthread wrapper] MAIN -> 0
[0m[1;34m[pthread wrapper] PIN_MASK: [0m[1;34m0->1  [0m[1;34m1->2  [0m[1;34m2->3  [0m[1;34m
[pthread wrapper] SKIP MASK: 0x0
[0m[1;34m	threadid 47778494416640 -> core 1 - OK[0m[1;34m
[0m[1;34m	threadid 47778496517888 -> core 2 - OK[0m[1;34m
[0m[1;34m	threadid 47778498619136 -> core 3 - OK[0m[1;34m
[0miterations: 200
Total iterations: 1790412800 LUP
FLOP: 89
Total work: 159346739200 FLOP
performance: 0.301962 GLUP/s
Performance in GFLOP/s: 26.874632
size: 9000000
time: 5.929262
