iterations: 120
Total iterations: 1074247680 LUP
FLOP: 89
Total work: 95608043520 FLOP
performance: 0.448229 GLUP/s
Performance in GFLOP/s: 39.892386
size: 9000000
time: 2.396649
iterations: 120
Total iterations: 1074247680 LUP
FLOP: 89
Total work: 95608043520 FLOP
performance: 0.446530 GLUP/s
Performance in GFLOP/s: 39.741191
size: 9000000
time: 2.405767
iterations: 120
Total iterations: 1074247680 LUP
FLOP: 89
Total work: 95608043520 FLOP
performance: 0.447024 GLUP/s
Performance in GFLOP/s: 39.785161
size: 9000000
time: 2.403108
iterations: 120
Total iterations: 1074247680 LUP
FLOP: 89
Total work: 95608043520 FLOP
performance: 0.448555 GLUP/s
Performance in GFLOP/s: 39.921401
size: 9000000
time: 2.394907
iterations: 120
Total iterations: 1074247680 LUP
FLOP: 89
Total work: 95608043520 FLOP
performance: 0.447536 GLUP/s
Performance in GFLOP/s: 39.830661
size: 9000000
time: 2.400363
iterations: 120
Total iterations: 1074247680 LUP
FLOP: 89
Total work: 95608043520 FLOP
performance: 0.447570 GLUP/s
Performance in GFLOP/s: 39.833731
size: 9000000
time: 2.400178
iterations: 120
Total iterations: 1074247680 LUP
FLOP: 89
Total work: 95608043520 FLOP
performance: 0.447878 GLUP/s
Performance in GFLOP/s: 39.861115
size: 9000000
time: 2.398529
iterations: 120
Total iterations: 1074247680 LUP
FLOP: 89
Total work: 95608043520 FLOP
performance: 0.447985 GLUP/s
Performance in GFLOP/s: 39.870675
size: 9000000
time: 2.397954
iterations: 120
Total iterations: 1074247680 LUP
FLOP: 89
Total work: 95608043520 FLOP
performance: 0.448103 GLUP/s
Performance in GFLOP/s: 39.881202
size: 9000000
time: 2.397321
iterations: 120
Total iterations: 1074247680 LUP
FLOP: 89
Total work: 95608043520 FLOP
performance: 0.447690 GLUP/s
Performance in GFLOP/s: 39.844406
size: 9000000
time: 2.399535
