iterations: 120
Total iterations: 29047680 LUP
FLOP: 89
Total work: 2585243520 FLOP
performance: 0.274130 GLUP/s
Performance in GFLOP/s: 24.397608
size: 250000
time: 0.105963
iterations: 120
Total iterations: 29047680 LUP
FLOP: 89
Total work: 2585243520 FLOP
performance: 0.281296 GLUP/s
Performance in GFLOP/s: 25.035319
size: 250000
time: 0.103264
iterations: 120
Total iterations: 29047680 LUP
FLOP: 89
Total work: 2585243520 FLOP
performance: 0.280453 GLUP/s
Performance in GFLOP/s: 24.960343
size: 250000
time: 0.103574
iterations: 120
Total iterations: 29047680 LUP
FLOP: 89
Total work: 2585243520 FLOP
performance: 0.280863 GLUP/s
Performance in GFLOP/s: 24.996824
size: 250000
time: 0.103423
iterations: 120
Total iterations: 29047680 LUP
FLOP: 89
Total work: 2585243520 FLOP
performance: 0.280700 GLUP/s
Performance in GFLOP/s: 24.982311
size: 250000
time: 0.103483
iterations: 120
Total iterations: 29047680 LUP
FLOP: 89
Total work: 2585243520 FLOP
performance: 0.280741 GLUP/s
Performance in GFLOP/s: 24.985938
size: 250000
time: 0.103468
iterations: 120
Total iterations: 29047680 LUP
FLOP: 89
Total work: 2585243520 FLOP
performance: 0.280191 GLUP/s
Performance in GFLOP/s: 24.936980
size: 250000
time: 0.103671
iterations: 120
Total iterations: 29047680 LUP
FLOP: 89
Total work: 2585243520 FLOP
performance: 0.280825 GLUP/s
Performance in GFLOP/s: 24.993424
size: 250000
time: 0.103437
iterations: 120
Total iterations: 29047680 LUP
FLOP: 89
Total work: 2585243520 FLOP
performance: 0.273156 GLUP/s
Performance in GFLOP/s: 24.310854
size: 250000
time: 0.106341
iterations: 120
Total iterations: 29047680 LUP
FLOP: 89
Total work: 2585243520 FLOP
performance: 0.280242 GLUP/s
Performance in GFLOP/s: 24.941569
size: 250000
time: 0.103652
