[1;34m[pthread wrapper] 
[0m[1;34m[pthread wrapper] MAIN -> 0
[0m[1;34m[pthread wrapper] PIN_MASK: [0m[1;34m0->1  [0m[1;34m1->2  [0m[1;34m2->3  [0m[1;34m3->4  [0m[1;34m4->5  [0m[1;34m5->6  [0m[1;34m6->7  [0m[1;34m7->10  [0m[1;34m8->11  [0m[1;34m9->12  [0m[1;34m10->13  [0m[1;34m11->14  [0m[1;34m12->15  [0m[1;34m13->16  [0m[1;34m14->17  [0m[1;34m
[pthread wrapper] SKIP MASK: 0x0
[0m[1;34m	threadid 139797757077248 -> core 1 - OK[0m[1;34m
[0m[1;34m	threadid 139797748684544 -> core 2 - OK[0m[1;34m
[0m[1;34m	threadid 139797740291840 -> core 3 - OK[0m[1;34m
[0m[1;34m	threadid 139797731899136 -> core 4 - OK[0m[1;34m
[0m[1;34m	threadid 139797723506432 -> core 5 - OK[0m[1;34m
[0m[1;34m	threadid 139797715113728 -> core 6 - OK[0m[1;34m
[0m[1;34m	threadid 139797706721024 -> core 7 - OK[0m[1;34m
[0m[1;34m	threadid 139797698328320 -> core 10 - OK[0m[1;34m
[0m[1;34m	threadid 139797689935616 -> core 11 - OK[0m[1;34m
[0m[1;34m	threadid 139797681542912 -> core 12 - OK[0m[1;34m
[0m[1;34m	threadid 139797673150208 -> core 13 - OK[0m[1;34m
[0m[1;34m	threadid 139797664757504 -> core 14 - OK[0m[1;34m
[0m[1;34m	threadid 139797656364800 -> core 15 - OK[0m[1;34m
[0m[1;34m	threadid 139797647972096 -> core 16 - OK[0m[1;34m
[0m[1;34m	threadid 139797639579392 -> core 17 - OK[0m[1;34m
[0miterations: 200
Total iterations: 1790412800 LUP
FLOP: 89
Total work: 159346739200 FLOP
performance: 0.392670 GLUP/s
Performance in GFLOP/s: 34.947633
size: 9000000
time: 4.559586
[1;34m[pthread wrapper] 
[0m[1;34m[pthread wrapper] MAIN -> 0
[0m[1;34m[pthread wrapper] PIN_MASK: [0m[1;34m0->1  [0m[1;34m1->2  [0m[1;34m2->3  [0m[1;34m3->4  [0m[1;34m4->5  [0m[1;34m5->6  [0m[1;34m6->7  [0m[1;34m7->10  [0m[1;34m8->11  [0m[1;34m9->12  [0m[1;34m10->13  [0m[1;34m11->14  [0m[1;34m12->15  [0m[1;34m13->16  [0m[1;34m14->17  [0m[1;34m
[pthread wrapper] SKIP MASK: 0x0
[0m[1;34m	threadid 139889224206080 -> core 1 - OK[0m[1;34m
[0m[1;34m	threadid 139889215813376 -> core 2 - OK[0m[1;34m
[0m[1;34m	threadid 139889207420672 -> core 3 - OK[0m[1;34m
[0m[1;34m	threadid 139889199027968 -> core 4 - OK[0m[1;34m
[0m[1;34m	threadid 139889190635264 -> core 5 - OK[0m[1;34m
[0m[1;34m	threadid 139889182242560 -> core 6 - OK[0m[1;34m
[0m[1;34m	threadid 139889173849856 -> core 7 - OK[0m[1;34m
[0m[1;34m	threadid 139889165457152 -> core 10 - OK[0m[1;34m
[0m[1;34m	threadid 139889157064448 -> core 11 - OK[0m[1;34m
[0m[1;34m	threadid 139889148671744 -> core 12 - OK[0m[1;34m
[0m[1;34m	threadid 139889140279040 -> core 13 - OK[0m[1;34m
[0m[1;34m	threadid 139889131886336 -> core 14 - OK[0m[1;34m
[0m[1;34m	threadid 139889123493632 -> core 15 - OK[0m[1;34m
[0m[1;34m	threadid 139889115100928 -> core 16 - OK[0m[1;34m
[0m[1;34m	threadid 139889106708224 -> core 17 - OK[0m[1;34m
[0miterations: 200
Total iterations: 1790412800 LUP
FLOP: 89
Total work: 159346739200 FLOP
performance: 0.390962 GLUP/s
Performance in GFLOP/s: 34.795587
size: 9000000
time: 4.579510
[1;34m[pthread wrapper] 
[0m[1;34m[pthread wrapper] MAIN -> 0
[0m[1;34m[pthread wrapper] PIN_MASK: [0m[1;34m0->1  [0m[1;34m1->2  [0m[1;34m2->3  [0m[1;34m3->4  [0m[1;34m4->5  [0m[1;34m5->6  [0m[1;34m6->7  [0m[1;34m7->10  [0m[1;34m8->11  [0m[1;34m9->12  [0m[1;34m10->13  [0m[1;34m11->14  [0m[1;34m12->15  [0m[1;34m13->16  [0m[1;34m14->17  [0m[1;34m
[pthread wrapper] SKIP MASK: 0x0
[0m[1;34m	threadid 139696540067584 -> core 1 - OK[0m[1;34m
[0m[1;34m	threadid 139696531674880 -> core 2 - OK[0m[1;34m
[0m[1;34m	threadid 139696523282176 -> core 3 - OK[0m[1;34m
[0m[1;34m	threadid 139696514889472 -> core 4 - OK[0m[1;34m
[0m[1;34m	threadid 139696506496768 -> core 5 - OK[0m[1;34m
[0m[1;34m	threadid 139696498104064 -> core 6 - OK[0m[1;34m
[0m[1;34m	threadid 139696489711360 -> core 7 - OK[0m[1;34m
[0m[1;34m	threadid 139696481318656 -> core 10 - OK[0m[1;34m
[0m[1;34m	threadid 139696472925952 -> core 11 - OK[0m[1;34m
[0m[1;34m	threadid 139696464533248 -> core 12 - OK[0m[1;34m
[0m[1;34m	threadid 139696456140544 -> core 13 - OK[0m[1;34m
[0m[1;34m	threadid 139696447747840 -> core 14 - OK[0m[1;34m
[0m[1;34m	threadid 139696439355136 -> core 15 - OK[0m[1;34m
[0m[1;34m	threadid 139696430962432 -> core 16 - OK[0m[1;34m
[0m[1;34m	threadid 139696422569728 -> core 17 - OK[0m[1;34m
[0miterations: 200
Total iterations: 1790412800 LUP
FLOP: 89
Total work: 159346739200 FLOP
performance: 0.389427 GLUP/s
Performance in GFLOP/s: 34.659002
size: 9000000
time: 4.597557
[1;34m[pthread wrapper] 
[0m[1;34m[pthread wrapper] MAIN -> 0
[0m[1;34m[pthread wrapper] PIN_MASK: [0m[1;34m0->1  [0m[1;34m1->2  [0m[1;34m2->3  [0m[1;34m3->4  [0m[1;34m4->5  [0m[1;34m5->6  [0m[1;34m6->7  [0m[1;34m7->10  [0m[1;34m8->11  [0m[1;34m9->12  [0m[1;34m10->13  [0m[1;34m11->14  [0m[1;34m12->15  [0m[1;34m13->16  [0m[1;34m14->17  [0m[1;34m
[pthread wrapper] SKIP MASK: 0x0
[0m[1;34m	threadid 140597839918848 -> core 1 - OK[0m[1;34m
[0m[1;34m	threadid 140597831526144 -> core 2 - OK[0m[1;34m
[0m[1;34m	threadid 140597823133440 -> core 3 - OK[0m[1;34m
[0m[1;34m	threadid 140597814740736 -> core 4 - OK[0m[1;34m
[0m[1;34m	threadid 140597806348032 -> core 5 - OK[0m[1;34m
[0m[1;34m	threadid 140597797955328 -> core 6 - OK[0m[1;34m
[0m[1;34m	threadid 140597789562624 -> core 7 - OK[0m[1;34m
[0m[1;34m	threadid 140597781169920 -> core 10 - OK[0m[1;34m
[0m[1;34m	threadid 140597772777216 -> core 11 - OK[0m[1;34m
[0m[1;34m	threadid 140597764384512 -> core 12 - OK[0m[1;34m
[0m[1;34m	threadid 140597755991808 -> core 13 - OK[0m[1;34m
[0m[1;34m	threadid 140597747599104 -> core 14 - OK[0m[1;34m
[0m[1;34m	threadid 140597739206400 -> core 15 - OK[0m[1;34m
[0m[1;34m	threadid 140597730813696 -> core 16 - OK[0m[1;34m
[0m[1;34m	threadid 140597722420992 -> core 17 - OK[0m[1;34m
[0miterations: 200
Total iterations: 1790412800 LUP
FLOP: 89
Total work: 159346739200 FLOP
performance: 0.393138 GLUP/s
Performance in GFLOP/s: 34.989309
size: 9000000
time: 4.554155
[1;34m[pthread wrapper] 
[0m[1;34m[pthread wrapper] MAIN -> 0
[0m[1;34m[pthread wrapper] PIN_MASK: [0m[1;34m0->1  [0m[1;34m1->2  [0m[1;34m2->3  [0m[1;34m3->4  [0m[1;34m4->5  [0m[1;34m5->6  [0m[1;34m6->7  [0m[1;34m7->10  [0m[1;34m8->11  [0m[1;34m9->12  [0m[1;34m10->13  [0m[1;34m11->14  [0m[1;34m12->15  [0m[1;34m13->16  [0m[1;34m14->17  [0m[1;34m
[pthread wrapper] SKIP MASK: 0x0
[0m[1;34m	threadid 140191375603456 -> core 1 - OK[0m[1;34m
[0m[1;34m	threadid 140191367210752 -> core 2 - OK[0m[1;34m
[0m[1;34m	threadid 140191358818048 -> core 3 - OK[0m[1;34m
[0m[1;34m	threadid 140191350425344 -> core 4 - OK[0m[1;34m
[0m[1;34m	threadid 140191342032640 -> core 5 - OK[0m[1;34m
[0m[1;34m	threadid 140191333639936 -> core 6 - OK[0m[1;34m
[0m[1;34m	threadid 140191325247232 -> core 7 - OK[0m[1;34m
[0m[1;34m	threadid 140191316854528 -> core 10 - OK[0m[1;34m
[0m[1;34m	threadid 140191308461824 -> core 11 - OK[0m[1;34m
[0m[1;34m	threadid 140191300069120 -> core 12 - OK[0m[1;34m
[0m[1;34m	threadid 140191291676416 -> core 13 - OK[0m[1;34m
[0m[1;34m	threadid 140191283283712 -> core 14 - OK[0m[1;34m
[0m[1;34m	threadid 140191274891008 -> core 15 - OK[0m[1;34m
[0m[1;34m	threadid 140191266498304 -> core 16 - OK[0m[1;34m
[0m[1;34m	threadid 140191258105600 -> core 17 - OK[0m[1;34m
[0miterations: 200
Total iterations: 1790412800 LUP
FLOP: 89
Total work: 159346739200 FLOP
performance: 0.392944 GLUP/s
Performance in GFLOP/s: 34.972046
size: 9000000
time: 4.556403
[1;34m[pthread wrapper] 
[0m[1;34m[pthread wrapper] MAIN -> 0
[0m[1;34m[pthread wrapper] PIN_MASK: [0m[1;34m0->1  [0m[1;34m1->2  [0m[1;34m2->3  [0m[1;34m3->4  [0m[1;34m4->5  [0m[1;34m5->6  [0m[1;34m6->7  [0m[1;34m7->10  [0m[1;34m8->11  [0m[1;34m9->12  [0m[1;34m10->13  [0m[1;34m11->14  [0m[1;34m12->15  [0m[1;34m13->16  [0m[1;34m14->17  [0m[1;34m
[pthread wrapper] SKIP MASK: 0x0
[0m[1;34m	threadid 140239385958144 -> core 1 - OK[0m[1;34m
[0m[1;34m	threadid 140239377565440 -> core 2 - OK[0m[1;34m
[0m[1;34m	threadid 140239369172736 -> core 3 - OK[0m[1;34m
[0m[1;34m	threadid 140239360780032 -> core 4 - OK[0m[1;34m
[0m[1;34m	threadid 140239352387328 -> core 5 - OK[0m[1;34m
[0m[1;34m	threadid 140239343994624 -> core 6 - OK[0m[1;34m
[0m[1;34m	threadid 140239335601920 -> core 7 - OK[0m[1;34m
[0m[1;34m	threadid 140239327209216 -> core 10 - OK[0m[1;34m
[0m[1;34m	threadid 140239318816512 -> core 11 - OK[0m[1;34m
[0m[1;34m	threadid 140239310423808 -> core 12 - OK[0m[1;34m
[0m[1;34m	threadid 140239302031104 -> core 13 - OK[0m[1;34m
[0m[1;34m	threadid 140239293638400 -> core 14 - OK[0m[1;34m
[0m[1;34m	threadid 140239285245696 -> core 15 - OK[0m[1;34m
[0m[1;34m	threadid 140239276852992 -> core 16 - OK[0m[1;34m
[0m[1;34m	threadid 140239268460288 -> core 17 - OK[0m[1;34m
[0miterations: 200
Total iterations: 1790412800 LUP
FLOP: 89
Total work: 159346739200 FLOP
performance: 0.392680 GLUP/s
Performance in GFLOP/s: 34.948501
size: 9000000
time: 4.559473
[1;34m[pthread wrapper] 
[0m[1;34m[pthread wrapper] MAIN -> 0
[0m[1;34m[pthread wrapper] PIN_MASK: [0m[1;34m0->1  [0m[1;34m1->2  [0m[1;34m2->3  [0m[1;34m3->4  [0m[1;34m4->5  [0m[1;34m5->6  [0m[1;34m6->7  [0m[1;34m7->10  [0m[1;34m8->11  [0m[1;34m9->12  [0m[1;34m10->13  [0m[1;34m11->14  [0m[1;34m12->15  [0m[1;34m13->16  [0m[1;34m14->17  [0m[1;34m
[pthread wrapper] SKIP MASK: 0x0
[0m[1;34m	threadid 140306465867520 -> core 1 - OK[0m[1;34m
[0m[1;34m	threadid 140306457474816 -> core 2 - OK[0m[1;34m
[0m[1;34m	threadid 140306449082112 -> core 3 - OK[0m[1;34m
[0m[1;34m	threadid 140306440689408 -> core 4 - OK[0m[1;34m
[0m[1;34m	threadid 140306432296704 -> core 5 - OK[0m[1;34m
[0m[1;34m	threadid 140306423904000 -> core 6 - OK[0m[1;34m
[0m[1;34m	threadid 140306415511296 -> core 7 - OK[0m[1;34m
[0m[1;34m	threadid 140306407118592 -> core 10 - OK[0m[1;34m
[0m[1;34m	threadid 140306398725888 -> core 11 - OK[0m[1;34m
[0m[1;34m	threadid 140306390333184 -> core 12 - OK[0m[1;34m
[0m[1;34m	threadid 140306381940480 -> core 13 - OK[0m[1;34m
[0m[1;34m	threadid 140306373547776 -> core 14 - OK[0m[1;34m
[0m[1;34m	threadid 140306365155072 -> core 15 - OK[0m[1;34m
[0m[1;34m	threadid 140306356762368 -> core 16 - OK[0m[1;34m
[0m[1;34m	threadid 140306348369664 -> core 17 - OK[0m[1;34m
[0miterations: 200
Total iterations: 1790412800 LUP
FLOP: 89
Total work: 159346739200 FLOP
performance: 0.393154 GLUP/s
Performance in GFLOP/s: 34.990708
size: 9000000
time: 4.553973
[1;34m[pthread wrapper] 
[0m[1;34m[pthread wrapper] MAIN -> 0
[0m[1;34m[pthread wrapper] PIN_MASK: [0m[1;34m0->1  [0m[1;34m1->2  [0m[1;34m2->3  [0m[1;34m3->4  [0m[1;34m4->5  [0m[1;34m5->6  [0m[1;34m6->7  [0m[1;34m7->10  [0m[1;34m8->11  [0m[1;34m9->12  [0m[1;34m10->13  [0m[1;34m11->14  [0m[1;34m12->15  [0m[1;34m13->16  [0m[1;34m14->17  [0m[1;34m
[pthread wrapper] SKIP MASK: 0x0
[0m[1;34m	threadid 139721349994240 -> core 1 - OK[0m[1;34m
[0m[1;34m	threadid 139721341601536 -> core 2 - OK[0m[1;34m
[0m[1;34m	threadid 139721333208832 -> core 3 - OK[0m[1;34m
[0m[1;34m	threadid 139721324816128 -> core 4 - OK[0m[1;34m
[0m[1;34m	threadid 139721316423424 -> core 5 - OK[0m[1;34m
[0m[1;34m	threadid 139721308030720 -> core 6 - OK[0m[1;34m
[0m[1;34m	threadid 139721299638016 -> core 7 - OK[0m[1;34m
[0m[1;34m	threadid 139721291245312 -> core 10 - OK[0m[1;34m
[0m[1;34m	threadid 139721282852608 -> core 11 - OK[0m[1;34m
[0m[1;34m	threadid 139721274459904 -> core 12 - OK[0m[1;34m
[0m[1;34m	threadid 139721266067200 -> core 13 - OK[0m[1;34m
[0m[1;34m	threadid 139721257674496 -> core 14 - OK[0m[1;34m
[0m[1;34m	threadid 139721249281792 -> core 15 - OK[0m[1;34m
[0m[1;34m	threadid 139721240889088 -> core 16 - OK[0m[1;34m
[0m[1;34m	threadid 139721232496384 -> core 17 - OK[0m[1;34m
[0miterations: 200
Total iterations: 1790412800 LUP
FLOP: 89
Total work: 159346739200 FLOP
performance: 0.392204 GLUP/s
Performance in GFLOP/s: 34.906133
size: 9000000
time: 4.565007
[1;34m[pthread wrapper] 
[0m[1;34m[pthread wrapper] MAIN -> 0
[0m[1;34m[pthread wrapper] PIN_MASK: [0m[1;34m0->1  [0m[1;34m1->2  [0m[1;34m2->3  [0m[1;34m3->4  [0m[1;34m4->5  [0m[1;34m5->6  [0m[1;34m6->7  [0m[1;34m7->10  [0m[1;34m8->11  [0m[1;34m9->12  [0m[1;34m10->13  [0m[1;34m11->14  [0m[1;34m12->15  [0m[1;34m13->16  [0m[1;34m14->17  [0m[1;34m
[pthread wrapper] SKIP MASK: 0x0
[0m[1;34m	threadid 139856747996928 -> core 1 - OK[0m[1;34m
[0m[1;34m	threadid 139856739604224 -> core 2 - OK[0m[1;34m
[0m[1;34m	threadid 139856731211520 -> core 3 - OK[0m[1;34m
[0m[1;34m	threadid 139856722818816 -> core 4 - OK[0m[1;34m
[0m[1;34m	threadid 139856714426112 -> core 5 - OK[0m[1;34m
[0m[1;34m	threadid 139856706033408 -> core 6 - OK[0m[1;34m
[0m[1;34m	threadid 139856697640704 -> core 7 - OK[0m[1;34m
[0m[1;34m	threadid 139856689248000 -> core 10 - OK[0m[1;34m
[0m[1;34m	threadid 139856680855296 -> core 11 - OK[0m[1;34m
[0m[1;34m	threadid 139856672462592 -> core 12 - OK[0m[1;34m
[0m[1;34m	threadid 139856664069888 -> core 13 - OK[0m[1;34m
[0m[1;34m	threadid 139856655677184 -> core 14 - OK[0m[1;34m
[0m[1;34m	threadid 139856647284480 -> core 15 - OK[0m[1;34m
[0m[1;34m	threadid 139856638891776 -> core 16 - OK[0m[1;34m
[0m[1;34m	threadid 139856630499072 -> core 17 - OK[0m[1;34m
[0miterations: 200
Total iterations: 1790412800 LUP
FLOP: 89
Total work: 159346739200 FLOP
performance: 0.392979 GLUP/s
Performance in GFLOP/s: 34.975157
size: 9000000
time: 4.555998
[1;34m[pthread wrapper] 
[0m[1;34m[pthread wrapper] MAIN -> 0
[0m[1;34m[pthread wrapper] PIN_MASK: [0m[1;34m0->1  [0m[1;34m1->2  [0m[1;34m2->3  [0m[1;34m3->4  [0m[1;34m4->5  [0m[1;34m5->6  [0m[1;34m6->7  [0m[1;34m7->10  [0m[1;34m8->11  [0m[1;34m9->12  [0m[1;34m10->13  [0m[1;34m11->14  [0m[1;34m12->15  [0m[1;34m13->16  [0m[1;34m14->17  [0m[1;34m
[pthread wrapper] SKIP MASK: 0x0
[0m[1;34m	threadid 140336625374976 -> core 1 - OK[0m[1;34m
[0m[1;34m	threadid 140336616982272 -> core 2 - OK[0m[1;34m
[0m[1;34m	threadid 140336608589568 -> core 3 - OK[0m[1;34m
[0m[1;34m	threadid 140336600196864 -> core 4 - OK[0m[1;34m
[0m[1;34m	threadid 140336591804160 -> core 5 - OK[0m[1;34m
[0m[1;34m	threadid 140336583411456 -> core 6 - OK[0m[1;34m
[0m[1;34m	threadid 140336575018752 -> core 7 - OK[0m[1;34m
[0m[1;34m	threadid 140336566626048 -> core 10 - OK[0m[1;34m
[0m[1;34m	threadid 140336558233344 -> core 11 - OK[0m[1;34m
[0m[1;34m	threadid 140336549840640 -> core 12 - OK[0m[1;34m
[0m[1;34m	threadid 140336541447936 -> core 13 - OK[0m[1;34m
[0m[1;34m	threadid 140336533055232 -> core 14 - OK[0m[1;34m
[0m[1;34m	threadid 140336524662528 -> core 15 - OK[0m[1;34m
[0m[1;34m	threadid 140336516269824 -> core 16 - OK[0m[1;34m
[0m[1;34m	threadid 140336507877120 -> core 17 - OK[0m[1;34m
[0miterations: 200
Total iterations: 1790412800 LUP
FLOP: 89
Total work: 159346739200 FLOP
performance: 0.390605 GLUP/s
Performance in GFLOP/s: 34.763802
size: 9000000
time: 4.583697
