[1;34m[pthread wrapper] 
[0m[1;34m[pthread wrapper] MAIN -> 0
[0m[1;34m[pthread wrapper] PIN_MASK: [0m[1;34m0->1  [0m[1;34m1->2  [0m[1;34m2->3  [0m[1;34m3->4  [0m[1;34m4->5  [0m[1;34m
[pthread wrapper] SKIP MASK: 0x0
[0m[1;34m	threadid 140565326735104 -> core 1 - OK[0m[1;34m
[0m[1;34m	threadid 140565318342400 -> core 2 - OK[0m[1;34m
[0m[1;34m	threadid 140565309949696 -> core 3 - OK[0m[1;34m
[0m[1;34m	threadid 140565301556992 -> core 4 - OK[0m[1;34m
[0m[1;34m	threadid 140565293164288 -> core 5 - OK[0m[1;34m
[0miterations: 200
Total iterations: 48412800 LUP
FLOP: 89
Total work: 4308739200 FLOP
performance: 0.132381 GLUP/s
Performance in GFLOP/s: 11.781915
size: 250000
time: 0.365708
[1;34m[pthread wrapper] 
[0m[1;34m[pthread wrapper] MAIN -> 0
[0m[1;34m[pthread wrapper] PIN_MASK: [0m[1;34m0->1  [0m[1;34m1->2  [0m[1;34m2->3  [0m[1;34m3->4  [0m[1;34m4->5  [0m[1;34m
[pthread wrapper] SKIP MASK: 0x0
[0m[1;34m	threadid 140274932791040 -> core 1 - OK[0m[1;34m
[0m[1;34m	threadid 140274924398336 -> core 2 - OK[0m[1;34m
[0m[1;34m	threadid 140274916005632 -> core 3 - OK[0m[1;34m
[0m[1;34m	threadid 140274907612928 -> core 4 - OK[0m[1;34m
[0m[1;34m	threadid 140274899220224 -> core 5 - OK[0m[1;34m
[0miterations: 200
Total iterations: 48412800 LUP
FLOP: 89
Total work: 4308739200 FLOP
performance: 0.132372 GLUP/s
Performance in GFLOP/s: 11.781140
size: 250000
time: 0.365732
[1;34m[pthread wrapper] 
[0m[1;34m[pthread wrapper] MAIN -> 0
[0m[1;34m[pthread wrapper] PIN_MASK: [0m[1;34m0->1  [0m[1;34m1->2  [0m[1;34m2->3  [0m[1;34m3->4  [0m[1;34m4->5  [0m[1;34m
[pthread wrapper] SKIP MASK: 0x0
[0m[1;34m	threadid 140125146261248 -> core 1 - OK[0m[1;34m
[0m[1;34m	threadid 140125137868544 -> core 2 - OK[0m[1;34m
[0m[1;34m	threadid 140125129475840 -> core 3 - OK[0m[1;34m
[0m[1;34m	threadid 140125121083136 -> core 4 - OK[0m[1;34m
[0m[1;34m	threadid 140125112690432 -> core 5 - OK[0m[1;34m
[0miterations: 200
Total iterations: 48412800 LUP
FLOP: 89
Total work: 4308739200 FLOP
performance: 0.132382 GLUP/s
Performance in GFLOP/s: 11.782038
size: 250000
time: 0.365704
[1;34m[pthread wrapper] 
[0m[1;34m[pthread wrapper] MAIN -> 0
[0m[1;34m[pthread wrapper] PIN_MASK: [0m[1;34m0->1  [0m[1;34m1->2  [0m[1;34m2->3  [0m[1;34m3->4  [0m[1;34m4->5  [0m[1;34m
[pthread wrapper] SKIP MASK: 0x0
[0m[1;34m	threadid 139905265981184 -> core 1 - OK[0m[1;34m
[0m[1;34m	threadid 139905257588480 -> core 2 - OK[0m[1;34m
[0m[1;34m	threadid 139905249195776 -> core 3 - OK[0m[1;34m
[0m[1;34m	threadid 139905240803072 -> core 4 - OK[0m[1;34m
[0m[1;34m	threadid 139905232410368 -> core 5 - OK[0m[1;34m
[0miterations: 200
Total iterations: 48412800 LUP
FLOP: 89
Total work: 4308739200 FLOP
performance: 0.132365 GLUP/s
Performance in GFLOP/s: 11.780525
size: 250000
time: 0.365751
[1;34m[pthread wrapper] 
[0m[1;34m[pthread wrapper] MAIN -> 0
[0m[1;34m[pthread wrapper] PIN_MASK: [0m[1;34m0->1  [0m[1;34m1->2  [0m[1;34m2->3  [0m[1;34m3->4  [0m[1;34m4->5  [0m[1;34m
[pthread wrapper] SKIP MASK: 0x0
[0m[1;34m	threadid 140163434338048 -> core 1 - OK[0m[1;34m
[0m[1;34m	threadid 140163425945344 -> core 2 - OK[0m[1;34m
[0m[1;34m	threadid 140163417552640 -> core 3 - OK[0m[1;34m
[0m[1;34m	threadid 140163409159936 -> core 4 - OK[0m[1;34m
[0m[1;34m	threadid 140163400767232 -> core 5 - OK[0m[1;34m
[0miterations: 200
Total iterations: 48412800 LUP
FLOP: 89
Total work: 4308739200 FLOP
performance: 0.132373 GLUP/s
Performance in GFLOP/s: 11.781170
size: 250000
time: 0.365731
[1;34m[pthread wrapper] 
[0m[1;34m[pthread wrapper] MAIN -> 0
[0m[1;34m[pthread wrapper] PIN_MASK: [0m[1;34m0->1  [0m[1;34m1->2  [0m[1;34m2->3  [0m[1;34m3->4  [0m[1;34m4->5  [0m[1;34m
[pthread wrapper] SKIP MASK: 0x0
[0m[1;34m	threadid 140567191623424 -> core 1 - OK[0m[1;34m
[0m[1;34m	threadid 140567183230720 -> core 2 - OK[0m[1;34m
[0m[1;34m	threadid 140567174838016 -> core 3 - OK[0m[1;34m
[0m[1;34m	threadid 140567166445312 -> core 4 - OK[0m[1;34m
[0m[1;34m	threadid 140567158052608 -> core 5 - OK[0m[1;34m
[0miterations: 200
Total iterations: 48412800 LUP
FLOP: 89
Total work: 4308739200 FLOP
performance: 0.132382 GLUP/s
Performance in GFLOP/s: 11.782038
size: 250000
time: 0.365704
[1;34m[pthread wrapper] 
[0m[1;34m[pthread wrapper] MAIN -> 0
[0m[1;34m[pthread wrapper] PIN_MASK: [0m[1;34m0->1  [0m[1;34m1->2  [0m[1;34m2->3  [0m[1;34m3->4  [0m[1;34m4->5  [0m[1;34m
[pthread wrapper] SKIP MASK: 0x0
[0m[1;34m	threadid 140175266338560 -> core 1 - OK[0m[1;34m
[0m[1;34m	threadid 140175257945856 -> core 2 - OK[0m[1;34m
[0m[1;34m	threadid 140175249553152 -> core 3 - OK[0m[1;34m
[0m[1;34m	threadid 140175241160448 -> core 4 - OK[0m[1;34m
[0m[1;34m	threadid 140175232767744 -> core 5 - OK[0m[1;34m
[0miterations: 200
Total iterations: 48412800 LUP
FLOP: 89
Total work: 4308739200 FLOP
performance: 0.132368 GLUP/s
Performance in GFLOP/s: 11.780717
size: 250000
time: 0.365745
[1;34m[pthread wrapper] 
[0m[1;34m[pthread wrapper] MAIN -> 0
[0m[1;34m[pthread wrapper] PIN_MASK: [0m[1;34m0->1  [0m[1;34m1->2  [0m[1;34m2->3  [0m[1;34m3->4  [0m[1;34m4->5  [0m[1;34m
[pthread wrapper] SKIP MASK: 0x0
[0m[1;34m	threadid 139751277549312 -> core 1 - OK[0m[1;34m
[0m[1;34m	threadid 139751269156608 -> core 2 - OK[0m[1;34m
[0m[1;34m	threadid 139751260763904 -> core 3 - OK[0m[1;34m
[0m[1;34m	threadid 139751252371200 -> core 4 - OK[0m[1;34m
[0m[1;34m	threadid 139751243978496 -> core 5 - OK[0m[1;34m
[0miterations: 200
Total iterations: 48412800 LUP
FLOP: 89
Total work: 4308739200 FLOP
performance: 0.132377 GLUP/s
Performance in GFLOP/s: 11.781524
size: 250000
time: 0.365720
[1;34m[pthread wrapper] 
[0m[1;34m[pthread wrapper] MAIN -> 0
[0m[1;34m[pthread wrapper] PIN_MASK: [0m[1;34m0->1  [0m[1;34m1->2  [0m[1;34m2->3  [0m[1;34m3->4  [0m[1;34m4->5  [0m[1;34m
[pthread wrapper] SKIP MASK: 0x0
[0m[1;34m	threadid 139771535038208 -> core 1 - OK[0m[1;34m
[0m[1;34m	threadid 139771526645504 -> core 2 - OK[0m[1;34m
[0m[1;34m	threadid 139771518252800 -> core 3 - OK[0m[1;34m
[0m[1;34m	threadid 139771509860096 -> core 4 - OK[0m[1;34m
[0m[1;34m	threadid 139771501467392 -> core 5 - OK[0m[1;34m
[0miterations: 200
Total iterations: 48412800 LUP
FLOP: 89
Total work: 4308739200 FLOP
performance: 0.132371 GLUP/s
Performance in GFLOP/s: 11.781009
size: 250000
time: 0.365736
[1;34m[pthread wrapper] 
[0m[1;34m[pthread wrapper] MAIN -> 0
[0m[1;34m[pthread wrapper] PIN_MASK: [0m[1;34m0->1  [0m[1;34m1->2  [0m[1;34m2->3  [0m[1;34m3->4  [0m[1;34m4->5  [0m[1;34m
[pthread wrapper] SKIP MASK: 0x0
[0m[1;34m	threadid 140064988395264 -> core 1 - OK[0m[1;34m
[0m[1;34m	threadid 140064980002560 -> core 2 - OK[0m[1;34m
[0m[1;34m	threadid 140064971609856 -> core 3 - OK[0m[1;34m
[0m[1;34m	threadid 140064963217152 -> core 4 - OK[0m[1;34m
[0m[1;34m	threadid 140064954824448 -> core 5 - OK[0m[1;34m
[0miterations: 200
Total iterations: 48412800 LUP
FLOP: 89
Total work: 4308739200 FLOP
performance: 0.132345 GLUP/s
Performance in GFLOP/s: 11.778729
size: 250000
time: 0.365807
