[1;34m[pthread wrapper] 
[0m[1;34m[pthread wrapper] MAIN -> 0
[0m[1;34m[pthread wrapper] PIN_MASK: [0m[1;34m0->1  [0m[1;34m1->2  [0m[1;34m2->3  [0m[1;34m3->4  [0m[1;34m4->5  [0m[1;34m5->6  [0m[1;34m6->7  [0m[1;34m7->8  [0m[1;34m8->9  [0m[1;34m9->10  [0m[1;34m10->11  [0m[1;34m11->12  [0m[1;34m12->13  [0m[1;34m13->14  [0m[1;34m14->15  [0m[1;34m15->16  [0m[1;34m16->17  [0m[1;34m17->18  [0m[1;34m18->19  [0m[1;34m
[pthread wrapper] SKIP MASK: 0x0
[0m[1;34m	threadid 140311628797696 -> core 1 - OK[0m[1;34m
[0m[1;34m	threadid 140311620404992 -> core 2 - OK[0m[1;34m
[0m[1;34m	threadid 140311612012288 -> core 3 - OK[0m[1;34m
[0m[1;34m	threadid 140311603619584 -> core 4 - OK[0m[1;34m
[0m[1;34m	threadid 140311595226880 -> core 5 - OK[0m[1;34m
[0m[1;34m	threadid 140311586834176 -> core 6 - OK[0m[1;34m
[0m[1;34m	threadid 140311578441472 -> core 7 - OK[0m[1;34m
[0m[1;34m	threadid 140311570048768 -> core 8 - OK[0m[1;34m
[0m[1;34m	threadid 140311561656064 -> core 9 - OK[0m[1;34m
[0m[1;34m	threadid 140311553263360 -> core 10 - OK[0m[1;34m
[0m[1;34m	threadid 140311544870656 -> core 11 - OK[0m[1;34m
[0m[1;34m	threadid 140311536477952 -> core 12 - OK[0m[1;34m
[0m[1;34m	threadid 140311528085248 -> core 13 - OK[0m[1;34m
[0m[1;34m	threadid 140311519692544 -> core 14 - OK[0m[1;34m
[0m[1;34m	threadid 140311511299840 -> core 15 - OK[0m[1;34m
[0m[1;34m	threadid 140311502907136 -> core 16 - OK[0m[1;34m
[0m[1;34m	threadid 140311494514432 -> core 17 - OK[0m[1;34m
[0m[1;34m	threadid 140311486121728 -> core 18 - OK[0m[1;34m
[0m[1;34m	threadid 140311477729024 -> core 19 - OK[0m[1;34m
[0miterations: 200
Total iterations: 48412800 LUP
FLOP: 89
Total work: 4308739200 FLOP
performance: 0.390545 GLUP/s
Performance in GFLOP/s: 34.758503
size: 250000
time: 0.123962
[1;34m[pthread wrapper] 
[0m[1;34m[pthread wrapper] MAIN -> 0
[0m[1;34m[pthread wrapper] PIN_MASK: [0m[1;34m0->1  [0m[1;34m1->2  [0m[1;34m2->3  [0m[1;34m3->4  [0m[1;34m4->5  [0m[1;34m5->6  [0m[1;34m6->7  [0m[1;34m7->8  [0m[1;34m8->9  [0m[1;34m9->10  [0m[1;34m10->11  [0m[1;34m11->12  [0m[1;34m12->13  [0m[1;34m13->14  [0m[1;34m14->15  [0m[1;34m15->16  [0m[1;34m16->17  [0m[1;34m17->18  [0m[1;34m18->19  [0m[1;34m
[pthread wrapper] SKIP MASK: 0x0
[0m[1;34m	threadid 140202983503616 -> core 1 - OK[0m[1;34m
[0m[1;34m	threadid 140202975110912 -> core 2 - OK[0m[1;34m
[0m[1;34m	threadid 140202966718208 -> core 3 - OK[0m[1;34m
[0m[1;34m	threadid 140202958325504 -> core 4 - OK[0m[1;34m
[0m[1;34m	threadid 140202949932800 -> core 5 - OK[0m[1;34m
[0m[1;34m	threadid 140202941540096 -> core 6 - OK[0m[1;34m
[0m[1;34m	threadid 140202933147392 -> core 7 - OK[0m[1;34m
[0m[1;34m	threadid 140202924754688 -> core 8 - OK[0m[1;34m
[0m[1;34m	threadid 140202916361984 -> core 9 - OK[0m[1;34m
[0m[1;34m	threadid 140202907969280 -> core 10 - OK[0m[1;34m
[0m[1;34m	threadid 140202899576576 -> core 11 - OK[0m[1;34m
[0m[1;34m	threadid 140202891183872 -> core 12 - OK[0m[1;34m
[0m[1;34m	threadid 140202882791168 -> core 13 - OK[0m[1;34m
[0m[1;34m	threadid 140202874398464 -> core 14 - OK[0m[1;34m
[0m[1;34m	threadid 140202866005760 -> core 15 - OK[0m[1;34m
[0m[1;34m	threadid 140202857613056 -> core 16 - OK[0m[1;34m
[0m[1;34m	threadid 140202849220352 -> core 17 - OK[0m[1;34m
[0m[1;34m	threadid 140202840827648 -> core 18 - OK[0m[1;34m
[0m[1;34m	threadid 140202832434944 -> core 19 - OK[0m[1;34m
[0miterations: 200
Total iterations: 48412800 LUP
FLOP: 89
Total work: 4308739200 FLOP
performance: 0.390064 GLUP/s
Performance in GFLOP/s: 34.715703
size: 250000
time: 0.124115
[1;34m[pthread wrapper] 
[0m[1;34m[pthread wrapper] MAIN -> 0
[0m[1;34m[pthread wrapper] PIN_MASK: [0m[1;34m0->1  [0m[1;34m1->2  [0m[1;34m2->3  [0m[1;34m3->4  [0m[1;34m4->5  [0m[1;34m5->6  [0m[1;34m6->7  [0m[1;34m7->8  [0m[1;34m8->9  [0m[1;34m9->10  [0m[1;34m10->11  [0m[1;34m11->12  [0m[1;34m12->13  [0m[1;34m13->14  [0m[1;34m14->15  [0m[1;34m15->16  [0m[1;34m16->17  [0m[1;34m17->18  [0m[1;34m18->19  [0m[1;34m
[pthread wrapper] SKIP MASK: 0x0
[0m[1;34m	threadid 139819434129152 -> core 1 - OK[0m[1;34m
[0m[1;34m	threadid 139819425736448 -> core 2 - OK[0m[1;34m
[0m[1;34m	threadid 139819417343744 -> core 3 - OK[0m[1;34m
[0m[1;34m	threadid 139819408951040 -> core 4 - OK[0m[1;34m
[0m[1;34m	threadid 139819400558336 -> core 5 - OK[0m[1;34m
[0m[1;34m	threadid 139819392165632 -> core 6 - OK[0m[1;34m
[0m[1;34m	threadid 139819383772928 -> core 7 - OK[0m[1;34m
[0m[1;34m	threadid 139819375380224 -> core 8 - OK[0m[1;34m
[0m[1;34m	threadid 139819366987520 -> core 9 - OK[0m[1;34m
[0m[1;34m	threadid 139819358594816 -> core 10 - OK[0m[1;34m
[0m[1;34m	threadid 139819350202112 -> core 11 - OK[0m[1;34m
[0m[1;34m	threadid 139819341809408 -> core 12 - OK[0m[1;34m
[0m[1;34m	threadid 139819333416704 -> core 13 - OK[0m[1;34m
[0m[1;34m	threadid 139819325024000 -> core 14 - OK[0m[1;34m
[0m[1;34m	threadid 139819316631296 -> core 15 - OK[0m[1;34m
[0m[1;34m	threadid 139819308238592 -> core 16 - OK[0m[1;34m
[0m[1;34m	threadid 139819299845888 -> core 17 - OK[0m[1;34m
[0m[1;34m	threadid 139819291453184 -> core 18 - OK[0m[1;34m
[0m[1;34m	threadid 139819283060480 -> core 19 - OK[0m[1;34m
[0miterations: 200
Total iterations: 48412800 LUP
FLOP: 89
Total work: 4308739200 FLOP
performance: 0.390300 GLUP/s
Performance in GFLOP/s: 34.736656
size: 250000
time: 0.124040
[1;34m[pthread wrapper] 
[0m[1;34m[pthread wrapper] MAIN -> 0
[0m[1;34m[pthread wrapper] PIN_MASK: [0m[1;34m0->1  [0m[1;34m1->2  [0m[1;34m2->3  [0m[1;34m3->4  [0m[1;34m4->5  [0m[1;34m5->6  [0m[1;34m6->7  [0m[1;34m7->8  [0m[1;34m8->9  [0m[1;34m9->10  [0m[1;34m10->11  [0m[1;34m11->12  [0m[1;34m12->13  [0m[1;34m13->14  [0m[1;34m14->15  [0m[1;34m15->16  [0m[1;34m16->17  [0m[1;34m17->18  [0m[1;34m18->19  [0m[1;34m
[pthread wrapper] SKIP MASK: 0x0
[0m[1;34m	threadid 140162913158912 -> core 1 - OK[0m[1;34m
[0m[1;34m	threadid 140162904766208 -> core 2 - OK[0m[1;34m
[0m[1;34m	threadid 140162896373504 -> core 3 - OK[0m[1;34m
[0m[1;34m	threadid 140162887980800 -> core 4 - OK[0m[1;34m
[0m[1;34m	threadid 140162879588096 -> core 5 - OK[0m[1;34m
[0m[1;34m	threadid 140162871195392 -> core 6 - OK[0m[1;34m
[0m[1;34m	threadid 140162862802688 -> core 7 - OK[0m[1;34m
[0m[1;34m	threadid 140162854409984 -> core 8 - OK[0m[1;34m
[0m[1;34m	threadid 140162846017280 -> core 9 - OK[0m[1;34m
[0m[1;34m	threadid 140162837624576 -> core 10 - OK[0m[1;34m
[0m[1;34m	threadid 140162829231872 -> core 11 - OK[0m[1;34m
[0m[1;34m	threadid 140162820839168 -> core 12 - OK[0m[1;34m
[0m[1;34m	threadid 140162812446464 -> core 13 - OK[0m[1;34m
[0m[1;34m	threadid 140162804053760 -> core 14 - OK[0m[1;34m
[0m[1;34m	threadid 140162795661056 -> core 15 - OK[0m[1;34m
[0m[1;34m	threadid 140162787268352 -> core 16 - OK[0m[1;34m
[0m[1;34m	threadid 140162778875648 -> core 17 - OK[0m[1;34m
[0m[1;34m	threadid 140162770482944 -> core 18 - OK[0m[1;34m
[0m[1;34m	threadid 140162762090240 -> core 19 - OK[0m[1;34m
[0miterations: 200
Total iterations: 48412800 LUP
FLOP: 89
Total work: 4308739200 FLOP
performance: 0.390156 GLUP/s
Performance in GFLOP/s: 34.723841
size: 250000
time: 0.124086
[1;34m[pthread wrapper] 
[0m[1;34m[pthread wrapper] MAIN -> 0
[0m[1;34m[pthread wrapper] PIN_MASK: [0m[1;34m0->1  [0m[1;34m1->2  [0m[1;34m2->3  [0m[1;34m3->4  [0m[1;34m4->5  [0m[1;34m5->6  [0m[1;34m6->7  [0m[1;34m7->8  [0m[1;34m8->9  [0m[1;34m9->10  [0m[1;34m10->11  [0m[1;34m11->12  [0m[1;34m12->13  [0m[1;34m13->14  [0m[1;34m14->15  [0m[1;34m15->16  [0m[1;34m16->17  [0m[1;34m17->18  [0m[1;34m18->19  [0m[1;34m
[pthread wrapper] SKIP MASK: 0x0
[0m[1;34m	threadid 140372797880064 -> core 1 - OK[0m[1;34m
[0m[1;34m	threadid 140372789487360 -> core 2 - OK[0m[1;34m
[0m[1;34m	threadid 140372781094656 -> core 3 - OK[0m[1;34m
[0m[1;34m	threadid 140372772701952 -> core 4 - OK[0m[1;34m
[0m[1;34m	threadid 140372764309248 -> core 5 - OK[0m[1;34m
[0m[1;34m	threadid 140372755916544 -> core 6 - OK[0m[1;34m
[0m[1;34m	threadid 140372747523840 -> core 7 - OK[0m[1;34m
[0m[1;34m	threadid 140372739131136 -> core 8 - OK[0m[1;34m
[0m[1;34m	threadid 140372730738432 -> core 9 - OK[0m[1;34m
[0m[1;34m	threadid 140372722345728 -> core 10 - OK[0m[1;34m
[0m[1;34m	threadid 140372713953024 -> core 11 - OK[0m[1;34m
[0m[1;34m	threadid 140372705560320 -> core 12 - OK[0m[1;34m
[0m[1;34m	threadid 140372697167616 -> core 13 - OK[0m[1;34m
[0m[1;34m	threadid 140372688774912 -> core 14 - OK[0m[1;34m
[0m[1;34m	threadid 140372680382208 -> core 15 - OK[0m[1;34m
[0m[1;34m	threadid 140372671989504 -> core 16 - OK[0m[1;34m
[0m[1;34m	threadid 140372663596800 -> core 17 - OK[0m[1;34m
[0m[1;34m	threadid 140372655204096 -> core 18 - OK[0m[1;34m
[0m[1;34m	threadid 140372646811392 -> core 19 - OK[0m[1;34m
[0miterations: 200
Total iterations: 48412800 LUP
FLOP: 89
Total work: 4308739200 FLOP
performance: 0.390517 GLUP/s
Performance in GFLOP/s: 34.756029
size: 250000
time: 0.123971
[1;34m[pthread wrapper] 
[0m[1;34m[pthread wrapper] MAIN -> 0
[0m[1;34m[pthread wrapper] PIN_MASK: [0m[1;34m0->1  [0m[1;34m1->2  [0m[1;34m2->3  [0m[1;34m3->4  [0m[1;34m4->5  [0m[1;34m5->6  [0m[1;34m6->7  [0m[1;34m7->8  [0m[1;34m8->9  [0m[1;34m9->10  [0m[1;34m10->11  [0m[1;34m11->12  [0m[1;34m12->13  [0m[1;34m13->14  [0m[1;34m14->15  [0m[1;34m15->16  [0m[1;34m16->17  [0m[1;34m17->18  [0m[1;34m18->19  [0m[1;34m
[pthread wrapper] SKIP MASK: 0x0
[0m[1;34m	threadid 139691147712256 -> core 1 - OK[0m[1;34m
[0m[1;34m	threadid 139691139319552 -> core 2 - OK[0m[1;34m
[0m[1;34m	threadid 139691130926848 -> core 3 - OK[0m[1;34m
[0m[1;34m	threadid 139691122534144 -> core 4 - OK[0m[1;34m
[0m[1;34m	threadid 139691114141440 -> core 5 - OK[0m[1;34m
[0m[1;34m	threadid 139691105748736 -> core 6 - OK[0m[1;34m
[0m[1;34m	threadid 139691097356032 -> core 7 - OK[0m[1;34m
[0m[1;34m	threadid 139691088963328 -> core 8 - OK[0m[1;34m
[0m[1;34m	threadid 139691080570624 -> core 9 - OK[0m[1;34m
[0m[1;34m	threadid 139691072177920 -> core 10 - OK[0m[1;34m
[0m[1;34m	threadid 139691063785216 -> core 11 - OK[0m[1;34m
[0m[1;34m	threadid 139691055392512 -> core 12 - OK[0m[1;34m
[0m[1;34m	threadid 139691046999808 -> core 13 - OK[0m[1;34m
[0m[1;34m	threadid 139691038607104 -> core 14 - OK[0m[1;34m
[0m[1;34m	threadid 139691030214400 -> core 15 - OK[0m[1;34m
[0m[1;34m	threadid 139691021821696 -> core 16 - OK[0m[1;34m
[0m[1;34m	threadid 139691013428992 -> core 17 - OK[0m[1;34m
[0m[1;34m	threadid 139691005036288 -> core 18 - OK[0m[1;34m
[0m[1;34m	threadid 139690996643584 -> core 19 - OK[0m[1;34m
[0miterations: 200
Total iterations: 48412800 LUP
FLOP: 89
Total work: 4308739200 FLOP
performance: 0.390230 GLUP/s
Performance in GFLOP/s: 34.730514
size: 250000
time: 0.124062
[1;34m[pthread wrapper] 
[0m[1;34m[pthread wrapper] MAIN -> 0
[0m[1;34m[pthread wrapper] PIN_MASK: [0m[1;34m0->1  [0m[1;34m1->2  [0m[1;34m2->3  [0m[1;34m3->4  [0m[1;34m4->5  [0m[1;34m5->6  [0m[1;34m6->7  [0m[1;34m7->8  [0m[1;34m8->9  [0m[1;34m9->10  [0m[1;34m10->11  [0m[1;34m11->12  [0m[1;34m12->13  [0m[1;34m13->14  [0m[1;34m14->15  [0m[1;34m15->16  [0m[1;34m16->17  [0m[1;34m17->18  [0m[1;34m18->19  [0m[1;34m
[pthread wrapper] SKIP MASK: 0x0
[0m[1;34m	threadid 139868358518528 -> core 1 - OK[0m[1;34m
[0m[1;34m	threadid 139868350125824 -> core 2 - OK[0m[1;34m
[0m[1;34m	threadid 139868341733120 -> core 3 - OK[0m[1;34m
[0m[1;34m	threadid 139868333340416 -> core 4 - OK[0m[1;34m
[0m[1;34m	threadid 139868324947712 -> core 5 - OK[0m[1;34m
[0m[1;34m	threadid 139868316555008 -> core 6 - OK[0m[1;34m
[0m[1;34m	threadid 139868308162304 -> core 7 - OK[0m[1;34m
[0m[1;34m	threadid 139868299769600 -> core 8 - OK[0m[1;34m
[0m[1;34m	threadid 139868291376896 -> core 9 - OK[0m[1;34m
[0m[1;34m	threadid 139868282984192 -> core 10 - OK[0m[1;34m
[0m[1;34m	threadid 139868274591488 -> core 11 - OK[0m[1;34m
[0m[1;34m	threadid 139868266198784 -> core 12 - OK[0m[1;34m
[0m[1;34m	threadid 139868257806080 -> core 13 - OK[0m[1;34m
[0m[1;34m	threadid 139868249413376 -> core 14 - OK[0m[1;34m
[0m[1;34m	threadid 139868241020672 -> core 15 - OK[0m[1;34m
[0m[1;34m	threadid 139868232627968 -> core 16 - OK[0m[1;34m
[0m[1;34m	threadid 139868224235264 -> core 17 - OK[0m[1;34m
[0m[1;34m	threadid 139868215842560 -> core 18 - OK[0m[1;34m
[0m[1;34m	threadid 139868207449856 -> core 19 - OK[0m[1;34m
[0miterations: 200
Total iterations: 48412800 LUP
FLOP: 89
Total work: 4308739200 FLOP
performance: 0.390451 GLUP/s
Performance in GFLOP/s: 34.750148
size: 250000
time: 0.123992
[1;34m[pthread wrapper] 
[0m[1;34m[pthread wrapper] MAIN -> 0
[0m[1;34m[pthread wrapper] PIN_MASK: [0m[1;34m0->1  [0m[1;34m1->2  [0m[1;34m2->3  [0m[1;34m3->4  [0m[1;34m4->5  [0m[1;34m5->6  [0m[1;34m6->7  [0m[1;34m7->8  [0m[1;34m8->9  [0m[1;34m9->10  [0m[1;34m10->11  [0m[1;34m11->12  [0m[1;34m12->13  [0m[1;34m13->14  [0m[1;34m14->15  [0m[1;34m15->16  [0m[1;34m16->17  [0m[1;34m17->18  [0m[1;34m18->19  [0m[1;34m
[pthread wrapper] SKIP MASK: 0x0
[0m[1;34m	threadid 139716204824320 -> core 1 - OK[0m[1;34m
[0m[1;34m	threadid 139716196431616 -> core 2 - OK[0m[1;34m
[0m[1;34m	threadid 139716188038912 -> core 3 - OK[0m[1;34m
[0m[1;34m	threadid 139716179646208 -> core 4 - OK[0m[1;34m
[0m[1;34m	threadid 139716171253504 -> core 5 - OK[0m[1;34m
[0m[1;34m	threadid 139716162860800 -> core 6 - OK[0m[1;34m
[0m[1;34m	threadid 139716154468096 -> core 7 - OK[0m[1;34m
[0m[1;34m	threadid 139716146075392 -> core 8 - OK[0m[1;34m
[0m[1;34m	threadid 139716137682688 -> core 9 - OK[0m[1;34m
[0m[1;34m	threadid 139716129289984 -> core 10 - OK[0m[1;34m
[0m[1;34m	threadid 139716120897280 -> core 11 - OK[0m[1;34m
[0m[1;34m	threadid 139716112504576 -> core 12 - OK[0m[1;34m
[0m[1;34m	threadid 139716104111872 -> core 13 - OK[0m[1;34m
[0m[1;34m	threadid 139716095719168 -> core 14 - OK[0m[1;34m
[0m[1;34m	threadid 139716087326464 -> core 15 - OK[0m[1;34m
[0m[1;34m	threadid 139716078933760 -> core 16 - OK[0m[1;34m
[0m[1;34m	threadid 139716070541056 -> core 17 - OK[0m[1;34m
[0m[1;34m	threadid 139716062148352 -> core 18 - OK[0m[1;34m
[0m[1;34m	threadid 139716053755648 -> core 19 - OK[0m[1;34m
[0miterations: 200
Total iterations: 48412800 LUP
FLOP: 89
Total work: 4308739200 FLOP
performance: 0.390363 GLUP/s
Performance in GFLOP/s: 34.742332
size: 250000
time: 0.124020
[1;34m[pthread wrapper] 
[0m[1;34m[pthread wrapper] MAIN -> 0
[0m[1;34m[pthread wrapper] PIN_MASK: [0m[1;34m0->1  [0m[1;34m1->2  [0m[1;34m2->3  [0m[1;34m3->4  [0m[1;34m4->5  [0m[1;34m5->6  [0m[1;34m6->7  [0m[1;34m7->8  [0m[1;34m8->9  [0m[1;34m9->10  [0m[1;34m10->11  [0m[1;34m11->12  [0m[1;34m12->13  [0m[1;34m13->14  [0m[1;34m14->15  [0m[1;34m15->16  [0m[1;34m16->17  [0m[1;34m17->18  [0m[1;34m18->19  [0m[1;34m
[pthread wrapper] SKIP MASK: 0x0
[0m[1;34m	threadid 139743801521920 -> core 1 - OK[0m[1;34m
[0m[1;34m	threadid 139743793129216 -> core 2 - OK[0m[1;34m
[0m[1;34m	threadid 139743784736512 -> core 3 - OK[0m[1;34m
[0m[1;34m	threadid 139743776343808 -> core 4 - OK[0m[1;34m
[0m[1;34m	threadid 139743767951104 -> core 5 - OK[0m[1;34m
[0m[1;34m	threadid 139743759558400 -> core 6 - OK[0m[1;34m
[0m[1;34m	threadid 139743751165696 -> core 7 - OK[0m[1;34m
[0m[1;34m	threadid 139743742772992 -> core 8 - OK[0m[1;34m
[0m[1;34m	threadid 139743734380288 -> core 9 - OK[0m[1;34m
[0m[1;34m	threadid 139743725987584 -> core 10 - OK[0m[1;34m
[0m[1;34m	threadid 139743717594880 -> core 11 - OK[0m[1;34m
[0m[1;34m	threadid 139743709202176 -> core 12 - OK[0m[1;34m
[0m[1;34m	threadid 139743700809472 -> core 13 - OK[0m[1;34m
[0m[1;34m	threadid 139743692416768 -> core 14 - OK[0m[1;34m
[0m[1;34m	threadid 139743684024064 -> core 15 - OK[0m[1;34m
[0m[1;34m	threadid 139743675631360 -> core 16 - OK[0m[1;34m
[0m[1;34m	threadid 139743667238656 -> core 17 - OK[0m[1;34m
[0m[1;34m	threadid 139743658845952 -> core 18 - OK[0m[1;34m
[0m[1;34m	threadid 139743650453248 -> core 19 - OK[0m[1;34m
[0miterations: 200
Total iterations: 48412800 LUP
FLOP: 89
Total work: 4308739200 FLOP
performance: 0.390190 GLUP/s
Performance in GFLOP/s: 34.726911
size: 250000
time: 0.124075
[1;34m[pthread wrapper] 
[0m[1;34m[pthread wrapper] MAIN -> 0
[0m[1;34m[pthread wrapper] PIN_MASK: [0m[1;34m0->1  [0m[1;34m1->2  [0m[1;34m2->3  [0m[1;34m3->4  [0m[1;34m4->5  [0m[1;34m5->6  [0m[1;34m6->7  [0m[1;34m7->8  [0m[1;34m8->9  [0m[1;34m9->10  [0m[1;34m10->11  [0m[1;34m11->12  [0m[1;34m12->13  [0m[1;34m13->14  [0m[1;34m14->15  [0m[1;34m15->16  [0m[1;34m16->17  [0m[1;34m17->18  [0m[1;34m18->19  [0m[1;34m
[pthread wrapper] SKIP MASK: 0x0
[0m[1;34m	threadid 140114050340608 -> core 1 - OK[0m[1;34m
[0m[1;34m	threadid 140114041947904 -> core 2 - OK[0m[1;34m
[0m[1;34m	threadid 140114033555200 -> core 3 - OK[0m[1;34m
[0m[1;34m	threadid 140114025162496 -> core 4 - OK[0m[1;34m
[0m[1;34m	threadid 140114016769792 -> core 5 - OK[0m[1;34m
[0m[1;34m	threadid 140114008377088 -> core 6 - OK[0m[1;34m
[0m[1;34m	threadid 140113999984384 -> core 7 - OK[0m[1;34m
[0m[1;34m	threadid 140113991591680 -> core 8 - OK[0m[1;34m
[0m[1;34m	threadid 140113983198976 -> core 9 - OK[0m[1;34m
[0m[1;34m	threadid 140113974806272 -> core 10 - OK[0m[1;34m
[0m[1;34m	threadid 140113966413568 -> core 11 - OK[0m[1;34m
[0m[1;34m	threadid 140113958020864 -> core 12 - OK[0m[1;34m
[0m[1;34m	threadid 140113949628160 -> core 13 - OK[0m[1;34m
[0m[1;34m	threadid 140113941235456 -> core 14 - OK[0m[1;34m
[0m[1;34m	threadid 140113932842752 -> core 15 - OK[0m[1;34m
[0m[1;34m	threadid 140113924450048 -> core 16 - OK[0m[1;34m
[0m[1;34m	threadid 140113916057344 -> core 17 - OK[0m[1;34m
[0m[1;34m	threadid 140113907664640 -> core 18 - OK[0m[1;34m
[0m[1;34m	threadid 140113899271936 -> core 19 - OK[0m[1;34m
[0miterations: 200
Total iterations: 48412800 LUP
FLOP: 89
Total work: 4308739200 FLOP
performance: 0.390580 GLUP/s
Performance in GFLOP/s: 34.761645
size: 250000
time: 0.123951
