iterations: 100
Total iterations: 895206400 LUP
FLOP: 89
Total work: 79673369600 FLOP
performance: 0.263893 GLUP/s
Performance in GFLOP/s: 23.486520
size: 9000000
time: 3.392302
iterations: 100
Total iterations: 895206400 LUP
FLOP: 89
Total work: 79673369600 FLOP
performance: 0.263781 GLUP/s
Performance in GFLOP/s: 23.476506
size: 9000000
time: 3.393749
iterations: 100
Total iterations: 895206400 LUP
FLOP: 89
Total work: 79673369600 FLOP
performance: 0.263682 GLUP/s
Performance in GFLOP/s: 23.467689
size: 9000000
time: 3.395024
iterations: 100
Total iterations: 895206400 LUP
FLOP: 89
Total work: 79673369600 FLOP
performance: 0.263686 GLUP/s
Performance in GFLOP/s: 23.468070
size: 9000000
time: 3.394969
iterations: 100
Total iterations: 895206400 LUP
FLOP: 89
Total work: 79673369600 FLOP
performance: 0.263757 GLUP/s
Performance in GFLOP/s: 23.474397
size: 9000000
time: 3.394054
