[1;34m[pthread wrapper] 
[0m[1;34m[pthread wrapper] MAIN -> 0
[0m[1;34m[pthread wrapper] PIN_MASK: [0m[1;34m0->1  [0m[1;34m1->2  [0m[1;34m2->3  [0m[1;34m3->4  [0m[1;34m4->5  [0m[1;34m5->6  [0m[1;34m6->7  [0m[1;34m7->8  [0m[1;34m8->9  [0m[1;34m9->20  [0m[1;34m10->21  [0m[1;34m11->22  [0m[1;34m12->23  [0m[1;34m13->24  [0m[1;34m14->25  [0m[1;34m15->26  [0m[1;34m16->27  [0m[1;34m17->28  [0m[1;34m18->29  [0m[1;34m
[pthread wrapper] SKIP MASK: 0x0
[0m[1;34m	threadid 47888724866816 -> core 1 - OK[0m[1;34m
[0m[1;34m	threadid 47888726968064 -> core 2 - OK[0m[1;34m
[0m[1;34m	threadid 47888729069312 -> core 3 - OK[0m[1;34m
[0m[1;34m	threadid 47888731170560 -> core 4 - OK[0m[1;34m
[0m[1;34m	threadid 47888733271808 -> core 5 - OK[0m[1;34m
[0m[1;34m	threadid 47888735373056 -> core 6 - OK[0m[1;34m
[0m[1;34m	threadid 47888737474304 -> core 7 - OK[0m[1;34m
[0m[1;34m	threadid 47888739575552 -> core 8 - OK[0m[1;34m
[0m[1;34m	threadid 47888741676800 -> core 9 - OK[0m[1;34m
[0m[1;34m	threadid 47888743778048 -> core 20 - OK[0m[1;34m
[0m[1;34m	threadid 47888745879296 -> core 21 - OK[0m[1;34m
[0m[1;34m	threadid 47888747980544 -> core 22 - OK[0m[1;34m
[0m[1;34m	threadid 47888750081792 -> core 23 - OK[0m[1;34m
[0m[1;34m	threadid 47888752183040 -> core 24 - OK[0m[1;34m
[0m[1;34m	threadid 47888754284288 -> core 25 - OK[0m[1;34m
[0m[1;34m	threadid 47888756385536 -> core 26 - OK[0m[1;34m
[0m[1;34m	threadid 47888758486784 -> core 27 - OK[0m[1;34m
[0m[1;34m	threadid 47888760588032 -> core 28 - OK[0m[1;34m
[0m[1;34m	threadid 47888762689280 -> core 29 - OK[0m[1;34m
[0miterations: 100
Total iterations: 895206400 LUP
FLOP: 89
Total work: 79673369600 FLOP
performance: 0.333697 GLUP/s
Performance in GFLOP/s: 29.699071
size: 9000000
time: 2.682689
[1;34m[pthread wrapper] 
[0m[1;34m[pthread wrapper] MAIN -> 0
[0m[1;34m[pthread wrapper] PIN_MASK: [0m[1;34m0->1  [0m[1;34m1->2  [0m[1;34m2->3  [0m[1;34m3->4  [0m[1;34m4->5  [0m[1;34m5->6  [0m[1;34m6->7  [0m[1;34m7->8  [0m[1;34m8->9  [0m[1;34m9->20  [0m[1;34m10->21  [0m[1;34m11->22  [0m[1;34m12->23  [0m[1;34m13->24  [0m[1;34m14->25  [0m[1;34m15->26  [0m[1;34m16->27  [0m[1;34m17->28  [0m[1;34m18->29  [0m[1;34m
[pthread wrapper] SKIP MASK: 0x0
[0m[1;34m	threadid 47478796789504 -> core 1 - OK[0m[1;34m
[0m[1;34m	threadid 47478798890752 -> core 2 - OK[0m[1;34m
[0m[1;34m	threadid 47478800992000 -> core 3 - OK[0m[1;34m
[0m[1;34m	threadid 47478803093248 -> core 4 - OK[0m[1;34m
[0m[1;34m	threadid 47478805194496 -> core 5 - OK[0m[1;34m
[0m[1;34m	threadid 47478807295744 -> core 6 - OK[0m[1;34m
[0m[1;34m	threadid 47478809396992 -> core 7 - OK[0m[1;34m
[0m[1;34m	threadid 47478811498240 -> core 8 - OK[0m[1;34m
[0m[1;34m	threadid 47478813599488 -> core 9 - OK[0m[1;34m
[0m[1;34m	threadid 47478815700736 -> core 20 - OK[0m[1;34m
[0m[1;34m	threadid 47478817801984 -> core 21 - OK[0m[1;34m
[0m[1;34m	threadid 47478819903232 -> core 22 - OK[0m[1;34m
[0m[1;34m	threadid 47478822004480 -> core 23 - OK[0m[1;34m
[0m[1;34m	threadid 47478824105728 -> core 24 - OK[0m[1;34m
[0m[1;34m	threadid 47478826206976 -> core 25 - OK[0m[1;34m
[0m[1;34m	threadid 47478828308224 -> core 26 - OK[0m[1;34m
[0m[1;34m	threadid 47478830409472 -> core 27 - OK[0m[1;34m
[0m[1;34m	threadid 47478832510720 -> core 28 - OK[0m[1;34m
[0m[1;34m	threadid 47478834611968 -> core 29 - OK[0m[1;34m
[0miterations: 100
Total iterations: 895206400 LUP
FLOP: 89
Total work: 79673369600 FLOP
performance: 0.333737 GLUP/s
Performance in GFLOP/s: 29.702569
size: 9000000
time: 2.682373
[1;34m[pthread wrapper] 
[0m[1;34m[pthread wrapper] MAIN -> 0
[0m[1;34m[pthread wrapper] PIN_MASK: [0m[1;34m0->1  [0m[1;34m1->2  [0m[1;34m2->3  [0m[1;34m3->4  [0m[1;34m4->5  [0m[1;34m5->6  [0m[1;34m6->7  [0m[1;34m7->8  [0m[1;34m8->9  [0m[1;34m9->20  [0m[1;34m10->21  [0m[1;34m11->22  [0m[1;34m12->23  [0m[1;34m13->24  [0m[1;34m14->25  [0m[1;34m15->26  [0m[1;34m16->27  [0m[1;34m17->28  [0m[1;34m18->29  [0m[1;34m
[pthread wrapper] SKIP MASK: 0x0
[0m[1;34m	threadid 47081845741312 -> core 1 - OK[0m[1;34m
[0m[1;34m	threadid 47081847842560 -> core 2 - OK[0m[1;34m
[0m[1;34m	threadid 47081849943808 -> core 3 - OK[0m[1;34m
[0m[1;34m	threadid 47081852045056 -> core 4 - OK[0m[1;34m
[0m[1;34m	threadid 47081854146304 -> core 5 - OK[0m[1;34m
[0m[1;34m	threadid 47081856247552 -> core 6 - OK[0m[1;34m
[0m[1;34m	threadid 47081858348800 -> core 7 - OK[0m[1;34m
[0m[1;34m	threadid 47081860450048 -> core 8 - OK[0m[1;34m
[0m[1;34m	threadid 47081862551296 -> core 9 - OK[0m[1;34m
[0m[1;34m	threadid 47081864652544 -> core 20 - OK[0m[1;34m
[0m[1;34m	threadid 47081866753792 -> core 21 - OK[0m[1;34m
[0m[1;34m	threadid 47081868855040 -> core 22 - OK[0m[1;34m
[0m[1;34m	threadid 47081870956288 -> core 23 - OK[0m[1;34m
[0m[1;34m	threadid 47081873057536 -> core 24 - OK[0m[1;34m
[0m[1;34m	threadid 47081875158784 -> core 25 - OK[0m[1;34m
[0m[1;34m	threadid 47081877260032 -> core 26 - OK[0m[1;34m
[0m[1;34m	threadid 47081879361280 -> core 27 - OK[0m[1;34m
[0m[1;34m	threadid 47081881462528 -> core 28 - OK[0m[1;34m
[0m[1;34m	threadid 47081883563776 -> core 29 - OK[0m[1;34m
[0miterations: 100
Total iterations: 895206400 LUP
FLOP: 89
Total work: 79673369600 FLOP
performance: 0.333715 GLUP/s
Performance in GFLOP/s: 29.700631
size: 9000000
time: 2.682548
[1;34m[pthread wrapper] 
[0m[1;34m[pthread wrapper] MAIN -> 0
[0m[1;34m[pthread wrapper] PIN_MASK: [0m[1;34m0->1  [0m[1;34m1->2  [0m[1;34m2->3  [0m[1;34m3->4  [0m[1;34m4->5  [0m[1;34m5->6  [0m[1;34m6->7  [0m[1;34m7->8  [0m[1;34m8->9  [0m[1;34m9->20  [0m[1;34m10->21  [0m[1;34m11->22  [0m[1;34m12->23  [0m[1;34m13->24  [0m[1;34m14->25  [0m[1;34m15->26  [0m[1;34m16->27  [0m[1;34m17->28  [0m[1;34m18->29  [0m[1;34m
[pthread wrapper] SKIP MASK: 0x0
[0m[1;34m	threadid 47600053032704 -> core 1 - OK[0m[1;34m
[0m[1;34m	threadid 47600055133952 -> core 2 - OK[0m[1;34m
[0m[1;34m	threadid 47600057235200 -> core 3 - OK[0m[1;34m
[0m[1;34m	threadid 47600059336448 -> core 4 - OK[0m[1;34m
[0m[1;34m	threadid 47600061437696 -> core 5 - OK[0m[1;34m
[0m[1;34m	threadid 47600063538944 -> core 6 - OK[0m[1;34m
[0m[1;34m	threadid 47600065640192 -> core 7 - OK[0m[1;34m
[0m[1;34m	threadid 47600067741440 -> core 8 - OK[0m[1;34m
[0m[1;34m	threadid 47600069842688 -> core 9 - OK[0m[1;34m
[0m[1;34m	threadid 47600071943936 -> core 20 - OK[0m[1;34m
[0m[1;34m	threadid 47600074045184 -> core 21 - OK[0m[1;34m
[0m[1;34m	threadid 47600076146432 -> core 22 - OK[0m[1;34m
[0m[1;34m	threadid 47600078247680 -> core 23 - OK[0m[1;34m
[0m[1;34m	threadid 47600080348928 -> core 24 - OK[0m[1;34m
[0m[1;34m	threadid 47600082450176 -> core 25 - OK[0m[1;34m
[0m[1;34m	threadid 47600084551424 -> core 26 - OK[0m[1;34m
[0m[1;34m	threadid 47600086652672 -> core 27 - OK[0m[1;34m
[0m[1;34m	threadid 47600088753920 -> core 28 - OK[0m[1;34m
[0m[1;34m	threadid 47600090855168 -> core 29 - OK[0m[1;34m
[0miterations: 100
Total iterations: 895206400 LUP
FLOP: 89
Total work: 79673369600 FLOP
performance: 0.333420 GLUP/s
Performance in GFLOP/s: 29.674392
size: 9000000
time: 2.684920
[1;34m[pthread wrapper] 
[0m[1;34m[pthread wrapper] MAIN -> 0
[0m[1;34m[pthread wrapper] PIN_MASK: [0m[1;34m0->1  [0m[1;34m1->2  [0m[1;34m2->3  [0m[1;34m3->4  [0m[1;34m4->5  [0m[1;34m5->6  [0m[1;34m6->7  [0m[1;34m7->8  [0m[1;34m8->9  [0m[1;34m9->20  [0m[1;34m10->21  [0m[1;34m11->22  [0m[1;34m12->23  [0m[1;34m13->24  [0m[1;34m14->25  [0m[1;34m15->26  [0m[1;34m16->27  [0m[1;34m17->28  [0m[1;34m18->29  [0m[1;34m
[pthread wrapper] SKIP MASK: 0x0
[0m[1;34m	threadid 47881353623296 -> core 1 - OK[0m[1;34m
[0m[1;34m	threadid 47881355724544 -> core 2 - OK[0m[1;34m
[0m[1;34m	threadid 47881357825792 -> core 3 - OK[0m[1;34m
[0m[1;34m	threadid 47881359927040 -> core 4 - OK[0m[1;34m
[0m[1;34m	threadid 47881362028288 -> core 5 - OK[0m[1;34m
[0m[1;34m	threadid 47881364129536 -> core 6 - OK[0m[1;34m
[0m[1;34m	threadid 47881366230784 -> core 7 - OK[0m[1;34m
[0m[1;34m	threadid 47881368332032 -> core 8 - OK[0m[1;34m
[0m[1;34m	threadid 47881370433280 -> core 9 - OK[0m[1;34m
[0m[1;34m	threadid 47881372534528 -> core 20 - OK[0m[1;34m
[0m[1;34m	threadid 47881374635776 -> core 21 - OK[0m[1;34m
[0m[1;34m	threadid 47881376737024 -> core 22 - OK[0m[1;34m
[0m[1;34m	threadid 47881378838272 -> core 23 - OK[0m[1;34m
[0m[1;34m	threadid 47881380939520 -> core 24 - OK[0m[1;34m
[0m[1;34m	threadid 47881383040768 -> core 25 - OK[0m[1;34m
[0m[1;34m	threadid 47881385142016 -> core 26 - OK[0m[1;34m
[0m[1;34m	threadid 47881387243264 -> core 27 - OK[0m[1;34m
[0m[1;34m	threadid 47881389344512 -> core 28 - OK[0m[1;34m
[0m[1;34m	threadid 47881391445760 -> core 29 - OK[0m[1;34m
[0miterations: 100
Total iterations: 895206400 LUP
FLOP: 89
Total work: 79673369600 FLOP
performance: 0.333548 GLUP/s
Performance in GFLOP/s: 29.685735
size: 9000000
time: 2.683894
