iterations: 200
Total iterations: 1790412800 LUP
FLOP: 89
Total work: 159346739200 FLOP
performance: 0.025458 GLUP/s
Performance in GFLOP/s: 2.265781
size: 9000000
time: 70.327500
[1;34m[likwid-pin] Main PID -> core 0 - OK[0m
iterations: 200
Total iterations: 1790412800 LUP
FLOP: 89
Total work: 159346739200 FLOP
performance: 0.025474 GLUP/s
Performance in GFLOP/s: 2.267214
size: 9000000
time: 70.283068
[1;34m[likwid-pin] Main PID -> core 0 - OK[0m
iterations: 200
Total iterations: 1790412800 LUP
FLOP: 89
Total work: 159346739200 FLOP
performance: 0.025481 GLUP/s
Performance in GFLOP/s: 2.267802
size: 9000000
time: 70.264843
[1;34m[likwid-pin] Main PID -> core 0 - OK[0m
iterations: 200
Total iterations: 1790412800 LUP
FLOP: 89
Total work: 159346739200 FLOP
performance: 0.025477 GLUP/s
Performance in GFLOP/s: 2.267464
size: 9000000
time: 70.275303
[1;34m[likwid-pin] Main PID -> core 0 - OK[0m
iterations: 200
Total iterations: 1790412800 LUP
FLOP: 89
Total work: 159346739200 FLOP
performance: 0.025465 GLUP/s
Performance in GFLOP/s: 2.266422
size: 9000000
time: 70.307625
[1;34m[likwid-pin] Main PID -> core 0 - OK[0m
iterations: 200
Total iterations: 1790412800 LUP
FLOP: 89
Total work: 159346739200 FLOP
performance: 0.025451 GLUP/s
Performance in GFLOP/s: 2.265157
size: 9000000
time: 70.346893
[1;34m[likwid-pin] Main PID -> core 0 - OK[0m
iterations: 200
Total iterations: 1790412800 LUP
FLOP: 89
Total work: 159346739200 FLOP
performance: 0.025467 GLUP/s
Performance in GFLOP/s: 2.266583
size: 9000000
time: 70.302636
[1;34m[likwid-pin] Main PID -> core 0 - OK[0m
iterations: 200
Total iterations: 1790412800 LUP
FLOP: 89
Total work: 159346739200 FLOP
performance: 0.025474 GLUP/s
Performance in GFLOP/s: 2.267208
size: 9000000
time: 70.283254
[1;34m[likwid-pin] Main PID -> core 0 - OK[0m
iterations: 200
Total iterations: 1790412800 LUP
FLOP: 89
Total work: 159346739200 FLOP
performance: 0.025469 GLUP/s
Performance in GFLOP/s: 2.266728
size: 9000000
time: 70.298119
[1;34m[likwid-pin] Main PID -> core 0 - OK[0m
iterations: 200
Total iterations: 1790412800 LUP
FLOP: 89
Total work: 159346739200 FLOP
performance: 0.025464 GLUP/s
Performance in GFLOP/s: 2.266314
size: 9000000
time: 70.310978
[1;34m[likwid-pin] Main PID -> core 0 - OK[0m
