iterations: 100
Total iterations: 895206400 LUP
FLOP: 89
Total work: 79673369600 FLOP
performance: 0.067137 GLUP/s
Performance in GFLOP/s: 5.975177
size: 9000000
time: 13.334060
iterations: 100
Total iterations: 895206400 LUP
FLOP: 89
Total work: 79673369600 FLOP
performance: 0.067477 GLUP/s
Performance in GFLOP/s: 6.005490
size: 9000000
time: 13.266755
iterations: 100
Total iterations: 895206400 LUP
FLOP: 89
Total work: 79673369600 FLOP
performance: 0.067475 GLUP/s
Performance in GFLOP/s: 6.005271
size: 9000000
time: 13.267240
iterations: 100
Total iterations: 895206400 LUP
FLOP: 89
Total work: 79673369600 FLOP
performance: 0.067484 GLUP/s
Performance in GFLOP/s: 6.006046
size: 9000000
time: 13.265528
iterations: 100
Total iterations: 895206400 LUP
FLOP: 89
Total work: 79673369600 FLOP
performance: 0.067461 GLUP/s
Performance in GFLOP/s: 6.004068
size: 9000000
time: 13.269898
