[1;34m[pthread wrapper] 
[0m[1;34m[pthread wrapper] MAIN -> 0
[0m[1;34m[pthread wrapper] PIN_MASK: [0m[1;34m0->1  [0m[1;34m1->2  [0m[1;34m2->10  [0m[1;34m3->11  [0m[1;34m4->12  [0m[1;34m
[pthread wrapper] SKIP MASK: 0x0
[0m[1;34m	threadid 47360198018816 -> core 1 - OK[0m[1;34m
[0m[1;34m	threadid 47360200120064 -> core 2 - OK[0m[1;34m
[0m[1;34m	threadid 47360202221312 -> core 10 - OK[0m[1;34m
[0m[1;34m	threadid 47360204322560 -> core 11 - OK[0m[1;34m
[0m[1;34m	threadid 47360206423808 -> core 12 - OK[0m[1;34m
[0miterations: 100
Total iterations: 895206400 LUP
FLOP: 89
Total work: 79673369600 FLOP
performance: 0.197545 GLUP/s
Performance in GFLOP/s: 17.581463
size: 9000000
time: 4.531669
[1;34m[pthread wrapper] 
[0m[1;34m[pthread wrapper] MAIN -> 0
[0m[1;34m[pthread wrapper] PIN_MASK: [0m[1;34m0->1  [0m[1;34m1->2  [0m[1;34m2->10  [0m[1;34m3->11  [0m[1;34m4->12  [0m[1;34m
[pthread wrapper] SKIP MASK: 0x0
[0m[1;34m	threadid 47158267913984 -> core 1 - OK[0m[1;34m
[0m[1;34m	threadid 47158270015232 -> core 2 - OK[0m[1;34m
[0m[1;34m	threadid 47158272116480 -> core 10 - OK[0m[1;34m
[0m[1;34m	threadid 47158274217728 -> core 11 - OK[0m[1;34m
[0m[1;34m	threadid 47158276318976 -> core 12 - OK[0m[1;34m
[0miterations: 100
Total iterations: 895206400 LUP
FLOP: 89
Total work: 79673369600 FLOP
performance: 0.197609 GLUP/s
Performance in GFLOP/s: 17.587203
size: 9000000
time: 4.530190
[1;34m[pthread wrapper] 
[0m[1;34m[pthread wrapper] MAIN -> 0
[0m[1;34m[pthread wrapper] PIN_MASK: [0m[1;34m0->1  [0m[1;34m1->2  [0m[1;34m2->10  [0m[1;34m3->11  [0m[1;34m4->12  [0m[1;34m
[pthread wrapper] SKIP MASK: 0x0
[0m[1;34m	threadid 46922004240128 -> core 1 - OK[0m[1;34m
[0m[1;34m	threadid 46922006341376 -> core 2 - OK[0m[1;34m
[0m[1;34m	threadid 46922008442624 -> core 10 - OK[0m[1;34m
[0m[1;34m	threadid 46922010543872 -> core 11 - OK[0m[1;34m
[0m[1;34m	threadid 46922012645120 -> core 12 - OK[0m[1;34m
[0miterations: 100
Total iterations: 895206400 LUP
FLOP: 89
Total work: 79673369600 FLOP
performance: 0.197716 GLUP/s
Performance in GFLOP/s: 17.596739
size: 9000000
time: 4.527735
[1;34m[pthread wrapper] 
[0m[1;34m[pthread wrapper] MAIN -> 0
[0m[1;34m[pthread wrapper] PIN_MASK: [0m[1;34m0->1  [0m[1;34m1->2  [0m[1;34m2->10  [0m[1;34m3->11  [0m[1;34m4->12  [0m[1;34m
[pthread wrapper] SKIP MASK: 0x0
[0m[1;34m	threadid 47223188096768 -> core 1 - OK[0m[1;34m
[0m[1;34m	threadid 47223190198016 -> core 2 - OK[0m[1;34m
[0m[1;34m	threadid 47223192299264 -> core 10 - OK[0m[1;34m
[0m[1;34m	threadid 47223194400512 -> core 11 - OK[0m[1;34m
[0m[1;34m	threadid 47223196501760 -> core 12 - OK[0m[1;34m
[0miterations: 100
Total iterations: 895206400 LUP
FLOP: 89
Total work: 79673369600 FLOP
performance: 0.197692 GLUP/s
Performance in GFLOP/s: 17.594601
size: 9000000
time: 4.528285
[1;34m[pthread wrapper] 
[0m[1;34m[pthread wrapper] MAIN -> 0
[0m[1;34m[pthread wrapper] PIN_MASK: [0m[1;34m0->1  [0m[1;34m1->2  [0m[1;34m2->10  [0m[1;34m3->11  [0m[1;34m4->12  [0m[1;34m
[pthread wrapper] SKIP MASK: 0x0
[0m[1;34m	threadid 47607245125376 -> core 1 - OK[0m[1;34m
[0m[1;34m	threadid 47607247226624 -> core 2 - OK[0m[1;34m
[0m[1;34m	threadid 47607249327872 -> core 10 - OK[0m[1;34m
[0m[1;34m	threadid 47607251429120 -> core 11 - OK[0m[1;34m
[0m[1;34m	threadid 47607253530368 -> core 12 - OK[0m[1;34m
[0miterations: 100
Total iterations: 895206400 LUP
FLOP: 89
Total work: 79673369600 FLOP
performance: 0.197667 GLUP/s
Performance in GFLOP/s: 17.592344
size: 9000000
time: 4.528866
