[1;34m[pthread wrapper] 
[0m[1;34m[pthread wrapper] MAIN -> 0
[0m[1;34m[pthread wrapper] PIN_MASK: [0m[1;34m0->1  [0m[1;34m1->2  [0m[1;34m2->3  [0m[1;34m3->4  [0m[1;34m4->5  [0m[1;34m5->6  [0m[1;34m6->7  [0m[1;34m
[pthread wrapper] SKIP MASK: 0x0
[0m[1;34m	threadid 47914445879040 -> core 1 - OK[0m[1;34m
[0m[1;34m	threadid 47914447980288 -> core 2 - OK[0m[1;34m
[0m[1;34m	threadid 47914450081536 -> core 3 - OK[0m[1;34m
[0m[1;34m	threadid 47914452182784 -> core 4 - OK[0m[1;34m
[0m[1;34m	threadid 47914454284032 -> core 5 - OK[0m[1;34m
[0m[1;34m	threadid 47914456385280 -> core 6 - OK[0m[1;34m
[0m[1;34m	threadid 47914458486528 -> core 7 - OK[0m[1;34m
[0miterations: 100
Total iterations: 895206400 LUP
FLOP: 89
Total work: 79673369600 FLOP
performance: 0.265230 GLUP/s
Performance in GFLOP/s: 23.605440
size: 9000000
time: 3.375212
[1;34m[pthread wrapper] 
[0m[1;34m[pthread wrapper] MAIN -> 0
[0m[1;34m[pthread wrapper] PIN_MASK: [0m[1;34m0->1  [0m[1;34m1->2  [0m[1;34m2->3  [0m[1;34m3->4  [0m[1;34m4->5  [0m[1;34m5->6  [0m[1;34m6->7  [0m[1;34m
[pthread wrapper] SKIP MASK: 0x0
[0m[1;34m	threadid 47409114949376 -> core 1 - OK[0m[1;34m
[0m[1;34m	threadid 47409117050624 -> core 2 - OK[0m[1;34m
[0m[1;34m	threadid 47409119151872 -> core 3 - OK[0m[1;34m
[0m[1;34m	threadid 47409121253120 -> core 4 - OK[0m[1;34m
[0m[1;34m	threadid 47409123354368 -> core 5 - OK[0m[1;34m
[0m[1;34m	threadid 47409125455616 -> core 6 - OK[0m[1;34m
[0m[1;34m	threadid 47409127556864 -> core 7 - OK[0m[1;34m
[0miterations: 100
Total iterations: 895206400 LUP
FLOP: 89
Total work: 79673369600 FLOP
performance: 0.265243 GLUP/s
Performance in GFLOP/s: 23.606664
size: 9000000
time: 3.375037
[1;34m[pthread wrapper] 
[0m[1;34m[pthread wrapper] MAIN -> 0
[0m[1;34m[pthread wrapper] PIN_MASK: [0m[1;34m0->1  [0m[1;34m1->2  [0m[1;34m2->3  [0m[1;34m3->4  [0m[1;34m4->5  [0m[1;34m5->6  [0m[1;34m6->7  [0m[1;34m
[pthread wrapper] SKIP MASK: 0x0
[0m[1;34m	threadid 47563981764352 -> core 1 - OK[0m[1;34m
[0m[1;34m	threadid 47563983865600 -> core 2 - OK[0m[1;34m
[0m[1;34m	threadid 47563985966848 -> core 3 - OK[0m[1;34m
[0m[1;34m	threadid 47563988068096 -> core 4 - OK[0m[1;34m
[0m[1;34m	threadid 47563990169344 -> core 5 - OK[0m[1;34m
[0m[1;34m	threadid 47563992270592 -> core 6 - OK[0m[1;34m
[0m[1;34m	threadid 47563994371840 -> core 7 - OK[0m[1;34m
[0miterations: 100
Total iterations: 895206400 LUP
FLOP: 89
Total work: 79673369600 FLOP
performance: 0.265419 GLUP/s
Performance in GFLOP/s: 23.622280
size: 9000000
time: 3.372806
[1;34m[pthread wrapper] 
[0m[1;34m[pthread wrapper] MAIN -> 0
[0m[1;34m[pthread wrapper] PIN_MASK: [0m[1;34m0->1  [0m[1;34m1->2  [0m[1;34m2->3  [0m[1;34m3->4  [0m[1;34m4->5  [0m[1;34m5->6  [0m[1;34m6->7  [0m[1;34m
[pthread wrapper] SKIP MASK: 0x0
[0m[1;34m	threadid 47035144836864 -> core 1 - OK[0m[1;34m
[0m[1;34m	threadid 47035146938112 -> core 2 - OK[0m[1;34m
[0m[1;34m	threadid 47035149039360 -> core 3 - OK[0m[1;34m
[0m[1;34m	threadid 47035151140608 -> core 4 - OK[0m[1;34m
[0m[1;34m	threadid 47035153241856 -> core 5 - OK[0m[1;34m
[0m[1;34m	threadid 47035155343104 -> core 6 - OK[0m[1;34m
[0m[1;34m	threadid 47035157444352 -> core 7 - OK[0m[1;34m
[0miterations: 100
Total iterations: 895206400 LUP
FLOP: 89
Total work: 79673369600 FLOP
performance: 0.265260 GLUP/s
Performance in GFLOP/s: 23.608113
size: 9000000
time: 3.374830
[1;34m[pthread wrapper] 
[0m[1;34m[pthread wrapper] MAIN -> 0
[0m[1;34m[pthread wrapper] PIN_MASK: [0m[1;34m0->1  [0m[1;34m1->2  [0m[1;34m2->3  [0m[1;34m3->4  [0m[1;34m4->5  [0m[1;34m5->6  [0m[1;34m6->7  [0m[1;34m
[pthread wrapper] SKIP MASK: 0x0
[0m[1;34m	threadid 47162166146816 -> core 1 - OK[0m[1;34m
[0m[1;34m	threadid 47162168248064 -> core 2 - OK[0m[1;34m
[0m[1;34m	threadid 47162170349312 -> core 3 - OK[0m[1;34m
[0m[1;34m	threadid 47162172450560 -> core 4 - OK[0m[1;34m
[0m[1;34m	threadid 47162174551808 -> core 5 - OK[0m[1;34m
[0m[1;34m	threadid 47162176653056 -> core 6 - OK[0m[1;34m
[0m[1;34m	threadid 47162178754304 -> core 7 - OK[0m[1;34m
[0miterations: 100
Total iterations: 895206400 LUP
FLOP: 89
Total work: 79673369600 FLOP
performance: 0.265193 GLUP/s
Performance in GFLOP/s: 23.602197
size: 9000000
time: 3.375676
