[1;34m[pthread wrapper] 
[0m[1;34m[pthread wrapper] MAIN -> 0
[0m[1;34m[pthread wrapper] PIN_MASK: [0m[1;34m0->1  [0m[1;34m1->2  [0m[1;34m2->3  [0m[1;34m
[pthread wrapper] SKIP MASK: 0x0
[0m[1;34m	threadid 47000422459136 -> core 1 - OK[0m[1;34m
[0m[1;34m	threadid 47000424560384 -> core 2 - OK[0m[1;34m
[0m[1;34m	threadid 47000426661632 -> core 3 - OK[0m[1;34m
[0miterations: 100
Total iterations: 895206400 LUP
FLOP: 89
Total work: 79673369600 FLOP
performance: 0.135540 GLUP/s
Performance in GFLOP/s: 12.063041
size: 9000000
time: 6.604750
[1;34m[pthread wrapper] 
[0m[1;34m[pthread wrapper] MAIN -> 0
[0m[1;34m[pthread wrapper] PIN_MASK: [0m[1;34m0->1  [0m[1;34m1->2  [0m[1;34m2->3  [0m[1;34m
[pthread wrapper] SKIP MASK: 0x0
[0m[1;34m	threadid 47226702489344 -> core 1 - OK[0m[1;34m
[0m[1;34m	threadid 47226704590592 -> core 2 - OK[0m[1;34m
[0m[1;34m	threadid 47226706691840 -> core 3 - OK[0m[1;34m
[0miterations: 100
Total iterations: 895206400 LUP
FLOP: 89
Total work: 79673369600 FLOP
performance: 0.135557 GLUP/s
Performance in GFLOP/s: 12.064615
size: 9000000
time: 6.603888
[1;34m[pthread wrapper] 
[0m[1;34m[pthread wrapper] MAIN -> 0
[0m[1;34m[pthread wrapper] PIN_MASK: [0m[1;34m0->1  [0m[1;34m1->2  [0m[1;34m2->3  [0m[1;34m
[pthread wrapper] SKIP MASK: 0x0
[0m[1;34m	threadid 47024772482816 -> core 1 - OK[0m[1;34m
[0m[1;34m	threadid 47024774584064 -> core 2 - OK[0m[1;34m
[0m[1;34m	threadid 47024776685312 -> core 3 - OK[0m[1;34m
[0miterations: 100
Total iterations: 895206400 LUP
FLOP: 89
Total work: 79673369600 FLOP
performance: 0.135566 GLUP/s
Performance in GFLOP/s: 12.065401
size: 9000000
time: 6.603458
[1;34m[pthread wrapper] 
[0m[1;34m[pthread wrapper] MAIN -> 0
[0m[1;34m[pthread wrapper] PIN_MASK: [0m[1;34m0->1  [0m[1;34m1->2  [0m[1;34m2->3  [0m[1;34m
[pthread wrapper] SKIP MASK: 0x0
[0m[1;34m	threadid 47157621466880 -> core 1 - OK[0m[1;34m
[0m[1;34m	threadid 47157623568128 -> core 2 - OK[0m[1;34m
[0m[1;34m	threadid 47157625669376 -> core 3 - OK[0m[1;34m
[0miterations: 100
Total iterations: 895206400 LUP
FLOP: 89
Total work: 79673369600 FLOP
performance: 0.135578 GLUP/s
Performance in GFLOP/s: 12.066421
size: 9000000
time: 6.602900
[1;34m[pthread wrapper] 
[0m[1;34m[pthread wrapper] MAIN -> 0
[0m[1;34m[pthread wrapper] PIN_MASK: [0m[1;34m0->1  [0m[1;34m1->2  [0m[1;34m2->3  [0m[1;34m
[pthread wrapper] SKIP MASK: 0x0
[0m[1;34m	threadid 47242544359168 -> core 1 - OK[0m[1;34m
[0m[1;34m	threadid 47242546460416 -> core 2 - OK[0m[1;34m
[0m[1;34m	threadid 47242548561664 -> core 3 - OK[0m[1;34m
[0miterations: 100
Total iterations: 895206400 LUP
FLOP: 89
Total work: 79673369600 FLOP
performance: 0.135558 GLUP/s
Performance in GFLOP/s: 12.064690
size: 9000000
time: 6.603847
