iterations: 200
Total iterations: 48412800 LUP
FLOP: 89
Total work: 4308739200 FLOP
performance: 0.198456 GLUP/s
Performance in GFLOP/s: 17.662602
size: 250000
time: 0.243947
iterations: 200
Total iterations: 48412800 LUP
FLOP: 89
Total work: 4308739200 FLOP
performance: 0.198630 GLUP/s
Performance in GFLOP/s: 17.678100
size: 250000
time: 0.243733
iterations: 200
Total iterations: 48412800 LUP
FLOP: 89
Total work: 4308739200 FLOP
performance: 0.198493 GLUP/s
Performance in GFLOP/s: 17.665865
size: 250000
time: 0.243902
iterations: 200
Total iterations: 48412800 LUP
FLOP: 89
Total work: 4308739200 FLOP
performance: 0.198614 GLUP/s
Performance in GFLOP/s: 17.676647
size: 250000
time: 0.243753
iterations: 200
Total iterations: 48412800 LUP
FLOP: 89
Total work: 4308739200 FLOP
performance: 0.198448 GLUP/s
Performance in GFLOP/s: 17.661877
size: 250000
time: 0.243957
iterations: 200
Total iterations: 48412800 LUP
FLOP: 89
Total work: 4308739200 FLOP
performance: 0.198613 GLUP/s
Performance in GFLOP/s: 17.676578
size: 250000
time: 0.243754
iterations: 200
Total iterations: 48412800 LUP
FLOP: 89
Total work: 4308739200 FLOP
performance: 0.198519 GLUP/s
Performance in GFLOP/s: 17.668179
size: 250000
time: 0.243870
iterations: 200
Total iterations: 48412800 LUP
FLOP: 89
Total work: 4308739200 FLOP
performance: 0.198575 GLUP/s
Performance in GFLOP/s: 17.673190
size: 250000
time: 0.243801
iterations: 200
Total iterations: 48412800 LUP
FLOP: 89
Total work: 4308739200 FLOP
performance: 0.198409 GLUP/s
Performance in GFLOP/s: 17.658408
size: 250000
time: 0.244005
iterations: 200
Total iterations: 48412800 LUP
FLOP: 89
Total work: 4308739200 FLOP
performance: 0.198643 GLUP/s
Performance in GFLOP/s: 17.679189
size: 250000
time: 0.243718
