[1;34m[pthread wrapper] 
[0m[1;34m[pthread wrapper] MAIN -> 0
[0m[1;34m[pthread wrapper] PIN_MASK: [0m[1;34m0->1  [0m[1;34m1->2  [0m[1;34m2->3  [0m[1;34m3->4  [0m[1;34m4->5  [0m[1;34m5->6  [0m[1;34m6->7  [0m[1;34m7->8  [0m[1;34m8->9  [0m[1;34m9->10  [0m[1;34m10->11  [0m[1;34m11->12  [0m[1;34m12->13  [0m[1;34m13->14  [0m[1;34m14->15  [0m[1;34m15->16  [0m[1;34m16->17  [0m[1;34m17->18  [0m[1;34m18->19  [0m[1;34m
[pthread wrapper] SKIP MASK: 0x0
[0m[1;34m	threadid 47988565219072 -> core 1 - OK[0m[1;34m
[0m[1;34m	threadid 47988567320320 -> core 2 - OK[0m[1;34m
[0m[1;34m	threadid 47988569421568 -> core 3 - OK[0m[1;34m
[0m[1;34m	threadid 47988571522816 -> core 4 - OK[0m[1;34m
[0m[1;34m	threadid 47988573624064 -> core 5 - OK[0m[1;34m
[0m[1;34m	threadid 47988575725312 -> core 6 - OK[0m[1;34m
[0m[1;34m	threadid 47988577826560 -> core 7 - OK[0m[1;34m
[0m[1;34m	threadid 47988579927808 -> core 8 - OK[0m[1;34m
[0m[1;34m	threadid 47988582029056 -> core 9 - OK[0m[1;34m
[0m[1;34m	threadid 47988584130304 -> core 10 - OK[0m[1;34m
[0m[1;34m	threadid 47988586231552 -> core 11 - OK[0m[1;34m
[0m[1;34m	threadid 47988588332800 -> core 12 - OK[0m[1;34m
[0m[1;34m	threadid 47988590434048 -> core 13 - OK[0m[1;34m
[0m[1;34m	threadid 47988592535296 -> core 14 - OK[0m[1;34m
[0m[1;34m	threadid 47988594636544 -> core 15 - OK[0m[1;34m
[0m[1;34m	threadid 47988596737792 -> core 16 - OK[0m[1;34m
[0m[1;34m	threadid 47988598839040 -> core 17 - OK[0m[1;34m
[0m[1;34m	threadid 47988600940288 -> core 18 - OK[0m[1;34m
[0m[1;34m	threadid 47988603041536 -> core 19 - OK[0m[1;34m
[0miterations: 100
Total iterations: 895206400 LUP
FLOP: 89
Total work: 79673369600 FLOP
performance: 0.628134 GLUP/s
Performance in GFLOP/s: 55.903918
size: 9000000
time: 1.425184
[1;34m[pthread wrapper] 
[0m[1;34m[pthread wrapper] MAIN -> 0
[0m[1;34m[pthread wrapper] PIN_MASK: [0m[1;34m0->1  [0m[1;34m1->2  [0m[1;34m2->3  [0m[1;34m3->4  [0m[1;34m4->5  [0m[1;34m5->6  [0m[1;34m6->7  [0m[1;34m7->8  [0m[1;34m8->9  [0m[1;34m9->10  [0m[1;34m10->11  [0m[1;34m11->12  [0m[1;34m12->13  [0m[1;34m13->14  [0m[1;34m14->15  [0m[1;34m15->16  [0m[1;34m16->17  [0m[1;34m17->18  [0m[1;34m18->19  [0m[1;34m
[pthread wrapper] SKIP MASK: 0x0
[0m[1;34m	threadid 47274303563520 -> core 1 - OK[0m[1;34m
[0m[1;34m	threadid 47274305664768 -> core 2 - OK[0m[1;34m
[0m[1;34m	threadid 47274307766016 -> core 3 - OK[0m[1;34m
[0m[1;34m	threadid 47274309867264 -> core 4 - OK[0m[1;34m
[0m[1;34m	threadid 47274311968512 -> core 5 - OK[0m[1;34m
[0m[1;34m	threadid 47274314069760 -> core 6 - OK[0m[1;34m
[0m[1;34m	threadid 47274316171008 -> core 7 - OK[0m[1;34m
[0m[1;34m	threadid 47274318272256 -> core 8 - OK[0m[1;34m
[0m[1;34m	threadid 47274320373504 -> core 9 - OK[0m[1;34m
[0m[1;34m	threadid 47274322474752 -> core 10 - OK[0m[1;34m
[0m[1;34m	threadid 47274324576000 -> core 11 - OK[0m[1;34m
[0m[1;34m	threadid 47274326677248 -> core 12 - OK[0m[1;34m
[0m[1;34m	threadid 47274328778496 -> core 13 - OK[0m[1;34m
[0m[1;34m	threadid 47274330879744 -> core 14 - OK[0m[1;34m
[0m[1;34m	threadid 47274332980992 -> core 15 - OK[0m[1;34m
[0m[1;34m	threadid 47274335082240 -> core 16 - OK[0m[1;34m
[0m[1;34m	threadid 47274337183488 -> core 17 - OK[0m[1;34m
[0m[1;34m	threadid 47274339284736 -> core 18 - OK[0m[1;34m
[0m[1;34m	threadid 47274341385984 -> core 19 - OK[0m[1;34m
[0miterations: 100
Total iterations: 895206400 LUP
FLOP: 89
Total work: 79673369600 FLOP
performance: 0.629497 GLUP/s
Performance in GFLOP/s: 56.025272
size: 9000000
time: 1.422097
[1;34m[pthread wrapper] 
[0m[1;34m[pthread wrapper] MAIN -> 0
[0m[1;34m[pthread wrapper] PIN_MASK: [0m[1;34m0->1  [0m[1;34m1->2  [0m[1;34m2->3  [0m[1;34m3->4  [0m[1;34m4->5  [0m[1;34m5->6  [0m[1;34m6->7  [0m[1;34m7->8  [0m[1;34m8->9  [0m[1;34m9->10  [0m[1;34m10->11  [0m[1;34m11->12  [0m[1;34m12->13  [0m[1;34m13->14  [0m[1;34m14->15  [0m[1;34m15->16  [0m[1;34m16->17  [0m[1;34m17->18  [0m[1;34m18->19  [0m[1;34m
[pthread wrapper] SKIP MASK: 0x0
[0m[1;34m	threadid 47196917053184 -> core 1 - OK[0m[1;34m
[0m[1;34m	threadid 47196919154432 -> core 2 - OK[0m[1;34m
[0m[1;34m	threadid 47196921255680 -> core 3 - OK[0m[1;34m
[0m[1;34m	threadid 47196923356928 -> core 4 - OK[0m[1;34m
[0m[1;34m	threadid 47196925458176 -> core 5 - OK[0m[1;34m
[0m[1;34m	threadid 47196927559424 -> core 6 - OK[0m[1;34m
[0m[1;34m	threadid 47196929660672 -> core 7 - OK[0m[1;34m
[0m[1;34m	threadid 47196931761920 -> core 8 - OK[0m[1;34m
[0m[1;34m	threadid 47196933863168 -> core 9 - OK[0m[1;34m
[0m[1;34m	threadid 47196935964416 -> core 10 - OK[0m[1;34m
[0m[1;34m	threadid 47196938065664 -> core 11 - OK[0m[1;34m
[0m[1;34m	threadid 47196940166912 -> core 12 - OK[0m[1;34m
[0m[1;34m	threadid 47196942268160 -> core 13 - OK[0m[1;34m
[0m[1;34m	threadid 47196944369408 -> core 14 - OK[0m[1;34m
[0m[1;34m	threadid 47196946470656 -> core 15 - OK[0m[1;34m
[0m[1;34m	threadid 47196948571904 -> core 16 - OK[0m[1;34m
[0m[1;34m	threadid 47196950673152 -> core 17 - OK[0m[1;34m
[0m[1;34m	threadid 47196952774400 -> core 18 - OK[0m[1;34m
[0m[1;34m	threadid 47196954875648 -> core 19 - OK[0m[1;34m
[0miterations: 100
Total iterations: 895206400 LUP
FLOP: 89
Total work: 79673369600 FLOP
performance: 0.629491 GLUP/s
Performance in GFLOP/s: 56.024718
size: 9000000
time: 1.422111
[1;34m[pthread wrapper] 
[0m[1;34m[pthread wrapper] MAIN -> 0
[0m[1;34m[pthread wrapper] PIN_MASK: [0m[1;34m0->1  [0m[1;34m1->2  [0m[1;34m2->3  [0m[1;34m3->4  [0m[1;34m4->5  [0m[1;34m5->6  [0m[1;34m6->7  [0m[1;34m7->8  [0m[1;34m8->9  [0m[1;34m9->10  [0m[1;34m10->11  [0m[1;34m11->12  [0m[1;34m12->13  [0m[1;34m13->14  [0m[1;34m14->15  [0m[1;34m15->16  [0m[1;34m16->17  [0m[1;34m17->18  [0m[1;34m18->19  [0m[1;34m
[pthread wrapper] SKIP MASK: 0x0
[0m[1;34m	threadid 47916730717952 -> core 1 - OK[0m[1;34m
[0m[1;34m	threadid 47916732819200 -> core 2 - OK[0m[1;34m
[0m[1;34m	threadid 47916734920448 -> core 3 - OK[0m[1;34m
[0m[1;34m	threadid 47916737021696 -> core 4 - OK[0m[1;34m
[0m[1;34m	threadid 47916739122944 -> core 5 - OK[0m[1;34m
[0m[1;34m	threadid 47916741224192 -> core 6 - OK[0m[1;34m
[0m[1;34m	threadid 47916743325440 -> core 7 - OK[0m[1;34m
[0m[1;34m	threadid 47916745426688 -> core 8 - OK[0m[1;34m
[0m[1;34m	threadid 47916747527936 -> core 9 - OK[0m[1;34m
[0m[1;34m	threadid 47916749629184 -> core 10 - OK[0m[1;34m
[0m[1;34m	threadid 47916751730432 -> core 11 - OK[0m[1;34m
[0m[1;34m	threadid 47916753831680 -> core 12 - OK[0m[1;34m
[0m[1;34m	threadid 47916755932928 -> core 13 - OK[0m[1;34m
[0m[1;34m	threadid 47916758034176 -> core 14 - OK[0m[1;34m
[0m[1;34m	threadid 47916760135424 -> core 15 - OK[0m[1;34m
[0m[1;34m	threadid 47916762236672 -> core 16 - OK[0m[1;34m
[0m[1;34m	threadid 47916764337920 -> core 17 - OK[0m[1;34m
[0m[1;34m	threadid 47916766439168 -> core 18 - OK[0m[1;34m
[0m[1;34m	threadid 47916768540416 -> core 19 - OK[0m[1;34m
[0miterations: 100
Total iterations: 895206400 LUP
FLOP: 89
Total work: 79673369600 FLOP
performance: 0.630552 GLUP/s
Performance in GFLOP/s: 56.119113
size: 9000000
time: 1.419719
[1;34m[pthread wrapper] 
[0m[1;34m[pthread wrapper] MAIN -> 0
[0m[1;34m[pthread wrapper] PIN_MASK: [0m[1;34m0->1  [0m[1;34m1->2  [0m[1;34m2->3  [0m[1;34m3->4  [0m[1;34m4->5  [0m[1;34m5->6  [0m[1;34m6->7  [0m[1;34m7->8  [0m[1;34m8->9  [0m[1;34m9->10  [0m[1;34m10->11  [0m[1;34m11->12  [0m[1;34m12->13  [0m[1;34m13->14  [0m[1;34m14->15  [0m[1;34m15->16  [0m[1;34m16->17  [0m[1;34m17->18  [0m[1;34m18->19  [0m[1;34m
[pthread wrapper] SKIP MASK: 0x0
[0m[1;34m	threadid 47998553052928 -> core 1 - OK[0m[1;34m
[0m[1;34m	threadid 47998555154176 -> core 2 - OK[0m[1;34m
[0m[1;34m	threadid 47998557255424 -> core 3 - OK[0m[1;34m
[0m[1;34m	threadid 47998559356672 -> core 4 - OK[0m[1;34m
[0m[1;34m	threadid 47998561457920 -> core 5 - OK[0m[1;34m
[0m[1;34m	threadid 47998563559168 -> core 6 - OK[0m[1;34m
[0m[1;34m	threadid 47998565660416 -> core 7 - OK[0m[1;34m
[0m[1;34m	threadid 47998567761664 -> core 8 - OK[0m[1;34m
[0m[1;34m	threadid 47998569862912 -> core 9 - OK[0m[1;34m
[0m[1;34m	threadid 47998571964160 -> core 10 - OK[0m[1;34m
[0m[1;34m	threadid 47998574065408 -> core 11 - OK[0m[1;34m
[0m[1;34m	threadid 47998576166656 -> core 12 - OK[0m[1;34m
[0m[1;34m	threadid 47998578267904 -> core 13 - OK[0m[1;34m
[0m[1;34m	threadid 47998580369152 -> core 14 - OK[0m[1;34m
[0m[1;34m	threadid 47998582470400 -> core 15 - OK[0m[1;34m
[0m[1;34m	threadid 47998584571648 -> core 16 - OK[0m[1;34m
[0m[1;34m	threadid 47998586672896 -> core 17 - OK[0m[1;34m
[0m[1;34m	threadid 47998588774144 -> core 18 - OK[0m[1;34m
[0m[1;34m	threadid 47998590875392 -> core 19 - OK[0m[1;34m
[0miterations: 100
Total iterations: 895206400 LUP
FLOP: 89
Total work: 79673369600 FLOP
performance: 0.628320 GLUP/s
Performance in GFLOP/s: 55.920476
size: 9000000
time: 1.424762
