[1;34m[pthread wrapper] 
[0m[1;34m[pthread wrapper] MAIN -> 0
[0m[1;34m[pthread wrapper] PIN_MASK: [0m[1;34m0->1  [0m[1;34m1->2  [0m[1;34m2->3  [0m[1;34m3->4  [0m[1;34m4->5  [0m[1;34m5->6  [0m[1;34m6->7  [0m[1;34m7->8  [0m[1;34m8->9  [0m[1;34m
[pthread wrapper] SKIP MASK: 0x0
[0m[1;34m	threadid 47435747956480 -> core 1 - OK[0m[1;34m
[0m[1;34m	threadid 47435750057728 -> core 2 - OK[0m[1;34m
[0m[1;34m	threadid 47435752158976 -> core 3 - OK[0m[1;34m
[0m[1;34m	threadid 47435754260224 -> core 4 - OK[0m[1;34m
[0m[1;34m	threadid 47435756361472 -> core 5 - OK[0m[1;34m
[0m[1;34m	threadid 47435758462720 -> core 6 - OK[0m[1;34m
[0m[1;34m	threadid 47435760563968 -> core 7 - OK[0m[1;34m
[0m[1;34m	threadid 47435762665216 -> core 8 - OK[0m[1;34m
[0m[1;34m	threadid 47435764766464 -> core 9 - OK[0m[1;34m
[0miterations: 100
Total iterations: 895206400 LUP
FLOP: 89
Total work: 79673369600 FLOP
performance: 0.335039 GLUP/s
Performance in GFLOP/s: 29.818515
size: 9000000
time: 2.671943
[1;34m[pthread wrapper] 
[0m[1;34m[pthread wrapper] MAIN -> 0
[0m[1;34m[pthread wrapper] PIN_MASK: [0m[1;34m0->1  [0m[1;34m1->2  [0m[1;34m2->3  [0m[1;34m3->4  [0m[1;34m4->5  [0m[1;34m5->6  [0m[1;34m6->7  [0m[1;34m7->8  [0m[1;34m8->9  [0m[1;34m
[pthread wrapper] SKIP MASK: 0x0
[0m[1;34m	threadid 47369594025728 -> core 1 - OK[0m[1;34m
[0m[1;34m	threadid 47369596126976 -> core 2 - OK[0m[1;34m
[0m[1;34m	threadid 47369598228224 -> core 3 - OK[0m[1;34m
[0m[1;34m	threadid 47369600329472 -> core 4 - OK[0m[1;34m
[0m[1;34m	threadid 47369602430720 -> core 5 - OK[0m[1;34m
[0m[1;34m	threadid 47369604531968 -> core 6 - OK[0m[1;34m
[0m[1;34m	threadid 47369606633216 -> core 7 - OK[0m[1;34m
[0m[1;34m	threadid 47369608734464 -> core 8 - OK[0m[1;34m
[0m[1;34m	threadid 47369610835712 -> core 9 - OK[0m[1;34m
[0miterations: 100
Total iterations: 895206400 LUP
FLOP: 89
Total work: 79673369600 FLOP
performance: 0.335102 GLUP/s
Performance in GFLOP/s: 29.824106
size: 9000000
time: 2.671442
[1;34m[pthread wrapper] 
[0m[1;34m[pthread wrapper] MAIN -> 0
[0m[1;34m[pthread wrapper] PIN_MASK: [0m[1;34m0->1  [0m[1;34m1->2  [0m[1;34m2->3  [0m[1;34m3->4  [0m[1;34m4->5  [0m[1;34m5->6  [0m[1;34m6->7  [0m[1;34m7->8  [0m[1;34m8->9  [0m[1;34m
[pthread wrapper] SKIP MASK: 0x0
[0m[1;34m	threadid 47231160628992 -> core 1 - OK[0m[1;34m
[0m[1;34m	threadid 47231162730240 -> core 2 - OK[0m[1;34m
[0m[1;34m	threadid 47231164831488 -> core 3 - OK[0m[1;34m
[0m[1;34m	threadid 47231166932736 -> core 4 - OK[0m[1;34m
[0m[1;34m	threadid 47231169033984 -> core 5 - OK[0m[1;34m
[0m[1;34m	threadid 47231171135232 -> core 6 - OK[0m[1;34m
[0m[1;34m	threadid 47231173236480 -> core 7 - OK[0m[1;34m
[0m[1;34m	threadid 47231175337728 -> core 8 - OK[0m[1;34m
[0m[1;34m	threadid 47231177438976 -> core 9 - OK[0m[1;34m
[0miterations: 100
Total iterations: 895206400 LUP
FLOP: 89
Total work: 79673369600 FLOP
performance: 0.335110 GLUP/s
Performance in GFLOP/s: 29.824822
size: 9000000
time: 2.671378
[1;34m[pthread wrapper] 
[0m[1;34m[pthread wrapper] MAIN -> 0
[0m[1;34m[pthread wrapper] PIN_MASK: [0m[1;34m0->1  [0m[1;34m1->2  [0m[1;34m2->3  [0m[1;34m3->4  [0m[1;34m4->5  [0m[1;34m5->6  [0m[1;34m6->7  [0m[1;34m7->8  [0m[1;34m8->9  [0m[1;34m
[pthread wrapper] SKIP MASK: 0x0
[0m[1;34m	threadid 47484640724736 -> core 1 - OK[0m[1;34m
[0m[1;34m	threadid 47484642825984 -> core 2 - OK[0m[1;34m
[0m[1;34m	threadid 47484644927232 -> core 3 - OK[0m[1;34m
[0m[1;34m	threadid 47484647028480 -> core 4 - OK[0m[1;34m
[0m[1;34m	threadid 47484649129728 -> core 5 - OK[0m[1;34m
[0m[1;34m	threadid 47484651230976 -> core 6 - OK[0m[1;34m
[0m[1;34m	threadid 47484653332224 -> core 7 - OK[0m[1;34m
[0m[1;34m	threadid 47484655433472 -> core 8 - OK[0m[1;34m
[0m[1;34m	threadid 47484657534720 -> core 9 - OK[0m[1;34m
[0miterations: 100
Total iterations: 895206400 LUP
FLOP: 89
Total work: 79673369600 FLOP
performance: 0.334980 GLUP/s
Performance in GFLOP/s: 29.813191
size: 9000000
time: 2.672420
[1;34m[pthread wrapper] 
[0m[1;34m[pthread wrapper] MAIN -> 0
[0m[1;34m[pthread wrapper] PIN_MASK: [0m[1;34m0->1  [0m[1;34m1->2  [0m[1;34m2->3  [0m[1;34m3->4  [0m[1;34m4->5  [0m[1;34m5->6  [0m[1;34m6->7  [0m[1;34m7->8  [0m[1;34m8->9  [0m[1;34m
[pthread wrapper] SKIP MASK: 0x0
[0m[1;34m	threadid 47184098297600 -> core 1 - OK[0m[1;34m
[0m[1;34m	threadid 47184100398848 -> core 2 - OK[0m[1;34m
[0m[1;34m	threadid 47184102500096 -> core 3 - OK[0m[1;34m
[0m[1;34m	threadid 47184104601344 -> core 4 - OK[0m[1;34m
[0m[1;34m	threadid 47184106702592 -> core 5 - OK[0m[1;34m
[0m[1;34m	threadid 47184108803840 -> core 6 - OK[0m[1;34m
[0m[1;34m	threadid 47184110905088 -> core 7 - OK[0m[1;34m
[0m[1;34m	threadid 47184113006336 -> core 8 - OK[0m[1;34m
[0m[1;34m	threadid 47184115107584 -> core 9 - OK[0m[1;34m
[0miterations: 100
Total iterations: 895206400 LUP
FLOP: 89
Total work: 79673369600 FLOP
performance: 0.335053 GLUP/s
Performance in GFLOP/s: 29.819675
size: 9000000
time: 2.671839
