[1;34m[pthread wrapper] 
[0m[1;34m[pthread wrapper] MAIN -> 0
[0m[1;34m[pthread wrapper] PIN_MASK: [0m[1;34m0->1  [0m[1;34m1->2  [0m[1;34m2->3  [0m[1;34m3->4  [0m[1;34m4->5  [0m[1;34m5->6  [0m[1;34m6->7  [0m[1;34m7->8  [0m[1;34m8->9  [0m[1;34m9->10  [0m[1;34m10->11  [0m[1;34m11->12  [0m[1;34m12->13  [0m[1;34m13->14  [0m[1;34m14->15  [0m[1;34m
[pthread wrapper] SKIP MASK: 0x0
[0m[1;34m	threadid 140440061204224 -> core 1 - OK[0m[1;34m
[0m[1;34m	threadid 140440052811520 -> core 2 - OK[0m[1;34m
[0m[1;34m	threadid 140440044418816 -> core 3 - OK[0m[1;34m
[0m[1;34m	threadid 140440036026112 -> core 4 - OK[0m[1;34m
[0m[1;34m	threadid 140440027633408 -> core 5 - OK[0m[1;34m
[0m[1;34m	threadid 140440019240704 -> core 6 - OK[0m[1;34m
[0m[1;34m	threadid 140440010848000 -> core 7 - OK[0m[1;34m
[0m[1;34m	threadid 140440002455296 -> core 8 - OK[0m[1;34m
[0m[1;34m	threadid 140439994062592 -> core 9 - OK[0m[1;34m
[0m[1;34m	threadid 140439985669888 -> core 10 - OK[0m[1;34m
[0m[1;34m	threadid 140439977277184 -> core 11 - OK[0m[1;34m
[0m[1;34m	threadid 140439968884480 -> core 12 - OK[0m[1;34m
[0m[1;34m	threadid 140439960491776 -> core 13 - OK[0m[1;34m
[0m[1;34m	threadid 140439952099072 -> core 14 - OK[0m[1;34m
[0m[1;34m	threadid 140439943706368 -> core 15 - OK[0m[1;34m
[0miterations: 200
Total iterations: 49600800 LUP
FLOP: 11
Total work: 545608800 FLOP
performance: 3.299669 GLUP/s
Performance in GFLOP/s: 36.296360
size: 250000
time: 0.015032
[1;34m[pthread wrapper] 
[0m[1;34m[pthread wrapper] MAIN -> 0
[0m[1;34m[pthread wrapper] PIN_MASK: [0m[1;34m0->1  [0m[1;34m1->2  [0m[1;34m2->3  [0m[1;34m3->4  [0m[1;34m4->5  [0m[1;34m5->6  [0m[1;34m6->7  [0m[1;34m7->8  [0m[1;34m8->9  [0m[1;34m9->10  [0m[1;34m10->11  [0m[1;34m11->12  [0m[1;34m12->13  [0m[1;34m13->14  [0m[1;34m14->15  [0m[1;34m
[pthread wrapper] SKIP MASK: 0x0
[0m[1;34m	threadid 139717974288128 -> core 1 - OK[0m[1;34m
[0m[1;34m	threadid 139717965895424 -> core 2 - OK[0m[1;34m
[0m[1;34m	threadid 139717957502720 -> core 3 - OK[0m[1;34m
[0m[1;34m	threadid 139717949110016 -> core 4 - OK[0m[1;34m
[0m[1;34m	threadid 139717940717312 -> core 5 - OK[0m[1;34m
[0m[1;34m	threadid 139717932324608 -> core 6 - OK[0m[1;34m
[0m[1;34m	threadid 139717923931904 -> core 7 - OK[0m[1;34m
[0m[1;34m	threadid 139717915539200 -> core 8 - OK[0m[1;34m
[0m[1;34m	threadid 139717907146496 -> core 9 - OK[0m[1;34m
[0m[1;34m	threadid 139717898753792 -> core 10 - OK[0m[1;34m
[0m[1;34m	threadid 139717890361088 -> core 11 - OK[0m[1;34m
[0m[1;34m	threadid 139717881968384 -> core 12 - OK[0m[1;34m
[0m[1;34m	threadid 139717873575680 -> core 13 - OK[0m[1;34m
[0m[1;34m	threadid 139717865182976 -> core 14 - OK[0m[1;34m
[0m[1;34m	threadid 139717856790272 -> core 15 - OK[0m[1;34m
[0miterations: 200
Total iterations: 49600800 LUP
FLOP: 11
Total work: 545608800 FLOP
performance: 3.306329 GLUP/s
Performance in GFLOP/s: 36.369619
size: 250000
time: 0.015002
[1;34m[pthread wrapper] 
[0m[1;34m[pthread wrapper] MAIN -> 0
[0m[1;34m[pthread wrapper] PIN_MASK: [0m[1;34m0->1  [0m[1;34m1->2  [0m[1;34m2->3  [0m[1;34m3->4  [0m[1;34m4->5  [0m[1;34m5->6  [0m[1;34m6->7  [0m[1;34m7->8  [0m[1;34m8->9  [0m[1;34m9->10  [0m[1;34m10->11  [0m[1;34m11->12  [0m[1;34m12->13  [0m[1;34m13->14  [0m[1;34m14->15  [0m[1;34m
[pthread wrapper] SKIP MASK: 0x0
[0m[1;34m	threadid 140073570199296 -> core 1 - OK[0m[1;34m
[0m[1;34m	threadid 140073561806592 -> core 2 - OK[0m[1;34m
[0m[1;34m	threadid 140073553413888 -> core 3 - OK[0m[1;34m
[0m[1;34m	threadid 140073545021184 -> core 4 - OK[0m[1;34m
[0m[1;34m	threadid 140073536628480 -> core 5 - OK[0m[1;34m
[0m[1;34m	threadid 140073528235776 -> core 6 - OK[0m[1;34m
[0m[1;34m	threadid 140073519843072 -> core 7 - OK[0m[1;34m
[0m[1;34m	threadid 140073511450368 -> core 8 - OK[0m[1;34m
[0m[1;34m	threadid 140073503057664 -> core 9 - OK[0m[1;34m
[0m[1;34m	threadid 140073494664960 -> core 10 - OK[0m[1;34m
[0m[1;34m	threadid 140073486272256 -> core 11 - OK[0m[1;34m
[0m[1;34m	threadid 140073477879552 -> core 12 - OK[0m[1;34m
[0m[1;34m	threadid 140073469486848 -> core 13 - OK[0m[1;34m
[0m[1;34m	threadid 140073461094144 -> core 14 - OK[0m[1;34m
[0m[1;34m	threadid 140073452701440 -> core 15 - OK[0m[1;34m
[0miterations: 200
Total iterations: 49600800 LUP
FLOP: 11
Total work: 545608800 FLOP
performance: 3.298780 GLUP/s
Performance in GFLOP/s: 36.286576
size: 250000
time: 0.015036
[1;34m[pthread wrapper] 
[0m[1;34m[pthread wrapper] MAIN -> 0
[0m[1;34m[pthread wrapper] PIN_MASK: [0m[1;34m0->1  [0m[1;34m1->2  [0m[1;34m2->3  [0m[1;34m3->4  [0m[1;34m4->5  [0m[1;34m5->6  [0m[1;34m6->7  [0m[1;34m7->8  [0m[1;34m8->9  [0m[1;34m9->10  [0m[1;34m10->11  [0m[1;34m11->12  [0m[1;34m12->13  [0m[1;34m13->14  [0m[1;34m14->15  [0m[1;34m
[pthread wrapper] SKIP MASK: 0x0
[0m[1;34m	threadid 140545536919296 -> core 1 - OK[0m[1;34m
[0m[1;34m	threadid 140545528526592 -> core 2 - OK[0m[1;34m
[0m[1;34m	threadid 140545520133888 -> core 3 - OK[0m[1;34m
[0m[1;34m	threadid 140545511741184 -> core 4 - OK[0m[1;34m
[0m[1;34m	threadid 140545503348480 -> core 5 - OK[0m[1;34m
[0m[1;34m	threadid 140545494955776 -> core 6 - OK[0m[1;34m
[0m[1;34m	threadid 140545486563072 -> core 7 - OK[0m[1;34m
[0m[1;34m	threadid 140545478170368 -> core 8 - OK[0m[1;34m
[0m[1;34m	threadid 140545469777664 -> core 9 - OK[0m[1;34m
[0m[1;34m	threadid 140545461384960 -> core 10 - OK[0m[1;34m
[0m[1;34m	threadid 140545452992256 -> core 11 - OK[0m[1;34m
[0m[1;34m	threadid 140545444599552 -> core 12 - OK[0m[1;34m
[0m[1;34m	threadid 140545436206848 -> core 13 - OK[0m[1;34m
[0m[1;34m	threadid 140545427814144 -> core 14 - OK[0m[1;34m
[0m[1;34m	threadid 140545419421440 -> core 15 - OK[0m[1;34m
[0miterations: 200
Total iterations: 49600800 LUP
FLOP: 11
Total work: 545608800 FLOP
performance: 3.304281 GLUP/s
Performance in GFLOP/s: 36.347091
size: 250000
time: 0.015011
[1;34m[pthread wrapper] 
[0m[1;34m[pthread wrapper] MAIN -> 0
[0m[1;34m[pthread wrapper] PIN_MASK: [0m[1;34m0->1  [0m[1;34m1->2  [0m[1;34m2->3  [0m[1;34m3->4  [0m[1;34m4->5  [0m[1;34m5->6  [0m[1;34m6->7  [0m[1;34m7->8  [0m[1;34m8->9  [0m[1;34m9->10  [0m[1;34m10->11  [0m[1;34m11->12  [0m[1;34m12->13  [0m[1;34m13->14  [0m[1;34m14->15  [0m[1;34m
[pthread wrapper] SKIP MASK: 0x0
[0m[1;34m	threadid 140288125474560 -> core 1 - OK[0m[1;34m
[0m[1;34m	threadid 140288117081856 -> core 2 - OK[0m[1;34m
[0m[1;34m	threadid 140288108689152 -> core 3 - OK[0m[1;34m
[0m[1;34m	threadid 140288100296448 -> core 4 - OK[0m[1;34m
[0m[1;34m	threadid 140288091903744 -> core 5 - OK[0m[1;34m
[0m[1;34m	threadid 140288083511040 -> core 6 - OK[0m[1;34m
[0m[1;34m	threadid 140288075118336 -> core 7 - OK[0m[1;34m
[0m[1;34m	threadid 140288066725632 -> core 8 - OK[0m[1;34m
[0m[1;34m	threadid 140288058332928 -> core 9 - OK[0m[1;34m
[0m[1;34m	threadid 140288049940224 -> core 10 - OK[0m[1;34m
[0m[1;34m	threadid 140288041547520 -> core 11 - OK[0m[1;34m
[0m[1;34m	threadid 140288033154816 -> core 12 - OK[0m[1;34m
[0m[1;34m	threadid 140288024762112 -> core 13 - OK[0m[1;34m
[0m[1;34m	threadid 140288016369408 -> core 14 - OK[0m[1;34m
[0m[1;34m	threadid 140288007976704 -> core 15 - OK[0m[1;34m
[0miterations: 200
Total iterations: 49600800 LUP
FLOP: 11
Total work: 545608800 FLOP
performance: 3.302340 GLUP/s
Performance in GFLOP/s: 36.325743
size: 250000
time: 0.015020
[1;34m[pthread wrapper] 
[0m[1;34m[pthread wrapper] MAIN -> 0
[0m[1;34m[pthread wrapper] PIN_MASK: [0m[1;34m0->1  [0m[1;34m1->2  [0m[1;34m2->3  [0m[1;34m3->4  [0m[1;34m4->5  [0m[1;34m5->6  [0m[1;34m6->7  [0m[1;34m7->8  [0m[1;34m8->9  [0m[1;34m9->10  [0m[1;34m10->11  [0m[1;34m11->12  [0m[1;34m12->13  [0m[1;34m13->14  [0m[1;34m14->15  [0m[1;34m
[pthread wrapper] SKIP MASK: 0x0
[0m[1;34m	threadid 139897314457344 -> core 1 - OK[0m[1;34m
[0m[1;34m	threadid 139897306064640 -> core 2 - OK[0m[1;34m
[0m[1;34m	threadid 139897297671936 -> core 3 - OK[0m[1;34m
[0m[1;34m	threadid 139897289279232 -> core 4 - OK[0m[1;34m
[0m[1;34m	threadid 139897280886528 -> core 5 - OK[0m[1;34m
[0m[1;34m	threadid 139897272493824 -> core 6 - OK[0m[1;34m
[0m[1;34m	threadid 139897264101120 -> core 7 - OK[0m[1;34m
[0m[1;34m	threadid 139897255708416 -> core 8 - OK[0m[1;34m
[0m[1;34m	threadid 139897247315712 -> core 9 - OK[0m[1;34m
[0m[1;34m	threadid 139897238923008 -> core 10 - OK[0m[1;34m
[0m[1;34m	threadid 139897230530304 -> core 11 - OK[0m[1;34m
[0m[1;34m	threadid 139897222137600 -> core 12 - OK[0m[1;34m
[0m[1;34m	threadid 139897213744896 -> core 13 - OK[0m[1;34m
[0m[1;34m	threadid 139897205352192 -> core 14 - OK[0m[1;34m
[0m[1;34m	threadid 139897196959488 -> core 15 - OK[0m[1;34m
[0miterations: 200
Total iterations: 49600800 LUP
FLOP: 11
Total work: 545608800 FLOP
performance: 3.314019 GLUP/s
Performance in GFLOP/s: 36.454205
size: 250000
time: 0.014967
[1;34m[pthread wrapper] 
[0m[1;34m[pthread wrapper] MAIN -> 0
[0m[1;34m[pthread wrapper] PIN_MASK: [0m[1;34m0->1  [0m[1;34m1->2  [0m[1;34m2->3  [0m[1;34m3->4  [0m[1;34m4->5  [0m[1;34m5->6  [0m[1;34m6->7  [0m[1;34m7->8  [0m[1;34m8->9  [0m[1;34m9->10  [0m[1;34m10->11  [0m[1;34m11->12  [0m[1;34m12->13  [0m[1;34m13->14  [0m[1;34m14->15  [0m[1;34m
[pthread wrapper] SKIP MASK: 0x0
[0m[1;34m	threadid 139641606215424 -> core 1 - OK[0m[1;34m
[0m[1;34m	threadid 139641597822720 -> core 2 - OK[0m[1;34m
[0m[1;34m	threadid 139641589430016 -> core 3 - OK[0m[1;34m
[0m[1;34m	threadid 139641581037312 -> core 4 - OK[0m[1;34m
[0m[1;34m	threadid 139641572644608 -> core 5 - OK[0m[1;34m
[0m[1;34m	threadid 139641564251904 -> core 6 - OK[0m[1;34m
[0m[1;34m	threadid 139641555859200 -> core 7 - OK[0m[1;34m
[0m[1;34m	threadid 139641547466496 -> core 8 - OK[0m[1;34m
[0m[1;34m	threadid 139641539073792 -> core 9 - OK[0m[1;34m
[0m[1;34m	threadid 139641530681088 -> core 10 - OK[0m[1;34m
[0m[1;34m	threadid 139641522288384 -> core 11 - OK[0m[1;34m
[0m[1;34m	threadid 139641513895680 -> core 12 - OK[0m[1;34m
[0m[1;34m	threadid 139641505502976 -> core 13 - OK[0m[1;34m
[0m[1;34m	threadid 139641497110272 -> core 14 - OK[0m[1;34m
[0m[1;34m	threadid 139641488717568 -> core 15 - OK[0m[1;34m
[0miterations: 200
Total iterations: 49600800 LUP
FLOP: 11
Total work: 545608800 FLOP
performance: 3.303651 GLUP/s
Performance in GFLOP/s: 36.340164
size: 250000
time: 0.015014
[1;34m[pthread wrapper] 
[0m[1;34m[pthread wrapper] MAIN -> 0
[0m[1;34m[pthread wrapper] PIN_MASK: [0m[1;34m0->1  [0m[1;34m1->2  [0m[1;34m2->3  [0m[1;34m3->4  [0m[1;34m4->5  [0m[1;34m5->6  [0m[1;34m6->7  [0m[1;34m7->8  [0m[1;34m8->9  [0m[1;34m9->10  [0m[1;34m10->11  [0m[1;34m11->12  [0m[1;34m12->13  [0m[1;34m13->14  [0m[1;34m14->15  [0m[1;34m
[pthread wrapper] SKIP MASK: 0x0
[0m[1;34m	threadid 140267723093760 -> core 1 - OK[0m[1;34m
[0m[1;34m	threadid 140267714701056 -> core 2 - OK[0m[1;34m
[0m[1;34m	threadid 140267706308352 -> core 3 - OK[0m[1;34m
[0m[1;34m	threadid 140267697915648 -> core 4 - OK[0m[1;34m
[0m[1;34m	threadid 140267689522944 -> core 5 - OK[0m[1;34m
[0m[1;34m	threadid 140267681130240 -> core 6 - OK[0m[1;34m
[0m[1;34m	threadid 140267672737536 -> core 7 - OK[0m[1;34m
[0m[1;34m	threadid 140267664344832 -> core 8 - OK[0m[1;34m
[0m[1;34m	threadid 140267655952128 -> core 9 - OK[0m[1;34m
[0m[1;34m	threadid 140267647559424 -> core 10 - OK[0m[1;34m
[0m[1;34m	threadid 140267639166720 -> core 11 - OK[0m[1;34m
[0m[1;34m	threadid 140267630774016 -> core 12 - OK[0m[1;34m
[0m[1;34m	threadid 140267622381312 -> core 13 - OK[0m[1;34m
[0m[1;34m	threadid 140267613988608 -> core 14 - OK[0m[1;34m
[0m[1;34m	threadid 140267605595904 -> core 15 - OK[0m[1;34m
[0miterations: 200
Total iterations: 49600800 LUP
FLOP: 11
Total work: 545608800 FLOP
performance: 3.300140 GLUP/s
Performance in GFLOP/s: 36.301541
size: 250000
time: 0.015030
[1;34m[pthread wrapper] 
[0m[1;34m[pthread wrapper] MAIN -> 0
[0m[1;34m[pthread wrapper] PIN_MASK: [0m[1;34m0->1  [0m[1;34m1->2  [0m[1;34m2->3  [0m[1;34m3->4  [0m[1;34m4->5  [0m[1;34m5->6  [0m[1;34m6->7  [0m[1;34m7->8  [0m[1;34m8->9  [0m[1;34m9->10  [0m[1;34m10->11  [0m[1;34m11->12  [0m[1;34m12->13  [0m[1;34m13->14  [0m[1;34m14->15  [0m[1;34m
[pthread wrapper] SKIP MASK: 0x0
[0m[1;34m	threadid 140578812786432 -> core 1 - OK[0m[1;34m
[0m[1;34m	threadid 140578804393728 -> core 2 - OK[0m[1;34m
[0m[1;34m	threadid 140578796001024 -> core 3 - OK[0m[1;34m
[0m[1;34m	threadid 140578787608320 -> core 4 - OK[0m[1;34m
[0m[1;34m	threadid 140578779215616 -> core 5 - OK[0m[1;34m
[0m[1;34m	threadid 140578770822912 -> core 6 - OK[0m[1;34m
[0m[1;34m	threadid 140578762430208 -> core 7 - OK[0m[1;34m
[0m[1;34m	threadid 140578754037504 -> core 8 - OK[0m[1;34m
[0m[1;34m	threadid 140578745644800 -> core 9 - OK[0m[1;34m
[0m[1;34m	threadid 140578737252096 -> core 10 - OK[0m[1;34m
[0m[1;34m	threadid 140578728859392 -> core 11 - OK[0m[1;34m
[0m[1;34m	threadid 140578720466688 -> core 12 - OK[0m[1;34m
[0m[1;34m	threadid 140578712073984 -> core 13 - OK[0m[1;34m
[0m[1;34m	threadid 140578703681280 -> core 14 - OK[0m[1;34m
[0m[1;34m	threadid 140578695288576 -> core 15 - OK[0m[1;34m
[0miterations: 200
Total iterations: 49600800 LUP
FLOP: 11
Total work: 545608800 FLOP
performance: 3.298361 GLUP/s
Performance in GFLOP/s: 36.281973
size: 250000
time: 0.015038
[1;34m[pthread wrapper] 
[0m[1;34m[pthread wrapper] MAIN -> 0
[0m[1;34m[pthread wrapper] PIN_MASK: [0m[1;34m0->1  [0m[1;34m1->2  [0m[1;34m2->3  [0m[1;34m3->4  [0m[1;34m4->5  [0m[1;34m5->6  [0m[1;34m6->7  [0m[1;34m7->8  [0m[1;34m8->9  [0m[1;34m9->10  [0m[1;34m10->11  [0m[1;34m11->12  [0m[1;34m12->13  [0m[1;34m13->14  [0m[1;34m14->15  [0m[1;34m
[pthread wrapper] SKIP MASK: 0x0
[0m[1;34m	threadid 140285738383104 -> core 1 - OK[0m[1;34m
[0m[1;34m	threadid 140285729990400 -> core 2 - OK[0m[1;34m
[0m[1;34m	threadid 140285721597696 -> core 3 - OK[0m[1;34m
[0m[1;34m	threadid 140285713204992 -> core 4 - OK[0m[1;34m
[0m[1;34m	threadid 140285704812288 -> core 5 - OK[0m[1;34m
[0m[1;34m	threadid 140285696419584 -> core 6 - OK[0m[1;34m
[0m[1;34m	threadid 140285688026880 -> core 7 - OK[0m[1;34m
[0m[1;34m	threadid 140285679634176 -> core 8 - OK[0m[1;34m
[0m[1;34m	threadid 140285671241472 -> core 9 - OK[0m[1;34m
[0m[1;34m	threadid 140285662848768 -> core 10 - OK[0m[1;34m
[0m[1;34m	threadid 140285654456064 -> core 11 - OK[0m[1;34m
[0m[1;34m	threadid 140285646063360 -> core 12 - OK[0m[1;34m
[0m[1;34m	threadid 140285637670656 -> core 13 - OK[0m[1;34m
[0m[1;34m	threadid 140285629277952 -> core 14 - OK[0m[1;34m
[0m[1;34m	threadid 140285620885248 -> core 15 - OK[0m[1;34m
[0miterations: 200
Total iterations: 49600800 LUP
FLOP: 11
Total work: 545608800 FLOP
performance: 3.312647 GLUP/s
Performance in GFLOP/s: 36.439113
size: 250000
time: 0.014973
