iterations: 120
Total iterations: 1078560480 LUP
FLOP: 11
Total work: 11864165280 FLOP
performance: 0.203323 GLUP/s
Performance in GFLOP/s: 2.236551
size: 9000000
time: 5.304669
[1;34m[likwid-pin] Main PID -> core 0 - OK[0m
iterations: 120
Total iterations: 1078560480 LUP
FLOP: 11
Total work: 11864165280 FLOP
performance: 0.204788 GLUP/s
Performance in GFLOP/s: 2.252670
size: 9000000
time: 5.266712
[1;34m[likwid-pin] Main PID -> core 0 - OK[0m
iterations: 120
Total iterations: 1078560480 LUP
FLOP: 11
Total work: 11864165280 FLOP
performance: 0.204004 GLUP/s
Performance in GFLOP/s: 2.244046
size: 9000000
time: 5.286952
[1;34m[likwid-pin] Main PID -> core 0 - OK[0m
iterations: 120
Total iterations: 1078560480 LUP
FLOP: 11
Total work: 11864165280 FLOP
performance: 0.206237 GLUP/s
Performance in GFLOP/s: 2.268607
size: 9000000
time: 5.229715
[1;34m[likwid-pin] Main PID -> core 0 - OK[0m
iterations: 120
Total iterations: 1078560480 LUP
FLOP: 11
Total work: 11864165280 FLOP
performance: 0.209470 GLUP/s
Performance in GFLOP/s: 2.304175
size: 9000000
time: 5.148986
[1;34m[likwid-pin] Main PID -> core 0 - OK[0m
