iterations: 200
Total iterations: 49600800 LUP
FLOP: 11
Total work: 545608800 FLOP
performance: 0.217628 GLUP/s
Performance in GFLOP/s: 2.393903
size: 250000
time: 0.227916
iterations: 200
Total iterations: 49600800 LUP
FLOP: 11
Total work: 545608800 FLOP
performance: 0.217417 GLUP/s
Performance in GFLOP/s: 2.391584
size: 250000
time: 0.228137
iterations: 200
Total iterations: 49600800 LUP
FLOP: 11
Total work: 545608800 FLOP
performance: 0.217789 GLUP/s
Performance in GFLOP/s: 2.395677
size: 250000
time: 0.227747
iterations: 200
Total iterations: 49600800 LUP
FLOP: 11
Total work: 545608800 FLOP
performance: 0.217717 GLUP/s
Performance in GFLOP/s: 2.394890
size: 250000
time: 0.227822
iterations: 200
Total iterations: 49600800 LUP
FLOP: 11
Total work: 545608800 FLOP
performance: 0.217531 GLUP/s
Performance in GFLOP/s: 2.392844
size: 250000
time: 0.228017
iterations: 200
Total iterations: 49600800 LUP
FLOP: 11
Total work: 545608800 FLOP
performance: 0.217827 GLUP/s
Performance in GFLOP/s: 2.396099
size: 250000
time: 0.227707
iterations: 200
Total iterations: 49600800 LUP
FLOP: 11
Total work: 545608800 FLOP
performance: 0.217703 GLUP/s
Performance in GFLOP/s: 2.394735
size: 250000
time: 0.227837
iterations: 200
Total iterations: 49600800 LUP
FLOP: 11
Total work: 545608800 FLOP
performance: 0.217558 GLUP/s
Performance in GFLOP/s: 2.393137
size: 250000
time: 0.227989
iterations: 200
Total iterations: 49600800 LUP
FLOP: 11
Total work: 545608800 FLOP
performance: 0.217474 GLUP/s
Performance in GFLOP/s: 2.392211
size: 250000
time: 0.228077
iterations: 200
Total iterations: 49600800 LUP
FLOP: 11
Total work: 545608800 FLOP
performance: 0.217376 GLUP/s
Performance in GFLOP/s: 2.391134
size: 250000
time: 0.228180
