[1;34m[pthread wrapper] 
[0m[1;34m[pthread wrapper] MAIN -> 0
[0m[1;34m[pthread wrapper] PIN_MASK: [0m[1;34m0->1  [0m[1;34m1->2  [0m[1;34m2->10  [0m[1;34m3->11  [0m[1;34m4->12  [0m[1;34m
[pthread wrapper] SKIP MASK: 0x0
[0m[1;34m	threadid 139835810096896 -> core 1 - OK[0m[1;34m
[0m[1;34m	threadid 139835801704192 -> core 2 - OK[0m[1;34m
[0m[1;34m	threadid 139835793311488 -> core 10 - OK[0m[1;34m
[0m[1;34m	threadid 139835784918784 -> core 11 - OK[0m[1;34m
[0m[1;34m	threadid 139835776526080 -> core 12 - OK[0m[1;34m
[0miterations: 200
Total iterations: 1797600800 LUP
FLOP: 11
Total work: 19773608800 FLOP
performance: 0.994610 GLUP/s
Performance in GFLOP/s: 10.940712
size: 9000000
time: 1.807342
[1;34m[pthread wrapper] 
[0m[1;34m[pthread wrapper] MAIN -> 0
[0m[1;34m[pthread wrapper] PIN_MASK: [0m[1;34m0->1  [0m[1;34m1->2  [0m[1;34m2->10  [0m[1;34m3->11  [0m[1;34m4->12  [0m[1;34m
[pthread wrapper] SKIP MASK: 0x0
[0m[1;34m	threadid 140443328837376 -> core 1 - OK[0m[1;34m
[0m[1;34m	threadid 140443320444672 -> core 2 - OK[0m[1;34m
[0m[1;34m	threadid 140443312051968 -> core 10 - OK[0m[1;34m
[0m[1;34m	threadid 140443303659264 -> core 11 - OK[0m[1;34m
[0m[1;34m	threadid 140443295266560 -> core 12 - OK[0m[1;34m
[0miterations: 200
Total iterations: 1797600800 LUP
FLOP: 11
Total work: 19773608800 FLOP
performance: 1.008544 GLUP/s
Performance in GFLOP/s: 11.093979
size: 9000000
time: 1.782373
[1;34m[pthread wrapper] 
[0m[1;34m[pthread wrapper] MAIN -> 0
[0m[1;34m[pthread wrapper] PIN_MASK: [0m[1;34m0->1  [0m[1;34m1->2  [0m[1;34m2->10  [0m[1;34m3->11  [0m[1;34m4->12  [0m[1;34m
[pthread wrapper] SKIP MASK: 0x0
[0m[1;34m	threadid 139655599453952 -> core 1 - OK[0m[1;34m
[0m[1;34m	threadid 139655591061248 -> core 2 - OK[0m[1;34m
[0m[1;34m	threadid 139655582668544 -> core 10 - OK[0m[1;34m
[0m[1;34m	threadid 139655574275840 -> core 11 - OK[0m[1;34m
[0m[1;34m	threadid 139655565883136 -> core 12 - OK[0m[1;34m
[0miterations: 200
Total iterations: 1797600800 LUP
FLOP: 11
Total work: 19773608800 FLOP
performance: 1.016794 GLUP/s
Performance in GFLOP/s: 11.184737
size: 9000000
time: 1.767910
[1;34m[pthread wrapper] 
[0m[1;34m[pthread wrapper] MAIN -> 0
[0m[1;34m[pthread wrapper] PIN_MASK: [0m[1;34m0->1  [0m[1;34m1->2  [0m[1;34m2->10  [0m[1;34m3->11  [0m[1;34m4->12  [0m[1;34m
[pthread wrapper] SKIP MASK: 0x0
[0m[1;34m	threadid 140343469029120 -> core 1 - OK[0m[1;34m
[0m[1;34m	threadid 140343460636416 -> core 2 - OK[0m[1;34m
[0m[1;34m	threadid 140343452243712 -> core 10 - OK[0m[1;34m
[0m[1;34m	threadid 140343443851008 -> core 11 - OK[0m[1;34m
[0m[1;34m	threadid 140343435458304 -> core 12 - OK[0m[1;34m
[0miterations: 200
Total iterations: 1797600800 LUP
FLOP: 11
Total work: 19773608800 FLOP
performance: 1.007958 GLUP/s
Performance in GFLOP/s: 11.087535
size: 9000000
time: 1.783409
[1;34m[pthread wrapper] 
[0m[1;34m[pthread wrapper] MAIN -> 0
[0m[1;34m[pthread wrapper] PIN_MASK: [0m[1;34m0->1  [0m[1;34m1->2  [0m[1;34m2->10  [0m[1;34m3->11  [0m[1;34m4->12  [0m[1;34m
[pthread wrapper] SKIP MASK: 0x0
[0m[1;34m	threadid 140089085380352 -> core 1 - OK[0m[1;34m
[0m[1;34m	threadid 140089076987648 -> core 2 - OK[0m[1;34m
[0m[1;34m	threadid 140089068594944 -> core 10 - OK[0m[1;34m
[0m[1;34m	threadid 140089060202240 -> core 11 - OK[0m[1;34m
[0m[1;34m	threadid 140089051809536 -> core 12 - OK[0m[1;34m
[0miterations: 200
Total iterations: 1797600800 LUP
FLOP: 11
Total work: 19773608800 FLOP
performance: 1.021696 GLUP/s
Performance in GFLOP/s: 11.238651
size: 9000000
time: 1.759429
[1;34m[pthread wrapper] 
[0m[1;34m[pthread wrapper] MAIN -> 0
[0m[1;34m[pthread wrapper] PIN_MASK: [0m[1;34m0->1  [0m[1;34m1->2  [0m[1;34m2->10  [0m[1;34m3->11  [0m[1;34m4->12  [0m[1;34m
[pthread wrapper] SKIP MASK: 0x0
[0m[1;34m	threadid 140211040323328 -> core 1 - OK[0m[1;34m
[0m[1;34m	threadid 140211031930624 -> core 2 - OK[0m[1;34m
[0m[1;34m	threadid 140211023537920 -> core 10 - OK[0m[1;34m
[0m[1;34m	threadid 140211015145216 -> core 11 - OK[0m[1;34m
[0m[1;34m	threadid 140211006752512 -> core 12 - OK[0m[1;34m
[0miterations: 200
Total iterations: 1797600800 LUP
FLOP: 11
Total work: 19773608800 FLOP
performance: 1.021730 GLUP/s
Performance in GFLOP/s: 11.239029
size: 9000000
time: 1.759370
[1;34m[pthread wrapper] 
[0m[1;34m[pthread wrapper] MAIN -> 0
[0m[1;34m[pthread wrapper] PIN_MASK: [0m[1;34m0->1  [0m[1;34m1->2  [0m[1;34m2->10  [0m[1;34m3->11  [0m[1;34m4->12  [0m[1;34m
[pthread wrapper] SKIP MASK: 0x0
[0m[1;34m	threadid 140308625389312 -> core 1 - OK[0m[1;34m
[0m[1;34m	threadid 140308616996608 -> core 2 - OK[0m[1;34m
[0m[1;34m	threadid 140308608603904 -> core 10 - OK[0m[1;34m
[0m[1;34m	threadid 140308600211200 -> core 11 - OK[0m[1;34m
[0m[1;34m	threadid 140308591818496 -> core 12 - OK[0m[1;34m
[0miterations: 200
Total iterations: 1797600800 LUP
FLOP: 11
Total work: 19773608800 FLOP
performance: 1.000321 GLUP/s
Performance in GFLOP/s: 11.003532
size: 9000000
time: 1.797024
[1;34m[pthread wrapper] 
[0m[1;34m[pthread wrapper] MAIN -> 0
[0m[1;34m[pthread wrapper] PIN_MASK: [0m[1;34m0->1  [0m[1;34m1->2  [0m[1;34m2->10  [0m[1;34m3->11  [0m[1;34m4->12  [0m[1;34m
[pthread wrapper] SKIP MASK: 0x0
[0m[1;34m	threadid 140473134282496 -> core 1 - OK[0m[1;34m
[0m[1;34m	threadid 140473125889792 -> core 2 - OK[0m[1;34m
[0m[1;34m	threadid 140473117497088 -> core 10 - OK[0m[1;34m
[0m[1;34m	threadid 140473109104384 -> core 11 - OK[0m[1;34m
[0m[1;34m	threadid 140473100711680 -> core 12 - OK[0m[1;34m
[0miterations: 200
Total iterations: 1797600800 LUP
FLOP: 11
Total work: 19773608800 FLOP
performance: 1.017600 GLUP/s
Performance in GFLOP/s: 11.193601
size: 9000000
time: 1.766510
[1;34m[pthread wrapper] 
[0m[1;34m[pthread wrapper] MAIN -> 0
[0m[1;34m[pthread wrapper] PIN_MASK: [0m[1;34m0->1  [0m[1;34m1->2  [0m[1;34m2->10  [0m[1;34m3->11  [0m[1;34m4->12  [0m[1;34m
[pthread wrapper] SKIP MASK: 0x0
[0m[1;34m	threadid 140656543397632 -> core 1 - OK[0m[1;34m
[0m[1;34m	threadid 140656535004928 -> core 2 - OK[0m[1;34m
[0m[1;34m	threadid 140656526612224 -> core 10 - OK[0m[1;34m
[0m[1;34m	threadid 140656518219520 -> core 11 - OK[0m[1;34m
[0m[1;34m	threadid 140656509826816 -> core 12 - OK[0m[1;34m
[0miterations: 200
Total iterations: 1797600800 LUP
FLOP: 11
Total work: 19773608800 FLOP
performance: 1.005489 GLUP/s
Performance in GFLOP/s: 11.060383
size: 9000000
time: 1.787787
[1;34m[pthread wrapper] 
[0m[1;34m[pthread wrapper] MAIN -> 0
[0m[1;34m[pthread wrapper] PIN_MASK: [0m[1;34m0->1  [0m[1;34m1->2  [0m[1;34m2->10  [0m[1;34m3->11  [0m[1;34m4->12  [0m[1;34m
[pthread wrapper] SKIP MASK: 0x0
[0m[1;34m	threadid 139839416198912 -> core 1 - OK[0m[1;34m
[0m[1;34m	threadid 139839407806208 -> core 2 - OK[0m[1;34m
[0m[1;34m	threadid 139839399413504 -> core 10 - OK[0m[1;34m
[0m[1;34m	threadid 139839391020800 -> core 11 - OK[0m[1;34m
[0m[1;34m	threadid 139839382628096 -> core 12 - OK[0m[1;34m
[0miterations: 200
Total iterations: 1797600800 LUP
FLOP: 11
Total work: 19773608800 FLOP
performance: 1.010931 GLUP/s
Performance in GFLOP/s: 11.120246
size: 9000000
time: 1.778163
