[1;34m[pthread wrapper] 
[0m[1;34m[pthread wrapper] MAIN -> 0
[0m[1;34m[pthread wrapper] PIN_MASK: [0m[1;34m0->1  [0m[1;34m1->2  [0m[1;34m2->3  [0m[1;34m3->4  [0m[1;34m4->5  [0m[1;34m5->6  [0m[1;34m6->7  [0m[1;34m7->8  [0m[1;34m8->9  [0m[1;34m9->10  [0m[1;34m10->11  [0m[1;34m11->12  [0m[1;34m12->13  [0m[1;34m13->14  [0m[1;34m14->15  [0m[1;34m15->16  [0m[1;34m16->17  [0m[1;34m17->18  [0m[1;34m18->19  [0m[1;34m
[pthread wrapper] SKIP MASK: 0x0
[0m[1;34m	threadid 139963482330880 -> core 1 - OK[0m[1;34m
[0m[1;34m	threadid 139963473938176 -> core 2 - OK[0m[1;34m
[0m[1;34m	threadid 139963465545472 -> core 3 - OK[0m[1;34m
[0m[1;34m	threadid 139963457152768 -> core 4 - OK[0m[1;34m
[0m[1;34m	threadid 139963448760064 -> core 5 - OK[0m[1;34m
[0m[1;34m	threadid 139963440367360 -> core 6 - OK[0m[1;34m
[0m[1;34m	threadid 139963431974656 -> core 7 - OK[0m[1;34m
[0m[1;34m	threadid 139963423581952 -> core 8 - OK[0m[1;34m
[0m[1;34m	threadid 139963415189248 -> core 9 - OK[0m[1;34m
[0m[1;34m	threadid 139963406796544 -> core 10 - OK[0m[1;34m
[0m[1;34m	threadid 139963398403840 -> core 11 - OK[0m[1;34m
[0m[1;34m	threadid 139963390011136 -> core 12 - OK[0m[1;34m
[0m[1;34m	threadid 139963381618432 -> core 13 - OK[0m[1;34m
[0m[1;34m	threadid 139963373225728 -> core 14 - OK[0m[1;34m
[0m[1;34m	threadid 139963364833024 -> core 15 - OK[0m[1;34m
[0m[1;34m	threadid 139963356440320 -> core 16 - OK[0m[1;34m
[0m[1;34m	threadid 139963348047616 -> core 17 - OK[0m[1;34m
[0m[1;34m	threadid 139963339654912 -> core 18 - OK[0m[1;34m
[0m[1;34m	threadid 139963331262208 -> core 19 - OK[0m[1;34m
[0miterations: 200
Total iterations: 1797600800 LUP
FLOP: 11
Total work: 19773608800 FLOP
performance: 3.213480 GLUP/s
Performance in GFLOP/s: 35.348275
size: 9000000
time: 0.559394
[1;34m[pthread wrapper] 
[0m[1;34m[pthread wrapper] MAIN -> 0
[0m[1;34m[pthread wrapper] PIN_MASK: [0m[1;34m0->1  [0m[1;34m1->2  [0m[1;34m2->3  [0m[1;34m3->4  [0m[1;34m4->5  [0m[1;34m5->6  [0m[1;34m6->7  [0m[1;34m7->8  [0m[1;34m8->9  [0m[1;34m9->10  [0m[1;34m10->11  [0m[1;34m11->12  [0m[1;34m12->13  [0m[1;34m13->14  [0m[1;34m14->15  [0m[1;34m15->16  [0m[1;34m16->17  [0m[1;34m17->18  [0m[1;34m18->19  [0m[1;34m
[pthread wrapper] SKIP MASK: 0x0
[0m[1;34m	threadid 139982115071744 -> core 1 - OK[0m[1;34m
[0m[1;34m	threadid 139982106679040 -> core 2 - OK[0m[1;34m
[0m[1;34m	threadid 139982098286336 -> core 3 - OK[0m[1;34m
[0m[1;34m	threadid 139982089893632 -> core 4 - OK[0m[1;34m
[0m[1;34m	threadid 139982081500928 -> core 5 - OK[0m[1;34m
[0m[1;34m	threadid 139982073108224 -> core 6 - OK[0m[1;34m
[0m[1;34m	threadid 139982064715520 -> core 7 - OK[0m[1;34m
[0m[1;34m	threadid 139982056322816 -> core 8 - OK[0m[1;34m
[0m[1;34m	threadid 139982047930112 -> core 9 - OK[0m[1;34m
[0m[1;34m	threadid 139982039537408 -> core 10 - OK[0m[1;34m
[0m[1;34m	threadid 139982031144704 -> core 11 - OK[0m[1;34m
[0m[1;34m	threadid 139982022752000 -> core 12 - OK[0m[1;34m
[0m[1;34m	threadid 139982014359296 -> core 13 - OK[0m[1;34m
[0m[1;34m	threadid 139982005966592 -> core 14 - OK[0m[1;34m
[0m[1;34m	threadid 139981997573888 -> core 15 - OK[0m[1;34m
[0m[1;34m	threadid 139981989181184 -> core 16 - OK[0m[1;34m
[0m[1;34m	threadid 139981980788480 -> core 17 - OK[0m[1;34m
[0m[1;34m	threadid 139981972395776 -> core 18 - OK[0m[1;34m
[0m[1;34m	threadid 139981964003072 -> core 19 - OK[0m[1;34m
[0miterations: 200
Total iterations: 1797600800 LUP
FLOP: 11
Total work: 19773608800 FLOP
performance: 3.160294 GLUP/s
Performance in GFLOP/s: 34.763235
size: 9000000
time: 0.568808
[1;34m[pthread wrapper] 
[0m[1;34m[pthread wrapper] MAIN -> 0
[0m[1;34m[pthread wrapper] PIN_MASK: [0m[1;34m0->1  [0m[1;34m1->2  [0m[1;34m2->3  [0m[1;34m3->4  [0m[1;34m4->5  [0m[1;34m5->6  [0m[1;34m6->7  [0m[1;34m7->8  [0m[1;34m8->9  [0m[1;34m9->10  [0m[1;34m10->11  [0m[1;34m11->12  [0m[1;34m12->13  [0m[1;34m13->14  [0m[1;34m14->15  [0m[1;34m15->16  [0m[1;34m16->17  [0m[1;34m17->18  [0m[1;34m18->19  [0m[1;34m
[pthread wrapper] SKIP MASK: 0x0
[0m[1;34m	threadid 139956311828224 -> core 1 - OK[0m[1;34m
[0m[1;34m	threadid 139956303435520 -> core 2 - OK[0m[1;34m
[0m[1;34m	threadid 139956295042816 -> core 3 - OK[0m[1;34m
[0m[1;34m	threadid 139956286650112 -> core 4 - OK[0m[1;34m
[0m[1;34m	threadid 139956278257408 -> core 5 - OK[0m[1;34m
[0m[1;34m	threadid 139956269864704 -> core 6 - OK[0m[1;34m
[0m[1;34m	threadid 139956261472000 -> core 7 - OK[0m[1;34m
[0m[1;34m	threadid 139956253079296 -> core 8 - OK[0m[1;34m
[0m[1;34m	threadid 139956244686592 -> core 9 - OK[0m[1;34m
[0m[1;34m	threadid 139956236293888 -> core 10 - OK[0m[1;34m
[0m[1;34m	threadid 139956227901184 -> core 11 - OK[0m[1;34m
[0m[1;34m	threadid 139956219508480 -> core 12 - OK[0m[1;34m
[0m[1;34m	threadid 139956211115776 -> core 13 - OK[0m[1;34m
[0m[1;34m	threadid 139956202723072 -> core 14 - OK[0m[1;34m
[0m[1;34m	threadid 139956194330368 -> core 15 - OK[0m[1;34m
[0m[1;34m	threadid 139956185937664 -> core 16 - OK[0m[1;34m
[0m[1;34m	threadid 139956177544960 -> core 17 - OK[0m[1;34m
[0m[1;34m	threadid 139956169152256 -> core 18 - OK[0m[1;34m
[0m[1;34m	threadid 139956160759552 -> core 19 - OK[0m[1;34m
[0miterations: 200
Total iterations: 1797600800 LUP
FLOP: 11
Total work: 19773608800 FLOP
performance: 3.186654 GLUP/s
Performance in GFLOP/s: 35.053195
size: 9000000
time: 0.564103
[1;34m[pthread wrapper] 
[0m[1;34m[pthread wrapper] MAIN -> 0
[0m[1;34m[pthread wrapper] PIN_MASK: [0m[1;34m0->1  [0m[1;34m1->2  [0m[1;34m2->3  [0m[1;34m3->4  [0m[1;34m4->5  [0m[1;34m5->6  [0m[1;34m6->7  [0m[1;34m7->8  [0m[1;34m8->9  [0m[1;34m9->10  [0m[1;34m10->11  [0m[1;34m11->12  [0m[1;34m12->13  [0m[1;34m13->14  [0m[1;34m14->15  [0m[1;34m15->16  [0m[1;34m16->17  [0m[1;34m17->18  [0m[1;34m18->19  [0m[1;34m
[pthread wrapper] SKIP MASK: 0x0
[0m[1;34m	threadid 140703384663808 -> core 1 - OK[0m[1;34m
[0m[1;34m	threadid 140703376271104 -> core 2 - OK[0m[1;34m
[0m[1;34m	threadid 140703367878400 -> core 3 - OK[0m[1;34m
[0m[1;34m	threadid 140703359485696 -> core 4 - OK[0m[1;34m
[0m[1;34m	threadid 140703351092992 -> core 5 - OK[0m[1;34m
[0m[1;34m	threadid 140703342700288 -> core 6 - OK[0m[1;34m
[0m[1;34m	threadid 140703334307584 -> core 7 - OK[0m[1;34m
[0m[1;34m	threadid 140703325914880 -> core 8 - OK[0m[1;34m
[0m[1;34m	threadid 140703317522176 -> core 9 - OK[0m[1;34m
[0m[1;34m	threadid 140703309129472 -> core 10 - OK[0m[1;34m
[0m[1;34m	threadid 140703300736768 -> core 11 - OK[0m[1;34m
[0m[1;34m	threadid 140703292344064 -> core 12 - OK[0m[1;34m
[0m[1;34m	threadid 140703283951360 -> core 13 - OK[0m[1;34m
[0m[1;34m	threadid 140703275558656 -> core 14 - OK[0m[1;34m
[0m[1;34m	threadid 140703267165952 -> core 15 - OK[0m[1;34m
[0m[1;34m	threadid 140703258773248 -> core 16 - OK[0m[1;34m
[0m[1;34m	threadid 140703250380544 -> core 17 - OK[0m[1;34m
[0m[1;34m	threadid 140703241987840 -> core 18 - OK[0m[1;34m
[0m[1;34m	threadid 140703233595136 -> core 19 - OK[0m[1;34m
[0miterations: 200
Total iterations: 1797600800 LUP
FLOP: 11
Total work: 19773608800 FLOP
performance: 3.146614 GLUP/s
Performance in GFLOP/s: 34.612757
size: 9000000
time: 0.571281
[1;34m[pthread wrapper] 
[0m[1;34m[pthread wrapper] MAIN -> 0
[0m[1;34m[pthread wrapper] PIN_MASK: [0m[1;34m0->1  [0m[1;34m1->2  [0m[1;34m2->3  [0m[1;34m3->4  [0m[1;34m4->5  [0m[1;34m5->6  [0m[1;34m6->7  [0m[1;34m7->8  [0m[1;34m8->9  [0m[1;34m9->10  [0m[1;34m10->11  [0m[1;34m11->12  [0m[1;34m12->13  [0m[1;34m13->14  [0m[1;34m14->15  [0m[1;34m15->16  [0m[1;34m16->17  [0m[1;34m17->18  [0m[1;34m18->19  [0m[1;34m
[pthread wrapper] SKIP MASK: 0x0
[0m[1;34m	threadid 139758531413760 -> core 1 - OK[0m[1;34m
[0m[1;34m	threadid 139758523021056 -> core 2 - OK[0m[1;34m
[0m[1;34m	threadid 139758514628352 -> core 3 - OK[0m[1;34m
[0m[1;34m	threadid 139758506235648 -> core 4 - OK[0m[1;34m
[0m[1;34m	threadid 139758497842944 -> core 5 - OK[0m[1;34m
[0m[1;34m	threadid 139758489450240 -> core 6 - OK[0m[1;34m
[0m[1;34m	threadid 139758481057536 -> core 7 - OK[0m[1;34m
[0m[1;34m	threadid 139758472664832 -> core 8 - OK[0m[1;34m
[0m[1;34m	threadid 139758464272128 -> core 9 - OK[0m[1;34m
[0m[1;34m	threadid 139758455879424 -> core 10 - OK[0m[1;34m
[0m[1;34m	threadid 139758447486720 -> core 11 - OK[0m[1;34m
[0m[1;34m	threadid 139758439094016 -> core 12 - OK[0m[1;34m
[0m[1;34m	threadid 139758430701312 -> core 13 - OK[0m[1;34m
[0m[1;34m	threadid 139758422308608 -> core 14 - OK[0m[1;34m
[0m[1;34m	threadid 139758413915904 -> core 15 - OK[0m[1;34m
[0m[1;34m	threadid 139758405523200 -> core 16 - OK[0m[1;34m
[0m[1;34m	threadid 139758397130496 -> core 17 - OK[0m[1;34m
[0m[1;34m	threadid 139758388737792 -> core 18 - OK[0m[1;34m
[0m[1;34m	threadid 139758380345088 -> core 19 - OK[0m[1;34m
[0miterations: 200
Total iterations: 1797600800 LUP
FLOP: 11
Total work: 19773608800 FLOP
performance: 3.219949 GLUP/s
Performance in GFLOP/s: 35.419438
size: 9000000
time: 0.558270
[1;34m[pthread wrapper] 
[0m[1;34m[pthread wrapper] MAIN -> 0
[0m[1;34m[pthread wrapper] PIN_MASK: [0m[1;34m0->1  [0m[1;34m1->2  [0m[1;34m2->3  [0m[1;34m3->4  [0m[1;34m4->5  [0m[1;34m5->6  [0m[1;34m6->7  [0m[1;34m7->8  [0m[1;34m8->9  [0m[1;34m9->10  [0m[1;34m10->11  [0m[1;34m11->12  [0m[1;34m12->13  [0m[1;34m13->14  [0m[1;34m14->15  [0m[1;34m15->16  [0m[1;34m16->17  [0m[1;34m17->18  [0m[1;34m18->19  [0m[1;34m
[pthread wrapper] SKIP MASK: 0x0
[0m[1;34m	threadid 139735999821568 -> core 1 - OK[0m[1;34m
[0m[1;34m	threadid 139735991428864 -> core 2 - OK[0m[1;34m
[0m[1;34m	threadid 139735983036160 -> core 3 - OK[0m[1;34m
[0m[1;34m	threadid 139735974643456 -> core 4 - OK[0m[1;34m
[0m[1;34m	threadid 139735966250752 -> core 5 - OK[0m[1;34m
[0m[1;34m	threadid 139735957858048 -> core 6 - OK[0m[1;34m
[0m[1;34m	threadid 139735949465344 -> core 7 - OK[0m[1;34m
[0m[1;34m	threadid 139735941072640 -> core 8 - OK[0m[1;34m
[0m[1;34m	threadid 139735932679936 -> core 9 - OK[0m[1;34m
[0m[1;34m	threadid 139735924287232 -> core 10 - OK[0m[1;34m
[0m[1;34m	threadid 139735915894528 -> core 11 - OK[0m[1;34m
[0m[1;34m	threadid 139735907501824 -> core 12 - OK[0m[1;34m
[0m[1;34m	threadid 139735899109120 -> core 13 - OK[0m[1;34m
[0m[1;34m	threadid 139735890716416 -> core 14 - OK[0m[1;34m
[0m[1;34m	threadid 139735882323712 -> core 15 - OK[0m[1;34m
[0m[1;34m	threadid 139735873931008 -> core 16 - OK[0m[1;34m
[0m[1;34m	threadid 139735865538304 -> core 17 - OK[0m[1;34m
[0m[1;34m	threadid 139735857145600 -> core 18 - OK[0m[1;34m
[0m[1;34m	threadid 139735848752896 -> core 19 - OK[0m[1;34m
[0miterations: 200
Total iterations: 1797600800 LUP
FLOP: 11
Total work: 19773608800 FLOP
performance: 3.172269 GLUP/s
Performance in GFLOP/s: 34.894960
size: 9000000
time: 0.566661
[1;34m[pthread wrapper] 
[0m[1;34m[pthread wrapper] MAIN -> 0
[0m[1;34m[pthread wrapper] PIN_MASK: [0m[1;34m0->1  [0m[1;34m1->2  [0m[1;34m2->3  [0m[1;34m3->4  [0m[1;34m4->5  [0m[1;34m5->6  [0m[1;34m6->7  [0m[1;34m7->8  [0m[1;34m8->9  [0m[1;34m9->10  [0m[1;34m10->11  [0m[1;34m11->12  [0m[1;34m12->13  [0m[1;34m13->14  [0m[1;34m14->15  [0m[1;34m15->16  [0m[1;34m16->17  [0m[1;34m17->18  [0m[1;34m18->19  [0m[1;34m
[pthread wrapper] SKIP MASK: 0x0
[0m[1;34m	threadid 139896360720128 -> core 1 - OK[0m[1;34m
[0m[1;34m	threadid 139896352327424 -> core 2 - OK[0m[1;34m
[0m[1;34m	threadid 139896343934720 -> core 3 - OK[0m[1;34m
[0m[1;34m	threadid 139896335542016 -> core 4 - OK[0m[1;34m
[0m[1;34m	threadid 139896327149312 -> core 5 - OK[0m[1;34m
[0m[1;34m	threadid 139896318756608 -> core 6 - OK[0m[1;34m
[0m[1;34m	threadid 139896310363904 -> core 7 - OK[0m[1;34m
[0m[1;34m	threadid 139896301971200 -> core 8 - OK[0m[1;34m
[0m[1;34m	threadid 139896293578496 -> core 9 - OK[0m[1;34m
[0m[1;34m	threadid 139896285185792 -> core 10 - OK[0m[1;34m
[0m[1;34m	threadid 139896276793088 -> core 11 - OK[0m[1;34m
[0m[1;34m	threadid 139896268400384 -> core 12 - OK[0m[1;34m
[0m[1;34m	threadid 139896260007680 -> core 13 - OK[0m[1;34m
[0m[1;34m	threadid 139896251614976 -> core 14 - OK[0m[1;34m
[0m[1;34m	threadid 139896243222272 -> core 15 - OK[0m[1;34m
[0m[1;34m	threadid 139896234829568 -> core 16 - OK[0m[1;34m
[0m[1;34m	threadid 139896226436864 -> core 17 - OK[0m[1;34m
[0m[1;34m	threadid 139896218044160 -> core 18 - OK[0m[1;34m
[0m[1;34m	threadid 139896209651456 -> core 19 - OK[0m[1;34m
[0miterations: 200
Total iterations: 1797600800 LUP
FLOP: 11
Total work: 19773608800 FLOP
performance: 3.211630 GLUP/s
Performance in GFLOP/s: 35.327933
size: 9000000
time: 0.559716
[1;34m[pthread wrapper] 
[0m[1;34m[pthread wrapper] MAIN -> 0
[0m[1;34m[pthread wrapper] PIN_MASK: [0m[1;34m0->1  [0m[1;34m1->2  [0m[1;34m2->3  [0m[1;34m3->4  [0m[1;34m4->5  [0m[1;34m5->6  [0m[1;34m6->7  [0m[1;34m7->8  [0m[1;34m8->9  [0m[1;34m9->10  [0m[1;34m10->11  [0m[1;34m11->12  [0m[1;34m12->13  [0m[1;34m13->14  [0m[1;34m14->15  [0m[1;34m15->16  [0m[1;34m16->17  [0m[1;34m17->18  [0m[1;34m18->19  [0m[1;34m
[pthread wrapper] SKIP MASK: 0x0
[0m[1;34m	threadid 140025583367936 -> core 1 - OK[0m[1;34m
[0m[1;34m	threadid 140025574975232 -> core 2 - OK[0m[1;34m
[0m[1;34m	threadid 140025566582528 -> core 3 - OK[0m[1;34m
[0m[1;34m	threadid 140025558189824 -> core 4 - OK[0m[1;34m
[0m[1;34m	threadid 140025549797120 -> core 5 - OK[0m[1;34m
[0m[1;34m	threadid 140025541404416 -> core 6 - OK[0m[1;34m
[0m[1;34m	threadid 140025533011712 -> core 7 - OK[0m[1;34m
[0m[1;34m	threadid 140025524619008 -> core 8 - OK[0m[1;34m
[0m[1;34m	threadid 140025516226304 -> core 9 - OK[0m[1;34m
[0m[1;34m	threadid 140025507833600 -> core 10 - OK[0m[1;34m
[0m[1;34m	threadid 140025499440896 -> core 11 - OK[0m[1;34m
[0m[1;34m	threadid 140025491048192 -> core 12 - OK[0m[1;34m
[0m[1;34m	threadid 140025482655488 -> core 13 - OK[0m[1;34m
[0m[1;34m	threadid 140025474262784 -> core 14 - OK[0m[1;34m
[0m[1;34m	threadid 140025465870080 -> core 15 - OK[0m[1;34m
[0m[1;34m	threadid 140025457477376 -> core 16 - OK[0m[1;34m
[0m[1;34m	threadid 140025449084672 -> core 17 - OK[0m[1;34m
[0m[1;34m	threadid 140025440691968 -> core 18 - OK[0m[1;34m
[0m[1;34m	threadid 140025432299264 -> core 19 - OK[0m[1;34m
[0miterations: 200
Total iterations: 1797600800 LUP
FLOP: 11
Total work: 19773608800 FLOP
performance: 3.212698 GLUP/s
Performance in GFLOP/s: 35.339675
size: 9000000
time: 0.559530
[1;34m[pthread wrapper] 
[0m[1;34m[pthread wrapper] MAIN -> 0
[0m[1;34m[pthread wrapper] PIN_MASK: [0m[1;34m0->1  [0m[1;34m1->2  [0m[1;34m2->3  [0m[1;34m3->4  [0m[1;34m4->5  [0m[1;34m5->6  [0m[1;34m6->7  [0m[1;34m7->8  [0m[1;34m8->9  [0m[1;34m9->10  [0m[1;34m10->11  [0m[1;34m11->12  [0m[1;34m12->13  [0m[1;34m13->14  [0m[1;34m14->15  [0m[1;34m15->16  [0m[1;34m16->17  [0m[1;34m17->18  [0m[1;34m18->19  [0m[1;34m
[pthread wrapper] SKIP MASK: 0x0
[0m[1;34m	threadid 140153764476672 -> core 1 - OK[0m[1;34m
[0m[1;34m	threadid 140153756083968 -> core 2 - OK[0m[1;34m
[0m[1;34m	threadid 140153747691264 -> core 3 - OK[0m[1;34m
[0m[1;34m	threadid 140153739298560 -> core 4 - OK[0m[1;34m
[0m[1;34m	threadid 140153730905856 -> core 5 - OK[0m[1;34m
[0m[1;34m	threadid 140153722513152 -> core 6 - OK[0m[1;34m
[0m[1;34m	threadid 140153714120448 -> core 7 - OK[0m[1;34m
[0m[1;34m	threadid 140153705727744 -> core 8 - OK[0m[1;34m
[0m[1;34m	threadid 140153697335040 -> core 9 - OK[0m[1;34m
[0m[1;34m	threadid 140153688942336 -> core 10 - OK[0m[1;34m
[0m[1;34m	threadid 140153680549632 -> core 11 - OK[0m[1;34m
[0m[1;34m	threadid 140153672156928 -> core 12 - OK[0m[1;34m
[0m[1;34m	threadid 140153663764224 -> core 13 - OK[0m[1;34m
[0m[1;34m	threadid 140153655371520 -> core 14 - OK[0m[1;34m
[0m[1;34m	threadid 140153646978816 -> core 15 - OK[0m[1;34m
[0m[1;34m	threadid 140153638586112 -> core 16 - OK[0m[1;34m
[0m[1;34m	threadid 140153630193408 -> core 17 - OK[0m[1;34m
[0m[1;34m	threadid 140153621800704 -> core 18 - OK[0m[1;34m
[0m[1;34m	threadid 140153613408000 -> core 19 - OK[0m[1;34m
[0miterations: 200
Total iterations: 1797600800 LUP
FLOP: 11
Total work: 19773608800 FLOP
performance: 3.155423 GLUP/s
Performance in GFLOP/s: 34.709652
size: 9000000
time: 0.569686
[1;34m[pthread wrapper] 
[0m[1;34m[pthread wrapper] MAIN -> 0
[0m[1;34m[pthread wrapper] PIN_MASK: [0m[1;34m0->1  [0m[1;34m1->2  [0m[1;34m2->3  [0m[1;34m3->4  [0m[1;34m4->5  [0m[1;34m5->6  [0m[1;34m6->7  [0m[1;34m7->8  [0m[1;34m8->9  [0m[1;34m9->10  [0m[1;34m10->11  [0m[1;34m11->12  [0m[1;34m12->13  [0m[1;34m13->14  [0m[1;34m14->15  [0m[1;34m15->16  [0m[1;34m16->17  [0m[1;34m17->18  [0m[1;34m18->19  [0m[1;34m
[pthread wrapper] SKIP MASK: 0x0
[0m[1;34m	threadid 139783547774720 -> core 1 - OK[0m[1;34m
[0m[1;34m	threadid 139783539382016 -> core 2 - OK[0m[1;34m
[0m[1;34m	threadid 139783530989312 -> core 3 - OK[0m[1;34m
[0m[1;34m	threadid 139783522596608 -> core 4 - OK[0m[1;34m
[0m[1;34m	threadid 139783514203904 -> core 5 - OK[0m[1;34m
[0m[1;34m	threadid 139783505811200 -> core 6 - OK[0m[1;34m
[0m[1;34m	threadid 139783497418496 -> core 7 - OK[0m[1;34m
[0m[1;34m	threadid 139783489025792 -> core 8 - OK[0m[1;34m
[0m[1;34m	threadid 139783480633088 -> core 9 - OK[0m[1;34m
[0m[1;34m	threadid 139783472240384 -> core 10 - OK[0m[1;34m
[0m[1;34m	threadid 139783463847680 -> core 11 - OK[0m[1;34m
[0m[1;34m	threadid 139783455454976 -> core 12 - OK[0m[1;34m
[0m[1;34m	threadid 139783447062272 -> core 13 - OK[0m[1;34m
[0m[1;34m	threadid 139783438669568 -> core 14 - OK[0m[1;34m
[0m[1;34m	threadid 139783430276864 -> core 15 - OK[0m[1;34m
[0m[1;34m	threadid 139783421884160 -> core 16 - OK[0m[1;34m
[0m[1;34m	threadid 139783413491456 -> core 17 - OK[0m[1;34m
[0m[1;34m	threadid 139783405098752 -> core 18 - OK[0m[1;34m
[0m[1;34m	threadid 139783396706048 -> core 19 - OK[0m[1;34m
[0miterations: 200
Total iterations: 1797600800 LUP
FLOP: 11
Total work: 19773608800 FLOP
performance: 3.131653 GLUP/s
Performance in GFLOP/s: 34.448188
size: 9000000
time: 0.574010
