[1;34m[pthread wrapper] 
[0m[1;34m[pthread wrapper] MAIN -> 0
[0m[1;34m[pthread wrapper] PIN_MASK: [0m[1;34m0->1  [0m[1;34m1->2  [0m[1;34m2->3  [0m[1;34m3->4  [0m[1;34m4->5  [0m[1;34m5->6  [0m[1;34m6->7  [0m[1;34m7->8  [0m[1;34m8->9  [0m[1;34m9->10  [0m[1;34m10->11  [0m[1;34m11->12  [0m[1;34m12->13  [0m[1;34m13->14  [0m[1;34m14->15  [0m[1;34m15->16  [0m[1;34m16->17  [0m[1;34m17->18  [0m[1;34m18->19  [0m[1;34m
[pthread wrapper] SKIP MASK: 0x0
[0m[1;34m	threadid 140238139795200 -> core 1 - OK[0m[1;34m
[0m[1;34m	threadid 140238131402496 -> core 2 - OK[0m[1;34m
[0m[1;34m	threadid 140238123009792 -> core 3 - OK[0m[1;34m
[0m[1;34m	threadid 140238114617088 -> core 4 - OK[0m[1;34m
[0m[1;34m	threadid 140238106224384 -> core 5 - OK[0m[1;34m
[0m[1;34m	threadid 140238097831680 -> core 6 - OK[0m[1;34m
[0m[1;34m	threadid 140238089438976 -> core 7 - OK[0m[1;34m
[0m[1;34m	threadid 140238081046272 -> core 8 - OK[0m[1;34m
[0m[1;34m	threadid 140238072653568 -> core 9 - OK[0m[1;34m
[0m[1;34m	threadid 140238064260864 -> core 10 - OK[0m[1;34m
[0m[1;34m	threadid 140238055868160 -> core 11 - OK[0m[1;34m
[0m[1;34m	threadid 140238047475456 -> core 12 - OK[0m[1;34m
[0m[1;34m	threadid 140238039082752 -> core 13 - OK[0m[1;34m
[0m[1;34m	threadid 140238030690048 -> core 14 - OK[0m[1;34m
[0m[1;34m	threadid 140238022297344 -> core 15 - OK[0m[1;34m
[0m[1;34m	threadid 140238013904640 -> core 16 - OK[0m[1;34m
[0m[1;34m	threadid 140238005511936 -> core 17 - OK[0m[1;34m
[0m[1;34m	threadid 140237997119232 -> core 18 - OK[0m[1;34m
[0m[1;34m	threadid 140237988726528 -> core 19 - OK[0m[1;34m
[0miterations: 120
Total iterations: 1078560480 LUP
FLOP: 11
Total work: 11864165280 FLOP
performance: 3.641805 GLUP/s
Performance in GFLOP/s: 40.059859
size: 9000000
time: 0.296161
[1;34m[pthread wrapper] 
[0m[1;34m[pthread wrapper] MAIN -> 0
[0m[1;34m[pthread wrapper] PIN_MASK: [0m[1;34m0->1  [0m[1;34m1->2  [0m[1;34m2->3  [0m[1;34m3->4  [0m[1;34m4->5  [0m[1;34m5->6  [0m[1;34m6->7  [0m[1;34m7->8  [0m[1;34m8->9  [0m[1;34m9->10  [0m[1;34m10->11  [0m[1;34m11->12  [0m[1;34m12->13  [0m[1;34m13->14  [0m[1;34m14->15  [0m[1;34m15->16  [0m[1;34m16->17  [0m[1;34m17->18  [0m[1;34m18->19  [0m[1;34m
[pthread wrapper] SKIP MASK: 0x0
[0m[1;34m	threadid 140613310580480 -> core 1 - OK[0m[1;34m
[0m[1;34m	threadid 140613302187776 -> core 2 - OK[0m[1;34m
[0m[1;34m	threadid 140613293795072 -> core 3 - OK[0m[1;34m
[0m[1;34m	threadid 140613285402368 -> core 4 - OK[0m[1;34m
[0m[1;34m	threadid 140613277009664 -> core 5 - OK[0m[1;34m
[0m[1;34m	threadid 140613268616960 -> core 6 - OK[0m[1;34m
[0m[1;34m	threadid 140613260224256 -> core 7 - OK[0m[1;34m
[0m[1;34m	threadid 140613251831552 -> core 8 - OK[0m[1;34m
[0m[1;34m	threadid 140613243438848 -> core 9 - OK[0m[1;34m
[0m[1;34m	threadid 140613235046144 -> core 10 - OK[0m[1;34m
[0m[1;34m	threadid 140613226653440 -> core 11 - OK[0m[1;34m
[0m[1;34m	threadid 140613218260736 -> core 12 - OK[0m[1;34m
[0m[1;34m	threadid 140613209868032 -> core 13 - OK[0m[1;34m
[0m[1;34m	threadid 140613201475328 -> core 14 - OK[0m[1;34m
[0m[1;34m	threadid 140613193082624 -> core 15 - OK[0m[1;34m
[0m[1;34m	threadid 140613184689920 -> core 16 - OK[0m[1;34m
[0m[1;34m	threadid 140613176297216 -> core 17 - OK[0m[1;34m
[0m[1;34m	threadid 140613167904512 -> core 18 - OK[0m[1;34m
[0m[1;34m	threadid 140613159511808 -> core 19 - OK[0m[1;34m
[0miterations: 120
Total iterations: 1078560480 LUP
FLOP: 11
Total work: 11864165280 FLOP
performance: 3.647570 GLUP/s
Performance in GFLOP/s: 40.123265
size: 9000000
time: 0.295693
[1;34m[pthread wrapper] 
[0m[1;34m[pthread wrapper] MAIN -> 0
[0m[1;34m[pthread wrapper] PIN_MASK: [0m[1;34m0->1  [0m[1;34m1->2  [0m[1;34m2->3  [0m[1;34m3->4  [0m[1;34m4->5  [0m[1;34m5->6  [0m[1;34m6->7  [0m[1;34m7->8  [0m[1;34m8->9  [0m[1;34m9->10  [0m[1;34m10->11  [0m[1;34m11->12  [0m[1;34m12->13  [0m[1;34m13->14  [0m[1;34m14->15  [0m[1;34m15->16  [0m[1;34m16->17  [0m[1;34m17->18  [0m[1;34m18->19  [0m[1;34m
[pthread wrapper] SKIP MASK: 0x0
[0m[1;34m	threadid 139886887528192 -> core 1 - OK[0m[1;34m
[0m[1;34m	threadid 139886879135488 -> core 2 - OK[0m[1;34m
[0m[1;34m	threadid 139886870742784 -> core 3 - OK[0m[1;34m
[0m[1;34m	threadid 139886862350080 -> core 4 - OK[0m[1;34m
[0m[1;34m	threadid 139886853957376 -> core 5 - OK[0m[1;34m
[0m[1;34m	threadid 139886845564672 -> core 6 - OK[0m[1;34m
[0m[1;34m	threadid 139886837171968 -> core 7 - OK[0m[1;34m
[0m[1;34m	threadid 139886828779264 -> core 8 - OK[0m[1;34m
[0m[1;34m	threadid 139886820386560 -> core 9 - OK[0m[1;34m
[0m[1;34m	threadid 139886811993856 -> core 10 - OK[0m[1;34m
[0m[1;34m	threadid 139886803601152 -> core 11 - OK[0m[1;34m
[0m[1;34m	threadid 139886795208448 -> core 12 - OK[0m[1;34m
[0m[1;34m	threadid 139886786815744 -> core 13 - OK[0m[1;34m
[0m[1;34m	threadid 139886778423040 -> core 14 - OK[0m[1;34m
[0m[1;34m	threadid 139886770030336 -> core 15 - OK[0m[1;34m
[0m[1;34m	threadid 139886761637632 -> core 16 - OK[0m[1;34m
[0m[1;34m	threadid 139886753244928 -> core 17 - OK[0m[1;34m
[0m[1;34m	threadid 139886744852224 -> core 18 - OK[0m[1;34m
[0m[1;34m	threadid 139886736459520 -> core 19 - OK[0m[1;34m
[0miterations: 120
Total iterations: 1078560480 LUP
FLOP: 11
Total work: 11864165280 FLOP
performance: 3.517984 GLUP/s
Performance in GFLOP/s: 38.697822
size: 9000000
time: 0.306585
[1;34m[pthread wrapper] 
[0m[1;34m[pthread wrapper] MAIN -> 0
[0m[1;34m[pthread wrapper] PIN_MASK: [0m[1;34m0->1  [0m[1;34m1->2  [0m[1;34m2->3  [0m[1;34m3->4  [0m[1;34m4->5  [0m[1;34m5->6  [0m[1;34m6->7  [0m[1;34m7->8  [0m[1;34m8->9  [0m[1;34m9->10  [0m[1;34m10->11  [0m[1;34m11->12  [0m[1;34m12->13  [0m[1;34m13->14  [0m[1;34m14->15  [0m[1;34m15->16  [0m[1;34m16->17  [0m[1;34m17->18  [0m[1;34m18->19  [0m[1;34m
[pthread wrapper] SKIP MASK: 0x0
[0m[1;34m	threadid 139887366027008 -> core 1 - OK[0m[1;34m
[0m[1;34m	threadid 139887357634304 -> core 2 - OK[0m[1;34m
[0m[1;34m	threadid 139887349241600 -> core 3 - OK[0m[1;34m
[0m[1;34m	threadid 139887340848896 -> core 4 - OK[0m[1;34m
[0m[1;34m	threadid 139887332456192 -> core 5 - OK[0m[1;34m
[0m[1;34m	threadid 139887324063488 -> core 6 - OK[0m[1;34m
[0m[1;34m	threadid 139887315670784 -> core 7 - OK[0m[1;34m
[0m[1;34m	threadid 139887307278080 -> core 8 - OK[0m[1;34m
[0m[1;34m	threadid 139887298885376 -> core 9 - OK[0m[1;34m
[0m[1;34m	threadid 139887290492672 -> core 10 - OK[0m[1;34m
[0m[1;34m	threadid 139887282099968 -> core 11 - OK[0m[1;34m
[0m[1;34m	threadid 139887273707264 -> core 12 - OK[0m[1;34m
[0m[1;34m	threadid 139887265314560 -> core 13 - OK[0m[1;34m
[0m[1;34m	threadid 139887256921856 -> core 14 - OK[0m[1;34m
[0m[1;34m	threadid 139887248529152 -> core 15 - OK[0m[1;34m
[0m[1;34m	threadid 139887240136448 -> core 16 - OK[0m[1;34m
[0m[1;34m	threadid 139887231743744 -> core 17 - OK[0m[1;34m
[0m[1;34m	threadid 139887223351040 -> core 18 - OK[0m[1;34m
[0m[1;34m	threadid 139887214958336 -> core 19 - OK[0m[1;34m
[0miterations: 120
Total iterations: 1078560480 LUP
FLOP: 11
Total work: 11864165280 FLOP
performance: 3.645274 GLUP/s
Performance in GFLOP/s: 40.098014
size: 9000000
time: 0.295879
[1;34m[pthread wrapper] 
[0m[1;34m[pthread wrapper] MAIN -> 0
[0m[1;34m[pthread wrapper] PIN_MASK: [0m[1;34m0->1  [0m[1;34m1->2  [0m[1;34m2->3  [0m[1;34m3->4  [0m[1;34m4->5  [0m[1;34m5->6  [0m[1;34m6->7  [0m[1;34m7->8  [0m[1;34m8->9  [0m[1;34m9->10  [0m[1;34m10->11  [0m[1;34m11->12  [0m[1;34m12->13  [0m[1;34m13->14  [0m[1;34m14->15  [0m[1;34m15->16  [0m[1;34m16->17  [0m[1;34m17->18  [0m[1;34m18->19  [0m[1;34m
[pthread wrapper] SKIP MASK: 0x0
[0m[1;34m	threadid 139737512617728 -> core 1 - OK[0m[1;34m
[0m[1;34m	threadid 139737504225024 -> core 2 - OK[0m[1;34m
[0m[1;34m	threadid 139737495832320 -> core 3 - OK[0m[1;34m
[0m[1;34m	threadid 139737487439616 -> core 4 - OK[0m[1;34m
[0m[1;34m	threadid 139737479046912 -> core 5 - OK[0m[1;34m
[0m[1;34m	threadid 139737470654208 -> core 6 - OK[0m[1;34m
[0m[1;34m	threadid 139737462261504 -> core 7 - OK[0m[1;34m
[0m[1;34m	threadid 139737453868800 -> core 8 - OK[0m[1;34m
[0m[1;34m	threadid 139737445476096 -> core 9 - OK[0m[1;34m
[0m[1;34m	threadid 139737437083392 -> core 10 - OK[0m[1;34m
[0m[1;34m	threadid 139737428690688 -> core 11 - OK[0m[1;34m
[0m[1;34m	threadid 139737420297984 -> core 12 - OK[0m[1;34m
[0m[1;34m	threadid 139737411905280 -> core 13 - OK[0m[1;34m
[0m[1;34m	threadid 139737403512576 -> core 14 - OK[0m[1;34m
[0m[1;34m	threadid 139737395119872 -> core 15 - OK[0m[1;34m
[0m[1;34m	threadid 139737386727168 -> core 16 - OK[0m[1;34m
[0m[1;34m	threadid 139737378334464 -> core 17 - OK[0m[1;34m
[0m[1;34m	threadid 139737369941760 -> core 18 - OK[0m[1;34m
[0m[1;34m	threadid 139737361549056 -> core 19 - OK[0m[1;34m
[0miterations: 120
Total iterations: 1078560480 LUP
FLOP: 11
Total work: 11864165280 FLOP
performance: 3.636229 GLUP/s
Performance in GFLOP/s: 39.998518
size: 9000000
time: 0.296615
