iterations: 200
Total iterations: 49600800 LUP
FLOP: 11
Total work: 545608800 FLOP
performance: 0.424606 GLUP/s
Performance in GFLOP/s: 4.670667
size: 250000
time: 0.116816
iterations: 200
Total iterations: 49600800 LUP
FLOP: 11
Total work: 545608800 FLOP
performance: 0.425689 GLUP/s
Performance in GFLOP/s: 4.682575
size: 250000
time: 0.116519
iterations: 200
Total iterations: 49600800 LUP
FLOP: 11
Total work: 545608800 FLOP
performance: 0.424145 GLUP/s
Performance in GFLOP/s: 4.665591
size: 250000
time: 0.116943
iterations: 200
Total iterations: 49600800 LUP
FLOP: 11
Total work: 545608800 FLOP
performance: 0.424886 GLUP/s
Performance in GFLOP/s: 4.673748
size: 250000
time: 0.116739
iterations: 200
Total iterations: 49600800 LUP
FLOP: 11
Total work: 545608800 FLOP
performance: 0.424399 GLUP/s
Performance in GFLOP/s: 4.668389
size: 250000
time: 0.116873
iterations: 200
Total iterations: 49600800 LUP
FLOP: 11
Total work: 545608800 FLOP
performance: 0.423961 GLUP/s
Performance in GFLOP/s: 4.663566
size: 250000
time: 0.116994
iterations: 200
Total iterations: 49600800 LUP
FLOP: 11
Total work: 545608800 FLOP
performance: 0.424747 GLUP/s
Performance in GFLOP/s: 4.672221
size: 250000
time: 0.116777
iterations: 200
Total iterations: 49600800 LUP
FLOP: 11
Total work: 545608800 FLOP
performance: 0.425276 GLUP/s
Performance in GFLOP/s: 4.678038
size: 250000
time: 0.116632
iterations: 200
Total iterations: 49600800 LUP
FLOP: 11
Total work: 545608800 FLOP
performance: 0.425524 GLUP/s
Performance in GFLOP/s: 4.680765
size: 250000
time: 0.116564
iterations: 200
Total iterations: 49600800 LUP
FLOP: 11
Total work: 545608800 FLOP
performance: 0.425130 GLUP/s
Performance in GFLOP/s: 4.676432
size: 250000
time: 0.116672
