[1;34m[pthread wrapper] 
[0m[1;34m[pthread wrapper] MAIN -> 0
[0m[1;34m[pthread wrapper] PIN_MASK: [0m[1;34m0->1  [0m[1;34m1->2  [0m[1;34m2->10  [0m[1;34m3->11  [0m[1;34m4->12  [0m[1;34m
[pthread wrapper] SKIP MASK: 0x0
[0m[1;34m	threadid 139700001650432 -> core 1 - OK[0m[1;34m
[0m[1;34m	threadid 139699993257728 -> core 2 - OK[0m[1;34m
[0m[1;34m	threadid 139699984865024 -> core 10 - OK[0m[1;34m
[0m[1;34m	threadid 139699976472320 -> core 11 - OK[0m[1;34m
[0m[1;34m	threadid 139699968079616 -> core 12 - OK[0m[1;34m
[0miterations: 200
Total iterations: 49600800 LUP
FLOP: 11
Total work: 545608800 FLOP
performance: 1.126860 GLUP/s
Performance in GFLOP/s: 12.395456
size: 250000
time: 0.044017
[1;34m[pthread wrapper] 
[0m[1;34m[pthread wrapper] MAIN -> 0
[0m[1;34m[pthread wrapper] PIN_MASK: [0m[1;34m0->1  [0m[1;34m1->2  [0m[1;34m2->10  [0m[1;34m3->11  [0m[1;34m4->12  [0m[1;34m
[pthread wrapper] SKIP MASK: 0x0
[0m[1;34m	threadid 140615968708352 -> core 1 - OK[0m[1;34m
[0m[1;34m	threadid 140615960315648 -> core 2 - OK[0m[1;34m
[0m[1;34m	threadid 140615951922944 -> core 10 - OK[0m[1;34m
[0m[1;34m	threadid 140615943530240 -> core 11 - OK[0m[1;34m
[0m[1;34m	threadid 140615935137536 -> core 12 - OK[0m[1;34m
[0miterations: 200
Total iterations: 49600800 LUP
FLOP: 11
Total work: 545608800 FLOP
performance: 1.123258 GLUP/s
Performance in GFLOP/s: 12.355836
size: 250000
time: 0.044158
[1;34m[pthread wrapper] 
[0m[1;34m[pthread wrapper] MAIN -> 0
[0m[1;34m[pthread wrapper] PIN_MASK: [0m[1;34m0->1  [0m[1;34m1->2  [0m[1;34m2->10  [0m[1;34m3->11  [0m[1;34m4->12  [0m[1;34m
[pthread wrapper] SKIP MASK: 0x0
[0m[1;34m	threadid 140690640889600 -> core 1 - OK[0m[1;34m
[0m[1;34m	threadid 140690632496896 -> core 2 - OK[0m[1;34m
[0m[1;34m	threadid 140690624104192 -> core 10 - OK[0m[1;34m
[0m[1;34m	threadid 140690615711488 -> core 11 - OK[0m[1;34m
[0m[1;34m	threadid 140690607318784 -> core 12 - OK[0m[1;34m
[0miterations: 200
Total iterations: 49600800 LUP
FLOP: 11
Total work: 545608800 FLOP
performance: 1.126268 GLUP/s
Performance in GFLOP/s: 12.388947
size: 250000
time: 0.044040
[1;34m[pthread wrapper] 
[0m[1;34m[pthread wrapper] MAIN -> 0
[0m[1;34m[pthread wrapper] PIN_MASK: [0m[1;34m0->1  [0m[1;34m1->2  [0m[1;34m2->10  [0m[1;34m3->11  [0m[1;34m4->12  [0m[1;34m
[pthread wrapper] SKIP MASK: 0x0
[0m[1;34m	threadid 139930018694912 -> core 1 - OK[0m[1;34m
[0m[1;34m	threadid 139930010302208 -> core 2 - OK[0m[1;34m
[0m[1;34m	threadid 139930001909504 -> core 10 - OK[0m[1;34m
[0m[1;34m	threadid 139929993516800 -> core 11 - OK[0m[1;34m
[0m[1;34m	threadid 139929985124096 -> core 12 - OK[0m[1;34m
[0miterations: 200
Total iterations: 49600800 LUP
FLOP: 11
Total work: 545608800 FLOP
performance: 1.124047 GLUP/s
Performance in GFLOP/s: 12.364515
size: 250000
time: 0.044127
[1;34m[pthread wrapper] 
[0m[1;34m[pthread wrapper] MAIN -> 0
[0m[1;34m[pthread wrapper] PIN_MASK: [0m[1;34m0->1  [0m[1;34m1->2  [0m[1;34m2->10  [0m[1;34m3->11  [0m[1;34m4->12  [0m[1;34m
[pthread wrapper] SKIP MASK: 0x0
[0m[1;34m	threadid 139751208122112 -> core 1 - OK[0m[1;34m
[0m[1;34m	threadid 139751199729408 -> core 2 - OK[0m[1;34m
[0m[1;34m	threadid 139751191336704 -> core 10 - OK[0m[1;34m
[0m[1;34m	threadid 139751182944000 -> core 11 - OK[0m[1;34m
[0m[1;34m	threadid 139751174551296 -> core 12 - OK[0m[1;34m
[0miterations: 200
Total iterations: 49600800 LUP
FLOP: 11
Total work: 545608800 FLOP
performance: 1.125652 GLUP/s
Performance in GFLOP/s: 12.382177
size: 250000
time: 0.044064
[1;34m[pthread wrapper] 
[0m[1;34m[pthread wrapper] MAIN -> 0
[0m[1;34m[pthread wrapper] PIN_MASK: [0m[1;34m0->1  [0m[1;34m1->2  [0m[1;34m2->10  [0m[1;34m3->11  [0m[1;34m4->12  [0m[1;34m
[pthread wrapper] SKIP MASK: 0x0
[0m[1;34m	threadid 140512888063744 -> core 1 - OK[0m[1;34m
[0m[1;34m	threadid 140512879671040 -> core 2 - OK[0m[1;34m
[0m[1;34m	threadid 140512871278336 -> core 10 - OK[0m[1;34m
[0m[1;34m	threadid 140512862885632 -> core 11 - OK[0m[1;34m
[0m[1;34m	threadid 140512854492928 -> core 12 - OK[0m[1;34m
[0miterations: 200
Total iterations: 49600800 LUP
FLOP: 11
Total work: 545608800 FLOP
performance: 1.125348 GLUP/s
Performance in GFLOP/s: 12.378828
size: 250000
time: 0.044076
[1;34m[pthread wrapper] 
[0m[1;34m[pthread wrapper] MAIN -> 0
[0m[1;34m[pthread wrapper] PIN_MASK: [0m[1;34m0->1  [0m[1;34m1->2  [0m[1;34m2->10  [0m[1;34m3->11  [0m[1;34m4->12  [0m[1;34m
[pthread wrapper] SKIP MASK: 0x0
[0m[1;34m	threadid 140205751899904 -> core 1 - OK[0m[1;34m
[0m[1;34m	threadid 140205743507200 -> core 2 - OK[0m[1;34m
[0m[1;34m	threadid 140205735114496 -> core 10 - OK[0m[1;34m
[0m[1;34m	threadid 140205726721792 -> core 11 - OK[0m[1;34m
[0m[1;34m	threadid 140205718329088 -> core 12 - OK[0m[1;34m
[0miterations: 200
Total iterations: 49600800 LUP
FLOP: 11
Total work: 545608800 FLOP
performance: 1.125397 GLUP/s
Performance in GFLOP/s: 12.379364
size: 250000
time: 0.044074
[1;34m[pthread wrapper] 
[0m[1;34m[pthread wrapper] MAIN -> 0
[0m[1;34m[pthread wrapper] PIN_MASK: [0m[1;34m0->1  [0m[1;34m1->2  [0m[1;34m2->10  [0m[1;34m3->11  [0m[1;34m4->12  [0m[1;34m
[pthread wrapper] SKIP MASK: 0x0
[0m[1;34m	threadid 139993061033728 -> core 1 - OK[0m[1;34m
[0m[1;34m	threadid 139993052641024 -> core 2 - OK[0m[1;34m
[0m[1;34m	threadid 139993044248320 -> core 10 - OK[0m[1;34m
[0m[1;34m	threadid 139993035855616 -> core 11 - OK[0m[1;34m
[0m[1;34m	threadid 139993027462912 -> core 12 - OK[0m[1;34m
[0miterations: 200
Total iterations: 49600800 LUP
FLOP: 11
Total work: 545608800 FLOP
performance: 1.124940 GLUP/s
Performance in GFLOP/s: 12.374343
size: 250000
time: 0.044092
[1;34m[pthread wrapper] 
[0m[1;34m[pthread wrapper] MAIN -> 0
[0m[1;34m[pthread wrapper] PIN_MASK: [0m[1;34m0->1  [0m[1;34m1->2  [0m[1;34m2->10  [0m[1;34m3->11  [0m[1;34m4->12  [0m[1;34m
[pthread wrapper] SKIP MASK: 0x0
[0m[1;34m	threadid 140429619320576 -> core 1 - OK[0m[1;34m
[0m[1;34m	threadid 140429610927872 -> core 2 - OK[0m[1;34m
[0m[1;34m	threadid 140429602535168 -> core 10 - OK[0m[1;34m
[0m[1;34m	threadid 140429594142464 -> core 11 - OK[0m[1;34m
[0m[1;34m	threadid 140429585749760 -> core 12 - OK[0m[1;34m
[0miterations: 200
Total iterations: 49600800 LUP
FLOP: 11
Total work: 545608800 FLOP
performance: 1.124174 GLUP/s
Performance in GFLOP/s: 12.365918
size: 250000
time: 0.044122
[1;34m[pthread wrapper] 
[0m[1;34m[pthread wrapper] MAIN -> 0
[0m[1;34m[pthread wrapper] PIN_MASK: [0m[1;34m0->1  [0m[1;34m1->2  [0m[1;34m2->10  [0m[1;34m3->11  [0m[1;34m4->12  [0m[1;34m
[pthread wrapper] SKIP MASK: 0x0
[0m[1;34m	threadid 140619736995584 -> core 1 - OK[0m[1;34m
[0m[1;34m	threadid 140619728602880 -> core 2 - OK[0m[1;34m
[0m[1;34m	threadid 140619720210176 -> core 10 - OK[0m[1;34m
[0m[1;34m	threadid 140619711817472 -> core 11 - OK[0m[1;34m
[0m[1;34m	threadid 140619703424768 -> core 12 - OK[0m[1;34m
[0miterations: 200
Total iterations: 49600800 LUP
FLOP: 11
Total work: 545608800 FLOP
performance: 1.124071 GLUP/s
Performance in GFLOP/s: 12.364782
size: 250000
time: 0.044126
