[1;34m[pthread wrapper] 
[0m[1;34m[pthread wrapper] MAIN -> 0
[0m[1;34m[pthread wrapper] PIN_MASK: [0m[1;34m0->1  [0m[1;34m1->2  [0m[1;34m2->3  [0m[1;34m3->4  [0m[1;34m4->5  [0m[1;34m
[pthread wrapper] SKIP MASK: 0x0
[0m[1;34m	threadid 140534451775232 -> core 1 - OK[0m[1;34m
[0m[1;34m	threadid 140534443382528 -> core 2 - OK[0m[1;34m
[0m[1;34m	threadid 140534434989824 -> core 3 - OK[0m[1;34m
[0m[1;34m	threadid 140534426597120 -> core 4 - OK[0m[1;34m
[0m[1;34m	threadid 140534418204416 -> core 5 - OK[0m[1;34m
[0miterations: 200
Total iterations: 1797600800 LUP
FLOP: 11
Total work: 19773608800 FLOP
performance: 1.039625 GLUP/s
Performance in GFLOP/s: 11.435879
size: 9000000
time: 1.729085
[1;34m[pthread wrapper] 
[0m[1;34m[pthread wrapper] MAIN -> 0
[0m[1;34m[pthread wrapper] PIN_MASK: [0m[1;34m0->1  [0m[1;34m1->2  [0m[1;34m2->3  [0m[1;34m3->4  [0m[1;34m4->5  [0m[1;34m
[pthread wrapper] SKIP MASK: 0x0
[0m[1;34m	threadid 140396981520128 -> core 1 - OK[0m[1;34m
[0m[1;34m	threadid 140396973127424 -> core 2 - OK[0m[1;34m
[0m[1;34m	threadid 140396964734720 -> core 3 - OK[0m[1;34m
[0m[1;34m	threadid 140396956342016 -> core 4 - OK[0m[1;34m
[0m[1;34m	threadid 140396947949312 -> core 5 - OK[0m[1;34m
[0miterations: 200
Total iterations: 1797600800 LUP
FLOP: 11
Total work: 19773608800 FLOP
performance: 1.040819 GLUP/s
Performance in GFLOP/s: 11.449012
size: 9000000
time: 1.727102
[1;34m[pthread wrapper] 
[0m[1;34m[pthread wrapper] MAIN -> 0
[0m[1;34m[pthread wrapper] PIN_MASK: [0m[1;34m0->1  [0m[1;34m1->2  [0m[1;34m2->3  [0m[1;34m3->4  [0m[1;34m4->5  [0m[1;34m
[pthread wrapper] SKIP MASK: 0x0
[0m[1;34m	threadid 140024802502400 -> core 1 - OK[0m[1;34m
[0m[1;34m	threadid 140024794109696 -> core 2 - OK[0m[1;34m
[0m[1;34m	threadid 140024785716992 -> core 3 - OK[0m[1;34m
[0m[1;34m	threadid 140024777324288 -> core 4 - OK[0m[1;34m
[0m[1;34m	threadid 140024768931584 -> core 5 - OK[0m[1;34m
[0miterations: 200
Total iterations: 1797600800 LUP
FLOP: 11
Total work: 19773608800 FLOP
performance: 1.041813 GLUP/s
Performance in GFLOP/s: 11.459939
size: 9000000
time: 1.725455
[1;34m[pthread wrapper] 
[0m[1;34m[pthread wrapper] MAIN -> 0
[0m[1;34m[pthread wrapper] PIN_MASK: [0m[1;34m0->1  [0m[1;34m1->2  [0m[1;34m2->3  [0m[1;34m3->4  [0m[1;34m4->5  [0m[1;34m
[pthread wrapper] SKIP MASK: 0x0
[0m[1;34m	threadid 139702047741696 -> core 1 - OK[0m[1;34m
[0m[1;34m	threadid 139702039348992 -> core 2 - OK[0m[1;34m
[0m[1;34m	threadid 139702030956288 -> core 3 - OK[0m[1;34m
[0m[1;34m	threadid 139702022563584 -> core 4 - OK[0m[1;34m
[0m[1;34m	threadid 139702014170880 -> core 5 - OK[0m[1;34m
[0miterations: 200
Total iterations: 1797600800 LUP
FLOP: 11
Total work: 19773608800 FLOP
performance: 1.041251 GLUP/s
Performance in GFLOP/s: 11.453758
size: 9000000
time: 1.726386
[1;34m[pthread wrapper] 
[0m[1;34m[pthread wrapper] MAIN -> 0
[0m[1;34m[pthread wrapper] PIN_MASK: [0m[1;34m0->1  [0m[1;34m1->2  [0m[1;34m2->3  [0m[1;34m3->4  [0m[1;34m4->5  [0m[1;34m
[pthread wrapper] SKIP MASK: 0x0
[0m[1;34m	threadid 140010275010304 -> core 1 - OK[0m[1;34m
[0m[1;34m	threadid 140010266617600 -> core 2 - OK[0m[1;34m
[0m[1;34m	threadid 140010258224896 -> core 3 - OK[0m[1;34m
[0m[1;34m	threadid 140010249832192 -> core 4 - OK[0m[1;34m
[0m[1;34m	threadid 140010241439488 -> core 5 - OK[0m[1;34m
[0miterations: 200
Total iterations: 1797600800 LUP
FLOP: 11
Total work: 19773608800 FLOP
performance: 1.018286 GLUP/s
Performance in GFLOP/s: 11.201148
size: 9000000
time: 1.765320
[1;34m[pthread wrapper] 
[0m[1;34m[pthread wrapper] MAIN -> 0
[0m[1;34m[pthread wrapper] PIN_MASK: [0m[1;34m0->1  [0m[1;34m1->2  [0m[1;34m2->3  [0m[1;34m3->4  [0m[1;34m4->5  [0m[1;34m
[pthread wrapper] SKIP MASK: 0x0
[0m[1;34m	threadid 139866869090048 -> core 1 - OK[0m[1;34m
[0m[1;34m	threadid 139866860697344 -> core 2 - OK[0m[1;34m
[0m[1;34m	threadid 139866852304640 -> core 3 - OK[0m[1;34m
[0m[1;34m	threadid 139866843911936 -> core 4 - OK[0m[1;34m
[0m[1;34m	threadid 139866835519232 -> core 5 - OK[0m[1;34m
[0miterations: 200
Total iterations: 1797600800 LUP
FLOP: 11
Total work: 19773608800 FLOP
performance: 1.038619 GLUP/s
Performance in GFLOP/s: 11.424812
size: 9000000
time: 1.730760
[1;34m[pthread wrapper] 
[0m[1;34m[pthread wrapper] MAIN -> 0
[0m[1;34m[pthread wrapper] PIN_MASK: [0m[1;34m0->1  [0m[1;34m1->2  [0m[1;34m2->3  [0m[1;34m3->4  [0m[1;34m4->5  [0m[1;34m
[pthread wrapper] SKIP MASK: 0x0
[0m[1;34m	threadid 140393759856384 -> core 1 - OK[0m[1;34m
[0m[1;34m	threadid 140393751463680 -> core 2 - OK[0m[1;34m
[0m[1;34m	threadid 140393743070976 -> core 3 - OK[0m[1;34m
[0m[1;34m	threadid 140393734678272 -> core 4 - OK[0m[1;34m
[0m[1;34m	threadid 140393726285568 -> core 5 - OK[0m[1;34m
[0miterations: 200
Total iterations: 1797600800 LUP
FLOP: 11
Total work: 19773608800 FLOP
performance: 1.027238 GLUP/s
Performance in GFLOP/s: 11.299613
size: 9000000
time: 1.749937
[1;34m[pthread wrapper] 
[0m[1;34m[pthread wrapper] MAIN -> 0
[0m[1;34m[pthread wrapper] PIN_MASK: [0m[1;34m0->1  [0m[1;34m1->2  [0m[1;34m2->3  [0m[1;34m3->4  [0m[1;34m4->5  [0m[1;34m
[pthread wrapper] SKIP MASK: 0x0
[0m[1;34m	threadid 140624443897600 -> core 1 - OK[0m[1;34m
[0m[1;34m	threadid 140624435504896 -> core 2 - OK[0m[1;34m
[0m[1;34m	threadid 140624427112192 -> core 3 - OK[0m[1;34m
[0m[1;34m	threadid 140624418719488 -> core 4 - OK[0m[1;34m
[0m[1;34m	threadid 140624410326784 -> core 5 - OK[0m[1;34m
[0miterations: 200
Total iterations: 1797600800 LUP
FLOP: 11
Total work: 19773608800 FLOP
performance: 1.037406 GLUP/s
Performance in GFLOP/s: 11.411461
size: 9000000
time: 1.732785
[1;34m[pthread wrapper] 
[0m[1;34m[pthread wrapper] MAIN -> 0
[0m[1;34m[pthread wrapper] PIN_MASK: [0m[1;34m0->1  [0m[1;34m1->2  [0m[1;34m2->3  [0m[1;34m3->4  [0m[1;34m4->5  [0m[1;34m
[pthread wrapper] SKIP MASK: 0x0
[0m[1;34m	threadid 140715996964608 -> core 1 - OK[0m[1;34m
[0m[1;34m	threadid 140715988571904 -> core 2 - OK[0m[1;34m
[0m[1;34m	threadid 140715980179200 -> core 3 - OK[0m[1;34m
[0m[1;34m	threadid 140715971786496 -> core 4 - OK[0m[1;34m
[0m[1;34m	threadid 140715963393792 -> core 5 - OK[0m[1;34m
[0miterations: 200
Total iterations: 1797600800 LUP
FLOP: 11
Total work: 19773608800 FLOP
performance: 1.041469 GLUP/s
Performance in GFLOP/s: 11.456162
size: 9000000
time: 1.726024
[1;34m[pthread wrapper] 
[0m[1;34m[pthread wrapper] MAIN -> 0
[0m[1;34m[pthread wrapper] PIN_MASK: [0m[1;34m0->1  [0m[1;34m1->2  [0m[1;34m2->3  [0m[1;34m3->4  [0m[1;34m4->5  [0m[1;34m
[pthread wrapper] SKIP MASK: 0x0
[0m[1;34m	threadid 140346046244608 -> core 1 - OK[0m[1;34m
[0m[1;34m	threadid 140346037851904 -> core 2 - OK[0m[1;34m
[0m[1;34m	threadid 140346029459200 -> core 3 - OK[0m[1;34m
[0m[1;34m	threadid 140346021066496 -> core 4 - OK[0m[1;34m
[0m[1;34m	threadid 140346012673792 -> core 5 - OK[0m[1;34m
[0miterations: 200
Total iterations: 1797600800 LUP
FLOP: 11
Total work: 19773608800 FLOP
performance: 1.039757 GLUP/s
Performance in GFLOP/s: 11.437322
size: 9000000
time: 1.728867
