iterations: 200
Total iterations: 49600800 LUP
FLOP: 11
Total work: 545608800 FLOP
performance: 0.425268 GLUP/s
Performance in GFLOP/s: 4.677951
size: 250000
time: 0.116634
iterations: 200
Total iterations: 49600800 LUP
FLOP: 11
Total work: 545608800 FLOP
performance: 0.424949 GLUP/s
Performance in GFLOP/s: 4.674435
size: 250000
time: 0.116722
iterations: 200
Total iterations: 49600800 LUP
FLOP: 11
Total work: 545608800 FLOP
performance: 0.424566 GLUP/s
Performance in GFLOP/s: 4.670228
size: 250000
time: 0.116827
iterations: 200
Total iterations: 49600800 LUP
FLOP: 11
Total work: 545608800 FLOP
performance: 0.425539 GLUP/s
Performance in GFLOP/s: 4.680927
size: 250000
time: 0.116560
iterations: 200
Total iterations: 49600800 LUP
FLOP: 11
Total work: 545608800 FLOP
performance: 0.425696 GLUP/s
Performance in GFLOP/s: 4.682651
size: 250000
time: 0.116517
iterations: 200
Total iterations: 49600800 LUP
FLOP: 11
Total work: 545608800 FLOP
performance: 0.425776 GLUP/s
Performance in GFLOP/s: 4.683533
size: 250000
time: 0.116495
iterations: 200
Total iterations: 49600800 LUP
FLOP: 11
Total work: 545608800 FLOP
performance: 0.425371 GLUP/s
Performance in GFLOP/s: 4.679080
size: 250000
time: 0.116606
iterations: 200
Total iterations: 49600800 LUP
FLOP: 11
Total work: 545608800 FLOP
performance: 0.425619 GLUP/s
Performance in GFLOP/s: 4.681808
size: 250000
time: 0.116538
iterations: 200
Total iterations: 49600800 LUP
FLOP: 11
Total work: 545608800 FLOP
performance: 0.425273 GLUP/s
Performance in GFLOP/s: 4.677999
size: 250000
time: 0.116633
iterations: 200
Total iterations: 49600800 LUP
FLOP: 11
Total work: 545608800 FLOP
performance: 0.425912 GLUP/s
Performance in GFLOP/s: 4.685029
size: 250000
time: 0.116458
