[1;34m[pthread wrapper] 
[0m[1;34m[pthread wrapper] MAIN -> 0
[0m[1;34m[pthread wrapper] PIN_MASK: [0m[1;34m0->1  [0m[1;34m1->2  [0m[1;34m2->10  [0m[1;34m3->11  [0m[1;34m4->12  [0m[1;34m
[pthread wrapper] SKIP MASK: 0x0
[0m[1;34m	threadid 140299994425088 -> core 1 - OK[0m[1;34m
[0m[1;34m	threadid 140299986032384 -> core 2 - OK[0m[1;34m
[0m[1;34m	threadid 140299977639680 -> core 10 - OK[0m[1;34m
[0m[1;34m	threadid 140299969246976 -> core 11 - OK[0m[1;34m
[0m[1;34m	threadid 140299960854272 -> core 12 - OK[0m[1;34m
[0miterations: 200
Total iterations: 1797600800 LUP
FLOP: 11
Total work: 19773608800 FLOP
performance: 1.021646 GLUP/s
Performance in GFLOP/s: 11.238108
size: 9000000
time: 1.759514
[1;34m[pthread wrapper] 
[0m[1;34m[pthread wrapper] MAIN -> 0
[0m[1;34m[pthread wrapper] PIN_MASK: [0m[1;34m0->1  [0m[1;34m1->2  [0m[1;34m2->10  [0m[1;34m3->11  [0m[1;34m4->12  [0m[1;34m
[pthread wrapper] SKIP MASK: 0x0
[0m[1;34m	threadid 140208636716800 -> core 1 - OK[0m[1;34m
[0m[1;34m	threadid 140208628324096 -> core 2 - OK[0m[1;34m
[0m[1;34m	threadid 140208619931392 -> core 10 - OK[0m[1;34m
[0m[1;34m	threadid 140208611538688 -> core 11 - OK[0m[1;34m
[0m[1;34m	threadid 140208603145984 -> core 12 - OK[0m[1;34m
[0miterations: 200
Total iterations: 1797600800 LUP
FLOP: 11
Total work: 19773608800 FLOP
performance: 1.001777 GLUP/s
Performance in GFLOP/s: 11.019547
size: 9000000
time: 1.794412
[1;34m[pthread wrapper] 
[0m[1;34m[pthread wrapper] MAIN -> 0
[0m[1;34m[pthread wrapper] PIN_MASK: [0m[1;34m0->1  [0m[1;34m1->2  [0m[1;34m2->10  [0m[1;34m3->11  [0m[1;34m4->12  [0m[1;34m
[pthread wrapper] SKIP MASK: 0x0
[0m[1;34m	threadid 140151874942720 -> core 1 - OK[0m[1;34m
[0m[1;34m	threadid 140151866550016 -> core 2 - OK[0m[1;34m
[0m[1;34m	threadid 140151858157312 -> core 10 - OK[0m[1;34m
[0m[1;34m	threadid 140151849764608 -> core 11 - OK[0m[1;34m
[0m[1;34m	threadid 140151841371904 -> core 12 - OK[0m[1;34m
[0miterations: 200
Total iterations: 1797600800 LUP
FLOP: 11
Total work: 19773608800 FLOP
performance: 0.985116 GLUP/s
Performance in GFLOP/s: 10.836279
size: 9000000
time: 1.824760
[1;34m[pthread wrapper] 
[0m[1;34m[pthread wrapper] MAIN -> 0
[0m[1;34m[pthread wrapper] PIN_MASK: [0m[1;34m0->1  [0m[1;34m1->2  [0m[1;34m2->10  [0m[1;34m3->11  [0m[1;34m4->12  [0m[1;34m
[pthread wrapper] SKIP MASK: 0x0
[0m[1;34m	threadid 140642060908288 -> core 1 - OK[0m[1;34m
[0m[1;34m	threadid 140642052515584 -> core 2 - OK[0m[1;34m
[0m[1;34m	threadid 140642044122880 -> core 10 - OK[0m[1;34m
[0m[1;34m	threadid 140642035730176 -> core 11 - OK[0m[1;34m
[0m[1;34m	threadid 140642027337472 -> core 12 - OK[0m[1;34m
[0miterations: 200
Total iterations: 1797600800 LUP
FLOP: 11
Total work: 19773608800 FLOP
performance: 1.000577 GLUP/s
Performance in GFLOP/s: 11.006347
size: 9000000
time: 1.796564
[1;34m[pthread wrapper] 
[0m[1;34m[pthread wrapper] MAIN -> 0
[0m[1;34m[pthread wrapper] PIN_MASK: [0m[1;34m0->1  [0m[1;34m1->2  [0m[1;34m2->10  [0m[1;34m3->11  [0m[1;34m4->12  [0m[1;34m
[pthread wrapper] SKIP MASK: 0x0
[0m[1;34m	threadid 140045414168320 -> core 1 - OK[0m[1;34m
[0m[1;34m	threadid 140045405775616 -> core 2 - OK[0m[1;34m
[0m[1;34m	threadid 140045397382912 -> core 10 - OK[0m[1;34m
[0m[1;34m	threadid 140045388990208 -> core 11 - OK[0m[1;34m
[0m[1;34m	threadid 140045380597504 -> core 12 - OK[0m[1;34m
[0miterations: 200
Total iterations: 1797600800 LUP
FLOP: 11
Total work: 19773608800 FLOP
performance: 1.010080 GLUP/s
Performance in GFLOP/s: 11.110885
size: 9000000
time: 1.779661
[1;34m[pthread wrapper] 
[0m[1;34m[pthread wrapper] MAIN -> 0
[0m[1;34m[pthread wrapper] PIN_MASK: [0m[1;34m0->1  [0m[1;34m1->2  [0m[1;34m2->10  [0m[1;34m3->11  [0m[1;34m4->12  [0m[1;34m
[pthread wrapper] SKIP MASK: 0x0
[0m[1;34m	threadid 139726329685760 -> core 1 - OK[0m[1;34m
[0m[1;34m	threadid 139726321293056 -> core 2 - OK[0m[1;34m
[0m[1;34m	threadid 139726312900352 -> core 10 - OK[0m[1;34m
[0m[1;34m	threadid 139726304507648 -> core 11 - OK[0m[1;34m
[0m[1;34m	threadid 139726296114944 -> core 12 - OK[0m[1;34m
[0miterations: 200
Total iterations: 1797600800 LUP
FLOP: 11
Total work: 19773608800 FLOP
performance: 0.955314 GLUP/s
Performance in GFLOP/s: 10.508458
size: 9000000
time: 1.881685
[1;34m[pthread wrapper] 
[0m[1;34m[pthread wrapper] MAIN -> 0
[0m[1;34m[pthread wrapper] PIN_MASK: [0m[1;34m0->1  [0m[1;34m1->2  [0m[1;34m2->10  [0m[1;34m3->11  [0m[1;34m4->12  [0m[1;34m
[pthread wrapper] SKIP MASK: 0x0
[0m[1;34m	threadid 139797927315200 -> core 1 - OK[0m[1;34m
[0m[1;34m	threadid 139797918922496 -> core 2 - OK[0m[1;34m
[0m[1;34m	threadid 139797910529792 -> core 10 - OK[0m[1;34m
[0m[1;34m	threadid 139797902137088 -> core 11 - OK[0m[1;34m
[0m[1;34m	threadid 139797893744384 -> core 12 - OK[0m[1;34m
[0miterations: 200
Total iterations: 1797600800 LUP
FLOP: 11
Total work: 19773608800 FLOP
performance: 1.006904 GLUP/s
Performance in GFLOP/s: 11.075946
size: 9000000
time: 1.785275
[1;34m[pthread wrapper] 
[0m[1;34m[pthread wrapper] MAIN -> 0
[0m[1;34m[pthread wrapper] PIN_MASK: [0m[1;34m0->1  [0m[1;34m1->2  [0m[1;34m2->10  [0m[1;34m3->11  [0m[1;34m4->12  [0m[1;34m
[pthread wrapper] SKIP MASK: 0x0
[0m[1;34m	threadid 139726994708224 -> core 1 - OK[0m[1;34m
[0m[1;34m	threadid 139726986315520 -> core 2 - OK[0m[1;34m
[0m[1;34m	threadid 139726977922816 -> core 10 - OK[0m[1;34m
[0m[1;34m	threadid 139726969530112 -> core 11 - OK[0m[1;34m
[0m[1;34m	threadid 139726961137408 -> core 12 - OK[0m[1;34m
[0miterations: 200
Total iterations: 1797600800 LUP
FLOP: 11
Total work: 19773608800 FLOP
performance: 0.956525 GLUP/s
Performance in GFLOP/s: 10.521778
size: 9000000
time: 1.879303
[1;34m[pthread wrapper] 
[0m[1;34m[pthread wrapper] MAIN -> 0
[0m[1;34m[pthread wrapper] PIN_MASK: [0m[1;34m0->1  [0m[1;34m1->2  [0m[1;34m2->10  [0m[1;34m3->11  [0m[1;34m4->12  [0m[1;34m
[pthread wrapper] SKIP MASK: 0x0
[0m[1;34m	threadid 140491912767232 -> core 1 - OK[0m[1;34m
[0m[1;34m	threadid 140491904374528 -> core 2 - OK[0m[1;34m
[0m[1;34m	threadid 140491895981824 -> core 10 - OK[0m[1;34m
[0m[1;34m	threadid 140491887589120 -> core 11 - OK[0m[1;34m
[0m[1;34m	threadid 140491879196416 -> core 12 - OK[0m[1;34m
[0miterations: 200
Total iterations: 1797600800 LUP
FLOP: 11
Total work: 19773608800 FLOP
performance: 1.018961 GLUP/s
Performance in GFLOP/s: 11.208569
size: 9000000
time: 1.764151
[1;34m[pthread wrapper] 
[0m[1;34m[pthread wrapper] MAIN -> 0
[0m[1;34m[pthread wrapper] PIN_MASK: [0m[1;34m0->1  [0m[1;34m1->2  [0m[1;34m2->10  [0m[1;34m3->11  [0m[1;34m4->12  [0m[1;34m
[pthread wrapper] SKIP MASK: 0x0
[0m[1;34m	threadid 139694972204800 -> core 1 - OK[0m[1;34m
[0m[1;34m	threadid 139694963812096 -> core 2 - OK[0m[1;34m
[0m[1;34m	threadid 139694955419392 -> core 10 - OK[0m[1;34m
[0m[1;34m	threadid 139694947026688 -> core 11 - OK[0m[1;34m
[0m[1;34m	threadid 139694938633984 -> core 12 - OK[0m[1;34m
[0miterations: 200
Total iterations: 1797600800 LUP
FLOP: 11
Total work: 19773608800 FLOP
performance: 1.015332 GLUP/s
Performance in GFLOP/s: 11.168647
size: 9000000
time: 1.770457
