iterations: 200
Total iterations: 49600800 LUP
FLOP: 11
Total work: 545608800 FLOP
performance: 0.425900 GLUP/s
Performance in GFLOP/s: 4.684904
size: 250000
time: 0.116461
iterations: 200
Total iterations: 49600800 LUP
FLOP: 11
Total work: 545608800 FLOP
performance: 0.425966 GLUP/s
Performance in GFLOP/s: 4.685624
size: 250000
time: 0.116443
iterations: 200
Total iterations: 49600800 LUP
FLOP: 11
Total work: 545608800 FLOP
performance: 0.375975 GLUP/s
Performance in GFLOP/s: 4.135724
size: 250000
time: 0.131926
iterations: 200
Total iterations: 49600800 LUP
FLOP: 11
Total work: 545608800 FLOP
performance: 0.425611 GLUP/s
Performance in GFLOP/s: 4.681722
size: 250000
time: 0.116540
iterations: 200
Total iterations: 49600800 LUP
FLOP: 11
Total work: 545608800 FLOP
performance: 0.425320 GLUP/s
Performance in GFLOP/s: 4.678516
size: 250000
time: 0.116620
iterations: 200
Total iterations: 49600800 LUP
FLOP: 11
Total work: 545608800 FLOP
performance: 0.424886 GLUP/s
Performance in GFLOP/s: 4.673748
size: 250000
time: 0.116739
iterations: 200
Total iterations: 49600800 LUP
FLOP: 11
Total work: 545608800 FLOP
performance: 0.425780 GLUP/s
Performance in GFLOP/s: 4.683581
size: 250000
time: 0.116494
iterations: 200
Total iterations: 49600800 LUP
FLOP: 11
Total work: 545608800 FLOP
performance: 0.424545 GLUP/s
Performance in GFLOP/s: 4.669990
size: 250000
time: 0.116833
iterations: 200
Total iterations: 49600800 LUP
FLOP: 11
Total work: 545608800 FLOP
performance: 0.424926 GLUP/s
Performance in GFLOP/s: 4.674187
size: 250000
time: 0.116728
iterations: 200
Total iterations: 49600800 LUP
FLOP: 11
Total work: 545608800 FLOP
performance: 0.423689 GLUP/s
Performance in GFLOP/s: 4.660574
size: 250000
time: 0.117069
