[1;34m[pthread wrapper] 
[0m[1;34m[pthread wrapper] MAIN -> 0
[0m[1;34m[pthread wrapper] PIN_MASK: [0m[1;34m0->1  [0m[1;34m1->10  [0m[1;34m2->11  [0m[1;34m
[pthread wrapper] SKIP MASK: 0x0
[0m[1;34m	threadid 140433619089152 -> core 1 - OK[0m[1;34m
[0m[1;34m	threadid 140433610696448 -> core 10 - OK[0m[1;34m
[0m[1;34m	threadid 140433602303744 -> core 11 - OK[0m[1;34m
[0miterations: 200
Total iterations: 49600800 LUP
FLOP: 11
Total work: 545608800 FLOP
performance: 0.840464 GLUP/s
Performance in GFLOP/s: 9.245101
size: 250000
time: 0.059016
[1;34m[pthread wrapper] 
[0m[1;34m[pthread wrapper] MAIN -> 0
[0m[1;34m[pthread wrapper] PIN_MASK: [0m[1;34m0->1  [0m[1;34m1->10  [0m[1;34m2->11  [0m[1;34m
[pthread wrapper] SKIP MASK: 0x0
[0m[1;34m	threadid 140219914106624 -> core 1 - OK[0m[1;34m
[0m[1;34m	threadid 140219905713920 -> core 10 - OK[0m[1;34m
[0m[1;34m	threadid 140219897321216 -> core 11 - OK[0m[1;34m
[0miterations: 200
Total iterations: 49600800 LUP
FLOP: 11
Total work: 545608800 FLOP
performance: 0.840718 GLUP/s
Performance in GFLOP/s: 9.247903
size: 250000
time: 0.058998
[1;34m[pthread wrapper] 
[0m[1;34m[pthread wrapper] MAIN -> 0
[0m[1;34m[pthread wrapper] PIN_MASK: [0m[1;34m0->1  [0m[1;34m1->10  [0m[1;34m2->11  [0m[1;34m
[pthread wrapper] SKIP MASK: 0x0
[0m[1;34m	threadid 140021219501824 -> core 1 - OK[0m[1;34m
[0m[1;34m	threadid 140021211109120 -> core 10 - OK[0m[1;34m
[0m[1;34m	threadid 140021202716416 -> core 11 - OK[0m[1;34m
[0miterations: 200
Total iterations: 49600800 LUP
FLOP: 11
Total work: 545608800 FLOP
performance: 0.842646 GLUP/s
Performance in GFLOP/s: 9.269104
size: 250000
time: 0.058863
[1;34m[pthread wrapper] 
[0m[1;34m[pthread wrapper] MAIN -> 0
[0m[1;34m[pthread wrapper] PIN_MASK: [0m[1;34m0->1  [0m[1;34m1->10  [0m[1;34m2->11  [0m[1;34m
[pthread wrapper] SKIP MASK: 0x0
[0m[1;34m	threadid 139763473561344 -> core 1 - OK[0m[1;34m
[0m[1;34m	threadid 139763465168640 -> core 10 - OK[0m[1;34m
[0m[1;34m	threadid 139763456775936 -> core 11 - OK[0m[1;34m
[0miterations: 200
Total iterations: 49600800 LUP
FLOP: 11
Total work: 545608800 FLOP
performance: 0.839480 GLUP/s
Performance in GFLOP/s: 9.234283
size: 250000
time: 0.059085
[1;34m[pthread wrapper] 
[0m[1;34m[pthread wrapper] MAIN -> 0
[0m[1;34m[pthread wrapper] PIN_MASK: [0m[1;34m0->1  [0m[1;34m1->10  [0m[1;34m2->11  [0m[1;34m
[pthread wrapper] SKIP MASK: 0x0
[0m[1;34m	threadid 140236044850944 -> core 1 - OK[0m[1;34m
[0m[1;34m	threadid 140236036458240 -> core 10 - OK[0m[1;34m
[0m[1;34m	threadid 140236028065536 -> core 11 - OK[0m[1;34m
[0miterations: 200
Total iterations: 49600800 LUP
FLOP: 11
Total work: 545608800 FLOP
performance: 0.842636 GLUP/s
Performance in GFLOP/s: 9.268992
size: 250000
time: 0.058864
[1;34m[pthread wrapper] 
[0m[1;34m[pthread wrapper] MAIN -> 0
[0m[1;34m[pthread wrapper] PIN_MASK: [0m[1;34m0->1  [0m[1;34m1->10  [0m[1;34m2->11  [0m[1;34m
[pthread wrapper] SKIP MASK: 0x0
[0m[1;34m	threadid 140636679554816 -> core 1 - OK[0m[1;34m
[0m[1;34m	threadid 140636671162112 -> core 10 - OK[0m[1;34m
[0m[1;34m	threadid 140636662769408 -> core 11 - OK[0m[1;34m
[0miterations: 200
Total iterations: 49600800 LUP
FLOP: 11
Total work: 545608800 FLOP
performance: 0.844383 GLUP/s
Performance in GFLOP/s: 9.288216
size: 250000
time: 0.058742
[1;34m[pthread wrapper] 
[0m[1;34m[pthread wrapper] MAIN -> 0
[0m[1;34m[pthread wrapper] PIN_MASK: [0m[1;34m0->1  [0m[1;34m1->10  [0m[1;34m2->11  [0m[1;34m
[pthread wrapper] SKIP MASK: 0x0
[0m[1;34m	threadid 140282514499328 -> core 1 - OK[0m[1;34m
[0m[1;34m	threadid 140282506106624 -> core 10 - OK[0m[1;34m
[0m[1;34m	threadid 140282497713920 -> core 11 - OK[0m[1;34m
[0miterations: 200
Total iterations: 49600800 LUP
FLOP: 11
Total work: 545608800 FLOP
performance: 0.843952 GLUP/s
Performance in GFLOP/s: 9.283468
size: 250000
time: 0.058772
[1;34m[pthread wrapper] 
[0m[1;34m[pthread wrapper] MAIN -> 0
[0m[1;34m[pthread wrapper] PIN_MASK: [0m[1;34m0->1  [0m[1;34m1->10  [0m[1;34m2->11  [0m[1;34m
[pthread wrapper] SKIP MASK: 0x0
[0m[1;34m	threadid 139762090407680 -> core 1 - OK[0m[1;34m
[0m[1;34m	threadid 139762082014976 -> core 10 - OK[0m[1;34m
[0m[1;34m	threadid 139762073622272 -> core 11 - OK[0m[1;34m
[0miterations: 200
Total iterations: 49600800 LUP
FLOP: 11
Total work: 545608800 FLOP
performance: 0.843695 GLUP/s
Performance in GFLOP/s: 9.280645
size: 250000
time: 0.058790
[1;34m[pthread wrapper] 
[0m[1;34m[pthread wrapper] MAIN -> 0
[0m[1;34m[pthread wrapper] PIN_MASK: [0m[1;34m0->1  [0m[1;34m1->10  [0m[1;34m2->11  [0m[1;34m
[pthread wrapper] SKIP MASK: 0x0
[0m[1;34m	threadid 140412877469440 -> core 1 - OK[0m[1;34m
[0m[1;34m	threadid 140412869076736 -> core 10 - OK[0m[1;34m
[0m[1;34m	threadid 140412860684032 -> core 11 - OK[0m[1;34m
[0miterations: 200
Total iterations: 49600800 LUP
FLOP: 11
Total work: 545608800 FLOP
performance: 0.839226 GLUP/s
Performance in GFLOP/s: 9.231489
size: 250000
time: 0.059103
[1;34m[pthread wrapper] 
[0m[1;34m[pthread wrapper] MAIN -> 0
[0m[1;34m[pthread wrapper] PIN_MASK: [0m[1;34m0->1  [0m[1;34m1->10  [0m[1;34m2->11  [0m[1;34m
[pthread wrapper] SKIP MASK: 0x0
[0m[1;34m	threadid 139772861634304 -> core 1 - OK[0m[1;34m
[0m[1;34m	threadid 139772853241600 -> core 10 - OK[0m[1;34m
[0m[1;34m	threadid 139772844848896 -> core 11 - OK[0m[1;34m
[0miterations: 200
Total iterations: 49600800 LUP
FLOP: 11
Total work: 545608800 FLOP
performance: 0.824071 GLUP/s
Performance in GFLOP/s: 9.064781
size: 250000
time: 0.060190
