[1;34m[pthread wrapper] 
[0m[1;34m[pthread wrapper] MAIN -> 0
[0m[1;34m[pthread wrapper] PIN_MASK: [0m[1;34m0->1  [0m[1;34m1->2  [0m[1;34m2->3  [0m[1;34m3->4  [0m[1;34m4->10  [0m[1;34m5->11  [0m[1;34m6->12  [0m[1;34m7->13  [0m[1;34m8->14  [0m[1;34m
[pthread wrapper] SKIP MASK: 0x0
[0m[1;34m	threadid 140410454255360 -> core 1 - OK[0m[1;34m
[0m[1;34m	threadid 140410445862656 -> core 2 - OK[0m[1;34m
[0m[1;34m	threadid 140410437469952 -> core 3 - OK[0m[1;34m
[0m[1;34m	threadid 140410429077248 -> core 4 - OK[0m[1;34m
[0m[1;34m	threadid 140410420684544 -> core 10 - OK[0m[1;34m
[0m[1;34m	threadid 140410412291840 -> core 11 - OK[0m[1;34m
[0m[1;34m	threadid 140410403899136 -> core 12 - OK[0m[1;34m
[0m[1;34m	threadid 140410395506432 -> core 13 - OK[0m[1;34m
[0m[1;34m	threadid 140410387113728 -> core 14 - OK[0m[1;34m
[0miterations: 200
Total iterations: 1797600800 LUP
FLOP: 11
Total work: 19773608800 FLOP
performance: 1.652527 GLUP/s
Performance in GFLOP/s: 18.177797
size: 9000000
time: 1.087789
[1;34m[pthread wrapper] 
[0m[1;34m[pthread wrapper] MAIN -> 0
[0m[1;34m[pthread wrapper] PIN_MASK: [0m[1;34m0->1  [0m[1;34m1->2  [0m[1;34m2->3  [0m[1;34m3->4  [0m[1;34m4->10  [0m[1;34m5->11  [0m[1;34m6->12  [0m[1;34m7->13  [0m[1;34m8->14  [0m[1;34m
[pthread wrapper] SKIP MASK: 0x0
[0m[1;34m	threadid 139950575871744 -> core 1 - OK[0m[1;34m
[0m[1;34m	threadid 139950567479040 -> core 2 - OK[0m[1;34m
[0m[1;34m	threadid 139950559086336 -> core 3 - OK[0m[1;34m
[0m[1;34m	threadid 139950550693632 -> core 4 - OK[0m[1;34m
[0m[1;34m	threadid 139950542300928 -> core 10 - OK[0m[1;34m
[0m[1;34m	threadid 139950533908224 -> core 11 - OK[0m[1;34m
[0m[1;34m	threadid 139950525515520 -> core 12 - OK[0m[1;34m
[0m[1;34m	threadid 139950517122816 -> core 13 - OK[0m[1;34m
[0m[1;34m	threadid 139950508730112 -> core 14 - OK[0m[1;34m
[0miterations: 200
Total iterations: 1797600800 LUP
FLOP: 11
Total work: 19773608800 FLOP
performance: 1.650058 GLUP/s
Performance in GFLOP/s: 18.150634
size: 9000000
time: 1.089417
[1;34m[pthread wrapper] 
[0m[1;34m[pthread wrapper] MAIN -> 0
[0m[1;34m[pthread wrapper] PIN_MASK: [0m[1;34m0->1  [0m[1;34m1->2  [0m[1;34m2->3  [0m[1;34m3->4  [0m[1;34m4->10  [0m[1;34m5->11  [0m[1;34m6->12  [0m[1;34m7->13  [0m[1;34m8->14  [0m[1;34m
[pthread wrapper] SKIP MASK: 0x0
[0m[1;34m	threadid 140521453442816 -> core 1 - OK[0m[1;34m
[0m[1;34m	threadid 140521445050112 -> core 2 - OK[0m[1;34m
[0m[1;34m	threadid 140521436657408 -> core 3 - OK[0m[1;34m
[0m[1;34m	threadid 140521428264704 -> core 4 - OK[0m[1;34m
[0m[1;34m	threadid 140521419872000 -> core 10 - OK[0m[1;34m
[0m[1;34m	threadid 140521411479296 -> core 11 - OK[0m[1;34m
[0m[1;34m	threadid 140521403086592 -> core 12 - OK[0m[1;34m
[0m[1;34m	threadid 140521394693888 -> core 13 - OK[0m[1;34m
[0m[1;34m	threadid 140521386301184 -> core 14 - OK[0m[1;34m
[0miterations: 200
Total iterations: 1797600800 LUP
FLOP: 11
Total work: 19773608800 FLOP
performance: 1.646765 GLUP/s
Performance in GFLOP/s: 18.114420
size: 9000000
time: 1.091595
[1;34m[pthread wrapper] 
[0m[1;34m[pthread wrapper] MAIN -> 0
[0m[1;34m[pthread wrapper] PIN_MASK: [0m[1;34m0->1  [0m[1;34m1->2  [0m[1;34m2->3  [0m[1;34m3->4  [0m[1;34m4->10  [0m[1;34m5->11  [0m[1;34m6->12  [0m[1;34m7->13  [0m[1;34m8->14  [0m[1;34m
[pthread wrapper] SKIP MASK: 0x0
[0m[1;34m	threadid 140684811384576 -> core 1 - OK[0m[1;34m
[0m[1;34m	threadid 140684802991872 -> core 2 - OK[0m[1;34m
[0m[1;34m	threadid 140684794599168 -> core 3 - OK[0m[1;34m
[0m[1;34m	threadid 140684786206464 -> core 4 - OK[0m[1;34m
[0m[1;34m	threadid 140684777813760 -> core 10 - OK[0m[1;34m
[0m[1;34m	threadid 140684769421056 -> core 11 - OK[0m[1;34m
[0m[1;34m	threadid 140684761028352 -> core 12 - OK[0m[1;34m
[0m[1;34m	threadid 140684752635648 -> core 13 - OK[0m[1;34m
[0m[1;34m	threadid 140684744242944 -> core 14 - OK[0m[1;34m
[0miterations: 200
Total iterations: 1797600800 LUP
FLOP: 11
Total work: 19773608800 FLOP
performance: 1.651446 GLUP/s
Performance in GFLOP/s: 18.165908
size: 9000000
time: 1.088501
[1;34m[pthread wrapper] 
[0m[1;34m[pthread wrapper] MAIN -> 0
[0m[1;34m[pthread wrapper] PIN_MASK: [0m[1;34m0->1  [0m[1;34m1->2  [0m[1;34m2->3  [0m[1;34m3->4  [0m[1;34m4->10  [0m[1;34m5->11  [0m[1;34m6->12  [0m[1;34m7->13  [0m[1;34m8->14  [0m[1;34m
[pthread wrapper] SKIP MASK: 0x0
[0m[1;34m	threadid 140181750368000 -> core 1 - OK[0m[1;34m
[0m[1;34m	threadid 140181741975296 -> core 2 - OK[0m[1;34m
[0m[1;34m	threadid 140181733582592 -> core 3 - OK[0m[1;34m
[0m[1;34m	threadid 140181725189888 -> core 4 - OK[0m[1;34m
[0m[1;34m	threadid 140181716797184 -> core 10 - OK[0m[1;34m
[0m[1;34m	threadid 140181708404480 -> core 11 - OK[0m[1;34m
[0m[1;34m	threadid 140181700011776 -> core 12 - OK[0m[1;34m
[0m[1;34m	threadid 140181691619072 -> core 13 - OK[0m[1;34m
[0m[1;34m	threadid 140181683226368 -> core 14 - OK[0m[1;34m
[0miterations: 200
Total iterations: 1797600800 LUP
FLOP: 11
Total work: 19773608800 FLOP
performance: 1.655755 GLUP/s
Performance in GFLOP/s: 18.213309
size: 9000000
time: 1.085668
[1;34m[pthread wrapper] 
[0m[1;34m[pthread wrapper] MAIN -> 0
[0m[1;34m[pthread wrapper] PIN_MASK: [0m[1;34m0->1  [0m[1;34m1->2  [0m[1;34m2->3  [0m[1;34m3->4  [0m[1;34m4->10  [0m[1;34m5->11  [0m[1;34m6->12  [0m[1;34m7->13  [0m[1;34m8->14  [0m[1;34m
[pthread wrapper] SKIP MASK: 0x0
[0m[1;34m	threadid 140291130943232 -> core 1 - OK[0m[1;34m
[0m[1;34m	threadid 140291122550528 -> core 2 - OK[0m[1;34m
[0m[1;34m	threadid 140291114157824 -> core 3 - OK[0m[1;34m
[0m[1;34m	threadid 140291105765120 -> core 4 - OK[0m[1;34m
[0m[1;34m	threadid 140291097372416 -> core 10 - OK[0m[1;34m
[0m[1;34m	threadid 140291088979712 -> core 11 - OK[0m[1;34m
[0m[1;34m	threadid 140291080587008 -> core 12 - OK[0m[1;34m
[0m[1;34m	threadid 140291072194304 -> core 13 - OK[0m[1;34m
[0m[1;34m	threadid 140291063801600 -> core 14 - OK[0m[1;34m
[0miterations: 200
Total iterations: 1797600800 LUP
FLOP: 11
Total work: 19773608800 FLOP
performance: 1.661273 GLUP/s
Performance in GFLOP/s: 18.274007
size: 9000000
time: 1.082062
[1;34m[pthread wrapper] 
[0m[1;34m[pthread wrapper] MAIN -> 0
[0m[1;34m[pthread wrapper] PIN_MASK: [0m[1;34m0->1  [0m[1;34m1->2  [0m[1;34m2->3  [0m[1;34m3->4  [0m[1;34m4->10  [0m[1;34m5->11  [0m[1;34m6->12  [0m[1;34m7->13  [0m[1;34m8->14  [0m[1;34m
[pthread wrapper] SKIP MASK: 0x0
[0m[1;34m	threadid 139790515762944 -> core 1 - OK[0m[1;34m
[0m[1;34m	threadid 139790507370240 -> core 2 - OK[0m[1;34m
[0m[1;34m	threadid 139790498977536 -> core 3 - OK[0m[1;34m
[0m[1;34m	threadid 139790490584832 -> core 4 - OK[0m[1;34m
[0m[1;34m	threadid 139790482192128 -> core 10 - OK[0m[1;34m
[0m[1;34m	threadid 139790473799424 -> core 11 - OK[0m[1;34m
[0m[1;34m	threadid 139790465406720 -> core 12 - OK[0m[1;34m
[0m[1;34m	threadid 139790457014016 -> core 13 - OK[0m[1;34m
[0m[1;34m	threadid 139790448621312 -> core 14 - OK[0m[1;34m
[0miterations: 200
Total iterations: 1797600800 LUP
FLOP: 11
Total work: 19773608800 FLOP
performance: 1.660509 GLUP/s
Performance in GFLOP/s: 18.265604
size: 9000000
time: 1.082560
[1;34m[pthread wrapper] 
[0m[1;34m[pthread wrapper] MAIN -> 0
[0m[1;34m[pthread wrapper] PIN_MASK: [0m[1;34m0->1  [0m[1;34m1->2  [0m[1;34m2->3  [0m[1;34m3->4  [0m[1;34m4->10  [0m[1;34m5->11  [0m[1;34m6->12  [0m[1;34m7->13  [0m[1;34m8->14  [0m[1;34m
[pthread wrapper] SKIP MASK: 0x0
[0m[1;34m	threadid 139645387613952 -> core 1 - OK[0m[1;34m
[0m[1;34m	threadid 139645379221248 -> core 2 - OK[0m[1;34m
[0m[1;34m	threadid 139645370828544 -> core 3 - OK[0m[1;34m
[0m[1;34m	threadid 139645362435840 -> core 4 - OK[0m[1;34m
[0m[1;34m	threadid 139645354043136 -> core 10 - OK[0m[1;34m
[0m[1;34m	threadid 139645345650432 -> core 11 - OK[0m[1;34m
[0m[1;34m	threadid 139645337257728 -> core 12 - OK[0m[1;34m
[0m[1;34m	threadid 139645328865024 -> core 13 - OK[0m[1;34m
[0m[1;34m	threadid 139645320472320 -> core 14 - OK[0m[1;34m
[0miterations: 200
Total iterations: 1797600800 LUP
FLOP: 11
Total work: 19773608800 FLOP
performance: 1.608417 GLUP/s
Performance in GFLOP/s: 17.692590
size: 9000000
time: 1.117621
[1;34m[pthread wrapper] 
[0m[1;34m[pthread wrapper] MAIN -> 0
[0m[1;34m[pthread wrapper] PIN_MASK: [0m[1;34m0->1  [0m[1;34m1->2  [0m[1;34m2->3  [0m[1;34m3->4  [0m[1;34m4->10  [0m[1;34m5->11  [0m[1;34m6->12  [0m[1;34m7->13  [0m[1;34m8->14  [0m[1;34m
[pthread wrapper] SKIP MASK: 0x0
[0m[1;34m	threadid 140285403920128 -> core 1 - OK[0m[1;34m
[0m[1;34m	threadid 140285395527424 -> core 2 - OK[0m[1;34m
[0m[1;34m	threadid 140285387134720 -> core 3 - OK[0m[1;34m
[0m[1;34m	threadid 140285378742016 -> core 4 - OK[0m[1;34m
[0m[1;34m	threadid 140285370349312 -> core 10 - OK[0m[1;34m
[0m[1;34m	threadid 140285361956608 -> core 11 - OK[0m[1;34m
[0m[1;34m	threadid 140285353563904 -> core 12 - OK[0m[1;34m
[0m[1;34m	threadid 140285345171200 -> core 13 - OK[0m[1;34m
[0m[1;34m	threadid 140285336778496 -> core 14 - OK[0m[1;34m
[0miterations: 200
Total iterations: 1797600800 LUP
FLOP: 11
Total work: 19773608800 FLOP
performance: 1.651856 GLUP/s
Performance in GFLOP/s: 18.170413
size: 9000000
time: 1.088231
[1;34m[pthread wrapper] 
[0m[1;34m[pthread wrapper] MAIN -> 0
[0m[1;34m[pthread wrapper] PIN_MASK: [0m[1;34m0->1  [0m[1;34m1->2  [0m[1;34m2->3  [0m[1;34m3->4  [0m[1;34m4->10  [0m[1;34m5->11  [0m[1;34m6->12  [0m[1;34m7->13  [0m[1;34m8->14  [0m[1;34m
[pthread wrapper] SKIP MASK: 0x0
[0m[1;34m	threadid 140012755281664 -> core 1 - OK[0m[1;34m
[0m[1;34m	threadid 140012746888960 -> core 2 - OK[0m[1;34m
[0m[1;34m	threadid 140012738496256 -> core 3 - OK[0m[1;34m
[0m[1;34m	threadid 140012730103552 -> core 4 - OK[0m[1;34m
[0m[1;34m	threadid 140012721710848 -> core 10 - OK[0m[1;34m
[0m[1;34m	threadid 140012713318144 -> core 11 - OK[0m[1;34m
[0m[1;34m	threadid 140012704925440 -> core 12 - OK[0m[1;34m
[0m[1;34m	threadid 140012696532736 -> core 13 - OK[0m[1;34m
[0m[1;34m	threadid 140012688140032 -> core 14 - OK[0m[1;34m
[0miterations: 200
Total iterations: 1797600800 LUP
FLOP: 11
Total work: 19773608800 FLOP
performance: 1.657667 GLUP/s
Performance in GFLOP/s: 18.234336
size: 9000000
time: 1.084416
