iterations: 200
Total iterations: 49600800 LUP
FLOP: 11
Total work: 545608800 FLOP
performance: 0.217653 GLUP/s
Performance in GFLOP/s: 2.394186
size: 250000
time: 0.227889
[1;34m[likwid-pin] Main PID -> core 0 - OK[0m
iterations: 200
Total iterations: 49600800 LUP
FLOP: 11
Total work: 545608800 FLOP
performance: 0.217386 GLUP/s
Performance in GFLOP/s: 2.391246
size: 250000
time: 0.228169
[1;34m[likwid-pin] Main PID -> core 0 - OK[0m
iterations: 200
Total iterations: 49600800 LUP
FLOP: 11
Total work: 545608800 FLOP
performance: 0.217467 GLUP/s
Performance in GFLOP/s: 2.392139
size: 250000
time: 0.228084
[1;34m[likwid-pin] Main PID -> core 0 - OK[0m
iterations: 200
Total iterations: 49600800 LUP
FLOP: 11
Total work: 545608800 FLOP
performance: 0.217893 GLUP/s
Performance in GFLOP/s: 2.396826
size: 250000
time: 0.227638
[1;34m[likwid-pin] Main PID -> core 0 - OK[0m
iterations: 200
Total iterations: 49600800 LUP
FLOP: 11
Total work: 545608800 FLOP
performance: 0.217845 GLUP/s
Performance in GFLOP/s: 2.396299
size: 250000
time: 0.227688
[1;34m[likwid-pin] Main PID -> core 0 - OK[0m
iterations: 200
Total iterations: 49600800 LUP
FLOP: 11
Total work: 545608800 FLOP
performance: 0.217591 GLUP/s
Performance in GFLOP/s: 2.393502
size: 250000
time: 0.227954
[1;34m[likwid-pin] Main PID -> core 0 - OK[0m
iterations: 200
Total iterations: 49600800 LUP
FLOP: 11
Total work: 545608800 FLOP
performance: 0.218116 GLUP/s
Performance in GFLOP/s: 2.399272
size: 250000
time: 0.227406
[1;34m[likwid-pin] Main PID -> core 0 - OK[0m
iterations: 200
Total iterations: 49600800 LUP
FLOP: 11
Total work: 545608800 FLOP
performance: 0.217501 GLUP/s
Performance in GFLOP/s: 2.392506
size: 250000
time: 0.228049
[1;34m[likwid-pin] Main PID -> core 0 - OK[0m
iterations: 200
Total iterations: 49600800 LUP
FLOP: 11
Total work: 545608800 FLOP
performance: 0.217622 GLUP/s
Performance in GFLOP/s: 2.393840
size: 250000
time: 0.227922
[1;34m[likwid-pin] Main PID -> core 0 - OK[0m
iterations: 200
Total iterations: 49600800 LUP
FLOP: 11
Total work: 545608800 FLOP
performance: 0.217965 GLUP/s
Performance in GFLOP/s: 2.397617
size: 250000
time: 0.227563
[1;34m[likwid-pin] Main PID -> core 0 - OK[0m
