[1;34m[pthread wrapper] 
[0m[1;34m[pthread wrapper] MAIN -> 0
[0m[1;34m[pthread wrapper] PIN_MASK: [0m[1;34m0->1  [0m[1;34m1->2  [0m[1;34m2->3  [0m[1;34m
[pthread wrapper] SKIP MASK: 0x0
[0m[1;34m	threadid 140631853274880 -> core 1 - OK[0m[1;34m
[0m[1;34m	threadid 140631844882176 -> core 2 - OK[0m[1;34m
[0m[1;34m	threadid 140631836489472 -> core 3 - OK[0m[1;34m
[0miterations: 200
Total iterations: 1797600800 LUP
FLOP: 11
Total work: 19773608800 FLOP
performance: 0.703525 GLUP/s
Performance in GFLOP/s: 7.738770
size: 9000000
time: 2.555136
[1;34m[pthread wrapper] 
[0m[1;34m[pthread wrapper] MAIN -> 0
[0m[1;34m[pthread wrapper] PIN_MASK: [0m[1;34m0->1  [0m[1;34m1->2  [0m[1;34m2->3  [0m[1;34m
[pthread wrapper] SKIP MASK: 0x0
[0m[1;34m	threadid 140583364806400 -> core 1 - OK[0m[1;34m
[0m[1;34m	threadid 140583356413696 -> core 2 - OK[0m[1;34m
[0m[1;34m	threadid 140583348020992 -> core 3 - OK[0m[1;34m
[0miterations: 200
Total iterations: 1797600800 LUP
FLOP: 11
Total work: 19773608800 FLOP
performance: 0.701946 GLUP/s
Performance in GFLOP/s: 7.721403
size: 9000000
time: 2.560883
[1;34m[pthread wrapper] 
[0m[1;34m[pthread wrapper] MAIN -> 0
[0m[1;34m[pthread wrapper] PIN_MASK: [0m[1;34m0->1  [0m[1;34m1->2  [0m[1;34m2->3  [0m[1;34m
[pthread wrapper] SKIP MASK: 0x0
[0m[1;34m	threadid 140160744130304 -> core 1 - OK[0m[1;34m
[0m[1;34m	threadid 140160735737600 -> core 2 - OK[0m[1;34m
[0m[1;34m	threadid 140160727344896 -> core 3 - OK[0m[1;34m
[0miterations: 200
Total iterations: 1797600800 LUP
FLOP: 11
Total work: 19773608800 FLOP
performance: 0.708382 GLUP/s
Performance in GFLOP/s: 7.792199
size: 9000000
time: 2.537616
[1;34m[pthread wrapper] 
[0m[1;34m[pthread wrapper] MAIN -> 0
[0m[1;34m[pthread wrapper] PIN_MASK: [0m[1;34m0->1  [0m[1;34m1->2  [0m[1;34m2->3  [0m[1;34m
[pthread wrapper] SKIP MASK: 0x0
[0m[1;34m	threadid 140031707043584 -> core 1 - OK[0m[1;34m
[0m[1;34m	threadid 140031698650880 -> core 2 - OK[0m[1;34m
[0m[1;34m	threadid 140031690258176 -> core 3 - OK[0m[1;34m
[0miterations: 200
Total iterations: 1797600800 LUP
FLOP: 11
Total work: 19773608800 FLOP
performance: 0.706872 GLUP/s
Performance in GFLOP/s: 7.775594
size: 9000000
time: 2.543035
[1;34m[pthread wrapper] 
[0m[1;34m[pthread wrapper] MAIN -> 0
[0m[1;34m[pthread wrapper] PIN_MASK: [0m[1;34m0->1  [0m[1;34m1->2  [0m[1;34m2->3  [0m[1;34m
[pthread wrapper] SKIP MASK: 0x0
[0m[1;34m	threadid 139751258658560 -> core 1 - OK[0m[1;34m
[0m[1;34m	threadid 139751250265856 -> core 2 - OK[0m[1;34m
[0m[1;34m	threadid 139751241873152 -> core 3 - OK[0m[1;34m
[0miterations: 200
Total iterations: 1797600800 LUP
FLOP: 11
Total work: 19773608800 FLOP
performance: 0.708939 GLUP/s
Performance in GFLOP/s: 7.798327
size: 9000000
time: 2.535622
[1;34m[pthread wrapper] 
[0m[1;34m[pthread wrapper] MAIN -> 0
[0m[1;34m[pthread wrapper] PIN_MASK: [0m[1;34m0->1  [0m[1;34m1->2  [0m[1;34m2->3  [0m[1;34m
[pthread wrapper] SKIP MASK: 0x0
[0m[1;34m	threadid 140628682438400 -> core 1 - OK[0m[1;34m
[0m[1;34m	threadid 140628674045696 -> core 2 - OK[0m[1;34m
[0m[1;34m	threadid 140628665652992 -> core 3 - OK[0m[1;34m
[0miterations: 200
Total iterations: 1797600800 LUP
FLOP: 11
Total work: 19773608800 FLOP
performance: 0.706762 GLUP/s
Performance in GFLOP/s: 7.774387
size: 9000000
time: 2.543430
[1;34m[pthread wrapper] 
[0m[1;34m[pthread wrapper] MAIN -> 0
[0m[1;34m[pthread wrapper] PIN_MASK: [0m[1;34m0->1  [0m[1;34m1->2  [0m[1;34m2->3  [0m[1;34m
[pthread wrapper] SKIP MASK: 0x0
[0m[1;34m	threadid 140295459964672 -> core 1 - OK[0m[1;34m
[0m[1;34m	threadid 140295451571968 -> core 2 - OK[0m[1;34m
[0m[1;34m	threadid 140295443179264 -> core 3 - OK[0m[1;34m
[0miterations: 200
Total iterations: 1797600800 LUP
FLOP: 11
Total work: 19773608800 FLOP
performance: 0.707532 GLUP/s
Performance in GFLOP/s: 7.782851
size: 9000000
time: 2.540664
[1;34m[pthread wrapper] 
[0m[1;34m[pthread wrapper] MAIN -> 0
[0m[1;34m[pthread wrapper] PIN_MASK: [0m[1;34m0->1  [0m[1;34m1->2  [0m[1;34m2->3  [0m[1;34m
[pthread wrapper] SKIP MASK: 0x0
[0m[1;34m	threadid 140308473693952 -> core 1 - OK[0m[1;34m
[0m[1;34m	threadid 140308465301248 -> core 2 - OK[0m[1;34m
[0m[1;34m	threadid 140308456908544 -> core 3 - OK[0m[1;34m
[0miterations: 200
Total iterations: 1797600800 LUP
FLOP: 11
Total work: 19773608800 FLOP
performance: 0.707319 GLUP/s
Performance in GFLOP/s: 7.780505
size: 9000000
time: 2.541430
[1;34m[pthread wrapper] 
[0m[1;34m[pthread wrapper] MAIN -> 0
[0m[1;34m[pthread wrapper] PIN_MASK: [0m[1;34m0->1  [0m[1;34m1->2  [0m[1;34m2->3  [0m[1;34m
[pthread wrapper] SKIP MASK: 0x0
[0m[1;34m	threadid 140280581003008 -> core 1 - OK[0m[1;34m
[0m[1;34m	threadid 140280572610304 -> core 2 - OK[0m[1;34m
[0m[1;34m	threadid 140280564217600 -> core 3 - OK[0m[1;34m
[0miterations: 200
Total iterations: 1797600800 LUP
FLOP: 11
Total work: 19773608800 FLOP
performance: 0.697241 GLUP/s
Performance in GFLOP/s: 7.669656
size: 9000000
time: 2.578161
[1;34m[pthread wrapper] 
[0m[1;34m[pthread wrapper] MAIN -> 0
[0m[1;34m[pthread wrapper] PIN_MASK: [0m[1;34m0->1  [0m[1;34m1->2  [0m[1;34m2->3  [0m[1;34m
[pthread wrapper] SKIP MASK: 0x0
[0m[1;34m	threadid 140075389687552 -> core 1 - OK[0m[1;34m
[0m[1;34m	threadid 140075381294848 -> core 2 - OK[0m[1;34m
[0m[1;34m	threadid 140075372902144 -> core 3 - OK[0m[1;34m
[0miterations: 200
Total iterations: 1797600800 LUP
FLOP: 11
Total work: 19773608800 FLOP
performance: 0.708194 GLUP/s
Performance in GFLOP/s: 7.790130
size: 9000000
time: 2.538290
