iterations: 200
Total iterations: 49600800 LUP
FLOP: 11
Total work: 545608800 FLOP
performance: 0.839582 GLUP/s
Performance in GFLOP/s: 9.235401
size: 250000
time: 0.059078
iterations: 200
Total iterations: 49600800 LUP
FLOP: 11
Total work: 545608800 FLOP
performance: 0.842421 GLUP/s
Performance in GFLOP/s: 9.266627
size: 250000
time: 0.058879
iterations: 200
Total iterations: 49600800 LUP
FLOP: 11
Total work: 545608800 FLOP
performance: 0.842622 GLUP/s
Performance in GFLOP/s: 9.268842
size: 250000
time: 0.058865
iterations: 200
Total iterations: 49600800 LUP
FLOP: 11
Total work: 545608800 FLOP
performance: 0.840691 GLUP/s
Performance in GFLOP/s: 9.247604
size: 250000
time: 0.059000
iterations: 200
Total iterations: 49600800 LUP
FLOP: 11
Total work: 545608800 FLOP
performance: 0.842591 GLUP/s
Performance in GFLOP/s: 9.268504
size: 250000
time: 0.058867
iterations: 200
Total iterations: 49600800 LUP
FLOP: 11
Total work: 545608800 FLOP
performance: 0.840392 GLUP/s
Performance in GFLOP/s: 9.244317
size: 250000
time: 0.059021
iterations: 200
Total iterations: 49600800 LUP
FLOP: 11
Total work: 545608800 FLOP
performance: 0.839612 GLUP/s
Performance in GFLOP/s: 9.235736
size: 250000
time: 0.059076
iterations: 200
Total iterations: 49600800 LUP
FLOP: 11
Total work: 545608800 FLOP
performance: 0.837922 GLUP/s
Performance in GFLOP/s: 9.217137
size: 250000
time: 0.059195
iterations: 200
Total iterations: 49600800 LUP
FLOP: 11
Total work: 545608800 FLOP
performance: 0.841361 GLUP/s
Performance in GFLOP/s: 9.254972
size: 250000
time: 0.058953
iterations: 200
Total iterations: 49600800 LUP
FLOP: 11
Total work: 545608800 FLOP
performance: 0.841548 GLUP/s
Performance in GFLOP/s: 9.257031
size: 250000
time: 0.058940
