iterations: 200
Total iterations: 49600800 LUP
FLOP: 11
Total work: 545608800 FLOP
performance: 3.262771 GLUP/s
Performance in GFLOP/s: 35.890486
size: 250000
time: 0.015202
iterations: 200
Total iterations: 49600800 LUP
FLOP: 11
Total work: 545608800 FLOP
performance: 1.956558 GLUP/s
Performance in GFLOP/s: 21.522140
size: 250000
time: 0.025351
iterations: 200
Total iterations: 49600800 LUP
FLOP: 11
Total work: 545608800 FLOP
performance: 1.878184 GLUP/s
Performance in GFLOP/s: 20.660027
size: 250000
time: 0.026409
iterations: 200
Total iterations: 49600800 LUP
FLOP: 11
Total work: 545608800 FLOP
performance: 3.273553 GLUP/s
Performance in GFLOP/s: 36.009082
size: 250000
time: 0.015152
iterations: 200
Total iterations: 49600800 LUP
FLOP: 11
Total work: 545608800 FLOP
performance: 2.197537 GLUP/s
Performance in GFLOP/s: 24.172908
size: 250000
time: 0.022571
iterations: 200
Total iterations: 49600800 LUP
FLOP: 11
Total work: 545608800 FLOP
performance: 1.873718 GLUP/s
Performance in GFLOP/s: 20.610903
size: 250000
time: 0.026472
iterations: 200
Total iterations: 49600800 LUP
FLOP: 11
Total work: 545608800 FLOP
performance: 1.848972 GLUP/s
Performance in GFLOP/s: 20.338697
size: 250000
time: 0.026826
iterations: 200
Total iterations: 49600800 LUP
FLOP: 11
Total work: 545608800 FLOP
performance: 2.584037 GLUP/s
Performance in GFLOP/s: 28.424409
size: 250000
time: 0.019195
iterations: 200
Total iterations: 49600800 LUP
FLOP: 11
Total work: 545608800 FLOP
performance: 1.927589 GLUP/s
Performance in GFLOP/s: 21.203480
size: 250000
time: 0.025732
iterations: 200
Total iterations: 49600800 LUP
FLOP: 11
Total work: 545608800 FLOP
performance: 2.057610 GLUP/s
Performance in GFLOP/s: 22.633710
size: 250000
time: 0.024106
