[1;34m[pthread wrapper] 
[0m[1;34m[pthread wrapper] MAIN -> 0
[0m[1;34m[pthread wrapper] PIN_MASK: [0m[1;34m0->1  [0m[1;34m1->2  [0m[1;34m2->3  [0m[1;34m3->4  [0m[1;34m4->5  [0m[1;34m
[pthread wrapper] SKIP MASK: 0x0
[0m[1;34m	threadid 140420743743232 -> core 1 - OK[0m[1;34m
[0m[1;34m	threadid 140420735350528 -> core 2 - OK[0m[1;34m
[0m[1;34m	threadid 140420726957824 -> core 3 - OK[0m[1;34m
[0m[1;34m	threadid 140420718565120 -> core 4 - OK[0m[1;34m
[0m[1;34m	threadid 140420710172416 -> core 5 - OK[0m[1;34m
[0miterations: 120
Total iterations: 1078560480 LUP
FLOP: 11
Total work: 11864165280 FLOP
performance: 1.219372 GLUP/s
Performance in GFLOP/s: 13.413096
size: 9000000
time: 0.884521
[1;34m[pthread wrapper] 
[0m[1;34m[pthread wrapper] MAIN -> 0
[0m[1;34m[pthread wrapper] PIN_MASK: [0m[1;34m0->1  [0m[1;34m1->2  [0m[1;34m2->3  [0m[1;34m3->4  [0m[1;34m4->5  [0m[1;34m
[pthread wrapper] SKIP MASK: 0x0
[0m[1;34m	threadid 140490825680640 -> core 1 - OK[0m[1;34m
[0m[1;34m	threadid 140490817287936 -> core 2 - OK[0m[1;34m
[0m[1;34m	threadid 140490808895232 -> core 3 - OK[0m[1;34m
[0m[1;34m	threadid 140490800502528 -> core 4 - OK[0m[1;34m
[0m[1;34m	threadid 140490792109824 -> core 5 - OK[0m[1;34m
[0miterations: 120
Total iterations: 1078560480 LUP
FLOP: 11
Total work: 11864165280 FLOP
performance: 1.211040 GLUP/s
Performance in GFLOP/s: 13.321439
size: 9000000
time: 0.890607
[1;34m[pthread wrapper] 
[0m[1;34m[pthread wrapper] MAIN -> 0
[0m[1;34m[pthread wrapper] PIN_MASK: [0m[1;34m0->1  [0m[1;34m1->2  [0m[1;34m2->3  [0m[1;34m3->4  [0m[1;34m4->5  [0m[1;34m
[pthread wrapper] SKIP MASK: 0x0
[0m[1;34m	threadid 140590016313088 -> core 1 - OK[0m[1;34m
[0m[1;34m	threadid 140590007920384 -> core 2 - OK[0m[1;34m
[0m[1;34m	threadid 140589999527680 -> core 3 - OK[0m[1;34m
[0m[1;34m	threadid 140589991134976 -> core 4 - OK[0m[1;34m
[0m[1;34m	threadid 140589982742272 -> core 5 - OK[0m[1;34m
[0miterations: 120
Total iterations: 1078560480 LUP
FLOP: 11
Total work: 11864165280 FLOP
performance: 1.212993 GLUP/s
Performance in GFLOP/s: 13.342921
size: 9000000
time: 0.889173
[1;34m[pthread wrapper] 
[0m[1;34m[pthread wrapper] MAIN -> 0
[0m[1;34m[pthread wrapper] PIN_MASK: [0m[1;34m0->1  [0m[1;34m1->2  [0m[1;34m2->3  [0m[1;34m3->4  [0m[1;34m4->5  [0m[1;34m
[pthread wrapper] SKIP MASK: 0x0
[0m[1;34m	threadid 140102425077504 -> core 1 - OK[0m[1;34m
[0m[1;34m	threadid 140102416684800 -> core 2 - OK[0m[1;34m
[0m[1;34m	threadid 140102408292096 -> core 3 - OK[0m[1;34m
[0m[1;34m	threadid 140102399899392 -> core 4 - OK[0m[1;34m
[0m[1;34m	threadid 140102391506688 -> core 5 - OK[0m[1;34m
[0miterations: 120
Total iterations: 1078560480 LUP
FLOP: 11
Total work: 11864165280 FLOP
performance: 1.212857 GLUP/s
Performance in GFLOP/s: 13.341422
size: 9000000
time: 0.889273
[1;34m[pthread wrapper] 
[0m[1;34m[pthread wrapper] MAIN -> 0
[0m[1;34m[pthread wrapper] PIN_MASK: [0m[1;34m0->1  [0m[1;34m1->2  [0m[1;34m2->3  [0m[1;34m3->4  [0m[1;34m4->5  [0m[1;34m
[pthread wrapper] SKIP MASK: 0x0
[0m[1;34m	threadid 140540803606272 -> core 1 - OK[0m[1;34m
[0m[1;34m	threadid 140540795213568 -> core 2 - OK[0m[1;34m
[0m[1;34m	threadid 140540786820864 -> core 3 - OK[0m[1;34m
[0m[1;34m	threadid 140540778428160 -> core 4 - OK[0m[1;34m
[0m[1;34m	threadid 140540770035456 -> core 5 - OK[0m[1;34m
[0miterations: 120
Total iterations: 1078560480 LUP
FLOP: 11
Total work: 11864165280 FLOP
performance: 1.216209 GLUP/s
Performance in GFLOP/s: 13.378294
size: 9000000
time: 0.886822
