iterations: 200
Total iterations: 49600800 LUP
FLOP: 11
Total work: 545608800 FLOP
performance: 0.217733 GLUP/s
Performance in GFLOP/s: 2.395068
size: 250000
time: 0.227805
[1;34m[likwid-pin] Main PID -> core 0 - OK[0m
iterations: 200
Total iterations: 49600800 LUP
FLOP: 11
Total work: 545608800 FLOP
performance: 0.217845 GLUP/s
Performance in GFLOP/s: 2.396299
size: 250000
time: 0.227688
[1;34m[likwid-pin] Main PID -> core 0 - OK[0m
iterations: 200
Total iterations: 49600800 LUP
FLOP: 11
Total work: 545608800 FLOP
performance: 0.217910 GLUP/s
Performance in GFLOP/s: 2.397015
size: 250000
time: 0.227620
[1;34m[likwid-pin] Main PID -> core 0 - OK[0m
iterations: 200
Total iterations: 49600800 LUP
FLOP: 11
Total work: 545608800 FLOP
performance: 0.217870 GLUP/s
Performance in GFLOP/s: 2.396573
size: 250000
time: 0.227662
[1;34m[likwid-pin] Main PID -> core 0 - OK[0m
iterations: 200
Total iterations: 49600800 LUP
FLOP: 11
Total work: 545608800 FLOP
performance: 0.217975 GLUP/s
Performance in GFLOP/s: 2.397723
size: 250000
time: 0.227553
[1;34m[likwid-pin] Main PID -> core 0 - OK[0m
iterations: 200
Total iterations: 49600800 LUP
FLOP: 11
Total work: 545608800 FLOP
performance: 0.217608 GLUP/s
Performance in GFLOP/s: 2.393683
size: 250000
time: 0.227937
[1;34m[likwid-pin] Main PID -> core 0 - OK[0m
iterations: 200
Total iterations: 49600800 LUP
FLOP: 11
Total work: 545608800 FLOP
performance: 0.217810 GLUP/s
Performance in GFLOP/s: 2.395913
size: 250000
time: 0.227725
[1;34m[likwid-pin] Main PID -> core 0 - OK[0m
iterations: 200
Total iterations: 49600800 LUP
FLOP: 11
Total work: 545608800 FLOP
performance: 0.217756 GLUP/s
Performance in GFLOP/s: 2.395321
size: 250000
time: 0.227781
[1;34m[likwid-pin] Main PID -> core 0 - OK[0m
iterations: 200
Total iterations: 49600800 LUP
FLOP: 11
Total work: 545608800 FLOP
performance: 0.217854 GLUP/s
Performance in GFLOP/s: 2.396395
size: 250000
time: 0.227679
[1;34m[likwid-pin] Main PID -> core 0 - OK[0m
iterations: 200
Total iterations: 49600800 LUP
FLOP: 11
Total work: 545608800 FLOP
performance: 0.215619 GLUP/s
Performance in GFLOP/s: 2.371809
size: 250000
time: 0.230039
[1;34m[likwid-pin] Main PID -> core 0 - OK[0m
