iterations: 200
Total iterations: 1797600800 LUP
FLOP: 11
Total work: 19773608800 FLOP
performance: 0.174178 GLUP/s
Performance in GFLOP/s: 1.915954
size: 9000000
time: 10.320504
iterations: 200
Total iterations: 1797600800 LUP
FLOP: 11
Total work: 19773608800 FLOP
performance: 0.173951 GLUP/s
Performance in GFLOP/s: 1.913461
size: 9000000
time: 10.333950
iterations: 200
Total iterations: 1797600800 LUP
FLOP: 11
Total work: 19773608800 FLOP
performance: 0.174069 GLUP/s
Performance in GFLOP/s: 1.914759
size: 9000000
time: 10.326946
iterations: 200
Total iterations: 1797600800 LUP
FLOP: 11
Total work: 19773608800 FLOP
performance: 0.173853 GLUP/s
Performance in GFLOP/s: 1.912388
size: 9000000
time: 10.339747
iterations: 200
Total iterations: 1797600800 LUP
FLOP: 11
Total work: 19773608800 FLOP
performance: 0.174396 GLUP/s
Performance in GFLOP/s: 1.918360
size: 9000000
time: 10.307558
iterations: 200
Total iterations: 1797600800 LUP
FLOP: 11
Total work: 19773608800 FLOP
performance: 0.173552 GLUP/s
Performance in GFLOP/s: 1.909073
size: 9000000
time: 10.357701
iterations: 200
Total iterations: 1797600800 LUP
FLOP: 11
Total work: 19773608800 FLOP
performance: 0.173811 GLUP/s
Performance in GFLOP/s: 1.911918
size: 9000000
time: 10.342289
iterations: 200
Total iterations: 1797600800 LUP
FLOP: 11
Total work: 19773608800 FLOP
performance: 0.173451 GLUP/s
Performance in GFLOP/s: 1.907960
size: 9000000
time: 10.363745
iterations: 200
Total iterations: 1797600800 LUP
FLOP: 11
Total work: 19773608800 FLOP
performance: 0.174021 GLUP/s
Performance in GFLOP/s: 1.914234
size: 9000000
time: 10.329777
iterations: 200
Total iterations: 1797600800 LUP
FLOP: 11
Total work: 19773608800 FLOP
performance: 0.172953 GLUP/s
Performance in GFLOP/s: 1.902479
size: 9000000
time: 10.393602
