[1;34m[pthread wrapper] 
[0m[1;34m[pthread wrapper] MAIN -> 0
[0m[1;34m[pthread wrapper] PIN_MASK: [0m[1;34m0->1  [0m[1;34m1->2  [0m[1;34m2->3  [0m[1;34m3->10  [0m[1;34m4->11  [0m[1;34m5->12  [0m[1;34m6->13  [0m[1;34m
[pthread wrapper] SKIP MASK: 0x0
[0m[1;34m	threadid 140345242560256 -> core 1 - OK[0m[1;34m
[0m[1;34m	threadid 140345234167552 -> core 2 - OK[0m[1;34m
[0m[1;34m	threadid 140345225774848 -> core 3 - OK[0m[1;34m
[0m[1;34m	threadid 140345217382144 -> core 10 - OK[0m[1;34m
[0m[1;34m	threadid 140345208989440 -> core 11 - OK[0m[1;34m
[0m[1;34m	threadid 140345200596736 -> core 12 - OK[0m[1;34m
[0m[1;34m	threadid 140345192204032 -> core 13 - OK[0m[1;34m
[0miterations: 200
Total iterations: 49600800 LUP
FLOP: 11
Total work: 545608800 FLOP
performance: 1.673955 GLUP/s
Performance in GFLOP/s: 18.413508
size: 250000
time: 0.029631
[1;34m[pthread wrapper] 
[0m[1;34m[pthread wrapper] MAIN -> 0
[0m[1;34m[pthread wrapper] PIN_MASK: [0m[1;34m0->1  [0m[1;34m1->2  [0m[1;34m2->3  [0m[1;34m3->10  [0m[1;34m4->11  [0m[1;34m5->12  [0m[1;34m6->13  [0m[1;34m
[pthread wrapper] SKIP MASK: 0x0
[0m[1;34m	threadid 140277871077120 -> core 1 - OK[0m[1;34m
[0m[1;34m	threadid 140277862684416 -> core 2 - OK[0m[1;34m
[0m[1;34m	threadid 140277854291712 -> core 3 - OK[0m[1;34m
[0m[1;34m	threadid 140277845899008 -> core 10 - OK[0m[1;34m
[0m[1;34m	threadid 140277837506304 -> core 11 - OK[0m[1;34m
[0m[1;34m	threadid 140277829113600 -> core 12 - OK[0m[1;34m
[0m[1;34m	threadid 140277820720896 -> core 13 - OK[0m[1;34m
[0miterations: 200
Total iterations: 49600800 LUP
FLOP: 11
Total work: 545608800 FLOP
performance: 1.676262 GLUP/s
Performance in GFLOP/s: 18.438878
size: 250000
time: 0.029590
[1;34m[pthread wrapper] 
[0m[1;34m[pthread wrapper] MAIN -> 0
[0m[1;34m[pthread wrapper] PIN_MASK: [0m[1;34m0->1  [0m[1;34m1->2  [0m[1;34m2->3  [0m[1;34m3->10  [0m[1;34m4->11  [0m[1;34m5->12  [0m[1;34m6->13  [0m[1;34m
[pthread wrapper] SKIP MASK: 0x0
[0m[1;34m	threadid 140351830570752 -> core 1 - OK[0m[1;34m
[0m[1;34m	threadid 140351822178048 -> core 2 - OK[0m[1;34m
[0m[1;34m	threadid 140351813785344 -> core 3 - OK[0m[1;34m
[0m[1;34m	threadid 140351805392640 -> core 10 - OK[0m[1;34m
[0m[1;34m	threadid 140351796999936 -> core 11 - OK[0m[1;34m
[0m[1;34m	threadid 140351788607232 -> core 12 - OK[0m[1;34m
[0m[1;34m	threadid 140351780214528 -> core 13 - OK[0m[1;34m
[0miterations: 200
Total iterations: 49600800 LUP
FLOP: 11
Total work: 545608800 FLOP
performance: 1.677167 GLUP/s
Performance in GFLOP/s: 18.448838
size: 250000
time: 0.029574
[1;34m[pthread wrapper] 
[0m[1;34m[pthread wrapper] MAIN -> 0
[0m[1;34m[pthread wrapper] PIN_MASK: [0m[1;34m0->1  [0m[1;34m1->2  [0m[1;34m2->3  [0m[1;34m3->10  [0m[1;34m4->11  [0m[1;34m5->12  [0m[1;34m6->13  [0m[1;34m
[pthread wrapper] SKIP MASK: 0x0
[0m[1;34m	threadid 140645957650176 -> core 1 - OK[0m[1;34m
[0m[1;34m	threadid 140645949257472 -> core 2 - OK[0m[1;34m
[0m[1;34m	threadid 140645940864768 -> core 3 - OK[0m[1;34m
[0m[1;34m	threadid 140645932472064 -> core 10 - OK[0m[1;34m
[0m[1;34m	threadid 140645924079360 -> core 11 - OK[0m[1;34m
[0m[1;34m	threadid 140645915686656 -> core 12 - OK[0m[1;34m
[0m[1;34m	threadid 140645907293952 -> core 13 - OK[0m[1;34m
[0miterations: 200
Total iterations: 49600800 LUP
FLOP: 11
Total work: 545608800 FLOP
performance: 1.667822 GLUP/s
Performance in GFLOP/s: 18.346047
size: 250000
time: 0.029740
[1;34m[pthread wrapper] 
[0m[1;34m[pthread wrapper] MAIN -> 0
[0m[1;34m[pthread wrapper] PIN_MASK: [0m[1;34m0->1  [0m[1;34m1->2  [0m[1;34m2->3  [0m[1;34m3->10  [0m[1;34m4->11  [0m[1;34m5->12  [0m[1;34m6->13  [0m[1;34m
[pthread wrapper] SKIP MASK: 0x0
[0m[1;34m	threadid 139705957865216 -> core 1 - OK[0m[1;34m
[0m[1;34m	threadid 139705949472512 -> core 2 - OK[0m[1;34m
[0m[1;34m	threadid 139705941079808 -> core 3 - OK[0m[1;34m
[0m[1;34m	threadid 139705932687104 -> core 10 - OK[0m[1;34m
[0m[1;34m	threadid 139705924294400 -> core 11 - OK[0m[1;34m
[0m[1;34m	threadid 139705915901696 -> core 12 - OK[0m[1;34m
[0m[1;34m	threadid 139705907508992 -> core 13 - OK[0m[1;34m
[0miterations: 200
Total iterations: 49600800 LUP
FLOP: 11
Total work: 545608800 FLOP
performance: 1.677911 GLUP/s
Performance in GFLOP/s: 18.457021
size: 250000
time: 0.029561
[1;34m[pthread wrapper] 
[0m[1;34m[pthread wrapper] MAIN -> 0
[0m[1;34m[pthread wrapper] PIN_MASK: [0m[1;34m0->1  [0m[1;34m1->2  [0m[1;34m2->3  [0m[1;34m3->10  [0m[1;34m4->11  [0m[1;34m5->12  [0m[1;34m6->13  [0m[1;34m
[pthread wrapper] SKIP MASK: 0x0
[0m[1;34m	threadid 140422896097024 -> core 1 - OK[0m[1;34m
[0m[1;34m	threadid 140422887704320 -> core 2 - OK[0m[1;34m
[0m[1;34m	threadid 140422879311616 -> core 3 - OK[0m[1;34m
[0m[1;34m	threadid 140422870918912 -> core 10 - OK[0m[1;34m
[0m[1;34m	threadid 140422862526208 -> core 11 - OK[0m[1;34m
[0m[1;34m	threadid 140422854133504 -> core 12 - OK[0m[1;34m
[0m[1;34m	threadid 140422845740800 -> core 13 - OK[0m[1;34m
[0miterations: 200
Total iterations: 49600800 LUP
FLOP: 11
Total work: 545608800 FLOP
performance: 1.673215 GLUP/s
Performance in GFLOP/s: 18.405363
size: 250000
time: 0.029644
[1;34m[pthread wrapper] 
[0m[1;34m[pthread wrapper] MAIN -> 0
[0m[1;34m[pthread wrapper] PIN_MASK: [0m[1;34m0->1  [0m[1;34m1->2  [0m[1;34m2->3  [0m[1;34m3->10  [0m[1;34m4->11  [0m[1;34m5->12  [0m[1;34m6->13  [0m[1;34m
[pthread wrapper] SKIP MASK: 0x0
[0m[1;34m	threadid 140517266761472 -> core 1 - OK[0m[1;34m
[0m[1;34m	threadid 140517258368768 -> core 2 - OK[0m[1;34m
[0m[1;34m	threadid 140517249976064 -> core 3 - OK[0m[1;34m
[0m[1;34m	threadid 140517241583360 -> core 10 - OK[0m[1;34m
[0m[1;34m	threadid 140517233190656 -> core 11 - OK[0m[1;34m
[0m[1;34m	threadid 140517224797952 -> core 12 - OK[0m[1;34m
[0m[1;34m	threadid 140517216405248 -> core 13 - OK[0m[1;34m
[0miterations: 200
Total iterations: 49600800 LUP
FLOP: 11
Total work: 545608800 FLOP
performance: 1.673390 GLUP/s
Performance in GFLOP/s: 18.407287
size: 250000
time: 0.029641
[1;34m[pthread wrapper] 
[0m[1;34m[pthread wrapper] MAIN -> 0
[0m[1;34m[pthread wrapper] PIN_MASK: [0m[1;34m0->1  [0m[1;34m1->2  [0m[1;34m2->3  [0m[1;34m3->10  [0m[1;34m4->11  [0m[1;34m5->12  [0m[1;34m6->13  [0m[1;34m
[pthread wrapper] SKIP MASK: 0x0
[0m[1;34m	threadid 139644577572608 -> core 1 - OK[0m[1;34m
[0m[1;34m	threadid 139644569179904 -> core 2 - OK[0m[1;34m
[0m[1;34m	threadid 139644560787200 -> core 3 - OK[0m[1;34m
[0m[1;34m	threadid 139644552394496 -> core 10 - OK[0m[1;34m
[0m[1;34m	threadid 139644544001792 -> core 11 - OK[0m[1;34m
[0m[1;34m	threadid 139644535609088 -> core 12 - OK[0m[1;34m
[0m[1;34m	threadid 139644527216384 -> core 13 - OK[0m[1;34m
[0miterations: 200
Total iterations: 49600800 LUP
FLOP: 11
Total work: 545608800 FLOP
performance: 1.672825 GLUP/s
Performance in GFLOP/s: 18.401071
size: 250000
time: 0.029651
[1;34m[pthread wrapper] 
[0m[1;34m[pthread wrapper] MAIN -> 0
[0m[1;34m[pthread wrapper] PIN_MASK: [0m[1;34m0->1  [0m[1;34m1->2  [0m[1;34m2->3  [0m[1;34m3->10  [0m[1;34m4->11  [0m[1;34m5->12  [0m[1;34m6->13  [0m[1;34m
[pthread wrapper] SKIP MASK: 0x0
[0m[1;34m	threadid 140105217840896 -> core 1 - OK[0m[1;34m
[0m[1;34m	threadid 140105209448192 -> core 2 - OK[0m[1;34m
[0m[1;34m	threadid 140105201055488 -> core 3 - OK[0m[1;34m
[0m[1;34m	threadid 140105192662784 -> core 10 - OK[0m[1;34m
[0m[1;34m	threadid 140105184270080 -> core 11 - OK[0m[1;34m
[0m[1;34m	threadid 140105175877376 -> core 12 - OK[0m[1;34m
[0m[1;34m	threadid 140105167484672 -> core 13 - OK[0m[1;34m
[0miterations: 200
Total iterations: 49600800 LUP
FLOP: 11
Total work: 545608800 FLOP
performance: 1.675425 GLUP/s
Performance in GFLOP/s: 18.429672
size: 250000
time: 0.029605
[1;34m[pthread wrapper] 
[0m[1;34m[pthread wrapper] MAIN -> 0
[0m[1;34m[pthread wrapper] PIN_MASK: [0m[1;34m0->1  [0m[1;34m1->2  [0m[1;34m2->3  [0m[1;34m3->10  [0m[1;34m4->11  [0m[1;34m5->12  [0m[1;34m6->13  [0m[1;34m
[pthread wrapper] SKIP MASK: 0x0
[0m[1;34m	threadid 140363316299520 -> core 1 - OK[0m[1;34m
[0m[1;34m	threadid 140363307906816 -> core 2 - OK[0m[1;34m
[0m[1;34m	threadid 140363299514112 -> core 3 - OK[0m[1;34m
[0m[1;34m	threadid 140363291121408 -> core 10 - OK[0m[1;34m
[0m[1;34m	threadid 140363282728704 -> core 11 - OK[0m[1;34m
[0m[1;34m	threadid 140363274336000 -> core 12 - OK[0m[1;34m
[0m[1;34m	threadid 140363265943296 -> core 13 - OK[0m[1;34m
[0miterations: 200
Total iterations: 49600800 LUP
FLOP: 11
Total work: 545608800 FLOP
performance: 1.667929 GLUP/s
Performance in GFLOP/s: 18.347223
size: 250000
time: 0.029738
