[1;34m[pthread wrapper] 
[0m[1;34m[pthread wrapper] MAIN -> 0
[0m[1;34m[pthread wrapper] PIN_MASK: [0m[1;34m0->1  [0m[1;34m1->2  [0m[1;34m2->3  [0m[1;34m3->4  [0m[1;34m4->5  [0m[1;34m5->6  [0m[1;34m6->7  [0m[1;34m7->8  [0m[1;34m8->9  [0m[1;34m9->10  [0m[1;34m10->11  [0m[1;34m11->12  [0m[1;34m12->13  [0m[1;34m13->14  [0m[1;34m14->15  [0m[1;34m15->16  [0m[1;34m16->17  [0m[1;34m17->18  [0m[1;34m18->19  [0m[1;34m
[pthread wrapper] SKIP MASK: 0x0
[0m[1;34m	threadid 140719418529536 -> core 1 - OK[0m[1;34m
[0m[1;34m	threadid 140719410136832 -> core 2 - OK[0m[1;34m
[0m[1;34m	threadid 140719401744128 -> core 3 - OK[0m[1;34m
[0m[1;34m	threadid 140719393351424 -> core 4 - OK[0m[1;34m
[0m[1;34m	threadid 140719384958720 -> core 5 - OK[0m[1;34m
[0m[1;34m	threadid 140719376566016 -> core 6 - OK[0m[1;34m
[0m[1;34m	threadid 140719368173312 -> core 7 - OK[0m[1;34m
[0m[1;34m	threadid 140719359780608 -> core 8 - OK[0m[1;34m
[0m[1;34m	threadid 140719351387904 -> core 9 - OK[0m[1;34m
[0m[1;34m	threadid 140719342995200 -> core 10 - OK[0m[1;34m
[0m[1;34m	threadid 140719334602496 -> core 11 - OK[0m[1;34m
[0m[1;34m	threadid 140719326209792 -> core 12 - OK[0m[1;34m
[0m[1;34m	threadid 140719317817088 -> core 13 - OK[0m[1;34m
[0m[1;34m	threadid 140719309424384 -> core 14 - OK[0m[1;34m
[0m[1;34m	threadid 140719301031680 -> core 15 - OK[0m[1;34m
[0m[1;34m	threadid 140719292638976 -> core 16 - OK[0m[1;34m
[0m[1;34m	threadid 140719284246272 -> core 17 - OK[0m[1;34m
[0m[1;34m	threadid 140719275853568 -> core 18 - OK[0m[1;34m
[0m[1;34m	threadid 140719267460864 -> core 19 - OK[0m[1;34m
[0miterations: 120
Total iterations: 1078560480 LUP
FLOP: 11
Total work: 11864165280 FLOP
performance: 3.672133 GLUP/s
Performance in GFLOP/s: 40.393461
size: 9000000
time: 0.293715
[1;34m[pthread wrapper] 
[0m[1;34m[pthread wrapper] MAIN -> 0
[0m[1;34m[pthread wrapper] PIN_MASK: [0m[1;34m0->1  [0m[1;34m1->2  [0m[1;34m2->3  [0m[1;34m3->4  [0m[1;34m4->5  [0m[1;34m5->6  [0m[1;34m6->7  [0m[1;34m7->8  [0m[1;34m8->9  [0m[1;34m9->10  [0m[1;34m10->11  [0m[1;34m11->12  [0m[1;34m12->13  [0m[1;34m13->14  [0m[1;34m14->15  [0m[1;34m15->16  [0m[1;34m16->17  [0m[1;34m17->18  [0m[1;34m18->19  [0m[1;34m
[pthread wrapper] SKIP MASK: 0x0
[0m[1;34m	threadid 140253240219392 -> core 1 - OK[0m[1;34m
[0m[1;34m	threadid 140253231826688 -> core 2 - OK[0m[1;34m
[0m[1;34m	threadid 140253223433984 -> core 3 - OK[0m[1;34m
[0m[1;34m	threadid 140253215041280 -> core 4 - OK[0m[1;34m
[0m[1;34m	threadid 140253206648576 -> core 5 - OK[0m[1;34m
[0m[1;34m	threadid 140253198255872 -> core 6 - OK[0m[1;34m
[0m[1;34m	threadid 140253189863168 -> core 7 - OK[0m[1;34m
[0m[1;34m	threadid 140253181470464 -> core 8 - OK[0m[1;34m
[0m[1;34m	threadid 140253173077760 -> core 9 - OK[0m[1;34m
[0m[1;34m	threadid 140253164685056 -> core 10 - OK[0m[1;34m
[0m[1;34m	threadid 140253156292352 -> core 11 - OK[0m[1;34m
[0m[1;34m	threadid 140253147899648 -> core 12 - OK[0m[1;34m
[0m[1;34m	threadid 140253139506944 -> core 13 - OK[0m[1;34m
[0m[1;34m	threadid 140253131114240 -> core 14 - OK[0m[1;34m
[0m[1;34m	threadid 140253122721536 -> core 15 - OK[0m[1;34m
[0m[1;34m	threadid 140253114328832 -> core 16 - OK[0m[1;34m
[0m[1;34m	threadid 140253105936128 -> core 17 - OK[0m[1;34m
[0m[1;34m	threadid 140253097543424 -> core 18 - OK[0m[1;34m
[0m[1;34m	threadid 140253089150720 -> core 19 - OK[0m[1;34m
[0miterations: 120
Total iterations: 1078560480 LUP
FLOP: 11
Total work: 11864165280 FLOP
performance: 3.655096 GLUP/s
Performance in GFLOP/s: 40.206061
size: 9000000
time: 0.295084
[1;34m[pthread wrapper] 
[0m[1;34m[pthread wrapper] MAIN -> 0
[0m[1;34m[pthread wrapper] PIN_MASK: [0m[1;34m0->1  [0m[1;34m1->2  [0m[1;34m2->3  [0m[1;34m3->4  [0m[1;34m4->5  [0m[1;34m5->6  [0m[1;34m6->7  [0m[1;34m7->8  [0m[1;34m8->9  [0m[1;34m9->10  [0m[1;34m10->11  [0m[1;34m11->12  [0m[1;34m12->13  [0m[1;34m13->14  [0m[1;34m14->15  [0m[1;34m15->16  [0m[1;34m16->17  [0m[1;34m17->18  [0m[1;34m18->19  [0m[1;34m
[pthread wrapper] SKIP MASK: 0x0
[0m[1;34m	threadid 139876633618176 -> core 1 - OK[0m[1;34m
[0m[1;34m	threadid 139876625225472 -> core 2 - OK[0m[1;34m
[0m[1;34m	threadid 139876616832768 -> core 3 - OK[0m[1;34m
[0m[1;34m	threadid 139876608440064 -> core 4 - OK[0m[1;34m
[0m[1;34m	threadid 139876600047360 -> core 5 - OK[0m[1;34m
[0m[1;34m	threadid 139876591654656 -> core 6 - OK[0m[1;34m
[0m[1;34m	threadid 139876583261952 -> core 7 - OK[0m[1;34m
[0m[1;34m	threadid 139876574869248 -> core 8 - OK[0m[1;34m
[0m[1;34m	threadid 139876566476544 -> core 9 - OK[0m[1;34m
[0m[1;34m	threadid 139876558083840 -> core 10 - OK[0m[1;34m
[0m[1;34m	threadid 139876549691136 -> core 11 - OK[0m[1;34m
[0m[1;34m	threadid 139876541298432 -> core 12 - OK[0m[1;34m
[0m[1;34m	threadid 139876532905728 -> core 13 - OK[0m[1;34m
[0m[1;34m	threadid 139876524513024 -> core 14 - OK[0m[1;34m
[0m[1;34m	threadid 139876516120320 -> core 15 - OK[0m[1;34m
[0m[1;34m	threadid 139876507727616 -> core 16 - OK[0m[1;34m
[0m[1;34m	threadid 139876499334912 -> core 17 - OK[0m[1;34m
[0m[1;34m	threadid 139876490942208 -> core 18 - OK[0m[1;34m
[0m[1;34m	threadid 139876482549504 -> core 19 - OK[0m[1;34m
[0miterations: 120
Total iterations: 1078560480 LUP
FLOP: 11
Total work: 11864165280 FLOP
performance: 3.651350 GLUP/s
Performance in GFLOP/s: 40.164847
size: 9000000
time: 0.295387
[1;34m[pthread wrapper] 
[0m[1;34m[pthread wrapper] MAIN -> 0
[0m[1;34m[pthread wrapper] PIN_MASK: [0m[1;34m0->1  [0m[1;34m1->2  [0m[1;34m2->3  [0m[1;34m3->4  [0m[1;34m4->5  [0m[1;34m5->6  [0m[1;34m6->7  [0m[1;34m7->8  [0m[1;34m8->9  [0m[1;34m9->10  [0m[1;34m10->11  [0m[1;34m11->12  [0m[1;34m12->13  [0m[1;34m13->14  [0m[1;34m14->15  [0m[1;34m15->16  [0m[1;34m16->17  [0m[1;34m17->18  [0m[1;34m18->19  [0m[1;34m
[pthread wrapper] SKIP MASK: 0x0
[0m[1;34m	threadid 140559926458112 -> core 1 - OK[0m[1;34m
[0m[1;34m	threadid 140559918065408 -> core 2 - OK[0m[1;34m
[0m[1;34m	threadid 140559909672704 -> core 3 - OK[0m[1;34m
[0m[1;34m	threadid 140559901280000 -> core 4 - OK[0m[1;34m
[0m[1;34m	threadid 140559892887296 -> core 5 - OK[0m[1;34m
[0m[1;34m	threadid 140559884494592 -> core 6 - OK[0m[1;34m
[0m[1;34m	threadid 140559876101888 -> core 7 - OK[0m[1;34m
[0m[1;34m	threadid 140559867709184 -> core 8 - OK[0m[1;34m
[0m[1;34m	threadid 140559859316480 -> core 9 - OK[0m[1;34m
[0m[1;34m	threadid 140559850923776 -> core 10 - OK[0m[1;34m
[0m[1;34m	threadid 140559842531072 -> core 11 - OK[0m[1;34m
[0m[1;34m	threadid 140559834138368 -> core 12 - OK[0m[1;34m
[0m[1;34m	threadid 140559825745664 -> core 13 - OK[0m[1;34m
[0m[1;34m	threadid 140559817352960 -> core 14 - OK[0m[1;34m
[0m[1;34m	threadid 140559808960256 -> core 15 - OK[0m[1;34m
[0m[1;34m	threadid 140559800567552 -> core 16 - OK[0m[1;34m
[0m[1;34m	threadid 140559792174848 -> core 17 - OK[0m[1;34m
[0m[1;34m	threadid 140559783782144 -> core 18 - OK[0m[1;34m
[0m[1;34m	threadid 140559775389440 -> core 19 - OK[0m[1;34m
[0miterations: 120
Total iterations: 1078560480 LUP
FLOP: 11
Total work: 11864165280 FLOP
performance: 3.499240 GLUP/s
Performance in GFLOP/s: 38.491641
size: 9000000
time: 0.308227
[1;34m[pthread wrapper] 
[0m[1;34m[pthread wrapper] MAIN -> 0
[0m[1;34m[pthread wrapper] PIN_MASK: [0m[1;34m0->1  [0m[1;34m1->2  [0m[1;34m2->3  [0m[1;34m3->4  [0m[1;34m4->5  [0m[1;34m5->6  [0m[1;34m6->7  [0m[1;34m7->8  [0m[1;34m8->9  [0m[1;34m9->10  [0m[1;34m10->11  [0m[1;34m11->12  [0m[1;34m12->13  [0m[1;34m13->14  [0m[1;34m14->15  [0m[1;34m15->16  [0m[1;34m16->17  [0m[1;34m17->18  [0m[1;34m18->19  [0m[1;34m
[pthread wrapper] SKIP MASK: 0x0
[0m[1;34m	threadid 140408730326784 -> core 1 - OK[0m[1;34m
[0m[1;34m	threadid 140408721934080 -> core 2 - OK[0m[1;34m
[0m[1;34m	threadid 140408713541376 -> core 3 - OK[0m[1;34m
[0m[1;34m	threadid 140408705148672 -> core 4 - OK[0m[1;34m
[0m[1;34m	threadid 140408696755968 -> core 5 - OK[0m[1;34m
[0m[1;34m	threadid 140408688363264 -> core 6 - OK[0m[1;34m
[0m[1;34m	threadid 140408679970560 -> core 7 - OK[0m[1;34m
[0m[1;34m	threadid 140408671577856 -> core 8 - OK[0m[1;34m
[0m[1;34m	threadid 140408663185152 -> core 9 - OK[0m[1;34m
[0m[1;34m	threadid 140408654792448 -> core 10 - OK[0m[1;34m
[0m[1;34m	threadid 140408646399744 -> core 11 - OK[0m[1;34m
[0m[1;34m	threadid 140408638007040 -> core 12 - OK[0m[1;34m
[0m[1;34m	threadid 140408629614336 -> core 13 - OK[0m[1;34m
[0m[1;34m	threadid 140408621221632 -> core 14 - OK[0m[1;34m
[0m[1;34m	threadid 140408612828928 -> core 15 - OK[0m[1;34m
[0m[1;34m	threadid 140408604436224 -> core 16 - OK[0m[1;34m
[0m[1;34m	threadid 140408596043520 -> core 17 - OK[0m[1;34m
[0m[1;34m	threadid 140408587650816 -> core 18 - OK[0m[1;34m
[0m[1;34m	threadid 140408579258112 -> core 19 - OK[0m[1;34m
[0miterations: 120
Total iterations: 1078560480 LUP
FLOP: 11
Total work: 11864165280 FLOP
performance: 3.644337 GLUP/s
Performance in GFLOP/s: 40.087709
size: 9000000
time: 0.295955
