iterations: 200
Total iterations: 1797600800 LUP
FLOP: 11
Total work: 19773608800 FLOP
performance: 0.174146 GLUP/s
Performance in GFLOP/s: 1.915602
size: 9000000
time: 10.322400
[1;34m[likwid-pin] Main PID -> core 0 - OK[0m
iterations: 200
Total iterations: 1797600800 LUP
FLOP: 11
Total work: 19773608800 FLOP
performance: 0.174249 GLUP/s
Performance in GFLOP/s: 1.916735
size: 9000000
time: 10.316300
[1;34m[likwid-pin] Main PID -> core 0 - OK[0m
iterations: 200
Total iterations: 1797600800 LUP
FLOP: 11
Total work: 19773608800 FLOP
performance: 0.173791 GLUP/s
Performance in GFLOP/s: 1.911699
size: 9000000
time: 10.343472
[1;34m[likwid-pin] Main PID -> core 0 - OK[0m
iterations: 200
Total iterations: 1797600800 LUP
FLOP: 11
Total work: 19773608800 FLOP
performance: 0.173182 GLUP/s
Performance in GFLOP/s: 1.905003
size: 9000000
time: 10.379829
[1;34m[likwid-pin] Main PID -> core 0 - OK[0m
iterations: 200
Total iterations: 1797600800 LUP
FLOP: 11
Total work: 19773608800 FLOP
performance: 0.173481 GLUP/s
Performance in GFLOP/s: 1.908291
size: 9000000
time: 10.361946
[1;34m[likwid-pin] Main PID -> core 0 - OK[0m
iterations: 200
Total iterations: 1797600800 LUP
FLOP: 11
Total work: 19773608800 FLOP
performance: 0.173878 GLUP/s
Performance in GFLOP/s: 1.912653
size: 9000000
time: 10.338315
[1;34m[likwid-pin] Main PID -> core 0 - OK[0m
iterations: 200
Total iterations: 1797600800 LUP
FLOP: 11
Total work: 19773608800 FLOP
performance: 0.173786 GLUP/s
Performance in GFLOP/s: 1.911643
size: 9000000
time: 10.343779
[1;34m[likwid-pin] Main PID -> core 0 - OK[0m
iterations: 200
Total iterations: 1797600800 LUP
FLOP: 11
Total work: 19773608800 FLOP
performance: 0.173857 GLUP/s
Performance in GFLOP/s: 1.912425
size: 9000000
time: 10.339550
[1;34m[likwid-pin] Main PID -> core 0 - OK[0m
iterations: 200
Total iterations: 1797600800 LUP
FLOP: 11
Total work: 19773608800 FLOP
performance: 0.173549 GLUP/s
Performance in GFLOP/s: 1.909040
size: 9000000
time: 10.357881
[1;34m[likwid-pin] Main PID -> core 0 - OK[0m
iterations: 200
Total iterations: 1797600800 LUP
FLOP: 11
Total work: 19773608800 FLOP
performance: 0.173151 GLUP/s
Performance in GFLOP/s: 1.904661
size: 9000000
time: 10.381693
[1;34m[likwid-pin] Main PID -> core 0 - OK[0m
