[1;34m[pthread wrapper] 
[0m[1;34m[pthread wrapper] MAIN -> 0
[0m[1;34m[pthread wrapper] PIN_MASK: [0m[1;34m0->1  [0m[1;34m1->2  [0m[1;34m2->3  [0m[1;34m3->4  [0m[1;34m4->5  [0m[1;34m
[pthread wrapper] SKIP MASK: 0x0
[0m[1;34m	threadid 140413372282624 -> core 1 - OK[0m[1;34m
[0m[1;34m	threadid 140413363889920 -> core 2 - OK[0m[1;34m
[0m[1;34m	threadid 140413355497216 -> core 3 - OK[0m[1;34m
[0m[1;34m	threadid 140413347104512 -> core 4 - OK[0m[1;34m
[0m[1;34m	threadid 140413338711808 -> core 5 - OK[0m[1;34m
[0miterations: 200
Total iterations: 1797600800 LUP
FLOP: 11
Total work: 19773608800 FLOP
performance: 1.036124 GLUP/s
Performance in GFLOP/s: 11.397365
size: 9000000
time: 1.734928
[1;34m[pthread wrapper] 
[0m[1;34m[pthread wrapper] MAIN -> 0
[0m[1;34m[pthread wrapper] PIN_MASK: [0m[1;34m0->1  [0m[1;34m1->2  [0m[1;34m2->3  [0m[1;34m3->4  [0m[1;34m4->5  [0m[1;34m
[pthread wrapper] SKIP MASK: 0x0
[0m[1;34m	threadid 139685658605312 -> core 1 - OK[0m[1;34m
[0m[1;34m	threadid 139685650212608 -> core 2 - OK[0m[1;34m
[0m[1;34m	threadid 139685641819904 -> core 3 - OK[0m[1;34m
[0m[1;34m	threadid 139685633427200 -> core 4 - OK[0m[1;34m
[0m[1;34m	threadid 139685625034496 -> core 5 - OK[0m[1;34m
[0miterations: 200
Total iterations: 1797600800 LUP
FLOP: 11
Total work: 19773608800 FLOP
performance: 1.037288 GLUP/s
Performance in GFLOP/s: 11.410165
size: 9000000
time: 1.732982
[1;34m[pthread wrapper] 
[0m[1;34m[pthread wrapper] MAIN -> 0
[0m[1;34m[pthread wrapper] PIN_MASK: [0m[1;34m0->1  [0m[1;34m1->2  [0m[1;34m2->3  [0m[1;34m3->4  [0m[1;34m4->5  [0m[1;34m
[pthread wrapper] SKIP MASK: 0x0
[0m[1;34m	threadid 139807079339776 -> core 1 - OK[0m[1;34m
[0m[1;34m	threadid 139807070947072 -> core 2 - OK[0m[1;34m
[0m[1;34m	threadid 139807062554368 -> core 3 - OK[0m[1;34m
[0m[1;34m	threadid 139807054161664 -> core 4 - OK[0m[1;34m
[0m[1;34m	threadid 139807045768960 -> core 5 - OK[0m[1;34m
[0miterations: 200
Total iterations: 1797600800 LUP
FLOP: 11
Total work: 19773608800 FLOP
performance: 1.036988 GLUP/s
Performance in GFLOP/s: 11.406866
size: 9000000
time: 1.733483
[1;34m[pthread wrapper] 
[0m[1;34m[pthread wrapper] MAIN -> 0
[0m[1;34m[pthread wrapper] PIN_MASK: [0m[1;34m0->1  [0m[1;34m1->2  [0m[1;34m2->3  [0m[1;34m3->4  [0m[1;34m4->5  [0m[1;34m
[pthread wrapper] SKIP MASK: 0x0
[0m[1;34m	threadid 140057504212736 -> core 1 - OK[0m[1;34m
[0m[1;34m	threadid 140057495820032 -> core 2 - OK[0m[1;34m
[0m[1;34m	threadid 140057487427328 -> core 3 - OK[0m[1;34m
[0m[1;34m	threadid 140057479034624 -> core 4 - OK[0m[1;34m
[0m[1;34m	threadid 140057470641920 -> core 5 - OK[0m[1;34m
[0miterations: 200
Total iterations: 1797600800 LUP
FLOP: 11
Total work: 19773608800 FLOP
performance: 1.038509 GLUP/s
Performance in GFLOP/s: 11.423603
size: 9000000
time: 1.730943
[1;34m[pthread wrapper] 
[0m[1;34m[pthread wrapper] MAIN -> 0
[0m[1;34m[pthread wrapper] PIN_MASK: [0m[1;34m0->1  [0m[1;34m1->2  [0m[1;34m2->3  [0m[1;34m3->4  [0m[1;34m4->5  [0m[1;34m
[pthread wrapper] SKIP MASK: 0x0
[0m[1;34m	threadid 139897592583936 -> core 1 - OK[0m[1;34m
[0m[1;34m	threadid 139897584191232 -> core 2 - OK[0m[1;34m
[0m[1;34m	threadid 139897575798528 -> core 3 - OK[0m[1;34m
[0m[1;34m	threadid 139897567405824 -> core 4 - OK[0m[1;34m
[0m[1;34m	threadid 139897559013120 -> core 5 - OK[0m[1;34m
[0miterations: 200
Total iterations: 1797600800 LUP
FLOP: 11
Total work: 19773608800 FLOP
performance: 1.038568 GLUP/s
Performance in GFLOP/s: 11.424252
size: 9000000
time: 1.730845
[1;34m[pthread wrapper] 
[0m[1;34m[pthread wrapper] MAIN -> 0
[0m[1;34m[pthread wrapper] PIN_MASK: [0m[1;34m0->1  [0m[1;34m1->2  [0m[1;34m2->3  [0m[1;34m3->4  [0m[1;34m4->5  [0m[1;34m
[pthread wrapper] SKIP MASK: 0x0
[0m[1;34m	threadid 139820272781056 -> core 1 - OK[0m[1;34m
[0m[1;34m	threadid 139820264388352 -> core 2 - OK[0m[1;34m
[0m[1;34m	threadid 139820255995648 -> core 3 - OK[0m[1;34m
[0m[1;34m	threadid 139820247602944 -> core 4 - OK[0m[1;34m
[0m[1;34m	threadid 139820239210240 -> core 5 - OK[0m[1;34m
[0miterations: 200
Total iterations: 1797600800 LUP
FLOP: 11
Total work: 19773608800 FLOP
performance: 1.040042 GLUP/s
Performance in GFLOP/s: 11.440458
size: 9000000
time: 1.728393
[1;34m[pthread wrapper] 
[0m[1;34m[pthread wrapper] MAIN -> 0
[0m[1;34m[pthread wrapper] PIN_MASK: [0m[1;34m0->1  [0m[1;34m1->2  [0m[1;34m2->3  [0m[1;34m3->4  [0m[1;34m4->5  [0m[1;34m
[pthread wrapper] SKIP MASK: 0x0
[0m[1;34m	threadid 139939056961280 -> core 1 - OK[0m[1;34m
[0m[1;34m	threadid 139939048568576 -> core 2 - OK[0m[1;34m
[0m[1;34m	threadid 139939040175872 -> core 3 - OK[0m[1;34m
[0m[1;34m	threadid 139939031783168 -> core 4 - OK[0m[1;34m
[0m[1;34m	threadid 139939023390464 -> core 5 - OK[0m[1;34m
[0miterations: 200
Total iterations: 1797600800 LUP
FLOP: 11
Total work: 19773608800 FLOP
performance: 1.039531 GLUP/s
Performance in GFLOP/s: 11.434837
size: 9000000
time: 1.729243
[1;34m[pthread wrapper] 
[0m[1;34m[pthread wrapper] MAIN -> 0
[0m[1;34m[pthread wrapper] PIN_MASK: [0m[1;34m0->1  [0m[1;34m1->2  [0m[1;34m2->3  [0m[1;34m3->4  [0m[1;34m4->5  [0m[1;34m
[pthread wrapper] SKIP MASK: 0x0
[0m[1;34m	threadid 140532493809408 -> core 1 - OK[0m[1;34m
[0m[1;34m	threadid 140532485416704 -> core 2 - OK[0m[1;34m
[0m[1;34m	threadid 140532477024000 -> core 3 - OK[0m[1;34m
[0m[1;34m	threadid 140532468631296 -> core 4 - OK[0m[1;34m
[0m[1;34m	threadid 140532460238592 -> core 5 - OK[0m[1;34m
[0miterations: 200
Total iterations: 1797600800 LUP
FLOP: 11
Total work: 19773608800 FLOP
performance: 1.017162 GLUP/s
Performance in GFLOP/s: 11.188787
size: 9000000
time: 1.767270
[1;34m[pthread wrapper] 
[0m[1;34m[pthread wrapper] MAIN -> 0
[0m[1;34m[pthread wrapper] PIN_MASK: [0m[1;34m0->1  [0m[1;34m1->2  [0m[1;34m2->3  [0m[1;34m3->4  [0m[1;34m4->5  [0m[1;34m
[pthread wrapper] SKIP MASK: 0x0
[0m[1;34m	threadid 140009637287680 -> core 1 - OK[0m[1;34m
[0m[1;34m	threadid 140009628894976 -> core 2 - OK[0m[1;34m
[0m[1;34m	threadid 140009620502272 -> core 3 - OK[0m[1;34m
[0m[1;34m	threadid 140009612109568 -> core 4 - OK[0m[1;34m
[0m[1;34m	threadid 140009603716864 -> core 5 - OK[0m[1;34m
[0miterations: 200
Total iterations: 1797600800 LUP
FLOP: 11
Total work: 19773608800 FLOP
performance: 1.038775 GLUP/s
Performance in GFLOP/s: 11.426523
size: 9000000
time: 1.730501
[1;34m[pthread wrapper] 
[0m[1;34m[pthread wrapper] MAIN -> 0
[0m[1;34m[pthread wrapper] PIN_MASK: [0m[1;34m0->1  [0m[1;34m1->2  [0m[1;34m2->3  [0m[1;34m3->4  [0m[1;34m4->5  [0m[1;34m
[pthread wrapper] SKIP MASK: 0x0
[0m[1;34m	threadid 140648657979136 -> core 1 - OK[0m[1;34m
[0m[1;34m	threadid 140648649586432 -> core 2 - OK[0m[1;34m
[0m[1;34m	threadid 140648641193728 -> core 3 - OK[0m[1;34m
[0m[1;34m	threadid 140648632801024 -> core 4 - OK[0m[1;34m
[0m[1;34m	threadid 140648624408320 -> core 5 - OK[0m[1;34m
[0miterations: 200
Total iterations: 1797600800 LUP
FLOP: 11
Total work: 19773608800 FLOP
performance: 1.035909 GLUP/s
Performance in GFLOP/s: 11.394994
size: 9000000
time: 1.735289
