[1;34m[pthread wrapper] 
[0m[1;34m[pthread wrapper] MAIN -> 0
[0m[1;34m[pthread wrapper] PIN_MASK: [0m[1;34m0->1  [0m[1;34m1->2  [0m[1;34m2->3  [0m[1;34m3->4  [0m[1;34m4->10  [0m[1;34m5->11  [0m[1;34m6->12  [0m[1;34m7->13  [0m[1;34m8->14  [0m[1;34m
[pthread wrapper] SKIP MASK: 0x0
[0m[1;34m	threadid 140570761520896 -> core 1 - OK[0m[1;34m
[0m[1;34m	threadid 140570753128192 -> core 2 - OK[0m[1;34m
[0m[1;34m	threadid 140570744735488 -> core 3 - OK[0m[1;34m
[0m[1;34m	threadid 140570736342784 -> core 4 - OK[0m[1;34m
[0m[1;34m	threadid 140570727950080 -> core 10 - OK[0m[1;34m
[0m[1;34m	threadid 140570719557376 -> core 11 - OK[0m[1;34m
[0m[1;34m	threadid 140570711164672 -> core 12 - OK[0m[1;34m
[0m[1;34m	threadid 140570702771968 -> core 13 - OK[0m[1;34m
[0m[1;34m	threadid 140570694379264 -> core 14 - OK[0m[1;34m
[0miterations: 200
Total iterations: 49600800 LUP
FLOP: 11
Total work: 545608800 FLOP
performance: 1.682865 GLUP/s
Performance in GFLOP/s: 18.511516
size: 250000
time: 0.029474
[1;34m[pthread wrapper] 
[0m[1;34m[pthread wrapper] MAIN -> 0
[0m[1;34m[pthread wrapper] PIN_MASK: [0m[1;34m0->1  [0m[1;34m1->2  [0m[1;34m2->3  [0m[1;34m3->4  [0m[1;34m4->10  [0m[1;34m5->11  [0m[1;34m6->12  [0m[1;34m7->13  [0m[1;34m8->14  [0m[1;34m
[pthread wrapper] SKIP MASK: 0x0
[0m[1;34m	threadid 140226844837632 -> core 1 - OK[0m[1;34m
[0m[1;34m	threadid 140226836444928 -> core 2 - OK[0m[1;34m
[0m[1;34m	threadid 140226828052224 -> core 3 - OK[0m[1;34m
[0m[1;34m	threadid 140226819659520 -> core 4 - OK[0m[1;34m
[0m[1;34m	threadid 140226811266816 -> core 10 - OK[0m[1;34m
[0m[1;34m	threadid 140226802874112 -> core 11 - OK[0m[1;34m
[0m[1;34m	threadid 140226794481408 -> core 12 - OK[0m[1;34m
[0m[1;34m	threadid 140226786088704 -> core 13 - OK[0m[1;34m
[0m[1;34m	threadid 140226777696000 -> core 14 - OK[0m[1;34m
[0miterations: 200
Total iterations: 49600800 LUP
FLOP: 11
Total work: 545608800 FLOP
performance: 1.675992 GLUP/s
Performance in GFLOP/s: 18.435907
size: 250000
time: 0.029595
[1;34m[pthread wrapper] 
[0m[1;34m[pthread wrapper] MAIN -> 0
[0m[1;34m[pthread wrapper] PIN_MASK: [0m[1;34m0->1  [0m[1;34m1->2  [0m[1;34m2->3  [0m[1;34m3->4  [0m[1;34m4->10  [0m[1;34m5->11  [0m[1;34m6->12  [0m[1;34m7->13  [0m[1;34m8->14  [0m[1;34m
[pthread wrapper] SKIP MASK: 0x0
[0m[1;34m	threadid 140389262939904 -> core 1 - OK[0m[1;34m
[0m[1;34m	threadid 140389254547200 -> core 2 - OK[0m[1;34m
[0m[1;34m	threadid 140389246154496 -> core 3 - OK[0m[1;34m
[0m[1;34m	threadid 140389237761792 -> core 4 - OK[0m[1;34m
[0m[1;34m	threadid 140389229369088 -> core 10 - OK[0m[1;34m
[0m[1;34m	threadid 140389220976384 -> core 11 - OK[0m[1;34m
[0m[1;34m	threadid 140389212583680 -> core 12 - OK[0m[1;34m
[0m[1;34m	threadid 140389204190976 -> core 13 - OK[0m[1;34m
[0m[1;34m	threadid 140389195798272 -> core 14 - OK[0m[1;34m
[0miterations: 200
Total iterations: 49600800 LUP
FLOP: 11
Total work: 545608800 FLOP
performance: 1.680636 GLUP/s
Performance in GFLOP/s: 18.486991
size: 250000
time: 0.029513
[1;34m[pthread wrapper] 
[0m[1;34m[pthread wrapper] MAIN -> 0
[0m[1;34m[pthread wrapper] PIN_MASK: [0m[1;34m0->1  [0m[1;34m1->2  [0m[1;34m2->3  [0m[1;34m3->4  [0m[1;34m4->10  [0m[1;34m5->11  [0m[1;34m6->12  [0m[1;34m7->13  [0m[1;34m8->14  [0m[1;34m
[pthread wrapper] SKIP MASK: 0x0
[0m[1;34m	threadid 140043437254400 -> core 1 - OK[0m[1;34m
[0m[1;34m	threadid 140043428861696 -> core 2 - OK[0m[1;34m
[0m[1;34m	threadid 140043420468992 -> core 3 - OK[0m[1;34m
[0m[1;34m	threadid 140043412076288 -> core 4 - OK[0m[1;34m
[0m[1;34m	threadid 140043403683584 -> core 10 - OK[0m[1;34m
[0m[1;34m	threadid 140043395290880 -> core 11 - OK[0m[1;34m
[0m[1;34m	threadid 140043386898176 -> core 12 - OK[0m[1;34m
[0m[1;34m	threadid 140043378505472 -> core 13 - OK[0m[1;34m
[0m[1;34m	threadid 140043370112768 -> core 14 - OK[0m[1;34m
[0miterations: 200
Total iterations: 49600800 LUP
FLOP: 11
Total work: 545608800 FLOP
performance: 1.679740 GLUP/s
Performance in GFLOP/s: 18.477140
size: 250000
time: 0.029529
[1;34m[pthread wrapper] 
[0m[1;34m[pthread wrapper] MAIN -> 0
[0m[1;34m[pthread wrapper] PIN_MASK: [0m[1;34m0->1  [0m[1;34m1->2  [0m[1;34m2->3  [0m[1;34m3->4  [0m[1;34m4->10  [0m[1;34m5->11  [0m[1;34m6->12  [0m[1;34m7->13  [0m[1;34m8->14  [0m[1;34m
[pthread wrapper] SKIP MASK: 0x0
[0m[1;34m	threadid 140145761330944 -> core 1 - OK[0m[1;34m
[0m[1;34m	threadid 140145752938240 -> core 2 - OK[0m[1;34m
[0m[1;34m	threadid 140145744545536 -> core 3 - OK[0m[1;34m
[0m[1;34m	threadid 140145736152832 -> core 4 - OK[0m[1;34m
[0m[1;34m	threadid 140145727760128 -> core 10 - OK[0m[1;34m
[0m[1;34m	threadid 140145719367424 -> core 11 - OK[0m[1;34m
[0m[1;34m	threadid 140145710974720 -> core 12 - OK[0m[1;34m
[0m[1;34m	threadid 140145702582016 -> core 13 - OK[0m[1;34m
[0m[1;34m	threadid 140145694189312 -> core 14 - OK[0m[1;34m
[0miterations: 200
Total iterations: 49600800 LUP
FLOP: 11
Total work: 545608800 FLOP
performance: 1.681274 GLUP/s
Performance in GFLOP/s: 18.494013
size: 250000
time: 0.029502
[1;34m[pthread wrapper] 
[0m[1;34m[pthread wrapper] MAIN -> 0
[0m[1;34m[pthread wrapper] PIN_MASK: [0m[1;34m0->1  [0m[1;34m1->2  [0m[1;34m2->3  [0m[1;34m3->4  [0m[1;34m4->10  [0m[1;34m5->11  [0m[1;34m6->12  [0m[1;34m7->13  [0m[1;34m8->14  [0m[1;34m
[pthread wrapper] SKIP MASK: 0x0
[0m[1;34m	threadid 140434654234368 -> core 1 - OK[0m[1;34m
[0m[1;34m	threadid 140434645841664 -> core 2 - OK[0m[1;34m
[0m[1;34m	threadid 140434637448960 -> core 3 - OK[0m[1;34m
[0m[1;34m	threadid 140434629056256 -> core 4 - OK[0m[1;34m
[0m[1;34m	threadid 140434620663552 -> core 10 - OK[0m[1;34m
[0m[1;34m	threadid 140434612270848 -> core 11 - OK[0m[1;34m
[0m[1;34m	threadid 140434603878144 -> core 12 - OK[0m[1;34m
[0m[1;34m	threadid 140434595485440 -> core 13 - OK[0m[1;34m
[0m[1;34m	threadid 140434587092736 -> core 14 - OK[0m[1;34m
[0miterations: 200
Total iterations: 49600800 LUP
FLOP: 11
Total work: 545608800 FLOP
performance: 1.682076 GLUP/s
Performance in GFLOP/s: 18.502835
size: 250000
time: 0.029488
[1;34m[pthread wrapper] 
[0m[1;34m[pthread wrapper] MAIN -> 0
[0m[1;34m[pthread wrapper] PIN_MASK: [0m[1;34m0->1  [0m[1;34m1->2  [0m[1;34m2->3  [0m[1;34m3->4  [0m[1;34m4->10  [0m[1;34m5->11  [0m[1;34m6->12  [0m[1;34m7->13  [0m[1;34m8->14  [0m[1;34m
[pthread wrapper] SKIP MASK: 0x0
[0m[1;34m	threadid 140138854274816 -> core 1 - OK[0m[1;34m
[0m[1;34m	threadid 140138845882112 -> core 2 - OK[0m[1;34m
[0m[1;34m	threadid 140138837489408 -> core 3 - OK[0m[1;34m
[0m[1;34m	threadid 140138829096704 -> core 4 - OK[0m[1;34m
[0m[1;34m	threadid 140138820704000 -> core 10 - OK[0m[1;34m
[0m[1;34m	threadid 140138812311296 -> core 11 - OK[0m[1;34m
[0m[1;34m	threadid 140138803918592 -> core 12 - OK[0m[1;34m
[0m[1;34m	threadid 140138795525888 -> core 13 - OK[0m[1;34m
[0m[1;34m	threadid 140138787133184 -> core 14 - OK[0m[1;34m
[0miterations: 200
Total iterations: 49600800 LUP
FLOP: 11
Total work: 545608800 FLOP
performance: 1.673322 GLUP/s
Performance in GFLOP/s: 18.406547
size: 250000
time: 0.029642
[1;34m[pthread wrapper] 
[0m[1;34m[pthread wrapper] MAIN -> 0
[0m[1;34m[pthread wrapper] PIN_MASK: [0m[1;34m0->1  [0m[1;34m1->2  [0m[1;34m2->3  [0m[1;34m3->4  [0m[1;34m4->10  [0m[1;34m5->11  [0m[1;34m6->12  [0m[1;34m7->13  [0m[1;34m8->14  [0m[1;34m
[pthread wrapper] SKIP MASK: 0x0
[0m[1;34m	threadid 140152002287360 -> core 1 - OK[0m[1;34m
[0m[1;34m	threadid 140151993894656 -> core 2 - OK[0m[1;34m
[0m[1;34m	threadid 140151985501952 -> core 3 - OK[0m[1;34m
[0m[1;34m	threadid 140151977109248 -> core 4 - OK[0m[1;34m
[0m[1;34m	threadid 140151968716544 -> core 10 - OK[0m[1;34m
[0m[1;34m	threadid 140151960323840 -> core 11 - OK[0m[1;34m
[0m[1;34m	threadid 140151951931136 -> core 12 - OK[0m[1;34m
[0m[1;34m	threadid 140151943538432 -> core 13 - OK[0m[1;34m
[0m[1;34m	threadid 140151935145728 -> core 14 - OK[0m[1;34m
[0miterations: 200
Total iterations: 49600800 LUP
FLOP: 11
Total work: 545608800 FLOP
performance: 1.676437 GLUP/s
Performance in GFLOP/s: 18.440810
size: 250000
time: 0.029587
[1;34m[pthread wrapper] 
[0m[1;34m[pthread wrapper] MAIN -> 0
[0m[1;34m[pthread wrapper] PIN_MASK: [0m[1;34m0->1  [0m[1;34m1->2  [0m[1;34m2->3  [0m[1;34m3->4  [0m[1;34m4->10  [0m[1;34m5->11  [0m[1;34m6->12  [0m[1;34m7->13  [0m[1;34m8->14  [0m[1;34m
[pthread wrapper] SKIP MASK: 0x0
[0m[1;34m	threadid 139762537453312 -> core 1 - OK[0m[1;34m
[0m[1;34m	threadid 139762529060608 -> core 2 - OK[0m[1;34m
[0m[1;34m	threadid 139762520667904 -> core 3 - OK[0m[1;34m
[0m[1;34m	threadid 139762512275200 -> core 4 - OK[0m[1;34m
[0m[1;34m	threadid 139762503882496 -> core 10 - OK[0m[1;34m
[0m[1;34m	threadid 139762495489792 -> core 11 - OK[0m[1;34m
[0m[1;34m	threadid 139762487097088 -> core 12 - OK[0m[1;34m
[0m[1;34m	threadid 139762478704384 -> core 13 - OK[0m[1;34m
[0m[1;34m	threadid 139762470311680 -> core 14 - OK[0m[1;34m
[0miterations: 200
Total iterations: 49600800 LUP
FLOP: 11
Total work: 545608800 FLOP
performance: 1.674400 GLUP/s
Performance in GFLOP/s: 18.418398
size: 250000
time: 0.029623
[1;34m[pthread wrapper] 
[0m[1;34m[pthread wrapper] MAIN -> 0
[0m[1;34m[pthread wrapper] PIN_MASK: [0m[1;34m0->1  [0m[1;34m1->2  [0m[1;34m2->3  [0m[1;34m3->4  [0m[1;34m4->10  [0m[1;34m5->11  [0m[1;34m6->12  [0m[1;34m7->13  [0m[1;34m8->14  [0m[1;34m
[pthread wrapper] SKIP MASK: 0x0
[0m[1;34m	threadid 140679188444928 -> core 1 - OK[0m[1;34m
[0m[1;34m	threadid 140679180052224 -> core 2 - OK[0m[1;34m
[0m[1;34m	threadid 140679171659520 -> core 3 - OK[0m[1;34m
[0m[1;34m	threadid 140679163266816 -> core 4 - OK[0m[1;34m
[0m[1;34m	threadid 140679154874112 -> core 10 - OK[0m[1;34m
[0m[1;34m	threadid 140679146481408 -> core 11 - OK[0m[1;34m
[0m[1;34m	threadid 140679138088704 -> core 12 - OK[0m[1;34m
[0m[1;34m	threadid 140679129696000 -> core 13 - OK[0m[1;34m
[0m[1;34m	threadid 140679121303296 -> core 14 - OK[0m[1;34m
[0miterations: 200
Total iterations: 49600800 LUP
FLOP: 11
Total work: 545608800 FLOP
performance: 1.674629 GLUP/s
Performance in GFLOP/s: 18.420919
size: 250000
time: 0.029619
