tuned params: 3000 3000 749 304 2 1 
Flops / stencil call:  11
Stencil computations:  8988004000
Bytes transferred:     144000000000
Total Flops:           98868044000
Seconds elapsed:       15.345353
Performance in GFlop/s:     6.442865
Bandwidth utilization: 9.383948 GB/s
36743950632.000000
Validation OK.
tuned params: 3000 3000 749 304 2 1 
Flops / stencil call:  11
Stencil computations:  8988004000
Bytes transferred:     144000000000
Total Flops:           98868044000
Seconds elapsed:       15.217438
Performance in GFlop/s:     6.497023
Bandwidth utilization: 9.462828 GB/s
36437657560.000000
Validation OK.
tuned params: 3000 3000 749 304 2 1 
Flops / stencil call:  11
Stencil computations:  8988004000
Bytes transferred:     144000000000
Total Flops:           98868044000
Seconds elapsed:       15.323450
Performance in GFlop/s:     6.452075
Bandwidth utilization: 9.397362 GB/s
36691502088.000000
Validation OK.
tuned params: 3000 3000 749 304 2 1 
Flops / stencil call:  11
Stencil computations:  8988004000
Bytes transferred:     144000000000
Total Flops:           98868044000
Seconds elapsed:       15.401512
Performance in GFlop/s:     6.419373
Bandwidth utilization: 9.349731 GB/s
36878419740.000000
Validation OK.
tuned params: 3000 3000 749 304 2 1 
Flops / stencil call:  11
Stencil computations:  8988004000
Bytes transferred:     144000000000
Total Flops:           98868044000
Seconds elapsed:       15.403339
Performance in GFlop/s:     6.418611
Bandwidth utilization: 9.348622 GB/s
36882793500.000000
Validation OK.
tuned params: 3000 3000 749 304 2 1 
Flops / stencil call:  11
Stencil computations:  8988004000
Bytes transferred:     144000000000
Total Flops:           98868044000
Seconds elapsed:       15.197348
Performance in GFlop/s:     6.505612
Bandwidth utilization: 9.475337 GB/s
36389554984.000000
Validation OK.
tuned params: 3000 3000 749 304 2 1 
Flops / stencil call:  11
Stencil computations:  8988004000
Bytes transferred:     144000000000
Total Flops:           98868044000
Seconds elapsed:       15.314469
Performance in GFlop/s:     6.455858
Bandwidth utilization: 9.402872 GB/s
36669998588.000000
Validation OK.
tuned params: 3000 3000 749 304 2 1 
Flops / stencil call:  11
Stencil computations:  8988004000
Bytes transferred:     144000000000
Total Flops:           98868044000
Seconds elapsed:       15.354725
Performance in GFlop/s:     6.438933
Bandwidth utilization: 9.378221 GB/s
36766386784.000000
Validation OK.
tuned params: 3000 3000 749 304 2 1 
Flops / stencil call:  11
Stencil computations:  8988004000
Bytes transferred:     144000000000
Total Flops:           98868044000
Seconds elapsed:       15.439250
Performance in GFlop/s:     6.403682
Bandwidth utilization: 9.326878 GB/s
36968779656.000000
Validation OK.
tuned params: 3000 3000 749 304 2 1 
Flops / stencil call:  11
Stencil computations:  8988004000
Bytes transferred:     144000000000
Total Flops:           98868044000
Seconds elapsed:       15.398993
Performance in GFlop/s:     6.420423
Bandwidth utilization: 9.351261 GB/s
36872387612.000000
Validation OK.
