tuned params: 3000 3000 2998 128 2 0 
Flops / stencil call:  11
Stencil computations:  8988004000
Bytes transferred:     144000000000
Total Flops:           98868044000
Seconds elapsed:       2.321348
Performance in GFlop/s:     42.590790
Bandwidth utilization: 62.032924 GB/s
5558385564.000000
Validation OK.
tuned params: 3000 3000 2998 128 2 0 
Flops / stencil call:  11
Stencil computations:  8988004000
Bytes transferred:     144000000000
Total Flops:           98868044000
Seconds elapsed:       2.449468
Performance in GFlop/s:     40.363066
Bandwidth utilization: 58.788272 GB/s
5865166684.000000
Validation OK.
tuned params: 3000 3000 2998 128 2 0 
Flops / stencil call:  11
Stencil computations:  8988004000
Bytes transferred:     144000000000
Total Flops:           98868044000
Seconds elapsed:       2.345353
Performance in GFlop/s:     42.154865
Bandwidth utilization: 61.398004 GB/s
5615866340.000000
Validation OK.
tuned params: 3000 3000 2998 128 2 0 
Flops / stencil call:  11
Stencil computations:  8988004000
Bytes transferred:     144000000000
Total Flops:           98868044000
Seconds elapsed:       2.427384
Performance in GFlop/s:     40.730287
Bandwidth utilization: 59.323126 GB/s
5812283236.000000
Validation OK.
tuned params: 3000 3000 2998 128 2 0 
Flops / stencil call:  11
Stencil computations:  8988004000
Bytes transferred:     144000000000
Total Flops:           98868044000
Seconds elapsed:       2.657296
Performance in GFlop/s:     37.206260
Bandwidth utilization: 54.190426 GB/s
6362802688.000000
Validation OK.
tuned params: 3000 3000 2998 128 2 0 
Flops / stencil call:  11
Stencil computations:  8988004000
Bytes transferred:     144000000000
Total Flops:           98868044000
Seconds elapsed:       2.408411
Performance in GFlop/s:     41.051151
Bandwidth utilization: 59.790459 GB/s
5766854736.000000
Validation OK.
tuned params: 3000 3000 2998 128 2 0 
Flops / stencil call:  11
Stencil computations:  8988004000
Bytes transferred:     144000000000
Total Flops:           98868044000
Seconds elapsed:       2.325058
Performance in GFlop/s:     42.522829
Bandwidth utilization: 61.933939 GB/s
5567267456.000000
Validation OK.
tuned params: 3000 3000 2998 128 2 0 
Flops / stencil call:  11
Stencil computations:  8988004000
Bytes transferred:     144000000000
Total Flops:           98868044000
Seconds elapsed:       2.907356
Performance in GFlop/s:     34.006170
Bandwidth utilization: 49.529538 GB/s
6961556904.000000
Validation OK.
tuned params: 3000 3000 2998 128 2 0 
Flops / stencil call:  11
Stencil computations:  8988004000
Bytes transferred:     144000000000
Total Flops:           98868044000
Seconds elapsed:       2.316315
Performance in GFlop/s:     42.683334
Bandwidth utilization: 62.167712 GB/s
5546333980.000000
Validation OK.
tuned params: 3000 3000 2998 128 2 0 
Flops / stencil call:  11
Stencil computations:  8988004000
Bytes transferred:     144000000000
Total Flops:           98868044000
Seconds elapsed:       2.345528
Performance in GFlop/s:     42.151724
Bandwidth utilization: 61.393429 GB/s
5616280764.000000
Validation OK.
