tuned params: 3000 3000 2998 128 2 0 
Flops / stencil call:  11
Stencil computations:  5392802400
Bytes transferred:     86400000000
Total Flops:           59320826400
Seconds elapsed:       1.425596
Performance in GFlop/s:     41.611246
Bandwidth utilization: 60.606231 GB/s
3413541548.000000
Validation OK.
tuned params: 3000 3000 2998 128 2 0 
Flops / stencil call:  11
Stencil computations:  5392802400
Bytes transferred:     86400000000
Total Flops:           59320826400
Seconds elapsed:       1.437952
Performance in GFlop/s:     41.253689
Bandwidth utilization: 60.085453 GB/s
3443125948.000000
Validation OK.
tuned params: 3000 3000 2998 128 2 0 
Flops / stencil call:  11
Stencil computations:  5392802400
Bytes transferred:     86400000000
Total Flops:           59320826400
Seconds elapsed:       1.419830
Performance in GFlop/s:     41.780236
Bandwidth utilization: 60.852362 GB/s
3399736332.000000
Validation OK.
tuned params: 3000 3000 2998 128 2 0 
Flops / stencil call:  11
Stencil computations:  5392802400
Bytes transferred:     86400000000
Total Flops:           59320826400
Seconds elapsed:       1.429556
Performance in GFlop/s:     41.495983
Bandwidth utilization: 60.438350 GB/s
3423023160.000000
Validation OK.
tuned params: 3000 3000 2998 128 2 0 
Flops / stencil call:  11
Stencil computations:  5392802400
Bytes transferred:     86400000000
Total Flops:           59320826400
Seconds elapsed:       1.410455
Performance in GFlop/s:     42.057937
Bandwidth utilization: 61.256829 GB/s
3377286836.000000
Validation OK.
tuned params: 3000 3000 2998 128 2 0 
Flops / stencil call:  11
Stencil computations:  5392802400
Bytes transferred:     86400000000
Total Flops:           59320826400
Seconds elapsed:       1.440019
Performance in GFlop/s:     41.194478
Bandwidth utilization: 59.999213 GB/s
3448078264.000000
Validation OK.
tuned params: 3000 3000 2998 128 2 0 
Flops / stencil call:  11
Stencil computations:  5392802400
Bytes transferred:     86400000000
Total Flops:           59320826400
Seconds elapsed:       1.453982
Performance in GFlop/s:     40.798876
Bandwidth utilization: 59.423024 GB/s
3481511040.000000
Validation OK.
tuned params: 3000 3000 2998 128 2 0 
Flops / stencil call:  11
Stencil computations:  5392802400
Bytes transferred:     86400000000
Total Flops:           59320826400
Seconds elapsed:       1.387677
Performance in GFlop/s:     42.748297
Bandwidth utilization: 62.262330 GB/s
3322744460.000000
Validation OK.
tuned params: 3000 3000 2998 128 2 0 
Flops / stencil call:  11
Stencil computations:  5392802400
Bytes transferred:     86400000000
Total Flops:           59320826400
Seconds elapsed:       1.428476
Performance in GFlop/s:     41.527350
Bandwidth utilization: 60.484036 GB/s
3420436248.000000
Validation OK.
tuned params: 3000 3000 2998 128 2 0 
Flops / stencil call:  11
Stencil computations:  5392802400
Bytes transferred:     86400000000
Total Flops:           59320826400
Seconds elapsed:       1.380174
Performance in GFlop/s:     42.980689
Bandwidth utilization: 62.600806 GB/s
3304780492.000000
Validation OK.
