tuned params: 3000 3000 749 304 2 1 
Flops / stencil call:  11
Stencil computations:  5392802400
Bytes transferred:     86400000000
Total Flops:           59320826400
Seconds elapsed:       9.192849
Performance in GFlop/s:     6.452932
Bandwidth utilization: 9.398610 GB/s
22011979096.000000
Validation OK.
tuned params: 3000 3000 749 304 2 1 
Flops / stencil call:  11
Stencil computations:  5392802400
Bytes transferred:     86400000000
Total Flops:           59320826400
Seconds elapsed:       9.187196
Performance in GFlop/s:     6.456902
Bandwidth utilization: 9.404393 GB/s
21998443460.000000
Validation OK.
tuned params: 3000 3000 749 304 2 1 
Flops / stencil call:  11
Stencil computations:  5392802400
Bytes transferred:     86400000000
Total Flops:           59320826400
Seconds elapsed:       9.273403
Performance in GFlop/s:     6.396878
Bandwidth utilization: 9.316968 GB/s
22204864908.000000
Validation OK.
tuned params: 3000 3000 749 304 2 1 
Flops / stencil call:  11
Stencil computations:  5392802400
Bytes transferred:     86400000000
Total Flops:           59320826400
Seconds elapsed:       9.173670
Performance in GFlop/s:     6.466423
Bandwidth utilization: 9.418259 GB/s
21966057652.000000
Validation OK.
tuned params: 3000 3000 749 304 2 1 
Flops / stencil call:  11
Stencil computations:  5392802400
Bytes transferred:     86400000000
Total Flops:           59320826400
Seconds elapsed:       9.122805
Performance in GFlop/s:     6.502477
Bandwidth utilization: 9.470771 GB/s
21844258384.000000
Validation OK.
tuned params: 3000 3000 749 304 2 1 
Flops / stencil call:  11
Stencil computations:  5392802400
Bytes transferred:     86400000000
Total Flops:           59320826400
Seconds elapsed:       9.136085
Performance in GFlop/s:     6.493025
Bandwidth utilization: 9.457005 GB/s
21876050224.000000
Validation OK.
tuned params: 3000 3000 749 304 2 1 
Flops / stencil call:  11
Stencil computations:  5392802400
Bytes transferred:     86400000000
Total Flops:           59320826400
Seconds elapsed:       9.200332
Performance in GFlop/s:     6.447683
Bandwidth utilization: 9.390966 GB/s
22029889204.000000
Validation OK.
tuned params: 3000 3000 749 304 2 1 
Flops / stencil call:  11
Stencil computations:  5392802400
Bytes transferred:     86400000000
Total Flops:           59320826400
Seconds elapsed:       9.148425
Performance in GFlop/s:     6.484267
Bandwidth utilization: 9.444249 GB/s
21905599760.000000
Validation OK.
tuned params: 3000 3000 749 304 2 1 
Flops / stencil call:  11
Stencil computations:  5392802400
Bytes transferred:     86400000000
Total Flops:           59320826400
Seconds elapsed:       9.184946
Performance in GFlop/s:     6.458484
Bandwidth utilization: 9.406697 GB/s
21993050496.000000
Validation OK.
tuned params: 3000 3000 749 304 2 1 
Flops / stencil call:  11
Stencil computations:  5392802400
Bytes transferred:     86400000000
Total Flops:           59320826400
Seconds elapsed:       9.178723
Performance in GFlop/s:     6.462863
Bandwidth utilization: 9.413074 GB/s
21978150060.000000
Validation OK.
