tuned params: 3000 3000 2998 376 4 1 
Flops / stencil call:  11
Stencil computations:  5392802400
Bytes transferred:     86400000000
Total Flops:           59320826400
Seconds elapsed:       4.692338
Performance in GFlop/s:     12.642062
Bandwidth utilization: 18.412996 GB/s
11235648720.000000
Validation OK.
tuned params: 3000 3000 2998 376 4 1 
Flops / stencil call:  11
Stencil computations:  5392802400
Bytes transferred:     86400000000
Total Flops:           59320826400
Seconds elapsed:       4.709054
Performance in GFlop/s:     12.597185
Bandwidth utilization: 18.347634 GB/s
11275674104.000000
Validation OK.
tuned params: 3000 3000 2998 376 4 1 
Flops / stencil call:  11
Stencil computations:  5392802400
Bytes transferred:     86400000000
Total Flops:           59320826400
Seconds elapsed:       4.732872
Performance in GFlop/s:     12.533791
Bandwidth utilization: 18.255300 GB/s
11332703700.000000
Validation OK.
tuned params: 3000 3000 2998 376 4 1 
Flops / stencil call:  11
Stencil computations:  5392802400
Bytes transferred:     86400000000
Total Flops:           59320826400
Seconds elapsed:       4.709464
Performance in GFlop/s:     12.596089
Bandwidth utilization: 18.346037 GB/s
11276655804.000000
Validation OK.
tuned params: 3000 3000 2998 376 4 1 
Flops / stencil call:  11
Stencil computations:  5392802400
Bytes transferred:     86400000000
Total Flops:           59320826400
Seconds elapsed:       4.686357
Performance in GFlop/s:     12.658196
Bandwidth utilization: 18.436495 GB/s
11221327732.000000
Validation OK.
tuned params: 3000 3000 2998 376 4 1 
Flops / stencil call:  11
Stencil computations:  5392802400
Bytes transferred:     86400000000
Total Flops:           59320826400
Seconds elapsed:       4.683244
Performance in GFlop/s:     12.666610
Bandwidth utilization: 18.448751 GB/s
11213871000.000000
Validation OK.
tuned params: 3000 3000 2998 376 4 1 
Flops / stencil call:  11
Stencil computations:  5392802400
Bytes transferred:     86400000000
Total Flops:           59320826400
Seconds elapsed:       4.669954
Performance in GFlop/s:     12.702657
Bandwidth utilization: 18.501253 GB/s
11182049392.000000
Validation OK.
tuned params: 3000 3000 2998 376 4 1 
Flops / stencil call:  11
Stencil computations:  5392802400
Bytes transferred:     86400000000
Total Flops:           59320826400
Seconds elapsed:       4.695532
Performance in GFlop/s:     12.633462
Bandwidth utilization: 18.400471 GB/s
11243296204.000000
Validation OK.
tuned params: 3000 3000 2998 376 4 1 
Flops / stencil call:  11
Stencil computations:  5392802400
Bytes transferred:     86400000000
Total Flops:           59320826400
Seconds elapsed:       4.693682
Performance in GFlop/s:     12.638442
Bandwidth utilization: 18.407724 GB/s
11238865360.000000
Validation OK.
tuned params: 3000 3000 2998 376 4 1 
Flops / stencil call:  11
Stencil computations:  5392802400
Bytes transferred:     86400000000
Total Flops:           59320826400
Seconds elapsed:       4.759944
Performance in GFlop/s:     12.462505
Bandwidth utilization: 18.151474 GB/s
11397527820.000000
Validation OK.
