tuned params: 3000 3000 2998 188 4 1 
Flops / stencil call:  11
Stencil computations:  224700100
Bytes transferred:     3600000000
Total Flops:           2471701100
Seconds elapsed:       0.106711
Performance in GFlop/s:     23.162538
Bandwidth utilization: 33.735931 GB/s
255515604.000000
Validation OK.
tuned params: 3000 3000 2998 188 4 1 
Flops / stencil call:  11
Stencil computations:  224700100
Bytes transferred:     3600000000
Total Flops:           2471701100
Seconds elapsed:       0.107489
Performance in GFlop/s:     22.994898
Bandwidth utilization: 33.491765 GB/s
257377660.000000
Validation OK.
tuned params: 3000 3000 2998 188 4 1 
Flops / stencil call:  11
Stencil computations:  224700100
Bytes transferred:     3600000000
Total Flops:           2471701100
Seconds elapsed:       0.106373
Performance in GFlop/s:     23.236154
Bandwidth utilization: 33.843152 GB/s
254706216.000000
Validation OK.
tuned params: 3000 3000 2998 188 4 1 
Flops / stencil call:  11
Stencil computations:  224700100
Bytes transferred:     3600000000
Total Flops:           2471701100
Seconds elapsed:       0.106555
Performance in GFlop/s:     23.196485
Bandwidth utilization: 33.785374 GB/s
255142496.000000
Validation OK.
tuned params: 3000 3000 2998 188 4 1 
Flops / stencil call:  11
Stencil computations:  224700100
Bytes transferred:     3600000000
Total Flops:           2471701100
Seconds elapsed:       0.107057
Performance in GFlop/s:     23.087742
Bandwidth utilization: 33.626992 GB/s
256342016.000000
Validation OK.
tuned params: 3000 3000 2998 188 4 1 
Flops / stencil call:  11
Stencil computations:  224700100
Bytes transferred:     3600000000
Total Flops:           2471701100
Seconds elapsed:       0.106405
Performance in GFlop/s:     23.229230
Bandwidth utilization: 33.833066 GB/s
254781788.000000
Validation OK.
tuned params: 3000 3000 2998 188 4 1 
Flops / stencil call:  11
Stencil computations:  224700100
Bytes transferred:     3600000000
Total Flops:           2471701100
Seconds elapsed:       0.107210
Performance in GFlop/s:     23.054780
Bandwidth utilization: 33.578982 GB/s
256708600.000000
Validation OK.
tuned params: 3000 3000 2998 188 4 1 
Flops / stencil call:  11
Stencil computations:  224700100
Bytes transferred:     3600000000
Total Flops:           2471701100
Seconds elapsed:       0.106707
Performance in GFlop/s:     23.163418
Bandwidth utilization: 33.737213 GB/s
255504704.000000
Validation OK.
tuned params: 3000 3000 2998 188 4 1 
Flops / stencil call:  11
Stencil computations:  224700100
Bytes transferred:     3600000000
Total Flops:           2471701100
Seconds elapsed:       0.108240
Performance in GFlop/s:     22.835349
Bandwidth utilization: 33.259384 GB/s
259173896.000000
Validation OK.
tuned params: 3000 3000 2998 188 4 1 
Flops / stencil call:  11
Stencil computations:  224700100
Bytes transferred:     3600000000
Total Flops:           2471701100
Seconds elapsed:       0.107208
Performance in GFlop/s:     23.055190
Bandwidth utilization: 33.579579 GB/s
256705160.000000
Validation OK.
