tuned params: 500 500 498 52 1 3 
Flops / stencil call:  11
Stencil computations:  24800400
Bytes transferred:     400000000
Total Flops:           272804400
Seconds elapsed:       0.004108
Performance in GFlop/s:     66.408856
Bandwidth utilization: 97.372118 GB/s
9836784.000000
Validation OK.
tuned params: 500 500 498 52 1 3 
Flops / stencil call:  11
Stencil computations:  24800400
Bytes transferred:     400000000
Total Flops:           272804400
Seconds elapsed:       0.004180
Performance in GFlop/s:     65.261198
Bandwidth utilization: 95.689363 GB/s
10009540.000000
Validation OK.
tuned params: 500 500 498 52 1 3 
Flops / stencil call:  11
Stencil computations:  24800400
Bytes transferred:     400000000
Total Flops:           272804400
Seconds elapsed:       0.004186
Performance in GFlop/s:     65.168276
Bandwidth utilization: 95.553115 GB/s
10022128.000000
Validation OK.
tuned params: 500 500 498 52 1 3 
Flops / stencil call:  11
Stencil computations:  24800400
Bytes transferred:     400000000
Total Flops:           272804400
Seconds elapsed:       0.004089
Performance in GFlop/s:     66.714745
Bandwidth utilization: 97.820629 GB/s
9790180.000000
Validation OK.
tuned params: 500 500 498 52 1 3 
Flops / stencil call:  11
Stencil computations:  24800400
Bytes transferred:     400000000
Total Flops:           272804400
Seconds elapsed:       0.004195
Performance in GFlop/s:     65.031235
Bandwidth utilization: 95.352180 GB/s
10044888.000000
Validation OK.
