tuned params: 3000 3000 2998 252 2 3 
Flops / stencil call:  11
Stencil computations:  5392802400
Bytes transferred:     86400000000
Total Flops:           59320826400
Seconds elapsed:       1.846867
Performance in GFlop/s:     32.119705
Bandwidth utilization: 46.781926 GB/s
4422259996.000000
Validation OK.
tuned params: 3000 3000 2998 252 2 3 
Flops / stencil call:  11
Stencil computations:  5392802400
Bytes transferred:     86400000000
Total Flops:           59320826400
Seconds elapsed:       1.858940
Performance in GFlop/s:     31.911101
Bandwidth utilization: 46.478097 GB/s
4451165864.000000
Validation OK.
tuned params: 3000 3000 2998 252 2 3 
Flops / stencil call:  11
Stencil computations:  5392802400
Bytes transferred:     86400000000
Total Flops:           59320826400
Seconds elapsed:       1.869242
Performance in GFlop/s:     31.735232
Bandwidth utilization: 46.221946 GB/s
4475835412.000000
Validation OK.
tuned params: 3000 3000 2998 252 2 3 
Flops / stencil call:  11
Stencil computations:  5392802400
Bytes transferred:     86400000000
Total Flops:           59320826400
Seconds elapsed:       1.883637
Performance in GFlop/s:     31.492703
Bandwidth utilization: 45.868706 GB/s
4510300376.000000
Validation OK.
tuned params: 3000 3000 2998 252 2 3 
Flops / stencil call:  11
Stencil computations:  5392802400
Bytes transferred:     86400000000
Total Flops:           59320826400
Seconds elapsed:       1.853508
Performance in GFlop/s:     32.004624
Bandwidth utilization: 46.614312 GB/s
4438159708.000000
Validation OK.
tuned params: 3000 3000 2998 252 2 3 
Flops / stencil call:  11
Stencil computations:  5392802400
Bytes transferred:     86400000000
Total Flops:           59320826400
Seconds elapsed:       1.918443
Performance in GFlop/s:     30.921336
Bandwidth utilization: 45.036517 GB/s
4593643416.000000
Validation OK.
tuned params: 3000 3000 2998 252 2 3 
Flops / stencil call:  11
Stencil computations:  5392802400
Bytes transferred:     86400000000
Total Flops:           59320826400
Seconds elapsed:       1.855648
Performance in GFlop/s:     31.967714
Bandwidth utilization: 46.560554 GB/s
4443285820.000000
Validation OK.
tuned params: 3000 3000 2998 252 2 3 
Flops / stencil call:  11
Stencil computations:  5392802400
Bytes transferred:     86400000000
Total Flops:           59320826400
Seconds elapsed:       1.850103
Performance in GFlop/s:     32.063528
Bandwidth utilization: 46.700105 GB/s
4430006428.000000
Validation OK.
tuned params: 3000 3000 2998 252 2 3 
Flops / stencil call:  11
Stencil computations:  5392802400
Bytes transferred:     86400000000
Total Flops:           59320826400
Seconds elapsed:       1.871932
Performance in GFlop/s:     31.689626
Bandwidth utilization: 46.155522 GB/s
4482276136.000000
Validation OK.
tuned params: 3000 3000 2998 252 2 3 
Flops / stencil call:  11
Stencil computations:  5392802400
Bytes transferred:     86400000000
Total Flops:           59320826400
Seconds elapsed:       1.844607
Performance in GFlop/s:     32.159062
Bandwidth utilization: 46.839249 GB/s
4416845832.000000
Validation OK.
