tuned params: 3000 3000 2998 188 2 0 
Flops / stencil call:  11
Stencil computations:  5392802400
Bytes transferred:     86400000000
Total Flops:           59320826400
Seconds elapsed:       1.584256
Performance in GFlop/s:     37.443961
Bandwidth utilization: 54.536635 GB/s
3793449420.000000
Validation OK.
tuned params: 3000 3000 2998 188 2 0 
Flops / stencil call:  11
Stencil computations:  5392802400
Bytes transferred:     86400000000
Total Flops:           59320826400
Seconds elapsed:       1.579261
Performance in GFlop/s:     37.562394
Bandwidth utilization: 54.709131 GB/s
3781487464.000000
Validation OK.
tuned params: 3000 3000 2998 188 2 0 
Flops / stencil call:  11
Stencil computations:  5392802400
Bytes transferred:     86400000000
Total Flops:           59320826400
Seconds elapsed:       1.541067
Performance in GFlop/s:     38.493344
Bandwidth utilization: 56.065047 GB/s
3690032732.000000
Validation OK.
tuned params: 3000 3000 2998 188 2 0 
Flops / stencil call:  11
Stencil computations:  5392802400
Bytes transferred:     86400000000
Total Flops:           59320826400
Seconds elapsed:       1.555898
Performance in GFlop/s:     38.126425
Bandwidth utilization: 55.530634 GB/s
3725547320.000000
Validation OK.
tuned params: 3000 3000 2998 188 2 0 
Flops / stencil call:  11
Stencil computations:  5392802400
Bytes transferred:     86400000000
Total Flops:           59320826400
Seconds elapsed:       1.580281
Performance in GFlop/s:     37.538150
Bandwidth utilization: 54.673820 GB/s
3783929240.000000
Validation OK.
tuned params: 3000 3000 2998 188 2 0 
Flops / stencil call:  11
Stencil computations:  5392802400
Bytes transferred:     86400000000
Total Flops:           59320826400
Seconds elapsed:       1.585120
Performance in GFlop/s:     37.423556
Bandwidth utilization: 54.506916 GB/s
3795517536.000000
Validation OK.
tuned params: 3000 3000 2998 188 2 0 
Flops / stencil call:  11
Stencil computations:  5392802400
Bytes transferred:     86400000000
Total Flops:           59320826400
Seconds elapsed:       1.548081
Performance in GFlop/s:     38.318938
Bandwidth utilization: 55.811027 GB/s
3706829576.000000
Validation OK.
tuned params: 3000 3000 2998 188 2 0 
Flops / stencil call:  11
Stencil computations:  5392802400
Bytes transferred:     86400000000
Total Flops:           59320826400
Seconds elapsed:       1.595227
Performance in GFlop/s:     37.186448
Bandwidth utilization: 54.161571 GB/s
3819719252.000000
Validation OK.
tuned params: 3000 3000 2998 188 2 0 
Flops / stencil call:  11
Stencil computations:  5392802400
Bytes transferred:     86400000000
Total Flops:           59320826400
Seconds elapsed:       1.538463
Performance in GFlop/s:     38.558504
Bandwidth utilization: 56.159951 GB/s
3683798468.000000
Validation OK.
tuned params: 3000 3000 2998 188 2 0 
Flops / stencil call:  11
Stencil computations:  5392802400
Bytes transferred:     86400000000
Total Flops:           59320826400
Seconds elapsed:       1.557576
Performance in GFlop/s:     38.085351
Bandwidth utilization: 55.470811 GB/s
3729563096.000000
Validation OK.
