tuned params: 3000 3000 2998 300 1 0 
Flops / stencil call:  11
Stencil computations:  5392802400
Bytes transferred:     86400000000
Total Flops:           59320826400
Seconds elapsed:       1.483364
Performance in GFlop/s:     39.990739
Bandwidth utilization: 58.245983 GB/s
3551865720.000000
Validation OK.
tuned params: 3000 3000 2998 300 1 0 
Flops / stencil call:  11
Stencil computations:  5392802400
Bytes transferred:     86400000000
Total Flops:           59320826400
Seconds elapsed:       1.463011
Performance in GFlop/s:     40.547087
Bandwidth utilization: 59.056297 GB/s
3503130524.000000
Validation OK.
tuned params: 3000 3000 2998 300 1 0 
Flops / stencil call:  11
Stencil computations:  5392802400
Bytes transferred:     86400000000
Total Flops:           59320826400
Seconds elapsed:       1.447926
Performance in GFlop/s:     40.969521
Bandwidth utilization: 59.671566 GB/s
3467011588.000000
Validation OK.
tuned params: 3000 3000 2998 300 1 0 
Flops / stencil call:  11
Stencil computations:  5392802400
Bytes transferred:     86400000000
Total Flops:           59320826400
Seconds elapsed:       1.494251
Performance in GFlop/s:     39.699372
Bandwidth utilization: 57.821610 GB/s
3577933748.000000
Validation OK.
tuned params: 3000 3000 2998 300 1 0 
Flops / stencil call:  11
Stencil computations:  5392802400
Bytes transferred:     86400000000
Total Flops:           59320826400
Seconds elapsed:       1.440408
Performance in GFlop/s:     41.183350
Bandwidth utilization: 59.983005 GB/s
3449008512.000000
Validation OK.
tuned params: 3000 3000 2998 300 1 0 
Flops / stencil call:  11
Stencil computations:  5392802400
Bytes transferred:     86400000000
Total Flops:           59320826400
Seconds elapsed:       1.491874
Performance in GFlop/s:     39.762626
Bandwidth utilization: 57.913739 GB/s
3572242792.000000
Validation OK.
tuned params: 3000 3000 2998 300 1 0 
Flops / stencil call:  11
Stencil computations:  5392802400
Bytes transferred:     86400000000
Total Flops:           59320826400
Seconds elapsed:       1.485150
Performance in GFlop/s:     39.942654
Bandwidth utilization: 58.175947 GB/s
3556140804.000000
Validation OK.
tuned params: 3000 3000 2998 300 1 0 
Flops / stencil call:  11
Stencil computations:  5392802400
Bytes transferred:     86400000000
Total Flops:           59320826400
Seconds elapsed:       1.432626
Performance in GFlop/s:     41.407057
Bandwidth utilization: 60.308831 GB/s
3430376348.000000
Validation OK.
tuned params: 3000 3000 2998 300 1 0 
Flops / stencil call:  11
Stencil computations:  5392802400
Bytes transferred:     86400000000
Total Flops:           59320826400
Seconds elapsed:       1.454090
Performance in GFlop/s:     40.795846
Bandwidth utilization: 59.418610 GB/s
3481770824.000000
Validation OK.
tuned params: 3000 3000 2998 300 1 0 
Flops / stencil call:  11
Stencil computations:  5392802400
Bytes transferred:     86400000000
Total Flops:           59320826400
Seconds elapsed:       1.468142
Performance in GFlop/s:     40.405373
Bandwidth utilization: 58.849892 GB/s
3515416140.000000
Validation OK.
