tuned params: 3000 3000 2998 188 2 0 
Flops / stencil call:  11
Stencil computations:  5392802400
Bytes transferred:     86400000000
Total Flops:           59320826400
Seconds elapsed:       1.576644
Performance in GFlop/s:     37.624745
Bandwidth utilization: 54.799944 GB/s
3775221844.000000
Validation OK.
tuned params: 3000 3000 2998 188 2 0 
Flops / stencil call:  11
Stencil computations:  5392802400
Bytes transferred:     86400000000
Total Flops:           59320826400
Seconds elapsed:       1.592957
Performance in GFlop/s:     37.239439
Bandwidth utilization: 54.238752 GB/s
3814280108.000000
Validation OK.
tuned params: 3000 3000 2998 188 2 0 
Flops / stencil call:  11
Stencil computations:  5392802400
Bytes transferred:     86400000000
Total Flops:           59320826400
Seconds elapsed:       1.766095
Performance in GFlop/s:     33.588697
Bandwidth utilization: 48.921493 GB/s
4228851024.000000
Validation OK.
tuned params: 3000 3000 2998 188 2 0 
Flops / stencil call:  11
Stencil computations:  5392802400
Bytes transferred:     86400000000
Total Flops:           59320826400
Seconds elapsed:       1.554212
Performance in GFlop/s:     38.167787
Bandwidth utilization: 55.590877 GB/s
3721507632.000000
Validation OK.
tuned params: 3000 3000 2998 188 2 0 
Flops / stencil call:  11
Stencil computations:  5392802400
Bytes transferred:     86400000000
Total Flops:           59320826400
Seconds elapsed:       1.575209
Performance in GFlop/s:     37.659022
Bandwidth utilization: 54.849868 GB/s
3771787468.000000
Validation OK.
tuned params: 3000 3000 2998 188 2 0 
Flops / stencil call:  11
Stencil computations:  5392802400
Bytes transferred:     86400000000
Total Flops:           59320826400
Seconds elapsed:       1.602786
Performance in GFlop/s:     37.011069
Bandwidth utilization: 53.906134 GB/s
3837817188.000000
Validation OK.
tuned params: 3000 3000 2998 188 2 0 
Flops / stencil call:  11
Stencil computations:  5392802400
Bytes transferred:     86400000000
Total Flops:           59320826400
Seconds elapsed:       1.571751
Performance in GFlop/s:     37.741870
Bandwidth utilization: 54.970535 GB/s
3763505040.000000
Validation OK.
tuned params: 3000 3000 2998 188 2 0 
Flops / stencil call:  11
Stencil computations:  5392802400
Bytes transferred:     86400000000
Total Flops:           59320826400
Seconds elapsed:       1.564444
Performance in GFlop/s:     37.918151
Bandwidth utilization: 55.227286 GB/s
3746009552.000000
Validation OK.
tuned params: 3000 3000 2998 188 2 0 
Flops / stencil call:  11
Stencil computations:  5392802400
Bytes transferred:     86400000000
Total Flops:           59320826400
Seconds elapsed:       1.554386
Performance in GFlop/s:     38.163513
Bandwidth utilization: 55.584652 GB/s
3721924616.000000
Validation OK.
tuned params: 3000 3000 2998 188 2 0 
Flops / stencil call:  11
Stencil computations:  5392802400
Bytes transferred:     86400000000
Total Flops:           59320826400
Seconds elapsed:       1.566391
Performance in GFlop/s:     37.871021
Bandwidth utilization: 55.158642 GB/s
3750671524.000000
Validation OK.
