tuned params: 3000 3000 2998 252 2 3 
Flops / stencil call:  11
Stencil computations:  5392802400
Bytes transferred:     86400000000
Total Flops:           59320826400
Seconds elapsed:       1.880658
Performance in GFlop/s:     31.542593
Bandwidth utilization: 45.941369 GB/s
4503170224.000000
Validation OK.
tuned params: 3000 3000 2998 252 2 3 
Flops / stencil call:  11
Stencil computations:  5392802400
Bytes transferred:     86400000000
Total Flops:           59320826400
Seconds elapsed:       1.882342
Performance in GFlop/s:     31.514375
Bandwidth utilization: 45.900270 GB/s
4507198984.000000
Validation OK.
tuned params: 3000 3000 2998 252 2 3 
Flops / stencil call:  11
Stencil computations:  5392802400
Bytes transferred:     86400000000
Total Flops:           59320826400
Seconds elapsed:       1.866702
Performance in GFlop/s:     31.778411
Bandwidth utilization: 46.284836 GB/s
4469751772.000000
Validation OK.
tuned params: 3000 3000 2998 252 2 3 
Flops / stencil call:  11
Stencil computations:  5392802400
Bytes transferred:     86400000000
Total Flops:           59320826400
Seconds elapsed:       2.116478
Performance in GFlop/s:     28.028083
Bandwidth utilization: 40.822532 GB/s
5067830908.000000
Validation OK.
tuned params: 3000 3000 2998 252 2 3 
Flops / stencil call:  11
Stencil computations:  5392802400
Bytes transferred:     86400000000
Total Flops:           59320826400
Seconds elapsed:       1.865095
Performance in GFlop/s:     31.805795
Bandwidth utilization: 46.324721 GB/s
4465905960.000000
Validation OK.
tuned params: 3000 3000 2998 252 2 3 
Flops / stencil call:  11
Stencil computations:  5392802400
Bytes transferred:     86400000000
Total Flops:           59320826400
Seconds elapsed:       1.851417
Performance in GFlop/s:     32.040769
Bandwidth utilization: 46.666957 GB/s
4433153752.000000
Validation OK.
tuned params: 3000 3000 2998 252 2 3 
Flops / stencil call:  11
Stencil computations:  5392802400
Bytes transferred:     86400000000
Total Flops:           59320826400
Seconds elapsed:       2.071537
Performance in GFlop/s:     28.636141
Bandwidth utilization: 41.708161 GB/s
4960222464.000000
Validation OK.
tuned params: 3000 3000 2998 252 2 3 
Flops / stencil call:  11
Stencil computations:  5392802400
Bytes transferred:     86400000000
Total Flops:           59320826400
Seconds elapsed:       1.860752
Performance in GFlop/s:     31.880031
Bandwidth utilization: 46.432843 GB/s
4455505400.000000
Validation OK.
tuned params: 3000 3000 2998 252 2 3 
Flops / stencil call:  11
Stencil computations:  5392802400
Bytes transferred:     86400000000
Total Flops:           59320826400
Seconds elapsed:       1.848199
Performance in GFlop/s:     32.096560
Bandwidth utilization: 46.748215 GB/s
4425447232.000000
Validation OK.
tuned params: 3000 3000 2998 252 2 3 
Flops / stencil call:  11
Stencil computations:  5392802400
Bytes transferred:     86400000000
Total Flops:           59320826400
Seconds elapsed:       1.858408
Performance in GFlop/s:     31.920239
Bandwidth utilization: 46.491406 GB/s
4449893904.000000
Validation OK.
