tuned params: 3000 3000 2998 376 4 1 
Flops / stencil call:  11
Stencil computations:  5392802400
Bytes transferred:     86400000000
Total Flops:           59320826400
Seconds elapsed:       4.709402
Performance in GFlop/s:     12.596254
Bandwidth utilization: 18.346278 GB/s
11276509152.000000
Validation OK.
tuned params: 3000 3000 2998 376 4 1 
Flops / stencil call:  11
Stencil computations:  5392802400
Bytes transferred:     86400000000
Total Flops:           59320826400
Seconds elapsed:       4.706670
Performance in GFlop/s:     12.603566
Bandwidth utilization: 18.356927 GB/s
11269965304.000000
Validation OK.
tuned params: 3000 3000 2998 376 4 1 
Flops / stencil call:  11
Stencil computations:  5392802400
Bytes transferred:     86400000000
Total Flops:           59320826400
Seconds elapsed:       4.666693
Performance in GFlop/s:     12.711534
Bandwidth utilization: 18.514181 GB/s
11174240032.000000
Validation OK.
tuned params: 3000 3000 2998 376 4 1 
Flops / stencil call:  11
Stencil computations:  5392802400
Bytes transferred:     86400000000
Total Flops:           59320826400
Seconds elapsed:       4.825818
Performance in GFlop/s:     12.292388
Bandwidth utilization: 17.903700 GB/s
11555260324.000000
Validation OK.
tuned params: 3000 3000 2998 376 4 1 
Flops / stencil call:  11
Stencil computations:  5392802400
Bytes transferred:     86400000000
Total Flops:           59320826400
Seconds elapsed:       4.689371
Performance in GFlop/s:     12.650060
Bandwidth utilization: 18.424645 GB/s
11228542944.000000
Validation OK.
tuned params: 3000 3000 2998 376 4 1 
Flops / stencil call:  11
Stencil computations:  5392802400
Bytes transferred:     86400000000
Total Flops:           59320826400
Seconds elapsed:       4.693768
Performance in GFlop/s:     12.638210
Bandwidth utilization: 18.407386 GB/s
11239070012.000000
Validation OK.
tuned params: 3000 3000 2998 376 4 1 
Flops / stencil call:  11
Stencil computations:  5392802400
Bytes transferred:     86400000000
Total Flops:           59320826400
Seconds elapsed:       4.712412
Performance in GFlop/s:     12.588209
Bandwidth utilization: 18.334559 GB/s
11283716068.000000
Validation OK.
tuned params: 3000 3000 2998 376 4 1 
Flops / stencil call:  11
Stencil computations:  5392802400
Bytes transferred:     86400000000
Total Flops:           59320826400
Seconds elapsed:       4.712159
Performance in GFlop/s:     12.588884
Bandwidth utilization: 18.335544 GB/s
11283110624.000000
Validation OK.
tuned params: 3000 3000 2998 376 4 1 
Flops / stencil call:  11
Stencil computations:  5392802400
Bytes transferred:     86400000000
Total Flops:           59320826400
Seconds elapsed:       4.671403
Performance in GFlop/s:     12.698717
Bandwidth utilization: 18.495513 GB/s
11185521656.000000
Validation OK.
tuned params: 3000 3000 2998 376 4 1 
Flops / stencil call:  11
Stencil computations:  5392802400
Bytes transferred:     86400000000
Total Flops:           59320826400
Seconds elapsed:       4.680460
Performance in GFlop/s:     12.674145
Bandwidth utilization: 18.459724 GB/s
11207207628.000000
Validation OK.
