tuned params: 500 500 498 52 1 3 
Flops / stencil call:  11
Stencil computations:  148802400
Bytes transferred:     2400000000
Total Flops:           1636826400
Seconds elapsed:       0.024710
Performance in GFlop/s:     66.240979
Bandwidth utilization: 97.125968 GB/s
59168688.000000
Validation OK.
tuned params: 500 500 498 52 1 3 
Flops / stencil call:  11
Stencil computations:  148802400
Bytes transferred:     2400000000
Total Flops:           1636826400
Seconds elapsed:       0.024615
Performance in GFlop/s:     66.497622
Bandwidth utilization: 97.502272 GB/s
58939164.000000
Validation OK.
tuned params: 500 500 498 52 1 3 
Flops / stencil call:  11
Stencil computations:  148802400
Bytes transferred:     2400000000
Total Flops:           1636826400
Seconds elapsed:       0.025739
Performance in GFlop/s:     63.593352
Bandwidth utilization: 93.243880 GB/s
61630016.000000
Validation OK.
tuned params: 500 500 498 52 1 3 
Flops / stencil call:  11
Stencil computations:  148802400
Bytes transferred:     2400000000
Total Flops:           1636826400
Seconds elapsed:       0.024445
Performance in GFlop/s:     66.959402
Bandwidth utilization: 98.179358 GB/s
58531912.000000
Validation OK.
tuned params: 500 500 498 52 1 3 
Flops / stencil call:  11
Stencil computations:  148802400
Bytes transferred:     2400000000
Total Flops:           1636826400
Seconds elapsed:       0.024881
Performance in GFlop/s:     65.785869
Bandwidth utilization: 96.458663 GB/s
59576020.000000
Validation OK.
tuned params: 500 500 498 52 1 3 
Flops / stencil call:  11
Stencil computations:  148802400
Bytes transferred:     2400000000
Total Flops:           1636826400
Seconds elapsed:       0.024126
Performance in GFlop/s:     67.844766
Bandwidth utilization: 99.477524 GB/s
57767316.000000
Validation OK.
tuned params: 500 500 498 52 1 3 
Flops / stencil call:  11
Stencil computations:  148802400
Bytes transferred:     2400000000
Total Flops:           1636826400
Seconds elapsed:       0.025015
Performance in GFlop/s:     65.433493
Bandwidth utilization: 95.941991 GB/s
59895960.000000
Validation OK.
tuned params: 500 500 498 52 1 3 
Flops / stencil call:  11
Stencil computations:  148802400
Bytes transferred:     2400000000
Total Flops:           1636826400
Seconds elapsed:       0.024680
Performance in GFlop/s:     66.321607
Bandwidth utilization: 97.244190 GB/s
59092968.000000
Validation OK.
tuned params: 500 500 498 52 1 3 
Flops / stencil call:  11
Stencil computations:  148802400
Bytes transferred:     2400000000
Total Flops:           1636826400
Seconds elapsed:       0.024697
Performance in GFlop/s:     66.276789
Bandwidth utilization: 97.178476 GB/s
59134152.000000
Validation OK.
tuned params: 500 500 498 52 1 3 
Flops / stencil call:  11
Stencil computations:  148802400
Bytes transferred:     2400000000
Total Flops:           1636826400
Seconds elapsed:       0.024894
Performance in GFlop/s:     65.751846
Bandwidth utilization: 96.408777 GB/s
59606772.000000
Validation OK.
