tuned params: 500 500 498 84 1 3 
Flops / stencil call:  11
Stencil computations:  6200100
Bytes transferred:     100000000
Total Flops:           68201100
Seconds elapsed:       0.001531
Performance in GFlop/s:     44.543156
Bandwidth utilization: 65.311492 GB/s
3664860.000000
Validation OK.
tuned params: 500 500 498 84 1 3 
Flops / stencil call:  11
Stencil computations:  6200100
Bytes transferred:     100000000
Total Flops:           68201100
Seconds elapsed:       0.001533
Performance in GFlop/s:     44.487737
Bandwidth utilization: 65.230233 GB/s
3668488.000000
Validation OK.
tuned params: 500 500 498 84 1 3 
Flops / stencil call:  11
Stencil computations:  6200100
Bytes transferred:     100000000
Total Flops:           68201100
Seconds elapsed:       0.001536
Performance in GFlop/s:     44.404866
Bandwidth utilization: 65.108724 GB/s
3677928.000000
Validation OK.
tuned params: 500 500 498 84 1 3 
Flops / stencil call:  11
Stencil computations:  6200100
Bytes transferred:     100000000
Total Flops:           68201100
Seconds elapsed:       0.001538
Performance in GFlop/s:     44.342915
Bandwidth utilization: 65.017889 GB/s
3682472.000000
Validation OK.
tuned params: 500 500 498 84 1 3 
Flops / stencil call:  11
Stencil computations:  6200100
Bytes transferred:     100000000
Total Flops:           68201100
Seconds elapsed:       0.001530
Performance in GFlop/s:     44.577863
Bandwidth utilization: 65.362381 GB/s
3663212.000000
Validation OK.
tuned params: 500 500 498 84 1 3 
Flops / stencil call:  11
Stencil computations:  6200100
Bytes transferred:     100000000
Total Flops:           68201100
Seconds elapsed:       0.001538
Performance in GFlop/s:     44.342915
Bandwidth utilization: 65.017889 GB/s
3681620.000000
Validation OK.
tuned params: 500 500 498 84 1 3 
Flops / stencil call:  11
Stencil computations:  6200100
Bytes transferred:     100000000
Total Flops:           68201100
Seconds elapsed:       0.001539
Performance in GFlop/s:     44.315437
Bandwidth utilization: 64.977599 GB/s
3684676.000000
Validation OK.
tuned params: 500 500 498 84 1 3 
Flops / stencil call:  11
Stencil computations:  6200100
Bytes transferred:     100000000
Total Flops:           68201100
Seconds elapsed:       0.001542
Performance in GFlop/s:     44.226368
Bandwidth utilization: 64.847001 GB/s
3691944.000000
Validation OK.
tuned params: 500 500 498 84 1 3 
Flops / stencil call:  11
Stencil computations:  6200100
Bytes transferred:     100000000
Total Flops:           68201100
Seconds elapsed:       0.001539
Performance in GFlop/s:     44.315437
Bandwidth utilization: 64.977599 GB/s
3683148.000000
Validation OK.
tuned params: 500 500 498 84 1 3 
Flops / stencil call:  11
Stencil computations:  6200100
Bytes transferred:     100000000
Total Flops:           68201100
Seconds elapsed:       0.001550
Performance in GFlop/s:     44.001868
Bandwidth utilization: 64.517828 GB/s
3709596.000000
Validation OK.
