tuned params: 3000 3000 2998 128 2 0 
Flops / stencil call:  11
Stencil computations:  5392802400
Bytes transferred:     86400000000
Total Flops:           59320826400
Seconds elapsed:       1.426575
Performance in GFlop/s:     41.582685
Bandwidth utilization: 60.564631 GB/s
3415886604.000000
Validation OK.
tuned params: 3000 3000 2998 128 2 0 
Flops / stencil call:  11
Stencil computations:  5392802400
Bytes transferred:     86400000000
Total Flops:           59320826400
Seconds elapsed:       1.405705
Performance in GFlop/s:     42.200054
Bandwidth utilization: 61.463822 GB/s
3365911768.000000
Validation OK.
tuned params: 3000 3000 2998 128 2 0 
Flops / stencil call:  11
Stencil computations:  5392802400
Bytes transferred:     86400000000
Total Flops:           59320826400
Seconds elapsed:       1.446786
Performance in GFlop/s:     41.001799
Bandwidth utilization: 59.718579 GB/s
3464278268.000000
Validation OK.
tuned params: 3000 3000 2998 128 2 0 
Flops / stencil call:  11
Stencil computations:  5392802400
Bytes transferred:     86400000000
Total Flops:           59320826400
Seconds elapsed:       1.590756
Performance in GFlop/s:     37.290966
Bandwidth utilization: 54.313800 GB/s
3809009096.000000
Validation OK.
tuned params: 3000 3000 2998 128 2 0 
Flops / stencil call:  11
Stencil computations:  5392802400
Bytes transferred:     86400000000
Total Flops:           59320826400
Seconds elapsed:       1.429289
Performance in GFlop/s:     41.503735
Bandwidth utilization: 60.449642 GB/s
3422372628.000000
Validation OK.
tuned params: 3000 3000 2998 128 2 0 
Flops / stencil call:  11
Stencil computations:  5392802400
Bytes transferred:     86400000000
Total Flops:           59320826400
Seconds elapsed:       1.414036
Performance in GFlop/s:     41.951425
Bandwidth utilization: 61.101696 GB/s
3385862120.000000
Validation OK.
tuned params: 3000 3000 2998 128 2 0 
Flops / stencil call:  11
Stencil computations:  5392802400
Bytes transferred:     86400000000
Total Flops:           59320826400
Seconds elapsed:       1.402163
Performance in GFlop/s:     42.306654
Bandwidth utilization: 61.619083 GB/s
3357430244.000000
Validation OK.
tuned params: 3000 3000 2998 128 2 0 
Flops / stencil call:  11
Stencil computations:  5392802400
Bytes transferred:     86400000000
Total Flops:           59320826400
Seconds elapsed:       1.442247
Performance in GFlop/s:     41.130833
Bandwidth utilization: 59.906515 GB/s
3453410380.000000
Validation OK.
tuned params: 3000 3000 2998 128 2 0 
Flops / stencil call:  11
Stencil computations:  5392802400
Bytes transferred:     86400000000
Total Flops:           59320826400
Seconds elapsed:       1.428913
Performance in GFlop/s:     41.514649
Bandwidth utilization: 60.465538 GB/s
3421483504.000000
Validation OK.
tuned params: 3000 3000 2998 128 2 0 
Flops / stencil call:  11
Stencil computations:  5392802400
Bytes transferred:     86400000000
Total Flops:           59320826400
Seconds elapsed:       1.715046
Performance in GFlop/s:     34.588477
Bandwidth utilization: 50.377660 GB/s
4106616288.000000
Validation OK.
