tuned params: 3000 3000 2998 252 2 3 
Flops / stencil call:  11
Stencil computations:  898800400
Bytes transferred:     14400000000
Total Flops:           9886804400
Seconds elapsed:       0.311445
Performance in GFlop/s:     31.744945
Bandwidth utilization: 46.236093 GB/s
745744264.000000
Validation OK.
tuned params: 3000 3000 2998 252 2 3 
Flops / stencil call:  11
Stencil computations:  898800400
Bytes transferred:     14400000000
Total Flops:           9886804400
Seconds elapsed:       0.309020
Performance in GFlop/s:     31.994056
Bandwidth utilization: 46.598919 GB/s
739937816.000000
Validation OK.
tuned params: 3000 3000 2998 252 2 3 
Flops / stencil call:  11
Stencil computations:  898800400
Bytes transferred:     14400000000
Total Flops:           9886804400
Seconds elapsed:       0.313787
Performance in GFlop/s:     31.508013
Bandwidth utilization: 45.891005 GB/s
751353472.000000
Validation OK.
tuned params: 3000 3000 2998 252 2 3 
Flops / stencil call:  11
Stencil computations:  898800400
Bytes transferred:     14400000000
Total Flops:           9886804400
Seconds elapsed:       0.311504
Performance in GFlop/s:     31.738944
Bandwidth utilization: 46.227353 GB/s
745885716.000000
Validation OK.
tuned params: 3000 3000 2998 252 2 3 
Flops / stencil call:  11
Stencil computations:  898800400
Bytes transferred:     14400000000
Total Flops:           9886804400
Seconds elapsed:       0.311141
Performance in GFlop/s:     31.775960
Bandwidth utilization: 46.281266 GB/s
745017312.000000
Validation OK.
