tuned params: 3000 3000 2998 188 2 0 
Flops / stencil call:  11
Stencil computations:  5392802400
Bytes transferred:     86400000000
Total Flops:           59320826400
Seconds elapsed:       1.583724
Performance in GFlop/s:     37.456543
Bandwidth utilization: 54.554960 GB/s
3792172768.000000
Validation OK.
tuned params: 3000 3000 2998 188 2 0 
Flops / stencil call:  11
Stencil computations:  5392802400
Bytes transferred:     86400000000
Total Flops:           59320826400
Seconds elapsed:       1.578946
Performance in GFlop/s:     37.569892
Bandwidth utilization: 54.720052 GB/s
3780734832.000000
Validation OK.
tuned params: 3000 3000 2998 188 2 0 
Flops / stencil call:  11
Stencil computations:  5392802400
Bytes transferred:     86400000000
Total Flops:           59320826400
Seconds elapsed:       1.590794
Performance in GFlop/s:     37.290072
Bandwidth utilization: 54.312498 GB/s
3809099140.000000
Validation OK.
tuned params: 3000 3000 2998 188 2 0 
Flops / stencil call:  11
Stencil computations:  5392802400
Bytes transferred:     86400000000
Total Flops:           59320826400
Seconds elapsed:       1.561852
Performance in GFlop/s:     37.981081
Bandwidth utilization: 55.318943 GB/s
3739802768.000000
Validation OK.
tuned params: 3000 3000 2998 188 2 0 
Flops / stencil call:  11
Stencil computations:  5392802400
Bytes transferred:     86400000000
Total Flops:           59320826400
Seconds elapsed:       1.626763
Performance in GFlop/s:     36.465565
Bandwidth utilization: 53.111613 GB/s
3895228820.000000
Validation OK.
tuned params: 3000 3000 2998 188 2 0 
Flops / stencil call:  11
Stencil computations:  5392802400
Bytes transferred:     86400000000
Total Flops:           59320826400
Seconds elapsed:       1.600224
Performance in GFlop/s:     37.070326
Bandwidth utilization: 53.992440 GB/s
3831683400.000000
Validation OK.
tuned params: 3000 3000 2998 188 2 0 
Flops / stencil call:  11
Stencil computations:  5392802400
Bytes transferred:     86400000000
Total Flops:           59320826400
Seconds elapsed:       1.620906
Performance in GFlop/s:     36.597329
Bandwidth utilization: 53.303527 GB/s
3881205704.000000
Validation OK.
tuned params: 3000 3000 2998 188 2 0 
Flops / stencil call:  11
Stencil computations:  5392802400
Bytes transferred:     86400000000
Total Flops:           59320826400
Seconds elapsed:       1.567053
Performance in GFlop/s:     37.855020
Bandwidth utilization: 55.135337 GB/s
3752256936.000000
Validation OK.
tuned params: 3000 3000 2998 188 2 0 
Flops / stencil call:  11
Stencil computations:  5392802400
Bytes transferred:     86400000000
Total Flops:           59320826400
Seconds elapsed:       1.563513
Performance in GFlop/s:     37.940730
Bandwidth utilization: 55.260172 GB/s
3743776172.000000
Validation OK.
tuned params: 3000 3000 2998 188 2 0 
Flops / stencil call:  11
Stencil computations:  5392802400
Bytes transferred:     86400000000
Total Flops:           59320826400
Seconds elapsed:       1.550184
Performance in GFlop/s:     38.266958
Bandwidth utilization: 55.735319 GB/s
3711865336.000000
Validation OK.
