tuned params: 3000 3000 2998 76 4 3 
Flops / stencil call:  11
Stencil computations:  8988004000
Bytes transferred:     144000000000
Total Flops:           98868044000
Seconds elapsed:       2.665946
Performance in GFlop/s:     37.085539
Bandwidth utilization: 54.014597 GB/s
6383514568.000000
Validation OK.
tuned params: 3000 3000 2998 76 4 3 
Flops / stencil call:  11
Stencil computations:  8988004000
Bytes transferred:     144000000000
Total Flops:           98868044000
Seconds elapsed:       2.708115
Performance in GFlop/s:     36.508066
Bandwidth utilization: 53.173515 GB/s
6484484864.000000
Validation OK.
tuned params: 3000 3000 2998 76 4 3 
Flops / stencil call:  11
Stencil computations:  8988004000
Bytes transferred:     144000000000
Total Flops:           98868044000
Seconds elapsed:       2.712513
Performance in GFlop/s:     36.448874
Bandwidth utilization: 53.087304 GB/s
6495019288.000000
Validation OK.
tuned params: 3000 3000 2998 76 4 3 
Flops / stencil call:  11
Stencil computations:  8988004000
Bytes transferred:     144000000000
Total Flops:           98868044000
Seconds elapsed:       2.773115
Performance in GFlop/s:     35.652340
Bandwidth utilization: 51.927162 GB/s
6640126608.000000
Validation OK.
tuned params: 3000 3000 2998 76 4 3 
Flops / stencil call:  11
Stencil computations:  8988004000
Bytes transferred:     144000000000
Total Flops:           98868044000
Seconds elapsed:       2.693638
Performance in GFlop/s:     36.704279
Bandwidth utilization: 53.459298 GB/s
6449822304.000000
Validation OK.
tuned params: 3000 3000 2998 76 4 3 
Flops / stencil call:  11
Stencil computations:  8988004000
Bytes transferred:     144000000000
Total Flops:           98868044000
Seconds elapsed:       2.720482
Performance in GFlop/s:     36.342107
Bandwidth utilization: 52.931799 GB/s
6514100120.000000
Validation OK.
tuned params: 3000 3000 2998 76 4 3 
Flops / stencil call:  11
Stencil computations:  8988004000
Bytes transferred:     144000000000
Total Flops:           98868044000
Seconds elapsed:       2.642390
Performance in GFlop/s:     37.416144
Bandwidth utilization: 54.496119 GB/s
6327110444.000000
Validation OK.
tuned params: 3000 3000 2998 76 4 3 
Flops / stencil call:  11
Stencil computations:  8988004000
Bytes transferred:     144000000000
Total Flops:           98868044000
Seconds elapsed:       2.714285
Performance in GFlop/s:     36.425077
Bandwidth utilization: 53.052643 GB/s
6499261968.000000
Validation OK.
tuned params: 3000 3000 2998 76 4 3 
Flops / stencil call:  11
Stencil computations:  8988004000
Bytes transferred:     144000000000
Total Flops:           98868044000
Seconds elapsed:       2.645302
Performance in GFlop/s:     37.374954
Bandwidth utilization: 54.436127 GB/s
6334081128.000000
Validation OK.
tuned params: 3000 3000 2998 76 4 3 
Flops / stencil call:  11
Stencil computations:  8988004000
Bytes transferred:     144000000000
Total Flops:           98868044000
Seconds elapsed:       2.631689
Performance in GFlop/s:     37.568285
Bandwidth utilization: 54.717710 GB/s
6301487020.000000
Validation OK.
