tuned params: 3000 3000 2998 376 2 3 
Flops / stencil call:  11
Stencil computations:  898800400
Bytes transferred:     14400000000
Total Flops:           9886804400
Seconds elapsed:       0.433249
Performance in GFlop/s:     22.820144
Bandwidth utilization: 33.237238 GB/s
1037401116.000000
Validation OK.
tuned params: 3000 3000 2998 376 2 3 
Flops / stencil call:  11
Stencil computations:  898800400
Bytes transferred:     14400000000
Total Flops:           9886804400
Seconds elapsed:       0.430384
Performance in GFlop/s:     22.972058
Bandwidth utilization: 33.458499 GB/s
1030541828.000000
Validation OK.
tuned params: 3000 3000 2998 376 2 3 
Flops / stencil call:  11
Stencil computations:  898800400
Bytes transferred:     14400000000
Total Flops:           9886804400
Seconds elapsed:       0.431662
Performance in GFlop/s:     22.904037
Bandwidth utilization: 33.359428 GB/s
1033601132.000000
Validation OK.
tuned params: 3000 3000 2998 376 2 3 
Flops / stencil call:  11
Stencil computations:  898800400
Bytes transferred:     14400000000
Total Flops:           9886804400
Seconds elapsed:       0.429295
Performance in GFlop/s:     23.030324
Bandwidth utilization: 33.543363 GB/s
1027933848.000000
Validation OK.
tuned params: 3000 3000 2998 376 2 3 
Flops / stencil call:  11
Stencil computations:  898800400
Bytes transferred:     14400000000
Total Flops:           9886804400
Seconds elapsed:       0.430172
Performance in GFlop/s:     22.983377
Bandwidth utilization: 33.474985 GB/s
1030035004.000000
Validation OK.
