tuned params: 500 500 498 32 1 0 
Flops / stencil call:  11
Stencil computations:  148802400
Bytes transferred:     2400000000
Total Flops:           1636826400
Seconds elapsed:       0.035251
Performance in GFlop/s:     46.433289
Bandwidth utilization: 68.082903 GB/s
84408528.000000
Validation OK.
tuned params: 500 500 498 32 1 0 
Flops / stencil call:  11
Stencil computations:  148802400
Bytes transferred:     2400000000
Total Flops:           1636826400
Seconds elapsed:       0.034962
Performance in GFlop/s:     46.817381
Bandwidth utilization: 68.646079 GB/s
83713748.000000
Validation OK.
tuned params: 500 500 498 32 1 0 
Flops / stencil call:  11
Stencil computations:  148802400
Bytes transferred:     2400000000
Total Flops:           1636826400
Seconds elapsed:       0.034766
Performance in GFlop/s:     47.080973
Bandwidth utilization: 69.032572 GB/s
83246492.000000
Validation OK.
tuned params: 500 500 498 32 1 0 
Flops / stencil call:  11
Stencil computations:  148802400
Bytes transferred:     2400000000
Total Flops:           1636826400
Seconds elapsed:       0.034656
Performance in GFlop/s:     47.230613
Bandwidth utilization: 69.251982 GB/s
82982436.000000
Validation OK.
tuned params: 500 500 498 32 1 0 
Flops / stencil call:  11
Stencil computations:  148802400
Bytes transferred:     2400000000
Total Flops:           1636826400
Seconds elapsed:       0.034387
Performance in GFlop/s:     47.599997
Bandwidth utilization: 69.793591 GB/s
82337120.000000
Validation OK.
tuned params: 500 500 498 32 1 0 
Flops / stencil call:  11
Stencil computations:  148802400
Bytes transferred:     2400000000
Total Flops:           1636826400
Seconds elapsed:       0.034377
Performance in GFlop/s:     47.613862
Bandwidth utilization: 69.813921 GB/s
82314752.000000
Validation OK.
tuned params: 500 500 498 32 1 0 
Flops / stencil call:  11
Stencil computations:  148802400
Bytes transferred:     2400000000
Total Flops:           1636826400
Seconds elapsed:       0.035238
Performance in GFlop/s:     46.450882
Bandwidth utilization: 68.108700 GB/s
84375900.000000
Validation OK.
tuned params: 500 500 498 32 1 0 
Flops / stencil call:  11
Stencil computations:  148802400
Bytes transferred:     2400000000
Total Flops:           1636826400
Seconds elapsed:       0.034455
Performance in GFlop/s:     47.506124
Bandwidth utilization: 69.655950 GB/s
82501864.000000
Validation OK.
tuned params: 500 500 498 32 1 0 
Flops / stencil call:  11
Stencil computations:  148802400
Bytes transferred:     2400000000
Total Flops:           1636826400
Seconds elapsed:       0.034599
Performance in GFlop/s:     47.308399
Bandwidth utilization: 69.366035 GB/s
82846048.000000
Validation OK.
tuned params: 500 500 498 32 1 0 
Flops / stencil call:  11
Stencil computations:  148802400
Bytes transferred:     2400000000
Total Flops:           1636826400
Seconds elapsed:       0.035242
Performance in GFlop/s:     46.445226
Bandwidth utilization: 68.100406 GB/s
84383812.000000
Validation OK.
