tuned params: 3000 3000 749 252 2 1 
Flops / stencil call:  11
Stencil computations:  224700100
Bytes transferred:     3600000000
Total Flops:           2471701100
Seconds elapsed:       0.386678
Performance in GFlop/s:     6.392143
Bandwidth utilization: 9.310072 GB/s
925881044.000000
Validation OK.
tuned params: 3000 3000 749 252 2 1 
Flops / stencil call:  11
Stencil computations:  224700100
Bytes transferred:     3600000000
Total Flops:           2471701100
Seconds elapsed:       0.381863
Performance in GFlop/s:     6.472741
Bandwidth utilization: 9.427462 GB/s
914353624.000000
Validation OK.
tuned params: 3000 3000 749 252 2 1 
Flops / stencil call:  11
Stencil computations:  224700100
Bytes transferred:     3600000000
Total Flops:           2471701100
Seconds elapsed:       0.380868
Performance in GFlop/s:     6.489654
Bandwidth utilization: 9.452095 GB/s
911970768.000000
Validation OK.
tuned params: 3000 3000 749 252 2 1 
Flops / stencil call:  11
Stencil computations:  224700100
Bytes transferred:     3600000000
Total Flops:           2471701100
Seconds elapsed:       0.380512
Performance in GFlop/s:     6.495724
Bandwidth utilization: 9.460937 GB/s
911118768.000000
Validation OK.
tuned params: 3000 3000 749 252 2 1 
Flops / stencil call:  11
Stencil computations:  224700100
Bytes transferred:     3600000000
Total Flops:           2471701100
Seconds elapsed:       0.380550
Performance in GFlop/s:     6.495073
Bandwidth utilization: 9.459988 GB/s
911208364.000000
Validation OK.
