tuned params: 3000 3000 2998 256 1 0 
Flops / stencil call:  11
Stencil computations:  5392802400
Bytes transferred:     86400000000
Total Flops:           59320826400
Seconds elapsed:       1.410921
Performance in GFlop/s:     42.044042
Bandwidth utilization: 61.236592 GB/s
3378402652.000000
Validation OK.
tuned params: 3000 3000 2998 256 1 0 
Flops / stencil call:  11
Stencil computations:  5392802400
Bytes transferred:     86400000000
Total Flops:           59320826400
Seconds elapsed:       1.388900
Performance in GFlop/s:     42.710652
Bandwidth utilization: 62.207500 GB/s
3325675156.000000
Validation OK.
tuned params: 3000 3000 2998 256 1 0 
Flops / stencil call:  11
Stencil computations:  5392802400
Bytes transferred:     86400000000
Total Flops:           59320826400
Seconds elapsed:       1.408376
Performance in GFlop/s:     42.120021
Bandwidth utilization: 61.347255 GB/s
3372307600.000000
Validation OK.
tuned params: 3000 3000 2998 256 1 0 
Flops / stencil call:  11
Stencil computations:  5392802400
Bytes transferred:     86400000000
Total Flops:           59320826400
Seconds elapsed:       1.386318
Performance in GFlop/s:     42.790202
Bandwidth utilization: 62.323364 GB/s
3319490064.000000
Validation OK.
tuned params: 3000 3000 2998 256 1 0 
Flops / stencil call:  11
Stencil computations:  5392802400
Bytes transferred:     86400000000
Total Flops:           59320826400
Seconds elapsed:       1.430330
Performance in GFlop/s:     41.473523
Bandwidth utilization: 60.405639 GB/s
3424874660.000000
Validation OK.
tuned params: 3000 3000 2998 256 1 0 
Flops / stencil call:  11
Stencil computations:  5392802400
Bytes transferred:     86400000000
Total Flops:           59320826400
Seconds elapsed:       1.438463
Performance in GFlop/s:     41.239029
Bandwidth utilization: 60.064101 GB/s
3444352124.000000
Validation OK.
tuned params: 3000 3000 2998 256 1 0 
Flops / stencil call:  11
Stencil computations:  5392802400
Bytes transferred:     86400000000
Total Flops:           59320826400
Seconds elapsed:       1.459446
Performance in GFlop/s:     40.646121
Bandwidth utilization: 59.200538 GB/s
3494593880.000000
Validation OK.
tuned params: 3000 3000 2998 256 1 0 
Flops / stencil call:  11
Stencil computations:  5392802400
Bytes transferred:     86400000000
Total Flops:           59320826400
Seconds elapsed:       1.390173
Performance in GFlop/s:     42.671544
Bandwidth utilization: 62.150540 GB/s
3328721732.000000
Validation OK.
tuned params: 3000 3000 2998 256 1 0 
Flops / stencil call:  11
Stencil computations:  5392802400
Bytes transferred:     86400000000
Total Flops:           59320826400
Seconds elapsed:       1.442582
Performance in GFlop/s:     41.121282
Bandwidth utilization: 59.892604 GB/s
3454212916.000000
Validation OK.
tuned params: 3000 3000 2998 256 1 0 
Flops / stencil call:  11
Stencil computations:  5392802400
Bytes transferred:     86400000000
Total Flops:           59320826400
Seconds elapsed:       1.408783
Performance in GFlop/s:     42.107853
Bandwidth utilization: 61.329532 GB/s
3373284788.000000
Validation OK.
