tuned params: 3000 3000 2998 76 4 3 
Flops / stencil call:  11
Stencil computations:  5392802400
Bytes transferred:     86400000000
Total Flops:           59320826400
Seconds elapsed:       1.628282
Performance in GFlop/s:     36.431547
Bandwidth utilization: 53.062067 GB/s
3898861568.000000
Validation OK.
tuned params: 3000 3000 2998 76 4 3 
Flops / stencil call:  11
Stencil computations:  5392802400
Bytes transferred:     86400000000
Total Flops:           59320826400
Seconds elapsed:       1.539509
Performance in GFlop/s:     38.532301
Bandwidth utilization: 56.121787 GB/s
3686299016.000000
Validation OK.
tuned params: 3000 3000 2998 76 4 3 
Flops / stencil call:  11
Stencil computations:  5392802400
Bytes transferred:     86400000000
Total Flops:           59320826400
Seconds elapsed:       1.650622
Performance in GFlop/s:     35.938471
Bandwidth utilization: 52.343908 GB/s
3952357784.000000
Validation OK.
tuned params: 3000 3000 2998 76 4 3 
Flops / stencil call:  11
Stencil computations:  5392802400
Bytes transferred:     86400000000
Total Flops:           59320826400
Seconds elapsed:       1.604167
Performance in GFlop/s:     36.979209
Bandwidth utilization: 53.859730 GB/s
3841124656.000000
Validation OK.
tuned params: 3000 3000 2998 76 4 3 
Flops / stencil call:  11
Stencil computations:  5392802400
Bytes transferred:     86400000000
Total Flops:           59320826400
Seconds elapsed:       1.633934
Performance in GFlop/s:     36.305521
Bandwidth utilization: 52.878512 GB/s
3912398920.000000
Validation OK.
tuned params: 3000 3000 2998 76 4 3 
Flops / stencil call:  11
Stencil computations:  5392802400
Bytes transferred:     86400000000
Total Flops:           59320826400
Seconds elapsed:       1.599982
Performance in GFlop/s:     37.075933
Bandwidth utilization: 54.000607 GB/s
3831103384.000000
Validation OK.
tuned params: 3000 3000 2998 76 4 3 
Flops / stencil call:  11
Stencil computations:  5392802400
Bytes transferred:     86400000000
Total Flops:           59320826400
Seconds elapsed:       1.622059
Performance in GFlop/s:     36.571310
Bandwidth utilization: 53.265630 GB/s
3883966248.000000
Validation OK.
tuned params: 3000 3000 2998 76 4 3 
Flops / stencil call:  11
Stencil computations:  5392802400
Bytes transferred:     86400000000
Total Flops:           59320826400
Seconds elapsed:       1.588175
Performance in GFlop/s:     37.351567
Bandwidth utilization: 54.402063 GB/s
3802829996.000000
Validation OK.
tuned params: 3000 3000 2998 76 4 3 
Flops / stencil call:  11
Stencil computations:  5392802400
Bytes transferred:     86400000000
Total Flops:           59320826400
Seconds elapsed:       1.622854
Performance in GFlop/s:     36.553397
Bandwidth utilization: 53.239540 GB/s
3885868732.000000
Validation OK.
tuned params: 3000 3000 2998 76 4 3 
Flops / stencil call:  11
Stencil computations:  5392802400
Bytes transferred:     86400000000
Total Flops:           59320826400
Seconds elapsed:       1.586546
Performance in GFlop/s:     37.389915
Bandwidth utilization: 54.457917 GB/s
3798930552.000000
Validation OK.
