tuned params: 500 500 498 252 1 1 
Flops / stencil call:  11
Stencil computations:  6200100
Bytes transferred:     100000000
Total Flops:           68201100
Seconds elapsed:       0.004348
Performance in GFlop/s:     15.685483
Bandwidth utilization: 22.998870 GB/s
10410028.000000
Validation OK.
tuned params: 500 500 498 252 1 1 
Flops / stencil call:  11
Stencil computations:  6200100
Bytes transferred:     100000000
Total Flops:           68201100
Seconds elapsed:       0.004400
Performance in GFlop/s:     15.500198
Bandwidth utilization: 22.727196 GB/s
10535568.000000
Validation OK.
tuned params: 500 500 498 252 1 1 
Flops / stencil call:  11
Stencil computations:  6200100
Bytes transferred:     100000000
Total Flops:           68201100
Seconds elapsed:       0.004314
Performance in GFlop/s:     15.809448
Bandwidth utilization: 23.180634 GB/s
10331116.000000
Validation OK.
tuned params: 500 500 498 252 1 1 
Flops / stencil call:  11
Stencil computations:  6200100
Bytes transferred:     100000000
Total Flops:           68201100
Seconds elapsed:       0.004342
Performance in GFlop/s:     15.707014
Bandwidth utilization: 23.030441 GB/s
10395912.000000
Validation OK.
tuned params: 500 500 498 252 1 1 
Flops / stencil call:  11
Stencil computations:  6200100
Bytes transferred:     100000000
Total Flops:           68201100
Seconds elapsed:       0.004308
Performance in GFlop/s:     15.831321
Bandwidth utilization: 23.212707 GB/s
10314180.000000
Validation OK.
