tuned params: 3000 3000 2998 376 2 3 
Flops / stencil call:  11
Stencil computations:  5392802400
Bytes transferred:     86400000000
Total Flops:           59320826400
Seconds elapsed:       2.611359
Performance in GFlop/s:     22.716459
Bandwidth utilization: 33.086222 GB/s
6252811036.000000
Validation OK.
tuned params: 3000 3000 2998 376 2 3 
Flops / stencil call:  11
Stencil computations:  5392802400
Bytes transferred:     86400000000
Total Flops:           59320826400
Seconds elapsed:       2.606284
Performance in GFlop/s:     22.760692
Bandwidth utilization: 33.150648 GB/s
6240658024.000000
Validation OK.
tuned params: 3000 3000 2998 376 2 3 
Flops / stencil call:  11
Stencil computations:  5392802400
Bytes transferred:     86400000000
Total Flops:           59320826400
Seconds elapsed:       2.561806
Performance in GFlop/s:     23.155862
Bandwidth utilization: 33.726208 GB/s
6134156216.000000
Validation OK.
tuned params: 3000 3000 2998 376 2 3 
Flops / stencil call:  11
Stencil computations:  5392802400
Bytes transferred:     86400000000
Total Flops:           59320826400
Seconds elapsed:       2.590344
Performance in GFlop/s:     22.900753
Bandwidth utilization: 33.354644 GB/s
6202489264.000000
Validation OK.
tuned params: 3000 3000 2998 376 2 3 
Flops / stencil call:  11
Stencil computations:  5392802400
Bytes transferred:     86400000000
Total Flops:           59320826400
Seconds elapsed:       2.606313
Performance in GFlop/s:     22.760438
Bandwidth utilization: 33.150278 GB/s
6240727528.000000
Validation OK.
tuned params: 3000 3000 2998 376 2 3 
Flops / stencil call:  11
Stencil computations:  5392802400
Bytes transferred:     86400000000
Total Flops:           59320826400
Seconds elapsed:       2.578578
Performance in GFlop/s:     23.005248
Bandwidth utilization: 33.506840 GB/s
6174316488.000000
Validation OK.
tuned params: 3000 3000 2998 376 2 3 
Flops / stencil call:  11
Stencil computations:  5392802400
Bytes transferred:     86400000000
Total Flops:           59320826400
Seconds elapsed:       2.580453
Performance in GFlop/s:     22.988533
Bandwidth utilization: 33.482494 GB/s
6178804624.000000
Validation OK.
tuned params: 3000 3000 2998 376 2 3 
Flops / stencil call:  11
Stencil computations:  5392802400
Bytes transferred:     86400000000
Total Flops:           59320826400
Seconds elapsed:       2.596590
Performance in GFlop/s:     22.845665
Bandwidth utilization: 33.274409 GB/s
6217445132.000000
Validation OK.
tuned params: 3000 3000 2998 376 2 3 
Flops / stencil call:  11
Stencil computations:  5392802400
Bytes transferred:     86400000000
Total Flops:           59320826400
Seconds elapsed:       2.604487
Performance in GFlop/s:     22.776396
Bandwidth utilization: 33.173520 GB/s
6236354040.000000
Validation OK.
tuned params: 3000 3000 2998 376 2 3 
Flops / stencil call:  11
Stencil computations:  5392802400
Bytes transferred:     86400000000
Total Flops:           59320826400
Seconds elapsed:       2.594833
Performance in GFlop/s:     22.861133
Bandwidth utilization: 33.296939 GB/s
6213238892.000000
Validation OK.
