tuned params: 3000 3000 2998 188 2 0 
Flops / stencil call:  11
Stencil computations:  5392802400
Bytes transferred:     86400000000
Total Flops:           59320826400
Seconds elapsed:       1.560889
Performance in GFlop/s:     38.004513
Bandwidth utilization: 55.353071 GB/s
3737496444.000000
Validation OK.
tuned params: 3000 3000 2998 188 2 0 
Flops / stencil call:  11
Stencil computations:  5392802400
Bytes transferred:     86400000000
Total Flops:           59320826400
Seconds elapsed:       1.566913
Performance in GFlop/s:     37.858402
Bandwidth utilization: 55.140262 GB/s
3751921948.000000
Validation OK.
tuned params: 3000 3000 2998 188 2 0 
Flops / stencil call:  11
Stencil computations:  5392802400
Bytes transferred:     86400000000
Total Flops:           59320826400
Seconds elapsed:       1.582087
Performance in GFlop/s:     37.495299
Bandwidth utilization: 54.611407 GB/s
3788253348.000000
Validation OK.
tuned params: 3000 3000 2998 188 2 0 
Flops / stencil call:  11
Stencil computations:  5392802400
Bytes transferred:     86400000000
Total Flops:           59320826400
Seconds elapsed:       1.571965
Performance in GFlop/s:     37.736735
Bandwidth utilization: 54.963057 GB/s
3764016256.000000
Validation OK.
tuned params: 3000 3000 2998 188 2 0 
Flops / stencil call:  11
Stencil computations:  5392802400
Bytes transferred:     86400000000
Total Flops:           59320826400
Seconds elapsed:       1.531448
Performance in GFlop/s:     38.735120
Bandwidth utilization: 56.417190 GB/s
3667001128.000000
Validation OK.
tuned params: 3000 3000 2998 188 2 0 
Flops / stencil call:  11
Stencil computations:  5392802400
Bytes transferred:     86400000000
Total Flops:           59320826400
Seconds elapsed:       1.580672
Performance in GFlop/s:     37.528870
Bandwidth utilization: 54.660304 GB/s
3784866692.000000
Validation OK.
tuned params: 3000 3000 2998 188 2 0 
Flops / stencil call:  11
Stencil computations:  5392802400
Bytes transferred:     86400000000
Total Flops:           59320826400
Seconds elapsed:       1.554928
Performance in GFlop/s:     38.150206
Bandwidth utilization: 55.565271 GB/s
3723223652.000000
Validation OK.
tuned params: 3000 3000 2998 188 2 0 
Flops / stencil call:  11
Stencil computations:  5392802400
Bytes transferred:     86400000000
Total Flops:           59320826400
Seconds elapsed:       1.596468
Performance in GFlop/s:     37.157542
Bandwidth utilization: 54.119470 GB/s
3822689528.000000
Validation OK.
tuned params: 3000 3000 2998 188 2 0 
Flops / stencil call:  11
Stencil computations:  5392802400
Bytes transferred:     86400000000
Total Flops:           59320826400
Seconds elapsed:       1.618165
Performance in GFlop/s:     36.659318
Bandwidth utilization: 53.393813 GB/s
3874639708.000000
Validation OK.
tuned params: 3000 3000 2998 188 2 0 
Flops / stencil call:  11
Stencil computations:  5392802400
Bytes transferred:     86400000000
Total Flops:           59320826400
Seconds elapsed:       1.549004
Performance in GFlop/s:     38.296113
Bandwidth utilization: 55.777783 GB/s
3709038624.000000
Validation OK.
