tuned params: 3000 3000 749 304 2 1 
Flops / stencil call:  11
Stencil computations:  8988004000
Bytes transferred:     144000000000
Total Flops:           98868044000
Seconds elapsed:       15.376405
Performance in GFlop/s:     6.429854
Bandwidth utilization: 9.364998 GB/s
36818300712.000000
Validation OK.
tuned params: 3000 3000 749 304 2 1 
Flops / stencil call:  11
Stencil computations:  8988004000
Bytes transferred:     144000000000
Total Flops:           98868044000
Seconds elapsed:       15.426146
Performance in GFlop/s:     6.409121
Bandwidth utilization: 9.334801 GB/s
36937405992.000000
Validation OK.
tuned params: 3000 3000 749 304 2 1 
Flops / stencil call:  11
Stencil computations:  8988004000
Bytes transferred:     144000000000
Total Flops:           98868044000
Seconds elapsed:       15.390719
Performance in GFlop/s:     6.423874
Bandwidth utilization: 9.356288 GB/s
36852575612.000000
Validation OK.
tuned params: 3000 3000 749 304 2 1 
Flops / stencil call:  11
Stencil computations:  8988004000
Bytes transferred:     144000000000
Total Flops:           98868044000
Seconds elapsed:       15.281287
Performance in GFlop/s:     6.469877
Bandwidth utilization: 9.423290 GB/s
36590543920.000000
Validation OK.
tuned params: 3000 3000 749 304 2 1 
Flops / stencil call:  11
Stencil computations:  8988004000
Bytes transferred:     144000000000
Total Flops:           98868044000
Seconds elapsed:       15.347052
Performance in GFlop/s:     6.442152
Bandwidth utilization: 9.382910 GB/s
36748015248.000000
Validation OK.
tuned params: 3000 3000 749 304 2 1 
Flops / stencil call:  11
Stencil computations:  8988004000
Bytes transferred:     144000000000
Total Flops:           98868044000
Seconds elapsed:       15.289720
Performance in GFlop/s:     6.466308
Bandwidth utilization: 9.418093 GB/s
36610737784.000000
Validation OK.
tuned params: 3000 3000 749 304 2 1 
Flops / stencil call:  11
Stencil computations:  8988004000
Bytes transferred:     144000000000
Total Flops:           98868044000
Seconds elapsed:       15.258890
Performance in GFlop/s:     6.479373
Bandwidth utilization: 9.437122 GB/s
36536914648.000000
Validation OK.
tuned params: 3000 3000 749 304 2 1 
Flops / stencil call:  11
Stencil computations:  8988004000
Bytes transferred:     144000000000
Total Flops:           98868044000
Seconds elapsed:       15.276990
Performance in GFlop/s:     6.471697
Bandwidth utilization: 9.425940 GB/s
36580255964.000000
Validation OK.
tuned params: 3000 3000 749 304 2 1 
Flops / stencil call:  11
Stencil computations:  8988004000
Bytes transferred:     144000000000
Total Flops:           98868044000
Seconds elapsed:       15.204782
Performance in GFlop/s:     6.502431
Bandwidth utilization: 9.470705 GB/s
36407353492.000000
Validation OK.
tuned params: 3000 3000 749 304 2 1 
Flops / stencil call:  11
Stencil computations:  8988004000
Bytes transferred:     144000000000
Total Flops:           98868044000
Seconds elapsed:       15.264342
Performance in GFlop/s:     6.477059
Bandwidth utilization: 9.433751 GB/s
36549969372.000000
Validation OK.
