tuned params: 3000 3000 2998 300 1 0 
Flops / stencil call:  11
Stencil computations:  5392802400
Bytes transferred:     86400000000
Total Flops:           59320826400
Seconds elapsed:       1.425884
Performance in GFlop/s:     41.602842
Bandwidth utilization: 60.593989 GB/s
3414231308.000000
Validation OK.
tuned params: 3000 3000 2998 300 1 0 
Flops / stencil call:  11
Stencil computations:  5392802400
Bytes transferred:     86400000000
Total Flops:           59320826400
Seconds elapsed:       1.470240
Performance in GFlop/s:     40.347713
Bandwidth utilization: 58.765911 GB/s
3520440376.000000
Validation OK.
tuned params: 3000 3000 2998 300 1 0 
Flops / stencil call:  11
Stencil computations:  5392802400
Bytes transferred:     86400000000
Total Flops:           59320826400
Seconds elapsed:       1.510784
Performance in GFlop/s:     39.264931
Bandwidth utilization: 57.188854 GB/s
3617521652.000000
Validation OK.
tuned params: 3000 3000 2998 300 1 0 
Flops / stencil call:  11
Stencil computations:  5392802400
Bytes transferred:     86400000000
Total Flops:           59320826400
Seconds elapsed:       1.551534
Performance in GFlop/s:     38.233658
Bandwidth utilization: 55.686817 GB/s
3715098028.000000
Validation OK.
tuned params: 3000 3000 2998 300 1 0 
Flops / stencil call:  11
Stencil computations:  5392802400
Bytes transferred:     86400000000
Total Flops:           59320826400
Seconds elapsed:       1.441460
Performance in GFlop/s:     41.153296
Bandwidth utilization: 59.939233 GB/s
3451525304.000000
Validation OK.
tuned params: 3000 3000 2998 300 1 0 
Flops / stencil call:  11
Stencil computations:  5392802400
Bytes transferred:     86400000000
Total Flops:           59320826400
Seconds elapsed:       1.428234
Performance in GFlop/s:     41.534386
Bandwidth utilization: 60.494285 GB/s
3419858536.000000
Validation OK.
tuned params: 3000 3000 2998 300 1 0 
Flops / stencil call:  11
Stencil computations:  5392802400
Bytes transferred:     86400000000
Total Flops:           59320826400
Seconds elapsed:       1.514586
Performance in GFlop/s:     39.166365
Bandwidth utilization: 57.045293 GB/s
3626623608.000000
Validation OK.
tuned params: 3000 3000 2998 300 1 0 
Flops / stencil call:  11
Stencil computations:  5392802400
Bytes transferred:     86400000000
Total Flops:           59320826400
Seconds elapsed:       1.460220
Performance in GFlop/s:     40.624579
Bandwidth utilization: 59.169162 GB/s
3496447860.000000
Validation OK.
tuned params: 3000 3000 2998 300 1 0 
Flops / stencil call:  11
Stencil computations:  5392802400
Bytes transferred:     86400000000
Total Flops:           59320826400
Seconds elapsed:       1.435131
Performance in GFlop/s:     41.334786
Bandwidth utilization: 60.203570 GB/s
3436372252.000000
Validation OK.
tuned params: 3000 3000 2998 300 1 0 
Flops / stencil call:  11
Stencil computations:  5392802400
Bytes transferred:     86400000000
Total Flops:           59320826400
Seconds elapsed:       1.477189
Performance in GFlop/s:     40.157911
Bandwidth utilization: 58.489466 GB/s
3537043492.000000
Validation OK.
