tuned params: 3000 3000 2998 376 4 1 
Flops / stencil call:  11
Stencil computations:  5392802400
Bytes transferred:     86400000000
Total Flops:           59320826400
Seconds elapsed:       4.713362
Performance in GFlop/s:     12.585672
Bandwidth utilization: 18.330865 GB/s
11285987616.000000
Validation OK.
tuned params: 3000 3000 2998 376 4 1 
Flops / stencil call:  11
Stencil computations:  5392802400
Bytes transferred:     86400000000
Total Flops:           59320826400
Seconds elapsed:       4.704355
Performance in GFlop/s:     12.609768
Bandwidth utilization: 18.365961 GB/s
11264419584.000000
Validation OK.
tuned params: 3000 3000 2998 376 4 1 
Flops / stencil call:  11
Stencil computations:  5392802400
Bytes transferred:     86400000000
Total Flops:           59320826400
Seconds elapsed:       4.693457
Performance in GFlop/s:     12.639048
Bandwidth utilization: 18.408606 GB/s
11238325488.000000
Validation OK.
tuned params: 3000 3000 2998 376 4 1 
Flops / stencil call:  11
Stencil computations:  5392802400
Bytes transferred:     86400000000
Total Flops:           59320826400
Seconds elapsed:       4.706209
Performance in GFlop/s:     12.604801
Bandwidth utilization: 18.358726 GB/s
11268859640.000000
Validation OK.
tuned params: 3000 3000 2998 376 4 1 
Flops / stencil call:  11
Stencil computations:  5392802400
Bytes transferred:     86400000000
Total Flops:           59320826400
Seconds elapsed:       4.692742
Performance in GFlop/s:     12.640973
Bandwidth utilization: 18.411410 GB/s
11236615436.000000
Validation OK.
tuned params: 3000 3000 2998 376 4 1 
Flops / stencil call:  11
Stencil computations:  5392802400
Bytes transferred:     86400000000
Total Flops:           59320826400
Seconds elapsed:       4.696036
Performance in GFlop/s:     12.632106
Bandwidth utilization: 18.398496 GB/s
11244501640.000000
Validation OK.
tuned params: 3000 3000 2998 376 4 1 
Flops / stencil call:  11
Stencil computations:  5392802400
Bytes transferred:     86400000000
Total Flops:           59320826400
Seconds elapsed:       4.688854
Performance in GFlop/s:     12.651455
Bandwidth utilization: 18.426677 GB/s
11227305044.000000
Validation OK.
tuned params: 3000 3000 2998 376 4 1 
Flops / stencil call:  11
Stencil computations:  5392802400
Bytes transferred:     86400000000
Total Flops:           59320826400
Seconds elapsed:       4.692802
Performance in GFlop/s:     12.640812
Bandwidth utilization: 18.411175 GB/s
11236759688.000000
Validation OK.
tuned params: 3000 3000 2998 376 4 1 
Flops / stencil call:  11
Stencil computations:  5392802400
Bytes transferred:     86400000000
Total Flops:           59320826400
Seconds elapsed:       4.723055
Performance in GFlop/s:     12.559842
Bandwidth utilization: 18.293244 GB/s
11309195856.000000
Validation OK.
tuned params: 3000 3000 2998 376 4 1 
Flops / stencil call:  11
Stencil computations:  5392802400
Bytes transferred:     86400000000
Total Flops:           59320826400
Seconds elapsed:       4.691641
Performance in GFlop/s:     12.643940
Bandwidth utilization: 18.415731 GB/s
11233979780.000000
Validation OK.
