tuned params: 3000 3000 2998 76 4 3 
Flops / stencil call:  11
Stencil computations:  5392802400
Bytes transferred:     86400000000
Total Flops:           59320826400
Seconds elapsed:       1.634860
Performance in GFlop/s:     36.284962
Bandwidth utilization: 52.848568 GB/s
3914617792.000000
Validation OK.
tuned params: 3000 3000 2998 76 4 3 
Flops / stencil call:  11
Stencil computations:  5392802400
Bytes transferred:     86400000000
Total Flops:           59320826400
Seconds elapsed:       1.558573
Performance in GFlop/s:     38.060987
Bandwidth utilization: 55.435324 GB/s
3731950568.000000
Validation OK.
tuned params: 3000 3000 2998 76 4 3 
Flops / stencil call:  11
Stencil computations:  5392802400
Bytes transferred:     86400000000
Total Flops:           59320826400
Seconds elapsed:       1.607175
Performance in GFlop/s:     36.910001
Bandwidth utilization: 53.758929 GB/s
3848328088.000000
Validation OK.
tuned params: 3000 3000 2998 76 4 3 
Flops / stencil call:  11
Stencil computations:  5392802400
Bytes transferred:     86400000000
Total Flops:           59320826400
Seconds elapsed:       1.734365
Performance in GFlop/s:     34.203196
Bandwidth utilization: 49.816504 GB/s
4152876056.000000
Validation OK.
tuned params: 3000 3000 2998 76 4 3 
Flops / stencil call:  11
Stencil computations:  5392802400
Bytes transferred:     86400000000
Total Flops:           59320826400
Seconds elapsed:       1.573693
Performance in GFlop/s:     37.695297
Bandwidth utilization: 54.902702 GB/s
3768155428.000000
Validation OK.
tuned params: 3000 3000 2998 76 4 3 
Flops / stencil call:  11
Stencil computations:  5392802400
Bytes transferred:     86400000000
Total Flops:           59320826400
Seconds elapsed:       1.686485
Performance in GFlop/s:     35.174243
Bandwidth utilization: 51.230820 GB/s
4038230476.000000
Validation OK.
tuned params: 3000 3000 2998 76 4 3 
Flops / stencil call:  11
Stencil computations:  5392802400
Bytes transferred:     86400000000
Total Flops:           59320826400
Seconds elapsed:       1.653256
Performance in GFlop/s:     35.881212
Bandwidth utilization: 52.260511 GB/s
3958663992.000000
Validation OK.
tuned params: 3000 3000 2998 76 4 3 
Flops / stencil call:  11
Stencil computations:  5392802400
Bytes transferred:     86400000000
Total Flops:           59320826400
Seconds elapsed:       1.621322
Performance in GFlop/s:     36.587938
Bandwidth utilization: 53.289849 GB/s
3882200560.000000
Validation OK.
tuned params: 3000 3000 2998 76 4 3 
Flops / stencil call:  11
Stencil computations:  5392802400
Bytes transferred:     86400000000
Total Flops:           59320826400
Seconds elapsed:       1.665673
Performance in GFlop/s:     35.613728
Bandwidth utilization: 51.870925 GB/s
3988397008.000000
Validation OK.
tuned params: 3000 3000 2998 76 4 3 
Flops / stencil call:  11
Stencil computations:  5392802400
Bytes transferred:     86400000000
Total Flops:           59320826400
Seconds elapsed:       1.596916
Performance in GFlop/s:     37.147118
Bandwidth utilization: 54.104287 GB/s
3823761264.000000
Validation OK.
