tuned params: 3000 3000 2998 252 2 3 
Flops / stencil call:  11
Stencil computations:  5392802400
Bytes transferred:     86400000000
Total Flops:           59320826400
Seconds elapsed:       1.878376
Performance in GFlop/s:     31.580911
Bandwidth utilization: 45.997180 GB/s
4497705300.000000
Validation OK.
tuned params: 3000 3000 2998 252 2 3 
Flops / stencil call:  11
Stencil computations:  5392802400
Bytes transferred:     86400000000
Total Flops:           59320826400
Seconds elapsed:       1.897810
Performance in GFlop/s:     31.257516
Bandwidth utilization: 45.526160 GB/s
4544239748.000000
Validation OK.
tuned params: 3000 3000 2998 252 2 3 
Flops / stencil call:  11
Stencil computations:  5392802400
Bytes transferred:     86400000000
Total Flops:           59320826400
Seconds elapsed:       1.873088
Performance in GFlop/s:     31.670071
Bandwidth utilization: 46.127040 GB/s
4485042468.000000
Validation OK.
tuned params: 3000 3000 2998 252 2 3 
Flops / stencil call:  11
Stencil computations:  5392802400
Bytes transferred:     86400000000
Total Flops:           59320826400
Seconds elapsed:       1.862367
Performance in GFlop/s:     31.852384
Bandwidth utilization: 46.392577 GB/s
4459371996.000000
Validation OK.
tuned params: 3000 3000 2998 252 2 3 
Flops / stencil call:  11
Stencil computations:  5392802400
Bytes transferred:     86400000000
Total Flops:           59320826400
Seconds elapsed:       1.831201
Performance in GFlop/s:     32.394491
Bandwidth utilization: 47.182148 GB/s
4384748036.000000
Validation OK.
tuned params: 3000 3000 2998 252 2 3 
Flops / stencil call:  11
Stencil computations:  5392802400
Bytes transferred:     86400000000
Total Flops:           59320826400
Seconds elapsed:       1.869113
Performance in GFlop/s:     31.737422
Bandwidth utilization: 46.225135 GB/s
4475526752.000000
Validation OK.
tuned params: 3000 3000 2998 252 2 3 
Flops / stencil call:  11
Stencil computations:  5392802400
Bytes transferred:     86400000000
Total Flops:           59320826400
Seconds elapsed:       1.857797
Performance in GFlop/s:     31.930738
Bandwidth utilization: 46.506698 GB/s
4448430428.000000
Validation OK.
tuned params: 3000 3000 2998 252 2 3 
Flops / stencil call:  11
Stencil computations:  5392802400
Bytes transferred:     86400000000
Total Flops:           59320826400
Seconds elapsed:       1.866393
Performance in GFlop/s:     31.783672
Bandwidth utilization: 46.292499 GB/s
4469013340.000000
Validation OK.
tuned params: 3000 3000 2998 252 2 3 
Flops / stencil call:  11
Stencil computations:  5392802400
Bytes transferred:     86400000000
Total Flops:           59320826400
Seconds elapsed:       1.852904
Performance in GFlop/s:     32.015059
Bandwidth utilization: 46.629511 GB/s
4436713920.000000
Validation OK.
tuned params: 3000 3000 2998 252 2 3 
Flops / stencil call:  11
Stencil computations:  5392802400
Bytes transferred:     86400000000
Total Flops:           59320826400
Seconds elapsed:       1.870396
Performance in GFlop/s:     31.715653
Bandwidth utilization: 46.193429 GB/s
4478596816.000000
Validation OK.
