tuned params: 3000 3000 2998 376 4 1 
Flops / stencil call:  11
Stencil computations:  5392802400
Bytes transferred:     86400000000
Total Flops:           59320826400
Seconds elapsed:       4.674861
Performance in GFlop/s:     12.689324
Bandwidth utilization: 18.481833 GB/s
11193800484.000000
Validation OK.
tuned params: 3000 3000 2998 376 4 1 
Flops / stencil call:  11
Stencil computations:  5392802400
Bytes transferred:     86400000000
Total Flops:           59320826400
Seconds elapsed:       4.704050
Performance in GFlop/s:     12.610586
Bandwidth utilization: 18.367151 GB/s
11263690396.000000
Validation OK.
tuned params: 3000 3000 2998 376 4 1 
Flops / stencil call:  11
Stencil computations:  5392802400
Bytes transferred:     86400000000
Total Flops:           59320826400
Seconds elapsed:       4.685379
Performance in GFlop/s:     12.660838
Bandwidth utilization: 18.440344 GB/s
11218986336.000000
Validation OK.
tuned params: 3000 3000 2998 376 4 1 
Flops / stencil call:  11
Stencil computations:  5392802400
Bytes transferred:     86400000000
Total Flops:           59320826400
Seconds elapsed:       4.707854
Performance in GFlop/s:     12.600396
Bandwidth utilization: 18.352311 GB/s
11272798992.000000
Validation OK.
tuned params: 3000 3000 2998 376 4 1 
Flops / stencil call:  11
Stencil computations:  5392802400
Bytes transferred:     86400000000
Total Flops:           59320826400
Seconds elapsed:       4.670411
Performance in GFlop/s:     12.701414
Bandwidth utilization: 18.499442 GB/s
11183143728.000000
Validation OK.
tuned params: 3000 3000 2998 376 4 1 
Flops / stencil call:  11
Stencil computations:  5392802400
Bytes transferred:     86400000000
Total Flops:           59320826400
Seconds elapsed:       4.674071
Performance in GFlop/s:     12.691469
Bandwidth utilization: 18.484956 GB/s
11191907032.000000
Validation OK.
tuned params: 3000 3000 2998 376 4 1 
Flops / stencil call:  11
Stencil computations:  5392802400
Bytes transferred:     86400000000
Total Flops:           59320826400
Seconds elapsed:       4.662246
Performance in GFlop/s:     12.723658
Bandwidth utilization: 18.531840 GB/s
11163593244.000000
Validation OK.
tuned params: 3000 3000 2998 376 4 1 
Flops / stencil call:  11
Stencil computations:  5392802400
Bytes transferred:     86400000000
Total Flops:           59320826400
Seconds elapsed:       4.661612
Performance in GFlop/s:     12.725389
Bandwidth utilization: 18.534361 GB/s
11162072840.000000
Validation OK.
tuned params: 3000 3000 2998 376 4 1 
Flops / stencil call:  11
Stencil computations:  5392802400
Bytes transferred:     86400000000
Total Flops:           59320826400
Seconds elapsed:       4.683254
Performance in GFlop/s:     12.666583
Bandwidth utilization: 18.448711 GB/s
11213897956.000000
Validation OK.
tuned params: 3000 3000 2998 376 4 1 
Flops / stencil call:  11
Stencil computations:  5392802400
Bytes transferred:     86400000000
Total Flops:           59320826400
Seconds elapsed:       4.712838
Performance in GFlop/s:     12.587071
Bandwidth utilization: 18.332902 GB/s
11284734364.000000
Validation OK.
