tuned params: 3000 3000 2998 188 2 0 
Flops / stencil call:  11
Stencil computations:  5392802400
Bytes transferred:     86400000000
Total Flops:           59320826400
Seconds elapsed:       1.587288
Performance in GFlop/s:     37.372437
Bandwidth utilization: 54.432461 GB/s
3800708308.000000
Validation OK.
tuned params: 3000 3000 2998 188 2 0 
Flops / stencil call:  11
Stencil computations:  5392802400
Bytes transferred:     86400000000
Total Flops:           59320826400
Seconds elapsed:       1.596315
Performance in GFlop/s:     37.161100
Bandwidth utilization: 54.124651 GB/s
3822325488.000000
Validation OK.
tuned params: 3000 3000 2998 188 2 0 
Flops / stencil call:  11
Stencil computations:  5392802400
Bytes transferred:     86400000000
Total Flops:           59320826400
Seconds elapsed:       1.563189
Performance in GFlop/s:     37.948594
Bandwidth utilization: 55.271626 GB/s
3743005880.000000
Validation OK.
tuned params: 3000 3000 2998 188 2 0 
Flops / stencil call:  11
Stencil computations:  5392802400
Bytes transferred:     86400000000
Total Flops:           59320826400
Seconds elapsed:       1.565819
Performance in GFlop/s:     37.884855
Bandwidth utilization: 55.178791 GB/s
3749302600.000000
Validation OK.
tuned params: 3000 3000 2998 188 2 0 
Flops / stencil call:  11
Stencil computations:  5392802400
Bytes transferred:     86400000000
Total Flops:           59320826400
Seconds elapsed:       1.551788
Performance in GFlop/s:     38.227407
Bandwidth utilization: 55.677714 GB/s
3715707248.000000
Validation OK.
tuned params: 3000 3000 2998 188 2 0 
Flops / stencil call:  11
Stencil computations:  5392802400
Bytes transferred:     86400000000
Total Flops:           59320826400
Seconds elapsed:       1.555350
Performance in GFlop/s:     38.139861
Bandwidth utilization: 55.550204 GB/s
3724234896.000000
Validation OK.
tuned params: 3000 3000 2998 188 2 0 
Flops / stencil call:  11
Stencil computations:  5392802400
Bytes transferred:     86400000000
Total Flops:           59320826400
Seconds elapsed:       1.555219
Performance in GFlop/s:     38.143071
Bandwidth utilization: 55.554879 GB/s
3723921652.000000
Validation OK.
tuned params: 3000 3000 2998 188 2 0 
Flops / stencil call:  11
Stencil computations:  5392802400
Bytes transferred:     86400000000
Total Flops:           59320826400
Seconds elapsed:       1.564083
Performance in GFlop/s:     37.926908
Bandwidth utilization: 55.240040 GB/s
3745144168.000000
Validation OK.
tuned params: 3000 3000 2998 188 2 0 
Flops / stencil call:  11
Stencil computations:  5392802400
Bytes transferred:     86400000000
Total Flops:           59320826400
Seconds elapsed:       1.563442
Performance in GFlop/s:     37.942454
Bandwidth utilization: 55.262684 GB/s
3743609640.000000
Validation OK.
tuned params: 3000 3000 2998 188 2 0 
Flops / stencil call:  11
Stencil computations:  5392802400
Bytes transferred:     86400000000
Total Flops:           59320826400
Seconds elapsed:       1.566410
Performance in GFlop/s:     37.870560
Bandwidth utilization: 55.157970 GB/s
3750718348.000000
Validation OK.
