tuned params: 3000 3000 749 304 2 1 
Flops / stencil call:  11
Stencil computations:  5392802400
Bytes transferred:     86400000000
Total Flops:           59320826400
Seconds elapsed:       9.137677
Performance in GFlop/s:     6.491894
Bandwidth utilization: 9.455357 GB/s
21879865560.000000
Validation OK.
tuned params: 3000 3000 749 304 2 1 
Flops / stencil call:  11
Stencil computations:  5392802400
Bytes transferred:     86400000000
Total Flops:           59320826400
Seconds elapsed:       9.139031
Performance in GFlop/s:     6.490932
Bandwidth utilization: 9.453956 GB/s
21883111516.000000
Validation OK.
tuned params: 3000 3000 749 304 2 1 
Flops / stencil call:  11
Stencil computations:  5392802400
Bytes transferred:     86400000000
Total Flops:           59320826400
Seconds elapsed:       9.167721
Performance in GFlop/s:     6.470619
Bandwidth utilization: 9.424371 GB/s
21951807712.000000
Validation OK.
tuned params: 3000 3000 749 304 2 1 
Flops / stencil call:  11
Stencil computations:  5392802400
Bytes transferred:     86400000000
Total Flops:           59320826400
Seconds elapsed:       9.214659
Performance in GFlop/s:     6.437658
Bandwidth utilization: 9.376364 GB/s
22064199476.000000
Validation OK.
tuned params: 3000 3000 749 304 2 1 
Flops / stencil call:  11
Stencil computations:  5392802400
Bytes transferred:     86400000000
Total Flops:           59320826400
Seconds elapsed:       9.627095
Performance in GFlop/s:     6.161862
Bandwidth utilization: 8.974670 GB/s
23051761804.000000
Validation OK.
tuned params: 3000 3000 749 304 2 1 
Flops / stencil call:  11
Stencil computations:  5392802400
Bytes transferred:     86400000000
Total Flops:           59320826400
Seconds elapsed:       9.177910
Performance in GFlop/s:     6.463435
Bandwidth utilization: 9.413908 GB/s
21976203740.000000
Validation OK.
tuned params: 3000 3000 749 304 2 1 
Flops / stencil call:  11
Stencil computations:  5392802400
Bytes transferred:     86400000000
Total Flops:           59320826400
Seconds elapsed:       9.150029
Performance in GFlop/s:     6.483130
Bandwidth utilization: 9.442593 GB/s
21909442256.000000
Validation OK.
tuned params: 3000 3000 749 304 2 1 
Flops / stencil call:  11
Stencil computations:  5392802400
Bytes transferred:     86400000000
Total Flops:           59320826400
Seconds elapsed:       9.190379
Performance in GFlop/s:     6.454666
Bandwidth utilization: 9.401136 GB/s
22006062796.000000
Validation OK.
tuned params: 3000 3000 749 304 2 1 
Flops / stencil call:  11
Stencil computations:  5392802400
Bytes transferred:     86400000000
Total Flops:           59320826400
Seconds elapsed:       9.137370
Performance in GFlop/s:     6.492112
Bandwidth utilization: 9.455675 GB/s
21879132904.000000
Validation OK.
tuned params: 3000 3000 749 304 2 1 
Flops / stencil call:  11
Stencil computations:  5392802400
Bytes transferred:     86400000000
Total Flops:           59320826400
Seconds elapsed:       9.187913
Performance in GFlop/s:     6.456398
Bandwidth utilization: 9.403659 GB/s
22000155604.000000
Validation OK.
