tuned params: 500 500 498 400 1 1 
Flops / stencil call:  11
Stencil computations:  24800400
Bytes transferred:     400000000
Total Flops:           272804400
Seconds elapsed:       0.033789
Performance in GFlop/s:     8.073726
Bandwidth utilization: 11.838117 GB/s
80906476.000000
Validation OK.
tuned params: 500 500 498 400 1 1 
Flops / stencil call:  11
Stencil computations:  24800400
Bytes transferred:     400000000
Total Flops:           272804400
Seconds elapsed:       0.033753
Performance in GFlop/s:     8.082337
Bandwidth utilization: 11.850743 GB/s
80820500.000000
Validation OK.
tuned params: 500 500 498 400 1 1 
Flops / stencil call:  11
Stencil computations:  24800400
Bytes transferred:     400000000
Total Flops:           272804400
Seconds elapsed:       0.033935
Performance in GFlop/s:     8.039067
Bandwidth utilization: 11.787299 GB/s
81254108.000000
Validation OK.
tuned params: 500 500 498 400 1 1 
Flops / stencil call:  11
Stencil computations:  24800400
Bytes transferred:     400000000
Total Flops:           272804400
Seconds elapsed:       0.033739
Performance in GFlop/s:     8.085707
Bandwidth utilization: 11.855684 GB/s
80786056.000000
Validation OK.
tuned params: 500 500 498 400 1 1 
Flops / stencil call:  11
Stencil computations:  24800400
Bytes transferred:     400000000
Total Flops:           272804400
Seconds elapsed:       0.033779
Performance in GFlop/s:     8.076176
Bandwidth utilization: 11.841710 GB/s
80880744.000000
Validation OK.
