tuned params: 3000 3000 2998 376 2 3 
Flops / stencil call:  11
Stencil computations:  5392802400
Bytes transferred:     86400000000
Total Flops:           59320826400
Seconds elapsed:       2.575872
Performance in GFlop/s:     23.029414
Bandwidth utilization: 33.542037 GB/s
6167836592.000000
Validation OK.
tuned params: 3000 3000 2998 376 2 3 
Flops / stencil call:  11
Stencil computations:  5392802400
Bytes transferred:     86400000000
Total Flops:           59320826400
Seconds elapsed:       2.593725
Performance in GFlop/s:     22.870901
Bandwidth utilization: 33.311165 GB/s
6210587824.000000
Validation OK.
tuned params: 3000 3000 2998 376 2 3 
Flops / stencil call:  11
Stencil computations:  5392802400
Bytes transferred:     86400000000
Total Flops:           59320826400
Seconds elapsed:       2.581836
Performance in GFlop/s:     22.976216
Bandwidth utilization: 33.464555 GB/s
6182118848.000000
Validation OK.
tuned params: 3000 3000 2998 376 2 3 
Flops / stencil call:  11
Stencil computations:  5392802400
Bytes transferred:     86400000000
Total Flops:           59320826400
Seconds elapsed:       2.605051
Performance in GFlop/s:     22.771466
Bandwidth utilization: 33.166340 GB/s
6237705248.000000
Validation OK.
tuned params: 3000 3000 2998 376 2 3 
Flops / stencil call:  11
Stencil computations:  5392802400
Bytes transferred:     86400000000
Total Flops:           59320826400
Seconds elapsed:       2.581506
Performance in GFlop/s:     22.979155
Bandwidth utilization: 33.468835 GB/s
6181328292.000000
Validation OK.
tuned params: 3000 3000 2998 376 2 3 
Flops / stencil call:  11
Stencil computations:  5392802400
Bytes transferred:     86400000000
Total Flops:           59320826400
Seconds elapsed:       2.604085
Performance in GFlop/s:     22.779912
Bandwidth utilization: 33.178641 GB/s
6235393656.000000
Validation OK.
tuned params: 3000 3000 2998 376 2 3 
Flops / stencil call:  11
Stencil computations:  5392802400
Bytes transferred:     86400000000
Total Flops:           59320826400
Seconds elapsed:       2.602454
Performance in GFlop/s:     22.794189
Bandwidth utilization: 33.199435 GB/s
6231487560.000000
Validation OK.
tuned params: 3000 3000 2998 376 2 3 
Flops / stencil call:  11
Stencil computations:  5392802400
Bytes transferred:     86400000000
Total Flops:           59320826400
Seconds elapsed:       2.604336
Performance in GFlop/s:     22.777716
Bandwidth utilization: 33.175443 GB/s
6235995348.000000
Validation OK.
tuned params: 3000 3000 2998 376 2 3 
Flops / stencil call:  11
Stencil computations:  5392802400
Bytes transferred:     86400000000
Total Flops:           59320826400
Seconds elapsed:       2.582180
Performance in GFlop/s:     22.973157
Bandwidth utilization: 33.460099 GB/s
6182942784.000000
Validation OK.
tuned params: 3000 3000 2998 376 2 3 
Flops / stencil call:  11
Stencil computations:  5392802400
Bytes transferred:     86400000000
Total Flops:           59320826400
Seconds elapsed:       2.613849
Performance in GFlop/s:     22.694818
Bandwidth utilization: 33.054703 GB/s
6258763884.000000
Validation OK.
