tuned params: 3000 3000 749 304 2 1 
Flops / stencil call:  11
Stencil computations:  5392802400
Bytes transferred:     86400000000
Total Flops:           59320826400
Seconds elapsed:       9.218214
Performance in GFlop/s:     6.435176
Bandwidth utilization: 9.372749 GB/s
22072714896.000000
Validation OK.
tuned params: 3000 3000 749 304 2 1 
Flops / stencil call:  11
Stencil computations:  5392802400
Bytes transferred:     86400000000
Total Flops:           59320826400
Seconds elapsed:       9.189626
Performance in GFlop/s:     6.455195
Bandwidth utilization: 9.401906 GB/s
22004260608.000000
Validation OK.
tuned params: 3000 3000 749 304 2 1 
Flops / stencil call:  11
Stencil computations:  5392802400
Bytes transferred:     86400000000
Total Flops:           59320826400
Seconds elapsed:       9.198028
Performance in GFlop/s:     6.449298
Bandwidth utilization: 9.393318 GB/s
22024379968.000000
Validation OK.
tuned params: 3000 3000 749 304 2 1 
Flops / stencil call:  11
Stencil computations:  5392802400
Bytes transferred:     86400000000
Total Flops:           59320826400
Seconds elapsed:       9.177947
Performance in GFlop/s:     6.463409
Bandwidth utilization: 9.413870 GB/s
21976293496.000000
Validation OK.
tuned params: 3000 3000 749 304 2 1 
Flops / stencil call:  11
Stencil computations:  5392802400
Bytes transferred:     86400000000
Total Flops:           59320826400
Seconds elapsed:       9.178371
Performance in GFlop/s:     6.463111
Bandwidth utilization: 9.413435 GB/s
21977308892.000000
Validation OK.
tuned params: 3000 3000 749 304 2 1 
Flops / stencil call:  11
Stencil computations:  5392802400
Bytes transferred:     86400000000
Total Flops:           59320826400
Seconds elapsed:       9.188400
Performance in GFlop/s:     6.456056
Bandwidth utilization: 9.403161 GB/s
22001323512.000000
Validation OK.
tuned params: 3000 3000 749 304 2 1 
Flops / stencil call:  11
Stencil computations:  5392802400
Bytes transferred:     86400000000
Total Flops:           59320826400
Seconds elapsed:       9.143638
Performance in GFlop/s:     6.487661
Bandwidth utilization: 9.449193 GB/s
21894143696.000000
Validation OK.
tuned params: 3000 3000 749 304 2 1 
Flops / stencil call:  11
Stencil computations:  5392802400
Bytes transferred:     86400000000
Total Flops:           59320826400
Seconds elapsed:       9.208815
Performance in GFlop/s:     6.441744
Bandwidth utilization: 9.382315 GB/s
22050206968.000000
Validation OK.
tuned params: 3000 3000 749 304 2 1 
Flops / stencil call:  11
Stencil computations:  5392802400
Bytes transferred:     86400000000
Total Flops:           59320826400
Seconds elapsed:       9.159369
Performance in GFlop/s:     6.476519
Bandwidth utilization: 9.432964 GB/s
21931811896.000000
Validation OK.
tuned params: 3000 3000 749 304 2 1 
Flops / stencil call:  11
Stencil computations:  5392802400
Bytes transferred:     86400000000
Total Flops:           59320826400
Seconds elapsed:       9.205727
Performance in GFlop/s:     6.443905
Bandwidth utilization: 9.385462 GB/s
22042814552.000000
Validation OK.
