tuned params: 3000 3000 2998 300 1 0 
Flops / stencil call:  11
Stencil computations:  8988004000
Bytes transferred:     144000000000
Total Flops:           98868044000
Seconds elapsed:       2.388261
Performance in GFlop/s:     41.397507
Bandwidth utilization: 60.294922 GB/s
5718609600.000000
Validation OK.
tuned params: 3000 3000 2998 300 1 0 
Flops / stencil call:  11
Stencil computations:  8988004000
Bytes transferred:     144000000000
Total Flops:           98868044000
Seconds elapsed:       2.486344
Performance in GFlop/s:     39.764425
Bandwidth utilization: 57.916360 GB/s
5953461944.000000
Validation OK.
tuned params: 3000 3000 2998 300 1 0 
Flops / stencil call:  11
Stencil computations:  8988004000
Bytes transferred:     144000000000
Total Flops:           98868044000
Seconds elapsed:       2.378029
Performance in GFlop/s:     41.575628
Bandwidth utilization: 60.554353 GB/s
5694109764.000000
Validation OK.
tuned params: 3000 3000 2998 300 1 0 
Flops / stencil call:  11
Stencil computations:  8988004000
Bytes transferred:     144000000000
Total Flops:           98868044000
Seconds elapsed:       2.415936
Performance in GFlop/s:     40.923288
Bandwidth utilization: 59.604228 GB/s
5784875664.000000
Validation OK.
tuned params: 3000 3000 2998 300 1 0 
Flops / stencil call:  11
Stencil computations:  8988004000
Bytes transferred:     144000000000
Total Flops:           98868044000
Seconds elapsed:       2.527439
Performance in GFlop/s:     39.117877
Bandwidth utilization: 56.974672 GB/s
6051865496.000000
Validation OK.
tuned params: 3000 3000 2998 300 1 0 
Flops / stencil call:  11
Stencil computations:  8988004000
Bytes transferred:     144000000000
Total Flops:           98868044000
Seconds elapsed:       2.490359
Performance in GFlop/s:     39.700321
Bandwidth utilization: 57.822993 GB/s
5963079212.000000
Validation OK.
tuned params: 3000 3000 2998 300 1 0 
Flops / stencil call:  11
Stencil computations:  8988004000
Bytes transferred:     144000000000
Total Flops:           98868044000
Seconds elapsed:       2.569800
Performance in GFlop/s:     38.473052
Bandwidth utilization: 56.035491 GB/s
6153297664.000000
Validation OK.
tuned params: 3000 3000 2998 300 1 0 
Flops / stencil call:  11
Stencil computations:  8988004000
Bytes transferred:     144000000000
Total Flops:           98868044000
Seconds elapsed:       2.588304
Performance in GFlop/s:     38.198002
Bandwidth utilization: 55.634886 GB/s
6197602728.000000
Validation OK.
tuned params: 3000 3000 2998 300 1 0 
Flops / stencil call:  11
Stencil computations:  8988004000
Bytes transferred:     144000000000
Total Flops:           98868044000
Seconds elapsed:       2.543105
Performance in GFlop/s:     38.876904
Bandwidth utilization: 56.623697 GB/s
6089375228.000000
Validation OK.
tuned params: 3000 3000 2998 300 1 0 
Flops / stencil call:  11
Stencil computations:  8988004000
Bytes transferred:     144000000000
Total Flops:           98868044000
Seconds elapsed:       2.401783
Performance in GFlop/s:     41.164437
Bandwidth utilization: 59.955458 GB/s
5750986524.000000
Validation OK.
