tuned params: 3000 3000 2998 252 2 0 
Flops / stencil call:  11
Stencil computations:  224700100
Bytes transferred:     3600000000
Total Flops:           2471701100
Seconds elapsed:       0.078205
Performance in GFlop/s:     31.605463
Bandwidth utilization: 46.032939 GB/s
187258412.000000
Validation OK.
tuned params: 3000 3000 2998 252 2 0 
Flops / stencil call:  11
Stencil computations:  224700100
Bytes transferred:     3600000000
Total Flops:           2471701100
Seconds elapsed:       0.077993
Performance in GFlop/s:     31.691354
Bandwidth utilization: 46.158038 GB/s
186750228.000000
Validation OK.
tuned params: 3000 3000 2998 252 2 0 
Flops / stencil call:  11
Stencil computations:  224700100
Bytes transferred:     3600000000
Total Flops:           2471701100
Seconds elapsed:       0.078336
Performance in GFlop/s:     31.552557
Bandwidth utilization: 45.955882 GB/s
187570836.000000
Validation OK.
tuned params: 3000 3000 2998 252 2 0 
Flops / stencil call:  11
Stencil computations:  224700100
Bytes transferred:     3600000000
Total Flops:           2471701100
Seconds elapsed:       0.077903
Performance in GFlop/s:     31.727919
Bandwidth utilization: 46.211295 GB/s
186535620.000000
Validation OK.
tuned params: 3000 3000 2998 252 2 0 
Flops / stencil call:  11
Stencil computations:  224700100
Bytes transferred:     3600000000
Total Flops:           2471701100
Seconds elapsed:       0.078303
Performance in GFlop/s:     31.565815
Bandwidth utilization: 45.975192 GB/s
187491928.000000
Validation OK.
