tuned params: 3000 3000 2998 76 4 3 
Flops / stencil call:  11
Stencil computations:  5392802400
Bytes transferred:     86400000000
Total Flops:           59320826400
Seconds elapsed:       1.621278
Performance in GFlop/s:     36.588934
Bandwidth utilization: 53.291299 GB/s
3882097248.000000
Validation OK.
tuned params: 3000 3000 2998 76 4 3 
Flops / stencil call:  11
Stencil computations:  5392802400
Bytes transferred:     86400000000
Total Flops:           59320826400
Seconds elapsed:       1.698872
Performance in GFlop/s:     34.917776
Bandwidth utilization: 50.857279 GB/s
4067892296.000000
Validation OK.
tuned params: 3000 3000 2998 76 4 3 
Flops / stencil call:  11
Stencil computations:  5392802400
Bytes transferred:     86400000000
Total Flops:           59320826400
Seconds elapsed:       1.712501
Performance in GFlop/s:     34.639877
Bandwidth utilization: 50.452524 GB/s
4100527492.000000
Validation OK.
tuned params: 3000 3000 2998 76 4 3 
Flops / stencil call:  11
Stencil computations:  5392802400
Bytes transferred:     86400000000
Total Flops:           59320826400
Seconds elapsed:       1.629081
Performance in GFlop/s:     36.413675
Bandwidth utilization: 53.036037 GB/s
3900778652.000000
Validation OK.
tuned params: 3000 3000 2998 76 4 3 
Flops / stencil call:  11
Stencil computations:  5392802400
Bytes transferred:     86400000000
Total Flops:           59320826400
Seconds elapsed:       1.591055
Performance in GFlop/s:     37.283959
Bandwidth utilization: 54.303594 GB/s
3809728772.000000
Validation OK.
tuned params: 3000 3000 2998 76 4 3 
Flops / stencil call:  11
Stencil computations:  5392802400
Bytes transferred:     86400000000
Total Flops:           59320826400
Seconds elapsed:       1.628948
Performance in GFlop/s:     36.416649
Bandwidth utilization: 53.040368 GB/s
3900460204.000000
Validation OK.
tuned params: 3000 3000 2998 76 4 3 
Flops / stencil call:  11
Stencil computations:  5392802400
Bytes transferred:     86400000000
Total Flops:           59320826400
Seconds elapsed:       1.586252
Performance in GFlop/s:     37.396850
Bandwidth utilization: 54.468017 GB/s
3798226720.000000
Validation OK.
tuned params: 3000 3000 2998 76 4 3 
Flops / stencil call:  11
Stencil computations:  5392802400
Bytes transferred:     86400000000
Total Flops:           59320826400
Seconds elapsed:       1.770819
Performance in GFlop/s:     33.499092
Bandwidth utilization: 48.790985 GB/s
4240167280.000000
Validation OK.
tuned params: 3000 3000 2998 76 4 3 
Flops / stencil call:  11
Stencil computations:  5392802400
Bytes transferred:     86400000000
Total Flops:           59320826400
Seconds elapsed:       1.611430
Performance in GFlop/s:     36.812539
Bandwidth utilization: 53.616976 GB/s
3858514816.000000
Validation OK.
tuned params: 3000 3000 2998 76 4 3 
Flops / stencil call:  11
Stencil computations:  5392802400
Bytes transferred:     86400000000
Total Flops:           59320826400
Seconds elapsed:       1.618470
Performance in GFlop/s:     36.652411
Bandwidth utilization: 53.383753 GB/s
3875371652.000000
Validation OK.
