tuned params: 500 500 498 400 1 1 
Flops / stencil call:  11
Stencil computations:  148802400
Bytes transferred:     2400000000
Total Flops:           1636826400
Seconds elapsed:       0.203148
Performance in GFlop/s:     8.057305
Bandwidth utilization: 11.814040 GB/s
486430340.000000
Validation OK.
tuned params: 500 500 498 400 1 1 
Flops / stencil call:  11
Stencil computations:  148802400
Bytes transferred:     2400000000
Total Flops:           1636826400
Seconds elapsed:       0.201533
Performance in GFlop/s:     8.121875
Bandwidth utilization: 11.908715 GB/s
482564788.000000
Validation OK.
tuned params: 500 500 498 400 1 1 
Flops / stencil call:  11
Stencil computations:  148802400
Bytes transferred:     2400000000
Total Flops:           1636826400
Seconds elapsed:       0.203000
Performance in GFlop/s:     8.063182
Bandwidth utilization: 11.822656 GB/s
486077888.000000
Validation OK.
tuned params: 500 500 498 400 1 1 
Flops / stencil call:  11
Stencil computations:  148802400
Bytes transferred:     2400000000
Total Flops:           1636826400
Seconds elapsed:       0.201784
Performance in GFlop/s:     8.111779
Bandwidth utilization: 11.893913 GB/s
483164820.000000
Validation OK.
tuned params: 500 500 498 400 1 1 
Flops / stencil call:  11
Stencil computations:  148802400
Bytes transferred:     2400000000
Total Flops:           1636826400
Seconds elapsed:       0.201933
Performance in GFlop/s:     8.105793
Bandwidth utilization: 11.885136 GB/s
483521992.000000
Validation OK.
tuned params: 500 500 498 400 1 1 
Flops / stencil call:  11
Stencil computations:  148802400
Bytes transferred:     2400000000
Total Flops:           1636826400
Seconds elapsed:       0.201513
Performance in GFlop/s:     8.122682
Bandwidth utilization: 11.909899 GB/s
482515600.000000
Validation OK.
tuned params: 500 500 498 400 1 1 
Flops / stencil call:  11
Stencil computations:  148802400
Bytes transferred:     2400000000
Total Flops:           1636826400
Seconds elapsed:       0.201545
Performance in GFlop/s:     8.121394
Bandwidth utilization: 11.908011 GB/s
482592880.000000
Validation OK.
tuned params: 500 500 498 400 1 1 
Flops / stencil call:  11
Stencil computations:  148802400
Bytes transferred:     2400000000
Total Flops:           1636826400
Seconds elapsed:       0.202072
Performance in GFlop/s:     8.100218
Bandwidth utilization: 11.876960 GB/s
483853976.000000
Validation OK.
tuned params: 500 500 498 400 1 1 
Flops / stencil call:  11
Stencil computations:  148802400
Bytes transferred:     2400000000
Total Flops:           1636826400
Seconds elapsed:       0.201830
Performance in GFlop/s:     8.109920
Bandwidth utilization: 11.891187 GB/s
483274476.000000
Validation OK.
tuned params: 500 500 498 400 1 1 
Flops / stencil call:  11
Stencil computations:  148802400
Bytes transferred:     2400000000
Total Flops:           1636826400
Seconds elapsed:       0.202387
Performance in GFlop/s:     8.087603
Bandwidth utilization: 11.858464 GB/s
484608288.000000
Validation OK.
