tuned params: 500 500 498 64 1 1 
Flops / stencil call:  11
Stencil computations:  148802400
Bytes transferred:     2400000000
Total Flops:           1636826400
Seconds elapsed:       0.029533
Performance in GFlop/s:     55.423811
Bandwidth utilization: 81.265275 GB/s
70715664.000000
Validation OK.
tuned params: 500 500 498 64 1 1 
Flops / stencil call:  11
Stencil computations:  148802400
Bytes transferred:     2400000000
Total Flops:           1636826400
Seconds elapsed:       0.029086
Performance in GFlop/s:     56.275647
Bandwidth utilization: 82.514280 GB/s
69646164.000000
Validation OK.
tuned params: 500 500 498 64 1 1 
Flops / stencil call:  11
Stencil computations:  148802400
Bytes transferred:     2400000000
Total Flops:           1636826400
Seconds elapsed:       0.029429
Performance in GFlop/s:     55.619132
Bandwidth utilization: 81.551664 GB/s
70466180.000000
Validation OK.
tuned params: 500 500 498 64 1 1 
Flops / stencil call:  11
Stencil computations:  148802400
Bytes transferred:     2400000000
Total Flops:           1636826400
Seconds elapsed:       0.029121
Performance in GFlop/s:     56.207918
Bandwidth utilization: 82.414973 GB/s
69728092.000000
Validation OK.
tuned params: 500 500 498 64 1 1 
Flops / stencil call:  11
Stencil computations:  148802400
Bytes transferred:     2400000000
Total Flops:           1636826400
Seconds elapsed:       0.029444
Performance in GFlop/s:     55.591209
Bandwidth utilization: 81.510722 GB/s
70502232.000000
Validation OK.
tuned params: 500 500 498 64 1 1 
Flops / stencil call:  11
Stencil computations:  148802400
Bytes transferred:     2400000000
Total Flops:           1636826400
Seconds elapsed:       0.029445
Performance in GFlop/s:     55.588958
Bandwidth utilization: 81.507422 GB/s
70504404.000000
Validation OK.
tuned params: 500 500 498 64 1 1 
Flops / stencil call:  11
Stencil computations:  148802400
Bytes transferred:     2400000000
Total Flops:           1636826400
Seconds elapsed:       0.028872
Performance in GFlop/s:     56.692493
Bandwidth utilization: 83.125482 GB/s
69132492.000000
Validation OK.
tuned params: 500 500 498 64 1 1 
Flops / stencil call:  11
Stencil computations:  148802400
Bytes transferred:     2400000000
Total Flops:           1636826400
Seconds elapsed:       0.029067
Performance in GFlop/s:     56.312113
Bandwidth utilization: 82.567748 GB/s
69599220.000000
Validation OK.
tuned params: 500 500 498 64 1 1 
Flops / stencil call:  11
Stencil computations:  148802400
Bytes transferred:     2400000000
Total Flops:           1636826400
Seconds elapsed:       0.029453
Performance in GFlop/s:     55.574109
Bandwidth utilization: 81.485649 GB/s
70524276.000000
Validation OK.
tuned params: 500 500 498 64 1 1 
Flops / stencil call:  11
Stencil computations:  148802400
Bytes transferred:     2400000000
Total Flops:           1636826400
Seconds elapsed:       0.029374
Performance in GFlop/s:     55.723414
Bandwidth utilization: 81.704568 GB/s
70333668.000000
Validation OK.
