tuned params: 3000 3000 2998 188 2 0 
Flops / stencil call:  11
Stencil computations:  8988004000
Bytes transferred:     144000000000
Total Flops:           98868044000
Seconds elapsed:       2.640294
Performance in GFlop/s:     37.445845
Bandwidth utilization: 54.539379 GB/s
6322094448.000000
Validation OK.
tuned params: 3000 3000 2998 188 2 0 
Flops / stencil call:  11
Stencil computations:  8988004000
Bytes transferred:     144000000000
Total Flops:           98868044000
Seconds elapsed:       2.577541
Performance in GFlop/s:     38.357508
Bandwidth utilization: 55.867203 GB/s
6171833996.000000
Validation OK.
tuned params: 3000 3000 2998 188 2 0 
Flops / stencil call:  11
Stencil computations:  8988004000
Bytes transferred:     144000000000
Total Flops:           98868044000
Seconds elapsed:       2.613917
Performance in GFlop/s:     37.823710
Bandwidth utilization: 55.089735 GB/s
6258935204.000000
Validation OK.
tuned params: 3000 3000 2998 188 2 0 
Flops / stencil call:  11
Stencil computations:  8988004000
Bytes transferred:     144000000000
Total Flops:           98868044000
Seconds elapsed:       2.630016
Performance in GFlop/s:     37.592182
Bandwidth utilization: 54.752517 GB/s
6297483008.000000
Validation OK.
tuned params: 3000 3000 2998 188 2 0 
Flops / stencil call:  11
Stencil computations:  8988004000
Bytes transferred:     144000000000
Total Flops:           98868044000
Seconds elapsed:       2.586024
Performance in GFlop/s:     38.231684
Bandwidth utilization: 55.683942 GB/s
6192146128.000000
Validation OK.
tuned params: 3000 3000 2998 188 2 0 
Flops / stencil call:  11
Stencil computations:  8988004000
Bytes transferred:     144000000000
Total Flops:           98868044000
Seconds elapsed:       2.623859
Performance in GFlop/s:     37.680396
Bandwidth utilization: 54.880999 GB/s
6282740480.000000
Validation OK.
tuned params: 3000 3000 2998 188 2 0 
Flops / stencil call:  11
Stencil computations:  8988004000
Bytes transferred:     144000000000
Total Flops:           98868044000
Seconds elapsed:       2.626125
Performance in GFlop/s:     37.647881
Bandwidth utilization: 54.833641 GB/s
6288166292.000000
Validation OK.
tuned params: 3000 3000 2998 188 2 0 
Flops / stencil call:  11
Stencil computations:  8988004000
Bytes transferred:     144000000000
Total Flops:           98868044000
Seconds elapsed:       2.708890
Performance in GFlop/s:     36.497623
Bandwidth utilization: 53.158305 GB/s
6486343108.000000
Validation OK.
tuned params: 3000 3000 2998 188 2 0 
Flops / stencil call:  11
Stencil computations:  8988004000
Bytes transferred:     144000000000
Total Flops:           98868044000
Seconds elapsed:       2.618895
Performance in GFlop/s:     37.751816
Bandwidth utilization: 54.985021 GB/s
6270855652.000000
Validation OK.
tuned params: 3000 3000 2998 188 2 0 
Flops / stencil call:  11
Stencil computations:  8988004000
Bytes transferred:     144000000000
Total Flops:           98868044000
Seconds elapsed:       2.651442
Performance in GFlop/s:     37.288405
Bandwidth utilization: 54.310069 GB/s
6348787836.000000
Validation OK.
