tuned params: 500 500 498 128 1 1 
Flops / stencil call:  11
Stencil computations:  148802400
Bytes transferred:     2400000000
Total Flops:           1636826400
Seconds elapsed:       0.055214
Performance in GFlop/s:     29.645044
Bandwidth utilization: 43.467105 GB/s
132207688.000000
Validation OK.
tuned params: 500 500 498 128 1 1 
Flops / stencil call:  11
Stencil computations:  148802400
Bytes transferred:     2400000000
Total Flops:           1636826400
Seconds elapsed:       0.054623
Performance in GFlop/s:     29.965813
Bandwidth utilization: 43.937433 GB/s
130793720.000000
Validation OK.
tuned params: 500 500 498 128 1 1 
Flops / stencil call:  11
Stencil computations:  148802400
Bytes transferred:     2400000000
Total Flops:           1636826400
Seconds elapsed:       0.054048
Performance in GFlop/s:     30.284646
Bandwidth utilization: 44.404923 GB/s
129414320.000000
Validation OK.
tuned params: 500 500 498 128 1 1 
Flops / stencil call:  11
Stencil computations:  148802400
Bytes transferred:     2400000000
Total Flops:           1636826400
Seconds elapsed:       0.054281
Performance in GFlop/s:     30.154686
Bandwidth utilization: 44.214369 GB/s
129973456.000000
Validation OK.
tuned params: 500 500 498 128 1 1 
Flops / stencil call:  11
Stencil computations:  148802400
Bytes transferred:     2400000000
Total Flops:           1636826400
Seconds elapsed:       0.053891
Performance in GFlop/s:     30.372806
Bandwidth utilization: 44.534187 GB/s
129040512.000000
Validation OK.
tuned params: 500 500 498 128 1 1 
Flops / stencil call:  11
Stencil computations:  148802400
Bytes transferred:     2400000000
Total Flops:           1636826400
Seconds elapsed:       0.054559
Performance in GFlop/s:     30.001038
Bandwidth utilization: 43.989082 GB/s
130638004.000000
Validation OK.
tuned params: 500 500 498 128 1 1 
Flops / stencil call:  11
Stencil computations:  148802400
Bytes transferred:     2400000000
Total Flops:           1636826400
Seconds elapsed:       0.054335
Performance in GFlop/s:     30.124782
Bandwidth utilization: 44.170523 GB/s
130101940.000000
Validation OK.
tuned params: 500 500 498 128 1 1 
Flops / stencil call:  11
Stencil computations:  148802400
Bytes transferred:     2400000000
Total Flops:           1636826400
Seconds elapsed:       0.055179
Performance in GFlop/s:     29.664002
Bandwidth utilization: 43.494902 GB/s
132123688.000000
Validation OK.
tuned params: 500 500 498 128 1 1 
Flops / stencil call:  11
Stencil computations:  148802400
Bytes transferred:     2400000000
Total Flops:           1636826400
Seconds elapsed:       0.054110
Performance in GFlop/s:     30.249952
Bandwidth utilization: 44.354052 GB/s
129565452.000000
Validation OK.
tuned params: 500 500 498 128 1 1 
Flops / stencil call:  11
Stencil computations:  148802400
Bytes transferred:     2400000000
Total Flops:           1636826400
Seconds elapsed:       0.054184
Performance in GFlop/s:     30.208689
Bandwidth utilization: 44.293551 GB/s
129739772.000000
Validation OK.
