tuned params: 500 500 498 84 1 1 
Flops / stencil call:  11
Stencil computations:  24800400
Bytes transferred:     400000000
Total Flops:           272804400
Seconds elapsed:       0.006069
Performance in GFlop/s:     44.950877
Bandwidth utilization: 65.909314 GB/s
14531804.000000
Validation OK.
tuned params: 500 500 498 84 1 1 
Flops / stencil call:  11
Stencil computations:  24800400
Bytes transferred:     400000000
Total Flops:           272804400
Seconds elapsed:       0.006068
Performance in GFlop/s:     44.957942
Bandwidth utilization: 65.919673 GB/s
14529876.000000
Validation OK.
tuned params: 500 500 498 84 1 1 
Flops / stencil call:  11
Stencil computations:  24800400
Bytes transferred:     400000000
Total Flops:           272804400
Seconds elapsed:       0.006181
Performance in GFlop/s:     44.135953
Bandwidth utilization: 64.714430 GB/s
14800008.000000
Validation OK.
tuned params: 500 500 498 84 1 1 
Flops / stencil call:  11
Stencil computations:  24800400
Bytes transferred:     400000000
Total Flops:           272804400
Seconds elapsed:       0.006156
Performance in GFlop/s:     44.315437
Bandwidth utilization: 64.977599 GB/s
14739224.000000
Validation OK.
tuned params: 500 500 498 84 1 1 
Flops / stencil call:  11
Stencil computations:  24800400
Bytes transferred:     400000000
Total Flops:           272804400
Seconds elapsed:       0.006086
Performance in GFlop/s:     44.825848
Bandwidth utilization: 65.725989 GB/s
14573060.000000
Validation OK.
