tuned params: 500 500 498 128 1 1 
Flops / stencil call:  11
Stencil computations:  148802400
Bytes transferred:     2400000000
Total Flops:           1636826400
Seconds elapsed:       0.054010
Performance in GFlop/s:     30.305902
Bandwidth utilization: 44.436090 GB/s
129324700.000000
Validation OK.
tuned params: 500 500 498 128 1 1 
Flops / stencil call:  11
Stencil computations:  148802400
Bytes transferred:     2400000000
Total Flops:           1636826400
Seconds elapsed:       0.054422
Performance in GFlop/s:     30.076612
Bandwidth utilization: 44.099892 GB/s
130312892.000000
Validation OK.
tuned params: 500 500 498 128 1 1 
Flops / stencil call:  11
Stencil computations:  148802400
Bytes transferred:     2400000000
Total Flops:           1636826400
Seconds elapsed:       0.054436
Performance in GFlop/s:     30.068840
Bandwidth utilization: 44.088496 GB/s
130344084.000000
Validation OK.
tuned params: 500 500 498 128 1 1 
Flops / stencil call:  11
Stencil computations:  148802400
Bytes transferred:     2400000000
Total Flops:           1636826400
Seconds elapsed:       0.054501
Performance in GFlop/s:     30.032930
Bandwidth utilization: 44.035843 GB/s
130499072.000000
Validation OK.
tuned params: 500 500 498 128 1 1 
Flops / stencil call:  11
Stencil computations:  148802400
Bytes transferred:     2400000000
Total Flops:           1636826400
Seconds elapsed:       0.055175
Performance in GFlop/s:     29.666181
Bandwidth utilization: 43.498097 GB/s
132113992.000000
Validation OK.
tuned params: 500 500 498 128 1 1 
Flops / stencil call:  11
Stencil computations:  148802400
Bytes transferred:     2400000000
Total Flops:           1636826400
Seconds elapsed:       0.053826
Performance in GFlop/s:     30.409534
Bandwidth utilization: 44.588040 GB/s
128883752.000000
Validation OK.
tuned params: 500 500 498 128 1 1 
Flops / stencil call:  11
Stencil computations:  148802400
Bytes transferred:     2400000000
Total Flops:           1636826400
Seconds elapsed:       0.054614
Performance in GFlop/s:     29.970784
Bandwidth utilization: 43.944722 GB/s
130772720.000000
Validation OK.
tuned params: 500 500 498 128 1 1 
Flops / stencil call:  11
Stencil computations:  148802400
Bytes transferred:     2400000000
Total Flops:           1636826400
Seconds elapsed:       0.053836
Performance in GFlop/s:     30.403877
Bandwidth utilization: 44.579746 GB/s
128908764.000000
Validation OK.
tuned params: 500 500 498 128 1 1 
Flops / stencil call:  11
Stencil computations:  148802400
Bytes transferred:     2400000000
Total Flops:           1636826400
Seconds elapsed:       0.054919
Performance in GFlop/s:     29.804371
Bandwidth utilization: 43.700719 GB/s
131503016.000000
Validation OK.
tuned params: 500 500 498 128 1 1 
Flops / stencil call:  11
Stencil computations:  148802400
Bytes transferred:     2400000000
Total Flops:           1636826400
Seconds elapsed:       0.053867
Performance in GFlop/s:     30.386518
Bandwidth utilization: 44.554293 GB/s
128982624.000000
Validation OK.
