tuned params: 3000 3000 2998 380 4 1 
Flops / stencil call:  11
Stencil computations:  224700100
Bytes transferred:     3600000000
Total Flops:           2471701100
Seconds elapsed:       0.211371
Performance in GFlop/s:     11.693665
Bandwidth utilization: 17.031669 GB/s
506117216.000000
Validation OK.
tuned params: 3000 3000 2998 380 4 1 
Flops / stencil call:  11
Stencil computations:  224700100
Bytes transferred:     3600000000
Total Flops:           2471701100
Seconds elapsed:       0.198195
Performance in GFlop/s:     12.471058
Bandwidth utilization: 18.163931 GB/s
474565992.000000
Validation OK.
tuned params: 3000 3000 2998 380 4 1 
Flops / stencil call:  11
Stencil computations:  224700100
Bytes transferred:     3600000000
Total Flops:           2471701100
Seconds elapsed:       0.198844
Performance in GFlop/s:     12.430341
Bandwidth utilization: 18.104627 GB/s
476122820.000000
Validation OK.
tuned params: 3000 3000 2998 380 4 1 
Flops / stencil call:  11
Stencil computations:  224700100
Bytes transferred:     3600000000
Total Flops:           2471701100
Seconds elapsed:       0.199244
Performance in GFlop/s:     12.405397
Bandwidth utilization: 18.068296 GB/s
477081636.000000
Validation OK.
tuned params: 3000 3000 2998 380 4 1 
Flops / stencil call:  11
Stencil computations:  224700100
Bytes transferred:     3600000000
Total Flops:           2471701100
Seconds elapsed:       0.202190
Performance in GFlop/s:     12.224636
Bandwidth utilization: 17.805021 GB/s
484133568.000000
Validation OK.
