tuned params: 3000 3000 2998 252 2 3 
Flops / stencil call:  11
Stencil computations:  8988004000
Bytes transferred:     144000000000
Total Flops:           98868044000
Seconds elapsed:       3.110392
Performance in GFlop/s:     31.786360
Bandwidth utilization: 46.296414 GB/s
7447726044.000000
Validation OK.
tuned params: 3000 3000 2998 252 2 3 
Flops / stencil call:  11
Stencil computations:  8988004000
Bytes transferred:     144000000000
Total Flops:           98868044000
Seconds elapsed:       3.124739
Performance in GFlop/s:     31.640417
Bandwidth utilization: 46.083850 GB/s
7482079856.000000
Validation OK.
tuned params: 3000 3000 2998 252 2 3 
Flops / stencil call:  11
Stencil computations:  8988004000
Bytes transferred:     144000000000
Total Flops:           98868044000
Seconds elapsed:       3.128951
Performance in GFlop/s:     31.597826
Bandwidth utilization: 46.021816 GB/s
7492166024.000000
Validation OK.
tuned params: 3000 3000 2998 252 2 3 
Flops / stencil call:  11
Stencil computations:  8988004000
Bytes transferred:     144000000000
Total Flops:           98868044000
Seconds elapsed:       3.417234
Performance in GFlop/s:     28.932185
Bandwidth utilization: 42.139345 GB/s
8182451896.000000
Validation OK.
tuned params: 3000 3000 2998 252 2 3 
Flops / stencil call:  11
Stencil computations:  8988004000
Bytes transferred:     144000000000
Total Flops:           98868044000
Seconds elapsed:       3.114067
Performance in GFlop/s:     31.748849
Bandwidth utilization: 46.241778 GB/s
7456526956.000000
Validation OK.
tuned params: 3000 3000 2998 252 2 3 
Flops / stencil call:  11
Stencil computations:  8988004000
Bytes transferred:     144000000000
Total Flops:           98868044000
Seconds elapsed:       3.103345
Performance in GFlop/s:     31.858542
Bandwidth utilization: 46.401545 GB/s
7430855200.000000
Validation OK.
tuned params: 3000 3000 2998 252 2 3 
Flops / stencil call:  11
Stencil computations:  8988004000
Bytes transferred:     144000000000
Total Flops:           98868044000
Seconds elapsed:       3.162006
Performance in GFlop/s:     31.267508
Bandwidth utilization: 45.540712 GB/s
7571313384.000000
Validation OK.
tuned params: 3000 3000 2998 252 2 3 
Flops / stencil call:  11
Stencil computations:  8988004000
Bytes transferred:     144000000000
Total Flops:           98868044000
Seconds elapsed:       3.100218
Performance in GFlop/s:     31.890674
Bandwidth utilization: 46.448346 GB/s
7423365044.000000
Validation OK.
tuned params: 3000 3000 2998 252 2 3 
Flops / stencil call:  11
Stencil computations:  8988004000
Bytes transferred:     144000000000
Total Flops:           98868044000
Seconds elapsed:       3.092455
Performance in GFlop/s:     31.970731
Bandwidth utilization: 46.564947 GB/s
7404778712.000000
Validation OK.
tuned params: 3000 3000 2998 252 2 3 
Flops / stencil call:  11
Stencil computations:  8988004000
Bytes transferred:     144000000000
Total Flops:           98868044000
Seconds elapsed:       3.071007
Performance in GFlop/s:     32.194014
Bandwidth utilization: 46.890157 GB/s
7353421688.000000
Validation OK.
