tuned params: 500 500 498 16 4 1 
Flops / stencil call:  11
Stencil computations:  6200100
Bytes transferred:     100000000
Total Flops:           68201100
Seconds elapsed:       0.001232
Performance in GFlop/s:     55.362134
Bandwidth utilization: 81.174840 GB/s
2949292.000000
Validation OK.
tuned params: 500 500 498 16 4 1 
Flops / stencil call:  11
Stencil computations:  6200100
Bytes transferred:     100000000
Total Flops:           68201100
Seconds elapsed:       0.001235
Performance in GFlop/s:     55.223194
Bandwidth utilization: 80.971120 GB/s
2956644.000000
Validation OK.
tuned params: 500 500 498 16 4 1 
Flops / stencil call:  11
Stencil computations:  6200100
Bytes transferred:     100000000
Total Flops:           68201100
Seconds elapsed:       0.001215
Performance in GFlop/s:     56.122454
Bandwidth utilization: 82.289661 GB/s
2909808.000000
Validation OK.
tuned params: 500 500 498 16 4 1 
Flops / stencil call:  11
Stencil computations:  6200100
Bytes transferred:     100000000
Total Flops:           68201100
Seconds elapsed:       0.001221
Performance in GFlop/s:     55.848525
Bandwidth utilization: 81.888012 GB/s
2923044.000000
Validation OK.
tuned params: 500 500 498 16 4 1 
Flops / stencil call:  11
Stencil computations:  6200100
Bytes transferred:     100000000
Total Flops:           68201100
Seconds elapsed:       0.001220
Performance in GFlop/s:     55.903097
Bandwidth utilization: 81.968028 GB/s
2921316.000000
Validation OK.
tuned params: 500 500 498 16 4 1 
Flops / stencil call:  11
Stencil computations:  6200100
Bytes transferred:     100000000
Total Flops:           68201100
Seconds elapsed:       0.001206
Performance in GFlop/s:     56.555189
Bandwidth utilization: 82.924160 GB/s
2887200.000000
Validation OK.
tuned params: 500 500 498 16 4 1 
Flops / stencil call:  11
Stencil computations:  6200100
Bytes transferred:     100000000
Total Flops:           68201100
Seconds elapsed:       0.001217
Performance in GFlop/s:     56.034505
Bandwidth utilization: 82.160705 GB/s
2912700.000000
Validation OK.
tuned params: 500 500 498 16 4 1 
Flops / stencil call:  11
Stencil computations:  6200100
Bytes transferred:     100000000
Total Flops:           68201100
Seconds elapsed:       0.001222
Performance in GFlop/s:     55.815833
Bandwidth utilization: 81.840078 GB/s
2924384.000000
Validation OK.
tuned params: 500 500 498 16 4 1 
Flops / stencil call:  11
Stencil computations:  6200100
Bytes transferred:     100000000
Total Flops:           68201100
Seconds elapsed:       0.001247
Performance in GFlop/s:     54.684792
Bandwidth utilization: 80.181686 GB/s
2985560.000000
Validation OK.
tuned params: 500 500 498 16 4 1 
Flops / stencil call:  11
Stencil computations:  6200100
Bytes transferred:     100000000
Total Flops:           68201100
Seconds elapsed:       0.001230
Performance in GFlop/s:     55.447983
Bandwidth utilization: 81.300717 GB/s
2943480.000000
Validation OK.
