tuned params: 3000 3000 2998 156 1 4 
Flops / stencil call:  11
Stencil computations:  224700100
Bytes transferred:     3600000000
Total Flops:           2471701100
Seconds elapsed:       0.067235
Performance in GFlop/s:     36.762123
Bandwidth utilization: 53.543547 GB/s
160990084.000000
Validation OK.
tuned params: 3000 3000 2998 156 1 4 
Flops / stencil call:  11
Stencil computations:  224700100
Bytes transferred:     3600000000
Total Flops:           2471701100
Seconds elapsed:       0.068557
Performance in GFlop/s:     36.053215
Bandwidth utilization: 52.511031 GB/s
164153924.000000
Validation OK.
tuned params: 3000 3000 2998 156 1 4 
Flops / stencil call:  11
Stencil computations:  224700100
Bytes transferred:     3600000000
Total Flops:           2471701100
Seconds elapsed:       0.066646
Performance in GFlop/s:     37.086958
Bandwidth utilization: 54.016665 GB/s
159580080.000000
Validation OK.
tuned params: 3000 3000 2998 156 1 4 
Flops / stencil call:  11
Stencil computations:  224700100
Bytes transferred:     3600000000
Total Flops:           2471701100
Seconds elapsed:       0.066025
Performance in GFlop/s:     37.435826
Bandwidth utilization: 54.524786 GB/s
158092032.000000
Validation OK.
tuned params: 3000 3000 2998 156 1 4 
Flops / stencil call:  11
Stencil computations:  224700100
Bytes transferred:     3600000000
Total Flops:           2471701100
Seconds elapsed:       0.063649
Performance in GFlop/s:     38.833343
Bandwidth utilization: 56.560251 GB/s
152404080.000000
Validation OK.
