tuned params: 3000 3000 2998 76 4 3 
Flops / stencil call:  11
Stencil computations:  5392802400
Bytes transferred:     86400000000
Total Flops:           59320826400
Seconds elapsed:       1.644765
Performance in GFlop/s:     36.066442
Bandwidth utilization: 52.530296 GB/s
3938332580.000000
Validation OK.
tuned params: 3000 3000 2998 76 4 3 
Flops / stencil call:  11
Stencil computations:  5392802400
Bytes transferred:     86400000000
Total Flops:           59320826400
Seconds elapsed:       1.578138
Performance in GFlop/s:     37.589128
Bandwidth utilization: 54.748068 GB/s
3778798164.000000
Validation OK.
tuned params: 3000 3000 2998 76 4 3 
Flops / stencil call:  11
Stencil computations:  5392802400
Bytes transferred:     86400000000
Total Flops:           59320826400
Seconds elapsed:       1.668376
Performance in GFlop/s:     35.556030
Bandwidth utilization: 51.786888 GB/s
3994869804.000000
Validation OK.
tuned params: 3000 3000 2998 76 4 3 
Flops / stencil call:  11
Stencil computations:  5392802400
Bytes transferred:     86400000000
Total Flops:           59320826400
Seconds elapsed:       1.613159
Performance in GFlop/s:     36.773082
Bandwidth utilization: 53.559508 GB/s
3862653552.000000
Validation OK.
tuned params: 3000 3000 2998 76 4 3 
Flops / stencil call:  11
Stencil computations:  5392802400
Bytes transferred:     86400000000
Total Flops:           59320826400
Seconds elapsed:       1.717900
Performance in GFlop/s:     34.531012
Bandwidth utilization: 50.293962 GB/s
4113451996.000000
Validation OK.
tuned params: 3000 3000 2998 76 4 3 
Flops / stencil call:  11
Stencil computations:  5392802400
Bytes transferred:     86400000000
Total Flops:           59320826400
Seconds elapsed:       1.669055
Performance in GFlop/s:     35.541565
Bandwidth utilization: 51.765820 GB/s
3996494228.000000
Validation OK.
tuned params: 3000 3000 2998 76 4 3 
Flops / stencil call:  11
Stencil computations:  5392802400
Bytes transferred:     86400000000
Total Flops:           59320826400
Seconds elapsed:       1.633316
Performance in GFlop/s:     36.319258
Bandwidth utilization: 52.898519 GB/s
3910918936.000000
Validation OK.
tuned params: 3000 3000 2998 76 4 3 
Flops / stencil call:  11
Stencil computations:  5392802400
Bytes transferred:     86400000000
Total Flops:           59320826400
Seconds elapsed:       1.643756
Performance in GFlop/s:     36.088586
Bandwidth utilization: 52.562549 GB/s
3935918256.000000
Validation OK.
tuned params: 3000 3000 2998 76 4 3 
Flops / stencil call:  11
Stencil computations:  5392802400
Bytes transferred:     86400000000
Total Flops:           59320826400
Seconds elapsed:       1.734577
Performance in GFlop/s:     34.199012
Bandwidth utilization: 49.810410 GB/s
4153384216.000000
Validation OK.
tuned params: 3000 3000 2998 76 4 3 
Flops / stencil call:  11
Stencil computations:  5392802400
Bytes transferred:     86400000000
Total Flops:           59320826400
Seconds elapsed:       1.603188
Performance in GFlop/s:     37.001790
Bandwidth utilization: 53.892618 GB/s
3838778784.000000
Validation OK.
