tuned params: 3000 3000 2998 128 2 0 
Flops / stencil call:  11
Stencil computations:  5392802400
Bytes transferred:     86400000000
Total Flops:           59320826400
Seconds elapsed:       1.407700
Performance in GFlop/s:     42.140253
Bandwidth utilization: 61.376721 GB/s
3370689268.000000
Validation OK.
tuned params: 3000 3000 2998 128 2 0 
Flops / stencil call:  11
Stencil computations:  5392802400
Bytes transferred:     86400000000
Total Flops:           59320826400
Seconds elapsed:       1.460072
Performance in GFlop/s:     40.628698
Bandwidth utilization: 59.175162 GB/s
3496092548.000000
Validation OK.
tuned params: 3000 3000 2998 128 2 0 
Flops / stencil call:  11
Stencil computations:  5392802400
Bytes transferred:     86400000000
Total Flops:           59320826400
Seconds elapsed:       1.449266
Performance in GFlop/s:     40.931636
Bandwidth utilization: 59.616387 GB/s
3470217688.000000
Validation OK.
tuned params: 3000 3000 2998 128 2 0 
Flops / stencil call:  11
Stencil computations:  5392802400
Bytes transferred:     86400000000
Total Flops:           59320826400
Seconds elapsed:       1.413465
Performance in GFlop/s:     41.968372
Bandwidth utilization: 61.126380 GB/s
3384493712.000000
Validation OK.
tuned params: 3000 3000 2998 128 2 0 
Flops / stencil call:  11
Stencil computations:  5392802400
Bytes transferred:     86400000000
Total Flops:           59320826400
Seconds elapsed:       1.438378
Performance in GFlop/s:     41.241470
Bandwidth utilization: 60.067656 GB/s
3444147992.000000
Validation OK.
tuned params: 3000 3000 2998 128 2 0 
Flops / stencil call:  11
Stencil computations:  5392802400
Bytes transferred:     86400000000
Total Flops:           59320826400
Seconds elapsed:       1.436614
Performance in GFlop/s:     41.292111
Bandwidth utilization: 60.141414 GB/s
3439922868.000000
Validation OK.
tuned params: 3000 3000 2998 128 2 0 
Flops / stencil call:  11
Stencil computations:  5392802400
Bytes transferred:     86400000000
Total Flops:           59320826400
Seconds elapsed:       1.371655
Performance in GFlop/s:     43.247629
Bandwidth utilization: 62.989601 GB/s
3284383972.000000
Validation OK.
tuned params: 3000 3000 2998 128 2 0 
Flops / stencil call:  11
Stencil computations:  5392802400
Bytes transferred:     86400000000
Total Flops:           59320826400
Seconds elapsed:       1.423247
Performance in GFlop/s:     41.679928
Bandwidth utilization: 60.706264 GB/s
3407917916.000000
Validation OK.
tuned params: 3000 3000 2998 128 2 0 
Flops / stencil call:  11
Stencil computations:  5392802400
Bytes transferred:     86400000000
Total Flops:           59320826400
Seconds elapsed:       1.497129
Performance in GFlop/s:     39.623057
Bandwidth utilization: 57.710459 GB/s
3584823464.000000
Validation OK.
tuned params: 3000 3000 2998 128 2 0 
Flops / stencil call:  11
Stencil computations:  5392802400
Bytes transferred:     86400000000
Total Flops:           59320826400
Seconds elapsed:       1.696464
Performance in GFlop/s:     34.967335
Bandwidth utilization: 50.929461 GB/s
4062126708.000000
Validation OK.
