tuned params: 3000 3000 2998 300 1 0 
Flops / stencil call:  11
Stencil computations:  8988004000
Bytes transferred:     144000000000
Total Flops:           98868044000
Seconds elapsed:       2.370678
Performance in GFlop/s:     41.704545
Bandwidth utilization: 60.742118 GB/s
5676505092.000000
Validation OK.
tuned params: 3000 3000 2998 300 1 0 
Flops / stencil call:  11
Stencil computations:  8988004000
Bytes transferred:     144000000000
Total Flops:           98868044000
Seconds elapsed:       2.512533
Performance in GFlop/s:     39.349949
Bandwidth utilization: 57.312681 GB/s
6016174616.000000
Validation OK.
tuned params: 3000 3000 2998 300 1 0 
Flops / stencil call:  11
Stencil computations:  8988004000
Bytes transferred:     144000000000
Total Flops:           98868044000
Seconds elapsed:       2.512440
Performance in GFlop/s:     39.351406
Bandwidth utilization: 57.314802 GB/s
6015949772.000000
Validation OK.
tuned params: 3000 3000 2998 300 1 0 
Flops / stencil call:  11
Stencil computations:  8988004000
Bytes transferred:     144000000000
Total Flops:           98868044000
Seconds elapsed:       2.514974
Performance in GFlop/s:     39.311758
Bandwidth utilization: 57.257056 GB/s
6022019216.000000
Validation OK.
tuned params: 3000 3000 2998 300 1 0 
Flops / stencil call:  11
Stencil computations:  8988004000
Bytes transferred:     144000000000
Total Flops:           98868044000
Seconds elapsed:       2.385557
Performance in GFlop/s:     41.444429
Bandwidth utilization: 60.363263 GB/s
5712133124.000000
Validation OK.
tuned params: 3000 3000 2998 300 1 0 
Flops / stencil call:  11
Stencil computations:  8988004000
Bytes transferred:     144000000000
Total Flops:           98868044000
Seconds elapsed:       2.523941
Performance in GFlop/s:     39.172089
Bandwidth utilization: 57.053631 GB/s
6043489584.000000
Validation OK.
tuned params: 3000 3000 2998 300 1 0 
Flops / stencil call:  11
Stencil computations:  8988004000
Bytes transferred:     144000000000
Total Flops:           98868044000
Seconds elapsed:       2.560504
Performance in GFlop/s:     38.612725
Bandwidth utilization: 56.238924 GB/s
6131037904.000000
Validation OK.
tuned params: 3000 3000 2998 300 1 0 
Flops / stencil call:  11
Stencil computations:  8988004000
Bytes transferred:     144000000000
Total Flops:           98868044000
Seconds elapsed:       2.386944
Performance in GFlop/s:     41.420344
Bandwidth utilization: 60.328184 GB/s
5715453340.000000
Validation OK.
tuned params: 3000 3000 2998 300 1 0 
Flops / stencil call:  11
Stencil computations:  8988004000
Bytes transferred:     144000000000
Total Flops:           98868044000
Seconds elapsed:       2.421127
Performance in GFlop/s:     40.835545
Bandwidth utilization: 59.476432 GB/s
5797304400.000000
Validation OK.
tuned params: 3000 3000 2998 300 1 0 
Flops / stencil call:  11
Stencil computations:  8988004000
Bytes transferred:     144000000000
Total Flops:           98868044000
Seconds elapsed:       2.572020
Performance in GFlop/s:     38.439842
Bandwidth utilization: 55.987122 GB/s
6158611344.000000
Validation OK.
