tuned params: 3000 3000 2998 256 1 0 
Flops / stencil call:  11
Stencil computations:  5392802400
Bytes transferred:     86400000000
Total Flops:           59320826400
Seconds elapsed:       1.404682
Performance in GFlop/s:     42.230789
Bandwidth utilization: 61.508587 GB/s
3363462340.000000
Validation OK.
tuned params: 3000 3000 2998 256 1 0 
Flops / stencil call:  11
Stencil computations:  5392802400
Bytes transferred:     86400000000
Total Flops:           59320826400
Seconds elapsed:       1.435273
Performance in GFlop/s:     41.330694
Bandwidth utilization: 60.197610 GB/s
3436713428.000000
Validation OK.
tuned params: 3000 3000 2998 256 1 0 
Flops / stencil call:  11
Stencil computations:  5392802400
Bytes transferred:     86400000000
Total Flops:           59320826400
Seconds elapsed:       1.456938
Performance in GFlop/s:     40.716094
Bandwidth utilization: 59.302454 GB/s
3488590356.000000
Validation OK.
tuned params: 3000 3000 2998 256 1 0 
Flops / stencil call:  11
Stencil computations:  5392802400
Bytes transferred:     86400000000
Total Flops:           59320826400
Seconds elapsed:       1.423728
Performance in GFlop/s:     41.665843
Bandwidth utilization: 60.685749 GB/s
3409069396.000000
Validation OK.
tuned params: 3000 3000 2998 256 1 0 
Flops / stencil call:  11
Stencil computations:  5392802400
Bytes transferred:     86400000000
Total Flops:           59320826400
Seconds elapsed:       1.424144
Performance in GFlop/s:     41.653671
Bandwidth utilization: 60.668021 GB/s
3410063012.000000
Validation OK.
tuned params: 3000 3000 2998 256 1 0 
Flops / stencil call:  11
Stencil computations:  5392802400
Bytes transferred:     86400000000
Total Flops:           59320826400
Seconds elapsed:       1.415528
Performance in GFlop/s:     41.907213
Bandwidth utilization: 61.037303 GB/s
3389433396.000000
Validation OK.
tuned params: 3000 3000 2998 256 1 0 
Flops / stencil call:  11
Stencil computations:  5392802400
Bytes transferred:     86400000000
Total Flops:           59320826400
Seconds elapsed:       1.418699
Performance in GFlop/s:     41.813539
Bandwidth utilization: 60.900867 GB/s
3397027328.000000
Validation OK.
tuned params: 3000 3000 2998 256 1 0 
Flops / stencil call:  11
Stencil computations:  5392802400
Bytes transferred:     86400000000
Total Flops:           59320826400
Seconds elapsed:       1.434763
Performance in GFlop/s:     41.345385
Bandwidth utilization: 60.219007 GB/s
3435489868.000000
Validation OK.
tuned params: 3000 3000 2998 256 1 0 
Flops / stencil call:  11
Stencil computations:  5392802400
Bytes transferred:     86400000000
Total Flops:           59320826400
Seconds elapsed:       1.442787
Performance in GFlop/s:     41.115438
Bandwidth utilization: 59.884092 GB/s
3454702772.000000
Validation OK.
tuned params: 3000 3000 2998 256 1 0 
Flops / stencil call:  11
Stencil computations:  5392802400
Bytes transferred:     86400000000
Total Flops:           59320826400
Seconds elapsed:       1.408674
Performance in GFlop/s:     42.111110
Bandwidth utilization: 61.334276 GB/s
3373018508.000000
Validation OK.
