tuned params: 500 500 498 16 4 1 
Flops / stencil call:  11
Stencil computations:  6200100
Bytes transferred:     100000000
Total Flops:           68201100
Seconds elapsed:       0.001242
Performance in GFlop/s:     54.915751
Bandwidth utilization: 80.520330 GB/s
2973740.000000
Validation OK.
tuned params: 500 500 498 16 4 1 
Flops / stencil call:  11
Stencil computations:  6200100
Bytes transferred:     100000000
Total Flops:           68201100
Seconds elapsed:       0.001234
Performance in GFlop/s:     55.265871
Bandwidth utilization: 81.033694 GB/s
2952956.000000
Validation OK.
tuned params: 500 500 498 16 4 1 
Flops / stencil call:  11
Stencil computations:  6200100
Bytes transferred:     100000000
Total Flops:           68201100
Seconds elapsed:       0.001224
Performance in GFlop/s:     55.717987
Bandwidth utilization: 81.696611 GB/s
2929500.000000
Validation OK.
tuned params: 500 500 498 16 4 1 
Flops / stencil call:  11
Stencil computations:  6200100
Bytes transferred:     100000000
Total Flops:           68201100
Seconds elapsed:       0.001223
Performance in GFlop/s:     55.761432
Bandwidth utilization: 81.760312 GB/s
2927056.000000
Validation OK.
tuned params: 500 500 498 16 4 1 
Flops / stencil call:  11
Stencil computations:  6200100
Bytes transferred:     100000000
Total Flops:           68201100
Seconds elapsed:       0.001219
Performance in GFlop/s:     55.957775
Bandwidth utilization: 82.048200 GB/s
2919164.000000
Validation OK.
