tuned params: 3000 3000 2998 156 1 4 
Flops / stencil call:  11
Stencil computations:  224700100
Bytes transferred:     3600000000
Total Flops:           2471701100
Seconds elapsed:       0.067033
Performance in GFlop/s:     36.872871
Bandwidth utilization: 53.704850 GB/s
160507820.000000
Validation OK.
tuned params: 3000 3000 2998 156 1 4 
Flops / stencil call:  11
Stencil computations:  224700100
Bytes transferred:     3600000000
Total Flops:           2471701100
Seconds elapsed:       0.065255
Performance in GFlop/s:     37.877617
Bandwidth utilization: 55.168248 GB/s
156250984.000000
Validation OK.
tuned params: 3000 3000 2998 156 1 4 
Flops / stencil call:  11
Stencil computations:  224700100
Bytes transferred:     3600000000
Total Flops:           2471701100
Seconds elapsed:       0.064879
Performance in GFlop/s:     38.097125
Bandwidth utilization: 55.487959 GB/s
155349392.000000
Validation OK.
tuned params: 3000 3000 2998 156 1 4 
Flops / stencil call:  11
Stencil computations:  224700100
Bytes transferred:     3600000000
Total Flops:           2471701100
Seconds elapsed:       0.066141
Performance in GFlop/s:     37.370108
Bandwidth utilization: 54.429068 GB/s
158372068.000000
Validation OK.
tuned params: 3000 3000 2998 156 1 4 
Flops / stencil call:  11
Stencil computations:  224700100
Bytes transferred:     3600000000
Total Flops:           2471701100
Seconds elapsed:       0.064413
Performance in GFlop/s:     38.372664
Bandwidth utilization: 55.889278 GB/s
154231744.000000
Validation OK.
tuned params: 3000 3000 2998 156 1 4 
Flops / stencil call:  11
Stencil computations:  224700100
Bytes transferred:     3600000000
Total Flops:           2471701100
Seconds elapsed:       0.065680
Performance in GFlop/s:     37.632462
Bandwidth utilization: 54.811183 GB/s
157267660.000000
Validation OK.
tuned params: 3000 3000 2998 156 1 4 
Flops / stencil call:  11
Stencil computations:  224700100
Bytes transferred:     3600000000
Total Flops:           2471701100
Seconds elapsed:       0.063622
Performance in GFlop/s:     38.849788
Bandwidth utilization: 56.584202 GB/s
152340804.000000
Validation OK.
tuned params: 3000 3000 2998 156 1 4 
Flops / stencil call:  11
Stencil computations:  224700100
Bytes transferred:     3600000000
Total Flops:           2471701100
Seconds elapsed:       0.064687
Performance in GFlop/s:     38.210159
Bandwidth utilization: 55.652592 GB/s
154889928.000000
Validation OK.
tuned params: 3000 3000 2998 156 1 4 
Flops / stencil call:  11
Stencil computations:  224700100
Bytes transferred:     3600000000
Total Flops:           2471701100
Seconds elapsed:       0.063690
Performance in GFlop/s:     38.808340
Bandwidth utilization: 56.523834 GB/s
152501128.000000
Validation OK.
tuned params: 3000 3000 2998 156 1 4 
Flops / stencil call:  11
Stencil computations:  224700100
Bytes transferred:     3600000000
Total Flops:           2471701100
Seconds elapsed:       0.065306
Performance in GFlop/s:     37.848024
Bandwidth utilization: 55.125147 GB/s
156372728.000000
Validation OK.
