tuned params: 3000 3000 2998 252 2 3 
Flops / stencil call:  11
Stencil computations:  5392802400
Bytes transferred:     86400000000
Total Flops:           59320826400
Seconds elapsed:       1.869747
Performance in GFlop/s:     31.726661
Bandwidth utilization: 46.209462 GB/s
4477044068.000000
Validation OK.
tuned params: 3000 3000 2998 252 2 3 
Flops / stencil call:  11
Stencil computations:  5392802400
Bytes transferred:     86400000000
Total Flops:           59320826400
Seconds elapsed:       1.865503
Performance in GFlop/s:     31.798836
Bandwidth utilization: 46.314585 GB/s
4466883340.000000
Validation OK.
tuned params: 3000 3000 2998 252 2 3 
Flops / stencil call:  11
Stencil computations:  5392802400
Bytes transferred:     86400000000
Total Flops:           59320826400
Seconds elapsed:       2.003214
Performance in GFlop/s:     29.612824
Bandwidth utilization: 43.130686 GB/s
4796628988.000000
Validation OK.
tuned params: 3000 3000 2998 252 2 3 
Flops / stencil call:  11
Stencil computations:  5392802400
Bytes transferred:     86400000000
Total Flops:           59320826400
Seconds elapsed:       1.861923
Performance in GFlop/s:     31.859979
Bandwidth utilization: 46.403638 GB/s
4458312332.000000
Validation OK.
tuned params: 3000 3000 2998 252 2 3 
Flops / stencil call:  11
Stencil computations:  5392802400
Bytes transferred:     86400000000
Total Flops:           59320826400
Seconds elapsed:       1.850767
Performance in GFlop/s:     32.052025
Bandwidth utilization: 46.683351 GB/s
4431595752.000000
Validation OK.
tuned params: 3000 3000 2998 252 2 3 
Flops / stencil call:  11
Stencil computations:  5392802400
Bytes transferred:     86400000000
Total Flops:           59320826400
Seconds elapsed:       1.874398
Performance in GFlop/s:     31.647935
Bandwidth utilization: 46.094800 GB/s
4488181068.000000
Validation OK.
tuned params: 3000 3000 2998 252 2 3 
Flops / stencil call:  11
Stencil computations:  5392802400
Bytes transferred:     86400000000
Total Flops:           59320826400
Seconds elapsed:       1.882804
Performance in GFlop/s:     31.506637
Bandwidth utilization: 45.889000 GB/s
4508309576.000000
Validation OK.
tuned params: 3000 3000 2998 252 2 3 
Flops / stencil call:  11
Stencil computations:  5392802400
Bytes transferred:     86400000000
Total Flops:           59320826400
Seconds elapsed:       1.852407
Performance in GFlop/s:     32.023647
Bandwidth utilization: 46.642018 GB/s
4435525432.000000
Validation OK.
tuned params: 3000 3000 2998 252 2 3 
Flops / stencil call:  11
Stencil computations:  5392802400
Bytes transferred:     86400000000
Total Flops:           59320826400
Seconds elapsed:       1.892856
Performance in GFlop/s:     31.339325
Bandwidth utilization: 45.645313 GB/s
4532377860.000000
Validation OK.
tuned params: 3000 3000 2998 252 2 3 
Flops / stencil call:  11
Stencil computations:  5392802400
Bytes transferred:     86400000000
Total Flops:           59320826400
Seconds elapsed:       1.849379
Performance in GFlop/s:     32.076078
Bandwidth utilization: 46.718383 GB/s
4428276964.000000
Validation OK.
