tuned params: 3000 3000 2998 380 4 1 
Flops / stencil call:  11
Stencil computations:  224700100
Bytes transferred:     3600000000
Total Flops:           2471701100
Seconds elapsed:       0.199148
Performance in GFlop/s:     12.411367
Bandwidth utilization: 18.076992 GB/s
476852736.000000
Validation OK.
tuned params: 3000 3000 2998 380 4 1 
Flops / stencil call:  11
Stencil computations:  224700100
Bytes transferred:     3600000000
Total Flops:           2471701100
Seconds elapsed:       0.198333
Performance in GFlop/s:     12.462378
Bandwidth utilization: 18.151289 GB/s
474901440.000000
Validation OK.
tuned params: 3000 3000 2998 380 4 1 
Flops / stencil call:  11
Stencil computations:  224700100
Bytes transferred:     3600000000
Total Flops:           2471701100
Seconds elapsed:       0.198205
Performance in GFlop/s:     12.470428
Bandwidth utilization: 18.163014 GB/s
474595396.000000
Validation OK.
tuned params: 3000 3000 2998 380 4 1 
Flops / stencil call:  11
Stencil computations:  224700100
Bytes transferred:     3600000000
Total Flops:           2471701100
Seconds elapsed:       0.197052
Performance in GFlop/s:     12.543395
Bandwidth utilization: 18.269289 GB/s
471832128.000000
Validation OK.
tuned params: 3000 3000 2998 380 4 1 
Flops / stencil call:  11
Stencil computations:  224700100
Bytes transferred:     3600000000
Total Flops:           2471701100
Seconds elapsed:       0.199141
Performance in GFlop/s:     12.411813
Bandwidth utilization: 18.077641 GB/s
476833744.000000
Validation OK.
tuned params: 3000 3000 2998 380 4 1 
Flops / stencil call:  11
Stencil computations:  224700100
Bytes transferred:     3600000000
Total Flops:           2471701100
Seconds elapsed:       0.198470
Performance in GFlop/s:     12.453770
Bandwidth utilization: 18.138751 GB/s
475228544.000000
Validation OK.
tuned params: 3000 3000 2998 380 4 1 
Flops / stencil call:  11
Stencil computations:  224700100
Bytes transferred:     3600000000
Total Flops:           2471701100
Seconds elapsed:       0.198824
Performance in GFlop/s:     12.431593
Bandwidth utilization: 18.106451 GB/s
476075792.000000
Validation OK.
tuned params: 3000 3000 2998 380 4 1 
Flops / stencil call:  11
Stencil computations:  224700100
Bytes transferred:     3600000000
Total Flops:           2471701100
Seconds elapsed:       0.197303
Performance in GFlop/s:     12.527434
Bandwidth utilization: 18.246043 GB/s
472436056.000000
Validation OK.
tuned params: 3000 3000 2998 380 4 1 
Flops / stencil call:  11
Stencil computations:  224700100
Bytes transferred:     3600000000
Total Flops:           2471701100
Seconds elapsed:       0.199221
Performance in GFlop/s:     12.406837
Bandwidth utilization: 18.070394 GB/s
477026092.000000
Validation OK.
tuned params: 3000 3000 2998 380 4 1 
Flops / stencil call:  11
Stencil computations:  224700100
Bytes transferred:     3600000000
Total Flops:           2471701100
Seconds elapsed:       0.199862
Performance in GFlop/s:     12.367039
Bandwidth utilization: 18.012428 GB/s
478561856.000000
Validation OK.
