tuned params: 3000 3000 2998 76 4 3 
Flops / stencil call:  11
Stencil computations:  898800400
Bytes transferred:     14400000000
Total Flops:           9886804400
Seconds elapsed:       0.258134
Performance in GFlop/s:     38.301036
Bandwidth utilization: 55.784953 GB/s
618093852.000000
Validation OK.
tuned params: 3000 3000 2998 76 4 3 
Flops / stencil call:  11
Stencil computations:  898800400
Bytes transferred:     14400000000
Total Flops:           9886804400
Seconds elapsed:       0.270716
Performance in GFlop/s:     36.520952
Bandwidth utilization: 53.192285 GB/s
648222108.000000
Validation OK.
tuned params: 3000 3000 2998 76 4 3 
Flops / stencil call:  11
Stencil computations:  898800400
Bytes transferred:     14400000000
Total Flops:           9886804400
Seconds elapsed:       0.271236
Performance in GFlop/s:     36.450905
Bandwidth utilization: 53.090262 GB/s
649464400.000000
Validation OK.
tuned params: 3000 3000 2998 76 4 3 
Flops / stencil call:  11
Stencil computations:  898800400
Bytes transferred:     14400000000
Total Flops:           9886804400
Seconds elapsed:       0.268131
Performance in GFlop/s:     36.873035
Bandwidth utilization: 53.705088 GB/s
642030500.000000
Validation OK.
tuned params: 3000 3000 2998 76 4 3 
Flops / stencil call:  11
Stencil computations:  898800400
Bytes transferred:     14400000000
Total Flops:           9886804400
Seconds elapsed:       0.273177
Performance in GFlop/s:     36.191948
Bandwidth utilization: 52.713094 GB/s
654111764.000000
Validation OK.
