tuned params: 3000 3000 2998 376 2 3 
Flops / stencil call:  11
Stencil computations:  5392802400
Bytes transferred:     86400000000
Total Flops:           59320826400
Seconds elapsed:       2.589811
Performance in GFlop/s:     22.905465
Bandwidth utilization: 33.361507 GB/s
6201212324.000000
Validation OK.
tuned params: 3000 3000 2998 376 2 3 
Flops / stencil call:  11
Stencil computations:  5392802400
Bytes transferred:     86400000000
Total Flops:           59320826400
Seconds elapsed:       2.575215
Performance in GFlop/s:     23.035290
Bandwidth utilization: 33.550595 GB/s
6166262992.000000
Validation OK.
tuned params: 3000 3000 2998 376 2 3 
Flops / stencil call:  11
Stencil computations:  5392802400
Bytes transferred:     86400000000
Total Flops:           59320826400
Seconds elapsed:       2.572423
Performance in GFlop/s:     23.060293
Bandwidth utilization: 33.587011 GB/s
6159579264.000000
Validation OK.
tuned params: 3000 3000 2998 376 2 3 
Flops / stencil call:  11
Stencil computations:  5392802400
Bytes transferred:     86400000000
Total Flops:           59320826400
Seconds elapsed:       2.605700
Performance in GFlop/s:     22.765793
Bandwidth utilization: 33.158076 GB/s
6239260028.000000
Validation OK.
tuned params: 3000 3000 2998 376 2 3 
Flops / stencil call:  11
Stencil computations:  5392802400
Bytes transferred:     86400000000
Total Flops:           59320826400
Seconds elapsed:       2.586042
Performance in GFlop/s:     22.938849
Bandwidth utilization: 33.410131 GB/s
6192190068.000000
Validation OK.
tuned params: 3000 3000 2998 376 2 3 
Flops / stencil call:  11
Stencil computations:  5392802400
Bytes transferred:     86400000000
Total Flops:           59320826400
Seconds elapsed:       2.582166
Performance in GFlop/s:     22.973282
Bandwidth utilization: 33.460282 GB/s
6182908604.000000
Validation OK.
tuned params: 3000 3000 2998 376 2 3 
Flops / stencil call:  11
Stencil computations:  5392802400
Bytes transferred:     86400000000
Total Flops:           59320826400
Seconds elapsed:       2.571530
Performance in GFlop/s:     23.068299
Bandwidth utilization: 33.598673 GB/s
6157441548.000000
Validation OK.
tuned params: 3000 3000 2998 376 2 3 
Flops / stencil call:  11
Stencil computations:  5392802400
Bytes transferred:     86400000000
Total Flops:           59320826400
Seconds elapsed:       2.569891
Performance in GFlop/s:     23.083013
Bandwidth utilization: 33.620103 GB/s
6153517284.000000
Validation OK.
tuned params: 3000 3000 2998 376 2 3 
Flops / stencil call:  11
Stencil computations:  5392802400
Bytes transferred:     86400000000
Total Flops:           59320826400
Seconds elapsed:       2.563961
Performance in GFlop/s:     23.136402
Bandwidth utilization: 33.697863 GB/s
6139315392.000000
Validation OK.
tuned params: 3000 3000 2998 376 2 3 
Flops / stencil call:  11
Stencil computations:  5392802400
Bytes transferred:     86400000000
Total Flops:           59320826400
Seconds elapsed:       2.609340
Performance in GFlop/s:     22.734035
Bandwidth utilization: 33.111822 GB/s
6247976740.000000
Validation OK.
