tuned params: 500 500 498 256 1 1 
Flops / stencil call:  11
Stencil computations:  148802400
Bytes transferred:     2400000000
Total Flops:           1636826400
Seconds elapsed:       0.105822
Performance in GFlop/s:     15.467755
Bandwidth utilization: 22.679627 GB/s
253386612.000000
Validation OK.
tuned params: 500 500 498 256 1 1 
Flops / stencil call:  11
Stencil computations:  148802400
Bytes transferred:     2400000000
Total Flops:           1636826400
Seconds elapsed:       0.105081
Performance in GFlop/s:     15.576794
Bandwidth utilization: 22.839506 GB/s
251612736.000000
Validation OK.
tuned params: 500 500 498 256 1 1 
Flops / stencil call:  11
Stencil computations:  148802400
Bytes transferred:     2400000000
Total Flops:           1636826400
Seconds elapsed:       0.106392
Performance in GFlop/s:     15.384843
Bandwidth utilization: 22.558056 GB/s
254750688.000000
Validation OK.
tuned params: 500 500 498 256 1 1 
Flops / stencil call:  11
Stencil computations:  148802400
Bytes transferred:     2400000000
Total Flops:           1636826400
Seconds elapsed:       0.104964
Performance in GFlop/s:     15.594167
Bandwidth utilization: 22.864978 GB/s
251332192.000000
Validation OK.
tuned params: 500 500 498 256 1 1 
Flops / stencil call:  11
Stencil computations:  148802400
Bytes transferred:     2400000000
Total Flops:           1636826400
Seconds elapsed:       0.105222
Performance in GFlop/s:     15.555935
Bandwidth utilization: 22.808921 GB/s
251951604.000000
Validation OK.
tuned params: 500 500 498 256 1 1 
Flops / stencil call:  11
Stencil computations:  148802400
Bytes transferred:     2400000000
Total Flops:           1636826400
Seconds elapsed:       0.104920
Performance in GFlop/s:     15.600722
Bandwidth utilization: 22.874591 GB/s
251225856.000000
Validation OK.
tuned params: 500 500 498 256 1 1 
Flops / stencil call:  11
Stencil computations:  148802400
Bytes transferred:     2400000000
Total Flops:           1636826400
Seconds elapsed:       0.105185
Performance in GFlop/s:     15.561436
Bandwidth utilization: 22.816986 GB/s
251862460.000000
Validation OK.
tuned params: 500 500 498 256 1 1 
Flops / stencil call:  11
Stencil computations:  148802400
Bytes transferred:     2400000000
Total Flops:           1636826400
Seconds elapsed:       0.105704
Performance in GFlop/s:     15.485024
Bandwidth utilization: 22.704948 GB/s
253103924.000000
Validation OK.
tuned params: 500 500 498 256 1 1 
Flops / stencil call:  11
Stencil computations:  148802400
Bytes transferred:     2400000000
Total Flops:           1636826400
Seconds elapsed:       0.106089
Performance in GFlop/s:     15.428822
Bandwidth utilization: 22.622541 GB/s
254027588.000000
Validation OK.
tuned params: 500 500 498 256 1 1 
Flops / stencil call:  11
Stencil computations:  148802400
Bytes transferred:     2400000000
Total Flops:           1636826400
Seconds elapsed:       0.105937
Performance in GFlop/s:     15.450941
Bandwidth utilization: 22.654973 GB/s
253661916.000000
Validation OK.
