tuned params: 3000 3000 2998 376 4 1 
Flops / stencil call:  11
Stencil computations:  8988004000
Bytes transferred:     144000000000
Total Flops:           98868044000
Seconds elapsed:       7.820374
Performance in GFlop/s:     12.642368
Bandwidth utilization: 18.413442 GB/s
18725629496.000000
Validation OK.
tuned params: 3000 3000 2998 376 4 1 
Flops / stencil call:  11
Stencil computations:  8988004000
Bytes transferred:     144000000000
Total Flops:           98868044000
Seconds elapsed:       7.838270
Performance in GFlop/s:     12.613503
Bandwidth utilization: 18.371400 GB/s
18768481276.000000
Validation OK.
tuned params: 3000 3000 2998 376 4 1 
Flops / stencil call:  11
Stencil computations:  8988004000
Bytes transferred:     144000000000
Total Flops:           98868044000
Seconds elapsed:       7.826401
Performance in GFlop/s:     12.632632
Bandwidth utilization: 18.399262 GB/s
18740058052.000000
Validation OK.
tuned params: 3000 3000 2998 376 4 1 
Flops / stencil call:  11
Stencil computations:  8988004000
Bytes transferred:     144000000000
Total Flops:           98868044000
Seconds elapsed:       7.820385
Performance in GFlop/s:     12.642350
Bandwidth utilization: 18.413416 GB/s
18725654396.000000
Validation OK.
tuned params: 3000 3000 2998 376 4 1 
Flops / stencil call:  11
Stencil computations:  8988004000
Bytes transferred:     144000000000
Total Flops:           98868044000
Seconds elapsed:       7.781052
Performance in GFlop/s:     12.706257
Bandwidth utilization: 18.506495 GB/s
18631472788.000000
Validation OK.
tuned params: 3000 3000 2998 376 4 1 
Flops / stencil call:  11
Stencil computations:  8988004000
Bytes transferred:     144000000000
Total Flops:           98868044000
Seconds elapsed:       7.775246
Performance in GFlop/s:     12.715745
Bandwidth utilization: 18.520315 GB/s
18617570748.000000
Validation OK.
tuned params: 3000 3000 2998 376 4 1 
Flops / stencil call:  11
Stencil computations:  8988004000
Bytes transferred:     144000000000
Total Flops:           98868044000
Seconds elapsed:       7.808092
Performance in GFlop/s:     12.662254
Bandwidth utilization: 18.442405 GB/s
18696219708.000000
Validation OK.
tuned params: 3000 3000 2998 376 4 1 
Flops / stencil call:  11
Stencil computations:  8988004000
Bytes transferred:     144000000000
Total Flops:           98868044000
Seconds elapsed:       7.818915
Performance in GFlop/s:     12.644727
Bandwidth utilization: 18.416878 GB/s
18722134268.000000
Validation OK.
tuned params: 3000 3000 2998 376 4 1 
Flops / stencil call:  11
Stencil computations:  8988004000
Bytes transferred:     144000000000
Total Flops:           98868044000
Seconds elapsed:       7.815313
Performance in GFlop/s:     12.650555
Bandwidth utilization: 18.425366 GB/s
18713506920.000000
Validation OK.
tuned params: 3000 3000 2998 376 4 1 
Flops / stencil call:  11
Stencil computations:  8988004000
Bytes transferred:     144000000000
Total Flops:           98868044000
Seconds elapsed:       7.806449
Performance in GFlop/s:     12.664919
Bandwidth utilization: 18.446287 GB/s
18692286296.000000
Validation OK.
