tuned params: 3000 3000 2998 128 2 0 
Flops / stencil call:  11
Stencil computations:  5392802400
Bytes transferred:     86400000000
Total Flops:           59320826400
Seconds elapsed:       1.414757
Performance in GFlop/s:     41.930046
Bandwidth utilization: 61.070558 GB/s
3387587224.000000
Validation OK.
tuned params: 3000 3000 2998 128 2 0 
Flops / stencil call:  11
Stencil computations:  5392802400
Bytes transferred:     86400000000
Total Flops:           59320826400
Seconds elapsed:       1.428721
Performance in GFlop/s:     41.520233
Bandwidth utilization: 60.473670 GB/s
3421022472.000000
Validation OK.
tuned params: 3000 3000 2998 128 2 0 
Flops / stencil call:  11
Stencil computations:  5392802400
Bytes transferred:     86400000000
Total Flops:           59320826400
Seconds elapsed:       1.406275
Performance in GFlop/s:     42.182948
Bandwidth utilization: 61.438906 GB/s
3367277404.000000
Validation OK.
tuned params: 3000 3000 2998 128 2 0 
Flops / stencil call:  11
Stencil computations:  5392802400
Bytes transferred:     86400000000
Total Flops:           59320826400
Seconds elapsed:       1.392465
Performance in GFlop/s:     42.601302
Bandwidth utilization: 62.048233 GB/s
3334208648.000000
Validation OK.
tuned params: 3000 3000 2998 128 2 0 
Flops / stencil call:  11
Stencil computations:  5392802400
Bytes transferred:     86400000000
Total Flops:           59320826400
Seconds elapsed:       1.410105
Performance in GFlop/s:     42.068376
Bandwidth utilization: 61.272033 GB/s
3376449472.000000
Validation OK.
tuned params: 3000 3000 2998 128 2 0 
Flops / stencil call:  11
Stencil computations:  5392802400
Bytes transferred:     86400000000
Total Flops:           59320826400
Seconds elapsed:       1.550126
Performance in GFlop/s:     38.268394
Bandwidth utilization: 55.737410 GB/s
3711724460.000000
Validation OK.
tuned params: 3000 3000 2998 128 2 0 
Flops / stencil call:  11
Stencil computations:  5392802400
Bytes transferred:     86400000000
Total Flops:           59320826400
Seconds elapsed:       1.449328
Performance in GFlop/s:     40.929878
Bandwidth utilization: 59.613827 GB/s
3470364740.000000
Validation OK.
tuned params: 3000 3000 2998 128 2 0 
Flops / stencil call:  11
Stencil computations:  5392802400
Bytes transferred:     86400000000
Total Flops:           59320826400
Seconds elapsed:       1.480830
Performance in GFlop/s:     40.059169
Bandwidth utilization: 58.345650 GB/s
3545798296.000000
Validation OK.
tuned params: 3000 3000 2998 128 2 0 
Flops / stencil call:  11
Stencil computations:  5392802400
Bytes transferred:     86400000000
Total Flops:           59320826400
Seconds elapsed:       1.693430
Performance in GFlop/s:     35.029981
Bandwidth utilization: 51.020704 GB/s
4054861872.000000
Validation OK.
tuned params: 3000 3000 2998 128 2 0 
Flops / stencil call:  11
Stencil computations:  5392802400
Bytes transferred:     86400000000
Total Flops:           59320826400
Seconds elapsed:       1.405965
Performance in GFlop/s:     42.192247
Bandwidth utilization: 61.452450 GB/s
3366534760.000000
Validation OK.
