tuned params: 500 500 498 276 1 1 
Flops / stencil call:  11
Stencil computations:  6200100
Bytes transferred:     100000000
Total Flops:           68201100
Seconds elapsed:       0.008448
Performance in GFlop/s:     8.072928
Bandwidth utilization: 11.836948 GB/s
20226856.000000
Validation OK.
tuned params: 500 500 498 276 1 1 
Flops / stencil call:  11
Stencil computations:  6200100
Bytes transferred:     100000000
Total Flops:           68201100
Seconds elapsed:       0.008414
Performance in GFlop/s:     8.105640
Bandwidth utilization: 11.884911 GB/s
20146912.000000
Validation OK.
tuned params: 500 500 498 276 1 1 
Flops / stencil call:  11
Stencil computations:  6200100
Bytes transferred:     100000000
Total Flops:           68201100
Seconds elapsed:       0.008438
Performance in GFlop/s:     8.082509
Bandwidth utilization: 11.850995 GB/s
20203728.000000
Validation OK.
tuned params: 500 500 498 276 1 1 
Flops / stencil call:  11
Stencil computations:  6200100
Bytes transferred:     100000000
Total Flops:           68201100
Seconds elapsed:       0.008566
Performance in GFlop/s:     7.961928
Bandwidth utilization: 11.674193 GB/s
20509544.000000
Validation OK.
tuned params: 500 500 498 276 1 1 
Flops / stencil call:  11
Stencil computations:  6200100
Bytes transferred:     100000000
Total Flops:           68201100
Seconds elapsed:       0.008414
Performance in GFlop/s:     8.105640
Bandwidth utilization: 11.884911 GB/s
20145816.000000
Validation OK.
