tuned params: 3000 3000 2998 376 2 3 
Flops / stencil call:  11
Stencil computations:  5392802400
Bytes transferred:     86400000000
Total Flops:           59320826400
Seconds elapsed:       2.671087
Performance in GFlop/s:     22.208496
Bandwidth utilization: 32.346382 GB/s
6395827580.000000
Validation OK.
tuned params: 3000 3000 2998 376 2 3 
Flops / stencil call:  11
Stencil computations:  5392802400
Bytes transferred:     86400000000
Total Flops:           59320826400
Seconds elapsed:       2.597083
Performance in GFlop/s:     22.841328
Bandwidth utilization: 33.268092 GB/s
6218626920.000000
Validation OK.
tuned params: 3000 3000 2998 376 2 3 
Flops / stencil call:  11
Stencil computations:  5392802400
Bytes transferred:     86400000000
Total Flops:           59320826400
Seconds elapsed:       2.580684
Performance in GFlop/s:     22.986475
Bandwidth utilization: 33.479497 GB/s
6179359096.000000
Validation OK.
tuned params: 3000 3000 2998 376 2 3 
Flops / stencil call:  11
Stencil computations:  5392802400
Bytes transferred:     86400000000
Total Flops:           59320826400
Seconds elapsed:       2.615178
Performance in GFlop/s:     22.683283
Bandwidth utilization: 33.037903 GB/s
6261953456.000000
Validation OK.
tuned params: 3000 3000 2998 376 2 3 
Flops / stencil call:  11
Stencil computations:  5392802400
Bytes transferred:     86400000000
Total Flops:           59320826400
Seconds elapsed:       2.561704
Performance in GFlop/s:     23.156785
Bandwidth utilization: 33.727551 GB/s
6133913040.000000
Validation OK.
tuned params: 3000 3000 2998 376 2 3 
Flops / stencil call:  11
Stencil computations:  5392802400
Bytes transferred:     86400000000
Total Flops:           59320826400
Seconds elapsed:       2.586974
Performance in GFlop/s:     22.930586
Bandwidth utilization: 33.398095 GB/s
6194420032.000000
Validation OK.
tuned params: 3000 3000 2998 376 2 3 
Flops / stencil call:  11
Stencil computations:  5392802400
Bytes transferred:     86400000000
Total Flops:           59320826400
Seconds elapsed:       2.594302
Performance in GFlop/s:     22.865814
Bandwidth utilization: 33.303756 GB/s
6211966528.000000
Validation OK.
tuned params: 3000 3000 2998 376 2 3 
Flops / stencil call:  11
Stencil computations:  5392802400
Bytes transferred:     86400000000
Total Flops:           59320826400
Seconds elapsed:       2.607898
Performance in GFlop/s:     22.746605
Bandwidth utilization: 33.130130 GB/s
6244520588.000000
Validation OK.
tuned params: 3000 3000 2998 376 2 3 
Flops / stencil call:  11
Stencil computations:  5392802400
Bytes transferred:     86400000000
Total Flops:           59320826400
Seconds elapsed:       2.589773
Performance in GFlop/s:     22.905802
Bandwidth utilization: 33.361998 GB/s
6201123148.000000
Validation OK.
tuned params: 3000 3000 2998 376 2 3 
Flops / stencil call:  11
Stencil computations:  5392802400
Bytes transferred:     86400000000
Total Flops:           59320826400
Seconds elapsed:       2.569689
Performance in GFlop/s:     23.084829
Bandwidth utilization: 33.622748 GB/s
6153033064.000000
Validation OK.
