tuned params: 500 500 498 400 1 1 
Flops / stencil call:  11
Stencil computations:  148802400
Bytes transferred:     2400000000
Total Flops:           1636826400
Seconds elapsed:       0.202567
Performance in GFlop/s:     8.080416
Bandwidth utilization: 11.847926 GB/s
485039420.000000
Validation OK.
tuned params: 500 500 498 400 1 1 
Flops / stencil call:  11
Stencil computations:  148802400
Bytes transferred:     2400000000
Total Flops:           1636826400
Seconds elapsed:       0.202647
Performance in GFlop/s:     8.077231
Bandwidth utilization: 11.843256 GB/s
485232320.000000
Validation OK.
tuned params: 500 500 498 400 1 1 
Flops / stencil call:  11
Stencil computations:  148802400
Bytes transferred:     2400000000
Total Flops:           1636826400
Seconds elapsed:       0.203064
Performance in GFlop/s:     8.060644
Bandwidth utilization: 11.818936 GB/s
486230112.000000
Validation OK.
tuned params: 500 500 498 400 1 1 
Flops / stencil call:  11
Stencil computations:  148802400
Bytes transferred:     2400000000
Total Flops:           1636826400
Seconds elapsed:       0.201632
Performance in GFlop/s:     8.117889
Bandwidth utilization: 11.902871 GB/s
482801732.000000
Validation OK.
tuned params: 500 500 498 400 1 1 
Flops / stencil call:  11
Stencil computations:  148802400
Bytes transferred:     2400000000
Total Flops:           1636826400
Seconds elapsed:       0.202712
Performance in GFlop/s:     8.074638
Bandwidth utilization: 11.839454 GB/s
485384992.000000
Validation OK.
tuned params: 500 500 498 400 1 1 
Flops / stencil call:  11
Stencil computations:  148802400
Bytes transferred:     2400000000
Total Flops:           1636826400
Seconds elapsed:       0.201560
Performance in GFlop/s:     8.120789
Bandwidth utilization: 11.907123 GB/s
482628152.000000
Validation OK.
tuned params: 500 500 498 400 1 1 
Flops / stencil call:  11
Stencil computations:  148802400
Bytes transferred:     2400000000
Total Flops:           1636826400
Seconds elapsed:       0.202015
Performance in GFlop/s:     8.102493
Bandwidth utilization: 11.880296 GB/s
483717068.000000
Validation OK.
tuned params: 500 500 498 400 1 1 
Flops / stencil call:  11
Stencil computations:  148802400
Bytes transferred:     2400000000
Total Flops:           1636826400
Seconds elapsed:       0.203234
Performance in GFlop/s:     8.053902
Bandwidth utilization: 11.809050 GB/s
486638252.000000
Validation OK.
tuned params: 500 500 498 400 1 1 
Flops / stencil call:  11
Stencil computations:  148802400
Bytes transferred:     2400000000
Total Flops:           1636826400
Seconds elapsed:       0.201663
Performance in GFlop/s:     8.116641
Bandwidth utilization: 11.901042 GB/s
482874112.000000
Validation OK.
tuned params: 500 500 498 400 1 1 
Flops / stencil call:  11
Stencil computations:  148802400
Bytes transferred:     2400000000
Total Flops:           1636826400
Seconds elapsed:       0.202489
Performance in GFlop/s:     8.083536
Bandwidth utilization: 11.852502 GB/s
484854040.000000
Validation OK.
