tuned params: 3000 3000 2998 256 1 0 
Flops / stencil call:  11
Stencil computations:  5392802400
Bytes transferred:     86400000000
Total Flops:           59320826400
Seconds elapsed:       1.422607
Performance in GFlop/s:     41.698676
Bandwidth utilization: 60.733571 GB/s
3406387240.000000
Validation OK.
tuned params: 3000 3000 2998 256 1 0 
Flops / stencil call:  11
Stencil computations:  5392802400
Bytes transferred:     86400000000
Total Flops:           59320826400
Seconds elapsed:       1.454099
Performance in GFlop/s:     40.795592
Bandwidth utilization: 59.418240 GB/s
3481792220.000000
Validation OK.
tuned params: 3000 3000 2998 256 1 0 
Flops / stencil call:  11
Stencil computations:  5392802400
Bytes transferred:     86400000000
Total Flops:           59320826400
Seconds elapsed:       1.405258
Performance in GFlop/s:     42.213479
Bandwidth utilization: 61.483374 GB/s
3364843020.000000
Validation OK.
tuned params: 3000 3000 2998 256 1 0 
Flops / stencil call:  11
Stencil computations:  5392802400
Bytes transferred:     86400000000
Total Flops:           59320826400
Seconds elapsed:       1.373455
Performance in GFlop/s:     43.190949
Bandwidth utilization: 62.907046 GB/s
3288695172.000000
Validation OK.
tuned params: 3000 3000 2998 256 1 0 
Flops / stencil call:  11
Stencil computations:  5392802400
Bytes transferred:     86400000000
Total Flops:           59320826400
Seconds elapsed:       1.434232
Performance in GFlop/s:     41.360691
Bandwidth utilization: 60.241300 GB/s
3434223276.000000
Validation OK.
tuned params: 3000 3000 2998 256 1 0 
Flops / stencil call:  11
Stencil computations:  5392802400
Bytes transferred:     86400000000
Total Flops:           59320826400
Seconds elapsed:       1.418307
Performance in GFlop/s:     41.825101
Bandwidth utilization: 60.917707 GB/s
3396091284.000000
Validation OK.
tuned params: 3000 3000 2998 256 1 0 
Flops / stencil call:  11
Stencil computations:  5392802400
Bytes transferred:     86400000000
Total Flops:           59320826400
Seconds elapsed:       1.415672
Performance in GFlop/s:     41.902943
Bandwidth utilization: 61.031084 GB/s
3389779824.000000
Validation OK.
tuned params: 3000 3000 2998 256 1 0 
Flops / stencil call:  11
Stencil computations:  5392802400
Bytes transferred:     86400000000
Total Flops:           59320826400
Seconds elapsed:       1.392604
Performance in GFlop/s:     42.597050
Bandwidth utilization: 62.042040 GB/s
3334544896.000000
Validation OK.
tuned params: 3000 3000 2998 256 1 0 
Flops / stencil call:  11
Stencil computations:  5392802400
Bytes transferred:     86400000000
Total Flops:           59320826400
Seconds elapsed:       1.492734
Performance in GFlop/s:     39.739718
Bandwidth utilization: 57.880374 GB/s
3574301060.000000
Validation OK.
tuned params: 3000 3000 2998 256 1 0 
Flops / stencil call:  11
Stencil computations:  5392802400
Bytes transferred:     86400000000
Total Flops:           59320826400
Seconds elapsed:       1.386448
Performance in GFlop/s:     42.786185
Bandwidth utilization: 62.317513 GB/s
3319802080.000000
Validation OK.
