tuned params: 3000 3000 2998 376 2 3 
Flops / stencil call:  11
Stencil computations:  8988004000
Bytes transferred:     144000000000
Total Flops:           98868044000
Seconds elapsed:       4.320284
Performance in GFlop/s:     22.884617
Bandwidth utilization: 33.331143 GB/s
10344774736.000000
Validation OK.
tuned params: 3000 3000 2998 376 2 3 
Flops / stencil call:  11
Stencil computations:  8988004000
Bytes transferred:     144000000000
Total Flops:           98868044000
Seconds elapsed:       4.387726
Performance in GFlop/s:     22.532866
Bandwidth utilization: 32.818822 GB/s
10506261248.000000
Validation OK.
tuned params: 3000 3000 2998 376 2 3 
Flops / stencil call:  11
Stencil computations:  8988004000
Bytes transferred:     144000000000
Total Flops:           98868044000
Seconds elapsed:       4.286101
Performance in GFlop/s:     23.067128
Bandwidth utilization: 33.596968 GB/s
10262925036.000000
Validation OK.
tuned params: 3000 3000 2998 376 2 3 
Flops / stencil call:  11
Stencil computations:  8988004000
Bytes transferred:     144000000000
Total Flops:           98868044000
Seconds elapsed:       4.343926
Performance in GFlop/s:     22.760067
Bandwidth utilization: 33.149736 GB/s
10401385460.000000
Validation OK.
tuned params: 3000 3000 2998 376 2 3 
Flops / stencil call:  11
Stencil computations:  8988004000
Bytes transferred:     144000000000
Total Flops:           98868044000
Seconds elapsed:       4.321335
Performance in GFlop/s:     22.879051
Bandwidth utilization: 33.323035 GB/s
10347291916.000000
Validation OK.
tuned params: 3000 3000 2998 376 2 3 
Flops / stencil call:  11
Stencil computations:  8988004000
Bytes transferred:     144000000000
Total Flops:           98868044000
Seconds elapsed:       4.339054
Performance in GFlop/s:     22.785623
Bandwidth utilization: 33.186958 GB/s
10389718004.000000
Validation OK.
tuned params: 3000 3000 2998 376 2 3 
Flops / stencil call:  11
Stencil computations:  8988004000
Bytes transferred:     144000000000
Total Flops:           98868044000
Seconds elapsed:       4.310135
Performance in GFlop/s:     22.938503
Bandwidth utilization: 33.409627 GB/s
10320473756.000000
Validation OK.
tuned params: 3000 3000 2998 376 2 3 
Flops / stencil call:  11
Stencil computations:  8988004000
Bytes transferred:     144000000000
Total Flops:           98868044000
Seconds elapsed:       4.286505
Performance in GFlop/s:     23.064955
Bandwidth utilization: 33.593802 GB/s
10263892956.000000
Validation OK.
tuned params: 3000 3000 2998 376 2 3 
Flops / stencil call:  11
Stencil computations:  8988004000
Bytes transferred:     144000000000
Total Flops:           98868044000
Seconds elapsed:       4.274750
Performance in GFlop/s:     23.128380
Bandwidth utilization: 33.686181 GB/s
10235745084.000000
Validation OK.
tuned params: 3000 3000 2998 376 2 3 
Flops / stencil call:  11
Stencil computations:  8988004000
Bytes transferred:     144000000000
Total Flops:           98868044000
Seconds elapsed:       4.556803
Performance in GFlop/s:     21.696800
Bandwidth utilization: 31.601103 GB/s
10911109512.000000
Validation OK.
