iterations: 200
Total iterations: 1790412800 LUP
FLOP: 89
Total work: 159346739200 FLOP
performance: 0.498378 GLUP/s
Performance in GFLOP/s: 44.355623
size: 9000000
time: 3.592481
iterations: 200
Total iterations: 1790412800 LUP
FLOP: 89
Total work: 159346739200 FLOP
performance: 0.497256 GLUP/s
Performance in GFLOP/s: 44.255827
size: 9000000
time: 3.600582
iterations: 200
Total iterations: 1790412800 LUP
FLOP: 89
Total work: 159346739200 FLOP
performance: 0.496694 GLUP/s
Performance in GFLOP/s: 44.205737
size: 9000000
time: 3.604662
iterations: 200
Total iterations: 1790412800 LUP
FLOP: 89
Total work: 159346739200 FLOP
performance: 0.497089 GLUP/s
Performance in GFLOP/s: 44.240936
size: 9000000
time: 3.601794
iterations: 200
Total iterations: 1790412800 LUP
FLOP: 89
Total work: 159346739200 FLOP
performance: 0.495374 GLUP/s
Performance in GFLOP/s: 44.088258
size: 9000000
time: 3.614267
iterations: 200
Total iterations: 1790412800 LUP
FLOP: 89
Total work: 159346739200 FLOP
performance: 0.496041 GLUP/s
Performance in GFLOP/s: 44.147685
size: 9000000
time: 3.609402
iterations: 200
Total iterations: 1790412800 LUP
FLOP: 89
Total work: 159346739200 FLOP
performance: 0.497701 GLUP/s
Performance in GFLOP/s: 44.295403
size: 9000000
time: 3.597365
iterations: 200
Total iterations: 1790412800 LUP
FLOP: 89
Total work: 159346739200 FLOP
performance: 0.495744 GLUP/s
Performance in GFLOP/s: 44.121181
size: 9000000
time: 3.611570
iterations: 200
Total iterations: 1790412800 LUP
FLOP: 89
Total work: 159346739200 FLOP
performance: 0.496115 GLUP/s
Performance in GFLOP/s: 44.154206
size: 9000000
time: 3.608869
iterations: 200
Total iterations: 1790412800 LUP
FLOP: 89
Total work: 159346739200 FLOP
performance: 0.497573 GLUP/s
Performance in GFLOP/s: 44.283957
size: 9000000
time: 3.598295
