[1;34m[pthread wrapper] 
[0m[1;34m[pthread wrapper] MAIN -> 0
[0m[1;34m[pthread wrapper] PIN_MASK: [0m[1;34m0->1  [0m[1;34m1->2  [0m[1;34m2->3  [0m[1;34m3->4  [0m[1;34m4->5  [0m[1;34m5->6  [0m[1;34m6->7  [0m[1;34m7->8  [0m[1;34m8->9  [0m[1;34m
[pthread wrapper] SKIP MASK: 0x0
[0m[1;34m	threadid 47986225379072 -> core 1 - OK[0m[1;34m
[0m[1;34m	threadid 47986227480320 -> core 2 - OK[0m[1;34m
[0m[1;34m	threadid 47986229581568 -> core 3 - OK[0m[1;34m
[0m[1;34m	threadid 47986231682816 -> core 4 - OK[0m[1;34m
[0m[1;34m	threadid 47986233784064 -> core 5 - OK[0m[1;34m
[0m[1;34m	threadid 47986235885312 -> core 6 - OK[0m[1;34m
[0m[1;34m	threadid 47986237986560 -> core 7 - OK[0m[1;34m
[0m[1;34m	threadid 47986240087808 -> core 8 - OK[0m[1;34m
[0m[1;34m	threadid 47986242189056 -> core 9 - OK[0m[1;34m
[0miterations: 100
Total iterations: 895206400 LUP
FLOP: 89
Total work: 79673369600 FLOP
performance: 0.749449 GLUP/s
Performance in GFLOP/s: 66.700958
size: 9000000
time: 1.194486
[1;34m[pthread wrapper] 
[0m[1;34m[pthread wrapper] MAIN -> 0
[0m[1;34m[pthread wrapper] PIN_MASK: [0m[1;34m0->1  [0m[1;34m1->2  [0m[1;34m2->3  [0m[1;34m3->4  [0m[1;34m4->5  [0m[1;34m5->6  [0m[1;34m6->7  [0m[1;34m7->8  [0m[1;34m8->9  [0m[1;34m
[pthread wrapper] SKIP MASK: 0x0
[0m[1;34m	threadid 47611802724096 -> core 1 - OK[0m[1;34m
[0m[1;34m	threadid 47611804825344 -> core 2 - OK[0m[1;34m
[0m[1;34m	threadid 47611806926592 -> core 3 - OK[0m[1;34m
[0m[1;34m	threadid 47611809027840 -> core 4 - OK[0m[1;34m
[0m[1;34m	threadid 47611811129088 -> core 5 - OK[0m[1;34m
[0m[1;34m	threadid 47611813230336 -> core 6 - OK[0m[1;34m
[0m[1;34m	threadid 47611815331584 -> core 7 - OK[0m[1;34m
[0m[1;34m	threadid 47611817432832 -> core 8 - OK[0m[1;34m
[0m[1;34m	threadid 47611819534080 -> core 9 - OK[0m[1;34m
[0miterations: 100
Total iterations: 895206400 LUP
FLOP: 89
Total work: 79673369600 FLOP
performance: 0.750139 GLUP/s
Performance in GFLOP/s: 66.762389
size: 9000000
time: 1.193387
[1;34m[pthread wrapper] 
[0m[1;34m[pthread wrapper] MAIN -> 0
[0m[1;34m[pthread wrapper] PIN_MASK: [0m[1;34m0->1  [0m[1;34m1->2  [0m[1;34m2->3  [0m[1;34m3->4  [0m[1;34m4->5  [0m[1;34m5->6  [0m[1;34m6->7  [0m[1;34m7->8  [0m[1;34m8->9  [0m[1;34m
[pthread wrapper] SKIP MASK: 0x0
[0m[1;34m	threadid 47327360841472 -> core 1 - OK[0m[1;34m
[0m[1;34m	threadid 47327362942720 -> core 2 - OK[0m[1;34m
[0m[1;34m	threadid 47327365043968 -> core 3 - OK[0m[1;34m
[0m[1;34m	threadid 47327367145216 -> core 4 - OK[0m[1;34m
[0m[1;34m	threadid 47327369246464 -> core 5 - OK[0m[1;34m
[0m[1;34m	threadid 47327371347712 -> core 6 - OK[0m[1;34m
[0m[1;34m	threadid 47327373448960 -> core 7 - OK[0m[1;34m
[0m[1;34m	threadid 47327375550208 -> core 8 - OK[0m[1;34m
[0m[1;34m	threadid 47327377651456 -> core 9 - OK[0m[1;34m
[0miterations: 100
Total iterations: 895206400 LUP
FLOP: 89
Total work: 79673369600 FLOP
performance: 0.750228 GLUP/s
Performance in GFLOP/s: 66.770273
size: 9000000
time: 1.193246
[1;34m[pthread wrapper] 
[0m[1;34m[pthread wrapper] MAIN -> 0
[0m[1;34m[pthread wrapper] PIN_MASK: [0m[1;34m0->1  [0m[1;34m1->2  [0m[1;34m2->3  [0m[1;34m3->4  [0m[1;34m4->5  [0m[1;34m5->6  [0m[1;34m6->7  [0m[1;34m7->8  [0m[1;34m8->9  [0m[1;34m
[pthread wrapper] SKIP MASK: 0x0
[0m[1;34m	threadid 47590656644864 -> core 1 - OK[0m[1;34m
[0m[1;34m	threadid 47590658746112 -> core 2 - OK[0m[1;34m
[0m[1;34m	threadid 47590660847360 -> core 3 - OK[0m[1;34m
[0m[1;34m	threadid 47590662948608 -> core 4 - OK[0m[1;34m
[0m[1;34m	threadid 47590665049856 -> core 5 - OK[0m[1;34m
[0m[1;34m	threadid 47590667151104 -> core 6 - OK[0m[1;34m
[0m[1;34m	threadid 47590669252352 -> core 7 - OK[0m[1;34m
[0m[1;34m	threadid 47590671353600 -> core 8 - OK[0m[1;34m
[0m[1;34m	threadid 47590673454848 -> core 9 - OK[0m[1;34m
[0miterations: 100
Total iterations: 895206400 LUP
FLOP: 89
Total work: 79673369600 FLOP
performance: 0.750100 GLUP/s
Performance in GFLOP/s: 66.758922
size: 9000000
time: 1.193449
[1;34m[pthread wrapper] 
[0m[1;34m[pthread wrapper] MAIN -> 0
[0m[1;34m[pthread wrapper] PIN_MASK: [0m[1;34m0->1  [0m[1;34m1->2  [0m[1;34m2->3  [0m[1;34m3->4  [0m[1;34m4->5  [0m[1;34m5->6  [0m[1;34m6->7  [0m[1;34m7->8  [0m[1;34m8->9  [0m[1;34m
[pthread wrapper] SKIP MASK: 0x0
[0m[1;34m	threadid 46958957348608 -> core 1 - OK[0m[1;34m
[0m[1;34m	threadid 46958959449856 -> core 2 - OK[0m[1;34m
[0m[1;34m	threadid 46958961551104 -> core 3 - OK[0m[1;34m
[0m[1;34m	threadid 46958963652352 -> core 4 - OK[0m[1;34m
[0m[1;34m	threadid 46958965753600 -> core 5 - OK[0m[1;34m
[0m[1;34m	threadid 46958967854848 -> core 6 - OK[0m[1;34m
[0m[1;34m	threadid 46958969956096 -> core 7 - OK[0m[1;34m
[0m[1;34m	threadid 46958972057344 -> core 8 - OK[0m[1;34m
[0m[1;34m	threadid 46958974158592 -> core 9 - OK[0m[1;34m
[0miterations: 100
Total iterations: 895206400 LUP
FLOP: 89
Total work: 79673369600 FLOP
performance: 0.750022 GLUP/s
Performance in GFLOP/s: 66.751987
size: 9000000
time: 1.193573
