iterations: 200
Total iterations: 48412800 LUP
FLOP: 89
Total work: 4308739200 FLOP
performance: 0.286852 GLUP/s
Performance in GFLOP/s: 25.529799
size: 250000
time: 0.168773
iterations: 200
Total iterations: 48412800 LUP
FLOP: 89
Total work: 4308739200 FLOP
performance: 0.286808 GLUP/s
Performance in GFLOP/s: 25.525869
size: 250000
time: 0.168799
iterations: 200
Total iterations: 48412800 LUP
FLOP: 89
Total work: 4308739200 FLOP
performance: 0.286955 GLUP/s
Performance in GFLOP/s: 25.538999
size: 250000
time: 0.168712
iterations: 200
Total iterations: 48412800 LUP
FLOP: 89
Total work: 4308739200 FLOP
performance: 0.286976 GLUP/s
Performance in GFLOP/s: 25.540840
size: 250000
time: 0.168700
iterations: 200
Total iterations: 48412800 LUP
FLOP: 89
Total work: 4308739200 FLOP
performance: 0.286857 GLUP/s
Performance in GFLOP/s: 25.530232
size: 250000
time: 0.168770
iterations: 200
Total iterations: 48412800 LUP
FLOP: 89
Total work: 4308739200 FLOP
performance: 0.286748 GLUP/s
Performance in GFLOP/s: 25.520570
size: 250000
time: 0.168834
iterations: 200
Total iterations: 48412800 LUP
FLOP: 89
Total work: 4308739200 FLOP
performance: 0.287018 GLUP/s
Performance in GFLOP/s: 25.544631
size: 250000
time: 0.168675
iterations: 200
Total iterations: 48412800 LUP
FLOP: 89
Total work: 4308739200 FLOP
performance: 0.286651 GLUP/s
Performance in GFLOP/s: 25.511960
size: 250000
time: 0.168891
iterations: 200
Total iterations: 48412800 LUP
FLOP: 89
Total work: 4308739200 FLOP
performance: 0.286750 GLUP/s
Performance in GFLOP/s: 25.520714
size: 250000
time: 0.168833
iterations: 200
Total iterations: 48412800 LUP
FLOP: 89
Total work: 4308739200 FLOP
performance: 0.286544 GLUP/s
Performance in GFLOP/s: 25.502455
size: 250000
time: 0.168954
