iterations: 200
Total iterations: 1790412800 LUP
FLOP: 89
Total work: 159346739200 FLOP
performance: 0.050233 GLUP/s
Performance in GFLOP/s: 4.470765
size: 9000000
time: 35.641937
[1;34m[likwid-pin] Main PID -> core 0 - OK[0m
iterations: 200
Total iterations: 1790412800 LUP
FLOP: 89
Total work: 159346739200 FLOP
performance: 0.050675 GLUP/s
Performance in GFLOP/s: 4.510077
size: 9000000
time: 35.331271
[1;34m[likwid-pin] Main PID -> core 0 - OK[0m
iterations: 200
Total iterations: 1790412800 LUP
FLOP: 89
Total work: 159346739200 FLOP
performance: 0.050550 GLUP/s
Performance in GFLOP/s: 4.498925
size: 9000000
time: 35.418846
[1;34m[likwid-pin] Main PID -> core 0 - OK[0m
iterations: 200
Total iterations: 1790412800 LUP
FLOP: 89
Total work: 159346739200 FLOP
performance: 0.050121 GLUP/s
Performance in GFLOP/s: 4.460771
size: 9000000
time: 35.721795
[1;34m[likwid-pin] Main PID -> core 0 - OK[0m
iterations: 200
Total iterations: 1790412800 LUP
FLOP: 89
Total work: 159346739200 FLOP
performance: 0.050642 GLUP/s
Performance in GFLOP/s: 4.507128
size: 9000000
time: 35.354383
[1;34m[likwid-pin] Main PID -> core 0 - OK[0m
iterations: 200
Total iterations: 1790412800 LUP
FLOP: 89
Total work: 159346739200 FLOP
performance: 0.050217 GLUP/s
Performance in GFLOP/s: 4.469315
size: 9000000
time: 35.653502
[1;34m[likwid-pin] Main PID -> core 0 - OK[0m
iterations: 200
Total iterations: 1790412800 LUP
FLOP: 89
Total work: 159346739200 FLOP
performance: 0.050561 GLUP/s
Performance in GFLOP/s: 4.499945
size: 9000000
time: 35.410819
[1;34m[likwid-pin] Main PID -> core 0 - OK[0m
iterations: 200
Total iterations: 1790412800 LUP
FLOP: 89
Total work: 159346739200 FLOP
performance: 0.050499 GLUP/s
Performance in GFLOP/s: 4.494449
size: 9000000
time: 35.454125
[1;34m[likwid-pin] Main PID -> core 0 - OK[0m
iterations: 200
Total iterations: 1790412800 LUP
FLOP: 89
Total work: 159346739200 FLOP
performance: 0.049935 GLUP/s
Performance in GFLOP/s: 4.444258
size: 9000000
time: 35.854521
[1;34m[likwid-pin] Main PID -> core 0 - OK[0m
iterations: 200
Total iterations: 1790412800 LUP
FLOP: 89
Total work: 159346739200 FLOP
performance: 0.050594 GLUP/s
Performance in GFLOP/s: 4.502900
size: 9000000
time: 35.387581
[1;34m[likwid-pin] Main PID -> core 0 - OK[0m
