[1;34m[pthread wrapper] 
[0m[1;34m[pthread wrapper] MAIN -> 0
[0m[1;34m[pthread wrapper] PIN_MASK: [0m[1;34m0->1  [0m[1;34m1->2  [0m[1;34m2->3  [0m[1;34m3->4  [0m[1;34m4->5  [0m[1;34m5->6  [0m[1;34m6->7  [0m[1;34m
[pthread wrapper] SKIP MASK: 0x0
[0m[1;34m	threadid 140045329954560 -> core 1 - OK[0m[1;34m
[0m[1;34m	threadid 140045321561856 -> core 2 - OK[0m[1;34m
[0m[1;34m	threadid 140045313169152 -> core 3 - OK[0m[1;34m
[0m[1;34m	threadid 140045304776448 -> core 4 - OK[0m[1;34m
[0m[1;34m	threadid 140045296383744 -> core 5 - OK[0m[1;34m
[0m[1;34m	threadid 140045287991040 -> core 6 - OK[0m[1;34m
[0m[1;34m	threadid 140045279598336 -> core 7 - OK[0m[1;34m
[0miterations: 200
Total iterations: 1790412800 LUP
FLOP: 89
Total work: 159346739200 FLOP
performance: 0.401640 GLUP/s
Performance in GFLOP/s: 35.745993
size: 9000000
time: 4.457751
[1;34m[pthread wrapper] 
[0m[1;34m[pthread wrapper] MAIN -> 0
[0m[1;34m[pthread wrapper] PIN_MASK: [0m[1;34m0->1  [0m[1;34m1->2  [0m[1;34m2->3  [0m[1;34m3->4  [0m[1;34m4->5  [0m[1;34m5->6  [0m[1;34m6->7  [0m[1;34m
[pthread wrapper] SKIP MASK: 0x0
[0m[1;34m	threadid 139746130884352 -> core 1 - OK[0m[1;34m
[0m[1;34m	threadid 139746122491648 -> core 2 - OK[0m[1;34m
[0m[1;34m	threadid 139746114098944 -> core 3 - OK[0m[1;34m
[0m[1;34m	threadid 139746105706240 -> core 4 - OK[0m[1;34m
[0m[1;34m	threadid 139746097313536 -> core 5 - OK[0m[1;34m
[0m[1;34m	threadid 139746088920832 -> core 6 - OK[0m[1;34m
[0m[1;34m	threadid 139746080528128 -> core 7 - OK[0m[1;34m
[0miterations: 200
Total iterations: 1790412800 LUP
FLOP: 89
Total work: 159346739200 FLOP
performance: 0.402426 GLUP/s
Performance in GFLOP/s: 35.815958
size: 9000000
time: 4.449043
[1;34m[pthread wrapper] 
[0m[1;34m[pthread wrapper] MAIN -> 0
[0m[1;34m[pthread wrapper] PIN_MASK: [0m[1;34m0->1  [0m[1;34m1->2  [0m[1;34m2->3  [0m[1;34m3->4  [0m[1;34m4->5  [0m[1;34m5->6  [0m[1;34m6->7  [0m[1;34m
[pthread wrapper] SKIP MASK: 0x0
[0m[1;34m	threadid 139676938045184 -> core 1 - OK[0m[1;34m
[0m[1;34m	threadid 139676929652480 -> core 2 - OK[0m[1;34m
[0m[1;34m	threadid 139676921259776 -> core 3 - OK[0m[1;34m
[0m[1;34m	threadid 139676912867072 -> core 4 - OK[0m[1;34m
[0m[1;34m	threadid 139676904474368 -> core 5 - OK[0m[1;34m
[0m[1;34m	threadid 139676896081664 -> core 6 - OK[0m[1;34m
[0m[1;34m	threadid 139676887688960 -> core 7 - OK[0m[1;34m
[0miterations: 200
Total iterations: 1790412800 LUP
FLOP: 89
Total work: 159346739200 FLOP
performance: 0.402817 GLUP/s
Performance in GFLOP/s: 35.850745
size: 9000000
time: 4.444726
[1;34m[pthread wrapper] 
[0m[1;34m[pthread wrapper] MAIN -> 0
[0m[1;34m[pthread wrapper] PIN_MASK: [0m[1;34m0->1  [0m[1;34m1->2  [0m[1;34m2->3  [0m[1;34m3->4  [0m[1;34m4->5  [0m[1;34m5->6  [0m[1;34m6->7  [0m[1;34m
[pthread wrapper] SKIP MASK: 0x0
[0m[1;34m	threadid 140446547224320 -> core 1 - OK[0m[1;34m
[0m[1;34m	threadid 140446538831616 -> core 2 - OK[0m[1;34m
[0m[1;34m	threadid 140446530438912 -> core 3 - OK[0m[1;34m
[0m[1;34m	threadid 140446522046208 -> core 4 - OK[0m[1;34m
[0m[1;34m	threadid 140446513653504 -> core 5 - OK[0m[1;34m
[0m[1;34m	threadid 140446505260800 -> core 6 - OK[0m[1;34m
[0m[1;34m	threadid 140446496868096 -> core 7 - OK[0m[1;34m
[0miterations: 200
Total iterations: 1790412800 LUP
FLOP: 89
Total work: 159346739200 FLOP
performance: 0.402959 GLUP/s
Performance in GFLOP/s: 35.863317
size: 9000000
time: 4.443168
[1;34m[pthread wrapper] 
[0m[1;34m[pthread wrapper] MAIN -> 0
[0m[1;34m[pthread wrapper] PIN_MASK: [0m[1;34m0->1  [0m[1;34m1->2  [0m[1;34m2->3  [0m[1;34m3->4  [0m[1;34m4->5  [0m[1;34m5->6  [0m[1;34m6->7  [0m[1;34m
[pthread wrapper] SKIP MASK: 0x0
[0m[1;34m	threadid 139973401364224 -> core 1 - OK[0m[1;34m
[0m[1;34m	threadid 139973392971520 -> core 2 - OK[0m[1;34m
[0m[1;34m	threadid 139973384578816 -> core 3 - OK[0m[1;34m
[0m[1;34m	threadid 139973376186112 -> core 4 - OK[0m[1;34m
[0m[1;34m	threadid 139973367793408 -> core 5 - OK[0m[1;34m
[0m[1;34m	threadid 139973359400704 -> core 6 - OK[0m[1;34m
[0m[1;34m	threadid 139973351008000 -> core 7 - OK[0m[1;34m
[0miterations: 200
Total iterations: 1790412800 LUP
FLOP: 89
Total work: 159346739200 FLOP
performance: 0.401719 GLUP/s
Performance in GFLOP/s: 35.753004
size: 9000000
time: 4.456877
[1;34m[pthread wrapper] 
[0m[1;34m[pthread wrapper] MAIN -> 0
[0m[1;34m[pthread wrapper] PIN_MASK: [0m[1;34m0->1  [0m[1;34m1->2  [0m[1;34m2->3  [0m[1;34m3->4  [0m[1;34m4->5  [0m[1;34m5->6  [0m[1;34m6->7  [0m[1;34m
[pthread wrapper] SKIP MASK: 0x0
[0m[1;34m	threadid 140629136606976 -> core 1 - OK[0m[1;34m
[0m[1;34m	threadid 140629128214272 -> core 2 - OK[0m[1;34m
[0m[1;34m	threadid 140629119821568 -> core 3 - OK[0m[1;34m
[0m[1;34m	threadid 140629111428864 -> core 4 - OK[0m[1;34m
[0m[1;34m	threadid 140629103036160 -> core 5 - OK[0m[1;34m
[0m[1;34m	threadid 140629094643456 -> core 6 - OK[0m[1;34m
[0m[1;34m	threadid 140629086250752 -> core 7 - OK[0m[1;34m
[0miterations: 200
Total iterations: 1790412800 LUP
FLOP: 89
Total work: 159346739200 FLOP
performance: 0.401575 GLUP/s
Performance in GFLOP/s: 35.740133
size: 9000000
time: 4.458482
[1;34m[pthread wrapper] 
[0m[1;34m[pthread wrapper] MAIN -> 0
[0m[1;34m[pthread wrapper] PIN_MASK: [0m[1;34m0->1  [0m[1;34m1->2  [0m[1;34m2->3  [0m[1;34m3->4  [0m[1;34m4->5  [0m[1;34m5->6  [0m[1;34m6->7  [0m[1;34m
[pthread wrapper] SKIP MASK: 0x0
[0m[1;34m	threadid 140124153407232 -> core 1 - OK[0m[1;34m
[0m[1;34m	threadid 140124145014528 -> core 2 - OK[0m[1;34m
[0m[1;34m	threadid 140124136621824 -> core 3 - OK[0m[1;34m
[0m[1;34m	threadid 140124128229120 -> core 4 - OK[0m[1;34m
[0m[1;34m	threadid 140124119836416 -> core 5 - OK[0m[1;34m
[0m[1;34m	threadid 140124111443712 -> core 6 - OK[0m[1;34m
[0m[1;34m	threadid 140124103051008 -> core 7 - OK[0m[1;34m
[0miterations: 200
Total iterations: 1790412800 LUP
FLOP: 89
Total work: 159346739200 FLOP
performance: 0.400688 GLUP/s
Performance in GFLOP/s: 35.661212
size: 9000000
time: 4.468349
[1;34m[pthread wrapper] 
[0m[1;34m[pthread wrapper] MAIN -> 0
[0m[1;34m[pthread wrapper] PIN_MASK: [0m[1;34m0->1  [0m[1;34m1->2  [0m[1;34m2->3  [0m[1;34m3->4  [0m[1;34m4->5  [0m[1;34m5->6  [0m[1;34m6->7  [0m[1;34m
[pthread wrapper] SKIP MASK: 0x0
[0m[1;34m	threadid 140286403532544 -> core 1 - OK[0m[1;34m
[0m[1;34m	threadid 140286395139840 -> core 2 - OK[0m[1;34m
[0m[1;34m	threadid 140286386747136 -> core 3 - OK[0m[1;34m
[0m[1;34m	threadid 140286378354432 -> core 4 - OK[0m[1;34m
[0m[1;34m	threadid 140286369961728 -> core 5 - OK[0m[1;34m
[0m[1;34m	threadid 140286361569024 -> core 6 - OK[0m[1;34m
[0m[1;34m	threadid 140286353176320 -> core 7 - OK[0m[1;34m
[0miterations: 200
Total iterations: 1790412800 LUP
FLOP: 89
Total work: 159346739200 FLOP
performance: 0.402754 GLUP/s
Performance in GFLOP/s: 35.845067
size: 9000000
time: 4.445430
[1;34m[pthread wrapper] 
[0m[1;34m[pthread wrapper] MAIN -> 0
[0m[1;34m[pthread wrapper] PIN_MASK: [0m[1;34m0->1  [0m[1;34m1->2  [0m[1;34m2->3  [0m[1;34m3->4  [0m[1;34m4->5  [0m[1;34m5->6  [0m[1;34m6->7  [0m[1;34m
[pthread wrapper] SKIP MASK: 0x0
[0m[1;34m	threadid 139811384260352 -> core 1 - OK[0m[1;34m
[0m[1;34m	threadid 139811375867648 -> core 2 - OK[0m[1;34m
[0m[1;34m	threadid 139811367474944 -> core 3 - OK[0m[1;34m
[0m[1;34m	threadid 139811359082240 -> core 4 - OK[0m[1;34m
[0m[1;34m	threadid 139811350689536 -> core 5 - OK[0m[1;34m
[0m[1;34m	threadid 139811342296832 -> core 6 - OK[0m[1;34m
[0m[1;34m	threadid 139811333904128 -> core 7 - OK[0m[1;34m
[0miterations: 200
Total iterations: 1790412800 LUP
FLOP: 89
Total work: 159346739200 FLOP
performance: 0.401597 GLUP/s
Performance in GFLOP/s: 35.742136
size: 9000000
time: 4.458232
[1;34m[pthread wrapper] 
[0m[1;34m[pthread wrapper] MAIN -> 0
[0m[1;34m[pthread wrapper] PIN_MASK: [0m[1;34m0->1  [0m[1;34m1->2  [0m[1;34m2->3  [0m[1;34m3->4  [0m[1;34m4->5  [0m[1;34m5->6  [0m[1;34m6->7  [0m[1;34m
[pthread wrapper] SKIP MASK: 0x0
[0m[1;34m	threadid 140463082714880 -> core 1 - OK[0m[1;34m
[0m[1;34m	threadid 140463074322176 -> core 2 - OK[0m[1;34m
[0m[1;34m	threadid 140463065929472 -> core 3 - OK[0m[1;34m
[0m[1;34m	threadid 140463057536768 -> core 4 - OK[0m[1;34m
[0m[1;34m	threadid 140463049144064 -> core 5 - OK[0m[1;34m
[0m[1;34m	threadid 140463040751360 -> core 6 - OK[0m[1;34m
[0m[1;34m	threadid 140463032358656 -> core 7 - OK[0m[1;34m
[0miterations: 200
Total iterations: 1790412800 LUP
FLOP: 89
Total work: 159346739200 FLOP
performance: 0.402321 GLUP/s
Performance in GFLOP/s: 35.806558
size: 9000000
time: 4.450211
