iterations: 100
Total iterations: 895206400 LUP
FLOP: 89
Total work: 79673369600 FLOP
performance: 0.734349 GLUP/s
Performance in GFLOP/s: 65.357090
size: 9000000
time: 1.219047
iterations: 100
Total iterations: 895206400 LUP
FLOP: 89
Total work: 79673369600 FLOP
performance: 0.736568 GLUP/s
Performance in GFLOP/s: 65.554560
size: 9000000
time: 1.215375
iterations: 100
Total iterations: 895206400 LUP
FLOP: 89
Total work: 79673369600 FLOP
performance: 0.741348 GLUP/s
Performance in GFLOP/s: 65.980016
size: 9000000
time: 1.207538
iterations: 100
Total iterations: 895206400 LUP
FLOP: 89
Total work: 79673369600 FLOP
performance: 0.739114 GLUP/s
Performance in GFLOP/s: 65.781119
size: 9000000
time: 1.211189
iterations: 100
Total iterations: 895206400 LUP
FLOP: 89
Total work: 79673369600 FLOP
performance: 0.741663 GLUP/s
Performance in GFLOP/s: 66.007998
size: 9000000
time: 1.207026
