iterations: 200
Total iterations: 1790412800 LUP
FLOP: 89
Total work: 159346739200 FLOP
performance: 0.100191 GLUP/s
Performance in GFLOP/s: 8.916957
size: 9000000
time: 17.870081
iterations: 200
Total iterations: 1790412800 LUP
FLOP: 89
Total work: 159346739200 FLOP
performance: 0.100679 GLUP/s
Performance in GFLOP/s: 8.960457
size: 9000000
time: 17.783327
iterations: 200
Total iterations: 1790412800 LUP
FLOP: 89
Total work: 159346739200 FLOP
performance: 0.100446 GLUP/s
Performance in GFLOP/s: 8.939703
size: 9000000
time: 17.824613
iterations: 200
Total iterations: 1790412800 LUP
FLOP: 89
Total work: 159346739200 FLOP
performance: 0.100164 GLUP/s
Performance in GFLOP/s: 8.914632
size: 9000000
time: 17.874741
iterations: 200
Total iterations: 1790412800 LUP
FLOP: 89
Total work: 159346739200 FLOP
performance: 0.100248 GLUP/s
Performance in GFLOP/s: 8.922056
size: 9000000
time: 17.859867
iterations: 200
Total iterations: 1790412800 LUP
FLOP: 89
Total work: 159346739200 FLOP
performance: 0.100170 GLUP/s
Performance in GFLOP/s: 8.915106
size: 9000000
time: 17.873790
iterations: 200
Total iterations: 1790412800 LUP
FLOP: 89
Total work: 159346739200 FLOP
performance: 0.100200 GLUP/s
Performance in GFLOP/s: 8.917772
size: 9000000
time: 17.868447
iterations: 200
Total iterations: 1790412800 LUP
FLOP: 89
Total work: 159346739200 FLOP
performance: 0.099772 GLUP/s
Performance in GFLOP/s: 8.879736
size: 9000000
time: 17.944985
iterations: 200
Total iterations: 1790412800 LUP
FLOP: 89
Total work: 159346739200 FLOP
performance: 0.100353 GLUP/s
Performance in GFLOP/s: 8.931410
size: 9000000
time: 17.841162
iterations: 200
Total iterations: 1790412800 LUP
FLOP: 89
Total work: 159346739200 FLOP
performance: 0.100287 GLUP/s
Performance in GFLOP/s: 8.925567
size: 9000000
time: 17.852843
