[1;34m[pthread wrapper] 
[0m[1;34m[pthread wrapper] MAIN -> 0
[0m[1;34m[pthread wrapper] PIN_MASK: [0m[1;34m0->10  [0m[1;34m
[pthread wrapper] SKIP MASK: 0x0
[0m[1;34m	threadid 139714617870080 -> core 10 - OK[0m[1;34m
[0miterations: 200
Total iterations: 1790412800 LUP
FLOP: 89
Total work: 159346739200 FLOP
performance: 0.099733 GLUP/s
Performance in GFLOP/s: 8.876203
size: 9000000
time: 17.952128
[1;34m[pthread wrapper] 
[0m[1;34m[pthread wrapper] MAIN -> 0
[0m[1;34m[pthread wrapper] PIN_MASK: [0m[1;34m0->10  [0m[1;34m
[pthread wrapper] SKIP MASK: 0x0
[0m[1;34m	threadid 140626582685440 -> core 10 - OK[0m[1;34m
[0miterations: 200
Total iterations: 1790412800 LUP
FLOP: 89
Total work: 159346739200 FLOP
performance: 0.099208 GLUP/s
Performance in GFLOP/s: 8.829535
size: 9000000
time: 18.047014
[1;34m[pthread wrapper] 
[0m[1;34m[pthread wrapper] MAIN -> 0
[0m[1;34m[pthread wrapper] PIN_MASK: [0m[1;34m0->10  [0m[1;34m
[pthread wrapper] SKIP MASK: 0x0
[0m[1;34m	threadid 140295500519168 -> core 10 - OK[0m[1;34m
[0miterations: 200
Total iterations: 1790412800 LUP
FLOP: 89
Total work: 159346739200 FLOP
performance: 0.099484 GLUP/s
Performance in GFLOP/s: 8.854107
size: 9000000
time: 17.996929
[1;34m[pthread wrapper] 
[0m[1;34m[pthread wrapper] MAIN -> 0
[0m[1;34m[pthread wrapper] PIN_MASK: [0m[1;34m0->10  [0m[1;34m
[pthread wrapper] SKIP MASK: 0x0
[0m[1;34m	threadid 139900257728256 -> core 10 - OK[0m[1;34m
[0miterations: 200
Total iterations: 1790412800 LUP
FLOP: 89
Total work: 159346739200 FLOP
performance: 0.099774 GLUP/s
Performance in GFLOP/s: 8.879871
size: 9000000
time: 17.944714
[1;34m[pthread wrapper] 
[0m[1;34m[pthread wrapper] MAIN -> 0
[0m[1;34m[pthread wrapper] PIN_MASK: [0m[1;34m0->10  [0m[1;34m
[pthread wrapper] SKIP MASK: 0x0
[0m[1;34m	threadid 139847917799168 -> core 10 - OK[0m[1;34m
[0miterations: 200
Total iterations: 1790412800 LUP
FLOP: 89
Total work: 159346739200 FLOP
performance: 0.099173 GLUP/s
Performance in GFLOP/s: 8.826373
size: 9000000
time: 18.053478
[1;34m[pthread wrapper] 
[0m[1;34m[pthread wrapper] MAIN -> 0
[0m[1;34m[pthread wrapper] PIN_MASK: [0m[1;34m0->10  [0m[1;34m
[pthread wrapper] SKIP MASK: 0x0
[0m[1;34m	threadid 139807892154112 -> core 10 - OK[0m[1;34m
[0miterations: 200
Total iterations: 1790412800 LUP
FLOP: 89
Total work: 159346739200 FLOP
performance: 0.099929 GLUP/s
Performance in GFLOP/s: 8.893699
size: 9000000
time: 17.916812
[1;34m[pthread wrapper] 
[0m[1;34m[pthread wrapper] MAIN -> 0
[0m[1;34m[pthread wrapper] PIN_MASK: [0m[1;34m0->10  [0m[1;34m
[pthread wrapper] SKIP MASK: 0x0
[0m[1;34m	threadid 140193856808704 -> core 10 - OK[0m[1;34m
[0miterations: 200
Total iterations: 1790412800 LUP
FLOP: 89
Total work: 159346739200 FLOP
performance: 0.100090 GLUP/s
Performance in GFLOP/s: 8.908039
size: 9000000
time: 17.887970
[1;34m[pthread wrapper] 
[0m[1;34m[pthread wrapper] MAIN -> 0
[0m[1;34m[pthread wrapper] PIN_MASK: [0m[1;34m0->10  [0m[1;34m
[pthread wrapper] SKIP MASK: 0x0
[0m[1;34m	threadid 140361252968192 -> core 10 - OK[0m[1;34m
[0miterations: 200
Total iterations: 1790412800 LUP
FLOP: 89
Total work: 159346739200 FLOP
performance: 0.099366 GLUP/s
Performance in GFLOP/s: 8.843586
size: 9000000
time: 18.018340
[1;34m[pthread wrapper] 
[0m[1;34m[pthread wrapper] MAIN -> 0
[0m[1;34m[pthread wrapper] PIN_MASK: [0m[1;34m0->10  [0m[1;34m
[pthread wrapper] SKIP MASK: 0x0
[0m[1;34m	threadid 140158298507008 -> core 10 - OK[0m[1;34m
[0miterations: 200
Total iterations: 1790412800 LUP
FLOP: 89
Total work: 159346739200 FLOP
performance: 0.100120 GLUP/s
Performance in GFLOP/s: 8.910647
size: 9000000
time: 17.882735
[1;34m[pthread wrapper] 
[0m[1;34m[pthread wrapper] MAIN -> 0
[0m[1;34m[pthread wrapper] PIN_MASK: [0m[1;34m0->10  [0m[1;34m
[pthread wrapper] SKIP MASK: 0x0
[0m[1;34m	threadid 140406039070464 -> core 10 - OK[0m[1;34m
[0miterations: 200
Total iterations: 1790412800 LUP
FLOP: 89
Total work: 159346739200 FLOP
performance: 0.098786 GLUP/s
Performance in GFLOP/s: 8.791940
size: 9000000
time: 18.124184
