[1;34m[pthread wrapper] 
[0m[1;34m[pthread wrapper] MAIN -> 0
[0m[1;34m[pthread wrapper] PIN_MASK: [0m[1;34m0->1  [0m[1;34m1->2  [0m[1;34m2->3  [0m[1;34m3->4  [0m[1;34m4->5  [0m[1;34m5->6  [0m[1;34m6->7  [0m[1;34m7->10  [0m[1;34m8->11  [0m[1;34m9->12  [0m[1;34m10->13  [0m[1;34m11->14  [0m[1;34m12->15  [0m[1;34m13->16  [0m[1;34m14->17  [0m[1;34m
[pthread wrapper] SKIP MASK: 0x0
[0m[1;34m	threadid 140138373736192 -> core 1 - OK[0m[1;34m
[0m[1;34m	threadid 140138365343488 -> core 2 - OK[0m[1;34m
[0m[1;34m	threadid 140138356950784 -> core 3 - OK[0m[1;34m
[0m[1;34m	threadid 140138348558080 -> core 4 - OK[0m[1;34m
[0m[1;34m	threadid 140138340165376 -> core 5 - OK[0m[1;34m
[0m[1;34m	threadid 140138331772672 -> core 6 - OK[0m[1;34m
[0m[1;34m	threadid 140138323379968 -> core 7 - OK[0m[1;34m
[0m[1;34m	threadid 140138314987264 -> core 10 - OK[0m[1;34m
[0m[1;34m	threadid 140138306594560 -> core 11 - OK[0m[1;34m
[0m[1;34m	threadid 140138298201856 -> core 12 - OK[0m[1;34m
[0m[1;34m	threadid 140138289809152 -> core 13 - OK[0m[1;34m
[0m[1;34m	threadid 140138281416448 -> core 14 - OK[0m[1;34m
[0m[1;34m	threadid 140138273023744 -> core 15 - OK[0m[1;34m
[0m[1;34m	threadid 140138264631040 -> core 16 - OK[0m[1;34m
[0m[1;34m	threadid 140138256238336 -> core 17 - OK[0m[1;34m
[0miterations: 200
Total iterations: 1790412800 LUP
FLOP: 89
Total work: 159346739200 FLOP
performance: 0.781366 GLUP/s
Performance in GFLOP/s: 69.541578
size: 9000000
time: 2.291388
[1;34m[pthread wrapper] 
[0m[1;34m[pthread wrapper] MAIN -> 0
[0m[1;34m[pthread wrapper] PIN_MASK: [0m[1;34m0->1  [0m[1;34m1->2  [0m[1;34m2->3  [0m[1;34m3->4  [0m[1;34m4->5  [0m[1;34m5->6  [0m[1;34m6->7  [0m[1;34m7->10  [0m[1;34m8->11  [0m[1;34m9->12  [0m[1;34m10->13  [0m[1;34m11->14  [0m[1;34m12->15  [0m[1;34m13->16  [0m[1;34m14->17  [0m[1;34m
[pthread wrapper] SKIP MASK: 0x0
[0m[1;34m	threadid 139738213308160 -> core 1 - OK[0m[1;34m
[0m[1;34m	threadid 139738204915456 -> core 2 - OK[0m[1;34m
[0m[1;34m	threadid 139738196522752 -> core 3 - OK[0m[1;34m
[0m[1;34m	threadid 139738188130048 -> core 4 - OK[0m[1;34m
[0m[1;34m	threadid 139738179737344 -> core 5 - OK[0m[1;34m
[0m[1;34m	threadid 139738171344640 -> core 6 - OK[0m[1;34m
[0m[1;34m	threadid 139738162951936 -> core 7 - OK[0m[1;34m
[0m[1;34m	threadid 139738154559232 -> core 10 - OK[0m[1;34m
[0m[1;34m	threadid 139738146166528 -> core 11 - OK[0m[1;34m
[0m[1;34m	threadid 139738137773824 -> core 12 - OK[0m[1;34m
[0m[1;34m	threadid 139738129381120 -> core 13 - OK[0m[1;34m
[0m[1;34m	threadid 139738120988416 -> core 14 - OK[0m[1;34m
[0m[1;34m	threadid 139738112595712 -> core 15 - OK[0m[1;34m
[0m[1;34m	threadid 139738104203008 -> core 16 - OK[0m[1;34m
[0m[1;34m	threadid 139738095810304 -> core 17 - OK[0m[1;34m
[0miterations: 200
Total iterations: 1790412800 LUP
FLOP: 89
Total work: 159346739200 FLOP
performance: 0.776780 GLUP/s
Performance in GFLOP/s: 69.133393
size: 9000000
time: 2.304917
[1;34m[pthread wrapper] 
[0m[1;34m[pthread wrapper] MAIN -> 0
[0m[1;34m[pthread wrapper] PIN_MASK: [0m[1;34m0->1  [0m[1;34m1->2  [0m[1;34m2->3  [0m[1;34m3->4  [0m[1;34m4->5  [0m[1;34m5->6  [0m[1;34m6->7  [0m[1;34m7->10  [0m[1;34m8->11  [0m[1;34m9->12  [0m[1;34m10->13  [0m[1;34m11->14  [0m[1;34m12->15  [0m[1;34m13->16  [0m[1;34m14->17  [0m[1;34m
[pthread wrapper] SKIP MASK: 0x0
[0m[1;34m	threadid 139850155403008 -> core 1 - OK[0m[1;34m
[0m[1;34m	threadid 139850147010304 -> core 2 - OK[0m[1;34m
[0m[1;34m	threadid 139850138617600 -> core 3 - OK[0m[1;34m
[0m[1;34m	threadid 139850130224896 -> core 4 - OK[0m[1;34m
[0m[1;34m	threadid 139850121832192 -> core 5 - OK[0m[1;34m
[0m[1;34m	threadid 139850113439488 -> core 6 - OK[0m[1;34m
[0m[1;34m	threadid 139850105046784 -> core 7 - OK[0m[1;34m
[0m[1;34m	threadid 139850096654080 -> core 10 - OK[0m[1;34m
[0m[1;34m	threadid 139850088261376 -> core 11 - OK[0m[1;34m
[0m[1;34m	threadid 139850079868672 -> core 12 - OK[0m[1;34m
[0m[1;34m	threadid 139850071475968 -> core 13 - OK[0m[1;34m
[0m[1;34m	threadid 139850063083264 -> core 14 - OK[0m[1;34m
[0m[1;34m	threadid 139850054690560 -> core 15 - OK[0m[1;34m
[0m[1;34m	threadid 139850046297856 -> core 16 - OK[0m[1;34m
[0m[1;34m	threadid 139850037905152 -> core 17 - OK[0m[1;34m
[0miterations: 200
Total iterations: 1790412800 LUP
FLOP: 89
Total work: 159346739200 FLOP
performance: 0.780424 GLUP/s
Performance in GFLOP/s: 69.457737
size: 9000000
time: 2.294154
[1;34m[pthread wrapper] 
[0m[1;34m[pthread wrapper] MAIN -> 0
[0m[1;34m[pthread wrapper] PIN_MASK: [0m[1;34m0->1  [0m[1;34m1->2  [0m[1;34m2->3  [0m[1;34m3->4  [0m[1;34m4->5  [0m[1;34m5->6  [0m[1;34m6->7  [0m[1;34m7->10  [0m[1;34m8->11  [0m[1;34m9->12  [0m[1;34m10->13  [0m[1;34m11->14  [0m[1;34m12->15  [0m[1;34m13->16  [0m[1;34m14->17  [0m[1;34m
[pthread wrapper] SKIP MASK: 0x0
[0m[1;34m	threadid 140061580674816 -> core 1 - OK[0m[1;34m
[0m[1;34m	threadid 140061572282112 -> core 2 - OK[0m[1;34m
[0m[1;34m	threadid 140061563889408 -> core 3 - OK[0m[1;34m
[0m[1;34m	threadid 140061555496704 -> core 4 - OK[0m[1;34m
[0m[1;34m	threadid 140061547104000 -> core 5 - OK[0m[1;34m
[0m[1;34m	threadid 140061538711296 -> core 6 - OK[0m[1;34m
[0m[1;34m	threadid 140061530318592 -> core 7 - OK[0m[1;34m
[0m[1;34m	threadid 140061521925888 -> core 10 - OK[0m[1;34m
[0m[1;34m	threadid 140061513533184 -> core 11 - OK[0m[1;34m
[0m[1;34m	threadid 140061505140480 -> core 12 - OK[0m[1;34m
[0m[1;34m	threadid 140061496747776 -> core 13 - OK[0m[1;34m
[0m[1;34m	threadid 140061488355072 -> core 14 - OK[0m[1;34m
[0m[1;34m	threadid 140061479962368 -> core 15 - OK[0m[1;34m
[0m[1;34m	threadid 140061471569664 -> core 16 - OK[0m[1;34m
[0m[1;34m	threadid 140061463176960 -> core 17 - OK[0m[1;34m
[0miterations: 200
Total iterations: 1790412800 LUP
FLOP: 89
Total work: 159346739200 FLOP
performance: 0.779318 GLUP/s
Performance in GFLOP/s: 69.359324
size: 9000000
time: 2.297409
[1;34m[pthread wrapper] 
[0m[1;34m[pthread wrapper] MAIN -> 0
[0m[1;34m[pthread wrapper] PIN_MASK: [0m[1;34m0->1  [0m[1;34m1->2  [0m[1;34m2->3  [0m[1;34m3->4  [0m[1;34m4->5  [0m[1;34m5->6  [0m[1;34m6->7  [0m[1;34m7->10  [0m[1;34m8->11  [0m[1;34m9->12  [0m[1;34m10->13  [0m[1;34m11->14  [0m[1;34m12->15  [0m[1;34m13->16  [0m[1;34m14->17  [0m[1;34m
[pthread wrapper] SKIP MASK: 0x0
[0m[1;34m	threadid 140667850594048 -> core 1 - OK[0m[1;34m
[0m[1;34m	threadid 140667842201344 -> core 2 - OK[0m[1;34m
[0m[1;34m	threadid 140667833808640 -> core 3 - OK[0m[1;34m
[0m[1;34m	threadid 140667825415936 -> core 4 - OK[0m[1;34m
[0m[1;34m	threadid 140667817023232 -> core 5 - OK[0m[1;34m
[0m[1;34m	threadid 140667808630528 -> core 6 - OK[0m[1;34m
[0m[1;34m	threadid 140667800237824 -> core 7 - OK[0m[1;34m
[0m[1;34m	threadid 140667791845120 -> core 10 - OK[0m[1;34m
[0m[1;34m	threadid 140667783452416 -> core 11 - OK[0m[1;34m
[0m[1;34m	threadid 140667775059712 -> core 12 - OK[0m[1;34m
[0m[1;34m	threadid 140667766667008 -> core 13 - OK[0m[1;34m
[0m[1;34m	threadid 140667758274304 -> core 14 - OK[0m[1;34m
[0m[1;34m	threadid 140667749881600 -> core 15 - OK[0m[1;34m
[0m[1;34m	threadid 140667741488896 -> core 16 - OK[0m[1;34m
[0m[1;34m	threadid 140667733096192 -> core 17 - OK[0m[1;34m
[0miterations: 200
Total iterations: 1790412800 LUP
FLOP: 89
Total work: 159346739200 FLOP
performance: 0.776041 GLUP/s
Performance in GFLOP/s: 69.067680
size: 9000000
time: 2.307110
[1;34m[pthread wrapper] 
[0m[1;34m[pthread wrapper] MAIN -> 0
[0m[1;34m[pthread wrapper] PIN_MASK: [0m[1;34m0->1  [0m[1;34m1->2  [0m[1;34m2->3  [0m[1;34m3->4  [0m[1;34m4->5  [0m[1;34m5->6  [0m[1;34m6->7  [0m[1;34m7->10  [0m[1;34m8->11  [0m[1;34m9->12  [0m[1;34m10->13  [0m[1;34m11->14  [0m[1;34m12->15  [0m[1;34m13->16  [0m[1;34m14->17  [0m[1;34m
[pthread wrapper] SKIP MASK: 0x0
[0m[1;34m	threadid 140456362657536 -> core 1 - OK[0m[1;34m
[0m[1;34m	threadid 140456354264832 -> core 2 - OK[0m[1;34m
[0m[1;34m	threadid 140456345872128 -> core 3 - OK[0m[1;34m
[0m[1;34m	threadid 140456337479424 -> core 4 - OK[0m[1;34m
[0m[1;34m	threadid 140456329086720 -> core 5 - OK[0m[1;34m
[0m[1;34m	threadid 140456320694016 -> core 6 - OK[0m[1;34m
[0m[1;34m	threadid 140456312301312 -> core 7 - OK[0m[1;34m
[0m[1;34m	threadid 140456303908608 -> core 10 - OK[0m[1;34m
[0m[1;34m	threadid 140456295515904 -> core 11 - OK[0m[1;34m
[0m[1;34m	threadid 140456287123200 -> core 12 - OK[0m[1;34m
[0m[1;34m	threadid 140456278730496 -> core 13 - OK[0m[1;34m
[0m[1;34m	threadid 140456270337792 -> core 14 - OK[0m[1;34m
[0m[1;34m	threadid 140456261945088 -> core 15 - OK[0m[1;34m
[0m[1;34m	threadid 140456253552384 -> core 16 - OK[0m[1;34m
[0m[1;34m	threadid 140456245159680 -> core 17 - OK[0m[1;34m
[0miterations: 200
Total iterations: 1790412800 LUP
FLOP: 89
Total work: 159346739200 FLOP
performance: 0.780046 GLUP/s
Performance in GFLOP/s: 69.424086
size: 9000000
time: 2.295266
[1;34m[pthread wrapper] 
[0m[1;34m[pthread wrapper] MAIN -> 0
[0m[1;34m[pthread wrapper] PIN_MASK: [0m[1;34m0->1  [0m[1;34m1->2  [0m[1;34m2->3  [0m[1;34m3->4  [0m[1;34m4->5  [0m[1;34m5->6  [0m[1;34m6->7  [0m[1;34m7->10  [0m[1;34m8->11  [0m[1;34m9->12  [0m[1;34m10->13  [0m[1;34m11->14  [0m[1;34m12->15  [0m[1;34m13->16  [0m[1;34m14->17  [0m[1;34m
[pthread wrapper] SKIP MASK: 0x0
[0m[1;34m	threadid 139952062072576 -> core 1 - OK[0m[1;34m
[0m[1;34m	threadid 139952053679872 -> core 2 - OK[0m[1;34m
[0m[1;34m	threadid 139952045287168 -> core 3 - OK[0m[1;34m
[0m[1;34m	threadid 139952036894464 -> core 4 - OK[0m[1;34m
[0m[1;34m	threadid 139952028501760 -> core 5 - OK[0m[1;34m
[0m[1;34m	threadid 139952020109056 -> core 6 - OK[0m[1;34m
[0m[1;34m	threadid 139952011716352 -> core 7 - OK[0m[1;34m
[0m[1;34m	threadid 139952003323648 -> core 10 - OK[0m[1;34m
[0m[1;34m	threadid 139951994930944 -> core 11 - OK[0m[1;34m
[0m[1;34m	threadid 139951986538240 -> core 12 - OK[0m[1;34m
[0m[1;34m	threadid 139951978145536 -> core 13 - OK[0m[1;34m
[0m[1;34m	threadid 139951969752832 -> core 14 - OK[0m[1;34m
[0m[1;34m	threadid 139951961360128 -> core 15 - OK[0m[1;34m
[0m[1;34m	threadid 139951952967424 -> core 16 - OK[0m[1;34m
[0m[1;34m	threadid 139951944574720 -> core 17 - OK[0m[1;34m
[0miterations: 200
Total iterations: 1790412800 LUP
FLOP: 89
Total work: 159346739200 FLOP
performance: 0.780181 GLUP/s
Performance in GFLOP/s: 69.436088
size: 9000000
time: 2.294869
[1;34m[pthread wrapper] 
[0m[1;34m[pthread wrapper] MAIN -> 0
[0m[1;34m[pthread wrapper] PIN_MASK: [0m[1;34m0->1  [0m[1;34m1->2  [0m[1;34m2->3  [0m[1;34m3->4  [0m[1;34m4->5  [0m[1;34m5->6  [0m[1;34m6->7  [0m[1;34m7->10  [0m[1;34m8->11  [0m[1;34m9->12  [0m[1;34m10->13  [0m[1;34m11->14  [0m[1;34m12->15  [0m[1;34m13->16  [0m[1;34m14->17  [0m[1;34m
[pthread wrapper] SKIP MASK: 0x0
[0m[1;34m	threadid 140015751137024 -> core 1 - OK[0m[1;34m
[0m[1;34m	threadid 140015742744320 -> core 2 - OK[0m[1;34m
[0m[1;34m	threadid 140015734351616 -> core 3 - OK[0m[1;34m
[0m[1;34m	threadid 140015725958912 -> core 4 - OK[0m[1;34m
[0m[1;34m	threadid 140015717566208 -> core 5 - OK[0m[1;34m
[0m[1;34m	threadid 140015709173504 -> core 6 - OK[0m[1;34m
[0m[1;34m	threadid 140015700780800 -> core 7 - OK[0m[1;34m
[0m[1;34m	threadid 140015692388096 -> core 10 - OK[0m[1;34m
[0m[1;34m	threadid 140015683995392 -> core 11 - OK[0m[1;34m
[0m[1;34m	threadid 140015675602688 -> core 12 - OK[0m[1;34m
[0m[1;34m	threadid 140015667209984 -> core 13 - OK[0m[1;34m
[0m[1;34m	threadid 140015658817280 -> core 14 - OK[0m[1;34m
[0m[1;34m	threadid 140015650424576 -> core 15 - OK[0m[1;34m
[0m[1;34m	threadid 140015642031872 -> core 16 - OK[0m[1;34m
[0m[1;34m	threadid 140015633639168 -> core 17 - OK[0m[1;34m
[0miterations: 200
Total iterations: 1790412800 LUP
FLOP: 89
Total work: 159346739200 FLOP
performance: 0.782704 GLUP/s
Performance in GFLOP/s: 69.660658
size: 9000000
time: 2.287471
[1;34m[pthread wrapper] 
[0m[1;34m[pthread wrapper] MAIN -> 0
[0m[1;34m[pthread wrapper] PIN_MASK: [0m[1;34m0->1  [0m[1;34m1->2  [0m[1;34m2->3  [0m[1;34m3->4  [0m[1;34m4->5  [0m[1;34m5->6  [0m[1;34m6->7  [0m[1;34m7->10  [0m[1;34m8->11  [0m[1;34m9->12  [0m[1;34m10->13  [0m[1;34m11->14  [0m[1;34m12->15  [0m[1;34m13->16  [0m[1;34m14->17  [0m[1;34m
[pthread wrapper] SKIP MASK: 0x0
[0m[1;34m	threadid 139780741736192 -> core 1 - OK[0m[1;34m
[0m[1;34m	threadid 139780733343488 -> core 2 - OK[0m[1;34m
[0m[1;34m	threadid 139780724950784 -> core 3 - OK[0m[1;34m
[0m[1;34m	threadid 139780716558080 -> core 4 - OK[0m[1;34m
[0m[1;34m	threadid 139780708165376 -> core 5 - OK[0m[1;34m
[0m[1;34m	threadid 139780699772672 -> core 6 - OK[0m[1;34m
[0m[1;34m	threadid 139780691379968 -> core 7 - OK[0m[1;34m
[0m[1;34m	threadid 139780682987264 -> core 10 - OK[0m[1;34m
[0m[1;34m	threadid 139780674594560 -> core 11 - OK[0m[1;34m
[0m[1;34m	threadid 139780666201856 -> core 12 - OK[0m[1;34m
[0m[1;34m	threadid 139780657809152 -> core 13 - OK[0m[1;34m
[0m[1;34m	threadid 139780649416448 -> core 14 - OK[0m[1;34m
[0m[1;34m	threadid 139780641023744 -> core 15 - OK[0m[1;34m
[0m[1;34m	threadid 139780632631040 -> core 16 - OK[0m[1;34m
[0m[1;34m	threadid 139780624238336 -> core 17 - OK[0m[1;34m
[0miterations: 200
Total iterations: 1790412800 LUP
FLOP: 89
Total work: 159346739200 FLOP
performance: 0.780842 GLUP/s
Performance in GFLOP/s: 69.494938
size: 9000000
time: 2.292926
[1;34m[pthread wrapper] 
[0m[1;34m[pthread wrapper] MAIN -> 0
[0m[1;34m[pthread wrapper] PIN_MASK: [0m[1;34m0->1  [0m[1;34m1->2  [0m[1;34m2->3  [0m[1;34m3->4  [0m[1;34m4->5  [0m[1;34m5->6  [0m[1;34m6->7  [0m[1;34m7->10  [0m[1;34m8->11  [0m[1;34m9->12  [0m[1;34m10->13  [0m[1;34m11->14  [0m[1;34m12->15  [0m[1;34m13->16  [0m[1;34m14->17  [0m[1;34m
[pthread wrapper] SKIP MASK: 0x0
[0m[1;34m	threadid 140444939835136 -> core 1 - OK[0m[1;34m
[0m[1;34m	threadid 140444931442432 -> core 2 - OK[0m[1;34m
[0m[1;34m	threadid 140444923049728 -> core 3 - OK[0m[1;34m
[0m[1;34m	threadid 140444914657024 -> core 4 - OK[0m[1;34m
[0m[1;34m	threadid 140444906264320 -> core 5 - OK[0m[1;34m
[0m[1;34m	threadid 140444897871616 -> core 6 - OK[0m[1;34m
[0m[1;34m	threadid 140444889478912 -> core 7 - OK[0m[1;34m
[0m[1;34m	threadid 140444881086208 -> core 10 - OK[0m[1;34m
[0m[1;34m	threadid 140444872693504 -> core 11 - OK[0m[1;34m
[0m[1;34m	threadid 140444864300800 -> core 12 - OK[0m[1;34m
[0m[1;34m	threadid 140444855908096 -> core 13 - OK[0m[1;34m
[0m[1;34m	threadid 140444847515392 -> core 14 - OK[0m[1;34m
[0m[1;34m	threadid 140444839122688 -> core 15 - OK[0m[1;34m
[0m[1;34m	threadid 140444830729984 -> core 16 - OK[0m[1;34m
[0m[1;34m	threadid 140444822337280 -> core 17 - OK[0m[1;34m
[0miterations: 200
Total iterations: 1790412800 LUP
FLOP: 89
Total work: 159346739200 FLOP
performance: 0.783498 GLUP/s
Performance in GFLOP/s: 69.731354
size: 9000000
time: 2.285152
