iterations: 200
Total iterations: 1790412800 LUP
FLOP: 89
Total work: 159346739200 FLOP
performance: 0.397620 GLUP/s
Performance in GFLOP/s: 35.388155
size: 9000000
time: 4.502827
iterations: 200
Total iterations: 1790412800 LUP
FLOP: 89
Total work: 159346739200 FLOP
performance: 0.397473 GLUP/s
Performance in GFLOP/s: 35.375059
size: 9000000
time: 4.504494
iterations: 200
Total iterations: 1790412800 LUP
FLOP: 89
Total work: 159346739200 FLOP
performance: 0.395155 GLUP/s
Performance in GFLOP/s: 35.168838
size: 9000000
time: 4.530907
iterations: 200
Total iterations: 1790412800 LUP
FLOP: 89
Total work: 159346739200 FLOP
performance: 0.398114 GLUP/s
Performance in GFLOP/s: 35.432182
size: 9000000
time: 4.497232
iterations: 200
Total iterations: 1790412800 LUP
FLOP: 89
Total work: 159346739200 FLOP
performance: 0.398291 GLUP/s
Performance in GFLOP/s: 35.447905
size: 9000000
time: 4.495237
iterations: 200
Total iterations: 1790412800 LUP
FLOP: 89
Total work: 159346739200 FLOP
performance: 0.398577 GLUP/s
Performance in GFLOP/s: 35.473372
size: 9000000
time: 4.492010
iterations: 200
Total iterations: 1790412800 LUP
FLOP: 89
Total work: 159346739200 FLOP
performance: 0.398225 GLUP/s
Performance in GFLOP/s: 35.442055
size: 9000000
time: 4.495979
iterations: 200
Total iterations: 1790412800 LUP
FLOP: 89
Total work: 159346739200 FLOP
performance: 0.397238 GLUP/s
Performance in GFLOP/s: 35.354149
size: 9000000
time: 4.507158
iterations: 200
Total iterations: 1790412800 LUP
FLOP: 89
Total work: 159346739200 FLOP
performance: 0.398095 GLUP/s
Performance in GFLOP/s: 35.430418
size: 9000000
time: 4.497456
iterations: 200
Total iterations: 1790412800 LUP
FLOP: 89
Total work: 159346739200 FLOP
performance: 0.398621 GLUP/s
Performance in GFLOP/s: 35.477266
size: 9000000
time: 4.491517
