[1;34m[pthread wrapper] 
[0m[1;34m[pthread wrapper] MAIN -> 0
[0m[1;34m[pthread wrapper] PIN_MASK: [0m[1;34m0->1  [0m[1;34m1->2  [0m[1;34m2->3  [0m[1;34m3->4  [0m[1;34m4->5  [0m[1;34m5->6  [0m[1;34m6->7  [0m[1;34m7->8  [0m[1;34m8->9  [0m[1;34m
[pthread wrapper] SKIP MASK: 0x0
[0m[1;34m	threadid 47157797558016 -> core 1 - OK[0m[1;34m
[0m[1;34m	threadid 47157799659264 -> core 2 - OK[0m[1;34m
[0m[1;34m	threadid 47157801760512 -> core 3 - OK[0m[1;34m
[0m[1;34m	threadid 47157803861760 -> core 4 - OK[0m[1;34m
[0m[1;34m	threadid 47157805963008 -> core 5 - OK[0m[1;34m
[0m[1;34m	threadid 47157808064256 -> core 6 - OK[0m[1;34m
[0m[1;34m	threadid 47157810165504 -> core 7 - OK[0m[1;34m
[0m[1;34m	threadid 47157812266752 -> core 8 - OK[0m[1;34m
[0m[1;34m	threadid 47157814368000 -> core 9 - OK[0m[1;34m
[0miterations: 120
Total iterations: 1078560480 LUP
FLOP: 11
Total work: 11864165280 FLOP
performance: 2.509518 GLUP/s
Performance in GFLOP/s: 27.604700
size: 9000000
time: 0.429788
[1;34m[pthread wrapper] 
[0m[1;34m[pthread wrapper] MAIN -> 0
[0m[1;34m[pthread wrapper] PIN_MASK: [0m[1;34m0->1  [0m[1;34m1->2  [0m[1;34m2->3  [0m[1;34m3->4  [0m[1;34m4->5  [0m[1;34m5->6  [0m[1;34m6->7  [0m[1;34m7->8  [0m[1;34m8->9  [0m[1;34m
[pthread wrapper] SKIP MASK: 0x0
[0m[1;34m	threadid 47359986919168 -> core 1 - OK[0m[1;34m
[0m[1;34m	threadid 47359989020416 -> core 2 - OK[0m[1;34m
[0m[1;34m	threadid 47359991121664 -> core 3 - OK[0m[1;34m
[0m[1;34m	threadid 47359993222912 -> core 4 - OK[0m[1;34m
[0m[1;34m	threadid 47359995324160 -> core 5 - OK[0m[1;34m
[0m[1;34m	threadid 47359997425408 -> core 6 - OK[0m[1;34m
[0m[1;34m	threadid 47359999526656 -> core 7 - OK[0m[1;34m
[0m[1;34m	threadid 47360001627904 -> core 8 - OK[0m[1;34m
[0m[1;34m	threadid 47360003729152 -> core 9 - OK[0m[1;34m
[0miterations: 120
Total iterations: 1078560480 LUP
FLOP: 11
Total work: 11864165280 FLOP
performance: 2.511271 GLUP/s
Performance in GFLOP/s: 27.623977
size: 9000000
time: 0.429488
[1;34m[pthread wrapper] 
[0m[1;34m[pthread wrapper] MAIN -> 0
[0m[1;34m[pthread wrapper] PIN_MASK: [0m[1;34m0->1  [0m[1;34m1->2  [0m[1;34m2->3  [0m[1;34m3->4  [0m[1;34m4->5  [0m[1;34m5->6  [0m[1;34m6->7  [0m[1;34m7->8  [0m[1;34m8->9  [0m[1;34m
[pthread wrapper] SKIP MASK: 0x0
[0m[1;34m	threadid 47598114363136 -> core 1 - OK[0m[1;34m
[0m[1;34m	threadid 47598116464384 -> core 2 - OK[0m[1;34m
[0m[1;34m	threadid 47598118565632 -> core 3 - OK[0m[1;34m
[0m[1;34m	threadid 47598120666880 -> core 4 - OK[0m[1;34m
[0m[1;34m	threadid 47598122768128 -> core 5 - OK[0m[1;34m
[0m[1;34m	threadid 47598124869376 -> core 6 - OK[0m[1;34m
[0m[1;34m	threadid 47598126970624 -> core 7 - OK[0m[1;34m
[0m[1;34m	threadid 47598129071872 -> core 8 - OK[0m[1;34m
[0m[1;34m	threadid 47598131173120 -> core 9 - OK[0m[1;34m
[0miterations: 120
Total iterations: 1078560480 LUP
FLOP: 11
Total work: 11864165280 FLOP
performance: 2.512137 GLUP/s
Performance in GFLOP/s: 27.633504
size: 9000000
time: 0.429340
[1;34m[pthread wrapper] 
[0m[1;34m[pthread wrapper] MAIN -> 0
[0m[1;34m[pthread wrapper] PIN_MASK: [0m[1;34m0->1  [0m[1;34m1->2  [0m[1;34m2->3  [0m[1;34m3->4  [0m[1;34m4->5  [0m[1;34m5->6  [0m[1;34m6->7  [0m[1;34m7->8  [0m[1;34m8->9  [0m[1;34m
[pthread wrapper] SKIP MASK: 0x0
[0m[1;34m	threadid 47392328935168 -> core 1 - OK[0m[1;34m
[0m[1;34m	threadid 47392331036416 -> core 2 - OK[0m[1;34m
[0m[1;34m	threadid 47392333137664 -> core 3 - OK[0m[1;34m
[0m[1;34m	threadid 47392335238912 -> core 4 - OK[0m[1;34m
[0m[1;34m	threadid 47392337340160 -> core 5 - OK[0m[1;34m
[0m[1;34m	threadid 47392339441408 -> core 6 - OK[0m[1;34m
[0m[1;34m	threadid 47392341542656 -> core 7 - OK[0m[1;34m
[0m[1;34m	threadid 47392343643904 -> core 8 - OK[0m[1;34m
[0m[1;34m	threadid 47392345745152 -> core 9 - OK[0m[1;34m
[0miterations: 120
Total iterations: 1078560480 LUP
FLOP: 11
Total work: 11864165280 FLOP
performance: 2.505512 GLUP/s
Performance in GFLOP/s: 27.560637
size: 9000000
time: 0.430475
[1;34m[pthread wrapper] 
[0m[1;34m[pthread wrapper] MAIN -> 0
[0m[1;34m[pthread wrapper] PIN_MASK: [0m[1;34m0->1  [0m[1;34m1->2  [0m[1;34m2->3  [0m[1;34m3->4  [0m[1;34m4->5  [0m[1;34m5->6  [0m[1;34m6->7  [0m[1;34m7->8  [0m[1;34m8->9  [0m[1;34m
[pthread wrapper] SKIP MASK: 0x0
[0m[1;34m	threadid 47769605502720 -> core 1 - OK[0m[1;34m
[0m[1;34m	threadid 47769607603968 -> core 2 - OK[0m[1;34m
[0m[1;34m	threadid 47769609705216 -> core 3 - OK[0m[1;34m
[0m[1;34m	threadid 47769611806464 -> core 4 - OK[0m[1;34m
[0m[1;34m	threadid 47769613907712 -> core 5 - OK[0m[1;34m
[0m[1;34m	threadid 47769616008960 -> core 6 - OK[0m[1;34m
[0m[1;34m	threadid 47769618110208 -> core 7 - OK[0m[1;34m
[0m[1;34m	threadid 47769620211456 -> core 8 - OK[0m[1;34m
[0m[1;34m	threadid 47769622312704 -> core 9 - OK[0m[1;34m
[0miterations: 120
Total iterations: 1078560480 LUP
FLOP: 11
Total work: 11864165280 FLOP
performance: 2.511604 GLUP/s
Performance in GFLOP/s: 27.627643
size: 9000000
time: 0.429431
[1;34m[pthread wrapper] 
[0m[1;34m[pthread wrapper] MAIN -> 0
[0m[1;34m[pthread wrapper] PIN_MASK: [0m[1;34m0->1  [0m[1;34m1->2  [0m[1;34m2->3  [0m[1;34m3->4  [0m[1;34m4->5  [0m[1;34m5->6  [0m[1;34m6->7  [0m[1;34m7->8  [0m[1;34m8->9  [0m[1;34m
[pthread wrapper] SKIP MASK: 0x0
[0m[1;34m	threadid 47796530697984 -> core 1 - OK[0m[1;34m
[0m[1;34m	threadid 47796532799232 -> core 2 - OK[0m[1;34m
[0m[1;34m	threadid 47796534900480 -> core 3 - OK[0m[1;34m
[0m[1;34m	threadid 47796537001728 -> core 4 - OK[0m[1;34m
[0m[1;34m	threadid 47796539102976 -> core 5 - OK[0m[1;34m
[0m[1;34m	threadid 47796541204224 -> core 6 - OK[0m[1;34m
[0m[1;34m	threadid 47796543305472 -> core 7 - OK[0m[1;34m
[0m[1;34m	threadid 47796545406720 -> core 8 - OK[0m[1;34m
[0m[1;34m	threadid 47796547507968 -> core 9 - OK[0m[1;34m
[0miterations: 120
Total iterations: 1078560480 LUP
FLOP: 11
Total work: 11864165280 FLOP
performance: 2.510160 GLUP/s
Performance in GFLOP/s: 27.611761
size: 9000000
time: 0.429678
[1;34m[pthread wrapper] 
[0m[1;34m[pthread wrapper] MAIN -> 0
[0m[1;34m[pthread wrapper] PIN_MASK: [0m[1;34m0->1  [0m[1;34m1->2  [0m[1;34m2->3  [0m[1;34m3->4  [0m[1;34m4->5  [0m[1;34m5->6  [0m[1;34m6->7  [0m[1;34m7->8  [0m[1;34m8->9  [0m[1;34m
[pthread wrapper] SKIP MASK: 0x0
[0m[1;34m	threadid 47895508961024 -> core 1 - OK[0m[1;34m
[0m[1;34m	threadid 47895511062272 -> core 2 - OK[0m[1;34m
[0m[1;34m	threadid 47895513163520 -> core 3 - OK[0m[1;34m
[0m[1;34m	threadid 47895515264768 -> core 4 - OK[0m[1;34m
[0m[1;34m	threadid 47895517366016 -> core 5 - OK[0m[1;34m
[0m[1;34m	threadid 47895519467264 -> core 6 - OK[0m[1;34m
[0m[1;34m	threadid 47895521568512 -> core 7 - OK[0m[1;34m
[0m[1;34m	threadid 47895523669760 -> core 8 - OK[0m[1;34m
[0m[1;34m	threadid 47895525771008 -> core 9 - OK[0m[1;34m
[0miterations: 120
Total iterations: 1078560480 LUP
FLOP: 11
Total work: 11864165280 FLOP
performance: 2.509570 GLUP/s
Performance in GFLOP/s: 27.605266
size: 9000000
time: 0.429779
[1;34m[pthread wrapper] 
[0m[1;34m[pthread wrapper] MAIN -> 0
[0m[1;34m[pthread wrapper] PIN_MASK: [0m[1;34m0->1  [0m[1;34m1->2  [0m[1;34m2->3  [0m[1;34m3->4  [0m[1;34m4->5  [0m[1;34m5->6  [0m[1;34m6->7  [0m[1;34m7->8  [0m[1;34m8->9  [0m[1;34m
[pthread wrapper] SKIP MASK: 0x0
[0m[1;34m	threadid 46991725516544 -> core 1 - OK[0m[1;34m
[0m[1;34m	threadid 46991727617792 -> core 2 - OK[0m[1;34m
[0m[1;34m	threadid 46991729719040 -> core 3 - OK[0m[1;34m
[0m[1;34m	threadid 46991731820288 -> core 4 - OK[0m[1;34m
[0m[1;34m	threadid 46991733921536 -> core 5 - OK[0m[1;34m
[0m[1;34m	threadid 46991736022784 -> core 6 - OK[0m[1;34m
[0m[1;34m	threadid 46991738124032 -> core 7 - OK[0m[1;34m
[0m[1;34m	threadid 46991740225280 -> core 8 - OK[0m[1;34m
[0m[1;34m	threadid 46991742326528 -> core 9 - OK[0m[1;34m
[0miterations: 120
Total iterations: 1078560480 LUP
FLOP: 11
Total work: 11864165280 FLOP
performance: 2.510283 GLUP/s
Performance in GFLOP/s: 27.613109
size: 9000000
time: 0.429657
[1;34m[pthread wrapper] 
[0m[1;34m[pthread wrapper] MAIN -> 0
[0m[1;34m[pthread wrapper] PIN_MASK: [0m[1;34m0->1  [0m[1;34m1->2  [0m[1;34m2->3  [0m[1;34m3->4  [0m[1;34m4->5  [0m[1;34m5->6  [0m[1;34m6->7  [0m[1;34m7->8  [0m[1;34m8->9  [0m[1;34m
[pthread wrapper] SKIP MASK: 0x0
[0m[1;34m	threadid 47495638972160 -> core 1 - OK[0m[1;34m
[0m[1;34m	threadid 47495641073408 -> core 2 - OK[0m[1;34m
[0m[1;34m	threadid 47495643174656 -> core 3 - OK[0m[1;34m
[0m[1;34m	threadid 47495645275904 -> core 4 - OK[0m[1;34m
[0m[1;34m	threadid 47495647377152 -> core 5 - OK[0m[1;34m
[0m[1;34m	threadid 47495649478400 -> core 6 - OK[0m[1;34m
[0m[1;34m	threadid 47495651579648 -> core 7 - OK[0m[1;34m
[0m[1;34m	threadid 47495653680896 -> core 8 - OK[0m[1;34m
[0m[1;34m	threadid 47495655782144 -> core 9 - OK[0m[1;34m
[0miterations: 120
Total iterations: 1078560480 LUP
FLOP: 11
Total work: 11864165280 FLOP
performance: 2.511499 GLUP/s
Performance in GFLOP/s: 27.626493
size: 9000000
time: 0.429449
[1;34m[pthread wrapper] 
[0m[1;34m[pthread wrapper] MAIN -> 0
[0m[1;34m[pthread wrapper] PIN_MASK: [0m[1;34m0->1  [0m[1;34m1->2  [0m[1;34m2->3  [0m[1;34m3->4  [0m[1;34m4->5  [0m[1;34m5->6  [0m[1;34m6->7  [0m[1;34m7->8  [0m[1;34m8->9  [0m[1;34m
[pthread wrapper] SKIP MASK: 0x0
[0m[1;34m	threadid 47198252226304 -> core 1 - OK[0m[1;34m
[0m[1;34m	threadid 47198254327552 -> core 2 - OK[0m[1;34m
[0m[1;34m	threadid 47198256428800 -> core 3 - OK[0m[1;34m
[0m[1;34m	threadid 47198258530048 -> core 4 - OK[0m[1;34m
[0m[1;34m	threadid 47198260631296 -> core 5 - OK[0m[1;34m
[0m[1;34m	threadid 47198262732544 -> core 6 - OK[0m[1;34m
[0m[1;34m	threadid 47198264833792 -> core 7 - OK[0m[1;34m
[0m[1;34m	threadid 47198266935040 -> core 8 - OK[0m[1;34m
[0m[1;34m	threadid 47198269036288 -> core 9 - OK[0m[1;34m
[0miterations: 120
Total iterations: 1078560480 LUP
FLOP: 11
Total work: 11864165280 FLOP
performance: 2.480824 GLUP/s
Performance in GFLOP/s: 27.289068
size: 9000000
time: 0.434759
