iterations: 120
Total iterations: 1078560480 LUP
FLOP: 11
Total work: 11864165280 FLOP
performance: 2.428420 GLUP/s
Performance in GFLOP/s: 26.712615
size: 9000000
time: 0.444141
iterations: 120
Total iterations: 1078560480 LUP
FLOP: 11
Total work: 11864165280 FLOP
performance: 2.429173 GLUP/s
Performance in GFLOP/s: 26.720906
size: 9000000
time: 0.444003
iterations: 120
Total iterations: 1078560480 LUP
FLOP: 11
Total work: 11864165280 FLOP
performance: 2.427698 GLUP/s
Performance in GFLOP/s: 26.704674
size: 9000000
time: 0.444273
iterations: 120
Total iterations: 1078560480 LUP
FLOP: 11
Total work: 11864165280 FLOP
performance: 2.426528 GLUP/s
Performance in GFLOP/s: 26.691810
size: 9000000
time: 0.444487
iterations: 120
Total iterations: 1078560480 LUP
FLOP: 11
Total work: 11864165280 FLOP
performance: 2.429027 GLUP/s
Performance in GFLOP/s: 26.719299
size: 9000000
time: 0.444030
iterations: 120
Total iterations: 1078560480 LUP
FLOP: 11
Total work: 11864165280 FLOP
performance: 2.426038 GLUP/s
Performance in GFLOP/s: 26.686414
size: 9000000
time: 0.444577
iterations: 120
Total iterations: 1078560480 LUP
FLOP: 11
Total work: 11864165280 FLOP
performance: 2.428009 GLUP/s
Performance in GFLOP/s: 26.708099
size: 9000000
time: 0.444216
iterations: 120
Total iterations: 1078560480 LUP
FLOP: 11
Total work: 11864165280 FLOP
performance: 2.426911 GLUP/s
Performance in GFLOP/s: 26.696020
size: 9000000
time: 0.444417
iterations: 120
Total iterations: 1078560480 LUP
FLOP: 11
Total work: 11864165280 FLOP
performance: 2.428386 GLUP/s
Performance in GFLOP/s: 26.712242
size: 9000000
time: 0.444147
iterations: 120
Total iterations: 1078560480 LUP
FLOP: 11
Total work: 11864165280 FLOP
performance: 2.426146 GLUP/s
Performance in GFLOP/s: 26.687602
size: 9000000
time: 0.444557
