iterations: 200
Total iterations: 49600800 LUP
FLOP: 11
Total work: 545608800 FLOP
performance: 1.648579 GLUP/s
Performance in GFLOP/s: 18.134374
size: 250000
time: 0.030087
iterations: 200
Total iterations: 49600800 LUP
FLOP: 11
Total work: 545608800 FLOP
performance: 1.647378 GLUP/s
Performance in GFLOP/s: 18.121163
size: 250000
time: 0.030109
iterations: 200
Total iterations: 49600800 LUP
FLOP: 11
Total work: 545608800 FLOP
performance: 1.652600 GLUP/s
Performance in GFLOP/s: 18.178598
size: 250000
time: 0.030014
iterations: 200
Total iterations: 49600800 LUP
FLOP: 11
Total work: 545608800 FLOP
performance: 1.650450 GLUP/s
Performance in GFLOP/s: 18.154947
size: 250000
time: 0.030053
iterations: 200
Total iterations: 49600800 LUP
FLOP: 11
Total work: 545608800 FLOP
performance: 1.652259 GLUP/s
Performance in GFLOP/s: 18.174844
size: 250000
time: 0.030020
iterations: 200
Total iterations: 49600800 LUP
FLOP: 11
Total work: 545608800 FLOP
performance: 1.652088 GLUP/s
Performance in GFLOP/s: 18.172968
size: 250000
time: 0.030023
iterations: 200
Total iterations: 49600800 LUP
FLOP: 11
Total work: 545608800 FLOP
performance: 1.646062 GLUP/s
Performance in GFLOP/s: 18.106682
size: 250000
time: 0.030133
iterations: 200
Total iterations: 49600800 LUP
FLOP: 11
Total work: 545608800 FLOP
performance: 1.636879 GLUP/s
Performance in GFLOP/s: 18.005674
size: 250000
time: 0.030302
iterations: 200
Total iterations: 49600800 LUP
FLOP: 11
Total work: 545608800 FLOP
performance: 1.651603 GLUP/s
Performance in GFLOP/s: 18.167630
size: 250000
time: 0.030032
iterations: 200
Total iterations: 49600800 LUP
FLOP: 11
Total work: 545608800 FLOP
performance: 1.646713 GLUP/s
Performance in GFLOP/s: 18.113848
size: 250000
time: 0.030121
