iterations: 200
Total iterations: 1797600800 LUP
FLOP: 11
Total work: 19773608800 FLOP
performance: 2.482640 GLUP/s
Performance in GFLOP/s: 27.309043
size: 9000000
time: 0.724068
iterations: 200
Total iterations: 1797600800 LUP
FLOP: 11
Total work: 19773608800 FLOP
performance: 2.482953 GLUP/s
Performance in GFLOP/s: 27.312488
size: 9000000
time: 0.723977
iterations: 200
Total iterations: 1797600800 LUP
FLOP: 11
Total work: 19773608800 FLOP
performance: 2.481225 GLUP/s
Performance in GFLOP/s: 27.293478
size: 9000000
time: 0.724481
iterations: 200
Total iterations: 1797600800 LUP
FLOP: 11
Total work: 19773608800 FLOP
performance: 2.426688 GLUP/s
Performance in GFLOP/s: 26.693572
size: 9000000
time: 0.740763
iterations: 200
Total iterations: 1797600800 LUP
FLOP: 11
Total work: 19773608800 FLOP
performance: 2.480336 GLUP/s
Performance in GFLOP/s: 27.283691
size: 9000000
time: 0.724741
iterations: 200
Total iterations: 1797600800 LUP
FLOP: 11
Total work: 19773608800 FLOP
performance: 2.480767 GLUP/s
Performance in GFLOP/s: 27.288440
size: 9000000
time: 0.724615
iterations: 200
Total iterations: 1797600800 LUP
FLOP: 11
Total work: 19773608800 FLOP
performance: 2.481198 GLUP/s
Performance in GFLOP/s: 27.293181
size: 9000000
time: 0.724489
iterations: 200
Total iterations: 1797600800 LUP
FLOP: 11
Total work: 19773608800 FLOP
performance: 2.481047 GLUP/s
Performance in GFLOP/s: 27.291520
size: 9000000
time: 0.724533
iterations: 200
Total iterations: 1797600800 LUP
FLOP: 11
Total work: 19773608800 FLOP
performance: 2.481086 GLUP/s
Performance in GFLOP/s: 27.291942
size: 9000000
time: 0.724522
iterations: 200
Total iterations: 1797600800 LUP
FLOP: 11
Total work: 19773608800 FLOP
performance: 2.481510 GLUP/s
Performance in GFLOP/s: 27.296613
size: 9000000
time: 0.724398
