iterations: 120
Total iterations: 1078560480 LUP
FLOP: 11
Total work: 11864165280 FLOP
performance: 2.425628 GLUP/s
Performance in GFLOP/s: 26.681907
size: 9000000
time: 0.444652
iterations: 120
Total iterations: 1078560480 LUP
FLOP: 11
Total work: 11864165280 FLOP
performance: 2.417896 GLUP/s
Performance in GFLOP/s: 26.596854
size: 9000000
time: 0.446074
iterations: 120
Total iterations: 1078560480 LUP
FLOP: 11
Total work: 11864165280 FLOP
performance: 2.425486 GLUP/s
Performance in GFLOP/s: 26.680347
size: 9000000
time: 0.444678
iterations: 120
Total iterations: 1078560480 LUP
FLOP: 11
Total work: 11864165280 FLOP
performance: 2.423273 GLUP/s
Performance in GFLOP/s: 26.656008
size: 9000000
time: 0.445084
iterations: 120
Total iterations: 1078560480 LUP
FLOP: 11
Total work: 11864165280 FLOP
performance: 2.425923 GLUP/s
Performance in GFLOP/s: 26.685155
size: 9000000
time: 0.444598
iterations: 120
Total iterations: 1078560480 LUP
FLOP: 11
Total work: 11864165280 FLOP
performance: 2.423901 GLUP/s
Performance in GFLOP/s: 26.662907
size: 9000000
time: 0.444969
iterations: 120
Total iterations: 1078560480 LUP
FLOP: 11
Total work: 11864165280 FLOP
performance: 2.415897 GLUP/s
Performance in GFLOP/s: 26.574867
size: 9000000
time: 0.446443
iterations: 120
Total iterations: 1078560480 LUP
FLOP: 11
Total work: 11864165280 FLOP
performance: 2.330582 GLUP/s
Performance in GFLOP/s: 25.636399
size: 9000000
time: 0.462786
iterations: 120
Total iterations: 1078560480 LUP
FLOP: 11
Total work: 11864165280 FLOP
performance: 2.424576 GLUP/s
Performance in GFLOP/s: 26.670338
size: 9000000
time: 0.444845
iterations: 120
Total iterations: 1078560480 LUP
FLOP: 11
Total work: 11864165280 FLOP
performance: 2.426075 GLUP/s
Performance in GFLOP/s: 26.686829
size: 9000000
time: 0.444570
