[1;34m[pthread wrapper] 
[0m[1;34m[pthread wrapper] MAIN -> 0
[0m[1;34m[pthread wrapper] PIN_MASK: [0m[1;34m0->1  [0m[1;34m1->2  [0m[1;34m2->3  [0m[1;34m3->4  [0m[1;34m4->5  [0m[1;34m5->6  [0m[1;34m6->7  [0m[1;34m7->8  [0m[1;34m8->9  [0m[1;34m
[pthread wrapper] SKIP MASK: 0x0
[0m[1;34m	threadid 47504257324800 -> core 1 - OK[0m[1;34m
[0m[1;34m	threadid 47504259426048 -> core 2 - OK[0m[1;34m
[0m[1;34m	threadid 47504261527296 -> core 3 - OK[0m[1;34m
[0m[1;34m	threadid 47504263628544 -> core 4 - OK[0m[1;34m
[0m[1;34m	threadid 47504265729792 -> core 5 - OK[0m[1;34m
[0m[1;34m	threadid 47504267831040 -> core 6 - OK[0m[1;34m
[0m[1;34m	threadid 47504269932288 -> core 7 - OK[0m[1;34m
[0m[1;34m	threadid 47504272033536 -> core 8 - OK[0m[1;34m
[0m[1;34m	threadid 47504274134784 -> core 9 - OK[0m[1;34m
[0miterations: 100
Total iterations: 898800400 LUP
FLOP: 11
Total work: 9886804400 FLOP
performance: 2.523828 GLUP/s
Performance in GFLOP/s: 27.762110
size: 9000000
time: 0.356126
[1;34m[pthread wrapper] 
[0m[1;34m[pthread wrapper] MAIN -> 0
[0m[1;34m[pthread wrapper] PIN_MASK: [0m[1;34m0->1  [0m[1;34m1->2  [0m[1;34m2->3  [0m[1;34m3->4  [0m[1;34m4->5  [0m[1;34m5->6  [0m[1;34m6->7  [0m[1;34m7->8  [0m[1;34m8->9  [0m[1;34m
[pthread wrapper] SKIP MASK: 0x0
[0m[1;34m	threadid 47682936887040 -> core 1 - OK[0m[1;34m
[0m[1;34m	threadid 47682938988288 -> core 2 - OK[0m[1;34m
[0m[1;34m	threadid 47682941089536 -> core 3 - OK[0m[1;34m
[0m[1;34m	threadid 47682943190784 -> core 4 - OK[0m[1;34m
[0m[1;34m	threadid 47682945292032 -> core 5 - OK[0m[1;34m
[0m[1;34m	threadid 47682947393280 -> core 6 - OK[0m[1;34m
[0m[1;34m	threadid 47682949494528 -> core 7 - OK[0m[1;34m
[0m[1;34m	threadid 47682951595776 -> core 8 - OK[0m[1;34m
[0m[1;34m	threadid 47682953697024 -> core 9 - OK[0m[1;34m
[0miterations: 100
Total iterations: 898800400 LUP
FLOP: 11
Total work: 9886804400 FLOP
performance: 2.521534 GLUP/s
Performance in GFLOP/s: 27.736874
size: 9000000
time: 0.356450
[1;34m[pthread wrapper] 
[0m[1;34m[pthread wrapper] MAIN -> 0
[0m[1;34m[pthread wrapper] PIN_MASK: [0m[1;34m0->1  [0m[1;34m1->2  [0m[1;34m2->3  [0m[1;34m3->4  [0m[1;34m4->5  [0m[1;34m5->6  [0m[1;34m6->7  [0m[1;34m7->8  [0m[1;34m8->9  [0m[1;34m
[pthread wrapper] SKIP MASK: 0x0
[0m[1;34m	threadid 47639701550848 -> core 1 - OK[0m[1;34m
[0m[1;34m	threadid 47639703652096 -> core 2 - OK[0m[1;34m
[0m[1;34m	threadid 47639705753344 -> core 3 - OK[0m[1;34m
[0m[1;34m	threadid 47639707854592 -> core 4 - OK[0m[1;34m
[0m[1;34m	threadid 47639709955840 -> core 5 - OK[0m[1;34m
[0m[1;34m	threadid 47639712057088 -> core 6 - OK[0m[1;34m
[0m[1;34m	threadid 47639714158336 -> core 7 - OK[0m[1;34m
[0m[1;34m	threadid 47639716259584 -> core 8 - OK[0m[1;34m
[0m[1;34m	threadid 47639718360832 -> core 9 - OK[0m[1;34m
[0miterations: 100
Total iterations: 898800400 LUP
FLOP: 11
Total work: 9886804400 FLOP
performance: 2.520472 GLUP/s
Performance in GFLOP/s: 27.725191
size: 9000000
time: 0.356600
[1;34m[pthread wrapper] 
[0m[1;34m[pthread wrapper] MAIN -> 0
[0m[1;34m[pthread wrapper] PIN_MASK: [0m[1;34m0->1  [0m[1;34m1->2  [0m[1;34m2->3  [0m[1;34m3->4  [0m[1;34m4->5  [0m[1;34m5->6  [0m[1;34m6->7  [0m[1;34m7->8  [0m[1;34m8->9  [0m[1;34m
[pthread wrapper] SKIP MASK: 0x0
[0m[1;34m	threadid 47884038645504 -> core 1 - OK[0m[1;34m
[0m[1;34m	threadid 47884040746752 -> core 2 - OK[0m[1;34m
[0m[1;34m	threadid 47884042848000 -> core 3 - OK[0m[1;34m
[0m[1;34m	threadid 47884044949248 -> core 4 - OK[0m[1;34m
[0m[1;34m	threadid 47884047050496 -> core 5 - OK[0m[1;34m
[0m[1;34m	threadid 47884049151744 -> core 6 - OK[0m[1;34m
[0m[1;34m	threadid 47884051252992 -> core 7 - OK[0m[1;34m
[0m[1;34m	threadid 47884053354240 -> core 8 - OK[0m[1;34m
[0m[1;34m	threadid 47884055455488 -> core 9 - OK[0m[1;34m
[0miterations: 100
Total iterations: 898800400 LUP
FLOP: 11
Total work: 9886804400 FLOP
performance: 2.520967 GLUP/s
Performance in GFLOP/s: 27.730642
size: 9000000
time: 0.356530
[1;34m[pthread wrapper] 
[0m[1;34m[pthread wrapper] MAIN -> 0
[0m[1;34m[pthread wrapper] PIN_MASK: [0m[1;34m0->1  [0m[1;34m1->2  [0m[1;34m2->3  [0m[1;34m3->4  [0m[1;34m4->5  [0m[1;34m5->6  [0m[1;34m6->7  [0m[1;34m7->8  [0m[1;34m8->9  [0m[1;34m
[pthread wrapper] SKIP MASK: 0x0
[0m[1;34m	threadid 47273246004992 -> core 1 - OK[0m[1;34m
[0m[1;34m	threadid 47273248106240 -> core 2 - OK[0m[1;34m
[0m[1;34m	threadid 47273250207488 -> core 3 - OK[0m[1;34m
[0m[1;34m	threadid 47273252308736 -> core 4 - OK[0m[1;34m
[0m[1;34m	threadid 47273254409984 -> core 5 - OK[0m[1;34m
[0m[1;34m	threadid 47273256511232 -> core 6 - OK[0m[1;34m
[0m[1;34m	threadid 47273258612480 -> core 7 - OK[0m[1;34m
[0m[1;34m	threadid 47273260713728 -> core 8 - OK[0m[1;34m
[0m[1;34m	threadid 47273262814976 -> core 9 - OK[0m[1;34m
[0miterations: 100
Total iterations: 898800400 LUP
FLOP: 11
Total work: 9886804400 FLOP
performance: 2.521816 GLUP/s
Performance in GFLOP/s: 27.739973
size: 9000000
time: 0.356410
