[1;34m[pthread wrapper] 
[0m[1;34m[pthread wrapper] MAIN -> 0
[0m[1;34m[pthread wrapper] PIN_MASK: [0m[1;34m0->1  [0m[1;34m1->2  [0m[1;34m2->3  [0m[1;34m
[pthread wrapper] SKIP MASK: 0x0
[0m[1;34m	threadid 47399704098560 -> core 1 - OK[0m[1;34m
[0m[1;34m	threadid 47399706199808 -> core 2 - OK[0m[1;34m
[0m[1;34m	threadid 47399708301056 -> core 3 - OK[0m[1;34m
[0miterations: 200
Total iterations: 49600800 LUP
FLOP: 11
Total work: 545608800 FLOP
performance: 1.252835 GLUP/s
Performance in GFLOP/s: 13.781189
size: 250000
time: 0.039591
[1;34m[pthread wrapper] 
[0m[1;34m[pthread wrapper] MAIN -> 0
[0m[1;34m[pthread wrapper] PIN_MASK: [0m[1;34m0->1  [0m[1;34m1->2  [0m[1;34m2->3  [0m[1;34m
[pthread wrapper] SKIP MASK: 0x0
[0m[1;34m	threadid 47368212887296 -> core 1 - OK[0m[1;34m
[0m[1;34m	threadid 47368214988544 -> core 2 - OK[0m[1;34m
[0m[1;34m	threadid 47368217089792 -> core 3 - OK[0m[1;34m
[0miterations: 200
Total iterations: 49600800 LUP
FLOP: 11
Total work: 545608800 FLOP
performance: 1.253462 GLUP/s
Performance in GFLOP/s: 13.788081
size: 250000
time: 0.039571
[1;34m[pthread wrapper] 
[0m[1;34m[pthread wrapper] MAIN -> 0
[0m[1;34m[pthread wrapper] PIN_MASK: [0m[1;34m0->1  [0m[1;34m1->2  [0m[1;34m2->3  [0m[1;34m
[pthread wrapper] SKIP MASK: 0x0
[0m[1;34m	threadid 48010275256064 -> core 1 - OK[0m[1;34m
[0m[1;34m	threadid 48010277357312 -> core 2 - OK[0m[1;34m
[0m[1;34m	threadid 48010279458560 -> core 3 - OK[0m[1;34m
[0miterations: 200
Total iterations: 49600800 LUP
FLOP: 11
Total work: 545608800 FLOP
performance: 1.254513 GLUP/s
Performance in GFLOP/s: 13.799638
size: 250000
time: 0.039538
[1;34m[pthread wrapper] 
[0m[1;34m[pthread wrapper] MAIN -> 0
[0m[1;34m[pthread wrapper] PIN_MASK: [0m[1;34m0->1  [0m[1;34m1->2  [0m[1;34m2->3  [0m[1;34m
[pthread wrapper] SKIP MASK: 0x0
[0m[1;34m	threadid 47996698879744 -> core 1 - OK[0m[1;34m
[0m[1;34m	threadid 47996700980992 -> core 2 - OK[0m[1;34m
[0m[1;34m	threadid 47996703082240 -> core 3 - OK[0m[1;34m
[0miterations: 200
Total iterations: 49600800 LUP
FLOP: 11
Total work: 545608800 FLOP
performance: 1.254225 GLUP/s
Performance in GFLOP/s: 13.796477
size: 250000
time: 0.039547
[1;34m[pthread wrapper] 
[0m[1;34m[pthread wrapper] MAIN -> 0
[0m[1;34m[pthread wrapper] PIN_MASK: [0m[1;34m0->1  [0m[1;34m1->2  [0m[1;34m2->3  [0m[1;34m
[pthread wrapper] SKIP MASK: 0x0
[0m[1;34m	threadid 47000841869056 -> core 1 - OK[0m[1;34m
[0m[1;34m	threadid 47000843970304 -> core 2 - OK[0m[1;34m
[0m[1;34m	threadid 47000846071552 -> core 3 - OK[0m[1;34m
[0miterations: 200
Total iterations: 49600800 LUP
FLOP: 11
Total work: 545608800 FLOP
performance: 1.247412 GLUP/s
Performance in GFLOP/s: 13.721529
size: 250000
time: 0.039763
[1;34m[pthread wrapper] 
[0m[1;34m[pthread wrapper] MAIN -> 0
[0m[1;34m[pthread wrapper] PIN_MASK: [0m[1;34m0->1  [0m[1;34m1->2  [0m[1;34m2->3  [0m[1;34m
[pthread wrapper] SKIP MASK: 0x0
[0m[1;34m	threadid 47812335515392 -> core 1 - OK[0m[1;34m
[0m[1;34m	threadid 47812337616640 -> core 2 - OK[0m[1;34m
[0m[1;34m	threadid 47812339717888 -> core 3 - OK[0m[1;34m
[0miterations: 200
Total iterations: 49600800 LUP
FLOP: 11
Total work: 545608800 FLOP
performance: 1.250080 GLUP/s
Performance in GFLOP/s: 13.750881
size: 250000
time: 0.039678
[1;34m[pthread wrapper] 
[0m[1;34m[pthread wrapper] MAIN -> 0
[0m[1;34m[pthread wrapper] PIN_MASK: [0m[1;34m0->1  [0m[1;34m1->2  [0m[1;34m2->3  [0m[1;34m
[pthread wrapper] SKIP MASK: 0x0
[0m[1;34m	threadid 47611405498112 -> core 1 - OK[0m[1;34m
[0m[1;34m	threadid 47611407599360 -> core 2 - OK[0m[1;34m
[0m[1;34m	threadid 47611409700608 -> core 3 - OK[0m[1;34m
[0miterations: 200
Total iterations: 49600800 LUP
FLOP: 11
Total work: 545608800 FLOP
performance: 1.253462 GLUP/s
Performance in GFLOP/s: 13.788081
size: 250000
time: 0.039571
[1;34m[pthread wrapper] 
[0m[1;34m[pthread wrapper] MAIN -> 0
[0m[1;34m[pthread wrapper] PIN_MASK: [0m[1;34m0->1  [0m[1;34m1->2  [0m[1;34m2->3  [0m[1;34m
[pthread wrapper] SKIP MASK: 0x0
[0m[1;34m	threadid 47224970024704 -> core 1 - OK[0m[1;34m
[0m[1;34m	threadid 47224972125952 -> core 2 - OK[0m[1;34m
[0m[1;34m	threadid 47224974227200 -> core 3 - OK[0m[1;34m
[0miterations: 200
Total iterations: 49600800 LUP
FLOP: 11
Total work: 545608800 FLOP
performance: 1.252104 GLUP/s
Performance in GFLOP/s: 13.773144
size: 250000
time: 0.039614
[1;34m[pthread wrapper] 
[0m[1;34m[pthread wrapper] MAIN -> 0
[0m[1;34m[pthread wrapper] PIN_MASK: [0m[1;34m0->1  [0m[1;34m1->2  [0m[1;34m2->3  [0m[1;34m
[pthread wrapper] SKIP MASK: 0x0
[0m[1;34m	threadid 47498111235840 -> core 1 - OK[0m[1;34m
[0m[1;34m	threadid 47498113337088 -> core 2 - OK[0m[1;34m
[0m[1;34m	threadid 47498115438336 -> core 3 - OK[0m[1;34m
[0miterations: 200
Total iterations: 49600800 LUP
FLOP: 11
Total work: 545608800 FLOP
performance: 1.254006 GLUP/s
Performance in GFLOP/s: 13.794065
size: 250000
time: 0.039554
[1;34m[pthread wrapper] 
[0m[1;34m[pthread wrapper] MAIN -> 0
[0m[1;34m[pthread wrapper] PIN_MASK: [0m[1;34m0->1  [0m[1;34m1->2  [0m[1;34m2->3  [0m[1;34m
[pthread wrapper] SKIP MASK: 0x0
[0m[1;34m	threadid 47619895514880 -> core 1 - OK[0m[1;34m
[0m[1;34m	threadid 47619897616128 -> core 2 - OK[0m[1;34m
[0m[1;34m	threadid 47619899717376 -> core 3 - OK[0m[1;34m
[0miterations: 200
Total iterations: 49600800 LUP
FLOP: 11
Total work: 545608800 FLOP
performance: 1.249142 GLUP/s
Performance in GFLOP/s: 13.740561
size: 250000
time: 0.039708
