[1;34m[pthread wrapper] 
[0m[1;34m[pthread wrapper] MAIN -> 0
[0m[1;34m[pthread wrapper] PIN_MASK: [0m[1;34m0->1  [0m[1;34m1->2  [0m[1;34m2->3  [0m[1;34m3->4  [0m[1;34m4->5  [0m[1;34m5->6  [0m[1;34m6->7  [0m[1;34m
[pthread wrapper] SKIP MASK: 0x0
[0m[1;34m	threadid 47490002056960 -> core 1 - OK[0m[1;34m
[0m[1;34m	threadid 47490004158208 -> core 2 - OK[0m[1;34m
[0m[1;34m	threadid 47490006259456 -> core 3 - OK[0m[1;34m
[0m[1;34m	threadid 47490008360704 -> core 4 - OK[0m[1;34m
[0m[1;34m	threadid 47490010461952 -> core 5 - OK[0m[1;34m
[0m[1;34m	threadid 47490012563200 -> core 6 - OK[0m[1;34m
[0m[1;34m	threadid 47490014664448 -> core 7 - OK[0m[1;34m
[0miterations: 120
Total iterations: 1078560480 LUP
FLOP: 11
Total work: 11864165280 FLOP
performance: 1.997027 GLUP/s
Performance in GFLOP/s: 21.967293
size: 9000000
time: 0.540083
[1;34m[pthread wrapper] 
[0m[1;34m[pthread wrapper] MAIN -> 0
[0m[1;34m[pthread wrapper] PIN_MASK: [0m[1;34m0->1  [0m[1;34m1->2  [0m[1;34m2->3  [0m[1;34m3->4  [0m[1;34m4->5  [0m[1;34m5->6  [0m[1;34m6->7  [0m[1;34m
[pthread wrapper] SKIP MASK: 0x0
[0m[1;34m	threadid 47515979282176 -> core 1 - OK[0m[1;34m
[0m[1;34m	threadid 47515981383424 -> core 2 - OK[0m[1;34m
[0m[1;34m	threadid 47515983484672 -> core 3 - OK[0m[1;34m
[0m[1;34m	threadid 47515985585920 -> core 4 - OK[0m[1;34m
[0m[1;34m	threadid 47515987687168 -> core 5 - OK[0m[1;34m
[0m[1;34m	threadid 47515989788416 -> core 6 - OK[0m[1;34m
[0m[1;34m	threadid 47515991889664 -> core 7 - OK[0m[1;34m
[0miterations: 120
Total iterations: 1078560480 LUP
FLOP: 11
Total work: 11864165280 FLOP
performance: 1.997785 GLUP/s
Performance in GFLOP/s: 21.975636
size: 9000000
time: 0.539878
[1;34m[pthread wrapper] 
[0m[1;34m[pthread wrapper] MAIN -> 0
[0m[1;34m[pthread wrapper] PIN_MASK: [0m[1;34m0->1  [0m[1;34m1->2  [0m[1;34m2->3  [0m[1;34m3->4  [0m[1;34m4->5  [0m[1;34m5->6  [0m[1;34m6->7  [0m[1;34m
[pthread wrapper] SKIP MASK: 0x0
[0m[1;34m	threadid 47812924118784 -> core 1 - OK[0m[1;34m
[0m[1;34m	threadid 47812926220032 -> core 2 - OK[0m[1;34m
[0m[1;34m	threadid 47812928321280 -> core 3 - OK[0m[1;34m
[0m[1;34m	threadid 47812930422528 -> core 4 - OK[0m[1;34m
[0m[1;34m	threadid 47812932523776 -> core 5 - OK[0m[1;34m
[0m[1;34m	threadid 47812934625024 -> core 6 - OK[0m[1;34m
[0m[1;34m	threadid 47812936726272 -> core 7 - OK[0m[1;34m
[0miterations: 120
Total iterations: 1078560480 LUP
FLOP: 11
Total work: 11864165280 FLOP
performance: 1.993086 GLUP/s
Performance in GFLOP/s: 21.923944
size: 9000000
time: 0.541151
[1;34m[pthread wrapper] 
[0m[1;34m[pthread wrapper] MAIN -> 0
[0m[1;34m[pthread wrapper] PIN_MASK: [0m[1;34m0->1  [0m[1;34m1->2  [0m[1;34m2->3  [0m[1;34m3->4  [0m[1;34m4->5  [0m[1;34m5->6  [0m[1;34m6->7  [0m[1;34m
[pthread wrapper] SKIP MASK: 0x0
[0m[1;34m	threadid 47959982425856 -> core 1 - OK[0m[1;34m
[0m[1;34m	threadid 47959984527104 -> core 2 - OK[0m[1;34m
[0m[1;34m	threadid 47959986628352 -> core 3 - OK[0m[1;34m
[0m[1;34m	threadid 47959988729600 -> core 4 - OK[0m[1;34m
[0m[1;34m	threadid 47959990830848 -> core 5 - OK[0m[1;34m
[0m[1;34m	threadid 47959992932096 -> core 6 - OK[0m[1;34m
[0m[1;34m	threadid 47959995033344 -> core 7 - OK[0m[1;34m
[0miterations: 120
Total iterations: 1078560480 LUP
FLOP: 11
Total work: 11864165280 FLOP
performance: 1.997856 GLUP/s
Performance in GFLOP/s: 21.976412
size: 9000000
time: 0.539859
[1;34m[pthread wrapper] 
[0m[1;34m[pthread wrapper] MAIN -> 0
[0m[1;34m[pthread wrapper] PIN_MASK: [0m[1;34m0->1  [0m[1;34m1->2  [0m[1;34m2->3  [0m[1;34m3->4  [0m[1;34m4->5  [0m[1;34m5->6  [0m[1;34m6->7  [0m[1;34m
[pthread wrapper] SKIP MASK: 0x0
[0m[1;34m	threadid 47403150108416 -> core 1 - OK[0m[1;34m
[0m[1;34m	threadid 47403152209664 -> core 2 - OK[0m[1;34m
[0m[1;34m	threadid 47403154310912 -> core 3 - OK[0m[1;34m
[0m[1;34m	threadid 47403156412160 -> core 4 - OK[0m[1;34m
[0m[1;34m	threadid 47403158513408 -> core 5 - OK[0m[1;34m
[0m[1;34m	threadid 47403160614656 -> core 6 - OK[0m[1;34m
[0m[1;34m	threadid 47403162715904 -> core 7 - OK[0m[1;34m
[0miterations: 120
Total iterations: 1078560480 LUP
FLOP: 11
Total work: 11864165280 FLOP
performance: 1.997164 GLUP/s
Performance in GFLOP/s: 21.968806
size: 9000000
time: 0.540046
[1;34m[pthread wrapper] 
[0m[1;34m[pthread wrapper] MAIN -> 0
[0m[1;34m[pthread wrapper] PIN_MASK: [0m[1;34m0->1  [0m[1;34m1->2  [0m[1;34m2->3  [0m[1;34m3->4  [0m[1;34m4->5  [0m[1;34m5->6  [0m[1;34m6->7  [0m[1;34m
[pthread wrapper] SKIP MASK: 0x0
[0m[1;34m	threadid 47277676177152 -> core 1 - OK[0m[1;34m
[0m[1;34m	threadid 47277678278400 -> core 2 - OK[0m[1;34m
[0m[1;34m	threadid 47277680379648 -> core 3 - OK[0m[1;34m
[0m[1;34m	threadid 47277682480896 -> core 4 - OK[0m[1;34m
[0m[1;34m	threadid 47277684582144 -> core 5 - OK[0m[1;34m
[0m[1;34m	threadid 47277686683392 -> core 6 - OK[0m[1;34m
[0m[1;34m	threadid 47277688784640 -> core 7 - OK[0m[1;34m
[0miterations: 120
Total iterations: 1078560480 LUP
FLOP: 11
Total work: 11864165280 FLOP
performance: 1.998082 GLUP/s
Performance in GFLOP/s: 21.978897
size: 9000000
time: 0.539798
[1;34m[pthread wrapper] 
[0m[1;34m[pthread wrapper] MAIN -> 0
[0m[1;34m[pthread wrapper] PIN_MASK: [0m[1;34m0->1  [0m[1;34m1->2  [0m[1;34m2->3  [0m[1;34m3->4  [0m[1;34m4->5  [0m[1;34m5->6  [0m[1;34m6->7  [0m[1;34m
[pthread wrapper] SKIP MASK: 0x0
[0m[1;34m	threadid 47471068202752 -> core 1 - OK[0m[1;34m
[0m[1;34m	threadid 47471070304000 -> core 2 - OK[0m[1;34m
[0m[1;34m	threadid 47471072405248 -> core 3 - OK[0m[1;34m
[0m[1;34m	threadid 47471074506496 -> core 4 - OK[0m[1;34m
[0m[1;34m	threadid 47471076607744 -> core 5 - OK[0m[1;34m
[0m[1;34m	threadid 47471078708992 -> core 6 - OK[0m[1;34m
[0m[1;34m	threadid 47471080810240 -> core 7 - OK[0m[1;34m
[0miterations: 120
Total iterations: 1078560480 LUP
FLOP: 11
Total work: 11864165280 FLOP
performance: 1.998141 GLUP/s
Performance in GFLOP/s: 21.979548
size: 9000000
time: 0.539782
[1;34m[pthread wrapper] 
[0m[1;34m[pthread wrapper] MAIN -> 0
[0m[1;34m[pthread wrapper] PIN_MASK: [0m[1;34m0->1  [0m[1;34m1->2  [0m[1;34m2->3  [0m[1;34m3->4  [0m[1;34m4->5  [0m[1;34m5->6  [0m[1;34m6->7  [0m[1;34m
[pthread wrapper] SKIP MASK: 0x0
[0m[1;34m	threadid 47043787114240 -> core 1 - OK[0m[1;34m
[0m[1;34m	threadid 47043789215488 -> core 2 - OK[0m[1;34m
[0m[1;34m	threadid 47043791316736 -> core 3 - OK[0m[1;34m
[0m[1;34m	threadid 47043793417984 -> core 4 - OK[0m[1;34m
[0m[1;34m	threadid 47043795519232 -> core 5 - OK[0m[1;34m
[0m[1;34m	threadid 47043797620480 -> core 6 - OK[0m[1;34m
[0m[1;34m	threadid 47043799721728 -> core 7 - OK[0m[1;34m
[0miterations: 120
Total iterations: 1078560480 LUP
FLOP: 11
Total work: 11864165280 FLOP
performance: 1.998300 GLUP/s
Performance in GFLOP/s: 21.981295
size: 9000000
time: 0.539739
[1;34m[pthread wrapper] 
[0m[1;34m[pthread wrapper] MAIN -> 0
[0m[1;34m[pthread wrapper] PIN_MASK: [0m[1;34m0->1  [0m[1;34m1->2  [0m[1;34m2->3  [0m[1;34m3->4  [0m[1;34m4->5  [0m[1;34m5->6  [0m[1;34m6->7  [0m[1;34m
[pthread wrapper] SKIP MASK: 0x0
[0m[1;34m	threadid 47624196200192 -> core 1 - OK[0m[1;34m
[0m[1;34m	threadid 47624198301440 -> core 2 - OK[0m[1;34m
[0m[1;34m	threadid 47624200402688 -> core 3 - OK[0m[1;34m
[0m[1;34m	threadid 47624202503936 -> core 4 - OK[0m[1;34m
[0m[1;34m	threadid 47624204605184 -> core 5 - OK[0m[1;34m
[0m[1;34m	threadid 47624206706432 -> core 6 - OK[0m[1;34m
[0m[1;34m	threadid 47624208807680 -> core 7 - OK[0m[1;34m
[0miterations: 120
Total iterations: 1078560480 LUP
FLOP: 11
Total work: 11864165280 FLOP
performance: 1.997430 GLUP/s
Performance in GFLOP/s: 21.971735
size: 9000000
time: 0.539974
[1;34m[pthread wrapper] 
[0m[1;34m[pthread wrapper] MAIN -> 0
[0m[1;34m[pthread wrapper] PIN_MASK: [0m[1;34m0->1  [0m[1;34m1->2  [0m[1;34m2->3  [0m[1;34m3->4  [0m[1;34m4->5  [0m[1;34m5->6  [0m[1;34m6->7  [0m[1;34m
[pthread wrapper] SKIP MASK: 0x0
[0m[1;34m	threadid 47528218130176 -> core 1 - OK[0m[1;34m
[0m[1;34m	threadid 47528220231424 -> core 2 - OK[0m[1;34m
[0m[1;34m	threadid 47528222332672 -> core 3 - OK[0m[1;34m
[0m[1;34m	threadid 47528224433920 -> core 4 - OK[0m[1;34m
[0m[1;34m	threadid 47528226535168 -> core 5 - OK[0m[1;34m
[0m[1;34m	threadid 47528228636416 -> core 6 - OK[0m[1;34m
[0m[1;34m	threadid 47528230737664 -> core 7 - OK[0m[1;34m
[0miterations: 120
Total iterations: 1078560480 LUP
FLOP: 11
Total work: 11864165280 FLOP
performance: 1.997371 GLUP/s
Performance in GFLOP/s: 21.971076
size: 9000000
time: 0.539990
