iterations: 120
Total iterations: 1078560480 LUP
FLOP: 11
Total work: 11864165280 FLOP
performance: 4.312617 GLUP/s
Performance in GFLOP/s: 47.438791
size: 9000000
time: 0.250094
iterations: 120
Total iterations: 1078560480 LUP
FLOP: 11
Total work: 11864165280 FLOP
performance: 3.231584 GLUP/s
Performance in GFLOP/s: 35.547425
size: 9000000
time: 0.333756
iterations: 120
Total iterations: 1078560480 LUP
FLOP: 11
Total work: 11864165280 FLOP
performance: 3.133966 GLUP/s
Performance in GFLOP/s: 34.473623
size: 9000000
time: 0.344152
iterations: 120
Total iterations: 1078560480 LUP
FLOP: 11
Total work: 11864165280 FLOP
performance: 4.329851 GLUP/s
Performance in GFLOP/s: 47.628356
size: 9000000
time: 0.249099
iterations: 120
Total iterations: 1078560480 LUP
FLOP: 11
Total work: 11864165280 FLOP
performance: 4.291055 GLUP/s
Performance in GFLOP/s: 47.201606
size: 9000000
time: 0.251351
iterations: 120
Total iterations: 1078560480 LUP
FLOP: 11
Total work: 11864165280 FLOP
performance: 4.003432 GLUP/s
Performance in GFLOP/s: 44.037756
size: 9000000
time: 0.269409
iterations: 120
Total iterations: 1078560480 LUP
FLOP: 11
Total work: 11864165280 FLOP
performance: 3.113134 GLUP/s
Performance in GFLOP/s: 34.244477
size: 9000000
time: 0.346455
iterations: 120
Total iterations: 1078560480 LUP
FLOP: 11
Total work: 11864165280 FLOP
performance: 4.340619 GLUP/s
Performance in GFLOP/s: 47.746810
size: 9000000
time: 0.248481
iterations: 120
Total iterations: 1078560480 LUP
FLOP: 11
Total work: 11864165280 FLOP
performance: 3.106194 GLUP/s
Performance in GFLOP/s: 34.168129
size: 9000000
time: 0.347229
iterations: 120
Total iterations: 1078560480 LUP
FLOP: 11
Total work: 11864165280 FLOP
performance: 4.354583 GLUP/s
Performance in GFLOP/s: 47.900410
size: 9000000
time: 0.247684
