iterations: 120
Total iterations: 1078560480 LUP
FLOP: 11
Total work: 11864165280 FLOP
performance: 4.347105 GLUP/s
Performance in GFLOP/s: 47.818156
size: 9000000
time: 0.248110
iterations: 120
Total iterations: 1078560480 LUP
FLOP: 11
Total work: 11864165280 FLOP
performance: 3.092140 GLUP/s
Performance in GFLOP/s: 34.013543
size: 9000000
time: 0.348807
iterations: 120
Total iterations: 1078560480 LUP
FLOP: 11
Total work: 11864165280 FLOP
performance: 3.011806 GLUP/s
Performance in GFLOP/s: 33.129863
size: 9000000
time: 0.358111
iterations: 120
Total iterations: 1078560480 LUP
FLOP: 11
Total work: 11864165280 FLOP
performance: 4.328388 GLUP/s
Performance in GFLOP/s: 47.612270
size: 9000000
time: 0.249183
iterations: 120
Total iterations: 1078560480 LUP
FLOP: 11
Total work: 11864165280 FLOP
performance: 4.302249 GLUP/s
Performance in GFLOP/s: 47.324739
size: 9000000
time: 0.250697
iterations: 120
Total iterations: 1078560480 LUP
FLOP: 11
Total work: 11864165280 FLOP
performance: 4.300580 GLUP/s
Performance in GFLOP/s: 47.306383
size: 9000000
time: 0.250794
iterations: 120
Total iterations: 1078560480 LUP
FLOP: 11
Total work: 11864165280 FLOP
performance: 3.109937 GLUP/s
Performance in GFLOP/s: 34.209305
size: 9000000
time: 0.346811
iterations: 120
Total iterations: 1078560480 LUP
FLOP: 11
Total work: 11864165280 FLOP
performance: 4.286855 GLUP/s
Performance in GFLOP/s: 47.155401
size: 9000000
time: 0.251597
iterations: 120
Total iterations: 1078560480 LUP
FLOP: 11
Total work: 11864165280 FLOP
performance: 4.297737 GLUP/s
Performance in GFLOP/s: 47.275104
size: 9000000
time: 0.250960
iterations: 120
Total iterations: 1078560480 LUP
FLOP: 11
Total work: 11864165280 FLOP
performance: 4.332023 GLUP/s
Performance in GFLOP/s: 47.652255
size: 9000000
time: 0.248974
