[1;34m[pthread wrapper] 
[0m[1;34m[pthread wrapper] MAIN -> 0
[0m[1;34m[pthread wrapper] PIN_MASK: [0m[1;34m0->1  [0m[1;34m1->2  [0m[1;34m2->3  [0m[1;34m3->4  [0m[1;34m4->5  [0m[1;34m5->10  [0m[1;34m6->11  [0m[1;34m7->12  [0m[1;34m8->13  [0m[1;34m9->14  [0m[1;34m10->15  [0m[1;34m
[pthread wrapper] SKIP MASK: 0x0
[0m[1;34m	threadid 47247412954880 -> core 1 - OK[0m[1;34m
[0m[1;34m	threadid 47247415056128 -> core 2 - OK[0m[1;34m
[0m[1;34m	threadid 47247417157376 -> core 3 - OK[0m[1;34m
[0m[1;34m	threadid 47247419258624 -> core 4 - OK[0m[1;34m
[0m[1;34m	threadid 47247421359872 -> core 5 - OK[0m[1;34m
[0m[1;34m	threadid 47247423461120 -> core 10 - OK[0m[1;34m
[0m[1;34m	threadid 47247425562368 -> core 11 - OK[0m[1;34m
[0m[1;34m	threadid 47247427663616 -> core 12 - OK[0m[1;34m
[0m[1;34m	threadid 47247429764864 -> core 13 - OK[0m[1;34m
[0m[1;34m	threadid 47247431866112 -> core 14 - OK[0m[1;34m
[0m[1;34m	threadid 47247433967360 -> core 15 - OK[0m[1;34m
[0miterations: 120
Total iterations: 1078560480 LUP
FLOP: 11
Total work: 11864165280 FLOP
performance: 2.828373 GLUP/s
Performance in GFLOP/s: 31.112106
size: 9000000
time: 0.381336
[1;34m[pthread wrapper] 
[0m[1;34m[pthread wrapper] MAIN -> 0
[0m[1;34m[pthread wrapper] PIN_MASK: [0m[1;34m0->1  [0m[1;34m1->2  [0m[1;34m2->3  [0m[1;34m3->4  [0m[1;34m4->5  [0m[1;34m5->10  [0m[1;34m6->11  [0m[1;34m7->12  [0m[1;34m8->13  [0m[1;34m9->14  [0m[1;34m10->15  [0m[1;34m
[pthread wrapper] SKIP MASK: 0x0
[0m[1;34m	threadid 47373869770496 -> core 1 - OK[0m[1;34m
[0m[1;34m	threadid 47373871871744 -> core 2 - OK[0m[1;34m
[0m[1;34m	threadid 47373873972992 -> core 3 - OK[0m[1;34m
[0m[1;34m	threadid 47373876074240 -> core 4 - OK[0m[1;34m
[0m[1;34m	threadid 47373878175488 -> core 5 - OK[0m[1;34m
[0m[1;34m	threadid 47373880276736 -> core 10 - OK[0m[1;34m
[0m[1;34m	threadid 47373882377984 -> core 11 - OK[0m[1;34m
[0m[1;34m	threadid 47373884479232 -> core 12 - OK[0m[1;34m
[0m[1;34m	threadid 47373886580480 -> core 13 - OK[0m[1;34m
[0m[1;34m	threadid 47373888681728 -> core 14 - OK[0m[1;34m
[0m[1;34m	threadid 47373890782976 -> core 15 - OK[0m[1;34m
[0miterations: 120
Total iterations: 1078560480 LUP
FLOP: 11
Total work: 11864165280 FLOP
performance: 2.862847 GLUP/s
Performance in GFLOP/s: 31.491316
size: 9000000
time: 0.376744
[1;34m[pthread wrapper] 
[0m[1;34m[pthread wrapper] MAIN -> 0
[0m[1;34m[pthread wrapper] PIN_MASK: [0m[1;34m0->1  [0m[1;34m1->2  [0m[1;34m2->3  [0m[1;34m3->4  [0m[1;34m4->5  [0m[1;34m5->10  [0m[1;34m6->11  [0m[1;34m7->12  [0m[1;34m8->13  [0m[1;34m9->14  [0m[1;34m10->15  [0m[1;34m
[pthread wrapper] SKIP MASK: 0x0
[0m[1;34m	threadid 47497862936320 -> core 1 - OK[0m[1;34m
[0m[1;34m	threadid 47497865037568 -> core 2 - OK[0m[1;34m
[0m[1;34m	threadid 47497867138816 -> core 3 - OK[0m[1;34m
[0m[1;34m	threadid 47497869240064 -> core 4 - OK[0m[1;34m
[0m[1;34m	threadid 47497871341312 -> core 5 - OK[0m[1;34m
[0m[1;34m	threadid 47497873442560 -> core 10 - OK[0m[1;34m
[0m[1;34m	threadid 47497875543808 -> core 11 - OK[0m[1;34m
[0m[1;34m	threadid 47497877645056 -> core 12 - OK[0m[1;34m
[0m[1;34m	threadid 47497879746304 -> core 13 - OK[0m[1;34m
[0m[1;34m	threadid 47497881847552 -> core 14 - OK[0m[1;34m
[0m[1;34m	threadid 47497883948800 -> core 15 - OK[0m[1;34m
[0miterations: 120
Total iterations: 1078560480 LUP
FLOP: 11
Total work: 11864165280 FLOP
performance: 2.864125 GLUP/s
Performance in GFLOP/s: 31.505372
size: 9000000
time: 0.376576
[1;34m[pthread wrapper] 
[0m[1;34m[pthread wrapper] MAIN -> 0
[0m[1;34m[pthread wrapper] PIN_MASK: [0m[1;34m0->1  [0m[1;34m1->2  [0m[1;34m2->3  [0m[1;34m3->4  [0m[1;34m4->5  [0m[1;34m5->10  [0m[1;34m6->11  [0m[1;34m7->12  [0m[1;34m8->13  [0m[1;34m9->14  [0m[1;34m10->15  [0m[1;34m
[pthread wrapper] SKIP MASK: 0x0
[0m[1;34m	threadid 47018363987712 -> core 1 - OK[0m[1;34m
[0m[1;34m	threadid 47018366088960 -> core 2 - OK[0m[1;34m
[0m[1;34m	threadid 47018368190208 -> core 3 - OK[0m[1;34m
[0m[1;34m	threadid 47018370291456 -> core 4 - OK[0m[1;34m
[0m[1;34m	threadid 47018372392704 -> core 5 - OK[0m[1;34m
[0m[1;34m	threadid 47018374493952 -> core 10 - OK[0m[1;34m
[0m[1;34m	threadid 47018376595200 -> core 11 - OK[0m[1;34m
[0m[1;34m	threadid 47018378696448 -> core 12 - OK[0m[1;34m
[0m[1;34m	threadid 47018380797696 -> core 13 - OK[0m[1;34m
[0m[1;34m	threadid 47018382898944 -> core 14 - OK[0m[1;34m
[0m[1;34m	threadid 47018385000192 -> core 15 - OK[0m[1;34m
[0miterations: 120
Total iterations: 1078560480 LUP
FLOP: 11
Total work: 11864165280 FLOP
performance: 2.861078 GLUP/s
Performance in GFLOP/s: 31.471857
size: 9000000
time: 0.376977
[1;34m[pthread wrapper] 
[0m[1;34m[pthread wrapper] MAIN -> 0
[0m[1;34m[pthread wrapper] PIN_MASK: [0m[1;34m0->1  [0m[1;34m1->2  [0m[1;34m2->3  [0m[1;34m3->4  [0m[1;34m4->5  [0m[1;34m5->10  [0m[1;34m6->11  [0m[1;34m7->12  [0m[1;34m8->13  [0m[1;34m9->14  [0m[1;34m10->15  [0m[1;34m
[pthread wrapper] SKIP MASK: 0x0
[0m[1;34m	threadid 47225779373824 -> core 1 - OK[0m[1;34m
[0m[1;34m	threadid 47225781475072 -> core 2 - OK[0m[1;34m
[0m[1;34m	threadid 47225783576320 -> core 3 - OK[0m[1;34m
[0m[1;34m	threadid 47225785677568 -> core 4 - OK[0m[1;34m
[0m[1;34m	threadid 47225787778816 -> core 5 - OK[0m[1;34m
[0m[1;34m	threadid 47225789880064 -> core 10 - OK[0m[1;34m
[0m[1;34m	threadid 47225791981312 -> core 11 - OK[0m[1;34m
[0m[1;34m	threadid 47225794082560 -> core 12 - OK[0m[1;34m
[0m[1;34m	threadid 47225796183808 -> core 13 - OK[0m[1;34m
[0m[1;34m	threadid 47225798285056 -> core 14 - OK[0m[1;34m
[0m[1;34m	threadid 47225800386304 -> core 15 - OK[0m[1;34m
[0miterations: 120
Total iterations: 1078560480 LUP
FLOP: 11
Total work: 11864165280 FLOP
performance: 2.863913 GLUP/s
Performance in GFLOP/s: 31.503038
size: 9000000
time: 0.376604
[1;34m[pthread wrapper] 
[0m[1;34m[pthread wrapper] MAIN -> 0
[0m[1;34m[pthread wrapper] PIN_MASK: [0m[1;34m0->1  [0m[1;34m1->2  [0m[1;34m2->3  [0m[1;34m3->4  [0m[1;34m4->5  [0m[1;34m5->10  [0m[1;34m6->11  [0m[1;34m7->12  [0m[1;34m8->13  [0m[1;34m9->14  [0m[1;34m10->15  [0m[1;34m
[pthread wrapper] SKIP MASK: 0x0
[0m[1;34m	threadid 47236699465472 -> core 1 - OK[0m[1;34m
[0m[1;34m	threadid 47236701566720 -> core 2 - OK[0m[1;34m
[0m[1;34m	threadid 47236703667968 -> core 3 - OK[0m[1;34m
[0m[1;34m	threadid 47236705769216 -> core 4 - OK[0m[1;34m
[0m[1;34m	threadid 47236707870464 -> core 5 - OK[0m[1;34m
[0m[1;34m	threadid 47236709971712 -> core 10 - OK[0m[1;34m
[0m[1;34m	threadid 47236712072960 -> core 11 - OK[0m[1;34m
[0m[1;34m	threadid 47236714174208 -> core 12 - OK[0m[1;34m
[0m[1;34m	threadid 47236716275456 -> core 13 - OK[0m[1;34m
[0m[1;34m	threadid 47236718376704 -> core 14 - OK[0m[1;34m
[0m[1;34m	threadid 47236720477952 -> core 15 - OK[0m[1;34m
[0miterations: 120
Total iterations: 1078560480 LUP
FLOP: 11
Total work: 11864165280 FLOP
performance: 2.837697 GLUP/s
Performance in GFLOP/s: 31.214663
size: 9000000
time: 0.380083
[1;34m[pthread wrapper] 
[0m[1;34m[pthread wrapper] MAIN -> 0
[0m[1;34m[pthread wrapper] PIN_MASK: [0m[1;34m0->1  [0m[1;34m1->2  [0m[1;34m2->3  [0m[1;34m3->4  [0m[1;34m4->5  [0m[1;34m5->10  [0m[1;34m6->11  [0m[1;34m7->12  [0m[1;34m8->13  [0m[1;34m9->14  [0m[1;34m10->15  [0m[1;34m
[pthread wrapper] SKIP MASK: 0x0
[0m[1;34m	threadid 47719953544960 -> core 1 - OK[0m[1;34m
[0m[1;34m	threadid 47719955646208 -> core 2 - OK[0m[1;34m
[0m[1;34m	threadid 47719957747456 -> core 3 - OK[0m[1;34m
[0m[1;34m	threadid 47719959848704 -> core 4 - OK[0m[1;34m
[0m[1;34m	threadid 47719961949952 -> core 5 - OK[0m[1;34m
[0m[1;34m	threadid 47719964051200 -> core 10 - OK[0m[1;34m
[0m[1;34m	threadid 47719966152448 -> core 11 - OK[0m[1;34m
[0m[1;34m	threadid 47719968253696 -> core 12 - OK[0m[1;34m
[0m[1;34m	threadid 47719970354944 -> core 13 - OK[0m[1;34m
[0m[1;34m	threadid 47719972456192 -> core 14 - OK[0m[1;34m
[0m[1;34m	threadid 47719974557440 -> core 15 - OK[0m[1;34m
[0miterations: 120
Total iterations: 1078560480 LUP
FLOP: 11
Total work: 11864165280 FLOP
performance: 2.863615 GLUP/s
Performance in GFLOP/s: 31.499768
size: 9000000
time: 0.376643
[1;34m[pthread wrapper] 
[0m[1;34m[pthread wrapper] MAIN -> 0
[0m[1;34m[pthread wrapper] PIN_MASK: [0m[1;34m0->1  [0m[1;34m1->2  [0m[1;34m2->3  [0m[1;34m3->4  [0m[1;34m4->5  [0m[1;34m5->10  [0m[1;34m6->11  [0m[1;34m7->12  [0m[1;34m8->13  [0m[1;34m9->14  [0m[1;34m10->15  [0m[1;34m
[pthread wrapper] SKIP MASK: 0x0
[0m[1;34m	threadid 47837431363328 -> core 1 - OK[0m[1;34m
[0m[1;34m	threadid 47837433464576 -> core 2 - OK[0m[1;34m
[0m[1;34m	threadid 47837435565824 -> core 3 - OK[0m[1;34m
[0m[1;34m	threadid 47837437667072 -> core 4 - OK[0m[1;34m
[0m[1;34m	threadid 47837439768320 -> core 5 - OK[0m[1;34m
[0m[1;34m	threadid 47837441869568 -> core 10 - OK[0m[1;34m
[0m[1;34m	threadid 47837443970816 -> core 11 - OK[0m[1;34m
[0m[1;34m	threadid 47837446072064 -> core 12 - OK[0m[1;34m
[0m[1;34m	threadid 47837448173312 -> core 13 - OK[0m[1;34m
[0m[1;34m	threadid 47837450274560 -> core 14 - OK[0m[1;34m
[0m[1;34m	threadid 47837452375808 -> core 15 - OK[0m[1;34m
[0miterations: 120
Total iterations: 1078560480 LUP
FLOP: 11
Total work: 11864165280 FLOP
performance: 2.839116 GLUP/s
Performance in GFLOP/s: 31.230276
size: 9000000
time: 0.379893
[1;34m[pthread wrapper] 
[0m[1;34m[pthread wrapper] MAIN -> 0
[0m[1;34m[pthread wrapper] PIN_MASK: [0m[1;34m0->1  [0m[1;34m1->2  [0m[1;34m2->3  [0m[1;34m3->4  [0m[1;34m4->5  [0m[1;34m5->10  [0m[1;34m6->11  [0m[1;34m7->12  [0m[1;34m8->13  [0m[1;34m9->14  [0m[1;34m10->15  [0m[1;34m
[pthread wrapper] SKIP MASK: 0x0
[0m[1;34m	threadid 47740110841600 -> core 1 - OK[0m[1;34m
[0m[1;34m	threadid 47740112942848 -> core 2 - OK[0m[1;34m
[0m[1;34m	threadid 47740115044096 -> core 3 - OK[0m[1;34m
[0m[1;34m	threadid 47740117145344 -> core 4 - OK[0m[1;34m
[0m[1;34m	threadid 47740119246592 -> core 5 - OK[0m[1;34m
[0m[1;34m	threadid 47740121347840 -> core 10 - OK[0m[1;34m
[0m[1;34m	threadid 47740123449088 -> core 11 - OK[0m[1;34m
[0m[1;34m	threadid 47740125550336 -> core 12 - OK[0m[1;34m
[0m[1;34m	threadid 47740127651584 -> core 13 - OK[0m[1;34m
[0m[1;34m	threadid 47740129752832 -> core 14 - OK[0m[1;34m
[0m[1;34m	threadid 47740131854080 -> core 15 - OK[0m[1;34m
[0miterations: 120
Total iterations: 1078560480 LUP
FLOP: 11
Total work: 11864165280 FLOP
performance: 2.865364 GLUP/s
Performance in GFLOP/s: 31.519001
size: 9000000
time: 0.376413
[1;34m[pthread wrapper] 
[0m[1;34m[pthread wrapper] MAIN -> 0
[0m[1;34m[pthread wrapper] PIN_MASK: [0m[1;34m0->1  [0m[1;34m1->2  [0m[1;34m2->3  [0m[1;34m3->4  [0m[1;34m4->5  [0m[1;34m5->10  [0m[1;34m6->11  [0m[1;34m7->12  [0m[1;34m8->13  [0m[1;34m9->14  [0m[1;34m10->15  [0m[1;34m
[pthread wrapper] SKIP MASK: 0x0
[0m[1;34m	threadid 48002486097664 -> core 1 - OK[0m[1;34m
[0m[1;34m	threadid 48002488198912 -> core 2 - OK[0m[1;34m
[0m[1;34m	threadid 48002490300160 -> core 3 - OK[0m[1;34m
[0m[1;34m	threadid 48002492401408 -> core 4 - OK[0m[1;34m
[0m[1;34m	threadid 48002494502656 -> core 5 - OK[0m[1;34m
[0m[1;34m	threadid 48002496603904 -> core 10 - OK[0m[1;34m
[0m[1;34m	threadid 48002498705152 -> core 11 - OK[0m[1;34m
[0m[1;34m	threadid 48002500806400 -> core 12 - OK[0m[1;34m
[0m[1;34m	threadid 48002502907648 -> core 13 - OK[0m[1;34m
[0m[1;34m	threadid 48002505008896 -> core 14 - OK[0m[1;34m
[0m[1;34m	threadid 48002507110144 -> core 15 - OK[0m[1;34m
[0miterations: 120
Total iterations: 1078560480 LUP
FLOP: 11
Total work: 11864165280 FLOP
performance: 2.834148 GLUP/s
Performance in GFLOP/s: 31.175629
size: 9000000
time: 0.380559
