[1;34m[pthread wrapper] 
[0m[1;34m[pthread wrapper] MAIN -> 0
[0m[1;34m[pthread wrapper] PIN_MASK: [0m[1;34m0->1  [0m[1;34m1->2  [0m[1;34m2->3  [0m[1;34m3->4  [0m[1;34m4->10  [0m[1;34m5->11  [0m[1;34m6->12  [0m[1;34m7->13  [0m[1;34m8->14  [0m[1;34m
[pthread wrapper] SKIP MASK: 0x0
[0m[1;34m	threadid 47668597843712 -> core 1 - OK[0m[1;34m
[0m[1;34m	threadid 47668599944960 -> core 2 - OK[0m[1;34m
[0m[1;34m	threadid 47668602046208 -> core 3 - OK[0m[1;34m
[0m[1;34m	threadid 47668604147456 -> core 4 - OK[0m[1;34m
[0m[1;34m	threadid 47668606248704 -> core 10 - OK[0m[1;34m
[0m[1;34m	threadid 47668608349952 -> core 11 - OK[0m[1;34m
[0m[1;34m	threadid 47668610451200 -> core 12 - OK[0m[1;34m
[0m[1;34m	threadid 47668612552448 -> core 13 - OK[0m[1;34m
[0m[1;34m	threadid 47668614653696 -> core 14 - OK[0m[1;34m
[0miterations: 120
Total iterations: 1078560480 LUP
FLOP: 11
Total work: 11864165280 FLOP
performance: 2.427238 GLUP/s
Performance in GFLOP/s: 26.699616
size: 9000000
time: 0.444357
[1;34m[pthread wrapper] 
[0m[1;34m[pthread wrapper] MAIN -> 0
[0m[1;34m[pthread wrapper] PIN_MASK: [0m[1;34m0->1  [0m[1;34m1->2  [0m[1;34m2->3  [0m[1;34m3->4  [0m[1;34m4->10  [0m[1;34m5->11  [0m[1;34m6->12  [0m[1;34m7->13  [0m[1;34m8->14  [0m[1;34m
[pthread wrapper] SKIP MASK: 0x0
[0m[1;34m	threadid 46955281688320 -> core 1 - OK[0m[1;34m
[0m[1;34m	threadid 46955283789568 -> core 2 - OK[0m[1;34m
[0m[1;34m	threadid 46955285890816 -> core 3 - OK[0m[1;34m
[0m[1;34m	threadid 46955287992064 -> core 4 - OK[0m[1;34m
[0m[1;34m	threadid 46955290093312 -> core 10 - OK[0m[1;34m
[0m[1;34m	threadid 46955292194560 -> core 11 - OK[0m[1;34m
[0m[1;34m	threadid 46955294295808 -> core 12 - OK[0m[1;34m
[0m[1;34m	threadid 46955296397056 -> core 13 - OK[0m[1;34m
[0m[1;34m	threadid 46955298498304 -> core 14 - OK[0m[1;34m
[0miterations: 120
Total iterations: 1078560480 LUP
FLOP: 11
Total work: 11864165280 FLOP
performance: 2.429437 GLUP/s
Performance in GFLOP/s: 26.723805
size: 9000000
time: 0.443955
[1;34m[pthread wrapper] 
[0m[1;34m[pthread wrapper] MAIN -> 0
[0m[1;34m[pthread wrapper] PIN_MASK: [0m[1;34m0->1  [0m[1;34m1->2  [0m[1;34m2->3  [0m[1;34m3->4  [0m[1;34m4->10  [0m[1;34m5->11  [0m[1;34m6->12  [0m[1;34m7->13  [0m[1;34m8->14  [0m[1;34m
[pthread wrapper] SKIP MASK: 0x0
[0m[1;34m	threadid 47899979286272 -> core 1 - OK[0m[1;34m
[0m[1;34m	threadid 47899981387520 -> core 2 - OK[0m[1;34m
[0m[1;34m	threadid 47899983488768 -> core 3 - OK[0m[1;34m
[0m[1;34m	threadid 47899985590016 -> core 4 - OK[0m[1;34m
[0m[1;34m	threadid 47899987691264 -> core 10 - OK[0m[1;34m
[0m[1;34m	threadid 47899989792512 -> core 11 - OK[0m[1;34m
[0m[1;34m	threadid 47899991893760 -> core 12 - OK[0m[1;34m
[0m[1;34m	threadid 47899993995008 -> core 13 - OK[0m[1;34m
[0m[1;34m	threadid 47899996096256 -> core 14 - OK[0m[1;34m
[0miterations: 120
Total iterations: 1078560480 LUP
FLOP: 11
Total work: 11864165280 FLOP
performance: 2.428889 GLUP/s
Performance in GFLOP/s: 26.717778
size: 9000000
time: 0.444055
[1;34m[pthread wrapper] 
[0m[1;34m[pthread wrapper] MAIN -> 0
[0m[1;34m[pthread wrapper] PIN_MASK: [0m[1;34m0->1  [0m[1;34m1->2  [0m[1;34m2->3  [0m[1;34m3->4  [0m[1;34m4->10  [0m[1;34m5->11  [0m[1;34m6->12  [0m[1;34m7->13  [0m[1;34m8->14  [0m[1;34m
[pthread wrapper] SKIP MASK: 0x0
[0m[1;34m	threadid 47086193997568 -> core 1 - OK[0m[1;34m
[0m[1;34m	threadid 47086196098816 -> core 2 - OK[0m[1;34m
[0m[1;34m	threadid 47086198200064 -> core 3 - OK[0m[1;34m
[0m[1;34m	threadid 47086200301312 -> core 4 - OK[0m[1;34m
[0m[1;34m	threadid 47086202402560 -> core 10 - OK[0m[1;34m
[0m[1;34m	threadid 47086204503808 -> core 11 - OK[0m[1;34m
[0m[1;34m	threadid 47086206605056 -> core 12 - OK[0m[1;34m
[0m[1;34m	threadid 47086208706304 -> core 13 - OK[0m[1;34m
[0m[1;34m	threadid 47086210807552 -> core 14 - OK[0m[1;34m
[0miterations: 120
Total iterations: 1078560480 LUP
FLOP: 11
Total work: 11864165280 FLOP
performance: 2.401770 GLUP/s
Performance in GFLOP/s: 26.419469
size: 9000000
time: 0.449069
[1;34m[pthread wrapper] 
[0m[1;34m[pthread wrapper] MAIN -> 0
[0m[1;34m[pthread wrapper] PIN_MASK: [0m[1;34m0->1  [0m[1;34m1->2  [0m[1;34m2->3  [0m[1;34m3->4  [0m[1;34m4->10  [0m[1;34m5->11  [0m[1;34m6->12  [0m[1;34m7->13  [0m[1;34m8->14  [0m[1;34m
[pthread wrapper] SKIP MASK: 0x0
[0m[1;34m	threadid 47869155567360 -> core 1 - OK[0m[1;34m
[0m[1;34m	threadid 47869157668608 -> core 2 - OK[0m[1;34m
[0m[1;34m	threadid 47869159769856 -> core 3 - OK[0m[1;34m
[0m[1;34m	threadid 47869161871104 -> core 4 - OK[0m[1;34m
[0m[1;34m	threadid 47869163972352 -> core 10 - OK[0m[1;34m
[0m[1;34m	threadid 47869166073600 -> core 11 - OK[0m[1;34m
[0m[1;34m	threadid 47869168174848 -> core 12 - OK[0m[1;34m
[0m[1;34m	threadid 47869170276096 -> core 13 - OK[0m[1;34m
[0m[1;34m	threadid 47869172377344 -> core 14 - OK[0m[1;34m
[0miterations: 120
Total iterations: 1078560480 LUP
FLOP: 11
Total work: 11864165280 FLOP
performance: 2.429091 GLUP/s
Performance in GFLOP/s: 26.720002
size: 9000000
time: 0.444018
[1;34m[pthread wrapper] 
[0m[1;34m[pthread wrapper] MAIN -> 0
[0m[1;34m[pthread wrapper] PIN_MASK: [0m[1;34m0->1  [0m[1;34m1->2  [0m[1;34m2->3  [0m[1;34m3->4  [0m[1;34m4->10  [0m[1;34m5->11  [0m[1;34m6->12  [0m[1;34m7->13  [0m[1;34m8->14  [0m[1;34m
[pthread wrapper] SKIP MASK: 0x0
[0m[1;34m	threadid 46947647244032 -> core 1 - OK[0m[1;34m
[0m[1;34m	threadid 46947649345280 -> core 2 - OK[0m[1;34m
[0m[1;34m	threadid 46947651446528 -> core 3 - OK[0m[1;34m
[0m[1;34m	threadid 46947653547776 -> core 4 - OK[0m[1;34m
[0m[1;34m	threadid 46947655649024 -> core 10 - OK[0m[1;34m
[0m[1;34m	threadid 46947657750272 -> core 11 - OK[0m[1;34m
[0m[1;34m	threadid 46947659851520 -> core 12 - OK[0m[1;34m
[0m[1;34m	threadid 46947661952768 -> core 13 - OK[0m[1;34m
[0m[1;34m	threadid 46947664054016 -> core 14 - OK[0m[1;34m
[0miterations: 120
Total iterations: 1078560480 LUP
FLOP: 11
Total work: 11864165280 FLOP
performance: 2.421577 GLUP/s
Performance in GFLOP/s: 26.637345
size: 9000000
time: 0.445396
[1;34m[pthread wrapper] 
[0m[1;34m[pthread wrapper] MAIN -> 0
[0m[1;34m[pthread wrapper] PIN_MASK: [0m[1;34m0->1  [0m[1;34m1->2  [0m[1;34m2->3  [0m[1;34m3->4  [0m[1;34m4->10  [0m[1;34m5->11  [0m[1;34m6->12  [0m[1;34m7->13  [0m[1;34m8->14  [0m[1;34m
[pthread wrapper] SKIP MASK: 0x0
[0m[1;34m	threadid 47086924072704 -> core 1 - OK[0m[1;34m
[0m[1;34m	threadid 47086926173952 -> core 2 - OK[0m[1;34m
[0m[1;34m	threadid 47086928275200 -> core 3 - OK[0m[1;34m
[0m[1;34m	threadid 47086930376448 -> core 4 - OK[0m[1;34m
[0m[1;34m	threadid 47086932477696 -> core 10 - OK[0m[1;34m
[0m[1;34m	threadid 47086934578944 -> core 11 - OK[0m[1;34m
[0m[1;34m	threadid 47086936680192 -> core 12 - OK[0m[1;34m
[0m[1;34m	threadid 47086938781440 -> core 13 - OK[0m[1;34m
[0m[1;34m	threadid 47086940882688 -> core 14 - OK[0m[1;34m
[0miterations: 120
Total iterations: 1078560480 LUP
FLOP: 11
Total work: 11864165280 FLOP
performance: 2.428895 GLUP/s
Performance in GFLOP/s: 26.717850
size: 9000000
time: 0.444054
[1;34m[pthread wrapper] 
[0m[1;34m[pthread wrapper] MAIN -> 0
[0m[1;34m[pthread wrapper] PIN_MASK: [0m[1;34m0->1  [0m[1;34m1->2  [0m[1;34m2->3  [0m[1;34m3->4  [0m[1;34m4->10  [0m[1;34m5->11  [0m[1;34m6->12  [0m[1;34m7->13  [0m[1;34m8->14  [0m[1;34m
[pthread wrapper] SKIP MASK: 0x0
[0m[1;34m	threadid 47468307818240 -> core 1 - OK[0m[1;34m
[0m[1;34m	threadid 47468309919488 -> core 2 - OK[0m[1;34m
[0m[1;34m	threadid 47468312020736 -> core 3 - OK[0m[1;34m
[0m[1;34m	threadid 47468314121984 -> core 4 - OK[0m[1;34m
[0m[1;34m	threadid 47468316223232 -> core 10 - OK[0m[1;34m
[0m[1;34m	threadid 47468318324480 -> core 11 - OK[0m[1;34m
[0m[1;34m	threadid 47468320425728 -> core 12 - OK[0m[1;34m
[0m[1;34m	threadid 47468322526976 -> core 13 - OK[0m[1;34m
[0m[1;34m	threadid 47468324628224 -> core 14 - OK[0m[1;34m
[0miterations: 120
Total iterations: 1078560480 LUP
FLOP: 11
Total work: 11864165280 FLOP
performance: 2.427145 GLUP/s
Performance in GFLOP/s: 26.698599
size: 9000000
time: 0.444374
[1;34m[pthread wrapper] 
[0m[1;34m[pthread wrapper] MAIN -> 0
[0m[1;34m[pthread wrapper] PIN_MASK: [0m[1;34m0->1  [0m[1;34m1->2  [0m[1;34m2->3  [0m[1;34m3->4  [0m[1;34m4->10  [0m[1;34m5->11  [0m[1;34m6->12  [0m[1;34m7->13  [0m[1;34m8->14  [0m[1;34m
[pthread wrapper] SKIP MASK: 0x0
[0m[1;34m	threadid 47853260076800 -> core 1 - OK[0m[1;34m
[0m[1;34m	threadid 47853262178048 -> core 2 - OK[0m[1;34m
[0m[1;34m	threadid 47853264279296 -> core 3 - OK[0m[1;34m
[0m[1;34m	threadid 47853266380544 -> core 4 - OK[0m[1;34m
[0m[1;34m	threadid 47853268481792 -> core 10 - OK[0m[1;34m
[0m[1;34m	threadid 47853270583040 -> core 11 - OK[0m[1;34m
[0m[1;34m	threadid 47853272684288 -> core 12 - OK[0m[1;34m
[0m[1;34m	threadid 47853274785536 -> core 13 - OK[0m[1;34m
[0m[1;34m	threadid 47853276886784 -> core 14 - OK[0m[1;34m
[0miterations: 120
Total iterations: 1078560480 LUP
FLOP: 11
Total work: 11864165280 FLOP
performance: 2.425252 GLUP/s
Performance in GFLOP/s: 26.677773
size: 9000000
time: 0.444721
[1;34m[pthread wrapper] 
[0m[1;34m[pthread wrapper] MAIN -> 0
[0m[1;34m[pthread wrapper] PIN_MASK: [0m[1;34m0->1  [0m[1;34m1->2  [0m[1;34m2->3  [0m[1;34m3->4  [0m[1;34m4->10  [0m[1;34m5->11  [0m[1;34m6->12  [0m[1;34m7->13  [0m[1;34m8->14  [0m[1;34m
[pthread wrapper] SKIP MASK: 0x0
[0m[1;34m	threadid 47616398350080 -> core 1 - OK[0m[1;34m
[0m[1;34m	threadid 47616400451328 -> core 2 - OK[0m[1;34m
[0m[1;34m	threadid 47616402552576 -> core 3 - OK[0m[1;34m
[0m[1;34m	threadid 47616404653824 -> core 4 - OK[0m[1;34m
[0m[1;34m	threadid 47616406755072 -> core 10 - OK[0m[1;34m
[0m[1;34m	threadid 47616408856320 -> core 11 - OK[0m[1;34m
[0m[1;34m	threadid 47616410957568 -> core 12 - OK[0m[1;34m
[0m[1;34m	threadid 47616413058816 -> core 13 - OK[0m[1;34m
[0m[1;34m	threadid 47616415160064 -> core 14 - OK[0m[1;34m
[0miterations: 120
Total iterations: 1078560480 LUP
FLOP: 11
Total work: 11864165280 FLOP
performance: 2.429098 GLUP/s
Performance in GFLOP/s: 26.720074
size: 9000000
time: 0.444017
