iterations: 120
Total iterations: 1078560480 LUP
FLOP: 11
Total work: 11864165280 FLOP
performance: 2.856744 GLUP/s
Performance in GFLOP/s: 31.424179
size: 9000000
time: 0.377549
iterations: 120
Total iterations: 1078560480 LUP
FLOP: 11
Total work: 11864165280 FLOP
performance: 2.805406 GLUP/s
Performance in GFLOP/s: 30.859471
size: 9000000
time: 0.384458
iterations: 120
Total iterations: 1078560480 LUP
FLOP: 11
Total work: 11864165280 FLOP
performance: 2.844411 GLUP/s
Performance in GFLOP/s: 31.288518
size: 9000000
time: 0.379186
iterations: 120
Total iterations: 1078560480 LUP
FLOP: 11
Total work: 11864165280 FLOP
performance: 2.862633 GLUP/s
Performance in GFLOP/s: 31.488964
size: 9000000
time: 0.376772
iterations: 120
Total iterations: 1078560480 LUP
FLOP: 11
Total work: 11864165280 FLOP
performance: 2.853894 GLUP/s
Performance in GFLOP/s: 31.392837
size: 9000000
time: 0.377926
iterations: 120
Total iterations: 1078560480 LUP
FLOP: 11
Total work: 11864165280 FLOP
performance: 2.860767 GLUP/s
Performance in GFLOP/s: 31.468434
size: 9000000
time: 0.377018
iterations: 120
Total iterations: 1078560480 LUP
FLOP: 11
Total work: 11864165280 FLOP
performance: 2.858681 GLUP/s
Performance in GFLOP/s: 31.445486
size: 9000000
time: 0.377293
iterations: 120
Total iterations: 1078560480 LUP
FLOP: 11
Total work: 11864165280 FLOP
performance: 2.858825 GLUP/s
Performance in GFLOP/s: 31.447076
size: 9000000
time: 0.377274
iterations: 120
Total iterations: 1078560480 LUP
FLOP: 11
Total work: 11864165280 FLOP
performance: 2.802956 GLUP/s
Performance in GFLOP/s: 30.832511
size: 9000000
time: 0.384794
iterations: 120
Total iterations: 1078560480 LUP
FLOP: 11
Total work: 11864165280 FLOP
performance: 2.813528 GLUP/s
Performance in GFLOP/s: 30.948813
size: 9000000
time: 0.383348
