[1;34m[pthread wrapper] 
[0m[1;34m[pthread wrapper] MAIN -> 0
[0m[1;34m[pthread wrapper] PIN_MASK: [0m[1;34m0->1  [0m[1;34m1->2  [0m[1;34m2->3  [0m[1;34m3->4  [0m[1;34m4->5  [0m[1;34m5->6  [0m[1;34m6->7  [0m[1;34m7->8  [0m[1;34m8->9  [0m[1;34m9->10  [0m[1;34m10->11  [0m[1;34m11->12  [0m[1;34m12->13  [0m[1;34m13->14  [0m[1;34m14->15  [0m[1;34m15->16  [0m[1;34m16->17  [0m[1;34m17->18  [0m[1;34m18->19  [0m[1;34m
[pthread wrapper] SKIP MASK: 0x0
[0m[1;34m	threadid 47010143803136 -> core 1 - OK[0m[1;34m
[0m[1;34m	threadid 47010145904384 -> core 2 - OK[0m[1;34m
[0m[1;34m	threadid 47010148005632 -> core 3 - OK[0m[1;34m
[0m[1;34m	threadid 47010150106880 -> core 4 - OK[0m[1;34m
[0m[1;34m	threadid 47010152208128 -> core 5 - OK[0m[1;34m
[0m[1;34m	threadid 47010154309376 -> core 6 - OK[0m[1;34m
[0m[1;34m	threadid 47010156410624 -> core 7 - OK[0m[1;34m
[0m[1;34m	threadid 47010158511872 -> core 8 - OK[0m[1;34m
[0m[1;34m	threadid 47010160613120 -> core 9 - OK[0m[1;34m
[0m[1;34m	threadid 47010162714368 -> core 10 - OK[0m[1;34m
[0m[1;34m	threadid 47010164815616 -> core 11 - OK[0m[1;34m
[0m[1;34m	threadid 47010166916864 -> core 12 - OK[0m[1;34m
[0m[1;34m	threadid 47010169018112 -> core 13 - OK[0m[1;34m
[0m[1;34m	threadid 47010171119360 -> core 14 - OK[0m[1;34m
[0m[1;34m	threadid 47010173220608 -> core 15 - OK[0m[1;34m
[0m[1;34m	threadid 47010175321856 -> core 16 - OK[0m[1;34m
[0m[1;34m	threadid 47010177423104 -> core 17 - OK[0m[1;34m
[0m[1;34m	threadid 47010179524352 -> core 18 - OK[0m[1;34m
[0m[1;34m	threadid 47010181625600 -> core 19 - OK[0m[1;34m
[0miterations: 120
Total iterations: 1078560480 LUP
FLOP: 11
Total work: 11864165280 FLOP
performance: 4.405741 GLUP/s
Performance in GFLOP/s: 48.463152
size: 9000000
time: 0.244808
[1;34m[pthread wrapper] 
[0m[1;34m[pthread wrapper] MAIN -> 0
[0m[1;34m[pthread wrapper] PIN_MASK: [0m[1;34m0->1  [0m[1;34m1->2  [0m[1;34m2->3  [0m[1;34m3->4  [0m[1;34m4->5  [0m[1;34m5->6  [0m[1;34m6->7  [0m[1;34m7->8  [0m[1;34m8->9  [0m[1;34m9->10  [0m[1;34m10->11  [0m[1;34m11->12  [0m[1;34m12->13  [0m[1;34m13->14  [0m[1;34m14->15  [0m[1;34m15->16  [0m[1;34m16->17  [0m[1;34m17->18  [0m[1;34m18->19  [0m[1;34m
[pthread wrapper] SKIP MASK: 0x0
[0m[1;34m	threadid 47234544338688 -> core 1 - OK[0m[1;34m
[0m[1;34m	threadid 47234546439936 -> core 2 - OK[0m[1;34m
[0m[1;34m	threadid 47234548541184 -> core 3 - OK[0m[1;34m
[0m[1;34m	threadid 47234550642432 -> core 4 - OK[0m[1;34m
[0m[1;34m	threadid 47234552743680 -> core 5 - OK[0m[1;34m
[0m[1;34m	threadid 47234554844928 -> core 6 - OK[0m[1;34m
[0m[1;34m	threadid 47234556946176 -> core 7 - OK[0m[1;34m
[0m[1;34m	threadid 47234559047424 -> core 8 - OK[0m[1;34m
[0m[1;34m	threadid 47234561148672 -> core 9 - OK[0m[1;34m
[0m[1;34m	threadid 47234563249920 -> core 10 - OK[0m[1;34m
[0m[1;34m	threadid 47234565351168 -> core 11 - OK[0m[1;34m
[0m[1;34m	threadid 47234567452416 -> core 12 - OK[0m[1;34m
[0m[1;34m	threadid 47234569553664 -> core 13 - OK[0m[1;34m
[0m[1;34m	threadid 47234571654912 -> core 14 - OK[0m[1;34m
[0m[1;34m	threadid 47234573756160 -> core 15 - OK[0m[1;34m
[0m[1;34m	threadid 47234575857408 -> core 16 - OK[0m[1;34m
[0m[1;34m	threadid 47234577958656 -> core 17 - OK[0m[1;34m
[0m[1;34m	threadid 47234580059904 -> core 18 - OK[0m[1;34m
[0m[1;34m	threadid 47234582161152 -> core 19 - OK[0m[1;34m
[0miterations: 120
Total iterations: 1078560480 LUP
FLOP: 11
Total work: 11864165280 FLOP
performance: 4.348191 GLUP/s
Performance in GFLOP/s: 47.830106
size: 9000000
time: 0.248048
[1;34m[pthread wrapper] 
[0m[1;34m[pthread wrapper] MAIN -> 0
[0m[1;34m[pthread wrapper] PIN_MASK: [0m[1;34m0->1  [0m[1;34m1->2  [0m[1;34m2->3  [0m[1;34m3->4  [0m[1;34m4->5  [0m[1;34m5->6  [0m[1;34m6->7  [0m[1;34m7->8  [0m[1;34m8->9  [0m[1;34m9->10  [0m[1;34m10->11  [0m[1;34m11->12  [0m[1;34m12->13  [0m[1;34m13->14  [0m[1;34m14->15  [0m[1;34m15->16  [0m[1;34m16->17  [0m[1;34m17->18  [0m[1;34m18->19  [0m[1;34m
[pthread wrapper] SKIP MASK: 0x0
[0m[1;34m	threadid 47523514324736 -> core 1 - OK[0m[1;34m
[0m[1;34m	threadid 47523516425984 -> core 2 - OK[0m[1;34m
[0m[1;34m	threadid 47523518527232 -> core 3 - OK[0m[1;34m
[0m[1;34m	threadid 47523520628480 -> core 4 - OK[0m[1;34m
[0m[1;34m	threadid 47523522729728 -> core 5 - OK[0m[1;34m
[0m[1;34m	threadid 47523524830976 -> core 6 - OK[0m[1;34m
[0m[1;34m	threadid 47523526932224 -> core 7 - OK[0m[1;34m
[0m[1;34m	threadid 47523529033472 -> core 8 - OK[0m[1;34m
[0m[1;34m	threadid 47523531134720 -> core 9 - OK[0m[1;34m
[0m[1;34m	threadid 47523533235968 -> core 10 - OK[0m[1;34m
[0m[1;34m	threadid 47523535337216 -> core 11 - OK[0m[1;34m
[0m[1;34m	threadid 47523537438464 -> core 12 - OK[0m[1;34m
[0m[1;34m	threadid 47523539539712 -> core 13 - OK[0m[1;34m
[0m[1;34m	threadid 47523541640960 -> core 14 - OK[0m[1;34m
[0m[1;34m	threadid 47523543742208 -> core 15 - OK[0m[1;34m
[0m[1;34m	threadid 47523545843456 -> core 16 - OK[0m[1;34m
[0m[1;34m	threadid 47523547944704 -> core 17 - OK[0m[1;34m
[0m[1;34m	threadid 47523550045952 -> core 18 - OK[0m[1;34m
[0m[1;34m	threadid 47523552147200 -> core 19 - OK[0m[1;34m
[0miterations: 120
Total iterations: 1078560480 LUP
FLOP: 11
Total work: 11864165280 FLOP
performance: 4.306988 GLUP/s
Performance in GFLOP/s: 47.376870
size: 9000000
time: 0.250421
[1;34m[pthread wrapper] 
[0m[1;34m[pthread wrapper] MAIN -> 0
[0m[1;34m[pthread wrapper] PIN_MASK: [0m[1;34m0->1  [0m[1;34m1->2  [0m[1;34m2->3  [0m[1;34m3->4  [0m[1;34m4->5  [0m[1;34m5->6  [0m[1;34m6->7  [0m[1;34m7->8  [0m[1;34m8->9  [0m[1;34m9->10  [0m[1;34m10->11  [0m[1;34m11->12  [0m[1;34m12->13  [0m[1;34m13->14  [0m[1;34m14->15  [0m[1;34m15->16  [0m[1;34m16->17  [0m[1;34m17->18  [0m[1;34m18->19  [0m[1;34m
[pthread wrapper] SKIP MASK: 0x0
[0m[1;34m	threadid 48005971375872 -> core 1 - OK[0m[1;34m
[0m[1;34m	threadid 48005973477120 -> core 2 - OK[0m[1;34m
[0m[1;34m	threadid 48005975578368 -> core 3 - OK[0m[1;34m
[0m[1;34m	threadid 48005977679616 -> core 4 - OK[0m[1;34m
[0m[1;34m	threadid 48005979780864 -> core 5 - OK[0m[1;34m
[0m[1;34m	threadid 48005981882112 -> core 6 - OK[0m[1;34m
[0m[1;34m	threadid 48005983983360 -> core 7 - OK[0m[1;34m
[0m[1;34m	threadid 48005986084608 -> core 8 - OK[0m[1;34m
[0m[1;34m	threadid 48005988185856 -> core 9 - OK[0m[1;34m
[0m[1;34m	threadid 48005990287104 -> core 10 - OK[0m[1;34m
[0m[1;34m	threadid 48005992388352 -> core 11 - OK[0m[1;34m
[0m[1;34m	threadid 48005994489600 -> core 12 - OK[0m[1;34m
[0m[1;34m	threadid 48005996590848 -> core 13 - OK[0m[1;34m
[0m[1;34m	threadid 48005998692096 -> core 14 - OK[0m[1;34m
[0m[1;34m	threadid 48006000793344 -> core 15 - OK[0m[1;34m
[0m[1;34m	threadid 48006002894592 -> core 16 - OK[0m[1;34m
[0m[1;34m	threadid 48006004995840 -> core 17 - OK[0m[1;34m
[0m[1;34m	threadid 48006007097088 -> core 18 - OK[0m[1;34m
[0m[1;34m	threadid 48006009198336 -> core 19 - OK[0m[1;34m
[0miterations: 120
Total iterations: 1078560480 LUP
FLOP: 11
Total work: 11864165280 FLOP
performance: 4.387908 GLUP/s
Performance in GFLOP/s: 48.266991
size: 9000000
time: 0.245803
[1;34m[pthread wrapper] 
[0m[1;34m[pthread wrapper] MAIN -> 0
[0m[1;34m[pthread wrapper] PIN_MASK: [0m[1;34m0->1  [0m[1;34m1->2  [0m[1;34m2->3  [0m[1;34m3->4  [0m[1;34m4->5  [0m[1;34m5->6  [0m[1;34m6->7  [0m[1;34m7->8  [0m[1;34m8->9  [0m[1;34m9->10  [0m[1;34m10->11  [0m[1;34m11->12  [0m[1;34m12->13  [0m[1;34m13->14  [0m[1;34m14->15  [0m[1;34m15->16  [0m[1;34m16->17  [0m[1;34m17->18  [0m[1;34m18->19  [0m[1;34m
[pthread wrapper] SKIP MASK: 0x0
[0m[1;34m	threadid 47540067292928 -> core 1 - OK[0m[1;34m
[0m[1;34m	threadid 47540069394176 -> core 2 - OK[0m[1;34m
[0m[1;34m	threadid 47540071495424 -> core 3 - OK[0m[1;34m
[0m[1;34m	threadid 47540073596672 -> core 4 - OK[0m[1;34m
[0m[1;34m	threadid 47540075697920 -> core 5 - OK[0m[1;34m
[0m[1;34m	threadid 47540077799168 -> core 6 - OK[0m[1;34m
[0m[1;34m	threadid 47540079900416 -> core 7 - OK[0m[1;34m
[0m[1;34m	threadid 47540082001664 -> core 8 - OK[0m[1;34m
[0m[1;34m	threadid 47540084102912 -> core 9 - OK[0m[1;34m
[0m[1;34m	threadid 47540086204160 -> core 10 - OK[0m[1;34m
[0m[1;34m	threadid 47540088305408 -> core 11 - OK[0m[1;34m
[0m[1;34m	threadid 47540090406656 -> core 12 - OK[0m[1;34m
[0m[1;34m	threadid 47540092507904 -> core 13 - OK[0m[1;34m
[0m[1;34m	threadid 47540094609152 -> core 14 - OK[0m[1;34m
[0m[1;34m	threadid 47540096710400 -> core 15 - OK[0m[1;34m
[0m[1;34m	threadid 47540098811648 -> core 16 - OK[0m[1;34m
[0m[1;34m	threadid 47540100912896 -> core 17 - OK[0m[1;34m
[0m[1;34m	threadid 47540103014144 -> core 18 - OK[0m[1;34m
[0m[1;34m	threadid 47540105115392 -> core 19 - OK[0m[1;34m
[0miterations: 120
Total iterations: 1078560480 LUP
FLOP: 11
Total work: 11864165280 FLOP
performance: 4.348894 GLUP/s
Performance in GFLOP/s: 47.837831
size: 9000000
time: 0.248008
[1;34m[pthread wrapper] 
[0m[1;34m[pthread wrapper] MAIN -> 0
[0m[1;34m[pthread wrapper] PIN_MASK: [0m[1;34m0->1  [0m[1;34m1->2  [0m[1;34m2->3  [0m[1;34m3->4  [0m[1;34m4->5  [0m[1;34m5->6  [0m[1;34m6->7  [0m[1;34m7->8  [0m[1;34m8->9  [0m[1;34m9->10  [0m[1;34m10->11  [0m[1;34m11->12  [0m[1;34m12->13  [0m[1;34m13->14  [0m[1;34m14->15  [0m[1;34m15->16  [0m[1;34m16->17  [0m[1;34m17->18  [0m[1;34m18->19  [0m[1;34m
[pthread wrapper] SKIP MASK: 0x0
[0m[1;34m	threadid 47724706412288 -> core 1 - OK[0m[1;34m
[0m[1;34m	threadid 47724708513536 -> core 2 - OK[0m[1;34m
[0m[1;34m	threadid 47724710614784 -> core 3 - OK[0m[1;34m
[0m[1;34m	threadid 47724712716032 -> core 4 - OK[0m[1;34m
[0m[1;34m	threadid 47724714817280 -> core 5 - OK[0m[1;34m
[0m[1;34m	threadid 47724716918528 -> core 6 - OK[0m[1;34m
[0m[1;34m	threadid 47724719019776 -> core 7 - OK[0m[1;34m
[0m[1;34m	threadid 47724721121024 -> core 8 - OK[0m[1;34m
[0m[1;34m	threadid 47724723222272 -> core 9 - OK[0m[1;34m
[0m[1;34m	threadid 47724725323520 -> core 10 - OK[0m[1;34m
[0m[1;34m	threadid 47724727424768 -> core 11 - OK[0m[1;34m
[0m[1;34m	threadid 47724729526016 -> core 12 - OK[0m[1;34m
[0m[1;34m	threadid 47724731627264 -> core 13 - OK[0m[1;34m
[0m[1;34m	threadid 47724733728512 -> core 14 - OK[0m[1;34m
[0m[1;34m	threadid 47724735829760 -> core 15 - OK[0m[1;34m
[0m[1;34m	threadid 47724737931008 -> core 16 - OK[0m[1;34m
[0m[1;34m	threadid 47724740032256 -> core 17 - OK[0m[1;34m
[0m[1;34m	threadid 47724742133504 -> core 18 - OK[0m[1;34m
[0m[1;34m	threadid 47724744234752 -> core 19 - OK[0m[1;34m
[0miterations: 120
Total iterations: 1078560480 LUP
FLOP: 11
Total work: 11864165280 FLOP
performance: 4.343186 GLUP/s
Performance in GFLOP/s: 47.775047
size: 9000000
time: 0.248334
[1;34m[pthread wrapper] 
[0m[1;34m[pthread wrapper] MAIN -> 0
[0m[1;34m[pthread wrapper] PIN_MASK: [0m[1;34m0->1  [0m[1;34m1->2  [0m[1;34m2->3  [0m[1;34m3->4  [0m[1;34m4->5  [0m[1;34m5->6  [0m[1;34m6->7  [0m[1;34m7->8  [0m[1;34m8->9  [0m[1;34m9->10  [0m[1;34m10->11  [0m[1;34m11->12  [0m[1;34m12->13  [0m[1;34m13->14  [0m[1;34m14->15  [0m[1;34m15->16  [0m[1;34m16->17  [0m[1;34m17->18  [0m[1;34m18->19  [0m[1;34m
[pthread wrapper] SKIP MASK: 0x0
[0m[1;34m	threadid 47484172904192 -> core 1 - OK[0m[1;34m
[0m[1;34m	threadid 47484175005440 -> core 2 - OK[0m[1;34m
[0m[1;34m	threadid 47484177106688 -> core 3 - OK[0m[1;34m
[0m[1;34m	threadid 47484179207936 -> core 4 - OK[0m[1;34m
[0m[1;34m	threadid 47484181309184 -> core 5 - OK[0m[1;34m
[0m[1;34m	threadid 47484183410432 -> core 6 - OK[0m[1;34m
[0m[1;34m	threadid 47484185511680 -> core 7 - OK[0m[1;34m
[0m[1;34m	threadid 47484187612928 -> core 8 - OK[0m[1;34m
[0m[1;34m	threadid 47484189714176 -> core 9 - OK[0m[1;34m
[0m[1;34m	threadid 47484191815424 -> core 10 - OK[0m[1;34m
[0m[1;34m	threadid 47484193916672 -> core 11 - OK[0m[1;34m
[0m[1;34m	threadid 47484196017920 -> core 12 - OK[0m[1;34m
[0m[1;34m	threadid 47484198119168 -> core 13 - OK[0m[1;34m
[0m[1;34m	threadid 47484200220416 -> core 14 - OK[0m[1;34m
[0m[1;34m	threadid 47484202321664 -> core 15 - OK[0m[1;34m
[0m[1;34m	threadid 47484204422912 -> core 16 - OK[0m[1;34m
[0m[1;34m	threadid 47484206524160 -> core 17 - OK[0m[1;34m
[0m[1;34m	threadid 47484208625408 -> core 18 - OK[0m[1;34m
[0m[1;34m	threadid 47484210726656 -> core 19 - OK[0m[1;34m
[0miterations: 120
Total iterations: 1078560480 LUP
FLOP: 11
Total work: 11864165280 FLOP
performance: 4.301357 GLUP/s
Performance in GFLOP/s: 47.314930
size: 9000000
time: 0.250749
[1;34m[pthread wrapper] 
[0m[1;34m[pthread wrapper] MAIN -> 0
[0m[1;34m[pthread wrapper] PIN_MASK: [0m[1;34m0->1  [0m[1;34m1->2  [0m[1;34m2->3  [0m[1;34m3->4  [0m[1;34m4->5  [0m[1;34m5->6  [0m[1;34m6->7  [0m[1;34m7->8  [0m[1;34m8->9  [0m[1;34m9->10  [0m[1;34m10->11  [0m[1;34m11->12  [0m[1;34m12->13  [0m[1;34m13->14  [0m[1;34m14->15  [0m[1;34m15->16  [0m[1;34m16->17  [0m[1;34m17->18  [0m[1;34m18->19  [0m[1;34m
[pthread wrapper] SKIP MASK: 0x0
[0m[1;34m	threadid 47770895861504 -> core 1 - OK[0m[1;34m
[0m[1;34m	threadid 47770897962752 -> core 2 - OK[0m[1;34m
[0m[1;34m	threadid 47770900064000 -> core 3 - OK[0m[1;34m
[0m[1;34m	threadid 47770902165248 -> core 4 - OK[0m[1;34m
[0m[1;34m	threadid 47770904266496 -> core 5 - OK[0m[1;34m
[0m[1;34m	threadid 47770906367744 -> core 6 - OK[0m[1;34m
[0m[1;34m	threadid 47770908468992 -> core 7 - OK[0m[1;34m
[0m[1;34m	threadid 47770910570240 -> core 8 - OK[0m[1;34m
[0m[1;34m	threadid 47770912671488 -> core 9 - OK[0m[1;34m
[0m[1;34m	threadid 47770914772736 -> core 10 - OK[0m[1;34m
[0m[1;34m	threadid 47770916873984 -> core 11 - OK[0m[1;34m
[0m[1;34m	threadid 47770918975232 -> core 12 - OK[0m[1;34m
[0m[1;34m	threadid 47770921076480 -> core 13 - OK[0m[1;34m
[0m[1;34m	threadid 47770923177728 -> core 14 - OK[0m[1;34m
[0m[1;34m	threadid 47770925278976 -> core 15 - OK[0m[1;34m
[0m[1;34m	threadid 47770927380224 -> core 16 - OK[0m[1;34m
[0m[1;34m	threadid 47770929481472 -> core 17 - OK[0m[1;34m
[0m[1;34m	threadid 47770931582720 -> core 18 - OK[0m[1;34m
[0m[1;34m	threadid 47770933683968 -> core 19 - OK[0m[1;34m
[0miterations: 120
Total iterations: 1078560480 LUP
FLOP: 11
Total work: 11864165280 FLOP
performance: 4.351898 GLUP/s
Performance in GFLOP/s: 47.870873
size: 9000000
time: 0.247837
[1;34m[pthread wrapper] 
[0m[1;34m[pthread wrapper] MAIN -> 0
[0m[1;34m[pthread wrapper] PIN_MASK: [0m[1;34m0->1  [0m[1;34m1->2  [0m[1;34m2->3  [0m[1;34m3->4  [0m[1;34m4->5  [0m[1;34m5->6  [0m[1;34m6->7  [0m[1;34m7->8  [0m[1;34m8->9  [0m[1;34m9->10  [0m[1;34m10->11  [0m[1;34m11->12  [0m[1;34m12->13  [0m[1;34m13->14  [0m[1;34m14->15  [0m[1;34m15->16  [0m[1;34m16->17  [0m[1;34m17->18  [0m[1;34m18->19  [0m[1;34m
[pthread wrapper] SKIP MASK: 0x0
[0m[1;34m	threadid 47164812732160 -> core 1 - OK[0m[1;34m
[0m[1;34m	threadid 47164814833408 -> core 2 - OK[0m[1;34m
[0m[1;34m	threadid 47164816934656 -> core 3 - OK[0m[1;34m
[0m[1;34m	threadid 47164819035904 -> core 4 - OK[0m[1;34m
[0m[1;34m	threadid 47164821137152 -> core 5 - OK[0m[1;34m
[0m[1;34m	threadid 47164823238400 -> core 6 - OK[0m[1;34m
[0m[1;34m	threadid 47164825339648 -> core 7 - OK[0m[1;34m
[0m[1;34m	threadid 47164827440896 -> core 8 - OK[0m[1;34m
[0m[1;34m	threadid 47164829542144 -> core 9 - OK[0m[1;34m
[0m[1;34m	threadid 47164831643392 -> core 10 - OK[0m[1;34m
[0m[1;34m	threadid 47164833744640 -> core 11 - OK[0m[1;34m
[0m[1;34m	threadid 47164835845888 -> core 12 - OK[0m[1;34m
[0m[1;34m	threadid 47164837947136 -> core 13 - OK[0m[1;34m
[0m[1;34m	threadid 47164840048384 -> core 14 - OK[0m[1;34m
[0m[1;34m	threadid 47164842149632 -> core 15 - OK[0m[1;34m
[0m[1;34m	threadid 47164844250880 -> core 16 - OK[0m[1;34m
[0m[1;34m	threadid 47164846352128 -> core 17 - OK[0m[1;34m
[0m[1;34m	threadid 47164848453376 -> core 18 - OK[0m[1;34m
[0m[1;34m	threadid 47164850554624 -> core 19 - OK[0m[1;34m
[0miterations: 120
Total iterations: 1078560480 LUP
FLOP: 11
Total work: 11864165280 FLOP
performance: 4.348860 GLUP/s
Performance in GFLOP/s: 47.837463
size: 9000000
time: 0.248010
[1;34m[pthread wrapper] 
[0m[1;34m[pthread wrapper] MAIN -> 0
[0m[1;34m[pthread wrapper] PIN_MASK: [0m[1;34m0->1  [0m[1;34m1->2  [0m[1;34m2->3  [0m[1;34m3->4  [0m[1;34m4->5  [0m[1;34m5->6  [0m[1;34m6->7  [0m[1;34m7->8  [0m[1;34m8->9  [0m[1;34m9->10  [0m[1;34m10->11  [0m[1;34m11->12  [0m[1;34m12->13  [0m[1;34m13->14  [0m[1;34m14->15  [0m[1;34m15->16  [0m[1;34m16->17  [0m[1;34m17->18  [0m[1;34m18->19  [0m[1;34m
[pthread wrapper] SKIP MASK: 0x0
[0m[1;34m	threadid 47073547888384 -> core 1 - OK[0m[1;34m
[0m[1;34m	threadid 47073549989632 -> core 2 - OK[0m[1;34m
[0m[1;34m	threadid 47073552090880 -> core 3 - OK[0m[1;34m
[0m[1;34m	threadid 47073554192128 -> core 4 - OK[0m[1;34m
[0m[1;34m	threadid 47073556293376 -> core 5 - OK[0m[1;34m
[0m[1;34m	threadid 47073558394624 -> core 6 - OK[0m[1;34m
[0m[1;34m	threadid 47073560495872 -> core 7 - OK[0m[1;34m
[0m[1;34m	threadid 47073562597120 -> core 8 - OK[0m[1;34m
[0m[1;34m	threadid 47073564698368 -> core 9 - OK[0m[1;34m
[0m[1;34m	threadid 47073566799616 -> core 10 - OK[0m[1;34m
[0m[1;34m	threadid 47073568900864 -> core 11 - OK[0m[1;34m
[0m[1;34m	threadid 47073571002112 -> core 12 - OK[0m[1;34m
[0m[1;34m	threadid 47073573103360 -> core 13 - OK[0m[1;34m
[0m[1;34m	threadid 47073575204608 -> core 14 - OK[0m[1;34m
[0m[1;34m	threadid 47073577305856 -> core 15 - OK[0m[1;34m
[0m[1;34m	threadid 47073579407104 -> core 16 - OK[0m[1;34m
[0m[1;34m	threadid 47073581508352 -> core 17 - OK[0m[1;34m
[0m[1;34m	threadid 47073583609600 -> core 18 - OK[0m[1;34m
[0m[1;34m	threadid 47073585710848 -> core 19 - OK[0m[1;34m
[0miterations: 120
Total iterations: 1078560480 LUP
FLOP: 11
Total work: 11864165280 FLOP
performance: 4.370924 GLUP/s
Performance in GFLOP/s: 48.080168
size: 9000000
time: 0.246758
