[1;34m[pthread wrapper] 
[0m[1;34m[pthread wrapper] MAIN -> 0
[0m[1;34m[pthread wrapper] PIN_MASK: [0m[1;34m0->1  [0m[1;34m1->2  [0m[1;34m2->3  [0m[1;34m
[pthread wrapper] SKIP MASK: 0x0
[0m[1;34m	threadid 47713843308288 -> core 1 - OK[0m[1;34m
[0m[1;34m	threadid 47713845409536 -> core 2 - OK[0m[1;34m
[0m[1;34m	threadid 47713847510784 -> core 3 - OK[0m[1;34m
[0miterations: 120
Total iterations: 1078560480 LUP
FLOP: 11
Total work: 11864165280 FLOP
performance: 1.021711 GLUP/s
Performance in GFLOP/s: 11.238816
size: 9000000
time: 1.055642
[1;34m[pthread wrapper] 
[0m[1;34m[pthread wrapper] MAIN -> 0
[0m[1;34m[pthread wrapper] PIN_MASK: [0m[1;34m0->1  [0m[1;34m1->2  [0m[1;34m2->3  [0m[1;34m
[pthread wrapper] SKIP MASK: 0x0
[0m[1;34m	threadid 47184343066368 -> core 1 - OK[0m[1;34m
[0m[1;34m	threadid 47184345167616 -> core 2 - OK[0m[1;34m
[0m[1;34m	threadid 47184347268864 -> core 3 - OK[0m[1;34m
[0miterations: 120
Total iterations: 1078560480 LUP
FLOP: 11
Total work: 11864165280 FLOP
performance: 1.022145 GLUP/s
Performance in GFLOP/s: 11.243598
size: 9000000
time: 1.055193
[1;34m[pthread wrapper] 
[0m[1;34m[pthread wrapper] MAIN -> 0
[0m[1;34m[pthread wrapper] PIN_MASK: [0m[1;34m0->1  [0m[1;34m1->2  [0m[1;34m2->3  [0m[1;34m
[pthread wrapper] SKIP MASK: 0x0
[0m[1;34m	threadid 47137466988288 -> core 1 - OK[0m[1;34m
[0m[1;34m	threadid 47137469089536 -> core 2 - OK[0m[1;34m
[0m[1;34m	threadid 47137471190784 -> core 3 - OK[0m[1;34m
[0miterations: 120
Total iterations: 1078560480 LUP
FLOP: 11
Total work: 11864165280 FLOP
performance: 1.022129 GLUP/s
Performance in GFLOP/s: 11.243418
size: 9000000
time: 1.055210
[1;34m[pthread wrapper] 
[0m[1;34m[pthread wrapper] MAIN -> 0
[0m[1;34m[pthread wrapper] PIN_MASK: [0m[1;34m0->1  [0m[1;34m1->2  [0m[1;34m2->3  [0m[1;34m
[pthread wrapper] SKIP MASK: 0x0
[0m[1;34m	threadid 47181962413824 -> core 1 - OK[0m[1;34m
[0m[1;34m	threadid 47181964515072 -> core 2 - OK[0m[1;34m
[0m[1;34m	threadid 47181966616320 -> core 3 - OK[0m[1;34m
[0miterations: 120
Total iterations: 1078560480 LUP
FLOP: 11
Total work: 11864165280 FLOP
performance: 1.021979 GLUP/s
Performance in GFLOP/s: 11.241764
size: 9000000
time: 1.055365
[1;34m[pthread wrapper] 
[0m[1;34m[pthread wrapper] MAIN -> 0
[0m[1;34m[pthread wrapper] PIN_MASK: [0m[1;34m0->1  [0m[1;34m1->2  [0m[1;34m2->3  [0m[1;34m
[pthread wrapper] SKIP MASK: 0x0
[0m[1;34m	threadid 47513699321600 -> core 1 - OK[0m[1;34m
[0m[1;34m	threadid 47513701422848 -> core 2 - OK[0m[1;34m
[0m[1;34m	threadid 47513703524096 -> core 3 - OK[0m[1;34m
[0miterations: 120
Total iterations: 1078560480 LUP
FLOP: 11
Total work: 11864165280 FLOP
performance: 1.021930 GLUP/s
Performance in GFLOP/s: 11.241233
size: 9000000
time: 1.055415
[1;34m[pthread wrapper] 
[0m[1;34m[pthread wrapper] MAIN -> 0
[0m[1;34m[pthread wrapper] PIN_MASK: [0m[1;34m0->1  [0m[1;34m1->2  [0m[1;34m2->3  [0m[1;34m
[pthread wrapper] SKIP MASK: 0x0
[0m[1;34m	threadid 47528188237568 -> core 1 - OK[0m[1;34m
[0m[1;34m	threadid 47528190338816 -> core 2 - OK[0m[1;34m
[0m[1;34m	threadid 47528192440064 -> core 3 - OK[0m[1;34m
[0miterations: 120
Total iterations: 1078560480 LUP
FLOP: 11
Total work: 11864165280 FLOP
performance: 1.022281 GLUP/s
Performance in GFLOP/s: 11.245089
size: 9000000
time: 1.055053
[1;34m[pthread wrapper] 
[0m[1;34m[pthread wrapper] MAIN -> 0
[0m[1;34m[pthread wrapper] PIN_MASK: [0m[1;34m0->1  [0m[1;34m1->2  [0m[1;34m2->3  [0m[1;34m
[pthread wrapper] SKIP MASK: 0x0
[0m[1;34m	threadid 46945742329600 -> core 1 - OK[0m[1;34m
[0m[1;34m	threadid 46945744430848 -> core 2 - OK[0m[1;34m
[0m[1;34m	threadid 46945746532096 -> core 3 - OK[0m[1;34m
[0miterations: 120
Total iterations: 1078560480 LUP
FLOP: 11
Total work: 11864165280 FLOP
performance: 1.022160 GLUP/s
Performance in GFLOP/s: 11.243758
size: 9000000
time: 1.055178
[1;34m[pthread wrapper] 
[0m[1;34m[pthread wrapper] MAIN -> 0
[0m[1;34m[pthread wrapper] PIN_MASK: [0m[1;34m0->1  [0m[1;34m1->2  [0m[1;34m2->3  [0m[1;34m
[pthread wrapper] SKIP MASK: 0x0
[0m[1;34m	threadid 47719803782912 -> core 1 - OK[0m[1;34m
[0m[1;34m	threadid 47719805884160 -> core 2 - OK[0m[1;34m
[0m[1;34m	threadid 47719807985408 -> core 3 - OK[0m[1;34m
[0miterations: 120
Total iterations: 1078560480 LUP
FLOP: 11
Total work: 11864165280 FLOP
performance: 1.022284 GLUP/s
Performance in GFLOP/s: 11.245120
size: 9000000
time: 1.055050
[1;34m[pthread wrapper] 
[0m[1;34m[pthread wrapper] MAIN -> 0
[0m[1;34m[pthread wrapper] PIN_MASK: [0m[1;34m0->1  [0m[1;34m1->2  [0m[1;34m2->3  [0m[1;34m
[pthread wrapper] SKIP MASK: 0x0
[0m[1;34m	threadid 47053480150784 -> core 1 - OK[0m[1;34m
[0m[1;34m	threadid 47053482252032 -> core 2 - OK[0m[1;34m
[0m[1;34m	threadid 47053484353280 -> core 3 - OK[0m[1;34m
[0miterations: 120
Total iterations: 1078560480 LUP
FLOP: 11
Total work: 11864165280 FLOP
performance: 1.021944 GLUP/s
Performance in GFLOP/s: 11.241381
size: 9000000
time: 1.055401
[1;34m[pthread wrapper] 
[0m[1;34m[pthread wrapper] MAIN -> 0
[0m[1;34m[pthread wrapper] PIN_MASK: [0m[1;34m0->1  [0m[1;34m1->2  [0m[1;34m2->3  [0m[1;34m
[pthread wrapper] SKIP MASK: 0x0
[0m[1;34m	threadid 46959153473280 -> core 1 - OK[0m[1;34m
[0m[1;34m	threadid 46959155574528 -> core 2 - OK[0m[1;34m
[0m[1;34m	threadid 46959157675776 -> core 3 - OK[0m[1;34m
[0miterations: 120
Total iterations: 1078560480 LUP
FLOP: 11
Total work: 11864165280 FLOP
performance: 1.022010 GLUP/s
Performance in GFLOP/s: 11.242107
size: 9000000
time: 1.055333
