[1;34m[pthread wrapper] 
[0m[1;34m[pthread wrapper] MAIN -> 0
[0m[1;34m[pthread wrapper] PIN_MASK: [0m[1;34m0->1  [0m[1;34m1->2  [0m[1;34m2->3  [0m[1;34m3->4  [0m[1;34m4->5  [0m[1;34m5->6  [0m[1;34m6->7  [0m[1;34m7->8  [0m[1;34m8->9  [0m[1;34m
[pthread wrapper] SKIP MASK: 0x0
[0m[1;34m	threadid 47730476009216 -> core 1 - OK[0m[1;34m
[0m[1;34m	threadid 47730478110464 -> core 2 - OK[0m[1;34m
[0m[1;34m	threadid 47730480211712 -> core 3 - OK[0m[1;34m
[0m[1;34m	threadid 47730482312960 -> core 4 - OK[0m[1;34m
[0m[1;34m	threadid 47730484414208 -> core 5 - OK[0m[1;34m
[0m[1;34m	threadid 47730486515456 -> core 6 - OK[0m[1;34m
[0m[1;34m	threadid 47730488616704 -> core 7 - OK[0m[1;34m
[0m[1;34m	threadid 47730490717952 -> core 8 - OK[0m[1;34m
[0m[1;34m	threadid 47730492819200 -> core 9 - OK[0m[1;34m
[0miterations: 200
Total iterations: 1797600800 LUP
FLOP: 11
Total work: 19773608800 FLOP
performance: 2.535886 GLUP/s
Performance in GFLOP/s: 27.894748
size: 9000000
time: 0.708865
[1;34m[pthread wrapper] 
[0m[1;34m[pthread wrapper] MAIN -> 0
[0m[1;34m[pthread wrapper] PIN_MASK: [0m[1;34m0->1  [0m[1;34m1->2  [0m[1;34m2->3  [0m[1;34m3->4  [0m[1;34m4->5  [0m[1;34m5->6  [0m[1;34m6->7  [0m[1;34m7->8  [0m[1;34m8->9  [0m[1;34m
[pthread wrapper] SKIP MASK: 0x0
[0m[1;34m	threadid 48011890460416 -> core 1 - OK[0m[1;34m
[0m[1;34m	threadid 48011892561664 -> core 2 - OK[0m[1;34m
[0m[1;34m	threadid 48011894662912 -> core 3 - OK[0m[1;34m
[0m[1;34m	threadid 48011896764160 -> core 4 - OK[0m[1;34m
[0m[1;34m	threadid 48011898865408 -> core 5 - OK[0m[1;34m
[0m[1;34m	threadid 48011900966656 -> core 6 - OK[0m[1;34m
[0m[1;34m	threadid 48011903067904 -> core 7 - OK[0m[1;34m
[0m[1;34m	threadid 48011905169152 -> core 8 - OK[0m[1;34m
[0m[1;34m	threadid 48011907270400 -> core 9 - OK[0m[1;34m
[0miterations: 200
Total iterations: 1797600800 LUP
FLOP: 11
Total work: 19773608800 FLOP
performance: 2.536966 GLUP/s
Performance in GFLOP/s: 27.906631
size: 9000000
time: 0.708563
[1;34m[pthread wrapper] 
[0m[1;34m[pthread wrapper] MAIN -> 0
[0m[1;34m[pthread wrapper] PIN_MASK: [0m[1;34m0->1  [0m[1;34m1->2  [0m[1;34m2->3  [0m[1;34m3->4  [0m[1;34m4->5  [0m[1;34m5->6  [0m[1;34m6->7  [0m[1;34m7->8  [0m[1;34m8->9  [0m[1;34m
[pthread wrapper] SKIP MASK: 0x0
[0m[1;34m	threadid 47223136917248 -> core 1 - OK[0m[1;34m
[0m[1;34m	threadid 47223139018496 -> core 2 - OK[0m[1;34m
[0m[1;34m	threadid 47223141119744 -> core 3 - OK[0m[1;34m
[0m[1;34m	threadid 47223143220992 -> core 4 - OK[0m[1;34m
[0m[1;34m	threadid 47223145322240 -> core 5 - OK[0m[1;34m
[0m[1;34m	threadid 47223147423488 -> core 6 - OK[0m[1;34m
[0m[1;34m	threadid 47223149524736 -> core 7 - OK[0m[1;34m
[0m[1;34m	threadid 47223151625984 -> core 8 - OK[0m[1;34m
[0m[1;34m	threadid 47223153727232 -> core 9 - OK[0m[1;34m
[0miterations: 200
Total iterations: 1797600800 LUP
FLOP: 11
Total work: 19773608800 FLOP
performance: 2.533445 GLUP/s
Performance in GFLOP/s: 27.867895
size: 9000000
time: 0.709548
[1;34m[pthread wrapper] 
[0m[1;34m[pthread wrapper] MAIN -> 0
[0m[1;34m[pthread wrapper] PIN_MASK: [0m[1;34m0->1  [0m[1;34m1->2  [0m[1;34m2->3  [0m[1;34m3->4  [0m[1;34m4->5  [0m[1;34m5->6  [0m[1;34m6->7  [0m[1;34m7->8  [0m[1;34m8->9  [0m[1;34m
[pthread wrapper] SKIP MASK: 0x0
[0m[1;34m	threadid 47029454219008 -> core 1 - OK[0m[1;34m
[0m[1;34m	threadid 47029456320256 -> core 2 - OK[0m[1;34m
[0m[1;34m	threadid 47029458421504 -> core 3 - OK[0m[1;34m
[0m[1;34m	threadid 47029460522752 -> core 4 - OK[0m[1;34m
[0m[1;34m	threadid 47029462624000 -> core 5 - OK[0m[1;34m
[0m[1;34m	threadid 47029464725248 -> core 6 - OK[0m[1;34m
[0m[1;34m	threadid 47029466826496 -> core 7 - OK[0m[1;34m
[0m[1;34m	threadid 47029468927744 -> core 8 - OK[0m[1;34m
[0m[1;34m	threadid 47029471028992 -> core 9 - OK[0m[1;34m
[0miterations: 200
Total iterations: 1797600800 LUP
FLOP: 11
Total work: 19773608800 FLOP
performance: 2.532107 GLUP/s
Performance in GFLOP/s: 27.853182
size: 9000000
time: 0.709923
[1;34m[pthread wrapper] 
[0m[1;34m[pthread wrapper] MAIN -> 0
[0m[1;34m[pthread wrapper] PIN_MASK: [0m[1;34m0->1  [0m[1;34m1->2  [0m[1;34m2->3  [0m[1;34m3->4  [0m[1;34m4->5  [0m[1;34m5->6  [0m[1;34m6->7  [0m[1;34m7->8  [0m[1;34m8->9  [0m[1;34m
[pthread wrapper] SKIP MASK: 0x0
[0m[1;34m	threadid 47993077532416 -> core 1 - OK[0m[1;34m
[0m[1;34m	threadid 47993079633664 -> core 2 - OK[0m[1;34m
[0m[1;34m	threadid 47993081734912 -> core 3 - OK[0m[1;34m
[0m[1;34m	threadid 47993083836160 -> core 4 - OK[0m[1;34m
[0m[1;34m	threadid 47993085937408 -> core 5 - OK[0m[1;34m
[0m[1;34m	threadid 47993088038656 -> core 6 - OK[0m[1;34m
[0m[1;34m	threadid 47993090139904 -> core 7 - OK[0m[1;34m
[0m[1;34m	threadid 47993092241152 -> core 8 - OK[0m[1;34m
[0m[1;34m	threadid 47993094342400 -> core 9 - OK[0m[1;34m
[0miterations: 200
Total iterations: 1797600800 LUP
FLOP: 11
Total work: 19773608800 FLOP
performance: 2.528182 GLUP/s
Performance in GFLOP/s: 27.810005
size: 9000000
time: 0.711025
[1;34m[pthread wrapper] 
[0m[1;34m[pthread wrapper] MAIN -> 0
[0m[1;34m[pthread wrapper] PIN_MASK: [0m[1;34m0->1  [0m[1;34m1->2  [0m[1;34m2->3  [0m[1;34m3->4  [0m[1;34m4->5  [0m[1;34m5->6  [0m[1;34m6->7  [0m[1;34m7->8  [0m[1;34m8->9  [0m[1;34m
[pthread wrapper] SKIP MASK: 0x0
[0m[1;34m	threadid 47470178731776 -> core 1 - OK[0m[1;34m
[0m[1;34m	threadid 47470180833024 -> core 2 - OK[0m[1;34m
[0m[1;34m	threadid 47470182934272 -> core 3 - OK[0m[1;34m
[0m[1;34m	threadid 47470185035520 -> core 4 - OK[0m[1;34m
[0m[1;34m	threadid 47470187136768 -> core 5 - OK[0m[1;34m
[0m[1;34m	threadid 47470189238016 -> core 6 - OK[0m[1;34m
[0m[1;34m	threadid 47470191339264 -> core 7 - OK[0m[1;34m
[0m[1;34m	threadid 47470193440512 -> core 8 - OK[0m[1;34m
[0m[1;34m	threadid 47470195541760 -> core 9 - OK[0m[1;34m
[0miterations: 200
Total iterations: 1797600800 LUP
FLOP: 11
Total work: 19773608800 FLOP
performance: 2.531739 GLUP/s
Performance in GFLOP/s: 27.849132
size: 9000000
time: 0.710026
[1;34m[pthread wrapper] 
[0m[1;34m[pthread wrapper] MAIN -> 0
[0m[1;34m[pthread wrapper] PIN_MASK: [0m[1;34m0->1  [0m[1;34m1->2  [0m[1;34m2->3  [0m[1;34m3->4  [0m[1;34m4->5  [0m[1;34m5->6  [0m[1;34m6->7  [0m[1;34m7->8  [0m[1;34m8->9  [0m[1;34m
[pthread wrapper] SKIP MASK: 0x0
[0m[1;34m	threadid 47466816370432 -> core 1 - OK[0m[1;34m
[0m[1;34m	threadid 47466818471680 -> core 2 - OK[0m[1;34m
[0m[1;34m	threadid 47466820572928 -> core 3 - OK[0m[1;34m
[0m[1;34m	threadid 47466822674176 -> core 4 - OK[0m[1;34m
[0m[1;34m	threadid 47466824775424 -> core 5 - OK[0m[1;34m
[0m[1;34m	threadid 47466826876672 -> core 6 - OK[0m[1;34m
[0m[1;34m	threadid 47466828977920 -> core 7 - OK[0m[1;34m
[0m[1;34m	threadid 47466831079168 -> core 8 - OK[0m[1;34m
[0m[1;34m	threadid 47466833180416 -> core 9 - OK[0m[1;34m
[0miterations: 200
Total iterations: 1797600800 LUP
FLOP: 11
Total work: 19773608800 FLOP
performance: 2.527141 GLUP/s
Performance in GFLOP/s: 27.798549
size: 9000000
time: 0.711318
[1;34m[pthread wrapper] 
[0m[1;34m[pthread wrapper] MAIN -> 0
[0m[1;34m[pthread wrapper] PIN_MASK: [0m[1;34m0->1  [0m[1;34m1->2  [0m[1;34m2->3  [0m[1;34m3->4  [0m[1;34m4->5  [0m[1;34m5->6  [0m[1;34m6->7  [0m[1;34m7->8  [0m[1;34m8->9  [0m[1;34m
[pthread wrapper] SKIP MASK: 0x0
[0m[1;34m	threadid 47946698385152 -> core 1 - OK[0m[1;34m
[0m[1;34m	threadid 47946700486400 -> core 2 - OK[0m[1;34m
[0m[1;34m	threadid 47946702587648 -> core 3 - OK[0m[1;34m
[0m[1;34m	threadid 47946704688896 -> core 4 - OK[0m[1;34m
[0m[1;34m	threadid 47946706790144 -> core 5 - OK[0m[1;34m
[0m[1;34m	threadid 47946708891392 -> core 6 - OK[0m[1;34m
[0m[1;34m	threadid 47946710992640 -> core 7 - OK[0m[1;34m
[0m[1;34m	threadid 47946713093888 -> core 8 - OK[0m[1;34m
[0m[1;34m	threadid 47946715195136 -> core 9 - OK[0m[1;34m
[0miterations: 200
Total iterations: 1797600800 LUP
FLOP: 11
Total work: 19773608800 FLOP
performance: 2.532321 GLUP/s
Performance in GFLOP/s: 27.855530
size: 9000000
time: 0.709863
[1;34m[pthread wrapper] 
[0m[1;34m[pthread wrapper] MAIN -> 0
[0m[1;34m[pthread wrapper] PIN_MASK: [0m[1;34m0->1  [0m[1;34m1->2  [0m[1;34m2->3  [0m[1;34m3->4  [0m[1;34m4->5  [0m[1;34m5->6  [0m[1;34m6->7  [0m[1;34m7->8  [0m[1;34m8->9  [0m[1;34m
[pthread wrapper] SKIP MASK: 0x0
[0m[1;34m	threadid 47880092325632 -> core 1 - OK[0m[1;34m
[0m[1;34m	threadid 47880094426880 -> core 2 - OK[0m[1;34m
[0m[1;34m	threadid 47880096528128 -> core 3 - OK[0m[1;34m
[0m[1;34m	threadid 47880098629376 -> core 4 - OK[0m[1;34m
[0m[1;34m	threadid 47880100730624 -> core 5 - OK[0m[1;34m
[0m[1;34m	threadid 47880102831872 -> core 6 - OK[0m[1;34m
[0m[1;34m	threadid 47880104933120 -> core 7 - OK[0m[1;34m
[0m[1;34m	threadid 47880107034368 -> core 8 - OK[0m[1;34m
[0m[1;34m	threadid 47880109135616 -> core 9 - OK[0m[1;34m
[0miterations: 200
Total iterations: 1797600800 LUP
FLOP: 11
Total work: 19773608800 FLOP
performance: 2.532945 GLUP/s
Performance in GFLOP/s: 27.862399
size: 9000000
time: 0.709688
[1;34m[pthread wrapper] 
[0m[1;34m[pthread wrapper] MAIN -> 0
[0m[1;34m[pthread wrapper] PIN_MASK: [0m[1;34m0->1  [0m[1;34m1->2  [0m[1;34m2->3  [0m[1;34m3->4  [0m[1;34m4->5  [0m[1;34m5->6  [0m[1;34m6->7  [0m[1;34m7->8  [0m[1;34m8->9  [0m[1;34m
[pthread wrapper] SKIP MASK: 0x0
[0m[1;34m	threadid 47531244631808 -> core 1 - OK[0m[1;34m
[0m[1;34m	threadid 47531246733056 -> core 2 - OK[0m[1;34m
[0m[1;34m	threadid 47531248834304 -> core 3 - OK[0m[1;34m
[0m[1;34m	threadid 47531250935552 -> core 4 - OK[0m[1;34m
[0m[1;34m	threadid 47531253036800 -> core 5 - OK[0m[1;34m
[0m[1;34m	threadid 47531255138048 -> core 6 - OK[0m[1;34m
[0m[1;34m	threadid 47531257239296 -> core 7 - OK[0m[1;34m
[0m[1;34m	threadid 47531259340544 -> core 8 - OK[0m[1;34m
[0m[1;34m	threadid 47531261441792 -> core 9 - OK[0m[1;34m
[0miterations: 200
Total iterations: 1797600800 LUP
FLOP: 11
Total work: 19773608800 FLOP
performance: 2.534423 GLUP/s
Performance in GFLOP/s: 27.878658
size: 9000000
time: 0.709274
