[1;34m[pthread wrapper] 
[0m[1;34m[pthread wrapper] MAIN -> 0
[0m[1;34m[pthread wrapper] PIN_MASK: [0m[1;34m0->1  [0m[1;34m1->2  [0m[1;34m2->3  [0m[1;34m3->10  [0m[1;34m4->11  [0m[1;34m5->12  [0m[1;34m6->13  [0m[1;34m
[pthread wrapper] SKIP MASK: 0x0
[0m[1;34m	threadid 47864887977728 -> core 1 - OK[0m[1;34m
[0m[1;34m	threadid 47864890078976 -> core 2 - OK[0m[1;34m
[0m[1;34m	threadid 47864892180224 -> core 3 - OK[0m[1;34m
[0m[1;34m	threadid 47864894281472 -> core 10 - OK[0m[1;34m
[0m[1;34m	threadid 47864896382720 -> core 11 - OK[0m[1;34m
[0m[1;34m	threadid 47864898483968 -> core 12 - OK[0m[1;34m
[0m[1;34m	threadid 47864900585216 -> core 13 - OK[0m[1;34m
[0miterations: 100
Total iterations: 898800400 LUP
FLOP: 11
Total work: 9886804400 FLOP
performance: 1.915668 GLUP/s
Performance in GFLOP/s: 21.072343
size: 9000000
time: 0.469184
[1;34m[pthread wrapper] 
[0m[1;34m[pthread wrapper] MAIN -> 0
[0m[1;34m[pthread wrapper] PIN_MASK: [0m[1;34m0->1  [0m[1;34m1->2  [0m[1;34m2->3  [0m[1;34m3->10  [0m[1;34m4->11  [0m[1;34m5->12  [0m[1;34m6->13  [0m[1;34m
[pthread wrapper] SKIP MASK: 0x0
[0m[1;34m	threadid 47926187173632 -> core 1 - OK[0m[1;34m
[0m[1;34m	threadid 47926189274880 -> core 2 - OK[0m[1;34m
[0m[1;34m	threadid 47926191376128 -> core 3 - OK[0m[1;34m
[0m[1;34m	threadid 47926193477376 -> core 10 - OK[0m[1;34m
[0m[1;34m	threadid 47926195578624 -> core 11 - OK[0m[1;34m
[0m[1;34m	threadid 47926197679872 -> core 12 - OK[0m[1;34m
[0m[1;34m	threadid 47926199781120 -> core 13 - OK[0m[1;34m
[0miterations: 100
Total iterations: 898800400 LUP
FLOP: 11
Total work: 9886804400 FLOP
performance: 1.932996 GLUP/s
Performance in GFLOP/s: 21.262952
size: 9000000
time: 0.464978
[1;34m[pthread wrapper] 
[0m[1;34m[pthread wrapper] MAIN -> 0
[0m[1;34m[pthread wrapper] PIN_MASK: [0m[1;34m0->1  [0m[1;34m1->2  [0m[1;34m2->3  [0m[1;34m3->10  [0m[1;34m4->11  [0m[1;34m5->12  [0m[1;34m6->13  [0m[1;34m
[pthread wrapper] SKIP MASK: 0x0
[0m[1;34m	threadid 47306268522240 -> core 1 - OK[0m[1;34m
[0m[1;34m	threadid 47306270623488 -> core 2 - OK[0m[1;34m
[0m[1;34m	threadid 47306272724736 -> core 3 - OK[0m[1;34m
[0m[1;34m	threadid 47306274825984 -> core 10 - OK[0m[1;34m
[0m[1;34m	threadid 47306276927232 -> core 11 - OK[0m[1;34m
[0m[1;34m	threadid 47306279028480 -> core 12 - OK[0m[1;34m
[0m[1;34m	threadid 47306281129728 -> core 13 - OK[0m[1;34m
[0miterations: 100
Total iterations: 898800400 LUP
FLOP: 11
Total work: 9886804400 FLOP
performance: 1.932452 GLUP/s
Performance in GFLOP/s: 21.256968
size: 9000000
time: 0.465109
[1;34m[pthread wrapper] 
[0m[1;34m[pthread wrapper] MAIN -> 0
[0m[1;34m[pthread wrapper] PIN_MASK: [0m[1;34m0->1  [0m[1;34m1->2  [0m[1;34m2->3  [0m[1;34m3->10  [0m[1;34m4->11  [0m[1;34m5->12  [0m[1;34m6->13  [0m[1;34m
[pthread wrapper] SKIP MASK: 0x0
[0m[1;34m	threadid 47590891759360 -> core 1 - OK[0m[1;34m
[0m[1;34m	threadid 47590893860608 -> core 2 - OK[0m[1;34m
[0m[1;34m	threadid 47590895961856 -> core 3 - OK[0m[1;34m
[0m[1;34m	threadid 47590898063104 -> core 10 - OK[0m[1;34m
[0m[1;34m	threadid 47590900164352 -> core 11 - OK[0m[1;34m
[0m[1;34m	threadid 47590902265600 -> core 12 - OK[0m[1;34m
[0m[1;34m	threadid 47590904366848 -> core 13 - OK[0m[1;34m
[0miterations: 100
Total iterations: 898800400 LUP
FLOP: 11
Total work: 9886804400 FLOP
performance: 1.932709 GLUP/s
Performance in GFLOP/s: 21.259801
size: 9000000
time: 0.465047
[1;34m[pthread wrapper] 
[0m[1;34m[pthread wrapper] MAIN -> 0
[0m[1;34m[pthread wrapper] PIN_MASK: [0m[1;34m0->1  [0m[1;34m1->2  [0m[1;34m2->3  [0m[1;34m3->10  [0m[1;34m4->11  [0m[1;34m5->12  [0m[1;34m6->13  [0m[1;34m
[pthread wrapper] SKIP MASK: 0x0
[0m[1;34m	threadid 47052299998976 -> core 1 - OK[0m[1;34m
[0m[1;34m	threadid 47052302100224 -> core 2 - OK[0m[1;34m
[0m[1;34m	threadid 47052304201472 -> core 3 - OK[0m[1;34m
[0m[1;34m	threadid 47052306302720 -> core 10 - OK[0m[1;34m
[0m[1;34m	threadid 47052308403968 -> core 11 - OK[0m[1;34m
[0m[1;34m	threadid 47052310505216 -> core 12 - OK[0m[1;34m
[0m[1;34m	threadid 47052312606464 -> core 13 - OK[0m[1;34m
[0miterations: 100
Total iterations: 898800400 LUP
FLOP: 11
Total work: 9886804400 FLOP
performance: 1.933390 GLUP/s
Performance in GFLOP/s: 21.267292
size: 9000000
time: 0.464883
