[1;34m[pthread wrapper] 
[0m[1;34m[pthread wrapper] MAIN -> 0
[0m[1;34m[pthread wrapper] PIN_MASK: [0m[1;34m0->1  [0m[1;34m1->2  [0m[1;34m2->3  [0m[1;34m3->4  [0m[1;34m4->5  [0m[1;34m5->6  [0m[1;34m6->7  [0m[1;34m7->8  [0m[1;34m8->9  [0m[1;34m9->10  [0m[1;34m10->11  [0m[1;34m11->12  [0m[1;34m12->13  [0m[1;34m13->14  [0m[1;34m14->15  [0m[1;34m15->16  [0m[1;34m16->17  [0m[1;34m17->18  [0m[1;34m18->19  [0m[1;34m
[pthread wrapper] SKIP MASK: 0x0
[0m[1;34m	threadid 47884638361344 -> core 1 - OK[0m[1;34m
[0m[1;34m	threadid 47884640462592 -> core 2 - OK[0m[1;34m
[0m[1;34m	threadid 47884642563840 -> core 3 - OK[0m[1;34m
[0m[1;34m	threadid 47884644665088 -> core 4 - OK[0m[1;34m
[0m[1;34m	threadid 47884646766336 -> core 5 - OK[0m[1;34m
[0m[1;34m	threadid 47884648867584 -> core 6 - OK[0m[1;34m
[0m[1;34m	threadid 47884650968832 -> core 7 - OK[0m[1;34m
[0m[1;34m	threadid 47884653070080 -> core 8 - OK[0m[1;34m
[0m[1;34m	threadid 47884655171328 -> core 9 - OK[0m[1;34m
[0m[1;34m	threadid 47884657272576 -> core 10 - OK[0m[1;34m
[0m[1;34m	threadid 47884659373824 -> core 11 - OK[0m[1;34m
[0m[1;34m	threadid 47884661475072 -> core 12 - OK[0m[1;34m
[0m[1;34m	threadid 47884663576320 -> core 13 - OK[0m[1;34m
[0m[1;34m	threadid 47884665677568 -> core 14 - OK[0m[1;34m
[0m[1;34m	threadid 47884667778816 -> core 15 - OK[0m[1;34m
[0m[1;34m	threadid 47884669880064 -> core 16 - OK[0m[1;34m
[0m[1;34m	threadid 47884671981312 -> core 17 - OK[0m[1;34m
[0m[1;34m	threadid 47884674082560 -> core 18 - OK[0m[1;34m
[0m[1;34m	threadid 47884676183808 -> core 19 - OK[0m[1;34m
[0miterations: 100
Total iterations: 898800400 LUP
FLOP: 11
Total work: 9886804400 FLOP
performance: 4.368198 GLUP/s
Performance in GFLOP/s: 48.050176
size: 9000000
time: 0.205760
[1;34m[pthread wrapper] 
[0m[1;34m[pthread wrapper] MAIN -> 0
[0m[1;34m[pthread wrapper] PIN_MASK: [0m[1;34m0->1  [0m[1;34m1->2  [0m[1;34m2->3  [0m[1;34m3->4  [0m[1;34m4->5  [0m[1;34m5->6  [0m[1;34m6->7  [0m[1;34m7->8  [0m[1;34m8->9  [0m[1;34m9->10  [0m[1;34m10->11  [0m[1;34m11->12  [0m[1;34m12->13  [0m[1;34m13->14  [0m[1;34m14->15  [0m[1;34m15->16  [0m[1;34m16->17  [0m[1;34m17->18  [0m[1;34m18->19  [0m[1;34m
[pthread wrapper] SKIP MASK: 0x0
[0m[1;34m	threadid 47235523651328 -> core 1 - OK[0m[1;34m
[0m[1;34m	threadid 47235525752576 -> core 2 - OK[0m[1;34m
[0m[1;34m	threadid 47235527853824 -> core 3 - OK[0m[1;34m
[0m[1;34m	threadid 47235529955072 -> core 4 - OK[0m[1;34m
[0m[1;34m	threadid 47235532056320 -> core 5 - OK[0m[1;34m
[0m[1;34m	threadid 47235534157568 -> core 6 - OK[0m[1;34m
[0m[1;34m	threadid 47235536258816 -> core 7 - OK[0m[1;34m
[0m[1;34m	threadid 47235538360064 -> core 8 - OK[0m[1;34m
[0m[1;34m	threadid 47235540461312 -> core 9 - OK[0m[1;34m
[0m[1;34m	threadid 47235542562560 -> core 10 - OK[0m[1;34m
[0m[1;34m	threadid 47235544663808 -> core 11 - OK[0m[1;34m
[0m[1;34m	threadid 47235546765056 -> core 12 - OK[0m[1;34m
[0m[1;34m	threadid 47235548866304 -> core 13 - OK[0m[1;34m
[0m[1;34m	threadid 47235550967552 -> core 14 - OK[0m[1;34m
[0m[1;34m	threadid 47235553068800 -> core 15 - OK[0m[1;34m
[0m[1;34m	threadid 47235555170048 -> core 16 - OK[0m[1;34m
[0m[1;34m	threadid 47235557271296 -> core 17 - OK[0m[1;34m
[0m[1;34m	threadid 47235559372544 -> core 18 - OK[0m[1;34m
[0m[1;34m	threadid 47235561473792 -> core 19 - OK[0m[1;34m
[0miterations: 100
Total iterations: 898800400 LUP
FLOP: 11
Total work: 9886804400 FLOP
performance: 4.287429 GLUP/s
Performance in GFLOP/s: 47.161720
size: 9000000
time: 0.209636
[1;34m[pthread wrapper] 
[0m[1;34m[pthread wrapper] MAIN -> 0
[0m[1;34m[pthread wrapper] PIN_MASK: [0m[1;34m0->1  [0m[1;34m1->2  [0m[1;34m2->3  [0m[1;34m3->4  [0m[1;34m4->5  [0m[1;34m5->6  [0m[1;34m6->7  [0m[1;34m7->8  [0m[1;34m8->9  [0m[1;34m9->10  [0m[1;34m10->11  [0m[1;34m11->12  [0m[1;34m12->13  [0m[1;34m13->14  [0m[1;34m14->15  [0m[1;34m15->16  [0m[1;34m16->17  [0m[1;34m17->18  [0m[1;34m18->19  [0m[1;34m
[pthread wrapper] SKIP MASK: 0x0
[0m[1;34m	threadid 47682770728704 -> core 1 - OK[0m[1;34m
[0m[1;34m	threadid 47682772829952 -> core 2 - OK[0m[1;34m
[0m[1;34m	threadid 47682774931200 -> core 3 - OK[0m[1;34m
[0m[1;34m	threadid 47682777032448 -> core 4 - OK[0m[1;34m
[0m[1;34m	threadid 47682779133696 -> core 5 - OK[0m[1;34m
[0m[1;34m	threadid 47682781234944 -> core 6 - OK[0m[1;34m
[0m[1;34m	threadid 47682783336192 -> core 7 - OK[0m[1;34m
[0m[1;34m	threadid 47682785437440 -> core 8 - OK[0m[1;34m
[0m[1;34m	threadid 47682787538688 -> core 9 - OK[0m[1;34m
[0m[1;34m	threadid 47682789639936 -> core 10 - OK[0m[1;34m
[0m[1;34m	threadid 47682791741184 -> core 11 - OK[0m[1;34m
[0m[1;34m	threadid 47682793842432 -> core 12 - OK[0m[1;34m
[0m[1;34m	threadid 47682795943680 -> core 13 - OK[0m[1;34m
[0m[1;34m	threadid 47682798044928 -> core 14 - OK[0m[1;34m
[0m[1;34m	threadid 47682800146176 -> core 15 - OK[0m[1;34m
[0m[1;34m	threadid 47682802247424 -> core 16 - OK[0m[1;34m
[0m[1;34m	threadid 47682804348672 -> core 17 - OK[0m[1;34m
[0m[1;34m	threadid 47682806449920 -> core 18 - OK[0m[1;34m
[0m[1;34m	threadid 47682808551168 -> core 19 - OK[0m[1;34m
[0miterations: 100
Total iterations: 898800400 LUP
FLOP: 11
Total work: 9886804400 FLOP
performance: 4.311702 GLUP/s
Performance in GFLOP/s: 47.428726
size: 9000000
time: 0.208456
[1;34m[pthread wrapper] 
[0m[1;34m[pthread wrapper] MAIN -> 0
[0m[1;34m[pthread wrapper] PIN_MASK: [0m[1;34m0->1  [0m[1;34m1->2  [0m[1;34m2->3  [0m[1;34m3->4  [0m[1;34m4->5  [0m[1;34m5->6  [0m[1;34m6->7  [0m[1;34m7->8  [0m[1;34m8->9  [0m[1;34m9->10  [0m[1;34m10->11  [0m[1;34m11->12  [0m[1;34m12->13  [0m[1;34m13->14  [0m[1;34m14->15  [0m[1;34m15->16  [0m[1;34m16->17  [0m[1;34m17->18  [0m[1;34m18->19  [0m[1;34m
[pthread wrapper] SKIP MASK: 0x0
[0m[1;34m	threadid 47423836518144 -> core 1 - OK[0m[1;34m
[0m[1;34m	threadid 47423838619392 -> core 2 - OK[0m[1;34m
[0m[1;34m	threadid 47423840720640 -> core 3 - OK[0m[1;34m
[0m[1;34m	threadid 47423842821888 -> core 4 - OK[0m[1;34m
[0m[1;34m	threadid 47423844923136 -> core 5 - OK[0m[1;34m
[0m[1;34m	threadid 47423847024384 -> core 6 - OK[0m[1;34m
[0m[1;34m	threadid 47423849125632 -> core 7 - OK[0m[1;34m
[0m[1;34m	threadid 47423851226880 -> core 8 - OK[0m[1;34m
[0m[1;34m	threadid 47423853328128 -> core 9 - OK[0m[1;34m
[0m[1;34m	threadid 47423855429376 -> core 10 - OK[0m[1;34m
[0m[1;34m	threadid 47423857530624 -> core 11 - OK[0m[1;34m
[0m[1;34m	threadid 47423859631872 -> core 12 - OK[0m[1;34m
[0m[1;34m	threadid 47423861733120 -> core 13 - OK[0m[1;34m
[0m[1;34m	threadid 47423863834368 -> core 14 - OK[0m[1;34m
[0m[1;34m	threadid 47423865935616 -> core 15 - OK[0m[1;34m
[0m[1;34m	threadid 47423868036864 -> core 16 - OK[0m[1;34m
[0m[1;34m	threadid 47423870138112 -> core 17 - OK[0m[1;34m
[0m[1;34m	threadid 47423872239360 -> core 18 - OK[0m[1;34m
[0m[1;34m	threadid 47423874340608 -> core 19 - OK[0m[1;34m
[0miterations: 100
Total iterations: 898800400 LUP
FLOP: 11
Total work: 9886804400 FLOP
performance: 4.314002 GLUP/s
Performance in GFLOP/s: 47.454018
size: 9000000
time: 0.208345
[1;34m[pthread wrapper] 
[0m[1;34m[pthread wrapper] MAIN -> 0
[0m[1;34m[pthread wrapper] PIN_MASK: [0m[1;34m0->1  [0m[1;34m1->2  [0m[1;34m2->3  [0m[1;34m3->4  [0m[1;34m4->5  [0m[1;34m5->6  [0m[1;34m6->7  [0m[1;34m7->8  [0m[1;34m8->9  [0m[1;34m9->10  [0m[1;34m10->11  [0m[1;34m11->12  [0m[1;34m12->13  [0m[1;34m13->14  [0m[1;34m14->15  [0m[1;34m15->16  [0m[1;34m16->17  [0m[1;34m17->18  [0m[1;34m18->19  [0m[1;34m
[pthread wrapper] SKIP MASK: 0x0
[0m[1;34m	threadid 47599012079360 -> core 1 - OK[0m[1;34m
[0m[1;34m	threadid 47599014180608 -> core 2 - OK[0m[1;34m
[0m[1;34m	threadid 47599016281856 -> core 3 - OK[0m[1;34m
[0m[1;34m	threadid 47599018383104 -> core 4 - OK[0m[1;34m
[0m[1;34m	threadid 47599020484352 -> core 5 - OK[0m[1;34m
[0m[1;34m	threadid 47599022585600 -> core 6 - OK[0m[1;34m
[0m[1;34m	threadid 47599024686848 -> core 7 - OK[0m[1;34m
[0m[1;34m	threadid 47599026788096 -> core 8 - OK[0m[1;34m
[0m[1;34m	threadid 47599028889344 -> core 9 - OK[0m[1;34m
[0m[1;34m	threadid 47599030990592 -> core 10 - OK[0m[1;34m
[0m[1;34m	threadid 47599033091840 -> core 11 - OK[0m[1;34m
[0m[1;34m	threadid 47599035193088 -> core 12 - OK[0m[1;34m
[0m[1;34m	threadid 47599037294336 -> core 13 - OK[0m[1;34m
[0m[1;34m	threadid 47599039395584 -> core 14 - OK[0m[1;34m
[0m[1;34m	threadid 47599041496832 -> core 15 - OK[0m[1;34m
[0m[1;34m	threadid 47599043598080 -> core 16 - OK[0m[1;34m
[0m[1;34m	threadid 47599045699328 -> core 17 - OK[0m[1;34m
[0m[1;34m	threadid 47599047800576 -> core 18 - OK[0m[1;34m
[0m[1;34m	threadid 47599049901824 -> core 19 - OK[0m[1;34m
[0miterations: 100
Total iterations: 898800400 LUP
FLOP: 11
Total work: 9886804400 FLOP
performance: 4.306457 GLUP/s
Performance in GFLOP/s: 47.371024
size: 9000000
time: 0.208710
