[1;34m[pthread wrapper] 
[0m[1;34m[pthread wrapper] MAIN -> 0
[0m[1;34m[pthread wrapper] PIN_MASK: [0m[1;34m0->1  [0m[1;34m1->2  [0m[1;34m2->3  [0m[1;34m3->4  [0m[1;34m4->5  [0m[1;34m5->6  [0m[1;34m6->7  [0m[1;34m7->8  [0m[1;34m8->9  [0m[1;34m9->10  [0m[1;34m10->11  [0m[1;34m11->12  [0m[1;34m12->13  [0m[1;34m13->14  [0m[1;34m14->15  [0m[1;34m15->16  [0m[1;34m16->17  [0m[1;34m17->18  [0m[1;34m18->19  [0m[1;34m
[pthread wrapper] SKIP MASK: 0x0
[0m[1;34m	threadid 47198190274304 -> core 1 - OK[0m[1;34m
[0m[1;34m	threadid 47198192375552 -> core 2 - OK[0m[1;34m
[0m[1;34m	threadid 47198194476800 -> core 3 - OK[0m[1;34m
[0m[1;34m	threadid 47198196578048 -> core 4 - OK[0m[1;34m
[0m[1;34m	threadid 47198198679296 -> core 5 - OK[0m[1;34m
[0m[1;34m	threadid 47198200780544 -> core 6 - OK[0m[1;34m
[0m[1;34m	threadid 47198202881792 -> core 7 - OK[0m[1;34m
[0m[1;34m	threadid 47198204983040 -> core 8 - OK[0m[1;34m
[0m[1;34m	threadid 47198207084288 -> core 9 - OK[0m[1;34m
[0m[1;34m	threadid 47198209185536 -> core 10 - OK[0m[1;34m
[0m[1;34m	threadid 47198211286784 -> core 11 - OK[0m[1;34m
[0m[1;34m	threadid 47198213388032 -> core 12 - OK[0m[1;34m
[0m[1;34m	threadid 47198215489280 -> core 13 - OK[0m[1;34m
[0m[1;34m	threadid 47198217590528 -> core 14 - OK[0m[1;34m
[0m[1;34m	threadid 47198219691776 -> core 15 - OK[0m[1;34m
[0m[1;34m	threadid 47198221793024 -> core 16 - OK[0m[1;34m
[0m[1;34m	threadid 47198223894272 -> core 17 - OK[0m[1;34m
[0m[1;34m	threadid 47198225995520 -> core 18 - OK[0m[1;34m
[0m[1;34m	threadid 47198228096768 -> core 19 - OK[0m[1;34m
[0miterations: 120
Total iterations: 1078560480 LUP
FLOP: 11
Total work: 11864165280 FLOP
performance: 4.307903 GLUP/s
Performance in GFLOP/s: 47.386930
size: 9000000
time: 0.250368
[1;34m[pthread wrapper] 
[0m[1;34m[pthread wrapper] MAIN -> 0
[0m[1;34m[pthread wrapper] PIN_MASK: [0m[1;34m0->1  [0m[1;34m1->2  [0m[1;34m2->3  [0m[1;34m3->4  [0m[1;34m4->5  [0m[1;34m5->6  [0m[1;34m6->7  [0m[1;34m7->8  [0m[1;34m8->9  [0m[1;34m9->10  [0m[1;34m10->11  [0m[1;34m11->12  [0m[1;34m12->13  [0m[1;34m13->14  [0m[1;34m14->15  [0m[1;34m15->16  [0m[1;34m16->17  [0m[1;34m17->18  [0m[1;34m18->19  [0m[1;34m
[pthread wrapper] SKIP MASK: 0x0
[0m[1;34m	threadid 47518188459776 -> core 1 - OK[0m[1;34m
[0m[1;34m	threadid 47518190561024 -> core 2 - OK[0m[1;34m
[0m[1;34m	threadid 47518192662272 -> core 3 - OK[0m[1;34m
[0m[1;34m	threadid 47518194763520 -> core 4 - OK[0m[1;34m
[0m[1;34m	threadid 47518196864768 -> core 5 - OK[0m[1;34m
[0m[1;34m	threadid 47518198966016 -> core 6 - OK[0m[1;34m
[0m[1;34m	threadid 47518201067264 -> core 7 - OK[0m[1;34m
[0m[1;34m	threadid 47518203168512 -> core 8 - OK[0m[1;34m
[0m[1;34m	threadid 47518205269760 -> core 9 - OK[0m[1;34m
[0m[1;34m	threadid 47518207371008 -> core 10 - OK[0m[1;34m
[0m[1;34m	threadid 47518209472256 -> core 11 - OK[0m[1;34m
[0m[1;34m	threadid 47518211573504 -> core 12 - OK[0m[1;34m
[0m[1;34m	threadid 47518213674752 -> core 13 - OK[0m[1;34m
[0m[1;34m	threadid 47518215776000 -> core 14 - OK[0m[1;34m
[0m[1;34m	threadid 47518217877248 -> core 15 - OK[0m[1;34m
[0m[1;34m	threadid 47518219978496 -> core 16 - OK[0m[1;34m
[0m[1;34m	threadid 47518222079744 -> core 17 - OK[0m[1;34m
[0m[1;34m	threadid 47518224180992 -> core 18 - OK[0m[1;34m
[0m[1;34m	threadid 47518226282240 -> core 19 - OK[0m[1;34m
[0miterations: 120
Total iterations: 1078560480 LUP
FLOP: 11
Total work: 11864165280 FLOP
performance: 4.372040 GLUP/s
Performance in GFLOP/s: 48.092435
size: 9000000
time: 0.246695
[1;34m[pthread wrapper] 
[0m[1;34m[pthread wrapper] MAIN -> 0
[0m[1;34m[pthread wrapper] PIN_MASK: [0m[1;34m0->1  [0m[1;34m1->2  [0m[1;34m2->3  [0m[1;34m3->4  [0m[1;34m4->5  [0m[1;34m5->6  [0m[1;34m6->7  [0m[1;34m7->8  [0m[1;34m8->9  [0m[1;34m9->10  [0m[1;34m10->11  [0m[1;34m11->12  [0m[1;34m12->13  [0m[1;34m13->14  [0m[1;34m14->15  [0m[1;34m15->16  [0m[1;34m16->17  [0m[1;34m17->18  [0m[1;34m18->19  [0m[1;34m
[pthread wrapper] SKIP MASK: 0x0
[0m[1;34m	threadid 47781815404288 -> core 1 - OK[0m[1;34m
[0m[1;34m	threadid 47781817505536 -> core 2 - OK[0m[1;34m
[0m[1;34m	threadid 47781819606784 -> core 3 - OK[0m[1;34m
[0m[1;34m	threadid 47781821708032 -> core 4 - OK[0m[1;34m
[0m[1;34m	threadid 47781823809280 -> core 5 - OK[0m[1;34m
[0m[1;34m	threadid 47781825910528 -> core 6 - OK[0m[1;34m
[0m[1;34m	threadid 47781828011776 -> core 7 - OK[0m[1;34m
[0m[1;34m	threadid 47781830113024 -> core 8 - OK[0m[1;34m
[0m[1;34m	threadid 47781832214272 -> core 9 - OK[0m[1;34m
[0m[1;34m	threadid 47781834315520 -> core 10 - OK[0m[1;34m
[0m[1;34m	threadid 47781836416768 -> core 11 - OK[0m[1;34m
[0m[1;34m	threadid 47781838518016 -> core 12 - OK[0m[1;34m
[0m[1;34m	threadid 47781840619264 -> core 13 - OK[0m[1;34m
[0m[1;34m	threadid 47781842720512 -> core 14 - OK[0m[1;34m
[0m[1;34m	threadid 47781844821760 -> core 15 - OK[0m[1;34m
[0m[1;34m	threadid 47781846923008 -> core 16 - OK[0m[1;34m
[0m[1;34m	threadid 47781849024256 -> core 17 - OK[0m[1;34m
[0m[1;34m	threadid 47781851125504 -> core 18 - OK[0m[1;34m
[0m[1;34m	threadid 47781853226752 -> core 19 - OK[0m[1;34m
[0miterations: 120
Total iterations: 1078560480 LUP
FLOP: 11
Total work: 11864165280 FLOP
performance: 4.345585 GLUP/s
Performance in GFLOP/s: 47.801436
size: 9000000
time: 0.248197
[1;34m[pthread wrapper] 
[0m[1;34m[pthread wrapper] MAIN -> 0
[0m[1;34m[pthread wrapper] PIN_MASK: [0m[1;34m0->1  [0m[1;34m1->2  [0m[1;34m2->3  [0m[1;34m3->4  [0m[1;34m4->5  [0m[1;34m5->6  [0m[1;34m6->7  [0m[1;34m7->8  [0m[1;34m8->9  [0m[1;34m9->10  [0m[1;34m10->11  [0m[1;34m11->12  [0m[1;34m12->13  [0m[1;34m13->14  [0m[1;34m14->15  [0m[1;34m15->16  [0m[1;34m16->17  [0m[1;34m17->18  [0m[1;34m18->19  [0m[1;34m
[pthread wrapper] SKIP MASK: 0x0
[0m[1;34m	threadid 47142743922432 -> core 1 - OK[0m[1;34m
[0m[1;34m	threadid 47142746023680 -> core 2 - OK[0m[1;34m
[0m[1;34m	threadid 47142748124928 -> core 3 - OK[0m[1;34m
[0m[1;34m	threadid 47142750226176 -> core 4 - OK[0m[1;34m
[0m[1;34m	threadid 47142752327424 -> core 5 - OK[0m[1;34m
[0m[1;34m	threadid 47142754428672 -> core 6 - OK[0m[1;34m
[0m[1;34m	threadid 47142756529920 -> core 7 - OK[0m[1;34m
[0m[1;34m	threadid 47142758631168 -> core 8 - OK[0m[1;34m
[0m[1;34m	threadid 47142760732416 -> core 9 - OK[0m[1;34m
[0m[1;34m	threadid 47142762833664 -> core 10 - OK[0m[1;34m
[0m[1;34m	threadid 47142764934912 -> core 11 - OK[0m[1;34m
[0m[1;34m	threadid 47142767036160 -> core 12 - OK[0m[1;34m
[0m[1;34m	threadid 47142769137408 -> core 13 - OK[0m[1;34m
[0m[1;34m	threadid 47142771238656 -> core 14 - OK[0m[1;34m
[0m[1;34m	threadid 47142773339904 -> core 15 - OK[0m[1;34m
[0m[1;34m	threadid 47142775441152 -> core 16 - OK[0m[1;34m
[0m[1;34m	threadid 47142777542400 -> core 17 - OK[0m[1;34m
[0m[1;34m	threadid 47142779643648 -> core 18 - OK[0m[1;34m
[0m[1;34m	threadid 47142781744896 -> core 19 - OK[0m[1;34m
[0miterations: 120
Total iterations: 1078560480 LUP
FLOP: 11
Total work: 11864165280 FLOP
performance: 4.351634 GLUP/s
Performance in GFLOP/s: 47.867972
size: 9000000
time: 0.247852
[1;34m[pthread wrapper] 
[0m[1;34m[pthread wrapper] MAIN -> 0
[0m[1;34m[pthread wrapper] PIN_MASK: [0m[1;34m0->1  [0m[1;34m1->2  [0m[1;34m2->3  [0m[1;34m3->4  [0m[1;34m4->5  [0m[1;34m5->6  [0m[1;34m6->7  [0m[1;34m7->8  [0m[1;34m8->9  [0m[1;34m9->10  [0m[1;34m10->11  [0m[1;34m11->12  [0m[1;34m12->13  [0m[1;34m13->14  [0m[1;34m14->15  [0m[1;34m15->16  [0m[1;34m16->17  [0m[1;34m17->18  [0m[1;34m18->19  [0m[1;34m
[pthread wrapper] SKIP MASK: 0x0
[0m[1;34m	threadid 47444708325120 -> core 1 - OK[0m[1;34m
[0m[1;34m	threadid 47444710426368 -> core 2 - OK[0m[1;34m
[0m[1;34m	threadid 47444712527616 -> core 3 - OK[0m[1;34m
[0m[1;34m	threadid 47444714628864 -> core 4 - OK[0m[1;34m
[0m[1;34m	threadid 47444716730112 -> core 5 - OK[0m[1;34m
[0m[1;34m	threadid 47444718831360 -> core 6 - OK[0m[1;34m
[0m[1;34m	threadid 47444720932608 -> core 7 - OK[0m[1;34m
[0m[1;34m	threadid 47444723033856 -> core 8 - OK[0m[1;34m
[0m[1;34m	threadid 47444725135104 -> core 9 - OK[0m[1;34m
[0m[1;34m	threadid 47444727236352 -> core 10 - OK[0m[1;34m
[0m[1;34m	threadid 47444729337600 -> core 11 - OK[0m[1;34m
[0m[1;34m	threadid 47444731438848 -> core 12 - OK[0m[1;34m
[0m[1;34m	threadid 47444733540096 -> core 13 - OK[0m[1;34m
[0m[1;34m	threadid 47444735641344 -> core 14 - OK[0m[1;34m
[0m[1;34m	threadid 47444737742592 -> core 15 - OK[0m[1;34m
[0m[1;34m	threadid 47444739843840 -> core 16 - OK[0m[1;34m
[0m[1;34m	threadid 47444741945088 -> core 17 - OK[0m[1;34m
[0m[1;34m	threadid 47444744046336 -> core 18 - OK[0m[1;34m
[0m[1;34m	threadid 47444746147584 -> core 19 - OK[0m[1;34m
[0miterations: 120
Total iterations: 1078560480 LUP
FLOP: 11
Total work: 11864165280 FLOP
performance: 4.321797 GLUP/s
Performance in GFLOP/s: 47.539765
size: 9000000
time: 0.249563
[1;34m[pthread wrapper] 
[0m[1;34m[pthread wrapper] MAIN -> 0
[0m[1;34m[pthread wrapper] PIN_MASK: [0m[1;34m0->1  [0m[1;34m1->2  [0m[1;34m2->3  [0m[1;34m3->4  [0m[1;34m4->5  [0m[1;34m5->6  [0m[1;34m6->7  [0m[1;34m7->8  [0m[1;34m8->9  [0m[1;34m9->10  [0m[1;34m10->11  [0m[1;34m11->12  [0m[1;34m12->13  [0m[1;34m13->14  [0m[1;34m14->15  [0m[1;34m15->16  [0m[1;34m16->17  [0m[1;34m17->18  [0m[1;34m18->19  [0m[1;34m
[pthread wrapper] SKIP MASK: 0x0
[0m[1;34m	threadid 47068447934208 -> core 1 - OK[0m[1;34m
[0m[1;34m	threadid 47068450035456 -> core 2 - OK[0m[1;34m
[0m[1;34m	threadid 47068452136704 -> core 3 - OK[0m[1;34m
[0m[1;34m	threadid 47068454237952 -> core 4 - OK[0m[1;34m
[0m[1;34m	threadid 47068456339200 -> core 5 - OK[0m[1;34m
[0m[1;34m	threadid 47068458440448 -> core 6 - OK[0m[1;34m
[0m[1;34m	threadid 47068460541696 -> core 7 - OK[0m[1;34m
[0m[1;34m	threadid 47068462642944 -> core 8 - OK[0m[1;34m
[0m[1;34m	threadid 47068464744192 -> core 9 - OK[0m[1;34m
[0m[1;34m	threadid 47068466845440 -> core 10 - OK[0m[1;34m
[0m[1;34m	threadid 47068468946688 -> core 11 - OK[0m[1;34m
[0m[1;34m	threadid 47068471047936 -> core 12 - OK[0m[1;34m
[0m[1;34m	threadid 47068473149184 -> core 13 - OK[0m[1;34m
[0m[1;34m	threadid 47068475250432 -> core 14 - OK[0m[1;34m
[0m[1;34m	threadid 47068477351680 -> core 15 - OK[0m[1;34m
[0m[1;34m	threadid 47068479452928 -> core 16 - OK[0m[1;34m
[0m[1;34m	threadid 47068481554176 -> core 17 - OK[0m[1;34m
[0m[1;34m	threadid 47068483655424 -> core 18 - OK[0m[1;34m
[0m[1;34m	threadid 47068485756672 -> core 19 - OK[0m[1;34m
[0miterations: 120
Total iterations: 1078560480 LUP
FLOP: 11
Total work: 11864165280 FLOP
performance: 4.338259 GLUP/s
Performance in GFLOP/s: 47.720848
size: 9000000
time: 0.248616
[1;34m[pthread wrapper] 
[0m[1;34m[pthread wrapper] MAIN -> 0
[0m[1;34m[pthread wrapper] PIN_MASK: [0m[1;34m0->1  [0m[1;34m1->2  [0m[1;34m2->3  [0m[1;34m3->4  [0m[1;34m4->5  [0m[1;34m5->6  [0m[1;34m6->7  [0m[1;34m7->8  [0m[1;34m8->9  [0m[1;34m9->10  [0m[1;34m10->11  [0m[1;34m11->12  [0m[1;34m12->13  [0m[1;34m13->14  [0m[1;34m14->15  [0m[1;34m15->16  [0m[1;34m16->17  [0m[1;34m17->18  [0m[1;34m18->19  [0m[1;34m
[pthread wrapper] SKIP MASK: 0x0
[0m[1;34m	threadid 47140675815168 -> core 1 - OK[0m[1;34m
[0m[1;34m	threadid 47140677916416 -> core 2 - OK[0m[1;34m
[0m[1;34m	threadid 47140680017664 -> core 3 - OK[0m[1;34m
[0m[1;34m	threadid 47140682118912 -> core 4 - OK[0m[1;34m
[0m[1;34m	threadid 47140684220160 -> core 5 - OK[0m[1;34m
[0m[1;34m	threadid 47140686321408 -> core 6 - OK[0m[1;34m
[0m[1;34m	threadid 47140688422656 -> core 7 - OK[0m[1;34m
[0m[1;34m	threadid 47140690523904 -> core 8 - OK[0m[1;34m
[0m[1;34m	threadid 47140692625152 -> core 9 - OK[0m[1;34m
[0m[1;34m	threadid 47140694726400 -> core 10 - OK[0m[1;34m
[0m[1;34m	threadid 47140696827648 -> core 11 - OK[0m[1;34m
[0m[1;34m	threadid 47140698928896 -> core 12 - OK[0m[1;34m
[0m[1;34m	threadid 47140701030144 -> core 13 - OK[0m[1;34m
[0m[1;34m	threadid 47140703131392 -> core 14 - OK[0m[1;34m
[0m[1;34m	threadid 47140705232640 -> core 15 - OK[0m[1;34m
[0m[1;34m	threadid 47140707333888 -> core 16 - OK[0m[1;34m
[0m[1;34m	threadid 47140709435136 -> core 17 - OK[0m[1;34m
[0m[1;34m	threadid 47140711536384 -> core 18 - OK[0m[1;34m
[0m[1;34m	threadid 47140713637632 -> core 19 - OK[0m[1;34m
[0miterations: 120
Total iterations: 1078560480 LUP
FLOP: 11
Total work: 11864165280 FLOP
performance: 4.340282 GLUP/s
Performance in GFLOP/s: 47.743099
size: 9000000
time: 0.248500
[1;34m[pthread wrapper] 
[0m[1;34m[pthread wrapper] MAIN -> 0
[0m[1;34m[pthread wrapper] PIN_MASK: [0m[1;34m0->1  [0m[1;34m1->2  [0m[1;34m2->3  [0m[1;34m3->4  [0m[1;34m4->5  [0m[1;34m5->6  [0m[1;34m6->7  [0m[1;34m7->8  [0m[1;34m8->9  [0m[1;34m9->10  [0m[1;34m10->11  [0m[1;34m11->12  [0m[1;34m12->13  [0m[1;34m13->14  [0m[1;34m14->15  [0m[1;34m15->16  [0m[1;34m16->17  [0m[1;34m17->18  [0m[1;34m18->19  [0m[1;34m
[pthread wrapper] SKIP MASK: 0x0
[0m[1;34m	threadid 47402216400640 -> core 1 - OK[0m[1;34m
[0m[1;34m	threadid 47402218501888 -> core 2 - OK[0m[1;34m
[0m[1;34m	threadid 47402220603136 -> core 3 - OK[0m[1;34m
[0m[1;34m	threadid 47402222704384 -> core 4 - OK[0m[1;34m
[0m[1;34m	threadid 47402224805632 -> core 5 - OK[0m[1;34m
[0m[1;34m	threadid 47402226906880 -> core 6 - OK[0m[1;34m
[0m[1;34m	threadid 47402229008128 -> core 7 - OK[0m[1;34m
[0m[1;34m	threadid 47402231109376 -> core 8 - OK[0m[1;34m
[0m[1;34m	threadid 47402233210624 -> core 9 - OK[0m[1;34m
[0m[1;34m	threadid 47402235311872 -> core 10 - OK[0m[1;34m
[0m[1;34m	threadid 47402237413120 -> core 11 - OK[0m[1;34m
[0m[1;34m	threadid 47402239514368 -> core 12 - OK[0m[1;34m
[0m[1;34m	threadid 47402241615616 -> core 13 - OK[0m[1;34m
[0m[1;34m	threadid 47402243716864 -> core 14 - OK[0m[1;34m
[0m[1;34m	threadid 47402245818112 -> core 15 - OK[0m[1;34m
[0m[1;34m	threadid 47402247919360 -> core 16 - OK[0m[1;34m
[0m[1;34m	threadid 47402250020608 -> core 17 - OK[0m[1;34m
[0m[1;34m	threadid 47402252121856 -> core 18 - OK[0m[1;34m
[0m[1;34m	threadid 47402254223104 -> core 19 - OK[0m[1;34m
[0miterations: 120
Total iterations: 1078560480 LUP
FLOP: 11
Total work: 11864165280 FLOP
performance: 4.296112 GLUP/s
Performance in GFLOP/s: 47.257235
size: 9000000
time: 0.251055
[1;34m[pthread wrapper] 
[0m[1;34m[pthread wrapper] MAIN -> 0
[0m[1;34m[pthread wrapper] PIN_MASK: [0m[1;34m0->1  [0m[1;34m1->2  [0m[1;34m2->3  [0m[1;34m3->4  [0m[1;34m4->5  [0m[1;34m5->6  [0m[1;34m6->7  [0m[1;34m7->8  [0m[1;34m8->9  [0m[1;34m9->10  [0m[1;34m10->11  [0m[1;34m11->12  [0m[1;34m12->13  [0m[1;34m13->14  [0m[1;34m14->15  [0m[1;34m15->16  [0m[1;34m16->17  [0m[1;34m17->18  [0m[1;34m18->19  [0m[1;34m
[pthread wrapper] SKIP MASK: 0x0
[0m[1;34m	threadid 47957741115136 -> core 1 - OK[0m[1;34m
[0m[1;34m	threadid 47957743216384 -> core 2 - OK[0m[1;34m
[0m[1;34m	threadid 47957745317632 -> core 3 - OK[0m[1;34m
[0m[1;34m	threadid 47957747418880 -> core 4 - OK[0m[1;34m
[0m[1;34m	threadid 47957749520128 -> core 5 - OK[0m[1;34m
[0m[1;34m	threadid 47957751621376 -> core 6 - OK[0m[1;34m
[0m[1;34m	threadid 47957753722624 -> core 7 - OK[0m[1;34m
[0m[1;34m	threadid 47957755823872 -> core 8 - OK[0m[1;34m
[0m[1;34m	threadid 47957757925120 -> core 9 - OK[0m[1;34m
[0m[1;34m	threadid 47957760026368 -> core 10 - OK[0m[1;34m
[0m[1;34m	threadid 47957762127616 -> core 11 - OK[0m[1;34m
[0m[1;34m	threadid 47957764228864 -> core 12 - OK[0m[1;34m
[0m[1;34m	threadid 47957766330112 -> core 13 - OK[0m[1;34m
[0m[1;34m	threadid 47957768431360 -> core 14 - OK[0m[1;34m
[0m[1;34m	threadid 47957770532608 -> core 15 - OK[0m[1;34m
[0m[1;34m	threadid 47957772633856 -> core 16 - OK[0m[1;34m
[0m[1;34m	threadid 47957774735104 -> core 17 - OK[0m[1;34m
[0m[1;34m	threadid 47957776836352 -> core 18 - OK[0m[1;34m
[0m[1;34m	threadid 47957778937600 -> core 19 - OK[0m[1;34m
[0miterations: 120
Total iterations: 1078560480 LUP
FLOP: 11
Total work: 11864165280 FLOP
performance: 4.329324 GLUP/s
Performance in GFLOP/s: 47.622567
size: 9000000
time: 0.249129
[1;34m[pthread wrapper] 
[0m[1;34m[pthread wrapper] MAIN -> 0
[0m[1;34m[pthread wrapper] PIN_MASK: [0m[1;34m0->1  [0m[1;34m1->2  [0m[1;34m2->3  [0m[1;34m3->4  [0m[1;34m4->5  [0m[1;34m5->6  [0m[1;34m6->7  [0m[1;34m7->8  [0m[1;34m8->9  [0m[1;34m9->10  [0m[1;34m10->11  [0m[1;34m11->12  [0m[1;34m12->13  [0m[1;34m13->14  [0m[1;34m14->15  [0m[1;34m15->16  [0m[1;34m16->17  [0m[1;34m17->18  [0m[1;34m18->19  [0m[1;34m
[pthread wrapper] SKIP MASK: 0x0
[0m[1;34m	threadid 47875409647360 -> core 1 - OK[0m[1;34m
[0m[1;34m	threadid 47875411748608 -> core 2 - OK[0m[1;34m
[0m[1;34m	threadid 47875413849856 -> core 3 - OK[0m[1;34m
[0m[1;34m	threadid 47875415951104 -> core 4 - OK[0m[1;34m
[0m[1;34m	threadid 47875418052352 -> core 5 - OK[0m[1;34m
[0m[1;34m	threadid 47875420153600 -> core 6 - OK[0m[1;34m
[0m[1;34m	threadid 47875422254848 -> core 7 - OK[0m[1;34m
[0m[1;34m	threadid 47875424356096 -> core 8 - OK[0m[1;34m
[0m[1;34m	threadid 47875426457344 -> core 9 - OK[0m[1;34m
[0m[1;34m	threadid 47875428558592 -> core 10 - OK[0m[1;34m
[0m[1;34m	threadid 47875430659840 -> core 11 - OK[0m[1;34m
[0m[1;34m	threadid 47875432761088 -> core 12 - OK[0m[1;34m
[0m[1;34m	threadid 47875434862336 -> core 13 - OK[0m[1;34m
[0m[1;34m	threadid 47875436963584 -> core 14 - OK[0m[1;34m
[0m[1;34m	threadid 47875439064832 -> core 15 - OK[0m[1;34m
[0m[1;34m	threadid 47875441166080 -> core 16 - OK[0m[1;34m
[0m[1;34m	threadid 47875443267328 -> core 17 - OK[0m[1;34m
[0m[1;34m	threadid 47875445368576 -> core 18 - OK[0m[1;34m
[0m[1;34m	threadid 47875447469824 -> core 19 - OK[0m[1;34m
[0miterations: 120
Total iterations: 1078560480 LUP
FLOP: 11
Total work: 11864165280 FLOP
performance: 4.372606 GLUP/s
Performance in GFLOP/s: 48.098664
size: 9000000
time: 0.246663
