iterations: 120
Total iterations: 1078560480 LUP
FLOP: 11
Total work: 11864165280 FLOP
performance: 1.938170 GLUP/s
Performance in GFLOP/s: 21.319868
size: 9000000
time: 0.556484
iterations: 120
Total iterations: 1078560480 LUP
FLOP: 11
Total work: 11864165280 FLOP
performance: 1.935505 GLUP/s
Performance in GFLOP/s: 21.290560
size: 9000000
time: 0.557250
iterations: 120
Total iterations: 1078560480 LUP
FLOP: 11
Total work: 11864165280 FLOP
performance: 1.937188 GLUP/s
Performance in GFLOP/s: 21.309068
size: 9000000
time: 0.556766
iterations: 120
Total iterations: 1078560480 LUP
FLOP: 11
Total work: 11864165280 FLOP
performance: 1.935724 GLUP/s
Performance in GFLOP/s: 21.292966
size: 9000000
time: 0.557187
iterations: 120
Total iterations: 1078560480 LUP
FLOP: 11
Total work: 11864165280 FLOP
performance: 1.935905 GLUP/s
Performance in GFLOP/s: 21.294952
size: 9000000
time: 0.557135
iterations: 120
Total iterations: 1078560480 LUP
FLOP: 11
Total work: 11864165280 FLOP
performance: 1.935029 GLUP/s
Performance in GFLOP/s: 21.285324
size: 9000000
time: 0.557387
iterations: 120
Total iterations: 1078560480 LUP
FLOP: 11
Total work: 11864165280 FLOP
performance: 1.936037 GLUP/s
Performance in GFLOP/s: 21.296410
size: 9000000
time: 0.557097
iterations: 120
Total iterations: 1078560480 LUP
FLOP: 11
Total work: 11864165280 FLOP
performance: 1.936093 GLUP/s
Performance in GFLOP/s: 21.297021
size: 9000000
time: 0.557081
iterations: 120
Total iterations: 1078560480 LUP
FLOP: 11
Total work: 11864165280 FLOP
performance: 1.935648 GLUP/s
Performance in GFLOP/s: 21.292127
size: 9000000
time: 0.557209
iterations: 120
Total iterations: 1078560480 LUP
FLOP: 11
Total work: 11864165280 FLOP
performance: 1.935735 GLUP/s
Performance in GFLOP/s: 21.293084
size: 9000000
time: 0.557184
