[1;34m[pthread wrapper] 
[0m[1;34m[pthread wrapper] MAIN -> 0
[0m[1;34m[pthread wrapper] PIN_MASK: [0m[1;34m0->1  [0m[1;34m1->2  [0m[1;34m2->3  [0m[1;34m3->4  [0m[1;34m4->5  [0m[1;34m5->6  [0m[1;34m6->7  [0m[1;34m7->8  [0m[1;34m8->9  [0m[1;34m
[pthread wrapper] SKIP MASK: 0x0
[0m[1;34m	threadid 47636639708928 -> core 1 - OK[0m[1;34m
[0m[1;34m	threadid 47636641810176 -> core 2 - OK[0m[1;34m
[0m[1;34m	threadid 47636643911424 -> core 3 - OK[0m[1;34m
[0m[1;34m	threadid 47636646012672 -> core 4 - OK[0m[1;34m
[0m[1;34m	threadid 47636648113920 -> core 5 - OK[0m[1;34m
[0m[1;34m	threadid 47636650215168 -> core 6 - OK[0m[1;34m
[0m[1;34m	threadid 47636652316416 -> core 7 - OK[0m[1;34m
[0m[1;34m	threadid 47636654417664 -> core 8 - OK[0m[1;34m
[0m[1;34m	threadid 47636656518912 -> core 9 - OK[0m[1;34m
[0miterations: 200
Total iterations: 49600800 LUP
FLOP: 11
Total work: 545608800 FLOP
performance: 2.493508 GLUP/s
Performance in GFLOP/s: 27.428585
size: 250000
time: 0.019892
[1;34m[pthread wrapper] 
[0m[1;34m[pthread wrapper] MAIN -> 0
[0m[1;34m[pthread wrapper] PIN_MASK: [0m[1;34m0->1  [0m[1;34m1->2  [0m[1;34m2->3  [0m[1;34m3->4  [0m[1;34m4->5  [0m[1;34m5->6  [0m[1;34m6->7  [0m[1;34m7->8  [0m[1;34m8->9  [0m[1;34m
[pthread wrapper] SKIP MASK: 0x0
[0m[1;34m	threadid 47270222092032 -> core 1 - OK[0m[1;34m
[0m[1;34m	threadid 47270224193280 -> core 2 - OK[0m[1;34m
[0m[1;34m	threadid 47270226294528 -> core 3 - OK[0m[1;34m
[0m[1;34m	threadid 47270228395776 -> core 4 - OK[0m[1;34m
[0m[1;34m	threadid 47270230497024 -> core 5 - OK[0m[1;34m
[0m[1;34m	threadid 47270232598272 -> core 6 - OK[0m[1;34m
[0m[1;34m	threadid 47270234699520 -> core 7 - OK[0m[1;34m
[0m[1;34m	threadid 47270236800768 -> core 8 - OK[0m[1;34m
[0m[1;34m	threadid 47270238902016 -> core 9 - OK[0m[1;34m
[0miterations: 200
Total iterations: 49600800 LUP
FLOP: 11
Total work: 545608800 FLOP
performance: 2.490731 GLUP/s
Performance in GFLOP/s: 27.398046
size: 250000
time: 0.019914
[1;34m[pthread wrapper] 
[0m[1;34m[pthread wrapper] MAIN -> 0
[0m[1;34m[pthread wrapper] PIN_MASK: [0m[1;34m0->1  [0m[1;34m1->2  [0m[1;34m2->3  [0m[1;34m3->4  [0m[1;34m4->5  [0m[1;34m5->6  [0m[1;34m6->7  [0m[1;34m7->8  [0m[1;34m8->9  [0m[1;34m
[pthread wrapper] SKIP MASK: 0x0
[0m[1;34m	threadid 47341033752320 -> core 1 - OK[0m[1;34m
[0m[1;34m	threadid 47341035853568 -> core 2 - OK[0m[1;34m
[0m[1;34m	threadid 47341037954816 -> core 3 - OK[0m[1;34m
[0m[1;34m	threadid 47341040056064 -> core 4 - OK[0m[1;34m
[0m[1;34m	threadid 47341042157312 -> core 5 - OK[0m[1;34m
[0m[1;34m	threadid 47341044258560 -> core 6 - OK[0m[1;34m
[0m[1;34m	threadid 47341046359808 -> core 7 - OK[0m[1;34m
[0m[1;34m	threadid 47341048461056 -> core 8 - OK[0m[1;34m
[0m[1;34m	threadid 47341050562304 -> core 9 - OK[0m[1;34m
[0miterations: 200
Total iterations: 49600800 LUP
FLOP: 11
Total work: 545608800 FLOP
performance: 2.493388 GLUP/s
Performance in GFLOP/s: 27.427271
size: 250000
time: 0.019893
[1;34m[pthread wrapper] 
[0m[1;34m[pthread wrapper] MAIN -> 0
[0m[1;34m[pthread wrapper] PIN_MASK: [0m[1;34m0->1  [0m[1;34m1->2  [0m[1;34m2->3  [0m[1;34m3->4  [0m[1;34m4->5  [0m[1;34m5->6  [0m[1;34m6->7  [0m[1;34m7->8  [0m[1;34m8->9  [0m[1;34m
[pthread wrapper] SKIP MASK: 0x0
[0m[1;34m	threadid 47091474601728 -> core 1 - OK[0m[1;34m
[0m[1;34m	threadid 47091476702976 -> core 2 - OK[0m[1;34m
[0m[1;34m	threadid 47091478804224 -> core 3 - OK[0m[1;34m
[0m[1;34m	threadid 47091480905472 -> core 4 - OK[0m[1;34m
[0m[1;34m	threadid 47091483006720 -> core 5 - OK[0m[1;34m
[0m[1;34m	threadid 47091485107968 -> core 6 - OK[0m[1;34m
[0m[1;34m	threadid 47091487209216 -> core 7 - OK[0m[1;34m
[0m[1;34m	threadid 47091489310464 -> core 8 - OK[0m[1;34m
[0m[1;34m	threadid 47091491411712 -> core 9 - OK[0m[1;34m
[0miterations: 200
Total iterations: 49600800 LUP
FLOP: 11
Total work: 545608800 FLOP
performance: 2.491477 GLUP/s
Performance in GFLOP/s: 27.406249
size: 250000
time: 0.019908
[1;34m[pthread wrapper] 
[0m[1;34m[pthread wrapper] MAIN -> 0
[0m[1;34m[pthread wrapper] PIN_MASK: [0m[1;34m0->1  [0m[1;34m1->2  [0m[1;34m2->3  [0m[1;34m3->4  [0m[1;34m4->5  [0m[1;34m5->6  [0m[1;34m6->7  [0m[1;34m7->8  [0m[1;34m8->9  [0m[1;34m
[pthread wrapper] SKIP MASK: 0x0
[0m[1;34m	threadid 47608891168512 -> core 1 - OK[0m[1;34m
[0m[1;34m	threadid 47608893269760 -> core 2 - OK[0m[1;34m
[0m[1;34m	threadid 47608895371008 -> core 3 - OK[0m[1;34m
[0m[1;34m	threadid 47608897472256 -> core 4 - OK[0m[1;34m
[0m[1;34m	threadid 47608899573504 -> core 5 - OK[0m[1;34m
[0m[1;34m	threadid 47608901674752 -> core 6 - OK[0m[1;34m
[0m[1;34m	threadid 47608903776000 -> core 7 - OK[0m[1;34m
[0m[1;34m	threadid 47608905877248 -> core 8 - OK[0m[1;34m
[0m[1;34m	threadid 47608907978496 -> core 9 - OK[0m[1;34m
[0miterations: 200
Total iterations: 49600800 LUP
FLOP: 11
Total work: 545608800 FLOP
performance: 2.490761 GLUP/s
Performance in GFLOP/s: 27.398374
size: 250000
time: 0.019914
[1;34m[pthread wrapper] 
[0m[1;34m[pthread wrapper] MAIN -> 0
[0m[1;34m[pthread wrapper] PIN_MASK: [0m[1;34m0->1  [0m[1;34m1->2  [0m[1;34m2->3  [0m[1;34m3->4  [0m[1;34m4->5  [0m[1;34m5->6  [0m[1;34m6->7  [0m[1;34m7->8  [0m[1;34m8->9  [0m[1;34m
[pthread wrapper] SKIP MASK: 0x0
[0m[1;34m	threadid 47155463157504 -> core 1 - OK[0m[1;34m
[0m[1;34m	threadid 47155465258752 -> core 2 - OK[0m[1;34m
[0m[1;34m	threadid 47155467360000 -> core 3 - OK[0m[1;34m
[0m[1;34m	threadid 47155469461248 -> core 4 - OK[0m[1;34m
[0m[1;34m	threadid 47155471562496 -> core 5 - OK[0m[1;34m
[0m[1;34m	threadid 47155473663744 -> core 6 - OK[0m[1;34m
[0m[1;34m	threadid 47155475764992 -> core 7 - OK[0m[1;34m
[0m[1;34m	threadid 47155477866240 -> core 8 - OK[0m[1;34m
[0m[1;34m	threadid 47155479967488 -> core 9 - OK[0m[1;34m
[0miterations: 200
Total iterations: 49600800 LUP
FLOP: 11
Total work: 545608800 FLOP
performance: 2.494405 GLUP/s
Performance in GFLOP/s: 27.438452
size: 250000
time: 0.019885
[1;34m[pthread wrapper] 
[0m[1;34m[pthread wrapper] MAIN -> 0
[0m[1;34m[pthread wrapper] PIN_MASK: [0m[1;34m0->1  [0m[1;34m1->2  [0m[1;34m2->3  [0m[1;34m3->4  [0m[1;34m4->5  [0m[1;34m5->6  [0m[1;34m6->7  [0m[1;34m7->8  [0m[1;34m8->9  [0m[1;34m
[pthread wrapper] SKIP MASK: 0x0
[0m[1;34m	threadid 47203355014912 -> core 1 - OK[0m[1;34m
[0m[1;34m	threadid 47203357116160 -> core 2 - OK[0m[1;34m
[0m[1;34m	threadid 47203359217408 -> core 3 - OK[0m[1;34m
[0m[1;34m	threadid 47203361318656 -> core 4 - OK[0m[1;34m
[0m[1;34m	threadid 47203363419904 -> core 5 - OK[0m[1;34m
[0m[1;34m	threadid 47203365521152 -> core 6 - OK[0m[1;34m
[0m[1;34m	threadid 47203367622400 -> core 7 - OK[0m[1;34m
[0m[1;34m	threadid 47203369723648 -> core 8 - OK[0m[1;34m
[0m[1;34m	threadid 47203371824896 -> core 9 - OK[0m[1;34m
[0miterations: 200
Total iterations: 49600800 LUP
FLOP: 11
Total work: 545608800 FLOP
performance: 2.491119 GLUP/s
Performance in GFLOP/s: 27.402311
size: 250000
time: 0.019911
[1;34m[pthread wrapper] 
[0m[1;34m[pthread wrapper] MAIN -> 0
[0m[1;34m[pthread wrapper] PIN_MASK: [0m[1;34m0->1  [0m[1;34m1->2  [0m[1;34m2->3  [0m[1;34m3->4  [0m[1;34m4->5  [0m[1;34m5->6  [0m[1;34m6->7  [0m[1;34m7->8  [0m[1;34m8->9  [0m[1;34m
[pthread wrapper] SKIP MASK: 0x0
[0m[1;34m	threadid 47031870736128 -> core 1 - OK[0m[1;34m
[0m[1;34m	threadid 47031872837376 -> core 2 - OK[0m[1;34m
[0m[1;34m	threadid 47031874938624 -> core 3 - OK[0m[1;34m
[0m[1;34m	threadid 47031877039872 -> core 4 - OK[0m[1;34m
[0m[1;34m	threadid 47031879141120 -> core 5 - OK[0m[1;34m
[0m[1;34m	threadid 47031881242368 -> core 6 - OK[0m[1;34m
[0m[1;34m	threadid 47031883343616 -> core 7 - OK[0m[1;34m
[0m[1;34m	threadid 47031885444864 -> core 8 - OK[0m[1;34m
[0m[1;34m	threadid 47031887546112 -> core 9 - OK[0m[1;34m
[0miterations: 200
Total iterations: 49600800 LUP
FLOP: 11
Total work: 545608800 FLOP
performance: 2.489003 GLUP/s
Performance in GFLOP/s: 27.379034
size: 250000
time: 0.019928
[1;34m[pthread wrapper] 
[0m[1;34m[pthread wrapper] MAIN -> 0
[0m[1;34m[pthread wrapper] PIN_MASK: [0m[1;34m0->1  [0m[1;34m1->2  [0m[1;34m2->3  [0m[1;34m3->4  [0m[1;34m4->5  [0m[1;34m5->6  [0m[1;34m6->7  [0m[1;34m7->8  [0m[1;34m8->9  [0m[1;34m
[pthread wrapper] SKIP MASK: 0x0
[0m[1;34m	threadid 47235735525120 -> core 1 - OK[0m[1;34m
[0m[1;34m	threadid 47235737626368 -> core 2 - OK[0m[1;34m
[0m[1;34m	threadid 47235739727616 -> core 3 - OK[0m[1;34m
[0m[1;34m	threadid 47235741828864 -> core 4 - OK[0m[1;34m
[0m[1;34m	threadid 47235743930112 -> core 5 - OK[0m[1;34m
[0m[1;34m	threadid 47235746031360 -> core 6 - OK[0m[1;34m
[0m[1;34m	threadid 47235748132608 -> core 7 - OK[0m[1;34m
[0m[1;34m	threadid 47235750233856 -> core 8 - OK[0m[1;34m
[0m[1;34m	threadid 47235752335104 -> core 9 - OK[0m[1;34m
[0miterations: 200
Total iterations: 49600800 LUP
FLOP: 11
Total work: 545608800 FLOP
performance: 2.492134 GLUP/s
Performance in GFLOP/s: 27.413471
size: 250000
time: 0.019903
[1;34m[pthread wrapper] 
[0m[1;34m[pthread wrapper] MAIN -> 0
[0m[1;34m[pthread wrapper] PIN_MASK: [0m[1;34m0->1  [0m[1;34m1->2  [0m[1;34m2->3  [0m[1;34m3->4  [0m[1;34m4->5  [0m[1;34m5->6  [0m[1;34m6->7  [0m[1;34m7->8  [0m[1;34m8->9  [0m[1;34m
[pthread wrapper] SKIP MASK: 0x0
[0m[1;34m	threadid 47127885240064 -> core 1 - OK[0m[1;34m
[0m[1;34m	threadid 47127887341312 -> core 2 - OK[0m[1;34m
[0m[1;34m	threadid 47127889442560 -> core 3 - OK[0m[1;34m
[0m[1;34m	threadid 47127891543808 -> core 4 - OK[0m[1;34m
[0m[1;34m	threadid 47127893645056 -> core 5 - OK[0m[1;34m
[0m[1;34m	threadid 47127895746304 -> core 6 - OK[0m[1;34m
[0m[1;34m	threadid 47127897847552 -> core 7 - OK[0m[1;34m
[0m[1;34m	threadid 47127899948800 -> core 8 - OK[0m[1;34m
[0m[1;34m	threadid 47127902050048 -> core 9 - OK[0m[1;34m
[0miterations: 200
Total iterations: 49600800 LUP
FLOP: 11
Total work: 545608800 FLOP
performance: 2.495153 GLUP/s
Performance in GFLOP/s: 27.446679
size: 250000
time: 0.019879
