iterations: 120
Total iterations: 1078560480 LUP
FLOP: 11
Total work: 11864165280 FLOP
performance: 0.498255 GLUP/s
Performance in GFLOP/s: 5.480809
size: 9000000
time: 2.164674
iterations: 120
Total iterations: 1078560480 LUP
FLOP: 11
Total work: 11864165280 FLOP
performance: 0.498793 GLUP/s
Performance in GFLOP/s: 5.486725
size: 9000000
time: 2.162340
iterations: 120
Total iterations: 1078560480 LUP
FLOP: 11
Total work: 11864165280 FLOP
performance: 0.497091 GLUP/s
Performance in GFLOP/s: 5.467997
size: 9000000
time: 2.169746
iterations: 120
Total iterations: 1078560480 LUP
FLOP: 11
Total work: 11864165280 FLOP
performance: 0.497713 GLUP/s
Performance in GFLOP/s: 5.474843
size: 9000000
time: 2.167033
iterations: 120
Total iterations: 1078560480 LUP
FLOP: 11
Total work: 11864165280 FLOP
performance: 0.497043 GLUP/s
Performance in GFLOP/s: 5.467475
size: 9000000
time: 2.169953
iterations: 120
Total iterations: 1078560480 LUP
FLOP: 11
Total work: 11864165280 FLOP
performance: 0.498227 GLUP/s
Performance in GFLOP/s: 5.480498
size: 9000000
time: 2.164797
iterations: 120
Total iterations: 1078560480 LUP
FLOP: 11
Total work: 11864165280 FLOP
performance: 0.494627 GLUP/s
Performance in GFLOP/s: 5.440902
size: 9000000
time: 2.180551
iterations: 120
Total iterations: 1078560480 LUP
FLOP: 11
Total work: 11864165280 FLOP
performance: 0.497012 GLUP/s
Performance in GFLOP/s: 5.467128
size: 9000000
time: 2.170091
iterations: 120
Total iterations: 1078560480 LUP
FLOP: 11
Total work: 11864165280 FLOP
performance: 0.497562 GLUP/s
Performance in GFLOP/s: 5.473183
size: 9000000
time: 2.167690
iterations: 120
Total iterations: 1078560480 LUP
FLOP: 11
Total work: 11864165280 FLOP
performance: 0.508806 GLUP/s
Performance in GFLOP/s: 5.596867
size: 9000000
time: 2.119787
