[1;34m[pthread wrapper] 
[0m[1;34m[pthread wrapper] MAIN -> 0
[0m[1;34m[pthread wrapper] PIN_MASK: [0m[1;34m0->1  [0m[1;34m1->2  [0m[1;34m2->3  [0m[1;34m3->10  [0m[1;34m4->11  [0m[1;34m5->12  [0m[1;34m6->13  [0m[1;34m
[pthread wrapper] SKIP MASK: 0x0
[0m[1;34m	threadid 47099703867136 -> core 1 - OK[0m[1;34m
[0m[1;34m	threadid 47099705968384 -> core 2 - OK[0m[1;34m
[0m[1;34m	threadid 47099708069632 -> core 3 - OK[0m[1;34m
[0m[1;34m	threadid 47099710170880 -> core 10 - OK[0m[1;34m
[0m[1;34m	threadid 47099712272128 -> core 11 - OK[0m[1;34m
[0m[1;34m	threadid 47099714373376 -> core 12 - OK[0m[1;34m
[0m[1;34m	threadid 47099716474624 -> core 13 - OK[0m[1;34m
[0miterations: 200
Total iterations: 49600800 LUP
FLOP: 11
Total work: 545608800 FLOP
performance: 2.469181 GLUP/s
Performance in GFLOP/s: 27.160990
size: 250000
time: 0.020088
[1;34m[pthread wrapper] 
[0m[1;34m[pthread wrapper] MAIN -> 0
[0m[1;34m[pthread wrapper] PIN_MASK: [0m[1;34m0->1  [0m[1;34m1->2  [0m[1;34m2->3  [0m[1;34m3->10  [0m[1;34m4->11  [0m[1;34m5->12  [0m[1;34m6->13  [0m[1;34m
[pthread wrapper] SKIP MASK: 0x0
[0m[1;34m	threadid 47191895385856 -> core 1 - OK[0m[1;34m
[0m[1;34m	threadid 47191897487104 -> core 2 - OK[0m[1;34m
[0m[1;34m	threadid 47191899588352 -> core 3 - OK[0m[1;34m
[0m[1;34m	threadid 47191901689600 -> core 10 - OK[0m[1;34m
[0m[1;34m	threadid 47191903790848 -> core 11 - OK[0m[1;34m
[0m[1;34m	threadid 47191905892096 -> core 12 - OK[0m[1;34m
[0m[1;34m	threadid 47191907993344 -> core 13 - OK[0m[1;34m
[0miterations: 200
Total iterations: 49600800 LUP
FLOP: 11
Total work: 545608800 FLOP
performance: 2.473614 GLUP/s
Performance in GFLOP/s: 27.209754
size: 250000
time: 0.020052
[1;34m[pthread wrapper] 
[0m[1;34m[pthread wrapper] MAIN -> 0
[0m[1;34m[pthread wrapper] PIN_MASK: [0m[1;34m0->1  [0m[1;34m1->2  [0m[1;34m2->3  [0m[1;34m3->10  [0m[1;34m4->11  [0m[1;34m5->12  [0m[1;34m6->13  [0m[1;34m
[pthread wrapper] SKIP MASK: 0x0
[0m[1;34m	threadid 47999457224448 -> core 1 - OK[0m[1;34m
[0m[1;34m	threadid 47999459325696 -> core 2 - OK[0m[1;34m
[0m[1;34m	threadid 47999461426944 -> core 3 - OK[0m[1;34m
[0m[1;34m	threadid 47999463528192 -> core 10 - OK[0m[1;34m
[0m[1;34m	threadid 47999465629440 -> core 11 - OK[0m[1;34m
[0m[1;34m	threadid 47999467730688 -> core 12 - OK[0m[1;34m
[0m[1;34m	threadid 47999469831936 -> core 13 - OK[0m[1;34m
[0miterations: 200
Total iterations: 49600800 LUP
FLOP: 11
Total work: 545608800 FLOP
performance: 2.471528 GLUP/s
Performance in GFLOP/s: 27.186803
size: 250000
time: 0.020069
[1;34m[pthread wrapper] 
[0m[1;34m[pthread wrapper] MAIN -> 0
[0m[1;34m[pthread wrapper] PIN_MASK: [0m[1;34m0->1  [0m[1;34m1->2  [0m[1;34m2->3  [0m[1;34m3->10  [0m[1;34m4->11  [0m[1;34m5->12  [0m[1;34m6->13  [0m[1;34m
[pthread wrapper] SKIP MASK: 0x0
[0m[1;34m	threadid 47874018887424 -> core 1 - OK[0m[1;34m
[0m[1;34m	threadid 47874020988672 -> core 2 - OK[0m[1;34m
[0m[1;34m	threadid 47874023089920 -> core 3 - OK[0m[1;34m
[0m[1;34m	threadid 47874025191168 -> core 10 - OK[0m[1;34m
[0m[1;34m	threadid 47874027292416 -> core 11 - OK[0m[1;34m
[0m[1;34m	threadid 47874029393664 -> core 12 - OK[0m[1;34m
[0m[1;34m	threadid 47874031494912 -> core 13 - OK[0m[1;34m
[0miterations: 200
Total iterations: 49600800 LUP
FLOP: 11
Total work: 545608800 FLOP
performance: 2.460129 GLUP/s
Performance in GFLOP/s: 27.061422
size: 250000
time: 0.020162
[1;34m[pthread wrapper] 
[0m[1;34m[pthread wrapper] MAIN -> 0
[0m[1;34m[pthread wrapper] PIN_MASK: [0m[1;34m0->1  [0m[1;34m1->2  [0m[1;34m2->3  [0m[1;34m3->10  [0m[1;34m4->11  [0m[1;34m5->12  [0m[1;34m6->13  [0m[1;34m
[pthread wrapper] SKIP MASK: 0x0
[0m[1;34m	threadid 47866554312448 -> core 1 - OK[0m[1;34m
[0m[1;34m	threadid 47866556413696 -> core 2 - OK[0m[1;34m
[0m[1;34m	threadid 47866558514944 -> core 3 - OK[0m[1;34m
[0m[1;34m	threadid 47866560616192 -> core 10 - OK[0m[1;34m
[0m[1;34m	threadid 47866562717440 -> core 11 - OK[0m[1;34m
[0m[1;34m	threadid 47866564818688 -> core 12 - OK[0m[1;34m
[0m[1;34m	threadid 47866566919936 -> core 13 - OK[0m[1;34m
[0miterations: 200
Total iterations: 49600800 LUP
FLOP: 11
Total work: 545608800 FLOP
performance: 2.466605 GLUP/s
Performance in GFLOP/s: 27.132651
size: 250000
time: 0.020109
[1;34m[pthread wrapper] 
[0m[1;34m[pthread wrapper] MAIN -> 0
[0m[1;34m[pthread wrapper] PIN_MASK: [0m[1;34m0->1  [0m[1;34m1->2  [0m[1;34m2->3  [0m[1;34m3->10  [0m[1;34m4->11  [0m[1;34m5->12  [0m[1;34m6->13  [0m[1;34m
[pthread wrapper] SKIP MASK: 0x0
[0m[1;34m	threadid 47060626278144 -> core 1 - OK[0m[1;34m
[0m[1;34m	threadid 47060628379392 -> core 2 - OK[0m[1;34m
[0m[1;34m	threadid 47060630480640 -> core 3 - OK[0m[1;34m
[0m[1;34m	threadid 47060632581888 -> core 10 - OK[0m[1;34m
[0m[1;34m	threadid 47060634683136 -> core 11 - OK[0m[1;34m
[0m[1;34m	threadid 47060636784384 -> core 12 - OK[0m[1;34m
[0m[1;34m	threadid 47060638885632 -> core 13 - OK[0m[1;34m
[0miterations: 200
Total iterations: 49600800 LUP
FLOP: 11
Total work: 545608800 FLOP
performance: 2.458414 GLUP/s
Performance in GFLOP/s: 27.042555
size: 250000
time: 0.020176
[1;34m[pthread wrapper] 
[0m[1;34m[pthread wrapper] MAIN -> 0
[0m[1;34m[pthread wrapper] PIN_MASK: [0m[1;34m0->1  [0m[1;34m1->2  [0m[1;34m2->3  [0m[1;34m3->10  [0m[1;34m4->11  [0m[1;34m5->12  [0m[1;34m6->13  [0m[1;34m
[pthread wrapper] SKIP MASK: 0x0
[0m[1;34m	threadid 47231416928000 -> core 1 - OK[0m[1;34m
[0m[1;34m	threadid 47231419029248 -> core 2 - OK[0m[1;34m
[0m[1;34m	threadid 47231421130496 -> core 3 - OK[0m[1;34m
[0m[1;34m	threadid 47231423231744 -> core 10 - OK[0m[1;34m
[0m[1;34m	threadid 47231425332992 -> core 11 - OK[0m[1;34m
[0m[1;34m	threadid 47231427434240 -> core 12 - OK[0m[1;34m
[0m[1;34m	threadid 47231429535488 -> core 13 - OK[0m[1;34m
[0miterations: 200
Total iterations: 49600800 LUP
FLOP: 11
Total work: 545608800 FLOP
performance: 2.470647 GLUP/s
Performance in GFLOP/s: 27.177117
size: 250000
time: 0.020076
[1;34m[pthread wrapper] 
[0m[1;34m[pthread wrapper] MAIN -> 0
[0m[1;34m[pthread wrapper] PIN_MASK: [0m[1;34m0->1  [0m[1;34m1->2  [0m[1;34m2->3  [0m[1;34m3->10  [0m[1;34m4->11  [0m[1;34m5->12  [0m[1;34m6->13  [0m[1;34m
[pthread wrapper] SKIP MASK: 0x0
[0m[1;34m	threadid 47559914346240 -> core 1 - OK[0m[1;34m
[0m[1;34m	threadid 47559916447488 -> core 2 - OK[0m[1;34m
[0m[1;34m	threadid 47559918548736 -> core 3 - OK[0m[1;34m
[0m[1;34m	threadid 47559920649984 -> core 10 - OK[0m[1;34m
[0m[1;34m	threadid 47559922751232 -> core 11 - OK[0m[1;34m
[0m[1;34m	threadid 47559924852480 -> core 12 - OK[0m[1;34m
[0m[1;34m	threadid 47559926953728 -> core 13 - OK[0m[1;34m
[0miterations: 200
Total iterations: 49600800 LUP
FLOP: 11
Total work: 545608800 FLOP
performance: 2.473467 GLUP/s
Performance in GFLOP/s: 27.208137
size: 250000
time: 0.020053
[1;34m[pthread wrapper] 
[0m[1;34m[pthread wrapper] MAIN -> 0
[0m[1;34m[pthread wrapper] PIN_MASK: [0m[1;34m0->1  [0m[1;34m1->2  [0m[1;34m2->3  [0m[1;34m3->10  [0m[1;34m4->11  [0m[1;34m5->12  [0m[1;34m6->13  [0m[1;34m
[pthread wrapper] SKIP MASK: 0x0
[0m[1;34m	threadid 47874989934336 -> core 1 - OK[0m[1;34m
[0m[1;34m	threadid 47874992035584 -> core 2 - OK[0m[1;34m
[0m[1;34m	threadid 47874994136832 -> core 3 - OK[0m[1;34m
[0m[1;34m	threadid 47874996238080 -> core 10 - OK[0m[1;34m
[0m[1;34m	threadid 47874998339328 -> core 11 - OK[0m[1;34m
[0m[1;34m	threadid 47875000440576 -> core 12 - OK[0m[1;34m
[0m[1;34m	threadid 47875002541824 -> core 13 - OK[0m[1;34m
[0miterations: 200
Total iterations: 49600800 LUP
FLOP: 11
Total work: 545608800 FLOP
performance: 2.473232 GLUP/s
Performance in GFLOP/s: 27.205549
size: 250000
time: 0.020055
[1;34m[pthread wrapper] 
[0m[1;34m[pthread wrapper] MAIN -> 0
[0m[1;34m[pthread wrapper] PIN_MASK: [0m[1;34m0->1  [0m[1;34m1->2  [0m[1;34m2->3  [0m[1;34m3->10  [0m[1;34m4->11  [0m[1;34m5->12  [0m[1;34m6->13  [0m[1;34m
[pthread wrapper] SKIP MASK: 0x0
[0m[1;34m	threadid 47649111828224 -> core 1 - OK[0m[1;34m
[0m[1;34m	threadid 47649113929472 -> core 2 - OK[0m[1;34m
[0m[1;34m	threadid 47649116030720 -> core 3 - OK[0m[1;34m
[0m[1;34m	threadid 47649118131968 -> core 10 - OK[0m[1;34m
[0m[1;34m	threadid 47649120233216 -> core 11 - OK[0m[1;34m
[0m[1;34m	threadid 47649122334464 -> core 12 - OK[0m[1;34m
[0m[1;34m	threadid 47649124435712 -> core 13 - OK[0m[1;34m
[0miterations: 200
Total iterations: 49600800 LUP
FLOP: 11
Total work: 545608800 FLOP
performance: 2.465728 GLUP/s
Performance in GFLOP/s: 27.123003
size: 250000
time: 0.020116
