iterations: 200
Total iterations: 49600800 LUP
FLOP: 11
Total work: 545608800 FLOP
performance: 0.322525 GLUP/s
Performance in GFLOP/s: 3.547780
size: 250000
time: 0.153789
[1;34m[likwid-pin] Main PID -> core 0 - OK[0m
iterations: 200
Total iterations: 49600800 LUP
FLOP: 11
Total work: 545608800 FLOP
performance: 0.323069 GLUP/s
Performance in GFLOP/s: 3.553757
size: 250000
time: 0.153530
[1;34m[likwid-pin] Main PID -> core 0 - OK[0m
iterations: 200
Total iterations: 49600800 LUP
FLOP: 11
Total work: 545608800 FLOP
performance: 0.323099 GLUP/s
Performance in GFLOP/s: 3.554089
size: 250000
time: 0.153516
[1;34m[likwid-pin] Main PID -> core 0 - OK[0m
iterations: 200
Total iterations: 49600800 LUP
FLOP: 11
Total work: 545608800 FLOP
performance: 0.323212 GLUP/s
Performance in GFLOP/s: 3.555331
size: 250000
time: 0.153462
[1;34m[likwid-pin] Main PID -> core 0 - OK[0m
iterations: 200
Total iterations: 49600800 LUP
FLOP: 11
Total work: 545608800 FLOP
performance: 0.323322 GLUP/s
Performance in GFLOP/s: 3.556541
size: 250000
time: 0.153410
[1;34m[likwid-pin] Main PID -> core 0 - OK[0m
iterations: 200
Total iterations: 49600800 LUP
FLOP: 11
Total work: 545608800 FLOP
performance: 0.323135 GLUP/s
Performance in GFLOP/s: 3.554480
size: 250000
time: 0.153499
[1;34m[likwid-pin] Main PID -> core 0 - OK[0m
iterations: 200
Total iterations: 49600800 LUP
FLOP: 11
Total work: 545608800 FLOP
performance: 0.322464 GLUP/s
Performance in GFLOP/s: 3.547109
size: 250000
time: 0.153818
[1;34m[likwid-pin] Main PID -> core 0 - OK[0m
iterations: 200
Total iterations: 49600800 LUP
FLOP: 11
Total work: 545608800 FLOP
performance: 0.322903 GLUP/s
Performance in GFLOP/s: 3.551932
size: 250000
time: 0.153609
[1;34m[likwid-pin] Main PID -> core 0 - OK[0m
iterations: 200
Total iterations: 49600800 LUP
FLOP: 11
Total work: 545608800 FLOP
performance: 0.322823 GLUP/s
Performance in GFLOP/s: 3.551055
size: 250000
time: 0.153647
[1;34m[likwid-pin] Main PID -> core 0 - OK[0m
iterations: 200
Total iterations: 49600800 LUP
FLOP: 11
Total work: 545608800 FLOP
performance: 0.322932 GLUP/s
Performance in GFLOP/s: 3.552257
size: 250000
time: 0.153595
[1;34m[likwid-pin] Main PID -> core 0 - OK[0m
