iterations: 120
Total iterations: 1078560480 LUP
FLOP: 11
Total work: 11864165280 FLOP
performance: 0.982636 GLUP/s
Performance in GFLOP/s: 10.808991
size: 9000000
time: 1.097620
iterations: 120
Total iterations: 1078560480 LUP
FLOP: 11
Total work: 11864165280 FLOP
performance: 0.974648 GLUP/s
Performance in GFLOP/s: 10.721131
size: 9000000
time: 1.106615
iterations: 120
Total iterations: 1078560480 LUP
FLOP: 11
Total work: 11864165280 FLOP
performance: 0.982690 GLUP/s
Performance in GFLOP/s: 10.809590
size: 9000000
time: 1.097559
iterations: 120
Total iterations: 1078560480 LUP
FLOP: 11
Total work: 11864165280 FLOP
performance: 0.979782 GLUP/s
Performance in GFLOP/s: 10.777600
size: 9000000
time: 1.100817
iterations: 120
Total iterations: 1078560480 LUP
FLOP: 11
Total work: 11864165280 FLOP
performance: 0.980267 GLUP/s
Performance in GFLOP/s: 10.782937
size: 9000000
time: 1.100272
iterations: 120
Total iterations: 1078560480 LUP
FLOP: 11
Total work: 11864165280 FLOP
performance: 0.978110 GLUP/s
Performance in GFLOP/s: 10.759205
size: 9000000
time: 1.102699
iterations: 120
Total iterations: 1078560480 LUP
FLOP: 11
Total work: 11864165280 FLOP
performance: 0.975213 GLUP/s
Performance in GFLOP/s: 10.727346
size: 9000000
time: 1.105974
iterations: 120
Total iterations: 1078560480 LUP
FLOP: 11
Total work: 11864165280 FLOP
performance: 0.972987 GLUP/s
Performance in GFLOP/s: 10.702852
size: 9000000
time: 1.108505
iterations: 120
Total iterations: 1078560480 LUP
FLOP: 11
Total work: 11864165280 FLOP
performance: 0.976097 GLUP/s
Performance in GFLOP/s: 10.737065
size: 9000000
time: 1.104973
iterations: 120
Total iterations: 1078560480 LUP
FLOP: 11
Total work: 11864165280 FLOP
performance: 0.980819 GLUP/s
Performance in GFLOP/s: 10.789008
size: 9000000
time: 1.099653
