iterations: 120
Total iterations: 1078560480 LUP
FLOP: 11
Total work: 11864165280 FLOP
performance: 0.257108 GLUP/s
Performance in GFLOP/s: 2.828186
size: 9000000
time: 4.194974
[1;34m[likwid-pin] Main PID -> core 0 - OK[0m
iterations: 120
Total iterations: 1078560480 LUP
FLOP: 11
Total work: 11864165280 FLOP
performance: 0.256793 GLUP/s
Performance in GFLOP/s: 2.824718
size: 9000000
time: 4.200123
[1;34m[likwid-pin] Main PID -> core 0 - OK[0m
iterations: 120
Total iterations: 1078560480 LUP
FLOP: 11
Total work: 11864165280 FLOP
performance: 0.257006 GLUP/s
Performance in GFLOP/s: 2.827061
size: 9000000
time: 4.196642
[1;34m[likwid-pin] Main PID -> core 0 - OK[0m
iterations: 120
Total iterations: 1078560480 LUP
FLOP: 11
Total work: 11864165280 FLOP
performance: 0.256229 GLUP/s
Performance in GFLOP/s: 2.818523
size: 9000000
time: 4.209356
[1;34m[likwid-pin] Main PID -> core 0 - OK[0m
iterations: 120
Total iterations: 1078560480 LUP
FLOP: 11
Total work: 11864165280 FLOP
performance: 0.257124 GLUP/s
Performance in GFLOP/s: 2.828368
size: 9000000
time: 4.194704
[1;34m[likwid-pin] Main PID -> core 0 - OK[0m
iterations: 120
Total iterations: 1078560480 LUP
FLOP: 11
Total work: 11864165280 FLOP
performance: 0.255893 GLUP/s
Performance in GFLOP/s: 2.814826
size: 9000000
time: 4.214884
[1;34m[likwid-pin] Main PID -> core 0 - OK[0m
iterations: 120
Total iterations: 1078560480 LUP
FLOP: 11
Total work: 11864165280 FLOP
performance: 0.256009 GLUP/s
Performance in GFLOP/s: 2.816101
size: 9000000
time: 4.212976
[1;34m[likwid-pin] Main PID -> core 0 - OK[0m
iterations: 120
Total iterations: 1078560480 LUP
FLOP: 11
Total work: 11864165280 FLOP
performance: 0.257127 GLUP/s
Performance in GFLOP/s: 2.828397
size: 9000000
time: 4.194661
[1;34m[likwid-pin] Main PID -> core 0 - OK[0m
iterations: 120
Total iterations: 1078560480 LUP
FLOP: 11
Total work: 11864165280 FLOP
performance: 0.257103 GLUP/s
Performance in GFLOP/s: 2.828135
size: 9000000
time: 4.195049
[1;34m[likwid-pin] Main PID -> core 0 - OK[0m
iterations: 120
Total iterations: 1078560480 LUP
FLOP: 11
Total work: 11864165280 FLOP
performance: 0.257002 GLUP/s
Performance in GFLOP/s: 2.827020
size: 9000000
time: 4.196704
[1;34m[likwid-pin] Main PID -> core 0 - OK[0m
