iterations: 120
Total iterations: 1078560480 LUP
FLOP: 11
Total work: 11864165280 FLOP
performance: 0.257096 GLUP/s
Performance in GFLOP/s: 2.828051
size: 9000000
time: 4.195173
[1;34m[likwid-pin] Main PID -> core 0 - OK[0m
iterations: 120
Total iterations: 1078560480 LUP
FLOP: 11
Total work: 11864165280 FLOP
performance: 0.255998 GLUP/s
Performance in GFLOP/s: 2.815977
size: 9000000
time: 4.213161
[1;34m[likwid-pin] Main PID -> core 0 - OK[0m
iterations: 120
Total iterations: 1078560480 LUP
FLOP: 11
Total work: 11864165280 FLOP
performance: 0.257153 GLUP/s
Performance in GFLOP/s: 2.828688
size: 9000000
time: 4.194229
[1;34m[likwid-pin] Main PID -> core 0 - OK[0m
iterations: 120
Total iterations: 1078560480 LUP
FLOP: 11
Total work: 11864165280 FLOP
performance: 0.257141 GLUP/s
Performance in GFLOP/s: 2.828547
size: 9000000
time: 4.194438
[1;34m[likwid-pin] Main PID -> core 0 - OK[0m
iterations: 120
Total iterations: 1078560480 LUP
FLOP: 11
Total work: 11864165280 FLOP
performance: 0.255533 GLUP/s
Performance in GFLOP/s: 2.810862
size: 9000000
time: 4.220828
[1;34m[likwid-pin] Main PID -> core 0 - OK[0m
iterations: 120
Total iterations: 1078560480 LUP
FLOP: 11
Total work: 11864165280 FLOP
performance: 0.255917 GLUP/s
Performance in GFLOP/s: 2.815091
size: 9000000
time: 4.214487
[1;34m[likwid-pin] Main PID -> core 0 - OK[0m
iterations: 120
Total iterations: 1078560480 LUP
FLOP: 11
Total work: 11864165280 FLOP
performance: 0.255946 GLUP/s
Performance in GFLOP/s: 2.815409
size: 9000000
time: 4.214011
[1;34m[likwid-pin] Main PID -> core 0 - OK[0m
iterations: 120
Total iterations: 1078560480 LUP
FLOP: 11
Total work: 11864165280 FLOP
performance: 0.256003 GLUP/s
Performance in GFLOP/s: 2.816029
size: 9000000
time: 4.213084
[1;34m[likwid-pin] Main PID -> core 0 - OK[0m
iterations: 120
Total iterations: 1078560480 LUP
FLOP: 11
Total work: 11864165280 FLOP
performance: 0.255548 GLUP/s
Performance in GFLOP/s: 2.811030
size: 9000000
time: 4.220575
[1;34m[likwid-pin] Main PID -> core 0 - OK[0m
iterations: 120
Total iterations: 1078560480 LUP
FLOP: 11
Total work: 11864165280 FLOP
performance: 0.257210 GLUP/s
Performance in GFLOP/s: 2.829312
size: 9000000
time: 4.193304
[1;34m[likwid-pin] Main PID -> core 0 - OK[0m
