[1;34m[pthread wrapper] 
[0m[1;34m[pthread wrapper] MAIN -> 0
[0m[1;34m[pthread wrapper] PIN_MASK: [0m[1;34m0->1  [0m[1;34m1->2  [0m[1;34m2->3  [0m[1;34m3->4  [0m[1;34m4->5  [0m[1;34m
[pthread wrapper] SKIP MASK: 0x0
[0m[1;34m	threadid 47166846871296 -> core 1 - OK[0m[1;34m
[0m[1;34m	threadid 47166848972544 -> core 2 - OK[0m[1;34m
[0m[1;34m	threadid 47166851073792 -> core 3 - OK[0m[1;34m
[0m[1;34m	threadid 47166853175040 -> core 4 - OK[0m[1;34m
[0m[1;34m	threadid 47166855276288 -> core 5 - OK[0m[1;34m
[0miterations: 120
Total iterations: 1078560480 LUP
FLOP: 11
Total work: 11864165280 FLOP
performance: 1.500629 GLUP/s
Performance in GFLOP/s: 16.506917
size: 9000000
time: 0.718739
[1;34m[pthread wrapper] 
[0m[1;34m[pthread wrapper] MAIN -> 0
[0m[1;34m[pthread wrapper] PIN_MASK: [0m[1;34m0->1  [0m[1;34m1->2  [0m[1;34m2->3  [0m[1;34m3->4  [0m[1;34m4->5  [0m[1;34m
[pthread wrapper] SKIP MASK: 0x0
[0m[1;34m	threadid 47566657869568 -> core 1 - OK[0m[1;34m
[0m[1;34m	threadid 47566659970816 -> core 2 - OK[0m[1;34m
[0m[1;34m	threadid 47566662072064 -> core 3 - OK[0m[1;34m
[0m[1;34m	threadid 47566664173312 -> core 4 - OK[0m[1;34m
[0m[1;34m	threadid 47566666274560 -> core 5 - OK[0m[1;34m
[0miterations: 120
Total iterations: 1078560480 LUP
FLOP: 11
Total work: 11864165280 FLOP
performance: 1.501323 GLUP/s
Performance in GFLOP/s: 16.514548
size: 9000000
time: 0.718407
[1;34m[pthread wrapper] 
[0m[1;34m[pthread wrapper] MAIN -> 0
[0m[1;34m[pthread wrapper] PIN_MASK: [0m[1;34m0->1  [0m[1;34m1->2  [0m[1;34m2->3  [0m[1;34m3->4  [0m[1;34m4->5  [0m[1;34m
[pthread wrapper] SKIP MASK: 0x0
[0m[1;34m	threadid 46948583692032 -> core 1 - OK[0m[1;34m
[0m[1;34m	threadid 46948585793280 -> core 2 - OK[0m[1;34m
[0m[1;34m	threadid 46948587894528 -> core 3 - OK[0m[1;34m
[0m[1;34m	threadid 46948589995776 -> core 4 - OK[0m[1;34m
[0m[1;34m	threadid 46948592097024 -> core 5 - OK[0m[1;34m
[0miterations: 120
Total iterations: 1078560480 LUP
FLOP: 11
Total work: 11864165280 FLOP
performance: 1.501078 GLUP/s
Performance in GFLOP/s: 16.511857
size: 9000000
time: 0.718524
[1;34m[pthread wrapper] 
[0m[1;34m[pthread wrapper] MAIN -> 0
[0m[1;34m[pthread wrapper] PIN_MASK: [0m[1;34m0->1  [0m[1;34m1->2  [0m[1;34m2->3  [0m[1;34m3->4  [0m[1;34m4->5  [0m[1;34m
[pthread wrapper] SKIP MASK: 0x0
[0m[1;34m	threadid 47099068212992 -> core 1 - OK[0m[1;34m
[0m[1;34m	threadid 47099070314240 -> core 2 - OK[0m[1;34m
[0m[1;34m	threadid 47099072415488 -> core 3 - OK[0m[1;34m
[0m[1;34m	threadid 47099074516736 -> core 4 - OK[0m[1;34m
[0m[1;34m	threadid 47099076617984 -> core 5 - OK[0m[1;34m
[0miterations: 120
Total iterations: 1078560480 LUP
FLOP: 11
Total work: 11864165280 FLOP
performance: 1.500635 GLUP/s
Performance in GFLOP/s: 16.506982
size: 9000000
time: 0.718736
[1;34m[pthread wrapper] 
[0m[1;34m[pthread wrapper] MAIN -> 0
[0m[1;34m[pthread wrapper] PIN_MASK: [0m[1;34m0->1  [0m[1;34m1->2  [0m[1;34m2->3  [0m[1;34m3->4  [0m[1;34m4->5  [0m[1;34m
[pthread wrapper] SKIP MASK: 0x0
[0m[1;34m	threadid 46930574857984 -> core 1 - OK[0m[1;34m
[0m[1;34m	threadid 46930576959232 -> core 2 - OK[0m[1;34m
[0m[1;34m	threadid 46930579060480 -> core 3 - OK[0m[1;34m
[0m[1;34m	threadid 46930581161728 -> core 4 - OK[0m[1;34m
[0m[1;34m	threadid 46930583262976 -> core 5 - OK[0m[1;34m
[0miterations: 120
Total iterations: 1078560480 LUP
FLOP: 11
Total work: 11864165280 FLOP
performance: 1.500677 GLUP/s
Performance in GFLOP/s: 16.507442
size: 9000000
time: 0.718716
[1;34m[pthread wrapper] 
[0m[1;34m[pthread wrapper] MAIN -> 0
[0m[1;34m[pthread wrapper] PIN_MASK: [0m[1;34m0->1  [0m[1;34m1->2  [0m[1;34m2->3  [0m[1;34m3->4  [0m[1;34m4->5  [0m[1;34m
[pthread wrapper] SKIP MASK: 0x0
[0m[1;34m	threadid 47369644525312 -> core 1 - OK[0m[1;34m
[0m[1;34m	threadid 47369646626560 -> core 2 - OK[0m[1;34m
[0m[1;34m	threadid 47369648727808 -> core 3 - OK[0m[1;34m
[0m[1;34m	threadid 47369650829056 -> core 4 - OK[0m[1;34m
[0m[1;34m	threadid 47369652930304 -> core 5 - OK[0m[1;34m
[0miterations: 120
Total iterations: 1078560480 LUP
FLOP: 11
Total work: 11864165280 FLOP
performance: 1.500606 GLUP/s
Performance in GFLOP/s: 16.506665
size: 9000000
time: 0.718750
[1;34m[pthread wrapper] 
[0m[1;34m[pthread wrapper] MAIN -> 0
[0m[1;34m[pthread wrapper] PIN_MASK: [0m[1;34m0->1  [0m[1;34m1->2  [0m[1;34m2->3  [0m[1;34m3->4  [0m[1;34m4->5  [0m[1;34m
[pthread wrapper] SKIP MASK: 0x0
[0m[1;34m	threadid 47559727875840 -> core 1 - OK[0m[1;34m
[0m[1;34m	threadid 47559729977088 -> core 2 - OK[0m[1;34m
[0m[1;34m	threadid 47559732078336 -> core 3 - OK[0m[1;34m
[0m[1;34m	threadid 47559734179584 -> core 4 - OK[0m[1;34m
[0m[1;34m	threadid 47559736280832 -> core 5 - OK[0m[1;34m
[0miterations: 120
Total iterations: 1078560480 LUP
FLOP: 11
Total work: 11864165280 FLOP
performance: 1.500416 GLUP/s
Performance in GFLOP/s: 16.504573
size: 9000000
time: 0.718841
[1;34m[pthread wrapper] 
[0m[1;34m[pthread wrapper] MAIN -> 0
[0m[1;34m[pthread wrapper] PIN_MASK: [0m[1;34m0->1  [0m[1;34m1->2  [0m[1;34m2->3  [0m[1;34m3->4  [0m[1;34m4->5  [0m[1;34m
[pthread wrapper] SKIP MASK: 0x0
[0m[1;34m	threadid 47815217063680 -> core 1 - OK[0m[1;34m
[0m[1;34m	threadid 47815219164928 -> core 2 - OK[0m[1;34m
[0m[1;34m	threadid 47815221266176 -> core 3 - OK[0m[1;34m
[0m[1;34m	threadid 47815223367424 -> core 4 - OK[0m[1;34m
[0m[1;34m	threadid 47815225468672 -> core 5 - OK[0m[1;34m
[0miterations: 120
Total iterations: 1078560480 LUP
FLOP: 11
Total work: 11864165280 FLOP
performance: 1.499924 GLUP/s
Performance in GFLOP/s: 16.499161
size: 9000000
time: 0.719077
[1;34m[pthread wrapper] 
[0m[1;34m[pthread wrapper] MAIN -> 0
[0m[1;34m[pthread wrapper] PIN_MASK: [0m[1;34m0->1  [0m[1;34m1->2  [0m[1;34m2->3  [0m[1;34m3->4  [0m[1;34m4->5  [0m[1;34m
[pthread wrapper] SKIP MASK: 0x0
[0m[1;34m	threadid 46923703863040 -> core 1 - OK[0m[1;34m
[0m[1;34m	threadid 46923705964288 -> core 2 - OK[0m[1;34m
[0m[1;34m	threadid 46923708065536 -> core 3 - OK[0m[1;34m
[0m[1;34m	threadid 46923710166784 -> core 4 - OK[0m[1;34m
[0m[1;34m	threadid 46923712268032 -> core 5 - OK[0m[1;34m
[0miterations: 120
Total iterations: 1078560480 LUP
FLOP: 11
Total work: 11864165280 FLOP
performance: 1.500412 GLUP/s
Performance in GFLOP/s: 16.504530
size: 9000000
time: 0.718843
[1;34m[pthread wrapper] 
[0m[1;34m[pthread wrapper] MAIN -> 0
[0m[1;34m[pthread wrapper] PIN_MASK: [0m[1;34m0->1  [0m[1;34m1->2  [0m[1;34m2->3  [0m[1;34m3->4  [0m[1;34m4->5  [0m[1;34m
[pthread wrapper] SKIP MASK: 0x0
[0m[1;34m	threadid 47831184234240 -> core 1 - OK[0m[1;34m
[0m[1;34m	threadid 47831186335488 -> core 2 - OK[0m[1;34m
[0m[1;34m	threadid 47831188436736 -> core 3 - OK[0m[1;34m
[0m[1;34m	threadid 47831190537984 -> core 4 - OK[0m[1;34m
[0m[1;34m	threadid 47831192639232 -> core 5 - OK[0m[1;34m
[0miterations: 120
Total iterations: 1078560480 LUP
FLOP: 11
Total work: 11864165280 FLOP
performance: 1.500426 GLUP/s
Performance in GFLOP/s: 16.504688
size: 9000000
time: 0.718836
