[1;34m[pthread wrapper] 
[0m[1;34m[pthread wrapper] MAIN -> 0
[0m[1;34m[pthread wrapper] PIN_MASK: [0m[1;34m0->1  [0m[1;34m1->2  [0m[1;34m2->10  [0m[1;34m3->11  [0m[1;34m4->12  [0m[1;34m
[pthread wrapper] SKIP MASK: 0x0
[0m[1;34m	threadid 47178917771008 -> core 1 - OK[0m[1;34m
[0m[1;34m	threadid 47178919872256 -> core 2 - OK[0m[1;34m
[0m[1;34m	threadid 47178921973504 -> core 10 - OK[0m[1;34m
[0m[1;34m	threadid 47178924074752 -> core 11 - OK[0m[1;34m
[0m[1;34m	threadid 47178926176000 -> core 12 - OK[0m[1;34m
[0miterations: 120
Total iterations: 1078560480 LUP
FLOP: 11
Total work: 11864165280 FLOP
performance: 1.459627 GLUP/s
Performance in GFLOP/s: 16.055893
size: 9000000
time: 0.738929
[1;34m[pthread wrapper] 
[0m[1;34m[pthread wrapper] MAIN -> 0
[0m[1;34m[pthread wrapper] PIN_MASK: [0m[1;34m0->1  [0m[1;34m1->2  [0m[1;34m2->10  [0m[1;34m3->11  [0m[1;34m4->12  [0m[1;34m
[pthread wrapper] SKIP MASK: 0x0
[0m[1;34m	threadid 47812532377344 -> core 1 - OK[0m[1;34m
[0m[1;34m	threadid 47812534478592 -> core 2 - OK[0m[1;34m
[0m[1;34m	threadid 47812536579840 -> core 10 - OK[0m[1;34m
[0m[1;34m	threadid 47812538681088 -> core 11 - OK[0m[1;34m
[0m[1;34m	threadid 47812540782336 -> core 12 - OK[0m[1;34m
[0miterations: 120
Total iterations: 1078560480 LUP
FLOP: 11
Total work: 11864165280 FLOP
performance: 1.460004 GLUP/s
Performance in GFLOP/s: 16.060043
size: 9000000
time: 0.738738
[1;34m[pthread wrapper] 
[0m[1;34m[pthread wrapper] MAIN -> 0
[0m[1;34m[pthread wrapper] PIN_MASK: [0m[1;34m0->1  [0m[1;34m1->2  [0m[1;34m2->10  [0m[1;34m3->11  [0m[1;34m4->12  [0m[1;34m
[pthread wrapper] SKIP MASK: 0x0
[0m[1;34m	threadid 47162124302080 -> core 1 - OK[0m[1;34m
[0m[1;34m	threadid 47162126403328 -> core 2 - OK[0m[1;34m
[0m[1;34m	threadid 47162128504576 -> core 10 - OK[0m[1;34m
[0m[1;34m	threadid 47162130605824 -> core 11 - OK[0m[1;34m
[0m[1;34m	threadid 47162132707072 -> core 12 - OK[0m[1;34m
[0miterations: 120
Total iterations: 1078560480 LUP
FLOP: 11
Total work: 11864165280 FLOP
performance: 1.462739 GLUP/s
Performance in GFLOP/s: 16.090126
size: 9000000
time: 0.737357
[1;34m[pthread wrapper] 
[0m[1;34m[pthread wrapper] MAIN -> 0
[0m[1;34m[pthread wrapper] PIN_MASK: [0m[1;34m0->1  [0m[1;34m1->2  [0m[1;34m2->10  [0m[1;34m3->11  [0m[1;34m4->12  [0m[1;34m
[pthread wrapper] SKIP MASK: 0x0
[0m[1;34m	threadid 47439451617024 -> core 1 - OK[0m[1;34m
[0m[1;34m	threadid 47439453718272 -> core 2 - OK[0m[1;34m
[0m[1;34m	threadid 47439455819520 -> core 10 - OK[0m[1;34m
[0m[1;34m	threadid 47439457920768 -> core 11 - OK[0m[1;34m
[0m[1;34m	threadid 47439460022016 -> core 12 - OK[0m[1;34m
[0miterations: 120
Total iterations: 1078560480 LUP
FLOP: 11
Total work: 11864165280 FLOP
performance: 1.458683 GLUP/s
Performance in GFLOP/s: 16.045513
size: 9000000
time: 0.739407
[1;34m[pthread wrapper] 
[0m[1;34m[pthread wrapper] MAIN -> 0
[0m[1;34m[pthread wrapper] PIN_MASK: [0m[1;34m0->1  [0m[1;34m1->2  [0m[1;34m2->10  [0m[1;34m3->11  [0m[1;34m4->12  [0m[1;34m
[pthread wrapper] SKIP MASK: 0x0
[0m[1;34m	threadid 47933175256832 -> core 1 - OK[0m[1;34m
[0m[1;34m	threadid 47933177358080 -> core 2 - OK[0m[1;34m
[0m[1;34m	threadid 47933179459328 -> core 10 - OK[0m[1;34m
[0m[1;34m	threadid 47933181560576 -> core 11 - OK[0m[1;34m
[0m[1;34m	threadid 47933183661824 -> core 12 - OK[0m[1;34m
[0miterations: 120
Total iterations: 1078560480 LUP
FLOP: 11
Total work: 11864165280 FLOP
performance: 1.463447 GLUP/s
Performance in GFLOP/s: 16.097918
size: 9000000
time: 0.737000
[1;34m[pthread wrapper] 
[0m[1;34m[pthread wrapper] MAIN -> 0
[0m[1;34m[pthread wrapper] PIN_MASK: [0m[1;34m0->1  [0m[1;34m1->2  [0m[1;34m2->10  [0m[1;34m3->11  [0m[1;34m4->12  [0m[1;34m
[pthread wrapper] SKIP MASK: 0x0
[0m[1;34m	threadid 47257085404928 -> core 1 - OK[0m[1;34m
[0m[1;34m	threadid 47257087506176 -> core 2 - OK[0m[1;34m
[0m[1;34m	threadid 47257089607424 -> core 10 - OK[0m[1;34m
[0m[1;34m	threadid 47257091708672 -> core 11 - OK[0m[1;34m
[0m[1;34m	threadid 47257093809920 -> core 12 - OK[0m[1;34m
[0miterations: 120
Total iterations: 1078560480 LUP
FLOP: 11
Total work: 11864165280 FLOP
performance: 1.462229 GLUP/s
Performance in GFLOP/s: 16.084519
size: 9000000
time: 0.737614
[1;34m[pthread wrapper] 
[0m[1;34m[pthread wrapper] MAIN -> 0
[0m[1;34m[pthread wrapper] PIN_MASK: [0m[1;34m0->1  [0m[1;34m1->2  [0m[1;34m2->10  [0m[1;34m3->11  [0m[1;34m4->12  [0m[1;34m
[pthread wrapper] SKIP MASK: 0x0
[0m[1;34m	threadid 47383362516736 -> core 1 - OK[0m[1;34m
[0m[1;34m	threadid 47383364617984 -> core 2 - OK[0m[1;34m
[0m[1;34m	threadid 47383366719232 -> core 10 - OK[0m[1;34m
[0m[1;34m	threadid 47383368820480 -> core 11 - OK[0m[1;34m
[0m[1;34m	threadid 47383370921728 -> core 12 - OK[0m[1;34m
[0miterations: 120
Total iterations: 1078560480 LUP
FLOP: 11
Total work: 11864165280 FLOP
performance: 1.459542 GLUP/s
Performance in GFLOP/s: 16.054960
size: 9000000
time: 0.738972
[1;34m[pthread wrapper] 
[0m[1;34m[pthread wrapper] MAIN -> 0
[0m[1;34m[pthread wrapper] PIN_MASK: [0m[1;34m0->1  [0m[1;34m1->2  [0m[1;34m2->10  [0m[1;34m3->11  [0m[1;34m4->12  [0m[1;34m
[pthread wrapper] SKIP MASK: 0x0
[0m[1;34m	threadid 47942278276864 -> core 1 - OK[0m[1;34m
[0m[1;34m	threadid 47942280378112 -> core 2 - OK[0m[1;34m
[0m[1;34m	threadid 47942282479360 -> core 10 - OK[0m[1;34m
[0m[1;34m	threadid 47942284580608 -> core 11 - OK[0m[1;34m
[0m[1;34m	threadid 47942286681856 -> core 12 - OK[0m[1;34m
[0miterations: 120
Total iterations: 1078560480 LUP
FLOP: 11
Total work: 11864165280 FLOP
performance: 1.458307 GLUP/s
Performance in GFLOP/s: 16.041375
size: 9000000
time: 0.739598
[1;34m[pthread wrapper] 
[0m[1;34m[pthread wrapper] MAIN -> 0
[0m[1;34m[pthread wrapper] PIN_MASK: [0m[1;34m0->1  [0m[1;34m1->2  [0m[1;34m2->10  [0m[1;34m3->11  [0m[1;34m4->12  [0m[1;34m
[pthread wrapper] SKIP MASK: 0x0
[0m[1;34m	threadid 47052449289984 -> core 1 - OK[0m[1;34m
[0m[1;34m	threadid 47052451391232 -> core 2 - OK[0m[1;34m
[0m[1;34m	threadid 47052453492480 -> core 10 - OK[0m[1;34m
[0m[1;34m	threadid 47052455593728 -> core 11 - OK[0m[1;34m
[0m[1;34m	threadid 47052457694976 -> core 12 - OK[0m[1;34m
[0miterations: 120
Total iterations: 1078560480 LUP
FLOP: 11
Total work: 11864165280 FLOP
performance: 1.458801 GLUP/s
Performance in GFLOP/s: 16.046816
size: 9000000
time: 0.739347
[1;34m[pthread wrapper] 
[0m[1;34m[pthread wrapper] MAIN -> 0
[0m[1;34m[pthread wrapper] PIN_MASK: [0m[1;34m0->1  [0m[1;34m1->2  [0m[1;34m2->10  [0m[1;34m3->11  [0m[1;34m4->12  [0m[1;34m
[pthread wrapper] SKIP MASK: 0x0
[0m[1;34m	threadid 47618351363840 -> core 1 - OK[0m[1;34m
[0m[1;34m	threadid 47618353465088 -> core 2 - OK[0m[1;34m
[0m[1;34m	threadid 47618355566336 -> core 10 - OK[0m[1;34m
[0m[1;34m	threadid 47618357667584 -> core 11 - OK[0m[1;34m
[0m[1;34m	threadid 47618359768832 -> core 12 - OK[0m[1;34m
[0miterations: 120
Total iterations: 1078560480 LUP
FLOP: 11
Total work: 11864165280 FLOP
performance: 1.461700 GLUP/s
Performance in GFLOP/s: 16.078699
size: 9000000
time: 0.737881
