[1;34m[pthread wrapper] 
[0m[1;34m[pthread wrapper] MAIN -> 0
[0m[1;34m[pthread wrapper] PIN_MASK: [0m[1;34m0->1  [0m[1;34m1->2  [0m[1;34m2->3  [0m[1;34m3->4  [0m[1;34m4->5  [0m[1;34m5->6  [0m[1;34m6->7  [0m[1;34m
[pthread wrapper] SKIP MASK: 0x0
[0m[1;34m	threadid 47913224148736 -> core 1 - OK[0m[1;34m
[0m[1;34m	threadid 47913226249984 -> core 2 - OK[0m[1;34m
[0m[1;34m	threadid 47913228351232 -> core 3 - OK[0m[1;34m
[0m[1;34m	threadid 47913230452480 -> core 4 - OK[0m[1;34m
[0m[1;34m	threadid 47913232553728 -> core 5 - OK[0m[1;34m
[0m[1;34m	threadid 47913234654976 -> core 6 - OK[0m[1;34m
[0m[1;34m	threadid 47913236756224 -> core 7 - OK[0m[1;34m
[0miterations: 100
Total iterations: 898800400 LUP
FLOP: 11
Total work: 9886804400 FLOP
performance: 2.005158 GLUP/s
Performance in GFLOP/s: 22.056742
size: 9000000
time: 0.448244
[1;34m[pthread wrapper] 
[0m[1;34m[pthread wrapper] MAIN -> 0
[0m[1;34m[pthread wrapper] PIN_MASK: [0m[1;34m0->1  [0m[1;34m1->2  [0m[1;34m2->3  [0m[1;34m3->4  [0m[1;34m4->5  [0m[1;34m5->6  [0m[1;34m6->7  [0m[1;34m
[pthread wrapper] SKIP MASK: 0x0
[0m[1;34m	threadid 46993029887744 -> core 1 - OK[0m[1;34m
[0m[1;34m	threadid 46993031988992 -> core 2 - OK[0m[1;34m
[0m[1;34m	threadid 46993034090240 -> core 3 - OK[0m[1;34m
[0m[1;34m	threadid 46993036191488 -> core 4 - OK[0m[1;34m
[0m[1;34m	threadid 46993038292736 -> core 5 - OK[0m[1;34m
[0m[1;34m	threadid 46993040393984 -> core 6 - OK[0m[1;34m
[0m[1;34m	threadid 46993042495232 -> core 7 - OK[0m[1;34m
[0miterations: 100
Total iterations: 898800400 LUP
FLOP: 11
Total work: 9886804400 FLOP
performance: 1.999751 GLUP/s
Performance in GFLOP/s: 21.997258
size: 9000000
time: 0.449456
[1;34m[pthread wrapper] 
[0m[1;34m[pthread wrapper] MAIN -> 0
[0m[1;34m[pthread wrapper] PIN_MASK: [0m[1;34m0->1  [0m[1;34m1->2  [0m[1;34m2->3  [0m[1;34m3->4  [0m[1;34m4->5  [0m[1;34m5->6  [0m[1;34m6->7  [0m[1;34m
[pthread wrapper] SKIP MASK: 0x0
[0m[1;34m	threadid 47961822713600 -> core 1 - OK[0m[1;34m
[0m[1;34m	threadid 47961824814848 -> core 2 - OK[0m[1;34m
[0m[1;34m	threadid 47961826916096 -> core 3 - OK[0m[1;34m
[0m[1;34m	threadid 47961829017344 -> core 4 - OK[0m[1;34m
[0m[1;34m	threadid 47961831118592 -> core 5 - OK[0m[1;34m
[0m[1;34m	threadid 47961833219840 -> core 6 - OK[0m[1;34m
[0m[1;34m	threadid 47961835321088 -> core 7 - OK[0m[1;34m
[0miterations: 100
Total iterations: 898800400 LUP
FLOP: 11
Total work: 9886804400 FLOP
performance: 2.005333 GLUP/s
Performance in GFLOP/s: 22.058666
size: 9000000
time: 0.448205
[1;34m[pthread wrapper] 
[0m[1;34m[pthread wrapper] MAIN -> 0
[0m[1;34m[pthread wrapper] PIN_MASK: [0m[1;34m0->1  [0m[1;34m1->2  [0m[1;34m2->3  [0m[1;34m3->4  [0m[1;34m4->5  [0m[1;34m5->6  [0m[1;34m6->7  [0m[1;34m
[pthread wrapper] SKIP MASK: 0x0
[0m[1;34m	threadid 47907178567424 -> core 1 - OK[0m[1;34m
[0m[1;34m	threadid 47907180668672 -> core 2 - OK[0m[1;34m
[0m[1;34m	threadid 47907182769920 -> core 3 - OK[0m[1;34m
[0m[1;34m	threadid 47907184871168 -> core 4 - OK[0m[1;34m
[0m[1;34m	threadid 47907186972416 -> core 5 - OK[0m[1;34m
[0m[1;34m	threadid 47907189073664 -> core 6 - OK[0m[1;34m
[0m[1;34m	threadid 47907191174912 -> core 7 - OK[0m[1;34m
[0miterations: 100
Total iterations: 898800400 LUP
FLOP: 11
Total work: 9886804400 FLOP
performance: 2.001122 GLUP/s
Performance in GFLOP/s: 22.012344
size: 9000000
time: 0.449148
[1;34m[pthread wrapper] 
[0m[1;34m[pthread wrapper] MAIN -> 0
[0m[1;34m[pthread wrapper] PIN_MASK: [0m[1;34m0->1  [0m[1;34m1->2  [0m[1;34m2->3  [0m[1;34m3->4  [0m[1;34m4->5  [0m[1;34m5->6  [0m[1;34m6->7  [0m[1;34m
[pthread wrapper] SKIP MASK: 0x0
[0m[1;34m	threadid 47834031163136 -> core 1 - OK[0m[1;34m
[0m[1;34m	threadid 47834033264384 -> core 2 - OK[0m[1;34m
[0m[1;34m	threadid 47834035365632 -> core 3 - OK[0m[1;34m
[0m[1;34m	threadid 47834037466880 -> core 4 - OK[0m[1;34m
[0m[1;34m	threadid 47834039568128 -> core 5 - OK[0m[1;34m
[0m[1;34m	threadid 47834041669376 -> core 6 - OK[0m[1;34m
[0m[1;34m	threadid 47834043770624 -> core 7 - OK[0m[1;34m
[0miterations: 100
Total iterations: 898800400 LUP
FLOP: 11
Total work: 9886804400 FLOP
performance: 2.006188 GLUP/s
Performance in GFLOP/s: 22.068069
size: 9000000
time: 0.448014
