[1;34m[pthread wrapper] 
[0m[1;34m[pthread wrapper] MAIN -> 0
[0m[1;34m[pthread wrapper] PIN_MASK: [0m[1;34m0->1  [0m[1;34m1->2  [0m[1;34m2->3  [0m[1;34m3->4  [0m[1;34m4->5  [0m[1;34m
[pthread wrapper] SKIP MASK: 0x0
[0m[1;34m	threadid 47776951584512 -> core 1 - OK[0m[1;34m
[0m[1;34m	threadid 47776953685760 -> core 2 - OK[0m[1;34m
[0m[1;34m	threadid 47776955787008 -> core 3 - OK[0m[1;34m
[0m[1;34m	threadid 47776957888256 -> core 4 - OK[0m[1;34m
[0m[1;34m	threadid 47776959989504 -> core 5 - OK[0m[1;34m
[0miterations: 120
Total iterations: 1078560480 LUP
FLOP: 11
Total work: 11864165280 FLOP
performance: 1.500214 GLUP/s
Performance in GFLOP/s: 16.502351
size: 9000000
time: 0.718938
[1;34m[pthread wrapper] 
[0m[1;34m[pthread wrapper] MAIN -> 0
[0m[1;34m[pthread wrapper] PIN_MASK: [0m[1;34m0->1  [0m[1;34m1->2  [0m[1;34m2->3  [0m[1;34m3->4  [0m[1;34m4->5  [0m[1;34m
[pthread wrapper] SKIP MASK: 0x0
[0m[1;34m	threadid 47098594629376 -> core 1 - OK[0m[1;34m
[0m[1;34m	threadid 47098596730624 -> core 2 - OK[0m[1;34m
[0m[1;34m	threadid 47098598831872 -> core 3 - OK[0m[1;34m
[0m[1;34m	threadid 47098600933120 -> core 4 - OK[0m[1;34m
[0m[1;34m	threadid 47098603034368 -> core 5 - OK[0m[1;34m
[0miterations: 120
Total iterations: 1078560480 LUP
FLOP: 11
Total work: 11864165280 FLOP
performance: 1.501001 GLUP/s
Performance in GFLOP/s: 16.511008
size: 9000000
time: 0.718561
[1;34m[pthread wrapper] 
[0m[1;34m[pthread wrapper] MAIN -> 0
[0m[1;34m[pthread wrapper] PIN_MASK: [0m[1;34m0->1  [0m[1;34m1->2  [0m[1;34m2->3  [0m[1;34m3->4  [0m[1;34m4->5  [0m[1;34m
[pthread wrapper] SKIP MASK: 0x0
[0m[1;34m	threadid 46982861260544 -> core 1 - OK[0m[1;34m
[0m[1;34m	threadid 46982863361792 -> core 2 - OK[0m[1;34m
[0m[1;34m	threadid 46982865463040 -> core 3 - OK[0m[1;34m
[0m[1;34m	threadid 46982867564288 -> core 4 - OK[0m[1;34m
[0m[1;34m	threadid 46982869665536 -> core 5 - OK[0m[1;34m
[0miterations: 120
Total iterations: 1078560480 LUP
FLOP: 11
Total work: 11864165280 FLOP
performance: 1.500516 GLUP/s
Performance in GFLOP/s: 16.505679
size: 9000000
time: 0.718793
[1;34m[pthread wrapper] 
[0m[1;34m[pthread wrapper] MAIN -> 0
[0m[1;34m[pthread wrapper] PIN_MASK: [0m[1;34m0->1  [0m[1;34m1->2  [0m[1;34m2->3  [0m[1;34m3->4  [0m[1;34m4->5  [0m[1;34m
[pthread wrapper] SKIP MASK: 0x0
[0m[1;34m	threadid 47388752795392 -> core 1 - OK[0m[1;34m
[0m[1;34m	threadid 47388754896640 -> core 2 - OK[0m[1;34m
[0m[1;34m	threadid 47388756997888 -> core 3 - OK[0m[1;34m
[0m[1;34m	threadid 47388759099136 -> core 4 - OK[0m[1;34m
[0m[1;34m	threadid 47388761200384 -> core 5 - OK[0m[1;34m
[0miterations: 120
Total iterations: 1078560480 LUP
FLOP: 11
Total work: 11864165280 FLOP
performance: 1.500193 GLUP/s
Performance in GFLOP/s: 16.502121
size: 9000000
time: 0.718948
[1;34m[pthread wrapper] 
[0m[1;34m[pthread wrapper] MAIN -> 0
[0m[1;34m[pthread wrapper] PIN_MASK: [0m[1;34m0->1  [0m[1;34m1->2  [0m[1;34m2->3  [0m[1;34m3->4  [0m[1;34m4->5  [0m[1;34m
[pthread wrapper] SKIP MASK: 0x0
[0m[1;34m	threadid 47660469724928 -> core 1 - OK[0m[1;34m
[0m[1;34m	threadid 47660471826176 -> core 2 - OK[0m[1;34m
[0m[1;34m	threadid 47660473927424 -> core 3 - OK[0m[1;34m
[0m[1;34m	threadid 47660476028672 -> core 4 - OK[0m[1;34m
[0m[1;34m	threadid 47660478129920 -> core 5 - OK[0m[1;34m
[0miterations: 120
Total iterations: 1078560480 LUP
FLOP: 11
Total work: 11864165280 FLOP
performance: 1.501090 GLUP/s
Performance in GFLOP/s: 16.511994
size: 9000000
time: 0.718518
[1;34m[pthread wrapper] 
[0m[1;34m[pthread wrapper] MAIN -> 0
[0m[1;34m[pthread wrapper] PIN_MASK: [0m[1;34m0->1  [0m[1;34m1->2  [0m[1;34m2->3  [0m[1;34m3->4  [0m[1;34m4->5  [0m[1;34m
[pthread wrapper] SKIP MASK: 0x0
[0m[1;34m	threadid 47139150903040 -> core 1 - OK[0m[1;34m
[0m[1;34m	threadid 47139153004288 -> core 2 - OK[0m[1;34m
[0m[1;34m	threadid 47139155105536 -> core 3 - OK[0m[1;34m
[0m[1;34m	threadid 47139157206784 -> core 4 - OK[0m[1;34m
[0m[1;34m	threadid 47139159308032 -> core 5 - OK[0m[1;34m
[0miterations: 120
Total iterations: 1078560480 LUP
FLOP: 11
Total work: 11864165280 FLOP
performance: 1.500719 GLUP/s
Performance in GFLOP/s: 16.507908
size: 9000000
time: 0.718696
[1;34m[pthread wrapper] 
[0m[1;34m[pthread wrapper] MAIN -> 0
[0m[1;34m[pthread wrapper] PIN_MASK: [0m[1;34m0->1  [0m[1;34m1->2  [0m[1;34m2->3  [0m[1;34m3->4  [0m[1;34m4->5  [0m[1;34m
[pthread wrapper] SKIP MASK: 0x0
[0m[1;34m	threadid 47495294740224 -> core 1 - OK[0m[1;34m
[0m[1;34m	threadid 47495296841472 -> core 2 - OK[0m[1;34m
[0m[1;34m	threadid 47495298942720 -> core 3 - OK[0m[1;34m
[0m[1;34m	threadid 47495301043968 -> core 4 - OK[0m[1;34m
[0m[1;34m	threadid 47495303145216 -> core 5 - OK[0m[1;34m
[0miterations: 120
Total iterations: 1078560480 LUP
FLOP: 11
Total work: 11864165280 FLOP
performance: 1.500612 GLUP/s
Performance in GFLOP/s: 16.506730
size: 9000000
time: 0.718747
[1;34m[pthread wrapper] 
[0m[1;34m[pthread wrapper] MAIN -> 0
[0m[1;34m[pthread wrapper] PIN_MASK: [0m[1;34m0->1  [0m[1;34m1->2  [0m[1;34m2->3  [0m[1;34m3->4  [0m[1;34m4->5  [0m[1;34m
[pthread wrapper] SKIP MASK: 0x0
[0m[1;34m	threadid 47413497009920 -> core 1 - OK[0m[1;34m
[0m[1;34m	threadid 47413499111168 -> core 2 - OK[0m[1;34m
[0m[1;34m	threadid 47413501212416 -> core 3 - OK[0m[1;34m
[0m[1;34m	threadid 47413503313664 -> core 4 - OK[0m[1;34m
[0m[1;34m	threadid 47413505414912 -> core 5 - OK[0m[1;34m
[0miterations: 120
Total iterations: 1078560480 LUP
FLOP: 11
Total work: 11864165280 FLOP
performance: 1.500472 GLUP/s
Performance in GFLOP/s: 16.505192
size: 9000000
time: 0.718814
[1;34m[pthread wrapper] 
[0m[1;34m[pthread wrapper] MAIN -> 0
[0m[1;34m[pthread wrapper] PIN_MASK: [0m[1;34m0->1  [0m[1;34m1->2  [0m[1;34m2->3  [0m[1;34m3->4  [0m[1;34m4->5  [0m[1;34m
[pthread wrapper] SKIP MASK: 0x0
[0m[1;34m	threadid 47675540866816 -> core 1 - OK[0m[1;34m
[0m[1;34m	threadid 47675542968064 -> core 2 - OK[0m[1;34m
[0m[1;34m	threadid 47675545069312 -> core 3 - OK[0m[1;34m
[0m[1;34m	threadid 47675547170560 -> core 4 - OK[0m[1;34m
[0m[1;34m	threadid 47675549271808 -> core 5 - OK[0m[1;34m
[0miterations: 120
Total iterations: 1078560480 LUP
FLOP: 11
Total work: 11864165280 FLOP
performance: 1.500548 GLUP/s
Performance in GFLOP/s: 16.506024
size: 9000000
time: 0.718778
[1;34m[pthread wrapper] 
[0m[1;34m[pthread wrapper] MAIN -> 0
[0m[1;34m[pthread wrapper] PIN_MASK: [0m[1;34m0->1  [0m[1;34m1->2  [0m[1;34m2->3  [0m[1;34m3->4  [0m[1;34m4->5  [0m[1;34m
[pthread wrapper] SKIP MASK: 0x0
[0m[1;34m	threadid 46948922881792 -> core 1 - OK[0m[1;34m
[0m[1;34m	threadid 46948924983040 -> core 2 - OK[0m[1;34m
[0m[1;34m	threadid 46948927084288 -> core 3 - OK[0m[1;34m
[0m[1;34m	threadid 46948929185536 -> core 4 - OK[0m[1;34m
[0m[1;34m	threadid 46948931286784 -> core 5 - OK[0m[1;34m
[0miterations: 120
Total iterations: 1078560480 LUP
FLOP: 11
Total work: 11864165280 FLOP
performance: 1.499915 GLUP/s
Performance in GFLOP/s: 16.499068
size: 9000000
time: 0.719081
