iterations: 200
Total iterations: 1797600800 LUP
FLOP: 11
Total work: 19773608800 FLOP
performance: 0.257862 GLUP/s
Performance in GFLOP/s: 2.836481
size: 9000000
time: 6.971176
[1;34m[likwid-pin] Main PID -> core 0 - OK[0m
iterations: 200
Total iterations: 1797600800 LUP
FLOP: 11
Total work: 19773608800 FLOP
performance: 0.257725 GLUP/s
Performance in GFLOP/s: 2.834979
size: 9000000
time: 6.974869
[1;34m[likwid-pin] Main PID -> core 0 - OK[0m
iterations: 200
Total iterations: 1797600800 LUP
FLOP: 11
Total work: 19773608800 FLOP
performance: 0.257102 GLUP/s
Performance in GFLOP/s: 2.828121
size: 9000000
time: 6.991784
[1;34m[likwid-pin] Main PID -> core 0 - OK[0m
iterations: 200
Total iterations: 1797600800 LUP
FLOP: 11
Total work: 19773608800 FLOP
performance: 0.257836 GLUP/s
Performance in GFLOP/s: 2.836191
size: 9000000
time: 6.971889
[1;34m[likwid-pin] Main PID -> core 0 - OK[0m
iterations: 200
Total iterations: 1797600800 LUP
FLOP: 11
Total work: 19773608800 FLOP
performance: 0.257961 GLUP/s
Performance in GFLOP/s: 2.837576
size: 9000000
time: 6.968486
[1;34m[likwid-pin] Main PID -> core 0 - OK[0m
iterations: 200
Total iterations: 1797600800 LUP
FLOP: 11
Total work: 19773608800 FLOP
performance: 0.257862 GLUP/s
Performance in GFLOP/s: 2.836482
size: 9000000
time: 6.971174
[1;34m[likwid-pin] Main PID -> core 0 - OK[0m
iterations: 200
Total iterations: 1797600800 LUP
FLOP: 11
Total work: 19773608800 FLOP
performance: 0.257567 GLUP/s
Performance in GFLOP/s: 2.833241
size: 9000000
time: 6.979149
[1;34m[likwid-pin] Main PID -> core 0 - OK[0m
iterations: 200
Total iterations: 1797600800 LUP
FLOP: 11
Total work: 19773608800 FLOP
performance: 0.257763 GLUP/s
Performance in GFLOP/s: 2.835394
size: 9000000
time: 6.973848
[1;34m[likwid-pin] Main PID -> core 0 - OK[0m
iterations: 200
Total iterations: 1797600800 LUP
FLOP: 11
Total work: 19773608800 FLOP
performance: 0.257836 GLUP/s
Performance in GFLOP/s: 2.836194
size: 9000000
time: 6.971881
[1;34m[likwid-pin] Main PID -> core 0 - OK[0m
iterations: 200
Total iterations: 1797600800 LUP
FLOP: 11
Total work: 19773608800 FLOP
performance: 0.258114 GLUP/s
Performance in GFLOP/s: 2.839250
size: 9000000
time: 6.964378
[1;34m[likwid-pin] Main PID -> core 0 - OK[0m
