[1;34m[pthread wrapper] 
[0m[1;34m[pthread wrapper] MAIN -> 0
[0m[1;34m[pthread wrapper] PIN_MASK: [0m[1;34m0->1  [0m[1;34m1->2  [0m[1;34m2->3  [0m[1;34m3->4  [0m[1;34m4->5  [0m[1;34m5->6  [0m[1;34m6->7  [0m[1;34m
[pthread wrapper] SKIP MASK: 0x0
[0m[1;34m	threadid 47457893877504 -> core 1 - OK[0m[1;34m
[0m[1;34m	threadid 47457895978752 -> core 2 - OK[0m[1;34m
[0m[1;34m	threadid 47457898080000 -> core 3 - OK[0m[1;34m
[0m[1;34m	threadid 47457900181248 -> core 4 - OK[0m[1;34m
[0m[1;34m	threadid 47457902282496 -> core 5 - OK[0m[1;34m
[0m[1;34m	threadid 47457904383744 -> core 6 - OK[0m[1;34m
[0m[1;34m	threadid 47457906484992 -> core 7 - OK[0m[1;34m
[0miterations: 200
Total iterations: 49600800 LUP
FLOP: 11
Total work: 545608800 FLOP
performance: 2.491507 GLUP/s
Performance in GFLOP/s: 27.406577
size: 250000
time: 0.019908
[1;34m[pthread wrapper] 
[0m[1;34m[pthread wrapper] MAIN -> 0
[0m[1;34m[pthread wrapper] PIN_MASK: [0m[1;34m0->1  [0m[1;34m1->2  [0m[1;34m2->3  [0m[1;34m3->4  [0m[1;34m4->5  [0m[1;34m5->6  [0m[1;34m6->7  [0m[1;34m
[pthread wrapper] SKIP MASK: 0x0
[0m[1;34m	threadid 47521024026368 -> core 1 - OK[0m[1;34m
[0m[1;34m	threadid 47521026127616 -> core 2 - OK[0m[1;34m
[0m[1;34m	threadid 47521028228864 -> core 3 - OK[0m[1;34m
[0m[1;34m	threadid 47521030330112 -> core 4 - OK[0m[1;34m
[0m[1;34m	threadid 47521032431360 -> core 5 - OK[0m[1;34m
[0m[1;34m	threadid 47521034532608 -> core 6 - OK[0m[1;34m
[0m[1;34m	threadid 47521036633856 -> core 7 - OK[0m[1;34m
[0miterations: 200
Total iterations: 49600800 LUP
FLOP: 11
Total work: 545608800 FLOP
performance: 2.489629 GLUP/s
Performance in GFLOP/s: 27.385914
size: 250000
time: 0.019923
[1;34m[pthread wrapper] 
[0m[1;34m[pthread wrapper] MAIN -> 0
[0m[1;34m[pthread wrapper] PIN_MASK: [0m[1;34m0->1  [0m[1;34m1->2  [0m[1;34m2->3  [0m[1;34m3->4  [0m[1;34m4->5  [0m[1;34m5->6  [0m[1;34m6->7  [0m[1;34m
[pthread wrapper] SKIP MASK: 0x0
[0m[1;34m	threadid 47968499873536 -> core 1 - OK[0m[1;34m
[0m[1;34m	threadid 47968501974784 -> core 2 - OK[0m[1;34m
[0m[1;34m	threadid 47968504076032 -> core 3 - OK[0m[1;34m
[0m[1;34m	threadid 47968506177280 -> core 4 - OK[0m[1;34m
[0m[1;34m	threadid 47968508278528 -> core 5 - OK[0m[1;34m
[0m[1;34m	threadid 47968510379776 -> core 6 - OK[0m[1;34m
[0m[1;34m	threadid 47968512481024 -> core 7 - OK[0m[1;34m
[0miterations: 200
Total iterations: 49600800 LUP
FLOP: 11
Total work: 545608800 FLOP
performance: 2.492373 GLUP/s
Performance in GFLOP/s: 27.416099
size: 250000
time: 0.019901
[1;34m[pthread wrapper] 
[0m[1;34m[pthread wrapper] MAIN -> 0
[0m[1;34m[pthread wrapper] PIN_MASK: [0m[1;34m0->1  [0m[1;34m1->2  [0m[1;34m2->3  [0m[1;34m3->4  [0m[1;34m4->5  [0m[1;34m5->6  [0m[1;34m6->7  [0m[1;34m
[pthread wrapper] SKIP MASK: 0x0
[0m[1;34m	threadid 46966523418368 -> core 1 - OK[0m[1;34m
[0m[1;34m	threadid 46966525519616 -> core 2 - OK[0m[1;34m
[0m[1;34m	threadid 46966527620864 -> core 3 - OK[0m[1;34m
[0m[1;34m	threadid 46966529722112 -> core 4 - OK[0m[1;34m
[0m[1;34m	threadid 46966531823360 -> core 5 - OK[0m[1;34m
[0m[1;34m	threadid 46966533924608 -> core 6 - OK[0m[1;34m
[0m[1;34m	threadid 46966536025856 -> core 7 - OK[0m[1;34m
[0miterations: 200
Total iterations: 49600800 LUP
FLOP: 11
Total work: 545608800 FLOP
performance: 2.488735 GLUP/s
Performance in GFLOP/s: 27.376086
size: 250000
time: 0.019930
[1;34m[pthread wrapper] 
[0m[1;34m[pthread wrapper] MAIN -> 0
[0m[1;34m[pthread wrapper] PIN_MASK: [0m[1;34m0->1  [0m[1;34m1->2  [0m[1;34m2->3  [0m[1;34m3->4  [0m[1;34m4->5  [0m[1;34m5->6  [0m[1;34m6->7  [0m[1;34m
[pthread wrapper] SKIP MASK: 0x0
[0m[1;34m	threadid 47609382827776 -> core 1 - OK[0m[1;34m
[0m[1;34m	threadid 47609384929024 -> core 2 - OK[0m[1;34m
[0m[1;34m	threadid 47609387030272 -> core 3 - OK[0m[1;34m
[0m[1;34m	threadid 47609389131520 -> core 4 - OK[0m[1;34m
[0m[1;34m	threadid 47609391232768 -> core 5 - OK[0m[1;34m
[0m[1;34m	threadid 47609393334016 -> core 6 - OK[0m[1;34m
[0m[1;34m	threadid 47609395435264 -> core 7 - OK[0m[1;34m
[0miterations: 200
Total iterations: 49600800 LUP
FLOP: 11
Total work: 545608800 FLOP
performance: 2.488884 GLUP/s
Performance in GFLOP/s: 27.377724
size: 250000
time: 0.019929
[1;34m[pthread wrapper] 
[0m[1;34m[pthread wrapper] MAIN -> 0
[0m[1;34m[pthread wrapper] PIN_MASK: [0m[1;34m0->1  [0m[1;34m1->2  [0m[1;34m2->3  [0m[1;34m3->4  [0m[1;34m4->5  [0m[1;34m5->6  [0m[1;34m6->7  [0m[1;34m
[pthread wrapper] SKIP MASK: 0x0
[0m[1;34m	threadid 47467530094336 -> core 1 - OK[0m[1;34m
[0m[1;34m	threadid 47467532195584 -> core 2 - OK[0m[1;34m
[0m[1;34m	threadid 47467534296832 -> core 3 - OK[0m[1;34m
[0m[1;34m	threadid 47467536398080 -> core 4 - OK[0m[1;34m
[0m[1;34m	threadid 47467538499328 -> core 5 - OK[0m[1;34m
[0m[1;34m	threadid 47467540600576 -> core 6 - OK[0m[1;34m
[0m[1;34m	threadid 47467542701824 -> core 7 - OK[0m[1;34m
[0miterations: 200
Total iterations: 49600800 LUP
FLOP: 11
Total work: 545608800 FLOP
performance: 2.485138 GLUP/s
Performance in GFLOP/s: 27.336517
size: 250000
time: 0.019959
[1;34m[pthread wrapper] 
[0m[1;34m[pthread wrapper] MAIN -> 0
[0m[1;34m[pthread wrapper] PIN_MASK: [0m[1;34m0->1  [0m[1;34m1->2  [0m[1;34m2->3  [0m[1;34m3->4  [0m[1;34m4->5  [0m[1;34m5->6  [0m[1;34m6->7  [0m[1;34m
[pthread wrapper] SKIP MASK: 0x0
[0m[1;34m	threadid 47498927425280 -> core 1 - OK[0m[1;34m
[0m[1;34m	threadid 47498929526528 -> core 2 - OK[0m[1;34m
[0m[1;34m	threadid 47498931627776 -> core 3 - OK[0m[1;34m
[0m[1;34m	threadid 47498933729024 -> core 4 - OK[0m[1;34m
[0m[1;34m	threadid 47498935830272 -> core 5 - OK[0m[1;34m
[0m[1;34m	threadid 47498937931520 -> core 6 - OK[0m[1;34m
[0m[1;34m	threadid 47498940032768 -> core 7 - OK[0m[1;34m
[0miterations: 200
Total iterations: 49600800 LUP
FLOP: 11
Total work: 545608800 FLOP
performance: 2.489360 GLUP/s
Performance in GFLOP/s: 27.382965
size: 250000
time: 0.019925
[1;34m[pthread wrapper] 
[0m[1;34m[pthread wrapper] MAIN -> 0
[0m[1;34m[pthread wrapper] PIN_MASK: [0m[1;34m0->1  [0m[1;34m1->2  [0m[1;34m2->3  [0m[1;34m3->4  [0m[1;34m4->5  [0m[1;34m5->6  [0m[1;34m6->7  [0m[1;34m
[pthread wrapper] SKIP MASK: 0x0
[0m[1;34m	threadid 47234637977344 -> core 1 - OK[0m[1;34m
[0m[1;34m	threadid 47234640078592 -> core 2 - OK[0m[1;34m
[0m[1;34m	threadid 47234642179840 -> core 3 - OK[0m[1;34m
[0m[1;34m	threadid 47234644281088 -> core 4 - OK[0m[1;34m
[0m[1;34m	threadid 47234646382336 -> core 5 - OK[0m[1;34m
[0m[1;34m	threadid 47234648483584 -> core 6 - OK[0m[1;34m
[0m[1;34m	threadid 47234650584832 -> core 7 - OK[0m[1;34m
[0miterations: 200
Total iterations: 49600800 LUP
FLOP: 11
Total work: 545608800 FLOP
performance: 2.487634 GLUP/s
Performance in GFLOP/s: 27.363974
size: 250000
time: 0.019939
[1;34m[pthread wrapper] 
[0m[1;34m[pthread wrapper] MAIN -> 0
[0m[1;34m[pthread wrapper] PIN_MASK: [0m[1;34m0->1  [0m[1;34m1->2  [0m[1;34m2->3  [0m[1;34m3->4  [0m[1;34m4->5  [0m[1;34m5->6  [0m[1;34m6->7  [0m[1;34m
[pthread wrapper] SKIP MASK: 0x0
[0m[1;34m	threadid 47132068296448 -> core 1 - OK[0m[1;34m
[0m[1;34m	threadid 47132070397696 -> core 2 - OK[0m[1;34m
[0m[1;34m	threadid 47132072498944 -> core 3 - OK[0m[1;34m
[0m[1;34m	threadid 47132074600192 -> core 4 - OK[0m[1;34m
[0m[1;34m	threadid 47132076701440 -> core 5 - OK[0m[1;34m
[0m[1;34m	threadid 47132078802688 -> core 6 - OK[0m[1;34m
[0m[1;34m	threadid 47132080903936 -> core 7 - OK[0m[1;34m
[0miterations: 200
Total iterations: 49600800 LUP
FLOP: 11
Total work: 545608800 FLOP
performance: 2.484515 GLUP/s
Performance in GFLOP/s: 27.329661
size: 250000
time: 0.019964
[1;34m[pthread wrapper] 
[0m[1;34m[pthread wrapper] MAIN -> 0
[0m[1;34m[pthread wrapper] PIN_MASK: [0m[1;34m0->1  [0m[1;34m1->2  [0m[1;34m2->3  [0m[1;34m3->4  [0m[1;34m4->5  [0m[1;34m5->6  [0m[1;34m6->7  [0m[1;34m
[pthread wrapper] SKIP MASK: 0x0
[0m[1;34m	threadid 47007327422208 -> core 1 - OK[0m[1;34m
[0m[1;34m	threadid 47007329523456 -> core 2 - OK[0m[1;34m
[0m[1;34m	threadid 47007331624704 -> core 3 - OK[0m[1;34m
[0m[1;34m	threadid 47007333725952 -> core 4 - OK[0m[1;34m
[0m[1;34m	threadid 47007335827200 -> core 5 - OK[0m[1;34m
[0m[1;34m	threadid 47007337928448 -> core 6 - OK[0m[1;34m
[0m[1;34m	threadid 47007340029696 -> core 7 - OK[0m[1;34m
[0miterations: 200
Total iterations: 49600800 LUP
FLOP: 11
Total work: 545608800 FLOP
performance: 2.489241 GLUP/s
Performance in GFLOP/s: 27.381655
size: 250000
time: 0.019926
