[1;34m[pthread wrapper] 
[0m[1;34m[pthread wrapper] MAIN -> 0
[0m[1;34m[pthread wrapper] PIN_MASK: [0m[1;34m0->1  [0m[1;34m1->2  [0m[1;34m2->3  [0m[1;34m3->4  [0m[1;34m4->5  [0m[1;34m5->6  [0m[1;34m6->7  [0m[1;34m7->8  [0m[1;34m8->9  [0m[1;34m9->10  [0m[1;34m10->11  [0m[1;34m11->12  [0m[1;34m12->13  [0m[1;34m13->14  [0m[1;34m14->15  [0m[1;34m15->16  [0m[1;34m16->17  [0m[1;34m17->18  [0m[1;34m18->19  [0m[1;34m
[pthread wrapper] SKIP MASK: 0x0
[0m[1;34m	threadid 47117374289664 -> core 1 - OK[0m[1;34m
[0m[1;34m	threadid 47117376390912 -> core 2 - OK[0m[1;34m
[0m[1;34m	threadid 47117378492160 -> core 3 - OK[0m[1;34m
[0m[1;34m	threadid 47117380593408 -> core 4 - OK[0m[1;34m
[0m[1;34m	threadid 47117382694656 -> core 5 - OK[0m[1;34m
[0m[1;34m	threadid 47117384795904 -> core 6 - OK[0m[1;34m
[0m[1;34m	threadid 47117386897152 -> core 7 - OK[0m[1;34m
[0m[1;34m	threadid 47117388998400 -> core 8 - OK[0m[1;34m
[0m[1;34m	threadid 47117391099648 -> core 9 - OK[0m[1;34m
[0m[1;34m	threadid 47117393200896 -> core 10 - OK[0m[1;34m
[0m[1;34m	threadid 47117395302144 -> core 11 - OK[0m[1;34m
[0m[1;34m	threadid 47117397403392 -> core 12 - OK[0m[1;34m
[0m[1;34m	threadid 47117399504640 -> core 13 - OK[0m[1;34m
[0m[1;34m	threadid 47117401605888 -> core 14 - OK[0m[1;34m
[0m[1;34m	threadid 47117403707136 -> core 15 - OK[0m[1;34m
[0m[1;34m	threadid 47117405808384 -> core 16 - OK[0m[1;34m
[0m[1;34m	threadid 47117407909632 -> core 17 - OK[0m[1;34m
[0m[1;34m	threadid 47117410010880 -> core 18 - OK[0m[1;34m
[0m[1;34m	threadid 47117412112128 -> core 19 - OK[0m[1;34m
[0miterations: 120
Total iterations: 1078560480 LUP
FLOP: 11
Total work: 11864165280 FLOP
performance: 4.334318 GLUP/s
Performance in GFLOP/s: 47.677503
size: 9000000
time: 0.248842
[1;34m[pthread wrapper] 
[0m[1;34m[pthread wrapper] MAIN -> 0
[0m[1;34m[pthread wrapper] PIN_MASK: [0m[1;34m0->1  [0m[1;34m1->2  [0m[1;34m2->3  [0m[1;34m3->4  [0m[1;34m4->5  [0m[1;34m5->6  [0m[1;34m6->7  [0m[1;34m7->8  [0m[1;34m8->9  [0m[1;34m9->10  [0m[1;34m10->11  [0m[1;34m11->12  [0m[1;34m12->13  [0m[1;34m13->14  [0m[1;34m14->15  [0m[1;34m15->16  [0m[1;34m16->17  [0m[1;34m17->18  [0m[1;34m18->19  [0m[1;34m
[pthread wrapper] SKIP MASK: 0x0
[0m[1;34m	threadid 47064284612352 -> core 1 - OK[0m[1;34m
[0m[1;34m	threadid 47064286713600 -> core 2 - OK[0m[1;34m
[0m[1;34m	threadid 47064288814848 -> core 3 - OK[0m[1;34m
[0m[1;34m	threadid 47064290916096 -> core 4 - OK[0m[1;34m
[0m[1;34m	threadid 47064293017344 -> core 5 - OK[0m[1;34m
[0m[1;34m	threadid 47064295118592 -> core 6 - OK[0m[1;34m
[0m[1;34m	threadid 47064297219840 -> core 7 - OK[0m[1;34m
[0m[1;34m	threadid 47064299321088 -> core 8 - OK[0m[1;34m
[0m[1;34m	threadid 47064301422336 -> core 9 - OK[0m[1;34m
[0m[1;34m	threadid 47064303523584 -> core 10 - OK[0m[1;34m
[0m[1;34m	threadid 47064305624832 -> core 11 - OK[0m[1;34m
[0m[1;34m	threadid 47064307726080 -> core 12 - OK[0m[1;34m
[0m[1;34m	threadid 47064309827328 -> core 13 - OK[0m[1;34m
[0m[1;34m	threadid 47064311928576 -> core 14 - OK[0m[1;34m
[0m[1;34m	threadid 47064314029824 -> core 15 - OK[0m[1;34m
[0m[1;34m	threadid 47064316131072 -> core 16 - OK[0m[1;34m
[0m[1;34m	threadid 47064318232320 -> core 17 - OK[0m[1;34m
[0m[1;34m	threadid 47064320333568 -> core 18 - OK[0m[1;34m
[0m[1;34m	threadid 47064322434816 -> core 19 - OK[0m[1;34m
[0miterations: 120
Total iterations: 1078560480 LUP
FLOP: 11
Total work: 11864165280 FLOP
performance: 4.429042 GLUP/s
Performance in GFLOP/s: 48.719465
size: 9000000
time: 0.243520
[1;34m[pthread wrapper] 
[0m[1;34m[pthread wrapper] MAIN -> 0
[0m[1;34m[pthread wrapper] PIN_MASK: [0m[1;34m0->1  [0m[1;34m1->2  [0m[1;34m2->3  [0m[1;34m3->4  [0m[1;34m4->5  [0m[1;34m5->6  [0m[1;34m6->7  [0m[1;34m7->8  [0m[1;34m8->9  [0m[1;34m9->10  [0m[1;34m10->11  [0m[1;34m11->12  [0m[1;34m12->13  [0m[1;34m13->14  [0m[1;34m14->15  [0m[1;34m15->16  [0m[1;34m16->17  [0m[1;34m17->18  [0m[1;34m18->19  [0m[1;34m
[pthread wrapper] SKIP MASK: 0x0
[0m[1;34m	threadid 47219841611520 -> core 1 - OK[0m[1;34m
[0m[1;34m	threadid 47219843712768 -> core 2 - OK[0m[1;34m
[0m[1;34m	threadid 47219845814016 -> core 3 - OK[0m[1;34m
[0m[1;34m	threadid 47219847915264 -> core 4 - OK[0m[1;34m
[0m[1;34m	threadid 47219850016512 -> core 5 - OK[0m[1;34m
[0m[1;34m	threadid 47219852117760 -> core 6 - OK[0m[1;34m
[0m[1;34m	threadid 47219854219008 -> core 7 - OK[0m[1;34m
[0m[1;34m	threadid 47219856320256 -> core 8 - OK[0m[1;34m
[0m[1;34m	threadid 47219858421504 -> core 9 - OK[0m[1;34m
[0m[1;34m	threadid 47219860522752 -> core 10 - OK[0m[1;34m
[0m[1;34m	threadid 47219862624000 -> core 11 - OK[0m[1;34m
[0m[1;34m	threadid 47219864725248 -> core 12 - OK[0m[1;34m
[0m[1;34m	threadid 47219866826496 -> core 13 - OK[0m[1;34m
[0m[1;34m	threadid 47219868927744 -> core 14 - OK[0m[1;34m
[0m[1;34m	threadid 47219871028992 -> core 15 - OK[0m[1;34m
[0m[1;34m	threadid 47219873130240 -> core 16 - OK[0m[1;34m
[0m[1;34m	threadid 47219875231488 -> core 17 - OK[0m[1;34m
[0m[1;34m	threadid 47219877332736 -> core 18 - OK[0m[1;34m
[0m[1;34m	threadid 47219879433984 -> core 19 - OK[0m[1;34m
[0miterations: 120
Total iterations: 1078560480 LUP
FLOP: 11
Total work: 11864165280 FLOP
performance: 4.335818 GLUP/s
Performance in GFLOP/s: 47.693999
size: 9000000
time: 0.248756
[1;34m[pthread wrapper] 
[0m[1;34m[pthread wrapper] MAIN -> 0
[0m[1;34m[pthread wrapper] PIN_MASK: [0m[1;34m0->1  [0m[1;34m1->2  [0m[1;34m2->3  [0m[1;34m3->4  [0m[1;34m4->5  [0m[1;34m5->6  [0m[1;34m6->7  [0m[1;34m7->8  [0m[1;34m8->9  [0m[1;34m9->10  [0m[1;34m10->11  [0m[1;34m11->12  [0m[1;34m12->13  [0m[1;34m13->14  [0m[1;34m14->15  [0m[1;34m15->16  [0m[1;34m16->17  [0m[1;34m17->18  [0m[1;34m18->19  [0m[1;34m
[pthread wrapper] SKIP MASK: 0x0
[0m[1;34m	threadid 47038929643264 -> core 1 - OK[0m[1;34m
[0m[1;34m	threadid 47038931744512 -> core 2 - OK[0m[1;34m
[0m[1;34m	threadid 47038933845760 -> core 3 - OK[0m[1;34m
[0m[1;34m	threadid 47038935947008 -> core 4 - OK[0m[1;34m
[0m[1;34m	threadid 47038938048256 -> core 5 - OK[0m[1;34m
[0m[1;34m	threadid 47038940149504 -> core 6 - OK[0m[1;34m
[0m[1;34m	threadid 47038942250752 -> core 7 - OK[0m[1;34m
[0m[1;34m	threadid 47038944352000 -> core 8 - OK[0m[1;34m
[0m[1;34m	threadid 47038946453248 -> core 9 - OK[0m[1;34m
[0m[1;34m	threadid 47038948554496 -> core 10 - OK[0m[1;34m
[0m[1;34m	threadid 47038950655744 -> core 11 - OK[0m[1;34m
[0m[1;34m	threadid 47038952756992 -> core 12 - OK[0m[1;34m
[0m[1;34m	threadid 47038954858240 -> core 13 - OK[0m[1;34m
[0m[1;34m	threadid 47038956959488 -> core 14 - OK[0m[1;34m
[0m[1;34m	threadid 47038959060736 -> core 15 - OK[0m[1;34m
[0m[1;34m	threadid 47038961161984 -> core 16 - OK[0m[1;34m
[0m[1;34m	threadid 47038963263232 -> core 17 - OK[0m[1;34m
[0m[1;34m	threadid 47038965364480 -> core 18 - OK[0m[1;34m
[0m[1;34m	threadid 47038967465728 -> core 19 - OK[0m[1;34m
[0miterations: 120
Total iterations: 1078560480 LUP
FLOP: 11
Total work: 11864165280 FLOP
performance: 4.386802 GLUP/s
Performance in GFLOP/s: 48.254821
size: 9000000
time: 0.245865
[1;34m[pthread wrapper] 
[0m[1;34m[pthread wrapper] MAIN -> 0
[0m[1;34m[pthread wrapper] PIN_MASK: [0m[1;34m0->1  [0m[1;34m1->2  [0m[1;34m2->3  [0m[1;34m3->4  [0m[1;34m4->5  [0m[1;34m5->6  [0m[1;34m6->7  [0m[1;34m7->8  [0m[1;34m8->9  [0m[1;34m9->10  [0m[1;34m10->11  [0m[1;34m11->12  [0m[1;34m12->13  [0m[1;34m13->14  [0m[1;34m14->15  [0m[1;34m15->16  [0m[1;34m16->17  [0m[1;34m17->18  [0m[1;34m18->19  [0m[1;34m
[pthread wrapper] SKIP MASK: 0x0
[0m[1;34m	threadid 47795025180416 -> core 1 - OK[0m[1;34m
[0m[1;34m	threadid 47795027281664 -> core 2 - OK[0m[1;34m
[0m[1;34m	threadid 47795029382912 -> core 3 - OK[0m[1;34m
[0m[1;34m	threadid 47795031484160 -> core 4 - OK[0m[1;34m
[0m[1;34m	threadid 47795033585408 -> core 5 - OK[0m[1;34m
[0m[1;34m	threadid 47795035686656 -> core 6 - OK[0m[1;34m
[0m[1;34m	threadid 47795037787904 -> core 7 - OK[0m[1;34m
[0m[1;34m	threadid 47795039889152 -> core 8 - OK[0m[1;34m
[0m[1;34m	threadid 47795041990400 -> core 9 - OK[0m[1;34m
[0m[1;34m	threadid 47795044091648 -> core 10 - OK[0m[1;34m
[0m[1;34m	threadid 47795046192896 -> core 11 - OK[0m[1;34m
[0m[1;34m	threadid 47795048294144 -> core 12 - OK[0m[1;34m
[0m[1;34m	threadid 47795050395392 -> core 13 - OK[0m[1;34m
[0m[1;34m	threadid 47795052496640 -> core 14 - OK[0m[1;34m
[0m[1;34m	threadid 47795054597888 -> core 15 - OK[0m[1;34m
[0m[1;34m	threadid 47795056699136 -> core 16 - OK[0m[1;34m
[0m[1;34m	threadid 47795058800384 -> core 17 - OK[0m[1;34m
[0m[1;34m	threadid 47795060901632 -> core 18 - OK[0m[1;34m
[0m[1;34m	threadid 47795063002880 -> core 19 - OK[0m[1;34m
[0miterations: 120
Total iterations: 1078560480 LUP
FLOP: 11
Total work: 11864165280 FLOP
performance: 4.434852 GLUP/s
Performance in GFLOP/s: 48.783370
size: 9000000
time: 0.243201
[1;34m[pthread wrapper] 
[0m[1;34m[pthread wrapper] MAIN -> 0
[0m[1;34m[pthread wrapper] PIN_MASK: [0m[1;34m0->1  [0m[1;34m1->2  [0m[1;34m2->3  [0m[1;34m3->4  [0m[1;34m4->5  [0m[1;34m5->6  [0m[1;34m6->7  [0m[1;34m7->8  [0m[1;34m8->9  [0m[1;34m9->10  [0m[1;34m10->11  [0m[1;34m11->12  [0m[1;34m12->13  [0m[1;34m13->14  [0m[1;34m14->15  [0m[1;34m15->16  [0m[1;34m16->17  [0m[1;34m17->18  [0m[1;34m18->19  [0m[1;34m
[pthread wrapper] SKIP MASK: 0x0
[0m[1;34m	threadid 47145451423488 -> core 1 - OK[0m[1;34m
[0m[1;34m	threadid 47145453524736 -> core 2 - OK[0m[1;34m
[0m[1;34m	threadid 47145455625984 -> core 3 - OK[0m[1;34m
[0m[1;34m	threadid 47145457727232 -> core 4 - OK[0m[1;34m
[0m[1;34m	threadid 47145459828480 -> core 5 - OK[0m[1;34m
[0m[1;34m	threadid 47145461929728 -> core 6 - OK[0m[1;34m
[0m[1;34m	threadid 47145464030976 -> core 7 - OK[0m[1;34m
[0m[1;34m	threadid 47145466132224 -> core 8 - OK[0m[1;34m
[0m[1;34m	threadid 47145468233472 -> core 9 - OK[0m[1;34m
[0m[1;34m	threadid 47145470334720 -> core 10 - OK[0m[1;34m
[0m[1;34m	threadid 47145472435968 -> core 11 - OK[0m[1;34m
[0m[1;34m	threadid 47145474537216 -> core 12 - OK[0m[1;34m
[0m[1;34m	threadid 47145476638464 -> core 13 - OK[0m[1;34m
[0m[1;34m	threadid 47145478739712 -> core 14 - OK[0m[1;34m
[0m[1;34m	threadid 47145480840960 -> core 15 - OK[0m[1;34m
[0m[1;34m	threadid 47145482942208 -> core 16 - OK[0m[1;34m
[0m[1;34m	threadid 47145485043456 -> core 17 - OK[0m[1;34m
[0m[1;34m	threadid 47145487144704 -> core 18 - OK[0m[1;34m
[0m[1;34m	threadid 47145489245952 -> core 19 - OK[0m[1;34m
[0miterations: 120
Total iterations: 1078560480 LUP
FLOP: 11
Total work: 11864165280 FLOP
performance: 4.387529 GLUP/s
Performance in GFLOP/s: 48.262824
size: 9000000
time: 0.245824
[1;34m[pthread wrapper] 
[0m[1;34m[pthread wrapper] MAIN -> 0
[0m[1;34m[pthread wrapper] PIN_MASK: [0m[1;34m0->1  [0m[1;34m1->2  [0m[1;34m2->3  [0m[1;34m3->4  [0m[1;34m4->5  [0m[1;34m5->6  [0m[1;34m6->7  [0m[1;34m7->8  [0m[1;34m8->9  [0m[1;34m9->10  [0m[1;34m10->11  [0m[1;34m11->12  [0m[1;34m12->13  [0m[1;34m13->14  [0m[1;34m14->15  [0m[1;34m15->16  [0m[1;34m16->17  [0m[1;34m17->18  [0m[1;34m18->19  [0m[1;34m
[pthread wrapper] SKIP MASK: 0x0
[0m[1;34m	threadid 48004240320256 -> core 1 - OK[0m[1;34m
[0m[1;34m	threadid 48004242421504 -> core 2 - OK[0m[1;34m
[0m[1;34m	threadid 48004244522752 -> core 3 - OK[0m[1;34m
[0m[1;34m	threadid 48004246624000 -> core 4 - OK[0m[1;34m
[0m[1;34m	threadid 48004248725248 -> core 5 - OK[0m[1;34m
[0m[1;34m	threadid 48004250826496 -> core 6 - OK[0m[1;34m
[0m[1;34m	threadid 48004252927744 -> core 7 - OK[0m[1;34m
[0m[1;34m	threadid 48004255028992 -> core 8 - OK[0m[1;34m
[0m[1;34m	threadid 48004257130240 -> core 9 - OK[0m[1;34m
[0m[1;34m	threadid 48004259231488 -> core 10 - OK[0m[1;34m
[0m[1;34m	threadid 48004261332736 -> core 11 - OK[0m[1;34m
[0m[1;34m	threadid 48004263433984 -> core 12 - OK[0m[1;34m
[0m[1;34m	threadid 48004265535232 -> core 13 - OK[0m[1;34m
[0m[1;34m	threadid 48004267636480 -> core 14 - OK[0m[1;34m
[0m[1;34m	threadid 48004269737728 -> core 15 - OK[0m[1;34m
[0m[1;34m	threadid 48004271838976 -> core 16 - OK[0m[1;34m
[0m[1;34m	threadid 48004273940224 -> core 17 - OK[0m[1;34m
[0m[1;34m	threadid 48004276041472 -> core 18 - OK[0m[1;34m
[0m[1;34m	threadid 48004278142720 -> core 19 - OK[0m[1;34m
[0miterations: 120
Total iterations: 1078560480 LUP
FLOP: 11
Total work: 11864165280 FLOP
performance: 4.420711 GLUP/s
Performance in GFLOP/s: 48.627818
size: 9000000
time: 0.243979
[1;34m[pthread wrapper] 
[0m[1;34m[pthread wrapper] MAIN -> 0
[0m[1;34m[pthread wrapper] PIN_MASK: [0m[1;34m0->1  [0m[1;34m1->2  [0m[1;34m2->3  [0m[1;34m3->4  [0m[1;34m4->5  [0m[1;34m5->6  [0m[1;34m6->7  [0m[1;34m7->8  [0m[1;34m8->9  [0m[1;34m9->10  [0m[1;34m10->11  [0m[1;34m11->12  [0m[1;34m12->13  [0m[1;34m13->14  [0m[1;34m14->15  [0m[1;34m15->16  [0m[1;34m16->17  [0m[1;34m17->18  [0m[1;34m18->19  [0m[1;34m
[pthread wrapper] SKIP MASK: 0x0
[0m[1;34m	threadid 47568011450112 -> core 1 - OK[0m[1;34m
[0m[1;34m	threadid 47568013551360 -> core 2 - OK[0m[1;34m
[0m[1;34m	threadid 47568015652608 -> core 3 - OK[0m[1;34m
[0m[1;34m	threadid 47568017753856 -> core 4 - OK[0m[1;34m
[0m[1;34m	threadid 47568019855104 -> core 5 - OK[0m[1;34m
[0m[1;34m	threadid 47568021956352 -> core 6 - OK[0m[1;34m
[0m[1;34m	threadid 47568024057600 -> core 7 - OK[0m[1;34m
[0m[1;34m	threadid 47568026158848 -> core 8 - OK[0m[1;34m
[0m[1;34m	threadid 47568028260096 -> core 9 - OK[0m[1;34m
[0m[1;34m	threadid 47568030361344 -> core 10 - OK[0m[1;34m
[0m[1;34m	threadid 47568032462592 -> core 11 - OK[0m[1;34m
[0m[1;34m	threadid 47568034563840 -> core 12 - OK[0m[1;34m
[0m[1;34m	threadid 47568036665088 -> core 13 - OK[0m[1;34m
[0m[1;34m	threadid 47568038766336 -> core 14 - OK[0m[1;34m
[0m[1;34m	threadid 47568040867584 -> core 15 - OK[0m[1;34m
[0m[1;34m	threadid 47568042968832 -> core 16 - OK[0m[1;34m
[0m[1;34m	threadid 47568045070080 -> core 17 - OK[0m[1;34m
[0m[1;34m	threadid 47568047171328 -> core 18 - OK[0m[1;34m
[0m[1;34m	threadid 47568049272576 -> core 19 - OK[0m[1;34m
[0miterations: 120
Total iterations: 1078560480 LUP
FLOP: 11
Total work: 11864165280 FLOP
performance: 4.299673 GLUP/s
Performance in GFLOP/s: 47.296402
size: 9000000
time: 0.250847
[1;34m[pthread wrapper] 
[0m[1;34m[pthread wrapper] MAIN -> 0
[0m[1;34m[pthread wrapper] PIN_MASK: [0m[1;34m0->1  [0m[1;34m1->2  [0m[1;34m2->3  [0m[1;34m3->4  [0m[1;34m4->5  [0m[1;34m5->6  [0m[1;34m6->7  [0m[1;34m7->8  [0m[1;34m8->9  [0m[1;34m9->10  [0m[1;34m10->11  [0m[1;34m11->12  [0m[1;34m12->13  [0m[1;34m13->14  [0m[1;34m14->15  [0m[1;34m15->16  [0m[1;34m16->17  [0m[1;34m17->18  [0m[1;34m18->19  [0m[1;34m
[pthread wrapper] SKIP MASK: 0x0
[0m[1;34m	threadid 47053720770304 -> core 1 - OK[0m[1;34m
[0m[1;34m	threadid 47053722871552 -> core 2 - OK[0m[1;34m
[0m[1;34m	threadid 47053724972800 -> core 3 - OK[0m[1;34m
[0m[1;34m	threadid 47053727074048 -> core 4 - OK[0m[1;34m
[0m[1;34m	threadid 47053729175296 -> core 5 - OK[0m[1;34m
[0m[1;34m	threadid 47053731276544 -> core 6 - OK[0m[1;34m
[0m[1;34m	threadid 47053733377792 -> core 7 - OK[0m[1;34m
[0m[1;34m	threadid 47053735479040 -> core 8 - OK[0m[1;34m
[0m[1;34m	threadid 47053737580288 -> core 9 - OK[0m[1;34m
[0m[1;34m	threadid 47053739681536 -> core 10 - OK[0m[1;34m
[0m[1;34m	threadid 47053741782784 -> core 11 - OK[0m[1;34m
[0m[1;34m	threadid 47053743884032 -> core 12 - OK[0m[1;34m
[0m[1;34m	threadid 47053745985280 -> core 13 - OK[0m[1;34m
[0m[1;34m	threadid 47053748086528 -> core 14 - OK[0m[1;34m
[0m[1;34m	threadid 47053750187776 -> core 15 - OK[0m[1;34m
[0m[1;34m	threadid 47053752289024 -> core 16 - OK[0m[1;34m
[0m[1;34m	threadid 47053754390272 -> core 17 - OK[0m[1;34m
[0m[1;34m	threadid 47053756491520 -> core 18 - OK[0m[1;34m
[0m[1;34m	threadid 47053758592768 -> core 19 - OK[0m[1;34m
[0miterations: 120
Total iterations: 1078560480 LUP
FLOP: 11
Total work: 11864165280 FLOP
performance: 4.385105 GLUP/s
Performance in GFLOP/s: 48.236158
size: 9000000
time: 0.245960
[1;34m[pthread wrapper] 
[0m[1;34m[pthread wrapper] MAIN -> 0
[0m[1;34m[pthread wrapper] PIN_MASK: [0m[1;34m0->1  [0m[1;34m1->2  [0m[1;34m2->3  [0m[1;34m3->4  [0m[1;34m4->5  [0m[1;34m5->6  [0m[1;34m6->7  [0m[1;34m7->8  [0m[1;34m8->9  [0m[1;34m9->10  [0m[1;34m10->11  [0m[1;34m11->12  [0m[1;34m12->13  [0m[1;34m13->14  [0m[1;34m14->15  [0m[1;34m15->16  [0m[1;34m16->17  [0m[1;34m17->18  [0m[1;34m18->19  [0m[1;34m
[pthread wrapper] SKIP MASK: 0x0
[0m[1;34m	threadid 46926086330112 -> core 1 - OK[0m[1;34m
[0m[1;34m	threadid 46926088431360 -> core 2 - OK[0m[1;34m
[0m[1;34m	threadid 46926090532608 -> core 3 - OK[0m[1;34m
[0m[1;34m	threadid 46926092633856 -> core 4 - OK[0m[1;34m
[0m[1;34m	threadid 46926094735104 -> core 5 - OK[0m[1;34m
[0m[1;34m	threadid 46926096836352 -> core 6 - OK[0m[1;34m
[0m[1;34m	threadid 46926098937600 -> core 7 - OK[0m[1;34m
[0m[1;34m	threadid 46926101038848 -> core 8 - OK[0m[1;34m
[0m[1;34m	threadid 46926103140096 -> core 9 - OK[0m[1;34m
[0m[1;34m	threadid 46926105241344 -> core 10 - OK[0m[1;34m
[0m[1;34m	threadid 46926107342592 -> core 11 - OK[0m[1;34m
[0m[1;34m	threadid 46926109443840 -> core 12 - OK[0m[1;34m
[0m[1;34m	threadid 46926111545088 -> core 13 - OK[0m[1;34m
[0m[1;34m	threadid 46926113646336 -> core 14 - OK[0m[1;34m
[0m[1;34m	threadid 46926115747584 -> core 15 - OK[0m[1;34m
[0m[1;34m	threadid 46926117848832 -> core 16 - OK[0m[1;34m
[0m[1;34m	threadid 46926119950080 -> core 17 - OK[0m[1;34m
[0m[1;34m	threadid 46926122051328 -> core 18 - OK[0m[1;34m
[0m[1;34m	threadid 46926124152576 -> core 19 - OK[0m[1;34m
[0miterations: 120
Total iterations: 1078560480 LUP
FLOP: 11
Total work: 11864165280 FLOP
performance: 4.406406 GLUP/s
Performance in GFLOP/s: 48.470469
size: 9000000
time: 0.244771
