iterations: 120
Total iterations: 1078560480 LUP
FLOP: 11
Total work: 11864165280 FLOP
performance: 0.496649 GLUP/s
Performance in GFLOP/s: 5.463136
size: 9000000
time: 2.171677
iterations: 120
Total iterations: 1078560480 LUP
FLOP: 11
Total work: 11864165280 FLOP
performance: 0.495949 GLUP/s
Performance in GFLOP/s: 5.455441
size: 9000000
time: 2.174740
iterations: 120
Total iterations: 1078560480 LUP
FLOP: 11
Total work: 11864165280 FLOP
performance: 0.497743 GLUP/s
Performance in GFLOP/s: 5.475171
size: 9000000
time: 2.166903
iterations: 120
Total iterations: 1078560480 LUP
FLOP: 11
Total work: 11864165280 FLOP
performance: 0.497485 GLUP/s
Performance in GFLOP/s: 5.472333
size: 9000000
time: 2.168027
iterations: 120
Total iterations: 1078560480 LUP
FLOP: 11
Total work: 11864165280 FLOP
performance: 0.496820 GLUP/s
Performance in GFLOP/s: 5.465023
size: 9000000
time: 2.170927
iterations: 120
Total iterations: 1078560480 LUP
FLOP: 11
Total work: 11864165280 FLOP
performance: 0.498394 GLUP/s
Performance in GFLOP/s: 5.482331
size: 9000000
time: 2.164073
iterations: 120
Total iterations: 1078560480 LUP
FLOP: 11
Total work: 11864165280 FLOP
performance: 0.497752 GLUP/s
Performance in GFLOP/s: 5.475277
size: 9000000
time: 2.166861
iterations: 120
Total iterations: 1078560480 LUP
FLOP: 11
Total work: 11864165280 FLOP
performance: 0.497356 GLUP/s
Performance in GFLOP/s: 5.470920
size: 9000000
time: 2.168587
iterations: 120
Total iterations: 1078560480 LUP
FLOP: 11
Total work: 11864165280 FLOP
performance: 0.498178 GLUP/s
Performance in GFLOP/s: 5.479959
size: 9000000
time: 2.165010
iterations: 120
Total iterations: 1078560480 LUP
FLOP: 11
Total work: 11864165280 FLOP
performance: 0.498000 GLUP/s
Performance in GFLOP/s: 5.477998
size: 9000000
time: 2.165785
