[1;34m[pthread wrapper] 
[0m[1;34m[pthread wrapper] MAIN -> 0
[0m[1;34m[pthread wrapper] PIN_MASK: [0m[1;34m0->1  [0m[1;34m1->2  [0m[1;34m2->3  [0m[1;34m3->4  [0m[1;34m4->5  [0m[1;34m5->6  [0m[1;34m6->7  [0m[1;34m7->8  [0m[1;34m8->9  [0m[1;34m9->20  [0m[1;34m10->21  [0m[1;34m11->22  [0m[1;34m12->23  [0m[1;34m13->24  [0m[1;34m14->25  [0m[1;34m15->26  [0m[1;34m16->27  [0m[1;34m17->28  [0m[1;34m18->29  [0m[1;34m
[pthread wrapper] SKIP MASK: 0x0
[0m[1;34m	threadid 47544289765120 -> core 1 - OK[0m[1;34m
[0m[1;34m	threadid 47544291866368 -> core 2 - OK[0m[1;34m
[0m[1;34m	threadid 47544293967616 -> core 3 - OK[0m[1;34m
[0m[1;34m	threadid 47544296068864 -> core 4 - OK[0m[1;34m
[0m[1;34m	threadid 47544298170112 -> core 5 - OK[0m[1;34m
[0m[1;34m	threadid 47544300271360 -> core 6 - OK[0m[1;34m
[0m[1;34m	threadid 47544302372608 -> core 7 - OK[0m[1;34m
[0m[1;34m	threadid 47544304473856 -> core 8 - OK[0m[1;34m
[0m[1;34m	threadid 47544306575104 -> core 9 - OK[0m[1;34m
[0m[1;34m	threadid 47544308676352 -> core 20 - OK[0m[1;34m
[0m[1;34m	threadid 47544310777600 -> core 21 - OK[0m[1;34m
[0m[1;34m	threadid 47544312878848 -> core 22 - OK[0m[1;34m
[0m[1;34m	threadid 47544314980096 -> core 23 - OK[0m[1;34m
[0m[1;34m	threadid 47544317081344 -> core 24 - OK[0m[1;34m
[0m[1;34m	threadid 47544319182592 -> core 25 - OK[0m[1;34m
[0m[1;34m	threadid 47544321283840 -> core 26 - OK[0m[1;34m
[0m[1;34m	threadid 47544323385088 -> core 27 - OK[0m[1;34m
[0m[1;34m	threadid 47544325486336 -> core 28 - OK[0m[1;34m
[0m[1;34m	threadid 47544327587584 -> core 29 - OK[0m[1;34m
[0miterations: 100
Total iterations: 898800400 LUP
FLOP: 11
Total work: 9886804400 FLOP
performance: 3.097089 GLUP/s
Performance in GFLOP/s: 34.067982
size: 9000000
time: 0.290208
[1;34m[pthread wrapper] 
[0m[1;34m[pthread wrapper] MAIN -> 0
[0m[1;34m[pthread wrapper] PIN_MASK: [0m[1;34m0->1  [0m[1;34m1->2  [0m[1;34m2->3  [0m[1;34m3->4  [0m[1;34m4->5  [0m[1;34m5->6  [0m[1;34m6->7  [0m[1;34m7->8  [0m[1;34m8->9  [0m[1;34m9->20  [0m[1;34m10->21  [0m[1;34m11->22  [0m[1;34m12->23  [0m[1;34m13->24  [0m[1;34m14->25  [0m[1;34m15->26  [0m[1;34m16->27  [0m[1;34m17->28  [0m[1;34m18->29  [0m[1;34m
[pthread wrapper] SKIP MASK: 0x0
[0m[1;34m	threadid 47510152505088 -> core 1 - OK[0m[1;34m
[0m[1;34m	threadid 47510154606336 -> core 2 - OK[0m[1;34m
[0m[1;34m	threadid 47510156707584 -> core 3 - OK[0m[1;34m
[0m[1;34m	threadid 47510158808832 -> core 4 - OK[0m[1;34m
[0m[1;34m	threadid 47510160910080 -> core 5 - OK[0m[1;34m
[0m[1;34m	threadid 47510163011328 -> core 6 - OK[0m[1;34m
[0m[1;34m	threadid 47510165112576 -> core 7 - OK[0m[1;34m
[0m[1;34m	threadid 47510167213824 -> core 8 - OK[0m[1;34m
[0m[1;34m	threadid 47510169315072 -> core 9 - OK[0m[1;34m
[0m[1;34m	threadid 47510171416320 -> core 20 - OK[0m[1;34m
[0m[1;34m	threadid 47510173517568 -> core 21 - OK[0m[1;34m
[0m[1;34m	threadid 47510175618816 -> core 22 - OK[0m[1;34m
[0m[1;34m	threadid 47510177720064 -> core 23 - OK[0m[1;34m
[0m[1;34m	threadid 47510179821312 -> core 24 - OK[0m[1;34m
[0m[1;34m	threadid 47510181922560 -> core 25 - OK[0m[1;34m
[0m[1;34m	threadid 47510184023808 -> core 26 - OK[0m[1;34m
[0m[1;34m	threadid 47510186125056 -> core 27 - OK[0m[1;34m
[0m[1;34m	threadid 47510188226304 -> core 28 - OK[0m[1;34m
[0m[1;34m	threadid 47510190327552 -> core 29 - OK[0m[1;34m
[0miterations: 100
Total iterations: 898800400 LUP
FLOP: 11
Total work: 9886804400 FLOP
performance: 3.095416 GLUP/s
Performance in GFLOP/s: 34.049576
size: 9000000
time: 0.290365
[1;34m[pthread wrapper] 
[0m[1;34m[pthread wrapper] MAIN -> 0
[0m[1;34m[pthread wrapper] PIN_MASK: [0m[1;34m0->1  [0m[1;34m1->2  [0m[1;34m2->3  [0m[1;34m3->4  [0m[1;34m4->5  [0m[1;34m5->6  [0m[1;34m6->7  [0m[1;34m7->8  [0m[1;34m8->9  [0m[1;34m9->20  [0m[1;34m10->21  [0m[1;34m11->22  [0m[1;34m12->23  [0m[1;34m13->24  [0m[1;34m14->25  [0m[1;34m15->26  [0m[1;34m16->27  [0m[1;34m17->28  [0m[1;34m18->29  [0m[1;34m
[pthread wrapper] SKIP MASK: 0x0
[0m[1;34m	threadid 47218244380416 -> core 1 - OK[0m[1;34m
[0m[1;34m	threadid 47218246481664 -> core 2 - OK[0m[1;34m
[0m[1;34m	threadid 47218248582912 -> core 3 - OK[0m[1;34m
[0m[1;34m	threadid 47218250684160 -> core 4 - OK[0m[1;34m
[0m[1;34m	threadid 47218252785408 -> core 5 - OK[0m[1;34m
[0m[1;34m	threadid 47218254886656 -> core 6 - OK[0m[1;34m
[0m[1;34m	threadid 47218256987904 -> core 7 - OK[0m[1;34m
[0m[1;34m	threadid 47218259089152 -> core 8 - OK[0m[1;34m
[0m[1;34m	threadid 47218261190400 -> core 9 - OK[0m[1;34m
[0m[1;34m	threadid 47218263291648 -> core 20 - OK[0m[1;34m
[0m[1;34m	threadid 47218265392896 -> core 21 - OK[0m[1;34m
[0m[1;34m	threadid 47218267494144 -> core 22 - OK[0m[1;34m
[0m[1;34m	threadid 47218269595392 -> core 23 - OK[0m[1;34m
[0m[1;34m	threadid 47218271696640 -> core 24 - OK[0m[1;34m
[0m[1;34m	threadid 47218273797888 -> core 25 - OK[0m[1;34m
[0m[1;34m	threadid 47218275899136 -> core 26 - OK[0m[1;34m
[0m[1;34m	threadid 47218278000384 -> core 27 - OK[0m[1;34m
[0m[1;34m	threadid 47218280101632 -> core 28 - OK[0m[1;34m
[0m[1;34m	threadid 47218282202880 -> core 29 - OK[0m[1;34m
[0miterations: 100
Total iterations: 898800400 LUP
FLOP: 11
Total work: 9886804400 FLOP
performance: 3.096697 GLUP/s
Performance in GFLOP/s: 34.063672
size: 9000000
time: 0.290245
[1;34m[pthread wrapper] 
[0m[1;34m[pthread wrapper] MAIN -> 0
[0m[1;34m[pthread wrapper] PIN_MASK: [0m[1;34m0->1  [0m[1;34m1->2  [0m[1;34m2->3  [0m[1;34m3->4  [0m[1;34m4->5  [0m[1;34m5->6  [0m[1;34m6->7  [0m[1;34m7->8  [0m[1;34m8->9  [0m[1;34m9->20  [0m[1;34m10->21  [0m[1;34m11->22  [0m[1;34m12->23  [0m[1;34m13->24  [0m[1;34m14->25  [0m[1;34m15->26  [0m[1;34m16->27  [0m[1;34m17->28  [0m[1;34m18->29  [0m[1;34m
[pthread wrapper] SKIP MASK: 0x0
[0m[1;34m	threadid 47711209645824 -> core 1 - OK[0m[1;34m
[0m[1;34m	threadid 47711211747072 -> core 2 - OK[0m[1;34m
[0m[1;34m	threadid 47711213848320 -> core 3 - OK[0m[1;34m
[0m[1;34m	threadid 47711215949568 -> core 4 - OK[0m[1;34m
[0m[1;34m	threadid 47711218050816 -> core 5 - OK[0m[1;34m
[0m[1;34m	threadid 47711220152064 -> core 6 - OK[0m[1;34m
[0m[1;34m	threadid 47711222253312 -> core 7 - OK[0m[1;34m
[0m[1;34m	threadid 47711224354560 -> core 8 - OK[0m[1;34m
[0m[1;34m	threadid 47711226455808 -> core 9 - OK[0m[1;34m
[0m[1;34m	threadid 47711228557056 -> core 20 - OK[0m[1;34m
[0m[1;34m	threadid 47711230658304 -> core 21 - OK[0m[1;34m
[0m[1;34m	threadid 47711232759552 -> core 22 - OK[0m[1;34m
[0m[1;34m	threadid 47711234860800 -> core 23 - OK[0m[1;34m
[0m[1;34m	threadid 47711236962048 -> core 24 - OK[0m[1;34m
[0m[1;34m	threadid 47711239063296 -> core 25 - OK[0m[1;34m
[0m[1;34m	threadid 47711241164544 -> core 26 - OK[0m[1;34m
[0m[1;34m	threadid 47711243265792 -> core 27 - OK[0m[1;34m
[0m[1;34m	threadid 47711245367040 -> core 28 - OK[0m[1;34m
[0m[1;34m	threadid 47711247468288 -> core 29 - OK[0m[1;34m
[0miterations: 100
Total iterations: 898800400 LUP
FLOP: 11
Total work: 9886804400 FLOP
performance: 3.100102 GLUP/s
Performance in GFLOP/s: 34.101125
size: 9000000
time: 0.289926
[1;34m[pthread wrapper] 
[0m[1;34m[pthread wrapper] MAIN -> 0
[0m[1;34m[pthread wrapper] PIN_MASK: [0m[1;34m0->1  [0m[1;34m1->2  [0m[1;34m2->3  [0m[1;34m3->4  [0m[1;34m4->5  [0m[1;34m5->6  [0m[1;34m6->7  [0m[1;34m7->8  [0m[1;34m8->9  [0m[1;34m9->20  [0m[1;34m10->21  [0m[1;34m11->22  [0m[1;34m12->23  [0m[1;34m13->24  [0m[1;34m14->25  [0m[1;34m15->26  [0m[1;34m16->27  [0m[1;34m17->28  [0m[1;34m18->29  [0m[1;34m
[pthread wrapper] SKIP MASK: 0x0
[0m[1;34m	threadid 47239550994176 -> core 1 - OK[0m[1;34m
[0m[1;34m	threadid 47239553095424 -> core 2 - OK[0m[1;34m
[0m[1;34m	threadid 47239555196672 -> core 3 - OK[0m[1;34m
[0m[1;34m	threadid 47239557297920 -> core 4 - OK[0m[1;34m
[0m[1;34m	threadid 47239559399168 -> core 5 - OK[0m[1;34m
[0m[1;34m	threadid 47239561500416 -> core 6 - OK[0m[1;34m
[0m[1;34m	threadid 47239563601664 -> core 7 - OK[0m[1;34m
[0m[1;34m	threadid 47239565702912 -> core 8 - OK[0m[1;34m
[0m[1;34m	threadid 47239567804160 -> core 9 - OK[0m[1;34m
[0m[1;34m	threadid 47239569905408 -> core 20 - OK[0m[1;34m
[0m[1;34m	threadid 47239572006656 -> core 21 - OK[0m[1;34m
[0m[1;34m	threadid 47239574107904 -> core 22 - OK[0m[1;34m
[0m[1;34m	threadid 47239576209152 -> core 23 - OK[0m[1;34m
[0m[1;34m	threadid 47239578310400 -> core 24 - OK[0m[1;34m
[0m[1;34m	threadid 47239580411648 -> core 25 - OK[0m[1;34m
[0m[1;34m	threadid 47239582512896 -> core 26 - OK[0m[1;34m
[0m[1;34m	threadid 47239584614144 -> core 27 - OK[0m[1;34m
[0m[1;34m	threadid 47239586715392 -> core 28 - OK[0m[1;34m
[0m[1;34m	threadid 47239588816640 -> core 29 - OK[0m[1;34m
[0miterations: 100
Total iterations: 898800400 LUP
FLOP: 11
Total work: 9886804400 FLOP
performance: 3.097922 GLUP/s
Performance in GFLOP/s: 34.077137
size: 9000000
time: 0.290130
