iterations: 200
Total iterations: 1797600800 LUP
FLOP: 11
Total work: 19773608800 FLOP
performance: 1.974930 GLUP/s
Performance in GFLOP/s: 21.724230
size: 9000000
time: 0.910210
iterations: 200
Total iterations: 1797600800 LUP
FLOP: 11
Total work: 19773608800 FLOP
performance: 1.972996 GLUP/s
Performance in GFLOP/s: 21.702957
size: 9000000
time: 0.911102
iterations: 200
Total iterations: 1797600800 LUP
FLOP: 11
Total work: 19773608800 FLOP
performance: 1.973362 GLUP/s
Performance in GFLOP/s: 21.706984
size: 9000000
time: 0.910933
iterations: 200
Total iterations: 1797600800 LUP
FLOP: 11
Total work: 19773608800 FLOP
performance: 1.974897 GLUP/s
Performance in GFLOP/s: 21.723871
size: 9000000
time: 0.910225
iterations: 200
Total iterations: 1797600800 LUP
FLOP: 11
Total work: 19773608800 FLOP
performance: 1.974676 GLUP/s
Performance in GFLOP/s: 21.721436
size: 9000000
time: 0.910327
iterations: 200
Total iterations: 1797600800 LUP
FLOP: 11
Total work: 19773608800 FLOP
performance: 1.974645 GLUP/s
Performance in GFLOP/s: 21.721100
size: 9000000
time: 0.910341
iterations: 200
Total iterations: 1797600800 LUP
FLOP: 11
Total work: 19773608800 FLOP
performance: 1.975110 GLUP/s
Performance in GFLOP/s: 21.726210
size: 9000000
time: 0.910127
iterations: 200
Total iterations: 1797600800 LUP
FLOP: 11
Total work: 19773608800 FLOP
performance: 1.969160 GLUP/s
Performance in GFLOP/s: 21.660763
size: 9000000
time: 0.912877
iterations: 200
Total iterations: 1797600800 LUP
FLOP: 11
Total work: 19773608800 FLOP
performance: 1.974075 GLUP/s
Performance in GFLOP/s: 21.714828
size: 9000000
time: 0.910604
iterations: 200
Total iterations: 1797600800 LUP
FLOP: 11
Total work: 19773608800 FLOP
performance: 1.973074 GLUP/s
Performance in GFLOP/s: 21.703815
size: 9000000
time: 0.911066
