[1;34m[pthread wrapper] 
[0m[1;34m[pthread wrapper] MAIN -> 0
[0m[1;34m[pthread wrapper] PIN_MASK: [0m[1;34m0->1  [0m[1;34m1->2  [0m[1;34m2->3  [0m[1;34m3->4  [0m[1;34m4->5  [0m[1;34m5->6  [0m[1;34m6->7  [0m[1;34m7->8  [0m[1;34m8->9  [0m[1;34m
[pthread wrapper] SKIP MASK: 0x0
[0m[1;34m	threadid 47347944965888 -> core 1 - OK[0m[1;34m
[0m[1;34m	threadid 47347947067136 -> core 2 - OK[0m[1;34m
[0m[1;34m	threadid 47347949168384 -> core 3 - OK[0m[1;34m
[0m[1;34m	threadid 47347951269632 -> core 4 - OK[0m[1;34m
[0m[1;34m	threadid 47347953370880 -> core 5 - OK[0m[1;34m
[0m[1;34m	threadid 47347955472128 -> core 6 - OK[0m[1;34m
[0m[1;34m	threadid 47347957573376 -> core 7 - OK[0m[1;34m
[0m[1;34m	threadid 47347959674624 -> core 8 - OK[0m[1;34m
[0m[1;34m	threadid 47347961775872 -> core 9 - OK[0m[1;34m
[0miterations: 120
Total iterations: 1078560480 LUP
FLOP: 11
Total work: 11864165280 FLOP
performance: 2.510995 GLUP/s
Performance in GFLOP/s: 27.620942
size: 9000000
time: 0.429535
[1;34m[pthread wrapper] 
[0m[1;34m[pthread wrapper] MAIN -> 0
[0m[1;34m[pthread wrapper] PIN_MASK: [0m[1;34m0->1  [0m[1;34m1->2  [0m[1;34m2->3  [0m[1;34m3->4  [0m[1;34m4->5  [0m[1;34m5->6  [0m[1;34m6->7  [0m[1;34m7->8  [0m[1;34m8->9  [0m[1;34m
[pthread wrapper] SKIP MASK: 0x0
[0m[1;34m	threadid 47466269443840 -> core 1 - OK[0m[1;34m
[0m[1;34m	threadid 47466271545088 -> core 2 - OK[0m[1;34m
[0m[1;34m	threadid 47466273646336 -> core 3 - OK[0m[1;34m
[0m[1;34m	threadid 47466275747584 -> core 4 - OK[0m[1;34m
[0m[1;34m	threadid 47466277848832 -> core 5 - OK[0m[1;34m
[0m[1;34m	threadid 47466279950080 -> core 6 - OK[0m[1;34m
[0m[1;34m	threadid 47466282051328 -> core 7 - OK[0m[1;34m
[0m[1;34m	threadid 47466284152576 -> core 8 - OK[0m[1;34m
[0m[1;34m	threadid 47466286253824 -> core 9 - OK[0m[1;34m
[0miterations: 120
Total iterations: 1078560480 LUP
FLOP: 11
Total work: 11864165280 FLOP
performance: 2.511375 GLUP/s
Performance in GFLOP/s: 27.625128
size: 9000000
time: 0.429470
[1;34m[pthread wrapper] 
[0m[1;34m[pthread wrapper] MAIN -> 0
[0m[1;34m[pthread wrapper] PIN_MASK: [0m[1;34m0->1  [0m[1;34m1->2  [0m[1;34m2->3  [0m[1;34m3->4  [0m[1;34m4->5  [0m[1;34m5->6  [0m[1;34m6->7  [0m[1;34m7->8  [0m[1;34m8->9  [0m[1;34m
[pthread wrapper] SKIP MASK: 0x0
[0m[1;34m	threadid 47212664887040 -> core 1 - OK[0m[1;34m
[0m[1;34m	threadid 47212666988288 -> core 2 - OK[0m[1;34m
[0m[1;34m	threadid 47212669089536 -> core 3 - OK[0m[1;34m
[0m[1;34m	threadid 47212671190784 -> core 4 - OK[0m[1;34m
[0m[1;34m	threadid 47212673292032 -> core 5 - OK[0m[1;34m
[0m[1;34m	threadid 47212675393280 -> core 6 - OK[0m[1;34m
[0m[1;34m	threadid 47212677494528 -> core 7 - OK[0m[1;34m
[0m[1;34m	threadid 47212679595776 -> core 8 - OK[0m[1;34m
[0m[1;34m	threadid 47212681697024 -> core 9 - OK[0m[1;34m
[0miterations: 120
Total iterations: 1078560480 LUP
FLOP: 11
Total work: 11864165280 FLOP
performance: 2.510779 GLUP/s
Performance in GFLOP/s: 27.618565
size: 9000000
time: 0.429572
[1;34m[pthread wrapper] 
[0m[1;34m[pthread wrapper] MAIN -> 0
[0m[1;34m[pthread wrapper] PIN_MASK: [0m[1;34m0->1  [0m[1;34m1->2  [0m[1;34m2->3  [0m[1;34m3->4  [0m[1;34m4->5  [0m[1;34m5->6  [0m[1;34m6->7  [0m[1;34m7->8  [0m[1;34m8->9  [0m[1;34m
[pthread wrapper] SKIP MASK: 0x0
[0m[1;34m	threadid 47868653594368 -> core 1 - OK[0m[1;34m
[0m[1;34m	threadid 47868655695616 -> core 2 - OK[0m[1;34m
[0m[1;34m	threadid 47868657796864 -> core 3 - OK[0m[1;34m
[0m[1;34m	threadid 47868659898112 -> core 4 - OK[0m[1;34m
[0m[1;34m	threadid 47868661999360 -> core 5 - OK[0m[1;34m
[0m[1;34m	threadid 47868664100608 -> core 6 - OK[0m[1;34m
[0m[1;34m	threadid 47868666201856 -> core 7 - OK[0m[1;34m
[0m[1;34m	threadid 47868668303104 -> core 8 - OK[0m[1;34m
[0m[1;34m	threadid 47868670404352 -> core 9 - OK[0m[1;34m
[0miterations: 120
Total iterations: 1078560480 LUP
FLOP: 11
Total work: 11864165280 FLOP
performance: 2.458666 GLUP/s
Performance in GFLOP/s: 27.045328
size: 9000000
time: 0.438677
[1;34m[pthread wrapper] 
[0m[1;34m[pthread wrapper] MAIN -> 0
[0m[1;34m[pthread wrapper] PIN_MASK: [0m[1;34m0->1  [0m[1;34m1->2  [0m[1;34m2->3  [0m[1;34m3->4  [0m[1;34m4->5  [0m[1;34m5->6  [0m[1;34m6->7  [0m[1;34m7->8  [0m[1;34m8->9  [0m[1;34m
[pthread wrapper] SKIP MASK: 0x0
[0m[1;34m	threadid 46931539728128 -> core 1 - OK[0m[1;34m
[0m[1;34m	threadid 46931541829376 -> core 2 - OK[0m[1;34m
[0m[1;34m	threadid 46931543930624 -> core 3 - OK[0m[1;34m
[0m[1;34m	threadid 46931546031872 -> core 4 - OK[0m[1;34m
[0m[1;34m	threadid 46931548133120 -> core 5 - OK[0m[1;34m
[0m[1;34m	threadid 46931550234368 -> core 6 - OK[0m[1;34m
[0m[1;34m	threadid 46931552335616 -> core 7 - OK[0m[1;34m
[0m[1;34m	threadid 46931554436864 -> core 8 - OK[0m[1;34m
[0m[1;34m	threadid 46931556538112 -> core 9 - OK[0m[1;34m
[0miterations: 120
Total iterations: 1078560480 LUP
FLOP: 11
Total work: 11864165280 FLOP
performance: 2.512793 GLUP/s
Performance in GFLOP/s: 27.640718
size: 9000000
time: 0.429228
[1;34m[pthread wrapper] 
[0m[1;34m[pthread wrapper] MAIN -> 0
[0m[1;34m[pthread wrapper] PIN_MASK: [0m[1;34m0->1  [0m[1;34m1->2  [0m[1;34m2->3  [0m[1;34m3->4  [0m[1;34m4->5  [0m[1;34m5->6  [0m[1;34m6->7  [0m[1;34m7->8  [0m[1;34m8->9  [0m[1;34m
[pthread wrapper] SKIP MASK: 0x0
[0m[1;34m	threadid 47211904067328 -> core 1 - OK[0m[1;34m
[0m[1;34m	threadid 47211906168576 -> core 2 - OK[0m[1;34m
[0m[1;34m	threadid 47211908269824 -> core 3 - OK[0m[1;34m
[0m[1;34m	threadid 47211910371072 -> core 4 - OK[0m[1;34m
[0m[1;34m	threadid 47211912472320 -> core 5 - OK[0m[1;34m
[0m[1;34m	threadid 47211914573568 -> core 6 - OK[0m[1;34m
[0m[1;34m	threadid 47211916674816 -> core 7 - OK[0m[1;34m
[0m[1;34m	threadid 47211918776064 -> core 8 - OK[0m[1;34m
[0m[1;34m	threadid 47211920877312 -> core 9 - OK[0m[1;34m
[0miterations: 120
Total iterations: 1078560480 LUP
FLOP: 11
Total work: 11864165280 FLOP
performance: 2.510435 GLUP/s
Performance in GFLOP/s: 27.614780
size: 9000000
time: 0.429631
[1;34m[pthread wrapper] 
[0m[1;34m[pthread wrapper] MAIN -> 0
[0m[1;34m[pthread wrapper] PIN_MASK: [0m[1;34m0->1  [0m[1;34m1->2  [0m[1;34m2->3  [0m[1;34m3->4  [0m[1;34m4->5  [0m[1;34m5->6  [0m[1;34m6->7  [0m[1;34m7->8  [0m[1;34m8->9  [0m[1;34m
[pthread wrapper] SKIP MASK: 0x0
[0m[1;34m	threadid 47406675035904 -> core 1 - OK[0m[1;34m
[0m[1;34m	threadid 47406677137152 -> core 2 - OK[0m[1;34m
[0m[1;34m	threadid 47406679238400 -> core 3 - OK[0m[1;34m
[0m[1;34m	threadid 47406681339648 -> core 4 - OK[0m[1;34m
[0m[1;34m	threadid 47406683440896 -> core 5 - OK[0m[1;34m
[0m[1;34m	threadid 47406685542144 -> core 6 - OK[0m[1;34m
[0m[1;34m	threadid 47406687643392 -> core 7 - OK[0m[1;34m
[0m[1;34m	threadid 47406689744640 -> core 8 - OK[0m[1;34m
[0m[1;34m	threadid 47406691845888 -> core 9 - OK[0m[1;34m
[0miterations: 120
Total iterations: 1078560480 LUP
FLOP: 11
Total work: 11864165280 FLOP
performance: 2.511329 GLUP/s
Performance in GFLOP/s: 27.624622
size: 9000000
time: 0.429478
[1;34m[pthread wrapper] 
[0m[1;34m[pthread wrapper] MAIN -> 0
[0m[1;34m[pthread wrapper] PIN_MASK: [0m[1;34m0->1  [0m[1;34m1->2  [0m[1;34m2->3  [0m[1;34m3->4  [0m[1;34m4->5  [0m[1;34m5->6  [0m[1;34m6->7  [0m[1;34m7->8  [0m[1;34m8->9  [0m[1;34m
[pthread wrapper] SKIP MASK: 0x0
[0m[1;34m	threadid 47134418421504 -> core 1 - OK[0m[1;34m
[0m[1;34m	threadid 47134420522752 -> core 2 - OK[0m[1;34m
[0m[1;34m	threadid 47134422624000 -> core 3 - OK[0m[1;34m
[0m[1;34m	threadid 47134424725248 -> core 4 - OK[0m[1;34m
[0m[1;34m	threadid 47134426826496 -> core 5 - OK[0m[1;34m
[0m[1;34m	threadid 47134428927744 -> core 6 - OK[0m[1;34m
[0m[1;34m	threadid 47134431028992 -> core 7 - OK[0m[1;34m
[0m[1;34m	threadid 47134433130240 -> core 8 - OK[0m[1;34m
[0m[1;34m	threadid 47134435231488 -> core 9 - OK[0m[1;34m
[0miterations: 120
Total iterations: 1078560480 LUP
FLOP: 11
Total work: 11864165280 FLOP
performance: 2.510691 GLUP/s
Performance in GFLOP/s: 27.617600
size: 9000000
time: 0.429587
[1;34m[pthread wrapper] 
[0m[1;34m[pthread wrapper] MAIN -> 0
[0m[1;34m[pthread wrapper] PIN_MASK: [0m[1;34m0->1  [0m[1;34m1->2  [0m[1;34m2->3  [0m[1;34m3->4  [0m[1;34m4->5  [0m[1;34m5->6  [0m[1;34m6->7  [0m[1;34m7->8  [0m[1;34m8->9  [0m[1;34m
[pthread wrapper] SKIP MASK: 0x0
[0m[1;34m	threadid 47803699996416 -> core 1 - OK[0m[1;34m
[0m[1;34m	threadid 47803702097664 -> core 2 - OK[0m[1;34m
[0m[1;34m	threadid 47803704198912 -> core 3 - OK[0m[1;34m
[0m[1;34m	threadid 47803706300160 -> core 4 - OK[0m[1;34m
[0m[1;34m	threadid 47803708401408 -> core 5 - OK[0m[1;34m
[0m[1;34m	threadid 47803710502656 -> core 6 - OK[0m[1;34m
[0m[1;34m	threadid 47803712603904 -> core 7 - OK[0m[1;34m
[0m[1;34m	threadid 47803714705152 -> core 8 - OK[0m[1;34m
[0m[1;34m	threadid 47803716806400 -> core 9 - OK[0m[1;34m
[0miterations: 120
Total iterations: 1078560480 LUP
FLOP: 11
Total work: 11864165280 FLOP
performance: 2.510687 GLUP/s
Performance in GFLOP/s: 27.617554
size: 9000000
time: 0.429588
[1;34m[pthread wrapper] 
[0m[1;34m[pthread wrapper] MAIN -> 0
[0m[1;34m[pthread wrapper] PIN_MASK: [0m[1;34m0->1  [0m[1;34m1->2  [0m[1;34m2->3  [0m[1;34m3->4  [0m[1;34m4->5  [0m[1;34m5->6  [0m[1;34m6->7  [0m[1;34m7->8  [0m[1;34m8->9  [0m[1;34m
[pthread wrapper] SKIP MASK: 0x0
[0m[1;34m	threadid 47991171692288 -> core 1 - OK[0m[1;34m
[0m[1;34m	threadid 47991173793536 -> core 2 - OK[0m[1;34m
[0m[1;34m	threadid 47991175894784 -> core 3 - OK[0m[1;34m
[0m[1;34m	threadid 47991177996032 -> core 4 - OK[0m[1;34m
[0m[1;34m	threadid 47991180097280 -> core 5 - OK[0m[1;34m
[0m[1;34m	threadid 47991182198528 -> core 6 - OK[0m[1;34m
[0m[1;34m	threadid 47991184299776 -> core 7 - OK[0m[1;34m
[0m[1;34m	threadid 47991186401024 -> core 8 - OK[0m[1;34m
[0m[1;34m	threadid 47991188502272 -> core 9 - OK[0m[1;34m
[0miterations: 120
Total iterations: 1078560480 LUP
FLOP: 11
Total work: 11864165280 FLOP
performance: 2.512686 GLUP/s
Performance in GFLOP/s: 27.639551
size: 9000000
time: 0.429246
