iterations: 120
Total iterations: 1078560480 LUP
FLOP: 11
Total work: 11864165280 FLOP
performance: 1.459007 GLUP/s
Performance in GFLOP/s: 16.049073
size: 9000000
time: 0.739243
iterations: 120
Total iterations: 1078560480 LUP
FLOP: 11
Total work: 11864165280 FLOP
performance: 1.457526 GLUP/s
Performance in GFLOP/s: 16.032785
size: 9000000
time: 0.739994
iterations: 120
Total iterations: 1078560480 LUP
FLOP: 11
Total work: 11864165280 FLOP
performance: 1.457489 GLUP/s
Performance in GFLOP/s: 16.032377
size: 9000000
time: 0.740013
iterations: 120
Total iterations: 1078560480 LUP
FLOP: 11
Total work: 11864165280 FLOP
performance: 1.462846 GLUP/s
Performance in GFLOP/s: 16.091302
size: 9000000
time: 0.737303
iterations: 120
Total iterations: 1078560480 LUP
FLOP: 11
Total work: 11864165280 FLOP
performance: 1.456730 GLUP/s
Performance in GFLOP/s: 16.024034
size: 9000000
time: 0.740398
iterations: 120
Total iterations: 1078560480 LUP
FLOP: 11
Total work: 11864165280 FLOP
performance: 1.455262 GLUP/s
Performance in GFLOP/s: 16.007884
size: 9000000
time: 0.741145
iterations: 120
Total iterations: 1078560480 LUP
FLOP: 11
Total work: 11864165280 FLOP
performance: 1.458340 GLUP/s
Performance in GFLOP/s: 16.041742
size: 9000000
time: 0.739581
iterations: 120
Total iterations: 1078560480 LUP
FLOP: 11
Total work: 11864165280 FLOP
performance: 1.455545 GLUP/s
Performance in GFLOP/s: 16.011000
size: 9000000
time: 0.741001
iterations: 120
Total iterations: 1078560480 LUP
FLOP: 11
Total work: 11864165280 FLOP
performance: 1.458105 GLUP/s
Performance in GFLOP/s: 16.039156
size: 9000000
time: 0.739700
iterations: 120
Total iterations: 1078560480 LUP
FLOP: 11
Total work: 11864165280 FLOP
performance: 1.455300 GLUP/s
Performance in GFLOP/s: 16.008296
size: 9000000
time: 0.741126
