[1;34m[pthread wrapper] 
[0m[1;34m[pthread wrapper] MAIN -> 0
[0m[1;34m[pthread wrapper] PIN_MASK: [0m[1;34m0->1  [0m[1;34m1->10  [0m[1;34m2->11  [0m[1;34m
[pthread wrapper] SKIP MASK: 0x0
[0m[1;34m	threadid 47482136336128 -> core 1 - OK[0m[1;34m
[0m[1;34m	threadid 47482138437376 -> core 10 - OK[0m[1;34m
[0m[1;34m	threadid 47482140538624 -> core 11 - OK[0m[1;34m
[0miterations: 120
Total iterations: 1078560480 LUP
FLOP: 11
Total work: 11864165280 FLOP
performance: 0.975912 GLUP/s
Performance in GFLOP/s: 10.735031
size: 9000000
time: 1.105182
[1;34m[pthread wrapper] 
[0m[1;34m[pthread wrapper] MAIN -> 0
[0m[1;34m[pthread wrapper] PIN_MASK: [0m[1;34m0->1  [0m[1;34m1->10  [0m[1;34m2->11  [0m[1;34m
[pthread wrapper] SKIP MASK: 0x0
[0m[1;34m	threadid 46995703953152 -> core 1 - OK[0m[1;34m
[0m[1;34m	threadid 46995706054400 -> core 10 - OK[0m[1;34m
[0m[1;34m	threadid 46995708155648 -> core 11 - OK[0m[1;34m
[0miterations: 120
Total iterations: 1078560480 LUP
FLOP: 11
Total work: 11864165280 FLOP
performance: 0.975818 GLUP/s
Performance in GFLOP/s: 10.733994
size: 9000000
time: 1.105289
[1;34m[pthread wrapper] 
[0m[1;34m[pthread wrapper] MAIN -> 0
[0m[1;34m[pthread wrapper] PIN_MASK: [0m[1;34m0->1  [0m[1;34m1->10  [0m[1;34m2->11  [0m[1;34m
[pthread wrapper] SKIP MASK: 0x0
[0m[1;34m	threadid 47984285787904 -> core 1 - OK[0m[1;34m
[0m[1;34m	threadid 47984287889152 -> core 10 - OK[0m[1;34m
[0m[1;34m	threadid 47984289990400 -> core 11 - OK[0m[1;34m
[0miterations: 120
Total iterations: 1078560480 LUP
FLOP: 11
Total work: 11864165280 FLOP
performance: 0.980184 GLUP/s
Performance in GFLOP/s: 10.782026
size: 9000000
time: 1.100365
[1;34m[pthread wrapper] 
[0m[1;34m[pthread wrapper] MAIN -> 0
[0m[1;34m[pthread wrapper] PIN_MASK: [0m[1;34m0->1  [0m[1;34m1->10  [0m[1;34m2->11  [0m[1;34m
[pthread wrapper] SKIP MASK: 0x0
[0m[1;34m	threadid 47067860469504 -> core 1 - OK[0m[1;34m
[0m[1;34m	threadid 47067862570752 -> core 10 - OK[0m[1;34m
[0m[1;34m	threadid 47067864672000 -> core 11 - OK[0m[1;34m
[0miterations: 120
Total iterations: 1078560480 LUP
FLOP: 11
Total work: 11864165280 FLOP
performance: 0.973130 GLUP/s
Performance in GFLOP/s: 10.704427
size: 9000000
time: 1.108342
[1;34m[pthread wrapper] 
[0m[1;34m[pthread wrapper] MAIN -> 0
[0m[1;34m[pthread wrapper] PIN_MASK: [0m[1;34m0->1  [0m[1;34m1->10  [0m[1;34m2->11  [0m[1;34m
[pthread wrapper] SKIP MASK: 0x0
[0m[1;34m	threadid 47739077854976 -> core 1 - OK[0m[1;34m
[0m[1;34m	threadid 47739079956224 -> core 10 - OK[0m[1;34m
[0m[1;34m	threadid 47739082057472 -> core 11 - OK[0m[1;34m
[0miterations: 120
Total iterations: 1078560480 LUP
FLOP: 11
Total work: 11864165280 FLOP
performance: 0.976227 GLUP/s
Performance in GFLOP/s: 10.738492
size: 9000000
time: 1.104826
[1;34m[pthread wrapper] 
[0m[1;34m[pthread wrapper] MAIN -> 0
[0m[1;34m[pthread wrapper] PIN_MASK: [0m[1;34m0->1  [0m[1;34m1->10  [0m[1;34m2->11  [0m[1;34m
[pthread wrapper] SKIP MASK: 0x0
[0m[1;34m	threadid 47593022084864 -> core 1 - OK[0m[1;34m
[0m[1;34m	threadid 47593024186112 -> core 10 - OK[0m[1;34m
[0m[1;34m	threadid 47593026287360 -> core 11 - OK[0m[1;34m
[0miterations: 120
Total iterations: 1078560480 LUP
FLOP: 11
Total work: 11864165280 FLOP
performance: 0.974731 GLUP/s
Performance in GFLOP/s: 10.722041
size: 9000000
time: 1.106521
[1;34m[pthread wrapper] 
[0m[1;34m[pthread wrapper] MAIN -> 0
[0m[1;34m[pthread wrapper] PIN_MASK: [0m[1;34m0->1  [0m[1;34m1->10  [0m[1;34m2->11  [0m[1;34m
[pthread wrapper] SKIP MASK: 0x0
[0m[1;34m	threadid 47093667297024 -> core 1 - OK[0m[1;34m
[0m[1;34m	threadid 47093669398272 -> core 10 - OK[0m[1;34m
[0m[1;34m	threadid 47093671499520 -> core 11 - OK[0m[1;34m
[0miterations: 120
Total iterations: 1078560480 LUP
FLOP: 11
Total work: 11864165280 FLOP
performance: 0.974773 GLUP/s
Performance in GFLOP/s: 10.722508
size: 9000000
time: 1.106473
[1;34m[pthread wrapper] 
[0m[1;34m[pthread wrapper] MAIN -> 0
[0m[1;34m[pthread wrapper] PIN_MASK: [0m[1;34m0->1  [0m[1;34m1->10  [0m[1;34m2->11  [0m[1;34m
[pthread wrapper] SKIP MASK: 0x0
[0m[1;34m	threadid 47175783106304 -> core 1 - OK[0m[1;34m
[0m[1;34m	threadid 47175785207552 -> core 10 - OK[0m[1;34m
[0m[1;34m	threadid 47175787308800 -> core 11 - OK[0m[1;34m
[0miterations: 120
Total iterations: 1078560480 LUP
FLOP: 11
Total work: 11864165280 FLOP
performance: 0.973823 GLUP/s
Performance in GFLOP/s: 10.712052
size: 9000000
time: 1.107553
[1;34m[pthread wrapper] 
[0m[1;34m[pthread wrapper] MAIN -> 0
[0m[1;34m[pthread wrapper] PIN_MASK: [0m[1;34m0->1  [0m[1;34m1->10  [0m[1;34m2->11  [0m[1;34m
[pthread wrapper] SKIP MASK: 0x0
[0m[1;34m	threadid 47424525534976 -> core 1 - OK[0m[1;34m
[0m[1;34m	threadid 47424527636224 -> core 10 - OK[0m[1;34m
[0m[1;34m	threadid 47424529737472 -> core 11 - OK[0m[1;34m
[0miterations: 120
Total iterations: 1078560480 LUP
FLOP: 11
Total work: 11864165280 FLOP
performance: 0.980558 GLUP/s
Performance in GFLOP/s: 10.786143
size: 9000000
time: 1.099945
[1;34m[pthread wrapper] 
[0m[1;34m[pthread wrapper] MAIN -> 0
[0m[1;34m[pthread wrapper] PIN_MASK: [0m[1;34m0->1  [0m[1;34m1->10  [0m[1;34m2->11  [0m[1;34m
[pthread wrapper] SKIP MASK: 0x0
[0m[1;34m	threadid 47724466439936 -> core 1 - OK[0m[1;34m
[0m[1;34m	threadid 47724468541184 -> core 10 - OK[0m[1;34m
[0m[1;34m	threadid 47724470642432 -> core 11 - OK[0m[1;34m
[0miterations: 120
Total iterations: 1078560480 LUP
FLOP: 11
Total work: 11864165280 FLOP
performance: 0.976912 GLUP/s
Performance in GFLOP/s: 10.746029
size: 9000000
time: 1.104051
