[1;34m[pthread wrapper] 
[0m[1;34m[pthread wrapper] MAIN -> 0
[0m[1;34m[pthread wrapper] PIN_MASK: [0m[1;34m0->1  [0m[1;34m1->2  [0m[1;34m2->3  [0m[1;34m3->4  [0m[1;34m4->5  [0m[1;34m
[pthread wrapper] SKIP MASK: 0x0
[0m[1;34m	threadid 47968033756928 -> core 1 - OK[0m[1;34m
[0m[1;34m	threadid 47968035858176 -> core 2 - OK[0m[1;34m
[0m[1;34m	threadid 47968037959424 -> core 3 - OK[0m[1;34m
[0m[1;34m	threadid 47968040060672 -> core 4 - OK[0m[1;34m
[0m[1;34m	threadid 47968042161920 -> core 5 - OK[0m[1;34m
[0miterations: 120
Total iterations: 1078560480 LUP
FLOP: 11
Total work: 11864165280 FLOP
performance: 1.501021 GLUP/s
Performance in GFLOP/s: 16.511233
size: 9000000
time: 0.718551
[1;34m[pthread wrapper] 
[0m[1;34m[pthread wrapper] MAIN -> 0
[0m[1;34m[pthread wrapper] PIN_MASK: [0m[1;34m0->1  [0m[1;34m1->2  [0m[1;34m2->3  [0m[1;34m3->4  [0m[1;34m4->5  [0m[1;34m
[pthread wrapper] SKIP MASK: 0x0
[0m[1;34m	threadid 47455243237120 -> core 1 - OK[0m[1;34m
[0m[1;34m	threadid 47455245338368 -> core 2 - OK[0m[1;34m
[0m[1;34m	threadid 47455247439616 -> core 3 - OK[0m[1;34m
[0m[1;34m	threadid 47455249540864 -> core 4 - OK[0m[1;34m
[0m[1;34m	threadid 47455251642112 -> core 5 - OK[0m[1;34m
[0miterations: 120
Total iterations: 1078560480 LUP
FLOP: 11
Total work: 11864165280 FLOP
performance: 1.500157 GLUP/s
Performance in GFLOP/s: 16.501727
size: 9000000
time: 0.718965
[1;34m[pthread wrapper] 
[0m[1;34m[pthread wrapper] MAIN -> 0
[0m[1;34m[pthread wrapper] PIN_MASK: [0m[1;34m0->1  [0m[1;34m1->2  [0m[1;34m2->3  [0m[1;34m3->4  [0m[1;34m4->5  [0m[1;34m
[pthread wrapper] SKIP MASK: 0x0
[0m[1;34m	threadid 47442986788608 -> core 1 - OK[0m[1;34m
[0m[1;34m	threadid 47442988889856 -> core 2 - OK[0m[1;34m
[0m[1;34m	threadid 47442990991104 -> core 3 - OK[0m[1;34m
[0m[1;34m	threadid 47442993092352 -> core 4 - OK[0m[1;34m
[0m[1;34m	threadid 47442995193600 -> core 5 - OK[0m[1;34m
[0miterations: 120
Total iterations: 1078560480 LUP
FLOP: 11
Total work: 11864165280 FLOP
performance: 1.499977 GLUP/s
Performance in GFLOP/s: 16.499752
size: 9000000
time: 0.719051
[1;34m[pthread wrapper] 
[0m[1;34m[pthread wrapper] MAIN -> 0
[0m[1;34m[pthread wrapper] PIN_MASK: [0m[1;34m0->1  [0m[1;34m1->2  [0m[1;34m2->3  [0m[1;34m3->4  [0m[1;34m4->5  [0m[1;34m
[pthread wrapper] SKIP MASK: 0x0
[0m[1;34m	threadid 47494680549120 -> core 1 - OK[0m[1;34m
[0m[1;34m	threadid 47494682650368 -> core 2 - OK[0m[1;34m
[0m[1;34m	threadid 47494684751616 -> core 3 - OK[0m[1;34m
[0m[1;34m	threadid 47494686852864 -> core 4 - OK[0m[1;34m
[0m[1;34m	threadid 47494688954112 -> core 5 - OK[0m[1;34m
[0miterations: 120
Total iterations: 1078560480 LUP
FLOP: 11
Total work: 11864165280 FLOP
performance: 1.500335 GLUP/s
Performance in GFLOP/s: 16.503681
size: 9000000
time: 0.718880
[1;34m[pthread wrapper] 
[0m[1;34m[pthread wrapper] MAIN -> 0
[0m[1;34m[pthread wrapper] PIN_MASK: [0m[1;34m0->1  [0m[1;34m1->2  [0m[1;34m2->3  [0m[1;34m3->4  [0m[1;34m4->5  [0m[1;34m
[pthread wrapper] SKIP MASK: 0x0
[0m[1;34m	threadid 46982212933376 -> core 1 - OK[0m[1;34m
[0m[1;34m	threadid 46982215034624 -> core 2 - OK[0m[1;34m
[0m[1;34m	threadid 46982217135872 -> core 3 - OK[0m[1;34m
[0m[1;34m	threadid 46982219237120 -> core 4 - OK[0m[1;34m
[0m[1;34m	threadid 46982221338368 -> core 5 - OK[0m[1;34m
[0miterations: 120
Total iterations: 1078560480 LUP
FLOP: 11
Total work: 11864165280 FLOP
performance: 1.500643 GLUP/s
Performance in GFLOP/s: 16.507075
size: 9000000
time: 0.718732
[1;34m[pthread wrapper] 
[0m[1;34m[pthread wrapper] MAIN -> 0
[0m[1;34m[pthread wrapper] PIN_MASK: [0m[1;34m0->1  [0m[1;34m1->2  [0m[1;34m2->3  [0m[1;34m3->4  [0m[1;34m4->5  [0m[1;34m
[pthread wrapper] SKIP MASK: 0x0
[0m[1;34m	threadid 47343209420544 -> core 1 - OK[0m[1;34m
[0m[1;34m	threadid 47343211521792 -> core 2 - OK[0m[1;34m
[0m[1;34m	threadid 47343213623040 -> core 3 - OK[0m[1;34m
[0m[1;34m	threadid 47343215724288 -> core 4 - OK[0m[1;34m
[0m[1;34m	threadid 47343217825536 -> core 5 - OK[0m[1;34m
[0miterations: 120
Total iterations: 1078560480 LUP
FLOP: 11
Total work: 11864165280 FLOP
performance: 1.500241 GLUP/s
Performance in GFLOP/s: 16.502647
size: 9000000
time: 0.718925
[1;34m[pthread wrapper] 
[0m[1;34m[pthread wrapper] MAIN -> 0
[0m[1;34m[pthread wrapper] PIN_MASK: [0m[1;34m0->1  [0m[1;34m1->2  [0m[1;34m2->3  [0m[1;34m3->4  [0m[1;34m4->5  [0m[1;34m
[pthread wrapper] SKIP MASK: 0x0
[0m[1;34m	threadid 47460211595008 -> core 1 - OK[0m[1;34m
[0m[1;34m	threadid 47460213696256 -> core 2 - OK[0m[1;34m
[0m[1;34m	threadid 47460215797504 -> core 3 - OK[0m[1;34m
[0m[1;34m	threadid 47460217898752 -> core 4 - OK[0m[1;34m
[0m[1;34m	threadid 47460220000000 -> core 5 - OK[0m[1;34m
[0miterations: 120
Total iterations: 1078560480 LUP
FLOP: 11
Total work: 11864165280 FLOP
performance: 1.500072 GLUP/s
Performance in GFLOP/s: 16.500792
size: 9000000
time: 0.719006
[1;34m[pthread wrapper] 
[0m[1;34m[pthread wrapper] MAIN -> 0
[0m[1;34m[pthread wrapper] PIN_MASK: [0m[1;34m0->1  [0m[1;34m1->2  [0m[1;34m2->3  [0m[1;34m3->4  [0m[1;34m4->5  [0m[1;34m
[pthread wrapper] SKIP MASK: 0x0
[0m[1;34m	threadid 47030491113216 -> core 1 - OK[0m[1;34m
[0m[1;34m	threadid 47030493214464 -> core 2 - OK[0m[1;34m
[0m[1;34m	threadid 47030495315712 -> core 3 - OK[0m[1;34m
[0m[1;34m	threadid 47030497416960 -> core 4 - OK[0m[1;34m
[0m[1;34m	threadid 47030499518208 -> core 5 - OK[0m[1;34m
[0miterations: 120
Total iterations: 1078560480 LUP
FLOP: 11
Total work: 11864165280 FLOP
performance: 1.500524 GLUP/s
Performance in GFLOP/s: 16.505767
size: 9000000
time: 0.718789
[1;34m[pthread wrapper] 
[0m[1;34m[pthread wrapper] MAIN -> 0
[0m[1;34m[pthread wrapper] PIN_MASK: [0m[1;34m0->1  [0m[1;34m1->2  [0m[1;34m2->3  [0m[1;34m3->4  [0m[1;34m4->5  [0m[1;34m
[pthread wrapper] SKIP MASK: 0x0
[0m[1;34m	threadid 47067712390912 -> core 1 - OK[0m[1;34m
[0m[1;34m	threadid 47067714492160 -> core 2 - OK[0m[1;34m
[0m[1;34m	threadid 47067716593408 -> core 3 - OK[0m[1;34m
[0m[1;34m	threadid 47067718694656 -> core 4 - OK[0m[1;34m
[0m[1;34m	threadid 47067720795904 -> core 5 - OK[0m[1;34m
[0miterations: 120
Total iterations: 1078560480 LUP
FLOP: 11
Total work: 11864165280 FLOP
performance: 1.500547 GLUP/s
Performance in GFLOP/s: 16.506019
size: 9000000
time: 0.718778
[1;34m[pthread wrapper] 
[0m[1;34m[pthread wrapper] MAIN -> 0
[0m[1;34m[pthread wrapper] PIN_MASK: [0m[1;34m0->1  [0m[1;34m1->2  [0m[1;34m2->3  [0m[1;34m3->4  [0m[1;34m4->5  [0m[1;34m
[pthread wrapper] SKIP MASK: 0x0
[0m[1;34m	threadid 47452935862016 -> core 1 - OK[0m[1;34m
[0m[1;34m	threadid 47452937963264 -> core 2 - OK[0m[1;34m
[0m[1;34m	threadid 47452940064512 -> core 3 - OK[0m[1;34m
[0m[1;34m	threadid 47452942165760 -> core 4 - OK[0m[1;34m
[0m[1;34m	threadid 47452944267008 -> core 5 - OK[0m[1;34m
[0miterations: 120
Total iterations: 1078560480 LUP
FLOP: 11
Total work: 11864165280 FLOP
performance: 1.500454 GLUP/s
Performance in GFLOP/s: 16.504989
size: 9000000
time: 0.718823
