iterations: 200
Total iterations: 49600800 LUP
FLOP: 11
Total work: 545608800 FLOP
performance: 0.322850 GLUP/s
Performance in GFLOP/s: 3.551353
size: 250000
time: 0.153634
iterations: 200
Total iterations: 49600800 LUP
FLOP: 11
Total work: 545608800 FLOP
performance: 0.323189 GLUP/s
Performance in GFLOP/s: 3.555077
size: 250000
time: 0.153473
iterations: 200
Total iterations: 49600800 LUP
FLOP: 11
Total work: 545608800 FLOP
performance: 0.323023 GLUP/s
Performance in GFLOP/s: 3.553255
size: 250000
time: 0.153552
iterations: 200
Total iterations: 49600800 LUP
FLOP: 11
Total work: 545608800 FLOP
performance: 0.322867 GLUP/s
Performance in GFLOP/s: 3.551540
size: 250000
time: 0.153626
iterations: 200
Total iterations: 49600800 LUP
FLOP: 11
Total work: 545608800 FLOP
performance: 0.323092 GLUP/s
Performance in GFLOP/s: 3.554017
size: 250000
time: 0.153519
iterations: 200
Total iterations: 49600800 LUP
FLOP: 11
Total work: 545608800 FLOP
performance: 0.322987 GLUP/s
Performance in GFLOP/s: 3.552858
size: 250000
time: 0.153569
iterations: 200
Total iterations: 49600800 LUP
FLOP: 11
Total work: 545608800 FLOP
performance: 0.322928 GLUP/s
Performance in GFLOP/s: 3.552213
size: 250000
time: 0.153597
iterations: 200
Total iterations: 49600800 LUP
FLOP: 11
Total work: 545608800 FLOP
performance: 0.322968 GLUP/s
Performance in GFLOP/s: 3.552648
size: 250000
time: 0.153578
iterations: 200
Total iterations: 49600800 LUP
FLOP: 11
Total work: 545608800 FLOP
performance: 0.323103 GLUP/s
Performance in GFLOP/s: 3.554133
size: 250000
time: 0.153514
iterations: 200
Total iterations: 49600800 LUP
FLOP: 11
Total work: 545608800 FLOP
performance: 0.323023 GLUP/s
Performance in GFLOP/s: 3.553255
size: 250000
time: 0.153552
