iterations: 200
Total iterations: 49600800 LUP
FLOP: 11
Total work: 545608800 FLOP
performance: 0.322945 GLUP/s
Performance in GFLOP/s: 3.552395
size: 250000
time: 0.153589
iterations: 200
Total iterations: 49600800 LUP
FLOP: 11
Total work: 545608800 FLOP
performance: 0.322874 GLUP/s
Performance in GFLOP/s: 3.551612
size: 250000
time: 0.153623
iterations: 200
Total iterations: 49600800 LUP
FLOP: 11
Total work: 545608800 FLOP
performance: 0.319535 GLUP/s
Performance in GFLOP/s: 3.514883
size: 250000
time: 0.155228
iterations: 200
Total iterations: 49600800 LUP
FLOP: 11
Total work: 545608800 FLOP
performance: 0.322527 GLUP/s
Performance in GFLOP/s: 3.547796
size: 250000
time: 0.153788
iterations: 200
Total iterations: 49600800 LUP
FLOP: 11
Total work: 545608800 FLOP
performance: 0.322956 GLUP/s
Performance in GFLOP/s: 3.552511
size: 250000
time: 0.153584
iterations: 200
Total iterations: 49600800 LUP
FLOP: 11
Total work: 545608800 FLOP
performance: 0.321475 GLUP/s
Performance in GFLOP/s: 3.536229
size: 250000
time: 0.154291
iterations: 200
Total iterations: 49600800 LUP
FLOP: 11
Total work: 545608800 FLOP
performance: 0.322508 GLUP/s
Performance in GFLOP/s: 3.547587
size: 250000
time: 0.153797
iterations: 200
Total iterations: 49600800 LUP
FLOP: 11
Total work: 545608800 FLOP
performance: 0.324055 GLUP/s
Performance in GFLOP/s: 3.564601
size: 250000
time: 0.153063
iterations: 200
Total iterations: 49600800 LUP
FLOP: 11
Total work: 545608800 FLOP
performance: 0.324381 GLUP/s
Performance in GFLOP/s: 3.568192
size: 250000
time: 0.152909
iterations: 200
Total iterations: 49600800 LUP
FLOP: 11
Total work: 545608800 FLOP
performance: 0.323056 GLUP/s
Performance in GFLOP/s: 3.553619
size: 250000
time: 0.153536
