iterations: 200
Total iterations: 1797600800 LUP
FLOP: 11
Total work: 19773608800 FLOP
performance: 0.257971 GLUP/s
Performance in GFLOP/s: 2.837683
size: 9000000
time: 6.968224
iterations: 200
Total iterations: 1797600800 LUP
FLOP: 11
Total work: 19773608800 FLOP
performance: 0.257540 GLUP/s
Performance in GFLOP/s: 2.832940
size: 9000000
time: 6.979889
iterations: 200
Total iterations: 1797600800 LUP
FLOP: 11
Total work: 19773608800 FLOP
performance: 0.257523 GLUP/s
Performance in GFLOP/s: 2.832754
size: 9000000
time: 6.980348
iterations: 200
Total iterations: 1797600800 LUP
FLOP: 11
Total work: 19773608800 FLOP
performance: 0.257523 GLUP/s
Performance in GFLOP/s: 2.832750
size: 9000000
time: 6.980357
iterations: 200
Total iterations: 1797600800 LUP
FLOP: 11
Total work: 19773608800 FLOP
performance: 0.257517 GLUP/s
Performance in GFLOP/s: 2.832690
size: 9000000
time: 6.980505
iterations: 200
Total iterations: 1797600800 LUP
FLOP: 11
Total work: 19773608800 FLOP
performance: 0.257609 GLUP/s
Performance in GFLOP/s: 2.833700
size: 9000000
time: 6.978017
iterations: 200
Total iterations: 1797600800 LUP
FLOP: 11
Total work: 19773608800 FLOP
performance: 0.257505 GLUP/s
Performance in GFLOP/s: 2.832552
size: 9000000
time: 6.980846
iterations: 200
Total iterations: 1797600800 LUP
FLOP: 11
Total work: 19773608800 FLOP
performance: 0.257463 GLUP/s
Performance in GFLOP/s: 2.832091
size: 9000000
time: 6.981983
iterations: 200
Total iterations: 1797600800 LUP
FLOP: 11
Total work: 19773608800 FLOP
performance: 0.257626 GLUP/s
Performance in GFLOP/s: 2.833888
size: 9000000
time: 6.977554
iterations: 200
Total iterations: 1797600800 LUP
FLOP: 11
Total work: 19773608800 FLOP
performance: 0.257525 GLUP/s
Performance in GFLOP/s: 2.832780
size: 9000000
time: 6.980284
