[1;34m[pthread wrapper] 
[0m[1;34m[pthread wrapper] MAIN -> 0
[0m[1;34m[pthread wrapper] PIN_MASK: [0m[1;34m0->1  [0m[1;34m1->2  [0m[1;34m2->3  [0m[1;34m3->4  [0m[1;34m4->10  [0m[1;34m5->11  [0m[1;34m6->12  [0m[1;34m7->13  [0m[1;34m8->14  [0m[1;34m
[pthread wrapper] SKIP MASK: 0x0
[0m[1;34m	threadid 47643625625344 -> core 1 - OK[0m[1;34m
[0m[1;34m	threadid 47643627726592 -> core 2 - OK[0m[1;34m
[0m[1;34m	threadid 47643629827840 -> core 3 - OK[0m[1;34m
[0m[1;34m	threadid 47643631929088 -> core 4 - OK[0m[1;34m
[0m[1;34m	threadid 47643634030336 -> core 10 - OK[0m[1;34m
[0m[1;34m	threadid 47643636131584 -> core 11 - OK[0m[1;34m
[0m[1;34m	threadid 47643638232832 -> core 12 - OK[0m[1;34m
[0m[1;34m	threadid 47643640334080 -> core 13 - OK[0m[1;34m
[0m[1;34m	threadid 47643642435328 -> core 14 - OK[0m[1;34m
[0miterations: 120
Total iterations: 1078560480 LUP
FLOP: 11
Total work: 11864165280 FLOP
performance: 2.406244 GLUP/s
Performance in GFLOP/s: 26.468682
size: 9000000
time: 0.448234
[1;34m[pthread wrapper] 
[0m[1;34m[pthread wrapper] MAIN -> 0
[0m[1;34m[pthread wrapper] PIN_MASK: [0m[1;34m0->1  [0m[1;34m1->2  [0m[1;34m2->3  [0m[1;34m3->4  [0m[1;34m4->10  [0m[1;34m5->11  [0m[1;34m6->12  [0m[1;34m7->13  [0m[1;34m8->14  [0m[1;34m
[pthread wrapper] SKIP MASK: 0x0
[0m[1;34m	threadid 46966220101376 -> core 1 - OK[0m[1;34m
[0m[1;34m	threadid 46966222202624 -> core 2 - OK[0m[1;34m
[0m[1;34m	threadid 46966224303872 -> core 3 - OK[0m[1;34m
[0m[1;34m	threadid 46966226405120 -> core 4 - OK[0m[1;34m
[0m[1;34m	threadid 46966228506368 -> core 10 - OK[0m[1;34m
[0m[1;34m	threadid 46966230607616 -> core 11 - OK[0m[1;34m
[0m[1;34m	threadid 46966232708864 -> core 12 - OK[0m[1;34m
[0m[1;34m	threadid 46966234810112 -> core 13 - OK[0m[1;34m
[0m[1;34m	threadid 46966236911360 -> core 14 - OK[0m[1;34m
[0miterations: 120
Total iterations: 1078560480 LUP
FLOP: 11
Total work: 11864165280 FLOP
performance: 2.400108 GLUP/s
Performance in GFLOP/s: 26.401191
size: 9000000
time: 0.449380
[1;34m[pthread wrapper] 
[0m[1;34m[pthread wrapper] MAIN -> 0
[0m[1;34m[pthread wrapper] PIN_MASK: [0m[1;34m0->1  [0m[1;34m1->2  [0m[1;34m2->3  [0m[1;34m3->4  [0m[1;34m4->10  [0m[1;34m5->11  [0m[1;34m6->12  [0m[1;34m7->13  [0m[1;34m8->14  [0m[1;34m
[pthread wrapper] SKIP MASK: 0x0
[0m[1;34m	threadid 47138838951680 -> core 1 - OK[0m[1;34m
[0m[1;34m	threadid 47138841052928 -> core 2 - OK[0m[1;34m
[0m[1;34m	threadid 47138843154176 -> core 3 - OK[0m[1;34m
[0m[1;34m	threadid 47138845255424 -> core 4 - OK[0m[1;34m
[0m[1;34m	threadid 47138847356672 -> core 10 - OK[0m[1;34m
[0m[1;34m	threadid 47138849457920 -> core 11 - OK[0m[1;34m
[0m[1;34m	threadid 47138851559168 -> core 12 - OK[0m[1;34m
[0m[1;34m	threadid 47138853660416 -> core 13 - OK[0m[1;34m
[0m[1;34m	threadid 47138855761664 -> core 14 - OK[0m[1;34m
[0miterations: 120
Total iterations: 1078560480 LUP
FLOP: 11
Total work: 11864165280 FLOP
performance: 2.425771 GLUP/s
Performance in GFLOP/s: 26.683480
size: 9000000
time: 0.444626
[1;34m[pthread wrapper] 
[0m[1;34m[pthread wrapper] MAIN -> 0
[0m[1;34m[pthread wrapper] PIN_MASK: [0m[1;34m0->1  [0m[1;34m1->2  [0m[1;34m2->3  [0m[1;34m3->4  [0m[1;34m4->10  [0m[1;34m5->11  [0m[1;34m6->12  [0m[1;34m7->13  [0m[1;34m8->14  [0m[1;34m
[pthread wrapper] SKIP MASK: 0x0
[0m[1;34m	threadid 47761689040640 -> core 1 - OK[0m[1;34m
[0m[1;34m	threadid 47761691141888 -> core 2 - OK[0m[1;34m
[0m[1;34m	threadid 47761693243136 -> core 3 - OK[0m[1;34m
[0m[1;34m	threadid 47761695344384 -> core 4 - OK[0m[1;34m
[0m[1;34m	threadid 47761697445632 -> core 10 - OK[0m[1;34m
[0m[1;34m	threadid 47761699546880 -> core 11 - OK[0m[1;34m
[0m[1;34m	threadid 47761701648128 -> core 12 - OK[0m[1;34m
[0m[1;34m	threadid 47761703749376 -> core 13 - OK[0m[1;34m
[0m[1;34m	threadid 47761705850624 -> core 14 - OK[0m[1;34m
[0miterations: 120
Total iterations: 1078560480 LUP
FLOP: 11
Total work: 11864165280 FLOP
performance: 2.426839 GLUP/s
Performance in GFLOP/s: 26.695233
size: 9000000
time: 0.444430
[1;34m[pthread wrapper] 
[0m[1;34m[pthread wrapper] MAIN -> 0
[0m[1;34m[pthread wrapper] PIN_MASK: [0m[1;34m0->1  [0m[1;34m1->2  [0m[1;34m2->3  [0m[1;34m3->4  [0m[1;34m4->10  [0m[1;34m5->11  [0m[1;34m6->12  [0m[1;34m7->13  [0m[1;34m8->14  [0m[1;34m
[pthread wrapper] SKIP MASK: 0x0
[0m[1;34m	threadid 47938772698880 -> core 1 - OK[0m[1;34m
[0m[1;34m	threadid 47938774800128 -> core 2 - OK[0m[1;34m
[0m[1;34m	threadid 47938776901376 -> core 3 - OK[0m[1;34m
[0m[1;34m	threadid 47938779002624 -> core 4 - OK[0m[1;34m
[0m[1;34m	threadid 47938781103872 -> core 10 - OK[0m[1;34m
[0m[1;34m	threadid 47938783205120 -> core 11 - OK[0m[1;34m
[0m[1;34m	threadid 47938785306368 -> core 12 - OK[0m[1;34m
[0m[1;34m	threadid 47938787407616 -> core 13 - OK[0m[1;34m
[0m[1;34m	threadid 47938789508864 -> core 14 - OK[0m[1;34m
[0miterations: 120
Total iterations: 1078560480 LUP
FLOP: 11
Total work: 11864165280 FLOP
performance: 2.424989 GLUP/s
Performance in GFLOP/s: 26.674884
size: 9000000
time: 0.444769
[1;34m[pthread wrapper] 
[0m[1;34m[pthread wrapper] MAIN -> 0
[0m[1;34m[pthread wrapper] PIN_MASK: [0m[1;34m0->1  [0m[1;34m1->2  [0m[1;34m2->3  [0m[1;34m3->4  [0m[1;34m4->10  [0m[1;34m5->11  [0m[1;34m6->12  [0m[1;34m7->13  [0m[1;34m8->14  [0m[1;34m
[pthread wrapper] SKIP MASK: 0x0
[0m[1;34m	threadid 47436449404672 -> core 1 - OK[0m[1;34m
[0m[1;34m	threadid 47436451505920 -> core 2 - OK[0m[1;34m
[0m[1;34m	threadid 47436453607168 -> core 3 - OK[0m[1;34m
[0m[1;34m	threadid 47436455708416 -> core 4 - OK[0m[1;34m
[0m[1;34m	threadid 47436457809664 -> core 10 - OK[0m[1;34m
[0m[1;34m	threadid 47436459910912 -> core 11 - OK[0m[1;34m
[0m[1;34m	threadid 47436462012160 -> core 12 - OK[0m[1;34m
[0m[1;34m	threadid 47436464113408 -> core 13 - OK[0m[1;34m
[0m[1;34m	threadid 47436466214656 -> core 14 - OK[0m[1;34m
[0miterations: 120
Total iterations: 1078560480 LUP
FLOP: 11
Total work: 11864165280 FLOP
performance: 2.429295 GLUP/s
Performance in GFLOP/s: 26.722241
size: 9000000
time: 0.443981
[1;34m[pthread wrapper] 
[0m[1;34m[pthread wrapper] MAIN -> 0
[0m[1;34m[pthread wrapper] PIN_MASK: [0m[1;34m0->1  [0m[1;34m1->2  [0m[1;34m2->3  [0m[1;34m3->4  [0m[1;34m4->10  [0m[1;34m5->11  [0m[1;34m6->12  [0m[1;34m7->13  [0m[1;34m8->14  [0m[1;34m
[pthread wrapper] SKIP MASK: 0x0
[0m[1;34m	threadid 47827641108224 -> core 1 - OK[0m[1;34m
[0m[1;34m	threadid 47827643209472 -> core 2 - OK[0m[1;34m
[0m[1;34m	threadid 47827645310720 -> core 3 - OK[0m[1;34m
[0m[1;34m	threadid 47827647411968 -> core 4 - OK[0m[1;34m
[0m[1;34m	threadid 47827649513216 -> core 10 - OK[0m[1;34m
[0m[1;34m	threadid 47827651614464 -> core 11 - OK[0m[1;34m
[0m[1;34m	threadid 47827653715712 -> core 12 - OK[0m[1;34m
[0m[1;34m	threadid 47827655816960 -> core 13 - OK[0m[1;34m
[0m[1;34m	threadid 47827657918208 -> core 14 - OK[0m[1;34m
[0miterations: 120
Total iterations: 1078560480 LUP
FLOP: 11
Total work: 11864165280 FLOP
performance: 2.427616 GLUP/s
Performance in GFLOP/s: 26.703771
size: 9000000
time: 0.444288
[1;34m[pthread wrapper] 
[0m[1;34m[pthread wrapper] MAIN -> 0
[0m[1;34m[pthread wrapper] PIN_MASK: [0m[1;34m0->1  [0m[1;34m1->2  [0m[1;34m2->3  [0m[1;34m3->4  [0m[1;34m4->10  [0m[1;34m5->11  [0m[1;34m6->12  [0m[1;34m7->13  [0m[1;34m8->14  [0m[1;34m
[pthread wrapper] SKIP MASK: 0x0
[0m[1;34m	threadid 47572340733696 -> core 1 - OK[0m[1;34m
[0m[1;34m	threadid 47572342834944 -> core 2 - OK[0m[1;34m
[0m[1;34m	threadid 47572344936192 -> core 3 - OK[0m[1;34m
[0m[1;34m	threadid 47572347037440 -> core 4 - OK[0m[1;34m
[0m[1;34m	threadid 47572349138688 -> core 10 - OK[0m[1;34m
[0m[1;34m	threadid 47572351239936 -> core 11 - OK[0m[1;34m
[0m[1;34m	threadid 47572353341184 -> core 12 - OK[0m[1;34m
[0m[1;34m	threadid 47572355442432 -> core 13 - OK[0m[1;34m
[0m[1;34m	threadid 47572357543680 -> core 14 - OK[0m[1;34m
[0miterations: 120
Total iterations: 1078560480 LUP
FLOP: 11
Total work: 11864165280 FLOP
performance: 2.426092 GLUP/s
Performance in GFLOP/s: 26.687015
size: 9000000
time: 0.444567
[1;34m[pthread wrapper] 
[0m[1;34m[pthread wrapper] MAIN -> 0
[0m[1;34m[pthread wrapper] PIN_MASK: [0m[1;34m0->1  [0m[1;34m1->2  [0m[1;34m2->3  [0m[1;34m3->4  [0m[1;34m4->10  [0m[1;34m5->11  [0m[1;34m6->12  [0m[1;34m7->13  [0m[1;34m8->14  [0m[1;34m
[pthread wrapper] SKIP MASK: 0x0
[0m[1;34m	threadid 47100463994624 -> core 1 - OK[0m[1;34m
[0m[1;34m	threadid 47100466095872 -> core 2 - OK[0m[1;34m
[0m[1;34m	threadid 47100468197120 -> core 3 - OK[0m[1;34m
[0m[1;34m	threadid 47100470298368 -> core 4 - OK[0m[1;34m
[0m[1;34m	threadid 47100472399616 -> core 10 - OK[0m[1;34m
[0m[1;34m	threadid 47100474500864 -> core 11 - OK[0m[1;34m
[0m[1;34m	threadid 47100476602112 -> core 12 - OK[0m[1;34m
[0m[1;34m	threadid 47100478703360 -> core 13 - OK[0m[1;34m
[0m[1;34m	threadid 47100480804608 -> core 14 - OK[0m[1;34m
[0miterations: 120
Total iterations: 1078560480 LUP
FLOP: 11
Total work: 11864165280 FLOP
performance: 2.427354 GLUP/s
Performance in GFLOP/s: 26.700891
size: 9000000
time: 0.444336
[1;34m[pthread wrapper] 
[0m[1;34m[pthread wrapper] MAIN -> 0
[0m[1;34m[pthread wrapper] PIN_MASK: [0m[1;34m0->1  [0m[1;34m1->2  [0m[1;34m2->3  [0m[1;34m3->4  [0m[1;34m4->10  [0m[1;34m5->11  [0m[1;34m6->12  [0m[1;34m7->13  [0m[1;34m8->14  [0m[1;34m
[pthread wrapper] SKIP MASK: 0x0
[0m[1;34m	threadid 47138282891008 -> core 1 - OK[0m[1;34m
[0m[1;34m	threadid 47138284992256 -> core 2 - OK[0m[1;34m
[0m[1;34m	threadid 47138287093504 -> core 3 - OK[0m[1;34m
[0m[1;34m	threadid 47138289194752 -> core 4 - OK[0m[1;34m
[0m[1;34m	threadid 47138291296000 -> core 10 - OK[0m[1;34m
[0m[1;34m	threadid 47138293397248 -> core 11 - OK[0m[1;34m
[0m[1;34m	threadid 47138295498496 -> core 12 - OK[0m[1;34m
[0m[1;34m	threadid 47138297599744 -> core 13 - OK[0m[1;34m
[0m[1;34m	threadid 47138299700992 -> core 14 - OK[0m[1;34m
[0miterations: 120
Total iterations: 1078560480 LUP
FLOP: 11
Total work: 11864165280 FLOP
performance: 2.426217 GLUP/s
Performance in GFLOP/s: 26.688389
size: 9000000
time: 0.444544
