[1;34m[pthread wrapper] 
[0m[1;34m[pthread wrapper] MAIN -> 0
[0m[1;34m[pthread wrapper] PIN_MASK: [0m[1;34m0->1  [0m[1;34m1->2  [0m[1;34m2->3  [0m[1;34m3->4  [0m[1;34m4->10  [0m[1;34m5->11  [0m[1;34m6->12  [0m[1;34m7->13  [0m[1;34m8->14  [0m[1;34m
[pthread wrapper] SKIP MASK: 0x0
[0m[1;34m	threadid 47018749515520 -> core 1 - OK[0m[1;34m
[0m[1;34m	threadid 47018751616768 -> core 2 - OK[0m[1;34m
[0m[1;34m	threadid 47018753718016 -> core 3 - OK[0m[1;34m
[0m[1;34m	threadid 47018755819264 -> core 4 - OK[0m[1;34m
[0m[1;34m	threadid 47018757920512 -> core 10 - OK[0m[1;34m
[0m[1;34m	threadid 47018760021760 -> core 11 - OK[0m[1;34m
[0m[1;34m	threadid 47018762123008 -> core 12 - OK[0m[1;34m
[0m[1;34m	threadid 47018764224256 -> core 13 - OK[0m[1;34m
[0m[1;34m	threadid 47018766325504 -> core 14 - OK[0m[1;34m
[0miterations: 200
Total iterations: 1797600800 LUP
FLOP: 11
Total work: 19773608800 FLOP
performance: 2.482973 GLUP/s
Performance in GFLOP/s: 27.312704
size: 9000000
time: 0.723971
[1;34m[pthread wrapper] 
[0m[1;34m[pthread wrapper] MAIN -> 0
[0m[1;34m[pthread wrapper] PIN_MASK: [0m[1;34m0->1  [0m[1;34m1->2  [0m[1;34m2->3  [0m[1;34m3->4  [0m[1;34m4->10  [0m[1;34m5->11  [0m[1;34m6->12  [0m[1;34m7->13  [0m[1;34m8->14  [0m[1;34m
[pthread wrapper] SKIP MASK: 0x0
[0m[1;34m	threadid 47334044415744 -> core 1 - OK[0m[1;34m
[0m[1;34m	threadid 47334046516992 -> core 2 - OK[0m[1;34m
[0m[1;34m	threadid 47334048618240 -> core 3 - OK[0m[1;34m
[0m[1;34m	threadid 47334050719488 -> core 4 - OK[0m[1;34m
[0m[1;34m	threadid 47334052820736 -> core 10 - OK[0m[1;34m
[0m[1;34m	threadid 47334054921984 -> core 11 - OK[0m[1;34m
[0m[1;34m	threadid 47334057023232 -> core 12 - OK[0m[1;34m
[0m[1;34m	threadid 47334059124480 -> core 13 - OK[0m[1;34m
[0m[1;34m	threadid 47334061225728 -> core 14 - OK[0m[1;34m
[0miterations: 200
Total iterations: 1797600800 LUP
FLOP: 11
Total work: 19773608800 FLOP
performance: 2.482644 GLUP/s
Performance in GFLOP/s: 27.309088
size: 9000000
time: 0.724067
[1;34m[pthread wrapper] 
[0m[1;34m[pthread wrapper] MAIN -> 0
[0m[1;34m[pthread wrapper] PIN_MASK: [0m[1;34m0->1  [0m[1;34m1->2  [0m[1;34m2->3  [0m[1;34m3->4  [0m[1;34m4->10  [0m[1;34m5->11  [0m[1;34m6->12  [0m[1;34m7->13  [0m[1;34m8->14  [0m[1;34m
[pthread wrapper] SKIP MASK: 0x0
[0m[1;34m	threadid 47275726718720 -> core 1 - OK[0m[1;34m
[0m[1;34m	threadid 47275728819968 -> core 2 - OK[0m[1;34m
[0m[1;34m	threadid 47275730921216 -> core 3 - OK[0m[1;34m
[0m[1;34m	threadid 47275733022464 -> core 4 - OK[0m[1;34m
[0m[1;34m	threadid 47275735123712 -> core 10 - OK[0m[1;34m
[0m[1;34m	threadid 47275737224960 -> core 11 - OK[0m[1;34m
[0m[1;34m	threadid 47275739326208 -> core 12 - OK[0m[1;34m
[0m[1;34m	threadid 47275741427456 -> core 13 - OK[0m[1;34m
[0m[1;34m	threadid 47275743528704 -> core 14 - OK[0m[1;34m
[0miterations: 200
Total iterations: 1797600800 LUP
FLOP: 11
Total work: 19773608800 FLOP
performance: 2.479736 GLUP/s
Performance in GFLOP/s: 27.277095
size: 9000000
time: 0.724916
[1;34m[pthread wrapper] 
[0m[1;34m[pthread wrapper] MAIN -> 0
[0m[1;34m[pthread wrapper] PIN_MASK: [0m[1;34m0->1  [0m[1;34m1->2  [0m[1;34m2->3  [0m[1;34m3->4  [0m[1;34m4->10  [0m[1;34m5->11  [0m[1;34m6->12  [0m[1;34m7->13  [0m[1;34m8->14  [0m[1;34m
[pthread wrapper] SKIP MASK: 0x0
[0m[1;34m	threadid 47975384495872 -> core 1 - OK[0m[1;34m
[0m[1;34m	threadid 47975386597120 -> core 2 - OK[0m[1;34m
[0m[1;34m	threadid 47975388698368 -> core 3 - OK[0m[1;34m
[0m[1;34m	threadid 47975390799616 -> core 4 - OK[0m[1;34m
[0m[1;34m	threadid 47975392900864 -> core 10 - OK[0m[1;34m
[0m[1;34m	threadid 47975395002112 -> core 11 - OK[0m[1;34m
[0m[1;34m	threadid 47975397103360 -> core 12 - OK[0m[1;34m
[0m[1;34m	threadid 47975399204608 -> core 13 - OK[0m[1;34m
[0m[1;34m	threadid 47975401305856 -> core 14 - OK[0m[1;34m
[0miterations: 200
Total iterations: 1797600800 LUP
FLOP: 11
Total work: 19773608800 FLOP
performance: 2.482448 GLUP/s
Performance in GFLOP/s: 27.306930
size: 9000000
time: 0.724124
[1;34m[pthread wrapper] 
[0m[1;34m[pthread wrapper] MAIN -> 0
[0m[1;34m[pthread wrapper] PIN_MASK: [0m[1;34m0->1  [0m[1;34m1->2  [0m[1;34m2->3  [0m[1;34m3->4  [0m[1;34m4->10  [0m[1;34m5->11  [0m[1;34m6->12  [0m[1;34m7->13  [0m[1;34m8->14  [0m[1;34m
[pthread wrapper] SKIP MASK: 0x0
[0m[1;34m	threadid 47114603411200 -> core 1 - OK[0m[1;34m
[0m[1;34m	threadid 47114605512448 -> core 2 - OK[0m[1;34m
[0m[1;34m	threadid 47114607613696 -> core 3 - OK[0m[1;34m
[0m[1;34m	threadid 47114609714944 -> core 4 - OK[0m[1;34m
[0m[1;34m	threadid 47114611816192 -> core 10 - OK[0m[1;34m
[0m[1;34m	threadid 47114613917440 -> core 11 - OK[0m[1;34m
[0m[1;34m	threadid 47114616018688 -> core 12 - OK[0m[1;34m
[0m[1;34m	threadid 47114618119936 -> core 13 - OK[0m[1;34m
[0m[1;34m	threadid 47114620221184 -> core 14 - OK[0m[1;34m
[0miterations: 200
Total iterations: 1797600800 LUP
FLOP: 11
Total work: 19773608800 FLOP
performance: 2.483608 GLUP/s
Performance in GFLOP/s: 27.319685
size: 9000000
time: 0.723786
[1;34m[pthread wrapper] 
[0m[1;34m[pthread wrapper] MAIN -> 0
[0m[1;34m[pthread wrapper] PIN_MASK: [0m[1;34m0->1  [0m[1;34m1->2  [0m[1;34m2->3  [0m[1;34m3->4  [0m[1;34m4->10  [0m[1;34m5->11  [0m[1;34m6->12  [0m[1;34m7->13  [0m[1;34m8->14  [0m[1;34m
[pthread wrapper] SKIP MASK: 0x0
[0m[1;34m	threadid 47036506330880 -> core 1 - OK[0m[1;34m
[0m[1;34m	threadid 47036508432128 -> core 2 - OK[0m[1;34m
[0m[1;34m	threadid 47036510533376 -> core 3 - OK[0m[1;34m
[0m[1;34m	threadid 47036512634624 -> core 4 - OK[0m[1;34m
[0m[1;34m	threadid 47036514735872 -> core 10 - OK[0m[1;34m
[0m[1;34m	threadid 47036516837120 -> core 11 - OK[0m[1;34m
[0m[1;34m	threadid 47036518938368 -> core 12 - OK[0m[1;34m
[0m[1;34m	threadid 47036521039616 -> core 13 - OK[0m[1;34m
[0m[1;34m	threadid 47036523140864 -> core 14 - OK[0m[1;34m
[0miterations: 200
Total iterations: 1797600800 LUP
FLOP: 11
Total work: 19773608800 FLOP
performance: 2.480802 GLUP/s
Performance in GFLOP/s: 27.288817
size: 9000000
time: 0.724605
[1;34m[pthread wrapper] 
[0m[1;34m[pthread wrapper] MAIN -> 0
[0m[1;34m[pthread wrapper] PIN_MASK: [0m[1;34m0->1  [0m[1;34m1->2  [0m[1;34m2->3  [0m[1;34m3->4  [0m[1;34m4->10  [0m[1;34m5->11  [0m[1;34m6->12  [0m[1;34m7->13  [0m[1;34m8->14  [0m[1;34m
[pthread wrapper] SKIP MASK: 0x0
[0m[1;34m	threadid 47965083383552 -> core 1 - OK[0m[1;34m
[0m[1;34m	threadid 47965085484800 -> core 2 - OK[0m[1;34m
[0m[1;34m	threadid 47965087586048 -> core 3 - OK[0m[1;34m
[0m[1;34m	threadid 47965089687296 -> core 4 - OK[0m[1;34m
[0m[1;34m	threadid 47965091788544 -> core 10 - OK[0m[1;34m
[0m[1;34m	threadid 47965093889792 -> core 11 - OK[0m[1;34m
[0m[1;34m	threadid 47965095991040 -> core 12 - OK[0m[1;34m
[0m[1;34m	threadid 47965098092288 -> core 13 - OK[0m[1;34m
[0m[1;34m	threadid 47965100193536 -> core 14 - OK[0m[1;34m
[0miterations: 200
Total iterations: 1797600800 LUP
FLOP: 11
Total work: 19773608800 FLOP
performance: 2.482494 GLUP/s
Performance in GFLOP/s: 27.307434
size: 9000000
time: 0.724111
[1;34m[pthread wrapper] 
[0m[1;34m[pthread wrapper] MAIN -> 0
[0m[1;34m[pthread wrapper] PIN_MASK: [0m[1;34m0->1  [0m[1;34m1->2  [0m[1;34m2->3  [0m[1;34m3->4  [0m[1;34m4->10  [0m[1;34m5->11  [0m[1;34m6->12  [0m[1;34m7->13  [0m[1;34m8->14  [0m[1;34m
[pthread wrapper] SKIP MASK: 0x0
[0m[1;34m	threadid 46919637714688 -> core 1 - OK[0m[1;34m
[0m[1;34m	threadid 46919639815936 -> core 2 - OK[0m[1;34m
[0m[1;34m	threadid 46919641917184 -> core 3 - OK[0m[1;34m
[0m[1;34m	threadid 46919644018432 -> core 4 - OK[0m[1;34m
[0m[1;34m	threadid 46919646119680 -> core 10 - OK[0m[1;34m
[0m[1;34m	threadid 46919648220928 -> core 11 - OK[0m[1;34m
[0m[1;34m	threadid 46919650322176 -> core 12 - OK[0m[1;34m
[0m[1;34m	threadid 46919652423424 -> core 13 - OK[0m[1;34m
[0m[1;34m	threadid 46919654524672 -> core 14 - OK[0m[1;34m
[0miterations: 200
Total iterations: 1797600800 LUP
FLOP: 11
Total work: 19773608800 FLOP
performance: 2.483673 GLUP/s
Performance in GFLOP/s: 27.320405
size: 9000000
time: 0.723767
[1;34m[pthread wrapper] 
[0m[1;34m[pthread wrapper] MAIN -> 0
[0m[1;34m[pthread wrapper] PIN_MASK: [0m[1;34m0->1  [0m[1;34m1->2  [0m[1;34m2->3  [0m[1;34m3->4  [0m[1;34m4->10  [0m[1;34m5->11  [0m[1;34m6->12  [0m[1;34m7->13  [0m[1;34m8->14  [0m[1;34m
[pthread wrapper] SKIP MASK: 0x0
[0m[1;34m	threadid 47779933861632 -> core 1 - OK[0m[1;34m
[0m[1;34m	threadid 47779935962880 -> core 2 - OK[0m[1;34m
[0m[1;34m	threadid 47779938064128 -> core 3 - OK[0m[1;34m
[0m[1;34m	threadid 47779940165376 -> core 4 - OK[0m[1;34m
[0m[1;34m	threadid 47779942266624 -> core 10 - OK[0m[1;34m
[0m[1;34m	threadid 47779944367872 -> core 11 - OK[0m[1;34m
[0m[1;34m	threadid 47779946469120 -> core 12 - OK[0m[1;34m
[0m[1;34m	threadid 47779948570368 -> core 13 - OK[0m[1;34m
[0m[1;34m	threadid 47779950671616 -> core 14 - OK[0m[1;34m
[0miterations: 200
Total iterations: 1797600800 LUP
FLOP: 11
Total work: 19773608800 FLOP
performance: 2.484432 GLUP/s
Performance in GFLOP/s: 27.328750
size: 9000000
time: 0.723546
[1;34m[pthread wrapper] 
[0m[1;34m[pthread wrapper] MAIN -> 0
[0m[1;34m[pthread wrapper] PIN_MASK: [0m[1;34m0->1  [0m[1;34m1->2  [0m[1;34m2->3  [0m[1;34m3->4  [0m[1;34m4->10  [0m[1;34m5->11  [0m[1;34m6->12  [0m[1;34m7->13  [0m[1;34m8->14  [0m[1;34m
[pthread wrapper] SKIP MASK: 0x0
[0m[1;34m	threadid 46920560547584 -> core 1 - OK[0m[1;34m
[0m[1;34m	threadid 46920562648832 -> core 2 - OK[0m[1;34m
[0m[1;34m	threadid 46920564750080 -> core 3 - OK[0m[1;34m
[0m[1;34m	threadid 46920566851328 -> core 4 - OK[0m[1;34m
[0m[1;34m	threadid 46920568952576 -> core 10 - OK[0m[1;34m
[0m[1;34m	threadid 46920571053824 -> core 11 - OK[0m[1;34m
[0m[1;34m	threadid 46920573155072 -> core 12 - OK[0m[1;34m
[0m[1;34m	threadid 46920575256320 -> core 13 - OK[0m[1;34m
[0m[1;34m	threadid 46920577357568 -> core 14 - OK[0m[1;34m
[0miterations: 200
Total iterations: 1797600800 LUP
FLOP: 11
Total work: 19773608800 FLOP
performance: 2.482548 GLUP/s
Performance in GFLOP/s: 27.308027
size: 9000000
time: 0.724095
