[1;34m[pthread wrapper] 
[0m[1;34m[pthread wrapper] MAIN -> 0
[0m[1;34m[pthread wrapper] PIN_MASK: [0m[1;34m0->1  [0m[1;34m1->2  [0m[1;34m2->3  [0m[1;34m
[pthread wrapper] SKIP MASK: 0x0
[0m[1;34m	threadid 47664197199616 -> core 1 - OK[0m[1;34m
[0m[1;34m	threadid 47664199300864 -> core 2 - OK[0m[1;34m
[0m[1;34m	threadid 47664201402112 -> core 3 - OK[0m[1;34m
[0miterations: 120
Total iterations: 1078560480 LUP
FLOP: 11
Total work: 11864165280 FLOP
performance: 1.021999 GLUP/s
Performance in GFLOP/s: 11.241990
size: 9000000
time: 1.055344
[1;34m[pthread wrapper] 
[0m[1;34m[pthread wrapper] MAIN -> 0
[0m[1;34m[pthread wrapper] PIN_MASK: [0m[1;34m0->1  [0m[1;34m1->2  [0m[1;34m2->3  [0m[1;34m
[pthread wrapper] SKIP MASK: 0x0
[0m[1;34m	threadid 47468461090560 -> core 1 - OK[0m[1;34m
[0m[1;34m	threadid 47468463191808 -> core 2 - OK[0m[1;34m
[0m[1;34m	threadid 47468465293056 -> core 3 - OK[0m[1;34m
[0miterations: 120
Total iterations: 1078560480 LUP
FLOP: 11
Total work: 11864165280 FLOP
performance: 1.022059 GLUP/s
Performance in GFLOP/s: 11.242648
size: 9000000
time: 1.055282
[1;34m[pthread wrapper] 
[0m[1;34m[pthread wrapper] MAIN -> 0
[0m[1;34m[pthread wrapper] PIN_MASK: [0m[1;34m0->1  [0m[1;34m1->2  [0m[1;34m2->3  [0m[1;34m
[pthread wrapper] SKIP MASK: 0x0
[0m[1;34m	threadid 47496462497536 -> core 1 - OK[0m[1;34m
[0m[1;34m	threadid 47496464598784 -> core 2 - OK[0m[1;34m
[0m[1;34m	threadid 47496466700032 -> core 3 - OK[0m[1;34m
[0miterations: 120
Total iterations: 1078560480 LUP
FLOP: 11
Total work: 11864165280 FLOP
performance: 1.021989 GLUP/s
Performance in GFLOP/s: 11.241883
size: 9000000
time: 1.055354
[1;34m[pthread wrapper] 
[0m[1;34m[pthread wrapper] MAIN -> 0
[0m[1;34m[pthread wrapper] PIN_MASK: [0m[1;34m0->1  [0m[1;34m1->2  [0m[1;34m2->3  [0m[1;34m
[pthread wrapper] SKIP MASK: 0x0
[0m[1;34m	threadid 47574787278592 -> core 1 - OK[0m[1;34m
[0m[1;34m	threadid 47574789379840 -> core 2 - OK[0m[1;34m
[0m[1;34m	threadid 47574791481088 -> core 3 - OK[0m[1;34m
[0miterations: 120
Total iterations: 1078560480 LUP
FLOP: 11
Total work: 11864165280 FLOP
performance: 1.022173 GLUP/s
Performance in GFLOP/s: 11.243908
size: 9000000
time: 1.055164
[1;34m[pthread wrapper] 
[0m[1;34m[pthread wrapper] MAIN -> 0
[0m[1;34m[pthread wrapper] PIN_MASK: [0m[1;34m0->1  [0m[1;34m1->2  [0m[1;34m2->3  [0m[1;34m
[pthread wrapper] SKIP MASK: 0x0
[0m[1;34m	threadid 47313489696512 -> core 1 - OK[0m[1;34m
[0m[1;34m	threadid 47313491797760 -> core 2 - OK[0m[1;34m
[0m[1;34m	threadid 47313493899008 -> core 3 - OK[0m[1;34m
[0miterations: 120
Total iterations: 1078560480 LUP
FLOP: 11
Total work: 11864165280 FLOP
performance: 1.022042 GLUP/s
Performance in GFLOP/s: 11.242457
size: 9000000
time: 1.055300
[1;34m[pthread wrapper] 
[0m[1;34m[pthread wrapper] MAIN -> 0
[0m[1;34m[pthread wrapper] PIN_MASK: [0m[1;34m0->1  [0m[1;34m1->2  [0m[1;34m2->3  [0m[1;34m
[pthread wrapper] SKIP MASK: 0x0
[0m[1;34m	threadid 46935076988672 -> core 1 - OK[0m[1;34m
[0m[1;34m	threadid 46935079089920 -> core 2 - OK[0m[1;34m
[0m[1;34m	threadid 46935081191168 -> core 3 - OK[0m[1;34m
[0miterations: 120
Total iterations: 1078560480 LUP
FLOP: 11
Total work: 11864165280 FLOP
performance: 1.022076 GLUP/s
Performance in GFLOP/s: 11.242831
size: 9000000
time: 1.055265
[1;34m[pthread wrapper] 
[0m[1;34m[pthread wrapper] MAIN -> 0
[0m[1;34m[pthread wrapper] PIN_MASK: [0m[1;34m0->1  [0m[1;34m1->2  [0m[1;34m2->3  [0m[1;34m
[pthread wrapper] SKIP MASK: 0x0
[0m[1;34m	threadid 47085053585152 -> core 1 - OK[0m[1;34m
[0m[1;34m	threadid 47085055686400 -> core 2 - OK[0m[1;34m
[0m[1;34m	threadid 47085057787648 -> core 3 - OK[0m[1;34m
[0miterations: 120
Total iterations: 1078560480 LUP
FLOP: 11
Total work: 11864165280 FLOP
performance: 1.022204 GLUP/s
Performance in GFLOP/s: 11.244246
size: 9000000
time: 1.055132
[1;34m[pthread wrapper] 
[0m[1;34m[pthread wrapper] MAIN -> 0
[0m[1;34m[pthread wrapper] PIN_MASK: [0m[1;34m0->1  [0m[1;34m1->2  [0m[1;34m2->3  [0m[1;34m
[pthread wrapper] SKIP MASK: 0x0
[0m[1;34m	threadid 47292509370112 -> core 1 - OK[0m[1;34m
[0m[1;34m	threadid 47292511471360 -> core 2 - OK[0m[1;34m
[0m[1;34m	threadid 47292513572608 -> core 3 - OK[0m[1;34m
[0miterations: 120
Total iterations: 1078560480 LUP
FLOP: 11
Total work: 11864165280 FLOP
performance: 1.022091 GLUP/s
Performance in GFLOP/s: 11.243001
size: 9000000
time: 1.055249
[1;34m[pthread wrapper] 
[0m[1;34m[pthread wrapper] MAIN -> 0
[0m[1;34m[pthread wrapper] PIN_MASK: [0m[1;34m0->1  [0m[1;34m1->2  [0m[1;34m2->3  [0m[1;34m
[pthread wrapper] SKIP MASK: 0x0
[0m[1;34m	threadid 47848576718592 -> core 1 - OK[0m[1;34m
[0m[1;34m	threadid 47848578819840 -> core 2 - OK[0m[1;34m
[0m[1;34m	threadid 47848580921088 -> core 3 - OK[0m[1;34m
[0miterations: 120
Total iterations: 1078560480 LUP
FLOP: 11
Total work: 11864165280 FLOP
performance: 1.022163 GLUP/s
Performance in GFLOP/s: 11.243789
size: 9000000
time: 1.055175
[1;34m[pthread wrapper] 
[0m[1;34m[pthread wrapper] MAIN -> 0
[0m[1;34m[pthread wrapper] PIN_MASK: [0m[1;34m0->1  [0m[1;34m1->2  [0m[1;34m2->3  [0m[1;34m
[pthread wrapper] SKIP MASK: 0x0
[0m[1;34m	threadid 47551101863680 -> core 1 - OK[0m[1;34m
[0m[1;34m	threadid 47551103964928 -> core 2 - OK[0m[1;34m
[0m[1;34m	threadid 47551106066176 -> core 3 - OK[0m[1;34m
[0miterations: 120
Total iterations: 1078560480 LUP
FLOP: 11
Total work: 11864165280 FLOP
performance: 1.022078 GLUP/s
Performance in GFLOP/s: 11.242861
size: 9000000
time: 1.055262
