[1;34m[pthread wrapper] 
[0m[1;34m[pthread wrapper] MAIN -> 0
[0m[1;34m[pthread wrapper] PIN_MASK: [0m[1;34m0->1  [0m[1;34m1->2  [0m[1;34m2->3  [0m[1;34m3->10  [0m[1;34m4->11  [0m[1;34m5->12  [0m[1;34m6->13  [0m[1;34m
[pthread wrapper] SKIP MASK: 0x0
[0m[1;34m	threadid 47173517440768 -> core 1 - OK[0m[1;34m
[0m[1;34m	threadid 47173519542016 -> core 2 - OK[0m[1;34m
[0m[1;34m	threadid 47173521643264 -> core 3 - OK[0m[1;34m
[0m[1;34m	threadid 47173523744512 -> core 10 - OK[0m[1;34m
[0m[1;34m	threadid 47173525845760 -> core 11 - OK[0m[1;34m
[0m[1;34m	threadid 47173527947008 -> core 12 - OK[0m[1;34m
[0m[1;34m	threadid 47173530048256 -> core 13 - OK[0m[1;34m
[0miterations: 200
Total iterations: 49600800 LUP
FLOP: 11
Total work: 545608800 FLOP
performance: 2.466839 GLUP/s
Performance in GFLOP/s: 27.135225
size: 250000
time: 0.020107
[1;34m[pthread wrapper] 
[0m[1;34m[pthread wrapper] MAIN -> 0
[0m[1;34m[pthread wrapper] PIN_MASK: [0m[1;34m0->1  [0m[1;34m1->2  [0m[1;34m2->3  [0m[1;34m3->10  [0m[1;34m4->11  [0m[1;34m5->12  [0m[1;34m6->13  [0m[1;34m
[pthread wrapper] SKIP MASK: 0x0
[0m[1;34m	threadid 47936546416384 -> core 1 - OK[0m[1;34m
[0m[1;34m	threadid 47936548517632 -> core 2 - OK[0m[1;34m
[0m[1;34m	threadid 47936550618880 -> core 3 - OK[0m[1;34m
[0m[1;34m	threadid 47936552720128 -> core 10 - OK[0m[1;34m
[0m[1;34m	threadid 47936554821376 -> core 11 - OK[0m[1;34m
[0m[1;34m	threadid 47936556922624 -> core 12 - OK[0m[1;34m
[0m[1;34m	threadid 47936559023872 -> core 13 - OK[0m[1;34m
[0miterations: 200
Total iterations: 49600800 LUP
FLOP: 11
Total work: 545608800 FLOP
performance: 2.470911 GLUP/s
Performance in GFLOP/s: 27.180022
size: 250000
time: 0.020074
[1;34m[pthread wrapper] 
[0m[1;34m[pthread wrapper] MAIN -> 0
[0m[1;34m[pthread wrapper] PIN_MASK: [0m[1;34m0->1  [0m[1;34m1->2  [0m[1;34m2->3  [0m[1;34m3->10  [0m[1;34m4->11  [0m[1;34m5->12  [0m[1;34m6->13  [0m[1;34m
[pthread wrapper] SKIP MASK: 0x0
[0m[1;34m	threadid 46960677611264 -> core 1 - OK[0m[1;34m
[0m[1;34m	threadid 46960679712512 -> core 2 - OK[0m[1;34m
[0m[1;34m	threadid 46960681813760 -> core 3 - OK[0m[1;34m
[0m[1;34m	threadid 46960683915008 -> core 10 - OK[0m[1;34m
[0m[1;34m	threadid 46960686016256 -> core 11 - OK[0m[1;34m
[0m[1;34m	threadid 46960688117504 -> core 12 - OK[0m[1;34m
[0m[1;34m	threadid 46960690218752 -> core 13 - OK[0m[1;34m
[0miterations: 200
Total iterations: 49600800 LUP
FLOP: 11
Total work: 545608800 FLOP
performance: 2.468331 GLUP/s
Performance in GFLOP/s: 27.151644
size: 250000
time: 0.020095
[1;34m[pthread wrapper] 
[0m[1;34m[pthread wrapper] MAIN -> 0
[0m[1;34m[pthread wrapper] PIN_MASK: [0m[1;34m0->1  [0m[1;34m1->2  [0m[1;34m2->3  [0m[1;34m3->10  [0m[1;34m4->11  [0m[1;34m5->12  [0m[1;34m6->13  [0m[1;34m
[pthread wrapper] SKIP MASK: 0x0
[0m[1;34m	threadid 47124003387136 -> core 1 - OK[0m[1;34m
[0m[1;34m	threadid 47124005488384 -> core 2 - OK[0m[1;34m
[0m[1;34m	threadid 47124007589632 -> core 3 - OK[0m[1;34m
[0m[1;34m	threadid 47124009690880 -> core 10 - OK[0m[1;34m
[0m[1;34m	threadid 47124011792128 -> core 11 - OK[0m[1;34m
[0m[1;34m	threadid 47124013893376 -> core 12 - OK[0m[1;34m
[0m[1;34m	threadid 47124015994624 -> core 13 - OK[0m[1;34m
[0miterations: 200
Total iterations: 49600800 LUP
FLOP: 11
Total work: 545608800 FLOP
performance: 2.464150 GLUP/s
Performance in GFLOP/s: 27.105655
size: 250000
time: 0.020129
[1;34m[pthread wrapper] 
[0m[1;34m[pthread wrapper] MAIN -> 0
[0m[1;34m[pthread wrapper] PIN_MASK: [0m[1;34m0->1  [0m[1;34m1->2  [0m[1;34m2->3  [0m[1;34m3->10  [0m[1;34m4->11  [0m[1;34m5->12  [0m[1;34m6->13  [0m[1;34m
[pthread wrapper] SKIP MASK: 0x0
[0m[1;34m	threadid 47689434105600 -> core 1 - OK[0m[1;34m
[0m[1;34m	threadid 47689436206848 -> core 2 - OK[0m[1;34m
[0m[1;34m	threadid 47689438308096 -> core 3 - OK[0m[1;34m
[0m[1;34m	threadid 47689440409344 -> core 10 - OK[0m[1;34m
[0m[1;34m	threadid 47689442510592 -> core 11 - OK[0m[1;34m
[0m[1;34m	threadid 47689444611840 -> core 12 - OK[0m[1;34m
[0m[1;34m	threadid 47689446713088 -> core 13 - OK[0m[1;34m
[0miterations: 200
Total iterations: 49600800 LUP
FLOP: 11
Total work: 545608800 FLOP
performance: 2.468419 GLUP/s
Performance in GFLOP/s: 27.152611
size: 250000
time: 0.020094
[1;34m[pthread wrapper] 
[0m[1;34m[pthread wrapper] MAIN -> 0
[0m[1;34m[pthread wrapper] PIN_MASK: [0m[1;34m0->1  [0m[1;34m1->2  [0m[1;34m2->3  [0m[1;34m3->10  [0m[1;34m4->11  [0m[1;34m5->12  [0m[1;34m6->13  [0m[1;34m
[pthread wrapper] SKIP MASK: 0x0
[0m[1;34m	threadid 47381554505472 -> core 1 - OK[0m[1;34m
[0m[1;34m	threadid 47381556606720 -> core 2 - OK[0m[1;34m
[0m[1;34m	threadid 47381558707968 -> core 3 - OK[0m[1;34m
[0m[1;34m	threadid 47381560809216 -> core 10 - OK[0m[1;34m
[0m[1;34m	threadid 47381562910464 -> core 11 - OK[0m[1;34m
[0m[1;34m	threadid 47381565011712 -> core 12 - OK[0m[1;34m
[0m[1;34m	threadid 47381567112960 -> core 13 - OK[0m[1;34m
[0miterations: 200
Total iterations: 49600800 LUP
FLOP: 11
Total work: 545608800 FLOP
performance: 2.461439 GLUP/s
Performance in GFLOP/s: 27.075830
size: 250000
time: 0.020151
[1;34m[pthread wrapper] 
[0m[1;34m[pthread wrapper] MAIN -> 0
[0m[1;34m[pthread wrapper] PIN_MASK: [0m[1;34m0->1  [0m[1;34m1->2  [0m[1;34m2->3  [0m[1;34m3->10  [0m[1;34m4->11  [0m[1;34m5->12  [0m[1;34m6->13  [0m[1;34m
[pthread wrapper] SKIP MASK: 0x0
[0m[1;34m	threadid 47221934692096 -> core 1 - OK[0m[1;34m
[0m[1;34m	threadid 47221936793344 -> core 2 - OK[0m[1;34m
[0m[1;34m	threadid 47221938894592 -> core 3 - OK[0m[1;34m
[0m[1;34m	threadid 47221940995840 -> core 10 - OK[0m[1;34m
[0m[1;34m	threadid 47221943097088 -> core 11 - OK[0m[1;34m
[0m[1;34m	threadid 47221945198336 -> core 12 - OK[0m[1;34m
[0m[1;34m	threadid 47221947299584 -> core 13 - OK[0m[1;34m
[0miterations: 200
Total iterations: 49600800 LUP
FLOP: 11
Total work: 545608800 FLOP
performance: 2.473232 GLUP/s
Performance in GFLOP/s: 27.205549
size: 250000
time: 0.020055
[1;34m[pthread wrapper] 
[0m[1;34m[pthread wrapper] MAIN -> 0
[0m[1;34m[pthread wrapper] PIN_MASK: [0m[1;34m0->1  [0m[1;34m1->2  [0m[1;34m2->3  [0m[1;34m3->10  [0m[1;34m4->11  [0m[1;34m5->12  [0m[1;34m6->13  [0m[1;34m
[pthread wrapper] SKIP MASK: 0x0
[0m[1;34m	threadid 47631008036608 -> core 1 - OK[0m[1;34m
[0m[1;34m	threadid 47631010137856 -> core 2 - OK[0m[1;34m
[0m[1;34m	threadid 47631012239104 -> core 3 - OK[0m[1;34m
[0m[1;34m	threadid 47631014340352 -> core 10 - OK[0m[1;34m
[0m[1;34m	threadid 47631016441600 -> core 11 - OK[0m[1;34m
[0m[1;34m	threadid 47631018542848 -> core 12 - OK[0m[1;34m
[0m[1;34m	threadid 47631020644096 -> core 13 - OK[0m[1;34m
[0miterations: 200
Total iterations: 49600800 LUP
FLOP: 11
Total work: 545608800 FLOP
performance: 2.464880 GLUP/s
Performance in GFLOP/s: 27.113684
size: 250000
time: 0.020123
[1;34m[pthread wrapper] 
[0m[1;34m[pthread wrapper] MAIN -> 0
[0m[1;34m[pthread wrapper] PIN_MASK: [0m[1;34m0->1  [0m[1;34m1->2  [0m[1;34m2->3  [0m[1;34m3->10  [0m[1;34m4->11  [0m[1;34m5->12  [0m[1;34m6->13  [0m[1;34m
[pthread wrapper] SKIP MASK: 0x0
[0m[1;34m	threadid 47960315135744 -> core 1 - OK[0m[1;34m
[0m[1;34m	threadid 47960317236992 -> core 2 - OK[0m[1;34m
[0m[1;34m	threadid 47960319338240 -> core 3 - OK[0m[1;34m
[0m[1;34m	threadid 47960321439488 -> core 10 - OK[0m[1;34m
[0m[1;34m	threadid 47960323540736 -> core 11 - OK[0m[1;34m
[0m[1;34m	threadid 47960325641984 -> core 12 - OK[0m[1;34m
[0m[1;34m	threadid 47960327743232 -> core 13 - OK[0m[1;34m
[0miterations: 200
Total iterations: 49600800 LUP
FLOP: 11
Total work: 545608800 FLOP
performance: 2.463538 GLUP/s
Performance in GFLOP/s: 27.098915
size: 250000
time: 0.020134
[1;34m[pthread wrapper] 
[0m[1;34m[pthread wrapper] MAIN -> 0
[0m[1;34m[pthread wrapper] PIN_MASK: [0m[1;34m0->1  [0m[1;34m1->2  [0m[1;34m2->3  [0m[1;34m3->10  [0m[1;34m4->11  [0m[1;34m5->12  [0m[1;34m6->13  [0m[1;34m
[pthread wrapper] SKIP MASK: 0x0
[0m[1;34m	threadid 47021459031808 -> core 1 - OK[0m[1;34m
[0m[1;34m	threadid 47021461133056 -> core 2 - OK[0m[1;34m
[0m[1;34m	threadid 47021463234304 -> core 3 - OK[0m[1;34m
[0m[1;34m	threadid 47021465335552 -> core 10 - OK[0m[1;34m
[0m[1;34m	threadid 47021467436800 -> core 11 - OK[0m[1;34m
[0m[1;34m	threadid 47021469538048 -> core 12 - OK[0m[1;34m
[0m[1;34m	threadid 47021471639296 -> core 13 - OK[0m[1;34m
[0miterations: 200
Total iterations: 49600800 LUP
FLOP: 11
Total work: 545608800 FLOP
performance: 2.468800 GLUP/s
Performance in GFLOP/s: 27.156799
size: 250000
time: 0.020091
