iterations: 120
Total iterations: 1078560480 LUP
FLOP: 11
Total work: 11864165280 FLOP
performance: 0.257238 GLUP/s
Performance in GFLOP/s: 2.829618
size: 9000000
time: 4.192851
iterations: 120
Total iterations: 1078560480 LUP
FLOP: 11
Total work: 11864165280 FLOP
performance: 0.256998 GLUP/s
Performance in GFLOP/s: 2.826975
size: 9000000
time: 4.196771
iterations: 120
Total iterations: 1078560480 LUP
FLOP: 11
Total work: 11864165280 FLOP
performance: 0.256776 GLUP/s
Performance in GFLOP/s: 2.824532
size: 9000000
time: 4.200400
iterations: 120
Total iterations: 1078560480 LUP
FLOP: 11
Total work: 11864165280 FLOP
performance: 0.257049 GLUP/s
Performance in GFLOP/s: 2.827538
size: 9000000
time: 4.195935
iterations: 120
Total iterations: 1078560480 LUP
FLOP: 11
Total work: 11864165280 FLOP
performance: 0.256919 GLUP/s
Performance in GFLOP/s: 2.826111
size: 9000000
time: 4.198054
iterations: 120
Total iterations: 1078560480 LUP
FLOP: 11
Total work: 11864165280 FLOP
performance: 0.244181 GLUP/s
Performance in GFLOP/s: 2.685988
size: 9000000
time: 4.417058
iterations: 120
Total iterations: 1078560480 LUP
FLOP: 11
Total work: 11864165280 FLOP
performance: 0.256862 GLUP/s
Performance in GFLOP/s: 2.825485
size: 9000000
time: 4.198984
iterations: 120
Total iterations: 1078560480 LUP
FLOP: 11
Total work: 11864165280 FLOP
performance: 0.243102 GLUP/s
Performance in GFLOP/s: 2.674120
size: 9000000
time: 4.436662
iterations: 120
Total iterations: 1078560480 LUP
FLOP: 11
Total work: 11864165280 FLOP
performance: 0.256745 GLUP/s
Performance in GFLOP/s: 2.824191
size: 9000000
time: 4.200907
iterations: 120
Total iterations: 1078560480 LUP
FLOP: 11
Total work: 11864165280 FLOP
performance: 0.256749 GLUP/s
Performance in GFLOP/s: 2.824234
size: 9000000
time: 4.200843
