[1;34m[pthread wrapper] 
[0m[1;34m[pthread wrapper] MAIN -> 0
[0m[1;34m[pthread wrapper] PIN_MASK: [0m[1;34m0->1  [0m[1;34m1->2  [0m[1;34m2->3  [0m[1;34m3->4  [0m[1;34m4->5  [0m[1;34m5->6  [0m[1;34m6->7  [0m[1;34m7->8  [0m[1;34m8->9  [0m[1;34m9->10  [0m[1;34m10->11  [0m[1;34m11->12  [0m[1;34m12->13  [0m[1;34m13->14  [0m[1;34m14->15  [0m[1;34m15->16  [0m[1;34m16->17  [0m[1;34m17->18  [0m[1;34m18->19  [0m[1;34m
[pthread wrapper] SKIP MASK: 0x0
[0m[1;34m	threadid 47950808921856 -> core 1 - OK[0m[1;34m
[0m[1;34m	threadid 47950811023104 -> core 2 - OK[0m[1;34m
[0m[1;34m	threadid 47950813124352 -> core 3 - OK[0m[1;34m
[0m[1;34m	threadid 47950815225600 -> core 4 - OK[0m[1;34m
[0m[1;34m	threadid 47950817326848 -> core 5 - OK[0m[1;34m
[0m[1;34m	threadid 47950819428096 -> core 6 - OK[0m[1;34m
[0m[1;34m	threadid 47950821529344 -> core 7 - OK[0m[1;34m
[0m[1;34m	threadid 47950823630592 -> core 8 - OK[0m[1;34m
[0m[1;34m	threadid 47950825731840 -> core 9 - OK[0m[1;34m
[0m[1;34m	threadid 47950827833088 -> core 10 - OK[0m[1;34m
[0m[1;34m	threadid 47950829934336 -> core 11 - OK[0m[1;34m
[0m[1;34m	threadid 47950832035584 -> core 12 - OK[0m[1;34m
[0m[1;34m	threadid 47950834136832 -> core 13 - OK[0m[1;34m
[0m[1;34m	threadid 47950836238080 -> core 14 - OK[0m[1;34m
[0m[1;34m	threadid 47950838339328 -> core 15 - OK[0m[1;34m
[0m[1;34m	threadid 47950840440576 -> core 16 - OK[0m[1;34m
[0m[1;34m	threadid 47950842541824 -> core 17 - OK[0m[1;34m
[0m[1;34m	threadid 47950844643072 -> core 18 - OK[0m[1;34m
[0m[1;34m	threadid 47950846744320 -> core 19 - OK[0m[1;34m
[0miterations: 200
Total iterations: 1797600800 LUP
FLOP: 11
Total work: 19773608800 FLOP
performance: 4.543492 GLUP/s
Performance in GFLOP/s: 49.978412
size: 9000000
time: 0.395643
[1;34m[pthread wrapper] 
[0m[1;34m[pthread wrapper] MAIN -> 0
[0m[1;34m[pthread wrapper] PIN_MASK: [0m[1;34m0->1  [0m[1;34m1->2  [0m[1;34m2->3  [0m[1;34m3->4  [0m[1;34m4->5  [0m[1;34m5->6  [0m[1;34m6->7  [0m[1;34m7->8  [0m[1;34m8->9  [0m[1;34m9->10  [0m[1;34m10->11  [0m[1;34m11->12  [0m[1;34m12->13  [0m[1;34m13->14  [0m[1;34m14->15  [0m[1;34m15->16  [0m[1;34m16->17  [0m[1;34m17->18  [0m[1;34m18->19  [0m[1;34m
[pthread wrapper] SKIP MASK: 0x0
[0m[1;34m	threadid 47204380731136 -> core 1 - OK[0m[1;34m
[0m[1;34m	threadid 47204382832384 -> core 2 - OK[0m[1;34m
[0m[1;34m	threadid 47204384933632 -> core 3 - OK[0m[1;34m
[0m[1;34m	threadid 47204387034880 -> core 4 - OK[0m[1;34m
[0m[1;34m	threadid 47204389136128 -> core 5 - OK[0m[1;34m
[0m[1;34m	threadid 47204391237376 -> core 6 - OK[0m[1;34m
[0m[1;34m	threadid 47204393338624 -> core 7 - OK[0m[1;34m
[0m[1;34m	threadid 47204395439872 -> core 8 - OK[0m[1;34m
[0m[1;34m	threadid 47204397541120 -> core 9 - OK[0m[1;34m
[0m[1;34m	threadid 47204399642368 -> core 10 - OK[0m[1;34m
[0m[1;34m	threadid 47204401743616 -> core 11 - OK[0m[1;34m
[0m[1;34m	threadid 47204403844864 -> core 12 - OK[0m[1;34m
[0m[1;34m	threadid 47204405946112 -> core 13 - OK[0m[1;34m
[0m[1;34m	threadid 47204408047360 -> core 14 - OK[0m[1;34m
[0m[1;34m	threadid 47204410148608 -> core 15 - OK[0m[1;34m
[0m[1;34m	threadid 47204412249856 -> core 16 - OK[0m[1;34m
[0m[1;34m	threadid 47204414351104 -> core 17 - OK[0m[1;34m
[0m[1;34m	threadid 47204416452352 -> core 18 - OK[0m[1;34m
[0m[1;34m	threadid 47204418553600 -> core 19 - OK[0m[1;34m
[0miterations: 200
Total iterations: 1797600800 LUP
FLOP: 11
Total work: 19773608800 FLOP
performance: 4.515132 GLUP/s
Performance in GFLOP/s: 49.666457
size: 9000000
time: 0.398128
[1;34m[pthread wrapper] 
[0m[1;34m[pthread wrapper] MAIN -> 0
[0m[1;34m[pthread wrapper] PIN_MASK: [0m[1;34m0->1  [0m[1;34m1->2  [0m[1;34m2->3  [0m[1;34m3->4  [0m[1;34m4->5  [0m[1;34m5->6  [0m[1;34m6->7  [0m[1;34m7->8  [0m[1;34m8->9  [0m[1;34m9->10  [0m[1;34m10->11  [0m[1;34m11->12  [0m[1;34m12->13  [0m[1;34m13->14  [0m[1;34m14->15  [0m[1;34m15->16  [0m[1;34m16->17  [0m[1;34m17->18  [0m[1;34m18->19  [0m[1;34m
[pthread wrapper] SKIP MASK: 0x0
[0m[1;34m	threadid 47621441181440 -> core 1 - OK[0m[1;34m
[0m[1;34m	threadid 47621443282688 -> core 2 - OK[0m[1;34m
[0m[1;34m	threadid 47621445383936 -> core 3 - OK[0m[1;34m
[0m[1;34m	threadid 47621447485184 -> core 4 - OK[0m[1;34m
[0m[1;34m	threadid 47621449586432 -> core 5 - OK[0m[1;34m
[0m[1;34m	threadid 47621451687680 -> core 6 - OK[0m[1;34m
[0m[1;34m	threadid 47621453788928 -> core 7 - OK[0m[1;34m
[0m[1;34m	threadid 47621455890176 -> core 8 - OK[0m[1;34m
[0m[1;34m	threadid 47621457991424 -> core 9 - OK[0m[1;34m
[0m[1;34m	threadid 47621460092672 -> core 10 - OK[0m[1;34m
[0m[1;34m	threadid 47621462193920 -> core 11 - OK[0m[1;34m
[0m[1;34m	threadid 47621464295168 -> core 12 - OK[0m[1;34m
[0m[1;34m	threadid 47621466396416 -> core 13 - OK[0m[1;34m
[0m[1;34m	threadid 47621468497664 -> core 14 - OK[0m[1;34m
[0m[1;34m	threadid 47621470598912 -> core 15 - OK[0m[1;34m
[0m[1;34m	threadid 47621472700160 -> core 16 - OK[0m[1;34m
[0m[1;34m	threadid 47621474801408 -> core 17 - OK[0m[1;34m
[0m[1;34m	threadid 47621476902656 -> core 18 - OK[0m[1;34m
[0m[1;34m	threadid 47621479003904 -> core 19 - OK[0m[1;34m
[0miterations: 200
Total iterations: 1797600800 LUP
FLOP: 11
Total work: 19773608800 FLOP
performance: 4.529740 GLUP/s
Performance in GFLOP/s: 49.827140
size: 9000000
time: 0.396844
[1;34m[pthread wrapper] 
[0m[1;34m[pthread wrapper] MAIN -> 0
[0m[1;34m[pthread wrapper] PIN_MASK: [0m[1;34m0->1  [0m[1;34m1->2  [0m[1;34m2->3  [0m[1;34m3->4  [0m[1;34m4->5  [0m[1;34m5->6  [0m[1;34m6->7  [0m[1;34m7->8  [0m[1;34m8->9  [0m[1;34m9->10  [0m[1;34m10->11  [0m[1;34m11->12  [0m[1;34m12->13  [0m[1;34m13->14  [0m[1;34m14->15  [0m[1;34m15->16  [0m[1;34m16->17  [0m[1;34m17->18  [0m[1;34m18->19  [0m[1;34m
[pthread wrapper] SKIP MASK: 0x0
[0m[1;34m	threadid 47919037032192 -> core 1 - OK[0m[1;34m
[0m[1;34m	threadid 47919039133440 -> core 2 - OK[0m[1;34m
[0m[1;34m	threadid 47919041234688 -> core 3 - OK[0m[1;34m
[0m[1;34m	threadid 47919043335936 -> core 4 - OK[0m[1;34m
[0m[1;34m	threadid 47919045437184 -> core 5 - OK[0m[1;34m
[0m[1;34m	threadid 47919047538432 -> core 6 - OK[0m[1;34m
[0m[1;34m	threadid 47919049639680 -> core 7 - OK[0m[1;34m
[0m[1;34m	threadid 47919051740928 -> core 8 - OK[0m[1;34m
[0m[1;34m	threadid 47919053842176 -> core 9 - OK[0m[1;34m
[0m[1;34m	threadid 47919055943424 -> core 10 - OK[0m[1;34m
[0m[1;34m	threadid 47919058044672 -> core 11 - OK[0m[1;34m
[0m[1;34m	threadid 47919060145920 -> core 12 - OK[0m[1;34m
[0m[1;34m	threadid 47919062247168 -> core 13 - OK[0m[1;34m
[0m[1;34m	threadid 47919064348416 -> core 14 - OK[0m[1;34m
[0m[1;34m	threadid 47919066449664 -> core 15 - OK[0m[1;34m
[0m[1;34m	threadid 47919068550912 -> core 16 - OK[0m[1;34m
[0m[1;34m	threadid 47919070652160 -> core 17 - OK[0m[1;34m
[0m[1;34m	threadid 47919072753408 -> core 18 - OK[0m[1;34m
[0m[1;34m	threadid 47919074854656 -> core 19 - OK[0m[1;34m
[0miterations: 200
Total iterations: 1797600800 LUP
FLOP: 11
Total work: 19773608800 FLOP
performance: 4.539509 GLUP/s
Performance in GFLOP/s: 49.934600
size: 9000000
time: 0.395990
[1;34m[pthread wrapper] 
[0m[1;34m[pthread wrapper] MAIN -> 0
[0m[1;34m[pthread wrapper] PIN_MASK: [0m[1;34m0->1  [0m[1;34m1->2  [0m[1;34m2->3  [0m[1;34m3->4  [0m[1;34m4->5  [0m[1;34m5->6  [0m[1;34m6->7  [0m[1;34m7->8  [0m[1;34m8->9  [0m[1;34m9->10  [0m[1;34m10->11  [0m[1;34m11->12  [0m[1;34m12->13  [0m[1;34m13->14  [0m[1;34m14->15  [0m[1;34m15->16  [0m[1;34m16->17  [0m[1;34m17->18  [0m[1;34m18->19  [0m[1;34m
[pthread wrapper] SKIP MASK: 0x0
[0m[1;34m	threadid 47068956145408 -> core 1 - OK[0m[1;34m
[0m[1;34m	threadid 47068958246656 -> core 2 - OK[0m[1;34m
[0m[1;34m	threadid 47068960347904 -> core 3 - OK[0m[1;34m
[0m[1;34m	threadid 47068962449152 -> core 4 - OK[0m[1;34m
[0m[1;34m	threadid 47068964550400 -> core 5 - OK[0m[1;34m
[0m[1;34m	threadid 47068966651648 -> core 6 - OK[0m[1;34m
[0m[1;34m	threadid 47068968752896 -> core 7 - OK[0m[1;34m
[0m[1;34m	threadid 47068970854144 -> core 8 - OK[0m[1;34m
[0m[1;34m	threadid 47068972955392 -> core 9 - OK[0m[1;34m
[0m[1;34m	threadid 47068975056640 -> core 10 - OK[0m[1;34m
[0m[1;34m	threadid 47068977157888 -> core 11 - OK[0m[1;34m
[0m[1;34m	threadid 47068979259136 -> core 12 - OK[0m[1;34m
[0m[1;34m	threadid 47068981360384 -> core 13 - OK[0m[1;34m
[0m[1;34m	threadid 47068983461632 -> core 14 - OK[0m[1;34m
[0m[1;34m	threadid 47068985562880 -> core 15 - OK[0m[1;34m
[0m[1;34m	threadid 47068987664128 -> core 16 - OK[0m[1;34m
[0m[1;34m	threadid 47068989765376 -> core 17 - OK[0m[1;34m
[0m[1;34m	threadid 47068991866624 -> core 18 - OK[0m[1;34m
[0m[1;34m	threadid 47068993967872 -> core 19 - OK[0m[1;34m
[0miterations: 200
Total iterations: 1797600800 LUP
FLOP: 11
Total work: 19773608800 FLOP
performance: 4.531967 GLUP/s
Performance in GFLOP/s: 49.851639
size: 9000000
time: 0.396649
[1;34m[pthread wrapper] 
[0m[1;34m[pthread wrapper] MAIN -> 0
[0m[1;34m[pthread wrapper] PIN_MASK: [0m[1;34m0->1  [0m[1;34m1->2  [0m[1;34m2->3  [0m[1;34m3->4  [0m[1;34m4->5  [0m[1;34m5->6  [0m[1;34m6->7  [0m[1;34m7->8  [0m[1;34m8->9  [0m[1;34m9->10  [0m[1;34m10->11  [0m[1;34m11->12  [0m[1;34m12->13  [0m[1;34m13->14  [0m[1;34m14->15  [0m[1;34m15->16  [0m[1;34m16->17  [0m[1;34m17->18  [0m[1;34m18->19  [0m[1;34m
[pthread wrapper] SKIP MASK: 0x0
[0m[1;34m	threadid 46993196963584 -> core 1 - OK[0m[1;34m
[0m[1;34m	threadid 46993199064832 -> core 2 - OK[0m[1;34m
[0m[1;34m	threadid 46993201166080 -> core 3 - OK[0m[1;34m
[0m[1;34m	threadid 46993203267328 -> core 4 - OK[0m[1;34m
[0m[1;34m	threadid 46993205368576 -> core 5 - OK[0m[1;34m
[0m[1;34m	threadid 46993207469824 -> core 6 - OK[0m[1;34m
[0m[1;34m	threadid 46993209571072 -> core 7 - OK[0m[1;34m
[0m[1;34m	threadid 46993211672320 -> core 8 - OK[0m[1;34m
[0m[1;34m	threadid 46993213773568 -> core 9 - OK[0m[1;34m
[0m[1;34m	threadid 46993215874816 -> core 10 - OK[0m[1;34m
[0m[1;34m	threadid 46993217976064 -> core 11 - OK[0m[1;34m
[0m[1;34m	threadid 46993220077312 -> core 12 - OK[0m[1;34m
[0m[1;34m	threadid 46993222178560 -> core 13 - OK[0m[1;34m
[0m[1;34m	threadid 46993224279808 -> core 14 - OK[0m[1;34m
[0m[1;34m	threadid 46993226381056 -> core 15 - OK[0m[1;34m
[0m[1;34m	threadid 46993228482304 -> core 16 - OK[0m[1;34m
[0m[1;34m	threadid 46993230583552 -> core 17 - OK[0m[1;34m
[0m[1;34m	threadid 46993232684800 -> core 18 - OK[0m[1;34m
[0m[1;34m	threadid 46993234786048 -> core 19 - OK[0m[1;34m
[0miterations: 200
Total iterations: 1797600800 LUP
FLOP: 11
Total work: 19773608800 FLOP
performance: 4.531523 GLUP/s
Performance in GFLOP/s: 49.846755
size: 9000000
time: 0.396688
[1;34m[pthread wrapper] 
[0m[1;34m[pthread wrapper] MAIN -> 0
[0m[1;34m[pthread wrapper] PIN_MASK: [0m[1;34m0->1  [0m[1;34m1->2  [0m[1;34m2->3  [0m[1;34m3->4  [0m[1;34m4->5  [0m[1;34m5->6  [0m[1;34m6->7  [0m[1;34m7->8  [0m[1;34m8->9  [0m[1;34m9->10  [0m[1;34m10->11  [0m[1;34m11->12  [0m[1;34m12->13  [0m[1;34m13->14  [0m[1;34m14->15  [0m[1;34m15->16  [0m[1;34m16->17  [0m[1;34m17->18  [0m[1;34m18->19  [0m[1;34m
[pthread wrapper] SKIP MASK: 0x0
[0m[1;34m	threadid 47297770993408 -> core 1 - OK[0m[1;34m
[0m[1;34m	threadid 47297773094656 -> core 2 - OK[0m[1;34m
[0m[1;34m	threadid 47297775195904 -> core 3 - OK[0m[1;34m
[0m[1;34m	threadid 47297777297152 -> core 4 - OK[0m[1;34m
[0m[1;34m	threadid 47297779398400 -> core 5 - OK[0m[1;34m
[0m[1;34m	threadid 47297781499648 -> core 6 - OK[0m[1;34m
[0m[1;34m	threadid 47297783600896 -> core 7 - OK[0m[1;34m
[0m[1;34m	threadid 47297785702144 -> core 8 - OK[0m[1;34m
[0m[1;34m	threadid 47297787803392 -> core 9 - OK[0m[1;34m
[0m[1;34m	threadid 47297789904640 -> core 10 - OK[0m[1;34m
[0m[1;34m	threadid 47297792005888 -> core 11 - OK[0m[1;34m
[0m[1;34m	threadid 47297794107136 -> core 12 - OK[0m[1;34m
[0m[1;34m	threadid 47297796208384 -> core 13 - OK[0m[1;34m
[0m[1;34m	threadid 47297798309632 -> core 14 - OK[0m[1;34m
[0m[1;34m	threadid 47297800410880 -> core 15 - OK[0m[1;34m
[0m[1;34m	threadid 47297802512128 -> core 16 - OK[0m[1;34m
[0m[1;34m	threadid 47297804613376 -> core 17 - OK[0m[1;34m
[0m[1;34m	threadid 47297806714624 -> core 18 - OK[0m[1;34m
[0m[1;34m	threadid 47297808815872 -> core 19 - OK[0m[1;34m
[0miterations: 200
Total iterations: 1797600800 LUP
FLOP: 11
Total work: 19773608800 FLOP
performance: 4.538766 GLUP/s
Performance in GFLOP/s: 49.926423
size: 9000000
time: 0.396055
[1;34m[pthread wrapper] 
[0m[1;34m[pthread wrapper] MAIN -> 0
[0m[1;34m[pthread wrapper] PIN_MASK: [0m[1;34m0->1  [0m[1;34m1->2  [0m[1;34m2->3  [0m[1;34m3->4  [0m[1;34m4->5  [0m[1;34m5->6  [0m[1;34m6->7  [0m[1;34m7->8  [0m[1;34m8->9  [0m[1;34m9->10  [0m[1;34m10->11  [0m[1;34m11->12  [0m[1;34m12->13  [0m[1;34m13->14  [0m[1;34m14->15  [0m[1;34m15->16  [0m[1;34m16->17  [0m[1;34m17->18  [0m[1;34m18->19  [0m[1;34m
[pthread wrapper] SKIP MASK: 0x0
[0m[1;34m	threadid 47167187306240 -> core 1 - OK[0m[1;34m
[0m[1;34m	threadid 47167189407488 -> core 2 - OK[0m[1;34m
[0m[1;34m	threadid 47167191508736 -> core 3 - OK[0m[1;34m
[0m[1;34m	threadid 47167193609984 -> core 4 - OK[0m[1;34m
[0m[1;34m	threadid 47167195711232 -> core 5 - OK[0m[1;34m
[0m[1;34m	threadid 47167197812480 -> core 6 - OK[0m[1;34m
[0m[1;34m	threadid 47167199913728 -> core 7 - OK[0m[1;34m
[0m[1;34m	threadid 47167202014976 -> core 8 - OK[0m[1;34m
[0m[1;34m	threadid 47167204116224 -> core 9 - OK[0m[1;34m
[0m[1;34m	threadid 47167206217472 -> core 10 - OK[0m[1;34m
[0m[1;34m	threadid 47167208318720 -> core 11 - OK[0m[1;34m
[0m[1;34m	threadid 47167210419968 -> core 12 - OK[0m[1;34m
[0m[1;34m	threadid 47167212521216 -> core 13 - OK[0m[1;34m
[0m[1;34m	threadid 47167214622464 -> core 14 - OK[0m[1;34m
[0m[1;34m	threadid 47167216723712 -> core 15 - OK[0m[1;34m
[0m[1;34m	threadid 47167218824960 -> core 16 - OK[0m[1;34m
[0m[1;34m	threadid 47167220926208 -> core 17 - OK[0m[1;34m
[0m[1;34m	threadid 47167223027456 -> core 18 - OK[0m[1;34m
[0m[1;34m	threadid 47167225128704 -> core 19 - OK[0m[1;34m
[0miterations: 200
Total iterations: 1797600800 LUP
FLOP: 11
Total work: 19773608800 FLOP
performance: 4.542069 GLUP/s
Performance in GFLOP/s: 49.962756
size: 9000000
time: 0.395767
[1;34m[pthread wrapper] 
[0m[1;34m[pthread wrapper] MAIN -> 0
[0m[1;34m[pthread wrapper] PIN_MASK: [0m[1;34m0->1  [0m[1;34m1->2  [0m[1;34m2->3  [0m[1;34m3->4  [0m[1;34m4->5  [0m[1;34m5->6  [0m[1;34m6->7  [0m[1;34m7->8  [0m[1;34m8->9  [0m[1;34m9->10  [0m[1;34m10->11  [0m[1;34m11->12  [0m[1;34m12->13  [0m[1;34m13->14  [0m[1;34m14->15  [0m[1;34m15->16  [0m[1;34m16->17  [0m[1;34m17->18  [0m[1;34m18->19  [0m[1;34m
[pthread wrapper] SKIP MASK: 0x0
[0m[1;34m	threadid 47295573509888 -> core 1 - OK[0m[1;34m
[0m[1;34m	threadid 47295575611136 -> core 2 - OK[0m[1;34m
[0m[1;34m	threadid 47295577712384 -> core 3 - OK[0m[1;34m
[0m[1;34m	threadid 47295579813632 -> core 4 - OK[0m[1;34m
[0m[1;34m	threadid 47295581914880 -> core 5 - OK[0m[1;34m
[0m[1;34m	threadid 47295584016128 -> core 6 - OK[0m[1;34m
[0m[1;34m	threadid 47295586117376 -> core 7 - OK[0m[1;34m
[0m[1;34m	threadid 47295588218624 -> core 8 - OK[0m[1;34m
[0m[1;34m	threadid 47295590319872 -> core 9 - OK[0m[1;34m
[0m[1;34m	threadid 47295592421120 -> core 10 - OK[0m[1;34m
[0m[1;34m	threadid 47295594522368 -> core 11 - OK[0m[1;34m
[0m[1;34m	threadid 47295596623616 -> core 12 - OK[0m[1;34m
[0m[1;34m	threadid 47295598724864 -> core 13 - OK[0m[1;34m
[0m[1;34m	threadid 47295600826112 -> core 14 - OK[0m[1;34m
[0m[1;34m	threadid 47295602927360 -> core 15 - OK[0m[1;34m
[0m[1;34m	threadid 47295605028608 -> core 16 - OK[0m[1;34m
[0m[1;34m	threadid 47295607129856 -> core 17 - OK[0m[1;34m
[0m[1;34m	threadid 47295609231104 -> core 18 - OK[0m[1;34m
[0m[1;34m	threadid 47295611332352 -> core 19 - OK[0m[1;34m
[0miterations: 200
Total iterations: 1797600800 LUP
FLOP: 11
Total work: 19773608800 FLOP
performance: 4.540258 GLUP/s
Performance in GFLOP/s: 49.942839
size: 9000000
time: 0.395925
[1;34m[pthread wrapper] 
[0m[1;34m[pthread wrapper] MAIN -> 0
[0m[1;34m[pthread wrapper] PIN_MASK: [0m[1;34m0->1  [0m[1;34m1->2  [0m[1;34m2->3  [0m[1;34m3->4  [0m[1;34m4->5  [0m[1;34m5->6  [0m[1;34m6->7  [0m[1;34m7->8  [0m[1;34m8->9  [0m[1;34m9->10  [0m[1;34m10->11  [0m[1;34m11->12  [0m[1;34m12->13  [0m[1;34m13->14  [0m[1;34m14->15  [0m[1;34m15->16  [0m[1;34m16->17  [0m[1;34m17->18  [0m[1;34m18->19  [0m[1;34m
[pthread wrapper] SKIP MASK: 0x0
[0m[1;34m	threadid 47090288981760 -> core 1 - OK[0m[1;34m
[0m[1;34m	threadid 47090291083008 -> core 2 - OK[0m[1;34m
[0m[1;34m	threadid 47090293184256 -> core 3 - OK[0m[1;34m
[0m[1;34m	threadid 47090295285504 -> core 4 - OK[0m[1;34m
[0m[1;34m	threadid 47090297386752 -> core 5 - OK[0m[1;34m
[0m[1;34m	threadid 47090299488000 -> core 6 - OK[0m[1;34m
[0m[1;34m	threadid 47090301589248 -> core 7 - OK[0m[1;34m
[0m[1;34m	threadid 47090303690496 -> core 8 - OK[0m[1;34m
[0m[1;34m	threadid 47090305791744 -> core 9 - OK[0m[1;34m
[0m[1;34m	threadid 47090307892992 -> core 10 - OK[0m[1;34m
[0m[1;34m	threadid 47090309994240 -> core 11 - OK[0m[1;34m
[0m[1;34m	threadid 47090312095488 -> core 12 - OK[0m[1;34m
[0m[1;34m	threadid 47090314196736 -> core 13 - OK[0m[1;34m
[0m[1;34m	threadid 47090316297984 -> core 14 - OK[0m[1;34m
[0m[1;34m	threadid 47090318399232 -> core 15 - OK[0m[1;34m
[0m[1;34m	threadid 47090320500480 -> core 16 - OK[0m[1;34m
[0m[1;34m	threadid 47090322601728 -> core 17 - OK[0m[1;34m
[0m[1;34m	threadid 47090324702976 -> core 18 - OK[0m[1;34m
[0m[1;34m	threadid 47090326804224 -> core 19 - OK[0m[1;34m
[0miterations: 200
Total iterations: 1797600800 LUP
FLOP: 11
Total work: 19773608800 FLOP
performance: 4.521981 GLUP/s
Performance in GFLOP/s: 49.741790
size: 9000000
time: 0.397525
