iterations: 200
Total iterations: 1797600800 LUP
FLOP: 11
Total work: 19773608800 FLOP
performance: 0.258003 GLUP/s
Performance in GFLOP/s: 2.838031
size: 9000000
time: 6.967368
[1;34m[likwid-pin] Main PID -> core 0 - OK[0m
iterations: 200
Total iterations: 1797600800 LUP
FLOP: 11
Total work: 19773608800 FLOP
performance: 0.257490 GLUP/s
Performance in GFLOP/s: 2.832392
size: 9000000
time: 6.981239
[1;34m[likwid-pin] Main PID -> core 0 - OK[0m
iterations: 200
Total iterations: 1797600800 LUP
FLOP: 11
Total work: 19773608800 FLOP
performance: 0.257811 GLUP/s
Performance in GFLOP/s: 2.835918
size: 9000000
time: 6.972560
[1;34m[likwid-pin] Main PID -> core 0 - OK[0m
iterations: 200
Total iterations: 1797600800 LUP
FLOP: 11
Total work: 19773608800 FLOP
performance: 0.257690 GLUP/s
Performance in GFLOP/s: 2.834595
size: 9000000
time: 6.975814
[1;34m[likwid-pin] Main PID -> core 0 - OK[0m
iterations: 200
Total iterations: 1797600800 LUP
FLOP: 11
Total work: 19773608800 FLOP
performance: 0.258113 GLUP/s
Performance in GFLOP/s: 2.839245
size: 9000000
time: 6.964390
[1;34m[likwid-pin] Main PID -> core 0 - OK[0m
iterations: 200
Total iterations: 1797600800 LUP
FLOP: 11
Total work: 19773608800 FLOP
performance: 0.257863 GLUP/s
Performance in GFLOP/s: 2.836488
size: 9000000
time: 6.971158
[1;34m[likwid-pin] Main PID -> core 0 - OK[0m
iterations: 200
Total iterations: 1797600800 LUP
FLOP: 11
Total work: 19773608800 FLOP
performance: 0.257820 GLUP/s
Performance in GFLOP/s: 2.836016
size: 9000000
time: 6.972320
[1;34m[likwid-pin] Main PID -> core 0 - OK[0m
iterations: 200
Total iterations: 1797600800 LUP
FLOP: 11
Total work: 19773608800 FLOP
performance: 0.257924 GLUP/s
Performance in GFLOP/s: 2.837162
size: 9000000
time: 6.969502
[1;34m[likwid-pin] Main PID -> core 0 - OK[0m
iterations: 200
Total iterations: 1797600800 LUP
FLOP: 11
Total work: 19773608800 FLOP
performance: 0.258104 GLUP/s
Performance in GFLOP/s: 2.839146
size: 9000000
time: 6.964633
[1;34m[likwid-pin] Main PID -> core 0 - OK[0m
iterations: 200
Total iterations: 1797600800 LUP
FLOP: 11
Total work: 19773608800 FLOP
performance: 0.258051 GLUP/s
Performance in GFLOP/s: 2.838558
size: 9000000
time: 6.966075
[1;34m[likwid-pin] Main PID -> core 0 - OK[0m
