[1;34m[pthread wrapper] 
[0m[1;34m[pthread wrapper] MAIN -> 0
[0m[1;34m[pthread wrapper] PIN_MASK: [0m[1;34m0->1  [0m[1;34m1->2  [0m[1;34m2->3  [0m[1;34m
[pthread wrapper] SKIP MASK: 0x0
[0m[1;34m	threadid 47795204368128 -> core 1 - OK[0m[1;34m
[0m[1;34m	threadid 47795206469376 -> core 2 - OK[0m[1;34m
[0m[1;34m	threadid 47795208570624 -> core 3 - OK[0m[1;34m
[0miterations: 120
Total iterations: 1078560480 LUP
FLOP: 11
Total work: 11864165280 FLOP
performance: 1.019656 GLUP/s
Performance in GFLOP/s: 11.216215
size: 9000000
time: 1.057769
[1;34m[pthread wrapper] 
[0m[1;34m[pthread wrapper] MAIN -> 0
[0m[1;34m[pthread wrapper] PIN_MASK: [0m[1;34m0->1  [0m[1;34m1->2  [0m[1;34m2->3  [0m[1;34m
[pthread wrapper] SKIP MASK: 0x0
[0m[1;34m	threadid 47712881108736 -> core 1 - OK[0m[1;34m
[0m[1;34m	threadid 47712883209984 -> core 2 - OK[0m[1;34m
[0m[1;34m	threadid 47712885311232 -> core 3 - OK[0m[1;34m
[0miterations: 120
Total iterations: 1078560480 LUP
FLOP: 11
Total work: 11864165280 FLOP
performance: 1.021860 GLUP/s
Performance in GFLOP/s: 11.240464
size: 9000000
time: 1.055487
[1;34m[pthread wrapper] 
[0m[1;34m[pthread wrapper] MAIN -> 0
[0m[1;34m[pthread wrapper] PIN_MASK: [0m[1;34m0->1  [0m[1;34m1->2  [0m[1;34m2->3  [0m[1;34m
[pthread wrapper] SKIP MASK: 0x0
[0m[1;34m	threadid 47629249939200 -> core 1 - OK[0m[1;34m
[0m[1;34m	threadid 47629252040448 -> core 2 - OK[0m[1;34m
[0m[1;34m	threadid 47629254141696 -> core 3 - OK[0m[1;34m
[0miterations: 120
Total iterations: 1078560480 LUP
FLOP: 11
Total work: 11864165280 FLOP
performance: 1.021668 GLUP/s
Performance in GFLOP/s: 11.238347
size: 9000000
time: 1.055686
[1;34m[pthread wrapper] 
[0m[1;34m[pthread wrapper] MAIN -> 0
[0m[1;34m[pthread wrapper] PIN_MASK: [0m[1;34m0->1  [0m[1;34m1->2  [0m[1;34m2->3  [0m[1;34m
[pthread wrapper] SKIP MASK: 0x0
[0m[1;34m	threadid 47579065571072 -> core 1 - OK[0m[1;34m
[0m[1;34m	threadid 47579067672320 -> core 2 - OK[0m[1;34m
[0m[1;34m	threadid 47579069773568 -> core 3 - OK[0m[1;34m
[0miterations: 120
Total iterations: 1078560480 LUP
FLOP: 11
Total work: 11864165280 FLOP
performance: 1.022171 GLUP/s
Performance in GFLOP/s: 11.243885
size: 9000000
time: 1.055166
[1;34m[pthread wrapper] 
[0m[1;34m[pthread wrapper] MAIN -> 0
[0m[1;34m[pthread wrapper] PIN_MASK: [0m[1;34m0->1  [0m[1;34m1->2  [0m[1;34m2->3  [0m[1;34m
[pthread wrapper] SKIP MASK: 0x0
[0m[1;34m	threadid 47336183101184 -> core 1 - OK[0m[1;34m
[0m[1;34m	threadid 47336185202432 -> core 2 - OK[0m[1;34m
[0m[1;34m	threadid 47336187303680 -> core 3 - OK[0m[1;34m
[0miterations: 120
Total iterations: 1078560480 LUP
FLOP: 11
Total work: 11864165280 FLOP
performance: 1.021909 GLUP/s
Performance in GFLOP/s: 11.241000
size: 9000000
time: 1.055437
[1;34m[pthread wrapper] 
[0m[1;34m[pthread wrapper] MAIN -> 0
[0m[1;34m[pthread wrapper] PIN_MASK: [0m[1;34m0->1  [0m[1;34m1->2  [0m[1;34m2->3  [0m[1;34m
[pthread wrapper] SKIP MASK: 0x0
[0m[1;34m	threadid 47084337997568 -> core 1 - OK[0m[1;34m
[0m[1;34m	threadid 47084340098816 -> core 2 - OK[0m[1;34m
[0m[1;34m	threadid 47084342200064 -> core 3 - OK[0m[1;34m
[0miterations: 120
Total iterations: 1078560480 LUP
FLOP: 11
Total work: 11864165280 FLOP
performance: 1.022212 GLUP/s
Performance in GFLOP/s: 11.244332
size: 9000000
time: 1.055124
[1;34m[pthread wrapper] 
[0m[1;34m[pthread wrapper] MAIN -> 0
[0m[1;34m[pthread wrapper] PIN_MASK: [0m[1;34m0->1  [0m[1;34m1->2  [0m[1;34m2->3  [0m[1;34m
[pthread wrapper] SKIP MASK: 0x0
[0m[1;34m	threadid 47799831119616 -> core 1 - OK[0m[1;34m
[0m[1;34m	threadid 47799833220864 -> core 2 - OK[0m[1;34m
[0m[1;34m	threadid 47799835322112 -> core 3 - OK[0m[1;34m
[0miterations: 120
Total iterations: 1078560480 LUP
FLOP: 11
Total work: 11864165280 FLOP
performance: 1.021855 GLUP/s
Performance in GFLOP/s: 11.240403
size: 9000000
time: 1.055493
[1;34m[pthread wrapper] 
[0m[1;34m[pthread wrapper] MAIN -> 0
[0m[1;34m[pthread wrapper] PIN_MASK: [0m[1;34m0->1  [0m[1;34m1->2  [0m[1;34m2->3  [0m[1;34m
[pthread wrapper] SKIP MASK: 0x0
[0m[1;34m	threadid 46989184554752 -> core 1 - OK[0m[1;34m
[0m[1;34m	threadid 46989186656000 -> core 2 - OK[0m[1;34m
[0m[1;34m	threadid 46989188757248 -> core 3 - OK[0m[1;34m
[0miterations: 120
Total iterations: 1078560480 LUP
FLOP: 11
Total work: 11864165280 FLOP
performance: 1.021934 GLUP/s
Performance in GFLOP/s: 11.241274
size: 9000000
time: 1.055411
[1;34m[pthread wrapper] 
[0m[1;34m[pthread wrapper] MAIN -> 0
[0m[1;34m[pthread wrapper] PIN_MASK: [0m[1;34m0->1  [0m[1;34m1->2  [0m[1;34m2->3  [0m[1;34m
[pthread wrapper] SKIP MASK: 0x0
[0m[1;34m	threadid 47380159870720 -> core 1 - OK[0m[1;34m
[0m[1;34m	threadid 47380161971968 -> core 2 - OK[0m[1;34m
[0m[1;34m	threadid 47380164073216 -> core 3 - OK[0m[1;34m
[0miterations: 120
Total iterations: 1078560480 LUP
FLOP: 11
Total work: 11864165280 FLOP
performance: 1.021842 GLUP/s
Performance in GFLOP/s: 11.240263
size: 9000000
time: 1.055506
[1;34m[pthread wrapper] 
[0m[1;34m[pthread wrapper] MAIN -> 0
[0m[1;34m[pthread wrapper] PIN_MASK: [0m[1;34m0->1  [0m[1;34m1->2  [0m[1;34m2->3  [0m[1;34m
[pthread wrapper] SKIP MASK: 0x0
[0m[1;34m	threadid 46968854177536 -> core 1 - OK[0m[1;34m
[0m[1;34m	threadid 46968856278784 -> core 2 - OK[0m[1;34m
[0m[1;34m	threadid 46968858380032 -> core 3 - OK[0m[1;34m
[0miterations: 120
Total iterations: 1078560480 LUP
FLOP: 11
Total work: 11864165280 FLOP
performance: 1.021723 GLUP/s
Performance in GFLOP/s: 11.238953
size: 9000000
time: 1.055629
