[1;34m[pthread wrapper] 
[0m[1;34m[pthread wrapper] MAIN -> 0
[0m[1;34m[pthread wrapper] PIN_MASK: [0m[1;34m0->1  [0m[1;34m1->2  [0m[1;34m2->3  [0m[1;34m3->4  [0m[1;34m4->5  [0m[1;34m5->6  [0m[1;34m6->7  [0m[1;34m7->8  [0m[1;34m8->9  [0m[1;34m9->10  [0m[1;34m10->11  [0m[1;34m11->12  [0m[1;34m12->13  [0m[1;34m13->14  [0m[1;34m14->15  [0m[1;34m15->16  [0m[1;34m16->17  [0m[1;34m17->18  [0m[1;34m18->19  [0m[1;34m
[pthread wrapper] SKIP MASK: 0x0
[0m[1;34m	threadid 47590691874560 -> core 1 - OK[0m[1;34m
[0m[1;34m	threadid 47590693975808 -> core 2 - OK[0m[1;34m
[0m[1;34m	threadid 47590696077056 -> core 3 - OK[0m[1;34m
[0m[1;34m	threadid 47590698178304 -> core 4 - OK[0m[1;34m
[0m[1;34m	threadid 47590700279552 -> core 5 - OK[0m[1;34m
[0m[1;34m	threadid 47590702380800 -> core 6 - OK[0m[1;34m
[0m[1;34m	threadid 47590704482048 -> core 7 - OK[0m[1;34m
[0m[1;34m	threadid 47590706583296 -> core 8 - OK[0m[1;34m
[0m[1;34m	threadid 47590708684544 -> core 9 - OK[0m[1;34m
[0m[1;34m	threadid 47590710785792 -> core 10 - OK[0m[1;34m
[0m[1;34m	threadid 47590712887040 -> core 11 - OK[0m[1;34m
[0m[1;34m	threadid 47590714988288 -> core 12 - OK[0m[1;34m
[0m[1;34m	threadid 47590717089536 -> core 13 - OK[0m[1;34m
[0m[1;34m	threadid 47590719190784 -> core 14 - OK[0m[1;34m
[0m[1;34m	threadid 47590721292032 -> core 15 - OK[0m[1;34m
[0m[1;34m	threadid 47590723393280 -> core 16 - OK[0m[1;34m
[0m[1;34m	threadid 47590725494528 -> core 17 - OK[0m[1;34m
[0m[1;34m	threadid 47590727595776 -> core 18 - OK[0m[1;34m
[0m[1;34m	threadid 47590729697024 -> core 19 - OK[0m[1;34m
[0miterations: 120
Total iterations: 1078560480 LUP
FLOP: 11
Total work: 11864165280 FLOP
performance: 4.375888 GLUP/s
Performance in GFLOP/s: 48.134768
size: 9000000
time: 0.246478
[1;34m[pthread wrapper] 
[0m[1;34m[pthread wrapper] MAIN -> 0
[0m[1;34m[pthread wrapper] PIN_MASK: [0m[1;34m0->1  [0m[1;34m1->2  [0m[1;34m2->3  [0m[1;34m3->4  [0m[1;34m4->5  [0m[1;34m5->6  [0m[1;34m6->7  [0m[1;34m7->8  [0m[1;34m8->9  [0m[1;34m9->10  [0m[1;34m10->11  [0m[1;34m11->12  [0m[1;34m12->13  [0m[1;34m13->14  [0m[1;34m14->15  [0m[1;34m15->16  [0m[1;34m16->17  [0m[1;34m17->18  [0m[1;34m18->19  [0m[1;34m
[pthread wrapper] SKIP MASK: 0x0
[0m[1;34m	threadid 47869169104640 -> core 1 - OK[0m[1;34m
[0m[1;34m	threadid 47869171205888 -> core 2 - OK[0m[1;34m
[0m[1;34m	threadid 47869173307136 -> core 3 - OK[0m[1;34m
[0m[1;34m	threadid 47869175408384 -> core 4 - OK[0m[1;34m
[0m[1;34m	threadid 47869177509632 -> core 5 - OK[0m[1;34m
[0m[1;34m	threadid 47869179610880 -> core 6 - OK[0m[1;34m
[0m[1;34m	threadid 47869181712128 -> core 7 - OK[0m[1;34m
[0m[1;34m	threadid 47869183813376 -> core 8 - OK[0m[1;34m
[0m[1;34m	threadid 47869185914624 -> core 9 - OK[0m[1;34m
[0m[1;34m	threadid 47869188015872 -> core 10 - OK[0m[1;34m
[0m[1;34m	threadid 47869190117120 -> core 11 - OK[0m[1;34m
[0m[1;34m	threadid 47869192218368 -> core 12 - OK[0m[1;34m
[0m[1;34m	threadid 47869194319616 -> core 13 - OK[0m[1;34m
[0m[1;34m	threadid 47869196420864 -> core 14 - OK[0m[1;34m
[0m[1;34m	threadid 47869198522112 -> core 15 - OK[0m[1;34m
[0m[1;34m	threadid 47869200623360 -> core 16 - OK[0m[1;34m
[0m[1;34m	threadid 47869202724608 -> core 17 - OK[0m[1;34m
[0m[1;34m	threadid 47869204825856 -> core 18 - OK[0m[1;34m
[0m[1;34m	threadid 47869206927104 -> core 19 - OK[0m[1;34m
[0miterations: 120
Total iterations: 1078560480 LUP
FLOP: 11
Total work: 11864165280 FLOP
performance: 4.298594 GLUP/s
Performance in GFLOP/s: 47.284537
size: 9000000
time: 0.250910
[1;34m[pthread wrapper] 
[0m[1;34m[pthread wrapper] MAIN -> 0
[0m[1;34m[pthread wrapper] PIN_MASK: [0m[1;34m0->1  [0m[1;34m1->2  [0m[1;34m2->3  [0m[1;34m3->4  [0m[1;34m4->5  [0m[1;34m5->6  [0m[1;34m6->7  [0m[1;34m7->8  [0m[1;34m8->9  [0m[1;34m9->10  [0m[1;34m10->11  [0m[1;34m11->12  [0m[1;34m12->13  [0m[1;34m13->14  [0m[1;34m14->15  [0m[1;34m15->16  [0m[1;34m16->17  [0m[1;34m17->18  [0m[1;34m18->19  [0m[1;34m
[pthread wrapper] SKIP MASK: 0x0
[0m[1;34m	threadid 46960048817920 -> core 1 - OK[0m[1;34m
[0m[1;34m	threadid 46960050919168 -> core 2 - OK[0m[1;34m
[0m[1;34m	threadid 46960053020416 -> core 3 - OK[0m[1;34m
[0m[1;34m	threadid 46960055121664 -> core 4 - OK[0m[1;34m
[0m[1;34m	threadid 46960057222912 -> core 5 - OK[0m[1;34m
[0m[1;34m	threadid 46960059324160 -> core 6 - OK[0m[1;34m
[0m[1;34m	threadid 46960061425408 -> core 7 - OK[0m[1;34m
[0m[1;34m	threadid 46960063526656 -> core 8 - OK[0m[1;34m
[0m[1;34m	threadid 46960065627904 -> core 9 - OK[0m[1;34m
[0m[1;34m	threadid 46960067729152 -> core 10 - OK[0m[1;34m
[0m[1;34m	threadid 46960069830400 -> core 11 - OK[0m[1;34m
[0m[1;34m	threadid 46960071931648 -> core 12 - OK[0m[1;34m
[0m[1;34m	threadid 46960074032896 -> core 13 - OK[0m[1;34m
[0m[1;34m	threadid 46960076134144 -> core 14 - OK[0m[1;34m
[0m[1;34m	threadid 46960078235392 -> core 15 - OK[0m[1;34m
[0m[1;34m	threadid 46960080336640 -> core 16 - OK[0m[1;34m
[0m[1;34m	threadid 46960082437888 -> core 17 - OK[0m[1;34m
[0m[1;34m	threadid 46960084539136 -> core 18 - OK[0m[1;34m
[0m[1;34m	threadid 46960086640384 -> core 19 - OK[0m[1;34m
[0miterations: 120
Total iterations: 1078560480 LUP
FLOP: 11
Total work: 11864165280 FLOP
performance: 4.413151 GLUP/s
Performance in GFLOP/s: 48.544659
size: 9000000
time: 0.244397
[1;34m[pthread wrapper] 
[0m[1;34m[pthread wrapper] MAIN -> 0
[0m[1;34m[pthread wrapper] PIN_MASK: [0m[1;34m0->1  [0m[1;34m1->2  [0m[1;34m2->3  [0m[1;34m3->4  [0m[1;34m4->5  [0m[1;34m5->6  [0m[1;34m6->7  [0m[1;34m7->8  [0m[1;34m8->9  [0m[1;34m9->10  [0m[1;34m10->11  [0m[1;34m11->12  [0m[1;34m12->13  [0m[1;34m13->14  [0m[1;34m14->15  [0m[1;34m15->16  [0m[1;34m16->17  [0m[1;34m17->18  [0m[1;34m18->19  [0m[1;34m
[pthread wrapper] SKIP MASK: 0x0
[0m[1;34m	threadid 47277269378816 -> core 1 - OK[0m[1;34m
[0m[1;34m	threadid 47277271480064 -> core 2 - OK[0m[1;34m
[0m[1;34m	threadid 47277273581312 -> core 3 - OK[0m[1;34m
[0m[1;34m	threadid 47277275682560 -> core 4 - OK[0m[1;34m
[0m[1;34m	threadid 47277277783808 -> core 5 - OK[0m[1;34m
[0m[1;34m	threadid 47277279885056 -> core 6 - OK[0m[1;34m
[0m[1;34m	threadid 47277281986304 -> core 7 - OK[0m[1;34m
[0m[1;34m	threadid 47277284087552 -> core 8 - OK[0m[1;34m
[0m[1;34m	threadid 47277286188800 -> core 9 - OK[0m[1;34m
[0m[1;34m	threadid 47277288290048 -> core 10 - OK[0m[1;34m
[0m[1;34m	threadid 47277290391296 -> core 11 - OK[0m[1;34m
[0m[1;34m	threadid 47277292492544 -> core 12 - OK[0m[1;34m
[0m[1;34m	threadid 47277294593792 -> core 13 - OK[0m[1;34m
[0m[1;34m	threadid 47277296695040 -> core 14 - OK[0m[1;34m
[0m[1;34m	threadid 47277298796288 -> core 15 - OK[0m[1;34m
[0m[1;34m	threadid 47277300897536 -> core 16 - OK[0m[1;34m
[0m[1;34m	threadid 47277302998784 -> core 17 - OK[0m[1;34m
[0m[1;34m	threadid 47277305100032 -> core 18 - OK[0m[1;34m
[0m[1;34m	threadid 47277307201280 -> core 19 - OK[0m[1;34m
[0miterations: 120
Total iterations: 1078560480 LUP
FLOP: 11
Total work: 11864165280 FLOP
performance: 4.443809 GLUP/s
Performance in GFLOP/s: 48.881895
size: 9000000
time: 0.242711
[1;34m[pthread wrapper] 
[0m[1;34m[pthread wrapper] MAIN -> 0
[0m[1;34m[pthread wrapper] PIN_MASK: [0m[1;34m0->1  [0m[1;34m1->2  [0m[1;34m2->3  [0m[1;34m3->4  [0m[1;34m4->5  [0m[1;34m5->6  [0m[1;34m6->7  [0m[1;34m7->8  [0m[1;34m8->9  [0m[1;34m9->10  [0m[1;34m10->11  [0m[1;34m11->12  [0m[1;34m12->13  [0m[1;34m13->14  [0m[1;34m14->15  [0m[1;34m15->16  [0m[1;34m16->17  [0m[1;34m17->18  [0m[1;34m18->19  [0m[1;34m
[pthread wrapper] SKIP MASK: 0x0
[0m[1;34m	threadid 47429201553152 -> core 1 - OK[0m[1;34m
[0m[1;34m	threadid 47429203654400 -> core 2 - OK[0m[1;34m
[0m[1;34m	threadid 47429205755648 -> core 3 - OK[0m[1;34m
[0m[1;34m	threadid 47429207856896 -> core 4 - OK[0m[1;34m
[0m[1;34m	threadid 47429209958144 -> core 5 - OK[0m[1;34m
[0m[1;34m	threadid 47429212059392 -> core 6 - OK[0m[1;34m
[0m[1;34m	threadid 47429214160640 -> core 7 - OK[0m[1;34m
[0m[1;34m	threadid 47429216261888 -> core 8 - OK[0m[1;34m
[0m[1;34m	threadid 47429218363136 -> core 9 - OK[0m[1;34m
[0m[1;34m	threadid 47429220464384 -> core 10 - OK[0m[1;34m
[0m[1;34m	threadid 47429222565632 -> core 11 - OK[0m[1;34m
[0m[1;34m	threadid 47429224666880 -> core 12 - OK[0m[1;34m
[0m[1;34m	threadid 47429226768128 -> core 13 - OK[0m[1;34m
[0m[1;34m	threadid 47429228869376 -> core 14 - OK[0m[1;34m
[0m[1;34m	threadid 47429230970624 -> core 15 - OK[0m[1;34m
[0m[1;34m	threadid 47429233071872 -> core 16 - OK[0m[1;34m
[0m[1;34m	threadid 47429235173120 -> core 17 - OK[0m[1;34m
[0m[1;34m	threadid 47429237274368 -> core 18 - OK[0m[1;34m
[0m[1;34m	threadid 47429239375616 -> core 19 - OK[0m[1;34m
[0miterations: 120
Total iterations: 1078560480 LUP
FLOP: 11
Total work: 11864165280 FLOP
performance: 4.350454 GLUP/s
Performance in GFLOP/s: 47.854990
size: 9000000
time: 0.247919
[1;34m[pthread wrapper] 
[0m[1;34m[pthread wrapper] MAIN -> 0
[0m[1;34m[pthread wrapper] PIN_MASK: [0m[1;34m0->1  [0m[1;34m1->2  [0m[1;34m2->3  [0m[1;34m3->4  [0m[1;34m4->5  [0m[1;34m5->6  [0m[1;34m6->7  [0m[1;34m7->8  [0m[1;34m8->9  [0m[1;34m9->10  [0m[1;34m10->11  [0m[1;34m11->12  [0m[1;34m12->13  [0m[1;34m13->14  [0m[1;34m14->15  [0m[1;34m15->16  [0m[1;34m16->17  [0m[1;34m17->18  [0m[1;34m18->19  [0m[1;34m
[pthread wrapper] SKIP MASK: 0x0
[0m[1;34m	threadid 47671153706752 -> core 1 - OK[0m[1;34m
[0m[1;34m	threadid 47671155808000 -> core 2 - OK[0m[1;34m
[0m[1;34m	threadid 47671157909248 -> core 3 - OK[0m[1;34m
[0m[1;34m	threadid 47671160010496 -> core 4 - OK[0m[1;34m
[0m[1;34m	threadid 47671162111744 -> core 5 - OK[0m[1;34m
[0m[1;34m	threadid 47671164212992 -> core 6 - OK[0m[1;34m
[0m[1;34m	threadid 47671166314240 -> core 7 - OK[0m[1;34m
[0m[1;34m	threadid 47671168415488 -> core 8 - OK[0m[1;34m
[0m[1;34m	threadid 47671170516736 -> core 9 - OK[0m[1;34m
[0m[1;34m	threadid 47671172617984 -> core 10 - OK[0m[1;34m
[0m[1;34m	threadid 47671174719232 -> core 11 - OK[0m[1;34m
[0m[1;34m	threadid 47671176820480 -> core 12 - OK[0m[1;34m
[0m[1;34m	threadid 47671178921728 -> core 13 - OK[0m[1;34m
[0m[1;34m	threadid 47671181022976 -> core 14 - OK[0m[1;34m
[0m[1;34m	threadid 47671183124224 -> core 15 - OK[0m[1;34m
[0m[1;34m	threadid 47671185225472 -> core 16 - OK[0m[1;34m
[0m[1;34m	threadid 47671187326720 -> core 17 - OK[0m[1;34m
[0m[1;34m	threadid 47671189427968 -> core 18 - OK[0m[1;34m
[0m[1;34m	threadid 47671191529216 -> core 19 - OK[0m[1;34m
[0miterations: 120
Total iterations: 1078560480 LUP
FLOP: 11
Total work: 11864165280 FLOP
performance: 4.369118 GLUP/s
Performance in GFLOP/s: 48.060293
size: 9000000
time: 0.246860
[1;34m[pthread wrapper] 
[0m[1;34m[pthread wrapper] MAIN -> 0
[0m[1;34m[pthread wrapper] PIN_MASK: [0m[1;34m0->1  [0m[1;34m1->2  [0m[1;34m2->3  [0m[1;34m3->4  [0m[1;34m4->5  [0m[1;34m5->6  [0m[1;34m6->7  [0m[1;34m7->8  [0m[1;34m8->9  [0m[1;34m9->10  [0m[1;34m10->11  [0m[1;34m11->12  [0m[1;34m12->13  [0m[1;34m13->14  [0m[1;34m14->15  [0m[1;34m15->16  [0m[1;34m16->17  [0m[1;34m17->18  [0m[1;34m18->19  [0m[1;34m
[pthread wrapper] SKIP MASK: 0x0
[0m[1;34m	threadid 47133551167232 -> core 1 - OK[0m[1;34m
[0m[1;34m	threadid 47133553268480 -> core 2 - OK[0m[1;34m
[0m[1;34m	threadid 47133555369728 -> core 3 - OK[0m[1;34m
[0m[1;34m	threadid 47133557470976 -> core 4 - OK[0m[1;34m
[0m[1;34m	threadid 47133559572224 -> core 5 - OK[0m[1;34m
[0m[1;34m	threadid 47133561673472 -> core 6 - OK[0m[1;34m
[0m[1;34m	threadid 47133563774720 -> core 7 - OK[0m[1;34m
[0m[1;34m	threadid 47133565875968 -> core 8 - OK[0m[1;34m
[0m[1;34m	threadid 47133567977216 -> core 9 - OK[0m[1;34m
[0m[1;34m	threadid 47133570078464 -> core 10 - OK[0m[1;34m
[0m[1;34m	threadid 47133572179712 -> core 11 - OK[0m[1;34m
[0m[1;34m	threadid 47133574280960 -> core 12 - OK[0m[1;34m
[0m[1;34m	threadid 47133576382208 -> core 13 - OK[0m[1;34m
[0m[1;34m	threadid 47133578483456 -> core 14 - OK[0m[1;34m
[0m[1;34m	threadid 47133580584704 -> core 15 - OK[0m[1;34m
[0m[1;34m	threadid 47133582685952 -> core 16 - OK[0m[1;34m
[0m[1;34m	threadid 47133584787200 -> core 17 - OK[0m[1;34m
[0m[1;34m	threadid 47133586888448 -> core 18 - OK[0m[1;34m
[0m[1;34m	threadid 47133588989696 -> core 19 - OK[0m[1;34m
[0miterations: 120
Total iterations: 1078560480 LUP
FLOP: 11
Total work: 11864165280 FLOP
performance: 4.428461 GLUP/s
Performance in GFLOP/s: 48.713075
size: 9000000
time: 0.243552
[1;34m[pthread wrapper] 
[0m[1;34m[pthread wrapper] MAIN -> 0
[0m[1;34m[pthread wrapper] PIN_MASK: [0m[1;34m0->1  [0m[1;34m1->2  [0m[1;34m2->3  [0m[1;34m3->4  [0m[1;34m4->5  [0m[1;34m5->6  [0m[1;34m6->7  [0m[1;34m7->8  [0m[1;34m8->9  [0m[1;34m9->10  [0m[1;34m10->11  [0m[1;34m11->12  [0m[1;34m12->13  [0m[1;34m13->14  [0m[1;34m14->15  [0m[1;34m15->16  [0m[1;34m16->17  [0m[1;34m17->18  [0m[1;34m18->19  [0m[1;34m
[pthread wrapper] SKIP MASK: 0x0
[0m[1;34m	threadid 47433497822976 -> core 1 - OK[0m[1;34m
[0m[1;34m	threadid 47433499924224 -> core 2 - OK[0m[1;34m
[0m[1;34m	threadid 47433502025472 -> core 3 - OK[0m[1;34m
[0m[1;34m	threadid 47433504126720 -> core 4 - OK[0m[1;34m
[0m[1;34m	threadid 47433506227968 -> core 5 - OK[0m[1;34m
[0m[1;34m	threadid 47433508329216 -> core 6 - OK[0m[1;34m
[0m[1;34m	threadid 47433510430464 -> core 7 - OK[0m[1;34m
[0m[1;34m	threadid 47433512531712 -> core 8 - OK[0m[1;34m
[0m[1;34m	threadid 47433514632960 -> core 9 - OK[0m[1;34m
[0m[1;34m	threadid 47433516734208 -> core 10 - OK[0m[1;34m
[0m[1;34m	threadid 47433518835456 -> core 11 - OK[0m[1;34m
[0m[1;34m	threadid 47433520936704 -> core 12 - OK[0m[1;34m
[0m[1;34m	threadid 47433523037952 -> core 13 - OK[0m[1;34m
[0m[1;34m	threadid 47433525139200 -> core 14 - OK[0m[1;34m
[0m[1;34m	threadid 47433527240448 -> core 15 - OK[0m[1;34m
[0m[1;34m	threadid 47433529341696 -> core 16 - OK[0m[1;34m
[0m[1;34m	threadid 47433531442944 -> core 17 - OK[0m[1;34m
[0m[1;34m	threadid 47433533544192 -> core 18 - OK[0m[1;34m
[0m[1;34m	threadid 47433535645440 -> core 19 - OK[0m[1;34m
[0miterations: 120
Total iterations: 1078560480 LUP
FLOP: 11
Total work: 11864165280 FLOP
performance: 4.439287 GLUP/s
Performance in GFLOP/s: 48.832152
size: 9000000
time: 0.242958
[1;34m[pthread wrapper] 
[0m[1;34m[pthread wrapper] MAIN -> 0
[0m[1;34m[pthread wrapper] PIN_MASK: [0m[1;34m0->1  [0m[1;34m1->2  [0m[1;34m2->3  [0m[1;34m3->4  [0m[1;34m4->5  [0m[1;34m5->6  [0m[1;34m6->7  [0m[1;34m7->8  [0m[1;34m8->9  [0m[1;34m9->10  [0m[1;34m10->11  [0m[1;34m11->12  [0m[1;34m12->13  [0m[1;34m13->14  [0m[1;34m14->15  [0m[1;34m15->16  [0m[1;34m16->17  [0m[1;34m17->18  [0m[1;34m18->19  [0m[1;34m
[pthread wrapper] SKIP MASK: 0x0
[0m[1;34m	threadid 46932171970304 -> core 1 - OK[0m[1;34m
[0m[1;34m	threadid 46932174071552 -> core 2 - OK[0m[1;34m
[0m[1;34m	threadid 46932176172800 -> core 3 - OK[0m[1;34m
[0m[1;34m	threadid 46932178274048 -> core 4 - OK[0m[1;34m
[0m[1;34m	threadid 46932180375296 -> core 5 - OK[0m[1;34m
[0m[1;34m	threadid 46932182476544 -> core 6 - OK[0m[1;34m
[0m[1;34m	threadid 46932184577792 -> core 7 - OK[0m[1;34m
[0m[1;34m	threadid 46932186679040 -> core 8 - OK[0m[1;34m
[0m[1;34m	threadid 46932188780288 -> core 9 - OK[0m[1;34m
[0m[1;34m	threadid 46932190881536 -> core 10 - OK[0m[1;34m
[0m[1;34m	threadid 46932192982784 -> core 11 - OK[0m[1;34m
[0m[1;34m	threadid 46932195084032 -> core 12 - OK[0m[1;34m
[0m[1;34m	threadid 46932197185280 -> core 13 - OK[0m[1;34m
[0m[1;34m	threadid 46932199286528 -> core 14 - OK[0m[1;34m
[0m[1;34m	threadid 46932201387776 -> core 15 - OK[0m[1;34m
[0m[1;34m	threadid 46932203489024 -> core 16 - OK[0m[1;34m
[0m[1;34m	threadid 46932205590272 -> core 17 - OK[0m[1;34m
[0m[1;34m	threadid 46932207691520 -> core 18 - OK[0m[1;34m
[0m[1;34m	threadid 46932209792768 -> core 19 - OK[0m[1;34m
[0miterations: 120
Total iterations: 1078560480 LUP
FLOP: 11
Total work: 11864165280 FLOP
performance: 4.385122 GLUP/s
Performance in GFLOP/s: 48.236345
size: 9000000
time: 0.245959
[1;34m[pthread wrapper] 
[0m[1;34m[pthread wrapper] MAIN -> 0
[0m[1;34m[pthread wrapper] PIN_MASK: [0m[1;34m0->1  [0m[1;34m1->2  [0m[1;34m2->3  [0m[1;34m3->4  [0m[1;34m4->5  [0m[1;34m5->6  [0m[1;34m6->7  [0m[1;34m7->8  [0m[1;34m8->9  [0m[1;34m9->10  [0m[1;34m10->11  [0m[1;34m11->12  [0m[1;34m12->13  [0m[1;34m13->14  [0m[1;34m14->15  [0m[1;34m15->16  [0m[1;34m16->17  [0m[1;34m17->18  [0m[1;34m18->19  [0m[1;34m
[pthread wrapper] SKIP MASK: 0x0
[0m[1;34m	threadid 47744537249536 -> core 1 - OK[0m[1;34m
[0m[1;34m	threadid 47744539350784 -> core 2 - OK[0m[1;34m
[0m[1;34m	threadid 47744541452032 -> core 3 - OK[0m[1;34m
[0m[1;34m	threadid 47744543553280 -> core 4 - OK[0m[1;34m
[0m[1;34m	threadid 47744545654528 -> core 5 - OK[0m[1;34m
[0m[1;34m	threadid 47744547755776 -> core 6 - OK[0m[1;34m
[0m[1;34m	threadid 47744549857024 -> core 7 - OK[0m[1;34m
[0m[1;34m	threadid 47744551958272 -> core 8 - OK[0m[1;34m
[0m[1;34m	threadid 47744554059520 -> core 9 - OK[0m[1;34m
[0m[1;34m	threadid 47744556160768 -> core 10 - OK[0m[1;34m
[0m[1;34m	threadid 47744558262016 -> core 11 - OK[0m[1;34m
[0m[1;34m	threadid 47744560363264 -> core 12 - OK[0m[1;34m
[0m[1;34m	threadid 47744562464512 -> core 13 - OK[0m[1;34m
[0m[1;34m	threadid 47744564565760 -> core 14 - OK[0m[1;34m
[0m[1;34m	threadid 47744566667008 -> core 15 - OK[0m[1;34m
[0m[1;34m	threadid 47744568768256 -> core 16 - OK[0m[1;34m
[0m[1;34m	threadid 47744570869504 -> core 17 - OK[0m[1;34m
[0m[1;34m	threadid 47744572970752 -> core 18 - OK[0m[1;34m
[0m[1;34m	threadid 47744575072000 -> core 19 - OK[0m[1;34m
[0miterations: 120
Total iterations: 1078560480 LUP
FLOP: 11
Total work: 11864165280 FLOP
performance: 4.434669 GLUP/s
Performance in GFLOP/s: 48.781362
size: 9000000
time: 0.243211
