[1;34m[pthread wrapper] 
[0m[1;34m[pthread wrapper] MAIN -> 0
[0m[1;34m[pthread wrapper] PIN_MASK: [0m[1;34m0->1  [0m[1;34m1->2  [0m[1;34m2->10  [0m[1;34m3->11  [0m[1;34m4->12  [0m[1;34m
[pthread wrapper] SKIP MASK: 0x0
[0m[1;34m	threadid 47361359681280 -> core 1 - OK[0m[1;34m
[0m[1;34m	threadid 47361361782528 -> core 2 - OK[0m[1;34m
[0m[1;34m	threadid 47361363883776 -> core 10 - OK[0m[1;34m
[0m[1;34m	threadid 47361365985024 -> core 11 - OK[0m[1;34m
[0m[1;34m	threadid 47361368086272 -> core 12 - OK[0m[1;34m
[0miterations: 200
Total iterations: 49600800 LUP
FLOP: 11
Total work: 545608800 FLOP
performance: 1.664020 GLUP/s
Performance in GFLOP/s: 18.304225
size: 250000
time: 0.029808
[1;34m[pthread wrapper] 
[0m[1;34m[pthread wrapper] MAIN -> 0
[0m[1;34m[pthread wrapper] PIN_MASK: [0m[1;34m0->1  [0m[1;34m1->2  [0m[1;34m2->10  [0m[1;34m3->11  [0m[1;34m4->12  [0m[1;34m
[pthread wrapper] SKIP MASK: 0x0
[0m[1;34m	threadid 47270967936768 -> core 1 - OK[0m[1;34m
[0m[1;34m	threadid 47270970038016 -> core 2 - OK[0m[1;34m
[0m[1;34m	threadid 47270972139264 -> core 10 - OK[0m[1;34m
[0m[1;34m	threadid 47270974240512 -> core 11 - OK[0m[1;34m
[0m[1;34m	threadid 47270976341760 -> core 12 - OK[0m[1;34m
[0miterations: 200
Total iterations: 49600800 LUP
FLOP: 11
Total work: 545608800 FLOP
performance: 1.664726 GLUP/s
Performance in GFLOP/s: 18.311988
size: 250000
time: 0.029795
[1;34m[pthread wrapper] 
[0m[1;34m[pthread wrapper] MAIN -> 0
[0m[1;34m[pthread wrapper] PIN_MASK: [0m[1;34m0->1  [0m[1;34m1->2  [0m[1;34m2->10  [0m[1;34m3->11  [0m[1;34m4->12  [0m[1;34m
[pthread wrapper] SKIP MASK: 0x0
[0m[1;34m	threadid 47180873885440 -> core 1 - OK[0m[1;34m
[0m[1;34m	threadid 47180875986688 -> core 2 - OK[0m[1;34m
[0m[1;34m	threadid 47180878087936 -> core 10 - OK[0m[1;34m
[0m[1;34m	threadid 47180880189184 -> core 11 - OK[0m[1;34m
[0m[1;34m	threadid 47180882290432 -> core 12 - OK[0m[1;34m
[0miterations: 200
Total iterations: 49600800 LUP
FLOP: 11
Total work: 545608800 FLOP
performance: 1.665299 GLUP/s
Performance in GFLOP/s: 18.318291
size: 250000
time: 0.029785
[1;34m[pthread wrapper] 
[0m[1;34m[pthread wrapper] MAIN -> 0
[0m[1;34m[pthread wrapper] PIN_MASK: [0m[1;34m0->1  [0m[1;34m1->2  [0m[1;34m2->10  [0m[1;34m3->11  [0m[1;34m4->12  [0m[1;34m
[pthread wrapper] SKIP MASK: 0x0
[0m[1;34m	threadid 47532862371584 -> core 1 - OK[0m[1;34m
[0m[1;34m	threadid 47532864472832 -> core 2 - OK[0m[1;34m
[0m[1;34m	threadid 47532866574080 -> core 10 - OK[0m[1;34m
[0m[1;34m	threadid 47532868675328 -> core 11 - OK[0m[1;34m
[0m[1;34m	threadid 47532870776576 -> core 12 - OK[0m[1;34m
[0miterations: 200
Total iterations: 49600800 LUP
FLOP: 11
Total work: 545608800 FLOP
performance: 1.662438 GLUP/s
Performance in GFLOP/s: 18.286820
size: 250000
time: 0.029836
[1;34m[pthread wrapper] 
[0m[1;34m[pthread wrapper] MAIN -> 0
[0m[1;34m[pthread wrapper] PIN_MASK: [0m[1;34m0->1  [0m[1;34m1->2  [0m[1;34m2->10  [0m[1;34m3->11  [0m[1;34m4->12  [0m[1;34m
[pthread wrapper] SKIP MASK: 0x0
[0m[1;34m	threadid 47280520988416 -> core 1 - OK[0m[1;34m
[0m[1;34m	threadid 47280523089664 -> core 2 - OK[0m[1;34m
[0m[1;34m	threadid 47280525190912 -> core 10 - OK[0m[1;34m
[0m[1;34m	threadid 47280527292160 -> core 11 - OK[0m[1;34m
[0m[1;34m	threadid 47280529393408 -> core 12 - OK[0m[1;34m
[0miterations: 200
Total iterations: 49600800 LUP
FLOP: 11
Total work: 545608800 FLOP
performance: 1.658502 GLUP/s
Performance in GFLOP/s: 18.243522
size: 250000
time: 0.029907
[1;34m[pthread wrapper] 
[0m[1;34m[pthread wrapper] MAIN -> 0
[0m[1;34m[pthread wrapper] PIN_MASK: [0m[1;34m0->1  [0m[1;34m1->2  [0m[1;34m2->10  [0m[1;34m3->11  [0m[1;34m4->12  [0m[1;34m
[pthread wrapper] SKIP MASK: 0x0
[0m[1;34m	threadid 47489471227648 -> core 1 - OK[0m[1;34m
[0m[1;34m	threadid 47489473328896 -> core 2 - OK[0m[1;34m
[0m[1;34m	threadid 47489475430144 -> core 10 - OK[0m[1;34m
[0m[1;34m	threadid 47489477531392 -> core 11 - OK[0m[1;34m
[0m[1;34m	threadid 47489479632640 -> core 12 - OK[0m[1;34m
[0miterations: 200
Total iterations: 49600800 LUP
FLOP: 11
Total work: 545608800 FLOP
performance: 1.665406 GLUP/s
Performance in GFLOP/s: 18.319464
size: 250000
time: 0.029783
[1;34m[pthread wrapper] 
[0m[1;34m[pthread wrapper] MAIN -> 0
[0m[1;34m[pthread wrapper] PIN_MASK: [0m[1;34m0->1  [0m[1;34m1->2  [0m[1;34m2->10  [0m[1;34m3->11  [0m[1;34m4->12  [0m[1;34m
[pthread wrapper] SKIP MASK: 0x0
[0m[1;34m	threadid 47758372239104 -> core 1 - OK[0m[1;34m
[0m[1;34m	threadid 47758374340352 -> core 2 - OK[0m[1;34m
[0m[1;34m	threadid 47758376441600 -> core 10 - OK[0m[1;34m
[0m[1;34m	threadid 47758378542848 -> core 11 - OK[0m[1;34m
[0m[1;34m	threadid 47758380644096 -> core 12 - OK[0m[1;34m
[0miterations: 200
Total iterations: 49600800 LUP
FLOP: 11
Total work: 545608800 FLOP
performance: 1.663675 GLUP/s
Performance in GFLOP/s: 18.300420
size: 250000
time: 0.029814
[1;34m[pthread wrapper] 
[0m[1;34m[pthread wrapper] MAIN -> 0
[0m[1;34m[pthread wrapper] PIN_MASK: [0m[1;34m0->1  [0m[1;34m1->2  [0m[1;34m2->10  [0m[1;34m3->11  [0m[1;34m4->12  [0m[1;34m
[pthread wrapper] SKIP MASK: 0x0
[0m[1;34m	threadid 47030861776640 -> core 1 - OK[0m[1;34m
[0m[1;34m	threadid 47030863877888 -> core 2 - OK[0m[1;34m
[0m[1;34m	threadid 47030865979136 -> core 10 - OK[0m[1;34m
[0m[1;34m	threadid 47030868080384 -> core 11 - OK[0m[1;34m
[0m[1;34m	threadid 47030870181632 -> core 12 - OK[0m[1;34m
[0miterations: 200
Total iterations: 49600800 LUP
FLOP: 11
Total work: 545608800 FLOP
performance: 1.664233 GLUP/s
Performance in GFLOP/s: 18.306568
size: 250000
time: 0.029804
[1;34m[pthread wrapper] 
[0m[1;34m[pthread wrapper] MAIN -> 0
[0m[1;34m[pthread wrapper] PIN_MASK: [0m[1;34m0->1  [0m[1;34m1->2  [0m[1;34m2->10  [0m[1;34m3->11  [0m[1;34m4->12  [0m[1;34m
[pthread wrapper] SKIP MASK: 0x0
[0m[1;34m	threadid 47929289529088 -> core 1 - OK[0m[1;34m
[0m[1;34m	threadid 47929291630336 -> core 2 - OK[0m[1;34m
[0m[1;34m	threadid 47929293731584 -> core 10 - OK[0m[1;34m
[0m[1;34m	threadid 47929295832832 -> core 11 - OK[0m[1;34m
[0m[1;34m	threadid 47929297934080 -> core 12 - OK[0m[1;34m
[0miterations: 200
Total iterations: 49600800 LUP
FLOP: 11
Total work: 545608800 FLOP
performance: 1.662053 GLUP/s
Performance in GFLOP/s: 18.282583
size: 250000
time: 0.029843
[1;34m[pthread wrapper] 
[0m[1;34m[pthread wrapper] MAIN -> 0
[0m[1;34m[pthread wrapper] PIN_MASK: [0m[1;34m0->1  [0m[1;34m1->2  [0m[1;34m2->10  [0m[1;34m3->11  [0m[1;34m4->12  [0m[1;34m
[pthread wrapper] SKIP MASK: 0x0
[0m[1;34m	threadid 47220213511936 -> core 1 - OK[0m[1;34m
[0m[1;34m	threadid 47220215613184 -> core 2 - OK[0m[1;34m
[0m[1;34m	threadid 47220217714432 -> core 10 - OK[0m[1;34m
[0m[1;34m	threadid 47220219815680 -> core 11 - OK[0m[1;34m
[0m[1;34m	threadid 47220221916928 -> core 12 - OK[0m[1;34m
[0miterations: 200
Total iterations: 49600800 LUP
FLOP: 11
Total work: 545608800 FLOP
performance: 1.663010 GLUP/s
Performance in GFLOP/s: 18.293105
size: 250000
time: 0.029826
