iterations: 120
Total iterations: 1078560480 LUP
FLOP: 11
Total work: 11864165280 FLOP
performance: 0.256057 GLUP/s
Performance in GFLOP/s: 2.816629
size: 9000000
time: 4.212186
[1;34m[likwid-pin] Main PID -> core 0 - OK[0m
iterations: 120
Total iterations: 1078560480 LUP
FLOP: 11
Total work: 11864165280 FLOP
performance: 0.257265 GLUP/s
Performance in GFLOP/s: 2.829920
size: 9000000
time: 4.192403
[1;34m[likwid-pin] Main PID -> core 0 - OK[0m
iterations: 120
Total iterations: 1078560480 LUP
FLOP: 11
Total work: 11864165280 FLOP
performance: 0.257341 GLUP/s
Performance in GFLOP/s: 2.830751
size: 9000000
time: 4.191172
[1;34m[likwid-pin] Main PID -> core 0 - OK[0m
iterations: 120
Total iterations: 1078560480 LUP
FLOP: 11
Total work: 11864165280 FLOP
performance: 0.257060 GLUP/s
Performance in GFLOP/s: 2.827665
size: 9000000
time: 4.195747
[1;34m[likwid-pin] Main PID -> core 0 - OK[0m
iterations: 120
Total iterations: 1078560480 LUP
FLOP: 11
Total work: 11864165280 FLOP
performance: 0.257331 GLUP/s
Performance in GFLOP/s: 2.830646
size: 9000000
time: 4.191327
[1;34m[likwid-pin] Main PID -> core 0 - OK[0m
iterations: 120
Total iterations: 1078560480 LUP
FLOP: 11
Total work: 11864165280 FLOP
performance: 0.256892 GLUP/s
Performance in GFLOP/s: 2.825808
size: 9000000
time: 4.198504
[1;34m[likwid-pin] Main PID -> core 0 - OK[0m
iterations: 120
Total iterations: 1078560480 LUP
FLOP: 11
Total work: 11864165280 FLOP
performance: 0.256441 GLUP/s
Performance in GFLOP/s: 2.820851
size: 9000000
time: 4.205881
[1;34m[likwid-pin] Main PID -> core 0 - OK[0m
iterations: 120
Total iterations: 1078560480 LUP
FLOP: 11
Total work: 11864165280 FLOP
performance: 0.255967 GLUP/s
Performance in GFLOP/s: 2.815632
size: 9000000
time: 4.213677
[1;34m[likwid-pin] Main PID -> core 0 - OK[0m
iterations: 120
Total iterations: 1078560480 LUP
FLOP: 11
Total work: 11864165280 FLOP
performance: 0.257084 GLUP/s
Performance in GFLOP/s: 2.827926
size: 9000000
time: 4.195359
[1;34m[likwid-pin] Main PID -> core 0 - OK[0m
iterations: 120
Total iterations: 1078560480 LUP
FLOP: 11
Total work: 11864165280 FLOP
performance: 0.257097 GLUP/s
Performance in GFLOP/s: 2.828066
size: 9000000
time: 4.195152
[1;34m[likwid-pin] Main PID -> core 0 - OK[0m
