[1;34m[pthread wrapper] 
[0m[1;34m[pthread wrapper] MAIN -> 0
[0m[1;34m[pthread wrapper] PIN_MASK: [0m[1;34m0->1  [0m[1;34m1->2  [0m[1;34m2->3  [0m[1;34m3->10  [0m[1;34m4->11  [0m[1;34m5->12  [0m[1;34m6->13  [0m[1;34m
[pthread wrapper] SKIP MASK: 0x0
[0m[1;34m	threadid 47096362505984 -> core 1 - OK[0m[1;34m
[0m[1;34m	threadid 47096364607232 -> core 2 - OK[0m[1;34m
[0m[1;34m	threadid 47096366708480 -> core 3 - OK[0m[1;34m
[0m[1;34m	threadid 47096368809728 -> core 10 - OK[0m[1;34m
[0m[1;34m	threadid 47096370910976 -> core 11 - OK[0m[1;34m
[0m[1;34m	threadid 47096373012224 -> core 12 - OK[0m[1;34m
[0m[1;34m	threadid 47096375113472 -> core 13 - OK[0m[1;34m
[0miterations: 120
Total iterations: 1078560480 LUP
FLOP: 11
Total work: 11864165280 FLOP
performance: 1.938632 GLUP/s
Performance in GFLOP/s: 21.324957
size: 9000000
time: 0.556351
[1;34m[pthread wrapper] 
[0m[1;34m[pthread wrapper] MAIN -> 0
[0m[1;34m[pthread wrapper] PIN_MASK: [0m[1;34m0->1  [0m[1;34m1->2  [0m[1;34m2->3  [0m[1;34m3->10  [0m[1;34m4->11  [0m[1;34m5->12  [0m[1;34m6->13  [0m[1;34m
[pthread wrapper] SKIP MASK: 0x0
[0m[1;34m	threadid 47456488040192 -> core 1 - OK[0m[1;34m
[0m[1;34m	threadid 47456490141440 -> core 2 - OK[0m[1;34m
[0m[1;34m	threadid 47456492242688 -> core 3 - OK[0m[1;34m
[0m[1;34m	threadid 47456494343936 -> core 10 - OK[0m[1;34m
[0m[1;34m	threadid 47456496445184 -> core 11 - OK[0m[1;34m
[0m[1;34m	threadid 47456498546432 -> core 12 - OK[0m[1;34m
[0m[1;34m	threadid 47456500647680 -> core 13 - OK[0m[1;34m
[0miterations: 120
Total iterations: 1078560480 LUP
FLOP: 11
Total work: 11864165280 FLOP
performance: 1.943138 GLUP/s
Performance in GFLOP/s: 21.374521
size: 9000000
time: 0.555061
[1;34m[pthread wrapper] 
[0m[1;34m[pthread wrapper] MAIN -> 0
[0m[1;34m[pthread wrapper] PIN_MASK: [0m[1;34m0->1  [0m[1;34m1->2  [0m[1;34m2->3  [0m[1;34m3->10  [0m[1;34m4->11  [0m[1;34m5->12  [0m[1;34m6->13  [0m[1;34m
[pthread wrapper] SKIP MASK: 0x0
[0m[1;34m	threadid 47867246622464 -> core 1 - OK[0m[1;34m
[0m[1;34m	threadid 47867248723712 -> core 2 - OK[0m[1;34m
[0m[1;34m	threadid 47867250824960 -> core 3 - OK[0m[1;34m
[0m[1;34m	threadid 47867252926208 -> core 10 - OK[0m[1;34m
[0m[1;34m	threadid 47867255027456 -> core 11 - OK[0m[1;34m
[0m[1;34m	threadid 47867257128704 -> core 12 - OK[0m[1;34m
[0m[1;34m	threadid 47867259229952 -> core 13 - OK[0m[1;34m
[0miterations: 120
Total iterations: 1078560480 LUP
FLOP: 11
Total work: 11864165280 FLOP
performance: 1.937088 GLUP/s
Performance in GFLOP/s: 21.307964
size: 9000000
time: 0.556795
[1;34m[pthread wrapper] 
[0m[1;34m[pthread wrapper] MAIN -> 0
[0m[1;34m[pthread wrapper] PIN_MASK: [0m[1;34m0->1  [0m[1;34m1->2  [0m[1;34m2->3  [0m[1;34m3->10  [0m[1;34m4->11  [0m[1;34m5->12  [0m[1;34m6->13  [0m[1;34m
[pthread wrapper] SKIP MASK: 0x0
[0m[1;34m	threadid 47922126878464 -> core 1 - OK[0m[1;34m
[0m[1;34m	threadid 47922128979712 -> core 2 - OK[0m[1;34m
[0m[1;34m	threadid 47922131080960 -> core 3 - OK[0m[1;34m
[0m[1;34m	threadid 47922133182208 -> core 10 - OK[0m[1;34m
[0m[1;34m	threadid 47922135283456 -> core 11 - OK[0m[1;34m
[0m[1;34m	threadid 47922137384704 -> core 12 - OK[0m[1;34m
[0m[1;34m	threadid 47922139485952 -> core 13 - OK[0m[1;34m
[0miterations: 120
Total iterations: 1078560480 LUP
FLOP: 11
Total work: 11864165280 FLOP
performance: 1.942964 GLUP/s
Performance in GFLOP/s: 21.372602
size: 9000000
time: 0.555111
[1;34m[pthread wrapper] 
[0m[1;34m[pthread wrapper] MAIN -> 0
[0m[1;34m[pthread wrapper] PIN_MASK: [0m[1;34m0->1  [0m[1;34m1->2  [0m[1;34m2->3  [0m[1;34m3->10  [0m[1;34m4->11  [0m[1;34m5->12  [0m[1;34m6->13  [0m[1;34m
[pthread wrapper] SKIP MASK: 0x0
[0m[1;34m	threadid 47740345128704 -> core 1 - OK[0m[1;34m
[0m[1;34m	threadid 47740347229952 -> core 2 - OK[0m[1;34m
[0m[1;34m	threadid 47740349331200 -> core 3 - OK[0m[1;34m
[0m[1;34m	threadid 47740351432448 -> core 10 - OK[0m[1;34m
[0m[1;34m	threadid 47740353533696 -> core 11 - OK[0m[1;34m
[0m[1;34m	threadid 47740355634944 -> core 12 - OK[0m[1;34m
[0m[1;34m	threadid 47740357736192 -> core 13 - OK[0m[1;34m
[0miterations: 120
Total iterations: 1078560480 LUP
FLOP: 11
Total work: 11864165280 FLOP
performance: 1.943344 GLUP/s
Performance in GFLOP/s: 21.376789
size: 9000000
time: 0.555002
[1;34m[pthread wrapper] 
[0m[1;34m[pthread wrapper] MAIN -> 0
[0m[1;34m[pthread wrapper] PIN_MASK: [0m[1;34m0->1  [0m[1;34m1->2  [0m[1;34m2->3  [0m[1;34m3->10  [0m[1;34m4->11  [0m[1;34m5->12  [0m[1;34m6->13  [0m[1;34m
[pthread wrapper] SKIP MASK: 0x0
[0m[1;34m	threadid 47974330902272 -> core 1 - OK[0m[1;34m
[0m[1;34m	threadid 47974333003520 -> core 2 - OK[0m[1;34m
[0m[1;34m	threadid 47974335104768 -> core 3 - OK[0m[1;34m
[0m[1;34m	threadid 47974337206016 -> core 10 - OK[0m[1;34m
[0m[1;34m	threadid 47974339307264 -> core 11 - OK[0m[1;34m
[0m[1;34m	threadid 47974341408512 -> core 12 - OK[0m[1;34m
[0m[1;34m	threadid 47974343509760 -> core 13 - OK[0m[1;34m
[0miterations: 120
Total iterations: 1078560480 LUP
FLOP: 11
Total work: 11864165280 FLOP
performance: 1.942921 GLUP/s
Performance in GFLOP/s: 21.372134
size: 9000000
time: 0.555123
[1;34m[pthread wrapper] 
[0m[1;34m[pthread wrapper] MAIN -> 0
[0m[1;34m[pthread wrapper] PIN_MASK: [0m[1;34m0->1  [0m[1;34m1->2  [0m[1;34m2->3  [0m[1;34m3->10  [0m[1;34m4->11  [0m[1;34m5->12  [0m[1;34m6->13  [0m[1;34m
[pthread wrapper] SKIP MASK: 0x0
[0m[1;34m	threadid 47476611700480 -> core 1 - OK[0m[1;34m
[0m[1;34m	threadid 47476613801728 -> core 2 - OK[0m[1;34m
[0m[1;34m	threadid 47476615902976 -> core 3 - OK[0m[1;34m
[0m[1;34m	threadid 47476618004224 -> core 10 - OK[0m[1;34m
[0m[1;34m	threadid 47476620105472 -> core 11 - OK[0m[1;34m
[0m[1;34m	threadid 47476622206720 -> core 12 - OK[0m[1;34m
[0m[1;34m	threadid 47476624307968 -> core 13 - OK[0m[1;34m
[0miterations: 120
Total iterations: 1078560480 LUP
FLOP: 11
Total work: 11864165280 FLOP
performance: 1.943898 GLUP/s
Performance in GFLOP/s: 21.382879
size: 9000000
time: 0.554844
[1;34m[pthread wrapper] 
[0m[1;34m[pthread wrapper] MAIN -> 0
[0m[1;34m[pthread wrapper] PIN_MASK: [0m[1;34m0->1  [0m[1;34m1->2  [0m[1;34m2->3  [0m[1;34m3->10  [0m[1;34m4->11  [0m[1;34m5->12  [0m[1;34m6->13  [0m[1;34m
[pthread wrapper] SKIP MASK: 0x0
[0m[1;34m	threadid 47304407648000 -> core 1 - OK[0m[1;34m
[0m[1;34m	threadid 47304409749248 -> core 2 - OK[0m[1;34m
[0m[1;34m	threadid 47304411850496 -> core 3 - OK[0m[1;34m
[0m[1;34m	threadid 47304413951744 -> core 10 - OK[0m[1;34m
[0m[1;34m	threadid 47304416052992 -> core 11 - OK[0m[1;34m
[0m[1;34m	threadid 47304418154240 -> core 12 - OK[0m[1;34m
[0m[1;34m	threadid 47304420255488 -> core 13 - OK[0m[1;34m
[0miterations: 120
Total iterations: 1078560480 LUP
FLOP: 11
Total work: 11864165280 FLOP
performance: 1.937978 GLUP/s
Performance in GFLOP/s: 21.317759
size: 9000000
time: 0.556539
[1;34m[pthread wrapper] 
[0m[1;34m[pthread wrapper] MAIN -> 0
[0m[1;34m[pthread wrapper] PIN_MASK: [0m[1;34m0->1  [0m[1;34m1->2  [0m[1;34m2->3  [0m[1;34m3->10  [0m[1;34m4->11  [0m[1;34m5->12  [0m[1;34m6->13  [0m[1;34m
[pthread wrapper] SKIP MASK: 0x0
[0m[1;34m	threadid 47796733605632 -> core 1 - OK[0m[1;34m
[0m[1;34m	threadid 47796735706880 -> core 2 - OK[0m[1;34m
[0m[1;34m	threadid 47796737808128 -> core 3 - OK[0m[1;34m
[0m[1;34m	threadid 47796739909376 -> core 10 - OK[0m[1;34m
[0m[1;34m	threadid 47796742010624 -> core 11 - OK[0m[1;34m
[0m[1;34m	threadid 47796744111872 -> core 12 - OK[0m[1;34m
[0m[1;34m	threadid 47796746213120 -> core 13 - OK[0m[1;34m
[0miterations: 120
Total iterations: 1078560480 LUP
FLOP: 11
Total work: 11864165280 FLOP
performance: 1.936781 GLUP/s
Performance in GFLOP/s: 21.304589
size: 9000000
time: 0.556883
[1;34m[pthread wrapper] 
[0m[1;34m[pthread wrapper] MAIN -> 0
[0m[1;34m[pthread wrapper] PIN_MASK: [0m[1;34m0->1  [0m[1;34m1->2  [0m[1;34m2->3  [0m[1;34m3->10  [0m[1;34m4->11  [0m[1;34m5->12  [0m[1;34m6->13  [0m[1;34m
[pthread wrapper] SKIP MASK: 0x0
[0m[1;34m	threadid 47990110336768 -> core 1 - OK[0m[1;34m
[0m[1;34m	threadid 47990112438016 -> core 2 - OK[0m[1;34m
[0m[1;34m	threadid 47990114539264 -> core 3 - OK[0m[1;34m
[0m[1;34m	threadid 47990116640512 -> core 10 - OK[0m[1;34m
[0m[1;34m	threadid 47990118741760 -> core 11 - OK[0m[1;34m
[0m[1;34m	threadid 47990120843008 -> core 12 - OK[0m[1;34m
[0m[1;34m	threadid 47990122944256 -> core 13 - OK[0m[1;34m
[0miterations: 120
Total iterations: 1078560480 LUP
FLOP: 11
Total work: 11864165280 FLOP
performance: 1.936909 GLUP/s
Performance in GFLOP/s: 21.306002
size: 9000000
time: 0.556846
