iterations: 120
Total iterations: 1078560480 LUP
FLOP: 11
Total work: 11864165280 FLOP
performance: 0.256989 GLUP/s
Performance in GFLOP/s: 2.826880
size: 9000000
time: 4.196912
iterations: 120
Total iterations: 1078560480 LUP
FLOP: 11
Total work: 11864165280 FLOP
performance: 0.256852 GLUP/s
Performance in GFLOP/s: 2.825375
size: 9000000
time: 4.199147
iterations: 120
Total iterations: 1078560480 LUP
FLOP: 11
Total work: 11864165280 FLOP
performance: 0.255774 GLUP/s
Performance in GFLOP/s: 2.813509
size: 9000000
time: 4.216857
iterations: 120
Total iterations: 1078560480 LUP
FLOP: 11
Total work: 11864165280 FLOP
performance: 0.256967 GLUP/s
Performance in GFLOP/s: 2.826634
size: 9000000
time: 4.197277
iterations: 120
Total iterations: 1078560480 LUP
FLOP: 11
Total work: 11864165280 FLOP
performance: 0.256772 GLUP/s
Performance in GFLOP/s: 2.824495
size: 9000000
time: 4.200455
iterations: 120
Total iterations: 1078560480 LUP
FLOP: 11
Total work: 11864165280 FLOP
performance: 0.256930 GLUP/s
Performance in GFLOP/s: 2.826226
size: 9000000
time: 4.197883
iterations: 120
Total iterations: 1078560480 LUP
FLOP: 11
Total work: 11864165280 FLOP
performance: 0.256794 GLUP/s
Performance in GFLOP/s: 2.824732
size: 9000000
time: 4.200103
iterations: 120
Total iterations: 1078560480 LUP
FLOP: 11
Total work: 11864165280 FLOP
performance: 0.256780 GLUP/s
Performance in GFLOP/s: 2.824579
size: 9000000
time: 4.200330
iterations: 120
Total iterations: 1078560480 LUP
FLOP: 11
Total work: 11864165280 FLOP
performance: 0.256615 GLUP/s
Performance in GFLOP/s: 2.822768
size: 9000000
time: 4.203025
iterations: 120
Total iterations: 1078560480 LUP
FLOP: 11
Total work: 11864165280 FLOP
performance: 0.256962 GLUP/s
Performance in GFLOP/s: 2.826577
size: 9000000
time: 4.197361
