iterations: 200
Total iterations: 49600800 LUP
FLOP: 11
Total work: 545608800 FLOP
performance: 1.238633 GLUP/s
Performance in GFLOP/s: 13.624965
size: 250000
time: 0.040045
iterations: 200
Total iterations: 49600800 LUP
FLOP: 11
Total work: 545608800 FLOP
performance: 1.244435 GLUP/s
Performance in GFLOP/s: 13.688780
size: 250000
time: 0.039858
iterations: 200
Total iterations: 49600800 LUP
FLOP: 11
Total work: 545608800 FLOP
performance: 1.243906 GLUP/s
Performance in GFLOP/s: 13.682969
size: 250000
time: 0.039875
iterations: 200
Total iterations: 49600800 LUP
FLOP: 11
Total work: 545608800 FLOP
performance: 1.244375 GLUP/s
Performance in GFLOP/s: 13.688125
size: 250000
time: 0.039860
iterations: 200
Total iterations: 49600800 LUP
FLOP: 11
Total work: 545608800 FLOP
performance: 1.242784 GLUP/s
Performance in GFLOP/s: 13.670626
size: 250000
time: 0.039911
iterations: 200
Total iterations: 49600800 LUP
FLOP: 11
Total work: 545608800 FLOP
performance: 1.243973 GLUP/s
Performance in GFLOP/s: 13.683705
size: 250000
time: 0.039873
iterations: 200
Total iterations: 49600800 LUP
FLOP: 11
Total work: 545608800 FLOP
performance: 1.243810 GLUP/s
Performance in GFLOP/s: 13.681905
size: 250000
time: 0.039878
iterations: 200
Total iterations: 49600800 LUP
FLOP: 11
Total work: 545608800 FLOP
performance: 1.244717 GLUP/s
Performance in GFLOP/s: 13.691892
size: 250000
time: 0.039849
iterations: 200
Total iterations: 49600800 LUP
FLOP: 11
Total work: 545608800 FLOP
performance: 1.242064 GLUP/s
Performance in GFLOP/s: 13.662709
size: 250000
time: 0.039934
iterations: 200
Total iterations: 49600800 LUP
FLOP: 11
Total work: 545608800 FLOP
performance: 1.243661 GLUP/s
Performance in GFLOP/s: 13.680270
size: 250000
time: 0.039883
