iterations: 200
Total iterations: 49600800 LUP
FLOP: 11
Total work: 545608800 FLOP
performance: 2.450133 GLUP/s
Performance in GFLOP/s: 26.951468
size: 250000
time: 0.020244
iterations: 200
Total iterations: 49600800 LUP
FLOP: 11
Total work: 545608800 FLOP
performance: 2.450855 GLUP/s
Performance in GFLOP/s: 26.959406
size: 250000
time: 0.020238
iterations: 200
Total iterations: 49600800 LUP
FLOP: 11
Total work: 545608800 FLOP
performance: 2.434992 GLUP/s
Performance in GFLOP/s: 26.784910
size: 250000
time: 0.020370
iterations: 200
Total iterations: 49600800 LUP
FLOP: 11
Total work: 545608800 FLOP
performance: 2.433824 GLUP/s
Performance in GFLOP/s: 26.772063
size: 250000
time: 0.020380
iterations: 200
Total iterations: 49600800 LUP
FLOP: 11
Total work: 545608800 FLOP
performance: 2.449787 GLUP/s
Performance in GFLOP/s: 26.947660
size: 250000
time: 0.020247
iterations: 200
Total iterations: 49600800 LUP
FLOP: 11
Total work: 545608800 FLOP
performance: 2.451606 GLUP/s
Performance in GFLOP/s: 26.967666
size: 250000
time: 0.020232
iterations: 200
Total iterations: 49600800 LUP
FLOP: 11
Total work: 545608800 FLOP
performance: 2.450018 GLUP/s
Performance in GFLOP/s: 26.950199
size: 250000
time: 0.020245
iterations: 200
Total iterations: 49600800 LUP
FLOP: 11
Total work: 545608800 FLOP
performance: 2.452328 GLUP/s
Performance in GFLOP/s: 26.975613
size: 250000
time: 0.020226
iterations: 200
Total iterations: 49600800 LUP
FLOP: 11
Total work: 545608800 FLOP
performance: 2.443515 GLUP/s
Performance in GFLOP/s: 26.878661
size: 250000
time: 0.020299
iterations: 200
Total iterations: 49600800 LUP
FLOP: 11
Total work: 545608800 FLOP
performance: 2.445928 GLUP/s
Performance in GFLOP/s: 26.905206
size: 250000
time: 0.020279
