[1;34m[pthread wrapper] 
[0m[1;34m[pthread wrapper] MAIN -> 0
[0m[1;34m[pthread wrapper] PIN_MASK: [0m[1;34m0->1  [0m[1;34m1->2  [0m[1;34m2->3  [0m[1;34m3->4  [0m[1;34m4->5  [0m[1;34m5->6  [0m[1;34m6->7  [0m[1;34m7->8  [0m[1;34m8->9  [0m[1;34m9->10  [0m[1;34m10->11  [0m[1;34m11->12  [0m[1;34m12->13  [0m[1;34m13->14  [0m[1;34m14->15  [0m[1;34m
[pthread wrapper] SKIP MASK: 0x0
[0m[1;34m	threadid 47954423604992 -> core 1 - OK[0m[1;34m
[0m[1;34m	threadid 47954425706240 -> core 2 - OK[0m[1;34m
[0m[1;34m	threadid 47954427807488 -> core 3 - OK[0m[1;34m
[0m[1;34m	threadid 47954429908736 -> core 4 - OK[0m[1;34m
[0m[1;34m	threadid 47954432009984 -> core 5 - OK[0m[1;34m
[0m[1;34m	threadid 47954434111232 -> core 6 - OK[0m[1;34m
[0m[1;34m	threadid 47954436212480 -> core 7 - OK[0m[1;34m
[0m[1;34m	threadid 47954438313728 -> core 8 - OK[0m[1;34m
[0m[1;34m	threadid 47954440414976 -> core 9 - OK[0m[1;34m
[0m[1;34m	threadid 47954442516224 -> core 10 - OK[0m[1;34m
[0m[1;34m	threadid 47954444617472 -> core 11 - OK[0m[1;34m
[0m[1;34m	threadid 47954446718720 -> core 12 - OK[0m[1;34m
[0m[1;34m	threadid 47954448819968 -> core 13 - OK[0m[1;34m
[0m[1;34m	threadid 47954450921216 -> core 14 - OK[0m[1;34m
[0m[1;34m	threadid 47954453022464 -> core 15 - OK[0m[1;34m
[0miterations: 200
Total iterations: 49600800 LUP
FLOP: 11
Total work: 545608800 FLOP
performance: 4.843340 GLUP/s
Performance in GFLOP/s: 53.276742
size: 250000
time: 0.010241
[1;34m[pthread wrapper] 
[0m[1;34m[pthread wrapper] MAIN -> 0
[0m[1;34m[pthread wrapper] PIN_MASK: [0m[1;34m0->1  [0m[1;34m1->2  [0m[1;34m2->3  [0m[1;34m3->4  [0m[1;34m4->5  [0m[1;34m5->6  [0m[1;34m6->7  [0m[1;34m7->8  [0m[1;34m8->9  [0m[1;34m9->10  [0m[1;34m10->11  [0m[1;34m11->12  [0m[1;34m12->13  [0m[1;34m13->14  [0m[1;34m14->15  [0m[1;34m
[pthread wrapper] SKIP MASK: 0x0
[0m[1;34m	threadid 46948912334592 -> core 1 - OK[0m[1;34m
[0m[1;34m	threadid 46948914435840 -> core 2 - OK[0m[1;34m
[0m[1;34m	threadid 46948916537088 -> core 3 - OK[0m[1;34m
[0m[1;34m	threadid 46948918638336 -> core 4 - OK[0m[1;34m
[0m[1;34m	threadid 46948920739584 -> core 5 - OK[0m[1;34m
[0m[1;34m	threadid 46948922840832 -> core 6 - OK[0m[1;34m
[0m[1;34m	threadid 46948924942080 -> core 7 - OK[0m[1;34m
[0m[1;34m	threadid 46948927043328 -> core 8 - OK[0m[1;34m
[0m[1;34m	threadid 46948929144576 -> core 9 - OK[0m[1;34m
[0m[1;34m	threadid 46948931245824 -> core 10 - OK[0m[1;34m
[0m[1;34m	threadid 46948933347072 -> core 11 - OK[0m[1;34m
[0m[1;34m	threadid 46948935448320 -> core 12 - OK[0m[1;34m
[0m[1;34m	threadid 46948937549568 -> core 13 - OK[0m[1;34m
[0m[1;34m	threadid 46948939650816 -> core 14 - OK[0m[1;34m
[0m[1;34m	threadid 46948941752064 -> core 15 - OK[0m[1;34m
[0miterations: 200
Total iterations: 49600800 LUP
FLOP: 11
Total work: 545608800 FLOP
performance: 4.857022 GLUP/s
Performance in GFLOP/s: 53.427245
size: 250000
time: 0.010212
[1;34m[pthread wrapper] 
[0m[1;34m[pthread wrapper] MAIN -> 0
[0m[1;34m[pthread wrapper] PIN_MASK: [0m[1;34m0->1  [0m[1;34m1->2  [0m[1;34m2->3  [0m[1;34m3->4  [0m[1;34m4->5  [0m[1;34m5->6  [0m[1;34m6->7  [0m[1;34m7->8  [0m[1;34m8->9  [0m[1;34m9->10  [0m[1;34m10->11  [0m[1;34m11->12  [0m[1;34m12->13  [0m[1;34m13->14  [0m[1;34m14->15  [0m[1;34m
[pthread wrapper] SKIP MASK: 0x0
[0m[1;34m	threadid 47382954006272 -> core 1 - OK[0m[1;34m
[0m[1;34m	threadid 47382956107520 -> core 2 - OK[0m[1;34m
[0m[1;34m	threadid 47382958208768 -> core 3 - OK[0m[1;34m
[0m[1;34m	threadid 47382960310016 -> core 4 - OK[0m[1;34m
[0m[1;34m	threadid 47382962411264 -> core 5 - OK[0m[1;34m
[0m[1;34m	threadid 47382964512512 -> core 6 - OK[0m[1;34m
[0m[1;34m	threadid 47382966613760 -> core 7 - OK[0m[1;34m
[0m[1;34m	threadid 47382968715008 -> core 8 - OK[0m[1;34m
[0m[1;34m	threadid 47382970816256 -> core 9 - OK[0m[1;34m
[0m[1;34m	threadid 47382972917504 -> core 10 - OK[0m[1;34m
[0m[1;34m	threadid 47382975018752 -> core 11 - OK[0m[1;34m
[0m[1;34m	threadid 47382977120000 -> core 12 - OK[0m[1;34m
[0m[1;34m	threadid 47382979221248 -> core 13 - OK[0m[1;34m
[0m[1;34m	threadid 47382981322496 -> core 14 - OK[0m[1;34m
[0m[1;34m	threadid 47382983423744 -> core 15 - OK[0m[1;34m
[0miterations: 200
Total iterations: 49600800 LUP
FLOP: 11
Total work: 545608800 FLOP
performance: 4.859518 GLUP/s
Performance in GFLOP/s: 53.454700
size: 250000
time: 0.010207
[1;34m[pthread wrapper] 
[0m[1;34m[pthread wrapper] MAIN -> 0
[0m[1;34m[pthread wrapper] PIN_MASK: [0m[1;34m0->1  [0m[1;34m1->2  [0m[1;34m2->3  [0m[1;34m3->4  [0m[1;34m4->5  [0m[1;34m5->6  [0m[1;34m6->7  [0m[1;34m7->8  [0m[1;34m8->9  [0m[1;34m9->10  [0m[1;34m10->11  [0m[1;34m11->12  [0m[1;34m12->13  [0m[1;34m13->14  [0m[1;34m14->15  [0m[1;34m
[pthread wrapper] SKIP MASK: 0x0
[0m[1;34m	threadid 47724629927680 -> core 1 - OK[0m[1;34m
[0m[1;34m	threadid 47724632028928 -> core 2 - OK[0m[1;34m
[0m[1;34m	threadid 47724634130176 -> core 3 - OK[0m[1;34m
[0m[1;34m	threadid 47724636231424 -> core 4 - OK[0m[1;34m
[0m[1;34m	threadid 47724638332672 -> core 5 - OK[0m[1;34m
[0m[1;34m	threadid 47724640433920 -> core 6 - OK[0m[1;34m
[0m[1;34m	threadid 47724642535168 -> core 7 - OK[0m[1;34m
[0m[1;34m	threadid 47724644636416 -> core 8 - OK[0m[1;34m
[0m[1;34m	threadid 47724646737664 -> core 9 - OK[0m[1;34m
[0m[1;34m	threadid 47724648838912 -> core 10 - OK[0m[1;34m
[0m[1;34m	threadid 47724650940160 -> core 11 - OK[0m[1;34m
[0m[1;34m	threadid 47724653041408 -> core 12 - OK[0m[1;34m
[0m[1;34m	threadid 47724655142656 -> core 13 - OK[0m[1;34m
[0m[1;34m	threadid 47724657243904 -> core 14 - OK[0m[1;34m
[0m[1;34m	threadid 47724659345152 -> core 15 - OK[0m[1;34m
[0miterations: 200
Total iterations: 49600800 LUP
FLOP: 11
Total work: 545608800 FLOP
performance: 4.871352 GLUP/s
Performance in GFLOP/s: 53.584873
size: 250000
time: 0.010182
[1;34m[pthread wrapper] 
[0m[1;34m[pthread wrapper] MAIN -> 0
[0m[1;34m[pthread wrapper] PIN_MASK: [0m[1;34m0->1  [0m[1;34m1->2  [0m[1;34m2->3  [0m[1;34m3->4  [0m[1;34m4->5  [0m[1;34m5->6  [0m[1;34m6->7  [0m[1;34m7->8  [0m[1;34m8->9  [0m[1;34m9->10  [0m[1;34m10->11  [0m[1;34m11->12  [0m[1;34m12->13  [0m[1;34m13->14  [0m[1;34m14->15  [0m[1;34m
[pthread wrapper] SKIP MASK: 0x0
[0m[1;34m	threadid 47743868704512 -> core 1 - OK[0m[1;34m
[0m[1;34m	threadid 47743870805760 -> core 2 - OK[0m[1;34m
[0m[1;34m	threadid 47743872907008 -> core 3 - OK[0m[1;34m
[0m[1;34m	threadid 47743875008256 -> core 4 - OK[0m[1;34m
[0m[1;34m	threadid 47743877109504 -> core 5 - OK[0m[1;34m
[0m[1;34m	threadid 47743879210752 -> core 6 - OK[0m[1;34m
[0m[1;34m	threadid 47743881312000 -> core 7 - OK[0m[1;34m
[0m[1;34m	threadid 47743883413248 -> core 8 - OK[0m[1;34m
[0m[1;34m	threadid 47743885514496 -> core 9 - OK[0m[1;34m
[0m[1;34m	threadid 47743887615744 -> core 10 - OK[0m[1;34m
[0m[1;34m	threadid 47743889716992 -> core 11 - OK[0m[1;34m
[0m[1;34m	threadid 47743891818240 -> core 12 - OK[0m[1;34m
[0m[1;34m	threadid 47743893919488 -> core 13 - OK[0m[1;34m
[0m[1;34m	threadid 47743896020736 -> core 14 - OK[0m[1;34m
[0m[1;34m	threadid 47743898121984 -> core 15 - OK[0m[1;34m
[0miterations: 200
Total iterations: 49600800 LUP
FLOP: 11
Total work: 545608800 FLOP
performance: 4.867135 GLUP/s
Performance in GFLOP/s: 53.538489
size: 250000
time: 0.010191
[1;34m[pthread wrapper] 
[0m[1;34m[pthread wrapper] MAIN -> 0
[0m[1;34m[pthread wrapper] PIN_MASK: [0m[1;34m0->1  [0m[1;34m1->2  [0m[1;34m2->3  [0m[1;34m3->4  [0m[1;34m4->5  [0m[1;34m5->6  [0m[1;34m6->7  [0m[1;34m7->8  [0m[1;34m8->9  [0m[1;34m9->10  [0m[1;34m10->11  [0m[1;34m11->12  [0m[1;34m12->13  [0m[1;34m13->14  [0m[1;34m14->15  [0m[1;34m
[pthread wrapper] SKIP MASK: 0x0
[0m[1;34m	threadid 47089305188096 -> core 1 - OK[0m[1;34m
[0m[1;34m	threadid 47089307289344 -> core 2 - OK[0m[1;34m
[0m[1;34m	threadid 47089309390592 -> core 3 - OK[0m[1;34m
[0m[1;34m	threadid 47089311491840 -> core 4 - OK[0m[1;34m
[0m[1;34m	threadid 47089313593088 -> core 5 - OK[0m[1;34m
[0m[1;34m	threadid 47089315694336 -> core 6 - OK[0m[1;34m
[0m[1;34m	threadid 47089317795584 -> core 7 - OK[0m[1;34m
[0m[1;34m	threadid 47089319896832 -> core 8 - OK[0m[1;34m
[0m[1;34m	threadid 47089321998080 -> core 9 - OK[0m[1;34m
[0m[1;34m	threadid 47089324099328 -> core 10 - OK[0m[1;34m
[0m[1;34m	threadid 47089326200576 -> core 11 - OK[0m[1;34m
[0m[1;34m	threadid 47089328301824 -> core 12 - OK[0m[1;34m
[0m[1;34m	threadid 47089330403072 -> core 13 - OK[0m[1;34m
[0m[1;34m	threadid 47089332504320 -> core 14 - OK[0m[1;34m
[0m[1;34m	threadid 47089334605568 -> core 15 - OK[0m[1;34m
[0miterations: 200
Total iterations: 49600800 LUP
FLOP: 11
Total work: 545608800 FLOP
performance: 4.859518 GLUP/s
Performance in GFLOP/s: 53.454700
size: 250000
time: 0.010207
[1;34m[pthread wrapper] 
[0m[1;34m[pthread wrapper] MAIN -> 0
[0m[1;34m[pthread wrapper] PIN_MASK: [0m[1;34m0->1  [0m[1;34m1->2  [0m[1;34m2->3  [0m[1;34m3->4  [0m[1;34m4->5  [0m[1;34m5->6  [0m[1;34m6->7  [0m[1;34m7->8  [0m[1;34m8->9  [0m[1;34m9->10  [0m[1;34m10->11  [0m[1;34m11->12  [0m[1;34m12->13  [0m[1;34m13->14  [0m[1;34m14->15  [0m[1;34m
[pthread wrapper] SKIP MASK: 0x0
[0m[1;34m	threadid 46947310032640 -> core 1 - OK[0m[1;34m
[0m[1;34m	threadid 46947312133888 -> core 2 - OK[0m[1;34m
[0m[1;34m	threadid 46947314235136 -> core 3 - OK[0m[1;34m
[0m[1;34m	threadid 46947316336384 -> core 4 - OK[0m[1;34m
[0m[1;34m	threadid 46947318437632 -> core 5 - OK[0m[1;34m
[0m[1;34m	threadid 46947320538880 -> core 6 - OK[0m[1;34m
[0m[1;34m	threadid 46947322640128 -> core 7 - OK[0m[1;34m
[0m[1;34m	threadid 46947324741376 -> core 8 - OK[0m[1;34m
[0m[1;34m	threadid 46947326842624 -> core 9 - OK[0m[1;34m
[0m[1;34m	threadid 46947328943872 -> core 10 - OK[0m[1;34m
[0m[1;34m	threadid 46947331045120 -> core 11 - OK[0m[1;34m
[0m[1;34m	threadid 46947333146368 -> core 12 - OK[0m[1;34m
[0m[1;34m	threadid 46947335247616 -> core 13 - OK[0m[1;34m
[0m[1;34m	threadid 46947337348864 -> core 14 - OK[0m[1;34m
[0m[1;34m	threadid 46947339450112 -> core 15 - OK[0m[1;34m
[0miterations: 200
Total iterations: 49600800 LUP
FLOP: 11
Total work: 545608800 FLOP
performance: 4.857589 GLUP/s
Performance in GFLOP/s: 53.433482
size: 250000
time: 0.010211
[1;34m[pthread wrapper] 
[0m[1;34m[pthread wrapper] MAIN -> 0
[0m[1;34m[pthread wrapper] PIN_MASK: [0m[1;34m0->1  [0m[1;34m1->2  [0m[1;34m2->3  [0m[1;34m3->4  [0m[1;34m4->5  [0m[1;34m5->6  [0m[1;34m6->7  [0m[1;34m7->8  [0m[1;34m8->9  [0m[1;34m9->10  [0m[1;34m10->11  [0m[1;34m11->12  [0m[1;34m12->13  [0m[1;34m13->14  [0m[1;34m14->15  [0m[1;34m
[pthread wrapper] SKIP MASK: 0x0
[0m[1;34m	threadid 47866000238336 -> core 1 - OK[0m[1;34m
[0m[1;34m	threadid 47866002339584 -> core 2 - OK[0m[1;34m
[0m[1;34m	threadid 47866004440832 -> core 3 - OK[0m[1;34m
[0m[1;34m	threadid 47866006542080 -> core 4 - OK[0m[1;34m
[0m[1;34m	threadid 47866008643328 -> core 5 - OK[0m[1;34m
[0m[1;34m	threadid 47866010744576 -> core 6 - OK[0m[1;34m
[0m[1;34m	threadid 47866012845824 -> core 7 - OK[0m[1;34m
[0m[1;34m	threadid 47866014947072 -> core 8 - OK[0m[1;34m
[0m[1;34m	threadid 47866017048320 -> core 9 - OK[0m[1;34m
[0m[1;34m	threadid 47866019149568 -> core 10 - OK[0m[1;34m
[0m[1;34m	threadid 47866021250816 -> core 11 - OK[0m[1;34m
[0m[1;34m	threadid 47866023352064 -> core 12 - OK[0m[1;34m
[0m[1;34m	threadid 47866025453312 -> core 13 - OK[0m[1;34m
[0m[1;34m	threadid 47866027554560 -> core 14 - OK[0m[1;34m
[0m[1;34m	threadid 47866029655808 -> core 15 - OK[0m[1;34m
[0miterations: 200
Total iterations: 49600800 LUP
FLOP: 11
Total work: 545608800 FLOP
performance: 4.861903 GLUP/s
Performance in GFLOP/s: 53.480934
size: 250000
time: 0.010202
[1;34m[pthread wrapper] 
[0m[1;34m[pthread wrapper] MAIN -> 0
[0m[1;34m[pthread wrapper] PIN_MASK: [0m[1;34m0->1  [0m[1;34m1->2  [0m[1;34m2->3  [0m[1;34m3->4  [0m[1;34m4->5  [0m[1;34m5->6  [0m[1;34m6->7  [0m[1;34m7->8  [0m[1;34m8->9  [0m[1;34m9->10  [0m[1;34m10->11  [0m[1;34m11->12  [0m[1;34m12->13  [0m[1;34m13->14  [0m[1;34m14->15  [0m[1;34m
[pthread wrapper] SKIP MASK: 0x0
[0m[1;34m	threadid 47462982010624 -> core 1 - OK[0m[1;34m
[0m[1;34m	threadid 47462984111872 -> core 2 - OK[0m[1;34m
[0m[1;34m	threadid 47462986213120 -> core 3 - OK[0m[1;34m
[0m[1;34m	threadid 47462988314368 -> core 4 - OK[0m[1;34m
[0m[1;34m	threadid 47462990415616 -> core 5 - OK[0m[1;34m
[0m[1;34m	threadid 47462992516864 -> core 6 - OK[0m[1;34m
[0m[1;34m	threadid 47462994618112 -> core 7 - OK[0m[1;34m
[0m[1;34m	threadid 47462996719360 -> core 8 - OK[0m[1;34m
[0m[1;34m	threadid 47462998820608 -> core 9 - OK[0m[1;34m
[0m[1;34m	threadid 47463000921856 -> core 10 - OK[0m[1;34m
[0m[1;34m	threadid 47463003023104 -> core 11 - OK[0m[1;34m
[0m[1;34m	threadid 47463005124352 -> core 12 - OK[0m[1;34m
[0m[1;34m	threadid 47463007225600 -> core 13 - OK[0m[1;34m
[0m[1;34m	threadid 47463009326848 -> core 14 - OK[0m[1;34m
[0m[1;34m	threadid 47463011428096 -> core 15 - OK[0m[1;34m
[0miterations: 200
Total iterations: 49600800 LUP
FLOP: 11
Total work: 545608800 FLOP
performance: 4.854755 GLUP/s
Performance in GFLOP/s: 53.402310
size: 250000
time: 0.010217
[1;34m[pthread wrapper] 
[0m[1;34m[pthread wrapper] MAIN -> 0
[0m[1;34m[pthread wrapper] PIN_MASK: [0m[1;34m0->1  [0m[1;34m1->2  [0m[1;34m2->3  [0m[1;34m3->4  [0m[1;34m4->5  [0m[1;34m5->6  [0m[1;34m6->7  [0m[1;34m7->8  [0m[1;34m8->9  [0m[1;34m9->10  [0m[1;34m10->11  [0m[1;34m11->12  [0m[1;34m12->13  [0m[1;34m13->14  [0m[1;34m14->15  [0m[1;34m
[pthread wrapper] SKIP MASK: 0x0
[0m[1;34m	threadid 47808109131520 -> core 1 - OK[0m[1;34m
[0m[1;34m	threadid 47808111232768 -> core 2 - OK[0m[1;34m
[0m[1;34m	threadid 47808113334016 -> core 3 - OK[0m[1;34m
[0m[1;34m	threadid 47808115435264 -> core 4 - OK[0m[1;34m
[0m[1;34m	threadid 47808117536512 -> core 5 - OK[0m[1;34m
[0m[1;34m	threadid 47808119637760 -> core 6 - OK[0m[1;34m
[0m[1;34m	threadid 47808121739008 -> core 7 - OK[0m[1;34m
[0m[1;34m	threadid 47808123840256 -> core 8 - OK[0m[1;34m
[0m[1;34m	threadid 47808125941504 -> core 9 - OK[0m[1;34m
[0m[1;34m	threadid 47808128042752 -> core 10 - OK[0m[1;34m
[0m[1;34m	threadid 47808130144000 -> core 11 - OK[0m[1;34m
[0m[1;34m	threadid 47808132245248 -> core 12 - OK[0m[1;34m
[0m[1;34m	threadid 47808134346496 -> core 13 - OK[0m[1;34m
[0m[1;34m	threadid 47808136447744 -> core 14 - OK[0m[1;34m
[0m[1;34m	threadid 47808138548992 -> core 15 - OK[0m[1;34m
[0miterations: 200
Total iterations: 49600800 LUP
FLOP: 11
Total work: 545608800 FLOP
performance: 4.850454 GLUP/s
Performance in GFLOP/s: 53.354997
size: 250000
time: 0.010226
