iterations: 120
Total iterations: 1078560480 LUP
FLOP: 11
Total work: 11864165280 FLOP
performance: 0.255808 GLUP/s
Performance in GFLOP/s: 2.813891
size: 9000000
time: 4.216285
[1;34m[likwid-pin] Main PID -> core 0 - OK[0m
iterations: 120
Total iterations: 1078560480 LUP
FLOP: 11
Total work: 11864165280 FLOP
performance: 0.255811 GLUP/s
Performance in GFLOP/s: 2.813920
size: 9000000
time: 4.216241
[1;34m[likwid-pin] Main PID -> core 0 - OK[0m
iterations: 120
Total iterations: 1078560480 LUP
FLOP: 11
Total work: 11864165280 FLOP
performance: 0.257391 GLUP/s
Performance in GFLOP/s: 2.831299
size: 9000000
time: 4.190361
[1;34m[likwid-pin] Main PID -> core 0 - OK[0m
iterations: 120
Total iterations: 1078560480 LUP
FLOP: 11
Total work: 11864165280 FLOP
performance: 0.257253 GLUP/s
Performance in GFLOP/s: 2.829788
size: 9000000
time: 4.192599
[1;34m[likwid-pin] Main PID -> core 0 - OK[0m
iterations: 120
Total iterations: 1078560480 LUP
FLOP: 11
Total work: 11864165280 FLOP
performance: 0.255732 GLUP/s
Performance in GFLOP/s: 2.813055
size: 9000000
time: 4.217538
[1;34m[likwid-pin] Main PID -> core 0 - OK[0m
iterations: 120
Total iterations: 1078560480 LUP
FLOP: 11
Total work: 11864165280 FLOP
performance: 0.257160 GLUP/s
Performance in GFLOP/s: 2.828759
size: 9000000
time: 4.194124
[1;34m[likwid-pin] Main PID -> core 0 - OK[0m
iterations: 120
Total iterations: 1078560480 LUP
FLOP: 11
Total work: 11864165280 FLOP
performance: 0.257191 GLUP/s
Performance in GFLOP/s: 2.829101
size: 9000000
time: 4.193617
[1;34m[likwid-pin] Main PID -> core 0 - OK[0m
iterations: 120
Total iterations: 1078560480 LUP
FLOP: 11
Total work: 11864165280 FLOP
performance: 0.256169 GLUP/s
Performance in GFLOP/s: 2.817855
size: 9000000
time: 4.210353
[1;34m[likwid-pin] Main PID -> core 0 - OK[0m
iterations: 120
Total iterations: 1078560480 LUP
FLOP: 11
Total work: 11864165280 FLOP
performance: 0.255856 GLUP/s
Performance in GFLOP/s: 2.814412
size: 9000000
time: 4.215504
[1;34m[likwid-pin] Main PID -> core 0 - OK[0m
iterations: 120
Total iterations: 1078560480 LUP
FLOP: 11
Total work: 11864165280 FLOP
performance: 0.256707 GLUP/s
Performance in GFLOP/s: 2.823773
size: 9000000
time: 4.201530
[1;34m[likwid-pin] Main PID -> core 0 - OK[0m
