iterations: 120
Total iterations: 1078560480 LUP
FLOP: 11
Total work: 11864165280 FLOP
performance: 3.712746 GLUP/s
Performance in GFLOP/s: 40.840209
size: 9000000
time: 0.290502
iterations: 120
Total iterations: 1078560480 LUP
FLOP: 11
Total work: 11864165280 FLOP
performance: 3.654946 GLUP/s
Performance in GFLOP/s: 40.204404
size: 9000000
time: 0.295096
iterations: 120
Total iterations: 1078560480 LUP
FLOP: 11
Total work: 11864165280 FLOP
performance: 3.690352 GLUP/s
Performance in GFLOP/s: 40.593871
size: 9000000
time: 0.292265
iterations: 120
Total iterations: 1078560480 LUP
FLOP: 11
Total work: 11864165280 FLOP
performance: 3.685244 GLUP/s
Performance in GFLOP/s: 40.537687
size: 9000000
time: 0.292670
iterations: 120
Total iterations: 1078560480 LUP
FLOP: 11
Total work: 11864165280 FLOP
performance: 3.574081 GLUP/s
Performance in GFLOP/s: 39.314889
size: 9000000
time: 0.301773
iterations: 120
Total iterations: 1078560480 LUP
FLOP: 11
Total work: 11864165280 FLOP
performance: 3.682086 GLUP/s
Performance in GFLOP/s: 40.502943
size: 9000000
time: 0.292921
iterations: 120
Total iterations: 1078560480 LUP
FLOP: 11
Total work: 11864165280 FLOP
performance: 3.664832 GLUP/s
Performance in GFLOP/s: 40.313157
size: 9000000
time: 0.294300
iterations: 120
Total iterations: 1078560480 LUP
FLOP: 11
Total work: 11864165280 FLOP
performance: 3.685611 GLUP/s
Performance in GFLOP/s: 40.541716
size: 9000000
time: 0.292641
iterations: 120
Total iterations: 1078560480 LUP
FLOP: 11
Total work: 11864165280 FLOP
performance: 3.678104 GLUP/s
Performance in GFLOP/s: 40.459145
size: 9000000
time: 0.293238
iterations: 120
Total iterations: 1078560480 LUP
FLOP: 11
Total work: 11864165280 FLOP
performance: 3.705754 GLUP/s
Performance in GFLOP/s: 40.763296
size: 9000000
time: 0.291050
