[1;34m[pthread wrapper] 
[0m[1;34m[pthread wrapper] MAIN -> 0
[0m[1;34m[pthread wrapper] PIN_MASK: [0m[1;34m0->1  [0m[1;34m1->10  [0m[1;34m2->11  [0m[1;34m
[pthread wrapper] SKIP MASK: 0x0
[0m[1;34m	threadid 47227334166272 -> core 1 - OK[0m[1;34m
[0m[1;34m	threadid 47227336267520 -> core 10 - OK[0m[1;34m
[0m[1;34m	threadid 47227338368768 -> core 11 - OK[0m[1;34m
[0miterations: 120
Total iterations: 1078560480 LUP
FLOP: 11
Total work: 11864165280 FLOP
performance: 0.982582 GLUP/s
Performance in GFLOP/s: 10.808400
size: 9000000
time: 1.097680
[1;34m[pthread wrapper] 
[0m[1;34m[pthread wrapper] MAIN -> 0
[0m[1;34m[pthread wrapper] PIN_MASK: [0m[1;34m0->1  [0m[1;34m1->10  [0m[1;34m2->11  [0m[1;34m
[pthread wrapper] SKIP MASK: 0x0
[0m[1;34m	threadid 47741973702400 -> core 1 - OK[0m[1;34m
[0m[1;34m	threadid 47741975803648 -> core 10 - OK[0m[1;34m
[0m[1;34m	threadid 47741977904896 -> core 11 - OK[0m[1;34m
[0miterations: 120
Total iterations: 1078560480 LUP
FLOP: 11
Total work: 11864165280 FLOP
performance: 0.983960 GLUP/s
Performance in GFLOP/s: 10.823556
size: 9000000
time: 1.096143
[1;34m[pthread wrapper] 
[0m[1;34m[pthread wrapper] MAIN -> 0
[0m[1;34m[pthread wrapper] PIN_MASK: [0m[1;34m0->1  [0m[1;34m1->10  [0m[1;34m2->11  [0m[1;34m
[pthread wrapper] SKIP MASK: 0x0
[0m[1;34m	threadid 47903266068224 -> core 1 - OK[0m[1;34m
[0m[1;34m	threadid 47903268169472 -> core 10 - OK[0m[1;34m
[0m[1;34m	threadid 47903270270720 -> core 11 - OK[0m[1;34m
[0miterations: 120
Total iterations: 1078560480 LUP
FLOP: 11
Total work: 11864165280 FLOP
performance: 0.982970 GLUP/s
Performance in GFLOP/s: 10.812667
size: 9000000
time: 1.097247
[1;34m[pthread wrapper] 
[0m[1;34m[pthread wrapper] MAIN -> 0
[0m[1;34m[pthread wrapper] PIN_MASK: [0m[1;34m0->1  [0m[1;34m1->10  [0m[1;34m2->11  [0m[1;34m
[pthread wrapper] SKIP MASK: 0x0
[0m[1;34m	threadid 47146275911424 -> core 1 - OK[0m[1;34m
[0m[1;34m	threadid 47146278012672 -> core 10 - OK[0m[1;34m
[0m[1;34m	threadid 47146280113920 -> core 11 - OK[0m[1;34m
[0miterations: 120
Total iterations: 1078560480 LUP
FLOP: 11
Total work: 11864165280 FLOP
performance: 0.975153 GLUP/s
Performance in GFLOP/s: 10.726687
size: 9000000
time: 1.106042
[1;34m[pthread wrapper] 
[0m[1;34m[pthread wrapper] MAIN -> 0
[0m[1;34m[pthread wrapper] PIN_MASK: [0m[1;34m0->1  [0m[1;34m1->10  [0m[1;34m2->11  [0m[1;34m
[pthread wrapper] SKIP MASK: 0x0
[0m[1;34m	threadid 47113667438336 -> core 1 - OK[0m[1;34m
[0m[1;34m	threadid 47113669539584 -> core 10 - OK[0m[1;34m
[0m[1;34m	threadid 47113671640832 -> core 11 - OK[0m[1;34m
[0miterations: 120
Total iterations: 1078560480 LUP
FLOP: 11
Total work: 11864165280 FLOP
performance: 0.974663 GLUP/s
Performance in GFLOP/s: 10.721288
size: 9000000
time: 1.106599
[1;34m[pthread wrapper] 
[0m[1;34m[pthread wrapper] MAIN -> 0
[0m[1;34m[pthread wrapper] PIN_MASK: [0m[1;34m0->1  [0m[1;34m1->10  [0m[1;34m2->11  [0m[1;34m
[pthread wrapper] SKIP MASK: 0x0
[0m[1;34m	threadid 47143007500032 -> core 1 - OK[0m[1;34m
[0m[1;34m	threadid 47143009601280 -> core 10 - OK[0m[1;34m
[0m[1;34m	threadid 47143011702528 -> core 11 - OK[0m[1;34m
[0miterations: 120
Total iterations: 1078560480 LUP
FLOP: 11
Total work: 11864165280 FLOP
performance: 0.977572 GLUP/s
Performance in GFLOP/s: 10.753295
size: 9000000
time: 1.103305
[1;34m[pthread wrapper] 
[0m[1;34m[pthread wrapper] MAIN -> 0
[0m[1;34m[pthread wrapper] PIN_MASK: [0m[1;34m0->1  [0m[1;34m1->10  [0m[1;34m2->11  [0m[1;34m
[pthread wrapper] SKIP MASK: 0x0
[0m[1;34m	threadid 47142494189312 -> core 1 - OK[0m[1;34m
[0m[1;34m	threadid 47142496290560 -> core 10 - OK[0m[1;34m
[0m[1;34m	threadid 47142498391808 -> core 11 - OK[0m[1;34m
[0miterations: 120
Total iterations: 1078560480 LUP
FLOP: 11
Total work: 11864165280 FLOP
performance: 0.981744 GLUP/s
Performance in GFLOP/s: 10.799182
size: 9000000
time: 1.098617
[1;34m[pthread wrapper] 
[0m[1;34m[pthread wrapper] MAIN -> 0
[0m[1;34m[pthread wrapper] PIN_MASK: [0m[1;34m0->1  [0m[1;34m1->10  [0m[1;34m2->11  [0m[1;34m
[pthread wrapper] SKIP MASK: 0x0
[0m[1;34m	threadid 47994998503168 -> core 1 - OK[0m[1;34m
[0m[1;34m	threadid 47995000604416 -> core 10 - OK[0m[1;34m
[0m[1;34m	threadid 47995002705664 -> core 11 - OK[0m[1;34m
[0miterations: 120
Total iterations: 1078560480 LUP
FLOP: 11
Total work: 11864165280 FLOP
performance: 0.974802 GLUP/s
Performance in GFLOP/s: 10.722820
size: 9000000
time: 1.106441
[1;34m[pthread wrapper] 
[0m[1;34m[pthread wrapper] MAIN -> 0
[0m[1;34m[pthread wrapper] PIN_MASK: [0m[1;34m0->1  [0m[1;34m1->10  [0m[1;34m2->11  [0m[1;34m
[pthread wrapper] SKIP MASK: 0x0
[0m[1;34m	threadid 47932047488768 -> core 1 - OK[0m[1;34m
[0m[1;34m	threadid 47932049590016 -> core 10 - OK[0m[1;34m
[0m[1;34m	threadid 47932051691264 -> core 11 - OK[0m[1;34m
[0miterations: 120
Total iterations: 1078560480 LUP
FLOP: 11
Total work: 11864165280 FLOP
performance: 0.979462 GLUP/s
Performance in GFLOP/s: 10.774077
size: 9000000
time: 1.101177
[1;34m[pthread wrapper] 
[0m[1;34m[pthread wrapper] MAIN -> 0
[0m[1;34m[pthread wrapper] PIN_MASK: [0m[1;34m0->1  [0m[1;34m1->10  [0m[1;34m2->11  [0m[1;34m
[pthread wrapper] SKIP MASK: 0x0
[0m[1;34m	threadid 47527918102272 -> core 1 - OK[0m[1;34m
[0m[1;34m	threadid 47527920203520 -> core 10 - OK[0m[1;34m
[0m[1;34m	threadid 47527922304768 -> core 11 - OK[0m[1;34m
[0miterations: 120
Total iterations: 1078560480 LUP
FLOP: 11
Total work: 11864165280 FLOP
performance: 0.969874 GLUP/s
Performance in GFLOP/s: 10.668619
size: 9000000
time: 1.112062
