[1;34m[pthread wrapper] 
[0m[1;34m[pthread wrapper] MAIN -> 0
[0m[1;34m[pthread wrapper] PIN_MASK: [0m[1;34m0->1  [0m[1;34m1->2  [0m[1;34m2->10  [0m[1;34m3->11  [0m[1;34m4->12  [0m[1;34m
[pthread wrapper] SKIP MASK: 0x0
[0m[1;34m	threadid 47025335617280 -> core 1 - OK[0m[1;34m
[0m[1;34m	threadid 47025337718528 -> core 2 - OK[0m[1;34m
[0m[1;34m	threadid 47025339819776 -> core 10 - OK[0m[1;34m
[0m[1;34m	threadid 47025341921024 -> core 11 - OK[0m[1;34m
[0m[1;34m	threadid 47025344022272 -> core 12 - OK[0m[1;34m
[0miterations: 120
Total iterations: 1078560480 LUP
FLOP: 11
Total work: 11864165280 FLOP
performance: 1.457932 GLUP/s
Performance in GFLOP/s: 16.037249
size: 9000000
time: 0.739788
[1;34m[pthread wrapper] 
[0m[1;34m[pthread wrapper] MAIN -> 0
[0m[1;34m[pthread wrapper] PIN_MASK: [0m[1;34m0->1  [0m[1;34m1->2  [0m[1;34m2->10  [0m[1;34m3->11  [0m[1;34m4->12  [0m[1;34m
[pthread wrapper] SKIP MASK: 0x0
[0m[1;34m	threadid 47641256994560 -> core 1 - OK[0m[1;34m
[0m[1;34m	threadid 47641259095808 -> core 2 - OK[0m[1;34m
[0m[1;34m	threadid 47641261197056 -> core 10 - OK[0m[1;34m
[0m[1;34m	threadid 47641263298304 -> core 11 - OK[0m[1;34m
[0m[1;34m	threadid 47641265399552 -> core 12 - OK[0m[1;34m
[0miterations: 120
Total iterations: 1078560480 LUP
FLOP: 11
Total work: 11864165280 FLOP
performance: 1.462602 GLUP/s
Performance in GFLOP/s: 16.088617
size: 9000000
time: 0.737426
[1;34m[pthread wrapper] 
[0m[1;34m[pthread wrapper] MAIN -> 0
[0m[1;34m[pthread wrapper] PIN_MASK: [0m[1;34m0->1  [0m[1;34m1->2  [0m[1;34m2->10  [0m[1;34m3->11  [0m[1;34m4->12  [0m[1;34m
[pthread wrapper] SKIP MASK: 0x0
[0m[1;34m	threadid 47217960777472 -> core 1 - OK[0m[1;34m
[0m[1;34m	threadid 47217962878720 -> core 2 - OK[0m[1;34m
[0m[1;34m	threadid 47217964979968 -> core 10 - OK[0m[1;34m
[0m[1;34m	threadid 47217967081216 -> core 11 - OK[0m[1;34m
[0m[1;34m	threadid 47217969182464 -> core 12 - OK[0m[1;34m
[0miterations: 120
Total iterations: 1078560480 LUP
FLOP: 11
Total work: 11864165280 FLOP
performance: 1.461937 GLUP/s
Performance in GFLOP/s: 16.081312
size: 9000000
time: 0.737761
[1;34m[pthread wrapper] 
[0m[1;34m[pthread wrapper] MAIN -> 0
[0m[1;34m[pthread wrapper] PIN_MASK: [0m[1;34m0->1  [0m[1;34m1->2  [0m[1;34m2->10  [0m[1;34m3->11  [0m[1;34m4->12  [0m[1;34m
[pthread wrapper] SKIP MASK: 0x0
[0m[1;34m	threadid 46931860637440 -> core 1 - OK[0m[1;34m
[0m[1;34m	threadid 46931862738688 -> core 2 - OK[0m[1;34m
[0m[1;34m	threadid 46931864839936 -> core 10 - OK[0m[1;34m
[0m[1;34m	threadid 46931866941184 -> core 11 - OK[0m[1;34m
[0m[1;34m	threadid 46931869042432 -> core 12 - OK[0m[1;34m
[0miterations: 120
Total iterations: 1078560480 LUP
FLOP: 11
Total work: 11864165280 FLOP
performance: 1.457711 GLUP/s
Performance in GFLOP/s: 16.034820
size: 9000000
time: 0.739900
[1;34m[pthread wrapper] 
[0m[1;34m[pthread wrapper] MAIN -> 0
[0m[1;34m[pthread wrapper] PIN_MASK: [0m[1;34m0->1  [0m[1;34m1->2  [0m[1;34m2->10  [0m[1;34m3->11  [0m[1;34m4->12  [0m[1;34m
[pthread wrapper] SKIP MASK: 0x0
[0m[1;34m	threadid 47433182656256 -> core 1 - OK[0m[1;34m
[0m[1;34m	threadid 47433184757504 -> core 2 - OK[0m[1;34m
[0m[1;34m	threadid 47433186858752 -> core 10 - OK[0m[1;34m
[0m[1;34m	threadid 47433188960000 -> core 11 - OK[0m[1;34m
[0m[1;34m	threadid 47433191061248 -> core 12 - OK[0m[1;34m
[0miterations: 120
Total iterations: 1078560480 LUP
FLOP: 11
Total work: 11864165280 FLOP
performance: 1.460954 GLUP/s
Performance in GFLOP/s: 16.070489
size: 9000000
time: 0.738258
[1;34m[pthread wrapper] 
[0m[1;34m[pthread wrapper] MAIN -> 0
[0m[1;34m[pthread wrapper] PIN_MASK: [0m[1;34m0->1  [0m[1;34m1->2  [0m[1;34m2->10  [0m[1;34m3->11  [0m[1;34m4->12  [0m[1;34m
[pthread wrapper] SKIP MASK: 0x0
[0m[1;34m	threadid 46951682717440 -> core 1 - OK[0m[1;34m
[0m[1;34m	threadid 46951684818688 -> core 2 - OK[0m[1;34m
[0m[1;34m	threadid 46951686919936 -> core 10 - OK[0m[1;34m
[0m[1;34m	threadid 46951689021184 -> core 11 - OK[0m[1;34m
[0m[1;34m	threadid 46951691122432 -> core 12 - OK[0m[1;34m
[0miterations: 120
Total iterations: 1078560480 LUP
FLOP: 11
Total work: 11864165280 FLOP
performance: 1.463856 GLUP/s
Performance in GFLOP/s: 16.102419
size: 9000000
time: 0.736794
[1;34m[pthread wrapper] 
[0m[1;34m[pthread wrapper] MAIN -> 0
[0m[1;34m[pthread wrapper] PIN_MASK: [0m[1;34m0->1  [0m[1;34m1->2  [0m[1;34m2->10  [0m[1;34m3->11  [0m[1;34m4->12  [0m[1;34m
[pthread wrapper] SKIP MASK: 0x0
[0m[1;34m	threadid 47550546417408 -> core 1 - OK[0m[1;34m
[0m[1;34m	threadid 47550548518656 -> core 2 - OK[0m[1;34m
[0m[1;34m	threadid 47550550619904 -> core 10 - OK[0m[1;34m
[0m[1;34m	threadid 47550552721152 -> core 11 - OK[0m[1;34m
[0m[1;34m	threadid 47550554822400 -> core 12 - OK[0m[1;34m
[0miterations: 120
Total iterations: 1078560480 LUP
FLOP: 11
Total work: 11864165280 FLOP
performance: 1.459196 GLUP/s
Performance in GFLOP/s: 16.051154
size: 9000000
time: 0.739147
[1;34m[pthread wrapper] 
[0m[1;34m[pthread wrapper] MAIN -> 0
[0m[1;34m[pthread wrapper] PIN_MASK: [0m[1;34m0->1  [0m[1;34m1->2  [0m[1;34m2->10  [0m[1;34m3->11  [0m[1;34m4->12  [0m[1;34m
[pthread wrapper] SKIP MASK: 0x0
[0m[1;34m	threadid 47063567734528 -> core 1 - OK[0m[1;34m
[0m[1;34m	threadid 47063569835776 -> core 2 - OK[0m[1;34m
[0m[1;34m	threadid 47063571937024 -> core 10 - OK[0m[1;34m
[0m[1;34m	threadid 47063574038272 -> core 11 - OK[0m[1;34m
[0m[1;34m	threadid 47063576139520 -> core 12 - OK[0m[1;34m
[0miterations: 120
Total iterations: 1078560480 LUP
FLOP: 11
Total work: 11864165280 FLOP
performance: 1.458046 GLUP/s
Performance in GFLOP/s: 16.038505
size: 9000000
time: 0.739730
[1;34m[pthread wrapper] 
[0m[1;34m[pthread wrapper] MAIN -> 0
[0m[1;34m[pthread wrapper] PIN_MASK: [0m[1;34m0->1  [0m[1;34m1->2  [0m[1;34m2->10  [0m[1;34m3->11  [0m[1;34m4->12  [0m[1;34m
[pthread wrapper] SKIP MASK: 0x0
[0m[1;34m	threadid 47166436112128 -> core 1 - OK[0m[1;34m
[0m[1;34m	threadid 47166438213376 -> core 2 - OK[0m[1;34m
[0m[1;34m	threadid 47166440314624 -> core 10 - OK[0m[1;34m
[0m[1;34m	threadid 47166442415872 -> core 11 - OK[0m[1;34m
[0m[1;34m	threadid 47166444517120 -> core 12 - OK[0m[1;34m
[0miterations: 120
Total iterations: 1078560480 LUP
FLOP: 11
Total work: 11864165280 FLOP
performance: 1.462508 GLUP/s
Performance in GFLOP/s: 16.087592
size: 9000000
time: 0.737473
[1;34m[pthread wrapper] 
[0m[1;34m[pthread wrapper] MAIN -> 0
[0m[1;34m[pthread wrapper] PIN_MASK: [0m[1;34m0->1  [0m[1;34m1->2  [0m[1;34m2->10  [0m[1;34m3->11  [0m[1;34m4->12  [0m[1;34m
[pthread wrapper] SKIP MASK: 0x0
[0m[1;34m	threadid 47252959438592 -> core 1 - OK[0m[1;34m
[0m[1;34m	threadid 47252961539840 -> core 2 - OK[0m[1;34m
[0m[1;34m	threadid 47252963641088 -> core 10 - OK[0m[1;34m
[0m[1;34m	threadid 47252965742336 -> core 11 - OK[0m[1;34m
[0m[1;34m	threadid 47252967843584 -> core 12 - OK[0m[1;34m
[0miterations: 120
Total iterations: 1078560480 LUP
FLOP: 11
Total work: 11864165280 FLOP
performance: 1.461126 GLUP/s
Performance in GFLOP/s: 16.072384
size: 9000000
time: 0.738171
