[1;34m[pthread wrapper] 
[0m[1;34m[pthread wrapper] MAIN -> 0
[0m[1;34m[pthread wrapper] PIN_MASK: [0m[1;34m0->1  [0m[1;34m1->2  [0m[1;34m2->3  [0m[1;34m3->4  [0m[1;34m4->5  [0m[1;34m5->6  [0m[1;34m6->7  [0m[1;34m7->8  [0m[1;34m8->9  [0m[1;34m9->10  [0m[1;34m10->11  [0m[1;34m11->12  [0m[1;34m12->13  [0m[1;34m13->14  [0m[1;34m14->15  [0m[1;34m
[pthread wrapper] SKIP MASK: 0x0
[0m[1;34m	threadid 47429196777216 -> core 1 - OK[0m[1;34m
[0m[1;34m	threadid 47429198878464 -> core 2 - OK[0m[1;34m
[0m[1;34m	threadid 47429200979712 -> core 3 - OK[0m[1;34m
[0m[1;34m	threadid 47429203080960 -> core 4 - OK[0m[1;34m
[0m[1;34m	threadid 47429205182208 -> core 5 - OK[0m[1;34m
[0m[1;34m	threadid 47429207283456 -> core 6 - OK[0m[1;34m
[0m[1;34m	threadid 47429209384704 -> core 7 - OK[0m[1;34m
[0m[1;34m	threadid 47429211485952 -> core 8 - OK[0m[1;34m
[0m[1;34m	threadid 47429213587200 -> core 9 - OK[0m[1;34m
[0m[1;34m	threadid 47429215688448 -> core 10 - OK[0m[1;34m
[0m[1;34m	threadid 47429217789696 -> core 11 - OK[0m[1;34m
[0m[1;34m	threadid 47429219890944 -> core 12 - OK[0m[1;34m
[0m[1;34m	threadid 47429221992192 -> core 13 - OK[0m[1;34m
[0m[1;34m	threadid 47429224093440 -> core 14 - OK[0m[1;34m
[0m[1;34m	threadid 47429226194688 -> core 15 - OK[0m[1;34m
[0miterations: 200
Total iterations: 1797600800 LUP
FLOP: 11
Total work: 19773608800 FLOP
performance: 3.831834 GLUP/s
Performance in GFLOP/s: 42.150169
size: 9000000
time: 0.469123
[1;34m[pthread wrapper] 
[0m[1;34m[pthread wrapper] MAIN -> 0
[0m[1;34m[pthread wrapper] PIN_MASK: [0m[1;34m0->1  [0m[1;34m1->2  [0m[1;34m2->3  [0m[1;34m3->4  [0m[1;34m4->5  [0m[1;34m5->6  [0m[1;34m6->7  [0m[1;34m7->8  [0m[1;34m8->9  [0m[1;34m9->10  [0m[1;34m10->11  [0m[1;34m11->12  [0m[1;34m12->13  [0m[1;34m13->14  [0m[1;34m14->15  [0m[1;34m
[pthread wrapper] SKIP MASK: 0x0
[0m[1;34m	threadid 47245034039040 -> core 1 - OK[0m[1;34m
[0m[1;34m	threadid 47245036140288 -> core 2 - OK[0m[1;34m
[0m[1;34m	threadid 47245038241536 -> core 3 - OK[0m[1;34m
[0m[1;34m	threadid 47245040342784 -> core 4 - OK[0m[1;34m
[0m[1;34m	threadid 47245042444032 -> core 5 - OK[0m[1;34m
[0m[1;34m	threadid 47245044545280 -> core 6 - OK[0m[1;34m
[0m[1;34m	threadid 47245046646528 -> core 7 - OK[0m[1;34m
[0m[1;34m	threadid 47245048747776 -> core 8 - OK[0m[1;34m
[0m[1;34m	threadid 47245050849024 -> core 9 - OK[0m[1;34m
[0m[1;34m	threadid 47245052950272 -> core 10 - OK[0m[1;34m
[0m[1;34m	threadid 47245055051520 -> core 11 - OK[0m[1;34m
[0m[1;34m	threadid 47245057152768 -> core 12 - OK[0m[1;34m
[0m[1;34m	threadid 47245059254016 -> core 13 - OK[0m[1;34m
[0m[1;34m	threadid 47245061355264 -> core 14 - OK[0m[1;34m
[0m[1;34m	threadid 47245063456512 -> core 15 - OK[0m[1;34m
[0miterations: 200
Total iterations: 1797600800 LUP
FLOP: 11
Total work: 19773608800 FLOP
performance: 3.831212 GLUP/s
Performance in GFLOP/s: 42.143336
size: 9000000
time: 0.469199
[1;34m[pthread wrapper] 
[0m[1;34m[pthread wrapper] MAIN -> 0
[0m[1;34m[pthread wrapper] PIN_MASK: [0m[1;34m0->1  [0m[1;34m1->2  [0m[1;34m2->3  [0m[1;34m3->4  [0m[1;34m4->5  [0m[1;34m5->6  [0m[1;34m6->7  [0m[1;34m7->8  [0m[1;34m8->9  [0m[1;34m9->10  [0m[1;34m10->11  [0m[1;34m11->12  [0m[1;34m12->13  [0m[1;34m13->14  [0m[1;34m14->15  [0m[1;34m
[pthread wrapper] SKIP MASK: 0x0
[0m[1;34m	threadid 47698837620480 -> core 1 - OK[0m[1;34m
[0m[1;34m	threadid 47698839721728 -> core 2 - OK[0m[1;34m
[0m[1;34m	threadid 47698841822976 -> core 3 - OK[0m[1;34m
[0m[1;34m	threadid 47698843924224 -> core 4 - OK[0m[1;34m
[0m[1;34m	threadid 47698846025472 -> core 5 - OK[0m[1;34m
[0m[1;34m	threadid 47698848126720 -> core 6 - OK[0m[1;34m
[0m[1;34m	threadid 47698850227968 -> core 7 - OK[0m[1;34m
[0m[1;34m	threadid 47698852329216 -> core 8 - OK[0m[1;34m
[0m[1;34m	threadid 47698854430464 -> core 9 - OK[0m[1;34m
[0m[1;34m	threadid 47698856531712 -> core 10 - OK[0m[1;34m
[0m[1;34m	threadid 47698858632960 -> core 11 - OK[0m[1;34m
[0m[1;34m	threadid 47698860734208 -> core 12 - OK[0m[1;34m
[0m[1;34m	threadid 47698862835456 -> core 13 - OK[0m[1;34m
[0m[1;34m	threadid 47698864936704 -> core 14 - OK[0m[1;34m
[0m[1;34m	threadid 47698867037952 -> core 15 - OK[0m[1;34m
[0miterations: 200
Total iterations: 1797600800 LUP
FLOP: 11
Total work: 19773608800 FLOP
performance: 3.814035 GLUP/s
Performance in GFLOP/s: 41.954389
size: 9000000
time: 0.471312
[1;34m[pthread wrapper] 
[0m[1;34m[pthread wrapper] MAIN -> 0
[0m[1;34m[pthread wrapper] PIN_MASK: [0m[1;34m0->1  [0m[1;34m1->2  [0m[1;34m2->3  [0m[1;34m3->4  [0m[1;34m4->5  [0m[1;34m5->6  [0m[1;34m6->7  [0m[1;34m7->8  [0m[1;34m8->9  [0m[1;34m9->10  [0m[1;34m10->11  [0m[1;34m11->12  [0m[1;34m12->13  [0m[1;34m13->14  [0m[1;34m14->15  [0m[1;34m
[pthread wrapper] SKIP MASK: 0x0
[0m[1;34m	threadid 47460328969984 -> core 1 - OK[0m[1;34m
[0m[1;34m	threadid 47460331071232 -> core 2 - OK[0m[1;34m
[0m[1;34m	threadid 47460333172480 -> core 3 - OK[0m[1;34m
[0m[1;34m	threadid 47460335273728 -> core 4 - OK[0m[1;34m
[0m[1;34m	threadid 47460337374976 -> core 5 - OK[0m[1;34m
[0m[1;34m	threadid 47460339476224 -> core 6 - OK[0m[1;34m
[0m[1;34m	threadid 47460341577472 -> core 7 - OK[0m[1;34m
[0m[1;34m	threadid 47460343678720 -> core 8 - OK[0m[1;34m
[0m[1;34m	threadid 47460345779968 -> core 9 - OK[0m[1;34m
[0m[1;34m	threadid 47460347881216 -> core 10 - OK[0m[1;34m
[0m[1;34m	threadid 47460349982464 -> core 11 - OK[0m[1;34m
[0m[1;34m	threadid 47460352083712 -> core 12 - OK[0m[1;34m
[0m[1;34m	threadid 47460354184960 -> core 13 - OK[0m[1;34m
[0m[1;34m	threadid 47460356286208 -> core 14 - OK[0m[1;34m
[0m[1;34m	threadid 47460358387456 -> core 15 - OK[0m[1;34m
[0miterations: 200
Total iterations: 1797600800 LUP
FLOP: 11
Total work: 19773608800 FLOP
performance: 3.812548 GLUP/s
Performance in GFLOP/s: 41.938032
size: 9000000
time: 0.471496
[1;34m[pthread wrapper] 
[0m[1;34m[pthread wrapper] MAIN -> 0
[0m[1;34m[pthread wrapper] PIN_MASK: [0m[1;34m0->1  [0m[1;34m1->2  [0m[1;34m2->3  [0m[1;34m3->4  [0m[1;34m4->5  [0m[1;34m5->6  [0m[1;34m6->7  [0m[1;34m7->8  [0m[1;34m8->9  [0m[1;34m9->10  [0m[1;34m10->11  [0m[1;34m11->12  [0m[1;34m12->13  [0m[1;34m13->14  [0m[1;34m14->15  [0m[1;34m
[pthread wrapper] SKIP MASK: 0x0
[0m[1;34m	threadid 47938457757440 -> core 1 - OK[0m[1;34m
[0m[1;34m	threadid 47938459858688 -> core 2 - OK[0m[1;34m
[0m[1;34m	threadid 47938461959936 -> core 3 - OK[0m[1;34m
[0m[1;34m	threadid 47938464061184 -> core 4 - OK[0m[1;34m
[0m[1;34m	threadid 47938466162432 -> core 5 - OK[0m[1;34m
[0m[1;34m	threadid 47938468263680 -> core 6 - OK[0m[1;34m
[0m[1;34m	threadid 47938470364928 -> core 7 - OK[0m[1;34m
[0m[1;34m	threadid 47938472466176 -> core 8 - OK[0m[1;34m
[0m[1;34m	threadid 47938474567424 -> core 9 - OK[0m[1;34m
[0m[1;34m	threadid 47938476668672 -> core 10 - OK[0m[1;34m
[0m[1;34m	threadid 47938478769920 -> core 11 - OK[0m[1;34m
[0m[1;34m	threadid 47938480871168 -> core 12 - OK[0m[1;34m
[0m[1;34m	threadid 47938482972416 -> core 13 - OK[0m[1;34m
[0m[1;34m	threadid 47938485073664 -> core 14 - OK[0m[1;34m
[0m[1;34m	threadid 47938487174912 -> core 15 - OK[0m[1;34m
[0miterations: 200
Total iterations: 1797600800 LUP
FLOP: 11
Total work: 19773608800 FLOP
performance: 3.827826 GLUP/s
Performance in GFLOP/s: 42.106086
size: 9000000
time: 0.469614
[1;34m[pthread wrapper] 
[0m[1;34m[pthread wrapper] MAIN -> 0
[0m[1;34m[pthread wrapper] PIN_MASK: [0m[1;34m0->1  [0m[1;34m1->2  [0m[1;34m2->3  [0m[1;34m3->4  [0m[1;34m4->5  [0m[1;34m5->6  [0m[1;34m6->7  [0m[1;34m7->8  [0m[1;34m8->9  [0m[1;34m9->10  [0m[1;34m10->11  [0m[1;34m11->12  [0m[1;34m12->13  [0m[1;34m13->14  [0m[1;34m14->15  [0m[1;34m
[pthread wrapper] SKIP MASK: 0x0
[0m[1;34m	threadid 47549804717824 -> core 1 - OK[0m[1;34m
[0m[1;34m	threadid 47549806819072 -> core 2 - OK[0m[1;34m
[0m[1;34m	threadid 47549808920320 -> core 3 - OK[0m[1;34m
[0m[1;34m	threadid 47549811021568 -> core 4 - OK[0m[1;34m
[0m[1;34m	threadid 47549813122816 -> core 5 - OK[0m[1;34m
[0m[1;34m	threadid 47549815224064 -> core 6 - OK[0m[1;34m
[0m[1;34m	threadid 47549817325312 -> core 7 - OK[0m[1;34m
[0m[1;34m	threadid 47549819426560 -> core 8 - OK[0m[1;34m
[0m[1;34m	threadid 47549821527808 -> core 9 - OK[0m[1;34m
[0m[1;34m	threadid 47549823629056 -> core 10 - OK[0m[1;34m
[0m[1;34m	threadid 47549825730304 -> core 11 - OK[0m[1;34m
[0m[1;34m	threadid 47549827831552 -> core 12 - OK[0m[1;34m
[0m[1;34m	threadid 47549829932800 -> core 13 - OK[0m[1;34m
[0m[1;34m	threadid 47549832034048 -> core 14 - OK[0m[1;34m
[0m[1;34m	threadid 47549834135296 -> core 15 - OK[0m[1;34m
[0miterations: 200
Total iterations: 1797600800 LUP
FLOP: 11
Total work: 19773608800 FLOP
performance: 3.853569 GLUP/s
Performance in GFLOP/s: 42.389255
size: 9000000
time: 0.466477
[1;34m[pthread wrapper] 
[0m[1;34m[pthread wrapper] MAIN -> 0
[0m[1;34m[pthread wrapper] PIN_MASK: [0m[1;34m0->1  [0m[1;34m1->2  [0m[1;34m2->3  [0m[1;34m3->4  [0m[1;34m4->5  [0m[1;34m5->6  [0m[1;34m6->7  [0m[1;34m7->8  [0m[1;34m8->9  [0m[1;34m9->10  [0m[1;34m10->11  [0m[1;34m11->12  [0m[1;34m12->13  [0m[1;34m13->14  [0m[1;34m14->15  [0m[1;34m
[pthread wrapper] SKIP MASK: 0x0
[0m[1;34m	threadid 47874679416576 -> core 1 - OK[0m[1;34m
[0m[1;34m	threadid 47874681517824 -> core 2 - OK[0m[1;34m
[0m[1;34m	threadid 47874683619072 -> core 3 - OK[0m[1;34m
[0m[1;34m	threadid 47874685720320 -> core 4 - OK[0m[1;34m
[0m[1;34m	threadid 47874687821568 -> core 5 - OK[0m[1;34m
[0m[1;34m	threadid 47874689922816 -> core 6 - OK[0m[1;34m
[0m[1;34m	threadid 47874692024064 -> core 7 - OK[0m[1;34m
[0m[1;34m	threadid 47874694125312 -> core 8 - OK[0m[1;34m
[0m[1;34m	threadid 47874696226560 -> core 9 - OK[0m[1;34m
[0m[1;34m	threadid 47874698327808 -> core 10 - OK[0m[1;34m
[0m[1;34m	threadid 47874700429056 -> core 11 - OK[0m[1;34m
[0m[1;34m	threadid 47874702530304 -> core 12 - OK[0m[1;34m
[0m[1;34m	threadid 47874704631552 -> core 13 - OK[0m[1;34m
[0m[1;34m	threadid 47874706732800 -> core 14 - OK[0m[1;34m
[0m[1;34m	threadid 47874708834048 -> core 15 - OK[0m[1;34m
[0miterations: 200
Total iterations: 1797600800 LUP
FLOP: 11
Total work: 19773608800 FLOP
performance: 3.838814 GLUP/s
Performance in GFLOP/s: 42.226955
size: 9000000
time: 0.468270
[1;34m[pthread wrapper] 
[0m[1;34m[pthread wrapper] MAIN -> 0
[0m[1;34m[pthread wrapper] PIN_MASK: [0m[1;34m0->1  [0m[1;34m1->2  [0m[1;34m2->3  [0m[1;34m3->4  [0m[1;34m4->5  [0m[1;34m5->6  [0m[1;34m6->7  [0m[1;34m7->8  [0m[1;34m8->9  [0m[1;34m9->10  [0m[1;34m10->11  [0m[1;34m11->12  [0m[1;34m12->13  [0m[1;34m13->14  [0m[1;34m14->15  [0m[1;34m
[pthread wrapper] SKIP MASK: 0x0
[0m[1;34m	threadid 47438027601664 -> core 1 - OK[0m[1;34m
[0m[1;34m	threadid 47438029702912 -> core 2 - OK[0m[1;34m
[0m[1;34m	threadid 47438031804160 -> core 3 - OK[0m[1;34m
[0m[1;34m	threadid 47438033905408 -> core 4 - OK[0m[1;34m
[0m[1;34m	threadid 47438036006656 -> core 5 - OK[0m[1;34m
[0m[1;34m	threadid 47438038107904 -> core 6 - OK[0m[1;34m
[0m[1;34m	threadid 47438040209152 -> core 7 - OK[0m[1;34m
[0m[1;34m	threadid 47438042310400 -> core 8 - OK[0m[1;34m
[0m[1;34m	threadid 47438044411648 -> core 9 - OK[0m[1;34m
[0m[1;34m	threadid 47438046512896 -> core 10 - OK[0m[1;34m
[0m[1;34m	threadid 47438048614144 -> core 11 - OK[0m[1;34m
[0m[1;34m	threadid 47438050715392 -> core 12 - OK[0m[1;34m
[0m[1;34m	threadid 47438052816640 -> core 13 - OK[0m[1;34m
[0m[1;34m	threadid 47438054917888 -> core 14 - OK[0m[1;34m
[0m[1;34m	threadid 47438057019136 -> core 15 - OK[0m[1;34m
[0miterations: 200
Total iterations: 1797600800 LUP
FLOP: 11
Total work: 19773608800 FLOP
performance: 3.831824 GLUP/s
Performance in GFLOP/s: 42.150062
size: 9000000
time: 0.469124
[1;34m[pthread wrapper] 
[0m[1;34m[pthread wrapper] MAIN -> 0
[0m[1;34m[pthread wrapper] PIN_MASK: [0m[1;34m0->1  [0m[1;34m1->2  [0m[1;34m2->3  [0m[1;34m3->4  [0m[1;34m4->5  [0m[1;34m5->6  [0m[1;34m6->7  [0m[1;34m7->8  [0m[1;34m8->9  [0m[1;34m9->10  [0m[1;34m10->11  [0m[1;34m11->12  [0m[1;34m12->13  [0m[1;34m13->14  [0m[1;34m14->15  [0m[1;34m
[pthread wrapper] SKIP MASK: 0x0
[0m[1;34m	threadid 47870506542848 -> core 1 - OK[0m[1;34m
[0m[1;34m	threadid 47870508644096 -> core 2 - OK[0m[1;34m
[0m[1;34m	threadid 47870510745344 -> core 3 - OK[0m[1;34m
[0m[1;34m	threadid 47870512846592 -> core 4 - OK[0m[1;34m
[0m[1;34m	threadid 47870514947840 -> core 5 - OK[0m[1;34m
[0m[1;34m	threadid 47870517049088 -> core 6 - OK[0m[1;34m
[0m[1;34m	threadid 47870519150336 -> core 7 - OK[0m[1;34m
[0m[1;34m	threadid 47870521251584 -> core 8 - OK[0m[1;34m
[0m[1;34m	threadid 47870523352832 -> core 9 - OK[0m[1;34m
[0m[1;34m	threadid 47870525454080 -> core 10 - OK[0m[1;34m
[0m[1;34m	threadid 47870527555328 -> core 11 - OK[0m[1;34m
[0m[1;34m	threadid 47870529656576 -> core 12 - OK[0m[1;34m
[0m[1;34m	threadid 47870531757824 -> core 13 - OK[0m[1;34m
[0m[1;34m	threadid 47870533859072 -> core 14 - OK[0m[1;34m
[0m[1;34m	threadid 47870535960320 -> core 15 - OK[0m[1;34m
[0miterations: 200
Total iterations: 1797600800 LUP
FLOP: 11
Total work: 19773608800 FLOP
performance: 3.834815 GLUP/s
Performance in GFLOP/s: 42.182969
size: 9000000
time: 0.468758
[1;34m[pthread wrapper] 
[0m[1;34m[pthread wrapper] MAIN -> 0
[0m[1;34m[pthread wrapper] PIN_MASK: [0m[1;34m0->1  [0m[1;34m1->2  [0m[1;34m2->3  [0m[1;34m3->4  [0m[1;34m4->5  [0m[1;34m5->6  [0m[1;34m6->7  [0m[1;34m7->8  [0m[1;34m8->9  [0m[1;34m9->10  [0m[1;34m10->11  [0m[1;34m11->12  [0m[1;34m12->13  [0m[1;34m13->14  [0m[1;34m14->15  [0m[1;34m
[pthread wrapper] SKIP MASK: 0x0
[0m[1;34m	threadid 47573630609152 -> core 1 - OK[0m[1;34m
[0m[1;34m	threadid 47573632710400 -> core 2 - OK[0m[1;34m
[0m[1;34m	threadid 47573634811648 -> core 3 - OK[0m[1;34m
[0m[1;34m	threadid 47573636912896 -> core 4 - OK[0m[1;34m
[0m[1;34m	threadid 47573639014144 -> core 5 - OK[0m[1;34m
[0m[1;34m	threadid 47573641115392 -> core 6 - OK[0m[1;34m
[0m[1;34m	threadid 47573643216640 -> core 7 - OK[0m[1;34m
[0m[1;34m	threadid 47573645317888 -> core 8 - OK[0m[1;34m
[0m[1;34m	threadid 47573647419136 -> core 9 - OK[0m[1;34m
[0m[1;34m	threadid 47573649520384 -> core 10 - OK[0m[1;34m
[0m[1;34m	threadid 47573651621632 -> core 11 - OK[0m[1;34m
[0m[1;34m	threadid 47573653722880 -> core 12 - OK[0m[1;34m
[0m[1;34m	threadid 47573655824128 -> core 13 - OK[0m[1;34m
[0m[1;34m	threadid 47573657925376 -> core 14 - OK[0m[1;34m
[0m[1;34m	threadid 47573660026624 -> core 15 - OK[0m[1;34m
[0miterations: 200
Total iterations: 1797600800 LUP
FLOP: 11
Total work: 19773608800 FLOP
performance: 3.834521 GLUP/s
Performance in GFLOP/s: 42.179730
size: 9000000
time: 0.468794
