iterations: 200
Total iterations: 49600800 LUP
FLOP: 11
Total work: 545608800 FLOP
performance: 2.431747 GLUP/s
Performance in GFLOP/s: 26.749219
size: 250000
time: 0.020397
iterations: 200
Total iterations: 49600800 LUP
FLOP: 11
Total work: 545608800 FLOP
performance: 2.447136 GLUP/s
Performance in GFLOP/s: 26.918498
size: 250000
time: 0.020269
iterations: 200
Total iterations: 49600800 LUP
FLOP: 11
Total work: 545608800 FLOP
performance: 2.437245 GLUP/s
Performance in GFLOP/s: 26.809700
size: 250000
time: 0.020351
iterations: 200
Total iterations: 49600800 LUP
FLOP: 11
Total work: 545608800 FLOP
performance: 2.445669 GLUP/s
Performance in GFLOP/s: 26.902359
size: 250000
time: 0.020281
iterations: 200
Total iterations: 49600800 LUP
FLOP: 11
Total work: 545608800 FLOP
performance: 2.436560 GLUP/s
Performance in GFLOP/s: 26.802164
size: 250000
time: 0.020357
iterations: 200
Total iterations: 49600800 LUP
FLOP: 11
Total work: 545608800 FLOP
performance: 2.437017 GLUP/s
Performance in GFLOP/s: 26.807187
size: 250000
time: 0.020353
iterations: 200
Total iterations: 49600800 LUP
FLOP: 11
Total work: 545608800 FLOP
performance: 2.446532 GLUP/s
Performance in GFLOP/s: 26.911850
size: 250000
time: 0.020274
iterations: 200
Total iterations: 49600800 LUP
FLOP: 11
Total work: 545608800 FLOP
performance: 2.447136 GLUP/s
Performance in GFLOP/s: 26.918498
size: 250000
time: 0.020269
iterations: 200
Total iterations: 49600800 LUP
FLOP: 11
Total work: 545608800 FLOP
performance: 2.444836 GLUP/s
Performance in GFLOP/s: 26.893191
size: 250000
time: 0.020288
iterations: 200
Total iterations: 49600800 LUP
FLOP: 11
Total work: 545608800 FLOP
performance: 2.429390 GLUP/s
Performance in GFLOP/s: 26.723293
size: 250000
time: 0.020417
