iterations: 200
Total iterations: 49600800 LUP
FLOP: 11
Total work: 545608800 FLOP
performance: 1.243096 GLUP/s
Performance in GFLOP/s: 13.674057
size: 250000
time: 0.039901
iterations: 200
Total iterations: 49600800 LUP
FLOP: 11
Total work: 545608800 FLOP
performance: 1.242102 GLUP/s
Performance in GFLOP/s: 13.663117
size: 250000
time: 0.039933
iterations: 200
Total iterations: 49600800 LUP
FLOP: 11
Total work: 545608800 FLOP
performance: 1.244628 GLUP/s
Performance in GFLOP/s: 13.690909
size: 250000
time: 0.039852
iterations: 200
Total iterations: 49600800 LUP
FLOP: 11
Total work: 545608800 FLOP
performance: 1.243341 GLUP/s
Performance in GFLOP/s: 13.676754
size: 250000
time: 0.039893
iterations: 200
Total iterations: 49600800 LUP
FLOP: 11
Total work: 545608800 FLOP
performance: 1.240332 GLUP/s
Performance in GFLOP/s: 13.643649
size: 250000
time: 0.039990
iterations: 200
Total iterations: 49600800 LUP
FLOP: 11
Total work: 545608800 FLOP
performance: 1.243096 GLUP/s
Performance in GFLOP/s: 13.674057
size: 250000
time: 0.039901
iterations: 200
Total iterations: 49600800 LUP
FLOP: 11
Total work: 545608800 FLOP
performance: 1.243750 GLUP/s
Performance in GFLOP/s: 13.681251
size: 250000
time: 0.039880
iterations: 200
Total iterations: 49600800 LUP
FLOP: 11
Total work: 545608800 FLOP
performance: 1.237572 GLUP/s
Performance in GFLOP/s: 13.613294
size: 250000
time: 0.040079
iterations: 200
Total iterations: 49600800 LUP
FLOP: 11
Total work: 545608800 FLOP
performance: 1.242443 GLUP/s
Performance in GFLOP/s: 13.666871
size: 250000
time: 0.039922
iterations: 200
Total iterations: 49600800 LUP
FLOP: 11
Total work: 545608800 FLOP
performance: 1.243906 GLUP/s
Performance in GFLOP/s: 13.682969
size: 250000
time: 0.039875
