[1;34m[pthread wrapper] 
[0m[1;34m[pthread wrapper] MAIN -> 0
[0m[1;34m[pthread wrapper] PIN_MASK: [0m[1;34m0->1  [0m[1;34m1->10  [0m[1;34m2->11  [0m[1;34m
[pthread wrapper] SKIP MASK: 0x0
[0m[1;34m	threadid 47804547933952 -> core 1 - OK[0m[1;34m
[0m[1;34m	threadid 47804550035200 -> core 10 - OK[0m[1;34m
[0m[1;34m	threadid 47804552136448 -> core 11 - OK[0m[1;34m
[0miterations: 100
Total iterations: 898800400 LUP
FLOP: 11
Total work: 9886804400 FLOP
performance: 0.979920 GLUP/s
Performance in GFLOP/s: 10.779122
size: 9000000
time: 0.917218
[1;34m[pthread wrapper] 
[0m[1;34m[pthread wrapper] MAIN -> 0
[0m[1;34m[pthread wrapper] PIN_MASK: [0m[1;34m0->1  [0m[1;34m1->10  [0m[1;34m2->11  [0m[1;34m
[pthread wrapper] SKIP MASK: 0x0
[0m[1;34m	threadid 47187141973760 -> core 1 - OK[0m[1;34m
[0m[1;34m	threadid 47187144075008 -> core 10 - OK[0m[1;34m
[0m[1;34m	threadid 47187146176256 -> core 11 - OK[0m[1;34m
[0miterations: 100
Total iterations: 898800400 LUP
FLOP: 11
Total work: 9886804400 FLOP
performance: 0.980183 GLUP/s
Performance in GFLOP/s: 10.782014
size: 9000000
time: 0.916972
[1;34m[pthread wrapper] 
[0m[1;34m[pthread wrapper] MAIN -> 0
[0m[1;34m[pthread wrapper] PIN_MASK: [0m[1;34m0->1  [0m[1;34m1->10  [0m[1;34m2->11  [0m[1;34m
[pthread wrapper] SKIP MASK: 0x0
[0m[1;34m	threadid 47776550479616 -> core 1 - OK[0m[1;34m
[0m[1;34m	threadid 47776552580864 -> core 10 - OK[0m[1;34m
[0m[1;34m	threadid 47776554682112 -> core 11 - OK[0m[1;34m
[0miterations: 100
Total iterations: 898800400 LUP
FLOP: 11
Total work: 9886804400 FLOP
performance: 0.980489 GLUP/s
Performance in GFLOP/s: 10.785377
size: 9000000
time: 0.916686
[1;34m[pthread wrapper] 
[0m[1;34m[pthread wrapper] MAIN -> 0
[0m[1;34m[pthread wrapper] PIN_MASK: [0m[1;34m0->1  [0m[1;34m1->10  [0m[1;34m2->11  [0m[1;34m
[pthread wrapper] SKIP MASK: 0x0
[0m[1;34m	threadid 47378319050496 -> core 1 - OK[0m[1;34m
[0m[1;34m	threadid 47378321151744 -> core 10 - OK[0m[1;34m
[0m[1;34m	threadid 47378323252992 -> core 11 - OK[0m[1;34m
[0miterations: 100
Total iterations: 898800400 LUP
FLOP: 11
Total work: 9886804400 FLOP
performance: 0.983826 GLUP/s
Performance in GFLOP/s: 10.822091
size: 9000000
time: 0.913576
[1;34m[pthread wrapper] 
[0m[1;34m[pthread wrapper] MAIN -> 0
[0m[1;34m[pthread wrapper] PIN_MASK: [0m[1;34m0->1  [0m[1;34m1->10  [0m[1;34m2->11  [0m[1;34m
[pthread wrapper] SKIP MASK: 0x0
[0m[1;34m	threadid 47803625969408 -> core 1 - OK[0m[1;34m
[0m[1;34m	threadid 47803628070656 -> core 10 - OK[0m[1;34m
[0m[1;34m	threadid 47803630171904 -> core 11 - OK[0m[1;34m
[0miterations: 100
Total iterations: 898800400 LUP
FLOP: 11
Total work: 9886804400 FLOP
performance: 0.980195 GLUP/s
Performance in GFLOP/s: 10.782143
size: 9000000
time: 0.916961
