[1;34m[pthread wrapper] 
[0m[1;34m[pthread wrapper] MAIN -> 0
[0m[1;34m[pthread wrapper] PIN_MASK: [0m[1;34m0->1  [0m[1;34m1->2  [0m[1;34m2->3  [0m[1;34m3->4  [0m[1;34m4->5  [0m[1;34m5->6  [0m[1;34m6->7  [0m[1;34m
[pthread wrapper] SKIP MASK: 0x0
[0m[1;34m	threadid 47242589251328 -> core 1 - OK[0m[1;34m
[0m[1;34m	threadid 47242591352576 -> core 2 - OK[0m[1;34m
[0m[1;34m	threadid 47242593453824 -> core 3 - OK[0m[1;34m
[0m[1;34m	threadid 47242595555072 -> core 4 - OK[0m[1;34m
[0m[1;34m	threadid 47242597656320 -> core 5 - OK[0m[1;34m
[0m[1;34m	threadid 47242599757568 -> core 6 - OK[0m[1;34m
[0m[1;34m	threadid 47242601858816 -> core 7 - OK[0m[1;34m
[0miterations: 120
Total iterations: 1078560480 LUP
FLOP: 11
Total work: 11864165280 FLOP
performance: 1.998473 GLUP/s
Performance in GFLOP/s: 21.983208
size: 9000000
time: 0.539692
[1;34m[pthread wrapper] 
[0m[1;34m[pthread wrapper] MAIN -> 0
[0m[1;34m[pthread wrapper] PIN_MASK: [0m[1;34m0->1  [0m[1;34m1->2  [0m[1;34m2->3  [0m[1;34m3->4  [0m[1;34m4->5  [0m[1;34m5->6  [0m[1;34m6->7  [0m[1;34m
[pthread wrapper] SKIP MASK: 0x0
[0m[1;34m	threadid 47152336025344 -> core 1 - OK[0m[1;34m
[0m[1;34m	threadid 47152338126592 -> core 2 - OK[0m[1;34m
[0m[1;34m	threadid 47152340227840 -> core 3 - OK[0m[1;34m
[0m[1;34m	threadid 47152342329088 -> core 4 - OK[0m[1;34m
[0m[1;34m	threadid 47152344430336 -> core 5 - OK[0m[1;34m
[0m[1;34m	threadid 47152346531584 -> core 6 - OK[0m[1;34m
[0m[1;34m	threadid 47152348632832 -> core 7 - OK[0m[1;34m
[0miterations: 120
Total iterations: 1078560480 LUP
FLOP: 11
Total work: 11864165280 FLOP
performance: 1.998829 GLUP/s
Performance in GFLOP/s: 21.987123
size: 9000000
time: 0.539596
[1;34m[pthread wrapper] 
[0m[1;34m[pthread wrapper] MAIN -> 0
[0m[1;34m[pthread wrapper] PIN_MASK: [0m[1;34m0->1  [0m[1;34m1->2  [0m[1;34m2->3  [0m[1;34m3->4  [0m[1;34m4->5  [0m[1;34m5->6  [0m[1;34m6->7  [0m[1;34m
[pthread wrapper] SKIP MASK: 0x0
[0m[1;34m	threadid 47096007853824 -> core 1 - OK[0m[1;34m
[0m[1;34m	threadid 47096009955072 -> core 2 - OK[0m[1;34m
[0m[1;34m	threadid 47096012056320 -> core 3 - OK[0m[1;34m
[0m[1;34m	threadid 47096014157568 -> core 4 - OK[0m[1;34m
[0m[1;34m	threadid 47096016258816 -> core 5 - OK[0m[1;34m
[0m[1;34m	threadid 47096018360064 -> core 6 - OK[0m[1;34m
[0m[1;34m	threadid 47096020461312 -> core 7 - OK[0m[1;34m
[0miterations: 120
Total iterations: 1078560480 LUP
FLOP: 11
Total work: 11864165280 FLOP
performance: 1.998293 GLUP/s
Performance in GFLOP/s: 21.981218
size: 9000000
time: 0.539741
[1;34m[pthread wrapper] 
[0m[1;34m[pthread wrapper] MAIN -> 0
[0m[1;34m[pthread wrapper] PIN_MASK: [0m[1;34m0->1  [0m[1;34m1->2  [0m[1;34m2->3  [0m[1;34m3->4  [0m[1;34m4->5  [0m[1;34m5->6  [0m[1;34m6->7  [0m[1;34m
[pthread wrapper] SKIP MASK: 0x0
[0m[1;34m	threadid 47557606201088 -> core 1 - OK[0m[1;34m
[0m[1;34m	threadid 47557608302336 -> core 2 - OK[0m[1;34m
[0m[1;34m	threadid 47557610403584 -> core 3 - OK[0m[1;34m
[0m[1;34m	threadid 47557612504832 -> core 4 - OK[0m[1;34m
[0m[1;34m	threadid 47557614606080 -> core 5 - OK[0m[1;34m
[0m[1;34m	threadid 47557616707328 -> core 6 - OK[0m[1;34m
[0m[1;34m	threadid 47557618808576 -> core 7 - OK[0m[1;34m
[0miterations: 120
Total iterations: 1078560480 LUP
FLOP: 11
Total work: 11864165280 FLOP
performance: 1.997941 GLUP/s
Performance in GFLOP/s: 21.977354
size: 9000000
time: 0.539836
[1;34m[pthread wrapper] 
[0m[1;34m[pthread wrapper] MAIN -> 0
[0m[1;34m[pthread wrapper] PIN_MASK: [0m[1;34m0->1  [0m[1;34m1->2  [0m[1;34m2->3  [0m[1;34m3->4  [0m[1;34m4->5  [0m[1;34m5->6  [0m[1;34m6->7  [0m[1;34m
[pthread wrapper] SKIP MASK: 0x0
[0m[1;34m	threadid 47204667836160 -> core 1 - OK[0m[1;34m
[0m[1;34m	threadid 47204669937408 -> core 2 - OK[0m[1;34m
[0m[1;34m	threadid 47204672038656 -> core 3 - OK[0m[1;34m
[0m[1;34m	threadid 47204674139904 -> core 4 - OK[0m[1;34m
[0m[1;34m	threadid 47204676241152 -> core 5 - OK[0m[1;34m
[0m[1;34m	threadid 47204678342400 -> core 6 - OK[0m[1;34m
[0m[1;34m	threadid 47204680443648 -> core 7 - OK[0m[1;34m
[0miterations: 120
Total iterations: 1078560480 LUP
FLOP: 11
Total work: 11864165280 FLOP
performance: 1.998663 GLUP/s
Performance in GFLOP/s: 21.985297
size: 9000000
time: 0.539641
[1;34m[pthread wrapper] 
[0m[1;34m[pthread wrapper] MAIN -> 0
[0m[1;34m[pthread wrapper] PIN_MASK: [0m[1;34m0->1  [0m[1;34m1->2  [0m[1;34m2->3  [0m[1;34m3->4  [0m[1;34m4->5  [0m[1;34m5->6  [0m[1;34m6->7  [0m[1;34m
[pthread wrapper] SKIP MASK: 0x0
[0m[1;34m	threadid 47115848066816 -> core 1 - OK[0m[1;34m
[0m[1;34m	threadid 47115850168064 -> core 2 - OK[0m[1;34m
[0m[1;34m	threadid 47115852269312 -> core 3 - OK[0m[1;34m
[0m[1;34m	threadid 47115854370560 -> core 4 - OK[0m[1;34m
[0m[1;34m	threadid 47115856471808 -> core 5 - OK[0m[1;34m
[0m[1;34m	threadid 47115858573056 -> core 6 - OK[0m[1;34m
[0m[1;34m	threadid 47115860674304 -> core 7 - OK[0m[1;34m
[0miterations: 120
Total iterations: 1078560480 LUP
FLOP: 11
Total work: 11864165280 FLOP
performance: 1.998090 GLUP/s
Performance in GFLOP/s: 21.978985
size: 9000000
time: 0.539796
[1;34m[pthread wrapper] 
[0m[1;34m[pthread wrapper] MAIN -> 0
[0m[1;34m[pthread wrapper] PIN_MASK: [0m[1;34m0->1  [0m[1;34m1->2  [0m[1;34m2->3  [0m[1;34m3->4  [0m[1;34m4->5  [0m[1;34m5->6  [0m[1;34m6->7  [0m[1;34m
[pthread wrapper] SKIP MASK: 0x0
[0m[1;34m	threadid 47032232367872 -> core 1 - OK[0m[1;34m
[0m[1;34m	threadid 47032234469120 -> core 2 - OK[0m[1;34m
[0m[1;34m	threadid 47032236570368 -> core 3 - OK[0m[1;34m
[0m[1;34m	threadid 47032238671616 -> core 4 - OK[0m[1;34m
[0m[1;34m	threadid 47032240772864 -> core 5 - OK[0m[1;34m
[0m[1;34m	threadid 47032242874112 -> core 6 - OK[0m[1;34m
[0m[1;34m	threadid 47032244975360 -> core 7 - OK[0m[1;34m
[0miterations: 120
Total iterations: 1078560480 LUP
FLOP: 11
Total work: 11864165280 FLOP
performance: 1.998785 GLUP/s
Performance in GFLOP/s: 21.986637
size: 9000000
time: 0.539608
[1;34m[pthread wrapper] 
[0m[1;34m[pthread wrapper] MAIN -> 0
[0m[1;34m[pthread wrapper] PIN_MASK: [0m[1;34m0->1  [0m[1;34m1->2  [0m[1;34m2->3  [0m[1;34m3->4  [0m[1;34m4->5  [0m[1;34m5->6  [0m[1;34m6->7  [0m[1;34m
[pthread wrapper] SKIP MASK: 0x0
[0m[1;34m	threadid 46915797825280 -> core 1 - OK[0m[1;34m
[0m[1;34m	threadid 46915799926528 -> core 2 - OK[0m[1;34m
[0m[1;34m	threadid 46915802027776 -> core 3 - OK[0m[1;34m
[0m[1;34m	threadid 46915804129024 -> core 4 - OK[0m[1;34m
[0m[1;34m	threadid 46915806230272 -> core 5 - OK[0m[1;34m
[0m[1;34m	threadid 46915808331520 -> core 6 - OK[0m[1;34m
[0m[1;34m	threadid 46915810432768 -> core 7 - OK[0m[1;34m
[0miterations: 120
Total iterations: 1078560480 LUP
FLOP: 11
Total work: 11864165280 FLOP
performance: 1.997005 GLUP/s
Performance in GFLOP/s: 21.967060
size: 9000000
time: 0.540089
[1;34m[pthread wrapper] 
[0m[1;34m[pthread wrapper] MAIN -> 0
[0m[1;34m[pthread wrapper] PIN_MASK: [0m[1;34m0->1  [0m[1;34m1->2  [0m[1;34m2->3  [0m[1;34m3->4  [0m[1;34m4->5  [0m[1;34m5->6  [0m[1;34m6->7  [0m[1;34m
[pthread wrapper] SKIP MASK: 0x0
[0m[1;34m	threadid 47941299042048 -> core 1 - OK[0m[1;34m
[0m[1;34m	threadid 47941301143296 -> core 2 - OK[0m[1;34m
[0m[1;34m	threadid 47941303244544 -> core 3 - OK[0m[1;34m
[0m[1;34m	threadid 47941305345792 -> core 4 - OK[0m[1;34m
[0m[1;34m	threadid 47941307447040 -> core 5 - OK[0m[1;34m
[0m[1;34m	threadid 47941309548288 -> core 6 - OK[0m[1;34m
[0m[1;34m	threadid 47941311649536 -> core 7 - OK[0m[1;34m
[0miterations: 120
Total iterations: 1078560480 LUP
FLOP: 11
Total work: 11864165280 FLOP
performance: 1.998000 GLUP/s
Performance in GFLOP/s: 21.978004
size: 9000000
time: 0.539820
[1;34m[pthread wrapper] 
[0m[1;34m[pthread wrapper] MAIN -> 0
[0m[1;34m[pthread wrapper] PIN_MASK: [0m[1;34m0->1  [0m[1;34m1->2  [0m[1;34m2->3  [0m[1;34m3->4  [0m[1;34m4->5  [0m[1;34m5->6  [0m[1;34m6->7  [0m[1;34m
[pthread wrapper] SKIP MASK: 0x0
[0m[1;34m	threadid 47304532829952 -> core 1 - OK[0m[1;34m
[0m[1;34m	threadid 47304534931200 -> core 2 - OK[0m[1;34m
[0m[1;34m	threadid 47304537032448 -> core 3 - OK[0m[1;34m
[0m[1;34m	threadid 47304539133696 -> core 4 - OK[0m[1;34m
[0m[1;34m	threadid 47304541234944 -> core 5 - OK[0m[1;34m
[0m[1;34m	threadid 47304543336192 -> core 6 - OK[0m[1;34m
[0m[1;34m	threadid 47304545437440 -> core 7 - OK[0m[1;34m
[0miterations: 120
Total iterations: 1078560480 LUP
FLOP: 11
Total work: 11864165280 FLOP
performance: 1.998474 GLUP/s
Performance in GFLOP/s: 21.983218
size: 9000000
time: 0.539692
