[1;34m[pthread wrapper] 
[0m[1;34m[pthread wrapper] MAIN -> 0
[0m[1;34m[pthread wrapper] PIN_MASK: [0m[1;34m0->1  [0m[1;34m
[pthread wrapper] SKIP MASK: 0x0
[0m[1;34m	threadid 47489220601600 -> core 1 - OK[0m[1;34m
[0miterations: 100
Total iterations: 898800400 LUP
FLOP: 11
Total work: 9886804400 FLOP
performance: 0.514239 GLUP/s
Performance in GFLOP/s: 5.656632
size: 9000000
time: 1.747825
[1;34m[pthread wrapper] 
[0m[1;34m[pthread wrapper] MAIN -> 0
[0m[1;34m[pthread wrapper] PIN_MASK: [0m[1;34m0->1  [0m[1;34m
[pthread wrapper] SKIP MASK: 0x0
[0m[1;34m	threadid 47770762352384 -> core 1 - OK[0m[1;34m
[0miterations: 100
Total iterations: 898800400 LUP
FLOP: 11
Total work: 9886804400 FLOP
performance: 0.514204 GLUP/s
Performance in GFLOP/s: 5.656248
size: 9000000
time: 1.747944
[1;34m[pthread wrapper] 
[0m[1;34m[pthread wrapper] MAIN -> 0
[0m[1;34m[pthread wrapper] PIN_MASK: [0m[1;34m0->1  [0m[1;34m
[pthread wrapper] SKIP MASK: 0x0
[0m[1;34m	threadid 47474810128128 -> core 1 - OK[0m[1;34m
[0miterations: 100
Total iterations: 898800400 LUP
FLOP: 11
Total work: 9886804400 FLOP
performance: 0.513764 GLUP/s
Performance in GFLOP/s: 5.651404
size: 9000000
time: 1.749442
[1;34m[pthread wrapper] 
[0m[1;34m[pthread wrapper] MAIN -> 0
[0m[1;34m[pthread wrapper] PIN_MASK: [0m[1;34m0->1  [0m[1;34m
[pthread wrapper] SKIP MASK: 0x0
[0m[1;34m	threadid 47345875351296 -> core 1 - OK[0m[1;34m
[0miterations: 100
Total iterations: 898800400 LUP
FLOP: 11
Total work: 9886804400 FLOP
performance: 0.514286 GLUP/s
Performance in GFLOP/s: 5.657144
size: 9000000
time: 1.747667
[1;34m[pthread wrapper] 
[0m[1;34m[pthread wrapper] MAIN -> 0
[0m[1;34m[pthread wrapper] PIN_MASK: [0m[1;34m0->1  [0m[1;34m
[pthread wrapper] SKIP MASK: 0x0
[0m[1;34m	threadid 47616820877056 -> core 1 - OK[0m[1;34m
[0miterations: 100
Total iterations: 898800400 LUP
FLOP: 11
Total work: 9886804400 FLOP
performance: 0.513925 GLUP/s
Performance in GFLOP/s: 5.653172
size: 9000000
time: 1.748895
