[1;34m[pthread wrapper] 
[0m[1;34m[pthread wrapper] MAIN -> 0
[0m[1;34m[pthread wrapper] PIN_MASK: [0m[1;34m0->1  [0m[1;34m1->2  [0m[1;34m2->3  [0m[1;34m
[pthread wrapper] SKIP MASK: 0x0
[0m[1;34m	threadid 47604940211968 -> core 1 - OK[0m[1;34m
[0m[1;34m	threadid 47604942313216 -> core 2 - OK[0m[1;34m
[0m[1;34m	threadid 47604944414464 -> core 3 - OK[0m[1;34m
[0miterations: 120
Total iterations: 1078560480 LUP
FLOP: 11
Total work: 11864165280 FLOP
performance: 1.022009 GLUP/s
Performance in GFLOP/s: 11.242104
size: 9000000
time: 1.055333
[1;34m[pthread wrapper] 
[0m[1;34m[pthread wrapper] MAIN -> 0
[0m[1;34m[pthread wrapper] PIN_MASK: [0m[1;34m0->1  [0m[1;34m1->2  [0m[1;34m2->3  [0m[1;34m
[pthread wrapper] SKIP MASK: 0x0
[0m[1;34m	threadid 47684623800064 -> core 1 - OK[0m[1;34m
[0m[1;34m	threadid 47684625901312 -> core 2 - OK[0m[1;34m
[0m[1;34m	threadid 47684628002560 -> core 3 - OK[0m[1;34m
[0miterations: 120
Total iterations: 1078560480 LUP
FLOP: 11
Total work: 11864165280 FLOP
performance: 1.021836 GLUP/s
Performance in GFLOP/s: 11.240200
size: 9000000
time: 1.055512
[1;34m[pthread wrapper] 
[0m[1;34m[pthread wrapper] MAIN -> 0
[0m[1;34m[pthread wrapper] PIN_MASK: [0m[1;34m0->1  [0m[1;34m1->2  [0m[1;34m2->3  [0m[1;34m
[pthread wrapper] SKIP MASK: 0x0
[0m[1;34m	threadid 47962617861888 -> core 1 - OK[0m[1;34m
[0m[1;34m	threadid 47962619963136 -> core 2 - OK[0m[1;34m
[0m[1;34m	threadid 47962622064384 -> core 3 - OK[0m[1;34m
[0miterations: 120
Total iterations: 1078560480 LUP
FLOP: 11
Total work: 11864165280 FLOP
performance: 1.022178 GLUP/s
Performance in GFLOP/s: 11.243959
size: 9000000
time: 1.055159
[1;34m[pthread wrapper] 
[0m[1;34m[pthread wrapper] MAIN -> 0
[0m[1;34m[pthread wrapper] PIN_MASK: [0m[1;34m0->1  [0m[1;34m1->2  [0m[1;34m2->3  [0m[1;34m
[pthread wrapper] SKIP MASK: 0x0
[0m[1;34m	threadid 47428357641984 -> core 1 - OK[0m[1;34m
[0m[1;34m	threadid 47428359743232 -> core 2 - OK[0m[1;34m
[0m[1;34m	threadid 47428361844480 -> core 3 - OK[0m[1;34m
[0miterations: 120
Total iterations: 1078560480 LUP
FLOP: 11
Total work: 11864165280 FLOP
performance: 1.022162 GLUP/s
Performance in GFLOP/s: 11.243778
size: 9000000
time: 1.055176
[1;34m[pthread wrapper] 
[0m[1;34m[pthread wrapper] MAIN -> 0
[0m[1;34m[pthread wrapper] PIN_MASK: [0m[1;34m0->1  [0m[1;34m1->2  [0m[1;34m2->3  [0m[1;34m
[pthread wrapper] SKIP MASK: 0x0
[0m[1;34m	threadid 47365463107328 -> core 1 - OK[0m[1;34m
[0m[1;34m	threadid 47365465208576 -> core 2 - OK[0m[1;34m
[0m[1;34m	threadid 47365467309824 -> core 3 - OK[0m[1;34m
[0miterations: 120
Total iterations: 1078560480 LUP
FLOP: 11
Total work: 11864165280 FLOP
performance: 1.021959 GLUP/s
Performance in GFLOP/s: 11.241553
size: 9000000
time: 1.055385
[1;34m[pthread wrapper] 
[0m[1;34m[pthread wrapper] MAIN -> 0
[0m[1;34m[pthread wrapper] PIN_MASK: [0m[1;34m0->1  [0m[1;34m1->2  [0m[1;34m2->3  [0m[1;34m
[pthread wrapper] SKIP MASK: 0x0
[0m[1;34m	threadid 47032772249344 -> core 1 - OK[0m[1;34m
[0m[1;34m	threadid 47032774350592 -> core 2 - OK[0m[1;34m
[0m[1;34m	threadid 47032776451840 -> core 3 - OK[0m[1;34m
[0miterations: 120
Total iterations: 1078560480 LUP
FLOP: 11
Total work: 11864165280 FLOP
performance: 1.021859 GLUP/s
Performance in GFLOP/s: 11.240454
size: 9000000
time: 1.055488
[1;34m[pthread wrapper] 
[0m[1;34m[pthread wrapper] MAIN -> 0
[0m[1;34m[pthread wrapper] PIN_MASK: [0m[1;34m0->1  [0m[1;34m1->2  [0m[1;34m2->3  [0m[1;34m
[pthread wrapper] SKIP MASK: 0x0
[0m[1;34m	threadid 47957885503232 -> core 1 - OK[0m[1;34m
[0m[1;34m	threadid 47957887604480 -> core 2 - OK[0m[1;34m
[0m[1;34m	threadid 47957889705728 -> core 3 - OK[0m[1;34m
[0miterations: 120
Total iterations: 1078560480 LUP
FLOP: 11
Total work: 11864165280 FLOP
performance: 1.020486 GLUP/s
Performance in GFLOP/s: 11.225341
size: 9000000
time: 1.056909
[1;34m[pthread wrapper] 
[0m[1;34m[pthread wrapper] MAIN -> 0
[0m[1;34m[pthread wrapper] PIN_MASK: [0m[1;34m0->1  [0m[1;34m1->2  [0m[1;34m2->3  [0m[1;34m
[pthread wrapper] SKIP MASK: 0x0
[0m[1;34m	threadid 46924167190272 -> core 1 - OK[0m[1;34m
[0m[1;34m	threadid 46924169291520 -> core 2 - OK[0m[1;34m
[0m[1;34m	threadid 46924171392768 -> core 3 - OK[0m[1;34m
[0miterations: 120
Total iterations: 1078560480 LUP
FLOP: 11
Total work: 11864165280 FLOP
performance: 1.021118 GLUP/s
Performance in GFLOP/s: 11.232294
size: 9000000
time: 1.056255
[1;34m[pthread wrapper] 
[0m[1;34m[pthread wrapper] MAIN -> 0
[0m[1;34m[pthread wrapper] PIN_MASK: [0m[1;34m0->1  [0m[1;34m1->2  [0m[1;34m2->3  [0m[1;34m
[pthread wrapper] SKIP MASK: 0x0
[0m[1;34m	threadid 46972574693120 -> core 1 - OK[0m[1;34m
[0m[1;34m	threadid 46972576794368 -> core 2 - OK[0m[1;34m
[0m[1;34m	threadid 46972578895616 -> core 3 - OK[0m[1;34m
[0miterations: 120
Total iterations: 1078560480 LUP
FLOP: 11
Total work: 11864165280 FLOP
performance: 1.021762 GLUP/s
Performance in GFLOP/s: 11.239377
size: 9000000
time: 1.055589
[1;34m[pthread wrapper] 
[0m[1;34m[pthread wrapper] MAIN -> 0
[0m[1;34m[pthread wrapper] PIN_MASK: [0m[1;34m0->1  [0m[1;34m1->2  [0m[1;34m2->3  [0m[1;34m
[pthread wrapper] SKIP MASK: 0x0
[0m[1;34m	threadid 46922754086656 -> core 1 - OK[0m[1;34m
[0m[1;34m	threadid 46922756187904 -> core 2 - OK[0m[1;34m
[0m[1;34m	threadid 46922758289152 -> core 3 - OK[0m[1;34m
[0miterations: 120
Total iterations: 1078560480 LUP
FLOP: 11
Total work: 11864165280 FLOP
performance: 1.021546 GLUP/s
Performance in GFLOP/s: 11.237004
size: 9000000
time: 1.055812
