[1;34m[pthread wrapper] 
[0m[1;34m[pthread wrapper] MAIN -> 0
[0m[1;34m[pthread wrapper] PIN_MASK: [0m[1;34m0->1  [0m[1;34m1->2  [0m[1;34m2->3  [0m[1;34m3->4  [0m[1;34m4->5  [0m[1;34m5->6  [0m[1;34m6->7  [0m[1;34m7->8  [0m[1;34m8->9  [0m[1;34m9->10  [0m[1;34m10->11  [0m[1;34m11->12  [0m[1;34m12->13  [0m[1;34m13->14  [0m[1;34m14->15  [0m[1;34m
[pthread wrapper] SKIP MASK: 0x0
[0m[1;34m	threadid 47494196193024 -> core 1 - OK[0m[1;34m
[0m[1;34m	threadid 47494198294272 -> core 2 - OK[0m[1;34m
[0m[1;34m	threadid 47494200395520 -> core 3 - OK[0m[1;34m
[0m[1;34m	threadid 47494202496768 -> core 4 - OK[0m[1;34m
[0m[1;34m	threadid 47494204598016 -> core 5 - OK[0m[1;34m
[0m[1;34m	threadid 47494206699264 -> core 6 - OK[0m[1;34m
[0m[1;34m	threadid 47494208800512 -> core 7 - OK[0m[1;34m
[0m[1;34m	threadid 47494210901760 -> core 8 - OK[0m[1;34m
[0m[1;34m	threadid 47494213003008 -> core 9 - OK[0m[1;34m
[0m[1;34m	threadid 47494215104256 -> core 10 - OK[0m[1;34m
[0m[1;34m	threadid 47494217205504 -> core 11 - OK[0m[1;34m
[0m[1;34m	threadid 47494219306752 -> core 12 - OK[0m[1;34m
[0m[1;34m	threadid 47494221408000 -> core 13 - OK[0m[1;34m
[0m[1;34m	threadid 47494223509248 -> core 14 - OK[0m[1;34m
[0m[1;34m	threadid 47494225610496 -> core 15 - OK[0m[1;34m
[0miterations: 120
Total iterations: 1078560480 LUP
FLOP: 11
Total work: 11864165280 FLOP
performance: 3.709160 GLUP/s
Performance in GFLOP/s: 40.800763
size: 9000000
time: 0.290783
[1;34m[pthread wrapper] 
[0m[1;34m[pthread wrapper] MAIN -> 0
[0m[1;34m[pthread wrapper] PIN_MASK: [0m[1;34m0->1  [0m[1;34m1->2  [0m[1;34m2->3  [0m[1;34m3->4  [0m[1;34m4->5  [0m[1;34m5->6  [0m[1;34m6->7  [0m[1;34m7->8  [0m[1;34m8->9  [0m[1;34m9->10  [0m[1;34m10->11  [0m[1;34m11->12  [0m[1;34m12->13  [0m[1;34m13->14  [0m[1;34m14->15  [0m[1;34m
[pthread wrapper] SKIP MASK: 0x0
[0m[1;34m	threadid 47748121753344 -> core 1 - OK[0m[1;34m
[0m[1;34m	threadid 47748123854592 -> core 2 - OK[0m[1;34m
[0m[1;34m	threadid 47748125955840 -> core 3 - OK[0m[1;34m
[0m[1;34m	threadid 47748128057088 -> core 4 - OK[0m[1;34m
[0m[1;34m	threadid 47748130158336 -> core 5 - OK[0m[1;34m
[0m[1;34m	threadid 47748132259584 -> core 6 - OK[0m[1;34m
[0m[1;34m	threadid 47748134360832 -> core 7 - OK[0m[1;34m
[0m[1;34m	threadid 47748136462080 -> core 8 - OK[0m[1;34m
[0m[1;34m	threadid 47748138563328 -> core 9 - OK[0m[1;34m
[0m[1;34m	threadid 47748140664576 -> core 10 - OK[0m[1;34m
[0m[1;34m	threadid 47748142765824 -> core 11 - OK[0m[1;34m
[0m[1;34m	threadid 47748144867072 -> core 12 - OK[0m[1;34m
[0m[1;34m	threadid 47748146968320 -> core 13 - OK[0m[1;34m
[0m[1;34m	threadid 47748149069568 -> core 14 - OK[0m[1;34m
[0m[1;34m	threadid 47748151170816 -> core 15 - OK[0m[1;34m
[0miterations: 120
Total iterations: 1078560480 LUP
FLOP: 11
Total work: 11864165280 FLOP
performance: 3.684968 GLUP/s
Performance in GFLOP/s: 40.534649
size: 9000000
time: 0.292692
[1;34m[pthread wrapper] 
[0m[1;34m[pthread wrapper] MAIN -> 0
[0m[1;34m[pthread wrapper] PIN_MASK: [0m[1;34m0->1  [0m[1;34m1->2  [0m[1;34m2->3  [0m[1;34m3->4  [0m[1;34m4->5  [0m[1;34m5->6  [0m[1;34m6->7  [0m[1;34m7->8  [0m[1;34m8->9  [0m[1;34m9->10  [0m[1;34m10->11  [0m[1;34m11->12  [0m[1;34m12->13  [0m[1;34m13->14  [0m[1;34m14->15  [0m[1;34m
[pthread wrapper] SKIP MASK: 0x0
[0m[1;34m	threadid 47299406493440 -> core 1 - OK[0m[1;34m
[0m[1;34m	threadid 47299408594688 -> core 2 - OK[0m[1;34m
[0m[1;34m	threadid 47299410695936 -> core 3 - OK[0m[1;34m
[0m[1;34m	threadid 47299412797184 -> core 4 - OK[0m[1;34m
[0m[1;34m	threadid 47299414898432 -> core 5 - OK[0m[1;34m
[0m[1;34m	threadid 47299416999680 -> core 6 - OK[0m[1;34m
[0m[1;34m	threadid 47299419100928 -> core 7 - OK[0m[1;34m
[0m[1;34m	threadid 47299421202176 -> core 8 - OK[0m[1;34m
[0m[1;34m	threadid 47299423303424 -> core 9 - OK[0m[1;34m
[0m[1;34m	threadid 47299425404672 -> core 10 - OK[0m[1;34m
[0m[1;34m	threadid 47299427505920 -> core 11 - OK[0m[1;34m
[0m[1;34m	threadid 47299429607168 -> core 12 - OK[0m[1;34m
[0m[1;34m	threadid 47299431708416 -> core 13 - OK[0m[1;34m
[0m[1;34m	threadid 47299433809664 -> core 14 - OK[0m[1;34m
[0m[1;34m	threadid 47299435910912 -> core 15 - OK[0m[1;34m
[0miterations: 120
Total iterations: 1078560480 LUP
FLOP: 11
Total work: 11864165280 FLOP
performance: 3.688637 GLUP/s
Performance in GFLOP/s: 40.575005
size: 9000000
time: 0.292401
[1;34m[pthread wrapper] 
[0m[1;34m[pthread wrapper] MAIN -> 0
[0m[1;34m[pthread wrapper] PIN_MASK: [0m[1;34m0->1  [0m[1;34m1->2  [0m[1;34m2->3  [0m[1;34m3->4  [0m[1;34m4->5  [0m[1;34m5->6  [0m[1;34m6->7  [0m[1;34m7->8  [0m[1;34m8->9  [0m[1;34m9->10  [0m[1;34m10->11  [0m[1;34m11->12  [0m[1;34m12->13  [0m[1;34m13->14  [0m[1;34m14->15  [0m[1;34m
[pthread wrapper] SKIP MASK: 0x0
[0m[1;34m	threadid 47297933428480 -> core 1 - OK[0m[1;34m
[0m[1;34m	threadid 47297935529728 -> core 2 - OK[0m[1;34m
[0m[1;34m	threadid 47297937630976 -> core 3 - OK[0m[1;34m
[0m[1;34m	threadid 47297939732224 -> core 4 - OK[0m[1;34m
[0m[1;34m	threadid 47297941833472 -> core 5 - OK[0m[1;34m
[0m[1;34m	threadid 47297943934720 -> core 6 - OK[0m[1;34m
[0m[1;34m	threadid 47297946035968 -> core 7 - OK[0m[1;34m
[0m[1;34m	threadid 47297948137216 -> core 8 - OK[0m[1;34m
[0m[1;34m	threadid 47297950238464 -> core 9 - OK[0m[1;34m
[0m[1;34m	threadid 47297952339712 -> core 10 - OK[0m[1;34m
[0m[1;34m	threadid 47297954440960 -> core 11 - OK[0m[1;34m
[0m[1;34m	threadid 47297956542208 -> core 12 - OK[0m[1;34m
[0m[1;34m	threadid 47297958643456 -> core 13 - OK[0m[1;34m
[0m[1;34m	threadid 47297960744704 -> core 14 - OK[0m[1;34m
[0m[1;34m	threadid 47297962845952 -> core 15 - OK[0m[1;34m
[0miterations: 120
Total iterations: 1078560480 LUP
FLOP: 11
Total work: 11864165280 FLOP
performance: 3.700976 GLUP/s
Performance in GFLOP/s: 40.710738
size: 9000000
time: 0.291426
[1;34m[pthread wrapper] 
[0m[1;34m[pthread wrapper] MAIN -> 0
[0m[1;34m[pthread wrapper] PIN_MASK: [0m[1;34m0->1  [0m[1;34m1->2  [0m[1;34m2->3  [0m[1;34m3->4  [0m[1;34m4->5  [0m[1;34m5->6  [0m[1;34m6->7  [0m[1;34m7->8  [0m[1;34m8->9  [0m[1;34m9->10  [0m[1;34m10->11  [0m[1;34m11->12  [0m[1;34m12->13  [0m[1;34m13->14  [0m[1;34m14->15  [0m[1;34m
[pthread wrapper] SKIP MASK: 0x0
[0m[1;34m	threadid 47181321508608 -> core 1 - OK[0m[1;34m
[0m[1;34m	threadid 47181323609856 -> core 2 - OK[0m[1;34m
[0m[1;34m	threadid 47181325711104 -> core 3 - OK[0m[1;34m
[0m[1;34m	threadid 47181327812352 -> core 4 - OK[0m[1;34m
[0m[1;34m	threadid 47181329913600 -> core 5 - OK[0m[1;34m
[0m[1;34m	threadid 47181332014848 -> core 6 - OK[0m[1;34m
[0m[1;34m	threadid 47181334116096 -> core 7 - OK[0m[1;34m
[0m[1;34m	threadid 47181336217344 -> core 8 - OK[0m[1;34m
[0m[1;34m	threadid 47181338318592 -> core 9 - OK[0m[1;34m
[0m[1;34m	threadid 47181340419840 -> core 10 - OK[0m[1;34m
[0m[1;34m	threadid 47181342521088 -> core 11 - OK[0m[1;34m
[0m[1;34m	threadid 47181344622336 -> core 12 - OK[0m[1;34m
[0m[1;34m	threadid 47181346723584 -> core 13 - OK[0m[1;34m
[0m[1;34m	threadid 47181348824832 -> core 14 - OK[0m[1;34m
[0m[1;34m	threadid 47181350926080 -> core 15 - OK[0m[1;34m
[0miterations: 120
Total iterations: 1078560480 LUP
FLOP: 11
Total work: 11864165280 FLOP
performance: 3.715793 GLUP/s
Performance in GFLOP/s: 40.873721
size: 9000000
time: 0.290264
[1;34m[pthread wrapper] 
[0m[1;34m[pthread wrapper] MAIN -> 0
[0m[1;34m[pthread wrapper] PIN_MASK: [0m[1;34m0->1  [0m[1;34m1->2  [0m[1;34m2->3  [0m[1;34m3->4  [0m[1;34m4->5  [0m[1;34m5->6  [0m[1;34m6->7  [0m[1;34m7->8  [0m[1;34m8->9  [0m[1;34m9->10  [0m[1;34m10->11  [0m[1;34m11->12  [0m[1;34m12->13  [0m[1;34m13->14  [0m[1;34m14->15  [0m[1;34m
[pthread wrapper] SKIP MASK: 0x0
[0m[1;34m	threadid 47304288024320 -> core 1 - OK[0m[1;34m
[0m[1;34m	threadid 47304290125568 -> core 2 - OK[0m[1;34m
[0m[1;34m	threadid 47304292226816 -> core 3 - OK[0m[1;34m
[0m[1;34m	threadid 47304294328064 -> core 4 - OK[0m[1;34m
[0m[1;34m	threadid 47304296429312 -> core 5 - OK[0m[1;34m
[0m[1;34m	threadid 47304298530560 -> core 6 - OK[0m[1;34m
[0m[1;34m	threadid 47304300631808 -> core 7 - OK[0m[1;34m
[0m[1;34m	threadid 47304302733056 -> core 8 - OK[0m[1;34m
[0m[1;34m	threadid 47304304834304 -> core 9 - OK[0m[1;34m
[0m[1;34m	threadid 47304306935552 -> core 10 - OK[0m[1;34m
[0m[1;34m	threadid 47304309036800 -> core 11 - OK[0m[1;34m
[0m[1;34m	threadid 47304311138048 -> core 12 - OK[0m[1;34m
[0m[1;34m	threadid 47304313239296 -> core 13 - OK[0m[1;34m
[0m[1;34m	threadid 47304315340544 -> core 14 - OK[0m[1;34m
[0m[1;34m	threadid 47304317441792 -> core 15 - OK[0m[1;34m
[0miterations: 120
Total iterations: 1078560480 LUP
FLOP: 11
Total work: 11864165280 FLOP
performance: 3.709720 GLUP/s
Performance in GFLOP/s: 40.806919
size: 9000000
time: 0.290739
[1;34m[pthread wrapper] 
[0m[1;34m[pthread wrapper] MAIN -> 0
[0m[1;34m[pthread wrapper] PIN_MASK: [0m[1;34m0->1  [0m[1;34m1->2  [0m[1;34m2->3  [0m[1;34m3->4  [0m[1;34m4->5  [0m[1;34m5->6  [0m[1;34m6->7  [0m[1;34m7->8  [0m[1;34m8->9  [0m[1;34m9->10  [0m[1;34m10->11  [0m[1;34m11->12  [0m[1;34m12->13  [0m[1;34m13->14  [0m[1;34m14->15  [0m[1;34m
[pthread wrapper] SKIP MASK: 0x0
[0m[1;34m	threadid 46988890953472 -> core 1 - OK[0m[1;34m
[0m[1;34m	threadid 46988893054720 -> core 2 - OK[0m[1;34m
[0m[1;34m	threadid 46988895155968 -> core 3 - OK[0m[1;34m
[0m[1;34m	threadid 46988897257216 -> core 4 - OK[0m[1;34m
[0m[1;34m	threadid 46988899358464 -> core 5 - OK[0m[1;34m
[0m[1;34m	threadid 46988901459712 -> core 6 - OK[0m[1;34m
[0m[1;34m	threadid 46988903560960 -> core 7 - OK[0m[1;34m
[0m[1;34m	threadid 46988905662208 -> core 8 - OK[0m[1;34m
[0m[1;34m	threadid 46988907763456 -> core 9 - OK[0m[1;34m
[0m[1;34m	threadid 46988909864704 -> core 10 - OK[0m[1;34m
[0m[1;34m	threadid 46988911965952 -> core 11 - OK[0m[1;34m
[0m[1;34m	threadid 46988914067200 -> core 12 - OK[0m[1;34m
[0m[1;34m	threadid 46988916168448 -> core 13 - OK[0m[1;34m
[0m[1;34m	threadid 46988918269696 -> core 14 - OK[0m[1;34m
[0m[1;34m	threadid 46988920370944 -> core 15 - OK[0m[1;34m
[0miterations: 120
Total iterations: 1078560480 LUP
FLOP: 11
Total work: 11864165280 FLOP
performance: 3.693118 GLUP/s
Performance in GFLOP/s: 40.624294
size: 9000000
time: 0.292046
[1;34m[pthread wrapper] 
[0m[1;34m[pthread wrapper] MAIN -> 0
[0m[1;34m[pthread wrapper] PIN_MASK: [0m[1;34m0->1  [0m[1;34m1->2  [0m[1;34m2->3  [0m[1;34m3->4  [0m[1;34m4->5  [0m[1;34m5->6  [0m[1;34m6->7  [0m[1;34m7->8  [0m[1;34m8->9  [0m[1;34m9->10  [0m[1;34m10->11  [0m[1;34m11->12  [0m[1;34m12->13  [0m[1;34m13->14  [0m[1;34m14->15  [0m[1;34m
[pthread wrapper] SKIP MASK: 0x0
[0m[1;34m	threadid 46930083354368 -> core 1 - OK[0m[1;34m
[0m[1;34m	threadid 46930085455616 -> core 2 - OK[0m[1;34m
[0m[1;34m	threadid 46930087556864 -> core 3 - OK[0m[1;34m
[0m[1;34m	threadid 46930089658112 -> core 4 - OK[0m[1;34m
[0m[1;34m	threadid 46930091759360 -> core 5 - OK[0m[1;34m
[0m[1;34m	threadid 46930093860608 -> core 6 - OK[0m[1;34m
[0m[1;34m	threadid 46930095961856 -> core 7 - OK[0m[1;34m
[0m[1;34m	threadid 46930098063104 -> core 8 - OK[0m[1;34m
[0m[1;34m	threadid 46930100164352 -> core 9 - OK[0m[1;34m
[0m[1;34m	threadid 46930102265600 -> core 10 - OK[0m[1;34m
[0m[1;34m	threadid 46930104366848 -> core 11 - OK[0m[1;34m
[0m[1;34m	threadid 46930106468096 -> core 12 - OK[0m[1;34m
[0m[1;34m	threadid 46930108569344 -> core 13 - OK[0m[1;34m
[0m[1;34m	threadid 46930110670592 -> core 14 - OK[0m[1;34m
[0m[1;34m	threadid 46930112771840 -> core 15 - OK[0m[1;34m
[0miterations: 120
Total iterations: 1078560480 LUP
FLOP: 11
Total work: 11864165280 FLOP
performance: 3.687449 GLUP/s
Performance in GFLOP/s: 40.561940
size: 9000000
time: 0.292495
[1;34m[pthread wrapper] 
[0m[1;34m[pthread wrapper] MAIN -> 0
[0m[1;34m[pthread wrapper] PIN_MASK: [0m[1;34m0->1  [0m[1;34m1->2  [0m[1;34m2->3  [0m[1;34m3->4  [0m[1;34m4->5  [0m[1;34m5->6  [0m[1;34m6->7  [0m[1;34m7->8  [0m[1;34m8->9  [0m[1;34m9->10  [0m[1;34m10->11  [0m[1;34m11->12  [0m[1;34m12->13  [0m[1;34m13->14  [0m[1;34m14->15  [0m[1;34m
[pthread wrapper] SKIP MASK: 0x0
[0m[1;34m	threadid 47752014952192 -> core 1 - OK[0m[1;34m
[0m[1;34m	threadid 47752017053440 -> core 2 - OK[0m[1;34m
[0m[1;34m	threadid 47752019154688 -> core 3 - OK[0m[1;34m
[0m[1;34m	threadid 47752021255936 -> core 4 - OK[0m[1;34m
[0m[1;34m	threadid 47752023357184 -> core 5 - OK[0m[1;34m
[0m[1;34m	threadid 47752025458432 -> core 6 - OK[0m[1;34m
[0m[1;34m	threadid 47752027559680 -> core 7 - OK[0m[1;34m
[0m[1;34m	threadid 47752029660928 -> core 8 - OK[0m[1;34m
[0m[1;34m	threadid 47752031762176 -> core 9 - OK[0m[1;34m
[0m[1;34m	threadid 47752033863424 -> core 10 - OK[0m[1;34m
[0m[1;34m	threadid 47752035964672 -> core 11 - OK[0m[1;34m
[0m[1;34m	threadid 47752038065920 -> core 12 - OK[0m[1;34m
[0m[1;34m	threadid 47752040167168 -> core 13 - OK[0m[1;34m
[0m[1;34m	threadid 47752042268416 -> core 14 - OK[0m[1;34m
[0m[1;34m	threadid 47752044369664 -> core 15 - OK[0m[1;34m
[0miterations: 120
Total iterations: 1078560480 LUP
FLOP: 11
Total work: 11864165280 FLOP
performance: 3.684803 GLUP/s
Performance in GFLOP/s: 40.532833
size: 9000000
time: 0.292705
[1;34m[pthread wrapper] 
[0m[1;34m[pthread wrapper] MAIN -> 0
[0m[1;34m[pthread wrapper] PIN_MASK: [0m[1;34m0->1  [0m[1;34m1->2  [0m[1;34m2->3  [0m[1;34m3->4  [0m[1;34m4->5  [0m[1;34m5->6  [0m[1;34m6->7  [0m[1;34m7->8  [0m[1;34m8->9  [0m[1;34m9->10  [0m[1;34m10->11  [0m[1;34m11->12  [0m[1;34m12->13  [0m[1;34m13->14  [0m[1;34m14->15  [0m[1;34m
[pthread wrapper] SKIP MASK: 0x0
[0m[1;34m	threadid 47317787346688 -> core 1 - OK[0m[1;34m
[0m[1;34m	threadid 47317789447936 -> core 2 - OK[0m[1;34m
[0m[1;34m	threadid 47317791549184 -> core 3 - OK[0m[1;34m
[0m[1;34m	threadid 47317793650432 -> core 4 - OK[0m[1;34m
[0m[1;34m	threadid 47317795751680 -> core 5 - OK[0m[1;34m
[0m[1;34m	threadid 47317797852928 -> core 6 - OK[0m[1;34m
[0m[1;34m	threadid 47317799954176 -> core 7 - OK[0m[1;34m
[0m[1;34m	threadid 47317802055424 -> core 8 - OK[0m[1;34m
[0m[1;34m	threadid 47317804156672 -> core 9 - OK[0m[1;34m
[0m[1;34m	threadid 47317806257920 -> core 10 - OK[0m[1;34m
[0m[1;34m	threadid 47317808359168 -> core 11 - OK[0m[1;34m
[0m[1;34m	threadid 47317810460416 -> core 12 - OK[0m[1;34m
[0m[1;34m	threadid 47317812561664 -> core 13 - OK[0m[1;34m
[0m[1;34m	threadid 47317814662912 -> core 14 - OK[0m[1;34m
[0m[1;34m	threadid 47317816764160 -> core 15 - OK[0m[1;34m
[0miterations: 120
Total iterations: 1078560480 LUP
FLOP: 11
Total work: 11864165280 FLOP
performance: 3.670583 GLUP/s
Performance in GFLOP/s: 40.376418
size: 9000000
time: 0.293839
