[1;34m[pthread wrapper] 
[0m[1;34m[pthread wrapper] MAIN -> 0
[0m[1;34m[pthread wrapper] PIN_MASK: [0m[1;34m0->1  [0m[1;34m1->2  [0m[1;34m2->3  [0m[1;34m3->4  [0m[1;34m4->5  [0m[1;34m5->6  [0m[1;34m6->7  [0m[1;34m7->8  [0m[1;34m8->9  [0m[1;34m9->10  [0m[1;34m10->11  [0m[1;34m11->12  [0m[1;34m12->13  [0m[1;34m13->14  [0m[1;34m14->15  [0m[1;34m15->16  [0m[1;34m16->17  [0m[1;34m17->18  [0m[1;34m18->19  [0m[1;34m
[pthread wrapper] SKIP MASK: 0x0
[0m[1;34m	threadid 47842060584704 -> core 1 - OK[0m[1;34m
[0m[1;34m	threadid 47842062685952 -> core 2 - OK[0m[1;34m
[0m[1;34m	threadid 47842064787200 -> core 3 - OK[0m[1;34m
[0m[1;34m	threadid 47842066888448 -> core 4 - OK[0m[1;34m
[0m[1;34m	threadid 47842068989696 -> core 5 - OK[0m[1;34m
[0m[1;34m	threadid 47842071090944 -> core 6 - OK[0m[1;34m
[0m[1;34m	threadid 47842073192192 -> core 7 - OK[0m[1;34m
[0m[1;34m	threadid 47842075293440 -> core 8 - OK[0m[1;34m
[0m[1;34m	threadid 47842077394688 -> core 9 - OK[0m[1;34m
[0m[1;34m	threadid 47842079495936 -> core 10 - OK[0m[1;34m
[0m[1;34m	threadid 47842081597184 -> core 11 - OK[0m[1;34m
[0m[1;34m	threadid 47842083698432 -> core 12 - OK[0m[1;34m
[0m[1;34m	threadid 47842085799680 -> core 13 - OK[0m[1;34m
[0m[1;34m	threadid 47842087900928 -> core 14 - OK[0m[1;34m
[0m[1;34m	threadid 47842090002176 -> core 15 - OK[0m[1;34m
[0m[1;34m	threadid 47842092103424 -> core 16 - OK[0m[1;34m
[0m[1;34m	threadid 47842094204672 -> core 17 - OK[0m[1;34m
[0m[1;34m	threadid 47842096305920 -> core 18 - OK[0m[1;34m
[0m[1;34m	threadid 47842098407168 -> core 19 - OK[0m[1;34m
[0miterations: 200
Total iterations: 49600800 LUP
FLOP: 11
Total work: 545608800 FLOP
performance: 4.860426 GLUP/s
Performance in GFLOP/s: 53.464691
size: 250000
time: 0.010205
[1;34m[pthread wrapper] 
[0m[1;34m[pthread wrapper] MAIN -> 0
[0m[1;34m[pthread wrapper] PIN_MASK: [0m[1;34m0->1  [0m[1;34m1->2  [0m[1;34m2->3  [0m[1;34m3->4  [0m[1;34m4->5  [0m[1;34m5->6  [0m[1;34m6->7  [0m[1;34m7->8  [0m[1;34m8->9  [0m[1;34m9->10  [0m[1;34m10->11  [0m[1;34m11->12  [0m[1;34m12->13  [0m[1;34m13->14  [0m[1;34m14->15  [0m[1;34m15->16  [0m[1;34m16->17  [0m[1;34m17->18  [0m[1;34m18->19  [0m[1;34m
[pthread wrapper] SKIP MASK: 0x0
[0m[1;34m	threadid 47524785161984 -> core 1 - OK[0m[1;34m
[0m[1;34m	threadid 47524787263232 -> core 2 - OK[0m[1;34m
[0m[1;34m	threadid 47524789364480 -> core 3 - OK[0m[1;34m
[0m[1;34m	threadid 47524791465728 -> core 4 - OK[0m[1;34m
[0m[1;34m	threadid 47524793566976 -> core 5 - OK[0m[1;34m
[0m[1;34m	threadid 47524795668224 -> core 6 - OK[0m[1;34m
[0m[1;34m	threadid 47524797769472 -> core 7 - OK[0m[1;34m
[0m[1;34m	threadid 47524799870720 -> core 8 - OK[0m[1;34m
[0m[1;34m	threadid 47524801971968 -> core 9 - OK[0m[1;34m
[0m[1;34m	threadid 47524804073216 -> core 10 - OK[0m[1;34m
[0m[1;34m	threadid 47524806174464 -> core 11 - OK[0m[1;34m
[0m[1;34m	threadid 47524808275712 -> core 12 - OK[0m[1;34m
[0m[1;34m	threadid 47524810376960 -> core 13 - OK[0m[1;34m
[0m[1;34m	threadid 47524812478208 -> core 14 - OK[0m[1;34m
[0m[1;34m	threadid 47524814579456 -> core 15 - OK[0m[1;34m
[0m[1;34m	threadid 47524816680704 -> core 16 - OK[0m[1;34m
[0m[1;34m	threadid 47524818781952 -> core 17 - OK[0m[1;34m
[0m[1;34m	threadid 47524820883200 -> core 18 - OK[0m[1;34m
[0m[1;34m	threadid 47524822984448 -> core 19 - OK[0m[1;34m
[0miterations: 200
Total iterations: 49600800 LUP
FLOP: 11
Total work: 545608800 FLOP
performance: 4.848081 GLUP/s
Performance in GFLOP/s: 53.328886
size: 250000
time: 0.010231
[1;34m[pthread wrapper] 
[0m[1;34m[pthread wrapper] MAIN -> 0
[0m[1;34m[pthread wrapper] PIN_MASK: [0m[1;34m0->1  [0m[1;34m1->2  [0m[1;34m2->3  [0m[1;34m3->4  [0m[1;34m4->5  [0m[1;34m5->6  [0m[1;34m6->7  [0m[1;34m7->8  [0m[1;34m8->9  [0m[1;34m9->10  [0m[1;34m10->11  [0m[1;34m11->12  [0m[1;34m12->13  [0m[1;34m13->14  [0m[1;34m14->15  [0m[1;34m15->16  [0m[1;34m16->17  [0m[1;34m17->18  [0m[1;34m18->19  [0m[1;34m
[pthread wrapper] SKIP MASK: 0x0
[0m[1;34m	threadid 47720508348160 -> core 1 - OK[0m[1;34m
[0m[1;34m	threadid 47720510449408 -> core 2 - OK[0m[1;34m
[0m[1;34m	threadid 47720512550656 -> core 3 - OK[0m[1;34m
[0m[1;34m	threadid 47720514651904 -> core 4 - OK[0m[1;34m
[0m[1;34m	threadid 47720516753152 -> core 5 - OK[0m[1;34m
[0m[1;34m	threadid 47720518854400 -> core 6 - OK[0m[1;34m
[0m[1;34m	threadid 47720520955648 -> core 7 - OK[0m[1;34m
[0m[1;34m	threadid 47720523056896 -> core 8 - OK[0m[1;34m
[0m[1;34m	threadid 47720525158144 -> core 9 - OK[0m[1;34m
[0m[1;34m	threadid 47720527259392 -> core 10 - OK[0m[1;34m
[0m[1;34m	threadid 47720529360640 -> core 11 - OK[0m[1;34m
[0m[1;34m	threadid 47720531461888 -> core 12 - OK[0m[1;34m
[0m[1;34m	threadid 47720533563136 -> core 13 - OK[0m[1;34m
[0m[1;34m	threadid 47720535664384 -> core 14 - OK[0m[1;34m
[0m[1;34m	threadid 47720537765632 -> core 15 - OK[0m[1;34m
[0m[1;34m	threadid 47720539866880 -> core 16 - OK[0m[1;34m
[0m[1;34m	threadid 47720541968128 -> core 17 - OK[0m[1;34m
[0m[1;34m	threadid 47720544069376 -> core 18 - OK[0m[1;34m
[0m[1;34m	threadid 47720546170624 -> core 19 - OK[0m[1;34m
[0miterations: 200
Total iterations: 49600800 LUP
FLOP: 11
Total work: 545608800 FLOP
performance: 4.845258 GLUP/s
Performance in GFLOP/s: 53.297836
size: 250000
time: 0.010237
[1;34m[pthread wrapper] 
[0m[1;34m[pthread wrapper] MAIN -> 0
[0m[1;34m[pthread wrapper] PIN_MASK: [0m[1;34m0->1  [0m[1;34m1->2  [0m[1;34m2->3  [0m[1;34m3->4  [0m[1;34m4->5  [0m[1;34m5->6  [0m[1;34m6->7  [0m[1;34m7->8  [0m[1;34m8->9  [0m[1;34m9->10  [0m[1;34m10->11  [0m[1;34m11->12  [0m[1;34m12->13  [0m[1;34m13->14  [0m[1;34m14->15  [0m[1;34m15->16  [0m[1;34m16->17  [0m[1;34m17->18  [0m[1;34m18->19  [0m[1;34m
[pthread wrapper] SKIP MASK: 0x0
[0m[1;34m	threadid 47365287794432 -> core 1 - OK[0m[1;34m
[0m[1;34m	threadid 47365289895680 -> core 2 - OK[0m[1;34m
[0m[1;34m	threadid 47365291996928 -> core 3 - OK[0m[1;34m
[0m[1;34m	threadid 47365294098176 -> core 4 - OK[0m[1;34m
[0m[1;34m	threadid 47365296199424 -> core 5 - OK[0m[1;34m
[0m[1;34m	threadid 47365298300672 -> core 6 - OK[0m[1;34m
[0m[1;34m	threadid 47365300401920 -> core 7 - OK[0m[1;34m
[0m[1;34m	threadid 47365302503168 -> core 8 - OK[0m[1;34m
[0m[1;34m	threadid 47365304604416 -> core 9 - OK[0m[1;34m
[0m[1;34m	threadid 47365306705664 -> core 10 - OK[0m[1;34m
[0m[1;34m	threadid 47365308806912 -> core 11 - OK[0m[1;34m
[0m[1;34m	threadid 47365310908160 -> core 12 - OK[0m[1;34m
[0m[1;34m	threadid 47365313009408 -> core 13 - OK[0m[1;34m
[0m[1;34m	threadid 47365315110656 -> core 14 - OK[0m[1;34m
[0m[1;34m	threadid 47365317211904 -> core 15 - OK[0m[1;34m
[0m[1;34m	threadid 47365319313152 -> core 16 - OK[0m[1;34m
[0m[1;34m	threadid 47365321414400 -> core 17 - OK[0m[1;34m
[0m[1;34m	threadid 47365323515648 -> core 18 - OK[0m[1;34m
[0m[1;34m	threadid 47365325616896 -> core 19 - OK[0m[1;34m
[0miterations: 200
Total iterations: 49600800 LUP
FLOP: 11
Total work: 545608800 FLOP
performance: 4.838159 GLUP/s
Performance in GFLOP/s: 53.219748
size: 250000
time: 0.010252
[1;34m[pthread wrapper] 
[0m[1;34m[pthread wrapper] MAIN -> 0
[0m[1;34m[pthread wrapper] PIN_MASK: [0m[1;34m0->1  [0m[1;34m1->2  [0m[1;34m2->3  [0m[1;34m3->4  [0m[1;34m4->5  [0m[1;34m5->6  [0m[1;34m6->7  [0m[1;34m7->8  [0m[1;34m8->9  [0m[1;34m9->10  [0m[1;34m10->11  [0m[1;34m11->12  [0m[1;34m12->13  [0m[1;34m13->14  [0m[1;34m14->15  [0m[1;34m15->16  [0m[1;34m16->17  [0m[1;34m17->18  [0m[1;34m18->19  [0m[1;34m
[pthread wrapper] SKIP MASK: 0x0
[0m[1;34m	threadid 47188061505280 -> core 1 - OK[0m[1;34m
[0m[1;34m	threadid 47188063606528 -> core 2 - OK[0m[1;34m
[0m[1;34m	threadid 47188065707776 -> core 3 - OK[0m[1;34m
[0m[1;34m	threadid 47188067809024 -> core 4 - OK[0m[1;34m
[0m[1;34m	threadid 47188069910272 -> core 5 - OK[0m[1;34m
[0m[1;34m	threadid 47188072011520 -> core 6 - OK[0m[1;34m
[0m[1;34m	threadid 47188074112768 -> core 7 - OK[0m[1;34m
[0m[1;34m	threadid 47188076214016 -> core 8 - OK[0m[1;34m
[0m[1;34m	threadid 47188078315264 -> core 9 - OK[0m[1;34m
[0m[1;34m	threadid 47188080416512 -> core 10 - OK[0m[1;34m
[0m[1;34m	threadid 47188082517760 -> core 11 - OK[0m[1;34m
[0m[1;34m	threadid 47188084619008 -> core 12 - OK[0m[1;34m
[0m[1;34m	threadid 47188086720256 -> core 13 - OK[0m[1;34m
[0m[1;34m	threadid 47188088821504 -> core 14 - OK[0m[1;34m
[0m[1;34m	threadid 47188090922752 -> core 15 - OK[0m[1;34m
[0m[1;34m	threadid 47188093024000 -> core 16 - OK[0m[1;34m
[0m[1;34m	threadid 47188095125248 -> core 17 - OK[0m[1;34m
[0m[1;34m	threadid 47188097226496 -> core 18 - OK[0m[1;34m
[0m[1;34m	threadid 47188099327744 -> core 19 - OK[0m[1;34m
[0miterations: 200
Total iterations: 49600800 LUP
FLOP: 11
Total work: 545608800 FLOP
performance: 4.836247 GLUP/s
Performance in GFLOP/s: 53.198716
size: 250000
time: 0.010256
[1;34m[pthread wrapper] 
[0m[1;34m[pthread wrapper] MAIN -> 0
[0m[1;34m[pthread wrapper] PIN_MASK: [0m[1;34m0->1  [0m[1;34m1->2  [0m[1;34m2->3  [0m[1;34m3->4  [0m[1;34m4->5  [0m[1;34m5->6  [0m[1;34m6->7  [0m[1;34m7->8  [0m[1;34m8->9  [0m[1;34m9->10  [0m[1;34m10->11  [0m[1;34m11->12  [0m[1;34m12->13  [0m[1;34m13->14  [0m[1;34m14->15  [0m[1;34m15->16  [0m[1;34m16->17  [0m[1;34m17->18  [0m[1;34m18->19  [0m[1;34m
[pthread wrapper] SKIP MASK: 0x0
[0m[1;34m	threadid 46928510367488 -> core 1 - OK[0m[1;34m
[0m[1;34m	threadid 46928512468736 -> core 2 - OK[0m[1;34m
[0m[1;34m	threadid 46928514569984 -> core 3 - OK[0m[1;34m
[0m[1;34m	threadid 46928516671232 -> core 4 - OK[0m[1;34m
[0m[1;34m	threadid 46928518772480 -> core 5 - OK[0m[1;34m
[0m[1;34m	threadid 46928520873728 -> core 6 - OK[0m[1;34m
[0m[1;34m	threadid 46928522974976 -> core 7 - OK[0m[1;34m
[0m[1;34m	threadid 46928525076224 -> core 8 - OK[0m[1;34m
[0m[1;34m	threadid 46928527177472 -> core 9 - OK[0m[1;34m
[0m[1;34m	threadid 46928529278720 -> core 10 - OK[0m[1;34m
[0m[1;34m	threadid 46928531379968 -> core 11 - OK[0m[1;34m
[0m[1;34m	threadid 46928533481216 -> core 12 - OK[0m[1;34m
[0m[1;34m	threadid 46928535582464 -> core 13 - OK[0m[1;34m
[0m[1;34m	threadid 46928537683712 -> core 14 - OK[0m[1;34m
[0m[1;34m	threadid 46928539784960 -> core 15 - OK[0m[1;34m
[0m[1;34m	threadid 46928541886208 -> core 16 - OK[0m[1;34m
[0m[1;34m	threadid 46928543987456 -> core 17 - OK[0m[1;34m
[0m[1;34m	threadid 46928546088704 -> core 18 - OK[0m[1;34m
[0m[1;34m	threadid 46928548189952 -> core 19 - OK[0m[1;34m
[0miterations: 200
Total iterations: 49600800 LUP
FLOP: 11
Total work: 545608800 FLOP
performance: 4.844806 GLUP/s
Performance in GFLOP/s: 53.292871
size: 250000
time: 0.010238
[1;34m[pthread wrapper] 
[0m[1;34m[pthread wrapper] MAIN -> 0
[0m[1;34m[pthread wrapper] PIN_MASK: [0m[1;34m0->1  [0m[1;34m1->2  [0m[1;34m2->3  [0m[1;34m3->4  [0m[1;34m4->5  [0m[1;34m5->6  [0m[1;34m6->7  [0m[1;34m7->8  [0m[1;34m8->9  [0m[1;34m9->10  [0m[1;34m10->11  [0m[1;34m11->12  [0m[1;34m12->13  [0m[1;34m13->14  [0m[1;34m14->15  [0m[1;34m15->16  [0m[1;34m16->17  [0m[1;34m17->18  [0m[1;34m18->19  [0m[1;34m
[pthread wrapper] SKIP MASK: 0x0
[0m[1;34m	threadid 47617242482432 -> core 1 - OK[0m[1;34m
[0m[1;34m	threadid 47617244583680 -> core 2 - OK[0m[1;34m
[0m[1;34m	threadid 47617246684928 -> core 3 - OK[0m[1;34m
[0m[1;34m	threadid 47617248786176 -> core 4 - OK[0m[1;34m
[0m[1;34m	threadid 47617250887424 -> core 5 - OK[0m[1;34m
[0m[1;34m	threadid 47617252988672 -> core 6 - OK[0m[1;34m
[0m[1;34m	threadid 47617255089920 -> core 7 - OK[0m[1;34m
[0m[1;34m	threadid 47617257191168 -> core 8 - OK[0m[1;34m
[0m[1;34m	threadid 47617259292416 -> core 9 - OK[0m[1;34m
[0m[1;34m	threadid 47617261393664 -> core 10 - OK[0m[1;34m
[0m[1;34m	threadid 47617263494912 -> core 11 - OK[0m[1;34m
[0m[1;34m	threadid 47617265596160 -> core 12 - OK[0m[1;34m
[0m[1;34m	threadid 47617267697408 -> core 13 - OK[0m[1;34m
[0m[1;34m	threadid 47617269798656 -> core 14 - OK[0m[1;34m
[0m[1;34m	threadid 47617271899904 -> core 15 - OK[0m[1;34m
[0m[1;34m	threadid 47617274001152 -> core 16 - OK[0m[1;34m
[0m[1;34m	threadid 47617276102400 -> core 17 - OK[0m[1;34m
[0m[1;34m	threadid 47617278203648 -> core 18 - OK[0m[1;34m
[0m[1;34m	threadid 47617280304896 -> core 19 - OK[0m[1;34m
[0miterations: 200
Total iterations: 49600800 LUP
FLOP: 11
Total work: 545608800 FLOP
performance: 4.852830 GLUP/s
Performance in GFLOP/s: 53.381133
size: 250000
time: 0.010221
[1;34m[pthread wrapper] 
[0m[1;34m[pthread wrapper] MAIN -> 0
[0m[1;34m[pthread wrapper] PIN_MASK: [0m[1;34m0->1  [0m[1;34m1->2  [0m[1;34m2->3  [0m[1;34m3->4  [0m[1;34m4->5  [0m[1;34m5->6  [0m[1;34m6->7  [0m[1;34m7->8  [0m[1;34m8->9  [0m[1;34m9->10  [0m[1;34m10->11  [0m[1;34m11->12  [0m[1;34m12->13  [0m[1;34m13->14  [0m[1;34m14->15  [0m[1;34m15->16  [0m[1;34m16->17  [0m[1;34m17->18  [0m[1;34m18->19  [0m[1;34m
[pthread wrapper] SKIP MASK: 0x0
[0m[1;34m	threadid 47929592116992 -> core 1 - OK[0m[1;34m
[0m[1;34m	threadid 47929594218240 -> core 2 - OK[0m[1;34m
[0m[1;34m	threadid 47929596319488 -> core 3 - OK[0m[1;34m
[0m[1;34m	threadid 47929598420736 -> core 4 - OK[0m[1;34m
[0m[1;34m	threadid 47929600521984 -> core 5 - OK[0m[1;34m
[0m[1;34m	threadid 47929602623232 -> core 6 - OK[0m[1;34m
[0m[1;34m	threadid 47929604724480 -> core 7 - OK[0m[1;34m
[0m[1;34m	threadid 47929606825728 -> core 8 - OK[0m[1;34m
[0m[1;34m	threadid 47929608926976 -> core 9 - OK[0m[1;34m
[0m[1;34m	threadid 47929611028224 -> core 10 - OK[0m[1;34m
[0m[1;34m	threadid 47929613129472 -> core 11 - OK[0m[1;34m
[0m[1;34m	threadid 47929615230720 -> core 12 - OK[0m[1;34m
[0m[1;34m	threadid 47929617331968 -> core 13 - OK[0m[1;34m
[0m[1;34m	threadid 47929619433216 -> core 14 - OK[0m[1;34m
[0m[1;34m	threadid 47929621534464 -> core 15 - OK[0m[1;34m
[0m[1;34m	threadid 47929623635712 -> core 16 - OK[0m[1;34m
[0m[1;34m	threadid 47929625736960 -> core 17 - OK[0m[1;34m
[0m[1;34m	threadid 47929627838208 -> core 18 - OK[0m[1;34m
[0m[1;34m	threadid 47929629939456 -> core 19 - OK[0m[1;34m
[0miterations: 200
Total iterations: 49600800 LUP
FLOP: 11
Total work: 545608800 FLOP
performance: 4.817544 GLUP/s
Performance in GFLOP/s: 52.992988
size: 250000
time: 0.010296
[1;34m[pthread wrapper] 
[0m[1;34m[pthread wrapper] MAIN -> 0
[0m[1;34m[pthread wrapper] PIN_MASK: [0m[1;34m0->1  [0m[1;34m1->2  [0m[1;34m2->3  [0m[1;34m3->4  [0m[1;34m4->5  [0m[1;34m5->6  [0m[1;34m6->7  [0m[1;34m7->8  [0m[1;34m8->9  [0m[1;34m9->10  [0m[1;34m10->11  [0m[1;34m11->12  [0m[1;34m12->13  [0m[1;34m13->14  [0m[1;34m14->15  [0m[1;34m15->16  [0m[1;34m16->17  [0m[1;34m17->18  [0m[1;34m18->19  [0m[1;34m
[pthread wrapper] SKIP MASK: 0x0
[0m[1;34m	threadid 47742772479744 -> core 1 - OK[0m[1;34m
[0m[1;34m	threadid 47742774580992 -> core 2 - OK[0m[1;34m
[0m[1;34m	threadid 47742776682240 -> core 3 - OK[0m[1;34m
[0m[1;34m	threadid 47742778783488 -> core 4 - OK[0m[1;34m
[0m[1;34m	threadid 47742780884736 -> core 5 - OK[0m[1;34m
[0m[1;34m	threadid 47742782985984 -> core 6 - OK[0m[1;34m
[0m[1;34m	threadid 47742785087232 -> core 7 - OK[0m[1;34m
[0m[1;34m	threadid 47742787188480 -> core 8 - OK[0m[1;34m
[0m[1;34m	threadid 47742789289728 -> core 9 - OK[0m[1;34m
[0m[1;34m	threadid 47742791390976 -> core 10 - OK[0m[1;34m
[0m[1;34m	threadid 47742793492224 -> core 11 - OK[0m[1;34m
[0m[1;34m	threadid 47742795593472 -> core 12 - OK[0m[1;34m
[0m[1;34m	threadid 47742797694720 -> core 13 - OK[0m[1;34m
[0m[1;34m	threadid 47742799795968 -> core 14 - OK[0m[1;34m
[0m[1;34m	threadid 47742801897216 -> core 15 - OK[0m[1;34m
[0m[1;34m	threadid 47742803998464 -> core 16 - OK[0m[1;34m
[0m[1;34m	threadid 47742806099712 -> core 17 - OK[0m[1;34m
[0m[1;34m	threadid 47742808200960 -> core 18 - OK[0m[1;34m
[0m[1;34m	threadid 47742810302208 -> core 19 - OK[0m[1;34m
[0miterations: 200
Total iterations: 49600800 LUP
FLOP: 11
Total work: 545608800 FLOP
performance: 4.846274 GLUP/s
Performance in GFLOP/s: 53.309010
size: 250000
time: 0.010235
[1;34m[pthread wrapper] 
[0m[1;34m[pthread wrapper] MAIN -> 0
[0m[1;34m[pthread wrapper] PIN_MASK: [0m[1;34m0->1  [0m[1;34m1->2  [0m[1;34m2->3  [0m[1;34m3->4  [0m[1;34m4->5  [0m[1;34m5->6  [0m[1;34m6->7  [0m[1;34m7->8  [0m[1;34m8->9  [0m[1;34m9->10  [0m[1;34m10->11  [0m[1;34m11->12  [0m[1;34m12->13  [0m[1;34m13->14  [0m[1;34m14->15  [0m[1;34m15->16  [0m[1;34m16->17  [0m[1;34m17->18  [0m[1;34m18->19  [0m[1;34m
[pthread wrapper] SKIP MASK: 0x0
[0m[1;34m	threadid 46956513048320 -> core 1 - OK[0m[1;34m
[0m[1;34m	threadid 46956515149568 -> core 2 - OK[0m[1;34m
[0m[1;34m	threadid 46956517250816 -> core 3 - OK[0m[1;34m
[0m[1;34m	threadid 46956519352064 -> core 4 - OK[0m[1;34m
[0m[1;34m	threadid 46956521453312 -> core 5 - OK[0m[1;34m
[0m[1;34m	threadid 46956523554560 -> core 6 - OK[0m[1;34m
[0m[1;34m	threadid 46956525655808 -> core 7 - OK[0m[1;34m
[0m[1;34m	threadid 46956527757056 -> core 8 - OK[0m[1;34m
[0m[1;34m	threadid 46956529858304 -> core 9 - OK[0m[1;34m
[0m[1;34m	threadid 46956531959552 -> core 10 - OK[0m[1;34m
[0m[1;34m	threadid 46956534060800 -> core 11 - OK[0m[1;34m
[0m[1;34m	threadid 46956536162048 -> core 12 - OK[0m[1;34m
[0m[1;34m	threadid 46956538263296 -> core 13 - OK[0m[1;34m
[0m[1;34m	threadid 46956540364544 -> core 14 - OK[0m[1;34m
[0m[1;34m	threadid 46956542465792 -> core 15 - OK[0m[1;34m
[0m[1;34m	threadid 46956544567040 -> core 16 - OK[0m[1;34m
[0m[1;34m	threadid 46956546668288 -> core 17 - OK[0m[1;34m
[0m[1;34m	threadid 46956548769536 -> core 18 - OK[0m[1;34m
[0m[1;34m	threadid 46956550870784 -> core 19 - OK[0m[1;34m
[0miterations: 200
Total iterations: 49600800 LUP
FLOP: 11
Total work: 545608800 FLOP
performance: 4.824583 GLUP/s
Performance in GFLOP/s: 53.070411
size: 250000
time: 0.010281
