tuned params: 500 500 498 64 2 1 
Flops / stencil call:  11
Stencil computations:  6200100
Bytes transferred:     100000000
Total Flops:           68201100
Seconds elapsed:       0.003109
Performance in GFlop/s:     21.936821
Bandwidth utilization: 32.164908 GB/s
6840020.000000
Validation OK.
tuned params: 500 500 498 64 2 1 
Flops / stencil call:  11
Stencil computations:  6200100
Bytes transferred:     100000000
Total Flops:           68201100
Seconds elapsed:       0.003110
Performance in GFlop/s:     21.930094
Bandwidth utilization: 32.155044 GB/s
6842276.000000
Validation OK.
tuned params: 500 500 498 64 2 1 
Flops / stencil call:  11
Stencil computations:  6200100
Bytes transferred:     100000000
Total Flops:           68201100
Seconds elapsed:       0.003122
Performance in GFlop/s:     21.844685
Bandwidth utilization: 32.029813 GB/s
6867500.000000
Validation OK.
tuned params: 500 500 498 64 2 1 
Flops / stencil call:  11
Stencil computations:  6200100
Bytes transferred:     100000000
Total Flops:           68201100
Seconds elapsed:       0.003106
Performance in GFlop/s:     21.957027
Bandwidth utilization: 32.194535 GB/s
6832768.000000
Validation OK.
tuned params: 500 500 498 64 2 1 
Flops / stencil call:  11
Stencil computations:  6200100
Bytes transferred:     100000000
Total Flops:           68201100
Seconds elapsed:       0.003143
Performance in GFlop/s:     21.698866
Bandwidth utilization: 31.816005 GB/s
6914964.000000
Validation OK.
tuned params: 500 500 498 64 2 1 
Flops / stencil call:  11
Stencil computations:  6200100
Bytes transferred:     100000000
Total Flops:           68201100
Seconds elapsed:       0.003113
Performance in GFlop/s:     21.908260
Bandwidth utilization: 32.123030 GB/s
6846924.000000
Validation OK.
tuned params: 500 500 498 64 2 1 
Flops / stencil call:  11
Stencil computations:  6200100
Bytes transferred:     100000000
Total Flops:           68201100
Seconds elapsed:       0.003121
Performance in GFlop/s:     21.853029
Bandwidth utilization: 32.042047 GB/s
6865152.000000
Validation OK.
tuned params: 500 500 498 64 2 1 
Flops / stencil call:  11
Stencil computations:  6200100
Bytes transferred:     100000000
Total Flops:           68201100
Seconds elapsed:       0.003116
Performance in GFlop/s:     21.886469
Bandwidth utilization: 32.091079 GB/s
6855384.000000
Validation OK.
tuned params: 500 500 498 64 2 1 
Flops / stencil call:  11
Stencil computations:  6200100
Bytes transferred:     100000000
Total Flops:           68201100
Seconds elapsed:       0.003138
Performance in GFlop/s:     21.733486
Bandwidth utilization: 31.866768 GB/s
6902624.000000
Validation OK.
tuned params: 500 500 498 64 2 1 
Flops / stencil call:  11
Stencil computations:  6200100
Bytes transferred:     100000000
Total Flops:           68201100
Seconds elapsed:       0.003142
Performance in GFlop/s:     21.707099
Bandwidth utilization: 31.828077 GB/s
6910572.000000
Validation OK.
