tuned params: 3000 3000 2998 376 1 3 
Flops / stencil call:  11
Stencil computations:  224700100
Bytes transferred:     3600000000
Total Flops:           2471701100
Seconds elapsed:       0.078384
Performance in GFlop/s:     31.533170
Bandwidth utilization: 45.927646 GB/s
172448752.000000
Validation OK.
tuned params: 3000 3000 2998 376 1 3 
Flops / stencil call:  11
Stencil computations:  224700100
Bytes transferred:     3600000000
Total Flops:           2471701100
Seconds elapsed:       0.078948
Performance in GFlop/s:     31.307955
Bandwidth utilization: 45.599623 GB/s
173687112.000000
Validation OK.
tuned params: 3000 3000 2998 376 1 3 
Flops / stencil call:  11
Stencil computations:  224700100
Bytes transferred:     3600000000
Total Flops:           2471701100
Seconds elapsed:       0.077585
Performance in GFlop/s:     31.857984
Bandwidth utilization: 46.400733 GB/s
170688612.000000
Validation OK.
