tuned params: 500 500 498 16 2 1 
Flops / stencil call:  11
Stencil computations:  248004000
Bytes transferred:     4000000000
Total Flops:           2728044000
Seconds elapsed:       0.037348
Performance in GFlop/s:     73.043849
Bandwidth utilization: 107.100690 GB/s
82167396.000000
Validation OK.
tuned params: 500 500 498 16 2 1 
Flops / stencil call:  11
Stencil computations:  248004000
Bytes transferred:     4000000000
Total Flops:           2728044000
Seconds elapsed:       0.037678
Performance in GFlop/s:     72.404155
Bandwidth utilization: 106.162738 GB/s
82894464.000000
Validation OK.
tuned params: 500 500 498 16 2 1 
Flops / stencil call:  11
Stencil computations:  248004000
Bytes transferred:     4000000000
Total Flops:           2728044000
Seconds elapsed:       0.037491
Performance in GFlop/s:     72.765142
Bandwidth utilization: 106.692036 GB/s
82482736.000000
Validation OK.
tuned params: 500 500 498 16 2 1 
Flops / stencil call:  11
Stencil computations:  248004000
Bytes transferred:     4000000000
Total Flops:           2728044000
Seconds elapsed:       0.037350
Performance in GFlop/s:     73.040119
Bandwidth utilization: 107.095221 GB/s
82173160.000000
Validation OK.
tuned params: 500 500 498 16 2 1 
Flops / stencil call:  11
Stencil computations:  248004000
Bytes transferred:     4000000000
Total Flops:           2728044000
Seconds elapsed:       0.037455
Performance in GFlop/s:     72.835083
Bandwidth utilization: 106.794587 GB/s
82401864.000000
Validation OK.
tuned params: 500 500 498 16 2 1 
Flops / stencil call:  11
Stencil computations:  248004000
Bytes transferred:     4000000000
Total Flops:           2728044000
Seconds elapsed:       0.037762
Performance in GFlop/s:     72.243242
Bandwidth utilization: 105.926799 GB/s
83079232.000000
Validation OK.
tuned params: 500 500 498 16 2 1 
Flops / stencil call:  11
Stencil computations:  248004000
Bytes transferred:     4000000000
Total Flops:           2728044000
Seconds elapsed:       0.037559
Performance in GFlop/s:     72.633500
Bandwidth utilization: 106.499016 GB/s
82633168.000000
Validation OK.
tuned params: 500 500 498 16 2 1 
Flops / stencil call:  11
Stencil computations:  248004000
Bytes transferred:     4000000000
Total Flops:           2728044000
Seconds elapsed:       0.037875
Performance in GFlop/s:     72.027684
Bandwidth utilization: 105.610737 GB/s
83328472.000000
Validation OK.
tuned params: 500 500 498 16 2 1 
Flops / stencil call:  11
Stencil computations:  248004000
Bytes transferred:     4000000000
Total Flops:           2728044000
Seconds elapsed:       0.037533
Performance in GFlop/s:     72.683791
Bandwidth utilization: 106.572755 GB/s
82576504.000000
Validation OK.
tuned params: 500 500 498 16 2 1 
Flops / stencil call:  11
Stencil computations:  248004000
Bytes transferred:     4000000000
Total Flops:           2728044000
Seconds elapsed:       0.037860
Performance in GFlop/s:     72.056260
Bandwidth utilization: 105.652636 GB/s
83296232.000000
Validation OK.
