tuned params: 3000 3000 2998 404 2 1 
Flops / stencil call:  11
Stencil computations:  224700100
Bytes transferred:     3600000000
Total Flops:           2471701100
Seconds elapsed:       0.453847
Performance in GFlop/s:     5.446112
Bandwidth utilization: 7.932190 GB/s
998481932.000000
Validation OK.
tuned params: 3000 3000 2998 404 2 1 
Flops / stencil call:  11
Stencil computations:  224700100
Bytes transferred:     3600000000
Total Flops:           2471701100
Seconds elapsed:       0.453913
Performance in GFlop/s:     5.445319
Bandwidth utilization: 7.931036 GB/s
998626028.000000
Validation OK.
tuned params: 3000 3000 2998 404 2 1 
Flops / stencil call:  11
Stencil computations:  224700100
Bytes transferred:     3600000000
Total Flops:           2471701100
Seconds elapsed:       0.454380
Performance in GFlop/s:     5.439722
Bandwidth utilization: 7.922883 GB/s
999656008.000000
Validation OK.
