tuned params: 3000 3000 2998 76 4 1 
Flops / stencil call:  11
Stencil computations:  8988004000
Bytes transferred:     144000000000
Total Flops:           98868044000
Seconds elapsed:       3.069474
Performance in GFlop/s:     32.210094
Bandwidth utilization: 46.913576 GB/s
6753116692.000000
Validation OK.
tuned params: 3000 3000 2998 76 4 1 
Flops / stencil call:  11
Stencil computations:  8988004000
Bytes transferred:     144000000000
Total Flops:           98868044000
Seconds elapsed:       2.986045
Performance in GFlop/s:     33.110030
Bandwidth utilization: 48.224322 GB/s
6569565092.000000
Validation OK.
tuned params: 3000 3000 2998 76 4 1 
Flops / stencil call:  11
Stencil computations:  8988004000
Bytes transferred:     144000000000
Total Flops:           98868044000
Seconds elapsed:       3.108394
Performance in GFlop/s:     31.806794
Bandwidth utilization: 46.326175 GB/s
6838743056.000000
Validation OK.
tuned params: 3000 3000 2998 76 4 1 
Flops / stencil call:  11
Stencil computations:  8988004000
Bytes transferred:     144000000000
Total Flops:           98868044000
Seconds elapsed:       3.198317
Performance in GFlop/s:     30.912524
Bandwidth utilization: 45.023682 GB/s
7036582636.000000
Validation OK.
tuned params: 3000 3000 2998 76 4 1 
Flops / stencil call:  11
Stencil computations:  8988004000
Bytes transferred:     144000000000
Total Flops:           98868044000
Seconds elapsed:       3.066612
Performance in GFlop/s:     32.240154
Bandwidth utilization: 46.957359 GB/s
6746821116.000000
Validation OK.
tuned params: 3000 3000 2998 76 4 1 
Flops / stencil call:  11
Stencil computations:  8988004000
Bytes transferred:     144000000000
Total Flops:           98868044000
Seconds elapsed:       3.072756
Performance in GFlop/s:     32.175692
Bandwidth utilization: 46.863470 GB/s
6760335564.000000
Validation OK.
tuned params: 3000 3000 2998 76 4 1 
Flops / stencil call:  11
Stencil computations:  8988004000
Bytes transferred:     144000000000
Total Flops:           98868044000
Seconds elapsed:       3.110115
Performance in GFlop/s:     31.789192
Bandwidth utilization: 46.300538 GB/s
6842529612.000000
Validation OK.
tuned params: 3000 3000 2998 76 4 1 
Flops / stencil call:  11
Stencil computations:  8988004000
Bytes transferred:     144000000000
Total Flops:           98868044000
Seconds elapsed:       3.129898
Performance in GFlop/s:     31.588263
Bandwidth utilization: 46.007888 GB/s
6886054296.000000
Validation OK.
tuned params: 3000 3000 2998 76 4 1 
Flops / stencil call:  11
Stencil computations:  8988004000
Bytes transferred:     144000000000
Total Flops:           98868044000
Seconds elapsed:       3.005961
Performance in GFlop/s:     32.890659
Bandwidth utilization: 47.904810 GB/s
6613380320.000000
Validation OK.
tuned params: 3000 3000 2998 76 4 1 
Flops / stencil call:  11
Stencil computations:  8988004000
Bytes transferred:     144000000000
Total Flops:           98868044000
Seconds elapsed:       2.959004
Performance in GFlop/s:     33.412610
Bandwidth utilization: 48.665025 GB/s
6510070996.000000
Validation OK.
