tuned params: 500 500 498 32 2 1 
Flops / stencil call:  11
Stencil computations:  248004000
Bytes transferred:     4000000000
Total Flops:           2728044000
Seconds elapsed:       0.065070
Performance in GFlop/s:     41.924813
Bandwidth utilization: 61.472342 GB/s
143159916.000000
Validation OK.
tuned params: 500 500 498 32 2 1 
Flops / stencil call:  11
Stencil computations:  248004000
Bytes transferred:     4000000000
Total Flops:           2728044000
Seconds elapsed:       0.064498
Performance in GFlop/s:     42.296602
Bandwidth utilization: 62.017477 GB/s
141900520.000000
Validation OK.
tuned params: 500 500 498 32 2 1 
Flops / stencil call:  11
Stencil computations:  248004000
Bytes transferred:     4000000000
Total Flops:           2728044000
Seconds elapsed:       0.064968
Performance in GFlop/s:     41.990509
Bandwidth utilization: 61.568669 GB/s
142935648.000000
Validation OK.
tuned params: 500 500 498 32 2 1 
Flops / stencil call:  11
Stencil computations:  248004000
Bytes transferred:     4000000000
Total Flops:           2728044000
Seconds elapsed:       0.064676
Performance in GFlop/s:     42.180129
Bandwidth utilization: 61.846699 GB/s
142291568.000000
Validation OK.
tuned params: 500 500 498 32 2 1 
Flops / stencil call:  11
Stencil computations:  248004000
Bytes transferred:     4000000000
Total Flops:           2728044000
Seconds elapsed:       0.064638
Performance in GFlop/s:     42.205023
Bandwidth utilization: 61.883199 GB/s
142209256.000000
Validation OK.
tuned params: 500 500 498 32 2 1 
Flops / stencil call:  11
Stencil computations:  248004000
Bytes transferred:     4000000000
Total Flops:           2728044000
Seconds elapsed:       0.065632
Performance in GFlop/s:     41.565845
Bandwidth utilization: 60.946004 GB/s
144395732.000000
Validation OK.
tuned params: 500 500 498 32 2 1 
Flops / stencil call:  11
Stencil computations:  248004000
Bytes transferred:     4000000000
Total Flops:           2728044000
Seconds elapsed:       0.065494
Performance in GFlop/s:     41.653304
Bandwidth utilization: 61.074240 GB/s
144092048.000000
Validation OK.
tuned params: 500 500 498 32 2 1 
Flops / stencil call:  11
Stencil computations:  248004000
Bytes transferred:     4000000000
Total Flops:           2728044000
Seconds elapsed:       0.133669
Performance in GFlop/s:     20.408929
Bandwidth utilization: 29.924634 GB/s
294084620.000000
Validation OK.
tuned params: 500 500 498 32 2 1 
Flops / stencil call:  11
Stencil computations:  248004000
Bytes transferred:     4000000000
Total Flops:           2728044000
Seconds elapsed:       0.065055
Performance in GFlop/s:     41.934340
Bandwidth utilization: 61.486310 GB/s
143125680.000000
Validation OK.
tuned params: 500 500 498 32 2 1 
Flops / stencil call:  11
Stencil computations:  248004000
Bytes transferred:     4000000000
Total Flops:           2728044000
Seconds elapsed:       0.065130
Performance in GFlop/s:     41.886138
Bandwidth utilization: 61.415635 GB/s
143291280.000000
Validation OK.
