tuned params: 3000 3000 2998 376 4 1 
Flops / stencil call:  11
Stencil computations:  224700100
Bytes transferred:     3600000000
Total Flops:           2471701100
Seconds elapsed:       0.228168
Performance in GFlop/s:     10.832812
Bandwidth utilization: 15.777847 GB/s
501971412.000000
Validation OK.
tuned params: 3000 3000 2998 376 4 1 
Flops / stencil call:  11
Stencil computations:  224700100
Bytes transferred:     3600000000
Total Flops:           2471701100
Seconds elapsed:       0.228380
Performance in GFlop/s:     10.822747
Bandwidth utilization: 15.763188 GB/s
502437232.000000
Validation OK.
tuned params: 3000 3000 2998 376 4 1 
Flops / stencil call:  11
Stencil computations:  224700100
Bytes transferred:     3600000000
Total Flops:           2471701100
Seconds elapsed:       0.227964
Performance in GFlop/s:     10.842510
Bandwidth utilization: 15.791972 GB/s
501521440.000000
Validation OK.
