tuned params: 3000 3000 2998 192 1 1 
Flops / stencil call:  11
Stencil computations:  224700100
Bytes transferred:     3600000000
Total Flops:           2471701100
Seconds elapsed:       0.070313
Performance in GFlop/s:     35.152844
Bandwidth utilization: 51.199653 GB/s
154690392.000000
Validation OK.
tuned params: 3000 3000 2998 192 1 1 
Flops / stencil call:  11
Stencil computations:  224700100
Bytes transferred:     3600000000
Total Flops:           2471701100
Seconds elapsed:       0.071575
Performance in GFlop/s:     34.532943
Bandwidth utilization: 50.296776 GB/s
157466384.000000
Validation OK.
tuned params: 3000 3000 2998 192 1 1 
Flops / stencil call:  11
Stencil computations:  224700100
Bytes transferred:     3600000000
Total Flops:           2471701100
Seconds elapsed:       0.071984
Performance in GFlop/s:     34.336787
Bandwidth utilization: 50.011077 GB/s
158365252.000000
Validation OK.
