tuned params: 3000 3000 2998 252 2 1 
Flops / stencil call:  11
Stencil computations:  224700100
Bytes transferred:     3600000000
Total Flops:           2471701100
Seconds elapsed:       0.086410
Performance in GFlop/s:     28.604326
Bandwidth utilization: 41.661823 GB/s
190102108.000000
Validation OK.
tuned params: 3000 3000 2998 252 2 1 
Flops / stencil call:  11
Stencil computations:  224700100
Bytes transferred:     3600000000
Total Flops:           2471701100
Seconds elapsed:       0.085698
Performance in GFlop/s:     28.842030
Bandwidth utilization: 42.008036 GB/s
188534628.000000
Validation OK.
tuned params: 3000 3000 2998 252 2 1 
Flops / stencil call:  11
Stencil computations:  224700100
Bytes transferred:     3600000000
Total Flops:           2471701100
Seconds elapsed:       0.086072
Performance in GFlop/s:     28.716679
Bandwidth utilization: 41.825464 GB/s
189359108.000000
Validation OK.
