tuned params: 3000 3000 2998 236 2 1 
Flops / stencil call:  11
Stencil computations:  224700100
Bytes transferred:     3600000000
Total Flops:           2471701100
Seconds elapsed:       0.453552
Performance in GFlop/s:     5.449653
Bandwidth utilization: 7.937348 GB/s
997823208.000000
Validation OK.
tuned params: 3000 3000 2998 236 2 1 
Flops / stencil call:  11
Stencil computations:  224700100
Bytes transferred:     3600000000
Total Flops:           2471701100
Seconds elapsed:       0.454024
Performance in GFlop/s:     5.443990
Bandwidth utilization: 7.929099 GB/s
998862856.000000
Validation OK.
tuned params: 3000 3000 2998 236 2 1 
Flops / stencil call:  11
Stencil computations:  224700100
Bytes transferred:     3600000000
Total Flops:           2471701100
Seconds elapsed:       0.455378
Performance in GFlop/s:     5.427803
Bandwidth utilization: 7.905523 GB/s
1001841364.000000
Validation OK.
tuned params: 3000 3000 2998 236 2 1 
Flops / stencil call:  11
Stencil computations:  224700100
Bytes transferred:     3600000000
Total Flops:           2471701100
Seconds elapsed:       0.452563
Performance in GFlop/s:     5.461565
Bandwidth utilization: 7.954697 GB/s
995648156.000000
Validation OK.
tuned params: 3000 3000 2998 236 2 1 
Flops / stencil call:  11
Stencil computations:  224700100
Bytes transferred:     3600000000
Total Flops:           2471701100
Seconds elapsed:       0.455861
Performance in GFlop/s:     5.422049
Bandwidth utilization: 7.897142 GB/s
1002904484.000000
Validation OK.
tuned params: 3000 3000 2998 236 2 1 
Flops / stencil call:  11
Stencil computations:  224700100
Bytes transferred:     3600000000
Total Flops:           2471701100
Seconds elapsed:       0.452936
Performance in GFlop/s:     5.457066
Bandwidth utilization: 7.948144 GB/s
996467560.000000
Validation OK.
tuned params: 3000 3000 2998 236 2 1 
Flops / stencil call:  11
Stencil computations:  224700100
Bytes transferred:     3600000000
Total Flops:           2471701100
Seconds elapsed:       0.451367
Performance in GFlop/s:     5.476032
Bandwidth utilization: 7.975769 GB/s
993016548.000000
Validation OK.
tuned params: 3000 3000 2998 236 2 1 
Flops / stencil call:  11
Stencil computations:  224700100
Bytes transferred:     3600000000
Total Flops:           2471701100
Seconds elapsed:       0.455624
Performance in GFlop/s:     5.424869
Bandwidth utilization: 7.901250 GB/s
1002381836.000000
Validation OK.
tuned params: 3000 3000 2998 236 2 1 
Flops / stencil call:  11
Stencil computations:  224700100
Bytes transferred:     3600000000
Total Flops:           2471701100
Seconds elapsed:       0.452175
Performance in GFlop/s:     5.466250
Bandwidth utilization: 7.961521 GB/s
994795184.000000
Validation OK.
tuned params: 3000 3000 2998 236 2 1 
Flops / stencil call:  11
Stencil computations:  224700100
Bytes transferred:     3600000000
Total Flops:           2471701100
Seconds elapsed:       0.456684
Performance in GFlop/s:     5.412280
Bandwidth utilization: 7.882915 GB/s
1004713784.000000
Validation OK.
