tuned params: 500 500 498 32 1 1 
Flops / stencil call:  11
Stencil computations:  6200100
Bytes transferred:     100000000
Total Flops:           68201100
Seconds elapsed:       0.003318
Performance in GFlop/s:     20.554440
Bandwidth utilization: 30.137990 GB/s
7298948.000000
Validation OK.
tuned params: 500 500 498 32 1 1 
Flops / stencil call:  11
Stencil computations:  6200100
Bytes transferred:     100000000
Total Flops:           68201100
Seconds elapsed:       0.003419
Performance in GFlop/s:     19.946736
Bandwidth utilization: 29.246942 GB/s
7519408.000000
Validation OK.
tuned params: 500 500 498 32 1 1 
Flops / stencil call:  11
Stencil computations:  6200100
Bytes transferred:     100000000
Total Flops:           68201100
Seconds elapsed:       0.003348
Performance in GFlop/s:     20.371467
Bandwidth utilization: 29.869705 GB/s
7364056.000000
Validation OK.
tuned params: 500 500 498 32 1 1 
Flops / stencil call:  11
Stencil computations:  6200100
Bytes transferred:     100000000
Total Flops:           68201100
Seconds elapsed:       0.003376
Performance in GFlop/s:     20.201705
Bandwidth utilization: 29.620791 GB/s
7428516.000000
Validation OK.
tuned params: 500 500 498 32 1 1 
Flops / stencil call:  11
Stencil computations:  6200100
Bytes transferred:     100000000
Total Flops:           68201100
Seconds elapsed:       0.003398
Performance in GFlop/s:     20.071299
Bandwidth utilization: 29.429582 GB/s
7475628.000000
Validation OK.
tuned params: 500 500 498 32 1 1 
Flops / stencil call:  11
Stencil computations:  6200100
Bytes transferred:     100000000
Total Flops:           68201100
Seconds elapsed:       0.003371
Performance in GFlop/s:     20.231710
Bandwidth utilization: 29.664785 GB/s
7415400.000000
Validation OK.
tuned params: 500 500 498 32 1 1 
Flops / stencil call:  11
Stencil computations:  6200100
Bytes transferred:     100000000
Total Flops:           68201100
Seconds elapsed:       0.003340
Performance in GFlop/s:     20.419455
Bandwidth utilization: 29.940067 GB/s
7348148.000000
Validation OK.
tuned params: 500 500 498 32 1 1 
Flops / stencil call:  11
Stencil computations:  6200100
Bytes transferred:     100000000
Total Flops:           68201100
Seconds elapsed:       0.003423
Performance in GFlop/s:     19.924507
Bandwidth utilization: 29.214348 GB/s
7530280.000000
Validation OK.
tuned params: 500 500 498 32 1 1 
Flops / stencil call:  11
Stencil computations:  6200100
Bytes transferred:     100000000
Total Flops:           68201100
Seconds elapsed:       0.003342
Performance in GFlop/s:     20.407801
Bandwidth utilization: 29.922979 GB/s
7351600.000000
Validation OK.
tuned params: 500 500 498 32 1 1 
Flops / stencil call:  11
Stencil computations:  6200100
Bytes transferred:     100000000
Total Flops:           68201100
Seconds elapsed:       0.003346
Performance in GFlop/s:     20.383080
Bandwidth utilization: 29.886732 GB/s
7360272.000000
Validation OK.
