tuned params: 3000 3000 2998 236 2 1 
Flops / stencil call:  11
Stencil computations:  224700100
Bytes transferred:     3600000000
Total Flops:           2471701100
Seconds elapsed:       0.452003
Performance in GFlop/s:     5.468329
Bandwidth utilization: 7.964549 GB/s
994421136.000000
Validation OK.
tuned params: 3000 3000 2998 236 2 1 
Flops / stencil call:  11
Stencil computations:  224700100
Bytes transferred:     3600000000
Total Flops:           2471701100
Seconds elapsed:       0.453893
Performance in GFlop/s:     5.445560
Bandwidth utilization: 7.931386 GB/s
998581392.000000
Validation OK.
tuned params: 3000 3000 2998 236 2 1 
Flops / stencil call:  11
Stencil computations:  224700100
Bytes transferred:     3600000000
Total Flops:           2471701100
Seconds elapsed:       0.452633
Performance in GFlop/s:     5.460716
Bandwidth utilization: 7.953461 GB/s
995807484.000000
Validation OK.
tuned params: 3000 3000 2998 236 2 1 
Flops / stencil call:  11
Stencil computations:  224700100
Bytes transferred:     3600000000
Total Flops:           2471701100
Seconds elapsed:       0.452378
Performance in GFlop/s:     5.463796
Bandwidth utilization: 7.957946 GB/s
995246304.000000
Validation OK.
tuned params: 3000 3000 2998 236 2 1 
Flops / stencil call:  11
Stencil computations:  224700100
Bytes transferred:     3600000000
Total Flops:           2471701100
Seconds elapsed:       0.454173
Performance in GFlop/s:     5.442201
Bandwidth utilization: 7.926493 GB/s
999195416.000000
Validation OK.
tuned params: 3000 3000 2998 236 2 1 
Flops / stencil call:  11
Stencil computations:  224700100
Bytes transferred:     3600000000
Total Flops:           2471701100
Seconds elapsed:       0.453366
Performance in GFlop/s:     5.451888
Bandwidth utilization: 7.940604 GB/s
997420612.000000
Validation OK.
tuned params: 3000 3000 2998 236 2 1 
Flops / stencil call:  11
Stencil computations:  224700100
Bytes transferred:     3600000000
Total Flops:           2471701100
Seconds elapsed:       0.454180
Performance in GFlop/s:     5.442118
Bandwidth utilization: 7.926373 GB/s
999212536.000000
Validation OK.
tuned params: 3000 3000 2998 236 2 1 
Flops / stencil call:  11
Stencil computations:  224700100
Bytes transferred:     3600000000
Total Flops:           2471701100
Seconds elapsed:       0.452585
Performance in GFlop/s:     5.461297
Bandwidth utilization: 7.954307 GB/s
995702352.000000
Validation OK.
tuned params: 3000 3000 2998 236 2 1 
Flops / stencil call:  11
Stencil computations:  224700100
Bytes transferred:     3600000000
Total Flops:           2471701100
Seconds elapsed:       0.454501
Performance in GFlop/s:     5.438275
Bandwidth utilization: 7.920776 GB/s
999917788.000000
Validation OK.
tuned params: 3000 3000 2998 236 2 1 
Flops / stencil call:  11
Stencil computations:  224700100
Bytes transferred:     3600000000
Total Flops:           2471701100
Seconds elapsed:       0.453309
Performance in GFlop/s:     5.452574
Bandwidth utilization: 7.941602 GB/s
997296124.000000
Validation OK.
