tuned params: 500 500 498 52 1 1 
Flops / stencil call:  11
Stencil computations:  6200100
Bytes transferred:     100000000
Total Flops:           68201100
Seconds elapsed:       0.001375
Performance in GFlop/s:     49.602245
Bandwidth utilization: 72.729391 GB/s
3025348.000000
Validation OK.
tuned params: 500 500 498 52 1 1 
Flops / stencil call:  11
Stencil computations:  6200100
Bytes transferred:     100000000
Total Flops:           68201100
Seconds elapsed:       0.001353
Performance in GFlop/s:     50.406369
Bandwidth utilization: 73.908441 GB/s
2975836.000000
Validation OK.
tuned params: 500 500 498 52 1 1 
Flops / stencil call:  11
Stencil computations:  6200100
Bytes transferred:     100000000
Total Flops:           68201100
Seconds elapsed:       0.001376
Performance in GFlop/s:     49.567865
Bandwidth utilization: 72.678981 GB/s
3024776.000000
Validation OK.
