tuned params: 500 500 498 64 1 1 
Flops / stencil call:  11
Stencil computations:  6200100
Bytes transferred:     100000000
Total Flops:           68201100
Seconds elapsed:       0.001622
Performance in GFlop/s:     42.048530
Bandwidth utilization: 61.653741 GB/s
3567512.000000
Validation OK.
tuned params: 500 500 498 64 1 1 
Flops / stencil call:  11
Stencil computations:  6200100
Bytes transferred:     100000000
Total Flops:           68201100
Seconds elapsed:       0.001650
Performance in GFlop/s:     41.331621
Bandwidth utilization: 60.602572 GB/s
3630528.000000
Validation OK.
tuned params: 500 500 498 64 1 1 
Flops / stencil call:  11
Stencil computations:  6200100
Bytes transferred:     100000000
Total Flops:           68201100
Seconds elapsed:       0.001630
Performance in GFlop/s:     41.839425
Bandwidth utilization: 61.347141 GB/s
3584544.000000
Validation OK.
tuned params: 500 500 498 64 1 1 
Flops / stencil call:  11
Stencil computations:  6200100
Bytes transferred:     100000000
Total Flops:           68201100
Seconds elapsed:       0.001663
Performance in GFlop/s:     41.011634
Bandwidth utilization: 60.133391 GB/s
3659148.000000
Validation OK.
tuned params: 500 500 498 64 1 1 
Flops / stencil call:  11
Stencil computations:  6200100
Bytes transferred:     100000000
Total Flops:           68201100
Seconds elapsed:       0.001645
Performance in GFlop/s:     41.457413
Bandwidth utilization: 60.787014 GB/s
3619556.000000
Validation OK.
tuned params: 500 500 498 64 1 1 
Flops / stencil call:  11
Stencil computations:  6200100
Bytes transferred:     100000000
Total Flops:           68201100
Seconds elapsed:       0.001632
Performance in GFlop/s:     41.790525
Bandwidth utilization: 61.275442 GB/s
3589784.000000
Validation OK.
tuned params: 500 500 498 64 1 1 
Flops / stencil call:  11
Stencil computations:  6200100
Bytes transferred:     100000000
Total Flops:           68201100
Seconds elapsed:       0.001658
Performance in GFlop/s:     41.135483
Bandwidth utilization: 60.314984 GB/s
3648444.000000
Validation OK.
tuned params: 500 500 498 64 1 1 
Flops / stencil call:  11
Stencil computations:  6200100
Bytes transferred:     100000000
Total Flops:           68201100
Seconds elapsed:       0.001633
Performance in GFlop/s:     41.766119
Bandwidth utilization: 61.239655 GB/s
3592400.000000
Validation OK.
tuned params: 500 500 498 64 1 1 
Flops / stencil call:  11
Stencil computations:  6200100
Bytes transferred:     100000000
Total Flops:           68201100
Seconds elapsed:       0.001636
Performance in GFlop/s:     41.686993
Bandwidth utilization: 61.123637 GB/s
3596832.000000
Validation OK.
tuned params: 500 500 498 64 1 1 
Flops / stencil call:  11
Stencil computations:  6200100
Bytes transferred:     100000000
Total Flops:           68201100
Seconds elapsed:       0.001647
Performance in GFlop/s:     41.409402
Bandwidth utilization: 60.716618 GB/s
3623320.000000
Validation OK.
