tuned params: 3000 3000 2998 376 2 1 
Flops / stencil call:  11
Stencil computations:  8988004000
Bytes transferred:     144000000000
Total Flops:           98868044000
Seconds elapsed:       4.751225
Performance in GFlop/s:     20.808959
Bandwidth utilization: 30.307973 GB/s
10453142876.000000
Validation OK.
tuned params: 3000 3000 2998 376 2 1 
Flops / stencil call:  11
Stencil computations:  8988004000
Bytes transferred:     144000000000
Total Flops:           98868044000
Seconds elapsed:       4.784447
Performance in GFlop/s:     20.664466
Bandwidth utilization: 30.097521 GB/s
10526237248.000000
Validation OK.
tuned params: 3000 3000 2998 376 2 1 
Flops / stencil call:  11
Stencil computations:  8988004000
Bytes transferred:     144000000000
Total Flops:           98868044000
Seconds elapsed:       4.816452
Performance in GFlop/s:     20.527152
Bandwidth utilization: 29.897526 GB/s
10596648080.000000
Validation OK.
tuned params: 3000 3000 2998 376 2 1 
Flops / stencil call:  11
Stencil computations:  8988004000
Bytes transferred:     144000000000
Total Flops:           98868044000
Seconds elapsed:       4.760364
Performance in GFlop/s:     20.769009
Bandwidth utilization: 30.249787 GB/s
10473252924.000000
Validation OK.
tuned params: 3000 3000 2998 376 2 1 
Flops / stencil call:  11
Stencil computations:  8988004000
Bytes transferred:     144000000000
Total Flops:           98868044000
Seconds elapsed:       4.828451
Performance in GFlop/s:     20.476140
Bandwidth utilization: 29.823228 GB/s
10623049156.000000
Validation OK.
tuned params: 3000 3000 2998 376 2 1 
Flops / stencil call:  11
Stencil computations:  8988004000
Bytes transferred:     144000000000
Total Flops:           98868044000
Seconds elapsed:       4.813973
Performance in GFlop/s:     20.537722
Bandwidth utilization: 29.912921 GB/s
10591195464.000000
Validation OK.
tuned params: 3000 3000 2998 376 2 1 
Flops / stencil call:  11
Stencil computations:  8988004000
Bytes transferred:     144000000000
Total Flops:           98868044000
Seconds elapsed:       4.808440
Performance in GFlop/s:     20.561356
Bandwidth utilization: 29.947343 GB/s
10579023512.000000
Validation OK.
tuned params: 3000 3000 2998 376 2 1 
Flops / stencil call:  11
Stencil computations:  8988004000
Bytes transferred:     144000000000
Total Flops:           98868044000
Seconds elapsed:       4.756465
Performance in GFlop/s:     20.786034
Bandwidth utilization: 30.274584 GB/s
10464673088.000000
Validation OK.
tuned params: 3000 3000 2998 376 2 1 
Flops / stencil call:  11
Stencil computations:  8988004000
Bytes transferred:     144000000000
Total Flops:           98868044000
Seconds elapsed:       4.793061
Performance in GFlop/s:     20.627328
Bandwidth utilization: 30.043431 GB/s
10545186264.000000
Validation OK.
tuned params: 3000 3000 2998 376 2 1 
Flops / stencil call:  11
Stencil computations:  8988004000
Bytes transferred:     144000000000
Total Flops:           98868044000
Seconds elapsed:       4.757272
Performance in GFlop/s:     20.782509
Bandwidth utilization: 30.269450 GB/s
10466448524.000000
Validation OK.
