tuned params: 500 500 498 352 4 1 
Flops / stencil call:  11
Stencil computations:  6200100
Bytes transferred:     100000000
Total Flops:           68201100
Seconds elapsed:       0.011873
Performance in GFlop/s:     5.744215
Bandwidth utilization: 8.422466 GB/s
26118764.000000
Validation OK.
tuned params: 500 500 498 352 4 1 
Flops / stencil call:  11
Stencil computations:  6200100
Bytes transferred:     100000000
Total Flops:           68201100
Seconds elapsed:       0.011800
Performance in GFlop/s:     5.779729
Bandwidth utilization: 8.474540 GB/s
25960352.000000
Validation OK.
tuned params: 500 500 498 352 4 1 
Flops / stencil call:  11
Stencil computations:  6200100
Bytes transferred:     100000000
Total Flops:           68201100
Seconds elapsed:       0.011914
Performance in GFlop/s:     5.724443
Bandwidth utilization: 8.393476 GB/s
26210872.000000
Validation OK.
