tuned params: 500 500 498 28 1 3 
Flops / stencil call:  11
Stencil computations:  6200100
Bytes transferred:     100000000
Total Flops:           68201100
Seconds elapsed:       0.001620
Performance in GFlop/s:     42.104231
Bandwidth utilization: 61.735414 GB/s
3562320.000000
Validation OK.
tuned params: 500 500 498 28 1 3 
Flops / stencil call:  11
Stencil computations:  6200100
Bytes transferred:     100000000
Total Flops:           68201100
Seconds elapsed:       0.001618
Performance in GFlop/s:     42.153868
Bandwidth utilization: 61.808193 GB/s
3559576.000000
Validation OK.
tuned params: 500 500 498 28 1 3 
Flops / stencil call:  11
Stencil computations:  6200100
Bytes transferred:     100000000
Total Flops:           68201100
Seconds elapsed:       0.001617
Performance in GFlop/s:     42.178730
Bandwidth utilization: 61.844648 GB/s
3557964.000000
Validation OK.
