iterations: 200
Total iterations: 1790412800 LUP
FLOP: 89
Total work: 159346739200 FLOP
performance: 0.051565 GLUP/s
Performance in GFLOP/s: 4.589296
size: 9000000
time: 34.721388
[1;34m[likwid-pin] Main PID -> core 0 - OK[0m
iterations: 200
Total iterations: 1790412800 LUP
FLOP: 89
Total work: 159346739200 FLOP
performance: 0.051145 GLUP/s
Performance in GFLOP/s: 4.551909
size: 9000000
time: 35.006572
[1;34m[likwid-pin] Main PID -> core 0 - OK[0m
iterations: 200
Total iterations: 1790412800 LUP
FLOP: 89
Total work: 159346739200 FLOP
performance: 0.050559 GLUP/s
Performance in GFLOP/s: 4.499771
size: 9000000
time: 35.412191
[1;34m[likwid-pin] Main PID -> core 0 - OK[0m
iterations: 200
Total iterations: 1790412800 LUP
FLOP: 89
Total work: 159346739200 FLOP
performance: 0.051396 GLUP/s
Performance in GFLOP/s: 4.574260
size: 9000000
time: 34.835522
[1;34m[likwid-pin] Main PID -> core 0 - OK[0m
iterations: 200
Total iterations: 1790412800 LUP
FLOP: 89
Total work: 159346739200 FLOP
performance: 0.051057 GLUP/s
Performance in GFLOP/s: 4.544052
size: 9000000
time: 35.067102
[1;34m[likwid-pin] Main PID -> core 0 - OK[0m
iterations: 200
Total iterations: 1790412800 LUP
FLOP: 89
Total work: 159346739200 FLOP
performance: 0.051407 GLUP/s
Performance in GFLOP/s: 4.575226
size: 9000000
time: 34.828168
[1;34m[likwid-pin] Main PID -> core 0 - OK[0m
iterations: 200
Total iterations: 1790412800 LUP
FLOP: 89
Total work: 159346739200 FLOP
performance: 0.051182 GLUP/s
Performance in GFLOP/s: 4.555237
size: 9000000
time: 34.980997
[1;34m[likwid-pin] Main PID -> core 0 - OK[0m
iterations: 200
Total iterations: 1790412800 LUP
FLOP: 89
Total work: 159346739200 FLOP
performance: 0.050903 GLUP/s
Performance in GFLOP/s: 4.530383
size: 9000000
time: 35.172909
[1;34m[likwid-pin] Main PID -> core 0 - OK[0m
iterations: 200
Total iterations: 1790412800 LUP
FLOP: 89
Total work: 159346739200 FLOP
performance: 0.051470 GLUP/s
Performance in GFLOP/s: 4.580861
size: 9000000
time: 34.785328
[1;34m[likwid-pin] Main PID -> core 0 - OK[0m
iterations: 200
Total iterations: 1790412800 LUP
FLOP: 89
Total work: 159346739200 FLOP
performance: 0.051102 GLUP/s
Performance in GFLOP/s: 4.548061
size: 9000000
time: 35.036196
[1;34m[likwid-pin] Main PID -> core 0 - OK[0m
