iterations: 200
Total iterations: 1790412800 LUP
FLOP: 89
Total work: 159346739200 FLOP
performance: 0.201171 GLUP/s
Performance in GFLOP/s: 17.904239
size: 9000000
time: 8.899945
iterations: 200
Total iterations: 1790412800 LUP
FLOP: 89
Total work: 159346739200 FLOP
performance: 0.200135 GLUP/s
Performance in GFLOP/s: 17.812012
size: 9000000
time: 8.946027
iterations: 200
Total iterations: 1790412800 LUP
FLOP: 89
Total work: 159346739200 FLOP
performance: 0.199642 GLUP/s
Performance in GFLOP/s: 17.768153
size: 9000000
time: 8.968109
iterations: 200
Total iterations: 1790412800 LUP
FLOP: 89
Total work: 159346739200 FLOP
performance: 0.200066 GLUP/s
Performance in GFLOP/s: 17.805885
size: 9000000
time: 8.949105
iterations: 200
Total iterations: 1790412800 LUP
FLOP: 89
Total work: 159346739200 FLOP
performance: 0.199690 GLUP/s
Performance in GFLOP/s: 17.772418
size: 9000000
time: 8.965957
iterations: 200
Total iterations: 1790412800 LUP
FLOP: 89
Total work: 159346739200 FLOP
performance: 0.199759 GLUP/s
Performance in GFLOP/s: 17.778552
size: 9000000
time: 8.962864
iterations: 200
Total iterations: 1790412800 LUP
FLOP: 89
Total work: 159346739200 FLOP
performance: 0.199656 GLUP/s
Performance in GFLOP/s: 17.769354
size: 9000000
time: 8.967503
iterations: 200
Total iterations: 1790412800 LUP
FLOP: 89
Total work: 159346739200 FLOP
performance: 0.199900 GLUP/s
Performance in GFLOP/s: 17.791071
size: 9000000
time: 8.956557
iterations: 200
Total iterations: 1790412800 LUP
FLOP: 89
Total work: 159346739200 FLOP
performance: 0.199953 GLUP/s
Performance in GFLOP/s: 17.795848
size: 9000000
time: 8.954153
iterations: 200
Total iterations: 1790412800 LUP
FLOP: 89
Total work: 159346739200 FLOP
performance: 0.199823 GLUP/s
Performance in GFLOP/s: 17.784278
size: 9000000
time: 8.959978
