iterations: 100
Total iterations: 895206400 LUP
FLOP: 89
Total work: 79673369600 FLOP
performance: 0.299171 GLUP/s
Performance in GFLOP/s: 26.626202
size: 9000000
time: 2.992292
iterations: 100
Total iterations: 895206400 LUP
FLOP: 89
Total work: 79673369600 FLOP
performance: 0.299651 GLUP/s
Performance in GFLOP/s: 26.668972
size: 9000000
time: 2.987493
iterations: 100
Total iterations: 895206400 LUP
FLOP: 89
Total work: 79673369600 FLOP
performance: 0.299688 GLUP/s
Performance in GFLOP/s: 26.672265
size: 9000000
time: 2.987124
iterations: 100
Total iterations: 895206400 LUP
FLOP: 89
Total work: 79673369600 FLOP
performance: 0.299657 GLUP/s
Performance in GFLOP/s: 26.669490
size: 9000000
time: 2.987435
iterations: 100
Total iterations: 895206400 LUP
FLOP: 89
Total work: 79673369600 FLOP
performance: 0.299880 GLUP/s
Performance in GFLOP/s: 26.689358
size: 9000000
time: 2.985211
