[1;34m[pthread wrapper] 
[0m[1;34m[pthread wrapper] MAIN -> 0
[0m[1;34m[pthread wrapper] PIN_MASK: [0m[1;34m0->1  [0m[1;34m1->2  [0m[1;34m2->3  [0m[1;34m3->4  [0m[1;34m4->5  [0m[1;34m5->6  [0m[1;34m6->7  [0m[1;34m
[pthread wrapper] SKIP MASK: 0x0
[0m[1;34m	threadid 47302873118464 -> core 1 - OK[0m[1;34m
[0m[1;34m	threadid 47302875219712 -> core 2 - OK[0m[1;34m
[0m[1;34m	threadid 47302877320960 -> core 3 - OK[0m[1;34m
[0m[1;34m	threadid 47302879422208 -> core 4 - OK[0m[1;34m
[0m[1;34m	threadid 47302881523456 -> core 5 - OK[0m[1;34m
[0m[1;34m	threadid 47302883624704 -> core 6 - OK[0m[1;34m
[0m[1;34m	threadid 47302885725952 -> core 7 - OK[0m[1;34m
[0miterations: 100
Total iterations: 895206400 LUP
FLOP: 89
Total work: 79673369600 FLOP
performance: 0.602204 GLUP/s
Performance in GFLOP/s: 53.596190
size: 9000000
time: 1.486549
[1;34m[pthread wrapper] 
[0m[1;34m[pthread wrapper] MAIN -> 0
[0m[1;34m[pthread wrapper] PIN_MASK: [0m[1;34m0->1  [0m[1;34m1->2  [0m[1;34m2->3  [0m[1;34m3->4  [0m[1;34m4->5  [0m[1;34m5->6  [0m[1;34m6->7  [0m[1;34m
[pthread wrapper] SKIP MASK: 0x0
[0m[1;34m	threadid 47176166622976 -> core 1 - OK[0m[1;34m
[0m[1;34m	threadid 47176168724224 -> core 2 - OK[0m[1;34m
[0m[1;34m	threadid 47176170825472 -> core 3 - OK[0m[1;34m
[0m[1;34m	threadid 47176172926720 -> core 4 - OK[0m[1;34m
[0m[1;34m	threadid 47176175027968 -> core 5 - OK[0m[1;34m
[0m[1;34m	threadid 47176177129216 -> core 6 - OK[0m[1;34m
[0m[1;34m	threadid 47176179230464 -> core 7 - OK[0m[1;34m
[0miterations: 100
Total iterations: 895206400 LUP
FLOP: 89
Total work: 79673369600 FLOP
performance: 0.602241 GLUP/s
Performance in GFLOP/s: 53.599405
size: 9000000
time: 1.486460
[1;34m[pthread wrapper] 
[0m[1;34m[pthread wrapper] MAIN -> 0
[0m[1;34m[pthread wrapper] PIN_MASK: [0m[1;34m0->1  [0m[1;34m1->2  [0m[1;34m2->3  [0m[1;34m3->4  [0m[1;34m4->5  [0m[1;34m5->6  [0m[1;34m6->7  [0m[1;34m
[pthread wrapper] SKIP MASK: 0x0
[0m[1;34m	threadid 47671587931904 -> core 1 - OK[0m[1;34m
[0m[1;34m	threadid 47671590033152 -> core 2 - OK[0m[1;34m
[0m[1;34m	threadid 47671592134400 -> core 3 - OK[0m[1;34m
[0m[1;34m	threadid 47671594235648 -> core 4 - OK[0m[1;34m
[0m[1;34m	threadid 47671596336896 -> core 5 - OK[0m[1;34m
[0m[1;34m	threadid 47671598438144 -> core 6 - OK[0m[1;34m
[0m[1;34m	threadid 47671600539392 -> core 7 - OK[0m[1;34m
[0miterations: 100
Total iterations: 895206400 LUP
FLOP: 89
Total work: 79673369600 FLOP
performance: 0.601762 GLUP/s
Performance in GFLOP/s: 53.556815
size: 9000000
time: 1.487642
[1;34m[pthread wrapper] 
[0m[1;34m[pthread wrapper] MAIN -> 0
[0m[1;34m[pthread wrapper] PIN_MASK: [0m[1;34m0->1  [0m[1;34m1->2  [0m[1;34m2->3  [0m[1;34m3->4  [0m[1;34m4->5  [0m[1;34m5->6  [0m[1;34m6->7  [0m[1;34m
[pthread wrapper] SKIP MASK: 0x0
[0m[1;34m	threadid 47181489751808 -> core 1 - OK[0m[1;34m
[0m[1;34m	threadid 47181491853056 -> core 2 - OK[0m[1;34m
[0m[1;34m	threadid 47181493954304 -> core 3 - OK[0m[1;34m
[0m[1;34m	threadid 47181496055552 -> core 4 - OK[0m[1;34m
[0m[1;34m	threadid 47181498156800 -> core 5 - OK[0m[1;34m
[0m[1;34m	threadid 47181500258048 -> core 6 - OK[0m[1;34m
[0m[1;34m	threadid 47181502359296 -> core 7 - OK[0m[1;34m
[0miterations: 100
Total iterations: 895206400 LUP
FLOP: 89
Total work: 79673369600 FLOP
performance: 0.601824 GLUP/s
Performance in GFLOP/s: 53.562360
size: 9000000
time: 1.487488
[1;34m[pthread wrapper] 
[0m[1;34m[pthread wrapper] MAIN -> 0
[0m[1;34m[pthread wrapper] PIN_MASK: [0m[1;34m0->1  [0m[1;34m1->2  [0m[1;34m2->3  [0m[1;34m3->4  [0m[1;34m4->5  [0m[1;34m5->6  [0m[1;34m6->7  [0m[1;34m
[pthread wrapper] SKIP MASK: 0x0
[0m[1;34m	threadid 47723208558336 -> core 1 - OK[0m[1;34m
[0m[1;34m	threadid 47723210659584 -> core 2 - OK[0m[1;34m
[0m[1;34m	threadid 47723212760832 -> core 3 - OK[0m[1;34m
[0m[1;34m	threadid 47723214862080 -> core 4 - OK[0m[1;34m
[0m[1;34m	threadid 47723216963328 -> core 5 - OK[0m[1;34m
[0m[1;34m	threadid 47723219064576 -> core 6 - OK[0m[1;34m
[0m[1;34m	threadid 47723221165824 -> core 7 - OK[0m[1;34m
[0miterations: 100
Total iterations: 895206400 LUP
FLOP: 89
Total work: 79673369600 FLOP
performance: 0.601831 GLUP/s
Performance in GFLOP/s: 53.562970
size: 9000000
time: 1.487471
