[1;34m[pthread wrapper] 
[0m[1;34m[pthread wrapper] MAIN -> 0
[0m[1;34m[pthread wrapper] PIN_MASK: [0m[1;34m0->1  [0m[1;34m1->2  [0m[1;34m2->3  [0m[1;34m
[pthread wrapper] SKIP MASK: 0x0
[0m[1;34m	threadid 139676380067584 -> core 1 - OK[0m[1;34m
[0m[1;34m	threadid 139676371674880 -> core 2 - OK[0m[1;34m
[0m[1;34m	threadid 139676363282176 -> core 3 - OK[0m[1;34m
[0miterations: 200
Total iterations: 48412800 LUP
FLOP: 89
Total work: 4308739200 FLOP
performance: 0.204376 GLUP/s
Performance in GFLOP/s: 18.189466
size: 250000
time: 0.236881
[1;34m[pthread wrapper] 
[0m[1;34m[pthread wrapper] MAIN -> 0
[0m[1;34m[pthread wrapper] PIN_MASK: [0m[1;34m0->1  [0m[1;34m1->2  [0m[1;34m2->3  [0m[1;34m
[pthread wrapper] SKIP MASK: 0x0
[0m[1;34m	threadid 139927320561408 -> core 1 - OK[0m[1;34m
[0m[1;34m	threadid 139927312168704 -> core 2 - OK[0m[1;34m
[0m[1;34m	threadid 139927303776000 -> core 3 - OK[0m[1;34m
[0miterations: 200
Total iterations: 48412800 LUP
FLOP: 89
Total work: 4308739200 FLOP
performance: 0.204432 GLUP/s
Performance in GFLOP/s: 18.194447
size: 250000
time: 0.236816
[1;34m[pthread wrapper] 
[0m[1;34m[pthread wrapper] MAIN -> 0
[0m[1;34m[pthread wrapper] PIN_MASK: [0m[1;34m0->1  [0m[1;34m1->2  [0m[1;34m2->3  [0m[1;34m
[pthread wrapper] SKIP MASK: 0x0
[0m[1;34m	threadid 139669735249664 -> core 1 - OK[0m[1;34m
[0m[1;34m	threadid 139669726856960 -> core 2 - OK[0m[1;34m
[0m[1;34m	threadid 139669718464256 -> core 3 - OK[0m[1;34m
[0miterations: 200
Total iterations: 48412800 LUP
FLOP: 89
Total work: 4308739200 FLOP
performance: 0.204156 GLUP/s
Performance in GFLOP/s: 18.169843
size: 250000
time: 0.237137
[1;34m[pthread wrapper] 
[0m[1;34m[pthread wrapper] MAIN -> 0
[0m[1;34m[pthread wrapper] PIN_MASK: [0m[1;34m0->1  [0m[1;34m1->2  [0m[1;34m2->3  [0m[1;34m
[pthread wrapper] SKIP MASK: 0x0
[0m[1;34m	threadid 140263178815232 -> core 1 - OK[0m[1;34m
[0m[1;34m	threadid 140263170422528 -> core 2 - OK[0m[1;34m
[0m[1;34m	threadid 140263162029824 -> core 3 - OK[0m[1;34m
[0miterations: 200
Total iterations: 48412800 LUP
FLOP: 89
Total work: 4308739200 FLOP
performance: 0.204365 GLUP/s
Performance in GFLOP/s: 18.188459
size: 250000
time: 0.236894
[1;34m[pthread wrapper] 
[0m[1;34m[pthread wrapper] MAIN -> 0
[0m[1;34m[pthread wrapper] PIN_MASK: [0m[1;34m0->1  [0m[1;34m1->2  [0m[1;34m2->3  [0m[1;34m
[pthread wrapper] SKIP MASK: 0x0
[0m[1;34m	threadid 139686072485632 -> core 1 - OK[0m[1;34m
[0m[1;34m	threadid 139686064092928 -> core 2 - OK[0m[1;34m
[0m[1;34m	threadid 139686055700224 -> core 3 - OK[0m[1;34m
[0miterations: 200
Total iterations: 48412800 LUP
FLOP: 89
Total work: 4308739200 FLOP
performance: 0.204142 GLUP/s
Performance in GFLOP/s: 18.168674
size: 250000
time: 0.237152
[1;34m[pthread wrapper] 
[0m[1;34m[pthread wrapper] MAIN -> 0
[0m[1;34m[pthread wrapper] PIN_MASK: [0m[1;34m0->1  [0m[1;34m1->2  [0m[1;34m2->3  [0m[1;34m
[pthread wrapper] SKIP MASK: 0x0
[0m[1;34m	threadid 140629090326272 -> core 1 - OK[0m[1;34m
[0m[1;34m	threadid 140629081933568 -> core 2 - OK[0m[1;34m
[0m[1;34m	threadid 140629073540864 -> core 3 - OK[0m[1;34m
[0miterations: 200
Total iterations: 48412800 LUP
FLOP: 89
Total work: 4308739200 FLOP
performance: 0.204573 GLUP/s
Performance in GFLOP/s: 18.206985
size: 250000
time: 0.236653
[1;34m[pthread wrapper] 
[0m[1;34m[pthread wrapper] MAIN -> 0
[0m[1;34m[pthread wrapper] PIN_MASK: [0m[1;34m0->1  [0m[1;34m1->2  [0m[1;34m2->3  [0m[1;34m
[pthread wrapper] SKIP MASK: 0x0
[0m[1;34m	threadid 139914794166016 -> core 1 - OK[0m[1;34m
[0m[1;34m	threadid 139914785773312 -> core 2 - OK[0m[1;34m
[0m[1;34m	threadid 139914777380608 -> core 3 - OK[0m[1;34m
[0miterations: 200
Total iterations: 48412800 LUP
FLOP: 89
Total work: 4308739200 FLOP
performance: 0.204247 GLUP/s
Performance in GFLOP/s: 18.177958
size: 250000
time: 0.237031
[1;34m[pthread wrapper] 
[0m[1;34m[pthread wrapper] MAIN -> 0
[0m[1;34m[pthread wrapper] PIN_MASK: [0m[1;34m0->1  [0m[1;34m1->2  [0m[1;34m2->3  [0m[1;34m
[pthread wrapper] SKIP MASK: 0x0
[0m[1;34m	threadid 140417703454464 -> core 1 - OK[0m[1;34m
[0m[1;34m	threadid 140417695061760 -> core 2 - OK[0m[1;34m
[0m[1;34m	threadid 140417686669056 -> core 3 - OK[0m[1;34m
[0miterations: 200
Total iterations: 48412800 LUP
FLOP: 89
Total work: 4308739200 FLOP
performance: 0.204528 GLUP/s
Performance in GFLOP/s: 18.203005
size: 250000
time: 0.236705
[1;34m[pthread wrapper] 
[0m[1;34m[pthread wrapper] MAIN -> 0
[0m[1;34m[pthread wrapper] PIN_MASK: [0m[1;34m0->1  [0m[1;34m1->2  [0m[1;34m2->3  [0m[1;34m
[pthread wrapper] SKIP MASK: 0x0
[0m[1;34m	threadid 139953639880448 -> core 1 - OK[0m[1;34m
[0m[1;34m	threadid 139953631487744 -> core 2 - OK[0m[1;34m
[0m[1;34m	threadid 139953623095040 -> core 3 - OK[0m[1;34m
[0miterations: 200
Total iterations: 48412800 LUP
FLOP: 89
Total work: 4308739200 FLOP
performance: 0.204058 GLUP/s
Performance in GFLOP/s: 18.161188
size: 250000
time: 0.237250
[1;34m[pthread wrapper] 
[0m[1;34m[pthread wrapper] MAIN -> 0
[0m[1;34m[pthread wrapper] PIN_MASK: [0m[1;34m0->1  [0m[1;34m1->2  [0m[1;34m2->3  [0m[1;34m
[pthread wrapper] SKIP MASK: 0x0
[0m[1;34m	threadid 140157058033408 -> core 1 - OK[0m[1;34m
[0m[1;34m	threadid 140157049640704 -> core 2 - OK[0m[1;34m
[0m[1;34m	threadid 140157041248000 -> core 3 - OK[0m[1;34m
[0miterations: 200
Total iterations: 48412800 LUP
FLOP: 89
Total work: 4308739200 FLOP
performance: 0.204602 GLUP/s
Performance in GFLOP/s: 18.209608
size: 250000
time: 0.236619
