iterations: 100
Total iterations: 895206400 LUP
FLOP: 89
Total work: 79673369600 FLOP
performance: 1.187160 GLUP/s
Performance in GFLOP/s: 105.657216
size: 9000000
time: 0.754074
iterations: 100
Total iterations: 895206400 LUP
FLOP: 89
Total work: 79673369600 FLOP
performance: 1.133814 GLUP/s
Performance in GFLOP/s: 100.909473
size: 9000000
time: 0.789553
iterations: 100
Total iterations: 895206400 LUP
FLOP: 89
Total work: 79673369600 FLOP
performance: 1.202947 GLUP/s
Performance in GFLOP/s: 107.062240
size: 9000000
time: 0.744178
iterations: 100
Total iterations: 895206400 LUP
FLOP: 89
Total work: 79673369600 FLOP
performance: 1.134317 GLUP/s
Performance in GFLOP/s: 100.954224
size: 9000000
time: 0.789203
iterations: 100
Total iterations: 895206400 LUP
FLOP: 89
Total work: 79673369600 FLOP
performance: 1.068940 GLUP/s
Performance in GFLOP/s: 95.135675
size: 9000000
time: 0.837471
