iterations: 200
Total iterations: 48412800 LUP
FLOP: 89
Total work: 4308739200 FLOP
performance: 0.097569 GLUP/s
Performance in GFLOP/s: 8.683613
size: 250000
time: 0.496192
iterations: 200
Total iterations: 48412800 LUP
FLOP: 89
Total work: 4308739200 FLOP
performance: 0.097831 GLUP/s
Performance in GFLOP/s: 8.706987
size: 250000
time: 0.494860
iterations: 200
Total iterations: 48412800 LUP
FLOP: 89
Total work: 4308739200 FLOP
performance: 0.098299 GLUP/s
Performance in GFLOP/s: 8.748602
size: 250000
time: 0.492506
iterations: 200
Total iterations: 48412800 LUP
FLOP: 89
Total work: 4308739200 FLOP
performance: 0.098498 GLUP/s
Performance in GFLOP/s: 8.766332
size: 250000
time: 0.491510
iterations: 200
Total iterations: 48412800 LUP
FLOP: 89
Total work: 4308739200 FLOP
performance: 0.097237 GLUP/s
Performance in GFLOP/s: 8.654052
size: 250000
time: 0.497887
iterations: 200
Total iterations: 48412800 LUP
FLOP: 89
Total work: 4308739200 FLOP
performance: 0.097187 GLUP/s
Performance in GFLOP/s: 8.649641
size: 250000
time: 0.498141
iterations: 200
Total iterations: 48412800 LUP
FLOP: 89
Total work: 4308739200 FLOP
performance: 0.097262 GLUP/s
Performance in GFLOP/s: 8.656361
size: 250000
time: 0.497754
iterations: 200
Total iterations: 48412800 LUP
FLOP: 89
Total work: 4308739200 FLOP
performance: 0.097590 GLUP/s
Performance in GFLOP/s: 8.685487
size: 250000
time: 0.496085
iterations: 200
Total iterations: 48412800 LUP
FLOP: 89
Total work: 4308739200 FLOP
performance: 0.098589 GLUP/s
Performance in GFLOP/s: 8.774419
size: 250000
time: 0.491057
iterations: 200
Total iterations: 48412800 LUP
FLOP: 89
Total work: 4308739200 FLOP
performance: 0.098719 GLUP/s
Performance in GFLOP/s: 8.785958
size: 250000
time: 0.490412
