[1;34m[pthread wrapper] 
[0m[1;34m[pthread wrapper] MAIN -> 0
[0m[1;34m[pthread wrapper] PIN_MASK: [0m[1;34m0->1  [0m[1;34m1->2  [0m[1;34m2->3  [0m[1;34m3->4  [0m[1;34m4->5  [0m[1;34m5->6  [0m[1;34m6->7  [0m[1;34m7->8  [0m[1;34m8->9  [0m[1;34m9->10  [0m[1;34m10->11  [0m[1;34m11->12  [0m[1;34m12->13  [0m[1;34m13->14  [0m[1;34m14->15  [0m[1;34m
[pthread wrapper] SKIP MASK: 0x0
[0m[1;34m	threadid 140349458798336 -> core 1 - OK[0m[1;34m
[0m[1;34m	threadid 140349450405632 -> core 2 - OK[0m[1;34m
[0m[1;34m	threadid 140349442012928 -> core 3 - OK[0m[1;34m
[0m[1;34m	threadid 140349433620224 -> core 4 - OK[0m[1;34m
[0m[1;34m	threadid 140349425227520 -> core 5 - OK[0m[1;34m
[0m[1;34m	threadid 140349416834816 -> core 6 - OK[0m[1;34m
[0m[1;34m	threadid 140349408442112 -> core 7 - OK[0m[1;34m
[0m[1;34m	threadid 140349400049408 -> core 8 - OK[0m[1;34m
[0m[1;34m	threadid 140349391656704 -> core 9 - OK[0m[1;34m
[0m[1;34m	threadid 140349383264000 -> core 10 - OK[0m[1;34m
[0m[1;34m	threadid 140349374871296 -> core 11 - OK[0m[1;34m
[0m[1;34m	threadid 140349366478592 -> core 12 - OK[0m[1;34m
[0m[1;34m	threadid 140349358085888 -> core 13 - OK[0m[1;34m
[0m[1;34m	threadid 140349349693184 -> core 14 - OK[0m[1;34m
[0m[1;34m	threadid 140349341300480 -> core 15 - OK[0m[1;34m
[0miterations: 200
Total iterations: 1790412800 LUP
FLOP: 89
Total work: 159346739200 FLOP
performance: 0.782342 GLUP/s
Performance in GFLOP/s: 69.628458
size: 9000000
time: 2.288529
[1;34m[pthread wrapper] 
[0m[1;34m[pthread wrapper] MAIN -> 0
[0m[1;34m[pthread wrapper] PIN_MASK: [0m[1;34m0->1  [0m[1;34m1->2  [0m[1;34m2->3  [0m[1;34m3->4  [0m[1;34m4->5  [0m[1;34m5->6  [0m[1;34m6->7  [0m[1;34m7->8  [0m[1;34m8->9  [0m[1;34m9->10  [0m[1;34m10->11  [0m[1;34m11->12  [0m[1;34m12->13  [0m[1;34m13->14  [0m[1;34m14->15  [0m[1;34m
[pthread wrapper] SKIP MASK: 0x0
[0m[1;34m	threadid 140697705654016 -> core 1 - OK[0m[1;34m
[0m[1;34m	threadid 140697697261312 -> core 2 - OK[0m[1;34m
[0m[1;34m	threadid 140697688868608 -> core 3 - OK[0m[1;34m
[0m[1;34m	threadid 140697680475904 -> core 4 - OK[0m[1;34m
[0m[1;34m	threadid 140697672083200 -> core 5 - OK[0m[1;34m
[0m[1;34m	threadid 140697663690496 -> core 6 - OK[0m[1;34m
[0m[1;34m	threadid 140697655297792 -> core 7 - OK[0m[1;34m
[0m[1;34m	threadid 140697646905088 -> core 8 - OK[0m[1;34m
[0m[1;34m	threadid 140697638512384 -> core 9 - OK[0m[1;34m
[0m[1;34m	threadid 140697630119680 -> core 10 - OK[0m[1;34m
[0m[1;34m	threadid 140697621726976 -> core 11 - OK[0m[1;34m
[0m[1;34m	threadid 140697613334272 -> core 12 - OK[0m[1;34m
[0m[1;34m	threadid 140697604941568 -> core 13 - OK[0m[1;34m
[0m[1;34m	threadid 140697596548864 -> core 14 - OK[0m[1;34m
[0m[1;34m	threadid 140697588156160 -> core 15 - OK[0m[1;34m
[0miterations: 200
Total iterations: 1790412800 LUP
FLOP: 89
Total work: 159346739200 FLOP
performance: 0.780812 GLUP/s
Performance in GFLOP/s: 69.492294
size: 9000000
time: 2.293013
[1;34m[pthread wrapper] 
[0m[1;34m[pthread wrapper] MAIN -> 0
[0m[1;34m[pthread wrapper] PIN_MASK: [0m[1;34m0->1  [0m[1;34m1->2  [0m[1;34m2->3  [0m[1;34m3->4  [0m[1;34m4->5  [0m[1;34m5->6  [0m[1;34m6->7  [0m[1;34m7->8  [0m[1;34m8->9  [0m[1;34m9->10  [0m[1;34m10->11  [0m[1;34m11->12  [0m[1;34m12->13  [0m[1;34m13->14  [0m[1;34m14->15  [0m[1;34m
[pthread wrapper] SKIP MASK: 0x0
[0m[1;34m	threadid 139830150588160 -> core 1 - OK[0m[1;34m
[0m[1;34m	threadid 139830142195456 -> core 2 - OK[0m[1;34m
[0m[1;34m	threadid 139830133802752 -> core 3 - OK[0m[1;34m
[0m[1;34m	threadid 139830125410048 -> core 4 - OK[0m[1;34m
[0m[1;34m	threadid 139830117017344 -> core 5 - OK[0m[1;34m
[0m[1;34m	threadid 139830108624640 -> core 6 - OK[0m[1;34m
[0m[1;34m	threadid 139830100231936 -> core 7 - OK[0m[1;34m
[0m[1;34m	threadid 139830091839232 -> core 8 - OK[0m[1;34m
[0m[1;34m	threadid 139830083446528 -> core 9 - OK[0m[1;34m
[0m[1;34m	threadid 139830075053824 -> core 10 - OK[0m[1;34m
[0m[1;34m	threadid 139830066661120 -> core 11 - OK[0m[1;34m
[0m[1;34m	threadid 139830058268416 -> core 12 - OK[0m[1;34m
[0m[1;34m	threadid 139830049875712 -> core 13 - OK[0m[1;34m
[0m[1;34m	threadid 139830041483008 -> core 14 - OK[0m[1;34m
[0m[1;34m	threadid 139830033090304 -> core 15 - OK[0m[1;34m
[0miterations: 200
Total iterations: 1790412800 LUP
FLOP: 89
Total work: 159346739200 FLOP
performance: 0.775447 GLUP/s
Performance in GFLOP/s: 69.014795
size: 9000000
time: 2.308878
[1;34m[pthread wrapper] 
[0m[1;34m[pthread wrapper] MAIN -> 0
[0m[1;34m[pthread wrapper] PIN_MASK: [0m[1;34m0->1  [0m[1;34m1->2  [0m[1;34m2->3  [0m[1;34m3->4  [0m[1;34m4->5  [0m[1;34m5->6  [0m[1;34m6->7  [0m[1;34m7->8  [0m[1;34m8->9  [0m[1;34m9->10  [0m[1;34m10->11  [0m[1;34m11->12  [0m[1;34m12->13  [0m[1;34m13->14  [0m[1;34m14->15  [0m[1;34m
[pthread wrapper] SKIP MASK: 0x0
[0m[1;34m	threadid 140046669219584 -> core 1 - OK[0m[1;34m
[0m[1;34m	threadid 140046660826880 -> core 2 - OK[0m[1;34m
[0m[1;34m	threadid 140046652434176 -> core 3 - OK[0m[1;34m
[0m[1;34m	threadid 140046644041472 -> core 4 - OK[0m[1;34m
[0m[1;34m	threadid 140046635648768 -> core 5 - OK[0m[1;34m
[0m[1;34m	threadid 140046627256064 -> core 6 - OK[0m[1;34m
[0m[1;34m	threadid 140046618863360 -> core 7 - OK[0m[1;34m
[0m[1;34m	threadid 140046610470656 -> core 8 - OK[0m[1;34m
[0m[1;34m	threadid 140046602077952 -> core 9 - OK[0m[1;34m
[0m[1;34m	threadid 140046593685248 -> core 10 - OK[0m[1;34m
[0m[1;34m	threadid 140046585292544 -> core 11 - OK[0m[1;34m
[0m[1;34m	threadid 140046576899840 -> core 12 - OK[0m[1;34m
[0m[1;34m	threadid 140046568507136 -> core 13 - OK[0m[1;34m
[0m[1;34m	threadid 140046560114432 -> core 14 - OK[0m[1;34m
[0m[1;34m	threadid 140046551721728 -> core 15 - OK[0m[1;34m
[0miterations: 200
Total iterations: 1790412800 LUP
FLOP: 89
Total work: 159346739200 FLOP
performance: 0.783382 GLUP/s
Performance in GFLOP/s: 69.721010
size: 9000000
time: 2.285491
[1;34m[pthread wrapper] 
[0m[1;34m[pthread wrapper] MAIN -> 0
[0m[1;34m[pthread wrapper] PIN_MASK: [0m[1;34m0->1  [0m[1;34m1->2  [0m[1;34m2->3  [0m[1;34m3->4  [0m[1;34m4->5  [0m[1;34m5->6  [0m[1;34m6->7  [0m[1;34m7->8  [0m[1;34m8->9  [0m[1;34m9->10  [0m[1;34m10->11  [0m[1;34m11->12  [0m[1;34m12->13  [0m[1;34m13->14  [0m[1;34m14->15  [0m[1;34m
[pthread wrapper] SKIP MASK: 0x0
[0m[1;34m	threadid 139951090661120 -> core 1 - OK[0m[1;34m
[0m[1;34m	threadid 139951082268416 -> core 2 - OK[0m[1;34m
[0m[1;34m	threadid 139951073875712 -> core 3 - OK[0m[1;34m
[0m[1;34m	threadid 139951065483008 -> core 4 - OK[0m[1;34m
[0m[1;34m	threadid 139951057090304 -> core 5 - OK[0m[1;34m
[0m[1;34m	threadid 139951048697600 -> core 6 - OK[0m[1;34m
[0m[1;34m	threadid 139951040304896 -> core 7 - OK[0m[1;34m
[0m[1;34m	threadid 139951031912192 -> core 8 - OK[0m[1;34m
[0m[1;34m	threadid 139951023519488 -> core 9 - OK[0m[1;34m
[0m[1;34m	threadid 139951015126784 -> core 10 - OK[0m[1;34m
[0m[1;34m	threadid 139951006734080 -> core 11 - OK[0m[1;34m
[0m[1;34m	threadid 139950998341376 -> core 12 - OK[0m[1;34m
[0m[1;34m	threadid 139950989948672 -> core 13 - OK[0m[1;34m
[0m[1;34m	threadid 139950981555968 -> core 14 - OK[0m[1;34m
[0m[1;34m	threadid 139950973163264 -> core 15 - OK[0m[1;34m
[0miterations: 200
Total iterations: 1790412800 LUP
FLOP: 89
Total work: 159346739200 FLOP
performance: 0.777746 GLUP/s
Performance in GFLOP/s: 69.219435
size: 9000000
time: 2.302052
[1;34m[pthread wrapper] 
[0m[1;34m[pthread wrapper] MAIN -> 0
[0m[1;34m[pthread wrapper] PIN_MASK: [0m[1;34m0->1  [0m[1;34m1->2  [0m[1;34m2->3  [0m[1;34m3->4  [0m[1;34m4->5  [0m[1;34m5->6  [0m[1;34m6->7  [0m[1;34m7->8  [0m[1;34m8->9  [0m[1;34m9->10  [0m[1;34m10->11  [0m[1;34m11->12  [0m[1;34m12->13  [0m[1;34m13->14  [0m[1;34m14->15  [0m[1;34m
[pthread wrapper] SKIP MASK: 0x0
[0m[1;34m	threadid 139767411726080 -> core 1 - OK[0m[1;34m
[0m[1;34m	threadid 139767403333376 -> core 2 - OK[0m[1;34m
[0m[1;34m	threadid 139767394940672 -> core 3 - OK[0m[1;34m
[0m[1;34m	threadid 139767386547968 -> core 4 - OK[0m[1;34m
[0m[1;34m	threadid 139767378155264 -> core 5 - OK[0m[1;34m
[0m[1;34m	threadid 139767369762560 -> core 6 - OK[0m[1;34m
[0m[1;34m	threadid 139767361369856 -> core 7 - OK[0m[1;34m
[0m[1;34m	threadid 139767352977152 -> core 8 - OK[0m[1;34m
[0m[1;34m	threadid 139767344584448 -> core 9 - OK[0m[1;34m
[0m[1;34m	threadid 139767336191744 -> core 10 - OK[0m[1;34m
[0m[1;34m	threadid 139767327799040 -> core 11 - OK[0m[1;34m
[0m[1;34m	threadid 139767319406336 -> core 12 - OK[0m[1;34m
[0m[1;34m	threadid 139767311013632 -> core 13 - OK[0m[1;34m
[0m[1;34m	threadid 139767302620928 -> core 14 - OK[0m[1;34m
[0m[1;34m	threadid 139767294228224 -> core 15 - OK[0m[1;34m
[0miterations: 200
Total iterations: 1790412800 LUP
FLOP: 89
Total work: 159346739200 FLOP
performance: 0.776167 GLUP/s
Performance in GFLOP/s: 69.078852
size: 9000000
time: 2.306737
[1;34m[pthread wrapper] 
[0m[1;34m[pthread wrapper] MAIN -> 0
[0m[1;34m[pthread wrapper] PIN_MASK: [0m[1;34m0->1  [0m[1;34m1->2  [0m[1;34m2->3  [0m[1;34m3->4  [0m[1;34m4->5  [0m[1;34m5->6  [0m[1;34m6->7  [0m[1;34m7->8  [0m[1;34m8->9  [0m[1;34m9->10  [0m[1;34m10->11  [0m[1;34m11->12  [0m[1;34m12->13  [0m[1;34m13->14  [0m[1;34m14->15  [0m[1;34m
[pthread wrapper] SKIP MASK: 0x0
[0m[1;34m	threadid 139774437959424 -> core 1 - OK[0m[1;34m
[0m[1;34m	threadid 139774429566720 -> core 2 - OK[0m[1;34m
[0m[1;34m	threadid 139774421174016 -> core 3 - OK[0m[1;34m
[0m[1;34m	threadid 139774412781312 -> core 4 - OK[0m[1;34m
[0m[1;34m	threadid 139774404388608 -> core 5 - OK[0m[1;34m
[0m[1;34m	threadid 139774395995904 -> core 6 - OK[0m[1;34m
[0m[1;34m	threadid 139774387603200 -> core 7 - OK[0m[1;34m
[0m[1;34m	threadid 139774379210496 -> core 8 - OK[0m[1;34m
[0m[1;34m	threadid 139774370817792 -> core 9 - OK[0m[1;34m
[0m[1;34m	threadid 139774362425088 -> core 10 - OK[0m[1;34m
[0m[1;34m	threadid 139774354032384 -> core 11 - OK[0m[1;34m
[0m[1;34m	threadid 139774345639680 -> core 12 - OK[0m[1;34m
[0m[1;34m	threadid 139774337246976 -> core 13 - OK[0m[1;34m
[0m[1;34m	threadid 139774328854272 -> core 14 - OK[0m[1;34m
[0m[1;34m	threadid 139774320461568 -> core 15 - OK[0m[1;34m
[0miterations: 200
Total iterations: 1790412800 LUP
FLOP: 89
Total work: 159346739200 FLOP
performance: 0.781869 GLUP/s
Performance in GFLOP/s: 69.586374
size: 9000000
time: 2.289913
[1;34m[pthread wrapper] 
[0m[1;34m[pthread wrapper] MAIN -> 0
[0m[1;34m[pthread wrapper] PIN_MASK: [0m[1;34m0->1  [0m[1;34m1->2  [0m[1;34m2->3  [0m[1;34m3->4  [0m[1;34m4->5  [0m[1;34m5->6  [0m[1;34m6->7  [0m[1;34m7->8  [0m[1;34m8->9  [0m[1;34m9->10  [0m[1;34m10->11  [0m[1;34m11->12  [0m[1;34m12->13  [0m[1;34m13->14  [0m[1;34m14->15  [0m[1;34m
[pthread wrapper] SKIP MASK: 0x0
[0m[1;34m	threadid 140390478956288 -> core 1 - OK[0m[1;34m
[0m[1;34m	threadid 140390470563584 -> core 2 - OK[0m[1;34m
[0m[1;34m	threadid 140390462170880 -> core 3 - OK[0m[1;34m
[0m[1;34m	threadid 140390453778176 -> core 4 - OK[0m[1;34m
[0m[1;34m	threadid 140390445385472 -> core 5 - OK[0m[1;34m
[0m[1;34m	threadid 140390436992768 -> core 6 - OK[0m[1;34m
[0m[1;34m	threadid 140390428600064 -> core 7 - OK[0m[1;34m
[0m[1;34m	threadid 140390420207360 -> core 8 - OK[0m[1;34m
[0m[1;34m	threadid 140390411814656 -> core 9 - OK[0m[1;34m
[0m[1;34m	threadid 140390403421952 -> core 10 - OK[0m[1;34m
[0m[1;34m	threadid 140390395029248 -> core 11 - OK[0m[1;34m
[0m[1;34m	threadid 140390386636544 -> core 12 - OK[0m[1;34m
[0m[1;34m	threadid 140390378243840 -> core 13 - OK[0m[1;34m
[0m[1;34m	threadid 140390369851136 -> core 14 - OK[0m[1;34m
[0m[1;34m	threadid 140390361458432 -> core 15 - OK[0m[1;34m
[0miterations: 200
Total iterations: 1790412800 LUP
FLOP: 89
Total work: 159346739200 FLOP
performance: 0.781715 GLUP/s
Performance in GFLOP/s: 69.572640
size: 9000000
time: 2.290365
[1;34m[pthread wrapper] 
[0m[1;34m[pthread wrapper] MAIN -> 0
[0m[1;34m[pthread wrapper] PIN_MASK: [0m[1;34m0->1  [0m[1;34m1->2  [0m[1;34m2->3  [0m[1;34m3->4  [0m[1;34m4->5  [0m[1;34m5->6  [0m[1;34m6->7  [0m[1;34m7->8  [0m[1;34m8->9  [0m[1;34m9->10  [0m[1;34m10->11  [0m[1;34m11->12  [0m[1;34m12->13  [0m[1;34m13->14  [0m[1;34m14->15  [0m[1;34m
[pthread wrapper] SKIP MASK: 0x0
[0m[1;34m	threadid 140186814895872 -> core 1 - OK[0m[1;34m
[0m[1;34m	threadid 140186806503168 -> core 2 - OK[0m[1;34m
[0m[1;34m	threadid 140186798110464 -> core 3 - OK[0m[1;34m
[0m[1;34m	threadid 140186789717760 -> core 4 - OK[0m[1;34m
[0m[1;34m	threadid 140186781325056 -> core 5 - OK[0m[1;34m
[0m[1;34m	threadid 140186772932352 -> core 6 - OK[0m[1;34m
[0m[1;34m	threadid 140186764539648 -> core 7 - OK[0m[1;34m
[0m[1;34m	threadid 140186756146944 -> core 8 - OK[0m[1;34m
[0m[1;34m	threadid 140186747754240 -> core 9 - OK[0m[1;34m
[0m[1;34m	threadid 140186739361536 -> core 10 - OK[0m[1;34m
[0m[1;34m	threadid 140186730968832 -> core 11 - OK[0m[1;34m
[0m[1;34m	threadid 140186722576128 -> core 12 - OK[0m[1;34m
[0m[1;34m	threadid 140186714183424 -> core 13 - OK[0m[1;34m
[0m[1;34m	threadid 140186705790720 -> core 14 - OK[0m[1;34m
[0m[1;34m	threadid 140186697398016 -> core 15 - OK[0m[1;34m
[0miterations: 200
Total iterations: 1790412800 LUP
FLOP: 89
Total work: 159346739200 FLOP
performance: 0.769206 GLUP/s
Performance in GFLOP/s: 68.459324
size: 9000000
time: 2.327612
[1;34m[pthread wrapper] 
[0m[1;34m[pthread wrapper] MAIN -> 0
[0m[1;34m[pthread wrapper] PIN_MASK: [0m[1;34m0->1  [0m[1;34m1->2  [0m[1;34m2->3  [0m[1;34m3->4  [0m[1;34m4->5  [0m[1;34m5->6  [0m[1;34m6->7  [0m[1;34m7->8  [0m[1;34m8->9  [0m[1;34m9->10  [0m[1;34m10->11  [0m[1;34m11->12  [0m[1;34m12->13  [0m[1;34m13->14  [0m[1;34m14->15  [0m[1;34m
[pthread wrapper] SKIP MASK: 0x0
[0m[1;34m	threadid 140126108059392 -> core 1 - OK[0m[1;34m
[0m[1;34m	threadid 140126099666688 -> core 2 - OK[0m[1;34m
[0m[1;34m	threadid 140126091273984 -> core 3 - OK[0m[1;34m
[0m[1;34m	threadid 140126082881280 -> core 4 - OK[0m[1;34m
[0m[1;34m	threadid 140126074488576 -> core 5 - OK[0m[1;34m
[0m[1;34m	threadid 140126066095872 -> core 6 - OK[0m[1;34m
[0m[1;34m	threadid 140126057703168 -> core 7 - OK[0m[1;34m
[0m[1;34m	threadid 140126049310464 -> core 8 - OK[0m[1;34m
[0m[1;34m	threadid 140126040917760 -> core 9 - OK[0m[1;34m
[0m[1;34m	threadid 140126032525056 -> core 10 - OK[0m[1;34m
[0m[1;34m	threadid 140126024132352 -> core 11 - OK[0m[1;34m
[0m[1;34m	threadid 140126015739648 -> core 12 - OK[0m[1;34m
[0m[1;34m	threadid 140126007346944 -> core 13 - OK[0m[1;34m
[0m[1;34m	threadid 140125998954240 -> core 14 - OK[0m[1;34m
[0m[1;34m	threadid 140125990561536 -> core 15 - OK[0m[1;34m
[0miterations: 200
Total iterations: 1790412800 LUP
FLOP: 89
Total work: 159346739200 FLOP
performance: 0.780035 GLUP/s
Performance in GFLOP/s: 69.423142
size: 9000000
time: 2.295297
