[1;34m[pthread wrapper] 
[0m[1;34m[pthread wrapper] MAIN -> 0
[0m[1;34m[pthread wrapper] PIN_MASK: [0m[1;34m0->1  [0m[1;34m
[pthread wrapper] SKIP MASK: 0x0
[0m[1;34m	threadid 140254516377344 -> core 1 - OK[0m[1;34m
[0miterations: 200
Total iterations: 1790412800 LUP
FLOP: 89
Total work: 159346739200 FLOP
performance: 0.101324 GLUP/s
Performance in GFLOP/s: 9.017824
size: 9000000
time: 17.670198
[1;34m[pthread wrapper] 
[0m[1;34m[pthread wrapper] MAIN -> 0
[0m[1;34m[pthread wrapper] PIN_MASK: [0m[1;34m0->1  [0m[1;34m
[pthread wrapper] SKIP MASK: 0x0
[0m[1;34m	threadid 140484602287872 -> core 1 - OK[0m[1;34m
[0miterations: 200
Total iterations: 1790412800 LUP
FLOP: 89
Total work: 159346739200 FLOP
performance: 0.101386 GLUP/s
Performance in GFLOP/s: 9.023345
size: 9000000
time: 17.659387
[1;34m[pthread wrapper] 
[0m[1;34m[pthread wrapper] MAIN -> 0
[0m[1;34m[pthread wrapper] PIN_MASK: [0m[1;34m0->1  [0m[1;34m
[pthread wrapper] SKIP MASK: 0x0
[0m[1;34m	threadid 139708818269952 -> core 1 - OK[0m[1;34m
[0miterations: 200
Total iterations: 1790412800 LUP
FLOP: 89
Total work: 159346739200 FLOP
performance: 0.101559 GLUP/s
Performance in GFLOP/s: 9.038715
size: 9000000
time: 17.629357
[1;34m[pthread wrapper] 
[0m[1;34m[pthread wrapper] MAIN -> 0
[0m[1;34m[pthread wrapper] PIN_MASK: [0m[1;34m0->1  [0m[1;34m
[pthread wrapper] SKIP MASK: 0x0
[0m[1;34m	threadid 139702852560640 -> core 1 - OK[0m[1;34m
[0miterations: 200
Total iterations: 1790412800 LUP
FLOP: 89
Total work: 159346739200 FLOP
performance: 0.101293 GLUP/s
Performance in GFLOP/s: 9.015054
size: 9000000
time: 17.675628
[1;34m[pthread wrapper] 
[0m[1;34m[pthread wrapper] MAIN -> 0
[0m[1;34m[pthread wrapper] PIN_MASK: [0m[1;34m0->1  [0m[1;34m
[pthread wrapper] SKIP MASK: 0x0
[0m[1;34m	threadid 140561465739008 -> core 1 - OK[0m[1;34m
[0miterations: 200
Total iterations: 1790412800 LUP
FLOP: 89
Total work: 159346739200 FLOP
performance: 0.101704 GLUP/s
Performance in GFLOP/s: 9.051670
size: 9000000
time: 17.604126
[1;34m[pthread wrapper] 
[0m[1;34m[pthread wrapper] MAIN -> 0
[0m[1;34m[pthread wrapper] PIN_MASK: [0m[1;34m0->1  [0m[1;34m
[pthread wrapper] SKIP MASK: 0x0
[0m[1;34m	threadid 139771855955712 -> core 1 - OK[0m[1;34m
[0miterations: 200
Total iterations: 1790412800 LUP
FLOP: 89
Total work: 159346739200 FLOP
performance: 0.101018 GLUP/s
Performance in GFLOP/s: 8.990590
size: 9000000
time: 17.723724
[1;34m[pthread wrapper] 
[0m[1;34m[pthread wrapper] MAIN -> 0
[0m[1;34m[pthread wrapper] PIN_MASK: [0m[1;34m0->1  [0m[1;34m
[pthread wrapper] SKIP MASK: 0x0
[0m[1;34m	threadid 140663609526016 -> core 1 - OK[0m[1;34m
[0miterations: 200
Total iterations: 1790412800 LUP
FLOP: 89
Total work: 159346739200 FLOP
performance: 0.101483 GLUP/s
Performance in GFLOP/s: 9.032026
size: 9000000
time: 17.642414
[1;34m[pthread wrapper] 
[0m[1;34m[pthread wrapper] MAIN -> 0
[0m[1;34m[pthread wrapper] PIN_MASK: [0m[1;34m0->1  [0m[1;34m
[pthread wrapper] SKIP MASK: 0x0
[0m[1;34m	threadid 139998218503936 -> core 1 - OK[0m[1;34m
[0miterations: 200
Total iterations: 1790412800 LUP
FLOP: 89
Total work: 159346739200 FLOP
performance: 0.101899 GLUP/s
Performance in GFLOP/s: 9.069028
size: 9000000
time: 17.570431
[1;34m[pthread wrapper] 
[0m[1;34m[pthread wrapper] MAIN -> 0
[0m[1;34m[pthread wrapper] PIN_MASK: [0m[1;34m0->1  [0m[1;34m
[pthread wrapper] SKIP MASK: 0x0
[0m[1;34m	threadid 139995238819584 -> core 1 - OK[0m[1;34m
[0miterations: 200
Total iterations: 1790412800 LUP
FLOP: 89
Total work: 159346739200 FLOP
performance: 0.101192 GLUP/s
Performance in GFLOP/s: 9.006123
size: 9000000
time: 17.693156
[1;34m[pthread wrapper] 
[0m[1;34m[pthread wrapper] MAIN -> 0
[0m[1;34m[pthread wrapper] PIN_MASK: [0m[1;34m0->1  [0m[1;34m
[pthread wrapper] SKIP MASK: 0x0
[0m[1;34m	threadid 140376657925888 -> core 1 - OK[0m[1;34m
[0miterations: 200
Total iterations: 1790412800 LUP
FLOP: 89
Total work: 159346739200 FLOP
performance: 0.101882 GLUP/s
Performance in GFLOP/s: 9.067483
size: 9000000
time: 17.573425
