iterations: 200
Total iterations: 1790412800 LUP
FLOP: 89
Total work: 159346739200 FLOP
performance: 0.100511 GLUP/s
Performance in GFLOP/s: 8.945442
size: 9000000
time: 17.813177
iterations: 200
Total iterations: 1790412800 LUP
FLOP: 89
Total work: 159346739200 FLOP
performance: 0.100047 GLUP/s
Performance in GFLOP/s: 8.904190
size: 9000000
time: 17.895703
iterations: 200
Total iterations: 1790412800 LUP
FLOP: 89
Total work: 159346739200 FLOP
performance: 0.100197 GLUP/s
Performance in GFLOP/s: 8.917527
size: 9000000
time: 17.868938
iterations: 200
Total iterations: 1790412800 LUP
FLOP: 89
Total work: 159346739200 FLOP
performance: 0.100224 GLUP/s
Performance in GFLOP/s: 8.919973
size: 9000000
time: 17.864039
iterations: 200
Total iterations: 1790412800 LUP
FLOP: 89
Total work: 159346739200 FLOP
performance: 0.100320 GLUP/s
Performance in GFLOP/s: 8.928497
size: 9000000
time: 17.846983
iterations: 200
Total iterations: 1790412800 LUP
FLOP: 89
Total work: 159346739200 FLOP
performance: 0.100432 GLUP/s
Performance in GFLOP/s: 8.938491
size: 9000000
time: 17.827030
iterations: 200
Total iterations: 1790412800 LUP
FLOP: 89
Total work: 159346739200 FLOP
performance: 0.100421 GLUP/s
Performance in GFLOP/s: 8.937512
size: 9000000
time: 17.828982
iterations: 200
Total iterations: 1790412800 LUP
FLOP: 89
Total work: 159346739200 FLOP
performance: 0.100425 GLUP/s
Performance in GFLOP/s: 8.937795
size: 9000000
time: 17.828417
iterations: 200
Total iterations: 1790412800 LUP
FLOP: 89
Total work: 159346739200 FLOP
performance: 0.099830 GLUP/s
Performance in GFLOP/s: 8.884910
size: 9000000
time: 17.934536
iterations: 200
Total iterations: 1790412800 LUP
FLOP: 89
Total work: 159346739200 FLOP
performance: 0.100201 GLUP/s
Performance in GFLOP/s: 8.917928
size: 9000000
time: 17.868134
