iterations: 200
Total iterations: 48412800 LUP
FLOP: 89
Total work: 4308739200 FLOP
performance: 0.051598 GLUP/s
Performance in GFLOP/s: 4.592207
size: 250000
time: 0.938272
iterations: 200
Total iterations: 48412800 LUP
FLOP: 89
Total work: 4308739200 FLOP
performance: 0.052126 GLUP/s
Performance in GFLOP/s: 4.639234
size: 250000
time: 0.928761
iterations: 200
Total iterations: 48412800 LUP
FLOP: 89
Total work: 4308739200 FLOP
performance: 0.051431 GLUP/s
Performance in GFLOP/s: 4.577338
size: 250000
time: 0.941320
iterations: 200
Total iterations: 48412800 LUP
FLOP: 89
Total work: 4308739200 FLOP
performance: 0.051959 GLUP/s
Performance in GFLOP/s: 4.624385
size: 250000
time: 0.931743
iterations: 200
Total iterations: 48412800 LUP
FLOP: 89
Total work: 4308739200 FLOP
performance: 0.051368 GLUP/s
Performance in GFLOP/s: 4.571724
size: 250000
time: 0.942476
iterations: 200
Total iterations: 48412800 LUP
FLOP: 89
Total work: 4308739200 FLOP
performance: 0.052168 GLUP/s
Performance in GFLOP/s: 4.642978
size: 250000
time: 0.928012
iterations: 200
Total iterations: 48412800 LUP
FLOP: 89
Total work: 4308739200 FLOP
performance: 0.051859 GLUP/s
Performance in GFLOP/s: 4.615485
size: 250000
time: 0.933540
iterations: 200
Total iterations: 48412800 LUP
FLOP: 89
Total work: 4308739200 FLOP
performance: 0.051342 GLUP/s
Performance in GFLOP/s: 4.569444
size: 250000
time: 0.942946
iterations: 200
Total iterations: 48412800 LUP
FLOP: 89
Total work: 4308739200 FLOP
performance: 0.051867 GLUP/s
Performance in GFLOP/s: 4.616152
size: 250000
time: 0.933405
iterations: 200
Total iterations: 48412800 LUP
FLOP: 89
Total work: 4308739200 FLOP
performance: 0.052144 GLUP/s
Performance in GFLOP/s: 4.640838
size: 250000
time: 0.928440
