[1;34m[pthread wrapper] 
[0m[1;34m[pthread wrapper] MAIN -> 0
[0m[1;34m[pthread wrapper] PIN_MASK: [0m[1;34m0->1  [0m[1;34m1->2  [0m[1;34m2->3  [0m[1;34m3->10  [0m[1;34m4->11  [0m[1;34m5->12  [0m[1;34m6->13  [0m[1;34m
[pthread wrapper] SKIP MASK: 0x0
[0m[1;34m	threadid 47917300041472 -> core 1 - OK[0m[1;34m
[0m[1;34m	threadid 47917302142720 -> core 2 - OK[0m[1;34m
[0m[1;34m	threadid 47917304243968 -> core 3 - OK[0m[1;34m
[0m[1;34m	threadid 47917306345216 -> core 10 - OK[0m[1;34m
[0m[1;34m	threadid 47917308446464 -> core 11 - OK[0m[1;34m
[0m[1;34m	threadid 47917310547712 -> core 12 - OK[0m[1;34m
[0m[1;34m	threadid 47917312648960 -> core 13 - OK[0m[1;34m
[0miterations: 100
Total iterations: 895206400 LUP
FLOP: 89
Total work: 79673369600 FLOP
performance: 0.590439 GLUP/s
Performance in GFLOP/s: 52.549100
size: 9000000
time: 1.516170
[1;34m[pthread wrapper] 
[0m[1;34m[pthread wrapper] MAIN -> 0
[0m[1;34m[pthread wrapper] PIN_MASK: [0m[1;34m0->1  [0m[1;34m1->2  [0m[1;34m2->3  [0m[1;34m3->10  [0m[1;34m4->11  [0m[1;34m5->12  [0m[1;34m6->13  [0m[1;34m
[pthread wrapper] SKIP MASK: 0x0
[0m[1;34m	threadid 47147751819008 -> core 1 - OK[0m[1;34m
[0m[1;34m	threadid 47147753920256 -> core 2 - OK[0m[1;34m
[0m[1;34m	threadid 47147756021504 -> core 3 - OK[0m[1;34m
[0m[1;34m	threadid 47147758122752 -> core 10 - OK[0m[1;34m
[0m[1;34m	threadid 47147760224000 -> core 11 - OK[0m[1;34m
[0m[1;34m	threadid 47147762325248 -> core 12 - OK[0m[1;34m
[0m[1;34m	threadid 47147764426496 -> core 13 - OK[0m[1;34m
[0miterations: 100
Total iterations: 895206400 LUP
FLOP: 89
Total work: 79673369600 FLOP
performance: 0.590966 GLUP/s
Performance in GFLOP/s: 52.596003
size: 9000000
time: 1.514818
[1;34m[pthread wrapper] 
[0m[1;34m[pthread wrapper] MAIN -> 0
[0m[1;34m[pthread wrapper] PIN_MASK: [0m[1;34m0->1  [0m[1;34m1->2  [0m[1;34m2->3  [0m[1;34m3->10  [0m[1;34m4->11  [0m[1;34m5->12  [0m[1;34m6->13  [0m[1;34m
[pthread wrapper] SKIP MASK: 0x0
[0m[1;34m	threadid 47078552389376 -> core 1 - OK[0m[1;34m
[0m[1;34m	threadid 47078554490624 -> core 2 - OK[0m[1;34m
[0m[1;34m	threadid 47078556591872 -> core 3 - OK[0m[1;34m
[0m[1;34m	threadid 47078558693120 -> core 10 - OK[0m[1;34m
[0m[1;34m	threadid 47078560794368 -> core 11 - OK[0m[1;34m
[0m[1;34m	threadid 47078562895616 -> core 12 - OK[0m[1;34m
[0m[1;34m	threadid 47078564996864 -> core 13 - OK[0m[1;34m
[0miterations: 100
Total iterations: 895206400 LUP
FLOP: 89
Total work: 79673369600 FLOP
performance: 0.593643 GLUP/s
Performance in GFLOP/s: 52.834187
size: 9000000
time: 1.507989
[1;34m[pthread wrapper] 
[0m[1;34m[pthread wrapper] MAIN -> 0
[0m[1;34m[pthread wrapper] PIN_MASK: [0m[1;34m0->1  [0m[1;34m1->2  [0m[1;34m2->3  [0m[1;34m3->10  [0m[1;34m4->11  [0m[1;34m5->12  [0m[1;34m6->13  [0m[1;34m
[pthread wrapper] SKIP MASK: 0x0
[0m[1;34m	threadid 47916325918464 -> core 1 - OK[0m[1;34m
[0m[1;34m	threadid 47916328019712 -> core 2 - OK[0m[1;34m
[0m[1;34m	threadid 47916330120960 -> core 3 - OK[0m[1;34m
[0m[1;34m	threadid 47916332222208 -> core 10 - OK[0m[1;34m
[0m[1;34m	threadid 47916334323456 -> core 11 - OK[0m[1;34m
[0m[1;34m	threadid 47916336424704 -> core 12 - OK[0m[1;34m
[0m[1;34m	threadid 47916338525952 -> core 13 - OK[0m[1;34m
[0miterations: 100
Total iterations: 895206400 LUP
FLOP: 89
Total work: 79673369600 FLOP
performance: 0.593777 GLUP/s
Performance in GFLOP/s: 52.846135
size: 9000000
time: 1.507648
[1;34m[pthread wrapper] 
[0m[1;34m[pthread wrapper] MAIN -> 0
[0m[1;34m[pthread wrapper] PIN_MASK: [0m[1;34m0->1  [0m[1;34m1->2  [0m[1;34m2->3  [0m[1;34m3->10  [0m[1;34m4->11  [0m[1;34m5->12  [0m[1;34m6->13  [0m[1;34m
[pthread wrapper] SKIP MASK: 0x0
[0m[1;34m	threadid 47216381093632 -> core 1 - OK[0m[1;34m
[0m[1;34m	threadid 47216383194880 -> core 2 - OK[0m[1;34m
[0m[1;34m	threadid 47216385296128 -> core 3 - OK[0m[1;34m
[0m[1;34m	threadid 47216387397376 -> core 10 - OK[0m[1;34m
[0m[1;34m	threadid 47216389498624 -> core 11 - OK[0m[1;34m
[0m[1;34m	threadid 47216391599872 -> core 12 - OK[0m[1;34m
[0m[1;34m	threadid 47216393701120 -> core 13 - OK[0m[1;34m
[0miterations: 100
Total iterations: 895206400 LUP
FLOP: 89
Total work: 79673369600 FLOP
performance: 0.589519 GLUP/s
Performance in GFLOP/s: 52.467156
size: 9000000
time: 1.518538
