[1;34m[pthread wrapper] 
[0m[1;34m[pthread wrapper] MAIN -> 0
[0m[1;34m[pthread wrapper] PIN_MASK: [0m[1;34m0->1  [0m[1;34m1->2  [0m[1;34m2->3  [0m[1;34m3->4  [0m[1;34m4->5  [0m[1;34m5->6  [0m[1;34m6->7  [0m[1;34m7->8  [0m[1;34m8->9  [0m[1;34m
[pthread wrapper] SKIP MASK: 0x0
[0m[1;34m	threadid 140497444349696 -> core 1 - OK[0m[1;34m
[0m[1;34m	threadid 140497435956992 -> core 2 - OK[0m[1;34m
[0m[1;34m	threadid 140497427564288 -> core 3 - OK[0m[1;34m
[0m[1;34m	threadid 140497419171584 -> core 4 - OK[0m[1;34m
[0m[1;34m	threadid 140497410778880 -> core 5 - OK[0m[1;34m
[0m[1;34m	threadid 140497402386176 -> core 6 - OK[0m[1;34m
[0m[1;34m	threadid 140497393993472 -> core 7 - OK[0m[1;34m
[0m[1;34m	threadid 140497385600768 -> core 8 - OK[0m[1;34m
[0m[1;34m	threadid 140497377208064 -> core 9 - OK[0m[1;34m
[0miterations: 200
Total iterations: 1790412800 LUP
FLOP: 89
Total work: 159346739200 FLOP
performance: 0.500234 GLUP/s
Performance in GFLOP/s: 44.520783
size: 9000000
time: 3.579154
[1;34m[pthread wrapper] 
[0m[1;34m[pthread wrapper] MAIN -> 0
[0m[1;34m[pthread wrapper] PIN_MASK: [0m[1;34m0->1  [0m[1;34m1->2  [0m[1;34m2->3  [0m[1;34m3->4  [0m[1;34m4->5  [0m[1;34m5->6  [0m[1;34m6->7  [0m[1;34m7->8  [0m[1;34m8->9  [0m[1;34m
[pthread wrapper] SKIP MASK: 0x0
[0m[1;34m	threadid 139939896137472 -> core 1 - OK[0m[1;34m
[0m[1;34m	threadid 139939887744768 -> core 2 - OK[0m[1;34m
[0m[1;34m	threadid 139939879352064 -> core 3 - OK[0m[1;34m
[0m[1;34m	threadid 139939870959360 -> core 4 - OK[0m[1;34m
[0m[1;34m	threadid 139939862566656 -> core 5 - OK[0m[1;34m
[0m[1;34m	threadid 139939854173952 -> core 6 - OK[0m[1;34m
[0m[1;34m	threadid 139939845781248 -> core 7 - OK[0m[1;34m
[0m[1;34m	threadid 139939837388544 -> core 8 - OK[0m[1;34m
[0m[1;34m	threadid 139939828995840 -> core 9 - OK[0m[1;34m
[0miterations: 200
Total iterations: 1790412800 LUP
FLOP: 89
Total work: 159346739200 FLOP
performance: 0.500119 GLUP/s
Performance in GFLOP/s: 44.510575
size: 9000000
time: 3.579975
[1;34m[pthread wrapper] 
[0m[1;34m[pthread wrapper] MAIN -> 0
[0m[1;34m[pthread wrapper] PIN_MASK: [0m[1;34m0->1  [0m[1;34m1->2  [0m[1;34m2->3  [0m[1;34m3->4  [0m[1;34m4->5  [0m[1;34m5->6  [0m[1;34m6->7  [0m[1;34m7->8  [0m[1;34m8->9  [0m[1;34m
[pthread wrapper] SKIP MASK: 0x0
[0m[1;34m	threadid 140086943627008 -> core 1 - OK[0m[1;34m
[0m[1;34m	threadid 140086935234304 -> core 2 - OK[0m[1;34m
[0m[1;34m	threadid 140086926841600 -> core 3 - OK[0m[1;34m
[0m[1;34m	threadid 140086918448896 -> core 4 - OK[0m[1;34m
[0m[1;34m	threadid 140086910056192 -> core 5 - OK[0m[1;34m
[0m[1;34m	threadid 140086901663488 -> core 6 - OK[0m[1;34m
[0m[1;34m	threadid 140086893270784 -> core 7 - OK[0m[1;34m
[0m[1;34m	threadid 140086884878080 -> core 8 - OK[0m[1;34m
[0m[1;34m	threadid 140086876485376 -> core 9 - OK[0m[1;34m
[0miterations: 200
Total iterations: 1790412800 LUP
FLOP: 89
Total work: 159346739200 FLOP
performance: 0.500900 GLUP/s
Performance in GFLOP/s: 44.580134
size: 9000000
time: 3.574389
[1;34m[pthread wrapper] 
[0m[1;34m[pthread wrapper] MAIN -> 0
[0m[1;34m[pthread wrapper] PIN_MASK: [0m[1;34m0->1  [0m[1;34m1->2  [0m[1;34m2->3  [0m[1;34m3->4  [0m[1;34m4->5  [0m[1;34m5->6  [0m[1;34m6->7  [0m[1;34m7->8  [0m[1;34m8->9  [0m[1;34m
[pthread wrapper] SKIP MASK: 0x0
[0m[1;34m	threadid 139723996669696 -> core 1 - OK[0m[1;34m
[0m[1;34m	threadid 139723988276992 -> core 2 - OK[0m[1;34m
[0m[1;34m	threadid 139723979884288 -> core 3 - OK[0m[1;34m
[0m[1;34m	threadid 139723971491584 -> core 4 - OK[0m[1;34m
[0m[1;34m	threadid 139723963098880 -> core 5 - OK[0m[1;34m
[0m[1;34m	threadid 139723954706176 -> core 6 - OK[0m[1;34m
[0m[1;34m	threadid 139723946313472 -> core 7 - OK[0m[1;34m
[0m[1;34m	threadid 139723937920768 -> core 8 - OK[0m[1;34m
[0m[1;34m	threadid 139723929528064 -> core 9 - OK[0m[1;34m
[0miterations: 200
Total iterations: 1790412800 LUP
FLOP: 89
Total work: 159346739200 FLOP
performance: 0.499712 GLUP/s
Performance in GFLOP/s: 44.474371
size: 9000000
time: 3.582889
[1;34m[pthread wrapper] 
[0m[1;34m[pthread wrapper] MAIN -> 0
[0m[1;34m[pthread wrapper] PIN_MASK: [0m[1;34m0->1  [0m[1;34m1->2  [0m[1;34m2->3  [0m[1;34m3->4  [0m[1;34m4->5  [0m[1;34m5->6  [0m[1;34m6->7  [0m[1;34m7->8  [0m[1;34m8->9  [0m[1;34m
[pthread wrapper] SKIP MASK: 0x0
[0m[1;34m	threadid 139865495222016 -> core 1 - OK[0m[1;34m
[0m[1;34m	threadid 139865486829312 -> core 2 - OK[0m[1;34m
[0m[1;34m	threadid 139865478436608 -> core 3 - OK[0m[1;34m
[0m[1;34m	threadid 139865470043904 -> core 4 - OK[0m[1;34m
[0m[1;34m	threadid 139865461651200 -> core 5 - OK[0m[1;34m
[0m[1;34m	threadid 139865453258496 -> core 6 - OK[0m[1;34m
[0m[1;34m	threadid 139865444865792 -> core 7 - OK[0m[1;34m
[0m[1;34m	threadid 139865436473088 -> core 8 - OK[0m[1;34m
[0m[1;34m	threadid 139865428080384 -> core 9 - OK[0m[1;34m
[0miterations: 200
Total iterations: 1790412800 LUP
FLOP: 89
Total work: 159346739200 FLOP
performance: 0.500344 GLUP/s
Performance in GFLOP/s: 44.530649
size: 9000000
time: 3.578361
[1;34m[pthread wrapper] 
[0m[1;34m[pthread wrapper] MAIN -> 0
[0m[1;34m[pthread wrapper] PIN_MASK: [0m[1;34m0->1  [0m[1;34m1->2  [0m[1;34m2->3  [0m[1;34m3->4  [0m[1;34m4->5  [0m[1;34m5->6  [0m[1;34m6->7  [0m[1;34m7->8  [0m[1;34m8->9  [0m[1;34m
[pthread wrapper] SKIP MASK: 0x0
[0m[1;34m	threadid 139656255510272 -> core 1 - OK[0m[1;34m
[0m[1;34m	threadid 139656247117568 -> core 2 - OK[0m[1;34m
[0m[1;34m	threadid 139656238724864 -> core 3 - OK[0m[1;34m
[0m[1;34m	threadid 139656230332160 -> core 4 - OK[0m[1;34m
[0m[1;34m	threadid 139656221939456 -> core 5 - OK[0m[1;34m
[0m[1;34m	threadid 139656213546752 -> core 6 - OK[0m[1;34m
[0m[1;34m	threadid 139656205154048 -> core 7 - OK[0m[1;34m
[0m[1;34m	threadid 139656196761344 -> core 8 - OK[0m[1;34m
[0m[1;34m	threadid 139656188368640 -> core 9 - OK[0m[1;34m
[0miterations: 200
Total iterations: 1790412800 LUP
FLOP: 89
Total work: 159346739200 FLOP
performance: 0.500235 GLUP/s
Performance in GFLOP/s: 44.520931
size: 9000000
time: 3.579142
[1;34m[pthread wrapper] 
[0m[1;34m[pthread wrapper] MAIN -> 0
[0m[1;34m[pthread wrapper] PIN_MASK: [0m[1;34m0->1  [0m[1;34m1->2  [0m[1;34m2->3  [0m[1;34m3->4  [0m[1;34m4->5  [0m[1;34m5->6  [0m[1;34m6->7  [0m[1;34m7->8  [0m[1;34m8->9  [0m[1;34m
[pthread wrapper] SKIP MASK: 0x0
[0m[1;34m	threadid 139627863865088 -> core 1 - OK[0m[1;34m
[0m[1;34m	threadid 139627855472384 -> core 2 - OK[0m[1;34m
[0m[1;34m	threadid 139627847079680 -> core 3 - OK[0m[1;34m
[0m[1;34m	threadid 139627838686976 -> core 4 - OK[0m[1;34m
[0m[1;34m	threadid 139627830294272 -> core 5 - OK[0m[1;34m
[0m[1;34m	threadid 139627821901568 -> core 6 - OK[0m[1;34m
[0m[1;34m	threadid 139627813508864 -> core 7 - OK[0m[1;34m
[0m[1;34m	threadid 139627805116160 -> core 8 - OK[0m[1;34m
[0m[1;34m	threadid 139627796723456 -> core 9 - OK[0m[1;34m
[0miterations: 200
Total iterations: 1790412800 LUP
FLOP: 89
Total work: 159346739200 FLOP
performance: 0.500317 GLUP/s
Performance in GFLOP/s: 44.528172
size: 9000000
time: 3.578560
[1;34m[pthread wrapper] 
[0m[1;34m[pthread wrapper] MAIN -> 0
[0m[1;34m[pthread wrapper] PIN_MASK: [0m[1;34m0->1  [0m[1;34m1->2  [0m[1;34m2->3  [0m[1;34m3->4  [0m[1;34m4->5  [0m[1;34m5->6  [0m[1;34m6->7  [0m[1;34m7->8  [0m[1;34m8->9  [0m[1;34m
[pthread wrapper] SKIP MASK: 0x0
[0m[1;34m	threadid 140324447307520 -> core 1 - OK[0m[1;34m
[0m[1;34m	threadid 140324438914816 -> core 2 - OK[0m[1;34m
[0m[1;34m	threadid 140324430522112 -> core 3 - OK[0m[1;34m
[0m[1;34m	threadid 140324422129408 -> core 4 - OK[0m[1;34m
[0m[1;34m	threadid 140324413736704 -> core 5 - OK[0m[1;34m
[0m[1;34m	threadid 140324405344000 -> core 6 - OK[0m[1;34m
[0m[1;34m	threadid 140324396951296 -> core 7 - OK[0m[1;34m
[0m[1;34m	threadid 140324388558592 -> core 8 - OK[0m[1;34m
[0m[1;34m	threadid 140324380165888 -> core 9 - OK[0m[1;34m
[0miterations: 200
Total iterations: 1790412800 LUP
FLOP: 89
Total work: 159346739200 FLOP
performance: 0.499999 GLUP/s
Performance in GFLOP/s: 44.499947
size: 9000000
time: 3.580830
[1;34m[pthread wrapper] 
[0m[1;34m[pthread wrapper] MAIN -> 0
[0m[1;34m[pthread wrapper] PIN_MASK: [0m[1;34m0->1  [0m[1;34m1->2  [0m[1;34m2->3  [0m[1;34m3->4  [0m[1;34m4->5  [0m[1;34m5->6  [0m[1;34m6->7  [0m[1;34m7->8  [0m[1;34m8->9  [0m[1;34m
[pthread wrapper] SKIP MASK: 0x0
[0m[1;34m	threadid 140044035442432 -> core 1 - OK[0m[1;34m
[0m[1;34m	threadid 140044027049728 -> core 2 - OK[0m[1;34m
[0m[1;34m	threadid 140044018657024 -> core 3 - OK[0m[1;34m
[0m[1;34m	threadid 140044010264320 -> core 4 - OK[0m[1;34m
[0m[1;34m	threadid 140044001871616 -> core 5 - OK[0m[1;34m
[0m[1;34m	threadid 140043993478912 -> core 6 - OK[0m[1;34m
[0m[1;34m	threadid 140043985086208 -> core 7 - OK[0m[1;34m
[0m[1;34m	threadid 140043976693504 -> core 8 - OK[0m[1;34m
[0m[1;34m	threadid 140043968300800 -> core 9 - OK[0m[1;34m
[0miterations: 200
Total iterations: 1790412800 LUP
FLOP: 89
Total work: 159346739200 FLOP
performance: 0.499934 GLUP/s
Performance in GFLOP/s: 44.494093
size: 9000000
time: 3.581301
[1;34m[pthread wrapper] 
[0m[1;34m[pthread wrapper] MAIN -> 0
[0m[1;34m[pthread wrapper] PIN_MASK: [0m[1;34m0->1  [0m[1;34m1->2  [0m[1;34m2->3  [0m[1;34m3->4  [0m[1;34m4->5  [0m[1;34m5->6  [0m[1;34m6->7  [0m[1;34m7->8  [0m[1;34m8->9  [0m[1;34m
[pthread wrapper] SKIP MASK: 0x0
[0m[1;34m	threadid 140563434596096 -> core 1 - OK[0m[1;34m
[0m[1;34m	threadid 140563426203392 -> core 2 - OK[0m[1;34m
[0m[1;34m	threadid 140563417810688 -> core 3 - OK[0m[1;34m
[0m[1;34m	threadid 140563409417984 -> core 4 - OK[0m[1;34m
[0m[1;34m	threadid 140563401025280 -> core 5 - OK[0m[1;34m
[0m[1;34m	threadid 140563392632576 -> core 6 - OK[0m[1;34m
[0m[1;34m	threadid 140563384239872 -> core 7 - OK[0m[1;34m
[0m[1;34m	threadid 140563375847168 -> core 8 - OK[0m[1;34m
[0m[1;34m	threadid 140563367454464 -> core 9 - OK[0m[1;34m
[0miterations: 200
Total iterations: 1790412800 LUP
FLOP: 89
Total work: 159346739200 FLOP
performance: 0.500648 GLUP/s
Performance in GFLOP/s: 44.557707
size: 9000000
time: 3.576188
