tuned params: 3000 3000 2992 376 2 3 
Flops / stencil call:  89
Stencil computations:  8952064000
Bytes transferred:     144000000000
Total Flops:           796733696000
Seconds elapsed:       90.860214
Performance in GFlop/s:     8.768785
Bandwidth utilization: 1.584852 GB/s
199900527840.000000
Validation OK.
tuned params: 3000 3000 2992 376 2 3 
Flops / stencil call:  89
Stencil computations:  8952064000
Bytes transferred:     144000000000
Total Flops:           796733696000
Seconds elapsed:       91.291575
Performance in GFlop/s:     8.727352
Bandwidth utilization: 1.577364 GB/s
200849558676.000000
Validation OK.
tuned params: 3000 3000 2992 376 2 3 
Flops / stencil call:  89
Stencil computations:  8952064000
Bytes transferred:     144000000000
Total Flops:           796733696000
Seconds elapsed:       91.011713
Performance in GFlop/s:     8.754189
Bandwidth utilization: 1.582214 GB/s
200233838536.000000
Validation OK.
tuned params: 3000 3000 2992 376 2 3 
Flops / stencil call:  89
Stencil computations:  8952064000
Bytes transferred:     144000000000
Total Flops:           796733696000
Seconds elapsed:       91.346331
Performance in GFlop/s:     8.722120
Bandwidth utilization: 1.576418 GB/s
200970025792.000000
Validation OK.
tuned params: 3000 3000 2992 376 2 3 
Flops / stencil call:  89
Stencil computations:  8952064000
Bytes transferred:     144000000000
Total Flops:           796733696000
Seconds elapsed:       90.893460
Performance in GFlop/s:     8.765578
Bandwidth utilization: 1.584272 GB/s
199973668672.000000
Validation OK.
tuned params: 3000 3000 2992 376 2 3 
Flops / stencil call:  89
Stencil computations:  8952064000
Bytes transferred:     144000000000
Total Flops:           796733696000
Seconds elapsed:       90.865196
Performance in GFlop/s:     8.768304
Bandwidth utilization: 1.584765 GB/s
199911484836.000000
Validation OK.
tuned params: 3000 3000 2992 376 2 3 
Flops / stencil call:  89
Stencil computations:  8952064000
Bytes transferred:     144000000000
Total Flops:           796733696000
Seconds elapsed:       91.395126
Performance in GFlop/s:     8.717464
Bandwidth utilization: 1.575576 GB/s
201077379380.000000
Validation OK.
tuned params: 3000 3000 2992 376 2 3 
Flops / stencil call:  89
Stencil computations:  8952064000
Bytes transferred:     144000000000
Total Flops:           796733696000
Seconds elapsed:       91.538250
Performance in GFlop/s:     8.703834
Bandwidth utilization: 1.573113 GB/s
201392299828.000000
Validation OK.
tuned params: 3000 3000 2992 376 2 3 
Flops / stencil call:  89
Stencil computations:  8952064000
Bytes transferred:     144000000000
Total Flops:           796733696000
Seconds elapsed:       91.546142
Performance in GFlop/s:     8.703083
Bandwidth utilization: 1.572977 GB/s
201409662720.000000
Validation OK.
tuned params: 3000 3000 2992 376 2 3 
Flops / stencil call:  89
Stencil computations:  8952064000
Bytes transferred:     144000000000
Total Flops:           796733696000
Seconds elapsed:       91.162860
Performance in GFlop/s:     8.739674
Bandwidth utilization: 1.579591 GB/s
200566406524.000000
Validation OK.
