tuned params: 500 500 492 188 2 3 
Flops / stencil call:  89
Stencil computations:  6051600
Bytes transferred:     100000000
Total Flops:           538592400
Seconds elapsed:       0.125345
Performance in GFlop/s:     4.296880
Bandwidth utilization: 0.797798 GB/s
275763532.000000
Validation OK.
tuned params: 500 500 492 188 2 3 
Flops / stencil call:  89
Stencil computations:  6051600
Bytes transferred:     100000000
Total Flops:           538592400
Seconds elapsed:       0.124734
Performance in GFlop/s:     4.317922
Bandwidth utilization: 0.801705 GB/s
274419652.000000
Validation OK.
tuned params: 500 500 492 188 2 3 
Flops / stencil call:  89
Stencil computations:  6051600
Bytes transferred:     100000000
Total Flops:           538592400
Seconds elapsed:       0.124629
Performance in GFlop/s:     4.321565
Bandwidth utilization: 0.802381 GB/s
274187540.000000
Validation OK.
