tuned params: 3000 3000 1496 40 1 3 
Flops / stencil call:  89
Stencil computations:  8952064000
Bytes transferred:     144000000000
Total Flops:           796733696000
Seconds elapsed:       9.975224
Performance in GFlop/s:     79.871258
Bandwidth utilization: 14.435766 GB/s
21946366378.000000
Validation OK.
tuned params: 3000 3000 1496 40 1 3 
Flops / stencil call:  89
Stencil computations:  8952064000
Bytes transferred:     144000000000
Total Flops:           796733696000
Seconds elapsed:       16.169829
Performance in GFlop/s:     49.272859
Bandwidth utilization: 8.905475 GB/s
35575046118.000000
Validation OK.
tuned params: 3000 3000 1496 40 1 3 
Flops / stencil call:  89
Stencil computations:  8952064000
Bytes transferred:     144000000000
Total Flops:           796733696000
Seconds elapsed:       11.667923
Performance in GFlop/s:     68.284105
Bandwidth utilization: 12.341528 GB/s
25670454788.000000
Validation OK.
tuned params: 3000 3000 1496 40 1 3 
Flops / stencil call:  89
Stencil computations:  8952064000
Bytes transferred:     144000000000
Total Flops:           796733696000
Seconds elapsed:       16.468033
Performance in GFlop/s:     48.380623
Bandwidth utilization: 8.744214 GB/s
36231125438.000000
Validation OK.
tuned params: 3000 3000 1496 40 1 3 
Flops / stencil call:  89
Stencil computations:  8952064000
Bytes transferred:     144000000000
Total Flops:           796733696000
Seconds elapsed:       11.100293
Performance in GFlop/s:     71.775915
Bandwidth utilization: 12.972630 GB/s
24421621150.000000
Validation OK.
tuned params: 3000 3000 1496 40 1 3 
Flops / stencil call:  89
Stencil computations:  8952064000
Bytes transferred:     144000000000
Total Flops:           796733696000
Seconds elapsed:       16.333248
Performance in GFlop/s:     48.779869
Bandwidth utilization: 8.816373 GB/s
35934584752.000000
Validation OK.
tuned params: 3000 3000 1496 40 1 3 
Flops / stencil call:  89
Stencil computations:  8952064000
Bytes transferred:     144000000000
Total Flops:           796733696000
Seconds elapsed:       16.305382
Performance in GFlop/s:     48.863234
Bandwidth utilization: 8.831440 GB/s
35873277180.000000
Validation OK.
tuned params: 3000 3000 1496 40 1 3 
Flops / stencil call:  89
Stencil computations:  8952064000
Bytes transferred:     144000000000
Total Flops:           796733696000
Seconds elapsed:       10.789276
Performance in GFlop/s:     73.844965
Bandwidth utilization: 13.346586 GB/s
23737355392.000000
Validation OK.
tuned params: 3000 3000 1496 40 1 3 
Flops / stencil call:  89
Stencil computations:  8952064000
Bytes transferred:     144000000000
Total Flops:           796733696000
Seconds elapsed:       10.776842
Performance in GFlop/s:     73.930163
Bandwidth utilization: 13.361985 GB/s
23710000216.000000
Validation OK.
tuned params: 3000 3000 1496 40 1 3 
Flops / stencil call:  89
Stencil computations:  8952064000
Bytes transferred:     144000000000
Total Flops:           796733696000
Seconds elapsed:       15.644014
Performance in GFlop/s:     50.928981
Bandwidth utilization: 9.204799 GB/s
34418208938.000000
Validation OK.
