tuned params: 500 500 492 124 1 3 
Flops / stencil call:  89
Stencil computations:  242064000
Bytes transferred:     4000000000
Total Flops:           21543696000
Seconds elapsed:       1.271599
Performance in GFlop/s:     16.942208
Bandwidth utilization: 3.145646 GB/s
2797625916.000000
Validation OK.
tuned params: 500 500 492 124 1 3 
Flops / stencil call:  89
Stencil computations:  242064000
Bytes transferred:     4000000000
Total Flops:           21543696000
Seconds elapsed:       1.274405
Performance in GFlop/s:     16.904905
Bandwidth utilization: 3.138720 GB/s
2803799024.000000
Validation OK.
tuned params: 500 500 492 124 1 3 
Flops / stencil call:  89
Stencil computations:  242064000
Bytes transferred:     4000000000
Total Flops:           21543696000
Seconds elapsed:       1.271715
Performance in GFlop/s:     16.940665
Bandwidth utilization: 3.145359 GB/s
2797881328.000000
Validation OK.
tuned params: 500 500 492 124 1 3 
Flops / stencil call:  89
Stencil computations:  242064000
Bytes transferred:     4000000000
Total Flops:           21543696000
Seconds elapsed:       1.271512
Performance in GFlop/s:     16.943368
Bandwidth utilization: 3.145861 GB/s
2797432728.000000
Validation OK.
tuned params: 500 500 492 124 1 3 
Flops / stencil call:  89
Stencil computations:  242064000
Bytes transferred:     4000000000
Total Flops:           21543696000
Seconds elapsed:       1.272734
Performance in GFlop/s:     16.927098
Bandwidth utilization: 3.142840 GB/s
2800123788.000000
Validation OK.
tuned params: 500 500 492 124 1 3 
Flops / stencil call:  89
Stencil computations:  242064000
Bytes transferred:     4000000000
Total Flops:           21543696000
Seconds elapsed:       1.272998
Performance in GFlop/s:     16.923589
Bandwidth utilization: 3.142189 GB/s
2800703896.000000
Validation OK.
tuned params: 500 500 492 124 1 3 
Flops / stencil call:  89
Stencil computations:  242064000
Bytes transferred:     4000000000
Total Flops:           21543696000
Seconds elapsed:       1.271253
Performance in GFlop/s:     16.946822
Bandwidth utilization: 3.146502 GB/s
2796865456.000000
Validation OK.
tuned params: 500 500 492 124 1 3 
Flops / stencil call:  89
Stencil computations:  242064000
Bytes transferred:     4000000000
Total Flops:           21543696000
Seconds elapsed:       1.271700
Performance in GFlop/s:     16.940865
Bandwidth utilization: 3.145396 GB/s
2797849616.000000
Validation OK.
tuned params: 500 500 492 124 1 3 
Flops / stencil call:  89
Stencil computations:  242064000
Bytes transferred:     4000000000
Total Flops:           21543696000
Seconds elapsed:       1.271585
Performance in GFlop/s:     16.942396
Bandwidth utilization: 3.145680 GB/s
2797595896.000000
Validation OK.
tuned params: 500 500 492 124 1 3 
Flops / stencil call:  89
Stencil computations:  242064000
Bytes transferred:     4000000000
Total Flops:           21543696000
Seconds elapsed:       1.294883
Performance in GFlop/s:     16.637562
Bandwidth utilization: 3.089082 GB/s
2848853492.000000
Validation OK.
