tuned params: 500 500 492 84 1 3 
Flops / stencil call:  89
Stencil computations:  242064000
Bytes transferred:     4000000000
Total Flops:           21543696000
Seconds elapsed:       0.864723
Performance in GFlop/s:     24.913986
Bandwidth utilization: 4.625759 GB/s
1902461136.000000
Validation OK.
tuned params: 500 500 492 84 1 3 
Flops / stencil call:  89
Stencil computations:  242064000
Bytes transferred:     4000000000
Total Flops:           21543696000
Seconds elapsed:       0.864296
Performance in GFlop/s:     24.926295
Bandwidth utilization: 4.628044 GB/s
1901522648.000000
Validation OK.
tuned params: 500 500 492 84 1 3 
Flops / stencil call:  89
Stencil computations:  242064000
Bytes transferred:     4000000000
Total Flops:           21543696000
Seconds elapsed:       0.864318
Performance in GFlop/s:     24.925662
Bandwidth utilization: 4.627927 GB/s
1901572304.000000
Validation OK.
tuned params: 500 500 492 84 1 3 
Flops / stencil call:  89
Stencil computations:  242064000
Bytes transferred:     4000000000
Total Flops:           21543696000
Seconds elapsed:       0.864714
Performance in GFlop/s:     24.914247
Bandwidth utilization: 4.625807 GB/s
1902441712.000000
Validation OK.
tuned params: 500 500 492 84 1 3 
Flops / stencil call:  89
Stencil computations:  242064000
Bytes transferred:     4000000000
Total Flops:           21543696000
Seconds elapsed:       0.864304
Performance in GFlop/s:     24.926061
Bandwidth utilization: 4.628001 GB/s
1901542456.000000
Validation OK.
tuned params: 500 500 492 84 1 3 
Flops / stencil call:  89
Stencil computations:  242064000
Bytes transferred:     4000000000
Total Flops:           21543696000
Seconds elapsed:       0.865303
Performance in GFlop/s:     24.897285
Bandwidth utilization: 4.622658 GB/s
1903738400.000000
Validation OK.
tuned params: 500 500 492 84 1 3 
Flops / stencil call:  89
Stencil computations:  242064000
Bytes transferred:     4000000000
Total Flops:           21543696000
Seconds elapsed:       0.864506
Performance in GFlop/s:     24.920239
Bandwidth utilization: 4.626920 GB/s
1901986812.000000
Validation OK.
tuned params: 500 500 492 84 1 3 
Flops / stencil call:  89
Stencil computations:  242064000
Bytes transferred:     4000000000
Total Flops:           21543696000
Seconds elapsed:       0.865430
Performance in GFlop/s:     24.893636
Bandwidth utilization: 4.621980 GB/s
1904018776.000000
Validation OK.
tuned params: 500 500 492 84 1 3 
Flops / stencil call:  89
Stencil computations:  242064000
Bytes transferred:     4000000000
Total Flops:           21543696000
Seconds elapsed:       0.864011
Performance in GFlop/s:     24.934514
Bandwidth utilization: 4.629570 GB/s
1900896768.000000
Validation OK.
tuned params: 500 500 492 84 1 3 
Flops / stencil call:  89
Stencil computations:  242064000
Bytes transferred:     4000000000
Total Flops:           21543696000
Seconds elapsed:       0.865561
Performance in GFlop/s:     24.889871
Bandwidth utilization: 4.621282 GB/s
1904306488.000000
Validation OK.
