tuned params: 500 500 246 52 1 3 
Flops / stencil call:  89
Stencil computations:  6051600
Bytes transferred:     100000000
Total Flops:           538592400
Seconds elapsed:       0.011641
Performance in GFlop/s:     46.266748
Bandwidth utilization: 8.590308 GB/s
25608404.000000
Validation OK.
tuned params: 500 500 246 52 1 3 
Flops / stencil call:  89
Stencil computations:  6051600
Bytes transferred:     100000000
Total Flops:           538592400
Seconds elapsed:       0.011647
Performance in GFlop/s:     46.243071
Bandwidth utilization: 8.585912 GB/s
25623756.000000
Validation OK.
tuned params: 500 500 246 52 1 3 
Flops / stencil call:  89
Stencil computations:  6051600
Bytes transferred:     100000000
Total Flops:           538592400
Seconds elapsed:       0.011685
Performance in GFlop/s:     46.093047
Bandwidth utilization: 8.558058 GB/s
25706316.000000
Validation OK.
