tuned params: 3000 3000 2992 188 2 3 
Flops / stencil call:  89
Stencil computations:  223801600
Bytes transferred:     3600000000
Total Flops:           19918342400
Seconds elapsed:       1.143912
Performance in GFlop/s:     17.412480
Bandwidth utilization: 3.147096 GB/s
2516665648.000000
Validation OK.
tuned params: 3000 3000 2992 188 2 3 
Flops / stencil call:  89
Stencil computations:  223801600
Bytes transferred:     3600000000
Total Flops:           19918342400
Seconds elapsed:       1.142514
Performance in GFlop/s:     17.433784
Bandwidth utilization: 3.150946 GB/s
2513590628.000000
Validation OK.
tuned params: 3000 3000 2992 188 2 3 
Flops / stencil call:  89
Stencil computations:  223801600
Bytes transferred:     3600000000
Total Flops:           19918342400
Seconds elapsed:       1.140217
Performance in GFlop/s:     17.468904
Bandwidth utilization: 3.157294 GB/s
2508535656.000000
Validation OK.
