tuned params: 500 500 123 20 2 3 
Flops / stencil call:  89
Stencil computations:  6051600
Bytes transferred:     100000000
Total Flops:           538592400
Seconds elapsed:       0.014591
Performance in GFlop/s:     36.912699
Bandwidth utilization: 6.853550 GB/s
32100104.000000
Validation OK.
tuned params: 500 500 123 20 2 3 
Flops / stencil call:  89
Stencil computations:  6051600
Bytes transferred:     100000000
Total Flops:           538592400
Seconds elapsed:       0.014595
Performance in GFlop/s:     36.902448
Bandwidth utilization: 6.851647 GB/s
32109292.000000
Validation OK.
tuned params: 500 500 123 20 2 3 
Flops / stencil call:  89
Stencil computations:  6051600
Bytes transferred:     100000000
Total Flops:           538592400
Seconds elapsed:       0.014606
Performance in GFlop/s:     36.874739
Bandwidth utilization: 6.846502 GB/s
32132680.000000
Validation OK.
