tuned params: 500 500 492 32 2 3 
Flops / stencil call:  89
Stencil computations:  6051600
Bytes transferred:     100000000
Total Flops:           538592400
Seconds elapsed:       0.016538
Performance in GFlop/s:     32.566679
Bandwidth utilization: 6.046628 GB/s
36381740.000000
Validation OK.
tuned params: 500 500 492 32 2 3 
Flops / stencil call:  89
Stencil computations:  6051600
Bytes transferred:     100000000
Total Flops:           538592400
Seconds elapsed:       0.016594
Performance in GFlop/s:     32.457188
Bandwidth utilization: 6.026299 GB/s
36508112.000000
Validation OK.
tuned params: 500 500 492 32 2 3 
Flops / stencil call:  89
Stencil computations:  6051600
Bytes transferred:     100000000
Total Flops:           538592400
Seconds elapsed:       0.016579
Performance in GFlop/s:     32.486594
Bandwidth utilization: 6.031759 GB/s
36473852.000000
Validation OK.
