tuned params: 3000 3000 2992 140 4 3 
Flops / stencil call:  89
Stencil computations:  8952064000
Bytes transferred:     144000000000
Total Flops:           796733696000
Seconds elapsed:       181.420376
Performance in GFlop/s:     4.391644
Bandwidth utilization: 0.793737 GB/s
399128334956.000000
Validation OK.
tuned params: 3000 3000 2992 140 4 3 
Flops / stencil call:  89
Stencil computations:  8952064000
Bytes transferred:     144000000000
Total Flops:           796733696000
Seconds elapsed:       180.583880
Performance in GFlop/s:     4.411987
Bandwidth utilization: 0.797413 GB/s
397288017816.000000
Validation OK.
tuned params: 3000 3000 2992 140 4 3 
Flops / stencil call:  89
Stencil computations:  8952064000
Bytes transferred:     144000000000
Total Flops:           796733696000
Seconds elapsed:       180.973951
Performance in GFlop/s:     4.402477
Bandwidth utilization: 0.795695 GB/s
398146171916.000000
Validation OK.
tuned params: 3000 3000 2992 140 4 3 
Flops / stencil call:  89
Stencil computations:  8952064000
Bytes transferred:     144000000000
Total Flops:           796733696000
Seconds elapsed:       180.693175
Performance in GFlop/s:     4.409318
Bandwidth utilization: 0.796931 GB/s
397528457352.000000
Validation OK.
tuned params: 3000 3000 2992 140 4 3 
Flops / stencil call:  89
Stencil computations:  8952064000
Bytes transferred:     144000000000
Total Flops:           796733696000
Seconds elapsed:       180.810910
Performance in GFlop/s:     4.406447
Bandwidth utilization: 0.796412 GB/s
397787466432.000000
Validation OK.
tuned params: 3000 3000 2992 140 4 3 
Flops / stencil call:  89
Stencil computations:  8952064000
Bytes transferred:     144000000000
Total Flops:           796733696000
Seconds elapsed:       181.722606
Performance in GFlop/s:     4.384340
Bandwidth utilization: 0.792417 GB/s
399793206864.000000
Validation OK.
tuned params: 3000 3000 2992 140 4 3 
Flops / stencil call:  89
Stencil computations:  8952064000
Bytes transferred:     144000000000
Total Flops:           796733696000
Seconds elapsed:       181.353056
Performance in GFlop/s:     4.393274
Bandwidth utilization: 0.794031 GB/s
398980184320.000000
Validation OK.
tuned params: 3000 3000 2992 140 4 3 
Flops / stencil call:  89
Stencil computations:  8952064000
Bytes transferred:     144000000000
Total Flops:           796733696000
Seconds elapsed:       180.538917
Performance in GFlop/s:     4.413086
Bandwidth utilization: 0.797612 GB/s
397189058376.000000
Validation OK.
tuned params: 3000 3000 2992 140 4 3 
Flops / stencil call:  89
Stencil computations:  8952064000
Bytes transferred:     144000000000
Total Flops:           796733696000
Seconds elapsed:       181.396774
Performance in GFlop/s:     4.392215
Bandwidth utilization: 0.793840 GB/s
399076351464.000000
Validation OK.
tuned params: 3000 3000 2992 140 4 3 
Flops / stencil call:  89
Stencil computations:  8952064000
Bytes transferred:     144000000000
Total Flops:           796733696000
Seconds elapsed:       180.575860
Performance in GFlop/s:     4.412183
Bandwidth utilization: 0.797449 GB/s
397270499456.000000
Validation OK.
