tuned params: 500 500 492 124 1 3 
Flops / stencil call:  89
Stencil computations:  6051600
Bytes transferred:     100000000
Total Flops:           538592400
Seconds elapsed:       0.031800
Performance in GFlop/s:     16.936978
Bandwidth utilization: 3.144675 GB/s
69962280.000000
Validation OK.
tuned params: 500 500 492 124 1 3 
Flops / stencil call:  89
Stencil computations:  6051600
Bytes transferred:     100000000
Total Flops:           538592400
Seconds elapsed:       0.031779
Performance in GFlop/s:     16.948160
Bandwidth utilization: 3.146751 GB/s
69912944.000000
Validation OK.
tuned params: 500 500 492 124 1 3 
Flops / stencil call:  89
Stencil computations:  6051600
Bytes transferred:     100000000
Total Flops:           538592400
Seconds elapsed:       0.031812
Performance in GFlop/s:     16.930377
Bandwidth utilization: 3.143449 GB/s
69988456.000000
Validation OK.
