tuned params: 500 500 492 32 1 3 
Flops / stencil call:  89
Stencil computations:  242064000
Bytes transferred:     4000000000
Total Flops:           21543696000
Seconds elapsed:       0.333493
Performance in GFlop/s:     64.600099
Bandwidth utilization: 11.994246 GB/s
733712932.000000
Validation OK.
tuned params: 500 500 492 32 1 3 
Flops / stencil call:  89
Stencil computations:  242064000
Bytes transferred:     4000000000
Total Flops:           21543696000
Seconds elapsed:       0.333421
Performance in GFlop/s:     64.614096
Bandwidth utilization: 11.996845 GB/s
733553964.000000
Validation OK.
tuned params: 500 500 492 32 1 3 
Flops / stencil call:  89
Stencil computations:  242064000
Bytes transferred:     4000000000
Total Flops:           21543696000
Seconds elapsed:       0.333437
Performance in GFlop/s:     64.611001
Bandwidth utilization: 11.996270 GB/s
733591584.000000
Validation OK.
tuned params: 500 500 492 32 1 3 
Flops / stencil call:  89
Stencil computations:  242064000
Bytes transferred:     4000000000
Total Flops:           21543696000
Seconds elapsed:       0.333458
Performance in GFlop/s:     64.606889
Bandwidth utilization: 11.995507 GB/s
733638568.000000
Validation OK.
tuned params: 500 500 492 32 1 3 
Flops / stencil call:  89
Stencil computations:  242064000
Bytes transferred:     4000000000
Total Flops:           21543696000
Seconds elapsed:       0.333456
Performance in GFlop/s:     64.607305
Bandwidth utilization: 11.995584 GB/s
733633492.000000
Validation OK.
tuned params: 500 500 492 32 1 3 
Flops / stencil call:  89
Stencil computations:  242064000
Bytes transferred:     4000000000
Total Flops:           21543696000
Seconds elapsed:       0.333463
Performance in GFlop/s:     64.605965
Bandwidth utilization: 11.995335 GB/s
733647768.000000
Validation OK.
tuned params: 500 500 492 32 1 3 
Flops / stencil call:  89
Stencil computations:  242064000
Bytes transferred:     4000000000
Total Flops:           21543696000
Seconds elapsed:       0.333413
Performance in GFlop/s:     64.615621
Bandwidth utilization: 11.997128 GB/s
733538928.000000
Validation OK.
tuned params: 500 500 492 32 1 3 
Flops / stencil call:  89
Stencil computations:  242064000
Bytes transferred:     4000000000
Total Flops:           21543696000
Seconds elapsed:       0.333484
Performance in GFlop/s:     64.601901
Bandwidth utilization: 11.994581 GB/s
733693488.000000
Validation OK.
tuned params: 500 500 492 32 1 3 
Flops / stencil call:  89
Stencil computations:  242064000
Bytes transferred:     4000000000
Total Flops:           21543696000
Seconds elapsed:       0.334148
Performance in GFlop/s:     64.473482
Bandwidth utilization: 11.970737 GB/s
735156108.000000
Validation OK.
tuned params: 500 500 492 32 1 3 
Flops / stencil call:  89
Stencil computations:  242064000
Bytes transferred:     4000000000
Total Flops:           21543696000
Seconds elapsed:       0.333448
Performance in GFlop/s:     64.608875
Bandwidth utilization: 11.995876 GB/s
733616332.000000
Validation OK.
