tuned params: 3000 3000 2992 376 2 3 
Flops / stencil call:  89
Stencil computations:  223801600
Bytes transferred:     3600000000
Total Flops:           19918342400
Seconds elapsed:       0.713713
Performance in GFlop/s:     27.908059
Bandwidth utilization: 5.044045 GB/s
1708962392.000000
Validation OK.
tuned params: 3000 3000 2992 376 2 3 
Flops / stencil call:  89
Stencil computations:  223801600
Bytes transferred:     3600000000
Total Flops:           19918342400
Seconds elapsed:       0.712895
Performance in GFlop/s:     27.940082
Bandwidth utilization: 5.049833 GB/s
1707003300.000000
Validation OK.
tuned params: 3000 3000 2992 376 2 3 
Flops / stencil call:  89
Stencil computations:  223801600
Bytes transferred:     3600000000
Total Flops:           19918342400
Seconds elapsed:       0.712965
Performance in GFlop/s:     27.937335
Bandwidth utilization: 5.049336 GB/s
1707172172.000000
Validation OK.
tuned params: 3000 3000 2992 376 2 3 
Flops / stencil call:  89
Stencil computations:  223801600
Bytes transferred:     3600000000
Total Flops:           19918342400
Seconds elapsed:       0.712848
Performance in GFlop/s:     27.941923
Bandwidth utilization: 5.050165 GB/s
1706888592.000000
Validation OK.
tuned params: 3000 3000 2992 376 2 3 
Flops / stencil call:  89
Stencil computations:  223801600
Bytes transferred:     3600000000
Total Flops:           19918342400
Seconds elapsed:       0.712809
Performance in GFlop/s:     27.943446
Bandwidth utilization: 5.050441 GB/s
1706797892.000000
Validation OK.
tuned params: 3000 3000 2992 376 2 3 
Flops / stencil call:  89
Stencil computations:  223801600
Bytes transferred:     3600000000
Total Flops:           19918342400
Seconds elapsed:       0.712633
Performance in GFlop/s:     27.950346
Bandwidth utilization: 5.051688 GB/s
1706376776.000000
Validation OK.
tuned params: 3000 3000 2992 376 2 3 
Flops / stencil call:  89
Stencil computations:  223801600
Bytes transferred:     3600000000
Total Flops:           19918342400
Seconds elapsed:       0.713089
Performance in GFlop/s:     27.932478
Bandwidth utilization: 5.048458 GB/s
1707468268.000000
Validation OK.
tuned params: 3000 3000 2992 376 2 3 
Flops / stencil call:  89
Stencil computations:  223801600
Bytes transferred:     3600000000
Total Flops:           19918342400
Seconds elapsed:       0.714613
Performance in GFlop/s:     27.872910
Bandwidth utilization: 5.037692 GB/s
1711116040.000000
Validation OK.
tuned params: 3000 3000 2992 376 2 3 
Flops / stencil call:  89
Stencil computations:  223801600
Bytes transferred:     3600000000
Total Flops:           19918342400
Seconds elapsed:       0.714937
Performance in GFlop/s:     27.860277
Bandwidth utilization: 5.035409 GB/s
1711892012.000000
Validation OK.
tuned params: 3000 3000 2992 376 2 3 
Flops / stencil call:  89
Stencil computations:  223801600
Bytes transferred:     3600000000
Total Flops:           19918342400
Seconds elapsed:       0.713415
Performance in GFlop/s:     27.919708
Bandwidth utilization: 5.046150 GB/s
1708247904.000000
Validation OK.
