tuned params: 3000 3000 2992 188 1 3 
Flops / stencil call:  89
Stencil computations:  223801600
Bytes transferred:     3600000000
Total Flops:           19918342400
Seconds elapsed:       0.181248
Performance in GFlop/s:     109.895546
Bandwidth utilization: 19.862294 GB/s
433992892.000000
Validation OK.
tuned params: 3000 3000 2992 188 1 3 
Flops / stencil call:  89
Stencil computations:  223801600
Bytes transferred:     3600000000
Total Flops:           19918342400
Seconds elapsed:       0.181064
Performance in GFlop/s:     110.007260
Bandwidth utilization: 19.882485 GB/s
433550808.000000
Validation OK.
tuned params: 3000 3000 2992 188 1 3 
Flops / stencil call:  89
Stencil computations:  223801600
Bytes transferred:     3600000000
Total Flops:           19918342400
Seconds elapsed:       0.181665
Performance in GFlop/s:     109.643292
Bandwidth utilization: 19.816702 GB/s
434989924.000000
Validation OK.
tuned params: 3000 3000 2992 188 1 3 
Flops / stencil call:  89
Stencil computations:  223801600
Bytes transferred:     3600000000
Total Flops:           19918342400
Seconds elapsed:       0.181550
Performance in GFlop/s:     109.712694
Bandwidth utilization: 19.829245 GB/s
434714460.000000
Validation OK.
tuned params: 3000 3000 2992 188 1 3 
Flops / stencil call:  89
Stencil computations:  223801600
Bytes transferred:     3600000000
Total Flops:           19918342400
Seconds elapsed:       0.181247
Performance in GFlop/s:     109.896124
Bandwidth utilization: 19.862398 GB/s
433987456.000000
Validation OK.
tuned params: 3000 3000 2992 188 1 3 
Flops / stencil call:  89
Stencil computations:  223801600
Bytes transferred:     3600000000
Total Flops:           19918342400
Seconds elapsed:       0.181010
Performance in GFlop/s:     110.040006
Bandwidth utilization: 19.888403 GB/s
433421912.000000
Validation OK.
tuned params: 3000 3000 2992 188 1 3 
Flops / stencil call:  89
Stencil computations:  223801600
Bytes transferred:     3600000000
Total Flops:           19918342400
Seconds elapsed:       0.181419
Performance in GFlop/s:     109.791850
Bandwidth utilization: 19.843552 GB/s
434401788.000000
Validation OK.
tuned params: 3000 3000 2992 188 1 3 
Flops / stencil call:  89
Stencil computations:  223801600
Bytes transferred:     3600000000
Total Flops:           19918342400
Seconds elapsed:       0.181589
Performance in GFlop/s:     109.689070
Bandwidth utilization: 19.824976 GB/s
434807004.000000
Validation OK.
tuned params: 3000 3000 2992 188 1 3 
Flops / stencil call:  89
Stencil computations:  223801600
Bytes transferred:     3600000000
Total Flops:           19918342400
Seconds elapsed:       0.180932
Performance in GFlop/s:     110.087422
Bandwidth utilization: 19.896973 GB/s
433236448.000000
Validation OK.
tuned params: 3000 3000 2992 188 1 3 
Flops / stencil call:  89
Stencil computations:  223801600
Bytes transferred:     3600000000
Total Flops:           19918342400
Seconds elapsed:       0.181000
Performance in GFlop/s:     110.046094
Bandwidth utilization: 19.889503 GB/s
433397552.000000
Validation OK.
