tuned params: 500 500 492 124 2 3 
Flops / stencil call:  89
Stencil computations:  242064000
Bytes transferred:     4000000000
Total Flops:           21543696000
Seconds elapsed:       1.584396
Performance in GFlop/s:     13.597420
Bandwidth utilization: 2.524622 GB/s
3793781652.000000
Validation OK.
tuned params: 500 500 492 124 2 3 
Flops / stencil call:  89
Stencil computations:  242064000
Bytes transferred:     4000000000
Total Flops:           21543696000
Seconds elapsed:       1.583811
Performance in GFlop/s:     13.602441
Bandwidth utilization: 2.525554 GB/s
3792381896.000000
Validation OK.
tuned params: 500 500 492 124 2 3 
Flops / stencil call:  89
Stencil computations:  242064000
Bytes transferred:     4000000000
Total Flops:           21543696000
Seconds elapsed:       1.582346
Performance in GFlop/s:     13.615035
Bandwidth utilization: 2.527892 GB/s
3788871248.000000
Validation OK.
tuned params: 500 500 492 124 2 3 
Flops / stencil call:  89
Stencil computations:  242064000
Bytes transferred:     4000000000
Total Flops:           21543696000
Seconds elapsed:       1.583894
Performance in GFlop/s:     13.601728
Bandwidth utilization: 2.525422 GB/s
3792580056.000000
Validation OK.
tuned params: 500 500 492 124 2 3 
Flops / stencil call:  89
Stencil computations:  242064000
Bytes transferred:     4000000000
Total Flops:           21543696000
Seconds elapsed:       1.584736
Performance in GFlop/s:     13.594501
Bandwidth utilization: 2.524080 GB/s
3794595628.000000
Validation OK.
tuned params: 500 500 492 124 2 3 
Flops / stencil call:  89
Stencil computations:  242064000
Bytes transferred:     4000000000
Total Flops:           21543696000
Seconds elapsed:       1.583598
Performance in GFlop/s:     13.604272
Bandwidth utilization: 2.525894 GB/s
3791868972.000000
Validation OK.
tuned params: 500 500 492 124 2 3 
Flops / stencil call:  89
Stencil computations:  242064000
Bytes transferred:     4000000000
Total Flops:           21543696000
Seconds elapsed:       1.582060
Performance in GFlop/s:     13.617495
Bandwidth utilization: 2.528349 GB/s
3788187900.000000
Validation OK.
tuned params: 500 500 492 124 2 3 
Flops / stencil call:  89
Stencil computations:  242064000
Bytes transferred:     4000000000
Total Flops:           21543696000
Seconds elapsed:       1.584770
Performance in GFlop/s:     13.594208
Bandwidth utilization: 2.524025 GB/s
3794677160.000000
Validation OK.
tuned params: 500 500 492 124 2 3 
Flops / stencil call:  89
Stencil computations:  242064000
Bytes transferred:     4000000000
Total Flops:           21543696000
Seconds elapsed:       1.582104
Performance in GFlop/s:     13.617118
Bandwidth utilization: 2.528279 GB/s
3788291532.000000
Validation OK.
tuned params: 500 500 492 124 2 3 
Flops / stencil call:  89
Stencil computations:  242064000
Bytes transferred:     4000000000
Total Flops:           21543696000
Seconds elapsed:       1.583669
Performance in GFlop/s:     13.603661
Bandwidth utilization: 2.525780 GB/s
3792042148.000000
Validation OK.
