tuned params: 3000 3000 2992 376 2 3 
Flops / stencil call:  89
Stencil computations:  8952064000
Bytes transferred:     144000000000
Total Flops:           796733696000
Seconds elapsed:       56.950727
Performance in GFlop/s:     13.989878
Bandwidth utilization: 2.528502 GB/s
136366664860.000000
Validation OK.
tuned params: 3000 3000 2992 376 2 3 
Flops / stencil call:  89
Stencil computations:  8952064000
Bytes transferred:     144000000000
Total Flops:           796733696000
Seconds elapsed:       57.053200
Performance in GFlop/s:     13.964750
Bandwidth utilization: 2.523960 GB/s
136612030684.000000
Validation OK.
tuned params: 3000 3000 2992 376 2 3 
Flops / stencil call:  89
Stencil computations:  8952064000
Bytes transferred:     144000000000
Total Flops:           796733696000
Seconds elapsed:       56.924218
Performance in GFlop/s:     13.996392
Bandwidth utilization: 2.529679 GB/s
136303182848.000000
Validation OK.
tuned params: 3000 3000 2992 376 2 3 
Flops / stencil call:  89
Stencil computations:  8952064000
Bytes transferred:     144000000000
Total Flops:           796733696000
Seconds elapsed:       56.989584
Performance in GFlop/s:     13.980339
Bandwidth utilization: 2.526778 GB/s
136459705144.000000
Validation OK.
tuned params: 3000 3000 2992 376 2 3 
Flops / stencil call:  89
Stencil computations:  8952064000
Bytes transferred:     144000000000
Total Flops:           796733696000
Seconds elapsed:       57.203159
Performance in GFlop/s:     13.928142
Bandwidth utilization: 2.517343 GB/s
136971103384.000000
Validation OK.
tuned params: 3000 3000 2992 376 2 3 
Flops / stencil call:  89
Stencil computations:  8952064000
Bytes transferred:     144000000000
Total Flops:           796733696000
Seconds elapsed:       57.348780
Performance in GFlop/s:     13.892775
Bandwidth utilization: 2.510951 GB/s
137319773108.000000
Validation OK.
tuned params: 3000 3000 2992 376 2 3 
Flops / stencil call:  89
Stencil computations:  8952064000
Bytes transferred:     144000000000
Total Flops:           796733696000
Seconds elapsed:       56.866836
Performance in GFlop/s:     14.010516
Bandwidth utilization: 2.532232 GB/s
136165788716.000000
Validation OK.
tuned params: 3000 3000 2992 376 2 3 
Flops / stencil call:  89
Stencil computations:  8952064000
Bytes transferred:     144000000000
Total Flops:           796733696000
Seconds elapsed:       57.044660
Performance in GFlop/s:     13.966841
Bandwidth utilization: 2.524338 GB/s
136591580872.000000
Validation OK.
tuned params: 3000 3000 2992 376 2 3 
Flops / stencil call:  89
Stencil computations:  8952064000
Bytes transferred:     144000000000
Total Flops:           796733696000
Seconds elapsed:       56.982069
Performance in GFlop/s:     13.982183
Bandwidth utilization: 2.527111 GB/s
136441711780.000000
Validation OK.
tuned params: 3000 3000 2992 376 2 3 
Flops / stencil call:  89
Stencil computations:  8952064000
Bytes transferred:     144000000000
Total Flops:           796733696000
Seconds elapsed:       57.292824
Performance in GFlop/s:     13.906344
Bandwidth utilization: 2.513404 GB/s
137185801468.000000
Validation OK.
