tuned params: 500 500 492 84 1 3 
Flops / stencil call:  89
Stencil computations:  242064000
Bytes transferred:     4000000000
Total Flops:           21543696000
Seconds elapsed:       0.541747
Performance in GFlop/s:     39.767090
Bandwidth utilization: 7.383522 GB/s
1297193352.000000
Validation OK.
tuned params: 500 500 492 84 1 3 
Flops / stencil call:  89
Stencil computations:  242064000
Bytes transferred:     4000000000
Total Flops:           21543696000
Seconds elapsed:       0.541887
Performance in GFlop/s:     39.756820
Bandwidth utilization: 7.381615 GB/s
1297531416.000000
Validation OK.
tuned params: 500 500 492 84 1 3 
Flops / stencil call:  89
Stencil computations:  242064000
Bytes transferred:     4000000000
Total Flops:           21543696000
Seconds elapsed:       0.541799
Performance in GFlop/s:     39.763275
Bandwidth utilization: 7.382814 GB/s
1297321212.000000
Validation OK.
tuned params: 500 500 492 84 1 3 
Flops / stencil call:  89
Stencil computations:  242064000
Bytes transferred:     4000000000
Total Flops:           21543696000
Seconds elapsed:       0.541589
Performance in GFlop/s:     39.778679
Bandwidth utilization: 7.385674 GB/s
1296816552.000000
Validation OK.
tuned params: 500 500 492 84 1 3 
Flops / stencil call:  89
Stencil computations:  242064000
Bytes transferred:     4000000000
Total Flops:           21543696000
Seconds elapsed:       0.541909
Performance in GFlop/s:     39.755193
Bandwidth utilization: 7.381313 GB/s
1297583128.000000
Validation OK.
tuned params: 500 500 492 84 1 3 
Flops / stencil call:  89
Stencil computations:  242064000
Bytes transferred:     4000000000
Total Flops:           21543696000
Seconds elapsed:       0.541853
Performance in GFlop/s:     39.759304
Bandwidth utilization: 7.382077 GB/s
1297450088.000000
Validation OK.
tuned params: 500 500 492 84 1 3 
Flops / stencil call:  89
Stencil computations:  242064000
Bytes transferred:     4000000000
Total Flops:           21543696000
Seconds elapsed:       0.541691
Performance in GFlop/s:     39.771203
Bandwidth utilization: 7.384286 GB/s
1297061016.000000
Validation OK.
tuned params: 500 500 492 84 1 3 
Flops / stencil call:  89
Stencil computations:  242064000
Bytes transferred:     4000000000
Total Flops:           21543696000
Seconds elapsed:       0.541805
Performance in GFlop/s:     39.762820
Bandwidth utilization: 7.382730 GB/s
1297333996.000000
Validation OK.
tuned params: 500 500 492 84 1 3 
Flops / stencil call:  89
Stencil computations:  242064000
Bytes transferred:     4000000000
Total Flops:           21543696000
Seconds elapsed:       0.542126
Performance in GFlop/s:     39.739283
Bandwidth utilization: 7.378359 GB/s
1298103400.000000
Validation OK.
tuned params: 500 500 492 84 1 3 
Flops / stencil call:  89
Stencil computations:  242064000
Bytes transferred:     4000000000
Total Flops:           21543696000
Seconds elapsed:       0.541760
Performance in GFlop/s:     39.766128
Bandwidth utilization: 7.383344 GB/s
1297226160.000000
Validation OK.
