tuned params: 500 500 123 52 4 3 
Flops / stencil call:  89
Stencil computations:  145238400
Bytes transferred:     2400000000
Total Flops:           12926217600
Seconds elapsed:       0.213564
Performance in GFlop/s:     60.526224
Bandwidth utilization: 11.237853 GB/s
511370156.000000
Validation OK.
tuned params: 500 500 123 52 4 3 
Flops / stencil call:  89
Stencil computations:  145238400
Bytes transferred:     2400000000
Total Flops:           12926217600
Seconds elapsed:       0.213368
Performance in GFlop/s:     60.581818
Bandwidth utilization: 11.248175 GB/s
510900880.000000
Validation OK.
tuned params: 500 500 123 52 4 3 
Flops / stencil call:  89
Stencil computations:  145238400
Bytes transferred:     2400000000
Total Flops:           12926217600
Seconds elapsed:       0.214136
Performance in GFlop/s:     60.364489
Bandwidth utilization: 11.207824 GB/s
512741384.000000
Validation OK.
tuned params: 500 500 123 52 4 3 
Flops / stencil call:  89
Stencil computations:  145238400
Bytes transferred:     2400000000
Total Flops:           12926217600
Seconds elapsed:       0.214114
Performance in GFlop/s:     60.370673
Bandwidth utilization: 11.208972 GB/s
512687448.000000
Validation OK.
tuned params: 500 500 123 52 4 3 
Flops / stencil call:  89
Stencil computations:  145238400
Bytes transferred:     2400000000
Total Flops:           12926217600
Seconds elapsed:       0.212671
Performance in GFlop/s:     60.780337
Bandwidth utilization: 11.285034 GB/s
509230792.000000
Validation OK.
tuned params: 500 500 123 52 4 3 
Flops / stencil call:  89
Stencil computations:  145238400
Bytes transferred:     2400000000
Total Flops:           12926217600
Seconds elapsed:       0.214139
Performance in GFlop/s:     60.363682
Bandwidth utilization: 11.207674 GB/s
512745664.000000
Validation OK.
tuned params: 500 500 123 52 4 3 
Flops / stencil call:  89
Stencil computations:  145238400
Bytes transferred:     2400000000
Total Flops:           12926217600
Seconds elapsed:       0.214090
Performance in GFlop/s:     60.377463
Bandwidth utilization: 11.210233 GB/s
512629704.000000
Validation OK.
tuned params: 500 500 123 52 4 3 
Flops / stencil call:  89
Stencil computations:  145238400
Bytes transferred:     2400000000
Total Flops:           12926217600
Seconds elapsed:       0.214184
Performance in GFlop/s:     60.351050
Bandwidth utilization: 11.205329 GB/s
512853728.000000
Validation OK.
tuned params: 500 500 123 52 4 3 
Flops / stencil call:  89
Stencil computations:  145238400
Bytes transferred:     2400000000
Total Flops:           12926217600
Seconds elapsed:       0.214274
Performance in GFlop/s:     60.325599
Bandwidth utilization: 11.200604 GB/s
513069564.000000
Validation OK.
tuned params: 500 500 123 52 4 3 
Flops / stencil call:  89
Stencil computations:  145238400
Bytes transferred:     2400000000
Total Flops:           12926217600
Seconds elapsed:       0.213804
Performance in GFlop/s:     60.458257
Bandwidth utilization: 11.225234 GB/s
511943400.000000
Validation OK.
