tuned params: 3000 3000 1496 12 2 3 
Flops / stencil call:  89
Stencil computations:  8952064000
Bytes transferred:     144000000000
Total Flops:           796733696000
Seconds elapsed:       10.581038
Performance in GFlop/s:     75.298255
Bandwidth utilization: 13.609251 GB/s
25335945764.000000
Validation OK.
tuned params: 3000 3000 1496 12 2 3 
Flops / stencil call:  89
Stencil computations:  8952064000
Bytes transferred:     144000000000
Total Flops:           796733696000
Seconds elapsed:       10.748338
Performance in GFlop/s:     74.126223
Bandwidth utilization: 13.397420 GB/s
25736539612.000000
Validation OK.
tuned params: 3000 3000 1496 12 2 3 
Flops / stencil call:  89
Stencil computations:  8952064000
Bytes transferred:     144000000000
Total Flops:           796733696000
Seconds elapsed:       10.698050
Performance in GFlop/s:     74.474665
Bandwidth utilization: 13.460397 GB/s
25616126396.000000
Validation OK.
tuned params: 3000 3000 1496 12 2 3 
Flops / stencil call:  89
Stencil computations:  8952064000
Bytes transferred:     144000000000
Total Flops:           796733696000
Seconds elapsed:       8.043664
Performance in GFlop/s:     99.051091
Bandwidth utilization: 17.902289 GB/s
19260285608.000000
Validation OK.
tuned params: 3000 3000 1496 12 2 3 
Flops / stencil call:  89
Stencil computations:  8952064000
Bytes transferred:     144000000000
Total Flops:           796733696000
Seconds elapsed:       6.656342
Performance in GFlop/s:     119.695426
Bandwidth utilization: 21.633504 GB/s
15938384708.000000
Validation OK.
tuned params: 3000 3000 1496 12 2 3 
Flops / stencil call:  89
Stencil computations:  8952064000
Bytes transferred:     144000000000
Total Flops:           796733696000
Seconds elapsed:       10.658752
Performance in GFlop/s:     74.749248
Bandwidth utilization: 13.510024 GB/s
25522027412.000000
Validation OK.
tuned params: 3000 3000 1496 12 2 3 
Flops / stencil call:  89
Stencil computations:  8952064000
Bytes transferred:     144000000000
Total Flops:           796733696000
Seconds elapsed:       10.560588
Performance in GFlop/s:     75.444065
Bandwidth utilization: 13.635604 GB/s
25286975332.000000
Validation OK.
tuned params: 3000 3000 1496 12 2 3 
Flops / stencil call:  89
Stencil computations:  8952064000
Bytes transferred:     144000000000
Total Flops:           796733696000
Seconds elapsed:       10.617645
Performance in GFlop/s:     75.038645
Bandwidth utilization: 13.562329 GB/s
25423601508.000000
Validation OK.
tuned params: 3000 3000 1496 12 2 3 
Flops / stencil call:  89
Stencil computations:  8952064000
Bytes transferred:     144000000000
Total Flops:           796733696000
Seconds elapsed:       8.560131
Performance in GFlop/s:     93.074941
Bandwidth utilization: 16.822172 GB/s
20496948660.000000
Validation OK.
tuned params: 3000 3000 1496 12 2 3 
Flops / stencil call:  89
Stencil computations:  8952064000
Bytes transferred:     144000000000
Total Flops:           796733696000
Seconds elapsed:       7.946169
Performance in GFlop/s:     100.266393
Bandwidth utilization: 18.121940 GB/s
19026838348.000000
Validation OK.
