tuned params: 3000 3000 1496 68 1 3 
Flops / stencil call:  89
Stencil computations:  223801600
Bytes transferred:     3600000000
Total Flops:           19918342400
Seconds elapsed:       0.363961
Performance in GFlop/s:     54.726587
Bandwidth utilization: 9.891170 GB/s
871488000.000000
Validation OK.
tuned params: 3000 3000 1496 68 1 3 
Flops / stencil call:  89
Stencil computations:  223801600
Bytes transferred:     3600000000
Total Flops:           19918342400
Seconds elapsed:       0.363932
Performance in GFlop/s:     54.730961
Bandwidth utilization: 9.891961 GB/s
871417376.000000
Validation OK.
tuned params: 3000 3000 1496 68 1 3 
Flops / stencil call:  89
Stencil computations:  223801600
Bytes transferred:     3600000000
Total Flops:           19918342400
Seconds elapsed:       0.363666
Performance in GFlop/s:     54.770969
Bandwidth utilization: 9.899192 GB/s
870779760.000000
Validation OK.
tuned params: 3000 3000 1496 68 1 3 
Flops / stencil call:  89
Stencil computations:  223801600
Bytes transferred:     3600000000
Total Flops:           19918342400
Seconds elapsed:       0.363608
Performance in GFlop/s:     54.779696
Bandwidth utilization: 9.900769 GB/s
870641648.000000
Validation OK.
tuned params: 3000 3000 1496 68 1 3 
Flops / stencil call:  89
Stencil computations:  223801600
Bytes transferred:     3600000000
Total Flops:           19918342400
Seconds elapsed:       0.364140
Performance in GFlop/s:     54.699677
Bandwidth utilization: 9.886307 GB/s
871915528.000000
Validation OK.
tuned params: 3000 3000 1496 68 1 3 
Flops / stencil call:  89
Stencil computations:  223801600
Bytes transferred:     3600000000
Total Flops:           19918342400
Seconds elapsed:       0.364096
Performance in GFlop/s:     54.706304
Bandwidth utilization: 9.887504 GB/s
871809944.000000
Validation OK.
tuned params: 3000 3000 1496 68 1 3 
Flops / stencil call:  89
Stencil computations:  223801600
Bytes transferred:     3600000000
Total Flops:           19918342400
Seconds elapsed:       0.363801
Performance in GFlop/s:     54.750653
Bandwidth utilization: 9.895520 GB/s
871104648.000000
Validation OK.
tuned params: 3000 3000 1496 68 1 3 
Flops / stencil call:  89
Stencil computations:  223801600
Bytes transferred:     3600000000
Total Flops:           19918342400
Seconds elapsed:       0.364209
Performance in GFlop/s:     54.689293
Bandwidth utilization: 9.884430 GB/s
872079912.000000
Validation OK.
tuned params: 3000 3000 1496 68 1 3 
Flops / stencil call:  89
Stencil computations:  223801600
Bytes transferred:     3600000000
Total Flops:           19918342400
Seconds elapsed:       0.363881
Performance in GFlop/s:     54.738599
Bandwidth utilization: 9.893341 GB/s
871296140.000000
Validation OK.
tuned params: 3000 3000 1496 68 1 3 
Flops / stencil call:  89
Stencil computations:  223801600
Bytes transferred:     3600000000
Total Flops:           19918342400
Seconds elapsed:       0.363555
Performance in GFlop/s:     54.787671
Bandwidth utilization: 9.902210 GB/s
870514852.000000
Validation OK.
