tuned params: 500 500 246 16 4 1 
Flops / stencil call:  89
Stencil computations:  145238400
Bytes transferred:     2400000000
Total Flops:           12926217600
Seconds elapsed:       0.136251
Performance in GFlop/s:     94.870645
Bandwidth utilization: 17.614553 GB/s
326247716.000000
Validation OK.
tuned params: 500 500 246 16 4 1 
Flops / stencil call:  89
Stencil computations:  145238400
Bytes transferred:     2400000000
Total Flops:           12926217600
Seconds elapsed:       0.140403
Performance in GFlop/s:     92.065089
Bandwidth utilization: 17.093648 GB/s
336190632.000000
Validation OK.
tuned params: 500 500 246 16 4 1 
Flops / stencil call:  89
Stencil computations:  145238400
Bytes transferred:     2400000000
Total Flops:           12926217600
Seconds elapsed:       0.137176
Performance in GFlop/s:     94.231036
Bandwidth utilization: 17.495798 GB/s
328462424.000000
Validation OK.
tuned params: 500 500 246 16 4 1 
Flops / stencil call:  89
Stencil computations:  145238400
Bytes transferred:     2400000000
Total Flops:           12926217600
Seconds elapsed:       0.136125
Performance in GFlop/s:     94.958545
Bandwidth utilization: 17.630874 GB/s
325946144.000000
Validation OK.
tuned params: 500 500 246 16 4 1 
Flops / stencil call:  89
Stencil computations:  145238400
Bytes transferred:     2400000000
Total Flops:           12926217600
Seconds elapsed:       0.170572
Performance in GFlop/s:     75.781572
Bandwidth utilization: 14.070301 GB/s
408426296.000000
Validation OK.
tuned params: 500 500 246 16 4 1 
Flops / stencil call:  89
Stencil computations:  145238400
Bytes transferred:     2400000000
Total Flops:           12926217600
Seconds elapsed:       0.184792
Performance in GFlop/s:     69.950168
Bandwidth utilization: 12.987589 GB/s
442476716.000000
Validation OK.
tuned params: 500 500 246 16 4 1 
Flops / stencil call:  89
Stencil computations:  145238400
Bytes transferred:     2400000000
Total Flops:           12926217600
Seconds elapsed:       0.179366
Performance in GFlop/s:     72.066108
Bandwidth utilization: 13.380454 GB/s
429485000.000000
Validation OK.
tuned params: 500 500 246 16 4 1 
Flops / stencil call:  89
Stencil computations:  145238400
Bytes transferred:     2400000000
Total Flops:           12926217600
Seconds elapsed:       0.140651
Performance in GFlop/s:     91.902786
Bandwidth utilization: 17.063513 GB/s
336782544.000000
Validation OK.
tuned params: 500 500 246 16 4 1 
Flops / stencil call:  89
Stencil computations:  145238400
Bytes transferred:     2400000000
Total Flops:           12926217600
Seconds elapsed:       0.140685
Performance in GFlop/s:     91.880670
Bandwidth utilization: 17.059407 GB/s
336863972.000000
Validation OK.
tuned params: 500 500 246 16 4 1 
Flops / stencil call:  89
Stencil computations:  145238400
Bytes transferred:     2400000000
Total Flops:           12926217600
Seconds elapsed:       0.180620
Performance in GFlop/s:     71.565833
Bandwidth utilization: 13.287568 GB/s
432486352.000000
Validation OK.
