tuned params: 3000 3000 2992 188 1 3 
Flops / stencil call:  89
Stencil computations:  8952064000
Bytes transferred:     144000000000
Total Flops:           796733696000
Seconds elapsed:       7.285399
Performance in GFlop/s:     109.360338
Bandwidth utilization: 19.765561 GB/s
17444644908.000000
Validation OK.
tuned params: 3000 3000 2992 188 1 3 
Flops / stencil call:  89
Stencil computations:  8952064000
Bytes transferred:     144000000000
Total Flops:           796733696000
Seconds elapsed:       7.288190
Performance in GFlop/s:     109.318457
Bandwidth utilization: 19.757992 GB/s
17451329412.000000
Validation OK.
tuned params: 3000 3000 2992 188 1 3 
Flops / stencil call:  89
Stencil computations:  8952064000
Bytes transferred:     144000000000
Total Flops:           796733696000
Seconds elapsed:       7.295913
Performance in GFlop/s:     109.202741
Bandwidth utilization: 19.737078 GB/s
17469821656.000000
Validation OK.
tuned params: 3000 3000 2992 188 1 3 
Flops / stencil call:  89
Stencil computations:  8952064000
Bytes transferred:     144000000000
Total Flops:           796733696000
Seconds elapsed:       7.281313
Performance in GFlop/s:     109.421704
Bandwidth utilization: 19.776652 GB/s
17434862008.000000
Validation OK.
tuned params: 3000 3000 2992 188 1 3 
Flops / stencil call:  89
Stencil computations:  8952064000
Bytes transferred:     144000000000
Total Flops:           796733696000
Seconds elapsed:       7.271918
Performance in GFlop/s:     109.563074
Bandwidth utilization: 19.802203 GB/s
17412364136.000000
Validation OK.
tuned params: 3000 3000 2992 188 1 3 
Flops / stencil call:  89
Stencil computations:  8952064000
Bytes transferred:     144000000000
Total Flops:           796733696000
Seconds elapsed:       7.279205
Performance in GFlop/s:     109.453393
Bandwidth utilization: 19.782380 GB/s
17429810572.000000
Validation OK.
tuned params: 3000 3000 2992 188 1 3 
Flops / stencil call:  89
Stencil computations:  8952064000
Bytes transferred:     144000000000
Total Flops:           796733696000
Seconds elapsed:       7.298615
Performance in GFlop/s:     109.162310
Bandwidth utilization: 19.729770 GB/s
17476292536.000000
Validation OK.
tuned params: 3000 3000 2992 188 1 3 
Flops / stencil call:  89
Stencil computations:  8952064000
Bytes transferred:     144000000000
Total Flops:           796733696000
Seconds elapsed:       7.280298
Performance in GFlop/s:     109.436962
Bandwidth utilization: 19.779410 GB/s
17432432168.000000
Validation OK.
tuned params: 3000 3000 2992 188 1 3 
Flops / stencil call:  89
Stencil computations:  8952064000
Bytes transferred:     144000000000
Total Flops:           796733696000
Seconds elapsed:       7.290167
Performance in GFlop/s:     109.288815
Bandwidth utilization: 19.752634 GB/s
17456063392.000000
Validation OK.
tuned params: 3000 3000 2992 188 1 3 
Flops / stencil call:  89
Stencil computations:  8952064000
Bytes transferred:     144000000000
Total Flops:           796733696000
Seconds elapsed:       7.292894
Performance in GFlop/s:     109.247949
Bandwidth utilization: 19.745248 GB/s
17462592720.000000
Validation OK.
