tuned params: 3000 3000 2992 188 1 3 
Flops / stencil call:  89
Stencil computations:  5371238400
Bytes transferred:     86400000000
Total Flops:           478040217600
Seconds elapsed:       4.372099
Performance in GFlop/s:     109.338838
Bandwidth utilization: 19.761675 GB/s
10468818208.000000
Validation OK.
tuned params: 3000 3000 2992 188 1 3 
Flops / stencil call:  89
Stencil computations:  5371238400
Bytes transferred:     86400000000
Total Flops:           478040217600
Seconds elapsed:       4.378854
Performance in GFlop/s:     109.170165
Bandwidth utilization: 19.731190 GB/s
10484991012.000000
Validation OK.
tuned params: 3000 3000 2992 188 1 3 
Flops / stencil call:  89
Stencil computations:  5371238400
Bytes transferred:     86400000000
Total Flops:           478040217600
Seconds elapsed:       4.438165
Performance in GFlop/s:     107.711233
Bandwidth utilization: 19.467505 GB/s
10627009100.000000
Validation OK.
tuned params: 3000 3000 2992 188 1 3 
Flops / stencil call:  89
Stencil computations:  5371238400
Bytes transferred:     86400000000
Total Flops:           478040217600
Seconds elapsed:       4.395728
Performance in GFlop/s:     108.751089
Bandwidth utilization: 19.655447 GB/s
10525396516.000000
Validation OK.
tuned params: 3000 3000 2992 188 1 3 
Flops / stencil call:  89
Stencil computations:  5371238400
Bytes transferred:     86400000000
Total Flops:           478040217600
Seconds elapsed:       4.715587
Performance in GFlop/s:     101.374490
Bandwidth utilization: 18.322216 GB/s
11291287188.000000
Validation OK.
tuned params: 3000 3000 2992 188 1 3 
Flops / stencil call:  89
Stencil computations:  5371238400
Bytes transferred:     86400000000
Total Flops:           478040217600
Seconds elapsed:       4.709940
Performance in GFlop/s:     101.496032
Bandwidth utilization: 18.344183 GB/s
11277762056.000000
Validation OK.
tuned params: 3000 3000 2992 188 1 3 
Flops / stencil call:  89
Stencil computations:  5371238400
Bytes transferred:     86400000000
Total Flops:           478040217600
Seconds elapsed:       4.643359
Performance in GFlop/s:     102.951381
Bandwidth utilization: 18.607220 GB/s
11118340032.000000
Validation OK.
tuned params: 3000 3000 2992 188 1 3 
Flops / stencil call:  89
Stencil computations:  5371238400
Bytes transferred:     86400000000
Total Flops:           478040217600
Seconds elapsed:       4.551786
Performance in GFlop/s:     105.022561
Bandwidth utilization: 18.981560 GB/s
10899069512.000000
Validation OK.
tuned params: 3000 3000 2992 188 1 3 
Flops / stencil call:  89
Stencil computations:  5371238400
Bytes transferred:     86400000000
Total Flops:           478040217600
Seconds elapsed:       4.381538
Performance in GFlop/s:     109.103294
Bandwidth utilization: 19.719104 GB/s
10491419044.000000
Validation OK.
tuned params: 3000 3000 2992 188 1 3 
Flops / stencil call:  89
Stencil computations:  5371238400
Bytes transferred:     86400000000
Total Flops:           478040217600
Seconds elapsed:       4.435195
Performance in GFlop/s:     107.783360
Bandwidth utilization: 19.480542 GB/s
10619897696.000000
Validation OK.
