tuned params: 3000 3000 2992 328 4 3 
Flops / stencil call:  89
Stencil computations:  223801600
Bytes transferred:     3600000000
Total Flops:           19918342400
Seconds elapsed:       2.832923
Performance in GFlop/s:     7.031022
Bandwidth utilization: 1.270772 GB/s
6783301312.000000
Validation OK.
tuned params: 3000 3000 2992 328 4 3 
Flops / stencil call:  89
Stencil computations:  223801600
Bytes transferred:     3600000000
Total Flops:           19918342400
Seconds elapsed:       2.823456
Performance in GFlop/s:     7.054596
Bandwidth utilization: 1.275033 GB/s
6760635780.000000
Validation OK.
tuned params: 3000 3000 2992 328 4 3 
Flops / stencil call:  89
Stencil computations:  223801600
Bytes transferred:     3600000000
Total Flops:           19918342400
Seconds elapsed:       2.823533
Performance in GFlop/s:     7.054404
Bandwidth utilization: 1.274998 GB/s
6760817468.000000
Validation OK.
tuned params: 3000 3000 2992 328 4 3 
Flops / stencil call:  89
Stencil computations:  223801600
Bytes transferred:     3600000000
Total Flops:           19918342400
Seconds elapsed:       2.822189
Performance in GFlop/s:     7.057763
Bandwidth utilization: 1.275606 GB/s
6757604808.000000
Validation OK.
tuned params: 3000 3000 2992 328 4 3 
Flops / stencil call:  89
Stencil computations:  223801600
Bytes transferred:     3600000000
Total Flops:           19918342400
Seconds elapsed:       2.826263
Performance in GFlop/s:     7.047590
Bandwidth utilization: 1.273767 GB/s
6767359120.000000
Validation OK.
tuned params: 3000 3000 2992 328 4 3 
Flops / stencil call:  89
Stencil computations:  223801600
Bytes transferred:     3600000000
Total Flops:           19918342400
Seconds elapsed:       2.826387
Performance in GFlop/s:     7.047280
Bandwidth utilization: 1.273711 GB/s
6767654636.000000
Validation OK.
tuned params: 3000 3000 2992 328 4 3 
Flops / stencil call:  89
Stencil computations:  223801600
Bytes transferred:     3600000000
Total Flops:           19918342400
Seconds elapsed:       2.822117
Performance in GFlop/s:     7.057943
Bandwidth utilization: 1.275638 GB/s
6757431792.000000
Validation OK.
tuned params: 3000 3000 2992 328 4 3 
Flops / stencil call:  89
Stencil computations:  223801600
Bytes transferred:     3600000000
Total Flops:           19918342400
Seconds elapsed:       2.824423
Performance in GFlop/s:     7.052181
Bandwidth utilization: 1.274597 GB/s
6762952888.000000
Validation OK.
tuned params: 3000 3000 2992 328 4 3 
Flops / stencil call:  89
Stencil computations:  223801600
Bytes transferred:     3600000000
Total Flops:           19918342400
Seconds elapsed:       2.834081
Performance in GFlop/s:     7.028149
Bandwidth utilization: 1.270253 GB/s
6786077732.000000
Validation OK.
tuned params: 3000 3000 2992 328 4 3 
Flops / stencil call:  89
Stencil computations:  223801600
Bytes transferred:     3600000000
Total Flops:           19918342400
Seconds elapsed:       2.835709
Performance in GFlop/s:     7.024114
Bandwidth utilization: 1.269524 GB/s
6789976884.000000
Validation OK.
