tuned params: 3000 3000 2992 328 4 3 
Flops / stencil call:  89
Stencil computations:  8952064000
Bytes transferred:     144000000000
Total Flops:           796733696000
Seconds elapsed:       112.935171
Performance in GFlop/s:     7.054788
Bandwidth utilization: 1.275068 GB/s
270419608156.000000
Validation OK.
tuned params: 3000 3000 2992 328 4 3 
Flops / stencil call:  89
Stencil computations:  8952064000
Bytes transferred:     144000000000
Total Flops:           796733696000
Seconds elapsed:       112.906386
Performance in GFlop/s:     7.056587
Bandwidth utilization: 1.275393 GB/s
270350683468.000000
Validation OK.
tuned params: 3000 3000 2992 328 4 3 
Flops / stencil call:  89
Stencil computations:  8952064000
Bytes transferred:     144000000000
Total Flops:           796733696000
Seconds elapsed:       112.875055
Performance in GFlop/s:     7.058545
Bandwidth utilization: 1.275747 GB/s
270275655412.000000
Validation OK.
tuned params: 3000 3000 2992 328 4 3 
Flops / stencil call:  89
Stencil computations:  8952064000
Bytes transferred:     144000000000
Total Flops:           796733696000
Seconds elapsed:       113.126265
Performance in GFlop/s:     7.042871
Bandwidth utilization: 1.272914 GB/s
270877169564.000000
Validation OK.
tuned params: 3000 3000 2992 328 4 3 
Flops / stencil call:  89
Stencil computations:  8952064000
Bytes transferred:     144000000000
Total Flops:           796733696000
Seconds elapsed:       112.994551
Performance in GFlop/s:     7.051081
Bandwidth utilization: 1.274398 GB/s
270561768592.000000
Validation OK.
tuned params: 3000 3000 2992 328 4 3 
Flops / stencil call:  89
Stencil computations:  8952064000
Bytes transferred:     144000000000
Total Flops:           796733696000
Seconds elapsed:       113.344653
Performance in GFlop/s:     7.029301
Bandwidth utilization: 1.270461 GB/s
271400098700.000000
Validation OK.
tuned params: 3000 3000 2992 328 4 3 
Flops / stencil call:  89
Stencil computations:  8952064000
Bytes transferred:     144000000000
Total Flops:           796733696000
Seconds elapsed:       112.958851
Performance in GFlop/s:     7.053309
Bandwidth utilization: 1.274801 GB/s
270476306612.000000
Validation OK.
tuned params: 3000 3000 2992 328 4 3 
Flops / stencil call:  89
Stencil computations:  8952064000
Bytes transferred:     144000000000
Total Flops:           796733696000
Seconds elapsed:       113.043158
Performance in GFlop/s:     7.048049
Bandwidth utilization: 1.273850 GB/s
270678168580.000000
Validation OK.
tuned params: 3000 3000 2992 328 4 3 
Flops / stencil call:  89
Stencil computations:  8952064000
Bytes transferred:     144000000000
Total Flops:           796733696000
Seconds elapsed:       112.999380
Performance in GFlop/s:     7.050779
Bandwidth utilization: 1.274343 GB/s
270573351112.000000
Validation OK.
tuned params: 3000 3000 2992 328 4 3 
Flops / stencil call:  89
Stencil computations:  8952064000
Bytes transferred:     144000000000
Total Flops:           796733696000
Seconds elapsed:       112.865383
Performance in GFlop/s:     7.059150
Bandwidth utilization: 1.275856 GB/s
270252489456.000000
Validation OK.
