tuned params: 3000 3000 2992 376 2 3 
Flops / stencil call:  89
Stencil computations:  223801600
Bytes transferred:     3600000000
Total Flops:           19918342400
Seconds elapsed:       0.712896
Performance in GFlop/s:     27.940035
Bandwidth utilization: 5.049824 GB/s
1706995860.000000
Validation OK.
tuned params: 3000 3000 2992 376 2 3 
Flops / stencil call:  89
Stencil computations:  223801600
Bytes transferred:     3600000000
Total Flops:           19918342400
Seconds elapsed:       0.719875
Performance in GFlop/s:     27.669174
Bandwidth utilization: 5.000869 GB/s
1723706216.000000
Validation OK.
tuned params: 3000 3000 2992 376 2 3 
Flops / stencil call:  89
Stencil computations:  223801600
Bytes transferred:     3600000000
Total Flops:           19918342400
Seconds elapsed:       0.713062
Performance in GFlop/s:     27.933533
Bandwidth utilization: 5.048649 GB/s
1707394680.000000
Validation OK.
tuned params: 3000 3000 2992 376 2 3 
Flops / stencil call:  89
Stencil computations:  223801600
Bytes transferred:     3600000000
Total Flops:           19918342400
Seconds elapsed:       0.714562
Performance in GFlop/s:     27.874900
Bandwidth utilization: 5.038052 GB/s
1710985152.000000
Validation OK.
tuned params: 3000 3000 2992 376 2 3 
Flops / stencil call:  89
Stencil computations:  223801600
Bytes transferred:     3600000000
Total Flops:           19918342400
Seconds elapsed:       0.714643
Performance in GFlop/s:     27.871738
Bandwidth utilization: 5.037480 GB/s
1711177776.000000
Validation OK.
tuned params: 3000 3000 2992 376 2 3 
Flops / stencil call:  89
Stencil computations:  223801600
Bytes transferred:     3600000000
Total Flops:           19918342400
Seconds elapsed:       0.717129
Performance in GFlop/s:     27.775118
Bandwidth utilization: 5.020017 GB/s
1717132216.000000
Validation OK.
tuned params: 3000 3000 2992 376 2 3 
Flops / stencil call:  89
Stencil computations:  223801600
Bytes transferred:     3600000000
Total Flops:           19918342400
Seconds elapsed:       0.715095
Performance in GFlop/s:     27.854119
Bandwidth utilization: 5.034296 GB/s
1712262620.000000
Validation OK.
tuned params: 3000 3000 2992 376 2 3 
Flops / stencil call:  89
Stencil computations:  223801600
Bytes transferred:     3600000000
Total Flops:           19918342400
Seconds elapsed:       0.712444
Performance in GFlop/s:     27.957763
Bandwidth utilization: 5.053028 GB/s
1705914336.000000
Validation OK.
tuned params: 3000 3000 2992 376 2 3 
Flops / stencil call:  89
Stencil computations:  223801600
Bytes transferred:     3600000000
Total Flops:           19918342400
Seconds elapsed:       0.712807
Performance in GFlop/s:     27.943530
Bandwidth utilization: 5.050456 GB/s
1706785040.000000
Validation OK.
tuned params: 3000 3000 2992 376 2 3 
Flops / stencil call:  89
Stencil computations:  223801600
Bytes transferred:     3600000000
Total Flops:           19918342400
Seconds elapsed:       0.714814
Performance in GFlop/s:     27.865072
Bandwidth utilization: 5.036276 GB/s
1711590412.000000
Validation OK.
