tuned params: 3000 3000 2992 252 2 3 
Flops / stencil call:  89
Stencil computations:  223801600
Bytes transferred:     3600000000
Total Flops:           19918342400
Seconds elapsed:       0.479587
Performance in GFlop/s:     41.532275
Bandwidth utilization: 7.506457 GB/s
1148354068.000000
Validation OK.
tuned params: 3000 3000 2992 252 2 3 
Flops / stencil call:  89
Stencil computations:  223801600
Bytes transferred:     3600000000
Total Flops:           19918342400
Seconds elapsed:       0.479256
Performance in GFlop/s:     41.560953
Bandwidth utilization: 7.511641 GB/s
1147562892.000000
Validation OK.
tuned params: 3000 3000 2992 252 2 3 
Flops / stencil call:  89
Stencil computations:  223801600
Bytes transferred:     3600000000
Total Flops:           19918342400
Seconds elapsed:       0.479266
Performance in GFlop/s:     41.560105
Bandwidth utilization: 7.511487 GB/s
1147586624.000000
Validation OK.
tuned params: 3000 3000 2992 252 2 3 
Flops / stencil call:  89
Stencil computations:  223801600
Bytes transferred:     3600000000
Total Flops:           19918342400
Seconds elapsed:       0.479075
Performance in GFlop/s:     41.576672
Bandwidth utilization: 7.514482 GB/s
1147127828.000000
Validation OK.
tuned params: 3000 3000 2992 252 2 3 
Flops / stencil call:  89
Stencil computations:  223801600
Bytes transferred:     3600000000
Total Flops:           19918342400
Seconds elapsed:       0.479275
Performance in GFlop/s:     41.559320
Bandwidth utilization: 7.511345 GB/s
1147605764.000000
Validation OK.
tuned params: 3000 3000 2992 252 2 3 
Flops / stencil call:  89
Stencil computations:  223801600
Bytes transferred:     3600000000
Total Flops:           19918342400
Seconds elapsed:       0.479497
Performance in GFlop/s:     41.540081
Bandwidth utilization: 7.507868 GB/s
1148139172.000000
Validation OK.
tuned params: 3000 3000 2992 252 2 3 
Flops / stencil call:  89
Stencil computations:  223801600
Bytes transferred:     3600000000
Total Flops:           19918342400
Seconds elapsed:       0.479243
Performance in GFlop/s:     41.562090
Bandwidth utilization: 7.511846 GB/s
1147531104.000000
Validation OK.
tuned params: 3000 3000 2992 252 2 3 
Flops / stencil call:  89
Stencil computations:  223801600
Bytes transferred:     3600000000
Total Flops:           19918342400
Seconds elapsed:       0.479158
Performance in GFlop/s:     41.569452
Bandwidth utilization: 7.513177 GB/s
1147328064.000000
Validation OK.
tuned params: 3000 3000 2992 252 2 3 
Flops / stencil call:  89
Stencil computations:  223801600
Bytes transferred:     3600000000
Total Flops:           19918342400
Seconds elapsed:       0.481357
Performance in GFlop/s:     41.379575
Bandwidth utilization: 7.478859 GB/s
1152591872.000000
Validation OK.
tuned params: 3000 3000 2992 252 2 3 
Flops / stencil call:  89
Stencil computations:  223801600
Bytes transferred:     3600000000
Total Flops:           19918342400
Seconds elapsed:       0.479203
Performance in GFlop/s:     41.565564
Bandwidth utilization: 7.512474 GB/s
1147436596.000000
Validation OK.
