tuned params: 3000 3000 1496 12 2 3 
Flops / stencil call:  89
Stencil computations:  223801600
Bytes transferred:     3600000000
Total Flops:           19918342400
Seconds elapsed:       0.266480
Performance in GFlop/s:     74.746115
Bandwidth utilization: 13.509458 GB/s
638076756.000000
Validation OK.
tuned params: 3000 3000 1496 12 2 3 
Flops / stencil call:  89
Stencil computations:  223801600
Bytes transferred:     3600000000
Total Flops:           19918342400
Seconds elapsed:       0.264341
Performance in GFlop/s:     75.350905
Bandwidth utilization: 13.618767 GB/s
632956416.000000
Validation OK.
tuned params: 3000 3000 1496 12 2 3 
Flops / stencil call:  89
Stencil computations:  223801600
Bytes transferred:     3600000000
Total Flops:           19918342400
Seconds elapsed:       0.265764
Performance in GFlop/s:     74.947482
Bandwidth utilization: 13.545853 GB/s
636362736.000000
Validation OK.
tuned params: 3000 3000 1496 12 2 3 
Flops / stencil call:  89
Stencil computations:  223801600
Bytes transferred:     3600000000
Total Flops:           19918342400
Seconds elapsed:       0.266128
Performance in GFlop/s:     74.844953
Bandwidth utilization: 13.527322 GB/s
637232372.000000
Validation OK.
tuned params: 3000 3000 1496 12 2 3 
Flops / stencil call:  89
Stencil computations:  223801600
Bytes transferred:     3600000000
Total Flops:           19918342400
Seconds elapsed:       0.265906
Performance in GFlop/s:     74.907431
Bandwidth utilization: 13.538614 GB/s
636701336.000000
Validation OK.
tuned params: 3000 3000 1496 12 2 3 
Flops / stencil call:  89
Stencil computations:  223801600
Bytes transferred:     3600000000
Total Flops:           19918342400
Seconds elapsed:       0.264104
Performance in GFlop/s:     75.418588
Bandwidth utilization: 13.631000 GB/s
632387532.000000
Validation OK.
tuned params: 3000 3000 1496 12 2 3 
Flops / stencil call:  89
Stencil computations:  223801600
Bytes transferred:     3600000000
Total Flops:           19918342400
Seconds elapsed:       0.265925
Performance in GFlop/s:     74.902125
Bandwidth utilization: 13.537655 GB/s
636747036.000000
Validation OK.
tuned params: 3000 3000 1496 12 2 3 
Flops / stencil call:  89
Stencil computations:  223801600
Bytes transferred:     3600000000
Total Flops:           19918342400
Seconds elapsed:       0.264099
Performance in GFlop/s:     75.419950
Bandwidth utilization: 13.631246 GB/s
632374768.000000
Validation OK.
tuned params: 3000 3000 1496 12 2 3 
Flops / stencil call:  89
Stencil computations:  223801600
Bytes transferred:     3600000000
Total Flops:           19918342400
Seconds elapsed:       0.266529
Performance in GFlop/s:     74.732408
Bandwidth utilization: 13.506981 GB/s
638194172.000000
Validation OK.
tuned params: 3000 3000 1496 12 2 3 
Flops / stencil call:  89
Stencil computations:  223801600
Bytes transferred:     3600000000
Total Flops:           19918342400
Seconds elapsed:       0.263719
Performance in GFlop/s:     75.528635
Bandwidth utilization: 13.650889 GB/s
631464856.000000
Validation OK.
