tuned params: 500 500 492 32 2 3 
Flops / stencil call:  89
Stencil computations:  242064000
Bytes transferred:     4000000000
Total Flops:           21543696000
Seconds elapsed:       0.413659
Performance in GFlop/s:     52.080798
Bandwidth utilization: 9.669798 GB/s
990493156.000000
Validation OK.
tuned params: 500 500 492 32 2 3 
Flops / stencil call:  89
Stencil computations:  242064000
Bytes transferred:     4000000000
Total Flops:           21543696000
Seconds elapsed:       0.413881
Performance in GFlop/s:     52.052897
Bandwidth utilization: 9.664618 GB/s
991023920.000000
Validation OK.
tuned params: 500 500 492 32 2 3 
Flops / stencil call:  89
Stencil computations:  242064000
Bytes transferred:     4000000000
Total Flops:           21543696000
Seconds elapsed:       0.414373
Performance in GFlop/s:     51.991051
Bandwidth utilization: 9.653135 GB/s
992201312.000000
Validation OK.
tuned params: 500 500 492 32 2 3 
Flops / stencil call:  89
Stencil computations:  242064000
Bytes transferred:     4000000000
Total Flops:           21543696000
Seconds elapsed:       0.413929
Performance in GFlop/s:     52.046841
Bandwidth utilization: 9.663493 GB/s
991138744.000000
Validation OK.
tuned params: 500 500 492 32 2 3 
Flops / stencil call:  89
Stencil computations:  242064000
Bytes transferred:     4000000000
Total Flops:           21543696000
Seconds elapsed:       0.414315
Performance in GFlop/s:     51.998351
Bandwidth utilization: 9.654490 GB/s
992063860.000000
Validation OK.
tuned params: 500 500 492 32 2 3 
Flops / stencil call:  89
Stencil computations:  242064000
Bytes transferred:     4000000000
Total Flops:           21543696000
Seconds elapsed:       0.413765
Performance in GFlop/s:     52.067474
Bandwidth utilization: 9.667324 GB/s
990745720.000000
Validation OK.
tuned params: 500 500 492 32 2 3 
Flops / stencil call:  89
Stencil computations:  242064000
Bytes transferred:     4000000000
Total Flops:           21543696000
Seconds elapsed:       0.416409
Performance in GFlop/s:     51.736863
Bandwidth utilization: 9.605940 GB/s
997077384.000000
Validation OK.
tuned params: 500 500 492 32 2 3 
Flops / stencil call:  89
Stencil computations:  242064000
Bytes transferred:     4000000000
Total Flops:           21543696000
Seconds elapsed:       0.413779
Performance in GFlop/s:     52.065704
Bandwidth utilization: 9.666996 GB/s
990780224.000000
Validation OK.
tuned params: 500 500 492 32 2 3 
Flops / stencil call:  89
Stencil computations:  242064000
Bytes transferred:     4000000000
Total Flops:           21543696000
Seconds elapsed:       0.414162
Performance in GFlop/s:     52.017568
Bandwidth utilization: 9.658058 GB/s
991695728.000000
Validation OK.
tuned params: 500 500 492 32 2 3 
Flops / stencil call:  89
Stencil computations:  242064000
Bytes transferred:     4000000000
Total Flops:           21543696000
Seconds elapsed:       0.413875
Performance in GFlop/s:     52.053647
Bandwidth utilization: 9.664757 GB/s
991010112.000000
Validation OK.
