tuned params: 500 500 492 64 2 3 
Flops / stencil call:  89
Stencil computations:  242064000
Bytes transferred:     4000000000
Total Flops:           21543696000
Seconds elapsed:       0.821398
Performance in GFlop/s:     26.228084
Bandwidth utilization: 4.869746 GB/s
1966810444.000000
Validation OK.
tuned params: 500 500 492 64 2 3 
Flops / stencil call:  89
Stencil computations:  242064000
Bytes transferred:     4000000000
Total Flops:           21543696000
Seconds elapsed:       0.821450
Performance in GFlop/s:     26.226424
Bandwidth utilization: 4.869438 GB/s
1966934796.000000
Validation OK.
tuned params: 500 500 492 64 2 3 
Flops / stencil call:  89
Stencil computations:  242064000
Bytes transferred:     4000000000
Total Flops:           21543696000
Seconds elapsed:       0.821469
Performance in GFlop/s:     26.225815
Bandwidth utilization: 4.869325 GB/s
1966980356.000000
Validation OK.
tuned params: 500 500 492 64 2 3 
Flops / stencil call:  89
Stencil computations:  242064000
Bytes transferred:     4000000000
Total Flops:           21543696000
Seconds elapsed:       0.821263
Performance in GFlop/s:     26.232393
Bandwidth utilization: 4.870547 GB/s
1966487484.000000
Validation OK.
tuned params: 500 500 492 64 2 3 
Flops / stencil call:  89
Stencil computations:  242064000
Bytes transferred:     4000000000
Total Flops:           21543696000
Seconds elapsed:       0.821080
Performance in GFlop/s:     26.238243
Bandwidth utilization: 4.871633 GB/s
1966050508.000000
Validation OK.
tuned params: 500 500 492 64 2 3 
Flops / stencil call:  89
Stencil computations:  242064000
Bytes transferred:     4000000000
Total Flops:           21543696000
Seconds elapsed:       0.821440
Performance in GFlop/s:     26.226744
Bandwidth utilization: 4.869498 GB/s
1966913128.000000
Validation OK.
tuned params: 500 500 492 64 2 3 
Flops / stencil call:  89
Stencil computations:  242064000
Bytes transferred:     4000000000
Total Flops:           21543696000
Seconds elapsed:       0.821707
Performance in GFlop/s:     26.218221
Bandwidth utilization: 4.867915 GB/s
1967551932.000000
Validation OK.
tuned params: 500 500 492 64 2 3 
Flops / stencil call:  89
Stencil computations:  242064000
Bytes transferred:     4000000000
Total Flops:           21543696000
Seconds elapsed:       0.820939
Performance in GFlop/s:     26.242747
Bandwidth utilization: 4.872469 GB/s
1965711492.000000
Validation OK.
tuned params: 500 500 492 64 2 3 
Flops / stencil call:  89
Stencil computations:  242064000
Bytes transferred:     4000000000
Total Flops:           21543696000
Seconds elapsed:       0.821392
Performance in GFlop/s:     26.228274
Bandwidth utilization: 4.869782 GB/s
1966797492.000000
Validation OK.
tuned params: 500 500 492 64 2 3 
Flops / stencil call:  89
Stencil computations:  242064000
Bytes transferred:     4000000000
Total Flops:           21543696000
Seconds elapsed:       0.821018
Performance in GFlop/s:     26.240217
Bandwidth utilization: 4.871999 GB/s
1965900056.000000
Validation OK.
