tuned params: 500 500 492 292 1 3 
Flops / stencil call:  89
Stencil computations:  242064000
Bytes transferred:     4000000000
Total Flops:           21543696000
Seconds elapsed:       3.125422
Performance in GFlop/s:     6.893052
Bandwidth utilization: 1.279827 GB/s
7483717696.000000
Validation OK.
tuned params: 500 500 492 292 1 3 
Flops / stencil call:  89
Stencil computations:  242064000
Bytes transferred:     4000000000
Total Flops:           21543696000
Seconds elapsed:       3.130784
Performance in GFlop/s:     6.881247
Bandwidth utilization: 1.277635 GB/s
7496559724.000000
Validation OK.
tuned params: 500 500 492 292 1 3 
Flops / stencil call:  89
Stencil computations:  242064000
Bytes transferred:     4000000000
Total Flops:           21543696000
Seconds elapsed:       3.127655
Performance in GFlop/s:     6.888130
Bandwidth utilization: 1.278913 GB/s
7489066584.000000
Validation OK.
tuned params: 500 500 492 292 1 3 
Flops / stencil call:  89
Stencil computations:  242064000
Bytes transferred:     4000000000
Total Flops:           21543696000
Seconds elapsed:       3.130398
Performance in GFlop/s:     6.882095
Bandwidth utilization: 1.277793 GB/s
7495631848.000000
Validation OK.
tuned params: 500 500 492 292 1 3 
Flops / stencil call:  89
Stencil computations:  242064000
Bytes transferred:     4000000000
Total Flops:           21543696000
Seconds elapsed:       3.126844
Performance in GFlop/s:     6.889917
Bandwidth utilization: 1.279245 GB/s
7487120888.000000
Validation OK.
tuned params: 500 500 492 292 1 3 
Flops / stencil call:  89
Stencil computations:  242064000
Bytes transferred:     4000000000
Total Flops:           21543696000
Seconds elapsed:       3.133114
Performance in GFlop/s:     6.876129
Bandwidth utilization: 1.276685 GB/s
7502135660.000000
Validation OK.
tuned params: 500 500 492 292 1 3 
Flops / stencil call:  89
Stencil computations:  242064000
Bytes transferred:     4000000000
Total Flops:           21543696000
Seconds elapsed:       3.132159
Performance in GFlop/s:     6.878226
Bandwidth utilization: 1.277074 GB/s
7499851600.000000
Validation OK.
tuned params: 500 500 492 292 1 3 
Flops / stencil call:  89
Stencil computations:  242064000
Bytes transferred:     4000000000
Total Flops:           21543696000
Seconds elapsed:       3.129913
Performance in GFlop/s:     6.883161
Bandwidth utilization: 1.277991 GB/s
7494471072.000000
Validation OK.
tuned params: 500 500 492 292 1 3 
Flops / stencil call:  89
Stencil computations:  242064000
Bytes transferred:     4000000000
Total Flops:           21543696000
Seconds elapsed:       3.127329
Performance in GFlop/s:     6.888849
Bandwidth utilization: 1.279047 GB/s
7488284992.000000
Validation OK.
tuned params: 500 500 492 292 1 3 
Flops / stencil call:  89
Stencil computations:  242064000
Bytes transferred:     4000000000
Total Flops:           21543696000
Seconds elapsed:       3.130631
Performance in GFlop/s:     6.881582
Bandwidth utilization: 1.277698 GB/s
7496191872.000000
Validation OK.
