tuned params: 500 500 492 32 2 3 
Flops / stencil call:  89
Stencil computations:  6051600
Bytes transferred:     100000000
Total Flops:           538592400
Seconds elapsed:       0.010346
Performance in GFlop/s:     52.057155
Bandwidth utilization: 9.665408 GB/s
24771060.000000
Validation OK.
tuned params: 500 500 492 32 2 3 
Flops / stencil call:  89
Stencil computations:  6051600
Bytes transferred:     100000000
Total Flops:           538592400
Seconds elapsed:       0.010370
Performance in GFlop/s:     51.937470
Bandwidth utilization: 9.643187 GB/s
24829364.000000
Validation OK.
tuned params: 500 500 492 32 2 3 
Flops / stencil call:  89
Stencil computations:  6051600
Bytes transferred:     100000000
Total Flops:           538592400
Seconds elapsed:       0.010351
Performance in GFlop/s:     52.033174
Bandwidth utilization: 9.660956 GB/s
24784028.000000
Validation OK.
tuned params: 500 500 492 32 2 3 
Flops / stencil call:  89
Stencil computations:  6051600
Bytes transferred:     100000000
Total Flops:           538592400
Seconds elapsed:       0.010351
Performance in GFlop/s:     52.033174
Bandwidth utilization: 9.660956 GB/s
24784068.000000
Validation OK.
tuned params: 500 500 492 32 2 3 
Flops / stencil call:  89
Stencil computations:  6051600
Bytes transferred:     100000000
Total Flops:           538592400
Seconds elapsed:       0.010353
Performance in GFlop/s:     52.022390
Bandwidth utilization: 9.658954 GB/s
24789280.000000
Validation OK.
tuned params: 500 500 492 32 2 3 
Flops / stencil call:  89
Stencil computations:  6051600
Bytes transferred:     100000000
Total Flops:           538592400
Seconds elapsed:       0.010390
Performance in GFlop/s:     51.837359
Bandwidth utilization: 9.624599 GB/s
24877308.000000
Validation OK.
tuned params: 500 500 492 32 2 3 
Flops / stencil call:  89
Stencil computations:  6051600
Bytes transferred:     100000000
Total Flops:           538592400
Seconds elapsed:       0.010355
Performance in GFlop/s:     52.012808
Bandwidth utilization: 9.657174 GB/s
24793872.000000
Validation OK.
tuned params: 500 500 492 32 2 3 
Flops / stencil call:  89
Stencil computations:  6051600
Bytes transferred:     100000000
Total Flops:           538592400
Seconds elapsed:       0.010350
Performance in GFlop/s:     52.037969
Bandwidth utilization: 9.661846 GB/s
24782792.000000
Validation OK.
tuned params: 500 500 492 32 2 3 
Flops / stencil call:  89
Stencil computations:  6051600
Bytes transferred:     100000000
Total Flops:           538592400
Seconds elapsed:       0.010377
Performance in GFlop/s:     51.902864
Bandwidth utilization: 9.636761 GB/s
24845640.000000
Validation OK.
tuned params: 500 500 492 32 2 3 
Flops / stencil call:  89
Stencil computations:  6051600
Bytes transferred:     100000000
Total Flops:           538592400
Seconds elapsed:       0.010379
Performance in GFlop/s:     51.892134
Bandwidth utilization: 9.634769 GB/s
24851300.000000
Validation OK.
