tuned params: 3000 3000 1496 12 2 3 
Flops / stencil call:  89
Stencil computations:  223801600
Bytes transferred:     3600000000
Total Flops:           19918342400
Seconds elapsed:       0.263826
Performance in GFlop/s:     75.497989
Bandwidth utilization: 13.645350 GB/s
631720788.000000
Validation OK.
tuned params: 3000 3000 1496 12 2 3 
Flops / stencil call:  89
Stencil computations:  223801600
Bytes transferred:     3600000000
Total Flops:           19918342400
Seconds elapsed:       0.265459
Performance in GFlop/s:     75.033575
Bandwidth utilization: 13.561413 GB/s
635630880.000000
Validation OK.
tuned params: 3000 3000 1496 12 2 3 
Flops / stencil call:  89
Stencil computations:  223801600
Bytes transferred:     3600000000
Total Flops:           19918342400
Seconds elapsed:       0.265017
Performance in GFlop/s:     75.158725
Bandwidth utilization: 13.584033 GB/s
634573064.000000
Validation OK.
tuned params: 3000 3000 1496 12 2 3 
Flops / stencil call:  89
Stencil computations:  223801600
Bytes transferred:     3600000000
Total Flops:           19918342400
Seconds elapsed:       0.266478
Performance in GFlop/s:     74.746650
Bandwidth utilization: 13.509555 GB/s
638071660.000000
Validation OK.
tuned params: 3000 3000 1496 12 2 3 
Flops / stencil call:  89
Stencil computations:  223801600
Bytes transferred:     3600000000
Total Flops:           19918342400
Seconds elapsed:       0.267233
Performance in GFlop/s:     74.535519
Bandwidth utilization: 13.471395 GB/s
639880220.000000
Validation OK.
