tuned params: 3000 3000 2992 300 1 3 
Flops / stencil call:  89
Stencil computations:  8952064000
Bytes transferred:     144000000000
Total Flops:           796733696000
Seconds elapsed:       11.483103
Performance in GFlop/s:     69.383136
Bandwidth utilization: 12.540164 GB/s
27495911904.000000
Validation OK.
tuned params: 3000 3000 2992 300 1 3 
Flops / stencil call:  89
Stencil computations:  8952064000
Bytes transferred:     144000000000
Total Flops:           796733696000
Seconds elapsed:       11.488032
Performance in GFlop/s:     69.353366
Bandwidth utilization: 12.534784 GB/s
27507714424.000000
Validation OK.
tuned params: 3000 3000 2992 300 1 3 
Flops / stencil call:  89
Stencil computations:  8952064000
Bytes transferred:     144000000000
Total Flops:           796733696000
Seconds elapsed:       11.495361
Performance in GFlop/s:     69.309151
Bandwidth utilization: 12.526792 GB/s
27525265328.000000
Validation OK.
tuned params: 3000 3000 2992 300 1 3 
Flops / stencil call:  89
Stencil computations:  8952064000
Bytes transferred:     144000000000
Total Flops:           796733696000
Seconds elapsed:       11.503063
Performance in GFlop/s:     69.262743
Bandwidth utilization: 12.518405 GB/s
27543707336.000000
Validation OK.
tuned params: 3000 3000 2992 300 1 3 
Flops / stencil call:  89
Stencil computations:  8952064000
Bytes transferred:     144000000000
Total Flops:           796733696000
Seconds elapsed:       11.460445
Performance in GFlop/s:     69.520311
Bandwidth utilization: 12.564957 GB/s
27441658460.000000
Validation OK.
tuned params: 3000 3000 2992 300 1 3 
Flops / stencil call:  89
Stencil computations:  8952064000
Bytes transferred:     144000000000
Total Flops:           796733696000
Seconds elapsed:       11.476404
Performance in GFlop/s:     69.423636
Bandwidth utilization: 12.547484 GB/s
27479872400.000000
Validation OK.
tuned params: 3000 3000 2992 300 1 3 
Flops / stencil call:  89
Stencil computations:  8952064000
Bytes transferred:     144000000000
Total Flops:           796733696000
Seconds elapsed:       11.491601
Performance in GFlop/s:     69.331827
Bandwidth utilization: 12.530891 GB/s
27516260596.000000
Validation OK.
tuned params: 3000 3000 2992 300 1 3 
Flops / stencil call:  89
Stencil computations:  8952064000
Bytes transferred:     144000000000
Total Flops:           796733696000
Seconds elapsed:       11.476799
Performance in GFlop/s:     69.421247
Bandwidth utilization: 12.547053 GB/s
27480817536.000000
Validation OK.
tuned params: 3000 3000 2992 300 1 3 
Flops / stencil call:  89
Stencil computations:  8952064000
Bytes transferred:     144000000000
Total Flops:           796733696000
Seconds elapsed:       11.480527
Performance in GFlop/s:     69.398705
Bandwidth utilization: 12.542978 GB/s
27489744692.000000
Validation OK.
tuned params: 3000 3000 2992 300 1 3 
Flops / stencil call:  89
Stencil computations:  8952064000
Bytes transferred:     144000000000
Total Flops:           796733696000
Seconds elapsed:       11.484113
Performance in GFlop/s:     69.377034
Bandwidth utilization: 12.539062 GB/s
27498334844.000000
Validation OK.
