tuned params: 500 500 492 8 2 3 
Flops / stencil call:  89
Stencil computations:  242064000
Bytes transferred:     4000000000
Total Flops:           21543696000
Seconds elapsed:       0.242152
Performance in GFlop/s:     88.967666
Bandwidth utilization: 16.518552 GB/s
579822588.000000
Validation OK.
tuned params: 500 500 492 8 2 3 
Flops / stencil call:  89
Stencil computations:  242064000
Bytes transferred:     4000000000
Total Flops:           21543696000
Seconds elapsed:       0.262461
Performance in GFlop/s:     82.083435
Bandwidth utilization: 15.240363 GB/s
628453388.000000
Validation OK.
tuned params: 500 500 492 8 2 3 
Flops / stencil call:  89
Stencil computations:  242064000
Bytes transferred:     4000000000
Total Flops:           21543696000
Seconds elapsed:       0.250515
Performance in GFlop/s:     85.997634
Bandwidth utilization: 15.967109 GB/s
599849672.000000
Validation OK.
tuned params: 500 500 492 8 2 3 
Flops / stencil call:  89
Stencil computations:  242064000
Bytes transferred:     4000000000
Total Flops:           21543696000
Seconds elapsed:       0.247190
Performance in GFlop/s:     87.154400
Bandwidth utilization: 16.181884 GB/s
591885900.000000
Validation OK.
tuned params: 500 500 492 8 2 3 
Flops / stencil call:  89
Stencil computations:  242064000
Bytes transferred:     4000000000
Total Flops:           21543696000
Seconds elapsed:       0.263324
Performance in GFlop/s:     81.814397
Bandwidth utilization: 15.190411 GB/s
630518760.000000
Validation OK.
tuned params: 500 500 492 8 2 3 
Flops / stencil call:  89
Stencil computations:  242064000
Bytes transferred:     4000000000
Total Flops:           21543696000
Seconds elapsed:       0.257295
Performance in GFlop/s:     83.731456
Bandwidth utilization: 15.546349 GB/s
616084020.000000
Validation OK.
tuned params: 500 500 492 8 2 3 
Flops / stencil call:  89
Stencil computations:  242064000
Bytes transferred:     4000000000
Total Flops:           21543696000
Seconds elapsed:       0.241741
Performance in GFlop/s:     89.118938
Bandwidth utilization: 16.546639 GB/s
578840176.000000
Validation OK.
tuned params: 500 500 492 8 2 3 
Flops / stencil call:  89
Stencil computations:  242064000
Bytes transferred:     4000000000
Total Flops:           21543696000
Seconds elapsed:       0.242716
Performance in GFlop/s:     88.760982
Bandwidth utilization: 16.480177 GB/s
581174444.000000
Validation OK.
tuned params: 500 500 492 8 2 3 
Flops / stencil call:  89
Stencil computations:  242064000
Bytes transferred:     4000000000
Total Flops:           21543696000
Seconds elapsed:       0.243529
Performance in GFlop/s:     88.464572
Bandwidth utilization: 16.425143 GB/s
583121292.000000
Validation OK.
tuned params: 500 500 492 8 2 3 
Flops / stencil call:  89
Stencil computations:  242064000
Bytes transferred:     4000000000
Total Flops:           21543696000
Seconds elapsed:       0.249982
Performance in GFlop/s:     86.180948
Bandwidth utilization: 16.001144 GB/s
598573104.000000
Validation OK.
