tuned params: 500 500 492 248 1 3 
Flops / stencil call:  89
Stencil computations:  145238400
Bytes transferred:     2400000000
Total Flops:           12926217600
Seconds elapsed:       0.947839
Performance in GFlop/s:     13.637566
Bandwidth utilization: 2.532076 GB/s
2269561228.000000
Validation OK.
tuned params: 500 500 492 248 1 3 
Flops / stencil call:  89
Stencil computations:  145238400
Bytes transferred:     2400000000
Total Flops:           12926217600
Seconds elapsed:       0.950055
Performance in GFlop/s:     13.605755
Bandwidth utilization: 2.526169 GB/s
2274867812.000000
Validation OK.
tuned params: 500 500 492 248 1 3 
Flops / stencil call:  89
Stencil computations:  145238400
Bytes transferred:     2400000000
Total Flops:           12926217600
Seconds elapsed:       0.949959
Performance in GFlop/s:     13.607132
Bandwidth utilization: 2.526425 GB/s
2274638204.000000
Validation OK.
tuned params: 500 500 492 248 1 3 
Flops / stencil call:  89
Stencil computations:  145238400
Bytes transferred:     2400000000
Total Flops:           12926217600
Seconds elapsed:       0.949200
Performance in GFlop/s:     13.618014
Bandwidth utilization: 2.528445 GB/s
2272820972.000000
Validation OK.
tuned params: 500 500 492 248 1 3 
Flops / stencil call:  89
Stencil computations:  145238400
Bytes transferred:     2400000000
Total Flops:           12926217600
Seconds elapsed:       0.950611
Performance in GFlop/s:     13.597801
Bandwidth utilization: 2.524692 GB/s
2276195648.000000
Validation OK.
tuned params: 500 500 492 248 1 3 
Flops / stencil call:  89
Stencil computations:  145238400
Bytes transferred:     2400000000
Total Flops:           12926217600
Seconds elapsed:       0.948495
Performance in GFlop/s:     13.628136
Bandwidth utilization: 2.530325 GB/s
2271131472.000000
Validation OK.
tuned params: 500 500 492 248 1 3 
Flops / stencil call:  89
Stencil computations:  145238400
Bytes transferred:     2400000000
Total Flops:           12926217600
Seconds elapsed:       0.949851
Performance in GFlop/s:     13.608679
Bandwidth utilization: 2.526712 GB/s
2274379660.000000
Validation OK.
tuned params: 500 500 492 248 1 3 
Flops / stencil call:  89
Stencil computations:  145238400
Bytes transferred:     2400000000
Total Flops:           12926217600
Seconds elapsed:       0.950676
Performance in GFlop/s:     13.596870
Bandwidth utilization: 2.524519 GB/s
2276353520.000000
Validation OK.
tuned params: 500 500 492 248 1 3 
Flops / stencil call:  89
Stencil computations:  145238400
Bytes transferred:     2400000000
Total Flops:           12926217600
Seconds elapsed:       0.949540
Performance in GFlop/s:     13.613138
Bandwidth utilization: 2.527540 GB/s
2273634260.000000
Validation OK.
tuned params: 500 500 492 248 1 3 
Flops / stencil call:  89
Stencil computations:  145238400
Bytes transferred:     2400000000
Total Flops:           12926217600
Seconds elapsed:       0.950474
Performance in GFlop/s:     13.599759
Bandwidth utilization: 2.525056 GB/s
2275869304.000000
Validation OK.
