tuned params: 3000 3000 1496 12 2 3 
Flops / stencil call:  89
Stencil computations:  223801600
Bytes transferred:     3600000000
Total Flops:           19918342400
Seconds elapsed:       0.267708
Performance in GFlop/s:     74.403222
Bandwidth utilization: 13.447484 GB/s
641015088.000000
Validation OK.
tuned params: 3000 3000 1496 12 2 3 
Flops / stencil call:  89
Stencil computations:  223801600
Bytes transferred:     3600000000
Total Flops:           19918342400
Seconds elapsed:       0.263261
Performance in GFlop/s:     75.660035
Bandwidth utilization: 13.674638 GB/s
630365384.000000
Validation OK.
tuned params: 3000 3000 1496 12 2 3 
Flops / stencil call:  89
Stencil computations:  223801600
Bytes transferred:     3600000000
Total Flops:           19918342400
Seconds elapsed:       0.262312
Performance in GFlop/s:     75.933801
Bandwidth utilization: 13.724118 GB/s
628093288.000000
Validation OK.
tuned params: 3000 3000 1496 12 2 3 
Flops / stencil call:  89
Stencil computations:  223801600
Bytes transferred:     3600000000
Total Flops:           19918342400
Seconds elapsed:       0.263642
Performance in GFlop/s:     75.550766
Bandwidth utilization: 13.654889 GB/s
631276452.000000
Validation OK.
tuned params: 3000 3000 1496 12 2 3 
Flops / stencil call:  89
Stencil computations:  223801600
Bytes transferred:     3600000000
Total Flops:           19918342400
Seconds elapsed:       0.262836
Performance in GFlop/s:     75.782404
Bandwidth utilization: 13.696755 GB/s
629348548.000000
Validation OK.
tuned params: 3000 3000 1496 12 2 3 
Flops / stencil call:  89
Stencil computations:  223801600
Bytes transferred:     3600000000
Total Flops:           19918342400
Seconds elapsed:       0.263453
Performance in GFlop/s:     75.604916
Bandwidth utilization: 13.664676 GB/s
630825092.000000
Validation OK.
tuned params: 3000 3000 1496 12 2 3 
Flops / stencil call:  89
Stencil computations:  223801600
Bytes transferred:     3600000000
Total Flops:           19918342400
Seconds elapsed:       0.265600
Performance in GFlop/s:     74.993769
Bandwidth utilization: 13.554219 GB/s
635968036.000000
Validation OK.
tuned params: 3000 3000 1496 12 2 3 
Flops / stencil call:  89
Stencil computations:  223801600
Bytes transferred:     3600000000
Total Flops:           19918342400
Seconds elapsed:       0.263702
Performance in GFlop/s:     75.533552
Bandwidth utilization: 13.651778 GB/s
631421132.000000
Validation OK.
tuned params: 3000 3000 1496 12 2 3 
Flops / stencil call:  89
Stencil computations:  223801600
Bytes transferred:     3600000000
Total Flops:           19918342400
Seconds elapsed:       0.265175
Performance in GFlop/s:     75.113923
Bandwidth utilization: 13.575935 GB/s
634949052.000000
Validation OK.
tuned params: 3000 3000 1496 12 2 3 
Flops / stencil call:  89
Stencil computations:  223801600
Bytes transferred:     3600000000
Total Flops:           19918342400
Seconds elapsed:       0.263456
Performance in GFlop/s:     75.604095
Bandwidth utilization: 13.664528 GB/s
630832452.000000
Validation OK.
