tuned params: 3000 3000 2992 188 1 3 
Flops / stencil call:  89
Stencil computations:  5371238400
Bytes transferred:     86400000000
Total Flops:           478040217600
Seconds elapsed:       4.357274
Performance in GFlop/s:     109.710845
Bandwidth utilization: 19.828911 GB/s
10433318828.000000
Validation OK.
tuned params: 3000 3000 2992 188 1 3 
Flops / stencil call:  89
Stencil computations:  5371238400
Bytes transferred:     86400000000
Total Flops:           478040217600
Seconds elapsed:       4.396623
Performance in GFlop/s:     108.728950
Bandwidth utilization: 19.651446 GB/s
10527539968.000000
Validation OK.
tuned params: 3000 3000 2992 188 1 3 
Flops / stencil call:  89
Stencil computations:  5371238400
Bytes transferred:     86400000000
Total Flops:           478040217600
Seconds elapsed:       4.366556
Performance in GFlop/s:     109.477635
Bandwidth utilization: 19.786761 GB/s
10455544932.000000
Validation OK.
tuned params: 3000 3000 2992 188 1 3 
Flops / stencil call:  89
Stencil computations:  5371238400
Bytes transferred:     86400000000
Total Flops:           478040217600
Seconds elapsed:       4.390295
Performance in GFlop/s:     108.885670
Bandwidth utilization: 19.679771 GB/s
10512384788.000000
Validation OK.
tuned params: 3000 3000 2992 188 1 3 
Flops / stencil call:  89
Stencil computations:  5371238400
Bytes transferred:     86400000000
Total Flops:           478040217600
Seconds elapsed:       4.375499
Performance in GFlop/s:     109.253874
Bandwidth utilization: 19.746319 GB/s
10476958748.000000
Validation OK.
tuned params: 3000 3000 2992 188 1 3 
Flops / stencil call:  89
Stencil computations:  5371238400
Bytes transferred:     86400000000
Total Flops:           478040217600
Seconds elapsed:       4.433615
Performance in GFlop/s:     107.821771
Bandwidth utilization: 19.487484 GB/s
10616113904.000000
Validation OK.
tuned params: 3000 3000 2992 188 1 3 
Flops / stencil call:  89
Stencil computations:  5371238400
Bytes transferred:     86400000000
Total Flops:           478040217600
Seconds elapsed:       4.378488
Performance in GFlop/s:     109.179290
Bandwidth utilization: 19.732839 GB/s
10484115216.000000
Validation OK.
tuned params: 3000 3000 2992 188 1 3 
Flops / stencil call:  89
Stencil computations:  5371238400
Bytes transferred:     86400000000
Total Flops:           478040217600
Seconds elapsed:       4.413922
Performance in GFlop/s:     108.302822
Bandwidth utilization: 19.574428 GB/s
10568961084.000000
Validation OK.
tuned params: 3000 3000 2992 188 1 3 
Flops / stencil call:  89
Stencil computations:  5371238400
Bytes transferred:     86400000000
Total Flops:           478040217600
Seconds elapsed:       4.411105
Performance in GFlop/s:     108.371990
Bandwidth utilization: 19.586929 GB/s
10562216256.000000
Validation OK.
tuned params: 3000 3000 2992 188 1 3 
Flops / stencil call:  89
Stencil computations:  5371238400
Bytes transferred:     86400000000
Total Flops:           478040217600
Seconds elapsed:       4.430164
Performance in GFlop/s:     107.905759
Bandwidth utilization: 19.502664 GB/s
10607850480.000000
Validation OK.
