tuned params: 500 500 492 32 2 3 
Flops / stencil call:  89
Stencil computations:  242064000
Bytes transferred:     4000000000
Total Flops:           21543696000
Seconds elapsed:       0.414358
Performance in GFlop/s:     51.992936
Bandwidth utilization: 9.653485 GB/s
992166956.000000
Validation OK.
tuned params: 500 500 492 32 2 3 
Flops / stencil call:  89
Stencil computations:  242064000
Bytes transferred:     4000000000
Total Flops:           21543696000
Seconds elapsed:       0.413942
Performance in GFlop/s:     52.045192
Bandwidth utilization: 9.663187 GB/s
991170056.000000
Validation OK.
tuned params: 500 500 492 32 2 3 
Flops / stencil call:  89
Stencil computations:  242064000
Bytes transferred:     4000000000
Total Flops:           21543696000
Seconds elapsed:       0.414367
Performance in GFlop/s:     51.991829
Bandwidth utilization: 9.653279 GB/s
992187980.000000
Validation OK.
tuned params: 500 500 492 32 2 3 
Flops / stencil call:  89
Stencil computations:  242064000
Bytes transferred:     4000000000
Total Flops:           21543696000
Seconds elapsed:       0.413861
Performance in GFlop/s:     52.055416
Bandwidth utilization: 9.665086 GB/s
990974792.000000
Validation OK.
tuned params: 500 500 492 32 2 3 
Flops / stencil call:  89
Stencil computations:  242064000
Bytes transferred:     4000000000
Total Flops:           21543696000
Seconds elapsed:       0.414098
Performance in GFlop/s:     52.025595
Bandwidth utilization: 9.659549 GB/s
991544288.000000
Validation OK.
tuned params: 500 500 492 32 2 3 
Flops / stencil call:  89
Stencil computations:  242064000
Bytes transferred:     4000000000
Total Flops:           21543696000
Seconds elapsed:       0.414449
Performance in GFlop/s:     51.981510
Bandwidth utilization: 9.651363 GB/s
992384588.000000
Validation OK.
tuned params: 500 500 492 32 2 3 
Flops / stencil call:  89
Stencil computations:  242064000
Bytes transferred:     4000000000
Total Flops:           21543696000
Seconds elapsed:       0.414355
Performance in GFlop/s:     51.993354
Bandwidth utilization: 9.653563 GB/s
992159824.000000
Validation OK.
tuned params: 500 500 492 32 2 3 
Flops / stencil call:  89
Stencil computations:  242064000
Bytes transferred:     4000000000
Total Flops:           21543696000
Seconds elapsed:       0.413919
Performance in GFlop/s:     52.048070
Bandwidth utilization: 9.663722 GB/s
991115344.000000
Validation OK.
tuned params: 500 500 492 32 2 3 
Flops / stencil call:  89
Stencil computations:  242064000
Bytes transferred:     4000000000
Total Flops:           21543696000
Seconds elapsed:       0.413990
Performance in GFlop/s:     52.039167
Bandwidth utilization: 9.662069 GB/s
991285136.000000
Validation OK.
tuned params: 500 500 492 32 2 3 
Flops / stencil call:  89
Stencil computations:  242064000
Bytes transferred:     4000000000
Total Flops:           21543696000
Seconds elapsed:       0.414437
Performance in GFlop/s:     51.983035
Bandwidth utilization: 9.651647 GB/s
992355372.000000
Validation OK.
