tuned params: 500 500 492 84 1 3 
Flops / stencil call:  89
Stencil computations:  242064000
Bytes transferred:     4000000000
Total Flops:           21543696000
Seconds elapsed:       0.542173
Performance in GFlop/s:     39.735823
Bandwidth utilization: 7.377717 GB/s
1298213864.000000
Validation OK.
tuned params: 500 500 492 84 1 3 
Flops / stencil call:  89
Stencil computations:  242064000
Bytes transferred:     4000000000
Total Flops:           21543696000
Seconds elapsed:       0.541894
Performance in GFlop/s:     39.756295
Bandwidth utilization: 7.381518 GB/s
1297547488.000000
Validation OK.
tuned params: 500 500 492 84 1 3 
Flops / stencil call:  89
Stencil computations:  242064000
Bytes transferred:     4000000000
Total Flops:           21543696000
Seconds elapsed:       0.541975
Performance in GFlop/s:     39.750349
Bandwidth utilization: 7.380414 GB/s
1297740948.000000
Validation OK.
tuned params: 500 500 492 84 1 3 
Flops / stencil call:  89
Stencil computations:  242064000
Bytes transferred:     4000000000
Total Flops:           21543696000
Seconds elapsed:       0.541981
Performance in GFlop/s:     39.749911
Bandwidth utilization: 7.380333 GB/s
1297755660.000000
Validation OK.
tuned params: 500 500 492 84 1 3 
Flops / stencil call:  89
Stencil computations:  242064000
Bytes transferred:     4000000000
Total Flops:           21543696000
Seconds elapsed:       0.541854
Performance in GFlop/s:     39.759216
Bandwidth utilization: 7.382060 GB/s
1297452316.000000
Validation OK.
tuned params: 500 500 492 84 1 3 
Flops / stencil call:  89
Stencil computations:  242064000
Bytes transferred:     4000000000
Total Flops:           21543696000
Seconds elapsed:       0.541990
Performance in GFlop/s:     39.749247
Bandwidth utilization: 7.380209 GB/s
1297778976.000000
Validation OK.
tuned params: 500 500 492 84 1 3 
Flops / stencil call:  89
Stencil computations:  242064000
Bytes transferred:     4000000000
Total Flops:           21543696000
Seconds elapsed:       0.541984
Performance in GFlop/s:     39.749702
Bandwidth utilization: 7.380294 GB/s
1297761940.000000
Validation OK.
tuned params: 500 500 492 84 1 3 
Flops / stencil call:  89
Stencil computations:  242064000
Bytes transferred:     4000000000
Total Flops:           21543696000
Seconds elapsed:       0.541884
Performance in GFlop/s:     39.757029
Bandwidth utilization: 7.381654 GB/s
1297524336.000000
Validation OK.
tuned params: 500 500 492 84 1 3 
Flops / stencil call:  89
Stencil computations:  242064000
Bytes transferred:     4000000000
Total Flops:           21543696000
Seconds elapsed:       0.542067
Performance in GFlop/s:     39.743600
Bandwidth utilization: 7.379161 GB/s
1297961488.000000
Validation OK.
tuned params: 500 500 492 84 1 3 
Flops / stencil call:  89
Stencil computations:  242064000
Bytes transferred:     4000000000
Total Flops:           21543696000
Seconds elapsed:       0.542175
Performance in GFlop/s:     39.735683
Bandwidth utilization: 7.377691 GB/s
1298220988.000000
Validation OK.
