tuned params: 3000 3000 2992 376 2 3 
Flops / stencil call:  89
Stencil computations:  223801600
Bytes transferred:     3600000000
Total Flops:           19918342400
Seconds elapsed:       0.715127
Performance in GFlop/s:     27.852875
Bandwidth utilization: 5.034071 GB/s
1712346676.000000
Validation OK.
tuned params: 3000 3000 2992 376 2 3 
Flops / stencil call:  89
Stencil computations:  223801600
Bytes transferred:     3600000000
Total Flops:           19918342400
Seconds elapsed:       0.713221
Performance in GFlop/s:     27.927305
Bandwidth utilization: 5.047523 GB/s
1707783112.000000
Validation OK.
tuned params: 3000 3000 2992 376 2 3 
Flops / stencil call:  89
Stencil computations:  223801600
Bytes transferred:     3600000000
Total Flops:           19918342400
Seconds elapsed:       0.712674
Performance in GFlop/s:     27.948747
Bandwidth utilization: 5.051399 GB/s
1706471492.000000
Validation OK.
tuned params: 3000 3000 2992 376 2 3 
Flops / stencil call:  89
Stencil computations:  223801600
Bytes transferred:     3600000000
Total Flops:           19918342400
Seconds elapsed:       0.712571
Performance in GFlop/s:     27.952787
Bandwidth utilization: 5.052129 GB/s
1706226480.000000
Validation OK.
tuned params: 3000 3000 2992 376 2 3 
Flops / stencil call:  89
Stencil computations:  223801600
Bytes transferred:     3600000000
Total Flops:           19918342400
Seconds elapsed:       0.714083
Performance in GFlop/s:     27.893597
Bandwidth utilization: 5.041431 GB/s
1709848992.000000
Validation OK.
tuned params: 3000 3000 2992 376 2 3 
Flops / stencil call:  89
Stencil computations:  223801600
Bytes transferred:     3600000000
Total Flops:           19918342400
Seconds elapsed:       0.713017
Performance in GFlop/s:     27.935299
Bandwidth utilization: 5.048968 GB/s
1707296908.000000
Validation OK.
tuned params: 3000 3000 2992 376 2 3 
Flops / stencil call:  89
Stencil computations:  223801600
Bytes transferred:     3600000000
Total Flops:           19918342400
Seconds elapsed:       0.712735
Performance in GFlop/s:     27.946353
Bandwidth utilization: 5.050966 GB/s
1706620232.000000
Validation OK.
tuned params: 3000 3000 2992 376 2 3 
Flops / stencil call:  89
Stencil computations:  223801600
Bytes transferred:     3600000000
Total Flops:           19918342400
Seconds elapsed:       0.714410
Performance in GFlop/s:     27.880825
Bandwidth utilization: 5.039123 GB/s
1710631176.000000
Validation OK.
tuned params: 3000 3000 2992 376 2 3 
Flops / stencil call:  89
Stencil computations:  223801600
Bytes transferred:     3600000000
Total Flops:           19918342400
Seconds elapsed:       0.712831
Performance in GFlop/s:     27.942586
Bandwidth utilization: 5.050285 GB/s
1706848124.000000
Validation OK.
tuned params: 3000 3000 2992 376 2 3 
Flops / stencil call:  89
Stencil computations:  223801600
Bytes transferred:     3600000000
Total Flops:           19918342400
Seconds elapsed:       0.712568
Performance in GFlop/s:     27.952899
Bandwidth utilization: 5.052149 GB/s
1706221908.000000
Validation OK.
