tuned params: 500 500 492 292 1 3 
Flops / stencil call:  89
Stencil computations:  6051600
Bytes transferred:     100000000
Total Flops:           538592400
Seconds elapsed:       0.078290
Performance in GFlop/s:     6.879434
Bandwidth utilization: 1.277299 GB/s
187461356.000000
Validation OK.
tuned params: 500 500 492 292 1 3 
Flops / stencil call:  89
Stencil computations:  6051600
Bytes transferred:     100000000
Total Flops:           538592400
Seconds elapsed:       0.078182
Performance in GFlop/s:     6.888958
Bandwidth utilization: 1.279067 GB/s
187203444.000000
Validation OK.
tuned params: 500 500 492 292 1 3 
Flops / stencil call:  89
Stencil computations:  6051600
Bytes transferred:     100000000
Total Flops:           538592400
Seconds elapsed:       0.078275
Performance in GFlop/s:     6.880775
Bandwidth utilization: 1.277548 GB/s
187427760.000000
Validation OK.
tuned params: 500 500 492 292 1 3 
Flops / stencil call:  89
Stencil computations:  6051600
Bytes transferred:     100000000
Total Flops:           538592400
Seconds elapsed:       0.078356
Performance in GFlop/s:     6.873656
Bandwidth utilization: 1.276226 GB/s
187620672.000000
Validation OK.
tuned params: 500 500 492 292 1 3 
Flops / stencil call:  89
Stencil computations:  6051600
Bytes transferred:     100000000
Total Flops:           538592400
Seconds elapsed:       0.078332
Performance in GFlop/s:     6.875769
Bandwidth utilization: 1.276618 GB/s
187561296.000000
Validation OK.
