tuned params: 500 500 492 292 1 3 
Flops / stencil call:  89
Stencil computations:  242064000
Bytes transferred:     4000000000
Total Flops:           21543696000
Seconds elapsed:       3.132454
Performance in GFlop/s:     6.877578
Bandwidth utilization: 1.276954 GB/s
7500556796.000000
Validation OK.
tuned params: 500 500 492 292 1 3 
Flops / stencil call:  89
Stencil computations:  242064000
Bytes transferred:     4000000000
Total Flops:           21543696000
Seconds elapsed:       3.131949
Performance in GFlop/s:     6.878687
Bandwidth utilization: 1.277160 GB/s
7499347672.000000
Validation OK.
tuned params: 500 500 492 292 1 3 
Flops / stencil call:  89
Stencil computations:  242064000
Bytes transferred:     4000000000
Total Flops:           21543696000
Seconds elapsed:       3.130988
Performance in GFlop/s:     6.880798
Bandwidth utilization: 1.277552 GB/s
7497045240.000000
Validation OK.
tuned params: 500 500 492 292 1 3 
Flops / stencil call:  89
Stencil computations:  242064000
Bytes transferred:     4000000000
Total Flops:           21543696000
Seconds elapsed:       3.130053
Performance in GFlop/s:     6.882853
Bandwidth utilization: 1.277934 GB/s
7494807020.000000
Validation OK.
tuned params: 500 500 492 292 1 3 
Flops / stencil call:  89
Stencil computations:  242064000
Bytes transferred:     4000000000
Total Flops:           21543696000
Seconds elapsed:       3.126875
Performance in GFlop/s:     6.889848
Bandwidth utilization: 1.279232 GB/s
7487199860.000000
Validation OK.
tuned params: 500 500 492 292 1 3 
Flops / stencil call:  89
Stencil computations:  242064000
Bytes transferred:     4000000000
Total Flops:           21543696000
Seconds elapsed:       3.131511
Performance in GFlop/s:     6.879649
Bandwidth utilization: 1.277339 GB/s
7498299844.000000
Validation OK.
tuned params: 500 500 492 292 1 3 
Flops / stencil call:  89
Stencil computations:  242064000
Bytes transferred:     4000000000
Total Flops:           21543696000
Seconds elapsed:       3.130215
Performance in GFlop/s:     6.882497
Bandwidth utilization: 1.277868 GB/s
7495192400.000000
Validation OK.
tuned params: 500 500 492 292 1 3 
Flops / stencil call:  89
Stencil computations:  242064000
Bytes transferred:     4000000000
Total Flops:           21543696000
Seconds elapsed:       3.131415
Performance in GFlop/s:     6.879860
Bandwidth utilization: 1.277378 GB/s
7498069000.000000
Validation OK.
tuned params: 500 500 492 292 1 3 
Flops / stencil call:  89
Stencil computations:  242064000
Bytes transferred:     4000000000
Total Flops:           21543696000
Seconds elapsed:       3.130347
Performance in GFlop/s:     6.882207
Bandwidth utilization: 1.277814 GB/s
7495512040.000000
Validation OK.
tuned params: 500 500 492 292 1 3 
Flops / stencil call:  89
Stencil computations:  242064000
Bytes transferred:     4000000000
Total Flops:           21543696000
Seconds elapsed:       3.131604
Performance in GFlop/s:     6.879444
Bandwidth utilization: 1.277301 GB/s
7498522192.000000
Validation OK.
