tuned params: 500 500 492 8 2 3 
Flops / stencil call:  89
Stencil computations:  242064000
Bytes transferred:     4000000000
Total Flops:           21543696000
Seconds elapsed:       0.249723
Performance in GFlop/s:     86.270386
Bandwidth utilization: 16.017750 GB/s
597952348.000000
Validation OK.
tuned params: 500 500 492 8 2 3 
Flops / stencil call:  89
Stencil computations:  242064000
Bytes transferred:     4000000000
Total Flops:           21543696000
Seconds elapsed:       0.230263
Performance in GFlop/s:     93.561260
Bandwidth utilization: 17.371441 GB/s
551356168.000000
Validation OK.
tuned params: 500 500 492 8 2 3 
Flops / stencil call:  89
Stencil computations:  242064000
Bytes transferred:     4000000000
Total Flops:           21543696000
Seconds elapsed:       0.246750
Performance in GFlop/s:     87.309770
Bandwidth utilization: 16.210732 GB/s
590834404.000000
Validation OK.
tuned params: 500 500 492 8 2 3 
Flops / stencil call:  89
Stencil computations:  242064000
Bytes transferred:     4000000000
Total Flops:           21543696000
Seconds elapsed:       0.265557
Performance in GFlop/s:     81.126432
Bandwidth utilization: 15.062677 GB/s
635868036.000000
Validation OK.
tuned params: 500 500 492 8 2 3 
Flops / stencil call:  89
Stencil computations:  242064000
Bytes transferred:     4000000000
Total Flops:           21543696000
Seconds elapsed:       0.246367
Performance in GFlop/s:     87.445551
Bandwidth utilization: 16.235942 GB/s
589916492.000000
Validation OK.
tuned params: 500 500 492 8 2 3 
Flops / stencil call:  89
Stencil computations:  242064000
Bytes transferred:     4000000000
Total Flops:           21543696000
Seconds elapsed:       0.265492
Performance in GFlop/s:     81.146321
Bandwidth utilization: 15.066369 GB/s
635709744.000000
Validation OK.
tuned params: 500 500 492 8 2 3 
Flops / stencil call:  89
Stencil computations:  242064000
Bytes transferred:     4000000000
Total Flops:           21543696000
Seconds elapsed:       0.284813
Performance in GFlop/s:     75.641567
Bandwidth utilization: 14.044306 GB/s
681973360.000000
Validation OK.
tuned params: 500 500 492 8 2 3 
Flops / stencil call:  89
Stencil computations:  242064000
Bytes transferred:     4000000000
Total Flops:           21543696000
Seconds elapsed:       0.250482
Performance in GFlop/s:     86.008930
Bandwidth utilization: 15.969206 GB/s
599771660.000000
Validation OK.
tuned params: 500 500 492 8 2 3 
Flops / stencil call:  89
Stencil computations:  242064000
Bytes transferred:     4000000000
Total Flops:           21543696000
Seconds elapsed:       0.246248
Performance in GFlop/s:     87.487798
Bandwidth utilization: 16.243786 GB/s
589631712.000000
Validation OK.
tuned params: 500 500 492 8 2 3 
Flops / stencil call:  89
Stencil computations:  242064000
Bytes transferred:     4000000000
Total Flops:           21543696000
Seconds elapsed:       0.250828
Performance in GFlop/s:     85.890306
Bandwidth utilization: 15.947181 GB/s
600598864.000000
Validation OK.
