tuned params: 3000 3000 2992 328 4 3 
Flops / stencil call:  89
Stencil computations:  8952064000
Bytes transferred:     144000000000
Total Flops:           796733696000
Seconds elapsed:       113.244864
Performance in GFlop/s:     7.035495
Bandwidth utilization: 1.271581 GB/s
271161151384.000000
Validation OK.
tuned params: 3000 3000 2992 328 4 3 
Flops / stencil call:  89
Stencil computations:  8952064000
Bytes transferred:     144000000000
Total Flops:           796733696000
Seconds elapsed:       113.345773
Performance in GFlop/s:     7.029232
Bandwidth utilization: 1.270449 GB/s
271402772580.000000
Validation OK.
tuned params: 3000 3000 2992 328 4 3 
Flops / stencil call:  89
Stencil computations:  8952064000
Bytes transferred:     144000000000
Total Flops:           796733696000
Seconds elapsed:       113.087530
Performance in GFlop/s:     7.045283
Bandwidth utilization: 1.273350 GB/s
270784432316.000000
Validation OK.
tuned params: 3000 3000 2992 328 4 3 
Flops / stencil call:  89
Stencil computations:  8952064000
Bytes transferred:     144000000000
Total Flops:           796733696000
Seconds elapsed:       113.056061
Performance in GFlop/s:     7.047244
Bandwidth utilization: 1.273704 GB/s
270709070284.000000
Validation OK.
tuned params: 3000 3000 2992 328 4 3 
Flops / stencil call:  89
Stencil computations:  8952064000
Bytes transferred:     144000000000
Total Flops:           796733696000
Seconds elapsed:       112.968334
Performance in GFlop/s:     7.052717
Bandwidth utilization: 1.274693 GB/s
270499008344.000000
Validation OK.
tuned params: 3000 3000 2992 328 4 3 
Flops / stencil call:  89
Stencil computations:  8952064000
Bytes transferred:     144000000000
Total Flops:           796733696000
Seconds elapsed:       113.054546
Performance in GFlop/s:     7.047339
Bandwidth utilization: 1.273721 GB/s
270705444276.000000
Validation OK.
tuned params: 3000 3000 2992 328 4 3 
Flops / stencil call:  89
Stencil computations:  8952064000
Bytes transferred:     144000000000
Total Flops:           796733696000
Seconds elapsed:       113.286046
Performance in GFlop/s:     7.032938
Bandwidth utilization: 1.271119 GB/s
271259759972.000000
Validation OK.
tuned params: 3000 3000 2992 328 4 3 
Flops / stencil call:  89
Stencil computations:  8952064000
Bytes transferred:     144000000000
Total Flops:           796733696000
Seconds elapsed:       113.006442
Performance in GFlop/s:     7.050339
Bandwidth utilization: 1.274264 GB/s
270590257836.000000
Validation OK.
tuned params: 3000 3000 2992 328 4 3 
Flops / stencil call:  89
Stencil computations:  8952064000
Bytes transferred:     144000000000
Total Flops:           796733696000
Seconds elapsed:       113.067262
Performance in GFlop/s:     7.046546
Bandwidth utilization: 1.273578 GB/s
270735888576.000000
Validation OK.
tuned params: 3000 3000 2992 328 4 3 
Flops / stencil call:  89
Stencil computations:  8952064000
Bytes transferred:     144000000000
Total Flops:           796733696000
Seconds elapsed:       113.024219
Performance in GFlop/s:     7.049230
Bandwidth utilization: 1.274063 GB/s
270632823392.000000
Validation OK.
