tuned params: 3000 3000 2992 252 2 3 
Flops / stencil call:  89
Stencil computations:  8952064000
Bytes transferred:     144000000000
Total Flops:           796733696000
Seconds elapsed:       19.172430
Performance in GFlop/s:     41.556219
Bandwidth utilization: 7.510785 GB/s
45907760816.000000
Validation OK.
tuned params: 3000 3000 2992 252 2 3 
Flops / stencil call:  89
Stencil computations:  8952064000
Bytes transferred:     144000000000
Total Flops:           796733696000
Seconds elapsed:       19.152631
Performance in GFlop/s:     41.599178
Bandwidth utilization: 7.518549 GB/s
45860351168.000000
Validation OK.
tuned params: 3000 3000 2992 252 2 3 
Flops / stencil call:  89
Stencil computations:  8952064000
Bytes transferred:     144000000000
Total Flops:           796733696000
Seconds elapsed:       19.245316
Performance in GFlop/s:     41.398837
Bandwidth utilization: 7.482340 GB/s
46082279588.000000
Validation OK.
tuned params: 3000 3000 2992 252 2 3 
Flops / stencil call:  89
Stencil computations:  8952064000
Bytes transferred:     144000000000
Total Flops:           796733696000
Seconds elapsed:       19.176101
Performance in GFlop/s:     41.548264
Bandwidth utilization: 7.509347 GB/s
45916549052.000000
Validation OK.
tuned params: 3000 3000 2992 252 2 3 
Flops / stencil call:  89
Stencil computations:  8952064000
Bytes transferred:     144000000000
Total Flops:           796733696000
Seconds elapsed:       19.242538
Performance in GFlop/s:     41.404813
Bandwidth utilization: 7.483420 GB/s
46075627456.000000
Validation OK.
tuned params: 3000 3000 2992 252 2 3 
Flops / stencil call:  89
Stencil computations:  8952064000
Bytes transferred:     144000000000
Total Flops:           796733696000
Seconds elapsed:       19.145375
Performance in GFlop/s:     41.614943
Bandwidth utilization: 7.521399 GB/s
45842977188.000000
Validation OK.
tuned params: 3000 3000 2992 252 2 3 
Flops / stencil call:  89
Stencil computations:  8952064000
Bytes transferred:     144000000000
Total Flops:           796733696000
Seconds elapsed:       19.170086
Performance in GFlop/s:     41.561300
Bandwidth utilization: 7.511703 GB/s
45902147872.000000
Validation OK.
tuned params: 3000 3000 2992 252 2 3 
Flops / stencil call:  89
Stencil computations:  8952064000
Bytes transferred:     144000000000
Total Flops:           796733696000
Seconds elapsed:       19.176359
Performance in GFlop/s:     41.547705
Bandwidth utilization: 7.509246 GB/s
45917164884.000000
Validation OK.
tuned params: 3000 3000 2992 252 2 3 
Flops / stencil call:  89
Stencil computations:  8952064000
Bytes transferred:     144000000000
Total Flops:           796733696000
Seconds elapsed:       19.181973
Performance in GFlop/s:     41.535545
Bandwidth utilization: 7.507048 GB/s
45930610652.000000
Validation OK.
tuned params: 3000 3000 2992 252 2 3 
Flops / stencil call:  89
Stencil computations:  8952064000
Bytes transferred:     144000000000
Total Flops:           796733696000
Seconds elapsed:       19.135045
Performance in GFlop/s:     41.637409
Bandwidth utilization: 7.525459 GB/s
45818241536.000000
Validation OK.
