tuned params: 500 500 492 124 2 3 
Flops / stencil call:  89
Stencil computations:  242064000
Bytes transferred:     4000000000
Total Flops:           21543696000
Seconds elapsed:       1.585305
Performance in GFlop/s:     13.589622
Bandwidth utilization: 2.523174 GB/s
3795956552.000000
Validation OK.
tuned params: 500 500 492 124 2 3 
Flops / stencil call:  89
Stencil computations:  242064000
Bytes transferred:     4000000000
Total Flops:           21543696000
Seconds elapsed:       1.583668
Performance in GFlop/s:     13.603670
Bandwidth utilization: 2.525782 GB/s
3792038372.000000
Validation OK.
tuned params: 500 500 492 124 2 3 
Flops / stencil call:  89
Stencil computations:  242064000
Bytes transferred:     4000000000
Total Flops:           21543696000
Seconds elapsed:       1.581955
Performance in GFlop/s:     13.618400
Bandwidth utilization: 2.528517 GB/s
3787934320.000000
Validation OK.
tuned params: 500 500 492 124 2 3 
Flops / stencil call:  89
Stencil computations:  242064000
Bytes transferred:     4000000000
Total Flops:           21543696000
Seconds elapsed:       1.584221
Performance in GFlop/s:     13.598920
Bandwidth utilization: 2.524900 GB/s
3793362952.000000
Validation OK.
tuned params: 500 500 492 124 2 3 
Flops / stencil call:  89
Stencil computations:  242064000
Bytes transferred:     4000000000
Total Flops:           21543696000
Seconds elapsed:       1.582250
Performance in GFlop/s:     13.615860
Bandwidth utilization: 2.528045 GB/s
3788640944.000000
Validation OK.
tuned params: 500 500 492 124 2 3 
Flops / stencil call:  89
Stencil computations:  242064000
Bytes transferred:     4000000000
Total Flops:           21543696000
Seconds elapsed:       1.583991
Performance in GFlop/s:     13.600895
Bandwidth utilization: 2.525267 GB/s
3792812892.000000
Validation OK.
tuned params: 500 500 492 124 2 3 
Flops / stencil call:  89
Stencil computations:  242064000
Bytes transferred:     4000000000
Total Flops:           21543696000
Seconds elapsed:       1.584456
Performance in GFlop/s:     13.596904
Bandwidth utilization: 2.524526 GB/s
3793925124.000000
Validation OK.
tuned params: 500 500 492 124 2 3 
Flops / stencil call:  89
Stencil computations:  242064000
Bytes transferred:     4000000000
Total Flops:           21543696000
Seconds elapsed:       1.584482
Performance in GFlop/s:     13.596679
Bandwidth utilization: 2.524484 GB/s
3793987108.000000
Validation OK.
tuned params: 500 500 492 124 2 3 
Flops / stencil call:  89
Stencil computations:  242064000
Bytes transferred:     4000000000
Total Flops:           21543696000
Seconds elapsed:       1.581079
Performance in GFlop/s:     13.625945
Bandwidth utilization: 2.529918 GB/s
3785839564.000000
Validation OK.
tuned params: 500 500 492 124 2 3 
Flops / stencil call:  89
Stencil computations:  242064000
Bytes transferred:     4000000000
Total Flops:           21543696000
Seconds elapsed:       1.581301
Performance in GFlop/s:     13.624033
Bandwidth utilization: 2.529563 GB/s
3786369088.000000
Validation OK.
