tuned params: 500 500 492 32 2 3 
Flops / stencil call:  89
Stencil computations:  242064000
Bytes transferred:     4000000000
Total Flops:           21543696000
Seconds elapsed:       0.413940
Performance in GFlop/s:     52.045462
Bandwidth utilization: 9.663237 GB/s
991165724.000000
Validation OK.
tuned params: 500 500 492 32 2 3 
Flops / stencil call:  89
Stencil computations:  242064000
Bytes transferred:     4000000000
Total Flops:           21543696000
Seconds elapsed:       0.413821
Performance in GFlop/s:     52.060425
Bandwidth utilization: 9.666015 GB/s
990880120.000000
Validation OK.
tuned params: 500 500 492 32 2 3 
Flops / stencil call:  89
Stencil computations:  242064000
Bytes transferred:     4000000000
Total Flops:           21543696000
Seconds elapsed:       0.414440
Performance in GFlop/s:     51.982676
Bandwidth utilization: 9.651580 GB/s
992363352.000000
Validation OK.
tuned params: 500 500 492 32 2 3 
Flops / stencil call:  89
Stencil computations:  242064000
Bytes transferred:     4000000000
Total Flops:           21543696000
Seconds elapsed:       0.414223
Performance in GFlop/s:     52.009904
Bandwidth utilization: 9.656635 GB/s
991843932.000000
Validation OK.
tuned params: 500 500 492 32 2 3 
Flops / stencil call:  89
Stencil computations:  242064000
Bytes transferred:     4000000000
Total Flops:           21543696000
Seconds elapsed:       0.413809
Performance in GFlop/s:     52.061924
Bandwidth utilization: 9.666294 GB/s
990851880.000000
Validation OK.
tuned params: 500 500 492 32 2 3 
Flops / stencil call:  89
Stencil computations:  242064000
Bytes transferred:     4000000000
Total Flops:           21543696000
Seconds elapsed:       0.415075
Performance in GFlop/s:     51.903132
Bandwidth utilization: 9.636811 GB/s
993883444.000000
Validation OK.
tuned params: 500 500 492 32 2 3 
Flops / stencil call:  89
Stencil computations:  242064000
Bytes transferred:     4000000000
Total Flops:           21543696000
Seconds elapsed:       0.413804
Performance in GFlop/s:     52.062554
Bandwidth utilization: 9.666411 GB/s
990839984.000000
Validation OK.
tuned params: 500 500 492 32 2 3 
Flops / stencil call:  89
Stencil computations:  242064000
Bytes transferred:     4000000000
Total Flops:           21543696000
Seconds elapsed:       0.414390
Performance in GFlop/s:     51.988927
Bandwidth utilization: 9.652741 GB/s
992244268.000000
Validation OK.
tuned params: 500 500 492 32 2 3 
Flops / stencil call:  89
Stencil computations:  242064000
Bytes transferred:     4000000000
Total Flops:           21543696000
Seconds elapsed:       0.413999
Performance in GFlop/s:     52.038029
Bandwidth utilization: 9.661857 GB/s
991306852.000000
Validation OK.
tuned params: 500 500 492 32 2 3 
Flops / stencil call:  89
Stencil computations:  242064000
Bytes transferred:     4000000000
Total Flops:           21543696000
Seconds elapsed:       0.414184
Performance in GFlop/s:     52.014784
Bandwidth utilization: 9.657541 GB/s
991750696.000000
Validation OK.
