tuned params: 500 500 492 64 2 3 
Flops / stencil call:  89
Stencil computations:  242064000
Bytes transferred:     4000000000
Total Flops:           21543696000
Seconds elapsed:       0.821251
Performance in GFlop/s:     26.232782
Bandwidth utilization: 4.870619 GB/s
1966457876.000000
Validation OK.
tuned params: 500 500 492 64 2 3 
Flops / stencil call:  89
Stencil computations:  242064000
Bytes transferred:     4000000000
Total Flops:           21543696000
Seconds elapsed:       0.820800
Performance in GFlop/s:     26.247198
Bandwidth utilization: 4.873295 GB/s
1965379144.000000
Validation OK.
tuned params: 500 500 492 64 2 3 
Flops / stencil call:  89
Stencil computations:  242064000
Bytes transferred:     4000000000
Total Flops:           21543696000
Seconds elapsed:       0.821378
Performance in GFlop/s:     26.228723
Bandwidth utilization: 4.869865 GB/s
1966763564.000000
Validation OK.
tuned params: 500 500 492 64 2 3 
Flops / stencil call:  89
Stencil computations:  242064000
Bytes transferred:     4000000000
Total Flops:           21543696000
Seconds elapsed:       0.821273
Performance in GFlop/s:     26.232081
Bandwidth utilization: 4.870489 GB/s
1966510996.000000
Validation OK.
tuned params: 500 500 492 64 2 3 
Flops / stencil call:  89
Stencil computations:  242064000
Bytes transferred:     4000000000
Total Flops:           21543696000
Seconds elapsed:       0.821866
Performance in GFlop/s:     26.213148
Bandwidth utilization: 4.866973 GB/s
1967931412.000000
Validation OK.
tuned params: 500 500 492 64 2 3 
Flops / stencil call:  89
Stencil computations:  242064000
Bytes transferred:     4000000000
Total Flops:           21543696000
Seconds elapsed:       0.820957
Performance in GFlop/s:     26.242175
Bandwidth utilization: 4.872363 GB/s
1965754796.000000
Validation OK.
tuned params: 500 500 492 64 2 3 
Flops / stencil call:  89
Stencil computations:  242064000
Bytes transferred:     4000000000
Total Flops:           21543696000
Seconds elapsed:       0.820818
Performance in GFlop/s:     26.246619
Bandwidth utilization: 4.873188 GB/s
1965421552.000000
Validation OK.
tuned params: 500 500 492 64 2 3 
Flops / stencil call:  89
Stencil computations:  242064000
Bytes transferred:     4000000000
Total Flops:           21543696000
Seconds elapsed:       0.821075
Performance in GFlop/s:     26.238403
Bandwidth utilization: 4.871662 GB/s
1966036580.000000
Validation OK.
tuned params: 500 500 492 64 2 3 
Flops / stencil call:  89
Stencil computations:  242064000
Bytes transferred:     4000000000
Total Flops:           21543696000
Seconds elapsed:       0.820871
Performance in GFlop/s:     26.244927
Bandwidth utilization: 4.872874 GB/s
1965548016.000000
Validation OK.
tuned params: 500 500 492 64 2 3 
Flops / stencil call:  89
Stencil computations:  242064000
Bytes transferred:     4000000000
Total Flops:           21543696000
Seconds elapsed:       0.821284
Performance in GFlop/s:     26.231723
Bandwidth utilization: 4.870422 GB/s
1966539340.000000
Validation OK.
