tuned params: 3000 3000 2992 128 4 3 
Flops / stencil call:  88
Stencil computations:  223801600
Bytes transferred:     3600000000
Total Flops:           19694540800
Seconds elapsed:       2.781688
Performance in GFlop/s:     7.080068
Bandwidth utilization: 1.294178 GB/s
6660624076.000000
Validation OK.
tuned params: 3000 3000 2992 128 4 3 
Flops / stencil call:  88
Stencil computations:  223801600
Bytes transferred:     3600000000
Total Flops:           19694540800
Seconds elapsed:       2.779969
Performance in GFlop/s:     7.084446
Bandwidth utilization: 1.294978 GB/s
6656509800.000000
Validation OK.
tuned params: 3000 3000 2992 128 4 3 
Flops / stencil call:  88
Stencil computations:  223801600
Bytes transferred:     3600000000
Total Flops:           19694540800
Seconds elapsed:       2.777943
Performance in GFlop/s:     7.089613
Bandwidth utilization: 1.295923 GB/s
6651659428.000000
Validation OK.
tuned params: 3000 3000 2992 128 4 3 
Flops / stencil call:  88
Stencil computations:  223801600
Bytes transferred:     3600000000
Total Flops:           19694540800
Seconds elapsed:       2.778272
Performance in GFlop/s:     7.088773
Bandwidth utilization: 1.295769 GB/s
6652443072.000000
Validation OK.
tuned params: 3000 3000 2992 128 4 3 
Flops / stencil call:  88
Stencil computations:  223801600
Bytes transferred:     3600000000
Total Flops:           19694540800
Seconds elapsed:       2.781783
Performance in GFlop/s:     7.079826
Bandwidth utilization: 1.294134 GB/s
6660853884.000000
Validation OK.
