tuned params: 500 500 492 84 1 3 
Flops / stencil call:  89
Stencil computations:  6051600
Bytes transferred:     100000000
Total Flops:           538592400
Seconds elapsed:       0.013572
Performance in GFlop/s:     39.684150
Bandwidth utilization: 7.368123 GB/s
32496592.000000
Validation OK.
tuned params: 500 500 492 84 1 3 
Flops / stencil call:  89
Stencil computations:  6051600
Bytes transferred:     100000000
Total Flops:           538592400
Seconds elapsed:       0.013567
Performance in GFlop/s:     39.698795
Bandwidth utilization: 7.370842 GB/s
32485432.000000
Validation OK.
tuned params: 500 500 492 84 1 3 
Flops / stencil call:  89
Stencil computations:  6051600
Bytes transferred:     100000000
Total Flops:           538592400
Seconds elapsed:       0.013557
Performance in GFlop/s:     39.728118
Bandwidth utilization: 7.376286 GB/s
32459480.000000
Validation OK.
tuned params: 500 500 492 84 1 3 
Flops / stencil call:  89
Stencil computations:  6051600
Bytes transferred:     100000000
Total Flops:           538592400
Seconds elapsed:       0.013552
Performance in GFlop/s:     39.742097
Bandwidth utilization: 7.378882 GB/s
32448640.000000
Validation OK.
tuned params: 500 500 492 84 1 3 
Flops / stencil call:  89
Stencil computations:  6051600
Bytes transferred:     100000000
Total Flops:           538592400
Seconds elapsed:       0.013554
Performance in GFlop/s:     39.736504
Bandwidth utilization: 7.377843 GB/s
32448336.000000
Validation OK.
