tuned params: 500 500 492 64 2 3 
Flops / stencil call:  89
Stencil computations:  242064000
Bytes transferred:     4000000000
Total Flops:           21543696000
Seconds elapsed:       0.821115
Performance in GFlop/s:     26.237123
Bandwidth utilization: 4.871425 GB/s
1966131948.000000
Validation OK.
tuned params: 500 500 492 64 2 3 
Flops / stencil call:  89
Stencil computations:  242064000
Bytes transferred:     4000000000
Total Flops:           21543696000
Seconds elapsed:       0.821091
Performance in GFlop/s:     26.237893
Bandwidth utilization: 4.871568 GB/s
1966076592.000000
Validation OK.
tuned params: 500 500 492 64 2 3 
Flops / stencil call:  89
Stencil computations:  242064000
Bytes transferred:     4000000000
Total Flops:           21543696000
Seconds elapsed:       0.821387
Performance in GFlop/s:     26.228434
Bandwidth utilization: 4.869811 GB/s
1966782044.000000
Validation OK.
tuned params: 500 500 492 64 2 3 
Flops / stencil call:  89
Stencil computations:  242064000
Bytes transferred:     4000000000
Total Flops:           21543696000
Seconds elapsed:       0.821413
Performance in GFlop/s:     26.227604
Bandwidth utilization: 4.869657 GB/s
1966846620.000000
Validation OK.
tuned params: 500 500 492 64 2 3 
Flops / stencil call:  89
Stencil computations:  242064000
Bytes transferred:     4000000000
Total Flops:           21543696000
Seconds elapsed:       0.821200
Performance in GFlop/s:     26.234412
Bandwidth utilization: 4.870921 GB/s
1966337472.000000
Validation OK.
tuned params: 500 500 492 64 2 3 
Flops / stencil call:  89
Stencil computations:  242064000
Bytes transferred:     4000000000
Total Flops:           21543696000
Seconds elapsed:       0.821397
Performance in GFlop/s:     26.228114
Bandwidth utilization: 4.869752 GB/s
1966806800.000000
Validation OK.
tuned params: 500 500 492 64 2 3 
Flops / stencil call:  89
Stencil computations:  242064000
Bytes transferred:     4000000000
Total Flops:           21543696000
Seconds elapsed:       0.821146
Performance in GFlop/s:     26.236133
Bandwidth utilization: 4.871241 GB/s
1966207156.000000
Validation OK.
tuned params: 500 500 492 64 2 3 
Flops / stencil call:  89
Stencil computations:  242064000
Bytes transferred:     4000000000
Total Flops:           21543696000
Seconds elapsed:       0.821213
Performance in GFlop/s:     26.233993
Bandwidth utilization: 4.870843 GB/s
1966369120.000000
Validation OK.
tuned params: 500 500 492 64 2 3 
Flops / stencil call:  89
Stencil computations:  242064000
Bytes transferred:     4000000000
Total Flops:           21543696000
Seconds elapsed:       0.821313
Performance in GFlop/s:     26.230802
Bandwidth utilization: 4.870251 GB/s
1966606244.000000
Validation OK.
tuned params: 500 500 492 64 2 3 
Flops / stencil call:  89
Stencil computations:  242064000
Bytes transferred:     4000000000
Total Flops:           21543696000
Seconds elapsed:       0.821242
Performance in GFlop/s:     26.233063
Bandwidth utilization: 4.870671 GB/s
1966436592.000000
Validation OK.
