tuned params: 500 500 492 52 1 3 
Flops / stencil call:  89
Stencil computations:  242064000
Bytes transferred:     4000000000
Total Flops:           21543696000
Seconds elapsed:       0.359145
Performance in GFlop/s:     59.986079
Bandwidth utilization: 11.137565 GB/s
859961812.000000
Validation OK.
tuned params: 500 500 492 52 1 3 
Flops / stencil call:  89
Stencil computations:  242064000
Bytes transferred:     4000000000
Total Flops:           21543696000
Seconds elapsed:       0.337553
Performance in GFlop/s:     63.823146
Bandwidth utilization: 11.849990 GB/s
808259272.000000
Validation OK.
tuned params: 500 500 492 52 1 3 
Flops / stencil call:  89
Stencil computations:  242064000
Bytes transferred:     4000000000
Total Flops:           21543696000
Seconds elapsed:       0.337043
Performance in GFlop/s:     63.919716
Bandwidth utilization: 11.867920 GB/s
807039604.000000
Validation OK.
tuned params: 500 500 492 52 1 3 
Flops / stencil call:  89
Stencil computations:  242064000
Bytes transferred:     4000000000
Total Flops:           21543696000
Seconds elapsed:       0.337744
Performance in GFlop/s:     63.787058
Bandwidth utilization: 11.843290 GB/s
808715532.000000
Validation OK.
tuned params: 500 500 492 52 1 3 
Flops / stencil call:  89
Stencil computations:  242064000
Bytes transferred:     4000000000
Total Flops:           21543696000
Seconds elapsed:       0.337253
Performance in GFlop/s:     63.879906
Bandwidth utilization: 11.860529 GB/s
807538972.000000
Validation OK.
tuned params: 500 500 492 52 1 3 
Flops / stencil call:  89
Stencil computations:  242064000
Bytes transferred:     4000000000
Total Flops:           21543696000
Seconds elapsed:       0.336914
Performance in GFlop/s:     63.944233
Bandwidth utilization: 11.872472 GB/s
806728912.000000
Validation OK.
tuned params: 500 500 492 52 1 3 
Flops / stencil call:  89
Stencil computations:  242064000
Bytes transferred:     4000000000
Total Flops:           21543696000
Seconds elapsed:       0.338386
Performance in GFlop/s:     63.666027
Bandwidth utilization: 11.820818 GB/s
810252144.000000
Validation OK.
tuned params: 500 500 492 52 1 3 
Flops / stencil call:  89
Stencil computations:  242064000
Bytes transferred:     4000000000
Total Flops:           21543696000
Seconds elapsed:       0.336902
Performance in GFlop/s:     63.946495
Bandwidth utilization: 11.872892 GB/s
806701088.000000
Validation OK.
tuned params: 500 500 492 52 1 3 
Flops / stencil call:  89
Stencil computations:  242064000
Bytes transferred:     4000000000
Total Flops:           21543696000
Seconds elapsed:       0.336436
Performance in GFlop/s:     64.035043
Bandwidth utilization: 11.889333 GB/s
805585696.000000
Validation OK.
tuned params: 500 500 492 52 1 3 
Flops / stencil call:  89
Stencil computations:  242064000
Bytes transferred:     4000000000
Total Flops:           21543696000
Seconds elapsed:       0.337173
Performance in GFlop/s:     63.895083
Bandwidth utilization: 11.863347 GB/s
807347224.000000
Validation OK.
