tuned params: 3000 3000 1496 68 1 3 
Flops / stencil call:  89
Stencil computations:  223801600
Bytes transferred:     3600000000
Total Flops:           19918342400
Seconds elapsed:       0.363792
Performance in GFlop/s:     54.751980
Bandwidth utilization: 9.895760 GB/s
871080940.000000
Validation OK.
tuned params: 3000 3000 1496 68 1 3 
Flops / stencil call:  89
Stencil computations:  223801600
Bytes transferred:     3600000000
Total Flops:           19918342400
Seconds elapsed:       0.363939
Performance in GFlop/s:     54.729886
Bandwidth utilization: 9.891766 GB/s
871435876.000000
Validation OK.
tuned params: 3000 3000 1496 68 1 3 
Flops / stencil call:  89
Stencil computations:  223801600
Bytes transferred:     3600000000
Total Flops:           19918342400
Seconds elapsed:       0.364103
Performance in GFlop/s:     54.705229
Bandwidth utilization: 9.887310 GB/s
871826512.000000
Validation OK.
tuned params: 3000 3000 1496 68 1 3 
Flops / stencil call:  89
Stencil computations:  223801600
Bytes transferred:     3600000000
Total Flops:           19918342400
Seconds elapsed:       0.363844
Performance in GFlop/s:     54.744159
Bandwidth utilization: 9.894346 GB/s
871205736.000000
Validation OK.
tuned params: 3000 3000 1496 68 1 3 
Flops / stencil call:  89
Stencil computations:  223801600
Bytes transferred:     3600000000
Total Flops:           19918342400
Seconds elapsed:       0.363786
Performance in GFlop/s:     54.752913
Bandwidth utilization: 9.895928 GB/s
871066916.000000
Validation OK.
tuned params: 3000 3000 1496 68 1 3 
Flops / stencil call:  89
Stencil computations:  223801600
Bytes transferred:     3600000000
Total Flops:           19918342400
Seconds elapsed:       0.363900
Performance in GFlop/s:     54.735766
Bandwidth utilization: 9.892829 GB/s
871341168.000000
Validation OK.
tuned params: 3000 3000 1496 68 1 3 
Flops / stencil call:  89
Stencil computations:  223801600
Bytes transferred:     3600000000
Total Flops:           19918342400
Seconds elapsed:       0.363672
Performance in GFlop/s:     54.770071
Bandwidth utilization: 9.899029 GB/s
870795348.000000
Validation OK.
tuned params: 3000 3000 1496 68 1 3 
Flops / stencil call:  89
Stencil computations:  223801600
Bytes transferred:     3600000000
Total Flops:           19918342400
Seconds elapsed:       0.363816
Performance in GFlop/s:     54.748392
Bandwidth utilization: 9.895111 GB/s
871140408.000000
Validation OK.
tuned params: 3000 3000 1496 68 1 3 
Flops / stencil call:  89
Stencil computations:  223801600
Bytes transferred:     3600000000
Total Flops:           19918342400
Seconds elapsed:       0.363889
Performance in GFlop/s:     54.737416
Bandwidth utilization: 9.893127 GB/s
871314096.000000
Validation OK.
tuned params: 3000 3000 1496 68 1 3 
Flops / stencil call:  89
Stencil computations:  223801600
Bytes transferred:     3600000000
Total Flops:           19918342400
Seconds elapsed:       0.363753
Performance in GFlop/s:     54.757866
Bandwidth utilization: 9.896823 GB/s
870990640.000000
Validation OK.
