tuned params: 3000 3000 2992 188 1 3 
Flops / stencil call:  89
Stencil computations:  223801600
Bytes transferred:     3600000000
Total Flops:           19918342400
Seconds elapsed:       0.181273
Performance in GFlop/s:     109.880369
Bandwidth utilization: 19.859551 GB/s
434048208.000000
Validation OK.
tuned params: 3000 3000 2992 188 1 3 
Flops / stencil call:  89
Stencil computations:  223801600
Bytes transferred:     3600000000
Total Flops:           19918342400
Seconds elapsed:       0.181322
Performance in GFlop/s:     109.850606
Bandwidth utilization: 19.854171 GB/s
434165980.000000
Validation OK.
tuned params: 3000 3000 2992 188 1 3 
Flops / stencil call:  89
Stencil computations:  223801600
Bytes transferred:     3600000000
Total Flops:           19918342400
Seconds elapsed:       0.181126
Performance in GFlop/s:     109.969466
Bandwidth utilization: 19.875654 GB/s
433695636.000000
Validation OK.
tuned params: 3000 3000 2992 188 1 3 
Flops / stencil call:  89
Stencil computations:  223801600
Bytes transferred:     3600000000
Total Flops:           19918342400
Seconds elapsed:       0.181088
Performance in GFlop/s:     109.992631
Bandwidth utilization: 19.879841 GB/s
433604768.000000
Validation OK.
tuned params: 3000 3000 2992 188 1 3 
Flops / stencil call:  89
Stencil computations:  223801600
Bytes transferred:     3600000000
Total Flops:           19918342400
Seconds elapsed:       0.192082
Performance in GFlop/s:     103.697118
Bandwidth utilization: 18.742003 GB/s
459931056.000000
Validation OK.
tuned params: 3000 3000 2992 188 1 3 
Flops / stencil call:  89
Stencil computations:  223801600
Bytes transferred:     3600000000
Total Flops:           19918342400
Seconds elapsed:       0.181701
Performance in GFlop/s:     109.621568
Bandwidth utilization: 19.812775 GB/s
435073828.000000
Validation OK.
tuned params: 3000 3000 2992 188 1 3 
Flops / stencil call:  89
Stencil computations:  223801600
Bytes transferred:     3600000000
Total Flops:           19918342400
Seconds elapsed:       0.181080
Performance in GFlop/s:     109.997555
Bandwidth utilization: 19.880731 GB/s
433586080.000000
Validation OK.
tuned params: 3000 3000 2992 188 1 3 
Flops / stencil call:  89
Stencil computations:  223801600
Bytes transferred:     3600000000
Total Flops:           19918342400
Seconds elapsed:       0.181265
Performance in GFlop/s:     109.885283
Bandwidth utilization: 19.860439 GB/s
434031568.000000
Validation OK.
tuned params: 3000 3000 2992 188 1 3 
Flops / stencil call:  89
Stencil computations:  223801600
Bytes transferred:     3600000000
Total Flops:           19918342400
Seconds elapsed:       0.181099
Performance in GFlop/s:     109.985970
Bandwidth utilization: 19.878637 GB/s
433634068.000000
Validation OK.
tuned params: 3000 3000 2992 188 1 3 
Flops / stencil call:  89
Stencil computations:  223801600
Bytes transferred:     3600000000
Total Flops:           19918342400
Seconds elapsed:       0.181191
Performance in GFlop/s:     109.930107
Bandwidth utilization: 19.868540 GB/s
433854008.000000
Validation OK.
