tuned params: 3000 3000 2992 376 2 3 
Flops / stencil call:  89
Stencil computations:  223801600
Bytes transferred:     3600000000
Total Flops:           19918342400
Seconds elapsed:       0.712826
Performance in GFlop/s:     27.942792
Bandwidth utilization: 5.050322 GB/s
1706829812.000000
Validation OK.
tuned params: 3000 3000 2992 376 2 3 
Flops / stencil call:  89
Stencil computations:  223801600
Bytes transferred:     3600000000
Total Flops:           19918342400
Seconds elapsed:       0.712609
Performance in GFlop/s:     27.951300
Bandwidth utilization: 5.051860 GB/s
1706310032.000000
Validation OK.
tuned params: 3000 3000 2992 376 2 3 
Flops / stencil call:  89
Stencil computations:  223801600
Bytes transferred:     3600000000
Total Flops:           19918342400
Seconds elapsed:       0.714769
Performance in GFlop/s:     27.866829
Bandwidth utilization: 5.036593 GB/s
1711484044.000000
Validation OK.
tuned params: 3000 3000 2992 376 2 3 
Flops / stencil call:  89
Stencil computations:  223801600
Bytes transferred:     3600000000
Total Flops:           19918342400
Seconds elapsed:       0.713017
Performance in GFlop/s:     27.935299
Bandwidth utilization: 5.048968 GB/s
1707285336.000000
Validation OK.
tuned params: 3000 3000 2992 376 2 3 
Flops / stencil call:  89
Stencil computations:  223801600
Bytes transferred:     3600000000
Total Flops:           19918342400
Seconds elapsed:       0.712804
Performance in GFlop/s:     27.943643
Bandwidth utilization: 5.050476 GB/s
1706777716.000000
Validation OK.
tuned params: 3000 3000 2992 376 2 3 
Flops / stencil call:  89
Stencil computations:  223801600
Bytes transferred:     3600000000
Total Flops:           19918342400
Seconds elapsed:       0.712987
Performance in GFlop/s:     27.936476
Bandwidth utilization: 5.049181 GB/s
1707214820.000000
Validation OK.
tuned params: 3000 3000 2992 376 2 3 
Flops / stencil call:  89
Stencil computations:  223801600
Bytes transferred:     3600000000
Total Flops:           19918342400
Seconds elapsed:       0.712707
Performance in GFlop/s:     27.947447
Bandwidth utilization: 5.051164 GB/s
1706545872.000000
Validation OK.
tuned params: 3000 3000 2992 376 2 3 
Flops / stencil call:  89
Stencil computations:  223801600
Bytes transferred:     3600000000
Total Flops:           19918342400
Seconds elapsed:       0.713850
Performance in GFlop/s:     27.902699
Bandwidth utilization: 5.043076 GB/s
1709280960.000000
Validation OK.
tuned params: 3000 3000 2992 376 2 3 
Flops / stencil call:  89
Stencil computations:  223801600
Bytes transferred:     3600000000
Total Flops:           19918342400
Seconds elapsed:       0.712788
Performance in GFlop/s:     27.944269
Bandwidth utilization: 5.050589 GB/s
1706737500.000000
Validation OK.
tuned params: 3000 3000 2992 376 2 3 
Flops / stencil call:  89
Stencil computations:  223801600
Bytes transferred:     3600000000
Total Flops:           19918342400
Seconds elapsed:       0.712667
Performance in GFlop/s:     27.949018
Bandwidth utilization: 5.051448 GB/s
1706448120.000000
Validation OK.
