tuned params: 500 500 492 52 1 3 
Flops / stencil call:  89
Stencil computations:  6051600
Bytes transferred:     100000000
Total Flops:           538592400
Seconds elapsed:       0.008423
Performance in GFlop/s:     63.944188
Bandwidth utilization: 11.872464 GB/s
20168564.000000
Validation OK.
tuned params: 500 500 492 52 1 3 
Flops / stencil call:  89
Stencil computations:  6051600
Bytes transferred:     100000000
Total Flops:           538592400
Seconds elapsed:       0.008439
Performance in GFlop/s:     63.821343
Bandwidth utilization: 11.849655 GB/s
20207728.000000
Validation OK.
tuned params: 500 500 492 52 1 3 
Flops / stencil call:  89
Stencil computations:  6051600
Bytes transferred:     100000000
Total Flops:           538592400
Seconds elapsed:       0.008427
Performance in GFlop/s:     63.911624
Bandwidth utilization: 11.866418 GB/s
20175880.000000
Validation OK.
tuned params: 500 500 492 52 1 3 
Flops / stencil call:  89
Stencil computations:  6051600
Bytes transferred:     100000000
Total Flops:           538592400
Seconds elapsed:       0.008495
Performance in GFlop/s:     63.400417
Bandwidth utilization: 11.771502 GB/s
20341064.000000
Validation OK.
tuned params: 500 500 492 52 1 3 
Flops / stencil call:  89
Stencil computations:  6051600
Bytes transferred:     100000000
Total Flops:           538592400
Seconds elapsed:       0.008489
Performance in GFlop/s:     63.446714
Bandwidth utilization: 11.780098 GB/s
20324436.000000
Validation OK.
