tuned params: 500 500 492 52 1 3 
Flops / stencil call:  89
Stencil computations:  242064000
Bytes transferred:     4000000000
Total Flops:           21543696000
Seconds elapsed:       0.336977
Performance in GFlop/s:     63.932244
Bandwidth utilization: 11.870246 GB/s
806879488.000000
Validation OK.
tuned params: 500 500 492 52 1 3 
Flops / stencil call:  89
Stencil computations:  242064000
Bytes transferred:     4000000000
Total Flops:           21543696000
Seconds elapsed:       0.337779
Performance in GFlop/s:     63.780440
Bandwidth utilization: 11.842061 GB/s
808801408.000000
Validation OK.
tuned params: 500 500 492 52 1 3 
Flops / stencil call:  89
Stencil computations:  242064000
Bytes transferred:     4000000000
Total Flops:           21543696000
Seconds elapsed:       0.336985
Performance in GFlop/s:     63.930751
Bandwidth utilization: 11.869969 GB/s
806899960.000000
Validation OK.
tuned params: 500 500 492 52 1 3 
Flops / stencil call:  89
Stencil computations:  242064000
Bytes transferred:     4000000000
Total Flops:           21543696000
Seconds elapsed:       0.336997
Performance in GFlop/s:     63.928490
Bandwidth utilization: 11.869549 GB/s
806926104.000000
Validation OK.
tuned params: 500 500 492 52 1 3 
Flops / stencil call:  89
Stencil computations:  242064000
Bytes transferred:     4000000000
Total Flops:           21543696000
Seconds elapsed:       0.336884
Performance in GFlop/s:     63.949890
Bandwidth utilization: 11.873522 GB/s
806657424.000000
Validation OK.
tuned params: 500 500 492 52 1 3 
Flops / stencil call:  89
Stencil computations:  242064000
Bytes transferred:     4000000000
Total Flops:           21543696000
Seconds elapsed:       0.337722
Performance in GFlop/s:     63.791201
Bandwidth utilization: 11.844059 GB/s
808664772.000000
Validation OK.
tuned params: 500 500 492 52 1 3 
Flops / stencil call:  89
Stencil computations:  242064000
Bytes transferred:     4000000000
Total Flops:           21543696000
Seconds elapsed:       0.337029
Performance in GFlop/s:     63.922384
Bandwidth utilization: 11.868416 GB/s
807005032.000000
Validation OK.
tuned params: 500 500 492 52 1 3 
Flops / stencil call:  89
Stencil computations:  242064000
Bytes transferred:     4000000000
Total Flops:           21543696000
Seconds elapsed:       0.339051
Performance in GFlop/s:     63.541165
Bandwidth utilization: 11.797635 GB/s
811847256.000000
Validation OK.
tuned params: 500 500 492 52 1 3 
Flops / stencil call:  89
Stencil computations:  242064000
Bytes transferred:     4000000000
Total Flops:           21543696000
Seconds elapsed:       0.337520
Performance in GFlop/s:     63.829368
Bandwidth utilization: 11.851145 GB/s
808180032.000000
Validation OK.
tuned params: 500 500 492 52 1 3 
Flops / stencil call:  89
Stencil computations:  242064000
Bytes transferred:     4000000000
Total Flops:           21543696000
Seconds elapsed:       0.336619
Performance in GFlop/s:     64.000257
Bandwidth utilization: 11.882874 GB/s
806022752.000000
Validation OK.
