tuned params: 500 500 123 36 2 3 
Flops / stencil call:  89
Stencil computations:  145238400
Bytes transferred:     2400000000
Total Flops:           12926217600
Seconds elapsed:       0.202133
Performance in GFlop/s:     63.949090
Bandwidth utilization: 11.873374 GB/s
483997508.000000
Validation OK.
tuned params: 500 500 123 36 2 3 
Flops / stencil call:  89
Stencil computations:  145238400
Bytes transferred:     2400000000
Total Flops:           12926217600
Seconds elapsed:       0.213540
Performance in GFlop/s:     60.532982
Bandwidth utilization: 11.239108 GB/s
511313960.000000
Validation OK.
tuned params: 500 500 123 36 2 3 
Flops / stencil call:  89
Stencil computations:  145238400
Bytes transferred:     2400000000
Total Flops:           12926217600
Seconds elapsed:       0.202026
Performance in GFlop/s:     63.982976
Bandwidth utilization: 11.879666 GB/s
483741864.000000
Validation OK.
tuned params: 500 500 123 36 2 3 
Flops / stencil call:  89
Stencil computations:  145238400
Bytes transferred:     2400000000
Total Flops:           12926217600
Seconds elapsed:       0.213904
Performance in GFlop/s:     60.429955
Bandwidth utilization: 11.219979 GB/s
512183664.000000
Validation OK.
tuned params: 500 500 123 36 2 3 
Flops / stencil call:  89
Stencil computations:  145238400
Bytes transferred:     2400000000
Total Flops:           12926217600
Seconds elapsed:       0.216909
Performance in GFlop/s:     59.592832
Bandwidth utilization: 11.064551 GB/s
519381160.000000
Validation OK.
tuned params: 500 500 123 36 2 3 
Flops / stencil call:  89
Stencil computations:  145238400
Bytes transferred:     2400000000
Total Flops:           12926217600
Seconds elapsed:       0.222571
Performance in GFlop/s:     58.076855
Bandwidth utilization: 10.783081 GB/s
532936416.000000
Validation OK.
tuned params: 500 500 123 36 2 3 
Flops / stencil call:  89
Stencil computations:  145238400
Bytes transferred:     2400000000
Total Flops:           12926217600
Seconds elapsed:       0.213761
Performance in GFlop/s:     60.470395
Bandwidth utilization: 11.227488 GB/s
511841464.000000
Validation OK.
tuned params: 500 500 123 36 2 3 
Flops / stencil call:  89
Stencil computations:  145238400
Bytes transferred:     2400000000
Total Flops:           12926217600
Seconds elapsed:       0.209874
Performance in GFlop/s:     61.590396
Bandwidth utilization: 11.435437 GB/s
502533656.000000
Validation OK.
tuned params: 500 500 123 36 2 3 
Flops / stencil call:  89
Stencil computations:  145238400
Bytes transferred:     2400000000
Total Flops:           12926217600
Seconds elapsed:       0.202480
Performance in GFlop/s:     63.839529
Bandwidth utilization: 11.853032 GB/s
484829524.000000
Validation OK.
tuned params: 500 500 123 36 2 3 
Flops / stencil call:  89
Stencil computations:  145238400
Bytes transferred:     2400000000
Total Flops:           12926217600
Seconds elapsed:       0.220074
Performance in GFlop/s:     58.735794
Bandwidth utilization: 10.905426 GB/s
526958256.000000
Validation OK.
