tuned params: 3000 3000 1496 68 1 3 
Flops / stencil call:  89
Stencil computations:  8952064000
Bytes transferred:     144000000000
Total Flops:           796733696000
Seconds elapsed:       14.550096
Performance in GFlop/s:     54.757968
Bandwidth utilization: 9.896842 GB/s
34839720776.000000
Validation OK.
tuned params: 3000 3000 1496 68 1 3 
Flops / stencil call:  89
Stencil computations:  8952064000
Bytes transferred:     144000000000
Total Flops:           796733696000
Seconds elapsed:       14.570081
Performance in GFlop/s:     54.682860
Bandwidth utilization: 9.883267 GB/s
34887581036.000000
Validation OK.
tuned params: 3000 3000 1496 68 1 3 
Flops / stencil call:  89
Stencil computations:  8952064000
Bytes transferred:     144000000000
Total Flops:           796733696000
Seconds elapsed:       14.613524
Performance in GFlop/s:     54.520299
Bandwidth utilization: 9.853886 GB/s
34991605304.000000
Validation OK.
tuned params: 3000 3000 1496 68 1 3 
Flops / stencil call:  89
Stencil computations:  8952064000
Bytes transferred:     144000000000
Total Flops:           796733696000
Seconds elapsed:       14.565583
Performance in GFlop/s:     54.699746
Bandwidth utilization: 9.886319 GB/s
34876813332.000000
Validation OK.
tuned params: 3000 3000 1496 68 1 3 
Flops / stencil call:  89
Stencil computations:  8952064000
Bytes transferred:     144000000000
Total Flops:           796733696000
Seconds elapsed:       14.570409
Performance in GFlop/s:     54.681629
Bandwidth utilization: 9.883044 GB/s
34888360448.000000
Validation OK.
tuned params: 3000 3000 1496 68 1 3 
Flops / stencil call:  89
Stencil computations:  8952064000
Bytes transferred:     144000000000
Total Flops:           796733696000
Seconds elapsed:       14.582107
Performance in GFlop/s:     54.637763
Bandwidth utilization: 9.875116 GB/s
34916371040.000000
Validation OK.
tuned params: 3000 3000 1496 68 1 3 
Flops / stencil call:  89
Stencil computations:  8952064000
Bytes transferred:     144000000000
Total Flops:           796733696000
Seconds elapsed:       14.561079
Performance in GFlop/s:     54.716666
Bandwidth utilization: 9.889377 GB/s
34866026412.000000
Validation OK.
tuned params: 3000 3000 1496 68 1 3 
Flops / stencil call:  89
Stencil computations:  8952064000
Bytes transferred:     144000000000
Total Flops:           796733696000
Seconds elapsed:       14.565204
Performance in GFlop/s:     54.701170
Bandwidth utilization: 9.886576 GB/s
34875904780.000000
Validation OK.
tuned params: 3000 3000 1496 68 1 3 
Flops / stencil call:  89
Stencil computations:  8952064000
Bytes transferred:     144000000000
Total Flops:           796733696000
Seconds elapsed:       14.559391
Performance in GFlop/s:     54.723010
Bandwidth utilization: 9.890524 GB/s
34861987584.000000
Validation OK.
tuned params: 3000 3000 1496 68 1 3 
Flops / stencil call:  89
Stencil computations:  8952064000
Bytes transferred:     144000000000
Total Flops:           796733696000
Seconds elapsed:       14.555015
Performance in GFlop/s:     54.739463
Bandwidth utilization: 9.893497 GB/s
34851508600.000000
Validation OK.
