tuned params: 3000 3000 2992 300 1 3 
Flops / stencil call:  89
Stencil computations:  223801600
Bytes transferred:     3600000000
Total Flops:           19918342400
Seconds elapsed:       0.286449
Performance in GFlop/s:     69.535399
Bandwidth utilization: 12.567684 GB/s
685887624.000000
Validation OK.
tuned params: 3000 3000 2992 300 1 3 
Flops / stencil call:  89
Stencil computations:  223801600
Bytes transferred:     3600000000
Total Flops:           19918342400
Seconds elapsed:       0.287090
Performance in GFlop/s:     69.380118
Bandwidth utilization: 12.539619 GB/s
687421492.000000
Validation OK.
tuned params: 3000 3000 2992 300 1 3 
Flops / stencil call:  89
Stencil computations:  223801600
Bytes transferred:     3600000000
Total Flops:           19918342400
Seconds elapsed:       0.286539
Performance in GFlop/s:     69.513529
Bandwidth utilization: 12.563731 GB/s
686103760.000000
Validation OK.
tuned params: 3000 3000 2992 300 1 3 
Flops / stencil call:  89
Stencil computations:  223801600
Bytes transferred:     3600000000
Total Flops:           19918342400
Seconds elapsed:       0.286372
Performance in GFlop/s:     69.554098
Bandwidth utilization: 12.571064 GB/s
685705956.000000
Validation OK.
tuned params: 3000 3000 2992 300 1 3 
Flops / stencil call:  89
Stencil computations:  223801600
Bytes transferred:     3600000000
Total Flops:           19918342400
Seconds elapsed:       0.286500
Performance in GFlop/s:     69.523016
Bandwidth utilization: 12.565446 GB/s
686009540.000000
Validation OK.
tuned params: 3000 3000 2992 300 1 3 
Flops / stencil call:  89
Stencil computations:  223801600
Bytes transferred:     3600000000
Total Flops:           19918342400
Seconds elapsed:       0.286584
Performance in GFlop/s:     69.502599
Bandwidth utilization: 12.561756 GB/s
686211904.000000
Validation OK.
tuned params: 3000 3000 2992 300 1 3 
Flops / stencil call:  89
Stencil computations:  223801600
Bytes transferred:     3600000000
Total Flops:           19918342400
Seconds elapsed:       0.286408
Performance in GFlop/s:     69.545355
Bandwidth utilization: 12.569484 GB/s
685791832.000000
Validation OK.
tuned params: 3000 3000 2992 300 1 3 
Flops / stencil call:  89
Stencil computations:  223801600
Bytes transferred:     3600000000
Total Flops:           19918342400
Seconds elapsed:       0.286520
Performance in GFlop/s:     69.518156
Bandwidth utilization: 12.564568 GB/s
686056696.000000
Validation OK.
tuned params: 3000 3000 2992 300 1 3 
Flops / stencil call:  89
Stencil computations:  223801600
Bytes transferred:     3600000000
Total Flops:           19918342400
Seconds elapsed:       0.286547
Performance in GFlop/s:     69.511620
Bandwidth utilization: 12.563386 GB/s
686122004.000000
Validation OK.
tuned params: 3000 3000 2992 300 1 3 
Flops / stencil call:  89
Stencil computations:  223801600
Bytes transferred:     3600000000
Total Flops:           19918342400
Seconds elapsed:       0.286412
Performance in GFlop/s:     69.544371
Bandwidth utilization: 12.569306 GB/s
685801412.000000
Validation OK.
