tuned params: 500 500 492 64 1 3 
Flops / stencil call:  89
Stencil computations:  145238400
Bytes transferred:     2400000000
Total Flops:           12926217600
Seconds elapsed:       0.248311
Performance in GFlop/s:     52.056556
Bandwidth utilization: 9.665297 GB/s
594571160.000000
Validation OK.
tuned params: 500 500 492 64 1 3 
Flops / stencil call:  89
Stencil computations:  145238400
Bytes transferred:     2400000000
Total Flops:           12926217600
Seconds elapsed:       0.248208
Performance in GFlop/s:     52.078207
Bandwidth utilization: 9.669317 GB/s
594323692.000000
Validation OK.
tuned params: 500 500 492 64 1 3 
Flops / stencil call:  89
Stencil computations:  145238400
Bytes transferred:     2400000000
Total Flops:           12926217600
Seconds elapsed:       0.248448
Performance in GFlop/s:     52.027831
Bandwidth utilization: 9.659964 GB/s
594899956.000000
Validation OK.
tuned params: 500 500 492 64 1 3 
Flops / stencil call:  89
Stencil computations:  145238400
Bytes transferred:     2400000000
Total Flops:           12926217600
Seconds elapsed:       0.248181
Performance in GFlop/s:     52.083810
Bandwidth utilization: 9.670357 GB/s
594258928.000000
Validation OK.
tuned params: 500 500 492 64 1 3 
Flops / stencil call:  89
Stencil computations:  145238400
Bytes transferred:     2400000000
Total Flops:           12926217600
Seconds elapsed:       0.248283
Performance in GFlop/s:     52.062454
Bandwidth utilization: 9.666392 GB/s
594504760.000000
Validation OK.
tuned params: 500 500 492 64 1 3 
Flops / stencil call:  89
Stencil computations:  145238400
Bytes transferred:     2400000000
Total Flops:           12926217600
Seconds elapsed:       0.248615
Performance in GFlop/s:     51.992906
Bandwidth utilization: 9.653479 GB/s
595298320.000000
Validation OK.
tuned params: 500 500 492 64 1 3 
Flops / stencil call:  89
Stencil computations:  145238400
Bytes transferred:     2400000000
Total Flops:           12926217600
Seconds elapsed:       0.248270
Performance in GFlop/s:     52.065154
Bandwidth utilization: 9.666894 GB/s
594471984.000000
Validation OK.
tuned params: 500 500 492 64 1 3 
Flops / stencil call:  89
Stencil computations:  145238400
Bytes transferred:     2400000000
Total Flops:           12926217600
Seconds elapsed:       0.248277
Performance in GFlop/s:     52.063704
Bandwidth utilization: 9.666624 GB/s
594488976.000000
Validation OK.
tuned params: 500 500 492 64 1 3 
Flops / stencil call:  89
Stencil computations:  145238400
Bytes transferred:     2400000000
Total Flops:           12926217600
Seconds elapsed:       0.276503
Performance in GFlop/s:     46.748949
Bandwidth utilization: 8.679838 GB/s
662076320.000000
Validation OK.
tuned params: 500 500 492 64 1 3 
Flops / stencil call:  89
Stencil computations:  145238400
Bytes transferred:     2400000000
Total Flops:           12926217600
Seconds elapsed:       0.248771
Performance in GFlop/s:     51.960267
Bandwidth utilization: 9.647419 GB/s
595672500.000000
Validation OK.
