tuned params: 3000 3000 2992 252 2 3 
Flops / stencil call:  89
Stencil computations:  223801600
Bytes transferred:     3600000000
Total Flops:           19918342400
Seconds elapsed:       0.478914
Performance in GFlop/s:     41.590644
Bandwidth utilization: 7.517007 GB/s
1146742600.000000
Validation OK.
tuned params: 3000 3000 2992 252 2 3 
Flops / stencil call:  89
Stencil computations:  223801600
Bytes transferred:     3600000000
Total Flops:           19918342400
Seconds elapsed:       0.480608
Performance in GFlop/s:     41.444052
Bandwidth utilization: 7.490512 GB/s
1150800228.000000
Validation OK.
tuned params: 3000 3000 2992 252 2 3 
Flops / stencil call:  89
Stencil computations:  223801600
Bytes transferred:     3600000000
Total Flops:           19918342400
Seconds elapsed:       0.479220
Performance in GFlop/s:     41.564075
Bandwidth utilization: 7.512205 GB/s
1147475892.000000
Validation OK.
tuned params: 3000 3000 2992 252 2 3 
Flops / stencil call:  89
Stencil computations:  223801600
Bytes transferred:     3600000000
Total Flops:           19918342400
Seconds elapsed:       0.479310
Performance in GFlop/s:     41.556281
Bandwidth utilization: 7.510796 GB/s
1147690028.000000
Validation OK.
tuned params: 3000 3000 2992 252 2 3 
Flops / stencil call:  89
Stencil computations:  223801600
Bytes transferred:     3600000000
Total Flops:           19918342400
Seconds elapsed:       0.479253
Performance in GFlop/s:     41.561222
Bandwidth utilization: 7.511689 GB/s
1147555776.000000
Validation OK.
tuned params: 3000 3000 2992 252 2 3 
Flops / stencil call:  89
Stencil computations:  223801600
Bytes transferred:     3600000000
Total Flops:           19918342400
Seconds elapsed:       0.479505
Performance in GFlop/s:     41.539379
Bandwidth utilization: 7.507741 GB/s
1148157876.000000
Validation OK.
tuned params: 3000 3000 2992 252 2 3 
Flops / stencil call:  89
Stencil computations:  223801600
Bytes transferred:     3600000000
Total Flops:           19918342400
Seconds elapsed:       0.479293
Performance in GFlop/s:     41.557748
Bandwidth utilization: 7.511061 GB/s
1147650868.000000
Validation OK.
tuned params: 3000 3000 2992 252 2 3 
Flops / stencil call:  89
Stencil computations:  223801600
Bytes transferred:     3600000000
Total Flops:           19918342400
Seconds elapsed:       0.479169
Performance in GFlop/s:     41.568501
Bandwidth utilization: 7.513005 GB/s
1147354368.000000
Validation OK.
tuned params: 3000 3000 2992 252 2 3 
Flops / stencil call:  89
Stencil computations:  223801600
Bytes transferred:     3600000000
Total Flops:           19918342400
Seconds elapsed:       0.479143
Performance in GFlop/s:     41.570755
Bandwidth utilization: 7.513412 GB/s
1147293212.000000
Validation OK.
tuned params: 3000 3000 2992 252 2 3 
Flops / stencil call:  89
Stencil computations:  223801600
Bytes transferred:     3600000000
Total Flops:           19918342400
Seconds elapsed:       0.479391
Performance in GFlop/s:     41.549254
Bandwidth utilization: 7.509526 GB/s
1147885872.000000
Validation OK.
