tuned params: 3000 3000 2992 252 2 3 
Flops / stencil call:  89
Stencil computations:  8952064000
Bytes transferred:     144000000000
Total Flops:           796733696000
Seconds elapsed:       19.196534
Performance in GFlop/s:     41.504039
Bandwidth utilization: 7.501354 GB/s
45965471704.000000
Validation OK.
tuned params: 3000 3000 2992 252 2 3 
Flops / stencil call:  89
Stencil computations:  8952064000
Bytes transferred:     144000000000
Total Flops:           796733696000
Seconds elapsed:       19.183601
Performance in GFlop/s:     41.532020
Bandwidth utilization: 7.506411 GB/s
45934508540.000000
Validation OK.
tuned params: 3000 3000 2992 252 2 3 
Flops / stencil call:  89
Stencil computations:  8952064000
Bytes transferred:     144000000000
Total Flops:           796733696000
Seconds elapsed:       19.158267
Performance in GFlop/s:     41.586940
Bandwidth utilization: 7.516337 GB/s
45873846480.000000
Validation OK.
tuned params: 3000 3000 2992 252 2 3 
Flops / stencil call:  89
Stencil computations:  8952064000
Bytes transferred:     144000000000
Total Flops:           796733696000
Seconds elapsed:       19.159959
Performance in GFlop/s:     41.583267
Bandwidth utilization: 7.515674 GB/s
45877896628.000000
Validation OK.
tuned params: 3000 3000 2992 252 2 3 
Flops / stencil call:  89
Stencil computations:  8952064000
Bytes transferred:     144000000000
Total Flops:           796733696000
Seconds elapsed:       19.148497
Performance in GFlop/s:     41.608159
Bandwidth utilization: 7.520173 GB/s
45850451740.000000
Validation OK.
tuned params: 3000 3000 2992 252 2 3 
Flops / stencil call:  89
Stencil computations:  8952064000
Bytes transferred:     144000000000
Total Flops:           796733696000
Seconds elapsed:       19.149068
Performance in GFlop/s:     41.606918
Bandwidth utilization: 7.519948 GB/s
45851820840.000000
Validation OK.
tuned params: 3000 3000 2992 252 2 3 
Flops / stencil call:  89
Stencil computations:  8952064000
Bytes transferred:     144000000000
Total Flops:           796733696000
Seconds elapsed:       19.155029
Performance in GFlop/s:     41.593970
Bandwidth utilization: 7.517608 GB/s
45866090812.000000
Validation OK.
tuned params: 3000 3000 2992 252 2 3 
Flops / stencil call:  89
Stencil computations:  8952064000
Bytes transferred:     144000000000
Total Flops:           796733696000
Seconds elapsed:       19.154139
Performance in GFlop/s:     41.595902
Bandwidth utilization: 7.517957 GB/s
45863961452.000000
Validation OK.
tuned params: 3000 3000 2992 252 2 3 
Flops / stencil call:  89
Stencil computations:  8952064000
Bytes transferred:     144000000000
Total Flops:           796733696000
Seconds elapsed:       19.158596
Performance in GFlop/s:     41.586226
Bandwidth utilization: 7.516208 GB/s
45874635164.000000
Validation OK.
tuned params: 3000 3000 2992 252 2 3 
Flops / stencil call:  89
Stencil computations:  8952064000
Bytes transferred:     144000000000
Total Flops:           796733696000
Seconds elapsed:       19.159398
Performance in GFlop/s:     41.584485
Bandwidth utilization: 7.515894 GB/s
45876552536.000000
Validation OK.
