tuned params: 3000 3000 2992 376 2 3 
Flops / stencil call:  89
Stencil computations:  223801600
Bytes transferred:     3600000000
Total Flops:           19918342400
Seconds elapsed:       1.430558
Performance in GFlop/s:     13.923476
Bandwidth utilization: 2.516500 GB/s
3425405616.000000
Validation OK.
tuned params: 3000 3000 2992 376 2 3 
Flops / stencil call:  89
Stencil computations:  223801600
Bytes transferred:     3600000000
Total Flops:           19918342400
Seconds elapsed:       1.427047
Performance in GFlop/s:     13.957734
Bandwidth utilization: 2.522692 GB/s
3416997812.000000
Validation OK.
tuned params: 3000 3000 2992 376 2 3 
Flops / stencil call:  89
Stencil computations:  223801600
Bytes transferred:     3600000000
Total Flops:           19918342400
Seconds elapsed:       1.422364
Performance in GFlop/s:     14.003689
Bandwidth utilization: 2.530998 GB/s
3405784520.000000
Validation OK.
tuned params: 3000 3000 2992 376 2 3 
Flops / stencil call:  89
Stencil computations:  223801600
Bytes transferred:     3600000000
Total Flops:           19918342400
Seconds elapsed:       1.426611
Performance in GFlop/s:     13.961998
Bandwidth utilization: 2.523463 GB/s
3415955772.000000
Validation OK.
tuned params: 3000 3000 2992 376 2 3 
Flops / stencil call:  89
Stencil computations:  223801600
Bytes transferred:     3600000000
Total Flops:           19918342400
Seconds elapsed:       1.422932
Performance in GFlop/s:     13.998099
Bandwidth utilization: 2.529988 GB/s
3407143924.000000
Validation OK.
tuned params: 3000 3000 2992 376 2 3 
Flops / stencil call:  89
Stencil computations:  223801600
Bytes transferred:     3600000000
Total Flops:           19918342400
Seconds elapsed:       1.429290
Performance in GFlop/s:     13.935829
Bandwidth utilization: 2.518733 GB/s
3422369624.000000
Validation OK.
tuned params: 3000 3000 2992 376 2 3 
Flops / stencil call:  89
Stencil computations:  223801600
Bytes transferred:     3600000000
Total Flops:           19918342400
Seconds elapsed:       1.423027
Performance in GFlop/s:     13.997164
Bandwidth utilization: 2.529818 GB/s
3407372408.000000
Validation OK.
tuned params: 3000 3000 2992 376 2 3 
Flops / stencil call:  89
Stencil computations:  223801600
Bytes transferred:     3600000000
Total Flops:           19918342400
Seconds elapsed:       1.429236
Performance in GFlop/s:     13.936355
Bandwidth utilization: 2.518828 GB/s
3422239888.000000
Validation OK.
tuned params: 3000 3000 2992 376 2 3 
Flops / stencil call:  89
Stencil computations:  223801600
Bytes transferred:     3600000000
Total Flops:           19918342400
Seconds elapsed:       1.426558
Performance in GFlop/s:     13.962518
Bandwidth utilization: 2.523557 GB/s
3415827860.000000
Validation OK.
tuned params: 3000 3000 2992 376 2 3 
Flops / stencil call:  89
Stencil computations:  223801600
Bytes transferred:     3600000000
Total Flops:           19918342400
Seconds elapsed:       1.426714
Performance in GFlop/s:     13.960990
Bandwidth utilization: 2.523280 GB/s
3416200704.000000
Validation OK.
