tuned params: 500 500 492 292 1 3 
Flops / stencil call:  89
Stencil computations:  242064000
Bytes transferred:     4000000000
Total Flops:           21543696000
Seconds elapsed:       3.127210
Performance in GFlop/s:     6.889111
Bandwidth utilization: 1.279095 GB/s
7488000276.000000
Validation OK.
tuned params: 500 500 492 292 1 3 
Flops / stencil call:  89
Stencil computations:  242064000
Bytes transferred:     4000000000
Total Flops:           21543696000
Seconds elapsed:       3.134020
Performance in GFlop/s:     6.874142
Bandwidth utilization: 1.276316 GB/s
7504306120.000000
Validation OK.
tuned params: 500 500 492 292 1 3 
Flops / stencil call:  89
Stencil computations:  242064000
Bytes transferred:     4000000000
Total Flops:           21543696000
Seconds elapsed:       3.129241
Performance in GFlop/s:     6.884639
Bandwidth utilization: 1.278265 GB/s
7492860400.000000
Validation OK.
tuned params: 500 500 492 292 1 3 
Flops / stencil call:  89
Stencil computations:  242064000
Bytes transferred:     4000000000
Total Flops:           21543696000
Seconds elapsed:       3.128206
Performance in GFlop/s:     6.886917
Bandwidth utilization: 1.278688 GB/s
7490387188.000000
Validation OK.
tuned params: 500 500 492 292 1 3 
Flops / stencil call:  89
Stencil computations:  242064000
Bytes transferred:     4000000000
Total Flops:           21543696000
Seconds elapsed:       3.130904
Performance in GFlop/s:     6.880983
Bandwidth utilization: 1.277586 GB/s
7496846532.000000
Validation OK.
tuned params: 500 500 492 292 1 3 
Flops / stencil call:  89
Stencil computations:  242064000
Bytes transferred:     4000000000
Total Flops:           21543696000
Seconds elapsed:       3.133325
Performance in GFlop/s:     6.875666
Bandwidth utilization: 1.276599 GB/s
7502642836.000000
Validation OK.
tuned params: 500 500 492 292 1 3 
Flops / stencil call:  89
Stencil computations:  242064000
Bytes transferred:     4000000000
Total Flops:           21543696000
Seconds elapsed:       3.130347
Performance in GFlop/s:     6.882207
Bandwidth utilization: 1.277814 GB/s
7495513608.000000
Validation OK.
tuned params: 500 500 492 292 1 3 
Flops / stencil call:  89
Stencil computations:  242064000
Bytes transferred:     4000000000
Total Flops:           21543696000
Seconds elapsed:       3.130782
Performance in GFlop/s:     6.881251
Bandwidth utilization: 1.277636 GB/s
7496551456.000000
Validation OK.
tuned params: 500 500 492 292 1 3 
Flops / stencil call:  89
Stencil computations:  242064000
Bytes transferred:     4000000000
Total Flops:           21543696000
Seconds elapsed:       3.133526
Performance in GFlop/s:     6.875225
Bandwidth utilization: 1.276517 GB/s
7503124912.000000
Validation OK.
tuned params: 500 500 492 292 1 3 
Flops / stencil call:  89
Stencil computations:  242064000
Bytes transferred:     4000000000
Total Flops:           21543696000
Seconds elapsed:       3.132247
Performance in GFlop/s:     6.878032
Bandwidth utilization: 1.277039 GB/s
7500061412.000000
Validation OK.
