tuned params: 500 500 492 52 1 3 
Flops / stencil call:  89
Stencil computations:  242064000
Bytes transferred:     4000000000
Total Flops:           21543696000
Seconds elapsed:       0.337955
Performance in GFlop/s:     63.747233
Bandwidth utilization: 11.835895 GB/s
809222224.000000
Validation OK.
tuned params: 500 500 492 52 1 3 
Flops / stencil call:  89
Stencil computations:  242064000
Bytes transferred:     4000000000
Total Flops:           21543696000
Seconds elapsed:       0.337669
Performance in GFlop/s:     63.801245
Bandwidth utilization: 11.845924 GB/s
808537244.000000
Validation OK.
tuned params: 500 500 492 52 1 3 
Flops / stencil call:  89
Stencil computations:  242064000
Bytes transferred:     4000000000
Total Flops:           21543696000
Seconds elapsed:       0.336968
Performance in GFlop/s:     63.933963
Bandwidth utilization: 11.870565 GB/s
806858896.000000
Validation OK.
tuned params: 500 500 492 52 1 3 
Flops / stencil call:  89
Stencil computations:  242064000
Bytes transferred:     4000000000
Total Flops:           21543696000
Seconds elapsed:       0.336851
Performance in GFlop/s:     63.956136
Bandwidth utilization: 11.874682 GB/s
806578472.000000
Validation OK.
tuned params: 500 500 492 52 1 3 
Flops / stencil call:  89
Stencil computations:  242064000
Bytes transferred:     4000000000
Total Flops:           21543696000
Seconds elapsed:       0.338145
Performance in GFlop/s:     63.711410
Bandwidth utilization: 11.829244 GB/s
809676604.000000
Validation OK.
tuned params: 500 500 492 52 1 3 
Flops / stencil call:  89
Stencil computations:  242064000
Bytes transferred:     4000000000
Total Flops:           21543696000
Seconds elapsed:       0.337981
Performance in GFlop/s:     63.742331
Bandwidth utilization: 11.834985 GB/s
809283364.000000
Validation OK.
tuned params: 500 500 492 52 1 3 
Flops / stencil call:  89
Stencil computations:  242064000
Bytes transferred:     4000000000
Total Flops:           21543696000
Seconds elapsed:       0.336866
Performance in GFlop/s:     63.953329
Bandwidth utilization: 11.874161 GB/s
806612760.000000
Validation OK.
tuned params: 500 500 492 52 1 3 
Flops / stencil call:  89
Stencil computations:  242064000
Bytes transferred:     4000000000
Total Flops:           21543696000
Seconds elapsed:       0.338151
Performance in GFlop/s:     63.710287
Bandwidth utilization: 11.829036 GB/s
809688932.000000
Validation OK.
tuned params: 500 500 492 52 1 3 
Flops / stencil call:  89
Stencil computations:  242064000
Bytes transferred:     4000000000
Total Flops:           21543696000
Seconds elapsed:       0.336912
Performance in GFlop/s:     63.944595
Bandwidth utilization: 11.872539 GB/s
806724356.000000
Validation OK.
tuned params: 500 500 492 52 1 3 
Flops / stencil call:  89
Stencil computations:  242064000
Bytes transferred:     4000000000
Total Flops:           21543696000
Seconds elapsed:       0.336812
Performance in GFlop/s:     63.963561
Bandwidth utilization: 11.876061 GB/s
806482848.000000
Validation OK.
