tuned params: 3000 3000 2992 300 1 3 
Flops / stencil call:  89
Stencil computations:  223801600
Bytes transferred:     3600000000
Total Flops:           19918342400
Seconds elapsed:       0.286493
Performance in GFlop/s:     69.524751
Bandwidth utilization: 12.565760 GB/s
685994384.000000
Validation OK.
tuned params: 3000 3000 2992 300 1 3 
Flops / stencil call:  89
Stencil computations:  223801600
Bytes transferred:     3600000000
Total Flops:           19918342400
Seconds elapsed:       0.286250
Performance in GFlop/s:     69.583701
Bandwidth utilization: 12.576414 GB/s
685411524.000000
Validation OK.
tuned params: 3000 3000 2992 300 1 3 
Flops / stencil call:  89
Stencil computations:  223801600
Bytes transferred:     3600000000
Total Flops:           19918342400
Seconds elapsed:       0.286393
Performance in GFlop/s:     69.549002
Bandwidth utilization: 12.570143 GB/s
685754404.000000
Validation OK.
tuned params: 3000 3000 2992 300 1 3 
Flops / stencil call:  89
Stencil computations:  223801600
Bytes transferred:     3600000000
Total Flops:           19918342400
Seconds elapsed:       0.286355
Performance in GFlop/s:     69.558210
Bandwidth utilization: 12.571807 GB/s
685661412.000000
Validation OK.
tuned params: 3000 3000 2992 300 1 3 
Flops / stencil call:  89
Stencil computations:  223801600
Bytes transferred:     3600000000
Total Flops:           19918342400
Seconds elapsed:       0.286460
Performance in GFlop/s:     69.532737
Bandwidth utilization: 12.567203 GB/s
685916268.000000
Validation OK.
tuned params: 3000 3000 2992 300 1 3 
Flops / stencil call:  89
Stencil computations:  223801600
Bytes transferred:     3600000000
Total Flops:           19918342400
Seconds elapsed:       0.286780
Performance in GFlop/s:     69.455160
Bandwidth utilization: 12.553182 GB/s
686680384.000000
Validation OK.
tuned params: 3000 3000 2992 300 1 3 
Flops / stencil call:  89
Stencil computations:  223801600
Bytes transferred:     3600000000
Total Flops:           19918342400
Seconds elapsed:       0.286500
Performance in GFlop/s:     69.522958
Bandwidth utilization: 12.565436 GB/s
686010604.000000
Validation OK.
tuned params: 3000 3000 2992 300 1 3 
Flops / stencil call:  89
Stencil computations:  223801600
Bytes transferred:     3600000000
Total Flops:           19918342400
Seconds elapsed:       0.286892
Performance in GFlop/s:     69.428031
Bandwidth utilization: 12.548279 GB/s
686948924.000000
Validation OK.
tuned params: 3000 3000 2992 300 1 3 
Flops / stencil call:  89
Stencil computations:  223801600
Bytes transferred:     3600000000
Total Flops:           19918342400
Seconds elapsed:       0.286839
Performance in GFlop/s:     69.440842
Bandwidth utilization: 12.550594 GB/s
686823316.000000
Validation OK.
tuned params: 3000 3000 2992 300 1 3 
Flops / stencil call:  89
Stencil computations:  223801600
Bytes transferred:     3600000000
Total Flops:           19918342400
Seconds elapsed:       0.286613
Performance in GFlop/s:     69.495603
Bandwidth utilization: 12.560492 GB/s
686279412.000000
Validation OK.
