tuned params: 500 500 492 32 2 3 
Flops / stencil call:  89
Stencil computations:  6051600
Bytes transferred:     100000000
Total Flops:           538592400
Seconds elapsed:       0.010348
Performance in GFlop/s:     52.048759
Bandwidth utilization: 9.663850 GB/s
24777576.000000
Validation OK.
tuned params: 500 500 492 32 2 3 
Flops / stencil call:  89
Stencil computations:  6051600
Bytes transferred:     100000000
Total Flops:           538592400
Seconds elapsed:       0.010359
Performance in GFlop/s:     51.992457
Bandwidth utilization: 9.653396 GB/s
24803804.000000
Validation OK.
tuned params: 500 500 492 32 2 3 
Flops / stencil call:  89
Stencil computations:  6051600
Bytes transferred:     100000000
Total Flops:           538592400
Seconds elapsed:       0.010360
Performance in GFlop/s:     51.987671
Bandwidth utilization: 9.652507 GB/s
24805464.000000
Validation OK.
tuned params: 500 500 492 32 2 3 
Flops / stencil call:  89
Stencil computations:  6051600
Bytes transferred:     100000000
Total Flops:           538592400
Seconds elapsed:       0.010371
Performance in GFlop/s:     51.932694
Bandwidth utilization: 9.642300 GB/s
24834080.000000
Validation OK.
tuned params: 500 500 492 32 2 3 
Flops / stencil call:  89
Stencil computations:  6051600
Bytes transferred:     100000000
Total Flops:           538592400
Seconds elapsed:       0.010350
Performance in GFlop/s:     52.037969
Bandwidth utilization: 9.661846 GB/s
24782144.000000
Validation OK.
tuned params: 500 500 492 32 2 3 
Flops / stencil call:  89
Stencil computations:  6051600
Bytes transferred:     100000000
Total Flops:           538592400
Seconds elapsed:       0.010359
Performance in GFlop/s:     51.992457
Bandwidth utilization: 9.653396 GB/s
24802944.000000
Validation OK.
tuned params: 500 500 492 32 2 3 
Flops / stencil call:  89
Stencil computations:  6051600
Bytes transferred:     100000000
Total Flops:           538592400
Seconds elapsed:       0.010367
Performance in GFlop/s:     51.952998
Bandwidth utilization: 9.646070 GB/s
24825008.000000
Validation OK.
tuned params: 500 500 492 32 2 3 
Flops / stencil call:  89
Stencil computations:  6051600
Bytes transferred:     100000000
Total Flops:           538592400
Seconds elapsed:       0.010346
Performance in GFlop/s:     52.057155
Bandwidth utilization: 9.665408 GB/s
24772240.000000
Validation OK.
tuned params: 500 500 492 32 2 3 
Flops / stencil call:  89
Stencil computations:  6051600
Bytes transferred:     100000000
Total Flops:           538592400
Seconds elapsed:       0.010353
Performance in GFlop/s:     52.023588
Bandwidth utilization: 9.659176 GB/s
24787540.000000
Validation OK.
tuned params: 500 500 492 32 2 3 
Flops / stencil call:  89
Stencil computations:  6051600
Bytes transferred:     100000000
Total Flops:           538592400
Seconds elapsed:       0.010354
Performance in GFlop/s:     52.018796
Bandwidth utilization: 9.658286 GB/s
24791648.000000
Validation OK.
