tuned params: 3000 3000 2992 376 2 3 
Flops / stencil call:  89
Stencil computations:  8952064000
Bytes transferred:     144000000000
Total Flops:           796733696000
Seconds elapsed:       56.948401
Performance in GFlop/s:     13.990449
Bandwidth utilization: 2.528605 GB/s
136361107248.000000
Validation OK.
tuned params: 3000 3000 2992 376 2 3 
Flops / stencil call:  89
Stencil computations:  8952064000
Bytes transferred:     144000000000
Total Flops:           796733696000
Seconds elapsed:       57.201100
Performance in GFlop/s:     13.928643
Bandwidth utilization: 2.517434 GB/s
136966178024.000000
Validation OK.
tuned params: 3000 3000 2992 376 2 3 
Flops / stencil call:  89
Stencil computations:  8952064000
Bytes transferred:     144000000000
Total Flops:           796733696000
Seconds elapsed:       57.230448
Performance in GFlop/s:     13.921500
Bandwidth utilization: 2.516143 GB/s
137036447476.000000
Validation OK.
tuned params: 3000 3000 2992 376 2 3 
Flops / stencil call:  89
Stencil computations:  8952064000
Bytes transferred:     144000000000
Total Flops:           796733696000
Seconds elapsed:       56.980906
Performance in GFlop/s:     13.982468
Bandwidth utilization: 2.527162 GB/s
136438938520.000000
Validation OK.
tuned params: 3000 3000 2992 376 2 3 
Flops / stencil call:  89
Stencil computations:  8952064000
Bytes transferred:     144000000000
Total Flops:           796733696000
Seconds elapsed:       56.923871
Performance in GFlop/s:     13.996478
Bandwidth utilization: 2.529694 GB/s
136302387944.000000
Validation OK.
tuned params: 3000 3000 2992 376 2 3 
Flops / stencil call:  89
Stencil computations:  8952064000
Bytes transferred:     144000000000
Total Flops:           796733696000
Seconds elapsed:       56.873312
Performance in GFlop/s:     14.008920
Bandwidth utilization: 2.531943 GB/s
136181302704.000000
Validation OK.
tuned params: 3000 3000 2992 376 2 3 
Flops / stencil call:  89
Stencil computations:  8952064000
Bytes transferred:     144000000000
Total Flops:           796733696000
Seconds elapsed:       57.105650
Performance in GFlop/s:     13.951924
Bandwidth utilization: 2.521642 GB/s
136737629752.000000
Validation OK.
tuned params: 3000 3000 2992 376 2 3 
Flops / stencil call:  89
Stencil computations:  8952064000
Bytes transferred:     144000000000
Total Flops:           796733696000
Seconds elapsed:       56.908302
Performance in GFlop/s:     14.000307
Bandwidth utilization: 2.530387 GB/s
136265087296.000000
Validation OK.
tuned params: 3000 3000 2992 376 2 3 
Flops / stencil call:  89
Stencil computations:  8952064000
Bytes transferred:     144000000000
Total Flops:           796733696000
Seconds elapsed:       57.211172
Performance in GFlop/s:     13.926191
Bandwidth utilization: 2.516991 GB/s
136990296076.000000
Validation OK.
tuned params: 3000 3000 2992 376 2 3 
Flops / stencil call:  89
Stencil computations:  8952064000
Bytes transferred:     144000000000
Total Flops:           796733696000
Seconds elapsed:       57.040278
Performance in GFlop/s:     13.967914
Bandwidth utilization: 2.524532 GB/s
136581096892.000000
Validation OK.
