tuned params: 500 500 246 52 1 3 
Flops / stencil call:  89
Stencil computations:  242064000
Bytes transferred:     4000000000
Total Flops:           21543696000
Seconds elapsed:       0.263534
Performance in GFlop/s:     81.749261
Bandwidth utilization: 15.178317 GB/s
631021536.000000
Validation OK.
tuned params: 500 500 246 52 1 3 
Flops / stencil call:  89
Stencil computations:  242064000
Bytes transferred:     4000000000
Total Flops:           21543696000
Seconds elapsed:       0.260394
Performance in GFlop/s:     82.735039
Bandwidth utilization: 15.361345 GB/s
623504276.000000
Validation OK.
tuned params: 500 500 246 52 1 3 
Flops / stencil call:  89
Stencil computations:  242064000
Bytes transferred:     4000000000
Total Flops:           21543696000
Seconds elapsed:       0.270321
Performance in GFlop/s:     79.696678
Bandwidth utilization: 14.797215 GB/s
647274008.000000
Validation OK.
tuned params: 500 500 246 52 1 3 
Flops / stencil call:  89
Stencil computations:  242064000
Bytes transferred:     4000000000
Total Flops:           21543696000
Seconds elapsed:       0.296412
Performance in GFlop/s:     72.681594
Bandwidth utilization: 13.494731 GB/s
709748948.000000
Validation OK.
tuned params: 500 500 246 52 1 3 
Flops / stencil call:  89
Stencil computations:  242064000
Bytes transferred:     4000000000
Total Flops:           21543696000
Seconds elapsed:       0.257014
Performance in GFlop/s:     83.823033
Bandwidth utilization: 15.563352 GB/s
615412604.000000
Validation OK.
tuned params: 500 500 246 52 1 3 
Flops / stencil call:  89
Stencil computations:  242064000
Bytes transferred:     4000000000
Total Flops:           21543696000
Seconds elapsed:       0.299192
Performance in GFlop/s:     72.006268
Bandwidth utilization: 13.369344 GB/s
716404944.000000
Validation OK.
tuned params: 500 500 246 52 1 3 
Flops / stencil call:  89
Stencil computations:  242064000
Bytes transferred:     4000000000
Total Flops:           21543696000
Seconds elapsed:       0.299531
Performance in GFlop/s:     71.924766
Bandwidth utilization: 13.354211 GB/s
717216232.000000
Validation OK.
tuned params: 500 500 246 52 1 3 
Flops / stencil call:  89
Stencil computations:  242064000
Bytes transferred:     4000000000
Total Flops:           21543696000
Seconds elapsed:       0.258123
Performance in GFlop/s:     83.462933
Bandwidth utilization: 15.496493 GB/s
618068236.000000
Validation OK.
tuned params: 500 500 246 52 1 3 
Flops / stencil call:  89
Stencil computations:  242064000
Bytes transferred:     4000000000
Total Flops:           21543696000
Seconds elapsed:       0.257622
Performance in GFlop/s:     83.625217
Bandwidth utilization: 15.526624 GB/s
616866108.000000
Validation OK.
tuned params: 500 500 246 52 1 3 
Flops / stencil call:  89
Stencil computations:  242064000
Bytes transferred:     4000000000
Total Flops:           21543696000
Seconds elapsed:       0.297540
Performance in GFlop/s:     72.406062
Bandwidth utilization: 13.443573 GB/s
712449384.000000
Validation OK.
