tuned params: 3000 3000 2992 300 1 3 
Flops / stencil call:  89
Stencil computations:  223801600
Bytes transferred:     3600000000
Total Flops:           19918342400
Seconds elapsed:       0.286665
Performance in GFlop/s:     69.483003
Bandwidth utilization: 12.558214 GB/s
686410512.000000
Validation OK.
tuned params: 3000 3000 2992 300 1 3 
Flops / stencil call:  89
Stencil computations:  223801600
Bytes transferred:     3600000000
Total Flops:           19918342400
Seconds elapsed:       0.286699
Performance in GFlop/s:     69.474740
Bandwidth utilization: 12.556721 GB/s
686490088.000000
Validation OK.
tuned params: 3000 3000 2992 300 1 3 
Flops / stencil call:  89
Stencil computations:  223801600
Bytes transferred:     3600000000
Total Flops:           19918342400
Seconds elapsed:       0.286714
Performance in GFlop/s:     69.471100
Bandwidth utilization: 12.556063 GB/s
686525888.000000
Validation OK.
tuned params: 3000 3000 2992 300 1 3 
Flops / stencil call:  89
Stencil computations:  223801600
Bytes transferred:     3600000000
Total Flops:           19918342400
Seconds elapsed:       0.286580
Performance in GFlop/s:     69.503582
Bandwidth utilization: 12.561934 GB/s
686204264.000000
Validation OK.
tuned params: 3000 3000 2992 300 1 3 
Flops / stencil call:  89
Stencil computations:  223801600
Bytes transferred:     3600000000
Total Flops:           19918342400
Seconds elapsed:       0.286764
Performance in GFlop/s:     69.458971
Bandwidth utilization: 12.553871 GB/s
686646008.000000
Validation OK.
tuned params: 3000 3000 2992 300 1 3 
Flops / stencil call:  89
Stencil computations:  223801600
Bytes transferred:     3600000000
Total Flops:           19918342400
Seconds elapsed:       0.286327
Performance in GFlop/s:     69.564986
Bandwidth utilization: 12.573032 GB/s
685599500.000000
Validation OK.
tuned params: 3000 3000 2992 300 1 3 
Flops / stencil call:  89
Stencil computations:  223801600
Bytes transferred:     3600000000
Total Flops:           19918342400
Seconds elapsed:       0.286443
Performance in GFlop/s:     69.536846
Bandwidth utilization: 12.567946 GB/s
685876288.000000
Validation OK.
tuned params: 3000 3000 2992 300 1 3 
Flops / stencil call:  89
Stencil computations:  223801600
Bytes transferred:     3600000000
Total Flops:           19918342400
Seconds elapsed:       0.286634
Performance in GFlop/s:     69.490516
Bandwidth utilization: 12.559572 GB/s
686336368.000000
Validation OK.
tuned params: 3000 3000 2992 300 1 3 
Flops / stencil call:  89
Stencil computations:  223801600
Bytes transferred:     3600000000
Total Flops:           19918342400
Seconds elapsed:       0.286537
Performance in GFlop/s:     69.514049
Bandwidth utilization: 12.563825 GB/s
686104292.000000
Validation OK.
tuned params: 3000 3000 2992 300 1 3 
Flops / stencil call:  89
Stencil computations:  223801600
Bytes transferred:     3600000000
Total Flops:           19918342400
Seconds elapsed:       0.286486
Performance in GFlop/s:     69.526371
Bandwidth utilization: 12.566053 GB/s
685981696.000000
Validation OK.
