tuned params: 3000 3000 2992 300 1 3 
Flops / stencil call:  89
Stencil computations:  5371238400
Bytes transferred:     86400000000
Total Flops:           478040217600
Seconds elapsed:       6.927488
Performance in GFlop/s:     69.006285
Bandwidth utilization: 12.472053 GB/s
16587594776.000000
Validation OK.
tuned params: 3000 3000 2992 300 1 3 
Flops / stencil call:  89
Stencil computations:  5371238400
Bytes transferred:     86400000000
Total Flops:           478040217600
Seconds elapsed:       7.050048
Performance in GFlop/s:     67.806660
Bandwidth utilization: 12.255236 GB/s
16881059728.000000
Validation OK.
tuned params: 3000 3000 2992 300 1 3 
Flops / stencil call:  89
Stencil computations:  5371238400
Bytes transferred:     86400000000
Total Flops:           478040217600
Seconds elapsed:       7.080390
Performance in GFlop/s:     67.516086
Bandwidth utilization: 12.202718 GB/s
16953712356.000000
Validation OK.
tuned params: 3000 3000 2992 300 1 3 
Flops / stencil call:  89
Stencil computations:  5371238400
Bytes transferred:     86400000000
Total Flops:           478040217600
Seconds elapsed:       6.892848
Performance in GFlop/s:     69.353077
Bandwidth utilization: 12.534732 GB/s
16504654092.000000
Validation OK.
tuned params: 3000 3000 2992 300 1 3 
Flops / stencil call:  89
Stencil computations:  5371238400
Bytes transferred:     86400000000
Total Flops:           478040217600
Seconds elapsed:       6.888202
Performance in GFlop/s:     69.399855
Bandwidth utilization: 12.543186 GB/s
16493526464.000000
Validation OK.
tuned params: 3000 3000 2992 300 1 3 
Flops / stencil call:  89
Stencil computations:  5371238400
Bytes transferred:     86400000000
Total Flops:           478040217600
Seconds elapsed:       6.986847
Performance in GFlop/s:     68.420022
Bandwidth utilization: 12.366093 GB/s
16729731820.000000
Validation OK.
tuned params: 3000 3000 2992 300 1 3 
Flops / stencil call:  89
Stencil computations:  5371238400
Bytes transferred:     86400000000
Total Flops:           478040217600
Seconds elapsed:       6.889481
Performance in GFlop/s:     69.386970
Bandwidth utilization: 12.540857 GB/s
16496590032.000000
Validation OK.
tuned params: 3000 3000 2992 300 1 3 
Flops / stencil call:  89
Stencil computations:  5371238400
Bytes transferred:     86400000000
Total Flops:           478040217600
Seconds elapsed:       6.918344
Performance in GFlop/s:     69.097492
Bandwidth utilization: 12.488538 GB/s
16565702640.000000
Validation OK.
tuned params: 3000 3000 2992 300 1 3 
Flops / stencil call:  89
Stencil computations:  5371238400
Bytes transferred:     86400000000
Total Flops:           478040217600
Seconds elapsed:       7.076586
Performance in GFlop/s:     67.552379
Bandwidth utilization: 12.209277 GB/s
16944604460.000000
Validation OK.
tuned params: 3000 3000 2992 300 1 3 
Flops / stencil call:  89
Stencil computations:  5371238400
Bytes transferred:     86400000000
Total Flops:           478040217600
Seconds elapsed:       6.936452
Performance in GFlop/s:     68.917107
Bandwidth utilization: 12.455935 GB/s
16609061196.000000
Validation OK.
