tuned params: 3000 3000 2992 376 2 3 
Flops / stencil call:  89
Stencil computations:  5371238400
Bytes transferred:     86400000000
Total Flops:           478040217600
Seconds elapsed:       17.103795
Performance in GFlop/s:     27.949365
Bandwidth utilization: 5.051510 GB/s
40954372304.000000
Validation OK.
tuned params: 3000 3000 2992 376 2 3 
Flops / stencil call:  89
Stencil computations:  5371238400
Bytes transferred:     86400000000
Total Flops:           478040217600
Seconds elapsed:       17.098032
Performance in GFlop/s:     27.958786
Bandwidth utilization: 5.053213 GB/s
40940573032.000000
Validation OK.
tuned params: 3000 3000 2992 376 2 3 
Flops / stencil call:  89
Stencil computations:  5371238400
Bytes transferred:     86400000000
Total Flops:           478040217600
Seconds elapsed:       18.032461
Performance in GFlop/s:     26.509982
Bandwidth utilization: 4.791359 GB/s
43178028992.000000
Validation OK.
tuned params: 3000 3000 2992 376 2 3 
Flops / stencil call:  89
Stencil computations:  5371238400
Bytes transferred:     86400000000
Total Flops:           478040217600
Seconds elapsed:       17.128392
Performance in GFlop/s:     27.909229
Bandwidth utilization: 5.044256 GB/s
41013269660.000000
Validation OK.
tuned params: 3000 3000 2992 376 2 3 
Flops / stencil call:  89
Stencil computations:  5371238400
Bytes transferred:     86400000000
Total Flops:           478040217600
Seconds elapsed:       18.105373
Performance in GFlop/s:     26.403224
Bandwidth utilization: 4.772064 GB/s
43352613348.000000
Validation OK.
tuned params: 3000 3000 2992 376 2 3 
Flops / stencil call:  89
Stencil computations:  5371238400
Bytes transferred:     86400000000
Total Flops:           478040217600
Seconds elapsed:       17.318296
Performance in GFlop/s:     27.603190
Bandwidth utilization: 4.988943 GB/s
41467987412.000000
Validation OK.
tuned params: 3000 3000 2992 376 2 3 
Flops / stencil call:  89
Stencil computations:  5371238400
Bytes transferred:     86400000000
Total Flops:           478040217600
Seconds elapsed:       17.129913
Performance in GFlop/s:     27.906751
Bandwidth utilization: 5.043808 GB/s
41016909796.000000
Validation OK.
tuned params: 3000 3000 2992 376 2 3 
Flops / stencil call:  89
Stencil computations:  5371238400
Bytes transferred:     86400000000
Total Flops:           478040217600
Seconds elapsed:       17.104230
Performance in GFlop/s:     27.948655
Bandwidth utilization: 5.051382 GB/s
40955413760.000000
Validation OK.
tuned params: 3000 3000 2992 376 2 3 
Flops / stencil call:  89
Stencil computations:  5371238400
Bytes transferred:     86400000000
Total Flops:           478040217600
Seconds elapsed:       17.109464
Performance in GFlop/s:     27.940105
Bandwidth utilization: 5.049837 GB/s
40967946900.000000
Validation OK.
tuned params: 3000 3000 2992 376 2 3 
Flops / stencil call:  89
Stencil computations:  5371238400
Bytes transferred:     86400000000
Total Flops:           478040217600
Seconds elapsed:       17.141880
Performance in GFlop/s:     27.887269
Bandwidth utilization: 5.040287 GB/s
41045567244.000000
Validation OK.
