tuned params: 3000 3000 2992 300 1 3 
Flops / stencil call:  89
Stencil computations:  5371238400
Bytes transferred:     86400000000
Total Flops:           478040217600
Seconds elapsed:       6.880108
Performance in GFlop/s:     69.481500
Bandwidth utilization: 12.557943 GB/s
16474147396.000000
Validation OK.
tuned params: 3000 3000 2992 300 1 3 
Flops / stencil call:  89
Stencil computations:  5371238400
Bytes transferred:     86400000000
Total Flops:           478040217600
Seconds elapsed:       6.992453
Performance in GFlop/s:     68.365166
Bandwidth utilization: 12.356179 GB/s
16743152172.000000
Validation OK.
tuned params: 3000 3000 2992 300 1 3 
Flops / stencil call:  89
Stencil computations:  5371238400
Bytes transferred:     86400000000
Total Flops:           478040217600
Seconds elapsed:       6.884169
Performance in GFlop/s:     69.440511
Bandwidth utilization: 12.550534 GB/s
16483870748.000000
Validation OK.
tuned params: 3000 3000 2992 300 1 3 
Flops / stencil call:  89
Stencil computations:  5371238400
Bytes transferred:     86400000000
Total Flops:           478040217600
Seconds elapsed:       7.023467
Performance in GFlop/s:     68.063282
Bandwidth utilization: 12.301617 GB/s
16817416812.000000
Validation OK.
tuned params: 3000 3000 2992 300 1 3 
Flops / stencil call:  89
Stencil computations:  5371238400
Bytes transferred:     86400000000
Total Flops:           478040217600
Seconds elapsed:       6.895132
Performance in GFlop/s:     69.330106
Bandwidth utilization: 12.530580 GB/s
16510122004.000000
Validation OK.
tuned params: 3000 3000 2992 300 1 3 
Flops / stencil call:  89
Stencil computations:  5371238400
Bytes transferred:     86400000000
Total Flops:           478040217600
Seconds elapsed:       6.895829
Performance in GFlop/s:     69.323097
Bandwidth utilization: 12.529313 GB/s
16511791624.000000
Validation OK.
tuned params: 3000 3000 2992 300 1 3 
Flops / stencil call:  89
Stencil computations:  5371238400
Bytes transferred:     86400000000
Total Flops:           478040217600
Seconds elapsed:       6.886327
Performance in GFlop/s:     69.418750
Bandwidth utilization: 12.546601 GB/s
16489039744.000000
Validation OK.
tuned params: 3000 3000 2992 300 1 3 
Flops / stencil call:  89
Stencil computations:  5371238400
Bytes transferred:     86400000000
Total Flops:           478040217600
Seconds elapsed:       6.889376
Performance in GFlop/s:     69.388029
Bandwidth utilization: 12.541049 GB/s
16496339780.000000
Validation OK.
tuned params: 3000 3000 2992 300 1 3 
Flops / stencil call:  89
Stencil computations:  5371238400
Bytes transferred:     86400000000
Total Flops:           478040217600
Seconds elapsed:       6.970307
Performance in GFlop/s:     68.582375
Bandwidth utilization: 12.395437 GB/s
16690125852.000000
Validation OK.
tuned params: 3000 3000 2992 300 1 3 
Flops / stencil call:  89
Stencil computations:  5371238400
Bytes transferred:     86400000000
Total Flops:           478040217600
Seconds elapsed:       7.201309
Performance in GFlop/s:     66.382406
Bandwidth utilization: 11.997819 GB/s
17243250120.000000
Validation OK.
