tuned params: 3000 3000 2992 376 2 3 
Flops / stencil call:  89
Stencil computations:  223801600
Bytes transferred:     3600000000
Total Flops:           19918342400
Seconds elapsed:       0.713226
Performance in GFlop/s:     27.927109
Bandwidth utilization: 5.047488 GB/s
1707786532.000000
Validation OK.
tuned params: 3000 3000 2992 376 2 3 
Flops / stencil call:  89
Stencil computations:  223801600
Bytes transferred:     3600000000
Total Flops:           19918342400
Seconds elapsed:       0.712742
Performance in GFlop/s:     27.946073
Bandwidth utilization: 5.050915 GB/s
1706628484.000000
Validation OK.
tuned params: 3000 3000 2992 376 2 3 
Flops / stencil call:  89
Stencil computations:  223801600
Bytes transferred:     3600000000
Total Flops:           19918342400
Seconds elapsed:       0.712863
Performance in GFlop/s:     27.941334
Bandwidth utilization: 5.050059 GB/s
1706915932.000000
Validation OK.
tuned params: 3000 3000 2992 376 2 3 
Flops / stencil call:  89
Stencil computations:  223801600
Bytes transferred:     3600000000
Total Flops:           19918342400
Seconds elapsed:       0.712828
Performance in GFlop/s:     27.942708
Bandwidth utilization: 5.050307 GB/s
1706833504.000000
Validation OK.
tuned params: 3000 3000 2992 376 2 3 
Flops / stencil call:  89
Stencil computations:  223801600
Bytes transferred:     3600000000
Total Flops:           19918342400
Seconds elapsed:       0.714943
Performance in GFlop/s:     27.860036
Bandwidth utilization: 5.035365 GB/s
1711897888.000000
Validation OK.
tuned params: 3000 3000 2992 376 2 3 
Flops / stencil call:  89
Stencil computations:  223801600
Bytes transferred:     3600000000
Total Flops:           19918342400
Seconds elapsed:       0.713000
Performance in GFlop/s:     27.935962
Bandwidth utilization: 5.049088 GB/s
1707244752.000000
Validation OK.
tuned params: 3000 3000 2992 376 2 3 
Flops / stencil call:  89
Stencil computations:  223801600
Bytes transferred:     3600000000
Total Flops:           19918342400
Seconds elapsed:       0.712818
Performance in GFlop/s:     27.943091
Bandwidth utilization: 5.050376 GB/s
1706809004.000000
Validation OK.
tuned params: 3000 3000 2992 376 2 3 
Flops / stencil call:  89
Stencil computations:  223801600
Bytes transferred:     3600000000
Total Flops:           19918342400
Seconds elapsed:       0.712512
Performance in GFlop/s:     27.955097
Bandwidth utilization: 5.052546 GB/s
1706078700.000000
Validation OK.
tuned params: 3000 3000 2992 376 2 3 
Flops / stencil call:  89
Stencil computations:  223801600
Bytes transferred:     3600000000
Total Flops:           19918342400
Seconds elapsed:       0.712745
Performance in GFlop/s:     27.945951
Bandwidth utilization: 5.050893 GB/s
1706633852.000000
Validation OK.
tuned params: 3000 3000 2992 376 2 3 
Flops / stencil call:  89
Stencil computations:  223801600
Bytes transferred:     3600000000
Total Flops:           19918342400
Seconds elapsed:       0.712996
Performance in GFlop/s:     27.936121
Bandwidth utilization: 5.049117 GB/s
1707234940.000000
Validation OK.
