tuned params: 500 500 492 84 1 3 
Flops / stencil call:  89
Stencil computations:  6051600
Bytes transferred:     100000000
Total Flops:           538592400
Seconds elapsed:       0.013558
Performance in GFlop/s:     39.725324
Bandwidth utilization: 7.375768 GB/s
32464424.000000
Validation OK.
tuned params: 500 500 492 84 1 3 
Flops / stencil call:  89
Stencil computations:  6051600
Bytes transferred:     100000000
Total Flops:           538592400
Seconds elapsed:       0.013558
Performance in GFlop/s:     39.725324
Bandwidth utilization: 7.375768 GB/s
32462888.000000
Validation OK.
tuned params: 500 500 492 84 1 3 
Flops / stencil call:  89
Stencil computations:  6051600
Bytes transferred:     100000000
Total Flops:           538592400
Seconds elapsed:       0.013547
Performance in GFlop/s:     39.757484
Bandwidth utilization: 7.381739 GB/s
32436828.000000
Validation OK.
tuned params: 500 500 492 84 1 3 
Flops / stencil call:  89
Stencil computations:  6051600
Bytes transferred:     100000000
Total Flops:           538592400
Seconds elapsed:       0.013547
Performance in GFlop/s:     39.757484
Bandwidth utilization: 7.381739 GB/s
32438892.000000
Validation OK.
tuned params: 500 500 492 84 1 3 
Flops / stencil call:  89
Stencil computations:  6051600
Bytes transferred:     100000000
Total Flops:           538592400
Seconds elapsed:       0.013566
Performance in GFlop/s:     39.701586
Bandwidth utilization: 7.371360 GB/s
32482176.000000
Validation OK.
tuned params: 500 500 492 84 1 3 
Flops / stencil call:  89
Stencil computations:  6051600
Bytes transferred:     100000000
Total Flops:           538592400
Seconds elapsed:       0.013539
Performance in GFlop/s:     39.780588
Bandwidth utilization: 7.386028 GB/s
32418168.000000
Validation OK.
tuned params: 500 500 492 84 1 3 
Flops / stencil call:  89
Stencil computations:  6051600
Bytes transferred:     100000000
Total Flops:           538592400
Seconds elapsed:       0.013524
Performance in GFlop/s:     39.824770
Bandwidth utilization: 7.394232 GB/s
32382552.000000
Validation OK.
tuned params: 500 500 492 84 1 3 
Flops / stencil call:  89
Stencil computations:  6051600
Bytes transferred:     100000000
Total Flops:           538592400
Seconds elapsed:       0.013543
Performance in GFlop/s:     39.769383
Bandwidth utilization: 7.383948 GB/s
32427500.000000
Validation OK.
tuned params: 500 500 492 84 1 3 
Flops / stencil call:  89
Stencil computations:  6051600
Bytes transferred:     100000000
Total Flops:           538592400
Seconds elapsed:       0.013576
Performance in GFlop/s:     39.672303
Bandwidth utilization: 7.365923 GB/s
32505084.000000
Validation OK.
tuned params: 500 500 492 84 1 3 
Flops / stencil call:  89
Stencil computations:  6051600
Bytes transferred:     100000000
Total Flops:           538592400
Seconds elapsed:       0.013553
Performance in GFlop/s:     39.739300
Bandwidth utilization: 7.378363 GB/s
32451412.000000
Validation OK.
