tuned params: 3000 3000 2998 192 1 1 
Flops / stencil call:  11
Stencil computations:  8988004000
Bytes transferred:     144000000000
Total Flops:           98868044000
Seconds elapsed:       2.899629
Performance in GFlop/s:     34.096790
Bandwidth utilization: 49.661524 GB/s
6379440428.000000
Validation OK.
tuned params: 3000 3000 2998 192 1 1 
Flops / stencil call:  11
Stencil computations:  8988004000
Bytes transferred:     144000000000
Total Flops:           98868044000
Seconds elapsed:       2.816816
Performance in GFlop/s:     35.099222
Bandwidth utilization: 51.121553 GB/s
6197246444.000000
Validation OK.
tuned params: 3000 3000 2998 192 1 1 
Flops / stencil call:  11
Stencil computations:  8988004000
Bytes transferred:     144000000000
Total Flops:           98868044000
Seconds elapsed:       2.813781
Performance in GFlop/s:     35.137078
Bandwidth utilization: 51.176690 GB/s
6190571532.000000
Validation OK.
tuned params: 3000 3000 2998 192 1 1 
Flops / stencil call:  11
Stencil computations:  8988004000
Bytes transferred:     144000000000
Total Flops:           98868044000
Seconds elapsed:       2.990305
Performance in GFlop/s:     33.062863
Bandwidth utilization: 48.155624 GB/s
6578939292.000000
Validation OK.
tuned params: 3000 3000 2998 192 1 1 
Flops / stencil call:  11
Stencil computations:  8988004000
Bytes transferred:     144000000000
Total Flops:           98868044000
Seconds elapsed:       3.018246
Performance in GFlop/s:     32.756789
Bandwidth utilization: 47.709830 GB/s
6640408468.000000
Validation OK.
tuned params: 3000 3000 2998 192 1 1 
Flops / stencil call:  11
Stencil computations:  8988004000
Bytes transferred:     144000000000
Total Flops:           98868044000
Seconds elapsed:       2.916936
Performance in GFlop/s:     33.894486
Bandwidth utilization: 49.366871 GB/s
6417519384.000000
Validation OK.
tuned params: 3000 3000 2998 192 1 1 
Flops / stencil call:  11
Stencil computations:  8988004000
Bytes transferred:     144000000000
Total Flops:           98868044000
Seconds elapsed:       2.770954
Performance in GFlop/s:     35.680148
Bandwidth utilization: 51.967664 GB/s
6096347240.000000
Validation OK.
tuned params: 3000 3000 2998 192 1 1 
Flops / stencil call:  11
Stencil computations:  8988004000
Bytes transferred:     144000000000
Total Flops:           98868044000
Seconds elapsed:       2.827160
Performance in GFlop/s:     34.970800
Bandwidth utilization: 50.934509 GB/s
6220002572.000000
Validation OK.
tuned params: 3000 3000 2998 192 1 1 
Flops / stencil call:  11
Stencil computations:  8988004000
Bytes transferred:     144000000000
Total Flops:           98868044000
Seconds elapsed:       2.806215
Performance in GFlop/s:     35.231813
Bandwidth utilization: 51.314670 GB/s
6173922840.000000
Validation OK.
tuned params: 3000 3000 2998 192 1 1 
Flops / stencil call:  11
Stencil computations:  8988004000
Bytes transferred:     144000000000
Total Flops:           98868044000
Seconds elapsed:       2.829702
Performance in GFlop/s:     34.939382
Bandwidth utilization: 50.888748 GB/s
6225595424.000000
Validation OK.
