tuned params: 3000 3000 2998 376 2 1 
Flops / stencil call:  11
Stencil computations:  8988004000
Bytes transferred:     144000000000
Total Flops:           98868044000
Seconds elapsed:       4.772464
Performance in GFlop/s:     20.716352
Bandwidth utilization: 30.173093 GB/s
10499870088.000000
Validation OK.
tuned params: 3000 3000 2998 376 2 1 
Flops / stencil call:  11
Stencil computations:  8988004000
Bytes transferred:     144000000000
Total Flops:           98868044000
Seconds elapsed:       4.766620
Performance in GFlop/s:     20.741750
Bandwidth utilization: 30.210085 GB/s
10487012972.000000
Validation OK.
tuned params: 3000 3000 2998 376 2 1 
Flops / stencil call:  11
Stencil computations:  8988004000
Bytes transferred:     144000000000
Total Flops:           98868044000
Seconds elapsed:       4.818728
Performance in GFlop/s:     20.517457
Bandwidth utilization: 29.883405 GB/s
10601657016.000000
Validation OK.
tuned params: 3000 3000 2998 376 2 1 
Flops / stencil call:  11
Stencil computations:  8988004000
Bytes transferred:     144000000000
Total Flops:           98868044000
Seconds elapsed:       4.770821
Performance in GFlop/s:     20.723486
Bandwidth utilization: 30.183484 GB/s
10496257764.000000
Validation OK.
tuned params: 3000 3000 2998 376 2 1 
Flops / stencil call:  11
Stencil computations:  8988004000
Bytes transferred:     144000000000
Total Flops:           98868044000
Seconds elapsed:       4.790278
Performance in GFlop/s:     20.639313
Bandwidth utilization: 30.060886 GB/s
10539063352.000000
Validation OK.
tuned params: 3000 3000 2998 376 2 1 
Flops / stencil call:  11
Stencil computations:  8988004000
Bytes transferred:     144000000000
Total Flops:           98868044000
Seconds elapsed:       4.784148
Performance in GFlop/s:     20.665758
Bandwidth utilization: 30.099403 GB/s
10525576262.000000
Validation OK.
tuned params: 3000 3000 2998 376 2 1 
Flops / stencil call:  11
Stencil computations:  8988004000
Bytes transferred:     144000000000
Total Flops:           98868044000
Seconds elapsed:       4.768421
Performance in GFlop/s:     20.733916
Bandwidth utilization: 30.198675 GB/s
10490975396.000000
Validation OK.
tuned params: 3000 3000 2998 376 2 1 
Flops / stencil call:  11
Stencil computations:  8988004000
Bytes transferred:     144000000000
Total Flops:           98868044000
Seconds elapsed:       4.775944
Performance in GFlop/s:     20.701257
Bandwidth utilization: 30.151107 GB/s
10507528588.000000
Validation OK.
tuned params: 3000 3000 2998 376 2 1 
Flops / stencil call:  11
Stencil computations:  8988004000
Bytes transferred:     144000000000
Total Flops:           98868044000
Seconds elapsed:       4.747986
Performance in GFlop/s:     20.823154
Bandwidth utilization: 30.328648 GB/s
10446015724.000000
Validation OK.
tuned params: 3000 3000 2998 376 2 1 
Flops / stencil call:  11
Stencil computations:  8988004000
Bytes transferred:     144000000000
Total Flops:           98868044000
Seconds elapsed:       4.778747
Performance in GFlop/s:     20.689115
Bandwidth utilization: 30.133423 GB/s
10513693540.000000
Validation OK.
