tuned params: 3000 3000 2998 252 2 1 
Flops / stencil call:  11
Stencil computations:  8988004000
Bytes transferred:     144000000000
Total Flops:           98868044000
Seconds elapsed:       3.433736
Performance in GFlop/s:     28.793142
Bandwidth utilization: 41.936831 GB/s
7554540584.000000
Validation OK.
tuned params: 3000 3000 2998 252 2 1 
Flops / stencil call:  11
Stencil computations:  8988004000
Bytes transferred:     144000000000
Total Flops:           98868044000
Seconds elapsed:       3.489317
Performance in GFlop/s:     28.334496
Bandwidth utilization: 41.268819 GB/s
7676824516.000000
Validation OK.
tuned params: 3000 3000 2998 252 2 1 
Flops / stencil call:  11
Stencil computations:  8988004000
Bytes transferred:     144000000000
Total Flops:           98868044000
Seconds elapsed:       3.461180
Performance in GFlop/s:     28.564838
Bandwidth utilization: 41.604309 GB/s
7614920916.000000
Validation OK.
tuned params: 3000 3000 2998 252 2 1 
Flops / stencil call:  11
Stencil computations:  8988004000
Bytes transferred:     144000000000
Total Flops:           98868044000
Seconds elapsed:       3.474418
Performance in GFlop/s:     28.456002
Bandwidth utilization: 41.445791 GB/s
7644043148.000000
Validation OK.
tuned params: 3000 3000 2998 252 2 1 
Flops / stencil call:  11
Stencil computations:  8988004000
Bytes transferred:     144000000000
Total Flops:           98868044000
Seconds elapsed:       3.457497
Performance in GFlop/s:     28.595264
Bandwidth utilization: 41.648625 GB/s
7606814992.000000
Validation OK.
tuned params: 3000 3000 2998 252 2 1 
Flops / stencil call:  11
Stencil computations:  8988004000
Bytes transferred:     144000000000
Total Flops:           98868044000
Seconds elapsed:       3.449617
Performance in GFlop/s:     28.660587
Bandwidth utilization: 41.743766 GB/s
7589479544.000000
Validation OK.
tuned params: 3000 3000 2998 252 2 1 
Flops / stencil call:  11
Stencil computations:  8988004000
Bytes transferred:     144000000000
Total Flops:           98868044000
Seconds elapsed:       3.439963
Performance in GFlop/s:     28.741019
Bandwidth utilization: 41.860914 GB/s
7568240700.000000
Validation OK.
tuned params: 3000 3000 2998 252 2 1 
Flops / stencil call:  11
Stencil computations:  8988004000
Bytes transferred:     144000000000
Total Flops:           98868044000
Seconds elapsed:       3.440139
Performance in GFlop/s:     28.739551
Bandwidth utilization: 41.858776 GB/s
7568627796.000000
Validation OK.
tuned params: 3000 3000 2998 252 2 1 
Flops / stencil call:  11
Stencil computations:  8988004000
Bytes transferred:     144000000000
Total Flops:           98868044000
Seconds elapsed:       3.428017
Performance in GFlop/s:     28.841176
Bandwidth utilization: 42.006791 GB/s
7541957436.000000
Validation OK.
tuned params: 3000 3000 2998 252 2 1 
Flops / stencil call:  11
Stencil computations:  8988004000
Bytes transferred:     144000000000
Total Flops:           98868044000
Seconds elapsed:       3.458636
Performance in GFlop/s:     28.585848
Bandwidth utilization: 41.634910 GB/s
7609323644.000000
Validation OK.
