tuned params: 3000 3000 2998 80 4 1 
Flops / stencil call:  11
Stencil computations:  8988004000
Bytes transferred:     144000000000
Total Flops:           98868044000
Seconds elapsed:       18.204085
Performance in GFlop/s:     5.431091
Bandwidth utilization: 7.910312 GB/s
40050735452.000000
Validation OK.
tuned params: 3000 3000 2998 80 4 1 
Flops / stencil call:  11
Stencil computations:  8988004000
Bytes transferred:     144000000000
Total Flops:           98868044000
Seconds elapsed:       18.957496
Performance in GFlop/s:     5.215248
Bandwidth utilization: 7.595940 GB/s
41708312592.000000
Validation OK.
tuned params: 3000 3000 2998 80 4 1 
Flops / stencil call:  11
Stencil computations:  8988004000
Bytes transferred:     144000000000
Total Flops:           98868044000
Seconds elapsed:       18.199084
Performance in GFlop/s:     5.432584
Bandwidth utilization: 7.912486 GB/s
40039733340.000000
Validation OK.
tuned params: 3000 3000 2998 80 4 1 
Flops / stencil call:  11
Stencil computations:  8988004000
Bytes transferred:     144000000000
Total Flops:           98868044000
Seconds elapsed:       18.518732
Performance in GFlop/s:     5.338813
Bandwidth utilization: 7.775910 GB/s
40742989636.000000
Validation OK.
tuned params: 3000 3000 2998 80 4 1 
Flops / stencil call:  11
Stencil computations:  8988004000
Bytes transferred:     144000000000
Total Flops:           98868044000
Seconds elapsed:       18.133282
Performance in GFlop/s:     5.452297
Bandwidth utilization: 7.941199 GB/s
39894960704.000000
Validation OK.
tuned params: 3000 3000 2998 80 4 1 
Flops / stencil call:  11
Stencil computations:  8988004000
Bytes transferred:     144000000000
Total Flops:           98868044000
Seconds elapsed:       18.155829
Performance in GFlop/s:     5.445526
Bandwidth utilization: 7.931337 GB/s
39944568636.000000
Validation OK.
tuned params: 3000 3000 2998 80 4 1 
Flops / stencil call:  11
Stencil computations:  8988004000
Bytes transferred:     144000000000
Total Flops:           98868044000
Seconds elapsed:       18.136153
Performance in GFlop/s:     5.451434
Bandwidth utilization: 7.939942 GB/s
39901278308.000000
Validation OK.
tuned params: 3000 3000 2998 80 4 1 
Flops / stencil call:  11
Stencil computations:  8988004000
Bytes transferred:     144000000000
Total Flops:           98868044000
Seconds elapsed:       18.172237
Performance in GFlop/s:     5.440609
Bandwidth utilization: 7.924176 GB/s
39980666416.000000
Validation OK.
tuned params: 3000 3000 2998 80 4 1 
Flops / stencil call:  11
Stencil computations:  8988004000
Bytes transferred:     144000000000
Total Flops:           98868044000
Seconds elapsed:       18.130670
Performance in GFlop/s:     5.453083
Bandwidth utilization: 7.942343 GB/s
39889215224.000000
Validation OK.
tuned params: 3000 3000 2998 80 4 1 
Flops / stencil call:  11
Stencil computations:  8988004000
Bytes transferred:     144000000000
Total Flops:           98868044000
Seconds elapsed:       18.143922
Performance in GFlop/s:     5.449100
Bandwidth utilization: 7.936542 GB/s
39918369268.000000
Validation OK.
