tuned params: 3000 3000 2998 76 4 1 
Flops / stencil call:  11
Stencil computations:  224700100
Bytes transferred:     3600000000
Total Flops:           2471701100
Seconds elapsed:       0.076447
Performance in GFlop/s:     32.332315
Bandwidth utilization: 47.091590 GB/s
168182304.000000
Validation OK.
tuned params: 3000 3000 2998 76 4 1 
Flops / stencil call:  11
Stencil computations:  224700100
Bytes transferred:     3600000000
Total Flops:           2471701100
Seconds elapsed:       0.076474
Performance in GFlop/s:     32.320824
Bandwidth utilization: 47.074853 GB/s
168241492.000000
Validation OK.
tuned params: 3000 3000 2998 76 4 1 
Flops / stencil call:  11
Stencil computations:  224700100
Bytes transferred:     3600000000
Total Flops:           2471701100
Seconds elapsed:       0.075279
Performance in GFlop/s:     32.833874
Bandwidth utilization: 47.822103 GB/s
165614216.000000
Validation OK.
