tuned params: 500 500 498 52 1 1 
Flops / stencil call:  11
Stencil computations:  248004000
Bytes transferred:     4000000000
Total Flops:           2728044000
Seconds elapsed:       0.053582
Performance in GFlop/s:     50.913486
Bandwidth utilization: 74.652001 GB/s
117884672.000000
Validation OK.
tuned params: 500 500 498 52 1 1 
Flops / stencil call:  11
Stencil computations:  248004000
Bytes transferred:     4000000000
Total Flops:           2728044000
Seconds elapsed:       0.054506
Performance in GFlop/s:     50.050285
Bandwidth utilization: 73.386331 GB/s
119917048.000000
Validation OK.
tuned params: 500 500 498 52 1 1 
Flops / stencil call:  11
Stencil computations:  248004000
Bytes transferred:     4000000000
Total Flops:           2728044000
Seconds elapsed:       0.055074
Performance in GFlop/s:     49.534175
Bandwidth utilization: 72.629584 GB/s
121167036.000000
Validation OK.
tuned params: 500 500 498 52 1 1 
Flops / stencil call:  11
Stencil computations:  248004000
Bytes transferred:     4000000000
Total Flops:           2728044000
Seconds elapsed:       0.054611
Performance in GFlop/s:     49.954141
Bandwidth utilization: 73.245360 GB/s
120148028.000000
Validation OK.
tuned params: 500 500 498 52 1 1 
Flops / stencil call:  11
Stencil computations:  248004000
Bytes transferred:     4000000000
Total Flops:           2728044000
Seconds elapsed:       0.053900
Performance in GFlop/s:     50.613058
Bandwidth utilization: 74.211498 GB/s
118585828.000000
Validation OK.
tuned params: 500 500 498 52 1 1 
Flops / stencil call:  11
Stencil computations:  248004000
Bytes transferred:     4000000000
Total Flops:           2728044000
Seconds elapsed:       0.053822
Performance in GFlop/s:     50.686373
Bandwidth utilization: 74.318996 GB/s
118413024.000000
Validation OK.
tuned params: 500 500 498 52 1 1 
Flops / stencil call:  11
Stencil computations:  248004000
Bytes transferred:     4000000000
Total Flops:           2728044000
Seconds elapsed:       0.054009
Performance in GFlop/s:     50.510952
Bandwidth utilization: 74.061784 GB/s
118824504.000000
Validation OK.
tuned params: 500 500 498 52 1 1 
Flops / stencil call:  11
Stencil computations:  248004000
Bytes transferred:     4000000000
Total Flops:           2728044000
Seconds elapsed:       0.053876
Performance in GFlop/s:     50.635680
Bandwidth utilization: 74.244667 GB/s
118533420.000000
Validation OK.
tuned params: 500 500 498 52 1 1 
Flops / stencil call:  11
Stencil computations:  248004000
Bytes transferred:     4000000000
Total Flops:           2728044000
Seconds elapsed:       0.054009
Performance in GFlop/s:     50.510952
Bandwidth utilization: 74.061784 GB/s
118824108.000000
Validation OK.
tuned params: 500 500 498 52 1 1 
Flops / stencil call:  11
Stencil computations:  248004000
Bytes transferred:     4000000000
Total Flops:           2728044000
Seconds elapsed:       0.054213
Performance in GFlop/s:     50.320802
Bandwidth utilization: 73.782977 GB/s
119271664.000000
Validation OK.
