tuned params: 3000 3000 2998 376 1 3 
Flops / stencil call:  11
Stencil computations:  8988004000
Bytes transferred:     144000000000
Total Flops:           98868044000
Seconds elapsed:       3.100598
Performance in GFlop/s:     31.886768
Bandwidth utilization: 46.442656 GB/s
6821593164.000000
Validation OK.
tuned params: 3000 3000 2998 376 1 3 
Flops / stencil call:  11
Stencil computations:  8988004000
Bytes transferred:     144000000000
Total Flops:           98868044000
Seconds elapsed:       3.124902
Performance in GFlop/s:     31.638766
Bandwidth utilization: 46.081445 GB/s
6875066804.000000
Validation OK.
tuned params: 3000 3000 2998 376 1 3 
Flops / stencil call:  11
Stencil computations:  8988004000
Bytes transferred:     144000000000
Total Flops:           98868044000
Seconds elapsed:       3.108030
Performance in GFlop/s:     31.810517
Bandwidth utilization: 46.331598 GB/s
6837945924.000000
Validation OK.
tuned params: 3000 3000 2998 376 1 3 
Flops / stencil call:  11
Stencil computations:  8988004000
Bytes transferred:     144000000000
Total Flops:           98868044000
Seconds elapsed:       3.248507
Performance in GFlop/s:     30.434920
Bandwidth utilization: 44.328059 GB/s
7147009356.000000
Validation OK.
tuned params: 3000 3000 2998 376 1 3 
Flops / stencil call:  11
Stencil computations:  8988004000
Bytes transferred:     144000000000
Total Flops:           98868044000
Seconds elapsed:       3.514392
Performance in GFlop/s:     28.132333
Bandwidth utilization: 40.974372 GB/s
7731979436.000000
Validation OK.
tuned params: 3000 3000 2998 376 1 3 
Flops / stencil call:  11
Stencil computations:  8988004000
Bytes transferred:     144000000000
Total Flops:           98868044000
Seconds elapsed:       3.137761
Performance in GFlop/s:     31.509107
Bandwidth utilization: 45.892598 GB/s
6903359524.000000
Validation OK.
tuned params: 3000 3000 2998 376 1 3 
Flops / stencil call:  11
Stencil computations:  8988004000
Bytes transferred:     144000000000
Total Flops:           98868044000
Seconds elapsed:       3.147663
Performance in GFlop/s:     31.409983
Bandwidth utilization: 45.748225 GB/s
6925140872.000000
Validation OK.
tuned params: 3000 3000 2998 376 1 3 
Flops / stencil call:  11
Stencil computations:  8988004000
Bytes transferred:     144000000000
Total Flops:           98868044000
Seconds elapsed:       3.114910
Performance in GFlop/s:     31.740258
Bandwidth utilization: 46.229267 GB/s
6853083188.000000
Validation OK.
tuned params: 3000 3000 2998 376 1 3 
Flops / stencil call:  11
Stencil computations:  8988004000
Bytes transferred:     144000000000
Total Flops:           98868044000
Seconds elapsed:       3.156315
Performance in GFlop/s:     31.323885
Bandwidth utilization: 45.622825 GB/s
6944177984.000000
Validation OK.
tuned params: 3000 3000 2998 376 1 3 
Flops / stencil call:  11
Stencil computations:  8988004000
Bytes transferred:     144000000000
Total Flops:           98868044000
Seconds elapsed:       3.131693
Performance in GFlop/s:     31.570157
Bandwidth utilization: 45.981517 GB/s
6890008072.000000
Validation OK.
