tuned params: 500 500 498 52 1 1 
Flops / stencil call:  11
Stencil computations:  248004000
Bytes transferred:     4000000000
Total Flops:           2728044000
Seconds elapsed:       0.053692
Performance in GFlop/s:     50.809262
Bandwidth utilization: 74.499183 GB/s
118127504.000000
Validation OK.
tuned params: 500 500 498 52 1 1 
Flops / stencil call:  11
Stencil computations:  248004000
Bytes transferred:     4000000000
Total Flops:           2728044000
Seconds elapsed:       0.054039
Performance in GFlop/s:     50.482872
Bandwidth utilization: 74.020613 GB/s
118889472.000000
Validation OK.
tuned params: 500 500 498 52 1 1 
Flops / stencil call:  11
Stencil computations:  248004000
Bytes transferred:     4000000000
Total Flops:           2728044000
Seconds elapsed:       0.054038
Performance in GFlop/s:     50.483763
Bandwidth utilization: 74.021919 GB/s
118887644.000000
Validation OK.
tuned params: 500 500 498 52 1 1 
Flops / stencil call:  11
Stencil computations:  248004000
Bytes transferred:     4000000000
Total Flops:           2728044000
Seconds elapsed:       0.053750
Performance in GFlop/s:     50.754271
Bandwidth utilization: 74.418552 GB/s
118253664.000000
Validation OK.
tuned params: 500 500 498 52 1 1 
Flops / stencil call:  11
Stencil computations:  248004000
Bytes transferred:     4000000000
Total Flops:           2728044000
Seconds elapsed:       0.054010
Performance in GFlop/s:     50.510060
Bandwidth utilization: 74.060477 GB/s
118825268.000000
Validation OK.
tuned params: 500 500 498 52 1 1 
Flops / stencil call:  11
Stencil computations:  248004000
Bytes transferred:     4000000000
Total Flops:           2728044000
Seconds elapsed:       0.053669
Performance in GFlop/s:     50.830931
Bandwidth utilization: 74.530955 GB/s
118075332.000000
Validation OK.
tuned params: 500 500 498 52 1 1 
Flops / stencil call:  11
Stencil computations:  248004000
Bytes transferred:     4000000000
Total Flops:           2728044000
Seconds elapsed:       0.053768
Performance in GFlop/s:     50.737392
Bandwidth utilization: 74.393803 GB/s
118294016.000000
Validation OK.
tuned params: 500 500 498 52 1 1 
Flops / stencil call:  11
Stencil computations:  248004000
Bytes transferred:     4000000000
Total Flops:           2728044000
Seconds elapsed:       0.053675
Performance in GFlop/s:     50.825286
Bandwidth utilization: 74.522678 GB/s
118089912.000000
Validation OK.
tuned params: 500 500 498 52 1 1 
Flops / stencil call:  11
Stencil computations:  248004000
Bytes transferred:     4000000000
Total Flops:           2728044000
Seconds elapsed:       0.055305
Performance in GFlop/s:     49.327254
Bandwidth utilization: 72.326186 GB/s
121675296.000000
Validation OK.
tuned params: 500 500 498 52 1 1 
Flops / stencil call:  11
Stencil computations:  248004000
Bytes transferred:     4000000000
Total Flops:           2728044000
Seconds elapsed:       0.053723
Performance in GFlop/s:     50.779949
Bandwidth utilization: 74.456202 GB/s
118194316.000000
Validation OK.
