tuned params: 500 500 498 252 1 1 
Flops / stencil call:  11
Stencil computations:  6200100
Bytes transferred:     100000000
Total Flops:           68201100
Seconds elapsed:       0.005980
Performance in GFlop/s:     11.404838
Bandwidth utilization: 16.722367 GB/s
13155576.000000
Validation OK.
tuned params: 500 500 498 252 1 1 
Flops / stencil call:  11
Stencil computations:  6200100
Bytes transferred:     100000000
Total Flops:           68201100
Seconds elapsed:       0.005992
Performance in GFlop/s:     11.382148
Bandwidth utilization: 16.689098 GB/s
13181552.000000
Validation OK.
tuned params: 500 500 498 252 1 1 
Flops / stencil call:  11
Stencil computations:  6200100
Bytes transferred:     100000000
Total Flops:           68201100
Seconds elapsed:       0.006000
Performance in GFlop/s:     11.366771
Bandwidth utilization: 16.666550 GB/s
13200332.000000
Validation OK.
