tuned params: 500 500 498 52 1 1 
Flops / stencil call:  11
Stencil computations:  6200100
Bytes transferred:     100000000
Total Flops:           68201100
Seconds elapsed:       0.001375
Performance in GFlop/s:     49.602245
Bandwidth utilization: 72.729391 GB/s
3025968.000000
Validation OK.
tuned params: 500 500 498 52 1 1 
Flops / stencil call:  11
Stencil computations:  6200100
Bytes transferred:     100000000
Total Flops:           68201100
Seconds elapsed:       0.001412
Performance in GFlop/s:     48.303976
Bandwidth utilization: 70.825802 GB/s
3104936.000000
Validation OK.
tuned params: 500 500 498 52 1 1 
Flops / stencil call:  11
Stencil computations:  6200100
Bytes transferred:     100000000
Total Flops:           68201100
Seconds elapsed:       0.001384
Performance in GFlop/s:     49.277545
Bandwidth utilization: 72.253299 GB/s
3043428.000000
Validation OK.
tuned params: 500 500 498 52 1 1 
Flops / stencil call:  11
Stencil computations:  6200100
Bytes transferred:     100000000
Total Flops:           68201100
Seconds elapsed:       0.001355
Performance in GFlop/s:     50.326556
Bandwidth utilization: 73.791414 GB/s
2980484.000000
Validation OK.
tuned params: 500 500 498 52 1 1 
Flops / stencil call:  11
Stencil computations:  6200100
Bytes transferred:     100000000
Total Flops:           68201100
Seconds elapsed:       0.001358
Performance in GFlop/s:     50.220531
Bandwidth utilization: 73.635955 GB/s
2987512.000000
Validation OK.
tuned params: 500 500 498 52 1 1 
Flops / stencil call:  11
Stencil computations:  6200100
Bytes transferred:     100000000
Total Flops:           68201100
Seconds elapsed:       0.001367
Performance in GFlop/s:     49.887713
Bandwidth utilization: 73.147960 GB/s
3008824.000000
Validation OK.
tuned params: 500 500 498 52 1 1 
Flops / stencil call:  11
Stencil computations:  6200100
Bytes transferred:     100000000
Total Flops:           68201100
Seconds elapsed:       0.001364
Performance in GFlop/s:     50.001074
Bandwidth utilization: 73.314176 GB/s
3000584.000000
Validation OK.
tuned params: 500 500 498 52 1 1 
Flops / stencil call:  11
Stencil computations:  6200100
Bytes transferred:     100000000
Total Flops:           68201100
Seconds elapsed:       0.001374
Performance in GFlop/s:     49.636673
Bandwidth utilization: 72.779872 GB/s
3023748.000000
Validation OK.
tuned params: 500 500 498 52 1 1 
Flops / stencil call:  11
Stencil computations:  6200100
Bytes transferred:     100000000
Total Flops:           68201100
Seconds elapsed:       0.001362
Performance in GFlop/s:     50.071092
Bandwidth utilization: 73.416839 GB/s
2996712.000000
Validation OK.
tuned params: 500 500 498 52 1 1 
Flops / stencil call:  11
Stencil computations:  6200100
Bytes transferred:     100000000
Total Flops:           68201100
Seconds elapsed:       0.001378
Performance in GFlop/s:     49.499247
Bandwidth utilization: 72.578370 GB/s
3030412.000000
Validation OK.
