tuned params: 3000 3000 2998 156 2 1 
Flops / stencil call:  11
Stencil computations:  224700100
Bytes transferred:     3600000000
Total Flops:           2471701100
Seconds elapsed:       0.074403
Performance in GFlop/s:     33.220428
Bandwidth utilization: 48.385115 GB/s
163687980.000000
Validation OK.
tuned params: 3000 3000 2998 156 2 1 
Flops / stencil call:  11
Stencil computations:  224700100
Bytes transferred:     3600000000
Total Flops:           2471701100
Seconds elapsed:       0.074321
Performance in GFlop/s:     33.257088
Bandwidth utilization: 48.438510 GB/s
163506676.000000
Validation OK.
tuned params: 3000 3000 2998 156 2 1 
Flops / stencil call:  11
Stencil computations:  224700100
Bytes transferred:     3600000000
Total Flops:           2471701100
Seconds elapsed:       0.074475
Performance in GFlop/s:     33.188311
Bandwidth utilization: 48.338336 GB/s
163845344.000000
Validation OK.
tuned params: 3000 3000 2998 156 2 1 
Flops / stencil call:  11
Stencil computations:  224700100
Bytes transferred:     3600000000
Total Flops:           2471701100
Seconds elapsed:       0.075355
Performance in GFlop/s:     32.800735
Bandwidth utilization: 47.773837 GB/s
165779476.000000
Validation OK.
tuned params: 3000 3000 2998 156 2 1 
Flops / stencil call:  11
Stencil computations:  224700100
Bytes transferred:     3600000000
Total Flops:           2471701100
Seconds elapsed:       0.075461
Performance in GFlop/s:     32.754618
Bandwidth utilization: 47.706668 GB/s
166014632.000000
Validation OK.
tuned params: 3000 3000 2998 156 2 1 
Flops / stencil call:  11
Stencil computations:  224700100
Bytes transferred:     3600000000
Total Flops:           2471701100
Seconds elapsed:       0.075391
Performance in GFlop/s:     32.785071
Bandwidth utilization: 47.751024 GB/s
165860448.000000
Validation OK.
tuned params: 3000 3000 2998 156 2 1 
Flops / stencil call:  11
Stencil computations:  224700100
Bytes transferred:     3600000000
Total Flops:           2471701100
Seconds elapsed:       0.072669
Performance in GFlop/s:     34.013129
Bandwidth utilization: 49.539674 GB/s
159870644.000000
Validation OK.
tuned params: 3000 3000 2998 156 2 1 
Flops / stencil call:  11
Stencil computations:  224700100
Bytes transferred:     3600000000
Total Flops:           2471701100
Seconds elapsed:       0.076222
Performance in GFlop/s:     32.427583
Bandwidth utilization: 47.230346 GB/s
167690236.000000
Validation OK.
tuned params: 3000 3000 2998 156 2 1 
Flops / stencil call:  11
Stencil computations:  224700100
Bytes transferred:     3600000000
Total Flops:           2471701100
Seconds elapsed:       0.076972
Performance in GFlop/s:     32.111688
Bandwidth utilization: 46.770249 GB/s
169339488.000000
Validation OK.
tuned params: 3000 3000 2998 156 2 1 
Flops / stencil call:  11
Stencil computations:  224700100
Bytes transferred:     3600000000
Total Flops:           2471701100
Seconds elapsed:       0.074520
Performance in GFlop/s:     33.168348
Bandwidth utilization: 48.309261 GB/s
163945040.000000
Validation OK.
