tuned params: 500 500 498 16 2 1 
Flops / stencil call:  11
Stencil computations:  248004000
Bytes transferred:     4000000000
Total Flops:           2728044000
Seconds elapsed:       0.035136
Performance in GFlop/s:     77.642452
Bandwidth utilization: 113.843402 GB/s
77300072.000000
Validation OK.
tuned params: 500 500 498 16 2 1 
Flops / stencil call:  11
Stencil computations:  248004000
Bytes transferred:     4000000000
Total Flops:           2728044000
Seconds elapsed:       0.037756
Performance in GFlop/s:     72.254647
Bandwidth utilization: 105.943521 GB/s
83067164.000000
Validation OK.
tuned params: 500 500 498 16 2 1 
Flops / stencil call:  11
Stencil computations:  248004000
Bytes transferred:     4000000000
Total Flops:           2728044000
Seconds elapsed:       0.037689
Performance in GFlop/s:     72.383086
Bandwidth utilization: 106.131845 GB/s
82919104.000000
Validation OK.
tuned params: 500 500 498 16 2 1 
Flops / stencil call:  11
Stencil computations:  248004000
Bytes transferred:     4000000000
Total Flops:           2728044000
Seconds elapsed:       0.037556
Performance in GFlop/s:     72.639034
Bandwidth utilization: 106.507129 GB/s
82626076.000000
Validation OK.
tuned params: 500 500 498 16 2 1 
Flops / stencil call:  11
Stencil computations:  248004000
Bytes transferred:     4000000000
Total Flops:           2728044000
Seconds elapsed:       0.037608
Performance in GFlop/s:     72.539105
Bandwidth utilization: 106.360608 GB/s
82741520.000000
Validation OK.
tuned params: 500 500 498 16 2 1 
Flops / stencil call:  11
Stencil computations:  248004000
Bytes transferred:     4000000000
Total Flops:           2728044000
Seconds elapsed:       0.037437
Performance in GFlop/s:     72.870336
Bandwidth utilization: 106.846276 GB/s
82363128.000000
Validation OK.
tuned params: 500 500 498 16 2 1 
Flops / stencil call:  11
Stencil computations:  248004000
Bytes transferred:     4000000000
Total Flops:           2728044000
Seconds elapsed:       0.037645
Performance in GFlop/s:     72.467436
Bandwidth utilization: 106.255524 GB/s
82821504.000000
Validation OK.
tuned params: 500 500 498 16 2 1 
Flops / stencil call:  11
Stencil computations:  248004000
Bytes transferred:     4000000000
Total Flops:           2728044000
Seconds elapsed:       0.037916
Performance in GFlop/s:     71.949783
Bandwidth utilization: 105.496513 GB/s
83416888.000000
Validation OK.
tuned params: 500 500 498 16 2 1 
Flops / stencil call:  11
Stencil computations:  248004000
Bytes transferred:     4000000000
Total Flops:           2728044000
Seconds elapsed:       0.037695
Performance in GFlop/s:     72.371641
Bandwidth utilization: 106.115064 GB/s
82932348.000000
Validation OK.
tuned params: 500 500 498 16 2 1 
Flops / stencil call:  11
Stencil computations:  248004000
Bytes transferred:     4000000000
Total Flops:           2728044000
Seconds elapsed:       0.037524
Performance in GFlop/s:     72.701340
Bandwidth utilization: 106.598487 GB/s
82554200.000000
Validation OK.
