tuned params: 3000 3000 2998 252 2 1 
Flops / stencil call:  11
Stencil computations:  224700100
Bytes transferred:     3600000000
Total Flops:           2471701100
Seconds elapsed:       0.087192
Performance in GFlop/s:     28.347778
Bandwidth utilization: 41.288164 GB/s
191823620.000000
Validation OK.
tuned params: 3000 3000 2998 252 2 1 
Flops / stencil call:  11
Stencil computations:  224700100
Bytes transferred:     3600000000
Total Flops:           2471701100
Seconds elapsed:       0.087305
Performance in GFlop/s:     28.311084
Bandwidth utilization: 41.234719 GB/s
192071904.000000
Validation OK.
tuned params: 3000 3000 2998 252 2 1 
Flops / stencil call:  11
Stencil computations:  224700100
Bytes transferred:     3600000000
Total Flops:           2471701100
Seconds elapsed:       0.086445
Performance in GFlop/s:     28.592729
Bandwidth utilization: 41.644932 GB/s
190181128.000000
Validation OK.
