tuned params: 500 500 498 32 2 1 
Flops / stencil call:  11
Stencil computations:  248004000
Bytes transferred:     4000000000
Total Flops:           2728044000
Seconds elapsed:       0.065458
Performance in GFlop/s:     41.676213
Bandwidth utilization: 61.107831 GB/s
144013384.000000
Validation OK.
tuned params: 500 500 498 32 2 1 
Flops / stencil call:  11
Stencil computations:  248004000
Bytes transferred:     4000000000
Total Flops:           2728044000
Seconds elapsed:       0.065567
Performance in GFlop/s:     41.606956
Bandwidth utilization: 61.006283 GB/s
144253828.000000
Validation OK.
tuned params: 500 500 498 32 2 1 
Flops / stencil call:  11
Stencil computations:  248004000
Bytes transferred:     4000000000
Total Flops:           2728044000
Seconds elapsed:       0.065325
Performance in GFlop/s:     41.761088
Bandwidth utilization: 61.232280 GB/s
143719352.000000
Validation OK.
tuned params: 500 500 498 32 2 1 
Flops / stencil call:  11
Stencil computations:  248004000
Bytes transferred:     4000000000
Total Flops:           2728044000
Seconds elapsed:       0.064446
Performance in GFlop/s:     42.330714
Bandwidth utilization: 62.067494 GB/s
141785992.000000
Validation OK.
tuned params: 500 500 498 32 2 1 
Flops / stencil call:  11
Stencil computations:  248004000
Bytes transferred:     4000000000
Total Flops:           2728044000
Seconds elapsed:       0.065822
Performance in GFlop/s:     41.445700
Bandwidth utilization: 60.769840 GB/s
144812424.000000
Validation OK.
tuned params: 500 500 498 32 2 1 
Flops / stencil call:  11
Stencil computations:  248004000
Bytes transferred:     4000000000
Total Flops:           2728044000
Seconds elapsed:       0.064478
Performance in GFlop/s:     42.309583
Bandwidth utilization: 62.036511 GB/s
141856612.000000
Validation OK.
tuned params: 500 500 498 32 2 1 
Flops / stencil call:  11
Stencil computations:  248004000
Bytes transferred:     4000000000
Total Flops:           2728044000
Seconds elapsed:       0.065104
Performance in GFlop/s:     41.903012
Bandwidth utilization: 61.440375 GB/s
143233840.000000
Validation OK.
tuned params: 500 500 498 32 2 1 
Flops / stencil call:  11
Stencil computations:  248004000
Bytes transferred:     4000000000
Total Flops:           2728044000
Seconds elapsed:       0.065487
Performance in GFlop/s:     41.657853
Bandwidth utilization: 61.080911 GB/s
144075868.000000
Validation OK.
tuned params: 500 500 498 32 2 1 
Flops / stencil call:  11
Stencil computations:  248004000
Bytes transferred:     4000000000
Total Flops:           2728044000
Seconds elapsed:       0.063790
Performance in GFlop/s:     42.765958
Bandwidth utilization: 62.705672 GB/s
140342644.000000
Validation OK.
tuned params: 500 500 498 32 2 1 
Flops / stencil call:  11
Stencil computations:  248004000
Bytes transferred:     4000000000
Total Flops:           2728044000
Seconds elapsed:       0.064699
Performance in GFlop/s:     42.165207
Bandwidth utilization: 61.824820 GB/s
142342572.000000
Validation OK.
