tuned params: 3000 3000 2998 156 1 3 
Flops / stencil call:  11
Stencil computations:  224700100
Bytes transferred:     3600000000
Total Flops:           2471701100
Seconds elapsed:       0.080715
Performance in GFlop/s:     30.622597
Bandwidth utilization: 44.601408 GB/s
177573568.000000
Validation OK.
tuned params: 3000 3000 2998 156 1 3 
Flops / stencil call:  11
Stencil computations:  224700100
Bytes transferred:     3600000000
Total Flops:           2471701100
Seconds elapsed:       0.081011
Performance in GFlop/s:     30.510664
Bandwidth utilization: 44.438378 GB/s
178223380.000000
Validation OK.
tuned params: 3000 3000 2998 156 1 3 
Flops / stencil call:  11
Stencil computations:  224700100
Bytes transferred:     3600000000
Total Flops:           2471701100
Seconds elapsed:       0.079552
Performance in GFlop/s:     31.070283
Bandwidth utilization: 45.253456 GB/s
175014304.000000
Validation OK.
tuned params: 3000 3000 2998 156 1 3 
Flops / stencil call:  11
Stencil computations:  224700100
Bytes transferred:     3600000000
Total Flops:           2471701100
Seconds elapsed:       0.082902
Performance in GFlop/s:     29.814751
Bandwidth utilization: 43.424790 GB/s
182383984.000000
Validation OK.
tuned params: 3000 3000 2998 156 1 3 
Flops / stencil call:  11
Stencil computations:  224700100
Bytes transferred:     3600000000
Total Flops:           2471701100
Seconds elapsed:       0.081446
Performance in GFlop/s:     30.347754
Bandwidth utilization: 44.201102 GB/s
179179672.000000
Validation OK.
tuned params: 3000 3000 2998 156 1 3 
Flops / stencil call:  11
Stencil computations:  224700100
Bytes transferred:     3600000000
Total Flops:           2471701100
Seconds elapsed:       0.079286
Performance in GFlop/s:     31.174551
Bandwidth utilization: 45.405322 GB/s
174429388.000000
Validation OK.
tuned params: 3000 3000 2998 156 1 3 
Flops / stencil call:  11
Stencil computations:  224700100
Bytes transferred:     3600000000
Total Flops:           2471701100
Seconds elapsed:       0.081375
Performance in GFlop/s:     30.374162
Bandwidth utilization: 44.239565 GB/s
179025520.000000
Validation OK.
tuned params: 3000 3000 2998 156 1 3 
Flops / stencil call:  11
Stencil computations:  224700100
Bytes transferred:     3600000000
Total Flops:           2471701100
Seconds elapsed:       0.081443
Performance in GFlop/s:     30.348820
Bandwidth utilization: 44.202655 GB/s
179175540.000000
Validation OK.
tuned params: 3000 3000 2998 156 1 3 
Flops / stencil call:  11
Stencil computations:  224700100
Bytes transferred:     3600000000
Total Flops:           2471701100
Seconds elapsed:       0.080755
Performance in GFlop/s:     30.607408
Bandwidth utilization: 44.579286 GB/s
177659848.000000
Validation OK.
tuned params: 3000 3000 2998 156 1 3 
Flops / stencil call:  11
Stencil computations:  224700100
Bytes transferred:     3600000000
Total Flops:           2471701100
Seconds elapsed:       0.078867
Performance in GFlop/s:     31.340135
Bandwidth utilization: 45.646492 GB/s
173506120.000000
Validation OK.
