tuned params: 500 500 498 64 2 1 
Flops / stencil call:  11
Stencil computations:  248004000
Bytes transferred:     4000000000
Total Flops:           2728044000
Seconds elapsed:       0.123551
Performance in GFlop/s:     22.080284
Bandwidth utilization: 32.375260 GB/s
271821540.000000
Validation OK.
tuned params: 500 500 498 64 2 1 
Flops / stencil call:  11
Stencil computations:  248004000
Bytes transferred:     4000000000
Total Flops:           2728044000
Seconds elapsed:       0.123777
Performance in GFlop/s:     22.040007
Bandwidth utilization: 32.316204 GB/s
272320484.000000
Validation OK.
tuned params: 500 500 498 64 2 1 
Flops / stencil call:  11
Stencil computations:  248004000
Bytes transferred:     4000000000
Total Flops:           2728044000
Seconds elapsed:       0.124647
Performance in GFlop/s:     21.886176
Bandwidth utilization: 32.090649 GB/s
274233552.000000
Validation OK.
tuned params: 500 500 498 64 2 1 
Flops / stencil call:  11
Stencil computations:  248004000
Bytes transferred:     4000000000
Total Flops:           2728044000
Seconds elapsed:       0.123952
Performance in GFlop/s:     22.008848
Bandwidth utilization: 32.270517 GB/s
272703816.000000
Validation OK.
tuned params: 500 500 498 64 2 1 
Flops / stencil call:  11
Stencil computations:  248004000
Bytes transferred:     4000000000
Total Flops:           2728044000
Seconds elapsed:       0.125022
Performance in GFlop/s:     21.820523
Bandwidth utilization: 31.994386 GB/s
275059480.000000
Validation OK.
tuned params: 500 500 498 64 2 1 
Flops / stencil call:  11
Stencil computations:  248004000
Bytes transferred:     4000000000
Total Flops:           2728044000
Seconds elapsed:       0.124916
Performance in GFlop/s:     21.839014
Bandwidth utilization: 32.021499 GB/s
274825316.000000
Validation OK.
tuned params: 500 500 498 64 2 1 
Flops / stencil call:  11
Stencil computations:  248004000
Bytes transferred:     4000000000
Total Flops:           2728044000
Seconds elapsed:       0.123752
Performance in GFlop/s:     22.044423
Bandwidth utilization: 32.322679 GB/s
272263500.000000
Validation OK.
tuned params: 500 500 498 64 2 1 
Flops / stencil call:  11
Stencil computations:  248004000
Bytes transferred:     4000000000
Total Flops:           2728044000
Seconds elapsed:       0.123565
Performance in GFlop/s:     22.077813
Bandwidth utilization: 32.371637 GB/s
271852620.000000
Validation OK.
tuned params: 500 500 498 64 2 1 
Flops / stencil call:  11
Stencil computations:  248004000
Bytes transferred:     4000000000
Total Flops:           2728044000
Seconds elapsed:       0.124875
Performance in GFlop/s:     21.846228
Bandwidth utilization: 32.032076 GB/s
274736616.000000
Validation OK.
tuned params: 500 500 498 64 2 1 
Flops / stencil call:  11
Stencil computations:  248004000
Bytes transferred:     4000000000
Total Flops:           2728044000
Seconds elapsed:       0.126281
Performance in GFlop/s:     21.602961
Bandwidth utilization: 31.675385 GB/s
277828224.000000
Validation OK.
