tuned params: 500 500 498 84 1 1 
Flops / stencil call:  11
Stencil computations:  6200100
Bytes transferred:     100000000
Total Flops:           68201100
Seconds elapsed:       0.002100
Performance in GFlop/s:     32.476856
Bandwidth utilization: 47.619255 GB/s
4618544.000000
Validation OK.
tuned params: 500 500 498 84 1 1 
Flops / stencil call:  11
Stencil computations:  6200100
Bytes transferred:     100000000
Total Flops:           68201100
Seconds elapsed:       0.002114
Performance in GFlop/s:     32.260759
Bandwidth utilization: 47.302402 GB/s
4651492.000000
Validation OK.
tuned params: 500 500 498 84 1 1 
Flops / stencil call:  11
Stencil computations:  6200100
Bytes transferred:     100000000
Total Flops:           68201100
Seconds elapsed:       0.002082
Performance in GFlop/s:     32.755771
Bandwidth utilization: 48.028215 GB/s
4579844.000000
Validation OK.
