tuned params: 500 500 498 84 1 1 
Flops / stencil call:  11
Stencil computations:  6200100
Bytes transferred:     100000000
Total Flops:           68201100
Seconds elapsed:       0.002072
Performance in GFlop/s:     32.914066
Bandwidth utilization: 48.260315 GB/s
4558548.000000
Validation OK.
tuned params: 500 500 498 84 1 1 
Flops / stencil call:  11
Stencil computations:  6200100
Bytes transferred:     100000000
Total Flops:           68201100
Seconds elapsed:       0.002108
Performance in GFlop/s:     32.351973
Bandwidth utilization: 47.436146 GB/s
4639212.000000
Validation OK.
tuned params: 500 500 498 84 1 1 
Flops / stencil call:  11
Stencil computations:  6200100
Bytes transferred:     100000000
Total Flops:           68201100
Seconds elapsed:       0.002078
Performance in GFlop/s:     32.819659
Bandwidth utilization: 48.121891 GB/s
4570332.000000
Validation OK.
tuned params: 500 500 498 84 1 1 
Flops / stencil call:  11
Stencil computations:  6200100
Bytes transferred:     100000000
Total Flops:           68201100
Seconds elapsed:       0.002090
Performance in GFlop/s:     32.628738
Bandwidth utilization: 47.841953 GB/s
4597568.000000
Validation OK.
tuned params: 500 500 498 84 1 1 
Flops / stencil call:  11
Stencil computations:  6200100
Bytes transferred:     100000000
Total Flops:           68201100
Seconds elapsed:       0.002123
Performance in GFlop/s:     32.123093
Bandwidth utilization: 47.100550 GB/s
4669816.000000
Validation OK.
tuned params: 500 500 498 84 1 1 
Flops / stencil call:  11
Stencil computations:  6200100
Bytes transferred:     100000000
Total Flops:           68201100
Seconds elapsed:       0.002084
Performance in GFlop/s:     32.725792
Bandwidth utilization: 47.984258 GB/s
4582664.000000
Validation OK.
tuned params: 500 500 498 84 1 1 
Flops / stencil call:  11
Stencil computations:  6200100
Bytes transferred:     100000000
Total Flops:           68201100
Seconds elapsed:       0.002070
Performance in GFlop/s:     32.948186
Bandwidth utilization: 48.310343 GB/s
4552116.000000
Validation OK.
tuned params: 500 500 498 84 1 1 
Flops / stencil call:  11
Stencil computations:  6200100
Bytes transferred:     100000000
Total Flops:           68201100
Seconds elapsed:       0.002140
Performance in GFlop/s:     31.872551
Bandwidth utilization: 46.733192 GB/s
4706832.000000
Validation OK.
tuned params: 500 500 498 84 1 1 
Flops / stencil call:  11
Stencil computations:  6200100
Bytes transferred:     100000000
Total Flops:           68201100
Seconds elapsed:       0.002081
Performance in GFlop/s:     32.774536
Bandwidth utilization: 48.055729 GB/s
4576700.000000
Validation OK.
tuned params: 500 500 498 84 1 1 
Flops / stencil call:  11
Stencil computations:  6200100
Bytes transferred:     100000000
Total Flops:           68201100
Seconds elapsed:       0.002086
Performance in GFlop/s:     32.692131
Bandwidth utilization: 47.934903 GB/s
4590432.000000
Validation OK.
