tuned params: 500 500 498 28 1 3 
Flops / stencil call:  11
Stencil computations:  6200100
Bytes transferred:     100000000
Total Flops:           68201100
Seconds elapsed:       0.001622
Performance in GFlop/s:     42.048530
Bandwidth utilization: 61.653741 GB/s
3567916.000000
Validation OK.
tuned params: 500 500 498 28 1 3 
Flops / stencil call:  11
Stencil computations:  6200100
Bytes transferred:     100000000
Total Flops:           68201100
Seconds elapsed:       0.001623
Performance in GFlop/s:     42.017648
Bandwidth utilization: 61.608461 GB/s
3570032.000000
Validation OK.
tuned params: 500 500 498 28 1 3 
Flops / stencil call:  11
Stencil computations:  6200100
Bytes transferred:     100000000
Total Flops:           68201100
Seconds elapsed:       0.001618
Performance in GFlop/s:     42.153868
Bandwidth utilization: 61.808193 GB/s
3559728.000000
Validation OK.
