tuned params: 500 500 492 60 4 3 
Flops / stencil call:  89
Stencil computations:  6051600
Bytes transferred:     100000000
Total Flops:           538592400
Seconds elapsed:       0.065203
Performance in GFlop/s:     8.260246
Bandwidth utilization: 1.533673 GB/s
143449192.000000
Validation OK.
tuned params: 500 500 492 60 4 3 
Flops / stencil call:  89
Stencil computations:  6051600
Bytes transferred:     100000000
Total Flops:           538592400
Seconds elapsed:       0.065003
Performance in GFlop/s:     8.285635
Bandwidth utilization: 1.538387 GB/s
143008668.000000
Validation OK.
tuned params: 500 500 492 60 4 3 
Flops / stencil call:  89
Stencil computations:  6051600
Bytes transferred:     100000000
Total Flops:           538592400
Seconds elapsed:       0.065594
Performance in GFlop/s:     8.211006
Bandwidth utilization: 1.524531 GB/s
144309440.000000
Validation OK.
