tuned params: 3000 3000 2992 188 1 3 
Flops / stencil call:  89
Stencil computations:  8952064000
Bytes transferred:     144000000000
Total Flops:           796733696000
Seconds elapsed:       11.465759
Performance in GFlop/s:     69.488090
Bandwidth utilization: 12.559134 GB/s
25225677824.000000
Validation OK.
tuned params: 3000 3000 2992 188 1 3 
Flops / stencil call:  89
Stencil computations:  8952064000
Bytes transferred:     144000000000
Total Flops:           796733696000
Seconds elapsed:       11.548635
Performance in GFlop/s:     68.989426
Bandwidth utilization: 12.469006 GB/s
25408011172.000000
Validation OK.
tuned params: 3000 3000 2992 188 1 3 
Flops / stencil call:  89
Stencil computations:  8952064000
Bytes transferred:     144000000000
Total Flops:           796733696000
Seconds elapsed:       11.504179
Performance in GFlop/s:     69.256024
Bandwidth utilization: 12.517190 GB/s
25310202236.000000
Validation OK.
tuned params: 3000 3000 2992 188 1 3 
Flops / stencil call:  89
Stencil computations:  8952064000
Bytes transferred:     144000000000
Total Flops:           796733696000
Seconds elapsed:       11.450433
Performance in GFlop/s:     69.581099
Bandwidth utilization: 12.575944 GB/s
25191958152.000000
Validation OK.
tuned params: 3000 3000 2992 188 1 3 
Flops / stencil call:  89
Stencil computations:  8952064000
Bytes transferred:     144000000000
Total Flops:           796733696000
Seconds elapsed:       11.509569
Performance in GFlop/s:     69.223591
Bandwidth utilization: 12.511329 GB/s
25322062420.000000
Validation OK.
tuned params: 3000 3000 2992 188 1 3 
Flops / stencil call:  89
Stencil computations:  8952064000
Bytes transferred:     144000000000
Total Flops:           796733696000
Seconds elapsed:       11.472385
Performance in GFlop/s:     69.447956
Bandwidth utilization: 12.551880 GB/s
25240255054.000000
Validation OK.
tuned params: 3000 3000 2992 188 1 3 
Flops / stencil call:  89
Stencil computations:  8952064000
Bytes transferred:     144000000000
Total Flops:           796733696000
Seconds elapsed:       11.516696
Performance in GFlop/s:     69.180753
Bandwidth utilization: 12.503586 GB/s
25337742536.000000
Validation OK.
tuned params: 3000 3000 2992 188 1 3 
Flops / stencil call:  89
Stencil computations:  8952064000
Bytes transferred:     144000000000
Total Flops:           796733696000
Seconds elapsed:       11.483160
Performance in GFlop/s:     69.382791
Bandwidth utilization: 12.540102 GB/s
25263961044.000000
Validation OK.
tuned params: 3000 3000 2992 188 1 3 
Flops / stencil call:  89
Stencil computations:  8952064000
Bytes transferred:     144000000000
Total Flops:           796733696000
Seconds elapsed:       11.462997
Performance in GFlop/s:     69.504834
Bandwidth utilization: 12.562160 GB/s
25219601300.000000
Validation OK.
tuned params: 3000 3000 2992 188 1 3 
Flops / stencil call:  89
Stencil computations:  8952064000
Bytes transferred:     144000000000
Total Flops:           796733696000
Seconds elapsed:       11.515418
Performance in GFlop/s:     69.188430
Bandwidth utilization: 12.504974 GB/s
25334930112.000000
Validation OK.
