tuned params: 500 500 246 52 1 3 
Flops / stencil call:  89
Stencil computations:  242064000
Bytes transferred:     4000000000
Total Flops:           21543696000
Seconds elapsed:       0.377417
Performance in GFlop/s:     57.081967
Bandwidth utilization: 10.598361 GB/s
830348486.000000
Validation OK.
tuned params: 500 500 246 52 1 3 
Flops / stencil call:  89
Stencil computations:  242064000
Bytes transferred:     4000000000
Total Flops:           21543696000
Seconds elapsed:       0.506603
Performance in GFlop/s:     42.525796
Bandwidth utilization: 7.895729 GB/s
1114571084.000000
Validation OK.
tuned params: 500 500 246 52 1 3 
Flops / stencil call:  89
Stencil computations:  242064000
Bytes transferred:     4000000000
Total Flops:           21543696000
Seconds elapsed:       0.364899
Performance in GFlop/s:     59.040175
Bandwidth utilization: 10.961940 GB/s
802809180.000000
Validation OK.
tuned params: 500 500 246 52 1 3 
Flops / stencil call:  89
Stencil computations:  242064000
Bytes transferred:     4000000000
Total Flops:           21543696000
Seconds elapsed:       0.355064
Performance in GFlop/s:     60.675543
Bandwidth utilization: 11.265577 GB/s
781172890.000000
Validation OK.
tuned params: 500 500 246 52 1 3 
Flops / stencil call:  89
Stencil computations:  242064000
Bytes transferred:     4000000000
Total Flops:           21543696000
Seconds elapsed:       0.473175
Performance in GFlop/s:     45.530076
Bandwidth utilization: 8.453531 GB/s
1041026490.000000
Validation OK.
tuned params: 500 500 246 52 1 3 
Flops / stencil call:  89
Stencil computations:  242064000
Bytes transferred:     4000000000
Total Flops:           21543696000
Seconds elapsed:       0.367179
Performance in GFlop/s:     58.673527
Bandwidth utilization: 10.893865 GB/s
807825760.000000
Validation OK.
tuned params: 500 500 246 52 1 3 
Flops / stencil call:  89
Stencil computations:  242064000
Bytes transferred:     4000000000
Total Flops:           21543696000
Seconds elapsed:       0.494708
Performance in GFlop/s:     43.548302
Bandwidth utilization: 8.085577 GB/s
1088401476.000000
Validation OK.
tuned params: 500 500 246 52 1 3 
Flops / stencil call:  89
Stencil computations:  242064000
Bytes transferred:     4000000000
Total Flops:           21543696000
Seconds elapsed:       0.473419
Performance in GFlop/s:     45.506619
Bandwidth utilization: 8.449176 GB/s
1041562142.000000
Validation OK.
tuned params: 500 500 246 52 1 3 
Flops / stencil call:  89
Stencil computations:  242064000
Bytes transferred:     4000000000
Total Flops:           21543696000
Seconds elapsed:       0.385263
Performance in GFlop/s:     55.919457
Bandwidth utilization: 10.382519 GB/s
847612636.000000
Validation OK.
tuned params: 500 500 246 52 1 3 
Flops / stencil call:  89
Stencil computations:  242064000
Bytes transferred:     4000000000
Total Flops:           21543696000
Seconds elapsed:       0.368897
Performance in GFlop/s:     58.400308
Bandwidth utilization: 10.843136 GB/s
811605768.000000
Validation OK.
