tuned params: 3000 3000 1496 40 1 3 
Flops / stencil call:  89
Stencil computations:  223801600
Bytes transferred:     3600000000
Total Flops:           19918342400
Seconds elapsed:       0.413842
Performance in GFlop/s:     48.130311
Bandwidth utilization: 8.698973 GB/s
910465988.000000
Validation OK.
tuned params: 3000 3000 1496 40 1 3 
Flops / stencil call:  89
Stencil computations:  223801600
Bytes transferred:     3600000000
Total Flops:           19918342400
Seconds elapsed:       0.421760
Performance in GFlop/s:     47.226713
Bandwidth utilization: 8.535658 GB/s
927887352.000000
Validation OK.
tuned params: 3000 3000 1496 40 1 3 
Flops / stencil call:  89
Stencil computations:  223801600
Bytes transferred:     3600000000
Total Flops:           19918342400
Seconds elapsed:       0.423269
Performance in GFlop/s:     47.058350
Bandwidth utilization: 8.505229 GB/s
931208532.000000
Validation OK.
