tuned params: 3000 3000 2992 140 4 3 
Flops / stencil call:  89
Stencil computations:  223801600
Bytes transferred:     3600000000
Total Flops:           19918342400
Seconds elapsed:       4.529015
Performance in GFlop/s:     4.397941
Bandwidth utilization: 0.794875 GB/s
9964053652.000000
Validation OK.
tuned params: 3000 3000 2992 140 4 3 
Flops / stencil call:  89
Stencil computations:  223801600
Bytes transferred:     3600000000
Total Flops:           19918342400
Seconds elapsed:       4.543193
Performance in GFlop/s:     4.384217
Bandwidth utilization: 0.792394 GB/s
9995246424.000000
Validation OK.
tuned params: 3000 3000 2992 140 4 3 
Flops / stencil call:  89
Stencil computations:  223801600
Bytes transferred:     3600000000
Total Flops:           19918342400
Seconds elapsed:       4.526470
Performance in GFlop/s:     4.400414
Bandwidth utilization: 0.795322 GB/s
9958457052.000000
Validation OK.
