tuned params: 3000 3000 2992 300 1 3 
Flops / stencil call:  89
Stencil computations:  8952064000
Bytes transferred:     144000000000
Total Flops:           796733696000
Seconds elapsed:       18.214551
Performance in GFlop/s:     43.741605
Bandwidth utilization: 7.905767 GB/s
40073618408.000000
Validation OK.
tuned params: 3000 3000 2992 300 1 3 
Flops / stencil call:  89
Stencil computations:  8952064000
Bytes transferred:     144000000000
Total Flops:           796733696000
Seconds elapsed:       18.237670
Performance in GFlop/s:     43.686156
Bandwidth utilization: 7.895745 GB/s
40124479556.000000
Validation OK.
tuned params: 3000 3000 2992 300 1 3 
Flops / stencil call:  89
Stencil computations:  8952064000
Bytes transferred:     144000000000
Total Flops:           796733696000
Seconds elapsed:       18.203161
Performance in GFlop/s:     43.768975
Bandwidth utilization: 7.910714 GB/s
40048558592.000000
Validation OK.
tuned params: 3000 3000 2992 300 1 3 
Flops / stencil call:  89
Stencil computations:  8952064000
Bytes transferred:     144000000000
Total Flops:           796733696000
Seconds elapsed:       18.282167
Performance in GFlop/s:     43.579828
Bandwidth utilization: 7.876528 GB/s
40222379780.000000
Validation OK.
tuned params: 3000 3000 2992 300 1 3 
Flops / stencil call:  89
Stencil computations:  8952064000
Bytes transferred:     144000000000
Total Flops:           796733696000
Seconds elapsed:       18.274732
Performance in GFlop/s:     43.597558
Bandwidth utilization: 7.879732 GB/s
40206018708.000000
Validation OK.
tuned params: 3000 3000 2992 300 1 3 
Flops / stencil call:  89
Stencil computations:  8952064000
Bytes transferred:     144000000000
Total Flops:           796733696000
Seconds elapsed:       18.211637
Performance in GFlop/s:     43.748604
Bandwidth utilization: 7.907032 GB/s
40067204036.000000
Validation OK.
tuned params: 3000 3000 2992 300 1 3 
Flops / stencil call:  89
Stencil computations:  8952064000
Bytes transferred:     144000000000
Total Flops:           796733696000
Seconds elapsed:       18.204358
Performance in GFlop/s:     43.766097
Bandwidth utilization: 7.910194 GB/s
40051189812.000000
Validation OK.
tuned params: 3000 3000 2992 300 1 3 
Flops / stencil call:  89
Stencil computations:  8952064000
Bytes transferred:     144000000000
Total Flops:           796733696000
Seconds elapsed:       18.216331
Performance in GFlop/s:     43.737331
Bandwidth utilization: 7.904995 GB/s
40077533972.000000
Validation OK.
tuned params: 3000 3000 2992 300 1 3 
Flops / stencil call:  89
Stencil computations:  8952064000
Bytes transferred:     144000000000
Total Flops:           796733696000
Seconds elapsed:       18.271626
Performance in GFlop/s:     43.604970
Bandwidth utilization: 7.881072 GB/s
40199184716.000000
Validation OK.
tuned params: 3000 3000 2992 300 1 3 
Flops / stencil call:  89
Stencil computations:  8952064000
Bytes transferred:     144000000000
Total Flops:           796733696000
Seconds elapsed:       18.250843
Performance in GFlop/s:     43.654624
Bandwidth utilization: 7.890046 GB/s
40153461628.000000
Validation OK.
