tuned params: 3000 3000 2992 376 2 3 
Flops / stencil call:  89
Stencil computations:  8952064000
Bytes transferred:     144000000000
Total Flops:           796733696000
Seconds elapsed:       91.331479
Performance in GFlop/s:     8.723539
Bandwidth utilization: 1.576674 GB/s
200931098240.000000
Validation OK.
tuned params: 3000 3000 2992 376 2 3 
Flops / stencil call:  89
Stencil computations:  8952064000
Bytes transferred:     144000000000
Total Flops:           796733696000
Seconds elapsed:       90.953902
Performance in GFlop/s:     8.759753
Bandwidth utilization: 1.583220 GB/s
200100244950.000000
Validation OK.
tuned params: 3000 3000 2992 376 2 3 
Flops / stencil call:  89
Stencil computations:  8952064000
Bytes transferred:     144000000000
Total Flops:           796733696000
Seconds elapsed:       91.315140
Performance in GFlop/s:     8.725100
Bandwidth utilization: 1.576956 GB/s
200894981732.000000
Validation OK.
tuned params: 3000 3000 2992 376 2 3 
Flops / stencil call:  89
Stencil computations:  8952064000
Bytes transferred:     144000000000
Total Flops:           796733696000
Seconds elapsed:       91.020977
Performance in GFlop/s:     8.753298
Bandwidth utilization: 1.582053 GB/s
200247830400.000000
Validation OK.
tuned params: 3000 3000 2992 376 2 3 
Flops / stencil call:  89
Stencil computations:  8952064000
Bytes transferred:     144000000000
Total Flops:           796733696000
Seconds elapsed:       91.301809
Performance in GFlop/s:     8.726374
Bandwidth utilization: 1.577187 GB/s
200865675956.000000
Validation OK.
tuned params: 3000 3000 2992 376 2 3 
Flops / stencil call:  89
Stencil computations:  8952064000
Bytes transferred:     144000000000
Total Flops:           796733696000
Seconds elapsed:       91.280915
Performance in GFlop/s:     8.728371
Bandwidth utilization: 1.577548 GB/s
200819718988.000000
Validation OK.
tuned params: 3000 3000 2992 376 2 3 
Flops / stencil call:  89
Stencil computations:  8952064000
Bytes transferred:     144000000000
Total Flops:           796733696000
Seconds elapsed:       91.603504
Performance in GFlop/s:     8.697633
Bandwidth utilization: 1.571992 GB/s
201529427624.000000
Validation OK.
tuned params: 3000 3000 2992 376 2 3 
Flops / stencil call:  89
Stencil computations:  8952064000
Bytes transferred:     144000000000
Total Flops:           796733696000
Seconds elapsed:       90.933768
Performance in GFlop/s:     8.761692
Bandwidth utilization: 1.583570 GB/s
200056003484.000000
Validation OK.
tuned params: 3000 3000 2992 376 2 3 
Flops / stencil call:  89
Stencil computations:  8952064000
Bytes transferred:     144000000000
Total Flops:           796733696000
Seconds elapsed:       90.964402
Performance in GFlop/s:     8.758742
Bandwidth utilization: 1.583037 GB/s
200123406200.000000
Validation OK.
tuned params: 3000 3000 2992 376 2 3 
