tuned params: 3000 3000 2992 140 4 3 
Flops / stencil call:  89
Stencil computations:  8952064000
Bytes transferred:     144000000000
Total Flops:           796733696000
Seconds elapsed:       180.476429
Performance in GFlop/s:     4.414614
Bandwidth utilization: 0.797888 GB/s
397063945752.000000
Validation OK.
tuned params: 3000 3000 2992 140 4 3 
Flops / stencil call:  89
Stencil computations:  8952064000
Bytes transferred:     144000000000
Total Flops:           796733696000
Seconds elapsed:       181.990246
Performance in GFlop/s:     4.377892
Bandwidth utilization: 0.791251 GB/s
400394487116.000000
Validation OK.
tuned params: 3000 3000 2992 140 4 3 
Flops / stencil call:  89
Stencil computations:  8952064000
Bytes transferred:     144000000000
Total Flops:           796733696000
Seconds elapsed:       182.127358
Performance in GFlop/s:     4.374596
Bandwidth utilization: 0.790656 GB/s
400696248374.000000
Validation OK.
tuned params: 3000 3000 2992 140 4 3 
Flops / stencil call:  89
Stencil computations:  8952064000
Bytes transferred:     144000000000
Total Flops:           796733696000
Seconds elapsed:       180.996624
Performance in GFlop/s:     4.401926
Bandwidth utilization: 0.795595 GB/s
398208542616.000000
Validation OK.
tuned params: 3000 3000 2992 140 4 3 
Flops / stencil call:  89
Stencil computations:  8952064000
Bytes transferred:     144000000000
Total Flops:           796733696000
Seconds elapsed:       180.632678
Performance in GFlop/s:     4.410795
Bandwidth utilization: 0.797198 GB/s
397407832664.000000
Validation OK.
tuned params: 3000 3000 2992 140 4 3 
Flops / stencil call:  89
Stencil computations:  8952064000
Bytes transferred:     144000000000
Total Flops:           796733696000
Seconds elapsed:       180.578299
Performance in GFlop/s:     4.412123
Bandwidth utilization: 0.797438 GB/s
397288198404.000000
Validation OK.
tuned params: 3000 3000 2992 140 4 3 
Flops / stencil call:  89
Stencil computations:  8952064000
Bytes transferred:     144000000000
Total Flops:           796733696000
Seconds elapsed:       181.961941
Performance in GFlop/s:     4.378573
Bandwidth utilization: 0.791374 GB/s
400332337080.000000
Validation OK.
tuned params: 3000 3000 2992 140 4 3 
Flops / stencil call:  89
Stencil computations:  8952064000
Bytes transferred:     144000000000
Total Flops:           796733696000
Seconds elapsed:       180.789872
Performance in GFlop/s:     4.406960
Bandwidth utilization: 0.796505 GB/s
397753686012.000000
Validation OK.
tuned params: 3000 3000 2992 140 4 3 
Flops / stencil call:  89
Stencil computations:  8952064000
Bytes transferred:     144000000000
Total Flops:           796733696000
Seconds elapsed:       181.029048
Performance in GFlop/s:     4.401137
Bandwidth utilization: 0.795452 GB/s
398279949772.000000
Validation OK.
tuned params: 3000 3000 2992 140 4 3 
Flops / stencil call:  89
Stencil computations:  8952064000
Bytes transferred:     144000000000
Total Flops:           796733696000
Seconds elapsed:       181.252255
Performance in GFlop/s:     4.395717
Bandwidth utilization: 0.794473 GB/s
398771042796.000000
Validation OK.
