tuned params: 500 500 492 60 4 3 
Flops / stencil call:  89
Stencil computations:  242064000
Bytes transferred:     4000000000
Total Flops:           21543696000
Seconds elapsed:       2.601414
Performance in GFlop/s:     8.281533
Bandwidth utilization: 1.537625 GB/s
5723335304.000000
Validation OK.
tuned params: 500 500 492 60 4 3 
Flops / stencil call:  89
Stencil computations:  242064000
Bytes transferred:     4000000000
Total Flops:           21543696000
Seconds elapsed:       2.595478
Performance in GFlop/s:     8.300474
Bandwidth utilization: 1.541142 GB/s
5710275688.000000
Validation OK.
tuned params: 500 500 492 60 4 3 
Flops / stencil call:  89
Stencil computations:  242064000
Bytes transferred:     4000000000
Total Flops:           21543696000
Seconds elapsed:       2.602153
Performance in GFlop/s:     8.279182
Bandwidth utilization: 1.537189 GB/s
5724963028.000000
Validation OK.
tuned params: 500 500 492 60 4 3 
Flops / stencil call:  89
Stencil computations:  242064000
Bytes transferred:     4000000000
Total Flops:           21543696000
Seconds elapsed:       2.594443
Performance in GFlop/s:     8.303784
Bandwidth utilization: 1.541757 GB/s
5707999328.000000
Validation OK.
tuned params: 500 500 492 60 4 3 
Flops / stencil call:  89
Stencil computations:  242064000
Bytes transferred:     4000000000
Total Flops:           21543696000
Seconds elapsed:       2.594700
Performance in GFlop/s:     8.302963
Bandwidth utilization: 1.541604 GB/s
5708566944.000000
Validation OK.
tuned params: 500 500 492 60 4 3 
Flops / stencil call:  89
Stencil computations:  242064000
Bytes transferred:     4000000000
Total Flops:           21543696000
Seconds elapsed:       2.595873
Performance in GFlop/s:     8.299211
Bandwidth utilization: 1.540908 GB/s
5711144228.000000
Validation OK.
tuned params: 500 500 492 60 4 3 
Flops / stencil call:  89
Stencil computations:  242064000
Bytes transferred:     4000000000
Total Flops:           21543696000
Seconds elapsed:       2.595463
Performance in GFlop/s:     8.300521
Bandwidth utilization: 1.541151 GB/s
5710243136.000000
Validation OK.
tuned params: 500 500 492 60 4 3 
Flops / stencil call:  89
Stencil computations:  242064000
Bytes transferred:     4000000000
Total Flops:           21543696000
Seconds elapsed:       2.594792
Performance in GFlop/s:     8.302667
Bandwidth utilization: 1.541549 GB/s
5708767512.000000
Validation OK.
tuned params: 500 500 492 60 4 3 
Flops / stencil call:  89
Stencil computations:  242064000
Bytes transferred:     4000000000
Total Flops:           21543696000
Seconds elapsed:       2.594183
Performance in GFlop/s:     8.304617
Bandwidth utilization: 1.541911 GB/s
5707428040.000000
Validation OK.
tuned params: 500 500 492 60 4 3 
Flops / stencil call:  89
Stencil computations:  242064000
Bytes transferred:     4000000000
Total Flops:           21543696000
Seconds elapsed:       2.599054
Performance in GFlop/s:     8.289053
Bandwidth utilization: 1.539021 GB/s
5718144304.000000
Validation OK.
