tuned params: 500 500 492 188 2 3 
Flops / stencil call:  89
Stencil computations:  242064000
Bytes transferred:     4000000000
Total Flops:           21543696000
Seconds elapsed:       5.013550
Performance in GFlop/s:     4.297094
Bandwidth utilization: 0.797838 GB/s
11030249124.000000
Validation OK.
tuned params: 500 500 492 188 2 3 
Flops / stencil call:  89
Stencil computations:  242064000
Bytes transferred:     4000000000
Total Flops:           21543696000
Seconds elapsed:       5.007048
Performance in GFlop/s:     4.302674
Bandwidth utilization: 0.798874 GB/s
11015945224.000000
Validation OK.
tuned params: 500 500 492 188 2 3 
Flops / stencil call:  89
Stencil computations:  242064000
Bytes transferred:     4000000000
Total Flops:           21543696000
Seconds elapsed:       5.015808
Performance in GFlop/s:     4.295160
Bandwidth utilization: 0.797479 GB/s
11035215056.000000
Validation OK.
tuned params: 500 500 492 188 2 3 
Flops / stencil call:  89
Stencil computations:  242064000
Bytes transferred:     4000000000
Total Flops:           21543696000
Seconds elapsed:       4.992479
Performance in GFlop/s:     4.315230
Bandwidth utilization: 0.801205 GB/s
10983892640.000000
Validation OK.
tuned params: 500 500 492 188 2 3 
Flops / stencil call:  89
Stencil computations:  242064000
Bytes transferred:     4000000000
Total Flops:           21543696000
Seconds elapsed:       4.992046
Performance in GFlop/s:     4.315605
Bandwidth utilization: 0.801275 GB/s
10982938248.000000
Validation OK.
tuned params: 500 500 492 188 2 3 
Flops / stencil call:  89
Stencil computations:  242064000
Bytes transferred:     4000000000
Total Flops:           21543696000
Seconds elapsed:       5.011865
Performance in GFlop/s:     4.298539
Bandwidth utilization: 0.798106 GB/s
11026541252.000000
Validation OK.
tuned params: 500 500 492 188 2 3 
Flops / stencil call:  89
Stencil computations:  242064000
Bytes transferred:     4000000000
Total Flops:           21543696000
Seconds elapsed:       4.993393
Performance in GFlop/s:     4.314440
Bandwidth utilization: 0.801059 GB/s
10985902256.000000
Validation OK.
tuned params: 500 500 492 188 2 3 
Flops / stencil call:  89
Stencil computations:  242064000
Bytes transferred:     4000000000
Total Flops:           21543696000
Seconds elapsed:       4.986685
Performance in GFlop/s:     4.320244
Bandwidth utilization: 0.802136 GB/s
10971144648.000000
Validation OK.
tuned params: 500 500 492 188 2 3 
Flops / stencil call:  89
Stencil computations:  242064000
Bytes transferred:     4000000000
Total Flops:           21543696000
Seconds elapsed:       5.010836
Performance in GFlop/s:     4.299421
Bandwidth utilization: 0.798270 GB/s
11024277616.000000
Validation OK.
tuned params: 500 500 492 188 2 3 
Flops / stencil call:  89
Stencil computations:  242064000
Bytes transferred:     4000000000
Total Flops:           21543696000
Seconds elapsed:       5.014818
Performance in GFlop/s:     4.296008
Bandwidth utilization: 0.797636 GB/s
11033040924.000000
Validation OK.
