tuned params: 3000 3000 2992 100 1 3 
Flops / stencil call:  89
Stencil computations:  223801600
Bytes transferred:     3600000000
Total Flops:           19918342400
Seconds elapsed:       0.764104
Performance in GFlop/s:     26.067584
Bandwidth utilization: 4.711401 GB/s
1681064208.000000
Validation OK.
tuned params: 3000 3000 2992 100 1 3 
Flops / stencil call:  89
Stencil computations:  223801600
Bytes transferred:     3600000000
Total Flops:           19918342400
Seconds elapsed:       0.762462
Performance in GFlop/s:     26.123722
Bandwidth utilization: 4.721547 GB/s
1677452504.000000
Validation OK.
tuned params: 3000 3000 2992 100 1 3 
Flops / stencil call:  89
Stencil computations:  223801600
Bytes transferred:     3600000000
Total Flops:           19918342400
Seconds elapsed:       0.760366
Performance in GFlop/s:     26.195731
Bandwidth utilization: 4.734562 GB/s
1672840964.000000
Validation OK.
