tuned params: 500 500 492 32 2 3 
Flops / stencil call:  89
Stencil computations:  242064000
Bytes transferred:     4000000000
Total Flops:           21543696000
Seconds elapsed:       0.660283
Performance in GFlop/s:     32.627969
Bandwidth utilization: 6.058008 GB/s
1452680124.000000
Validation OK.
tuned params: 500 500 492 32 2 3 
Flops / stencil call:  89
Stencil computations:  242064000
Bytes transferred:     4000000000
Total Flops:           21543696000
Seconds elapsed:       0.660497
Performance in GFlop/s:     32.617392
Bandwidth utilization: 6.056044 GB/s
1453150184.000000
Validation OK.
tuned params: 500 500 492 32 2 3 
Flops / stencil call:  89
Stencil computations:  242064000
Bytes transferred:     4000000000
Total Flops:           21543696000
Seconds elapsed:       0.660887
Performance in GFlop/s:     32.598154
Bandwidth utilization: 6.052472 GB/s
1454008952.000000
Validation OK.
tuned params: 500 500 492 32 2 3 
Flops / stencil call:  89
Stencil computations:  242064000
Bytes transferred:     4000000000
Total Flops:           21543696000
Seconds elapsed:       0.660458
Performance in GFlop/s:     32.619323
Bandwidth utilization: 6.056402 GB/s
1453065744.000000
Validation OK.
tuned params: 500 500 492 32 2 3 
Flops / stencil call:  89
Stencil computations:  242064000
Bytes transferred:     4000000000
Total Flops:           21543696000
Seconds elapsed:       0.660499
Performance in GFlop/s:     32.617310
Bandwidth utilization: 6.056029 GB/s
1453155428.000000
Validation OK.
tuned params: 500 500 492 32 2 3 
Flops / stencil call:  89
Stencil computations:  242064000
Bytes transferred:     4000000000
Total Flops:           21543696000
Seconds elapsed:       0.660676
Performance in GFlop/s:     32.608564
Bandwidth utilization: 6.054405 GB/s
1453544936.000000
Validation OK.
tuned params: 500 500 492 32 2 3 
Flops / stencil call:  89
Stencil computations:  242064000
Bytes transferred:     4000000000
Total Flops:           21543696000
Seconds elapsed:       0.660776
Performance in GFlop/s:     32.603623
Bandwidth utilization: 6.053487 GB/s
1453764428.000000
Validation OK.
tuned params: 500 500 492 32 2 3 
Flops / stencil call:  89
Stencil computations:  242064000
Bytes transferred:     4000000000
Total Flops:           21543696000
Seconds elapsed:       0.660564
Performance in GFlop/s:     32.614084
Bandwidth utilization: 6.055430 GB/s
1453298432.000000
Validation OK.
tuned params: 500 500 492 32 2 3 
Flops / stencil call:  89
Stencil computations:  242064000
Bytes transferred:     4000000000
Total Flops:           21543696000
Seconds elapsed:       0.660837
Performance in GFlop/s:     32.600612
Bandwidth utilization: 6.052928 GB/s
1453900516.000000
Validation OK.
tuned params: 500 500 492 32 2 3 
Flops / stencil call:  89
Stencil computations:  242064000
Bytes transferred:     4000000000
Total Flops:           21543696000
Seconds elapsed:       0.660671
Performance in GFlop/s:     32.608812
Bandwidth utilization: 6.054451 GB/s
1453533564.000000
Validation OK.
