iterations: 200
Total iterations: 1790412800 LUP
FLOP: 89
Total work: 159346739200 FLOP
performance: 0.100860 GLUP/s
Performance in GFLOP/s: 8.976567
size: 9000000
time: 17.751413
iterations: 200
Total iterations: 1790412800 LUP
FLOP: 89
Total work: 159346739200 FLOP
performance: 0.100843 GLUP/s
Performance in GFLOP/s: 8.975058
size: 9000000
time: 17.754397
iterations: 200
Total iterations: 1790412800 LUP
FLOP: 89
Total work: 159346739200 FLOP
performance: 0.100748 GLUP/s
Performance in GFLOP/s: 8.966564
size: 9000000
time: 17.771216
iterations: 200
Total iterations: 1790412800 LUP
FLOP: 89
Total work: 159346739200 FLOP
performance: 0.100812 GLUP/s
Performance in GFLOP/s: 8.972241
size: 9000000
time: 17.759970
iterations: 200
Total iterations: 1790412800 LUP
FLOP: 89
Total work: 159346739200 FLOP
performance: 0.100870 GLUP/s
Performance in GFLOP/s: 8.977404
size: 9000000
time: 17.749756
iterations: 200
Total iterations: 1790412800 LUP
FLOP: 89
Total work: 159346739200 FLOP
performance: 0.100773 GLUP/s
Performance in GFLOP/s: 8.968824
size: 9000000
time: 17.766737
iterations: 200
Total iterations: 1790412800 LUP
FLOP: 89
Total work: 159346739200 FLOP
performance: 0.100890 GLUP/s
Performance in GFLOP/s: 8.979244
size: 9000000
time: 17.746120
iterations: 200
Total iterations: 1790412800 LUP
FLOP: 89
Total work: 159346739200 FLOP
performance: 0.100921 GLUP/s
Performance in GFLOP/s: 8.981925
size: 9000000
time: 17.740822
iterations: 200
Total iterations: 1790412800 LUP
FLOP: 89
Total work: 159346739200 FLOP
performance: 0.100887 GLUP/s
Performance in GFLOP/s: 8.978963
size: 9000000
time: 17.746676
iterations: 200
Total iterations: 1790412800 LUP
FLOP: 89
Total work: 159346739200 FLOP
performance: 0.100927 GLUP/s
Performance in GFLOP/s: 8.982486
size: 9000000
time: 17.739714
