[1;34m[pthread wrapper] 
[0m[1;34m[pthread wrapper] MAIN -> 0
[0m[1;34m[pthread wrapper] PIN_MASK: [0m[1;34m0->1  [0m[1;34m1->2  [0m[1;34m2->3  [0m[1;34m3->4  [0m[1;34m4->5  [0m[1;34m5->6  [0m[1;34m6->7  [0m[1;34m
[pthread wrapper] SKIP MASK: 0x0
[0m[1;34m	threadid 140135202526976 -> core 1 - OK[0m[1;34m
[0m[1;34m	threadid 140135194134272 -> core 2 - OK[0m[1;34m
[0m[1;34m	threadid 140135185741568 -> core 3 - OK[0m[1;34m
[0m[1;34m	threadid 140135177348864 -> core 4 - OK[0m[1;34m
[0m[1;34m	threadid 140135168956160 -> core 5 - OK[0m[1;34m
[0m[1;34m	threadid 140135160563456 -> core 6 - OK[0m[1;34m
[0m[1;34m	threadid 140135152170752 -> core 7 - OK[0m[1;34m
[0miterations: 200
Total iterations: 48412800 LUP
FLOP: 89
Total work: 4308739200 FLOP
performance: 0.196854 GLUP/s
Performance in GFLOP/s: 17.519968
size: 250000
time: 0.245933
[1;34m[pthread wrapper] 
[0m[1;34m[pthread wrapper] MAIN -> 0
[0m[1;34m[pthread wrapper] PIN_MASK: [0m[1;34m0->1  [0m[1;34m1->2  [0m[1;34m2->3  [0m[1;34m3->4  [0m[1;34m4->5  [0m[1;34m5->6  [0m[1;34m6->7  [0m[1;34m
[pthread wrapper] SKIP MASK: 0x0
[0m[1;34m	threadid 139783286310656 -> core 1 - OK[0m[1;34m
[0m[1;34m	threadid 139783277917952 -> core 2 - OK[0m[1;34m
[0m[1;34m	threadid 139783269525248 -> core 3 - OK[0m[1;34m
[0m[1;34m	threadid 139783261132544 -> core 4 - OK[0m[1;34m
[0m[1;34m	threadid 139783252739840 -> core 5 - OK[0m[1;34m
[0m[1;34m	threadid 139783244347136 -> core 6 - OK[0m[1;34m
[0m[1;34m	threadid 139783235954432 -> core 7 - OK[0m[1;34m
[0miterations: 200
Total iterations: 48412800 LUP
FLOP: 89
Total work: 4308739200 FLOP
performance: 0.196863 GLUP/s
Performance in GFLOP/s: 17.520817
size: 250000
time: 0.245921
[1;34m[pthread wrapper] 
[0m[1;34m[pthread wrapper] MAIN -> 0
[0m[1;34m[pthread wrapper] PIN_MASK: [0m[1;34m0->1  [0m[1;34m1->2  [0m[1;34m2->3  [0m[1;34m3->4  [0m[1;34m4->5  [0m[1;34m5->6  [0m[1;34m6->7  [0m[1;34m
[pthread wrapper] SKIP MASK: 0x0
[0m[1;34m	threadid 139933002774272 -> core 1 - OK[0m[1;34m
[0m[1;34m	threadid 139932994381568 -> core 2 - OK[0m[1;34m
[0m[1;34m	threadid 139932985988864 -> core 3 - OK[0m[1;34m
[0m[1;34m	threadid 139932977596160 -> core 4 - OK[0m[1;34m
[0m[1;34m	threadid 139932969203456 -> core 5 - OK[0m[1;34m
[0m[1;34m	threadid 139932960810752 -> core 6 - OK[0m[1;34m
[0m[1;34m	threadid 139932952418048 -> core 7 - OK[0m[1;34m
[0miterations: 200
Total iterations: 48412800 LUP
FLOP: 89
Total work: 4308739200 FLOP
performance: 0.196848 GLUP/s
Performance in GFLOP/s: 17.519475
size: 250000
time: 0.245940
[1;34m[pthread wrapper] 
[0m[1;34m[pthread wrapper] MAIN -> 0
[0m[1;34m[pthread wrapper] PIN_MASK: [0m[1;34m0->1  [0m[1;34m1->2  [0m[1;34m2->3  [0m[1;34m3->4  [0m[1;34m4->5  [0m[1;34m5->6  [0m[1;34m6->7  [0m[1;34m
[pthread wrapper] SKIP MASK: 0x0
[0m[1;34m	threadid 140134117422848 -> core 1 - OK[0m[1;34m
[0m[1;34m	threadid 140134109030144 -> core 2 - OK[0m[1;34m
[0m[1;34m	threadid 140134100637440 -> core 3 - OK[0m[1;34m
[0m[1;34m	threadid 140134092244736 -> core 4 - OK[0m[1;34m
[0m[1;34m	threadid 140134083852032 -> core 5 - OK[0m[1;34m
[0m[1;34m	threadid 140134075459328 -> core 6 - OK[0m[1;34m
[0m[1;34m	threadid 140134067066624 -> core 7 - OK[0m[1;34m
[0miterations: 200
Total iterations: 48412800 LUP
FLOP: 89
Total work: 4308739200 FLOP
performance: 0.196800 GLUP/s
Performance in GFLOP/s: 17.515196
size: 250000
time: 0.246000
[1;34m[pthread wrapper] 
[0m[1;34m[pthread wrapper] MAIN -> 0
[0m[1;34m[pthread wrapper] PIN_MASK: [0m[1;34m0->1  [0m[1;34m1->2  [0m[1;34m2->3  [0m[1;34m3->4  [0m[1;34m4->5  [0m[1;34m5->6  [0m[1;34m6->7  [0m[1;34m
[pthread wrapper] SKIP MASK: 0x0
[0m[1;34m	threadid 139915895817984 -> core 1 - OK[0m[1;34m
[0m[1;34m	threadid 139915887425280 -> core 2 - OK[0m[1;34m
[0m[1;34m	threadid 139915879032576 -> core 3 - OK[0m[1;34m
[0m[1;34m	threadid 139915870639872 -> core 4 - OK[0m[1;34m
[0m[1;34m	threadid 139915862247168 -> core 5 - OK[0m[1;34m
[0m[1;34m	threadid 139915853854464 -> core 6 - OK[0m[1;34m
[0m[1;34m	threadid 139915845461760 -> core 7 - OK[0m[1;34m
[0miterations: 200
Total iterations: 48412800 LUP
FLOP: 89
Total work: 4308739200 FLOP
performance: 0.196903 GLUP/s
Performance in GFLOP/s: 17.524385
size: 250000
time: 0.245871
[1;34m[pthread wrapper] 
[0m[1;34m[pthread wrapper] MAIN -> 0
[0m[1;34m[pthread wrapper] PIN_MASK: [0m[1;34m0->1  [0m[1;34m1->2  [0m[1;34m2->3  [0m[1;34m3->4  [0m[1;34m4->5  [0m[1;34m5->6  [0m[1;34m6->7  [0m[1;34m
[pthread wrapper] SKIP MASK: 0x0
[0m[1;34m	threadid 140681195824896 -> core 1 - OK[0m[1;34m
[0m[1;34m	threadid 140681187432192 -> core 2 - OK[0m[1;34m
[0m[1;34m	threadid 140681179039488 -> core 3 - OK[0m[1;34m
[0m[1;34m	threadid 140681170646784 -> core 4 - OK[0m[1;34m
[0m[1;34m	threadid 140681162254080 -> core 5 - OK[0m[1;34m
[0m[1;34m	threadid 140681153861376 -> core 6 - OK[0m[1;34m
[0m[1;34m	threadid 140681145468672 -> core 7 - OK[0m[1;34m
[0miterations: 200
Total iterations: 48412800 LUP
FLOP: 89
Total work: 4308739200 FLOP
performance: 0.196846 GLUP/s
Performance in GFLOP/s: 17.519271
size: 250000
time: 0.245943
[1;34m[pthread wrapper] 
[0m[1;34m[pthread wrapper] MAIN -> 0
[0m[1;34m[pthread wrapper] PIN_MASK: [0m[1;34m0->1  [0m[1;34m1->2  [0m[1;34m2->3  [0m[1;34m3->4  [0m[1;34m4->5  [0m[1;34m5->6  [0m[1;34m6->7  [0m[1;34m
[pthread wrapper] SKIP MASK: 0x0
[0m[1;34m	threadid 140234133944064 -> core 1 - OK[0m[1;34m
[0m[1;34m	threadid 140234125551360 -> core 2 - OK[0m[1;34m
[0m[1;34m	threadid 140234117158656 -> core 3 - OK[0m[1;34m
[0m[1;34m	threadid 140234108765952 -> core 4 - OK[0m[1;34m
[0m[1;34m	threadid 140234100373248 -> core 5 - OK[0m[1;34m
[0m[1;34m	threadid 140234091980544 -> core 6 - OK[0m[1;34m
[0m[1;34m	threadid 140234083587840 -> core 7 - OK[0m[1;34m
[0miterations: 200
Total iterations: 48412800 LUP
FLOP: 89
Total work: 4308739200 FLOP
performance: 0.196823 GLUP/s
Performance in GFLOP/s: 17.517268
size: 250000
time: 0.245971
[1;34m[pthread wrapper] 
[0m[1;34m[pthread wrapper] MAIN -> 0
[0m[1;34m[pthread wrapper] PIN_MASK: [0m[1;34m0->1  [0m[1;34m1->2  [0m[1;34m2->3  [0m[1;34m3->4  [0m[1;34m4->5  [0m[1;34m5->6  [0m[1;34m6->7  [0m[1;34m
[pthread wrapper] SKIP MASK: 0x0
[0m[1;34m	threadid 139828266297088 -> core 1 - OK[0m[1;34m
[0m[1;34m	threadid 139828257904384 -> core 2 - OK[0m[1;34m
[0m[1;34m	threadid 139828249511680 -> core 3 - OK[0m[1;34m
[0m[1;34m	threadid 139828241118976 -> core 4 - OK[0m[1;34m
[0m[1;34m	threadid 139828232726272 -> core 5 - OK[0m[1;34m
[0m[1;34m	threadid 139828224333568 -> core 6 - OK[0m[1;34m
[0m[1;34m	threadid 139828215940864 -> core 7 - OK[0m[1;34m
[0miterations: 200
Total iterations: 48412800 LUP
FLOP: 89
Total work: 4308739200 FLOP
performance: 0.196877 GLUP/s
Performance in GFLOP/s: 17.522040
size: 250000
time: 0.245904
[1;34m[pthread wrapper] 
[0m[1;34m[pthread wrapper] MAIN -> 0
[0m[1;34m[pthread wrapper] PIN_MASK: [0m[1;34m0->1  [0m[1;34m1->2  [0m[1;34m2->3  [0m[1;34m3->4  [0m[1;34m4->5  [0m[1;34m5->6  [0m[1;34m6->7  [0m[1;34m
[pthread wrapper] SKIP MASK: 0x0
[0m[1;34m	threadid 140032739866368 -> core 1 - OK[0m[1;34m
[0m[1;34m	threadid 140032731473664 -> core 2 - OK[0m[1;34m
[0m[1;34m	threadid 140032723080960 -> core 3 - OK[0m[1;34m
[0m[1;34m	threadid 140032714688256 -> core 4 - OK[0m[1;34m
[0m[1;34m	threadid 140032706295552 -> core 5 - OK[0m[1;34m
[0m[1;34m	threadid 140032697902848 -> core 6 - OK[0m[1;34m
[0m[1;34m	threadid 140032689510144 -> core 7 - OK[0m[1;34m
[0miterations: 200
Total iterations: 48412800 LUP
FLOP: 89
Total work: 4308739200 FLOP
performance: 0.196855 GLUP/s
Performance in GFLOP/s: 17.520104
size: 250000
time: 0.245931
[1;34m[pthread wrapper] 
[0m[1;34m[pthread wrapper] MAIN -> 0
[0m[1;34m[pthread wrapper] PIN_MASK: [0m[1;34m0->1  [0m[1;34m1->2  [0m[1;34m2->3  [0m[1;34m3->4  [0m[1;34m4->5  [0m[1;34m5->6  [0m[1;34m6->7  [0m[1;34m
[pthread wrapper] SKIP MASK: 0x0
[0m[1;34m	threadid 140211474355968 -> core 1 - OK[0m[1;34m
[0m[1;34m	threadid 140211465963264 -> core 2 - OK[0m[1;34m
[0m[1;34m	threadid 140211457570560 -> core 3 - OK[0m[1;34m
[0m[1;34m	threadid 140211449177856 -> core 4 - OK[0m[1;34m
[0m[1;34m	threadid 140211440785152 -> core 5 - OK[0m[1;34m
[0m[1;34m	threadid 140211432392448 -> core 6 - OK[0m[1;34m
[0m[1;34m	threadid 140211423999744 -> core 7 - OK[0m[1;34m
[0miterations: 200
Total iterations: 48412800 LUP
FLOP: 89
Total work: 4308739200 FLOP
performance: 0.196862 GLUP/s
Performance in GFLOP/s: 17.520749
size: 250000
time: 0.245922
