iterations: 200
Total iterations: 1790412800 LUP
FLOP: 89
Total work: 159346739200 FLOP
performance: 0.050651 GLUP/s
Performance in GFLOP/s: 4.507930
size: 9000000
time: 35.348095
iterations: 200
Total iterations: 1790412800 LUP
FLOP: 89
Total work: 159346739200 FLOP
performance: 0.050683 GLUP/s
Performance in GFLOP/s: 4.510783
size: 9000000
time: 35.325737
iterations: 200
Total iterations: 1790412800 LUP
FLOP: 89
Total work: 159346739200 FLOP
performance: 0.050676 GLUP/s
Performance in GFLOP/s: 4.510136
size: 9000000
time: 35.330809
iterations: 200
Total iterations: 1790412800 LUP
FLOP: 89
Total work: 159346739200 FLOP
performance: 0.050732 GLUP/s
Performance in GFLOP/s: 4.515161
size: 9000000
time: 35.291488
iterations: 200
Total iterations: 1790412800 LUP
FLOP: 89
Total work: 159346739200 FLOP
performance: 0.050675 GLUP/s
Performance in GFLOP/s: 4.510099
size: 9000000
time: 35.331096
iterations: 200
Total iterations: 1790412800 LUP
FLOP: 89
Total work: 159346739200 FLOP
performance: 0.050725 GLUP/s
Performance in GFLOP/s: 4.514485
size: 9000000
time: 35.296772
iterations: 200
Total iterations: 1790412800 LUP
FLOP: 89
Total work: 159346739200 FLOP
performance: 0.050656 GLUP/s
Performance in GFLOP/s: 4.508420
size: 9000000
time: 35.344254
iterations: 200
Total iterations: 1790412800 LUP
FLOP: 89
Total work: 159346739200 FLOP
performance: 0.050644 GLUP/s
Performance in GFLOP/s: 4.507352
size: 9000000
time: 35.352631
iterations: 200
Total iterations: 1790412800 LUP
FLOP: 89
Total work: 159346739200 FLOP
performance: 0.050664 GLUP/s
Performance in GFLOP/s: 4.509077
size: 9000000
time: 35.339101
iterations: 200
Total iterations: 1790412800 LUP
FLOP: 89
Total work: 159346739200 FLOP
performance: 0.050725 GLUP/s
Performance in GFLOP/s: 4.514557
size: 9000000
time: 35.296208
