iterations: 200
Total iterations: 48412800 LUP
FLOP: 89
Total work: 4308739200 FLOP
performance: 0.025628 GLUP/s
Performance in GFLOP/s: 2.280936
size: 250000
time: 1.889022
[1;34m[likwid-pin] Main PID -> core 0 - OK[0m
iterations: 200
Total iterations: 48412800 LUP
FLOP: 89
Total work: 4308739200 FLOP
performance: 0.025618 GLUP/s
Performance in GFLOP/s: 2.279996
size: 250000
time: 1.889801
[1;34m[likwid-pin] Main PID -> core 0 - OK[0m
iterations: 200
Total iterations: 48412800 LUP
FLOP: 89
Total work: 4308739200 FLOP
performance: 0.025632 GLUP/s
Performance in GFLOP/s: 2.281206
size: 250000
time: 1.888799
[1;34m[likwid-pin] Main PID -> core 0 - OK[0m
iterations: 200
Total iterations: 48412800 LUP
FLOP: 89
Total work: 4308739200 FLOP
performance: 0.025630 GLUP/s
Performance in GFLOP/s: 2.281059
size: 250000
time: 1.888921
[1;34m[likwid-pin] Main PID -> core 0 - OK[0m
iterations: 200
Total iterations: 48412800 LUP
FLOP: 89
Total work: 4308739200 FLOP
performance: 0.025629 GLUP/s
Performance in GFLOP/s: 2.280971
size: 250000
time: 1.888993
[1;34m[likwid-pin] Main PID -> core 0 - OK[0m
iterations: 200
Total iterations: 48412800 LUP
FLOP: 89
Total work: 4308739200 FLOP
performance: 0.025628 GLUP/s
Performance in GFLOP/s: 2.280859
size: 250000
time: 1.889086
[1;34m[likwid-pin] Main PID -> core 0 - OK[0m
iterations: 200
Total iterations: 48412800 LUP
FLOP: 89
Total work: 4308739200 FLOP
performance: 0.025632 GLUP/s
Performance in GFLOP/s: 2.281271
size: 250000
time: 1.888745
[1;34m[likwid-pin] Main PID -> core 0 - OK[0m
iterations: 200
Total iterations: 48412800 LUP
FLOP: 89
Total work: 4308739200 FLOP
performance: 0.025123 GLUP/s
Performance in GFLOP/s: 2.235981
size: 250000
time: 1.927002
[1;34m[likwid-pin] Main PID -> core 0 - OK[0m
iterations: 200
Total iterations: 48412800 LUP
FLOP: 89
Total work: 4308739200 FLOP
performance: 0.025631 GLUP/s
Performance in GFLOP/s: 2.281162
size: 250000
time: 1.888835
[1;34m[likwid-pin] Main PID -> core 0 - OK[0m
iterations: 200
Total iterations: 48412800 LUP
FLOP: 89
Total work: 4308739200 FLOP
performance: 0.025629 GLUP/s
Performance in GFLOP/s: 2.280957
size: 250000
time: 1.889005
[1;34m[likwid-pin] Main PID -> core 0 - OK[0m
