iterations: 200
Total iterations: 48412800 LUP
FLOP: 89
Total work: 4308739200 FLOP
performance: 0.389478 GLUP/s
Performance in GFLOP/s: 34.663499
size: 250000
time: 0.124302
iterations: 200
Total iterations: 48412800 LUP
FLOP: 89
Total work: 4308739200 FLOP
performance: 0.389747 GLUP/s
Performance in GFLOP/s: 34.687518
size: 250000
time: 0.124216
iterations: 200
Total iterations: 48412800 LUP
FLOP: 89
Total work: 4308739200 FLOP
performance: 0.389875 GLUP/s
Performance in GFLOP/s: 34.698906
size: 250000
time: 0.124175
iterations: 200
Total iterations: 48412800 LUP
FLOP: 89
Total work: 4308739200 FLOP
performance: 0.389392 GLUP/s
Performance in GFLOP/s: 34.655922
size: 250000
time: 0.124329
iterations: 200
Total iterations: 48412800 LUP
FLOP: 89
Total work: 4308739200 FLOP
performance: 0.390114 GLUP/s
Performance in GFLOP/s: 34.720172
size: 250000
time: 0.124099
iterations: 200
Total iterations: 48412800 LUP
FLOP: 89
Total work: 4308739200 FLOP
performance: 0.389593 GLUP/s
Performance in GFLOP/s: 34.673741
size: 250000
time: 0.124265
iterations: 200
Total iterations: 48412800 LUP
FLOP: 89
Total work: 4308739200 FLOP
performance: 0.389951 GLUP/s
Performance in GFLOP/s: 34.705637
size: 250000
time: 0.124151
iterations: 200
Total iterations: 48412800 LUP
FLOP: 89
Total work: 4308739200 FLOP
performance: 0.389649 GLUP/s
Performance in GFLOP/s: 34.678798
size: 250000
time: 0.124247
iterations: 200
Total iterations: 48412800 LUP
FLOP: 89
Total work: 4308739200 FLOP
performance: 0.389885 GLUP/s
Performance in GFLOP/s: 34.699773
size: 250000
time: 0.124172
iterations: 200
Total iterations: 48412800 LUP
FLOP: 89
Total work: 4308739200 FLOP
performance: 0.389825 GLUP/s
Performance in GFLOP/s: 34.694443
size: 250000
time: 0.124191
