[1;34m[pthread wrapper] 
[0m[1;34m[pthread wrapper] MAIN -> 0
[0m[1;34m[pthread wrapper] PIN_MASK: [0m[1;34m0->1  [0m[1;34m1->2  [0m[1;34m2->10  [0m[1;34m3->11  [0m[1;34m4->12  [0m[1;34m
[pthread wrapper] SKIP MASK: 0x0
[0m[1;34m	threadid 140473667077888 -> core 1 - OK[0m[1;34m
[0m[1;34m	threadid 140473658685184 -> core 2 - OK[0m[1;34m
[0m[1;34m	threadid 140473650292480 -> core 10 - OK[0m[1;34m
[0m[1;34m	threadid 140473641899776 -> core 11 - OK[0m[1;34m
[0m[1;34m	threadid 140473633507072 -> core 12 - OK[0m[1;34m
[0miterations: 200
Total iterations: 1790412800 LUP
FLOP: 89
Total work: 159346739200 FLOP
performance: 0.147997 GLUP/s
Performance in GFLOP/s: 13.171725
size: 9000000
time: 12.097636
[1;34m[pthread wrapper] 
[0m[1;34m[pthread wrapper] MAIN -> 0
[0m[1;34m[pthread wrapper] PIN_MASK: [0m[1;34m0->1  [0m[1;34m1->2  [0m[1;34m2->10  [0m[1;34m3->11  [0m[1;34m4->12  [0m[1;34m
[pthread wrapper] SKIP MASK: 0x0
[0m[1;34m	threadid 140712252675840 -> core 1 - OK[0m[1;34m
[0m[1;34m	threadid 140712244283136 -> core 2 - OK[0m[1;34m
[0m[1;34m	threadid 140712235890432 -> core 10 - OK[0m[1;34m
[0m[1;34m	threadid 140712227497728 -> core 11 - OK[0m[1;34m
[0m[1;34m	threadid 140712219105024 -> core 12 - OK[0m[1;34m
[0miterations: 200
Total iterations: 1790412800 LUP
FLOP: 89
Total work: 159346739200 FLOP
performance: 0.148216 GLUP/s
Performance in GFLOP/s: 13.191198
size: 9000000
time: 12.079778
[1;34m[pthread wrapper] 
[0m[1;34m[pthread wrapper] MAIN -> 0
[0m[1;34m[pthread wrapper] PIN_MASK: [0m[1;34m0->1  [0m[1;34m1->2  [0m[1;34m2->10  [0m[1;34m3->11  [0m[1;34m4->12  [0m[1;34m
[pthread wrapper] SKIP MASK: 0x0
[0m[1;34m	threadid 140146710124288 -> core 1 - OK[0m[1;34m
[0m[1;34m	threadid 140146701731584 -> core 2 - OK[0m[1;34m
[0m[1;34m	threadid 140146693338880 -> core 10 - OK[0m[1;34m
[0m[1;34m	threadid 140146684946176 -> core 11 - OK[0m[1;34m
[0m[1;34m	threadid 140146676553472 -> core 12 - OK[0m[1;34m
[0miterations: 200
Total iterations: 1790412800 LUP
FLOP: 89
Total work: 159346739200 FLOP
performance: 0.147783 GLUP/s
Performance in GFLOP/s: 13.152674
size: 9000000
time: 12.115159
[1;34m[pthread wrapper] 
[0m[1;34m[pthread wrapper] MAIN -> 0
[0m[1;34m[pthread wrapper] PIN_MASK: [0m[1;34m0->1  [0m[1;34m1->2  [0m[1;34m2->10  [0m[1;34m3->11  [0m[1;34m4->12  [0m[1;34m
[pthread wrapper] SKIP MASK: 0x0
[0m[1;34m	threadid 139778745165568 -> core 1 - OK[0m[1;34m
[0m[1;34m	threadid 139778736772864 -> core 2 - OK[0m[1;34m
[0m[1;34m	threadid 139778728380160 -> core 10 - OK[0m[1;34m
[0m[1;34m	threadid 139778719987456 -> core 11 - OK[0m[1;34m
[0m[1;34m	threadid 139778711594752 -> core 12 - OK[0m[1;34m
[0miterations: 200
Total iterations: 1790412800 LUP
FLOP: 89
Total work: 159346739200 FLOP
performance: 0.147624 GLUP/s
Performance in GFLOP/s: 13.138563
size: 9000000
time: 12.128171
[1;34m[pthread wrapper] 
[0m[1;34m[pthread wrapper] MAIN -> 0
[0m[1;34m[pthread wrapper] PIN_MASK: [0m[1;34m0->1  [0m[1;34m1->2  [0m[1;34m2->10  [0m[1;34m3->11  [0m[1;34m4->12  [0m[1;34m
[pthread wrapper] SKIP MASK: 0x0
[0m[1;34m	threadid 139695647799040 -> core 1 - OK[0m[1;34m
[0m[1;34m	threadid 139695639406336 -> core 2 - OK[0m[1;34m
[0m[1;34m	threadid 139695631013632 -> core 10 - OK[0m[1;34m
[0m[1;34m	threadid 139695622620928 -> core 11 - OK[0m[1;34m
[0m[1;34m	threadid 139695614228224 -> core 12 - OK[0m[1;34m
[0miterations: 200
Total iterations: 1790412800 LUP
FLOP: 89
Total work: 159346739200 FLOP
performance: 0.148090 GLUP/s
Performance in GFLOP/s: 13.179976
size: 9000000
time: 12.090063
[1;34m[pthread wrapper] 
[0m[1;34m[pthread wrapper] MAIN -> 0
[0m[1;34m[pthread wrapper] PIN_MASK: [0m[1;34m0->1  [0m[1;34m1->2  [0m[1;34m2->10  [0m[1;34m3->11  [0m[1;34m4->12  [0m[1;34m
[pthread wrapper] SKIP MASK: 0x0
[0m[1;34m	threadid 139860580611840 -> core 1 - OK[0m[1;34m
[0m[1;34m	threadid 139860572219136 -> core 2 - OK[0m[1;34m
[0m[1;34m	threadid 139860563826432 -> core 10 - OK[0m[1;34m
[0m[1;34m	threadid 139860555433728 -> core 11 - OK[0m[1;34m
[0m[1;34m	threadid 139860547041024 -> core 12 - OK[0m[1;34m
[0miterations: 200
Total iterations: 1790412800 LUP
FLOP: 89
Total work: 159346739200 FLOP
performance: 0.148338 GLUP/s
Performance in GFLOP/s: 13.202107
size: 9000000
time: 12.069796
[1;34m[pthread wrapper] 
[0m[1;34m[pthread wrapper] MAIN -> 0
[0m[1;34m[pthread wrapper] PIN_MASK: [0m[1;34m0->1  [0m[1;34m1->2  [0m[1;34m2->10  [0m[1;34m3->11  [0m[1;34m4->12  [0m[1;34m
[pthread wrapper] SKIP MASK: 0x0
[0m[1;34m	threadid 140316137441024 -> core 1 - OK[0m[1;34m
[0m[1;34m	threadid 140316129048320 -> core 2 - OK[0m[1;34m
[0m[1;34m	threadid 140316120655616 -> core 10 - OK[0m[1;34m
[0m[1;34m	threadid 140316112262912 -> core 11 - OK[0m[1;34m
[0m[1;34m	threadid 140316103870208 -> core 12 - OK[0m[1;34m
[0miterations: 200
Total iterations: 1790412800 LUP
FLOP: 89
Total work: 159346739200 FLOP
performance: 0.147804 GLUP/s
Performance in GFLOP/s: 13.154563
size: 9000000
time: 12.113419
[1;34m[pthread wrapper] 
[0m[1;34m[pthread wrapper] MAIN -> 0
[0m[1;34m[pthread wrapper] PIN_MASK: [0m[1;34m0->1  [0m[1;34m1->2  [0m[1;34m2->10  [0m[1;34m3->11  [0m[1;34m4->12  [0m[1;34m
[pthread wrapper] SKIP MASK: 0x0
[0m[1;34m	threadid 140221314934528 -> core 1 - OK[0m[1;34m
[0m[1;34m	threadid 140221306541824 -> core 2 - OK[0m[1;34m
[0m[1;34m	threadid 140221298149120 -> core 10 - OK[0m[1;34m
[0m[1;34m	threadid 140221289756416 -> core 11 - OK[0m[1;34m
[0m[1;34m	threadid 140221281363712 -> core 12 - OK[0m[1;34m
[0miterations: 200
Total iterations: 1790412800 LUP
FLOP: 89
Total work: 159346739200 FLOP
performance: 0.147606 GLUP/s
Performance in GFLOP/s: 13.136972
size: 9000000
time: 12.129640
[1;34m[pthread wrapper] 
[0m[1;34m[pthread wrapper] MAIN -> 0
[0m[1;34m[pthread wrapper] PIN_MASK: [0m[1;34m0->1  [0m[1;34m1->2  [0m[1;34m2->10  [0m[1;34m3->11  [0m[1;34m4->12  [0m[1;34m
[pthread wrapper] SKIP MASK: 0x0
[0m[1;34m	threadid 139652968777472 -> core 1 - OK[0m[1;34m
[0m[1;34m	threadid 139652960384768 -> core 2 - OK[0m[1;34m
[0m[1;34m	threadid 139652951992064 -> core 10 - OK[0m[1;34m
[0m[1;34m	threadid 139652943599360 -> core 11 - OK[0m[1;34m
[0m[1;34m	threadid 139652935206656 -> core 12 - OK[0m[1;34m
[0miterations: 200
Total iterations: 1790412800 LUP
FLOP: 89
Total work: 159346739200 FLOP
performance: 0.148240 GLUP/s
Performance in GFLOP/s: 13.193360
size: 9000000
time: 12.077798
[1;34m[pthread wrapper] 
[0m[1;34m[pthread wrapper] MAIN -> 0
[0m[1;34m[pthread wrapper] PIN_MASK: [0m[1;34m0->1  [0m[1;34m1->2  [0m[1;34m2->10  [0m[1;34m3->11  [0m[1;34m4->12  [0m[1;34m
[pthread wrapper] SKIP MASK: 0x0
[0m[1;34m	threadid 140334849783552 -> core 1 - OK[0m[1;34m
[0m[1;34m	threadid 140334841390848 -> core 2 - OK[0m[1;34m
[0m[1;34m	threadid 140334832998144 -> core 10 - OK[0m[1;34m
[0m[1;34m	threadid 140334824605440 -> core 11 - OK[0m[1;34m
[0m[1;34m	threadid 140334816212736 -> core 12 - OK[0m[1;34m
[0miterations: 200
Total iterations: 1790412800 LUP
FLOP: 89
Total work: 159346739200 FLOP
performance: 0.148322 GLUP/s
Performance in GFLOP/s: 13.200649
size: 9000000
time: 12.071129
