[1;34m[pthread wrapper] 
[0m[1;34m[pthread wrapper] MAIN -> 0
[0m[1;34m[pthread wrapper] PIN_MASK: [0m[1;34m0->1  [0m[1;34m1->10  [0m[1;34m2->11  [0m[1;34m
[pthread wrapper] SKIP MASK: 0x0
[0m[1;34m	threadid 139809230464768 -> core 1 - OK[0m[1;34m
[0m[1;34m	threadid 139809222072064 -> core 10 - OK[0m[1;34m
[0m[1;34m	threadid 139809213679360 -> core 11 - OK[0m[1;34m
[0miterations: 200
Total iterations: 1790412800 LUP
FLOP: 89
Total work: 159346739200 FLOP
performance: 0.100624 GLUP/s
Performance in GFLOP/s: 8.955507
size: 9000000
time: 17.793157
[1;34m[pthread wrapper] 
[0m[1;34m[pthread wrapper] MAIN -> 0
[0m[1;34m[pthread wrapper] PIN_MASK: [0m[1;34m0->1  [0m[1;34m1->10  [0m[1;34m2->11  [0m[1;34m
[pthread wrapper] SKIP MASK: 0x0
[0m[1;34m	threadid 139749182846720 -> core 1 - OK[0m[1;34m
[0m[1;34m	threadid 139749174454016 -> core 10 - OK[0m[1;34m
[0m[1;34m	threadid 139749166061312 -> core 11 - OK[0m[1;34m
[0miterations: 200
Total iterations: 1790412800 LUP
FLOP: 89
Total work: 159346739200 FLOP
performance: 0.101037 GLUP/s
Performance in GFLOP/s: 8.992299
size: 9000000
time: 17.720356
[1;34m[pthread wrapper] 
[0m[1;34m[pthread wrapper] MAIN -> 0
[0m[1;34m[pthread wrapper] PIN_MASK: [0m[1;34m0->1  [0m[1;34m1->10  [0m[1;34m2->11  [0m[1;34m
[pthread wrapper] SKIP MASK: 0x0
[0m[1;34m	threadid 140386041788160 -> core 1 - OK[0m[1;34m
[0m[1;34m	threadid 140386033395456 -> core 10 - OK[0m[1;34m
[0m[1;34m	threadid 140386025002752 -> core 11 - OK[0m[1;34m
[0miterations: 200
Total iterations: 1790412800 LUP
FLOP: 89
Total work: 159346739200 FLOP
performance: 0.100831 GLUP/s
Performance in GFLOP/s: 8.973967
size: 9000000
time: 17.756555
[1;34m[pthread wrapper] 
[0m[1;34m[pthread wrapper] MAIN -> 0
[0m[1;34m[pthread wrapper] PIN_MASK: [0m[1;34m0->1  [0m[1;34m1->10  [0m[1;34m2->11  [0m[1;34m
[pthread wrapper] SKIP MASK: 0x0
[0m[1;34m	threadid 140591824148224 -> core 1 - OK[0m[1;34m
[0m[1;34m	threadid 140591815755520 -> core 10 - OK[0m[1;34m
[0m[1;34m	threadid 140591807362816 -> core 11 - OK[0m[1;34m
[0miterations: 200
Total iterations: 1790412800 LUP
FLOP: 89
Total work: 159346739200 FLOP
performance: 0.100630 GLUP/s
Performance in GFLOP/s: 8.956098
size: 9000000
time: 17.791983
[1;34m[pthread wrapper] 
[0m[1;34m[pthread wrapper] MAIN -> 0
[0m[1;34m[pthread wrapper] PIN_MASK: [0m[1;34m0->1  [0m[1;34m1->10  [0m[1;34m2->11  [0m[1;34m
[pthread wrapper] SKIP MASK: 0x0
[0m[1;34m	threadid 139740467447552 -> core 1 - OK[0m[1;34m
[0m[1;34m	threadid 139740459054848 -> core 10 - OK[0m[1;34m
[0m[1;34m	threadid 139740450662144 -> core 11 - OK[0m[1;34m
[0miterations: 200
Total iterations: 1790412800 LUP
FLOP: 89
Total work: 159346739200 FLOP
performance: 0.101000 GLUP/s
Performance in GFLOP/s: 8.988973
size: 9000000
time: 17.726913
[1;34m[pthread wrapper] 
[0m[1;34m[pthread wrapper] MAIN -> 0
[0m[1;34m[pthread wrapper] PIN_MASK: [0m[1;34m0->1  [0m[1;34m1->10  [0m[1;34m2->11  [0m[1;34m
[pthread wrapper] SKIP MASK: 0x0
[0m[1;34m	threadid 140115926402816 -> core 1 - OK[0m[1;34m
[0m[1;34m	threadid 140115918010112 -> core 10 - OK[0m[1;34m
[0m[1;34m	threadid 140115909617408 -> core 11 - OK[0m[1;34m
[0miterations: 200
Total iterations: 1790412800 LUP
FLOP: 89
Total work: 159346739200 FLOP
performance: 0.100766 GLUP/s
Performance in GFLOP/s: 8.968202
size: 9000000
time: 17.767970
[1;34m[pthread wrapper] 
[0m[1;34m[pthread wrapper] MAIN -> 0
[0m[1;34m[pthread wrapper] PIN_MASK: [0m[1;34m0->1  [0m[1;34m1->10  [0m[1;34m2->11  [0m[1;34m
[pthread wrapper] SKIP MASK: 0x0
[0m[1;34m	threadid 140696562255616 -> core 1 - OK[0m[1;34m
[0m[1;34m	threadid 140696553862912 -> core 10 - OK[0m[1;34m
[0m[1;34m	threadid 140696545470208 -> core 11 - OK[0m[1;34m
[0miterations: 200
Total iterations: 1790412800 LUP
FLOP: 89
Total work: 159346739200 FLOP
performance: 0.100555 GLUP/s
Performance in GFLOP/s: 8.949397
size: 9000000
time: 17.805305
[1;34m[pthread wrapper] 
[0m[1;34m[pthread wrapper] MAIN -> 0
[0m[1;34m[pthread wrapper] PIN_MASK: [0m[1;34m0->1  [0m[1;34m1->10  [0m[1;34m2->11  [0m[1;34m
[pthread wrapper] SKIP MASK: 0x0
[0m[1;34m	threadid 140406536091392 -> core 1 - OK[0m[1;34m
[0m[1;34m	threadid 140406527698688 -> core 10 - OK[0m[1;34m
[0m[1;34m	threadid 140406519305984 -> core 11 - OK[0m[1;34m
[0miterations: 200
Total iterations: 1790412800 LUP
FLOP: 89
Total work: 159346739200 FLOP
performance: 0.100988 GLUP/s
Performance in GFLOP/s: 8.987970
size: 9000000
time: 17.728891
[1;34m[pthread wrapper] 
[0m[1;34m[pthread wrapper] MAIN -> 0
[0m[1;34m[pthread wrapper] PIN_MASK: [0m[1;34m0->1  [0m[1;34m1->10  [0m[1;34m2->11  [0m[1;34m
[pthread wrapper] SKIP MASK: 0x0
[0m[1;34m	threadid 140574779209472 -> core 1 - OK[0m[1;34m
[0m[1;34m	threadid 140574770816768 -> core 10 - OK[0m[1;34m
[0m[1;34m	threadid 140574762424064 -> core 11 - OK[0m[1;34m
[0miterations: 200
Total iterations: 1790412800 LUP
FLOP: 89
Total work: 159346739200 FLOP
performance: 0.100625 GLUP/s
Performance in GFLOP/s: 8.955659
size: 9000000
time: 17.792855
[1;34m[pthread wrapper] 
[0m[1;34m[pthread wrapper] MAIN -> 0
[0m[1;34m[pthread wrapper] PIN_MASK: [0m[1;34m0->1  [0m[1;34m1->10  [0m[1;34m2->11  [0m[1;34m
[pthread wrapper] SKIP MASK: 0x0
[0m[1;34m	threadid 140438004397824 -> core 1 - OK[0m[1;34m
[0m[1;34m	threadid 140437996005120 -> core 10 - OK[0m[1;34m
[0m[1;34m	threadid 140437987612416 -> core 11 - OK[0m[1;34m
[0miterations: 200
Total iterations: 1790412800 LUP
FLOP: 89
Total work: 159346739200 FLOP
performance: 0.100725 GLUP/s
Performance in GFLOP/s: 8.964504
size: 9000000
time: 17.775298
