iterations: 200
Total iterations: 1790412800 LUP
FLOP: 89
Total work: 159346739200 FLOP
performance: 0.314459 GLUP/s
Performance in GFLOP/s: 27.986870
size: 9000000
time: 5.693625
iterations: 200
Total iterations: 1790412800 LUP
FLOP: 89
Total work: 159346739200 FLOP
performance: 0.471508 GLUP/s
Performance in GFLOP/s: 41.964216
size: 9000000
time: 3.797205
iterations: 200
Total iterations: 1790412800 LUP
FLOP: 89
Total work: 159346739200 FLOP
performance: 0.471498 GLUP/s
Performance in GFLOP/s: 41.963333
size: 9000000
time: 3.797285
iterations: 200
Total iterations: 1790412800 LUP
FLOP: 89
Total work: 159346739200 FLOP
performance: 0.322786 GLUP/s
Performance in GFLOP/s: 28.727958
size: 9000000
time: 5.546748
iterations: 200
Total iterations: 1790412800 LUP
FLOP: 89
Total work: 159346739200 FLOP
performance: 0.422495 GLUP/s
Performance in GFLOP/s: 37.602034
size: 9000000
time: 4.237716
iterations: 200
Total iterations: 1790412800 LUP
FLOP: 89
Total work: 159346739200 FLOP
performance: 0.458059 GLUP/s
Performance in GFLOP/s: 40.767248
size: 9000000
time: 3.908695
iterations: 200
Total iterations: 1790412800 LUP
FLOP: 89
Total work: 159346739200 FLOP
performance: 0.324244 GLUP/s
Performance in GFLOP/s: 28.857710
size: 9000000
time: 5.521808
iterations: 200
Total iterations: 1790412800 LUP
FLOP: 89
Total work: 159346739200 FLOP
performance: 0.319222 GLUP/s
Performance in GFLOP/s: 28.410727
size: 9000000
time: 5.608682
iterations: 200
Total iterations: 1790412800 LUP
FLOP: 89
Total work: 159346739200 FLOP
performance: 0.325946 GLUP/s
Performance in GFLOP/s: 29.009171
size: 9000000
time: 5.492978
iterations: 200
Total iterations: 1790412800 LUP
FLOP: 89
Total work: 159346739200 FLOP
performance: 0.459502 GLUP/s
Performance in GFLOP/s: 40.895678
size: 9000000
time: 3.896420
