iterations: 200
Total iterations: 48412800 LUP
FLOP: 89
Total work: 4308739200 FLOP
performance: 0.241100 GLUP/s
Performance in GFLOP/s: 21.457871
size: 250000
time: 0.200800
iterations: 200
Total iterations: 48412800 LUP
FLOP: 89
Total work: 4308739200 FLOP
performance: 0.264542 GLUP/s
Performance in GFLOP/s: 23.544245
size: 250000
time: 0.183006
iterations: 200
Total iterations: 48412800 LUP
FLOP: 89
Total work: 4308739200 FLOP
performance: 0.265825 GLUP/s
Performance in GFLOP/s: 23.658409
size: 250000
time: 0.182123
iterations: 200
Total iterations: 48412800 LUP
FLOP: 89
Total work: 4308739200 FLOP
performance: 0.248586 GLUP/s
Performance in GFLOP/s: 22.124130
size: 250000
time: 0.194753
iterations: 200
Total iterations: 48412800 LUP
FLOP: 89
Total work: 4308739200 FLOP
performance: 0.261235 GLUP/s
Performance in GFLOP/s: 23.249889
size: 250000
time: 0.185323
iterations: 200
Total iterations: 48412800 LUP
FLOP: 89
Total work: 4308739200 FLOP
performance: 0.303525 GLUP/s
Performance in GFLOP/s: 27.013695
size: 250000
time: 0.159502
iterations: 200
Total iterations: 48412800 LUP
FLOP: 89
Total work: 4308739200 FLOP
performance: 0.256285 GLUP/s
Performance in GFLOP/s: 22.809401
size: 250000
time: 0.188902
iterations: 200
Total iterations: 48412800 LUP
FLOP: 89
Total work: 4308739200 FLOP
performance: 0.267576 GLUP/s
Performance in GFLOP/s: 23.814255
size: 250000
time: 0.180931
iterations: 200
Total iterations: 48412800 LUP
FLOP: 89
Total work: 4308739200 FLOP
performance: 0.281763 GLUP/s
Performance in GFLOP/s: 25.076924
size: 250000
time: 0.171821
iterations: 200
Total iterations: 48412800 LUP
FLOP: 89
Total work: 4308739200 FLOP
performance: 0.265644 GLUP/s
Performance in GFLOP/s: 23.642284
size: 250000
time: 0.182247
