[1;34m[pthread wrapper] 
[0m[1;34m[pthread wrapper] MAIN -> 0
[0m[1;34m[pthread wrapper] PIN_MASK: [0m[1;34m0->1  [0m[1;34m1->2  [0m[1;34m2->3  [0m[1;34m3->4  [0m[1;34m4->5  [0m[1;34m
[pthread wrapper] SKIP MASK: 0x0
[0m[1;34m	threadid 140459133343488 -> core 1 - OK[0m[1;34m
[0m[1;34m	threadid 140459124950784 -> core 2 - OK[0m[1;34m
[0m[1;34m	threadid 140459116558080 -> core 3 - OK[0m[1;34m
[0m[1;34m	threadid 140459108165376 -> core 4 - OK[0m[1;34m
[0m[1;34m	threadid 140459099772672 -> core 5 - OK[0m[1;34m
[0miterations: 200
Total iterations: 1790412800 LUP
FLOP: 89
Total work: 159346739200 FLOP
performance: 0.149096 GLUP/s
Performance in GFLOP/s: 13.269556
size: 9000000
time: 12.008445
[1;34m[pthread wrapper] 
[0m[1;34m[pthread wrapper] MAIN -> 0
[0m[1;34m[pthread wrapper] PIN_MASK: [0m[1;34m0->1  [0m[1;34m1->2  [0m[1;34m2->3  [0m[1;34m3->4  [0m[1;34m4->5  [0m[1;34m
[pthread wrapper] SKIP MASK: 0x0
[0m[1;34m	threadid 139802718365440 -> core 1 - OK[0m[1;34m
[0m[1;34m	threadid 139802709972736 -> core 2 - OK[0m[1;34m
[0m[1;34m	threadid 139802701580032 -> core 3 - OK[0m[1;34m
[0m[1;34m	threadid 139802693187328 -> core 4 - OK[0m[1;34m
[0m[1;34m	threadid 139802684794624 -> core 5 - OK[0m[1;34m
[0miterations: 200
Total iterations: 1790412800 LUP
FLOP: 89
Total work: 159346739200 FLOP
performance: 0.149162 GLUP/s
Performance in GFLOP/s: 13.275450
size: 9000000
time: 12.003114
[1;34m[pthread wrapper] 
[0m[1;34m[pthread wrapper] MAIN -> 0
[0m[1;34m[pthread wrapper] PIN_MASK: [0m[1;34m0->1  [0m[1;34m1->2  [0m[1;34m2->3  [0m[1;34m3->4  [0m[1;34m4->5  [0m[1;34m
[pthread wrapper] SKIP MASK: 0x0
[0m[1;34m	threadid 140202541082368 -> core 1 - OK[0m[1;34m
[0m[1;34m	threadid 140202532689664 -> core 2 - OK[0m[1;34m
[0m[1;34m	threadid 140202524296960 -> core 3 - OK[0m[1;34m
[0m[1;34m	threadid 140202515904256 -> core 4 - OK[0m[1;34m
[0m[1;34m	threadid 140202507511552 -> core 5 - OK[0m[1;34m
[0miterations: 200
Total iterations: 1790412800 LUP
FLOP: 89
Total work: 159346739200 FLOP
performance: 0.148743 GLUP/s
Performance in GFLOP/s: 13.238140
size: 9000000
time: 12.036943
[1;34m[pthread wrapper] 
[0m[1;34m[pthread wrapper] MAIN -> 0
[0m[1;34m[pthread wrapper] PIN_MASK: [0m[1;34m0->1  [0m[1;34m1->2  [0m[1;34m2->3  [0m[1;34m3->4  [0m[1;34m4->5  [0m[1;34m
[pthread wrapper] SKIP MASK: 0x0
[0m[1;34m	threadid 140207520569088 -> core 1 - OK[0m[1;34m
[0m[1;34m	threadid 140207512176384 -> core 2 - OK[0m[1;34m
[0m[1;34m	threadid 140207503783680 -> core 3 - OK[0m[1;34m
[0m[1;34m	threadid 140207495390976 -> core 4 - OK[0m[1;34m
[0m[1;34m	threadid 140207486998272 -> core 5 - OK[0m[1;34m
[0miterations: 200
Total iterations: 1790412800 LUP
FLOP: 89
Total work: 159346739200 FLOP
performance: 0.148699 GLUP/s
Performance in GFLOP/s: 13.234235
size: 9000000
time: 12.040495
[1;34m[pthread wrapper] 
[0m[1;34m[pthread wrapper] MAIN -> 0
[0m[1;34m[pthread wrapper] PIN_MASK: [0m[1;34m0->1  [0m[1;34m1->2  [0m[1;34m2->3  [0m[1;34m3->4  [0m[1;34m4->5  [0m[1;34m
[pthread wrapper] SKIP MASK: 0x0
[0m[1;34m	threadid 140691914323712 -> core 1 - OK[0m[1;34m
[0m[1;34m	threadid 140691905931008 -> core 2 - OK[0m[1;34m
[0m[1;34m	threadid 140691897538304 -> core 3 - OK[0m[1;34m
[0m[1;34m	threadid 140691889145600 -> core 4 - OK[0m[1;34m
[0m[1;34m	threadid 140691880752896 -> core 5 - OK[0m[1;34m
[0miterations: 200
Total iterations: 1790412800 LUP
FLOP: 89
Total work: 159346739200 FLOP
performance: 0.149058 GLUP/s
Performance in GFLOP/s: 13.266202
size: 9000000
time: 12.011481
[1;34m[pthread wrapper] 
[0m[1;34m[pthread wrapper] MAIN -> 0
[0m[1;34m[pthread wrapper] PIN_MASK: [0m[1;34m0->1  [0m[1;34m1->2  [0m[1;34m2->3  [0m[1;34m3->4  [0m[1;34m4->5  [0m[1;34m
[pthread wrapper] SKIP MASK: 0x0
[0m[1;34m	threadid 140071887857408 -> core 1 - OK[0m[1;34m
[0m[1;34m	threadid 140071879464704 -> core 2 - OK[0m[1;34m
[0m[1;34m	threadid 140071871072000 -> core 3 - OK[0m[1;34m
[0m[1;34m	threadid 140071862679296 -> core 4 - OK[0m[1;34m
[0m[1;34m	threadid 140071854286592 -> core 5 - OK[0m[1;34m
[0miterations: 200
Total iterations: 1790412800 LUP
FLOP: 89
Total work: 159346739200 FLOP
performance: 0.149074 GLUP/s
Performance in GFLOP/s: 13.267626
size: 9000000
time: 12.010192
[1;34m[pthread wrapper] 
[0m[1;34m[pthread wrapper] MAIN -> 0
[0m[1;34m[pthread wrapper] PIN_MASK: [0m[1;34m0->1  [0m[1;34m1->2  [0m[1;34m2->3  [0m[1;34m3->4  [0m[1;34m4->5  [0m[1;34m
[pthread wrapper] SKIP MASK: 0x0
[0m[1;34m	threadid 140085732071168 -> core 1 - OK[0m[1;34m
[0m[1;34m	threadid 140085723678464 -> core 2 - OK[0m[1;34m
[0m[1;34m	threadid 140085715285760 -> core 3 - OK[0m[1;34m
[0m[1;34m	threadid 140085706893056 -> core 4 - OK[0m[1;34m
[0m[1;34m	threadid 140085698500352 -> core 5 - OK[0m[1;34m
[0miterations: 200
Total iterations: 1790412800 LUP
FLOP: 89
Total work: 159346739200 FLOP
performance: 0.148598 GLUP/s
Performance in GFLOP/s: 13.225216
size: 9000000
time: 12.048706
[1;34m[pthread wrapper] 
[0m[1;34m[pthread wrapper] MAIN -> 0
[0m[1;34m[pthread wrapper] PIN_MASK: [0m[1;34m0->1  [0m[1;34m1->2  [0m[1;34m2->3  [0m[1;34m3->4  [0m[1;34m4->5  [0m[1;34m
[pthread wrapper] SKIP MASK: 0x0
[0m[1;34m	threadid 140203584919296 -> core 1 - OK[0m[1;34m
[0m[1;34m	threadid 140203576526592 -> core 2 - OK[0m[1;34m
[0m[1;34m	threadid 140203568133888 -> core 3 - OK[0m[1;34m
[0m[1;34m	threadid 140203559741184 -> core 4 - OK[0m[1;34m
[0m[1;34m	threadid 140203551348480 -> core 5 - OK[0m[1;34m
[0miterations: 200
Total iterations: 1790412800 LUP
FLOP: 89
Total work: 159346739200 FLOP
performance: 0.148503 GLUP/s
Performance in GFLOP/s: 13.216739
size: 9000000
time: 12.056434
[1;34m[pthread wrapper] 
[0m[1;34m[pthread wrapper] MAIN -> 0
[0m[1;34m[pthread wrapper] PIN_MASK: [0m[1;34m0->1  [0m[1;34m1->2  [0m[1;34m2->3  [0m[1;34m3->4  [0m[1;34m4->5  [0m[1;34m
[pthread wrapper] SKIP MASK: 0x0
[0m[1;34m	threadid 140129736103680 -> core 1 - OK[0m[1;34m
[0m[1;34m	threadid 140129727710976 -> core 2 - OK[0m[1;34m
[0m[1;34m	threadid 140129719318272 -> core 3 - OK[0m[1;34m
[0m[1;34m	threadid 140129710925568 -> core 4 - OK[0m[1;34m
[0m[1;34m	threadid 140129702532864 -> core 5 - OK[0m[1;34m
[0miterations: 200
Total iterations: 1790412800 LUP
FLOP: 89
Total work: 159346739200 FLOP
performance: 0.149168 GLUP/s
Performance in GFLOP/s: 13.275929
size: 9000000
time: 12.002681
[1;34m[pthread wrapper] 
[0m[1;34m[pthread wrapper] MAIN -> 0
[0m[1;34m[pthread wrapper] PIN_MASK: [0m[1;34m0->1  [0m[1;34m1->2  [0m[1;34m2->3  [0m[1;34m3->4  [0m[1;34m4->5  [0m[1;34m
[pthread wrapper] SKIP MASK: 0x0
[0m[1;34m	threadid 140172393387776 -> core 1 - OK[0m[1;34m
[0m[1;34m	threadid 140172384995072 -> core 2 - OK[0m[1;34m
[0m[1;34m	threadid 140172376602368 -> core 3 - OK[0m[1;34m
[0m[1;34m	threadid 140172368209664 -> core 4 - OK[0m[1;34m
[0m[1;34m	threadid 140172359816960 -> core 5 - OK[0m[1;34m
[0miterations: 200
Total iterations: 1790412800 LUP
FLOP: 89
Total work: 159346739200 FLOP
performance: 0.149174 GLUP/s
Performance in GFLOP/s: 13.276529
size: 9000000
time: 12.002138
