[1;34m[pthread wrapper] 
[0m[1;34m[pthread wrapper] MAIN -> 0
[0m[1;34m[pthread wrapper] PIN_MASK: [0m[1;34m0->1  [0m[1;34m1->2  [0m[1;34m2->3  [0m[1;34m3->4  [0m[1;34m4->5  [0m[1;34m5->6  [0m[1;34m6->7  [0m[1;34m7->10  [0m[1;34m8->11  [0m[1;34m9->12  [0m[1;34m10->13  [0m[1;34m11->14  [0m[1;34m12->15  [0m[1;34m13->16  [0m[1;34m14->17  [0m[1;34m
[pthread wrapper] SKIP MASK: 0x0
[0m[1;34m	threadid 140172331116288 -> core 1 - OK[0m[1;34m
[0m[1;34m	threadid 140172322723584 -> core 2 - OK[0m[1;34m
[0m[1;34m	threadid 140172314330880 -> core 3 - OK[0m[1;34m
[0m[1;34m	threadid 140172305938176 -> core 4 - OK[0m[1;34m
[0m[1;34m	threadid 140172297545472 -> core 5 - OK[0m[1;34m
[0m[1;34m	threadid 140172289152768 -> core 6 - OK[0m[1;34m
[0m[1;34m	threadid 140172280760064 -> core 7 - OK[0m[1;34m
[0m[1;34m	threadid 140172272367360 -> core 10 - OK[0m[1;34m
[0m[1;34m	threadid 140172263974656 -> core 11 - OK[0m[1;34m
[0m[1;34m	threadid 140172255581952 -> core 12 - OK[0m[1;34m
[0m[1;34m	threadid 140172247189248 -> core 13 - OK[0m[1;34m
[0m[1;34m	threadid 140172238796544 -> core 14 - OK[0m[1;34m
[0m[1;34m	threadid 140172230403840 -> core 15 - OK[0m[1;34m
[0m[1;34m	threadid 140172222011136 -> core 16 - OK[0m[1;34m
[0m[1;34m	threadid 140172213618432 -> core 17 - OK[0m[1;34m
[0miterations: 200
Total iterations: 48412800 LUP
FLOP: 89
Total work: 4308739200 FLOP
performance: 0.390883 GLUP/s
Performance in GFLOP/s: 34.788612
size: 250000
time: 0.123855
[1;34m[pthread wrapper] 
[0m[1;34m[pthread wrapper] MAIN -> 0
[0m[1;34m[pthread wrapper] PIN_MASK: [0m[1;34m0->1  [0m[1;34m1->2  [0m[1;34m2->3  [0m[1;34m3->4  [0m[1;34m4->5  [0m[1;34m5->6  [0m[1;34m6->7  [0m[1;34m7->10  [0m[1;34m8->11  [0m[1;34m9->12  [0m[1;34m10->13  [0m[1;34m11->14  [0m[1;34m12->15  [0m[1;34m13->16  [0m[1;34m14->17  [0m[1;34m
[pthread wrapper] SKIP MASK: 0x0
[0m[1;34m	threadid 140653187725056 -> core 1 - OK[0m[1;34m
[0m[1;34m	threadid 140653179332352 -> core 2 - OK[0m[1;34m
[0m[1;34m	threadid 140653170939648 -> core 3 - OK[0m[1;34m
[0m[1;34m	threadid 140653162546944 -> core 4 - OK[0m[1;34m
[0m[1;34m	threadid 140653154154240 -> core 5 - OK[0m[1;34m
[0m[1;34m	threadid 140653145761536 -> core 6 - OK[0m[1;34m
[0m[1;34m	threadid 140653137368832 -> core 7 - OK[0m[1;34m
[0m[1;34m	threadid 140653128976128 -> core 10 - OK[0m[1;34m
[0m[1;34m	threadid 140653120583424 -> core 11 - OK[0m[1;34m
[0m[1;34m	threadid 140653112190720 -> core 12 - OK[0m[1;34m
[0m[1;34m	threadid 140653103798016 -> core 13 - OK[0m[1;34m
[0m[1;34m	threadid 140653095405312 -> core 14 - OK[0m[1;34m
[0m[1;34m	threadid 140653087012608 -> core 15 - OK[0m[1;34m
[0m[1;34m	threadid 140653078619904 -> core 16 - OK[0m[1;34m
[0m[1;34m	threadid 140653070227200 -> core 17 - OK[0m[1;34m
[0miterations: 200
Total iterations: 48412800 LUP
FLOP: 89
Total work: 4308739200 FLOP
performance: 0.389844 GLUP/s
Performance in GFLOP/s: 34.696109
size: 250000
time: 0.124185
[1;34m[pthread wrapper] 
[0m[1;34m[pthread wrapper] MAIN -> 0
[0m[1;34m[pthread wrapper] PIN_MASK: [0m[1;34m0->1  [0m[1;34m1->2  [0m[1;34m2->3  [0m[1;34m3->4  [0m[1;34m4->5  [0m[1;34m5->6  [0m[1;34m6->7  [0m[1;34m7->10  [0m[1;34m8->11  [0m[1;34m9->12  [0m[1;34m10->13  [0m[1;34m11->14  [0m[1;34m12->15  [0m[1;34m13->16  [0m[1;34m14->17  [0m[1;34m
[pthread wrapper] SKIP MASK: 0x0
[0m[1;34m	threadid 139770141284096 -> core 1 - OK[0m[1;34m
[0m[1;34m	threadid 139770132891392 -> core 2 - OK[0m[1;34m
[0m[1;34m	threadid 139770124498688 -> core 3 - OK[0m[1;34m
[0m[1;34m	threadid 139770116105984 -> core 4 - OK[0m[1;34m
[0m[1;34m	threadid 139770107713280 -> core 5 - OK[0m[1;34m
[0m[1;34m	threadid 139770099320576 -> core 6 - OK[0m[1;34m
[0m[1;34m	threadid 139770090927872 -> core 7 - OK[0m[1;34m
[0m[1;34m	threadid 139770082535168 -> core 10 - OK[0m[1;34m
[0m[1;34m	threadid 139770074142464 -> core 11 - OK[0m[1;34m
[0m[1;34m	threadid 139770065749760 -> core 12 - OK[0m[1;34m
[0m[1;34m	threadid 139770057357056 -> core 13 - OK[0m[1;34m
[0m[1;34m	threadid 139770048964352 -> core 14 - OK[0m[1;34m
[0m[1;34m	threadid 139770040571648 -> core 15 - OK[0m[1;34m
[0m[1;34m	threadid 139770032178944 -> core 16 - OK[0m[1;34m
[0m[1;34m	threadid 139770023786240 -> core 17 - OK[0m[1;34m
[0miterations: 200
Total iterations: 48412800 LUP
FLOP: 89
Total work: 4308739200 FLOP
performance: 0.390804 GLUP/s
Performance in GFLOP/s: 34.781515
size: 250000
time: 0.123880
[1;34m[pthread wrapper] 
[0m[1;34m[pthread wrapper] MAIN -> 0
[0m[1;34m[pthread wrapper] PIN_MASK: [0m[1;34m0->1  [0m[1;34m1->2  [0m[1;34m2->3  [0m[1;34m3->4  [0m[1;34m4->5  [0m[1;34m5->6  [0m[1;34m6->7  [0m[1;34m7->10  [0m[1;34m8->11  [0m[1;34m9->12  [0m[1;34m10->13  [0m[1;34m11->14  [0m[1;34m12->15  [0m[1;34m13->16  [0m[1;34m14->17  [0m[1;34m
[pthread wrapper] SKIP MASK: 0x0
[0m[1;34m	threadid 139924345632512 -> core 1 - OK[0m[1;34m
[0m[1;34m	threadid 139924337239808 -> core 2 - OK[0m[1;34m
[0m[1;34m	threadid 139924328847104 -> core 3 - OK[0m[1;34m
[0m[1;34m	threadid 139924320454400 -> core 4 - OK[0m[1;34m
[0m[1;34m	threadid 139924312061696 -> core 5 - OK[0m[1;34m
[0m[1;34m	threadid 139924303668992 -> core 6 - OK[0m[1;34m
[0m[1;34m	threadid 139924295276288 -> core 7 - OK[0m[1;34m
[0m[1;34m	threadid 139924286883584 -> core 10 - OK[0m[1;34m
[0m[1;34m	threadid 139924278490880 -> core 11 - OK[0m[1;34m
[0m[1;34m	threadid 139924270098176 -> core 12 - OK[0m[1;34m
[0m[1;34m	threadid 139924261705472 -> core 13 - OK[0m[1;34m
[0m[1;34m	threadid 139924253312768 -> core 14 - OK[0m[1;34m
[0m[1;34m	threadid 139924244920064 -> core 15 - OK[0m[1;34m
[0m[1;34m	threadid 139924236527360 -> core 16 - OK[0m[1;34m
[0m[1;34m	threadid 139924228134656 -> core 17 - OK[0m[1;34m
[0miterations: 200
Total iterations: 48412800 LUP
FLOP: 89
Total work: 4308739200 FLOP
performance: 0.390520 GLUP/s
Performance in GFLOP/s: 34.756297
size: 250000
time: 0.123970
[1;34m[pthread wrapper] 
[0m[1;34m[pthread wrapper] MAIN -> 0
[0m[1;34m[pthread wrapper] PIN_MASK: [0m[1;34m0->1  [0m[1;34m1->2  [0m[1;34m2->3  [0m[1;34m3->4  [0m[1;34m4->5  [0m[1;34m5->6  [0m[1;34m6->7  [0m[1;34m7->10  [0m[1;34m8->11  [0m[1;34m9->12  [0m[1;34m10->13  [0m[1;34m11->14  [0m[1;34m12->15  [0m[1;34m13->16  [0m[1;34m14->17  [0m[1;34m
[pthread wrapper] SKIP MASK: 0x0
[0m[1;34m	threadid 140488552544000 -> core 1 - OK[0m[1;34m
[0m[1;34m	threadid 140488544151296 -> core 2 - OK[0m[1;34m
[0m[1;34m	threadid 140488535758592 -> core 3 - OK[0m[1;34m
[0m[1;34m	threadid 140488527365888 -> core 4 - OK[0m[1;34m
[0m[1;34m	threadid 140488518973184 -> core 5 - OK[0m[1;34m
[0m[1;34m	threadid 140488510580480 -> core 6 - OK[0m[1;34m
[0m[1;34m	threadid 140488502187776 -> core 7 - OK[0m[1;34m
[0m[1;34m	threadid 140488493795072 -> core 10 - OK[0m[1;34m
[0m[1;34m	threadid 140488485402368 -> core 11 - OK[0m[1;34m
[0m[1;34m	threadid 140488477009664 -> core 12 - OK[0m[1;34m
[0m[1;34m	threadid 140488468616960 -> core 13 - OK[0m[1;34m
[0m[1;34m	threadid 140488460224256 -> core 14 - OK[0m[1;34m
[0m[1;34m	threadid 140488451831552 -> core 15 - OK[0m[1;34m
[0m[1;34m	threadid 140488443438848 -> core 16 - OK[0m[1;34m
[0m[1;34m	threadid 140488435046144 -> core 17 - OK[0m[1;34m
[0miterations: 200
Total iterations: 48412800 LUP
FLOP: 89
Total work: 4308739200 FLOP
performance: 0.390687 GLUP/s
Performance in GFLOP/s: 34.771142
size: 250000
time: 0.123917
[1;34m[pthread wrapper] 
[0m[1;34m[pthread wrapper] MAIN -> 0
[0m[1;34m[pthread wrapper] PIN_MASK: [0m[1;34m0->1  [0m[1;34m1->2  [0m[1;34m2->3  [0m[1;34m3->4  [0m[1;34m4->5  [0m[1;34m5->6  [0m[1;34m6->7  [0m[1;34m7->10  [0m[1;34m8->11  [0m[1;34m9->12  [0m[1;34m10->13  [0m[1;34m11->14  [0m[1;34m12->15  [0m[1;34m13->16  [0m[1;34m14->17  [0m[1;34m
[pthread wrapper] SKIP MASK: 0x0
[0m[1;34m	threadid 139715983795968 -> core 1 - OK[0m[1;34m
[0m[1;34m	threadid 139715975403264 -> core 2 - OK[0m[1;34m
[0m[1;34m	threadid 139715967010560 -> core 3 - OK[0m[1;34m
[0m[1;34m	threadid 139715958617856 -> core 4 - OK[0m[1;34m
[0m[1;34m	threadid 139715950225152 -> core 5 - OK[0m[1;34m
[0m[1;34m	threadid 139715941832448 -> core 6 - OK[0m[1;34m
[0m[1;34m	threadid 139715933439744 -> core 7 - OK[0m[1;34m
[0m[1;34m	threadid 139715925047040 -> core 10 - OK[0m[1;34m
[0m[1;34m	threadid 139715916654336 -> core 11 - OK[0m[1;34m
[0m[1;34m	threadid 139715908261632 -> core 12 - OK[0m[1;34m
[0m[1;34m	threadid 139715899868928 -> core 13 - OK[0m[1;34m
[0m[1;34m	threadid 139715891476224 -> core 14 - OK[0m[1;34m
[0m[1;34m	threadid 139715883083520 -> core 15 - OK[0m[1;34m
[0m[1;34m	threadid 139715874690816 -> core 16 - OK[0m[1;34m
[0m[1;34m	threadid 139715866298112 -> core 17 - OK[0m[1;34m
[0miterations: 200
Total iterations: 48412800 LUP
FLOP: 89
Total work: 4308739200 FLOP
performance: 0.390687 GLUP/s
Performance in GFLOP/s: 34.771142
size: 250000
time: 0.123917
[1;34m[pthread wrapper] 
[0m[1;34m[pthread wrapper] MAIN -> 0
[0m[1;34m[pthread wrapper] PIN_MASK: [0m[1;34m0->1  [0m[1;34m1->2  [0m[1;34m2->3  [0m[1;34m3->4  [0m[1;34m4->5  [0m[1;34m5->6  [0m[1;34m6->7  [0m[1;34m7->10  [0m[1;34m8->11  [0m[1;34m9->12  [0m[1;34m10->13  [0m[1;34m11->14  [0m[1;34m12->15  [0m[1;34m13->16  [0m[1;34m14->17  [0m[1;34m
[pthread wrapper] SKIP MASK: 0x0
[0m[1;34m	threadid 140349179086592 -> core 1 - OK[0m[1;34m
[0m[1;34m	threadid 140349170693888 -> core 2 - OK[0m[1;34m
[0m[1;34m	threadid 140349162301184 -> core 3 - OK[0m[1;34m
[0m[1;34m	threadid 140349153908480 -> core 4 - OK[0m[1;34m
[0m[1;34m	threadid 140349145515776 -> core 5 - OK[0m[1;34m
[0m[1;34m	threadid 140349137123072 -> core 6 - OK[0m[1;34m
[0m[1;34m	threadid 140349128730368 -> core 7 - OK[0m[1;34m
[0m[1;34m	threadid 140349120337664 -> core 10 - OK[0m[1;34m
[0m[1;34m	threadid 140349111944960 -> core 11 - OK[0m[1;34m
[0m[1;34m	threadid 140349103552256 -> core 12 - OK[0m[1;34m
[0m[1;34m	threadid 140349095159552 -> core 13 - OK[0m[1;34m
[0m[1;34m	threadid 140349086766848 -> core 14 - OK[0m[1;34m
[0m[1;34m	threadid 140349078374144 -> core 15 - OK[0m[1;34m
[0m[1;34m	threadid 140349069981440 -> core 16 - OK[0m[1;34m
[0m[1;34m	threadid 140349061588736 -> core 17 - OK[0m[1;34m
[0miterations: 200
Total iterations: 48412800 LUP
FLOP: 89
Total work: 4308739200 FLOP
performance: 0.390719 GLUP/s
Performance in GFLOP/s: 34.774019
size: 250000
time: 0.123907
[1;34m[pthread wrapper] 
[0m[1;34m[pthread wrapper] MAIN -> 0
[0m[1;34m[pthread wrapper] PIN_MASK: [0m[1;34m0->1  [0m[1;34m1->2  [0m[1;34m2->3  [0m[1;34m3->4  [0m[1;34m4->5  [0m[1;34m5->6  [0m[1;34m6->7  [0m[1;34m7->10  [0m[1;34m8->11  [0m[1;34m9->12  [0m[1;34m10->13  [0m[1;34m11->14  [0m[1;34m12->15  [0m[1;34m13->16  [0m[1;34m14->17  [0m[1;34m
[pthread wrapper] SKIP MASK: 0x0
[0m[1;34m	threadid 139915387991808 -> core 1 - OK[0m[1;34m
[0m[1;34m	threadid 139915379599104 -> core 2 - OK[0m[1;34m
[0m[1;34m	threadid 139915371206400 -> core 3 - OK[0m[1;34m
[0m[1;34m	threadid 139915362813696 -> core 4 - OK[0m[1;34m
[0m[1;34m	threadid 139915354420992 -> core 5 - OK[0m[1;34m
[0m[1;34m	threadid 139915346028288 -> core 6 - OK[0m[1;34m
[0m[1;34m	threadid 139915337635584 -> core 7 - OK[0m[1;34m
[0m[1;34m	threadid 139915329242880 -> core 10 - OK[0m[1;34m
[0m[1;34m	threadid 139915320850176 -> core 11 - OK[0m[1;34m
[0m[1;34m	threadid 139915312457472 -> core 12 - OK[0m[1;34m
[0m[1;34m	threadid 139915304064768 -> core 13 - OK[0m[1;34m
[0m[1;34m	threadid 139915295672064 -> core 14 - OK[0m[1;34m
[0m[1;34m	threadid 139915287279360 -> core 15 - OK[0m[1;34m
[0m[1;34m	threadid 139915278886656 -> core 16 - OK[0m[1;34m
[0m[1;34m	threadid 139915270493952 -> core 17 - OK[0m[1;34m
[0miterations: 200
Total iterations: 48412800 LUP
FLOP: 89
Total work: 4308739200 FLOP
performance: 0.390873 GLUP/s
Performance in GFLOP/s: 34.787741
size: 250000
time: 0.123858
[1;34m[pthread wrapper] 
[0m[1;34m[pthread wrapper] MAIN -> 0
[0m[1;34m[pthread wrapper] PIN_MASK: [0m[1;34m0->1  [0m[1;34m1->2  [0m[1;34m2->3  [0m[1;34m3->4  [0m[1;34m4->5  [0m[1;34m5->6  [0m[1;34m6->7  [0m[1;34m7->10  [0m[1;34m8->11  [0m[1;34m9->12  [0m[1;34m10->13  [0m[1;34m11->14  [0m[1;34m12->15  [0m[1;34m13->16  [0m[1;34m14->17  [0m[1;34m
[pthread wrapper] SKIP MASK: 0x0
[0m[1;34m	threadid 139725153142528 -> core 1 - OK[0m[1;34m
[0m[1;34m	threadid 139725144749824 -> core 2 - OK[0m[1;34m
[0m[1;34m	threadid 139725136357120 -> core 3 - OK[0m[1;34m
[0m[1;34m	threadid 139725127964416 -> core 4 - OK[0m[1;34m
[0m[1;34m	threadid 139725119571712 -> core 5 - OK[0m[1;34m
[0m[1;34m	threadid 139725111179008 -> core 6 - OK[0m[1;34m
[0m[1;34m	threadid 139725102786304 -> core 7 - OK[0m[1;34m
[0m[1;34m	threadid 139725094393600 -> core 10 - OK[0m[1;34m
[0m[1;34m	threadid 139725086000896 -> core 11 - OK[0m[1;34m
[0m[1;34m	threadid 139725077608192 -> core 12 - OK[0m[1;34m
[0m[1;34m	threadid 139725069215488 -> core 13 - OK[0m[1;34m
[0m[1;34m	threadid 139725060822784 -> core 14 - OK[0m[1;34m
[0m[1;34m	threadid 139725052430080 -> core 15 - OK[0m[1;34m
[0m[1;34m	threadid 139725044037376 -> core 16 - OK[0m[1;34m
[0m[1;34m	threadid 139725035644672 -> core 17 - OK[0m[1;34m
[0miterations: 200
Total iterations: 48412800 LUP
FLOP: 89
Total work: 4308739200 FLOP
performance: 0.390703 GLUP/s
Performance in GFLOP/s: 34.772547
size: 250000
time: 0.123912
[1;34m[pthread wrapper] 
[0m[1;34m[pthread wrapper] MAIN -> 0
[0m[1;34m[pthread wrapper] PIN_MASK: [0m[1;34m0->1  [0m[1;34m1->2  [0m[1;34m2->3  [0m[1;34m3->4  [0m[1;34m4->5  [0m[1;34m5->6  [0m[1;34m6->7  [0m[1;34m7->10  [0m[1;34m8->11  [0m[1;34m9->12  [0m[1;34m10->13  [0m[1;34m11->14  [0m[1;34m12->15  [0m[1;34m13->16  [0m[1;34m14->17  [0m[1;34m
[pthread wrapper] SKIP MASK: 0x0
[0m[1;34m	threadid 140701947688704 -> core 1 - OK[0m[1;34m
[0m[1;34m	threadid 140701939296000 -> core 2 - OK[0m[1;34m
[0m[1;34m	threadid 140701930903296 -> core 3 - OK[0m[1;34m
[0m[1;34m	threadid 140701922510592 -> core 4 - OK[0m[1;34m
[0m[1;34m	threadid 140701914117888 -> core 5 - OK[0m[1;34m
[0m[1;34m	threadid 140701905725184 -> core 6 - OK[0m[1;34m
[0m[1;34m	threadid 140701897332480 -> core 7 - OK[0m[1;34m
[0m[1;34m	threadid 140701888939776 -> core 10 - OK[0m[1;34m
[0m[1;34m	threadid 140701880547072 -> core 11 - OK[0m[1;34m
[0m[1;34m	threadid 140701872154368 -> core 12 - OK[0m[1;34m
[0m[1;34m	threadid 140701863761664 -> core 13 - OK[0m[1;34m
[0m[1;34m	threadid 140701855368960 -> core 14 - OK[0m[1;34m
[0m[1;34m	threadid 140701846976256 -> core 15 - OK[0m[1;34m
[0m[1;34m	threadid 140701838583552 -> core 16 - OK[0m[1;34m
[0m[1;34m	threadid 140701830190848 -> core 17 - OK[0m[1;34m
[0miterations: 200
Total iterations: 48412800 LUP
FLOP: 89
Total work: 4308739200 FLOP
performance: 0.390741 GLUP/s
Performance in GFLOP/s: 34.775960
size: 250000
time: 0.123900
