[1;34m[pthread wrapper] 
[0m[1;34m[pthread wrapper] MAIN -> 0
[0m[1;34m[pthread wrapper] PIN_MASK: [0m[1;34m0->1  [0m[1;34m1->2  [0m[1;34m2->3  [0m[1;34m3->4  [0m[1;34m4->5  [0m[1;34m5->6  [0m[1;34m6->7  [0m[1;34m7->8  [0m[1;34m8->9  [0m[1;34m
[pthread wrapper] SKIP MASK: 0x0
[0m[1;34m	threadid 139898965305088 -> core 1 - OK[0m[1;34m
[0m[1;34m	threadid 139898956912384 -> core 2 - OK[0m[1;34m
[0m[1;34m	threadid 139898948519680 -> core 3 - OK[0m[1;34m
[0m[1;34m	threadid 139898940126976 -> core 4 - OK[0m[1;34m
[0m[1;34m	threadid 139898931734272 -> core 5 - OK[0m[1;34m
[0m[1;34m	threadid 139898923341568 -> core 6 - OK[0m[1;34m
[0m[1;34m	threadid 139898914948864 -> core 7 - OK[0m[1;34m
[0m[1;34m	threadid 139898906556160 -> core 8 - OK[0m[1;34m
[0m[1;34m	threadid 139898898163456 -> core 9 - OK[0m[1;34m
[0miterations: 200
Total iterations: 1790412800 LUP
FLOP: 89
Total work: 159346739200 FLOP
performance: 0.248952 GLUP/s
Performance in GFLOP/s: 22.156741
size: 9000000
time: 7.191795
[1;34m[pthread wrapper] 
[0m[1;34m[pthread wrapper] MAIN -> 0
[0m[1;34m[pthread wrapper] PIN_MASK: [0m[1;34m0->1  [0m[1;34m1->2  [0m[1;34m2->3  [0m[1;34m3->4  [0m[1;34m4->5  [0m[1;34m5->6  [0m[1;34m6->7  [0m[1;34m7->8  [0m[1;34m8->9  [0m[1;34m
[pthread wrapper] SKIP MASK: 0x0
[0m[1;34m	threadid 139782641833728 -> core 1 - OK[0m[1;34m
[0m[1;34m	threadid 139782633441024 -> core 2 - OK[0m[1;34m
[0m[1;34m	threadid 139782625048320 -> core 3 - OK[0m[1;34m
[0m[1;34m	threadid 139782616655616 -> core 4 - OK[0m[1;34m
[0m[1;34m	threadid 139782608262912 -> core 5 - OK[0m[1;34m
[0m[1;34m	threadid 139782599870208 -> core 6 - OK[0m[1;34m
[0m[1;34m	threadid 139782591477504 -> core 7 - OK[0m[1;34m
[0m[1;34m	threadid 139782583084800 -> core 8 - OK[0m[1;34m
[0m[1;34m	threadid 139782574692096 -> core 9 - OK[0m[1;34m
[0miterations: 200
Total iterations: 1790412800 LUP
FLOP: 89
Total work: 159346739200 FLOP
performance: 0.250744 GLUP/s
Performance in GFLOP/s: 22.316214
size: 9000000
time: 7.140402
[1;34m[pthread wrapper] 
[0m[1;34m[pthread wrapper] MAIN -> 0
[0m[1;34m[pthread wrapper] PIN_MASK: [0m[1;34m0->1  [0m[1;34m1->2  [0m[1;34m2->3  [0m[1;34m3->4  [0m[1;34m4->5  [0m[1;34m5->6  [0m[1;34m6->7  [0m[1;34m7->8  [0m[1;34m8->9  [0m[1;34m
[pthread wrapper] SKIP MASK: 0x0
[0m[1;34m	threadid 140700141401856 -> core 1 - OK[0m[1;34m
[0m[1;34m	threadid 140700133009152 -> core 2 - OK[0m[1;34m
[0m[1;34m	threadid 140700124616448 -> core 3 - OK[0m[1;34m
[0m[1;34m	threadid 140700116223744 -> core 4 - OK[0m[1;34m
[0m[1;34m	threadid 140700107831040 -> core 5 - OK[0m[1;34m
[0m[1;34m	threadid 140700099438336 -> core 6 - OK[0m[1;34m
[0m[1;34m	threadid 140700091045632 -> core 7 - OK[0m[1;34m
[0m[1;34m	threadid 140700082652928 -> core 8 - OK[0m[1;34m
[0m[1;34m	threadid 140700074260224 -> core 9 - OK[0m[1;34m
[0miterations: 200
Total iterations: 1790412800 LUP
FLOP: 89
Total work: 159346739200 FLOP
performance: 0.250359 GLUP/s
Performance in GFLOP/s: 22.281951
size: 9000000
time: 7.151382
[1;34m[pthread wrapper] 
[0m[1;34m[pthread wrapper] MAIN -> 0
[0m[1;34m[pthread wrapper] PIN_MASK: [0m[1;34m0->1  [0m[1;34m1->2  [0m[1;34m2->3  [0m[1;34m3->4  [0m[1;34m4->5  [0m[1;34m5->6  [0m[1;34m6->7  [0m[1;34m7->8  [0m[1;34m8->9  [0m[1;34m
[pthread wrapper] SKIP MASK: 0x0
[0m[1;34m	threadid 140455332939520 -> core 1 - OK[0m[1;34m
[0m[1;34m	threadid 140455324546816 -> core 2 - OK[0m[1;34m
[0m[1;34m	threadid 140455316154112 -> core 3 - OK[0m[1;34m
[0m[1;34m	threadid 140455307761408 -> core 4 - OK[0m[1;34m
[0m[1;34m	threadid 140455299368704 -> core 5 - OK[0m[1;34m
[0m[1;34m	threadid 140455290976000 -> core 6 - OK[0m[1;34m
[0m[1;34m	threadid 140455282583296 -> core 7 - OK[0m[1;34m
[0m[1;34m	threadid 140455274190592 -> core 8 - OK[0m[1;34m
[0m[1;34m	threadid 140455265797888 -> core 9 - OK[0m[1;34m
[0miterations: 200
Total iterations: 1790412800 LUP
FLOP: 89
Total work: 159346739200 FLOP
performance: 0.250387 GLUP/s
Performance in GFLOP/s: 22.284427
size: 9000000
time: 7.150587
[1;34m[pthread wrapper] 
[0m[1;34m[pthread wrapper] MAIN -> 0
[0m[1;34m[pthread wrapper] PIN_MASK: [0m[1;34m0->1  [0m[1;34m1->2  [0m[1;34m2->3  [0m[1;34m3->4  [0m[1;34m4->5  [0m[1;34m5->6  [0m[1;34m6->7  [0m[1;34m7->8  [0m[1;34m8->9  [0m[1;34m
[pthread wrapper] SKIP MASK: 0x0
[0m[1;34m	threadid 139918806800128 -> core 1 - OK[0m[1;34m
[0m[1;34m	threadid 139918798407424 -> core 2 - OK[0m[1;34m
[0m[1;34m	threadid 139918790014720 -> core 3 - OK[0m[1;34m
[0m[1;34m	threadid 139918781622016 -> core 4 - OK[0m[1;34m
[0m[1;34m	threadid 139918773229312 -> core 5 - OK[0m[1;34m
[0m[1;34m	threadid 139918764836608 -> core 6 - OK[0m[1;34m
[0m[1;34m	threadid 139918756443904 -> core 7 - OK[0m[1;34m
[0m[1;34m	threadid 139918748051200 -> core 8 - OK[0m[1;34m
[0m[1;34m	threadid 139918739658496 -> core 9 - OK[0m[1;34m
[0miterations: 200
Total iterations: 1790412800 LUP
FLOP: 89
Total work: 159346739200 FLOP
performance: 0.249520 GLUP/s
Performance in GFLOP/s: 22.207311
size: 9000000
time: 7.175418
[1;34m[pthread wrapper] 
[0m[1;34m[pthread wrapper] MAIN -> 0
[0m[1;34m[pthread wrapper] PIN_MASK: [0m[1;34m0->1  [0m[1;34m1->2  [0m[1;34m2->3  [0m[1;34m3->4  [0m[1;34m4->5  [0m[1;34m5->6  [0m[1;34m6->7  [0m[1;34m7->8  [0m[1;34m8->9  [0m[1;34m
[pthread wrapper] SKIP MASK: 0x0
[0m[1;34m	threadid 139897235425024 -> core 1 - OK[0m[1;34m
[0m[1;34m	threadid 139897227032320 -> core 2 - OK[0m[1;34m
[0m[1;34m	threadid 139897218639616 -> core 3 - OK[0m[1;34m
[0m[1;34m	threadid 139897210246912 -> core 4 - OK[0m[1;34m
[0m[1;34m	threadid 139897201854208 -> core 5 - OK[0m[1;34m
[0m[1;34m	threadid 139897193461504 -> core 6 - OK[0m[1;34m
[0m[1;34m	threadid 139897185068800 -> core 7 - OK[0m[1;34m
[0m[1;34m	threadid 139897176676096 -> core 8 - OK[0m[1;34m
[0m[1;34m	threadid 139897168283392 -> core 9 - OK[0m[1;34m
[0miterations: 200
Total iterations: 1790412800 LUP
FLOP: 89
Total work: 159346739200 FLOP
performance: 0.248848 GLUP/s
Performance in GFLOP/s: 22.147490
size: 9000000
time: 7.194799
[1;34m[pthread wrapper] 
[0m[1;34m[pthread wrapper] MAIN -> 0
[0m[1;34m[pthread wrapper] PIN_MASK: [0m[1;34m0->1  [0m[1;34m1->2  [0m[1;34m2->3  [0m[1;34m3->4  [0m[1;34m4->5  [0m[1;34m5->6  [0m[1;34m6->7  [0m[1;34m7->8  [0m[1;34m8->9  [0m[1;34m
[pthread wrapper] SKIP MASK: 0x0
[0m[1;34m	threadid 140669953861376 -> core 1 - OK[0m[1;34m
[0m[1;34m	threadid 140669945468672 -> core 2 - OK[0m[1;34m
[0m[1;34m	threadid 140669937075968 -> core 3 - OK[0m[1;34m
[0m[1;34m	threadid 140669928683264 -> core 4 - OK[0m[1;34m
[0m[1;34m	threadid 140669920290560 -> core 5 - OK[0m[1;34m
[0m[1;34m	threadid 140669911897856 -> core 6 - OK[0m[1;34m
[0m[1;34m	threadid 140669903505152 -> core 7 - OK[0m[1;34m
[0m[1;34m	threadid 140669895112448 -> core 8 - OK[0m[1;34m
[0m[1;34m	threadid 140669886719744 -> core 9 - OK[0m[1;34m
[0miterations: 200
Total iterations: 1790412800 LUP
FLOP: 89
Total work: 159346739200 FLOP
performance: 0.250023 GLUP/s
Performance in GFLOP/s: 22.252008
size: 9000000
time: 7.161005
[1;34m[pthread wrapper] 
[0m[1;34m[pthread wrapper] MAIN -> 0
[0m[1;34m[pthread wrapper] PIN_MASK: [0m[1;34m0->1  [0m[1;34m1->2  [0m[1;34m2->3  [0m[1;34m3->4  [0m[1;34m4->5  [0m[1;34m5->6  [0m[1;34m6->7  [0m[1;34m7->8  [0m[1;34m8->9  [0m[1;34m
[pthread wrapper] SKIP MASK: 0x0
[0m[1;34m	threadid 140133523937024 -> core 1 - OK[0m[1;34m
[0m[1;34m	threadid 140133515544320 -> core 2 - OK[0m[1;34m
[0m[1;34m	threadid 140133507151616 -> core 3 - OK[0m[1;34m
[0m[1;34m	threadid 140133498758912 -> core 4 - OK[0m[1;34m
[0m[1;34m	threadid 140133490366208 -> core 5 - OK[0m[1;34m
[0m[1;34m	threadid 140133481973504 -> core 6 - OK[0m[1;34m
[0m[1;34m	threadid 140133473580800 -> core 7 - OK[0m[1;34m
[0m[1;34m	threadid 140133465188096 -> core 8 - OK[0m[1;34m
[0m[1;34m	threadid 140133456795392 -> core 9 - OK[0m[1;34m
[0miterations: 200
Total iterations: 1790412800 LUP
FLOP: 89
Total work: 159346739200 FLOP
performance: 0.250758 GLUP/s
Performance in GFLOP/s: 22.317449
size: 9000000
time: 7.140007
[1;34m[pthread wrapper] 
[0m[1;34m[pthread wrapper] MAIN -> 0
[0m[1;34m[pthread wrapper] PIN_MASK: [0m[1;34m0->1  [0m[1;34m1->2  [0m[1;34m2->3  [0m[1;34m3->4  [0m[1;34m4->5  [0m[1;34m5->6  [0m[1;34m6->7  [0m[1;34m7->8  [0m[1;34m8->9  [0m[1;34m
[pthread wrapper] SKIP MASK: 0x0
[0m[1;34m	threadid 140243541919488 -> core 1 - OK[0m[1;34m
[0m[1;34m	threadid 140243533526784 -> core 2 - OK[0m[1;34m
[0m[1;34m	threadid 140243525134080 -> core 3 - OK[0m[1;34m
[0m[1;34m	threadid 140243516741376 -> core 4 - OK[0m[1;34m
[0m[1;34m	threadid 140243508348672 -> core 5 - OK[0m[1;34m
[0m[1;34m	threadid 140243499955968 -> core 6 - OK[0m[1;34m
[0m[1;34m	threadid 140243491563264 -> core 7 - OK[0m[1;34m
[0m[1;34m	threadid 140243483170560 -> core 8 - OK[0m[1;34m
[0m[1;34m	threadid 140243474777856 -> core 9 - OK[0m[1;34m
[0miterations: 200
Total iterations: 1790412800 LUP
FLOP: 89
Total work: 159346739200 FLOP
performance: 0.250586 GLUP/s
Performance in GFLOP/s: 22.302165
size: 9000000
time: 7.144900
[1;34m[pthread wrapper] 
[0m[1;34m[pthread wrapper] MAIN -> 0
[0m[1;34m[pthread wrapper] PIN_MASK: [0m[1;34m0->1  [0m[1;34m1->2  [0m[1;34m2->3  [0m[1;34m3->4  [0m[1;34m4->5  [0m[1;34m5->6  [0m[1;34m6->7  [0m[1;34m7->8  [0m[1;34m8->9  [0m[1;34m
[pthread wrapper] SKIP MASK: 0x0
[0m[1;34m	threadid 140399406221056 -> core 1 - OK[0m[1;34m
[0m[1;34m	threadid 140399397828352 -> core 2 - OK[0m[1;34m
[0m[1;34m	threadid 140399389435648 -> core 3 - OK[0m[1;34m
[0m[1;34m	threadid 140399381042944 -> core 4 - OK[0m[1;34m
[0m[1;34m	threadid 140399372650240 -> core 5 - OK[0m[1;34m
[0m[1;34m	threadid 140399364257536 -> core 6 - OK[0m[1;34m
[0m[1;34m	threadid 140399355864832 -> core 7 - OK[0m[1;34m
[0m[1;34m	threadid 140399347472128 -> core 8 - OK[0m[1;34m
[0m[1;34m	threadid 140399339079424 -> core 9 - OK[0m[1;34m
[0miterations: 200
Total iterations: 1790412800 LUP
FLOP: 89
Total work: 159346739200 FLOP
performance: 0.250656 GLUP/s
Performance in GFLOP/s: 22.308390
size: 9000000
time: 7.142906
